[2024-10-13T07:28:24.579+0000] {processor.py:186} INFO - Started process (PID=15087) to work on /home/vboxuser/airflow_venv/lib/python3.12/site-packages/airflow/example_dags/plugins/workday.py
[2024-10-13T07:28:24.580+0000] {processor.py:914} INFO - Processing file /home/vboxuser/airflow_venv/lib/python3.12/site-packages/airflow/example_dags/plugins/workday.py for tasks to queue
[2024-10-13T07:28:24.582+0000] {logging_mixin.py:190} INFO - [2024-10-13T07:28:24.581+0000] {dagbag.py:588} INFO - Filling up the DagBag from /home/vboxuser/airflow_venv/lib/python3.12/site-packages/airflow/example_dags/plugins/workday.py
[2024-10-13T07:28:24.584+0000] {logging_mixin.py:190} INFO - [2024-10-13T07:28:24.583+0000] {workday.py:41} WARNING - Could not import pandas. Holidays will not be considered.
[2024-10-13T07:28:24.584+0000] {processor.py:927} WARNING - No viable dags retrieved from /home/vboxuser/airflow_venv/lib/python3.12/site-packages/airflow/example_dags/plugins/workday.py
[2024-10-13T07:28:24.592+0000] {processor.py:208} INFO - Processing /home/vboxuser/airflow_venv/lib/python3.12/site-packages/airflow/example_dags/plugins/workday.py took 0.018 seconds
[2024-10-13T07:30:05.554+0000] {processor.py:186} INFO - Started process (PID=16259) to work on /home/vboxuser/airflow_venv/lib/python3.12/site-packages/airflow/example_dags/plugins/workday.py
[2024-10-13T07:30:05.567+0000] {processor.py:914} INFO - Processing file /home/vboxuser/airflow_venv/lib/python3.12/site-packages/airflow/example_dags/plugins/workday.py for tasks to queue
[2024-10-13T07:30:05.586+0000] {logging_mixin.py:190} INFO - [2024-10-13T07:30:05.585+0000] {dagbag.py:588} INFO - Filling up the DagBag from /home/vboxuser/airflow_venv/lib/python3.12/site-packages/airflow/example_dags/plugins/workday.py
[2024-10-13T07:30:05.600+0000] {logging_mixin.py:190} INFO - [2024-10-13T07:30:05.597+0000] {workday.py:41} WARNING - Could not import pandas. Holidays will not be considered.
[2024-10-13T07:30:05.604+0000] {processor.py:927} WARNING - No viable dags retrieved from /home/vboxuser/airflow_venv/lib/python3.12/site-packages/airflow/example_dags/plugins/workday.py
[2024-10-13T07:30:05.643+0000] {processor.py:208} INFO - Processing /home/vboxuser/airflow_venv/lib/python3.12/site-packages/airflow/example_dags/plugins/workday.py took 0.112 seconds
[2024-10-13T07:31:10.780+0000] {processor.py:186} INFO - Started process (PID=16358) to work on /home/vboxuser/airflow_venv/lib/python3.12/site-packages/airflow/example_dags/plugins/workday.py
[2024-10-13T07:31:10.785+0000] {processor.py:914} INFO - Processing file /home/vboxuser/airflow_venv/lib/python3.12/site-packages/airflow/example_dags/plugins/workday.py for tasks to queue
[2024-10-13T07:31:10.787+0000] {logging_mixin.py:190} INFO - [2024-10-13T07:31:10.787+0000] {dagbag.py:588} INFO - Filling up the DagBag from /home/vboxuser/airflow_venv/lib/python3.12/site-packages/airflow/example_dags/plugins/workday.py
[2024-10-13T07:31:10.790+0000] {logging_mixin.py:190} INFO - [2024-10-13T07:31:10.790+0000] {workday.py:41} WARNING - Could not import pandas. Holidays will not be considered.
[2024-10-13T07:31:10.791+0000] {processor.py:927} WARNING - No viable dags retrieved from /home/vboxuser/airflow_venv/lib/python3.12/site-packages/airflow/example_dags/plugins/workday.py
[2024-10-13T07:31:10.803+0000] {processor.py:208} INFO - Processing /home/vboxuser/airflow_venv/lib/python3.12/site-packages/airflow/example_dags/plugins/workday.py took 0.029 seconds
[2024-10-13T07:32:22.520+0000] {processor.py:186} INFO - Started process (PID=16483) to work on /home/vboxuser/airflow_venv/lib/python3.12/site-packages/airflow/example_dags/plugins/workday.py
[2024-10-13T07:32:22.524+0000] {processor.py:914} INFO - Processing file /home/vboxuser/airflow_venv/lib/python3.12/site-packages/airflow/example_dags/plugins/workday.py for tasks to queue
[2024-10-13T07:32:22.526+0000] {logging_mixin.py:190} INFO - [2024-10-13T07:32:22.525+0000] {dagbag.py:588} INFO - Filling up the DagBag from /home/vboxuser/airflow_venv/lib/python3.12/site-packages/airflow/example_dags/plugins/workday.py
[2024-10-13T07:32:22.528+0000] {logging_mixin.py:190} INFO - [2024-10-13T07:32:22.528+0000] {workday.py:41} WARNING - Could not import pandas. Holidays will not be considered.
[2024-10-13T07:32:22.528+0000] {processor.py:927} WARNING - No viable dags retrieved from /home/vboxuser/airflow_venv/lib/python3.12/site-packages/airflow/example_dags/plugins/workday.py
[2024-10-13T07:32:22.537+0000] {processor.py:208} INFO - Processing /home/vboxuser/airflow_venv/lib/python3.12/site-packages/airflow/example_dags/plugins/workday.py took 0.022 seconds
[2024-10-13T07:33:24.225+0000] {processor.py:186} INFO - Started process (PID=16721) to work on /home/vboxuser/airflow_venv/lib/python3.12/site-packages/airflow/example_dags/plugins/workday.py
[2024-10-13T07:33:24.226+0000] {processor.py:914} INFO - Processing file /home/vboxuser/airflow_venv/lib/python3.12/site-packages/airflow/example_dags/plugins/workday.py for tasks to queue
[2024-10-13T07:33:24.228+0000] {logging_mixin.py:190} INFO - [2024-10-13T07:33:24.227+0000] {dagbag.py:588} INFO - Filling up the DagBag from /home/vboxuser/airflow_venv/lib/python3.12/site-packages/airflow/example_dags/plugins/workday.py
[2024-10-13T07:33:24.230+0000] {logging_mixin.py:190} INFO - [2024-10-13T07:33:24.229+0000] {workday.py:41} WARNING - Could not import pandas. Holidays will not be considered.
[2024-10-13T07:33:24.230+0000] {processor.py:927} WARNING - No viable dags retrieved from /home/vboxuser/airflow_venv/lib/python3.12/site-packages/airflow/example_dags/plugins/workday.py
[2024-10-13T07:33:24.238+0000] {processor.py:208} INFO - Processing /home/vboxuser/airflow_venv/lib/python3.12/site-packages/airflow/example_dags/plugins/workday.py took 0.017 seconds
[2024-10-13T07:34:20.201+0000] {processor.py:186} INFO - Started process (PID=16914) to work on /home/vboxuser/airflow_venv/lib/python3.12/site-packages/airflow/example_dags/plugins/workday.py
[2024-10-13T07:34:20.205+0000] {processor.py:914} INFO - Processing file /home/vboxuser/airflow_venv/lib/python3.12/site-packages/airflow/example_dags/plugins/workday.py for tasks to queue
[2024-10-13T07:34:20.207+0000] {logging_mixin.py:190} INFO - [2024-10-13T07:34:20.206+0000] {dagbag.py:588} INFO - Filling up the DagBag from /home/vboxuser/airflow_venv/lib/python3.12/site-packages/airflow/example_dags/plugins/workday.py
[2024-10-13T07:34:20.210+0000] {logging_mixin.py:190} INFO - [2024-10-13T07:34:20.209+0000] {workday.py:41} WARNING - Could not import pandas. Holidays will not be considered.
[2024-10-13T07:34:20.210+0000] {processor.py:927} WARNING - No viable dags retrieved from /home/vboxuser/airflow_venv/lib/python3.12/site-packages/airflow/example_dags/plugins/workday.py
[2024-10-13T07:34:20.218+0000] {processor.py:208} INFO - Processing /home/vboxuser/airflow_venv/lib/python3.12/site-packages/airflow/example_dags/plugins/workday.py took 0.022 seconds
[2024-10-13T07:35:12.690+0000] {processor.py:186} INFO - Started process (PID=16980) to work on /home/vboxuser/airflow_venv/lib/python3.12/site-packages/airflow/example_dags/plugins/workday.py
[2024-10-13T07:35:12.692+0000] {processor.py:914} INFO - Processing file /home/vboxuser/airflow_venv/lib/python3.12/site-packages/airflow/example_dags/plugins/workday.py for tasks to queue
[2024-10-13T07:35:12.694+0000] {logging_mixin.py:190} INFO - [2024-10-13T07:35:12.693+0000] {dagbag.py:588} INFO - Filling up the DagBag from /home/vboxuser/airflow_venv/lib/python3.12/site-packages/airflow/example_dags/plugins/workday.py
[2024-10-13T07:35:12.696+0000] {logging_mixin.py:190} INFO - [2024-10-13T07:35:12.696+0000] {workday.py:41} WARNING - Could not import pandas. Holidays will not be considered.
[2024-10-13T07:35:12.696+0000] {processor.py:927} WARNING - No viable dags retrieved from /home/vboxuser/airflow_venv/lib/python3.12/site-packages/airflow/example_dags/plugins/workday.py
[2024-10-13T07:35:12.705+0000] {processor.py:208} INFO - Processing /home/vboxuser/airflow_venv/lib/python3.12/site-packages/airflow/example_dags/plugins/workday.py took 0.018 seconds
[2024-10-13T07:36:07.995+0000] {processor.py:186} INFO - Started process (PID=17050) to work on /home/vboxuser/airflow_venv/lib/python3.12/site-packages/airflow/example_dags/plugins/workday.py
[2024-10-13T07:36:07.996+0000] {processor.py:914} INFO - Processing file /home/vboxuser/airflow_venv/lib/python3.12/site-packages/airflow/example_dags/plugins/workday.py for tasks to queue
[2024-10-13T07:36:07.998+0000] {logging_mixin.py:190} INFO - [2024-10-13T07:36:07.998+0000] {dagbag.py:588} INFO - Filling up the DagBag from /home/vboxuser/airflow_venv/lib/python3.12/site-packages/airflow/example_dags/plugins/workday.py
[2024-10-13T07:36:08.000+0000] {logging_mixin.py:190} INFO - [2024-10-13T07:36:08.000+0000] {workday.py:41} WARNING - Could not import pandas. Holidays will not be considered.
[2024-10-13T07:36:08.000+0000] {processor.py:927} WARNING - No viable dags retrieved from /home/vboxuser/airflow_venv/lib/python3.12/site-packages/airflow/example_dags/plugins/workday.py
[2024-10-13T07:36:08.011+0000] {processor.py:208} INFO - Processing /home/vboxuser/airflow_venv/lib/python3.12/site-packages/airflow/example_dags/plugins/workday.py took 0.021 seconds
[2024-10-13T07:37:22.020+0000] {processor.py:186} INFO - Started process (PID=17136) to work on /home/vboxuser/airflow_venv/lib/python3.12/site-packages/airflow/example_dags/plugins/workday.py
[2024-10-13T07:37:22.021+0000] {processor.py:914} INFO - Processing file /home/vboxuser/airflow_venv/lib/python3.12/site-packages/airflow/example_dags/plugins/workday.py for tasks to queue
[2024-10-13T07:37:22.022+0000] {logging_mixin.py:190} INFO - [2024-10-13T07:37:22.022+0000] {dagbag.py:588} INFO - Filling up the DagBag from /home/vboxuser/airflow_venv/lib/python3.12/site-packages/airflow/example_dags/plugins/workday.py
[2024-10-13T07:37:22.024+0000] {logging_mixin.py:190} INFO - [2024-10-13T07:37:22.024+0000] {workday.py:41} WARNING - Could not import pandas. Holidays will not be considered.
[2024-10-13T07:37:22.024+0000] {processor.py:927} WARNING - No viable dags retrieved from /home/vboxuser/airflow_venv/lib/python3.12/site-packages/airflow/example_dags/plugins/workday.py
[2024-10-13T07:37:22.032+0000] {processor.py:208} INFO - Processing /home/vboxuser/airflow_venv/lib/python3.12/site-packages/airflow/example_dags/plugins/workday.py took 0.017 seconds
[2024-10-13T07:38:36.406+0000] {processor.py:186} INFO - Started process (PID=17248) to work on /home/vboxuser/airflow_venv/lib/python3.12/site-packages/airflow/example_dags/plugins/workday.py
[2024-10-13T07:38:36.407+0000] {processor.py:914} INFO - Processing file /home/vboxuser/airflow_venv/lib/python3.12/site-packages/airflow/example_dags/plugins/workday.py for tasks to queue
[2024-10-13T07:38:36.409+0000] {logging_mixin.py:190} INFO - [2024-10-13T07:38:36.409+0000] {dagbag.py:588} INFO - Filling up the DagBag from /home/vboxuser/airflow_venv/lib/python3.12/site-packages/airflow/example_dags/plugins/workday.py
[2024-10-13T07:38:36.415+0000] {logging_mixin.py:190} INFO - [2024-10-13T07:38:36.415+0000] {workday.py:41} WARNING - Could not import pandas. Holidays will not be considered.
[2024-10-13T07:38:36.416+0000] {processor.py:927} WARNING - No viable dags retrieved from /home/vboxuser/airflow_venv/lib/python3.12/site-packages/airflow/example_dags/plugins/workday.py
[2024-10-13T07:38:36.424+0000] {processor.py:208} INFO - Processing /home/vboxuser/airflow_venv/lib/python3.12/site-packages/airflow/example_dags/plugins/workday.py took 0.022 seconds
[2024-10-13T07:39:54.354+0000] {processor.py:186} INFO - Started process (PID=17357) to work on /home/vboxuser/airflow_venv/lib/python3.12/site-packages/airflow/example_dags/plugins/workday.py
[2024-10-13T07:39:54.355+0000] {processor.py:914} INFO - Processing file /home/vboxuser/airflow_venv/lib/python3.12/site-packages/airflow/example_dags/plugins/workday.py for tasks to queue
[2024-10-13T07:39:54.356+0000] {logging_mixin.py:190} INFO - [2024-10-13T07:39:54.356+0000] {dagbag.py:588} INFO - Filling up the DagBag from /home/vboxuser/airflow_venv/lib/python3.12/site-packages/airflow/example_dags/plugins/workday.py
[2024-10-13T07:39:54.358+0000] {logging_mixin.py:190} INFO - [2024-10-13T07:39:54.358+0000] {workday.py:41} WARNING - Could not import pandas. Holidays will not be considered.
[2024-10-13T07:39:54.359+0000] {processor.py:927} WARNING - No viable dags retrieved from /home/vboxuser/airflow_venv/lib/python3.12/site-packages/airflow/example_dags/plugins/workday.py
[2024-10-13T07:39:54.366+0000] {processor.py:208} INFO - Processing /home/vboxuser/airflow_venv/lib/python3.12/site-packages/airflow/example_dags/plugins/workday.py took 0.016 seconds
[2024-10-13T07:41:08.978+0000] {processor.py:186} INFO - Started process (PID=17486) to work on /home/vboxuser/airflow_venv/lib/python3.12/site-packages/airflow/example_dags/plugins/workday.py
[2024-10-13T07:41:08.980+0000] {processor.py:914} INFO - Processing file /home/vboxuser/airflow_venv/lib/python3.12/site-packages/airflow/example_dags/plugins/workday.py for tasks to queue
[2024-10-13T07:41:08.982+0000] {logging_mixin.py:190} INFO - [2024-10-13T07:41:08.981+0000] {dagbag.py:588} INFO - Filling up the DagBag from /home/vboxuser/airflow_venv/lib/python3.12/site-packages/airflow/example_dags/plugins/workday.py
[2024-10-13T07:41:08.985+0000] {logging_mixin.py:190} INFO - [2024-10-13T07:41:08.985+0000] {workday.py:41} WARNING - Could not import pandas. Holidays will not be considered.
[2024-10-13T07:41:08.985+0000] {processor.py:927} WARNING - No viable dags retrieved from /home/vboxuser/airflow_venv/lib/python3.12/site-packages/airflow/example_dags/plugins/workday.py
[2024-10-13T07:41:08.994+0000] {processor.py:208} INFO - Processing /home/vboxuser/airflow_venv/lib/python3.12/site-packages/airflow/example_dags/plugins/workday.py took 0.021 seconds
[2024-10-13T07:42:25.371+0000] {processor.py:186} INFO - Started process (PID=17574) to work on /home/vboxuser/airflow_venv/lib/python3.12/site-packages/airflow/example_dags/plugins/workday.py
[2024-10-13T07:42:25.381+0000] {processor.py:914} INFO - Processing file /home/vboxuser/airflow_venv/lib/python3.12/site-packages/airflow/example_dags/plugins/workday.py for tasks to queue
[2024-10-13T07:42:25.383+0000] {logging_mixin.py:190} INFO - [2024-10-13T07:42:25.382+0000] {dagbag.py:588} INFO - Filling up the DagBag from /home/vboxuser/airflow_venv/lib/python3.12/site-packages/airflow/example_dags/plugins/workday.py
[2024-10-13T07:42:25.389+0000] {logging_mixin.py:190} INFO - [2024-10-13T07:42:25.389+0000] {workday.py:41} WARNING - Could not import pandas. Holidays will not be considered.
[2024-10-13T07:42:25.390+0000] {processor.py:927} WARNING - No viable dags retrieved from /home/vboxuser/airflow_venv/lib/python3.12/site-packages/airflow/example_dags/plugins/workday.py
[2024-10-13T07:42:25.405+0000] {processor.py:208} INFO - Processing /home/vboxuser/airflow_venv/lib/python3.12/site-packages/airflow/example_dags/plugins/workday.py took 0.042 seconds
