[2024-10-12T07:09:34.818+0000] {processor.py:186} INFO - Started process (PID=11341) to work on /home/vboxuser/airflow_venv/lib/python3.12/site-packages/airflow/example_dags/subdags/subdag.py
[2024-10-12T07:09:34.819+0000] {processor.py:914} INFO - Processing file /home/vboxuser/airflow_venv/lib/python3.12/site-packages/airflow/example_dags/subdags/subdag.py for tasks to queue
[2024-10-12T07:09:34.822+0000] {logging_mixin.py:190} INFO - [2024-10-12T07:09:34.822+0000] {dagbag.py:588} INFO - Filling up the DagBag from /home/vboxuser/airflow_venv/lib/python3.12/site-packages/airflow/example_dags/subdags/subdag.py
[2024-10-12T07:09:34.825+0000] {processor.py:927} WARNING - No viable dags retrieved from /home/vboxuser/airflow_venv/lib/python3.12/site-packages/airflow/example_dags/subdags/subdag.py
[2024-10-12T07:09:34.838+0000] {processor.py:208} INFO - Processing /home/vboxuser/airflow_venv/lib/python3.12/site-packages/airflow/example_dags/subdags/subdag.py took 0.028 seconds
[2024-10-12T07:10:46.205+0000] {processor.py:186} INFO - Started process (PID=11412) to work on /home/vboxuser/airflow_venv/lib/python3.12/site-packages/airflow/example_dags/subdags/subdag.py
[2024-10-12T07:10:46.207+0000] {processor.py:914} INFO - Processing file /home/vboxuser/airflow_venv/lib/python3.12/site-packages/airflow/example_dags/subdags/subdag.py for tasks to queue
[2024-10-12T07:10:46.209+0000] {logging_mixin.py:190} INFO - [2024-10-12T07:10:46.209+0000] {dagbag.py:588} INFO - Filling up the DagBag from /home/vboxuser/airflow_venv/lib/python3.12/site-packages/airflow/example_dags/subdags/subdag.py
[2024-10-12T07:10:46.212+0000] {processor.py:927} WARNING - No viable dags retrieved from /home/vboxuser/airflow_venv/lib/python3.12/site-packages/airflow/example_dags/subdags/subdag.py
[2024-10-12T07:10:46.225+0000] {processor.py:208} INFO - Processing /home/vboxuser/airflow_venv/lib/python3.12/site-packages/airflow/example_dags/subdags/subdag.py took 0.029 seconds
[2024-10-12T07:11:50.389+0000] {processor.py:186} INFO - Started process (PID=11470) to work on /home/vboxuser/airflow_venv/lib/python3.12/site-packages/airflow/example_dags/subdags/subdag.py
[2024-10-12T07:11:50.392+0000] {processor.py:914} INFO - Processing file /home/vboxuser/airflow_venv/lib/python3.12/site-packages/airflow/example_dags/subdags/subdag.py for tasks to queue
[2024-10-12T07:11:50.396+0000] {logging_mixin.py:190} INFO - [2024-10-12T07:11:50.395+0000] {dagbag.py:588} INFO - Filling up the DagBag from /home/vboxuser/airflow_venv/lib/python3.12/site-packages/airflow/example_dags/subdags/subdag.py
[2024-10-12T07:11:50.400+0000] {processor.py:927} WARNING - No viable dags retrieved from /home/vboxuser/airflow_venv/lib/python3.12/site-packages/airflow/example_dags/subdags/subdag.py
[2024-10-12T07:11:50.416+0000] {processor.py:208} INFO - Processing /home/vboxuser/airflow_venv/lib/python3.12/site-packages/airflow/example_dags/subdags/subdag.py took 0.035 seconds
[2024-10-12T07:12:51.942+0000] {processor.py:186} INFO - Started process (PID=11527) to work on /home/vboxuser/airflow_venv/lib/python3.12/site-packages/airflow/example_dags/subdags/subdag.py
[2024-10-12T07:12:51.944+0000] {processor.py:914} INFO - Processing file /home/vboxuser/airflow_venv/lib/python3.12/site-packages/airflow/example_dags/subdags/subdag.py for tasks to queue
[2024-10-12T07:12:51.947+0000] {logging_mixin.py:190} INFO - [2024-10-12T07:12:51.946+0000] {dagbag.py:588} INFO - Filling up the DagBag from /home/vboxuser/airflow_venv/lib/python3.12/site-packages/airflow/example_dags/subdags/subdag.py
[2024-10-12T07:12:51.949+0000] {processor.py:927} WARNING - No viable dags retrieved from /home/vboxuser/airflow_venv/lib/python3.12/site-packages/airflow/example_dags/subdags/subdag.py
[2024-10-12T07:12:51.962+0000] {processor.py:208} INFO - Processing /home/vboxuser/airflow_venv/lib/python3.12/site-packages/airflow/example_dags/subdags/subdag.py took 0.029 seconds
[2024-10-12T07:13:56.340+0000] {processor.py:186} INFO - Started process (PID=11668) to work on /home/vboxuser/airflow_venv/lib/python3.12/site-packages/airflow/example_dags/subdags/subdag.py
[2024-10-12T07:13:56.342+0000] {processor.py:914} INFO - Processing file /home/vboxuser/airflow_venv/lib/python3.12/site-packages/airflow/example_dags/subdags/subdag.py for tasks to queue
[2024-10-12T07:13:56.345+0000] {logging_mixin.py:190} INFO - [2024-10-12T07:13:56.345+0000] {dagbag.py:588} INFO - Filling up the DagBag from /home/vboxuser/airflow_venv/lib/python3.12/site-packages/airflow/example_dags/subdags/subdag.py
[2024-10-12T07:13:56.348+0000] {processor.py:927} WARNING - No viable dags retrieved from /home/vboxuser/airflow_venv/lib/python3.12/site-packages/airflow/example_dags/subdags/subdag.py
[2024-10-12T07:13:56.361+0000] {processor.py:208} INFO - Processing /home/vboxuser/airflow_venv/lib/python3.12/site-packages/airflow/example_dags/subdags/subdag.py took 0.029 seconds
[2024-10-12T07:15:05.492+0000] {processor.py:186} INFO - Started process (PID=11741) to work on /home/vboxuser/airflow_venv/lib/python3.12/site-packages/airflow/example_dags/subdags/subdag.py
[2024-10-12T07:15:05.497+0000] {processor.py:914} INFO - Processing file /home/vboxuser/airflow_venv/lib/python3.12/site-packages/airflow/example_dags/subdags/subdag.py for tasks to queue
[2024-10-12T07:15:05.500+0000] {logging_mixin.py:190} INFO - [2024-10-12T07:15:05.499+0000] {dagbag.py:588} INFO - Filling up the DagBag from /home/vboxuser/airflow_venv/lib/python3.12/site-packages/airflow/example_dags/subdags/subdag.py
[2024-10-12T07:15:05.502+0000] {processor.py:927} WARNING - No viable dags retrieved from /home/vboxuser/airflow_venv/lib/python3.12/site-packages/airflow/example_dags/subdags/subdag.py
[2024-10-12T07:15:05.516+0000] {processor.py:208} INFO - Processing /home/vboxuser/airflow_venv/lib/python3.12/site-packages/airflow/example_dags/subdags/subdag.py took 0.033 seconds
[2024-10-12T07:16:19.982+0000] {processor.py:186} INFO - Started process (PID=11805) to work on /home/vboxuser/airflow_venv/lib/python3.12/site-packages/airflow/example_dags/subdags/subdag.py
[2024-10-12T07:16:19.985+0000] {processor.py:914} INFO - Processing file /home/vboxuser/airflow_venv/lib/python3.12/site-packages/airflow/example_dags/subdags/subdag.py for tasks to queue
[2024-10-12T07:16:19.992+0000] {logging_mixin.py:190} INFO - [2024-10-12T07:16:19.990+0000] {dagbag.py:588} INFO - Filling up the DagBag from /home/vboxuser/airflow_venv/lib/python3.12/site-packages/airflow/example_dags/subdags/subdag.py
[2024-10-12T07:16:19.995+0000] {processor.py:927} WARNING - No viable dags retrieved from /home/vboxuser/airflow_venv/lib/python3.12/site-packages/airflow/example_dags/subdags/subdag.py
[2024-10-12T07:16:20.007+0000] {processor.py:208} INFO - Processing /home/vboxuser/airflow_venv/lib/python3.12/site-packages/airflow/example_dags/subdags/subdag.py took 0.037 seconds
[2024-10-12T07:17:21.190+0000] {processor.py:186} INFO - Started process (PID=11865) to work on /home/vboxuser/airflow_venv/lib/python3.12/site-packages/airflow/example_dags/subdags/subdag.py
[2024-10-12T07:17:21.193+0000] {processor.py:914} INFO - Processing file /home/vboxuser/airflow_venv/lib/python3.12/site-packages/airflow/example_dags/subdags/subdag.py for tasks to queue
[2024-10-12T07:17:21.196+0000] {logging_mixin.py:190} INFO - [2024-10-12T07:17:21.196+0000] {dagbag.py:588} INFO - Filling up the DagBag from /home/vboxuser/airflow_venv/lib/python3.12/site-packages/airflow/example_dags/subdags/subdag.py
[2024-10-12T07:17:21.200+0000] {processor.py:927} WARNING - No viable dags retrieved from /home/vboxuser/airflow_venv/lib/python3.12/site-packages/airflow/example_dags/subdags/subdag.py
[2024-10-12T07:17:21.219+0000] {processor.py:208} INFO - Processing /home/vboxuser/airflow_venv/lib/python3.12/site-packages/airflow/example_dags/subdags/subdag.py took 0.039 seconds
[2024-10-12T07:18:25.433+0000] {processor.py:186} INFO - Started process (PID=11924) to work on /home/vboxuser/airflow_venv/lib/python3.12/site-packages/airflow/example_dags/subdags/subdag.py
[2024-10-12T07:18:25.435+0000] {processor.py:914} INFO - Processing file /home/vboxuser/airflow_venv/lib/python3.12/site-packages/airflow/example_dags/subdags/subdag.py for tasks to queue
[2024-10-12T07:18:25.439+0000] {logging_mixin.py:190} INFO - [2024-10-12T07:18:25.438+0000] {dagbag.py:588} INFO - Filling up the DagBag from /home/vboxuser/airflow_venv/lib/python3.12/site-packages/airflow/example_dags/subdags/subdag.py
[2024-10-12T07:18:25.442+0000] {processor.py:927} WARNING - No viable dags retrieved from /home/vboxuser/airflow_venv/lib/python3.12/site-packages/airflow/example_dags/subdags/subdag.py
[2024-10-12T07:18:25.459+0000] {processor.py:208} INFO - Processing /home/vboxuser/airflow_venv/lib/python3.12/site-packages/airflow/example_dags/subdags/subdag.py took 0.035 seconds
[2024-10-12T07:19:25.785+0000] {processor.py:186} INFO - Started process (PID=11981) to work on /home/vboxuser/airflow_venv/lib/python3.12/site-packages/airflow/example_dags/subdags/subdag.py
[2024-10-12T07:19:25.788+0000] {processor.py:914} INFO - Processing file /home/vboxuser/airflow_venv/lib/python3.12/site-packages/airflow/example_dags/subdags/subdag.py for tasks to queue
[2024-10-12T07:19:25.790+0000] {logging_mixin.py:190} INFO - [2024-10-12T07:19:25.790+0000] {dagbag.py:588} INFO - Filling up the DagBag from /home/vboxuser/airflow_venv/lib/python3.12/site-packages/airflow/example_dags/subdags/subdag.py
[2024-10-12T07:19:25.793+0000] {processor.py:927} WARNING - No viable dags retrieved from /home/vboxuser/airflow_venv/lib/python3.12/site-packages/airflow/example_dags/subdags/subdag.py
[2024-10-12T07:19:25.807+0000] {processor.py:208} INFO - Processing /home/vboxuser/airflow_venv/lib/python3.12/site-packages/airflow/example_dags/subdags/subdag.py took 0.031 seconds
[2024-10-12T07:20:32.681+0000] {processor.py:186} INFO - Started process (PID=12044) to work on /home/vboxuser/airflow_venv/lib/python3.12/site-packages/airflow/example_dags/subdags/subdag.py
[2024-10-12T07:20:32.684+0000] {processor.py:914} INFO - Processing file /home/vboxuser/airflow_venv/lib/python3.12/site-packages/airflow/example_dags/subdags/subdag.py for tasks to queue
[2024-10-12T07:20:32.687+0000] {logging_mixin.py:190} INFO - [2024-10-12T07:20:32.686+0000] {dagbag.py:588} INFO - Filling up the DagBag from /home/vboxuser/airflow_venv/lib/python3.12/site-packages/airflow/example_dags/subdags/subdag.py
[2024-10-12T07:20:32.689+0000] {processor.py:927} WARNING - No viable dags retrieved from /home/vboxuser/airflow_venv/lib/python3.12/site-packages/airflow/example_dags/subdags/subdag.py
[2024-10-12T07:20:32.709+0000] {processor.py:208} INFO - Processing /home/vboxuser/airflow_venv/lib/python3.12/site-packages/airflow/example_dags/subdags/subdag.py took 0.034 seconds
[2024-10-12T07:21:38.449+0000] {processor.py:186} INFO - Started process (PID=12106) to work on /home/vboxuser/airflow_venv/lib/python3.12/site-packages/airflow/example_dags/subdags/subdag.py
[2024-10-12T07:21:38.452+0000] {processor.py:914} INFO - Processing file /home/vboxuser/airflow_venv/lib/python3.12/site-packages/airflow/example_dags/subdags/subdag.py for tasks to queue
[2024-10-12T07:21:38.456+0000] {logging_mixin.py:190} INFO - [2024-10-12T07:21:38.455+0000] {dagbag.py:588} INFO - Filling up the DagBag from /home/vboxuser/airflow_venv/lib/python3.12/site-packages/airflow/example_dags/subdags/subdag.py
[2024-10-12T07:21:38.460+0000] {processor.py:927} WARNING - No viable dags retrieved from /home/vboxuser/airflow_venv/lib/python3.12/site-packages/airflow/example_dags/subdags/subdag.py
[2024-10-12T07:21:38.480+0000] {processor.py:208} INFO - Processing /home/vboxuser/airflow_venv/lib/python3.12/site-packages/airflow/example_dags/subdags/subdag.py took 0.042 seconds
[2024-10-12T07:22:44.716+0000] {processor.py:186} INFO - Started process (PID=12165) to work on /home/vboxuser/airflow_venv/lib/python3.12/site-packages/airflow/example_dags/subdags/subdag.py
[2024-10-12T07:22:44.719+0000] {processor.py:914} INFO - Processing file /home/vboxuser/airflow_venv/lib/python3.12/site-packages/airflow/example_dags/subdags/subdag.py for tasks to queue
[2024-10-12T07:22:44.722+0000] {logging_mixin.py:190} INFO - [2024-10-12T07:22:44.722+0000] {dagbag.py:588} INFO - Filling up the DagBag from /home/vboxuser/airflow_venv/lib/python3.12/site-packages/airflow/example_dags/subdags/subdag.py
[2024-10-12T07:22:44.727+0000] {processor.py:927} WARNING - No viable dags retrieved from /home/vboxuser/airflow_venv/lib/python3.12/site-packages/airflow/example_dags/subdags/subdag.py
[2024-10-12T07:22:44.743+0000] {processor.py:208} INFO - Processing /home/vboxuser/airflow_venv/lib/python3.12/site-packages/airflow/example_dags/subdags/subdag.py took 0.035 seconds
[2024-10-12T07:23:57.464+0000] {processor.py:186} INFO - Started process (PID=12228) to work on /home/vboxuser/airflow_venv/lib/python3.12/site-packages/airflow/example_dags/subdags/subdag.py
[2024-10-12T07:23:57.469+0000] {processor.py:914} INFO - Processing file /home/vboxuser/airflow_venv/lib/python3.12/site-packages/airflow/example_dags/subdags/subdag.py for tasks to queue
[2024-10-12T07:23:57.473+0000] {logging_mixin.py:190} INFO - [2024-10-12T07:23:57.473+0000] {dagbag.py:588} INFO - Filling up the DagBag from /home/vboxuser/airflow_venv/lib/python3.12/site-packages/airflow/example_dags/subdags/subdag.py
[2024-10-12T07:23:57.477+0000] {processor.py:927} WARNING - No viable dags retrieved from /home/vboxuser/airflow_venv/lib/python3.12/site-packages/airflow/example_dags/subdags/subdag.py
[2024-10-12T07:23:57.494+0000] {processor.py:208} INFO - Processing /home/vboxuser/airflow_venv/lib/python3.12/site-packages/airflow/example_dags/subdags/subdag.py took 0.040 seconds
[2024-10-12T07:25:04.543+0000] {processor.py:186} INFO - Started process (PID=12291) to work on /home/vboxuser/airflow_venv/lib/python3.12/site-packages/airflow/example_dags/subdags/subdag.py
[2024-10-12T07:25:04.545+0000] {processor.py:914} INFO - Processing file /home/vboxuser/airflow_venv/lib/python3.12/site-packages/airflow/example_dags/subdags/subdag.py for tasks to queue
[2024-10-12T07:25:04.548+0000] {logging_mixin.py:190} INFO - [2024-10-12T07:25:04.547+0000] {dagbag.py:588} INFO - Filling up the DagBag from /home/vboxuser/airflow_venv/lib/python3.12/site-packages/airflow/example_dags/subdags/subdag.py
[2024-10-12T07:25:04.550+0000] {processor.py:927} WARNING - No viable dags retrieved from /home/vboxuser/airflow_venv/lib/python3.12/site-packages/airflow/example_dags/subdags/subdag.py
[2024-10-12T07:25:04.564+0000] {processor.py:208} INFO - Processing /home/vboxuser/airflow_venv/lib/python3.12/site-packages/airflow/example_dags/subdags/subdag.py took 0.029 seconds
[2024-10-12T07:26:13.718+0000] {processor.py:186} INFO - Started process (PID=12355) to work on /home/vboxuser/airflow_venv/lib/python3.12/site-packages/airflow/example_dags/subdags/subdag.py
[2024-10-12T07:26:13.721+0000] {processor.py:914} INFO - Processing file /home/vboxuser/airflow_venv/lib/python3.12/site-packages/airflow/example_dags/subdags/subdag.py for tasks to queue
[2024-10-12T07:26:13.723+0000] {logging_mixin.py:190} INFO - [2024-10-12T07:26:13.723+0000] {dagbag.py:588} INFO - Filling up the DagBag from /home/vboxuser/airflow_venv/lib/python3.12/site-packages/airflow/example_dags/subdags/subdag.py
[2024-10-12T07:26:13.726+0000] {processor.py:927} WARNING - No viable dags retrieved from /home/vboxuser/airflow_venv/lib/python3.12/site-packages/airflow/example_dags/subdags/subdag.py
[2024-10-12T07:26:13.742+0000] {processor.py:208} INFO - Processing /home/vboxuser/airflow_venv/lib/python3.12/site-packages/airflow/example_dags/subdags/subdag.py took 0.034 seconds
[2024-10-12T07:27:25.811+0000] {processor.py:186} INFO - Started process (PID=12416) to work on /home/vboxuser/airflow_venv/lib/python3.12/site-packages/airflow/example_dags/subdags/subdag.py
[2024-10-12T07:27:25.813+0000] {processor.py:914} INFO - Processing file /home/vboxuser/airflow_venv/lib/python3.12/site-packages/airflow/example_dags/subdags/subdag.py for tasks to queue
[2024-10-12T07:27:25.816+0000] {logging_mixin.py:190} INFO - [2024-10-12T07:27:25.816+0000] {dagbag.py:588} INFO - Filling up the DagBag from /home/vboxuser/airflow_venv/lib/python3.12/site-packages/airflow/example_dags/subdags/subdag.py
[2024-10-12T07:27:25.820+0000] {processor.py:927} WARNING - No viable dags retrieved from /home/vboxuser/airflow_venv/lib/python3.12/site-packages/airflow/example_dags/subdags/subdag.py
[2024-10-12T07:27:25.840+0000] {processor.py:208} INFO - Processing /home/vboxuser/airflow_venv/lib/python3.12/site-packages/airflow/example_dags/subdags/subdag.py took 0.039 seconds
[2024-10-12T07:28:37.803+0000] {processor.py:186} INFO - Started process (PID=12479) to work on /home/vboxuser/airflow_venv/lib/python3.12/site-packages/airflow/example_dags/subdags/subdag.py
[2024-10-12T07:28:37.809+0000] {processor.py:914} INFO - Processing file /home/vboxuser/airflow_venv/lib/python3.12/site-packages/airflow/example_dags/subdags/subdag.py for tasks to queue
[2024-10-12T07:28:37.812+0000] {logging_mixin.py:190} INFO - [2024-10-12T07:28:37.812+0000] {dagbag.py:588} INFO - Filling up the DagBag from /home/vboxuser/airflow_venv/lib/python3.12/site-packages/airflow/example_dags/subdags/subdag.py
[2024-10-12T07:28:37.815+0000] {processor.py:927} WARNING - No viable dags retrieved from /home/vboxuser/airflow_venv/lib/python3.12/site-packages/airflow/example_dags/subdags/subdag.py
[2024-10-12T07:28:37.829+0000] {processor.py:208} INFO - Processing /home/vboxuser/airflow_venv/lib/python3.12/site-packages/airflow/example_dags/subdags/subdag.py took 0.036 seconds
[2024-10-12T07:29:41.564+0000] {processor.py:186} INFO - Started process (PID=12535) to work on /home/vboxuser/airflow_venv/lib/python3.12/site-packages/airflow/example_dags/subdags/subdag.py
[2024-10-12T07:29:41.567+0000] {processor.py:914} INFO - Processing file /home/vboxuser/airflow_venv/lib/python3.12/site-packages/airflow/example_dags/subdags/subdag.py for tasks to queue
[2024-10-12T07:29:41.569+0000] {logging_mixin.py:190} INFO - [2024-10-12T07:29:41.569+0000] {dagbag.py:588} INFO - Filling up the DagBag from /home/vboxuser/airflow_venv/lib/python3.12/site-packages/airflow/example_dags/subdags/subdag.py
[2024-10-12T07:29:41.572+0000] {processor.py:927} WARNING - No viable dags retrieved from /home/vboxuser/airflow_venv/lib/python3.12/site-packages/airflow/example_dags/subdags/subdag.py
[2024-10-12T07:29:41.585+0000] {processor.py:208} INFO - Processing /home/vboxuser/airflow_venv/lib/python3.12/site-packages/airflow/example_dags/subdags/subdag.py took 0.032 seconds
[2024-10-12T07:30:53.453+0000] {processor.py:186} INFO - Started process (PID=12619) to work on /home/vboxuser/airflow_venv/lib/python3.12/site-packages/airflow/example_dags/subdags/subdag.py
[2024-10-12T07:30:53.454+0000] {processor.py:914} INFO - Processing file /home/vboxuser/airflow_venv/lib/python3.12/site-packages/airflow/example_dags/subdags/subdag.py for tasks to queue
[2024-10-12T07:30:53.457+0000] {logging_mixin.py:190} INFO - [2024-10-12T07:30:53.456+0000] {dagbag.py:588} INFO - Filling up the DagBag from /home/vboxuser/airflow_venv/lib/python3.12/site-packages/airflow/example_dags/subdags/subdag.py
[2024-10-12T07:30:53.463+0000] {processor.py:927} WARNING - No viable dags retrieved from /home/vboxuser/airflow_venv/lib/python3.12/site-packages/airflow/example_dags/subdags/subdag.py
[2024-10-12T07:30:53.479+0000] {processor.py:208} INFO - Processing /home/vboxuser/airflow_venv/lib/python3.12/site-packages/airflow/example_dags/subdags/subdag.py took 0.040 seconds
[2024-10-12T07:32:03.565+0000] {processor.py:186} INFO - Started process (PID=12689) to work on /home/vboxuser/airflow_venv/lib/python3.12/site-packages/airflow/example_dags/subdags/subdag.py
[2024-10-12T07:32:03.567+0000] {processor.py:914} INFO - Processing file /home/vboxuser/airflow_venv/lib/python3.12/site-packages/airflow/example_dags/subdags/subdag.py for tasks to queue
[2024-10-12T07:32:03.571+0000] {logging_mixin.py:190} INFO - [2024-10-12T07:32:03.570+0000] {dagbag.py:588} INFO - Filling up the DagBag from /home/vboxuser/airflow_venv/lib/python3.12/site-packages/airflow/example_dags/subdags/subdag.py
[2024-10-12T07:32:03.574+0000] {processor.py:927} WARNING - No viable dags retrieved from /home/vboxuser/airflow_venv/lib/python3.12/site-packages/airflow/example_dags/subdags/subdag.py
[2024-10-12T07:32:03.590+0000] {processor.py:208} INFO - Processing /home/vboxuser/airflow_venv/lib/python3.12/site-packages/airflow/example_dags/subdags/subdag.py took 0.031 seconds
[2024-10-12T07:33:05.520+0000] {processor.py:186} INFO - Started process (PID=12747) to work on /home/vboxuser/airflow_venv/lib/python3.12/site-packages/airflow/example_dags/subdags/subdag.py
[2024-10-12T07:33:05.527+0000] {processor.py:914} INFO - Processing file /home/vboxuser/airflow_venv/lib/python3.12/site-packages/airflow/example_dags/subdags/subdag.py for tasks to queue
[2024-10-12T07:33:05.532+0000] {logging_mixin.py:190} INFO - [2024-10-12T07:33:05.531+0000] {dagbag.py:588} INFO - Filling up the DagBag from /home/vboxuser/airflow_venv/lib/python3.12/site-packages/airflow/example_dags/subdags/subdag.py
[2024-10-12T07:33:05.535+0000] {processor.py:927} WARNING - No viable dags retrieved from /home/vboxuser/airflow_venv/lib/python3.12/site-packages/airflow/example_dags/subdags/subdag.py
[2024-10-12T07:33:05.555+0000] {processor.py:208} INFO - Processing /home/vboxuser/airflow_venv/lib/python3.12/site-packages/airflow/example_dags/subdags/subdag.py took 0.046 seconds
[2024-10-12T07:34:08.204+0000] {processor.py:186} INFO - Started process (PID=12806) to work on /home/vboxuser/airflow_venv/lib/python3.12/site-packages/airflow/example_dags/subdags/subdag.py
[2024-10-12T07:34:08.206+0000] {processor.py:914} INFO - Processing file /home/vboxuser/airflow_venv/lib/python3.12/site-packages/airflow/example_dags/subdags/subdag.py for tasks to queue
[2024-10-12T07:34:08.211+0000] {logging_mixin.py:190} INFO - [2024-10-12T07:34:08.210+0000] {dagbag.py:588} INFO - Filling up the DagBag from /home/vboxuser/airflow_venv/lib/python3.12/site-packages/airflow/example_dags/subdags/subdag.py
[2024-10-12T07:34:08.214+0000] {processor.py:927} WARNING - No viable dags retrieved from /home/vboxuser/airflow_venv/lib/python3.12/site-packages/airflow/example_dags/subdags/subdag.py
[2024-10-12T07:34:08.234+0000] {processor.py:208} INFO - Processing /home/vboxuser/airflow_venv/lib/python3.12/site-packages/airflow/example_dags/subdags/subdag.py took 0.043 seconds
[2024-10-12T07:35:10.495+0000] {processor.py:186} INFO - Started process (PID=12879) to work on /home/vboxuser/airflow_venv/lib/python3.12/site-packages/airflow/example_dags/subdags/subdag.py
[2024-10-12T07:35:10.500+0000] {processor.py:914} INFO - Processing file /home/vboxuser/airflow_venv/lib/python3.12/site-packages/airflow/example_dags/subdags/subdag.py for tasks to queue
[2024-10-12T07:35:10.505+0000] {logging_mixin.py:190} INFO - [2024-10-12T07:35:10.504+0000] {dagbag.py:588} INFO - Filling up the DagBag from /home/vboxuser/airflow_venv/lib/python3.12/site-packages/airflow/example_dags/subdags/subdag.py
[2024-10-12T07:35:10.512+0000] {processor.py:927} WARNING - No viable dags retrieved from /home/vboxuser/airflow_venv/lib/python3.12/site-packages/airflow/example_dags/subdags/subdag.py
[2024-10-12T07:35:10.537+0000] {processor.py:208} INFO - Processing /home/vboxuser/airflow_venv/lib/python3.12/site-packages/airflow/example_dags/subdags/subdag.py took 0.063 seconds
[2024-10-12T07:47:53.957+0000] {processor.py:186} INFO - Started process (PID=12950) to work on /home/vboxuser/airflow_venv/lib/python3.12/site-packages/airflow/example_dags/subdags/subdag.py
[2024-10-12T07:47:53.961+0000] {processor.py:914} INFO - Processing file /home/vboxuser/airflow_venv/lib/python3.12/site-packages/airflow/example_dags/subdags/subdag.py for tasks to queue
[2024-10-12T07:47:53.967+0000] {logging_mixin.py:190} INFO - [2024-10-12T07:47:53.966+0000] {dagbag.py:588} INFO - Filling up the DagBag from /home/vboxuser/airflow_venv/lib/python3.12/site-packages/airflow/example_dags/subdags/subdag.py
[2024-10-12T07:47:53.972+0000] {processor.py:927} WARNING - No viable dags retrieved from /home/vboxuser/airflow_venv/lib/python3.12/site-packages/airflow/example_dags/subdags/subdag.py
[2024-10-12T07:47:53.994+0000] {processor.py:208} INFO - Processing /home/vboxuser/airflow_venv/lib/python3.12/site-packages/airflow/example_dags/subdags/subdag.py took 0.049 seconds
[2024-10-12T07:49:03.346+0000] {processor.py:186} INFO - Started process (PID=13011) to work on /home/vboxuser/airflow_venv/lib/python3.12/site-packages/airflow/example_dags/subdags/subdag.py
[2024-10-12T07:49:03.351+0000] {processor.py:914} INFO - Processing file /home/vboxuser/airflow_venv/lib/python3.12/site-packages/airflow/example_dags/subdags/subdag.py for tasks to queue
[2024-10-12T07:49:03.355+0000] {logging_mixin.py:190} INFO - [2024-10-12T07:49:03.354+0000] {dagbag.py:588} INFO - Filling up the DagBag from /home/vboxuser/airflow_venv/lib/python3.12/site-packages/airflow/example_dags/subdags/subdag.py
[2024-10-12T07:49:03.358+0000] {processor.py:927} WARNING - No viable dags retrieved from /home/vboxuser/airflow_venv/lib/python3.12/site-packages/airflow/example_dags/subdags/subdag.py
[2024-10-12T07:49:03.376+0000] {processor.py:208} INFO - Processing /home/vboxuser/airflow_venv/lib/python3.12/site-packages/airflow/example_dags/subdags/subdag.py took 0.040 seconds
[2024-10-12T07:50:10.458+0000] {processor.py:186} INFO - Started process (PID=13070) to work on /home/vboxuser/airflow_venv/lib/python3.12/site-packages/airflow/example_dags/subdags/subdag.py
[2024-10-12T07:50:10.461+0000] {processor.py:914} INFO - Processing file /home/vboxuser/airflow_venv/lib/python3.12/site-packages/airflow/example_dags/subdags/subdag.py for tasks to queue
[2024-10-12T07:50:10.465+0000] {logging_mixin.py:190} INFO - [2024-10-12T07:50:10.465+0000] {dagbag.py:588} INFO - Filling up the DagBag from /home/vboxuser/airflow_venv/lib/python3.12/site-packages/airflow/example_dags/subdags/subdag.py
[2024-10-12T07:50:10.469+0000] {processor.py:927} WARNING - No viable dags retrieved from /home/vboxuser/airflow_venv/lib/python3.12/site-packages/airflow/example_dags/subdags/subdag.py
[2024-10-12T07:50:10.489+0000] {processor.py:208} INFO - Processing /home/vboxuser/airflow_venv/lib/python3.12/site-packages/airflow/example_dags/subdags/subdag.py took 0.044 seconds
[2024-10-12T07:51:19.661+0000] {processor.py:186} INFO - Started process (PID=13207) to work on /home/vboxuser/airflow_venv/lib/python3.12/site-packages/airflow/example_dags/subdags/subdag.py
[2024-10-12T07:51:19.665+0000] {processor.py:914} INFO - Processing file /home/vboxuser/airflow_venv/lib/python3.12/site-packages/airflow/example_dags/subdags/subdag.py for tasks to queue
[2024-10-12T07:51:19.670+0000] {logging_mixin.py:190} INFO - [2024-10-12T07:51:19.670+0000] {dagbag.py:588} INFO - Filling up the DagBag from /home/vboxuser/airflow_venv/lib/python3.12/site-packages/airflow/example_dags/subdags/subdag.py
[2024-10-12T07:51:19.673+0000] {processor.py:927} WARNING - No viable dags retrieved from /home/vboxuser/airflow_venv/lib/python3.12/site-packages/airflow/example_dags/subdags/subdag.py
[2024-10-12T07:51:19.702+0000] {processor.py:208} INFO - Processing /home/vboxuser/airflow_venv/lib/python3.12/site-packages/airflow/example_dags/subdags/subdag.py took 0.059 seconds
[2024-10-12T07:52:32.445+0000] {processor.py:186} INFO - Started process (PID=13283) to work on /home/vboxuser/airflow_venv/lib/python3.12/site-packages/airflow/example_dags/subdags/subdag.py
[2024-10-12T07:52:32.447+0000] {processor.py:914} INFO - Processing file /home/vboxuser/airflow_venv/lib/python3.12/site-packages/airflow/example_dags/subdags/subdag.py for tasks to queue
[2024-10-12T07:52:32.450+0000] {logging_mixin.py:190} INFO - [2024-10-12T07:52:32.450+0000] {dagbag.py:588} INFO - Filling up the DagBag from /home/vboxuser/airflow_venv/lib/python3.12/site-packages/airflow/example_dags/subdags/subdag.py
[2024-10-12T07:52:32.453+0000] {processor.py:927} WARNING - No viable dags retrieved from /home/vboxuser/airflow_venv/lib/python3.12/site-packages/airflow/example_dags/subdags/subdag.py
[2024-10-12T07:52:32.468+0000] {processor.py:208} INFO - Processing /home/vboxuser/airflow_venv/lib/python3.12/site-packages/airflow/example_dags/subdags/subdag.py took 0.032 seconds
[2024-10-12T07:53:37.327+0000] {processor.py:186} INFO - Started process (PID=13355) to work on /home/vboxuser/airflow_venv/lib/python3.12/site-packages/airflow/example_dags/subdags/subdag.py
[2024-10-12T07:53:37.330+0000] {processor.py:914} INFO - Processing file /home/vboxuser/airflow_venv/lib/python3.12/site-packages/airflow/example_dags/subdags/subdag.py for tasks to queue
[2024-10-12T07:53:37.333+0000] {logging_mixin.py:190} INFO - [2024-10-12T07:53:37.333+0000] {dagbag.py:588} INFO - Filling up the DagBag from /home/vboxuser/airflow_venv/lib/python3.12/site-packages/airflow/example_dags/subdags/subdag.py
[2024-10-12T07:53:37.337+0000] {processor.py:927} WARNING - No viable dags retrieved from /home/vboxuser/airflow_venv/lib/python3.12/site-packages/airflow/example_dags/subdags/subdag.py
[2024-10-12T07:53:37.356+0000] {processor.py:208} INFO - Processing /home/vboxuser/airflow_venv/lib/python3.12/site-packages/airflow/example_dags/subdags/subdag.py took 0.036 seconds
[2024-10-12T07:54:38.093+0000] {processor.py:186} INFO - Started process (PID=13411) to work on /home/vboxuser/airflow_venv/lib/python3.12/site-packages/airflow/example_dags/subdags/subdag.py
[2024-10-12T07:54:38.097+0000] {processor.py:914} INFO - Processing file /home/vboxuser/airflow_venv/lib/python3.12/site-packages/airflow/example_dags/subdags/subdag.py for tasks to queue
[2024-10-12T07:54:38.102+0000] {logging_mixin.py:190} INFO - [2024-10-12T07:54:38.101+0000] {dagbag.py:588} INFO - Filling up the DagBag from /home/vboxuser/airflow_venv/lib/python3.12/site-packages/airflow/example_dags/subdags/subdag.py
[2024-10-12T07:54:38.107+0000] {processor.py:927} WARNING - No viable dags retrieved from /home/vboxuser/airflow_venv/lib/python3.12/site-packages/airflow/example_dags/subdags/subdag.py
[2024-10-12T07:54:38.124+0000] {processor.py:208} INFO - Processing /home/vboxuser/airflow_venv/lib/python3.12/site-packages/airflow/example_dags/subdags/subdag.py took 0.044 seconds
[2024-10-12T07:55:41.028+0000] {processor.py:186} INFO - Started process (PID=13473) to work on /home/vboxuser/airflow_venv/lib/python3.12/site-packages/airflow/example_dags/subdags/subdag.py
[2024-10-12T07:55:41.034+0000] {processor.py:914} INFO - Processing file /home/vboxuser/airflow_venv/lib/python3.12/site-packages/airflow/example_dags/subdags/subdag.py for tasks to queue
[2024-10-12T07:55:41.038+0000] {logging_mixin.py:190} INFO - [2024-10-12T07:55:41.037+0000] {dagbag.py:588} INFO - Filling up the DagBag from /home/vboxuser/airflow_venv/lib/python3.12/site-packages/airflow/example_dags/subdags/subdag.py
[2024-10-12T07:55:41.043+0000] {processor.py:927} WARNING - No viable dags retrieved from /home/vboxuser/airflow_venv/lib/python3.12/site-packages/airflow/example_dags/subdags/subdag.py
[2024-10-12T07:55:41.093+0000] {processor.py:208} INFO - Processing /home/vboxuser/airflow_venv/lib/python3.12/site-packages/airflow/example_dags/subdags/subdag.py took 0.073 seconds
[2024-10-12T07:56:49.316+0000] {processor.py:186} INFO - Started process (PID=13537) to work on /home/vboxuser/airflow_venv/lib/python3.12/site-packages/airflow/example_dags/subdags/subdag.py
[2024-10-12T07:56:49.321+0000] {processor.py:914} INFO - Processing file /home/vboxuser/airflow_venv/lib/python3.12/site-packages/airflow/example_dags/subdags/subdag.py for tasks to queue
[2024-10-12T07:56:49.324+0000] {logging_mixin.py:190} INFO - [2024-10-12T07:56:49.324+0000] {dagbag.py:588} INFO - Filling up the DagBag from /home/vboxuser/airflow_venv/lib/python3.12/site-packages/airflow/example_dags/subdags/subdag.py
[2024-10-12T07:56:49.327+0000] {processor.py:927} WARNING - No viable dags retrieved from /home/vboxuser/airflow_venv/lib/python3.12/site-packages/airflow/example_dags/subdags/subdag.py
[2024-10-12T07:56:49.341+0000] {processor.py:208} INFO - Processing /home/vboxuser/airflow_venv/lib/python3.12/site-packages/airflow/example_dags/subdags/subdag.py took 0.032 seconds
[2024-10-12T07:57:55.552+0000] {processor.py:186} INFO - Started process (PID=13612) to work on /home/vboxuser/airflow_venv/lib/python3.12/site-packages/airflow/example_dags/subdags/subdag.py
[2024-10-12T07:57:55.555+0000] {processor.py:914} INFO - Processing file /home/vboxuser/airflow_venv/lib/python3.12/site-packages/airflow/example_dags/subdags/subdag.py for tasks to queue
[2024-10-12T07:57:55.559+0000] {logging_mixin.py:190} INFO - [2024-10-12T07:57:55.558+0000] {dagbag.py:588} INFO - Filling up the DagBag from /home/vboxuser/airflow_venv/lib/python3.12/site-packages/airflow/example_dags/subdags/subdag.py
[2024-10-12T07:57:55.561+0000] {processor.py:927} WARNING - No viable dags retrieved from /home/vboxuser/airflow_venv/lib/python3.12/site-packages/airflow/example_dags/subdags/subdag.py
[2024-10-12T07:57:55.577+0000] {processor.py:208} INFO - Processing /home/vboxuser/airflow_venv/lib/python3.12/site-packages/airflow/example_dags/subdags/subdag.py took 0.033 seconds
[2024-10-12T07:58:55.952+0000] {processor.py:186} INFO - Started process (PID=13670) to work on /home/vboxuser/airflow_venv/lib/python3.12/site-packages/airflow/example_dags/subdags/subdag.py
[2024-10-12T07:58:55.959+0000] {processor.py:914} INFO - Processing file /home/vboxuser/airflow_venv/lib/python3.12/site-packages/airflow/example_dags/subdags/subdag.py for tasks to queue
[2024-10-12T07:58:55.965+0000] {logging_mixin.py:190} INFO - [2024-10-12T07:58:55.964+0000] {dagbag.py:588} INFO - Filling up the DagBag from /home/vboxuser/airflow_venv/lib/python3.12/site-packages/airflow/example_dags/subdags/subdag.py
[2024-10-12T07:58:55.969+0000] {processor.py:927} WARNING - No viable dags retrieved from /home/vboxuser/airflow_venv/lib/python3.12/site-packages/airflow/example_dags/subdags/subdag.py
[2024-10-12T07:58:55.990+0000] {processor.py:208} INFO - Processing /home/vboxuser/airflow_venv/lib/python3.12/site-packages/airflow/example_dags/subdags/subdag.py took 0.049 seconds
[2024-10-12T07:59:58.617+0000] {processor.py:186} INFO - Started process (PID=13727) to work on /home/vboxuser/airflow_venv/lib/python3.12/site-packages/airflow/example_dags/subdags/subdag.py
[2024-10-12T07:59:58.621+0000] {processor.py:914} INFO - Processing file /home/vboxuser/airflow_venv/lib/python3.12/site-packages/airflow/example_dags/subdags/subdag.py for tasks to queue
[2024-10-12T07:59:58.624+0000] {logging_mixin.py:190} INFO - [2024-10-12T07:59:58.624+0000] {dagbag.py:588} INFO - Filling up the DagBag from /home/vboxuser/airflow_venv/lib/python3.12/site-packages/airflow/example_dags/subdags/subdag.py
[2024-10-12T07:59:58.628+0000] {processor.py:927} WARNING - No viable dags retrieved from /home/vboxuser/airflow_venv/lib/python3.12/site-packages/airflow/example_dags/subdags/subdag.py
[2024-10-12T07:59:58.648+0000] {processor.py:208} INFO - Processing /home/vboxuser/airflow_venv/lib/python3.12/site-packages/airflow/example_dags/subdags/subdag.py took 0.042 seconds
[2024-10-12T08:01:02.865+0000] {processor.py:186} INFO - Started process (PID=13789) to work on /home/vboxuser/airflow_venv/lib/python3.12/site-packages/airflow/example_dags/subdags/subdag.py
[2024-10-12T08:01:02.867+0000] {processor.py:914} INFO - Processing file /home/vboxuser/airflow_venv/lib/python3.12/site-packages/airflow/example_dags/subdags/subdag.py for tasks to queue
[2024-10-12T08:01:02.871+0000] {logging_mixin.py:190} INFO - [2024-10-12T08:01:02.870+0000] {dagbag.py:588} INFO - Filling up the DagBag from /home/vboxuser/airflow_venv/lib/python3.12/site-packages/airflow/example_dags/subdags/subdag.py
[2024-10-12T08:01:02.874+0000] {processor.py:927} WARNING - No viable dags retrieved from /home/vboxuser/airflow_venv/lib/python3.12/site-packages/airflow/example_dags/subdags/subdag.py
[2024-10-12T08:01:02.892+0000] {processor.py:208} INFO - Processing /home/vboxuser/airflow_venv/lib/python3.12/site-packages/airflow/example_dags/subdags/subdag.py took 0.036 seconds
[2024-10-12T08:02:12.178+0000] {processor.py:186} INFO - Started process (PID=13850) to work on /home/vboxuser/airflow_venv/lib/python3.12/site-packages/airflow/example_dags/subdags/subdag.py
[2024-10-12T08:02:12.182+0000] {processor.py:914} INFO - Processing file /home/vboxuser/airflow_venv/lib/python3.12/site-packages/airflow/example_dags/subdags/subdag.py for tasks to queue
[2024-10-12T08:02:12.188+0000] {logging_mixin.py:190} INFO - [2024-10-12T08:02:12.187+0000] {dagbag.py:588} INFO - Filling up the DagBag from /home/vboxuser/airflow_venv/lib/python3.12/site-packages/airflow/example_dags/subdags/subdag.py
[2024-10-12T08:02:12.192+0000] {processor.py:927} WARNING - No viable dags retrieved from /home/vboxuser/airflow_venv/lib/python3.12/site-packages/airflow/example_dags/subdags/subdag.py
[2024-10-12T08:02:12.213+0000] {processor.py:208} INFO - Processing /home/vboxuser/airflow_venv/lib/python3.12/site-packages/airflow/example_dags/subdags/subdag.py took 0.046 seconds
[2024-10-12T08:03:15.895+0000] {processor.py:186} INFO - Started process (PID=13909) to work on /home/vboxuser/airflow_venv/lib/python3.12/site-packages/airflow/example_dags/subdags/subdag.py
[2024-10-12T08:03:15.900+0000] {processor.py:914} INFO - Processing file /home/vboxuser/airflow_venv/lib/python3.12/site-packages/airflow/example_dags/subdags/subdag.py for tasks to queue
[2024-10-12T08:03:15.906+0000] {logging_mixin.py:190} INFO - [2024-10-12T08:03:15.906+0000] {dagbag.py:588} INFO - Filling up the DagBag from /home/vboxuser/airflow_venv/lib/python3.12/site-packages/airflow/example_dags/subdags/subdag.py
[2024-10-12T08:03:15.909+0000] {processor.py:927} WARNING - No viable dags retrieved from /home/vboxuser/airflow_venv/lib/python3.12/site-packages/airflow/example_dags/subdags/subdag.py
[2024-10-12T08:03:15.927+0000] {processor.py:208} INFO - Processing /home/vboxuser/airflow_venv/lib/python3.12/site-packages/airflow/example_dags/subdags/subdag.py took 0.042 seconds
[2024-10-12T08:04:23.582+0000] {processor.py:186} INFO - Started process (PID=13979) to work on /home/vboxuser/airflow_venv/lib/python3.12/site-packages/airflow/example_dags/subdags/subdag.py
[2024-10-12T08:04:23.589+0000] {processor.py:914} INFO - Processing file /home/vboxuser/airflow_venv/lib/python3.12/site-packages/airflow/example_dags/subdags/subdag.py for tasks to queue
[2024-10-12T08:04:23.593+0000] {logging_mixin.py:190} INFO - [2024-10-12T08:04:23.592+0000] {dagbag.py:588} INFO - Filling up the DagBag from /home/vboxuser/airflow_venv/lib/python3.12/site-packages/airflow/example_dags/subdags/subdag.py
[2024-10-12T08:04:23.596+0000] {processor.py:927} WARNING - No viable dags retrieved from /home/vboxuser/airflow_venv/lib/python3.12/site-packages/airflow/example_dags/subdags/subdag.py
[2024-10-12T08:04:23.617+0000] {processor.py:208} INFO - Processing /home/vboxuser/airflow_venv/lib/python3.12/site-packages/airflow/example_dags/subdags/subdag.py took 0.048 seconds
[2024-10-12T08:05:32.424+0000] {processor.py:186} INFO - Started process (PID=14045) to work on /home/vboxuser/airflow_venv/lib/python3.12/site-packages/airflow/example_dags/subdags/subdag.py
[2024-10-12T08:05:32.429+0000] {processor.py:914} INFO - Processing file /home/vboxuser/airflow_venv/lib/python3.12/site-packages/airflow/example_dags/subdags/subdag.py for tasks to queue
[2024-10-12T08:05:32.433+0000] {logging_mixin.py:190} INFO - [2024-10-12T08:05:32.432+0000] {dagbag.py:588} INFO - Filling up the DagBag from /home/vboxuser/airflow_venv/lib/python3.12/site-packages/airflow/example_dags/subdags/subdag.py
[2024-10-12T08:05:32.436+0000] {processor.py:927} WARNING - No viable dags retrieved from /home/vboxuser/airflow_venv/lib/python3.12/site-packages/airflow/example_dags/subdags/subdag.py
[2024-10-12T08:05:32.454+0000] {processor.py:208} INFO - Processing /home/vboxuser/airflow_venv/lib/python3.12/site-packages/airflow/example_dags/subdags/subdag.py took 0.039 seconds
[2024-10-12T08:06:46.296+0000] {processor.py:186} INFO - Started process (PID=14114) to work on /home/vboxuser/airflow_venv/lib/python3.12/site-packages/airflow/example_dags/subdags/subdag.py
[2024-10-12T08:06:46.302+0000] {processor.py:914} INFO - Processing file /home/vboxuser/airflow_venv/lib/python3.12/site-packages/airflow/example_dags/subdags/subdag.py for tasks to queue
[2024-10-12T08:06:46.308+0000] {logging_mixin.py:190} INFO - [2024-10-12T08:06:46.308+0000] {dagbag.py:588} INFO - Filling up the DagBag from /home/vboxuser/airflow_venv/lib/python3.12/site-packages/airflow/example_dags/subdags/subdag.py
[2024-10-12T08:06:46.313+0000] {processor.py:927} WARNING - No viable dags retrieved from /home/vboxuser/airflow_venv/lib/python3.12/site-packages/airflow/example_dags/subdags/subdag.py
[2024-10-12T08:06:46.340+0000] {processor.py:208} INFO - Processing /home/vboxuser/airflow_venv/lib/python3.12/site-packages/airflow/example_dags/subdags/subdag.py took 0.056 seconds
[2024-10-12T08:08:01.524+0000] {processor.py:186} INFO - Started process (PID=14183) to work on /home/vboxuser/airflow_venv/lib/python3.12/site-packages/airflow/example_dags/subdags/subdag.py
[2024-10-12T08:08:01.528+0000] {processor.py:914} INFO - Processing file /home/vboxuser/airflow_venv/lib/python3.12/site-packages/airflow/example_dags/subdags/subdag.py for tasks to queue
[2024-10-12T08:08:01.533+0000] {logging_mixin.py:190} INFO - [2024-10-12T08:08:01.532+0000] {dagbag.py:588} INFO - Filling up the DagBag from /home/vboxuser/airflow_venv/lib/python3.12/site-packages/airflow/example_dags/subdags/subdag.py
[2024-10-12T08:08:01.536+0000] {processor.py:927} WARNING - No viable dags retrieved from /home/vboxuser/airflow_venv/lib/python3.12/site-packages/airflow/example_dags/subdags/subdag.py
[2024-10-12T08:08:01.562+0000] {processor.py:208} INFO - Processing /home/vboxuser/airflow_venv/lib/python3.12/site-packages/airflow/example_dags/subdags/subdag.py took 0.052 seconds
[2024-10-12T08:09:16.764+0000] {processor.py:186} INFO - Started process (PID=14248) to work on /home/vboxuser/airflow_venv/lib/python3.12/site-packages/airflow/example_dags/subdags/subdag.py
[2024-10-12T08:09:16.771+0000] {processor.py:914} INFO - Processing file /home/vboxuser/airflow_venv/lib/python3.12/site-packages/airflow/example_dags/subdags/subdag.py for tasks to queue
[2024-10-12T08:09:16.776+0000] {logging_mixin.py:190} INFO - [2024-10-12T08:09:16.775+0000] {dagbag.py:588} INFO - Filling up the DagBag from /home/vboxuser/airflow_venv/lib/python3.12/site-packages/airflow/example_dags/subdags/subdag.py
[2024-10-12T08:09:16.780+0000] {processor.py:927} WARNING - No viable dags retrieved from /home/vboxuser/airflow_venv/lib/python3.12/site-packages/airflow/example_dags/subdags/subdag.py
[2024-10-12T08:09:16.806+0000] {processor.py:208} INFO - Processing /home/vboxuser/airflow_venv/lib/python3.12/site-packages/airflow/example_dags/subdags/subdag.py took 0.056 seconds
[2024-10-12T08:10:33.643+0000] {processor.py:186} INFO - Started process (PID=14314) to work on /home/vboxuser/airflow_venv/lib/python3.12/site-packages/airflow/example_dags/subdags/subdag.py
[2024-10-12T08:10:33.651+0000] {processor.py:914} INFO - Processing file /home/vboxuser/airflow_venv/lib/python3.12/site-packages/airflow/example_dags/subdags/subdag.py for tasks to queue
[2024-10-12T08:10:33.656+0000] {logging_mixin.py:190} INFO - [2024-10-12T08:10:33.655+0000] {dagbag.py:588} INFO - Filling up the DagBag from /home/vboxuser/airflow_venv/lib/python3.12/site-packages/airflow/example_dags/subdags/subdag.py
[2024-10-12T08:10:33.661+0000] {processor.py:927} WARNING - No viable dags retrieved from /home/vboxuser/airflow_venv/lib/python3.12/site-packages/airflow/example_dags/subdags/subdag.py
[2024-10-12T08:10:33.690+0000] {processor.py:208} INFO - Processing /home/vboxuser/airflow_venv/lib/python3.12/site-packages/airflow/example_dags/subdags/subdag.py took 0.064 seconds
[2024-10-12T08:11:44.129+0000] {processor.py:186} INFO - Started process (PID=14377) to work on /home/vboxuser/airflow_venv/lib/python3.12/site-packages/airflow/example_dags/subdags/subdag.py
[2024-10-12T08:11:44.137+0000] {processor.py:914} INFO - Processing file /home/vboxuser/airflow_venv/lib/python3.12/site-packages/airflow/example_dags/subdags/subdag.py for tasks to queue
[2024-10-12T08:11:44.144+0000] {logging_mixin.py:190} INFO - [2024-10-12T08:11:44.142+0000] {dagbag.py:588} INFO - Filling up the DagBag from /home/vboxuser/airflow_venv/lib/python3.12/site-packages/airflow/example_dags/subdags/subdag.py
[2024-10-12T08:11:44.149+0000] {processor.py:927} WARNING - No viable dags retrieved from /home/vboxuser/airflow_venv/lib/python3.12/site-packages/airflow/example_dags/subdags/subdag.py
[2024-10-12T08:11:44.172+0000] {processor.py:208} INFO - Processing /home/vboxuser/airflow_venv/lib/python3.12/site-packages/airflow/example_dags/subdags/subdag.py took 0.055 seconds
[2024-10-12T08:12:50.293+0000] {processor.py:186} INFO - Started process (PID=14437) to work on /home/vboxuser/airflow_venv/lib/python3.12/site-packages/airflow/example_dags/subdags/subdag.py
[2024-10-12T08:12:50.299+0000] {processor.py:914} INFO - Processing file /home/vboxuser/airflow_venv/lib/python3.12/site-packages/airflow/example_dags/subdags/subdag.py for tasks to queue
[2024-10-12T08:12:50.302+0000] {logging_mixin.py:190} INFO - [2024-10-12T08:12:50.301+0000] {dagbag.py:588} INFO - Filling up the DagBag from /home/vboxuser/airflow_venv/lib/python3.12/site-packages/airflow/example_dags/subdags/subdag.py
[2024-10-12T08:12:50.307+0000] {processor.py:927} WARNING - No viable dags retrieved from /home/vboxuser/airflow_venv/lib/python3.12/site-packages/airflow/example_dags/subdags/subdag.py
[2024-10-12T08:12:50.332+0000] {processor.py:208} INFO - Processing /home/vboxuser/airflow_venv/lib/python3.12/site-packages/airflow/example_dags/subdags/subdag.py took 0.047 seconds
[2024-10-12T08:14:01.787+0000] {processor.py:186} INFO - Started process (PID=14499) to work on /home/vboxuser/airflow_venv/lib/python3.12/site-packages/airflow/example_dags/subdags/subdag.py
[2024-10-12T08:14:01.795+0000] {processor.py:914} INFO - Processing file /home/vboxuser/airflow_venv/lib/python3.12/site-packages/airflow/example_dags/subdags/subdag.py for tasks to queue
[2024-10-12T08:14:01.802+0000] {logging_mixin.py:190} INFO - [2024-10-12T08:14:01.801+0000] {dagbag.py:588} INFO - Filling up the DagBag from /home/vboxuser/airflow_venv/lib/python3.12/site-packages/airflow/example_dags/subdags/subdag.py
[2024-10-12T08:14:01.807+0000] {processor.py:927} WARNING - No viable dags retrieved from /home/vboxuser/airflow_venv/lib/python3.12/site-packages/airflow/example_dags/subdags/subdag.py
[2024-10-12T08:14:01.833+0000] {processor.py:208} INFO - Processing /home/vboxuser/airflow_venv/lib/python3.12/site-packages/airflow/example_dags/subdags/subdag.py took 0.067 seconds
[2024-10-12T08:15:17.649+0000] {processor.py:186} INFO - Started process (PID=14565) to work on /home/vboxuser/airflow_venv/lib/python3.12/site-packages/airflow/example_dags/subdags/subdag.py
[2024-10-12T08:15:17.653+0000] {processor.py:914} INFO - Processing file /home/vboxuser/airflow_venv/lib/python3.12/site-packages/airflow/example_dags/subdags/subdag.py for tasks to queue
[2024-10-12T08:15:17.658+0000] {logging_mixin.py:190} INFO - [2024-10-12T08:15:17.657+0000] {dagbag.py:588} INFO - Filling up the DagBag from /home/vboxuser/airflow_venv/lib/python3.12/site-packages/airflow/example_dags/subdags/subdag.py
[2024-10-12T08:15:17.662+0000] {processor.py:927} WARNING - No viable dags retrieved from /home/vboxuser/airflow_venv/lib/python3.12/site-packages/airflow/example_dags/subdags/subdag.py
[2024-10-12T08:15:17.685+0000] {processor.py:208} INFO - Processing /home/vboxuser/airflow_venv/lib/python3.12/site-packages/airflow/example_dags/subdags/subdag.py took 0.050 seconds
[2024-10-12T08:16:31.262+0000] {processor.py:186} INFO - Started process (PID=14627) to work on /home/vboxuser/airflow_venv/lib/python3.12/site-packages/airflow/example_dags/subdags/subdag.py
[2024-10-12T08:16:31.265+0000] {processor.py:914} INFO - Processing file /home/vboxuser/airflow_venv/lib/python3.12/site-packages/airflow/example_dags/subdags/subdag.py for tasks to queue
[2024-10-12T08:16:31.271+0000] {logging_mixin.py:190} INFO - [2024-10-12T08:16:31.270+0000] {dagbag.py:588} INFO - Filling up the DagBag from /home/vboxuser/airflow_venv/lib/python3.12/site-packages/airflow/example_dags/subdags/subdag.py
[2024-10-12T08:16:31.275+0000] {processor.py:927} WARNING - No viable dags retrieved from /home/vboxuser/airflow_venv/lib/python3.12/site-packages/airflow/example_dags/subdags/subdag.py
[2024-10-12T08:16:31.297+0000] {processor.py:208} INFO - Processing /home/vboxuser/airflow_venv/lib/python3.12/site-packages/airflow/example_dags/subdags/subdag.py took 0.060 seconds
