[2024-10-12T07:09:30.790+0000] {processor.py:186} INFO - Started process (PID=11337) to work on /home/vboxuser/airflow_venv/lib/python3.12/site-packages/airflow/example_dags/plugins/event_listener.py
[2024-10-12T07:09:30.791+0000] {processor.py:914} INFO - Processing file /home/vboxuser/airflow_venv/lib/python3.12/site-packages/airflow/example_dags/plugins/event_listener.py for tasks to queue
[2024-10-12T07:09:30.794+0000] {logging_mixin.py:190} INFO - [2024-10-12T07:09:30.794+0000] {dagbag.py:588} INFO - Filling up the DagBag from /home/vboxuser/airflow_venv/lib/python3.12/site-packages/airflow/example_dags/plugins/event_listener.py
[2024-10-12T07:09:30.797+0000] {processor.py:927} WARNING - No viable dags retrieved from /home/vboxuser/airflow_venv/lib/python3.12/site-packages/airflow/example_dags/plugins/event_listener.py
[2024-10-12T07:09:30.810+0000] {processor.py:208} INFO - Processing /home/vboxuser/airflow_venv/lib/python3.12/site-packages/airflow/example_dags/plugins/event_listener.py took 0.029 seconds
[2024-10-12T07:10:42.900+0000] {processor.py:186} INFO - Started process (PID=11408) to work on /home/vboxuser/airflow_venv/lib/python3.12/site-packages/airflow/example_dags/plugins/event_listener.py
[2024-10-12T07:10:42.902+0000] {processor.py:914} INFO - Processing file /home/vboxuser/airflow_venv/lib/python3.12/site-packages/airflow/example_dags/plugins/event_listener.py for tasks to queue
[2024-10-12T07:10:42.906+0000] {logging_mixin.py:190} INFO - [2024-10-12T07:10:42.906+0000] {dagbag.py:588} INFO - Filling up the DagBag from /home/vboxuser/airflow_venv/lib/python3.12/site-packages/airflow/example_dags/plugins/event_listener.py
[2024-10-12T07:10:42.909+0000] {processor.py:927} WARNING - No viable dags retrieved from /home/vboxuser/airflow_venv/lib/python3.12/site-packages/airflow/example_dags/plugins/event_listener.py
[2024-10-12T07:10:42.923+0000] {processor.py:208} INFO - Processing /home/vboxuser/airflow_venv/lib/python3.12/site-packages/airflow/example_dags/plugins/event_listener.py took 0.032 seconds
[2024-10-12T07:11:45.590+0000] {processor.py:186} INFO - Started process (PID=11466) to work on /home/vboxuser/airflow_venv/lib/python3.12/site-packages/airflow/example_dags/plugins/event_listener.py
[2024-10-12T07:11:45.595+0000] {processor.py:914} INFO - Processing file /home/vboxuser/airflow_venv/lib/python3.12/site-packages/airflow/example_dags/plugins/event_listener.py for tasks to queue
[2024-10-12T07:11:45.599+0000] {logging_mixin.py:190} INFO - [2024-10-12T07:11:45.598+0000] {dagbag.py:588} INFO - Filling up the DagBag from /home/vboxuser/airflow_venv/lib/python3.12/site-packages/airflow/example_dags/plugins/event_listener.py
[2024-10-12T07:11:45.602+0000] {processor.py:927} WARNING - No viable dags retrieved from /home/vboxuser/airflow_venv/lib/python3.12/site-packages/airflow/example_dags/plugins/event_listener.py
[2024-10-12T07:11:45.616+0000] {processor.py:208} INFO - Processing /home/vboxuser/airflow_venv/lib/python3.12/site-packages/airflow/example_dags/plugins/event_listener.py took 0.034 seconds
[2024-10-12T07:12:46.994+0000] {processor.py:186} INFO - Started process (PID=11523) to work on /home/vboxuser/airflow_venv/lib/python3.12/site-packages/airflow/example_dags/plugins/event_listener.py
[2024-10-12T07:12:46.997+0000] {processor.py:914} INFO - Processing file /home/vboxuser/airflow_venv/lib/python3.12/site-packages/airflow/example_dags/plugins/event_listener.py for tasks to queue
[2024-10-12T07:12:47.000+0000] {logging_mixin.py:190} INFO - [2024-10-12T07:12:46.999+0000] {dagbag.py:588} INFO - Filling up the DagBag from /home/vboxuser/airflow_venv/lib/python3.12/site-packages/airflow/example_dags/plugins/event_listener.py
[2024-10-12T07:12:47.004+0000] {processor.py:927} WARNING - No viable dags retrieved from /home/vboxuser/airflow_venv/lib/python3.12/site-packages/airflow/example_dags/plugins/event_listener.py
[2024-10-12T07:12:47.022+0000] {processor.py:208} INFO - Processing /home/vboxuser/airflow_venv/lib/python3.12/site-packages/airflow/example_dags/plugins/event_listener.py took 0.039 seconds
[2024-10-12T07:13:52.625+0000] {processor.py:186} INFO - Started process (PID=11659) to work on /home/vboxuser/airflow_venv/lib/python3.12/site-packages/airflow/example_dags/plugins/event_listener.py
[2024-10-12T07:13:52.630+0000] {processor.py:914} INFO - Processing file /home/vboxuser/airflow_venv/lib/python3.12/site-packages/airflow/example_dags/plugins/event_listener.py for tasks to queue
[2024-10-12T07:13:52.633+0000] {logging_mixin.py:190} INFO - [2024-10-12T07:13:52.633+0000] {dagbag.py:588} INFO - Filling up the DagBag from /home/vboxuser/airflow_venv/lib/python3.12/site-packages/airflow/example_dags/plugins/event_listener.py
[2024-10-12T07:13:52.637+0000] {processor.py:927} WARNING - No viable dags retrieved from /home/vboxuser/airflow_venv/lib/python3.12/site-packages/airflow/example_dags/plugins/event_listener.py
[2024-10-12T07:13:52.650+0000] {processor.py:208} INFO - Processing /home/vboxuser/airflow_venv/lib/python3.12/site-packages/airflow/example_dags/plugins/event_listener.py took 0.032 seconds
[2024-10-12T07:15:01.135+0000] {processor.py:186} INFO - Started process (PID=11732) to work on /home/vboxuser/airflow_venv/lib/python3.12/site-packages/airflow/example_dags/plugins/event_listener.py
[2024-10-12T07:15:01.137+0000] {processor.py:914} INFO - Processing file /home/vboxuser/airflow_venv/lib/python3.12/site-packages/airflow/example_dags/plugins/event_listener.py for tasks to queue
[2024-10-12T07:15:01.140+0000] {logging_mixin.py:190} INFO - [2024-10-12T07:15:01.139+0000] {dagbag.py:588} INFO - Filling up the DagBag from /home/vboxuser/airflow_venv/lib/python3.12/site-packages/airflow/example_dags/plugins/event_listener.py
[2024-10-12T07:15:01.142+0000] {processor.py:927} WARNING - No viable dags retrieved from /home/vboxuser/airflow_venv/lib/python3.12/site-packages/airflow/example_dags/plugins/event_listener.py
[2024-10-12T07:15:01.156+0000] {processor.py:208} INFO - Processing /home/vboxuser/airflow_venv/lib/python3.12/site-packages/airflow/example_dags/plugins/event_listener.py took 0.029 seconds
[2024-10-12T07:16:16.128+0000] {processor.py:186} INFO - Started process (PID=11801) to work on /home/vboxuser/airflow_venv/lib/python3.12/site-packages/airflow/example_dags/plugins/event_listener.py
[2024-10-12T07:16:16.131+0000] {processor.py:914} INFO - Processing file /home/vboxuser/airflow_venv/lib/python3.12/site-packages/airflow/example_dags/plugins/event_listener.py for tasks to queue
[2024-10-12T07:16:16.134+0000] {logging_mixin.py:190} INFO - [2024-10-12T07:16:16.133+0000] {dagbag.py:588} INFO - Filling up the DagBag from /home/vboxuser/airflow_venv/lib/python3.12/site-packages/airflow/example_dags/plugins/event_listener.py
[2024-10-12T07:16:16.136+0000] {processor.py:927} WARNING - No viable dags retrieved from /home/vboxuser/airflow_venv/lib/python3.12/site-packages/airflow/example_dags/plugins/event_listener.py
[2024-10-12T07:16:16.152+0000] {processor.py:208} INFO - Processing /home/vboxuser/airflow_venv/lib/python3.12/site-packages/airflow/example_dags/plugins/event_listener.py took 0.031 seconds
[2024-10-12T07:17:17.211+0000] {processor.py:186} INFO - Started process (PID=11861) to work on /home/vboxuser/airflow_venv/lib/python3.12/site-packages/airflow/example_dags/plugins/event_listener.py
[2024-10-12T07:17:17.214+0000] {processor.py:914} INFO - Processing file /home/vboxuser/airflow_venv/lib/python3.12/site-packages/airflow/example_dags/plugins/event_listener.py for tasks to queue
[2024-10-12T07:17:17.217+0000] {logging_mixin.py:190} INFO - [2024-10-12T07:17:17.216+0000] {dagbag.py:588} INFO - Filling up the DagBag from /home/vboxuser/airflow_venv/lib/python3.12/site-packages/airflow/example_dags/plugins/event_listener.py
[2024-10-12T07:17:17.219+0000] {processor.py:927} WARNING - No viable dags retrieved from /home/vboxuser/airflow_venv/lib/python3.12/site-packages/airflow/example_dags/plugins/event_listener.py
[2024-10-12T07:17:17.233+0000] {processor.py:208} INFO - Processing /home/vboxuser/airflow_venv/lib/python3.12/site-packages/airflow/example_dags/plugins/event_listener.py took 0.030 seconds
[2024-10-12T07:18:21.870+0000] {processor.py:186} INFO - Started process (PID=11920) to work on /home/vboxuser/airflow_venv/lib/python3.12/site-packages/airflow/example_dags/plugins/event_listener.py
[2024-10-12T07:18:21.873+0000] {processor.py:914} INFO - Processing file /home/vboxuser/airflow_venv/lib/python3.12/site-packages/airflow/example_dags/plugins/event_listener.py for tasks to queue
[2024-10-12T07:18:21.877+0000] {logging_mixin.py:190} INFO - [2024-10-12T07:18:21.876+0000] {dagbag.py:588} INFO - Filling up the DagBag from /home/vboxuser/airflow_venv/lib/python3.12/site-packages/airflow/example_dags/plugins/event_listener.py
[2024-10-12T07:18:21.881+0000] {processor.py:927} WARNING - No viable dags retrieved from /home/vboxuser/airflow_venv/lib/python3.12/site-packages/airflow/example_dags/plugins/event_listener.py
[2024-10-12T07:18:21.899+0000] {processor.py:208} INFO - Processing /home/vboxuser/airflow_venv/lib/python3.12/site-packages/airflow/example_dags/plugins/event_listener.py took 0.038 seconds
[2024-10-12T07:19:22.820+0000] {processor.py:186} INFO - Started process (PID=11977) to work on /home/vboxuser/airflow_venv/lib/python3.12/site-packages/airflow/example_dags/plugins/event_listener.py
[2024-10-12T07:19:22.822+0000] {processor.py:914} INFO - Processing file /home/vboxuser/airflow_venv/lib/python3.12/site-packages/airflow/example_dags/plugins/event_listener.py for tasks to queue
[2024-10-12T07:19:22.825+0000] {logging_mixin.py:190} INFO - [2024-10-12T07:19:22.825+0000] {dagbag.py:588} INFO - Filling up the DagBag from /home/vboxuser/airflow_venv/lib/python3.12/site-packages/airflow/example_dags/plugins/event_listener.py
[2024-10-12T07:19:22.828+0000] {processor.py:927} WARNING - No viable dags retrieved from /home/vboxuser/airflow_venv/lib/python3.12/site-packages/airflow/example_dags/plugins/event_listener.py
[2024-10-12T07:19:22.843+0000] {processor.py:208} INFO - Processing /home/vboxuser/airflow_venv/lib/python3.12/site-packages/airflow/example_dags/plugins/event_listener.py took 0.030 seconds
[2024-10-12T07:20:28.258+0000] {processor.py:186} INFO - Started process (PID=12040) to work on /home/vboxuser/airflow_venv/lib/python3.12/site-packages/airflow/example_dags/plugins/event_listener.py
[2024-10-12T07:20:28.264+0000] {processor.py:914} INFO - Processing file /home/vboxuser/airflow_venv/lib/python3.12/site-packages/airflow/example_dags/plugins/event_listener.py for tasks to queue
[2024-10-12T07:20:28.269+0000] {logging_mixin.py:190} INFO - [2024-10-12T07:20:28.268+0000] {dagbag.py:588} INFO - Filling up the DagBag from /home/vboxuser/airflow_venv/lib/python3.12/site-packages/airflow/example_dags/plugins/event_listener.py
[2024-10-12T07:20:28.274+0000] {processor.py:927} WARNING - No viable dags retrieved from /home/vboxuser/airflow_venv/lib/python3.12/site-packages/airflow/example_dags/plugins/event_listener.py
[2024-10-12T07:20:28.289+0000] {processor.py:208} INFO - Processing /home/vboxuser/airflow_venv/lib/python3.12/site-packages/airflow/example_dags/plugins/event_listener.py took 0.040 seconds
[2024-10-12T07:21:35.574+0000] {processor.py:186} INFO - Started process (PID=12102) to work on /home/vboxuser/airflow_venv/lib/python3.12/site-packages/airflow/example_dags/plugins/event_listener.py
[2024-10-12T07:21:35.577+0000] {processor.py:914} INFO - Processing file /home/vboxuser/airflow_venv/lib/python3.12/site-packages/airflow/example_dags/plugins/event_listener.py for tasks to queue
[2024-10-12T07:21:35.580+0000] {logging_mixin.py:190} INFO - [2024-10-12T07:21:35.579+0000] {dagbag.py:588} INFO - Filling up the DagBag from /home/vboxuser/airflow_venv/lib/python3.12/site-packages/airflow/example_dags/plugins/event_listener.py
[2024-10-12T07:21:35.583+0000] {processor.py:927} WARNING - No viable dags retrieved from /home/vboxuser/airflow_venv/lib/python3.12/site-packages/airflow/example_dags/plugins/event_listener.py
[2024-10-12T07:21:35.597+0000] {processor.py:208} INFO - Processing /home/vboxuser/airflow_venv/lib/python3.12/site-packages/airflow/example_dags/plugins/event_listener.py took 0.030 seconds
[2024-10-12T07:22:40.194+0000] {processor.py:186} INFO - Started process (PID=12161) to work on /home/vboxuser/airflow_venv/lib/python3.12/site-packages/airflow/example_dags/plugins/event_listener.py
[2024-10-12T07:22:40.197+0000] {processor.py:914} INFO - Processing file /home/vboxuser/airflow_venv/lib/python3.12/site-packages/airflow/example_dags/plugins/event_listener.py for tasks to queue
[2024-10-12T07:22:40.200+0000] {logging_mixin.py:190} INFO - [2024-10-12T07:22:40.200+0000] {dagbag.py:588} INFO - Filling up the DagBag from /home/vboxuser/airflow_venv/lib/python3.12/site-packages/airflow/example_dags/plugins/event_listener.py
[2024-10-12T07:22:40.206+0000] {processor.py:927} WARNING - No viable dags retrieved from /home/vboxuser/airflow_venv/lib/python3.12/site-packages/airflow/example_dags/plugins/event_listener.py
[2024-10-12T07:22:40.221+0000] {processor.py:208} INFO - Processing /home/vboxuser/airflow_venv/lib/python3.12/site-packages/airflow/example_dags/plugins/event_listener.py took 0.042 seconds
[2024-10-12T07:23:53.486+0000] {processor.py:186} INFO - Started process (PID=12223) to work on /home/vboxuser/airflow_venv/lib/python3.12/site-packages/airflow/example_dags/plugins/event_listener.py
[2024-10-12T07:23:53.489+0000] {processor.py:914} INFO - Processing file /home/vboxuser/airflow_venv/lib/python3.12/site-packages/airflow/example_dags/plugins/event_listener.py for tasks to queue
[2024-10-12T07:23:53.492+0000] {logging_mixin.py:190} INFO - [2024-10-12T07:23:53.491+0000] {dagbag.py:588} INFO - Filling up the DagBag from /home/vboxuser/airflow_venv/lib/python3.12/site-packages/airflow/example_dags/plugins/event_listener.py
[2024-10-12T07:23:53.494+0000] {processor.py:927} WARNING - No viable dags retrieved from /home/vboxuser/airflow_venv/lib/python3.12/site-packages/airflow/example_dags/plugins/event_listener.py
[2024-10-12T07:23:53.513+0000] {processor.py:208} INFO - Processing /home/vboxuser/airflow_venv/lib/python3.12/site-packages/airflow/example_dags/plugins/event_listener.py took 0.038 seconds
[2024-10-12T07:25:00.389+0000] {processor.py:186} INFO - Started process (PID=12284) to work on /home/vboxuser/airflow_venv/lib/python3.12/site-packages/airflow/example_dags/plugins/event_listener.py
[2024-10-12T07:25:00.391+0000] {processor.py:914} INFO - Processing file /home/vboxuser/airflow_venv/lib/python3.12/site-packages/airflow/example_dags/plugins/event_listener.py for tasks to queue
[2024-10-12T07:25:00.394+0000] {logging_mixin.py:190} INFO - [2024-10-12T07:25:00.393+0000] {dagbag.py:588} INFO - Filling up the DagBag from /home/vboxuser/airflow_venv/lib/python3.12/site-packages/airflow/example_dags/plugins/event_listener.py
[2024-10-12T07:25:00.396+0000] {processor.py:927} WARNING - No viable dags retrieved from /home/vboxuser/airflow_venv/lib/python3.12/site-packages/airflow/example_dags/plugins/event_listener.py
[2024-10-12T07:25:00.412+0000] {processor.py:208} INFO - Processing /home/vboxuser/airflow_venv/lib/python3.12/site-packages/airflow/example_dags/plugins/event_listener.py took 0.037 seconds
[2024-10-12T07:26:09.788+0000] {processor.py:186} INFO - Started process (PID=12351) to work on /home/vboxuser/airflow_venv/lib/python3.12/site-packages/airflow/example_dags/plugins/event_listener.py
[2024-10-12T07:26:09.791+0000] {processor.py:914} INFO - Processing file /home/vboxuser/airflow_venv/lib/python3.12/site-packages/airflow/example_dags/plugins/event_listener.py for tasks to queue
[2024-10-12T07:26:09.795+0000] {logging_mixin.py:190} INFO - [2024-10-12T07:26:09.795+0000] {dagbag.py:588} INFO - Filling up the DagBag from /home/vboxuser/airflow_venv/lib/python3.12/site-packages/airflow/example_dags/plugins/event_listener.py
[2024-10-12T07:26:09.799+0000] {processor.py:927} WARNING - No viable dags retrieved from /home/vboxuser/airflow_venv/lib/python3.12/site-packages/airflow/example_dags/plugins/event_listener.py
[2024-10-12T07:26:09.815+0000] {processor.py:208} INFO - Processing /home/vboxuser/airflow_venv/lib/python3.12/site-packages/airflow/example_dags/plugins/event_listener.py took 0.038 seconds
[2024-10-12T07:27:20.942+0000] {processor.py:186} INFO - Started process (PID=12412) to work on /home/vboxuser/airflow_venv/lib/python3.12/site-packages/airflow/example_dags/plugins/event_listener.py
[2024-10-12T07:27:20.946+0000] {processor.py:914} INFO - Processing file /home/vboxuser/airflow_venv/lib/python3.12/site-packages/airflow/example_dags/plugins/event_listener.py for tasks to queue
[2024-10-12T07:27:20.949+0000] {logging_mixin.py:190} INFO - [2024-10-12T07:27:20.948+0000] {dagbag.py:588} INFO - Filling up the DagBag from /home/vboxuser/airflow_venv/lib/python3.12/site-packages/airflow/example_dags/plugins/event_listener.py
[2024-10-12T07:27:20.952+0000] {processor.py:927} WARNING - No viable dags retrieved from /home/vboxuser/airflow_venv/lib/python3.12/site-packages/airflow/example_dags/plugins/event_listener.py
[2024-10-12T07:27:20.965+0000] {processor.py:208} INFO - Processing /home/vboxuser/airflow_venv/lib/python3.12/site-packages/airflow/example_dags/plugins/event_listener.py took 0.030 seconds
[2024-10-12T07:28:33.841+0000] {processor.py:186} INFO - Started process (PID=12475) to work on /home/vboxuser/airflow_venv/lib/python3.12/site-packages/airflow/example_dags/plugins/event_listener.py
[2024-10-12T07:28:33.843+0000] {processor.py:914} INFO - Processing file /home/vboxuser/airflow_venv/lib/python3.12/site-packages/airflow/example_dags/plugins/event_listener.py for tasks to queue
[2024-10-12T07:28:33.845+0000] {logging_mixin.py:190} INFO - [2024-10-12T07:28:33.845+0000] {dagbag.py:588} INFO - Filling up the DagBag from /home/vboxuser/airflow_venv/lib/python3.12/site-packages/airflow/example_dags/plugins/event_listener.py
[2024-10-12T07:28:33.848+0000] {processor.py:927} WARNING - No viable dags retrieved from /home/vboxuser/airflow_venv/lib/python3.12/site-packages/airflow/example_dags/plugins/event_listener.py
[2024-10-12T07:28:33.873+0000] {processor.py:208} INFO - Processing /home/vboxuser/airflow_venv/lib/python3.12/site-packages/airflow/example_dags/plugins/event_listener.py took 0.047 seconds
[2024-10-12T07:29:37.029+0000] {processor.py:186} INFO - Started process (PID=12531) to work on /home/vboxuser/airflow_venv/lib/python3.12/site-packages/airflow/example_dags/plugins/event_listener.py
[2024-10-12T07:29:37.031+0000] {processor.py:914} INFO - Processing file /home/vboxuser/airflow_venv/lib/python3.12/site-packages/airflow/example_dags/plugins/event_listener.py for tasks to queue
[2024-10-12T07:29:37.035+0000] {logging_mixin.py:190} INFO - [2024-10-12T07:29:37.034+0000] {dagbag.py:588} INFO - Filling up the DagBag from /home/vboxuser/airflow_venv/lib/python3.12/site-packages/airflow/example_dags/plugins/event_listener.py
[2024-10-12T07:29:37.043+0000] {processor.py:927} WARNING - No viable dags retrieved from /home/vboxuser/airflow_venv/lib/python3.12/site-packages/airflow/example_dags/plugins/event_listener.py
[2024-10-12T07:29:37.103+0000] {processor.py:208} INFO - Processing /home/vboxuser/airflow_venv/lib/python3.12/site-packages/airflow/example_dags/plugins/event_listener.py took 0.115 seconds
[2024-10-12T07:30:49.525+0000] {processor.py:186} INFO - Started process (PID=12615) to work on /home/vboxuser/airflow_venv/lib/python3.12/site-packages/airflow/example_dags/plugins/event_listener.py
[2024-10-12T07:30:49.527+0000] {processor.py:914} INFO - Processing file /home/vboxuser/airflow_venv/lib/python3.12/site-packages/airflow/example_dags/plugins/event_listener.py for tasks to queue
[2024-10-12T07:30:49.530+0000] {logging_mixin.py:190} INFO - [2024-10-12T07:30:49.529+0000] {dagbag.py:588} INFO - Filling up the DagBag from /home/vboxuser/airflow_venv/lib/python3.12/site-packages/airflow/example_dags/plugins/event_listener.py
[2024-10-12T07:30:49.532+0000] {processor.py:927} WARNING - No viable dags retrieved from /home/vboxuser/airflow_venv/lib/python3.12/site-packages/airflow/example_dags/plugins/event_listener.py
[2024-10-12T07:30:49.547+0000] {processor.py:208} INFO - Processing /home/vboxuser/airflow_venv/lib/python3.12/site-packages/airflow/example_dags/plugins/event_listener.py took 0.030 seconds
[2024-10-12T07:31:58.780+0000] {processor.py:186} INFO - Started process (PID=12685) to work on /home/vboxuser/airflow_venv/lib/python3.12/site-packages/airflow/example_dags/plugins/event_listener.py
[2024-10-12T07:31:58.782+0000] {processor.py:914} INFO - Processing file /home/vboxuser/airflow_venv/lib/python3.12/site-packages/airflow/example_dags/plugins/event_listener.py for tasks to queue
[2024-10-12T07:31:58.785+0000] {logging_mixin.py:190} INFO - [2024-10-12T07:31:58.785+0000] {dagbag.py:588} INFO - Filling up the DagBag from /home/vboxuser/airflow_venv/lib/python3.12/site-packages/airflow/example_dags/plugins/event_listener.py
[2024-10-12T07:31:58.788+0000] {processor.py:927} WARNING - No viable dags retrieved from /home/vboxuser/airflow_venv/lib/python3.12/site-packages/airflow/example_dags/plugins/event_listener.py
[2024-10-12T07:31:58.807+0000] {processor.py:208} INFO - Processing /home/vboxuser/airflow_venv/lib/python3.12/site-packages/airflow/example_dags/plugins/event_listener.py took 0.037 seconds
[2024-10-12T07:33:01.617+0000] {processor.py:186} INFO - Started process (PID=12743) to work on /home/vboxuser/airflow_venv/lib/python3.12/site-packages/airflow/example_dags/plugins/event_listener.py
[2024-10-12T07:33:01.621+0000] {processor.py:914} INFO - Processing file /home/vboxuser/airflow_venv/lib/python3.12/site-packages/airflow/example_dags/plugins/event_listener.py for tasks to queue
[2024-10-12T07:33:01.626+0000] {logging_mixin.py:190} INFO - [2024-10-12T07:33:01.625+0000] {dagbag.py:588} INFO - Filling up the DagBag from /home/vboxuser/airflow_venv/lib/python3.12/site-packages/airflow/example_dags/plugins/event_listener.py
[2024-10-12T07:33:01.630+0000] {processor.py:927} WARNING - No viable dags retrieved from /home/vboxuser/airflow_venv/lib/python3.12/site-packages/airflow/example_dags/plugins/event_listener.py
[2024-10-12T07:33:01.643+0000] {processor.py:208} INFO - Processing /home/vboxuser/airflow_venv/lib/python3.12/site-packages/airflow/example_dags/plugins/event_listener.py took 0.038 seconds
[2024-10-12T07:34:05.950+0000] {processor.py:186} INFO - Started process (PID=12802) to work on /home/vboxuser/airflow_venv/lib/python3.12/site-packages/airflow/example_dags/plugins/event_listener.py
[2024-10-12T07:34:05.954+0000] {processor.py:914} INFO - Processing file /home/vboxuser/airflow_venv/lib/python3.12/site-packages/airflow/example_dags/plugins/event_listener.py for tasks to queue
[2024-10-12T07:34:05.963+0000] {logging_mixin.py:190} INFO - [2024-10-12T07:34:05.961+0000] {dagbag.py:588} INFO - Filling up the DagBag from /home/vboxuser/airflow_venv/lib/python3.12/site-packages/airflow/example_dags/plugins/event_listener.py
[2024-10-12T07:34:05.967+0000] {processor.py:927} WARNING - No viable dags retrieved from /home/vboxuser/airflow_venv/lib/python3.12/site-packages/airflow/example_dags/plugins/event_listener.py
[2024-10-12T07:34:05.983+0000] {processor.py:208} INFO - Processing /home/vboxuser/airflow_venv/lib/python3.12/site-packages/airflow/example_dags/plugins/event_listener.py took 0.044 seconds
[2024-10-12T07:35:06.725+0000] {processor.py:186} INFO - Started process (PID=12875) to work on /home/vboxuser/airflow_venv/lib/python3.12/site-packages/airflow/example_dags/plugins/event_listener.py
[2024-10-12T07:35:06.729+0000] {processor.py:914} INFO - Processing file /home/vboxuser/airflow_venv/lib/python3.12/site-packages/airflow/example_dags/plugins/event_listener.py for tasks to queue
[2024-10-12T07:35:06.733+0000] {logging_mixin.py:190} INFO - [2024-10-12T07:35:06.732+0000] {dagbag.py:588} INFO - Filling up the DagBag from /home/vboxuser/airflow_venv/lib/python3.12/site-packages/airflow/example_dags/plugins/event_listener.py
[2024-10-12T07:35:06.737+0000] {processor.py:927} WARNING - No viable dags retrieved from /home/vboxuser/airflow_venv/lib/python3.12/site-packages/airflow/example_dags/plugins/event_listener.py
[2024-10-12T07:35:06.758+0000] {processor.py:208} INFO - Processing /home/vboxuser/airflow_venv/lib/python3.12/site-packages/airflow/example_dags/plugins/event_listener.py took 0.042 seconds
[2024-10-12T07:47:50.011+0000] {processor.py:186} INFO - Started process (PID=12946) to work on /home/vboxuser/airflow_venv/lib/python3.12/site-packages/airflow/example_dags/plugins/event_listener.py
[2024-10-12T07:47:50.016+0000] {processor.py:914} INFO - Processing file /home/vboxuser/airflow_venv/lib/python3.12/site-packages/airflow/example_dags/plugins/event_listener.py for tasks to queue
[2024-10-12T07:47:50.020+0000] {logging_mixin.py:190} INFO - [2024-10-12T07:47:50.019+0000] {dagbag.py:588} INFO - Filling up the DagBag from /home/vboxuser/airflow_venv/lib/python3.12/site-packages/airflow/example_dags/plugins/event_listener.py
[2024-10-12T07:47:50.023+0000] {processor.py:927} WARNING - No viable dags retrieved from /home/vboxuser/airflow_venv/lib/python3.12/site-packages/airflow/example_dags/plugins/event_listener.py
[2024-10-12T07:47:50.039+0000] {processor.py:208} INFO - Processing /home/vboxuser/airflow_venv/lib/python3.12/site-packages/airflow/example_dags/plugins/event_listener.py took 0.037 seconds
[2024-10-12T07:48:59.610+0000] {processor.py:186} INFO - Started process (PID=13007) to work on /home/vboxuser/airflow_venv/lib/python3.12/site-packages/airflow/example_dags/plugins/event_listener.py
[2024-10-12T07:48:59.613+0000] {processor.py:914} INFO - Processing file /home/vboxuser/airflow_venv/lib/python3.12/site-packages/airflow/example_dags/plugins/event_listener.py for tasks to queue
[2024-10-12T07:48:59.617+0000] {logging_mixin.py:190} INFO - [2024-10-12T07:48:59.616+0000] {dagbag.py:588} INFO - Filling up the DagBag from /home/vboxuser/airflow_venv/lib/python3.12/site-packages/airflow/example_dags/plugins/event_listener.py
[2024-10-12T07:48:59.621+0000] {processor.py:927} WARNING - No viable dags retrieved from /home/vboxuser/airflow_venv/lib/python3.12/site-packages/airflow/example_dags/plugins/event_listener.py
[2024-10-12T07:48:59.641+0000] {processor.py:208} INFO - Processing /home/vboxuser/airflow_venv/lib/python3.12/site-packages/airflow/example_dags/plugins/event_listener.py took 0.043 seconds
[2024-10-12T07:50:06.670+0000] {processor.py:186} INFO - Started process (PID=13066) to work on /home/vboxuser/airflow_venv/lib/python3.12/site-packages/airflow/example_dags/plugins/event_listener.py
[2024-10-12T07:50:06.674+0000] {processor.py:914} INFO - Processing file /home/vboxuser/airflow_venv/lib/python3.12/site-packages/airflow/example_dags/plugins/event_listener.py for tasks to queue
[2024-10-12T07:50:06.681+0000] {logging_mixin.py:190} INFO - [2024-10-12T07:50:06.679+0000] {dagbag.py:588} INFO - Filling up the DagBag from /home/vboxuser/airflow_venv/lib/python3.12/site-packages/airflow/example_dags/plugins/event_listener.py
[2024-10-12T07:50:06.687+0000] {processor.py:927} WARNING - No viable dags retrieved from /home/vboxuser/airflow_venv/lib/python3.12/site-packages/airflow/example_dags/plugins/event_listener.py
[2024-10-12T07:50:06.711+0000] {processor.py:208} INFO - Processing /home/vboxuser/airflow_venv/lib/python3.12/site-packages/airflow/example_dags/plugins/event_listener.py took 0.058 seconds
[2024-10-12T07:51:15.532+0000] {processor.py:186} INFO - Started process (PID=13203) to work on /home/vboxuser/airflow_venv/lib/python3.12/site-packages/airflow/example_dags/plugins/event_listener.py
[2024-10-12T07:51:15.534+0000] {processor.py:914} INFO - Processing file /home/vboxuser/airflow_venv/lib/python3.12/site-packages/airflow/example_dags/plugins/event_listener.py for tasks to queue
[2024-10-12T07:51:15.537+0000] {logging_mixin.py:190} INFO - [2024-10-12T07:51:15.536+0000] {dagbag.py:588} INFO - Filling up the DagBag from /home/vboxuser/airflow_venv/lib/python3.12/site-packages/airflow/example_dags/plugins/event_listener.py
[2024-10-12T07:51:15.540+0000] {processor.py:927} WARNING - No viable dags retrieved from /home/vboxuser/airflow_venv/lib/python3.12/site-packages/airflow/example_dags/plugins/event_listener.py
[2024-10-12T07:51:15.557+0000] {processor.py:208} INFO - Processing /home/vboxuser/airflow_venv/lib/python3.12/site-packages/airflow/example_dags/plugins/event_listener.py took 0.033 seconds
[2024-10-12T07:52:28.113+0000] {processor.py:186} INFO - Started process (PID=13278) to work on /home/vboxuser/airflow_venv/lib/python3.12/site-packages/airflow/example_dags/plugins/event_listener.py
[2024-10-12T07:52:28.118+0000] {processor.py:914} INFO - Processing file /home/vboxuser/airflow_venv/lib/python3.12/site-packages/airflow/example_dags/plugins/event_listener.py for tasks to queue
[2024-10-12T07:52:28.122+0000] {logging_mixin.py:190} INFO - [2024-10-12T07:52:28.121+0000] {dagbag.py:588} INFO - Filling up the DagBag from /home/vboxuser/airflow_venv/lib/python3.12/site-packages/airflow/example_dags/plugins/event_listener.py
[2024-10-12T07:52:28.125+0000] {processor.py:927} WARNING - No viable dags retrieved from /home/vboxuser/airflow_venv/lib/python3.12/site-packages/airflow/example_dags/plugins/event_listener.py
[2024-10-12T07:52:28.140+0000] {processor.py:208} INFO - Processing /home/vboxuser/airflow_venv/lib/python3.12/site-packages/airflow/example_dags/plugins/event_listener.py took 0.037 seconds
[2024-10-12T07:53:33.397+0000] {processor.py:186} INFO - Started process (PID=13351) to work on /home/vboxuser/airflow_venv/lib/python3.12/site-packages/airflow/example_dags/plugins/event_listener.py
[2024-10-12T07:53:33.402+0000] {processor.py:914} INFO - Processing file /home/vboxuser/airflow_venv/lib/python3.12/site-packages/airflow/example_dags/plugins/event_listener.py for tasks to queue
[2024-10-12T07:53:33.405+0000] {logging_mixin.py:190} INFO - [2024-10-12T07:53:33.404+0000] {dagbag.py:588} INFO - Filling up the DagBag from /home/vboxuser/airflow_venv/lib/python3.12/site-packages/airflow/example_dags/plugins/event_listener.py
[2024-10-12T07:53:33.408+0000] {processor.py:927} WARNING - No viable dags retrieved from /home/vboxuser/airflow_venv/lib/python3.12/site-packages/airflow/example_dags/plugins/event_listener.py
[2024-10-12T07:53:33.424+0000] {processor.py:208} INFO - Processing /home/vboxuser/airflow_venv/lib/python3.12/site-packages/airflow/example_dags/plugins/event_listener.py took 0.036 seconds
[2024-10-12T07:54:34.126+0000] {processor.py:186} INFO - Started process (PID=13407) to work on /home/vboxuser/airflow_venv/lib/python3.12/site-packages/airflow/example_dags/plugins/event_listener.py
[2024-10-12T07:54:34.129+0000] {processor.py:914} INFO - Processing file /home/vboxuser/airflow_venv/lib/python3.12/site-packages/airflow/example_dags/plugins/event_listener.py for tasks to queue
[2024-10-12T07:54:34.133+0000] {logging_mixin.py:190} INFO - [2024-10-12T07:54:34.133+0000] {dagbag.py:588} INFO - Filling up the DagBag from /home/vboxuser/airflow_venv/lib/python3.12/site-packages/airflow/example_dags/plugins/event_listener.py
[2024-10-12T07:54:34.139+0000] {processor.py:927} WARNING - No viable dags retrieved from /home/vboxuser/airflow_venv/lib/python3.12/site-packages/airflow/example_dags/plugins/event_listener.py
[2024-10-12T07:54:34.166+0000] {processor.py:208} INFO - Processing /home/vboxuser/airflow_venv/lib/python3.12/site-packages/airflow/example_dags/plugins/event_listener.py took 0.049 seconds
[2024-10-12T07:55:35.829+0000] {processor.py:186} INFO - Started process (PID=13469) to work on /home/vboxuser/airflow_venv/lib/python3.12/site-packages/airflow/example_dags/plugins/event_listener.py
[2024-10-12T07:55:35.834+0000] {processor.py:914} INFO - Processing file /home/vboxuser/airflow_venv/lib/python3.12/site-packages/airflow/example_dags/plugins/event_listener.py for tasks to queue
[2024-10-12T07:55:35.838+0000] {logging_mixin.py:190} INFO - [2024-10-12T07:55:35.837+0000] {dagbag.py:588} INFO - Filling up the DagBag from /home/vboxuser/airflow_venv/lib/python3.12/site-packages/airflow/example_dags/plugins/event_listener.py
[2024-10-12T07:55:35.842+0000] {processor.py:927} WARNING - No viable dags retrieved from /home/vboxuser/airflow_venv/lib/python3.12/site-packages/airflow/example_dags/plugins/event_listener.py
[2024-10-12T07:55:35.864+0000] {processor.py:208} INFO - Processing /home/vboxuser/airflow_venv/lib/python3.12/site-packages/airflow/example_dags/plugins/event_listener.py took 0.045 seconds
[2024-10-12T07:56:44.561+0000] {processor.py:186} INFO - Started process (PID=13533) to work on /home/vboxuser/airflow_venv/lib/python3.12/site-packages/airflow/example_dags/plugins/event_listener.py
[2024-10-12T07:56:44.566+0000] {processor.py:914} INFO - Processing file /home/vboxuser/airflow_venv/lib/python3.12/site-packages/airflow/example_dags/plugins/event_listener.py for tasks to queue
[2024-10-12T07:56:44.569+0000] {logging_mixin.py:190} INFO - [2024-10-12T07:56:44.569+0000] {dagbag.py:588} INFO - Filling up the DagBag from /home/vboxuser/airflow_venv/lib/python3.12/site-packages/airflow/example_dags/plugins/event_listener.py
[2024-10-12T07:56:44.572+0000] {processor.py:927} WARNING - No viable dags retrieved from /home/vboxuser/airflow_venv/lib/python3.12/site-packages/airflow/example_dags/plugins/event_listener.py
[2024-10-12T07:56:44.588+0000] {processor.py:208} INFO - Processing /home/vboxuser/airflow_venv/lib/python3.12/site-packages/airflow/example_dags/plugins/event_listener.py took 0.036 seconds
[2024-10-12T07:57:52.041+0000] {processor.py:186} INFO - Started process (PID=13608) to work on /home/vboxuser/airflow_venv/lib/python3.12/site-packages/airflow/example_dags/plugins/event_listener.py
[2024-10-12T07:57:52.046+0000] {processor.py:914} INFO - Processing file /home/vboxuser/airflow_venv/lib/python3.12/site-packages/airflow/example_dags/plugins/event_listener.py for tasks to queue
[2024-10-12T07:57:52.049+0000] {logging_mixin.py:190} INFO - [2024-10-12T07:57:52.049+0000] {dagbag.py:588} INFO - Filling up the DagBag from /home/vboxuser/airflow_venv/lib/python3.12/site-packages/airflow/example_dags/plugins/event_listener.py
[2024-10-12T07:57:52.053+0000] {processor.py:927} WARNING - No viable dags retrieved from /home/vboxuser/airflow_venv/lib/python3.12/site-packages/airflow/example_dags/plugins/event_listener.py
[2024-10-12T07:57:52.076+0000] {processor.py:208} INFO - Processing /home/vboxuser/airflow_venv/lib/python3.12/site-packages/airflow/example_dags/plugins/event_listener.py took 0.044 seconds
[2024-10-12T07:58:52.532+0000] {processor.py:186} INFO - Started process (PID=13666) to work on /home/vboxuser/airflow_venv/lib/python3.12/site-packages/airflow/example_dags/plugins/event_listener.py
[2024-10-12T07:58:52.536+0000] {processor.py:914} INFO - Processing file /home/vboxuser/airflow_venv/lib/python3.12/site-packages/airflow/example_dags/plugins/event_listener.py for tasks to queue
[2024-10-12T07:58:52.541+0000] {logging_mixin.py:190} INFO - [2024-10-12T07:58:52.540+0000] {dagbag.py:588} INFO - Filling up the DagBag from /home/vboxuser/airflow_venv/lib/python3.12/site-packages/airflow/example_dags/plugins/event_listener.py
[2024-10-12T07:58:52.549+0000] {processor.py:927} WARNING - No viable dags retrieved from /home/vboxuser/airflow_venv/lib/python3.12/site-packages/airflow/example_dags/plugins/event_listener.py
[2024-10-12T07:58:52.573+0000] {processor.py:208} INFO - Processing /home/vboxuser/airflow_venv/lib/python3.12/site-packages/airflow/example_dags/plugins/event_listener.py took 0.052 seconds
[2024-10-12T07:59:55.261+0000] {processor.py:186} INFO - Started process (PID=13723) to work on /home/vboxuser/airflow_venv/lib/python3.12/site-packages/airflow/example_dags/plugins/event_listener.py
[2024-10-12T07:59:55.264+0000] {processor.py:914} INFO - Processing file /home/vboxuser/airflow_venv/lib/python3.12/site-packages/airflow/example_dags/plugins/event_listener.py for tasks to queue
[2024-10-12T07:59:55.268+0000] {logging_mixin.py:190} INFO - [2024-10-12T07:59:55.267+0000] {dagbag.py:588} INFO - Filling up the DagBag from /home/vboxuser/airflow_venv/lib/python3.12/site-packages/airflow/example_dags/plugins/event_listener.py
[2024-10-12T07:59:55.271+0000] {processor.py:927} WARNING - No viable dags retrieved from /home/vboxuser/airflow_venv/lib/python3.12/site-packages/airflow/example_dags/plugins/event_listener.py
[2024-10-12T07:59:55.289+0000] {processor.py:208} INFO - Processing /home/vboxuser/airflow_venv/lib/python3.12/site-packages/airflow/example_dags/plugins/event_listener.py took 0.039 seconds
[2024-10-12T08:00:58.456+0000] {processor.py:186} INFO - Started process (PID=13785) to work on /home/vboxuser/airflow_venv/lib/python3.12/site-packages/airflow/example_dags/plugins/event_listener.py
[2024-10-12T08:00:58.462+0000] {processor.py:914} INFO - Processing file /home/vboxuser/airflow_venv/lib/python3.12/site-packages/airflow/example_dags/plugins/event_listener.py for tasks to queue
[2024-10-12T08:00:58.466+0000] {logging_mixin.py:190} INFO - [2024-10-12T08:00:58.465+0000] {dagbag.py:588} INFO - Filling up the DagBag from /home/vboxuser/airflow_venv/lib/python3.12/site-packages/airflow/example_dags/plugins/event_listener.py
[2024-10-12T08:00:58.469+0000] {processor.py:927} WARNING - No viable dags retrieved from /home/vboxuser/airflow_venv/lib/python3.12/site-packages/airflow/example_dags/plugins/event_listener.py
[2024-10-12T08:00:58.490+0000] {processor.py:208} INFO - Processing /home/vboxuser/airflow_venv/lib/python3.12/site-packages/airflow/example_dags/plugins/event_listener.py took 0.047 seconds
[2024-10-12T08:02:08.061+0000] {processor.py:186} INFO - Started process (PID=13846) to work on /home/vboxuser/airflow_venv/lib/python3.12/site-packages/airflow/example_dags/plugins/event_listener.py
[2024-10-12T08:02:08.066+0000] {processor.py:914} INFO - Processing file /home/vboxuser/airflow_venv/lib/python3.12/site-packages/airflow/example_dags/plugins/event_listener.py for tasks to queue
[2024-10-12T08:02:08.070+0000] {logging_mixin.py:190} INFO - [2024-10-12T08:02:08.070+0000] {dagbag.py:588} INFO - Filling up the DagBag from /home/vboxuser/airflow_venv/lib/python3.12/site-packages/airflow/example_dags/plugins/event_listener.py
[2024-10-12T08:02:08.074+0000] {processor.py:927} WARNING - No viable dags retrieved from /home/vboxuser/airflow_venv/lib/python3.12/site-packages/airflow/example_dags/plugins/event_listener.py
[2024-10-12T08:02:08.094+0000] {processor.py:208} INFO - Processing /home/vboxuser/airflow_venv/lib/python3.12/site-packages/airflow/example_dags/plugins/event_listener.py took 0.043 seconds
[2024-10-12T08:03:11.239+0000] {processor.py:186} INFO - Started process (PID=13905) to work on /home/vboxuser/airflow_venv/lib/python3.12/site-packages/airflow/example_dags/plugins/event_listener.py
[2024-10-12T08:03:11.241+0000] {processor.py:914} INFO - Processing file /home/vboxuser/airflow_venv/lib/python3.12/site-packages/airflow/example_dags/plugins/event_listener.py for tasks to queue
[2024-10-12T08:03:11.245+0000] {logging_mixin.py:190} INFO - [2024-10-12T08:03:11.245+0000] {dagbag.py:588} INFO - Filling up the DagBag from /home/vboxuser/airflow_venv/lib/python3.12/site-packages/airflow/example_dags/plugins/event_listener.py
[2024-10-12T08:03:11.248+0000] {processor.py:927} WARNING - No viable dags retrieved from /home/vboxuser/airflow_venv/lib/python3.12/site-packages/airflow/example_dags/plugins/event_listener.py
[2024-10-12T08:03:11.265+0000] {processor.py:208} INFO - Processing /home/vboxuser/airflow_venv/lib/python3.12/site-packages/airflow/example_dags/plugins/event_listener.py took 0.037 seconds
[2024-10-12T08:04:19.585+0000] {processor.py:186} INFO - Started process (PID=13975) to work on /home/vboxuser/airflow_venv/lib/python3.12/site-packages/airflow/example_dags/plugins/event_listener.py
[2024-10-12T08:04:19.587+0000] {processor.py:914} INFO - Processing file /home/vboxuser/airflow_venv/lib/python3.12/site-packages/airflow/example_dags/plugins/event_listener.py for tasks to queue
[2024-10-12T08:04:19.592+0000] {logging_mixin.py:190} INFO - [2024-10-12T08:04:19.591+0000] {dagbag.py:588} INFO - Filling up the DagBag from /home/vboxuser/airflow_venv/lib/python3.12/site-packages/airflow/example_dags/plugins/event_listener.py
[2024-10-12T08:04:19.597+0000] {processor.py:927} WARNING - No viable dags retrieved from /home/vboxuser/airflow_venv/lib/python3.12/site-packages/airflow/example_dags/plugins/event_listener.py
[2024-10-12T08:04:19.611+0000] {processor.py:208} INFO - Processing /home/vboxuser/airflow_venv/lib/python3.12/site-packages/airflow/example_dags/plugins/event_listener.py took 0.037 seconds
[2024-10-12T08:05:28.460+0000] {processor.py:186} INFO - Started process (PID=14041) to work on /home/vboxuser/airflow_venv/lib/python3.12/site-packages/airflow/example_dags/plugins/event_listener.py
[2024-10-12T08:05:28.465+0000] {processor.py:914} INFO - Processing file /home/vboxuser/airflow_venv/lib/python3.12/site-packages/airflow/example_dags/plugins/event_listener.py for tasks to queue
[2024-10-12T08:05:28.468+0000] {logging_mixin.py:190} INFO - [2024-10-12T08:05:28.468+0000] {dagbag.py:588} INFO - Filling up the DagBag from /home/vboxuser/airflow_venv/lib/python3.12/site-packages/airflow/example_dags/plugins/event_listener.py
[2024-10-12T08:05:28.473+0000] {processor.py:927} WARNING - No viable dags retrieved from /home/vboxuser/airflow_venv/lib/python3.12/site-packages/airflow/example_dags/plugins/event_listener.py
[2024-10-12T08:05:28.487+0000] {processor.py:208} INFO - Processing /home/vboxuser/airflow_venv/lib/python3.12/site-packages/airflow/example_dags/plugins/event_listener.py took 0.035 seconds
[2024-10-12T08:06:42.299+0000] {processor.py:186} INFO - Started process (PID=14110) to work on /home/vboxuser/airflow_venv/lib/python3.12/site-packages/airflow/example_dags/plugins/event_listener.py
[2024-10-12T08:06:42.307+0000] {processor.py:914} INFO - Processing file /home/vboxuser/airflow_venv/lib/python3.12/site-packages/airflow/example_dags/plugins/event_listener.py for tasks to queue
[2024-10-12T08:06:42.313+0000] {logging_mixin.py:190} INFO - [2024-10-12T08:06:42.312+0000] {dagbag.py:588} INFO - Filling up the DagBag from /home/vboxuser/airflow_venv/lib/python3.12/site-packages/airflow/example_dags/plugins/event_listener.py
[2024-10-12T08:06:42.318+0000] {processor.py:927} WARNING - No viable dags retrieved from /home/vboxuser/airflow_venv/lib/python3.12/site-packages/airflow/example_dags/plugins/event_listener.py
[2024-10-12T08:06:42.347+0000] {processor.py:208} INFO - Processing /home/vboxuser/airflow_venv/lib/python3.12/site-packages/airflow/example_dags/plugins/event_listener.py took 0.065 seconds
[2024-10-12T08:07:57.530+0000] {processor.py:186} INFO - Started process (PID=14179) to work on /home/vboxuser/airflow_venv/lib/python3.12/site-packages/airflow/example_dags/plugins/event_listener.py
[2024-10-12T08:07:57.536+0000] {processor.py:914} INFO - Processing file /home/vboxuser/airflow_venv/lib/python3.12/site-packages/airflow/example_dags/plugins/event_listener.py for tasks to queue
[2024-10-12T08:07:57.542+0000] {logging_mixin.py:190} INFO - [2024-10-12T08:07:57.541+0000] {dagbag.py:588} INFO - Filling up the DagBag from /home/vboxuser/airflow_venv/lib/python3.12/site-packages/airflow/example_dags/plugins/event_listener.py
[2024-10-12T08:07:57.547+0000] {processor.py:927} WARNING - No viable dags retrieved from /home/vboxuser/airflow_venv/lib/python3.12/site-packages/airflow/example_dags/plugins/event_listener.py
[2024-10-12T08:07:57.572+0000] {processor.py:208} INFO - Processing /home/vboxuser/airflow_venv/lib/python3.12/site-packages/airflow/example_dags/plugins/event_listener.py took 0.054 seconds
[2024-10-12T08:09:12.341+0000] {processor.py:186} INFO - Started process (PID=14244) to work on /home/vboxuser/airflow_venv/lib/python3.12/site-packages/airflow/example_dags/plugins/event_listener.py
[2024-10-12T08:09:12.346+0000] {processor.py:914} INFO - Processing file /home/vboxuser/airflow_venv/lib/python3.12/site-packages/airflow/example_dags/plugins/event_listener.py for tasks to queue
[2024-10-12T08:09:12.352+0000] {logging_mixin.py:190} INFO - [2024-10-12T08:09:12.351+0000] {dagbag.py:588} INFO - Filling up the DagBag from /home/vboxuser/airflow_venv/lib/python3.12/site-packages/airflow/example_dags/plugins/event_listener.py
[2024-10-12T08:09:12.357+0000] {processor.py:927} WARNING - No viable dags retrieved from /home/vboxuser/airflow_venv/lib/python3.12/site-packages/airflow/example_dags/plugins/event_listener.py
[2024-10-12T08:09:12.380+0000] {processor.py:208} INFO - Processing /home/vboxuser/airflow_venv/lib/python3.12/site-packages/airflow/example_dags/plugins/event_listener.py took 0.055 seconds
[2024-10-12T08:10:29.179+0000] {processor.py:186} INFO - Started process (PID=14310) to work on /home/vboxuser/airflow_venv/lib/python3.12/site-packages/airflow/example_dags/plugins/event_listener.py
[2024-10-12T08:10:29.184+0000] {processor.py:914} INFO - Processing file /home/vboxuser/airflow_venv/lib/python3.12/site-packages/airflow/example_dags/plugins/event_listener.py for tasks to queue
[2024-10-12T08:10:29.188+0000] {logging_mixin.py:190} INFO - [2024-10-12T08:10:29.187+0000] {dagbag.py:588} INFO - Filling up the DagBag from /home/vboxuser/airflow_venv/lib/python3.12/site-packages/airflow/example_dags/plugins/event_listener.py
[2024-10-12T08:10:29.191+0000] {processor.py:927} WARNING - No viable dags retrieved from /home/vboxuser/airflow_venv/lib/python3.12/site-packages/airflow/example_dags/plugins/event_listener.py
[2024-10-12T08:10:29.205+0000] {processor.py:208} INFO - Processing /home/vboxuser/airflow_venv/lib/python3.12/site-packages/airflow/example_dags/plugins/event_listener.py took 0.036 seconds
[2024-10-12T08:11:40.149+0000] {processor.py:186} INFO - Started process (PID=14373) to work on /home/vboxuser/airflow_venv/lib/python3.12/site-packages/airflow/example_dags/plugins/event_listener.py
[2024-10-12T08:11:40.154+0000] {processor.py:914} INFO - Processing file /home/vboxuser/airflow_venv/lib/python3.12/site-packages/airflow/example_dags/plugins/event_listener.py for tasks to queue
[2024-10-12T08:11:40.160+0000] {logging_mixin.py:190} INFO - [2024-10-12T08:11:40.159+0000] {dagbag.py:588} INFO - Filling up the DagBag from /home/vboxuser/airflow_venv/lib/python3.12/site-packages/airflow/example_dags/plugins/event_listener.py
[2024-10-12T08:11:40.165+0000] {processor.py:927} WARNING - No viable dags retrieved from /home/vboxuser/airflow_venv/lib/python3.12/site-packages/airflow/example_dags/plugins/event_listener.py
[2024-10-12T08:11:40.185+0000] {processor.py:208} INFO - Processing /home/vboxuser/airflow_venv/lib/python3.12/site-packages/airflow/example_dags/plugins/event_listener.py took 0.049 seconds
[2024-10-12T08:12:46.558+0000] {processor.py:186} INFO - Started process (PID=14433) to work on /home/vboxuser/airflow_venv/lib/python3.12/site-packages/airflow/example_dags/plugins/event_listener.py
[2024-10-12T08:12:46.568+0000] {processor.py:914} INFO - Processing file /home/vboxuser/airflow_venv/lib/python3.12/site-packages/airflow/example_dags/plugins/event_listener.py for tasks to queue
[2024-10-12T08:12:46.573+0000] {logging_mixin.py:190} INFO - [2024-10-12T08:12:46.573+0000] {dagbag.py:588} INFO - Filling up the DagBag from /home/vboxuser/airflow_venv/lib/python3.12/site-packages/airflow/example_dags/plugins/event_listener.py
[2024-10-12T08:12:46.580+0000] {processor.py:927} WARNING - No viable dags retrieved from /home/vboxuser/airflow_venv/lib/python3.12/site-packages/airflow/example_dags/plugins/event_listener.py
[2024-10-12T08:12:46.607+0000] {processor.py:208} INFO - Processing /home/vboxuser/airflow_venv/lib/python3.12/site-packages/airflow/example_dags/plugins/event_listener.py took 0.074 seconds
[2024-10-12T08:13:57.780+0000] {processor.py:186} INFO - Started process (PID=14495) to work on /home/vboxuser/airflow_venv/lib/python3.12/site-packages/airflow/example_dags/plugins/event_listener.py
[2024-10-12T08:13:57.787+0000] {processor.py:914} INFO - Processing file /home/vboxuser/airflow_venv/lib/python3.12/site-packages/airflow/example_dags/plugins/event_listener.py for tasks to queue
[2024-10-12T08:13:57.792+0000] {logging_mixin.py:190} INFO - [2024-10-12T08:13:57.791+0000] {dagbag.py:588} INFO - Filling up the DagBag from /home/vboxuser/airflow_venv/lib/python3.12/site-packages/airflow/example_dags/plugins/event_listener.py
[2024-10-12T08:13:57.796+0000] {processor.py:927} WARNING - No viable dags retrieved from /home/vboxuser/airflow_venv/lib/python3.12/site-packages/airflow/example_dags/plugins/event_listener.py
[2024-10-12T08:13:57.823+0000] {processor.py:208} INFO - Processing /home/vboxuser/airflow_venv/lib/python3.12/site-packages/airflow/example_dags/plugins/event_listener.py took 0.057 seconds
[2024-10-12T08:15:12.870+0000] {processor.py:186} INFO - Started process (PID=14561) to work on /home/vboxuser/airflow_venv/lib/python3.12/site-packages/airflow/example_dags/plugins/event_listener.py
[2024-10-12T08:15:12.876+0000] {processor.py:914} INFO - Processing file /home/vboxuser/airflow_venv/lib/python3.12/site-packages/airflow/example_dags/plugins/event_listener.py for tasks to queue
[2024-10-12T08:15:12.882+0000] {logging_mixin.py:190} INFO - [2024-10-12T08:15:12.881+0000] {dagbag.py:588} INFO - Filling up the DagBag from /home/vboxuser/airflow_venv/lib/python3.12/site-packages/airflow/example_dags/plugins/event_listener.py
[2024-10-12T08:15:12.886+0000] {processor.py:927} WARNING - No viable dags retrieved from /home/vboxuser/airflow_venv/lib/python3.12/site-packages/airflow/example_dags/plugins/event_listener.py
[2024-10-12T08:15:12.911+0000] {processor.py:208} INFO - Processing /home/vboxuser/airflow_venv/lib/python3.12/site-packages/airflow/example_dags/plugins/event_listener.py took 0.058 seconds
[2024-10-12T08:16:27.262+0000] {processor.py:186} INFO - Started process (PID=14623) to work on /home/vboxuser/airflow_venv/lib/python3.12/site-packages/airflow/example_dags/plugins/event_listener.py
[2024-10-12T08:16:27.269+0000] {processor.py:914} INFO - Processing file /home/vboxuser/airflow_venv/lib/python3.12/site-packages/airflow/example_dags/plugins/event_listener.py for tasks to queue
[2024-10-12T08:16:27.275+0000] {logging_mixin.py:190} INFO - [2024-10-12T08:16:27.274+0000] {dagbag.py:588} INFO - Filling up the DagBag from /home/vboxuser/airflow_venv/lib/python3.12/site-packages/airflow/example_dags/plugins/event_listener.py
[2024-10-12T08:16:27.281+0000] {processor.py:927} WARNING - No viable dags retrieved from /home/vboxuser/airflow_venv/lib/python3.12/site-packages/airflow/example_dags/plugins/event_listener.py
[2024-10-12T08:16:27.303+0000] {processor.py:208} INFO - Processing /home/vboxuser/airflow_venv/lib/python3.12/site-packages/airflow/example_dags/plugins/event_listener.py took 0.056 seconds
