[2024-10-12T07:09:31.957+0000] {processor.py:186} INFO - Started process (PID=11338) to work on /home/vboxuser/airflow_venv/lib/python3.12/site-packages/airflow/example_dags/plugins/workday.py
[2024-10-12T07:09:31.959+0000] {processor.py:914} INFO - Processing file /home/vboxuser/airflow_venv/lib/python3.12/site-packages/airflow/example_dags/plugins/workday.py for tasks to queue
[2024-10-12T07:09:31.962+0000] {logging_mixin.py:190} INFO - [2024-10-12T07:09:31.961+0000] {dagbag.py:588} INFO - Filling up the DagBag from /home/vboxuser/airflow_venv/lib/python3.12/site-packages/airflow/example_dags/plugins/workday.py
[2024-10-12T07:09:31.965+0000] {logging_mixin.py:190} INFO - [2024-10-12T07:09:31.965+0000] {workday.py:41} WARNING - Could not import pandas. Holidays will not be considered.
[2024-10-12T07:09:31.966+0000] {processor.py:927} WARNING - No viable dags retrieved from /home/vboxuser/airflow_venv/lib/python3.12/site-packages/airflow/example_dags/plugins/workday.py
[2024-10-12T07:09:31.979+0000] {processor.py:208} INFO - Processing /home/vboxuser/airflow_venv/lib/python3.12/site-packages/airflow/example_dags/plugins/workday.py took 0.037 seconds
[2024-10-12T07:10:44.113+0000] {processor.py:186} INFO - Started process (PID=11409) to work on /home/vboxuser/airflow_venv/lib/python3.12/site-packages/airflow/example_dags/plugins/workday.py
[2024-10-12T07:10:44.115+0000] {processor.py:914} INFO - Processing file /home/vboxuser/airflow_venv/lib/python3.12/site-packages/airflow/example_dags/plugins/workday.py for tasks to queue
[2024-10-12T07:10:44.118+0000] {logging_mixin.py:190} INFO - [2024-10-12T07:10:44.117+0000] {dagbag.py:588} INFO - Filling up the DagBag from /home/vboxuser/airflow_venv/lib/python3.12/site-packages/airflow/example_dags/plugins/workday.py
[2024-10-12T07:10:44.122+0000] {logging_mixin.py:190} INFO - [2024-10-12T07:10:44.121+0000] {workday.py:41} WARNING - Could not import pandas. Holidays will not be considered.
[2024-10-12T07:10:44.122+0000] {processor.py:927} WARNING - No viable dags retrieved from /home/vboxuser/airflow_venv/lib/python3.12/site-packages/airflow/example_dags/plugins/workday.py
[2024-10-12T07:10:44.137+0000] {processor.py:208} INFO - Processing /home/vboxuser/airflow_venv/lib/python3.12/site-packages/airflow/example_dags/plugins/workday.py took 0.033 seconds
[2024-10-12T07:11:46.758+0000] {processor.py:186} INFO - Started process (PID=11467) to work on /home/vboxuser/airflow_venv/lib/python3.12/site-packages/airflow/example_dags/plugins/workday.py
[2024-10-12T07:11:46.763+0000] {processor.py:914} INFO - Processing file /home/vboxuser/airflow_venv/lib/python3.12/site-packages/airflow/example_dags/plugins/workday.py for tasks to queue
[2024-10-12T07:11:46.766+0000] {logging_mixin.py:190} INFO - [2024-10-12T07:11:46.765+0000] {dagbag.py:588} INFO - Filling up the DagBag from /home/vboxuser/airflow_venv/lib/python3.12/site-packages/airflow/example_dags/plugins/workday.py
[2024-10-12T07:11:46.769+0000] {logging_mixin.py:190} INFO - [2024-10-12T07:11:46.769+0000] {workday.py:41} WARNING - Could not import pandas. Holidays will not be considered.
[2024-10-12T07:11:46.769+0000] {processor.py:927} WARNING - No viable dags retrieved from /home/vboxuser/airflow_venv/lib/python3.12/site-packages/airflow/example_dags/plugins/workday.py
[2024-10-12T07:11:46.782+0000] {processor.py:208} INFO - Processing /home/vboxuser/airflow_venv/lib/python3.12/site-packages/airflow/example_dags/plugins/workday.py took 0.032 seconds
[2024-10-12T07:12:48.196+0000] {processor.py:186} INFO - Started process (PID=11524) to work on /home/vboxuser/airflow_venv/lib/python3.12/site-packages/airflow/example_dags/plugins/workday.py
[2024-10-12T07:12:48.199+0000] {processor.py:914} INFO - Processing file /home/vboxuser/airflow_venv/lib/python3.12/site-packages/airflow/example_dags/plugins/workday.py for tasks to queue
[2024-10-12T07:12:48.203+0000] {logging_mixin.py:190} INFO - [2024-10-12T07:12:48.202+0000] {dagbag.py:588} INFO - Filling up the DagBag from /home/vboxuser/airflow_venv/lib/python3.12/site-packages/airflow/example_dags/plugins/workday.py
[2024-10-12T07:12:48.207+0000] {logging_mixin.py:190} INFO - [2024-10-12T07:12:48.206+0000] {workday.py:41} WARNING - Could not import pandas. Holidays will not be considered.
[2024-10-12T07:12:48.207+0000] {processor.py:927} WARNING - No viable dags retrieved from /home/vboxuser/airflow_venv/lib/python3.12/site-packages/airflow/example_dags/plugins/workday.py
[2024-10-12T07:12:48.223+0000] {processor.py:208} INFO - Processing /home/vboxuser/airflow_venv/lib/python3.12/site-packages/airflow/example_dags/plugins/workday.py took 0.036 seconds
[2024-10-12T07:13:53.811+0000] {processor.py:186} INFO - Started process (PID=11664) to work on /home/vboxuser/airflow_venv/lib/python3.12/site-packages/airflow/example_dags/plugins/workday.py
[2024-10-12T07:13:53.813+0000] {processor.py:914} INFO - Processing file /home/vboxuser/airflow_venv/lib/python3.12/site-packages/airflow/example_dags/plugins/workday.py for tasks to queue
[2024-10-12T07:13:53.816+0000] {logging_mixin.py:190} INFO - [2024-10-12T07:13:53.815+0000] {dagbag.py:588} INFO - Filling up the DagBag from /home/vboxuser/airflow_venv/lib/python3.12/site-packages/airflow/example_dags/plugins/workday.py
[2024-10-12T07:13:53.819+0000] {logging_mixin.py:190} INFO - [2024-10-12T07:13:53.819+0000] {workday.py:41} WARNING - Could not import pandas. Holidays will not be considered.
[2024-10-12T07:13:53.820+0000] {processor.py:927} WARNING - No viable dags retrieved from /home/vboxuser/airflow_venv/lib/python3.12/site-packages/airflow/example_dags/plugins/workday.py
[2024-10-12T07:13:53.832+0000] {processor.py:208} INFO - Processing /home/vboxuser/airflow_venv/lib/python3.12/site-packages/airflow/example_dags/plugins/workday.py took 0.037 seconds
[2024-10-12T07:15:02.303+0000] {processor.py:186} INFO - Started process (PID=11736) to work on /home/vboxuser/airflow_venv/lib/python3.12/site-packages/airflow/example_dags/plugins/workday.py
[2024-10-12T07:15:02.305+0000] {processor.py:914} INFO - Processing file /home/vboxuser/airflow_venv/lib/python3.12/site-packages/airflow/example_dags/plugins/workday.py for tasks to queue
[2024-10-12T07:15:02.309+0000] {logging_mixin.py:190} INFO - [2024-10-12T07:15:02.308+0000] {dagbag.py:588} INFO - Filling up the DagBag from /home/vboxuser/airflow_venv/lib/python3.12/site-packages/airflow/example_dags/plugins/workday.py
[2024-10-12T07:15:02.314+0000] {logging_mixin.py:190} INFO - [2024-10-12T07:15:02.313+0000] {workday.py:41} WARNING - Could not import pandas. Holidays will not be considered.
[2024-10-12T07:15:02.315+0000] {processor.py:927} WARNING - No viable dags retrieved from /home/vboxuser/airflow_venv/lib/python3.12/site-packages/airflow/example_dags/plugins/workday.py
[2024-10-12T07:15:02.335+0000] {processor.py:208} INFO - Processing /home/vboxuser/airflow_venv/lib/python3.12/site-packages/airflow/example_dags/plugins/workday.py took 0.043 seconds
[2024-10-12T07:16:17.299+0000] {processor.py:186} INFO - Started process (PID=11802) to work on /home/vboxuser/airflow_venv/lib/python3.12/site-packages/airflow/example_dags/plugins/workday.py
[2024-10-12T07:16:17.302+0000] {processor.py:914} INFO - Processing file /home/vboxuser/airflow_venv/lib/python3.12/site-packages/airflow/example_dags/plugins/workday.py for tasks to queue
[2024-10-12T07:16:17.306+0000] {logging_mixin.py:190} INFO - [2024-10-12T07:16:17.306+0000] {dagbag.py:588} INFO - Filling up the DagBag from /home/vboxuser/airflow_venv/lib/python3.12/site-packages/airflow/example_dags/plugins/workday.py
[2024-10-12T07:16:17.310+0000] {logging_mixin.py:190} INFO - [2024-10-12T07:16:17.310+0000] {workday.py:41} WARNING - Could not import pandas. Holidays will not be considered.
[2024-10-12T07:16:17.310+0000] {processor.py:927} WARNING - No viable dags retrieved from /home/vboxuser/airflow_venv/lib/python3.12/site-packages/airflow/example_dags/plugins/workday.py
[2024-10-12T07:16:17.325+0000] {processor.py:208} INFO - Processing /home/vboxuser/airflow_venv/lib/python3.12/site-packages/airflow/example_dags/plugins/workday.py took 0.036 seconds
[2024-10-12T07:17:18.462+0000] {processor.py:186} INFO - Started process (PID=11862) to work on /home/vboxuser/airflow_venv/lib/python3.12/site-packages/airflow/example_dags/plugins/workday.py
[2024-10-12T07:17:18.466+0000] {processor.py:914} INFO - Processing file /home/vboxuser/airflow_venv/lib/python3.12/site-packages/airflow/example_dags/plugins/workday.py for tasks to queue
[2024-10-12T07:17:18.469+0000] {logging_mixin.py:190} INFO - [2024-10-12T07:17:18.468+0000] {dagbag.py:588} INFO - Filling up the DagBag from /home/vboxuser/airflow_venv/lib/python3.12/site-packages/airflow/example_dags/plugins/workday.py
[2024-10-12T07:17:18.474+0000] {logging_mixin.py:190} INFO - [2024-10-12T07:17:18.473+0000] {workday.py:41} WARNING - Could not import pandas. Holidays will not be considered.
[2024-10-12T07:17:18.474+0000] {processor.py:927} WARNING - No viable dags retrieved from /home/vboxuser/airflow_venv/lib/python3.12/site-packages/airflow/example_dags/plugins/workday.py
[2024-10-12T07:17:18.508+0000] {processor.py:208} INFO - Processing /home/vboxuser/airflow_venv/lib/python3.12/site-packages/airflow/example_dags/plugins/workday.py took 0.053 seconds
[2024-10-12T07:18:22.614+0000] {processor.py:186} INFO - Started process (PID=11921) to work on /home/vboxuser/airflow_venv/lib/python3.12/site-packages/airflow/example_dags/plugins/workday.py
[2024-10-12T07:18:22.621+0000] {processor.py:914} INFO - Processing file /home/vboxuser/airflow_venv/lib/python3.12/site-packages/airflow/example_dags/plugins/workday.py for tasks to queue
[2024-10-12T07:18:22.626+0000] {logging_mixin.py:190} INFO - [2024-10-12T07:18:22.625+0000] {dagbag.py:588} INFO - Filling up the DagBag from /home/vboxuser/airflow_venv/lib/python3.12/site-packages/airflow/example_dags/plugins/workday.py
[2024-10-12T07:18:22.631+0000] {logging_mixin.py:190} INFO - [2024-10-12T07:18:22.630+0000] {workday.py:41} WARNING - Could not import pandas. Holidays will not be considered.
[2024-10-12T07:18:22.632+0000] {processor.py:927} WARNING - No viable dags retrieved from /home/vboxuser/airflow_venv/lib/python3.12/site-packages/airflow/example_dags/plugins/workday.py
[2024-10-12T07:18:22.658+0000] {processor.py:208} INFO - Processing /home/vboxuser/airflow_venv/lib/python3.12/site-packages/airflow/example_dags/plugins/workday.py took 0.054 seconds
[2024-10-12T07:19:23.996+0000] {processor.py:186} INFO - Started process (PID=11978) to work on /home/vboxuser/airflow_venv/lib/python3.12/site-packages/airflow/example_dags/plugins/workday.py
[2024-10-12T07:19:23.998+0000] {processor.py:914} INFO - Processing file /home/vboxuser/airflow_venv/lib/python3.12/site-packages/airflow/example_dags/plugins/workday.py for tasks to queue
[2024-10-12T07:19:24.001+0000] {logging_mixin.py:190} INFO - [2024-10-12T07:19:24.000+0000] {dagbag.py:588} INFO - Filling up the DagBag from /home/vboxuser/airflow_venv/lib/python3.12/site-packages/airflow/example_dags/plugins/workday.py
[2024-10-12T07:19:24.005+0000] {logging_mixin.py:190} INFO - [2024-10-12T07:19:24.004+0000] {workday.py:41} WARNING - Could not import pandas. Holidays will not be considered.
[2024-10-12T07:19:24.006+0000] {processor.py:927} WARNING - No viable dags retrieved from /home/vboxuser/airflow_venv/lib/python3.12/site-packages/airflow/example_dags/plugins/workday.py
[2024-10-12T07:19:24.020+0000] {processor.py:208} INFO - Processing /home/vboxuser/airflow_venv/lib/python3.12/site-packages/airflow/example_dags/plugins/workday.py took 0.032 seconds
[2024-10-12T07:20:28.964+0000] {processor.py:186} INFO - Started process (PID=12041) to work on /home/vboxuser/airflow_venv/lib/python3.12/site-packages/airflow/example_dags/plugins/workday.py
[2024-10-12T07:20:28.968+0000] {processor.py:914} INFO - Processing file /home/vboxuser/airflow_venv/lib/python3.12/site-packages/airflow/example_dags/plugins/workday.py for tasks to queue
[2024-10-12T07:20:28.971+0000] {logging_mixin.py:190} INFO - [2024-10-12T07:20:28.971+0000] {dagbag.py:588} INFO - Filling up the DagBag from /home/vboxuser/airflow_venv/lib/python3.12/site-packages/airflow/example_dags/plugins/workday.py
[2024-10-12T07:20:28.976+0000] {logging_mixin.py:190} INFO - [2024-10-12T07:20:28.976+0000] {workday.py:41} WARNING - Could not import pandas. Holidays will not be considered.
[2024-10-12T07:20:28.977+0000] {processor.py:927} WARNING - No viable dags retrieved from /home/vboxuser/airflow_venv/lib/python3.12/site-packages/airflow/example_dags/plugins/workday.py
[2024-10-12T07:20:28.994+0000] {processor.py:208} INFO - Processing /home/vboxuser/airflow_venv/lib/python3.12/site-packages/airflow/example_dags/plugins/workday.py took 0.039 seconds
[2024-10-12T07:21:36.794+0000] {processor.py:186} INFO - Started process (PID=12103) to work on /home/vboxuser/airflow_venv/lib/python3.12/site-packages/airflow/example_dags/plugins/workday.py
[2024-10-12T07:21:36.798+0000] {processor.py:914} INFO - Processing file /home/vboxuser/airflow_venv/lib/python3.12/site-packages/airflow/example_dags/plugins/workday.py for tasks to queue
[2024-10-12T07:21:36.802+0000] {logging_mixin.py:190} INFO - [2024-10-12T07:21:36.801+0000] {dagbag.py:588} INFO - Filling up the DagBag from /home/vboxuser/airflow_venv/lib/python3.12/site-packages/airflow/example_dags/plugins/workday.py
[2024-10-12T07:21:36.806+0000] {logging_mixin.py:190} INFO - [2024-10-12T07:21:36.806+0000] {workday.py:41} WARNING - Could not import pandas. Holidays will not be considered.
[2024-10-12T07:21:36.807+0000] {processor.py:927} WARNING - No viable dags retrieved from /home/vboxuser/airflow_venv/lib/python3.12/site-packages/airflow/example_dags/plugins/workday.py
[2024-10-12T07:21:36.825+0000] {processor.py:208} INFO - Processing /home/vboxuser/airflow_venv/lib/python3.12/site-packages/airflow/example_dags/plugins/workday.py took 0.042 seconds
[2024-10-12T07:22:41.370+0000] {processor.py:186} INFO - Started process (PID=12162) to work on /home/vboxuser/airflow_venv/lib/python3.12/site-packages/airflow/example_dags/plugins/workday.py
[2024-10-12T07:22:41.372+0000] {processor.py:914} INFO - Processing file /home/vboxuser/airflow_venv/lib/python3.12/site-packages/airflow/example_dags/plugins/workday.py for tasks to queue
[2024-10-12T07:22:41.376+0000] {logging_mixin.py:190} INFO - [2024-10-12T07:22:41.375+0000] {dagbag.py:588} INFO - Filling up the DagBag from /home/vboxuser/airflow_venv/lib/python3.12/site-packages/airflow/example_dags/plugins/workday.py
[2024-10-12T07:22:41.380+0000] {logging_mixin.py:190} INFO - [2024-10-12T07:22:41.380+0000] {workday.py:41} WARNING - Could not import pandas. Holidays will not be considered.
[2024-10-12T07:22:41.381+0000] {processor.py:927} WARNING - No viable dags retrieved from /home/vboxuser/airflow_venv/lib/python3.12/site-packages/airflow/example_dags/plugins/workday.py
[2024-10-12T07:22:41.400+0000] {processor.py:208} INFO - Processing /home/vboxuser/airflow_venv/lib/python3.12/site-packages/airflow/example_dags/plugins/workday.py took 0.039 seconds
[2024-10-12T07:23:54.651+0000] {processor.py:186} INFO - Started process (PID=12224) to work on /home/vboxuser/airflow_venv/lib/python3.12/site-packages/airflow/example_dags/plugins/workday.py
[2024-10-12T07:23:54.656+0000] {processor.py:914} INFO - Processing file /home/vboxuser/airflow_venv/lib/python3.12/site-packages/airflow/example_dags/plugins/workday.py for tasks to queue
[2024-10-12T07:23:54.659+0000] {logging_mixin.py:190} INFO - [2024-10-12T07:23:54.659+0000] {dagbag.py:588} INFO - Filling up the DagBag from /home/vboxuser/airflow_venv/lib/python3.12/site-packages/airflow/example_dags/plugins/workday.py
[2024-10-12T07:23:54.663+0000] {logging_mixin.py:190} INFO - [2024-10-12T07:23:54.663+0000] {workday.py:41} WARNING - Could not import pandas. Holidays will not be considered.
[2024-10-12T07:23:54.664+0000] {processor.py:927} WARNING - No viable dags retrieved from /home/vboxuser/airflow_venv/lib/python3.12/site-packages/airflow/example_dags/plugins/workday.py
[2024-10-12T07:23:54.676+0000] {processor.py:208} INFO - Processing /home/vboxuser/airflow_venv/lib/python3.12/site-packages/airflow/example_dags/plugins/workday.py took 0.032 seconds
[2024-10-12T07:25:01.589+0000] {processor.py:186} INFO - Started process (PID=12288) to work on /home/vboxuser/airflow_venv/lib/python3.12/site-packages/airflow/example_dags/plugins/workday.py
[2024-10-12T07:25:01.592+0000] {processor.py:914} INFO - Processing file /home/vboxuser/airflow_venv/lib/python3.12/site-packages/airflow/example_dags/plugins/workday.py for tasks to queue
[2024-10-12T07:25:01.596+0000] {logging_mixin.py:190} INFO - [2024-10-12T07:25:01.595+0000] {dagbag.py:588} INFO - Filling up the DagBag from /home/vboxuser/airflow_venv/lib/python3.12/site-packages/airflow/example_dags/plugins/workday.py
[2024-10-12T07:25:01.602+0000] {logging_mixin.py:190} INFO - [2024-10-12T07:25:01.601+0000] {workday.py:41} WARNING - Could not import pandas. Holidays will not be considered.
[2024-10-12T07:25:01.603+0000] {processor.py:927} WARNING - No viable dags retrieved from /home/vboxuser/airflow_venv/lib/python3.12/site-packages/airflow/example_dags/plugins/workday.py
[2024-10-12T07:25:01.623+0000] {processor.py:208} INFO - Processing /home/vboxuser/airflow_venv/lib/python3.12/site-packages/airflow/example_dags/plugins/workday.py took 0.043 seconds
[2024-10-12T07:26:11.000+0000] {processor.py:186} INFO - Started process (PID=12352) to work on /home/vboxuser/airflow_venv/lib/python3.12/site-packages/airflow/example_dags/plugins/workday.py
[2024-10-12T07:26:11.003+0000] {processor.py:914} INFO - Processing file /home/vboxuser/airflow_venv/lib/python3.12/site-packages/airflow/example_dags/plugins/workday.py for tasks to queue
[2024-10-12T07:26:11.007+0000] {logging_mixin.py:190} INFO - [2024-10-12T07:26:11.006+0000] {dagbag.py:588} INFO - Filling up the DagBag from /home/vboxuser/airflow_venv/lib/python3.12/site-packages/airflow/example_dags/plugins/workday.py
[2024-10-12T07:26:11.012+0000] {logging_mixin.py:190} INFO - [2024-10-12T07:26:11.012+0000] {workday.py:41} WARNING - Could not import pandas. Holidays will not be considered.
[2024-10-12T07:26:11.013+0000] {processor.py:927} WARNING - No viable dags retrieved from /home/vboxuser/airflow_venv/lib/python3.12/site-packages/airflow/example_dags/plugins/workday.py
[2024-10-12T07:26:11.032+0000] {processor.py:208} INFO - Processing /home/vboxuser/airflow_venv/lib/python3.12/site-packages/airflow/example_dags/plugins/workday.py took 0.082 seconds
[2024-10-12T07:27:22.200+0000] {processor.py:186} INFO - Started process (PID=12413) to work on /home/vboxuser/airflow_venv/lib/python3.12/site-packages/airflow/example_dags/plugins/workday.py
[2024-10-12T07:27:22.203+0000] {processor.py:914} INFO - Processing file /home/vboxuser/airflow_venv/lib/python3.12/site-packages/airflow/example_dags/plugins/workday.py for tasks to queue
[2024-10-12T07:27:22.206+0000] {logging_mixin.py:190} INFO - [2024-10-12T07:27:22.205+0000] {dagbag.py:588} INFO - Filling up the DagBag from /home/vboxuser/airflow_venv/lib/python3.12/site-packages/airflow/example_dags/plugins/workday.py
[2024-10-12T07:27:22.209+0000] {logging_mixin.py:190} INFO - [2024-10-12T07:27:22.209+0000] {workday.py:41} WARNING - Could not import pandas. Holidays will not be considered.
[2024-10-12T07:27:22.209+0000] {processor.py:927} WARNING - No viable dags retrieved from /home/vboxuser/airflow_venv/lib/python3.12/site-packages/airflow/example_dags/plugins/workday.py
[2024-10-12T07:27:22.222+0000] {processor.py:208} INFO - Processing /home/vboxuser/airflow_venv/lib/python3.12/site-packages/airflow/example_dags/plugins/workday.py took 0.029 seconds
[2024-10-12T07:28:35.011+0000] {processor.py:186} INFO - Started process (PID=12476) to work on /home/vboxuser/airflow_venv/lib/python3.12/site-packages/airflow/example_dags/plugins/workday.py
[2024-10-12T07:28:35.015+0000] {processor.py:914} INFO - Processing file /home/vboxuser/airflow_venv/lib/python3.12/site-packages/airflow/example_dags/plugins/workday.py for tasks to queue
[2024-10-12T07:28:35.019+0000] {logging_mixin.py:190} INFO - [2024-10-12T07:28:35.018+0000] {dagbag.py:588} INFO - Filling up the DagBag from /home/vboxuser/airflow_venv/lib/python3.12/site-packages/airflow/example_dags/plugins/workday.py
[2024-10-12T07:28:35.024+0000] {logging_mixin.py:190} INFO - [2024-10-12T07:28:35.024+0000] {workday.py:41} WARNING - Could not import pandas. Holidays will not be considered.
[2024-10-12T07:28:35.025+0000] {processor.py:927} WARNING - No viable dags retrieved from /home/vboxuser/airflow_venv/lib/python3.12/site-packages/airflow/example_dags/plugins/workday.py
[2024-10-12T07:28:35.038+0000] {processor.py:208} INFO - Processing /home/vboxuser/airflow_venv/lib/python3.12/site-packages/airflow/example_dags/plugins/workday.py took 0.037 seconds
[2024-10-12T07:29:38.372+0000] {processor.py:186} INFO - Started process (PID=12532) to work on /home/vboxuser/airflow_venv/lib/python3.12/site-packages/airflow/example_dags/plugins/workday.py
[2024-10-12T07:29:38.377+0000] {processor.py:914} INFO - Processing file /home/vboxuser/airflow_venv/lib/python3.12/site-packages/airflow/example_dags/plugins/workday.py for tasks to queue
[2024-10-12T07:29:38.381+0000] {logging_mixin.py:190} INFO - [2024-10-12T07:29:38.380+0000] {dagbag.py:588} INFO - Filling up the DagBag from /home/vboxuser/airflow_venv/lib/python3.12/site-packages/airflow/example_dags/plugins/workday.py
[2024-10-12T07:29:38.385+0000] {logging_mixin.py:190} INFO - [2024-10-12T07:29:38.385+0000] {workday.py:41} WARNING - Could not import pandas. Holidays will not be considered.
[2024-10-12T07:29:38.386+0000] {processor.py:927} WARNING - No viable dags retrieved from /home/vboxuser/airflow_venv/lib/python3.12/site-packages/airflow/example_dags/plugins/workday.py
[2024-10-12T07:29:38.404+0000] {processor.py:208} INFO - Processing /home/vboxuser/airflow_venv/lib/python3.12/site-packages/airflow/example_dags/plugins/workday.py took 0.039 seconds
[2024-10-12T07:30:50.709+0000] {processor.py:186} INFO - Started process (PID=12616) to work on /home/vboxuser/airflow_venv/lib/python3.12/site-packages/airflow/example_dags/plugins/workday.py
[2024-10-12T07:30:50.712+0000] {processor.py:914} INFO - Processing file /home/vboxuser/airflow_venv/lib/python3.12/site-packages/airflow/example_dags/plugins/workday.py for tasks to queue
[2024-10-12T07:30:50.716+0000] {logging_mixin.py:190} INFO - [2024-10-12T07:30:50.715+0000] {dagbag.py:588} INFO - Filling up the DagBag from /home/vboxuser/airflow_venv/lib/python3.12/site-packages/airflow/example_dags/plugins/workday.py
[2024-10-12T07:30:50.721+0000] {logging_mixin.py:190} INFO - [2024-10-12T07:30:50.720+0000] {workday.py:41} WARNING - Could not import pandas. Holidays will not be considered.
[2024-10-12T07:30:50.721+0000] {processor.py:927} WARNING - No viable dags retrieved from /home/vboxuser/airflow_venv/lib/python3.12/site-packages/airflow/example_dags/plugins/workday.py
[2024-10-12T07:30:50.736+0000] {processor.py:208} INFO - Processing /home/vboxuser/airflow_venv/lib/python3.12/site-packages/airflow/example_dags/plugins/workday.py took 0.037 seconds
[2024-10-12T07:31:59.932+0000] {processor.py:186} INFO - Started process (PID=12686) to work on /home/vboxuser/airflow_venv/lib/python3.12/site-packages/airflow/example_dags/plugins/workday.py
[2024-10-12T07:31:59.936+0000] {processor.py:914} INFO - Processing file /home/vboxuser/airflow_venv/lib/python3.12/site-packages/airflow/example_dags/plugins/workday.py for tasks to queue
[2024-10-12T07:31:59.940+0000] {logging_mixin.py:190} INFO - [2024-10-12T07:31:59.939+0000] {dagbag.py:588} INFO - Filling up the DagBag from /home/vboxuser/airflow_venv/lib/python3.12/site-packages/airflow/example_dags/plugins/workday.py
[2024-10-12T07:31:59.944+0000] {logging_mixin.py:190} INFO - [2024-10-12T07:31:59.944+0000] {workday.py:41} WARNING - Could not import pandas. Holidays will not be considered.
[2024-10-12T07:31:59.945+0000] {processor.py:927} WARNING - No viable dags retrieved from /home/vboxuser/airflow_venv/lib/python3.12/site-packages/airflow/example_dags/plugins/workday.py
[2024-10-12T07:31:59.966+0000] {processor.py:208} INFO - Processing /home/vboxuser/airflow_venv/lib/python3.12/site-packages/airflow/example_dags/plugins/workday.py took 0.043 seconds
[2024-10-12T07:33:02.861+0000] {processor.py:186} INFO - Started process (PID=12744) to work on /home/vboxuser/airflow_venv/lib/python3.12/site-packages/airflow/example_dags/plugins/workday.py
[2024-10-12T07:33:02.864+0000] {processor.py:914} INFO - Processing file /home/vboxuser/airflow_venv/lib/python3.12/site-packages/airflow/example_dags/plugins/workday.py for tasks to queue
[2024-10-12T07:33:02.868+0000] {logging_mixin.py:190} INFO - [2024-10-12T07:33:02.867+0000] {dagbag.py:588} INFO - Filling up the DagBag from /home/vboxuser/airflow_venv/lib/python3.12/site-packages/airflow/example_dags/plugins/workday.py
[2024-10-12T07:33:02.872+0000] {logging_mixin.py:190} INFO - [2024-10-12T07:33:02.871+0000] {workday.py:41} WARNING - Could not import pandas. Holidays will not be considered.
[2024-10-12T07:33:02.872+0000] {processor.py:927} WARNING - No viable dags retrieved from /home/vboxuser/airflow_venv/lib/python3.12/site-packages/airflow/example_dags/plugins/workday.py
[2024-10-12T07:33:02.888+0000] {processor.py:208} INFO - Processing /home/vboxuser/airflow_venv/lib/python3.12/site-packages/airflow/example_dags/plugins/workday.py took 0.035 seconds
[2024-10-12T07:34:06.188+0000] {processor.py:186} INFO - Started process (PID=12803) to work on /home/vboxuser/airflow_venv/lib/python3.12/site-packages/airflow/example_dags/plugins/workday.py
[2024-10-12T07:34:06.191+0000] {processor.py:914} INFO - Processing file /home/vboxuser/airflow_venv/lib/python3.12/site-packages/airflow/example_dags/plugins/workday.py for tasks to queue
[2024-10-12T07:34:06.195+0000] {logging_mixin.py:190} INFO - [2024-10-12T07:34:06.195+0000] {dagbag.py:588} INFO - Filling up the DagBag from /home/vboxuser/airflow_venv/lib/python3.12/site-packages/airflow/example_dags/plugins/workday.py
[2024-10-12T07:34:06.200+0000] {logging_mixin.py:190} INFO - [2024-10-12T07:34:06.200+0000] {workday.py:41} WARNING - Could not import pandas. Holidays will not be considered.
[2024-10-12T07:34:06.201+0000] {processor.py:927} WARNING - No viable dags retrieved from /home/vboxuser/airflow_venv/lib/python3.12/site-packages/airflow/example_dags/plugins/workday.py
[2024-10-12T07:34:06.219+0000] {processor.py:208} INFO - Processing /home/vboxuser/airflow_venv/lib/python3.12/site-packages/airflow/example_dags/plugins/workday.py took 0.043 seconds
[2024-10-12T07:35:07.635+0000] {processor.py:186} INFO - Started process (PID=12876) to work on /home/vboxuser/airflow_venv/lib/python3.12/site-packages/airflow/example_dags/plugins/workday.py
[2024-10-12T07:35:07.638+0000] {processor.py:914} INFO - Processing file /home/vboxuser/airflow_venv/lib/python3.12/site-packages/airflow/example_dags/plugins/workday.py for tasks to queue
[2024-10-12T07:35:07.642+0000] {logging_mixin.py:190} INFO - [2024-10-12T07:35:07.641+0000] {dagbag.py:588} INFO - Filling up the DagBag from /home/vboxuser/airflow_venv/lib/python3.12/site-packages/airflow/example_dags/plugins/workday.py
[2024-10-12T07:35:07.648+0000] {logging_mixin.py:190} INFO - [2024-10-12T07:35:07.647+0000] {workday.py:41} WARNING - Could not import pandas. Holidays will not be considered.
[2024-10-12T07:35:07.649+0000] {processor.py:927} WARNING - No viable dags retrieved from /home/vboxuser/airflow_venv/lib/python3.12/site-packages/airflow/example_dags/plugins/workday.py
[2024-10-12T07:35:07.670+0000] {processor.py:208} INFO - Processing /home/vboxuser/airflow_venv/lib/python3.12/site-packages/airflow/example_dags/plugins/workday.py took 0.048 seconds
[2024-10-12T07:47:50.870+0000] {processor.py:186} INFO - Started process (PID=12947) to work on /home/vboxuser/airflow_venv/lib/python3.12/site-packages/airflow/example_dags/plugins/workday.py
[2024-10-12T07:47:50.873+0000] {processor.py:914} INFO - Processing file /home/vboxuser/airflow_venv/lib/python3.12/site-packages/airflow/example_dags/plugins/workday.py for tasks to queue
[2024-10-12T07:47:50.879+0000] {logging_mixin.py:190} INFO - [2024-10-12T07:47:50.878+0000] {dagbag.py:588} INFO - Filling up the DagBag from /home/vboxuser/airflow_venv/lib/python3.12/site-packages/airflow/example_dags/plugins/workday.py
[2024-10-12T07:47:50.884+0000] {logging_mixin.py:190} INFO - [2024-10-12T07:47:50.884+0000] {workday.py:41} WARNING - Could not import pandas. Holidays will not be considered.
[2024-10-12T07:47:50.885+0000] {processor.py:927} WARNING - No viable dags retrieved from /home/vboxuser/airflow_venv/lib/python3.12/site-packages/airflow/example_dags/plugins/workday.py
[2024-10-12T07:47:50.904+0000] {processor.py:208} INFO - Processing /home/vboxuser/airflow_venv/lib/python3.12/site-packages/airflow/example_dags/plugins/workday.py took 0.048 seconds
[2024-10-12T07:49:00.799+0000] {processor.py:186} INFO - Started process (PID=13008) to work on /home/vboxuser/airflow_venv/lib/python3.12/site-packages/airflow/example_dags/plugins/workday.py
[2024-10-12T07:49:00.803+0000] {processor.py:914} INFO - Processing file /home/vboxuser/airflow_venv/lib/python3.12/site-packages/airflow/example_dags/plugins/workday.py for tasks to queue
[2024-10-12T07:49:00.806+0000] {logging_mixin.py:190} INFO - [2024-10-12T07:49:00.806+0000] {dagbag.py:588} INFO - Filling up the DagBag from /home/vboxuser/airflow_venv/lib/python3.12/site-packages/airflow/example_dags/plugins/workday.py
[2024-10-12T07:49:00.811+0000] {logging_mixin.py:190} INFO - [2024-10-12T07:49:00.811+0000] {workday.py:41} WARNING - Could not import pandas. Holidays will not be considered.
[2024-10-12T07:49:00.812+0000] {processor.py:927} WARNING - No viable dags retrieved from /home/vboxuser/airflow_venv/lib/python3.12/site-packages/airflow/example_dags/plugins/workday.py
[2024-10-12T07:49:00.832+0000] {processor.py:208} INFO - Processing /home/vboxuser/airflow_venv/lib/python3.12/site-packages/airflow/example_dags/plugins/workday.py took 0.046 seconds
[2024-10-12T07:50:07.867+0000] {processor.py:186} INFO - Started process (PID=13067) to work on /home/vboxuser/airflow_venv/lib/python3.12/site-packages/airflow/example_dags/plugins/workday.py
[2024-10-12T07:50:07.869+0000] {processor.py:914} INFO - Processing file /home/vboxuser/airflow_venv/lib/python3.12/site-packages/airflow/example_dags/plugins/workday.py for tasks to queue
[2024-10-12T07:50:07.873+0000] {logging_mixin.py:190} INFO - [2024-10-12T07:50:07.872+0000] {dagbag.py:588} INFO - Filling up the DagBag from /home/vboxuser/airflow_venv/lib/python3.12/site-packages/airflow/example_dags/plugins/workday.py
[2024-10-12T07:50:07.877+0000] {logging_mixin.py:190} INFO - [2024-10-12T07:50:07.877+0000] {workday.py:41} WARNING - Could not import pandas. Holidays will not be considered.
[2024-10-12T07:50:07.878+0000] {processor.py:927} WARNING - No viable dags retrieved from /home/vboxuser/airflow_venv/lib/python3.12/site-packages/airflow/example_dags/plugins/workday.py
[2024-10-12T07:50:07.896+0000] {processor.py:208} INFO - Processing /home/vboxuser/airflow_venv/lib/python3.12/site-packages/airflow/example_dags/plugins/workday.py took 0.043 seconds
[2024-10-12T07:51:16.737+0000] {processor.py:186} INFO - Started process (PID=13204) to work on /home/vboxuser/airflow_venv/lib/python3.12/site-packages/airflow/example_dags/plugins/workday.py
[2024-10-12T07:51:16.739+0000] {processor.py:914} INFO - Processing file /home/vboxuser/airflow_venv/lib/python3.12/site-packages/airflow/example_dags/plugins/workday.py for tasks to queue
[2024-10-12T07:51:16.743+0000] {logging_mixin.py:190} INFO - [2024-10-12T07:51:16.742+0000] {dagbag.py:588} INFO - Filling up the DagBag from /home/vboxuser/airflow_venv/lib/python3.12/site-packages/airflow/example_dags/plugins/workday.py
[2024-10-12T07:51:16.747+0000] {logging_mixin.py:190} INFO - [2024-10-12T07:51:16.747+0000] {workday.py:41} WARNING - Could not import pandas. Holidays will not be considered.
[2024-10-12T07:51:16.748+0000] {processor.py:927} WARNING - No viable dags retrieved from /home/vboxuser/airflow_venv/lib/python3.12/site-packages/airflow/example_dags/plugins/workday.py
[2024-10-12T07:51:16.769+0000] {processor.py:208} INFO - Processing /home/vboxuser/airflow_venv/lib/python3.12/site-packages/airflow/example_dags/plugins/workday.py took 0.043 seconds
[2024-10-12T07:52:29.288+0000] {processor.py:186} INFO - Started process (PID=13279) to work on /home/vboxuser/airflow_venv/lib/python3.12/site-packages/airflow/example_dags/plugins/workday.py
[2024-10-12T07:52:29.290+0000] {processor.py:914} INFO - Processing file /home/vboxuser/airflow_venv/lib/python3.12/site-packages/airflow/example_dags/plugins/workday.py for tasks to queue
[2024-10-12T07:52:29.295+0000] {logging_mixin.py:190} INFO - [2024-10-12T07:52:29.295+0000] {dagbag.py:588} INFO - Filling up the DagBag from /home/vboxuser/airflow_venv/lib/python3.12/site-packages/airflow/example_dags/plugins/workday.py
[2024-10-12T07:52:29.300+0000] {logging_mixin.py:190} INFO - [2024-10-12T07:52:29.299+0000] {workday.py:41} WARNING - Could not import pandas. Holidays will not be considered.
[2024-10-12T07:52:29.300+0000] {processor.py:927} WARNING - No viable dags retrieved from /home/vboxuser/airflow_venv/lib/python3.12/site-packages/airflow/example_dags/plugins/workday.py
[2024-10-12T07:52:29.319+0000] {processor.py:208} INFO - Processing /home/vboxuser/airflow_venv/lib/python3.12/site-packages/airflow/example_dags/plugins/workday.py took 0.044 seconds
[2024-10-12T07:53:33.669+0000] {processor.py:186} INFO - Started process (PID=13352) to work on /home/vboxuser/airflow_venv/lib/python3.12/site-packages/airflow/example_dags/plugins/workday.py
[2024-10-12T07:53:33.675+0000] {processor.py:914} INFO - Processing file /home/vboxuser/airflow_venv/lib/python3.12/site-packages/airflow/example_dags/plugins/workday.py for tasks to queue
[2024-10-12T07:53:33.679+0000] {logging_mixin.py:190} INFO - [2024-10-12T07:53:33.678+0000] {dagbag.py:588} INFO - Filling up the DagBag from /home/vboxuser/airflow_venv/lib/python3.12/site-packages/airflow/example_dags/plugins/workday.py
[2024-10-12T07:53:33.684+0000] {logging_mixin.py:190} INFO - [2024-10-12T07:53:33.684+0000] {workday.py:41} WARNING - Could not import pandas. Holidays will not be considered.
[2024-10-12T07:53:33.685+0000] {processor.py:927} WARNING - No viable dags retrieved from /home/vboxuser/airflow_venv/lib/python3.12/site-packages/airflow/example_dags/plugins/workday.py
[2024-10-12T07:53:33.701+0000] {processor.py:208} INFO - Processing /home/vboxuser/airflow_venv/lib/python3.12/site-packages/airflow/example_dags/plugins/workday.py took 0.044 seconds
[2024-10-12T07:54:35.341+0000] {processor.py:186} INFO - Started process (PID=13408) to work on /home/vboxuser/airflow_venv/lib/python3.12/site-packages/airflow/example_dags/plugins/workday.py
[2024-10-12T07:54:35.348+0000] {processor.py:914} INFO - Processing file /home/vboxuser/airflow_venv/lib/python3.12/site-packages/airflow/example_dags/plugins/workday.py for tasks to queue
[2024-10-12T07:54:35.354+0000] {logging_mixin.py:190} INFO - [2024-10-12T07:54:35.352+0000] {dagbag.py:588} INFO - Filling up the DagBag from /home/vboxuser/airflow_venv/lib/python3.12/site-packages/airflow/example_dags/plugins/workday.py
[2024-10-12T07:54:35.358+0000] {logging_mixin.py:190} INFO - [2024-10-12T07:54:35.358+0000] {workday.py:41} WARNING - Could not import pandas. Holidays will not be considered.
[2024-10-12T07:54:35.359+0000] {processor.py:927} WARNING - No viable dags retrieved from /home/vboxuser/airflow_venv/lib/python3.12/site-packages/airflow/example_dags/plugins/workday.py
[2024-10-12T07:54:35.383+0000] {processor.py:208} INFO - Processing /home/vboxuser/airflow_venv/lib/python3.12/site-packages/airflow/example_dags/plugins/workday.py took 0.056 seconds
[2024-10-12T07:55:37.249+0000] {processor.py:186} INFO - Started process (PID=13470) to work on /home/vboxuser/airflow_venv/lib/python3.12/site-packages/airflow/example_dags/plugins/workday.py
[2024-10-12T07:55:37.260+0000] {processor.py:914} INFO - Processing file /home/vboxuser/airflow_venv/lib/python3.12/site-packages/airflow/example_dags/plugins/workday.py for tasks to queue
[2024-10-12T07:55:37.271+0000] {logging_mixin.py:190} INFO - [2024-10-12T07:55:37.269+0000] {dagbag.py:588} INFO - Filling up the DagBag from /home/vboxuser/airflow_venv/lib/python3.12/site-packages/airflow/example_dags/plugins/workday.py
[2024-10-12T07:55:37.279+0000] {logging_mixin.py:190} INFO - [2024-10-12T07:55:37.278+0000] {workday.py:41} WARNING - Could not import pandas. Holidays will not be considered.
[2024-10-12T07:55:37.280+0000] {processor.py:927} WARNING - No viable dags retrieved from /home/vboxuser/airflow_venv/lib/python3.12/site-packages/airflow/example_dags/plugins/workday.py
[2024-10-12T07:55:37.363+0000] {processor.py:208} INFO - Processing /home/vboxuser/airflow_venv/lib/python3.12/site-packages/airflow/example_dags/plugins/workday.py took 0.169 seconds
[2024-10-12T07:56:45.727+0000] {processor.py:186} INFO - Started process (PID=13534) to work on /home/vboxuser/airflow_venv/lib/python3.12/site-packages/airflow/example_dags/plugins/workday.py
[2024-10-12T07:56:45.733+0000] {processor.py:914} INFO - Processing file /home/vboxuser/airflow_venv/lib/python3.12/site-packages/airflow/example_dags/plugins/workday.py for tasks to queue
[2024-10-12T07:56:45.736+0000] {logging_mixin.py:190} INFO - [2024-10-12T07:56:45.736+0000] {dagbag.py:588} INFO - Filling up the DagBag from /home/vboxuser/airflow_venv/lib/python3.12/site-packages/airflow/example_dags/plugins/workday.py
[2024-10-12T07:56:45.740+0000] {logging_mixin.py:190} INFO - [2024-10-12T07:56:45.740+0000] {workday.py:41} WARNING - Could not import pandas. Holidays will not be considered.
[2024-10-12T07:56:45.740+0000] {processor.py:927} WARNING - No viable dags retrieved from /home/vboxuser/airflow_venv/lib/python3.12/site-packages/airflow/example_dags/plugins/workday.py
[2024-10-12T07:56:45.754+0000] {processor.py:208} INFO - Processing /home/vboxuser/airflow_venv/lib/python3.12/site-packages/airflow/example_dags/plugins/workday.py took 0.034 seconds
[2024-10-12T07:57:52.329+0000] {processor.py:186} INFO - Started process (PID=13609) to work on /home/vboxuser/airflow_venv/lib/python3.12/site-packages/airflow/example_dags/plugins/workday.py
[2024-10-12T07:57:52.333+0000] {processor.py:914} INFO - Processing file /home/vboxuser/airflow_venv/lib/python3.12/site-packages/airflow/example_dags/plugins/workday.py for tasks to queue
[2024-10-12T07:57:52.336+0000] {logging_mixin.py:190} INFO - [2024-10-12T07:57:52.335+0000] {dagbag.py:588} INFO - Filling up the DagBag from /home/vboxuser/airflow_venv/lib/python3.12/site-packages/airflow/example_dags/plugins/workday.py
[2024-10-12T07:57:52.339+0000] {logging_mixin.py:190} INFO - [2024-10-12T07:57:52.339+0000] {workday.py:41} WARNING - Could not import pandas. Holidays will not be considered.
[2024-10-12T07:57:52.340+0000] {processor.py:927} WARNING - No viable dags retrieved from /home/vboxuser/airflow_venv/lib/python3.12/site-packages/airflow/example_dags/plugins/workday.py
[2024-10-12T07:57:52.354+0000] {processor.py:208} INFO - Processing /home/vboxuser/airflow_venv/lib/python3.12/site-packages/airflow/example_dags/plugins/workday.py took 0.033 seconds
[2024-10-12T07:58:53.723+0000] {processor.py:186} INFO - Started process (PID=13667) to work on /home/vboxuser/airflow_venv/lib/python3.12/site-packages/airflow/example_dags/plugins/workday.py
[2024-10-12T07:58:53.730+0000] {processor.py:914} INFO - Processing file /home/vboxuser/airflow_venv/lib/python3.12/site-packages/airflow/example_dags/plugins/workday.py for tasks to queue
[2024-10-12T07:58:53.735+0000] {logging_mixin.py:190} INFO - [2024-10-12T07:58:53.734+0000] {dagbag.py:588} INFO - Filling up the DagBag from /home/vboxuser/airflow_venv/lib/python3.12/site-packages/airflow/example_dags/plugins/workday.py
[2024-10-12T07:58:53.741+0000] {logging_mixin.py:190} INFO - [2024-10-12T07:58:53.740+0000] {workday.py:41} WARNING - Could not import pandas. Holidays will not be considered.
[2024-10-12T07:58:53.742+0000] {processor.py:927} WARNING - No viable dags retrieved from /home/vboxuser/airflow_venv/lib/python3.12/site-packages/airflow/example_dags/plugins/workday.py
[2024-10-12T07:58:53.762+0000] {processor.py:208} INFO - Processing /home/vboxuser/airflow_venv/lib/python3.12/site-packages/airflow/example_dags/plugins/workday.py took 0.053 seconds
[2024-10-12T07:59:56.421+0000] {processor.py:186} INFO - Started process (PID=13724) to work on /home/vboxuser/airflow_venv/lib/python3.12/site-packages/airflow/example_dags/plugins/workday.py
[2024-10-12T07:59:56.424+0000] {processor.py:914} INFO - Processing file /home/vboxuser/airflow_venv/lib/python3.12/site-packages/airflow/example_dags/plugins/workday.py for tasks to queue
[2024-10-12T07:59:56.427+0000] {logging_mixin.py:190} INFO - [2024-10-12T07:59:56.427+0000] {dagbag.py:588} INFO - Filling up the DagBag from /home/vboxuser/airflow_venv/lib/python3.12/site-packages/airflow/example_dags/plugins/workday.py
[2024-10-12T07:59:56.432+0000] {logging_mixin.py:190} INFO - [2024-10-12T07:59:56.432+0000] {workday.py:41} WARNING - Could not import pandas. Holidays will not be considered.
[2024-10-12T07:59:56.433+0000] {processor.py:927} WARNING - No viable dags retrieved from /home/vboxuser/airflow_venv/lib/python3.12/site-packages/airflow/example_dags/plugins/workday.py
[2024-10-12T07:59:56.453+0000] {processor.py:208} INFO - Processing /home/vboxuser/airflow_venv/lib/python3.12/site-packages/airflow/example_dags/plugins/workday.py took 0.042 seconds
[2024-10-12T08:00:59.664+0000] {processor.py:186} INFO - Started process (PID=13786) to work on /home/vboxuser/airflow_venv/lib/python3.12/site-packages/airflow/example_dags/plugins/workday.py
[2024-10-12T08:00:59.670+0000] {processor.py:914} INFO - Processing file /home/vboxuser/airflow_venv/lib/python3.12/site-packages/airflow/example_dags/plugins/workday.py for tasks to queue
[2024-10-12T08:00:59.675+0000] {logging_mixin.py:190} INFO - [2024-10-12T08:00:59.674+0000] {dagbag.py:588} INFO - Filling up the DagBag from /home/vboxuser/airflow_venv/lib/python3.12/site-packages/airflow/example_dags/plugins/workday.py
[2024-10-12T08:00:59.680+0000] {logging_mixin.py:190} INFO - [2024-10-12T08:00:59.680+0000] {workday.py:41} WARNING - Could not import pandas. Holidays will not be considered.
[2024-10-12T08:00:59.681+0000] {processor.py:927} WARNING - No viable dags retrieved from /home/vboxuser/airflow_venv/lib/python3.12/site-packages/airflow/example_dags/plugins/workday.py
[2024-10-12T08:00:59.701+0000] {processor.py:208} INFO - Processing /home/vboxuser/airflow_venv/lib/python3.12/site-packages/airflow/example_dags/plugins/workday.py took 0.049 seconds
[2024-10-12T08:02:09.288+0000] {processor.py:186} INFO - Started process (PID=13847) to work on /home/vboxuser/airflow_venv/lib/python3.12/site-packages/airflow/example_dags/plugins/workday.py
[2024-10-12T08:02:09.294+0000] {processor.py:914} INFO - Processing file /home/vboxuser/airflow_venv/lib/python3.12/site-packages/airflow/example_dags/plugins/workday.py for tasks to queue
[2024-10-12T08:02:09.299+0000] {logging_mixin.py:190} INFO - [2024-10-12T08:02:09.297+0000] {dagbag.py:588} INFO - Filling up the DagBag from /home/vboxuser/airflow_venv/lib/python3.12/site-packages/airflow/example_dags/plugins/workday.py
[2024-10-12T08:02:09.304+0000] {logging_mixin.py:190} INFO - [2024-10-12T08:02:09.304+0000] {workday.py:41} WARNING - Could not import pandas. Holidays will not be considered.
[2024-10-12T08:02:09.305+0000] {processor.py:927} WARNING - No viable dags retrieved from /home/vboxuser/airflow_venv/lib/python3.12/site-packages/airflow/example_dags/plugins/workday.py
[2024-10-12T08:02:09.326+0000] {processor.py:208} INFO - Processing /home/vboxuser/airflow_venv/lib/python3.12/site-packages/airflow/example_dags/plugins/workday.py took 0.049 seconds
[2024-10-12T08:03:12.427+0000] {processor.py:186} INFO - Started process (PID=13906) to work on /home/vboxuser/airflow_venv/lib/python3.12/site-packages/airflow/example_dags/plugins/workday.py
[2024-10-12T08:03:12.429+0000] {processor.py:914} INFO - Processing file /home/vboxuser/airflow_venv/lib/python3.12/site-packages/airflow/example_dags/plugins/workday.py for tasks to queue
[2024-10-12T08:03:12.433+0000] {logging_mixin.py:190} INFO - [2024-10-12T08:03:12.432+0000] {dagbag.py:588} INFO - Filling up the DagBag from /home/vboxuser/airflow_venv/lib/python3.12/site-packages/airflow/example_dags/plugins/workday.py
[2024-10-12T08:03:12.438+0000] {logging_mixin.py:190} INFO - [2024-10-12T08:03:12.437+0000] {workday.py:41} WARNING - Could not import pandas. Holidays will not be considered.
[2024-10-12T08:03:12.438+0000] {processor.py:927} WARNING - No viable dags retrieved from /home/vboxuser/airflow_venv/lib/python3.12/site-packages/airflow/example_dags/plugins/workday.py
[2024-10-12T08:03:12.457+0000] {processor.py:208} INFO - Processing /home/vboxuser/airflow_venv/lib/python3.12/site-packages/airflow/example_dags/plugins/workday.py took 0.041 seconds
[2024-10-12T08:04:20.764+0000] {processor.py:186} INFO - Started process (PID=13976) to work on /home/vboxuser/airflow_venv/lib/python3.12/site-packages/airflow/example_dags/plugins/workday.py
[2024-10-12T08:04:20.768+0000] {processor.py:914} INFO - Processing file /home/vboxuser/airflow_venv/lib/python3.12/site-packages/airflow/example_dags/plugins/workday.py for tasks to queue
[2024-10-12T08:04:20.772+0000] {logging_mixin.py:190} INFO - [2024-10-12T08:04:20.771+0000] {dagbag.py:588} INFO - Filling up the DagBag from /home/vboxuser/airflow_venv/lib/python3.12/site-packages/airflow/example_dags/plugins/workday.py
[2024-10-12T08:04:20.776+0000] {logging_mixin.py:190} INFO - [2024-10-12T08:04:20.776+0000] {workday.py:41} WARNING - Could not import pandas. Holidays will not be considered.
[2024-10-12T08:04:20.777+0000] {processor.py:927} WARNING - No viable dags retrieved from /home/vboxuser/airflow_venv/lib/python3.12/site-packages/airflow/example_dags/plugins/workday.py
[2024-10-12T08:04:20.793+0000] {processor.py:208} INFO - Processing /home/vboxuser/airflow_venv/lib/python3.12/site-packages/airflow/example_dags/plugins/workday.py took 0.040 seconds
[2024-10-12T08:05:29.634+0000] {processor.py:186} INFO - Started process (PID=14042) to work on /home/vboxuser/airflow_venv/lib/python3.12/site-packages/airflow/example_dags/plugins/workday.py
[2024-10-12T08:05:29.640+0000] {processor.py:914} INFO - Processing file /home/vboxuser/airflow_venv/lib/python3.12/site-packages/airflow/example_dags/plugins/workday.py for tasks to queue
[2024-10-12T08:05:29.646+0000] {logging_mixin.py:190} INFO - [2024-10-12T08:05:29.644+0000] {dagbag.py:588} INFO - Filling up the DagBag from /home/vboxuser/airflow_venv/lib/python3.12/site-packages/airflow/example_dags/plugins/workday.py
[2024-10-12T08:05:29.651+0000] {logging_mixin.py:190} INFO - [2024-10-12T08:05:29.651+0000] {workday.py:41} WARNING - Could not import pandas. Holidays will not be considered.
[2024-10-12T08:05:29.652+0000] {processor.py:927} WARNING - No viable dags retrieved from /home/vboxuser/airflow_venv/lib/python3.12/site-packages/airflow/example_dags/plugins/workday.py
[2024-10-12T08:05:29.672+0000] {processor.py:208} INFO - Processing /home/vboxuser/airflow_venv/lib/python3.12/site-packages/airflow/example_dags/plugins/workday.py took 0.048 seconds
[2024-10-12T08:06:43.572+0000] {processor.py:186} INFO - Started process (PID=14111) to work on /home/vboxuser/airflow_venv/lib/python3.12/site-packages/airflow/example_dags/plugins/workday.py
[2024-10-12T08:06:43.577+0000] {processor.py:914} INFO - Processing file /home/vboxuser/airflow_venv/lib/python3.12/site-packages/airflow/example_dags/plugins/workday.py for tasks to queue
[2024-10-12T08:06:43.582+0000] {logging_mixin.py:190} INFO - [2024-10-12T08:06:43.581+0000] {dagbag.py:588} INFO - Filling up the DagBag from /home/vboxuser/airflow_venv/lib/python3.12/site-packages/airflow/example_dags/plugins/workday.py
[2024-10-12T08:06:43.590+0000] {logging_mixin.py:190} INFO - [2024-10-12T08:06:43.589+0000] {workday.py:41} WARNING - Could not import pandas. Holidays will not be considered.
[2024-10-12T08:06:43.591+0000] {processor.py:927} WARNING - No viable dags retrieved from /home/vboxuser/airflow_venv/lib/python3.12/site-packages/airflow/example_dags/plugins/workday.py
[2024-10-12T08:06:43.619+0000] {processor.py:208} INFO - Processing /home/vboxuser/airflow_venv/lib/python3.12/site-packages/airflow/example_dags/plugins/workday.py took 0.061 seconds
[2024-10-12T08:07:58.716+0000] {processor.py:186} INFO - Started process (PID=14180) to work on /home/vboxuser/airflow_venv/lib/python3.12/site-packages/airflow/example_dags/plugins/workday.py
[2024-10-12T08:07:58.723+0000] {processor.py:914} INFO - Processing file /home/vboxuser/airflow_venv/lib/python3.12/site-packages/airflow/example_dags/plugins/workday.py for tasks to queue
[2024-10-12T08:07:58.728+0000] {logging_mixin.py:190} INFO - [2024-10-12T08:07:58.727+0000] {dagbag.py:588} INFO - Filling up the DagBag from /home/vboxuser/airflow_venv/lib/python3.12/site-packages/airflow/example_dags/plugins/workday.py
[2024-10-12T08:07:58.736+0000] {logging_mixin.py:190} INFO - [2024-10-12T08:07:58.735+0000] {workday.py:41} WARNING - Could not import pandas. Holidays will not be considered.
[2024-10-12T08:07:58.737+0000] {processor.py:927} WARNING - No viable dags retrieved from /home/vboxuser/airflow_venv/lib/python3.12/site-packages/airflow/example_dags/plugins/workday.py
[2024-10-12T08:07:58.766+0000] {processor.py:208} INFO - Processing /home/vboxuser/airflow_venv/lib/python3.12/site-packages/airflow/example_dags/plugins/workday.py took 0.062 seconds
[2024-10-12T08:09:13.541+0000] {processor.py:186} INFO - Started process (PID=14245) to work on /home/vboxuser/airflow_venv/lib/python3.12/site-packages/airflow/example_dags/plugins/workday.py
[2024-10-12T08:09:13.550+0000] {processor.py:914} INFO - Processing file /home/vboxuser/airflow_venv/lib/python3.12/site-packages/airflow/example_dags/plugins/workday.py for tasks to queue
[2024-10-12T08:09:13.555+0000] {logging_mixin.py:190} INFO - [2024-10-12T08:09:13.554+0000] {dagbag.py:588} INFO - Filling up the DagBag from /home/vboxuser/airflow_venv/lib/python3.12/site-packages/airflow/example_dags/plugins/workday.py
[2024-10-12T08:09:13.561+0000] {logging_mixin.py:190} INFO - [2024-10-12T08:09:13.561+0000] {workday.py:41} WARNING - Could not import pandas. Holidays will not be considered.
[2024-10-12T08:09:13.562+0000] {processor.py:927} WARNING - No viable dags retrieved from /home/vboxuser/airflow_venv/lib/python3.12/site-packages/airflow/example_dags/plugins/workday.py
[2024-10-12T08:09:13.591+0000] {processor.py:208} INFO - Processing /home/vboxuser/airflow_venv/lib/python3.12/site-packages/airflow/example_dags/plugins/workday.py took 0.066 seconds
[2024-10-12T08:10:30.456+0000] {processor.py:186} INFO - Started process (PID=14311) to work on /home/vboxuser/airflow_venv/lib/python3.12/site-packages/airflow/example_dags/plugins/workday.py
[2024-10-12T08:10:30.463+0000] {processor.py:914} INFO - Processing file /home/vboxuser/airflow_venv/lib/python3.12/site-packages/airflow/example_dags/plugins/workday.py for tasks to queue
[2024-10-12T08:10:30.469+0000] {logging_mixin.py:190} INFO - [2024-10-12T08:10:30.468+0000] {dagbag.py:588} INFO - Filling up the DagBag from /home/vboxuser/airflow_venv/lib/python3.12/site-packages/airflow/example_dags/plugins/workday.py
[2024-10-12T08:10:30.475+0000] {logging_mixin.py:190} INFO - [2024-10-12T08:10:30.475+0000] {workday.py:41} WARNING - Could not import pandas. Holidays will not be considered.
[2024-10-12T08:10:30.476+0000] {processor.py:927} WARNING - No viable dags retrieved from /home/vboxuser/airflow_venv/lib/python3.12/site-packages/airflow/example_dags/plugins/workday.py
[2024-10-12T08:10:30.498+0000] {processor.py:208} INFO - Processing /home/vboxuser/airflow_venv/lib/python3.12/site-packages/airflow/example_dags/plugins/workday.py took 0.056 seconds
[2024-10-12T08:11:41.344+0000] {processor.py:186} INFO - Started process (PID=14374) to work on /home/vboxuser/airflow_venv/lib/python3.12/site-packages/airflow/example_dags/plugins/workday.py
[2024-10-12T08:11:41.351+0000] {processor.py:914} INFO - Processing file /home/vboxuser/airflow_venv/lib/python3.12/site-packages/airflow/example_dags/plugins/workday.py for tasks to queue
[2024-10-12T08:11:41.359+0000] {logging_mixin.py:190} INFO - [2024-10-12T08:11:41.358+0000] {dagbag.py:588} INFO - Filling up the DagBag from /home/vboxuser/airflow_venv/lib/python3.12/site-packages/airflow/example_dags/plugins/workday.py
[2024-10-12T08:11:41.364+0000] {logging_mixin.py:190} INFO - [2024-10-12T08:11:41.364+0000] {workday.py:41} WARNING - Could not import pandas. Holidays will not be considered.
[2024-10-12T08:11:41.366+0000] {processor.py:927} WARNING - No viable dags retrieved from /home/vboxuser/airflow_venv/lib/python3.12/site-packages/airflow/example_dags/plugins/workday.py
[2024-10-12T08:11:41.392+0000] {processor.py:208} INFO - Processing /home/vboxuser/airflow_venv/lib/python3.12/site-packages/airflow/example_dags/plugins/workday.py took 0.062 seconds
[2024-10-12T08:12:47.475+0000] {processor.py:186} INFO - Started process (PID=14434) to work on /home/vboxuser/airflow_venv/lib/python3.12/site-packages/airflow/example_dags/plugins/workday.py
[2024-10-12T08:12:47.481+0000] {processor.py:914} INFO - Processing file /home/vboxuser/airflow_venv/lib/python3.12/site-packages/airflow/example_dags/plugins/workday.py for tasks to queue
[2024-10-12T08:12:47.484+0000] {logging_mixin.py:190} INFO - [2024-10-12T08:12:47.484+0000] {dagbag.py:588} INFO - Filling up the DagBag from /home/vboxuser/airflow_venv/lib/python3.12/site-packages/airflow/example_dags/plugins/workday.py
[2024-10-12T08:12:47.487+0000] {logging_mixin.py:190} INFO - [2024-10-12T08:12:47.487+0000] {workday.py:41} WARNING - Could not import pandas. Holidays will not be considered.
[2024-10-12T08:12:47.488+0000] {processor.py:927} WARNING - No viable dags retrieved from /home/vboxuser/airflow_venv/lib/python3.12/site-packages/airflow/example_dags/plugins/workday.py
[2024-10-12T08:12:47.517+0000] {processor.py:208} INFO - Processing /home/vboxuser/airflow_venv/lib/python3.12/site-packages/airflow/example_dags/plugins/workday.py took 0.053 seconds
[2024-10-12T08:13:58.982+0000] {processor.py:186} INFO - Started process (PID=14496) to work on /home/vboxuser/airflow_venv/lib/python3.12/site-packages/airflow/example_dags/plugins/workday.py
[2024-10-12T08:13:58.989+0000] {processor.py:914} INFO - Processing file /home/vboxuser/airflow_venv/lib/python3.12/site-packages/airflow/example_dags/plugins/workday.py for tasks to queue
[2024-10-12T08:13:58.993+0000] {logging_mixin.py:190} INFO - [2024-10-12T08:13:58.992+0000] {dagbag.py:588} INFO - Filling up the DagBag from /home/vboxuser/airflow_venv/lib/python3.12/site-packages/airflow/example_dags/plugins/workday.py
[2024-10-12T08:13:58.998+0000] {logging_mixin.py:190} INFO - [2024-10-12T08:13:58.998+0000] {workday.py:41} WARNING - Could not import pandas. Holidays will not be considered.
[2024-10-12T08:13:58.999+0000] {processor.py:927} WARNING - No viable dags retrieved from /home/vboxuser/airflow_venv/lib/python3.12/site-packages/airflow/example_dags/plugins/workday.py
[2024-10-12T08:13:59.021+0000] {processor.py:208} INFO - Processing /home/vboxuser/airflow_venv/lib/python3.12/site-packages/airflow/example_dags/plugins/workday.py took 0.051 seconds
[2024-10-12T08:15:14.066+0000] {processor.py:186} INFO - Started process (PID=14562) to work on /home/vboxuser/airflow_venv/lib/python3.12/site-packages/airflow/example_dags/plugins/workday.py
[2024-10-12T08:15:14.073+0000] {processor.py:914} INFO - Processing file /home/vboxuser/airflow_venv/lib/python3.12/site-packages/airflow/example_dags/plugins/workday.py for tasks to queue
[2024-10-12T08:15:14.078+0000] {logging_mixin.py:190} INFO - [2024-10-12T08:15:14.077+0000] {dagbag.py:588} INFO - Filling up the DagBag from /home/vboxuser/airflow_venv/lib/python3.12/site-packages/airflow/example_dags/plugins/workday.py
[2024-10-12T08:15:14.083+0000] {logging_mixin.py:190} INFO - [2024-10-12T08:15:14.082+0000] {workday.py:41} WARNING - Could not import pandas. Holidays will not be considered.
[2024-10-12T08:15:14.084+0000] {processor.py:927} WARNING - No viable dags retrieved from /home/vboxuser/airflow_venv/lib/python3.12/site-packages/airflow/example_dags/plugins/workday.py
[2024-10-12T08:15:14.107+0000] {processor.py:208} INFO - Processing /home/vboxuser/airflow_venv/lib/python3.12/site-packages/airflow/example_dags/plugins/workday.py took 0.056 seconds
[2024-10-12T08:16:28.449+0000] {processor.py:186} INFO - Started process (PID=14624) to work on /home/vboxuser/airflow_venv/lib/python3.12/site-packages/airflow/example_dags/plugins/workday.py
[2024-10-12T08:16:28.456+0000] {processor.py:914} INFO - Processing file /home/vboxuser/airflow_venv/lib/python3.12/site-packages/airflow/example_dags/plugins/workday.py for tasks to queue
[2024-10-12T08:16:28.461+0000] {logging_mixin.py:190} INFO - [2024-10-12T08:16:28.460+0000] {dagbag.py:588} INFO - Filling up the DagBag from /home/vboxuser/airflow_venv/lib/python3.12/site-packages/airflow/example_dags/plugins/workday.py
[2024-10-12T08:16:28.467+0000] {logging_mixin.py:190} INFO - [2024-10-12T08:16:28.466+0000] {workday.py:41} WARNING - Could not import pandas. Holidays will not be considered.
[2024-10-12T08:16:28.467+0000] {processor.py:927} WARNING - No viable dags retrieved from /home/vboxuser/airflow_venv/lib/python3.12/site-packages/airflow/example_dags/plugins/workday.py
[2024-10-12T08:16:28.493+0000] {processor.py:208} INFO - Processing /home/vboxuser/airflow_venv/lib/python3.12/site-packages/airflow/example_dags/plugins/workday.py took 0.058 seconds
