[2024-10-13T07:29:07.804+0000] {processor.py:186} INFO - Started process (PID=16137) to work on /home/vboxuser/airflow_venv/lib/python3.12/site-packages/airflow/example_dags/example_dataset_alias_with_no_taskflow.py
[2024-10-13T07:29:07.807+0000] {processor.py:914} INFO - Processing file /home/vboxuser/airflow_venv/lib/python3.12/site-packages/airflow/example_dags/example_dataset_alias_with_no_taskflow.py for tasks to queue
[2024-10-13T07:29:07.814+0000] {logging_mixin.py:190} INFO - [2024-10-13T07:29:07.813+0000] {dagbag.py:588} INFO - Filling up the DagBag from /home/vboxuser/airflow_venv/lib/python3.12/site-packages/airflow/example_dags/example_dataset_alias_with_no_taskflow.py
[2024-10-13T07:29:07.907+0000] {processor.py:925} INFO - DAG(s) 'dataset_alias_example_alias_consumer_with_no_taskflow', 'dataset_alias_example_alias_producer_with_no_taskflow', 'dataset_s3_bucket_producer_with_no_taskflow', 'dataset_s3_bucket_consumer_with_no_taskflow' retrieved from /home/vboxuser/airflow_venv/lib/python3.12/site-packages/airflow/example_dags/example_dataset_alias_with_no_taskflow.py
[2024-10-13T07:29:07.956+0000] {logging_mixin.py:190} INFO - [2024-10-13T07:29:07.956+0000] {dag.py:3239} INFO - Sync 4 DAGs
[2024-10-13T07:29:07.993+0000] {logging_mixin.py:190} INFO - [2024-10-13T07:29:07.993+0000] {dag.py:4180} INFO - Setting next_dagrun for dataset_alias_example_alias_consumer_with_no_taskflow to None, run_after=None
[2024-10-13T07:29:07.996+0000] {logging_mixin.py:190} INFO - [2024-10-13T07:29:07.995+0000] {dag.py:4180} INFO - Setting next_dagrun for dataset_alias_example_alias_producer_with_no_taskflow to None, run_after=None
[2024-10-13T07:29:07.996+0000] {logging_mixin.py:190} INFO - [2024-10-13T07:29:07.996+0000] {dag.py:4180} INFO - Setting next_dagrun for dataset_s3_bucket_consumer_with_no_taskflow to None, run_after=None
[2024-10-13T07:29:07.997+0000] {logging_mixin.py:190} INFO - [2024-10-13T07:29:07.997+0000] {dag.py:4180} INFO - Setting next_dagrun for dataset_s3_bucket_producer_with_no_taskflow to None, run_after=None
[2024-10-13T07:29:08.224+0000] {processor.py:208} INFO - Processing /home/vboxuser/airflow_venv/lib/python3.12/site-packages/airflow/example_dags/example_dataset_alias_with_no_taskflow.py took 0.440 seconds
[2024-10-13T07:30:27.678+0000] {processor.py:186} INFO - Started process (PID=16289) to work on /home/vboxuser/airflow_venv/lib/python3.12/site-packages/airflow/example_dags/example_dataset_alias_with_no_taskflow.py
[2024-10-13T07:30:27.682+0000] {processor.py:914} INFO - Processing file /home/vboxuser/airflow_venv/lib/python3.12/site-packages/airflow/example_dags/example_dataset_alias_with_no_taskflow.py for tasks to queue
[2024-10-13T07:30:27.684+0000] {logging_mixin.py:190} INFO - [2024-10-13T07:30:27.684+0000] {dagbag.py:588} INFO - Filling up the DagBag from /home/vboxuser/airflow_venv/lib/python3.12/site-packages/airflow/example_dags/example_dataset_alias_with_no_taskflow.py
[2024-10-13T07:30:27.701+0000] {processor.py:925} INFO - DAG(s) 'dataset_alias_example_alias_consumer_with_no_taskflow', 'dataset_alias_example_alias_producer_with_no_taskflow', 'dataset_s3_bucket_producer_with_no_taskflow', 'dataset_s3_bucket_consumer_with_no_taskflow' retrieved from /home/vboxuser/airflow_venv/lib/python3.12/site-packages/airflow/example_dags/example_dataset_alias_with_no_taskflow.py
[2024-10-13T07:30:27.714+0000] {logging_mixin.py:190} INFO - [2024-10-13T07:30:27.713+0000] {dag.py:3239} INFO - Sync 4 DAGs
[2024-10-13T07:30:27.726+0000] {logging_mixin.py:190} INFO - [2024-10-13T07:30:27.726+0000] {dag.py:4180} INFO - Setting next_dagrun for dataset_alias_example_alias_consumer_with_no_taskflow to None, run_after=None
[2024-10-13T07:30:27.727+0000] {logging_mixin.py:190} INFO - [2024-10-13T07:30:27.727+0000] {dag.py:4180} INFO - Setting next_dagrun for dataset_alias_example_alias_producer_with_no_taskflow to None, run_after=None
[2024-10-13T07:30:27.727+0000] {logging_mixin.py:190} INFO - [2024-10-13T07:30:27.727+0000] {dag.py:4180} INFO - Setting next_dagrun for dataset_s3_bucket_consumer_with_no_taskflow to None, run_after=None
[2024-10-13T07:30:27.728+0000] {logging_mixin.py:190} INFO - [2024-10-13T07:30:27.728+0000] {dag.py:4180} INFO - Setting next_dagrun for dataset_s3_bucket_producer_with_no_taskflow to None, run_after=None
[2024-10-13T07:30:27.748+0000] {processor.py:208} INFO - Processing /home/vboxuser/airflow_venv/lib/python3.12/site-packages/airflow/example_dags/example_dataset_alias_with_no_taskflow.py took 0.073 seconds
[2024-10-13T07:31:31.620+0000] {processor.py:186} INFO - Started process (PID=16391) to work on /home/vboxuser/airflow_venv/lib/python3.12/site-packages/airflow/example_dags/example_dataset_alias_with_no_taskflow.py
[2024-10-13T07:31:31.639+0000] {processor.py:914} INFO - Processing file /home/vboxuser/airflow_venv/lib/python3.12/site-packages/airflow/example_dags/example_dataset_alias_with_no_taskflow.py for tasks to queue
[2024-10-13T07:31:31.652+0000] {logging_mixin.py:190} INFO - [2024-10-13T07:31:31.650+0000] {dagbag.py:588} INFO - Filling up the DagBag from /home/vboxuser/airflow_venv/lib/python3.12/site-packages/airflow/example_dags/example_dataset_alias_with_no_taskflow.py
[2024-10-13T07:31:31.706+0000] {processor.py:925} INFO - DAG(s) 'dataset_alias_example_alias_consumer_with_no_taskflow', 'dataset_s3_bucket_producer_with_no_taskflow', 'dataset_alias_example_alias_producer_with_no_taskflow', 'dataset_s3_bucket_consumer_with_no_taskflow' retrieved from /home/vboxuser/airflow_venv/lib/python3.12/site-packages/airflow/example_dags/example_dataset_alias_with_no_taskflow.py
[2024-10-13T07:31:31.786+0000] {logging_mixin.py:190} INFO - [2024-10-13T07:31:31.786+0000] {dag.py:3239} INFO - Sync 4 DAGs
[2024-10-13T07:31:31.831+0000] {logging_mixin.py:190} INFO - [2024-10-13T07:31:31.831+0000] {dag.py:4180} INFO - Setting next_dagrun for dataset_alias_example_alias_consumer_with_no_taskflow to None, run_after=None
[2024-10-13T07:31:31.838+0000] {logging_mixin.py:190} INFO - [2024-10-13T07:31:31.837+0000] {dag.py:4180} INFO - Setting next_dagrun for dataset_alias_example_alias_producer_with_no_taskflow to None, run_after=None
[2024-10-13T07:31:31.847+0000] {logging_mixin.py:190} INFO - [2024-10-13T07:31:31.847+0000] {dag.py:4180} INFO - Setting next_dagrun for dataset_s3_bucket_consumer_with_no_taskflow to None, run_after=None
[2024-10-13T07:31:31.851+0000] {logging_mixin.py:190} INFO - [2024-10-13T07:31:31.851+0000] {dag.py:4180} INFO - Setting next_dagrun for dataset_s3_bucket_producer_with_no_taskflow to None, run_after=None
[2024-10-13T07:31:31.972+0000] {processor.py:208} INFO - Processing /home/vboxuser/airflow_venv/lib/python3.12/site-packages/airflow/example_dags/example_dataset_alias_with_no_taskflow.py took 0.380 seconds
[2024-10-13T07:32:40.844+0000] {processor.py:186} INFO - Started process (PID=16606) to work on /home/vboxuser/airflow_venv/lib/python3.12/site-packages/airflow/example_dags/example_dataset_alias_with_no_taskflow.py
[2024-10-13T07:32:40.847+0000] {processor.py:914} INFO - Processing file /home/vboxuser/airflow_venv/lib/python3.12/site-packages/airflow/example_dags/example_dataset_alias_with_no_taskflow.py for tasks to queue
[2024-10-13T07:32:40.850+0000] {logging_mixin.py:190} INFO - [2024-10-13T07:32:40.849+0000] {dagbag.py:588} INFO - Filling up the DagBag from /home/vboxuser/airflow_venv/lib/python3.12/site-packages/airflow/example_dags/example_dataset_alias_with_no_taskflow.py
[2024-10-13T07:32:40.878+0000] {processor.py:925} INFO - DAG(s) 'dataset_alias_example_alias_producer_with_no_taskflow', 'dataset_alias_example_alias_consumer_with_no_taskflow', 'dataset_s3_bucket_producer_with_no_taskflow', 'dataset_s3_bucket_consumer_with_no_taskflow' retrieved from /home/vboxuser/airflow_venv/lib/python3.12/site-packages/airflow/example_dags/example_dataset_alias_with_no_taskflow.py
[2024-10-13T07:32:40.891+0000] {logging_mixin.py:190} INFO - [2024-10-13T07:32:40.890+0000] {dag.py:3239} INFO - Sync 4 DAGs
[2024-10-13T07:32:40.908+0000] {logging_mixin.py:190} INFO - [2024-10-13T07:32:40.908+0000] {dag.py:4180} INFO - Setting next_dagrun for dataset_alias_example_alias_consumer_with_no_taskflow to None, run_after=None
[2024-10-13T07:32:40.909+0000] {logging_mixin.py:190} INFO - [2024-10-13T07:32:40.909+0000] {dag.py:4180} INFO - Setting next_dagrun for dataset_alias_example_alias_producer_with_no_taskflow to None, run_after=None
[2024-10-13T07:32:40.910+0000] {logging_mixin.py:190} INFO - [2024-10-13T07:32:40.910+0000] {dag.py:4180} INFO - Setting next_dagrun for dataset_s3_bucket_consumer_with_no_taskflow to None, run_after=None
[2024-10-13T07:32:40.910+0000] {logging_mixin.py:190} INFO - [2024-10-13T07:32:40.910+0000] {dag.py:4180} INFO - Setting next_dagrun for dataset_s3_bucket_producer_with_no_taskflow to None, run_after=None
[2024-10-13T07:32:40.936+0000] {processor.py:208} INFO - Processing /home/vboxuser/airflow_venv/lib/python3.12/site-packages/airflow/example_dags/example_dataset_alias_with_no_taskflow.py took 0.097 seconds
[2024-10-13T07:33:44.254+0000] {processor.py:186} INFO - Started process (PID=16750) to work on /home/vboxuser/airflow_venv/lib/python3.12/site-packages/airflow/example_dags/example_dataset_alias_with_no_taskflow.py
[2024-10-13T07:33:44.257+0000] {processor.py:914} INFO - Processing file /home/vboxuser/airflow_venv/lib/python3.12/site-packages/airflow/example_dags/example_dataset_alias_with_no_taskflow.py for tasks to queue
[2024-10-13T07:33:44.259+0000] {logging_mixin.py:190} INFO - [2024-10-13T07:33:44.259+0000] {dagbag.py:588} INFO - Filling up the DagBag from /home/vboxuser/airflow_venv/lib/python3.12/site-packages/airflow/example_dags/example_dataset_alias_with_no_taskflow.py
[2024-10-13T07:33:44.275+0000] {processor.py:925} INFO - DAG(s) 'dataset_s3_bucket_producer_with_no_taskflow', 'dataset_s3_bucket_consumer_with_no_taskflow', 'dataset_alias_example_alias_consumer_with_no_taskflow', 'dataset_alias_example_alias_producer_with_no_taskflow' retrieved from /home/vboxuser/airflow_venv/lib/python3.12/site-packages/airflow/example_dags/example_dataset_alias_with_no_taskflow.py
[2024-10-13T07:33:44.287+0000] {logging_mixin.py:190} INFO - [2024-10-13T07:33:44.287+0000] {dag.py:3239} INFO - Sync 4 DAGs
[2024-10-13T07:33:44.300+0000] {logging_mixin.py:190} INFO - [2024-10-13T07:33:44.300+0000] {dag.py:4180} INFO - Setting next_dagrun for dataset_alias_example_alias_consumer_with_no_taskflow to None, run_after=None
[2024-10-13T07:33:44.301+0000] {logging_mixin.py:190} INFO - [2024-10-13T07:33:44.301+0000] {dag.py:4180} INFO - Setting next_dagrun for dataset_alias_example_alias_producer_with_no_taskflow to None, run_after=None
[2024-10-13T07:33:44.302+0000] {logging_mixin.py:190} INFO - [2024-10-13T07:33:44.302+0000] {dag.py:4180} INFO - Setting next_dagrun for dataset_s3_bucket_consumer_with_no_taskflow to None, run_after=None
[2024-10-13T07:33:44.302+0000] {logging_mixin.py:190} INFO - [2024-10-13T07:33:44.302+0000] {dag.py:4180} INFO - Setting next_dagrun for dataset_s3_bucket_producer_with_no_taskflow to None, run_after=None
[2024-10-13T07:33:44.382+0000] {processor.py:208} INFO - Processing /home/vboxuser/airflow_venv/lib/python3.12/site-packages/airflow/example_dags/example_dataset_alias_with_no_taskflow.py took 0.132 seconds
[2024-10-13T07:34:39.480+0000] {processor.py:186} INFO - Started process (PID=16935) to work on /home/vboxuser/airflow_venv/lib/python3.12/site-packages/airflow/example_dags/example_dataset_alias_with_no_taskflow.py
[2024-10-13T07:34:39.482+0000] {processor.py:914} INFO - Processing file /home/vboxuser/airflow_venv/lib/python3.12/site-packages/airflow/example_dags/example_dataset_alias_with_no_taskflow.py for tasks to queue
[2024-10-13T07:34:39.483+0000] {logging_mixin.py:190} INFO - [2024-10-13T07:34:39.483+0000] {dagbag.py:588} INFO - Filling up the DagBag from /home/vboxuser/airflow_venv/lib/python3.12/site-packages/airflow/example_dags/example_dataset_alias_with_no_taskflow.py
[2024-10-13T07:34:39.505+0000] {processor.py:925} INFO - DAG(s) 'dataset_s3_bucket_consumer_with_no_taskflow', 'dataset_alias_example_alias_consumer_with_no_taskflow', 'dataset_alias_example_alias_producer_with_no_taskflow', 'dataset_s3_bucket_producer_with_no_taskflow' retrieved from /home/vboxuser/airflow_venv/lib/python3.12/site-packages/airflow/example_dags/example_dataset_alias_with_no_taskflow.py
[2024-10-13T07:34:39.521+0000] {logging_mixin.py:190} INFO - [2024-10-13T07:34:39.520+0000] {dag.py:3239} INFO - Sync 4 DAGs
[2024-10-13T07:34:39.537+0000] {logging_mixin.py:190} INFO - [2024-10-13T07:34:39.537+0000] {dag.py:4180} INFO - Setting next_dagrun for dataset_alias_example_alias_consumer_with_no_taskflow to None, run_after=None
[2024-10-13T07:34:39.538+0000] {logging_mixin.py:190} INFO - [2024-10-13T07:34:39.538+0000] {dag.py:4180} INFO - Setting next_dagrun for dataset_alias_example_alias_producer_with_no_taskflow to None, run_after=None
[2024-10-13T07:34:39.539+0000] {logging_mixin.py:190} INFO - [2024-10-13T07:34:39.538+0000] {dag.py:4180} INFO - Setting next_dagrun for dataset_s3_bucket_consumer_with_no_taskflow to None, run_after=None
[2024-10-13T07:34:39.539+0000] {logging_mixin.py:190} INFO - [2024-10-13T07:34:39.539+0000] {dag.py:4180} INFO - Setting next_dagrun for dataset_s3_bucket_producer_with_no_taskflow to None, run_after=None
[2024-10-13T07:34:39.566+0000] {processor.py:208} INFO - Processing /home/vboxuser/airflow_venv/lib/python3.12/site-packages/airflow/example_dags/example_dataset_alias_with_no_taskflow.py took 0.092 seconds
[2024-10-13T07:35:30.407+0000] {processor.py:186} INFO - Started process (PID=17000) to work on /home/vboxuser/airflow_venv/lib/python3.12/site-packages/airflow/example_dags/example_dataset_alias_with_no_taskflow.py
[2024-10-13T07:35:30.408+0000] {processor.py:914} INFO - Processing file /home/vboxuser/airflow_venv/lib/python3.12/site-packages/airflow/example_dags/example_dataset_alias_with_no_taskflow.py for tasks to queue
[2024-10-13T07:35:30.409+0000] {logging_mixin.py:190} INFO - [2024-10-13T07:35:30.409+0000] {dagbag.py:588} INFO - Filling up the DagBag from /home/vboxuser/airflow_venv/lib/python3.12/site-packages/airflow/example_dags/example_dataset_alias_with_no_taskflow.py
[2024-10-13T07:35:30.429+0000] {processor.py:925} INFO - DAG(s) 'dataset_s3_bucket_producer_with_no_taskflow', 'dataset_s3_bucket_consumer_with_no_taskflow', 'dataset_alias_example_alias_producer_with_no_taskflow', 'dataset_alias_example_alias_consumer_with_no_taskflow' retrieved from /home/vboxuser/airflow_venv/lib/python3.12/site-packages/airflow/example_dags/example_dataset_alias_with_no_taskflow.py
[2024-10-13T07:35:30.441+0000] {logging_mixin.py:190} INFO - [2024-10-13T07:35:30.441+0000] {dag.py:3239} INFO - Sync 4 DAGs
[2024-10-13T07:35:30.455+0000] {logging_mixin.py:190} INFO - [2024-10-13T07:35:30.455+0000] {dag.py:4180} INFO - Setting next_dagrun for dataset_alias_example_alias_consumer_with_no_taskflow to None, run_after=None
[2024-10-13T07:35:30.457+0000] {logging_mixin.py:190} INFO - [2024-10-13T07:35:30.456+0000] {dag.py:4180} INFO - Setting next_dagrun for dataset_alias_example_alias_producer_with_no_taskflow to None, run_after=None
[2024-10-13T07:35:30.457+0000] {logging_mixin.py:190} INFO - [2024-10-13T07:35:30.457+0000] {dag.py:4180} INFO - Setting next_dagrun for dataset_s3_bucket_consumer_with_no_taskflow to None, run_after=None
[2024-10-13T07:35:30.458+0000] {logging_mixin.py:190} INFO - [2024-10-13T07:35:30.457+0000] {dag.py:4180} INFO - Setting next_dagrun for dataset_s3_bucket_producer_with_no_taskflow to None, run_after=None
[2024-10-13T07:35:30.481+0000] {processor.py:208} INFO - Processing /home/vboxuser/airflow_venv/lib/python3.12/site-packages/airflow/example_dags/example_dataset_alias_with_no_taskflow.py took 0.079 seconds
[2024-10-13T07:36:22.694+0000] {processor.py:186} INFO - Started process (PID=17067) to work on /home/vboxuser/airflow_venv/lib/python3.12/site-packages/airflow/example_dags/example_dataset_alias_with_no_taskflow.py
[2024-10-13T07:36:22.695+0000] {processor.py:914} INFO - Processing file /home/vboxuser/airflow_venv/lib/python3.12/site-packages/airflow/example_dags/example_dataset_alias_with_no_taskflow.py for tasks to queue
[2024-10-13T07:36:22.697+0000] {logging_mixin.py:190} INFO - [2024-10-13T07:36:22.696+0000] {dagbag.py:588} INFO - Filling up the DagBag from /home/vboxuser/airflow_venv/lib/python3.12/site-packages/airflow/example_dags/example_dataset_alias_with_no_taskflow.py
[2024-10-13T07:36:22.713+0000] {processor.py:925} INFO - DAG(s) 'dataset_s3_bucket_consumer_with_no_taskflow', 'dataset_alias_example_alias_consumer_with_no_taskflow', 'dataset_s3_bucket_producer_with_no_taskflow', 'dataset_alias_example_alias_producer_with_no_taskflow' retrieved from /home/vboxuser/airflow_venv/lib/python3.12/site-packages/airflow/example_dags/example_dataset_alias_with_no_taskflow.py
[2024-10-13T07:36:22.726+0000] {logging_mixin.py:190} INFO - [2024-10-13T07:36:22.725+0000] {dag.py:3239} INFO - Sync 4 DAGs
[2024-10-13T07:36:22.740+0000] {logging_mixin.py:190} INFO - [2024-10-13T07:36:22.740+0000] {dag.py:4180} INFO - Setting next_dagrun for dataset_alias_example_alias_consumer_with_no_taskflow to None, run_after=None
[2024-10-13T07:36:22.741+0000] {logging_mixin.py:190} INFO - [2024-10-13T07:36:22.741+0000] {dag.py:4180} INFO - Setting next_dagrun for dataset_alias_example_alias_producer_with_no_taskflow to None, run_after=None
[2024-10-13T07:36:22.742+0000] {logging_mixin.py:190} INFO - [2024-10-13T07:36:22.742+0000] {dag.py:4180} INFO - Setting next_dagrun for dataset_s3_bucket_consumer_with_no_taskflow to None, run_after=None
[2024-10-13T07:36:22.743+0000] {logging_mixin.py:190} INFO - [2024-10-13T07:36:22.743+0000] {dag.py:4180} INFO - Setting next_dagrun for dataset_s3_bucket_producer_with_no_taskflow to None, run_after=None
[2024-10-13T07:36:22.767+0000] {processor.py:208} INFO - Processing /home/vboxuser/airflow_venv/lib/python3.12/site-packages/airflow/example_dags/example_dataset_alias_with_no_taskflow.py took 0.077 seconds
[2024-10-13T07:37:11.811+0000] {processor.py:186} INFO - Started process (PID=17123) to work on /home/vboxuser/airflow_venv/lib/python3.12/site-packages/airflow/example_dags/example_dataset_alias_with_no_taskflow.py
[2024-10-13T07:37:11.812+0000] {processor.py:914} INFO - Processing file /home/vboxuser/airflow_venv/lib/python3.12/site-packages/airflow/example_dags/example_dataset_alias_with_no_taskflow.py for tasks to queue
[2024-10-13T07:37:11.814+0000] {logging_mixin.py:190} INFO - [2024-10-13T07:37:11.813+0000] {dagbag.py:588} INFO - Filling up the DagBag from /home/vboxuser/airflow_venv/lib/python3.12/site-packages/airflow/example_dags/example_dataset_alias_with_no_taskflow.py
[2024-10-13T07:37:11.832+0000] {processor.py:925} INFO - DAG(s) 'dataset_s3_bucket_consumer_with_no_taskflow', 'dataset_alias_example_alias_consumer_with_no_taskflow', 'dataset_s3_bucket_producer_with_no_taskflow', 'dataset_alias_example_alias_producer_with_no_taskflow' retrieved from /home/vboxuser/airflow_venv/lib/python3.12/site-packages/airflow/example_dags/example_dataset_alias_with_no_taskflow.py
[2024-10-13T07:37:11.844+0000] {logging_mixin.py:190} INFO - [2024-10-13T07:37:11.844+0000] {dag.py:3239} INFO - Sync 4 DAGs
[2024-10-13T07:37:11.858+0000] {logging_mixin.py:190} INFO - [2024-10-13T07:37:11.857+0000] {dag.py:4180} INFO - Setting next_dagrun for dataset_alias_example_alias_consumer_with_no_taskflow to None, run_after=None
[2024-10-13T07:37:11.859+0000] {logging_mixin.py:190} INFO - [2024-10-13T07:37:11.859+0000] {dag.py:4180} INFO - Setting next_dagrun for dataset_alias_example_alias_producer_with_no_taskflow to None, run_after=None
[2024-10-13T07:37:11.859+0000] {logging_mixin.py:190} INFO - [2024-10-13T07:37:11.859+0000] {dag.py:4180} INFO - Setting next_dagrun for dataset_s3_bucket_consumer_with_no_taskflow to None, run_after=None
[2024-10-13T07:37:11.860+0000] {logging_mixin.py:190} INFO - [2024-10-13T07:37:11.860+0000] {dag.py:4180} INFO - Setting next_dagrun for dataset_s3_bucket_producer_with_no_taskflow to None, run_after=None
[2024-10-13T07:37:11.885+0000] {processor.py:208} INFO - Processing /home/vboxuser/airflow_venv/lib/python3.12/site-packages/airflow/example_dags/example_dataset_alias_with_no_taskflow.py took 0.078 seconds
[2024-10-13T07:38:04.341+0000] {processor.py:186} INFO - Started process (PID=17187) to work on /home/vboxuser/airflow_venv/lib/python3.12/site-packages/airflow/example_dags/example_dataset_alias_with_no_taskflow.py
[2024-10-13T07:38:04.342+0000] {processor.py:914} INFO - Processing file /home/vboxuser/airflow_venv/lib/python3.12/site-packages/airflow/example_dags/example_dataset_alias_with_no_taskflow.py for tasks to queue
[2024-10-13T07:38:04.343+0000] {logging_mixin.py:190} INFO - [2024-10-13T07:38:04.343+0000] {dagbag.py:588} INFO - Filling up the DagBag from /home/vboxuser/airflow_venv/lib/python3.12/site-packages/airflow/example_dags/example_dataset_alias_with_no_taskflow.py
[2024-10-13T07:38:04.359+0000] {processor.py:925} INFO - DAG(s) 'dataset_alias_example_alias_producer_with_no_taskflow', 'dataset_s3_bucket_producer_with_no_taskflow', 'dataset_s3_bucket_consumer_with_no_taskflow', 'dataset_alias_example_alias_consumer_with_no_taskflow' retrieved from /home/vboxuser/airflow_venv/lib/python3.12/site-packages/airflow/example_dags/example_dataset_alias_with_no_taskflow.py
[2024-10-13T07:38:04.371+0000] {logging_mixin.py:190} INFO - [2024-10-13T07:38:04.370+0000] {dag.py:3239} INFO - Sync 4 DAGs
[2024-10-13T07:38:04.384+0000] {logging_mixin.py:190} INFO - [2024-10-13T07:38:04.384+0000] {dag.py:4180} INFO - Setting next_dagrun for dataset_alias_example_alias_consumer_with_no_taskflow to None, run_after=None
[2024-10-13T07:38:04.385+0000] {logging_mixin.py:190} INFO - [2024-10-13T07:38:04.385+0000] {dag.py:4180} INFO - Setting next_dagrun for dataset_alias_example_alias_producer_with_no_taskflow to None, run_after=None
[2024-10-13T07:38:04.386+0000] {logging_mixin.py:190} INFO - [2024-10-13T07:38:04.385+0000] {dag.py:4180} INFO - Setting next_dagrun for dataset_s3_bucket_consumer_with_no_taskflow to None, run_after=None
[2024-10-13T07:38:04.386+0000] {logging_mixin.py:190} INFO - [2024-10-13T07:38:04.386+0000] {dag.py:4180} INFO - Setting next_dagrun for dataset_s3_bucket_producer_with_no_taskflow to None, run_after=None
[2024-10-13T07:38:04.411+0000] {processor.py:208} INFO - Processing /home/vboxuser/airflow_venv/lib/python3.12/site-packages/airflow/example_dags/example_dataset_alias_with_no_taskflow.py took 0.075 seconds
[2024-10-13T07:38:52.104+0000] {processor.py:186} INFO - Started process (PID=17283) to work on /home/vboxuser/airflow_venv/lib/python3.12/site-packages/airflow/example_dags/example_dataset_alias_with_no_taskflow.py
[2024-10-13T07:38:52.106+0000] {processor.py:914} INFO - Processing file /home/vboxuser/airflow_venv/lib/python3.12/site-packages/airflow/example_dags/example_dataset_alias_with_no_taskflow.py for tasks to queue
[2024-10-13T07:38:52.107+0000] {logging_mixin.py:190} INFO - [2024-10-13T07:38:52.107+0000] {dagbag.py:588} INFO - Filling up the DagBag from /home/vboxuser/airflow_venv/lib/python3.12/site-packages/airflow/example_dags/example_dataset_alias_with_no_taskflow.py
[2024-10-13T07:38:52.125+0000] {processor.py:925} INFO - DAG(s) 'dataset_alias_example_alias_consumer_with_no_taskflow', 'dataset_alias_example_alias_producer_with_no_taskflow', 'dataset_s3_bucket_consumer_with_no_taskflow', 'dataset_s3_bucket_producer_with_no_taskflow' retrieved from /home/vboxuser/airflow_venv/lib/python3.12/site-packages/airflow/example_dags/example_dataset_alias_with_no_taskflow.py
[2024-10-13T07:38:52.136+0000] {logging_mixin.py:190} INFO - [2024-10-13T07:38:52.136+0000] {dag.py:3239} INFO - Sync 4 DAGs
[2024-10-13T07:38:52.148+0000] {logging_mixin.py:190} INFO - [2024-10-13T07:38:52.148+0000] {dag.py:4180} INFO - Setting next_dagrun for dataset_alias_example_alias_consumer_with_no_taskflow to None, run_after=None
[2024-10-13T07:38:52.149+0000] {logging_mixin.py:190} INFO - [2024-10-13T07:38:52.149+0000] {dag.py:4180} INFO - Setting next_dagrun for dataset_alias_example_alias_producer_with_no_taskflow to None, run_after=None
[2024-10-13T07:38:52.150+0000] {logging_mixin.py:190} INFO - [2024-10-13T07:38:52.150+0000] {dag.py:4180} INFO - Setting next_dagrun for dataset_s3_bucket_consumer_with_no_taskflow to None, run_after=None
[2024-10-13T07:38:52.150+0000] {logging_mixin.py:190} INFO - [2024-10-13T07:38:52.150+0000] {dag.py:4180} INFO - Setting next_dagrun for dataset_s3_bucket_producer_with_no_taskflow to None, run_after=None
[2024-10-13T07:38:52.173+0000] {processor.py:208} INFO - Processing /home/vboxuser/airflow_venv/lib/python3.12/site-packages/airflow/example_dags/example_dataset_alias_with_no_taskflow.py took 0.072 seconds
[2024-10-13T07:39:44.129+0000] {processor.py:186} INFO - Started process (PID=17343) to work on /home/vboxuser/airflow_venv/lib/python3.12/site-packages/airflow/example_dags/example_dataset_alias_with_no_taskflow.py
[2024-10-13T07:39:44.133+0000] {processor.py:914} INFO - Processing file /home/vboxuser/airflow_venv/lib/python3.12/site-packages/airflow/example_dags/example_dataset_alias_with_no_taskflow.py for tasks to queue
[2024-10-13T07:39:44.134+0000] {logging_mixin.py:190} INFO - [2024-10-13T07:39:44.134+0000] {dagbag.py:588} INFO - Filling up the DagBag from /home/vboxuser/airflow_venv/lib/python3.12/site-packages/airflow/example_dags/example_dataset_alias_with_no_taskflow.py
[2024-10-13T07:39:44.152+0000] {processor.py:925} INFO - DAG(s) 'dataset_alias_example_alias_producer_with_no_taskflow', 'dataset_s3_bucket_producer_with_no_taskflow', 'dataset_alias_example_alias_consumer_with_no_taskflow', 'dataset_s3_bucket_consumer_with_no_taskflow' retrieved from /home/vboxuser/airflow_venv/lib/python3.12/site-packages/airflow/example_dags/example_dataset_alias_with_no_taskflow.py
[2024-10-13T07:39:44.164+0000] {logging_mixin.py:190} INFO - [2024-10-13T07:39:44.164+0000] {dag.py:3239} INFO - Sync 4 DAGs
[2024-10-13T07:39:44.176+0000] {logging_mixin.py:190} INFO - [2024-10-13T07:39:44.176+0000] {dag.py:4180} INFO - Setting next_dagrun for dataset_alias_example_alias_consumer_with_no_taskflow to None, run_after=None
[2024-10-13T07:39:44.177+0000] {logging_mixin.py:190} INFO - [2024-10-13T07:39:44.177+0000] {dag.py:4180} INFO - Setting next_dagrun for dataset_alias_example_alias_producer_with_no_taskflow to None, run_after=None
[2024-10-13T07:39:44.178+0000] {logging_mixin.py:190} INFO - [2024-10-13T07:39:44.178+0000] {dag.py:4180} INFO - Setting next_dagrun for dataset_s3_bucket_consumer_with_no_taskflow to None, run_after=None
[2024-10-13T07:39:44.178+0000] {logging_mixin.py:190} INFO - [2024-10-13T07:39:44.178+0000] {dag.py:4180} INFO - Setting next_dagrun for dataset_s3_bucket_producer_with_no_taskflow to None, run_after=None
[2024-10-13T07:39:44.198+0000] {processor.py:208} INFO - Processing /home/vboxuser/airflow_venv/lib/python3.12/site-packages/airflow/example_dags/example_dataset_alias_with_no_taskflow.py took 0.073 seconds
[2024-10-13T07:40:34.620+0000] {processor.py:186} INFO - Started process (PID=17443) to work on /home/vboxuser/airflow_venv/lib/python3.12/site-packages/airflow/example_dags/example_dataset_alias_with_no_taskflow.py
[2024-10-13T07:40:34.625+0000] {processor.py:914} INFO - Processing file /home/vboxuser/airflow_venv/lib/python3.12/site-packages/airflow/example_dags/example_dataset_alias_with_no_taskflow.py for tasks to queue
[2024-10-13T07:40:34.627+0000] {logging_mixin.py:190} INFO - [2024-10-13T07:40:34.626+0000] {dagbag.py:588} INFO - Filling up the DagBag from /home/vboxuser/airflow_venv/lib/python3.12/site-packages/airflow/example_dags/example_dataset_alias_with_no_taskflow.py
[2024-10-13T07:40:34.645+0000] {processor.py:925} INFO - DAG(s) 'dataset_s3_bucket_producer_with_no_taskflow', 'dataset_alias_example_alias_consumer_with_no_taskflow', 'dataset_s3_bucket_consumer_with_no_taskflow', 'dataset_alias_example_alias_producer_with_no_taskflow' retrieved from /home/vboxuser/airflow_venv/lib/python3.12/site-packages/airflow/example_dags/example_dataset_alias_with_no_taskflow.py
[2024-10-13T07:40:34.658+0000] {logging_mixin.py:190} INFO - [2024-10-13T07:40:34.657+0000] {dag.py:3239} INFO - Sync 4 DAGs
[2024-10-13T07:40:34.672+0000] {logging_mixin.py:190} INFO - [2024-10-13T07:40:34.672+0000] {dag.py:4180} INFO - Setting next_dagrun for dataset_alias_example_alias_consumer_with_no_taskflow to None, run_after=None
[2024-10-13T07:40:34.673+0000] {logging_mixin.py:190} INFO - [2024-10-13T07:40:34.673+0000] {dag.py:4180} INFO - Setting next_dagrun for dataset_alias_example_alias_producer_with_no_taskflow to None, run_after=None
[2024-10-13T07:40:34.674+0000] {logging_mixin.py:190} INFO - [2024-10-13T07:40:34.674+0000] {dag.py:4180} INFO - Setting next_dagrun for dataset_s3_bucket_consumer_with_no_taskflow to None, run_after=None
[2024-10-13T07:40:34.675+0000] {logging_mixin.py:190} INFO - [2024-10-13T07:40:34.674+0000] {dag.py:4180} INFO - Setting next_dagrun for dataset_s3_bucket_producer_with_no_taskflow to None, run_after=None
[2024-10-13T07:40:34.696+0000] {processor.py:208} INFO - Processing /home/vboxuser/airflow_venv/lib/python3.12/site-packages/airflow/example_dags/example_dataset_alias_with_no_taskflow.py took 0.082 seconds
[2024-10-13T07:41:24.587+0000] {processor.py:186} INFO - Started process (PID=17503) to work on /home/vboxuser/airflow_venv/lib/python3.12/site-packages/airflow/example_dags/example_dataset_alias_with_no_taskflow.py
[2024-10-13T07:41:24.589+0000] {processor.py:914} INFO - Processing file /home/vboxuser/airflow_venv/lib/python3.12/site-packages/airflow/example_dags/example_dataset_alias_with_no_taskflow.py for tasks to queue
[2024-10-13T07:41:24.591+0000] {logging_mixin.py:190} INFO - [2024-10-13T07:41:24.590+0000] {dagbag.py:588} INFO - Filling up the DagBag from /home/vboxuser/airflow_venv/lib/python3.12/site-packages/airflow/example_dags/example_dataset_alias_with_no_taskflow.py
[2024-10-13T07:41:24.608+0000] {processor.py:925} INFO - DAG(s) 'dataset_alias_example_alias_consumer_with_no_taskflow', 'dataset_alias_example_alias_producer_with_no_taskflow', 'dataset_s3_bucket_consumer_with_no_taskflow', 'dataset_s3_bucket_producer_with_no_taskflow' retrieved from /home/vboxuser/airflow_venv/lib/python3.12/site-packages/airflow/example_dags/example_dataset_alias_with_no_taskflow.py
[2024-10-13T07:41:24.619+0000] {logging_mixin.py:190} INFO - [2024-10-13T07:41:24.619+0000] {dag.py:3239} INFO - Sync 4 DAGs
[2024-10-13T07:41:24.633+0000] {logging_mixin.py:190} INFO - [2024-10-13T07:41:24.633+0000] {dag.py:4180} INFO - Setting next_dagrun for dataset_alias_example_alias_consumer_with_no_taskflow to None, run_after=None
[2024-10-13T07:41:24.635+0000] {logging_mixin.py:190} INFO - [2024-10-13T07:41:24.635+0000] {dag.py:4180} INFO - Setting next_dagrun for dataset_alias_example_alias_producer_with_no_taskflow to None, run_after=None
[2024-10-13T07:41:24.635+0000] {logging_mixin.py:190} INFO - [2024-10-13T07:41:24.635+0000] {dag.py:4180} INFO - Setting next_dagrun for dataset_s3_bucket_consumer_with_no_taskflow to None, run_after=None
[2024-10-13T07:41:24.636+0000] {logging_mixin.py:190} INFO - [2024-10-13T07:41:24.636+0000] {dag.py:4180} INFO - Setting next_dagrun for dataset_s3_bucket_producer_with_no_taskflow to None, run_after=None
[2024-10-13T07:41:24.657+0000] {processor.py:208} INFO - Processing /home/vboxuser/airflow_venv/lib/python3.12/site-packages/airflow/example_dags/example_dataset_alias_with_no_taskflow.py took 0.075 seconds
[2024-10-13T07:42:14.208+0000] {processor.py:186} INFO - Started process (PID=17564) to work on /home/vboxuser/airflow_venv/lib/python3.12/site-packages/airflow/example_dags/example_dataset_alias_with_no_taskflow.py
[2024-10-13T07:42:14.209+0000] {processor.py:914} INFO - Processing file /home/vboxuser/airflow_venv/lib/python3.12/site-packages/airflow/example_dags/example_dataset_alias_with_no_taskflow.py for tasks to queue
[2024-10-13T07:42:14.211+0000] {logging_mixin.py:190} INFO - [2024-10-13T07:42:14.210+0000] {dagbag.py:588} INFO - Filling up the DagBag from /home/vboxuser/airflow_venv/lib/python3.12/site-packages/airflow/example_dags/example_dataset_alias_with_no_taskflow.py
[2024-10-13T07:42:14.226+0000] {processor.py:925} INFO - DAG(s) 'dataset_s3_bucket_producer_with_no_taskflow', 'dataset_alias_example_alias_consumer_with_no_taskflow', 'dataset_s3_bucket_consumer_with_no_taskflow', 'dataset_alias_example_alias_producer_with_no_taskflow' retrieved from /home/vboxuser/airflow_venv/lib/python3.12/site-packages/airflow/example_dags/example_dataset_alias_with_no_taskflow.py
[2024-10-13T07:42:14.237+0000] {logging_mixin.py:190} INFO - [2024-10-13T07:42:14.237+0000] {dag.py:3239} INFO - Sync 4 DAGs
[2024-10-13T07:42:14.249+0000] {logging_mixin.py:190} INFO - [2024-10-13T07:42:14.249+0000] {dag.py:4180} INFO - Setting next_dagrun for dataset_alias_example_alias_consumer_with_no_taskflow to None, run_after=None
[2024-10-13T07:42:14.250+0000] {logging_mixin.py:190} INFO - [2024-10-13T07:42:14.250+0000] {dag.py:4180} INFO - Setting next_dagrun for dataset_alias_example_alias_producer_with_no_taskflow to None, run_after=None
[2024-10-13T07:42:14.251+0000] {logging_mixin.py:190} INFO - [2024-10-13T07:42:14.251+0000] {dag.py:4180} INFO - Setting next_dagrun for dataset_s3_bucket_consumer_with_no_taskflow to None, run_after=None
[2024-10-13T07:42:14.251+0000] {logging_mixin.py:190} INFO - [2024-10-13T07:42:14.251+0000] {dag.py:4180} INFO - Setting next_dagrun for dataset_s3_bucket_producer_with_no_taskflow to None, run_after=None
[2024-10-13T07:42:14.274+0000] {processor.py:208} INFO - Processing /home/vboxuser/airflow_venv/lib/python3.12/site-packages/airflow/example_dags/example_dataset_alias_with_no_taskflow.py took 0.071 seconds
