[2024-10-13T07:28:42.212+0000] {processor.py:186} INFO - Started process (PID=15770) to work on /home/vboxuser/airflow_venv/lib/python3.12/site-packages/airflow/example_dags/example_datasets.py
[2024-10-13T07:28:42.214+0000] {processor.py:914} INFO - Processing file /home/vboxuser/airflow_venv/lib/python3.12/site-packages/airflow/example_dags/example_datasets.py for tasks to queue
[2024-10-13T07:28:42.221+0000] {logging_mixin.py:190} INFO - [2024-10-13T07:28:42.220+0000] {dagbag.py:588} INFO - Filling up the DagBag from /home/vboxuser/airflow_venv/lib/python3.12/site-packages/airflow/example_dags/example_datasets.py
[2024-10-13T07:28:42.270+0000] {processor.py:925} INFO - DAG(s) 'consume_1_or_both_2_and_3_with_dataset_expressions', 'conditional_dataset_and_time_based_timetable', 'dataset_produces_1', 'dataset_consumes_unknown_never_scheduled', 'consume_1_or_2_with_dataset_expressions', 'consume_1_and_2_with_dataset_expressions', 'dataset_consumes_1', 'dataset_produces_2', 'dataset_consumes_1_and_2', 'dataset_consumes_1_never_scheduled' retrieved from /home/vboxuser/airflow_venv/lib/python3.12/site-packages/airflow/example_dags/example_datasets.py
[2024-10-13T07:28:42.374+0000] {logging_mixin.py:190} INFO - [2024-10-13T07:28:42.370+0000] {dag.py:3239} INFO - Sync 10 DAGs
[2024-10-13T07:28:42.519+0000] {logging_mixin.py:190} INFO - [2024-10-13T07:28:42.519+0000] {dag.py:4180} INFO - Setting next_dagrun for conditional_dataset_and_time_based_timetable to 2024-10-09 01:00:00+00:00, run_after=2024-10-09 01:00:00+00:00
[2024-10-13T07:28:42.538+0000] {logging_mixin.py:190} INFO - [2024-10-13T07:28:42.525+0000] {dag.py:4180} INFO - Setting next_dagrun for consume_1_and_2_with_dataset_expressions to None, run_after=None
[2024-10-13T07:28:42.540+0000] {logging_mixin.py:190} INFO - [2024-10-13T07:28:42.540+0000] {dag.py:4180} INFO - Setting next_dagrun for consume_1_or_2_with_dataset_expressions to None, run_after=None
[2024-10-13T07:28:42.543+0000] {logging_mixin.py:190} INFO - [2024-10-13T07:28:42.543+0000] {dag.py:4180} INFO - Setting next_dagrun for consume_1_or_both_2_and_3_with_dataset_expressions to None, run_after=None
[2024-10-13T07:28:42.548+0000] {logging_mixin.py:190} INFO - [2024-10-13T07:28:42.547+0000] {dag.py:4180} INFO - Setting next_dagrun for dataset_consumes_1 to None, run_after=None
[2024-10-13T07:28:42.554+0000] {logging_mixin.py:190} INFO - [2024-10-13T07:28:42.552+0000] {dag.py:4180} INFO - Setting next_dagrun for dataset_consumes_1_and_2 to None, run_after=None
[2024-10-13T07:28:42.555+0000] {logging_mixin.py:190} INFO - [2024-10-13T07:28:42.555+0000] {dag.py:4180} INFO - Setting next_dagrun for dataset_consumes_1_never_scheduled to None, run_after=None
[2024-10-13T07:28:42.563+0000] {logging_mixin.py:190} INFO - [2024-10-13T07:28:42.560+0000] {dag.py:4180} INFO - Setting next_dagrun for dataset_consumes_unknown_never_scheduled to None, run_after=None
[2024-10-13T07:28:42.570+0000] {logging_mixin.py:190} INFO - [2024-10-13T07:28:42.570+0000] {dag.py:4180} INFO - Setting next_dagrun for dataset_produces_1 to 2024-10-12 00:00:00+00:00, run_after=2024-10-13 00:00:00+00:00
[2024-10-13T07:28:42.571+0000] {logging_mixin.py:190} INFO - [2024-10-13T07:28:42.571+0000] {dag.py:4180} INFO - Setting next_dagrun for dataset_produces_2 to None, run_after=None
[2024-10-13T07:28:42.754+0000] {processor.py:208} INFO - Processing /home/vboxuser/airflow_venv/lib/python3.12/site-packages/airflow/example_dags/example_datasets.py took 0.608 seconds
[2024-10-13T07:29:40.169+0000] {processor.py:186} INFO - Started process (PID=16220) to work on /home/vboxuser/airflow_venv/lib/python3.12/site-packages/airflow/example_dags/example_datasets.py
[2024-10-13T07:29:40.193+0000] {processor.py:914} INFO - Processing file /home/vboxuser/airflow_venv/lib/python3.12/site-packages/airflow/example_dags/example_datasets.py for tasks to queue
[2024-10-13T07:29:40.198+0000] {logging_mixin.py:190} INFO - [2024-10-13T07:29:40.197+0000] {dagbag.py:588} INFO - Filling up the DagBag from /home/vboxuser/airflow_venv/lib/python3.12/site-packages/airflow/example_dags/example_datasets.py
[2024-10-13T07:29:40.233+0000] {processor.py:925} INFO - DAG(s) 'dataset_produces_2', 'dataset_consumes_unknown_never_scheduled', 'dataset_consumes_1', 'dataset_consumes_1_and_2', 'consume_1_or_both_2_and_3_with_dataset_expressions', 'conditional_dataset_and_time_based_timetable', 'dataset_consumes_1_never_scheduled', 'consume_1_and_2_with_dataset_expressions', 'consume_1_or_2_with_dataset_expressions', 'dataset_produces_1' retrieved from /home/vboxuser/airflow_venv/lib/python3.12/site-packages/airflow/example_dags/example_datasets.py
[2024-10-13T07:29:40.328+0000] {logging_mixin.py:190} INFO - [2024-10-13T07:29:40.328+0000] {dag.py:3239} INFO - Sync 10 DAGs
[2024-10-13T07:29:40.369+0000] {logging_mixin.py:190} INFO - [2024-10-13T07:29:40.368+0000] {dag.py:4180} INFO - Setting next_dagrun for conditional_dataset_and_time_based_timetable to 2024-10-09 01:00:00+00:00, run_after=2024-10-09 01:00:00+00:00
[2024-10-13T07:29:40.377+0000] {logging_mixin.py:190} INFO - [2024-10-13T07:29:40.376+0000] {dag.py:4180} INFO - Setting next_dagrun for consume_1_and_2_with_dataset_expressions to None, run_after=None
[2024-10-13T07:29:40.379+0000] {logging_mixin.py:190} INFO - [2024-10-13T07:29:40.379+0000] {dag.py:4180} INFO - Setting next_dagrun for consume_1_or_2_with_dataset_expressions to None, run_after=None
[2024-10-13T07:29:40.380+0000] {logging_mixin.py:190} INFO - [2024-10-13T07:29:40.380+0000] {dag.py:4180} INFO - Setting next_dagrun for consume_1_or_both_2_and_3_with_dataset_expressions to None, run_after=None
[2024-10-13T07:29:40.381+0000] {logging_mixin.py:190} INFO - [2024-10-13T07:29:40.381+0000] {dag.py:4180} INFO - Setting next_dagrun for dataset_consumes_1 to None, run_after=None
[2024-10-13T07:29:40.385+0000] {logging_mixin.py:190} INFO - [2024-10-13T07:29:40.385+0000] {dag.py:4180} INFO - Setting next_dagrun for dataset_consumes_1_and_2 to None, run_after=None
[2024-10-13T07:29:40.387+0000] {logging_mixin.py:190} INFO - [2024-10-13T07:29:40.386+0000] {dag.py:4180} INFO - Setting next_dagrun for dataset_consumes_1_never_scheduled to None, run_after=None
[2024-10-13T07:29:40.388+0000] {logging_mixin.py:190} INFO - [2024-10-13T07:29:40.388+0000] {dag.py:4180} INFO - Setting next_dagrun for dataset_consumes_unknown_never_scheduled to None, run_after=None
[2024-10-13T07:29:40.390+0000] {logging_mixin.py:190} INFO - [2024-10-13T07:29:40.390+0000] {dag.py:4180} INFO - Setting next_dagrun for dataset_produces_1 to 2024-10-12 00:00:00+00:00, run_after=2024-10-13 00:00:00+00:00
[2024-10-13T07:29:40.392+0000] {logging_mixin.py:190} INFO - [2024-10-13T07:29:40.391+0000] {dag.py:4180} INFO - Setting next_dagrun for dataset_produces_2 to None, run_after=None
[2024-10-13T07:29:40.447+0000] {processor.py:208} INFO - Processing /home/vboxuser/airflow_venv/lib/python3.12/site-packages/airflow/example_dags/example_datasets.py took 0.290 seconds
[2024-10-13T07:30:50.565+0000] {processor.py:186} INFO - Started process (PID=16337) to work on /home/vboxuser/airflow_venv/lib/python3.12/site-packages/airflow/example_dags/example_datasets.py
[2024-10-13T07:30:50.569+0000] {processor.py:914} INFO - Processing file /home/vboxuser/airflow_venv/lib/python3.12/site-packages/airflow/example_dags/example_datasets.py for tasks to queue
[2024-10-13T07:30:50.571+0000] {logging_mixin.py:190} INFO - [2024-10-13T07:30:50.571+0000] {dagbag.py:588} INFO - Filling up the DagBag from /home/vboxuser/airflow_venv/lib/python3.12/site-packages/airflow/example_dags/example_datasets.py
[2024-10-13T07:30:50.583+0000] {processor.py:925} INFO - DAG(s) 'dataset_consumes_1', 'consume_1_or_2_with_dataset_expressions', 'conditional_dataset_and_time_based_timetable', 'dataset_produces_1', 'dataset_produces_2', 'dataset_consumes_1_and_2', 'consume_1_and_2_with_dataset_expressions', 'dataset_consumes_unknown_never_scheduled', 'dataset_consumes_1_never_scheduled', 'consume_1_or_both_2_and_3_with_dataset_expressions' retrieved from /home/vboxuser/airflow_venv/lib/python3.12/site-packages/airflow/example_dags/example_datasets.py
[2024-10-13T07:30:50.607+0000] {logging_mixin.py:190} INFO - [2024-10-13T07:30:50.607+0000] {dag.py:3239} INFO - Sync 10 DAGs
[2024-10-13T07:30:50.625+0000] {logging_mixin.py:190} INFO - [2024-10-13T07:30:50.625+0000] {dag.py:4180} INFO - Setting next_dagrun for conditional_dataset_and_time_based_timetable to 2024-10-09 01:00:00+00:00, run_after=2024-10-09 01:00:00+00:00
[2024-10-13T07:30:50.628+0000] {logging_mixin.py:190} INFO - [2024-10-13T07:30:50.627+0000] {dag.py:4180} INFO - Setting next_dagrun for consume_1_and_2_with_dataset_expressions to None, run_after=None
[2024-10-13T07:30:50.628+0000] {logging_mixin.py:190} INFO - [2024-10-13T07:30:50.628+0000] {dag.py:4180} INFO - Setting next_dagrun for consume_1_or_2_with_dataset_expressions to None, run_after=None
[2024-10-13T07:30:50.629+0000] {logging_mixin.py:190} INFO - [2024-10-13T07:30:50.629+0000] {dag.py:4180} INFO - Setting next_dagrun for consume_1_or_both_2_and_3_with_dataset_expressions to None, run_after=None
[2024-10-13T07:30:50.630+0000] {logging_mixin.py:190} INFO - [2024-10-13T07:30:50.630+0000] {dag.py:4180} INFO - Setting next_dagrun for dataset_consumes_1 to None, run_after=None
[2024-10-13T07:30:50.631+0000] {logging_mixin.py:190} INFO - [2024-10-13T07:30:50.631+0000] {dag.py:4180} INFO - Setting next_dagrun for dataset_consumes_1_and_2 to None, run_after=None
[2024-10-13T07:30:50.631+0000] {logging_mixin.py:190} INFO - [2024-10-13T07:30:50.631+0000] {dag.py:4180} INFO - Setting next_dagrun for dataset_consumes_1_never_scheduled to None, run_after=None
[2024-10-13T07:30:50.632+0000] {logging_mixin.py:190} INFO - [2024-10-13T07:30:50.632+0000] {dag.py:4180} INFO - Setting next_dagrun for dataset_consumes_unknown_never_scheduled to None, run_after=None
[2024-10-13T07:30:50.633+0000] {logging_mixin.py:190} INFO - [2024-10-13T07:30:50.633+0000] {dag.py:4180} INFO - Setting next_dagrun for dataset_produces_1 to 2024-10-12 00:00:00+00:00, run_after=2024-10-13 00:00:00+00:00
[2024-10-13T07:30:50.634+0000] {logging_mixin.py:190} INFO - [2024-10-13T07:30:50.634+0000] {dag.py:4180} INFO - Setting next_dagrun for dataset_produces_2 to None, run_after=None
[2024-10-13T07:30:50.660+0000] {processor.py:208} INFO - Processing /home/vboxuser/airflow_venv/lib/python3.12/site-packages/airflow/example_dags/example_datasets.py took 0.100 seconds
[2024-10-13T07:32:00.794+0000] {processor.py:186} INFO - Started process (PID=16445) to work on /home/vboxuser/airflow_venv/lib/python3.12/site-packages/airflow/example_dags/example_datasets.py
[2024-10-13T07:32:00.798+0000] {processor.py:914} INFO - Processing file /home/vboxuser/airflow_venv/lib/python3.12/site-packages/airflow/example_dags/example_datasets.py for tasks to queue
[2024-10-13T07:32:00.800+0000] {logging_mixin.py:190} INFO - [2024-10-13T07:32:00.800+0000] {dagbag.py:588} INFO - Filling up the DagBag from /home/vboxuser/airflow_venv/lib/python3.12/site-packages/airflow/example_dags/example_datasets.py
[2024-10-13T07:32:00.813+0000] {processor.py:925} INFO - DAG(s) 'dataset_produces_2', 'dataset_consumes_1', 'consume_1_and_2_with_dataset_expressions', 'consume_1_or_both_2_and_3_with_dataset_expressions', 'dataset_consumes_1_and_2', 'dataset_produces_1', 'consume_1_or_2_with_dataset_expressions', 'dataset_consumes_unknown_never_scheduled', 'conditional_dataset_and_time_based_timetable', 'dataset_consumes_1_never_scheduled' retrieved from /home/vboxuser/airflow_venv/lib/python3.12/site-packages/airflow/example_dags/example_datasets.py
[2024-10-13T07:32:00.834+0000] {logging_mixin.py:190} INFO - [2024-10-13T07:32:00.834+0000] {dag.py:3239} INFO - Sync 10 DAGs
[2024-10-13T07:32:00.850+0000] {logging_mixin.py:190} INFO - [2024-10-13T07:32:00.849+0000] {dag.py:4180} INFO - Setting next_dagrun for conditional_dataset_and_time_based_timetable to 2024-10-09 01:00:00+00:00, run_after=2024-10-09 01:00:00+00:00
[2024-10-13T07:32:00.852+0000] {logging_mixin.py:190} INFO - [2024-10-13T07:32:00.852+0000] {dag.py:4180} INFO - Setting next_dagrun for consume_1_and_2_with_dataset_expressions to None, run_after=None
[2024-10-13T07:32:00.852+0000] {logging_mixin.py:190} INFO - [2024-10-13T07:32:00.852+0000] {dag.py:4180} INFO - Setting next_dagrun for consume_1_or_2_with_dataset_expressions to None, run_after=None
[2024-10-13T07:32:00.853+0000] {logging_mixin.py:190} INFO - [2024-10-13T07:32:00.853+0000] {dag.py:4180} INFO - Setting next_dagrun for consume_1_or_both_2_and_3_with_dataset_expressions to None, run_after=None
[2024-10-13T07:32:00.853+0000] {logging_mixin.py:190} INFO - [2024-10-13T07:32:00.853+0000] {dag.py:4180} INFO - Setting next_dagrun for dataset_consumes_1 to None, run_after=None
[2024-10-13T07:32:00.854+0000] {logging_mixin.py:190} INFO - [2024-10-13T07:32:00.854+0000] {dag.py:4180} INFO - Setting next_dagrun for dataset_consumes_1_and_2 to None, run_after=None
[2024-10-13T07:32:00.854+0000] {logging_mixin.py:190} INFO - [2024-10-13T07:32:00.854+0000] {dag.py:4180} INFO - Setting next_dagrun for dataset_consumes_1_never_scheduled to None, run_after=None
[2024-10-13T07:32:00.854+0000] {logging_mixin.py:190} INFO - [2024-10-13T07:32:00.854+0000] {dag.py:4180} INFO - Setting next_dagrun for dataset_consumes_unknown_never_scheduled to None, run_after=None
[2024-10-13T07:32:00.855+0000] {logging_mixin.py:190} INFO - [2024-10-13T07:32:00.855+0000] {dag.py:4180} INFO - Setting next_dagrun for dataset_produces_1 to 2024-10-12 00:00:00+00:00, run_after=2024-10-13 00:00:00+00:00
[2024-10-13T07:32:00.856+0000] {logging_mixin.py:190} INFO - [2024-10-13T07:32:00.856+0000] {dag.py:4180} INFO - Setting next_dagrun for dataset_produces_2 to None, run_after=None
[2024-10-13T07:32:00.881+0000] {processor.py:208} INFO - Processing /home/vboxuser/airflow_venv/lib/python3.12/site-packages/airflow/example_dags/example_datasets.py took 0.092 seconds
[2024-10-13T07:33:01.222+0000] {processor.py:186} INFO - Started process (PID=16679) to work on /home/vboxuser/airflow_venv/lib/python3.12/site-packages/airflow/example_dags/example_datasets.py
[2024-10-13T07:33:01.226+0000] {processor.py:914} INFO - Processing file /home/vboxuser/airflow_venv/lib/python3.12/site-packages/airflow/example_dags/example_datasets.py for tasks to queue
[2024-10-13T07:33:01.231+0000] {logging_mixin.py:190} INFO - [2024-10-13T07:33:01.229+0000] {dagbag.py:588} INFO - Filling up the DagBag from /home/vboxuser/airflow_venv/lib/python3.12/site-packages/airflow/example_dags/example_datasets.py
[2024-10-13T07:33:01.266+0000] {processor.py:925} INFO - DAG(s) 'dataset_consumes_1', 'dataset_consumes_1_never_scheduled', 'dataset_consumes_1_and_2', 'dataset_produces_2', 'consume_1_or_2_with_dataset_expressions', 'consume_1_or_both_2_and_3_with_dataset_expressions', 'dataset_consumes_unknown_never_scheduled', 'dataset_produces_1', 'conditional_dataset_and_time_based_timetable', 'consume_1_and_2_with_dataset_expressions' retrieved from /home/vboxuser/airflow_venv/lib/python3.12/site-packages/airflow/example_dags/example_datasets.py
[2024-10-13T07:33:01.346+0000] {logging_mixin.py:190} INFO - [2024-10-13T07:33:01.346+0000] {dag.py:3239} INFO - Sync 10 DAGs
[2024-10-13T07:33:01.400+0000] {logging_mixin.py:190} INFO - [2024-10-13T07:33:01.400+0000] {dag.py:4180} INFO - Setting next_dagrun for conditional_dataset_and_time_based_timetable to 2024-10-09 01:00:00+00:00, run_after=2024-10-09 01:00:00+00:00
[2024-10-13T07:33:01.406+0000] {logging_mixin.py:190} INFO - [2024-10-13T07:33:01.406+0000] {dag.py:4180} INFO - Setting next_dagrun for consume_1_and_2_with_dataset_expressions to None, run_after=None
[2024-10-13T07:33:01.407+0000] {logging_mixin.py:190} INFO - [2024-10-13T07:33:01.407+0000] {dag.py:4180} INFO - Setting next_dagrun for consume_1_or_2_with_dataset_expressions to None, run_after=None
[2024-10-13T07:33:01.409+0000] {logging_mixin.py:190} INFO - [2024-10-13T07:33:01.408+0000] {dag.py:4180} INFO - Setting next_dagrun for consume_1_or_both_2_and_3_with_dataset_expressions to None, run_after=None
[2024-10-13T07:33:01.412+0000] {logging_mixin.py:190} INFO - [2024-10-13T07:33:01.411+0000] {dag.py:4180} INFO - Setting next_dagrun for dataset_consumes_1 to None, run_after=None
[2024-10-13T07:33:01.414+0000] {logging_mixin.py:190} INFO - [2024-10-13T07:33:01.414+0000] {dag.py:4180} INFO - Setting next_dagrun for dataset_consumes_1_and_2 to None, run_after=None
[2024-10-13T07:33:01.416+0000] {logging_mixin.py:190} INFO - [2024-10-13T07:33:01.416+0000] {dag.py:4180} INFO - Setting next_dagrun for dataset_consumes_1_never_scheduled to None, run_after=None
[2024-10-13T07:33:01.418+0000] {logging_mixin.py:190} INFO - [2024-10-13T07:33:01.417+0000] {dag.py:4180} INFO - Setting next_dagrun for dataset_consumes_unknown_never_scheduled to None, run_after=None
[2024-10-13T07:33:01.420+0000] {logging_mixin.py:190} INFO - [2024-10-13T07:33:01.420+0000] {dag.py:4180} INFO - Setting next_dagrun for dataset_produces_1 to 2024-10-12 00:00:00+00:00, run_after=2024-10-13 00:00:00+00:00
[2024-10-13T07:33:01.421+0000] {logging_mixin.py:190} INFO - [2024-10-13T07:33:01.421+0000] {dag.py:4180} INFO - Setting next_dagrun for dataset_produces_2 to None, run_after=None
[2024-10-13T07:33:01.552+0000] {processor.py:208} INFO - Processing /home/vboxuser/airflow_venv/lib/python3.12/site-packages/airflow/example_dags/example_datasets.py took 0.340 seconds
[2024-10-13T07:34:00.626+0000] {processor.py:186} INFO - Started process (PID=16889) to work on /home/vboxuser/airflow_venv/lib/python3.12/site-packages/airflow/example_dags/example_datasets.py
[2024-10-13T07:34:00.629+0000] {processor.py:914} INFO - Processing file /home/vboxuser/airflow_venv/lib/python3.12/site-packages/airflow/example_dags/example_datasets.py for tasks to queue
[2024-10-13T07:34:00.630+0000] {logging_mixin.py:190} INFO - [2024-10-13T07:34:00.630+0000] {dagbag.py:588} INFO - Filling up the DagBag from /home/vboxuser/airflow_venv/lib/python3.12/site-packages/airflow/example_dags/example_datasets.py
[2024-10-13T07:34:00.652+0000] {processor.py:925} INFO - DAG(s) 'consume_1_or_2_with_dataset_expressions', 'conditional_dataset_and_time_based_timetable', 'dataset_consumes_1_never_scheduled', 'dataset_consumes_1_and_2', 'dataset_consumes_unknown_never_scheduled', 'dataset_consumes_1', 'consume_1_and_2_with_dataset_expressions', 'dataset_produces_1', 'dataset_produces_2', 'consume_1_or_both_2_and_3_with_dataset_expressions' retrieved from /home/vboxuser/airflow_venv/lib/python3.12/site-packages/airflow/example_dags/example_datasets.py
[2024-10-13T07:34:00.690+0000] {logging_mixin.py:190} INFO - [2024-10-13T07:34:00.689+0000] {dag.py:3239} INFO - Sync 10 DAGs
[2024-10-13T07:34:00.710+0000] {logging_mixin.py:190} INFO - [2024-10-13T07:34:00.710+0000] {dag.py:4180} INFO - Setting next_dagrun for conditional_dataset_and_time_based_timetable to 2024-10-09 01:00:00+00:00, run_after=2024-10-09 01:00:00+00:00
[2024-10-13T07:34:00.712+0000] {logging_mixin.py:190} INFO - [2024-10-13T07:34:00.712+0000] {dag.py:4180} INFO - Setting next_dagrun for consume_1_and_2_with_dataset_expressions to None, run_after=None
[2024-10-13T07:34:00.713+0000] {logging_mixin.py:190} INFO - [2024-10-13T07:34:00.713+0000] {dag.py:4180} INFO - Setting next_dagrun for consume_1_or_2_with_dataset_expressions to None, run_after=None
[2024-10-13T07:34:00.713+0000] {logging_mixin.py:190} INFO - [2024-10-13T07:34:00.713+0000] {dag.py:4180} INFO - Setting next_dagrun for consume_1_or_both_2_and_3_with_dataset_expressions to None, run_after=None
[2024-10-13T07:34:00.714+0000] {logging_mixin.py:190} INFO - [2024-10-13T07:34:00.714+0000] {dag.py:4180} INFO - Setting next_dagrun for dataset_consumes_1 to None, run_after=None
[2024-10-13T07:34:00.714+0000] {logging_mixin.py:190} INFO - [2024-10-13T07:34:00.714+0000] {dag.py:4180} INFO - Setting next_dagrun for dataset_consumes_1_and_2 to None, run_after=None
[2024-10-13T07:34:00.715+0000] {logging_mixin.py:190} INFO - [2024-10-13T07:34:00.715+0000] {dag.py:4180} INFO - Setting next_dagrun for dataset_consumes_1_never_scheduled to None, run_after=None
[2024-10-13T07:34:00.715+0000] {logging_mixin.py:190} INFO - [2024-10-13T07:34:00.715+0000] {dag.py:4180} INFO - Setting next_dagrun for dataset_consumes_unknown_never_scheduled to None, run_after=None
[2024-10-13T07:34:00.716+0000] {logging_mixin.py:190} INFO - [2024-10-13T07:34:00.716+0000] {dag.py:4180} INFO - Setting next_dagrun for dataset_produces_1 to 2024-10-12 00:00:00+00:00, run_after=2024-10-13 00:00:00+00:00
[2024-10-13T07:34:00.717+0000] {logging_mixin.py:190} INFO - [2024-10-13T07:34:00.717+0000] {dag.py:4180} INFO - Setting next_dagrun for dataset_produces_2 to None, run_after=None
[2024-10-13T07:34:00.746+0000] {processor.py:208} INFO - Processing /home/vboxuser/airflow_venv/lib/python3.12/site-packages/airflow/example_dags/example_datasets.py took 0.124 seconds
[2024-10-13T07:34:52.107+0000] {processor.py:186} INFO - Started process (PID=16956) to work on /home/vboxuser/airflow_venv/lib/python3.12/site-packages/airflow/example_dags/example_datasets.py
[2024-10-13T07:34:52.111+0000] {processor.py:914} INFO - Processing file /home/vboxuser/airflow_venv/lib/python3.12/site-packages/airflow/example_dags/example_datasets.py for tasks to queue
[2024-10-13T07:34:52.113+0000] {logging_mixin.py:190} INFO - [2024-10-13T07:34:52.113+0000] {dagbag.py:588} INFO - Filling up the DagBag from /home/vboxuser/airflow_venv/lib/python3.12/site-packages/airflow/example_dags/example_datasets.py
[2024-10-13T07:34:52.124+0000] {processor.py:925} INFO - DAG(s) 'dataset_produces_1', 'consume_1_and_2_with_dataset_expressions', 'consume_1_or_both_2_and_3_with_dataset_expressions', 'dataset_consumes_1_and_2', 'dataset_produces_2', 'consume_1_or_2_with_dataset_expressions', 'conditional_dataset_and_time_based_timetable', 'dataset_consumes_1', 'dataset_consumes_1_never_scheduled', 'dataset_consumes_unknown_never_scheduled' retrieved from /home/vboxuser/airflow_venv/lib/python3.12/site-packages/airflow/example_dags/example_datasets.py
[2024-10-13T07:34:52.146+0000] {logging_mixin.py:190} INFO - [2024-10-13T07:34:52.146+0000] {dag.py:3239} INFO - Sync 10 DAGs
[2024-10-13T07:34:52.163+0000] {logging_mixin.py:190} INFO - [2024-10-13T07:34:52.163+0000] {dag.py:4180} INFO - Setting next_dagrun for conditional_dataset_and_time_based_timetable to 2024-10-09 01:00:00+00:00, run_after=2024-10-09 01:00:00+00:00
[2024-10-13T07:34:52.165+0000] {logging_mixin.py:190} INFO - [2024-10-13T07:34:52.165+0000] {dag.py:4180} INFO - Setting next_dagrun for consume_1_and_2_with_dataset_expressions to None, run_after=None
[2024-10-13T07:34:52.166+0000] {logging_mixin.py:190} INFO - [2024-10-13T07:34:52.166+0000] {dag.py:4180} INFO - Setting next_dagrun for consume_1_or_2_with_dataset_expressions to None, run_after=None
[2024-10-13T07:34:52.166+0000] {logging_mixin.py:190} INFO - [2024-10-13T07:34:52.166+0000] {dag.py:4180} INFO - Setting next_dagrun for consume_1_or_both_2_and_3_with_dataset_expressions to None, run_after=None
[2024-10-13T07:34:52.167+0000] {logging_mixin.py:190} INFO - [2024-10-13T07:34:52.167+0000] {dag.py:4180} INFO - Setting next_dagrun for dataset_consumes_1 to None, run_after=None
[2024-10-13T07:34:52.168+0000] {logging_mixin.py:190} INFO - [2024-10-13T07:34:52.167+0000] {dag.py:4180} INFO - Setting next_dagrun for dataset_consumes_1_and_2 to None, run_after=None
[2024-10-13T07:34:52.168+0000] {logging_mixin.py:190} INFO - [2024-10-13T07:34:52.168+0000] {dag.py:4180} INFO - Setting next_dagrun for dataset_consumes_1_never_scheduled to None, run_after=None
[2024-10-13T07:34:52.168+0000] {logging_mixin.py:190} INFO - [2024-10-13T07:34:52.168+0000] {dag.py:4180} INFO - Setting next_dagrun for dataset_consumes_unknown_never_scheduled to None, run_after=None
[2024-10-13T07:34:52.169+0000] {logging_mixin.py:190} INFO - [2024-10-13T07:34:52.169+0000] {dag.py:4180} INFO - Setting next_dagrun for dataset_produces_1 to 2024-10-12 00:00:00+00:00, run_after=2024-10-13 00:00:00+00:00
[2024-10-13T07:34:52.170+0000] {logging_mixin.py:190} INFO - [2024-10-13T07:34:52.170+0000] {dag.py:4180} INFO - Setting next_dagrun for dataset_produces_2 to None, run_after=None
[2024-10-13T07:34:52.194+0000] {processor.py:208} INFO - Processing /home/vboxuser/airflow_venv/lib/python3.12/site-packages/airflow/example_dags/example_datasets.py took 0.091 seconds
[2024-10-13T07:35:45.330+0000] {processor.py:186} INFO - Started process (PID=17018) to work on /home/vboxuser/airflow_venv/lib/python3.12/site-packages/airflow/example_dags/example_datasets.py
[2024-10-13T07:35:45.332+0000] {processor.py:914} INFO - Processing file /home/vboxuser/airflow_venv/lib/python3.12/site-packages/airflow/example_dags/example_datasets.py for tasks to queue
[2024-10-13T07:35:45.334+0000] {logging_mixin.py:190} INFO - [2024-10-13T07:35:45.333+0000] {dagbag.py:588} INFO - Filling up the DagBag from /home/vboxuser/airflow_venv/lib/python3.12/site-packages/airflow/example_dags/example_datasets.py
[2024-10-13T07:35:45.347+0000] {processor.py:925} INFO - DAG(s) 'dataset_produces_2', 'consume_1_or_both_2_and_3_with_dataset_expressions', 'dataset_consumes_1_and_2', 'conditional_dataset_and_time_based_timetable', 'dataset_consumes_1_never_scheduled', 'dataset_consumes_unknown_never_scheduled', 'dataset_produces_1', 'consume_1_and_2_with_dataset_expressions', 'dataset_consumes_1', 'consume_1_or_2_with_dataset_expressions' retrieved from /home/vboxuser/airflow_venv/lib/python3.12/site-packages/airflow/example_dags/example_datasets.py
[2024-10-13T07:35:45.370+0000] {logging_mixin.py:190} INFO - [2024-10-13T07:35:45.369+0000] {dag.py:3239} INFO - Sync 10 DAGs
[2024-10-13T07:35:45.389+0000] {logging_mixin.py:190} INFO - [2024-10-13T07:35:45.389+0000] {dag.py:4180} INFO - Setting next_dagrun for conditional_dataset_and_time_based_timetable to 2024-10-09 01:00:00+00:00, run_after=2024-10-09 01:00:00+00:00
[2024-10-13T07:35:45.391+0000] {logging_mixin.py:190} INFO - [2024-10-13T07:35:45.391+0000] {dag.py:4180} INFO - Setting next_dagrun for consume_1_and_2_with_dataset_expressions to None, run_after=None
[2024-10-13T07:35:45.392+0000] {logging_mixin.py:190} INFO - [2024-10-13T07:35:45.392+0000] {dag.py:4180} INFO - Setting next_dagrun for consume_1_or_2_with_dataset_expressions to None, run_after=None
[2024-10-13T07:35:45.393+0000] {logging_mixin.py:190} INFO - [2024-10-13T07:35:45.393+0000] {dag.py:4180} INFO - Setting next_dagrun for consume_1_or_both_2_and_3_with_dataset_expressions to None, run_after=None
[2024-10-13T07:35:45.393+0000] {logging_mixin.py:190} INFO - [2024-10-13T07:35:45.393+0000] {dag.py:4180} INFO - Setting next_dagrun for dataset_consumes_1 to None, run_after=None
[2024-10-13T07:35:45.394+0000] {logging_mixin.py:190} INFO - [2024-10-13T07:35:45.394+0000] {dag.py:4180} INFO - Setting next_dagrun for dataset_consumes_1_and_2 to None, run_after=None
[2024-10-13T07:35:45.394+0000] {logging_mixin.py:190} INFO - [2024-10-13T07:35:45.394+0000] {dag.py:4180} INFO - Setting next_dagrun for dataset_consumes_1_never_scheduled to None, run_after=None
[2024-10-13T07:35:45.395+0000] {logging_mixin.py:190} INFO - [2024-10-13T07:35:45.395+0000] {dag.py:4180} INFO - Setting next_dagrun for dataset_consumes_unknown_never_scheduled to None, run_after=None
[2024-10-13T07:35:45.396+0000] {logging_mixin.py:190} INFO - [2024-10-13T07:35:45.396+0000] {dag.py:4180} INFO - Setting next_dagrun for dataset_produces_1 to 2024-10-12 00:00:00+00:00, run_after=2024-10-13 00:00:00+00:00
[2024-10-13T07:35:45.397+0000] {logging_mixin.py:190} INFO - [2024-10-13T07:35:45.397+0000] {dag.py:4180} INFO - Setting next_dagrun for dataset_produces_2 to None, run_after=None
[2024-10-13T07:35:45.426+0000] {processor.py:208} INFO - Processing /home/vboxuser/airflow_venv/lib/python3.12/site-packages/airflow/example_dags/example_datasets.py took 0.101 seconds
[2024-10-13T07:36:34.428+0000] {processor.py:186} INFO - Started process (PID=17079) to work on /home/vboxuser/airflow_venv/lib/python3.12/site-packages/airflow/example_dags/example_datasets.py
[2024-10-13T07:36:34.432+0000] {processor.py:914} INFO - Processing file /home/vboxuser/airflow_venv/lib/python3.12/site-packages/airflow/example_dags/example_datasets.py for tasks to queue
[2024-10-13T07:36:34.434+0000] {logging_mixin.py:190} INFO - [2024-10-13T07:36:34.434+0000] {dagbag.py:588} INFO - Filling up the DagBag from /home/vboxuser/airflow_venv/lib/python3.12/site-packages/airflow/example_dags/example_datasets.py
[2024-10-13T07:36:34.446+0000] {processor.py:925} INFO - DAG(s) 'dataset_produces_2', 'dataset_consumes_unknown_never_scheduled', 'dataset_consumes_1', 'conditional_dataset_and_time_based_timetable', 'dataset_consumes_1_and_2', 'dataset_produces_1', 'dataset_consumes_1_never_scheduled', 'consume_1_and_2_with_dataset_expressions', 'consume_1_or_2_with_dataset_expressions', 'consume_1_or_both_2_and_3_with_dataset_expressions' retrieved from /home/vboxuser/airflow_venv/lib/python3.12/site-packages/airflow/example_dags/example_datasets.py
[2024-10-13T07:36:34.469+0000] {logging_mixin.py:190} INFO - [2024-10-13T07:36:34.468+0000] {dag.py:3239} INFO - Sync 10 DAGs
[2024-10-13T07:36:34.486+0000] {logging_mixin.py:190} INFO - [2024-10-13T07:36:34.486+0000] {dag.py:4180} INFO - Setting next_dagrun for conditional_dataset_and_time_based_timetable to 2024-10-09 01:00:00+00:00, run_after=2024-10-09 01:00:00+00:00
[2024-10-13T07:36:34.489+0000] {logging_mixin.py:190} INFO - [2024-10-13T07:36:34.489+0000] {dag.py:4180} INFO - Setting next_dagrun for consume_1_and_2_with_dataset_expressions to None, run_after=None
[2024-10-13T07:36:34.489+0000] {logging_mixin.py:190} INFO - [2024-10-13T07:36:34.489+0000] {dag.py:4180} INFO - Setting next_dagrun for consume_1_or_2_with_dataset_expressions to None, run_after=None
[2024-10-13T07:36:34.490+0000] {logging_mixin.py:190} INFO - [2024-10-13T07:36:34.490+0000] {dag.py:4180} INFO - Setting next_dagrun for consume_1_or_both_2_and_3_with_dataset_expressions to None, run_after=None
[2024-10-13T07:36:34.490+0000] {logging_mixin.py:190} INFO - [2024-10-13T07:36:34.490+0000] {dag.py:4180} INFO - Setting next_dagrun for dataset_consumes_1 to None, run_after=None
[2024-10-13T07:36:34.491+0000] {logging_mixin.py:190} INFO - [2024-10-13T07:36:34.491+0000] {dag.py:4180} INFO - Setting next_dagrun for dataset_consumes_1_and_2 to None, run_after=None
[2024-10-13T07:36:34.491+0000] {logging_mixin.py:190} INFO - [2024-10-13T07:36:34.491+0000] {dag.py:4180} INFO - Setting next_dagrun for dataset_consumes_1_never_scheduled to None, run_after=None
[2024-10-13T07:36:34.492+0000] {logging_mixin.py:190} INFO - [2024-10-13T07:36:34.492+0000] {dag.py:4180} INFO - Setting next_dagrun for dataset_consumes_unknown_never_scheduled to None, run_after=None
[2024-10-13T07:36:34.493+0000] {logging_mixin.py:190} INFO - [2024-10-13T07:36:34.493+0000] {dag.py:4180} INFO - Setting next_dagrun for dataset_produces_1 to 2024-10-12 00:00:00+00:00, run_after=2024-10-13 00:00:00+00:00
[2024-10-13T07:36:34.494+0000] {logging_mixin.py:190} INFO - [2024-10-13T07:36:34.494+0000] {dag.py:4180} INFO - Setting next_dagrun for dataset_produces_2 to None, run_after=None
[2024-10-13T07:36:34.518+0000] {processor.py:208} INFO - Processing /home/vboxuser/airflow_venv/lib/python3.12/site-packages/airflow/example_dags/example_datasets.py took 0.094 seconds
[2024-10-13T07:37:25.505+0000] {processor.py:186} INFO - Started process (PID=17139) to work on /home/vboxuser/airflow_venv/lib/python3.12/site-packages/airflow/example_dags/example_datasets.py
[2024-10-13T07:37:25.507+0000] {processor.py:914} INFO - Processing file /home/vboxuser/airflow_venv/lib/python3.12/site-packages/airflow/example_dags/example_datasets.py for tasks to queue
[2024-10-13T07:37:25.509+0000] {logging_mixin.py:190} INFO - [2024-10-13T07:37:25.508+0000] {dagbag.py:588} INFO - Filling up the DagBag from /home/vboxuser/airflow_venv/lib/python3.12/site-packages/airflow/example_dags/example_datasets.py
[2024-10-13T07:37:25.521+0000] {processor.py:925} INFO - DAG(s) 'conditional_dataset_and_time_based_timetable', 'dataset_consumes_1_never_scheduled', 'dataset_consumes_1', 'dataset_consumes_unknown_never_scheduled', 'dataset_produces_1', 'dataset_produces_2', 'dataset_consumes_1_and_2', 'consume_1_or_2_with_dataset_expressions', 'consume_1_or_both_2_and_3_with_dataset_expressions', 'consume_1_and_2_with_dataset_expressions' retrieved from /home/vboxuser/airflow_venv/lib/python3.12/site-packages/airflow/example_dags/example_datasets.py
[2024-10-13T07:37:25.545+0000] {logging_mixin.py:190} INFO - [2024-10-13T07:37:25.545+0000] {dag.py:3239} INFO - Sync 10 DAGs
[2024-10-13T07:37:25.609+0000] {logging_mixin.py:190} INFO - [2024-10-13T07:37:25.609+0000] {dag.py:4180} INFO - Setting next_dagrun for conditional_dataset_and_time_based_timetable to 2024-10-09 01:00:00+00:00, run_after=2024-10-09 01:00:00+00:00
[2024-10-13T07:37:25.623+0000] {logging_mixin.py:190} INFO - [2024-10-13T07:37:25.619+0000] {dag.py:4180} INFO - Setting next_dagrun for consume_1_and_2_with_dataset_expressions to None, run_after=None
[2024-10-13T07:37:25.629+0000] {logging_mixin.py:190} INFO - [2024-10-13T07:37:25.628+0000] {dag.py:4180} INFO - Setting next_dagrun for consume_1_or_2_with_dataset_expressions to None, run_after=None
[2024-10-13T07:37:25.631+0000] {logging_mixin.py:190} INFO - [2024-10-13T07:37:25.630+0000] {dag.py:4180} INFO - Setting next_dagrun for consume_1_or_both_2_and_3_with_dataset_expressions to None, run_after=None
[2024-10-13T07:37:25.632+0000] {logging_mixin.py:190} INFO - [2024-10-13T07:37:25.632+0000] {dag.py:4180} INFO - Setting next_dagrun for dataset_consumes_1 to None, run_after=None
[2024-10-13T07:37:25.633+0000] {logging_mixin.py:190} INFO - [2024-10-13T07:37:25.633+0000] {dag.py:4180} INFO - Setting next_dagrun for dataset_consumes_1_and_2 to None, run_after=None
[2024-10-13T07:37:25.634+0000] {logging_mixin.py:190} INFO - [2024-10-13T07:37:25.633+0000] {dag.py:4180} INFO - Setting next_dagrun for dataset_consumes_1_never_scheduled to None, run_after=None
[2024-10-13T07:37:25.634+0000] {logging_mixin.py:190} INFO - [2024-10-13T07:37:25.634+0000] {dag.py:4180} INFO - Setting next_dagrun for dataset_consumes_unknown_never_scheduled to None, run_after=None
[2024-10-13T07:37:25.637+0000] {logging_mixin.py:190} INFO - [2024-10-13T07:37:25.636+0000] {dag.py:4180} INFO - Setting next_dagrun for dataset_produces_1 to 2024-10-12 00:00:00+00:00, run_after=2024-10-13 00:00:00+00:00
[2024-10-13T07:37:25.637+0000] {logging_mixin.py:190} INFO - [2024-10-13T07:37:25.637+0000] {dag.py:4180} INFO - Setting next_dagrun for dataset_produces_2 to None, run_after=None
[2024-10-13T07:37:25.718+0000] {processor.py:208} INFO - Processing /home/vboxuser/airflow_venv/lib/python3.12/site-packages/airflow/example_dags/example_datasets.py took 0.217 seconds
[2024-10-13T07:38:15.794+0000] {processor.py:186} INFO - Started process (PID=17215) to work on /home/vboxuser/airflow_venv/lib/python3.12/site-packages/airflow/example_dags/example_datasets.py
[2024-10-13T07:38:15.796+0000] {processor.py:914} INFO - Processing file /home/vboxuser/airflow_venv/lib/python3.12/site-packages/airflow/example_dags/example_datasets.py for tasks to queue
[2024-10-13T07:38:15.798+0000] {logging_mixin.py:190} INFO - [2024-10-13T07:38:15.798+0000] {dagbag.py:588} INFO - Filling up the DagBag from /home/vboxuser/airflow_venv/lib/python3.12/site-packages/airflow/example_dags/example_datasets.py
[2024-10-13T07:38:15.837+0000] {processor.py:925} INFO - DAG(s) 'dataset_consumes_1_and_2', 'consume_1_or_2_with_dataset_expressions', 'dataset_consumes_1_never_scheduled', 'dataset_consumes_1', 'dataset_consumes_unknown_never_scheduled', 'consume_1_and_2_with_dataset_expressions', 'dataset_produces_2', 'dataset_produces_1', 'consume_1_or_both_2_and_3_with_dataset_expressions', 'conditional_dataset_and_time_based_timetable' retrieved from /home/vboxuser/airflow_venv/lib/python3.12/site-packages/airflow/example_dags/example_datasets.py
[2024-10-13T07:38:15.910+0000] {logging_mixin.py:190} INFO - [2024-10-13T07:38:15.910+0000] {dag.py:3239} INFO - Sync 10 DAGs
[2024-10-13T07:38:15.937+0000] {logging_mixin.py:190} INFO - [2024-10-13T07:38:15.937+0000] {dag.py:4180} INFO - Setting next_dagrun for conditional_dataset_and_time_based_timetable to 2024-10-09 01:00:00+00:00, run_after=2024-10-09 01:00:00+00:00
[2024-10-13T07:38:15.941+0000] {logging_mixin.py:190} INFO - [2024-10-13T07:38:15.940+0000] {dag.py:4180} INFO - Setting next_dagrun for consume_1_and_2_with_dataset_expressions to None, run_after=None
[2024-10-13T07:38:15.941+0000] {logging_mixin.py:190} INFO - [2024-10-13T07:38:15.941+0000] {dag.py:4180} INFO - Setting next_dagrun for consume_1_or_2_with_dataset_expressions to None, run_after=None
[2024-10-13T07:38:15.942+0000] {logging_mixin.py:190} INFO - [2024-10-13T07:38:15.942+0000] {dag.py:4180} INFO - Setting next_dagrun for consume_1_or_both_2_and_3_with_dataset_expressions to None, run_after=None
[2024-10-13T07:38:15.943+0000] {logging_mixin.py:190} INFO - [2024-10-13T07:38:15.942+0000] {dag.py:4180} INFO - Setting next_dagrun for dataset_consumes_1 to None, run_after=None
[2024-10-13T07:38:15.943+0000] {logging_mixin.py:190} INFO - [2024-10-13T07:38:15.943+0000] {dag.py:4180} INFO - Setting next_dagrun for dataset_consumes_1_and_2 to None, run_after=None
[2024-10-13T07:38:15.944+0000] {logging_mixin.py:190} INFO - [2024-10-13T07:38:15.944+0000] {dag.py:4180} INFO - Setting next_dagrun for dataset_consumes_1_never_scheduled to None, run_after=None
[2024-10-13T07:38:15.944+0000] {logging_mixin.py:190} INFO - [2024-10-13T07:38:15.944+0000] {dag.py:4180} INFO - Setting next_dagrun for dataset_consumes_unknown_never_scheduled to None, run_after=None
[2024-10-13T07:38:15.945+0000] {logging_mixin.py:190} INFO - [2024-10-13T07:38:15.945+0000] {dag.py:4180} INFO - Setting next_dagrun for dataset_produces_1 to 2024-10-12 00:00:00+00:00, run_after=2024-10-13 00:00:00+00:00
[2024-10-13T07:38:15.946+0000] {logging_mixin.py:190} INFO - [2024-10-13T07:38:15.946+0000] {dag.py:4180} INFO - Setting next_dagrun for dataset_produces_2 to None, run_after=None
[2024-10-13T07:38:15.992+0000] {processor.py:208} INFO - Processing /home/vboxuser/airflow_venv/lib/python3.12/site-packages/airflow/example_dags/example_datasets.py took 0.204 seconds
[2024-10-13T07:39:04.847+0000] {processor.py:186} INFO - Started process (PID=17297) to work on /home/vboxuser/airflow_venv/lib/python3.12/site-packages/airflow/example_dags/example_datasets.py
[2024-10-13T07:39:04.852+0000] {processor.py:914} INFO - Processing file /home/vboxuser/airflow_venv/lib/python3.12/site-packages/airflow/example_dags/example_datasets.py for tasks to queue
[2024-10-13T07:39:04.853+0000] {logging_mixin.py:190} INFO - [2024-10-13T07:39:04.853+0000] {dagbag.py:588} INFO - Filling up the DagBag from /home/vboxuser/airflow_venv/lib/python3.12/site-packages/airflow/example_dags/example_datasets.py
[2024-10-13T07:39:04.864+0000] {processor.py:925} INFO - DAG(s) 'consume_1_or_both_2_and_3_with_dataset_expressions', 'dataset_consumes_1_never_scheduled', 'dataset_consumes_unknown_never_scheduled', 'conditional_dataset_and_time_based_timetable', 'dataset_produces_2', 'consume_1_or_2_with_dataset_expressions', 'dataset_consumes_1_and_2', 'dataset_consumes_1', 'dataset_produces_1', 'consume_1_and_2_with_dataset_expressions' retrieved from /home/vboxuser/airflow_venv/lib/python3.12/site-packages/airflow/example_dags/example_datasets.py
[2024-10-13T07:39:04.886+0000] {logging_mixin.py:190} INFO - [2024-10-13T07:39:04.885+0000] {dag.py:3239} INFO - Sync 10 DAGs
[2024-10-13T07:39:04.900+0000] {logging_mixin.py:190} INFO - [2024-10-13T07:39:04.900+0000] {dag.py:4180} INFO - Setting next_dagrun for conditional_dataset_and_time_based_timetable to 2024-10-09 01:00:00+00:00, run_after=2024-10-09 01:00:00+00:00
[2024-10-13T07:39:04.902+0000] {logging_mixin.py:190} INFO - [2024-10-13T07:39:04.902+0000] {dag.py:4180} INFO - Setting next_dagrun for consume_1_and_2_with_dataset_expressions to None, run_after=None
[2024-10-13T07:39:04.903+0000] {logging_mixin.py:190} INFO - [2024-10-13T07:39:04.903+0000] {dag.py:4180} INFO - Setting next_dagrun for consume_1_or_2_with_dataset_expressions to None, run_after=None
[2024-10-13T07:39:04.903+0000] {logging_mixin.py:190} INFO - [2024-10-13T07:39:04.903+0000] {dag.py:4180} INFO - Setting next_dagrun for consume_1_or_both_2_and_3_with_dataset_expressions to None, run_after=None
[2024-10-13T07:39:04.904+0000] {logging_mixin.py:190} INFO - [2024-10-13T07:39:04.904+0000] {dag.py:4180} INFO - Setting next_dagrun for dataset_consumes_1 to None, run_after=None
[2024-10-13T07:39:04.904+0000] {logging_mixin.py:190} INFO - [2024-10-13T07:39:04.904+0000] {dag.py:4180} INFO - Setting next_dagrun for dataset_consumes_1_and_2 to None, run_after=None
[2024-10-13T07:39:04.905+0000] {logging_mixin.py:190} INFO - [2024-10-13T07:39:04.904+0000] {dag.py:4180} INFO - Setting next_dagrun for dataset_consumes_1_never_scheduled to None, run_after=None
[2024-10-13T07:39:04.905+0000] {logging_mixin.py:190} INFO - [2024-10-13T07:39:04.905+0000] {dag.py:4180} INFO - Setting next_dagrun for dataset_consumes_unknown_never_scheduled to None, run_after=None
[2024-10-13T07:39:04.906+0000] {logging_mixin.py:190} INFO - [2024-10-13T07:39:04.906+0000] {dag.py:4180} INFO - Setting next_dagrun for dataset_produces_1 to 2024-10-12 00:00:00+00:00, run_after=2024-10-13 00:00:00+00:00
[2024-10-13T07:39:04.906+0000] {logging_mixin.py:190} INFO - [2024-10-13T07:39:04.906+0000] {dag.py:4180} INFO - Setting next_dagrun for dataset_produces_2 to None, run_after=None
[2024-10-13T07:39:04.933+0000] {processor.py:208} INFO - Processing /home/vboxuser/airflow_venv/lib/python3.12/site-packages/airflow/example_dags/example_datasets.py took 0.090 seconds
[2024-10-13T07:39:57.211+0000] {processor.py:186} INFO - Started process (PID=17360) to work on /home/vboxuser/airflow_venv/lib/python3.12/site-packages/airflow/example_dags/example_datasets.py
[2024-10-13T07:39:57.212+0000] {processor.py:914} INFO - Processing file /home/vboxuser/airflow_venv/lib/python3.12/site-packages/airflow/example_dags/example_datasets.py for tasks to queue
[2024-10-13T07:39:57.214+0000] {logging_mixin.py:190} INFO - [2024-10-13T07:39:57.213+0000] {dagbag.py:588} INFO - Filling up the DagBag from /home/vboxuser/airflow_venv/lib/python3.12/site-packages/airflow/example_dags/example_datasets.py
[2024-10-13T07:39:57.225+0000] {processor.py:925} INFO - DAG(s) 'dataset_produces_1', 'consume_1_or_2_with_dataset_expressions', 'conditional_dataset_and_time_based_timetable', 'dataset_consumes_1_never_scheduled', 'consume_1_or_both_2_and_3_with_dataset_expressions', 'dataset_produces_2', 'dataset_consumes_1_and_2', 'consume_1_and_2_with_dataset_expressions', 'dataset_consumes_1', 'dataset_consumes_unknown_never_scheduled' retrieved from /home/vboxuser/airflow_venv/lib/python3.12/site-packages/airflow/example_dags/example_datasets.py
[2024-10-13T07:39:57.245+0000] {logging_mixin.py:190} INFO - [2024-10-13T07:39:57.244+0000] {dag.py:3239} INFO - Sync 10 DAGs
[2024-10-13T07:39:57.259+0000] {logging_mixin.py:190} INFO - [2024-10-13T07:39:57.259+0000] {dag.py:4180} INFO - Setting next_dagrun for conditional_dataset_and_time_based_timetable to 2024-10-09 01:00:00+00:00, run_after=2024-10-09 01:00:00+00:00
[2024-10-13T07:39:57.261+0000] {logging_mixin.py:190} INFO - [2024-10-13T07:39:57.261+0000] {dag.py:4180} INFO - Setting next_dagrun for consume_1_and_2_with_dataset_expressions to None, run_after=None
[2024-10-13T07:39:57.261+0000] {logging_mixin.py:190} INFO - [2024-10-13T07:39:57.261+0000] {dag.py:4180} INFO - Setting next_dagrun for consume_1_or_2_with_dataset_expressions to None, run_after=None
[2024-10-13T07:39:57.263+0000] {logging_mixin.py:190} INFO - [2024-10-13T07:39:57.262+0000] {dag.py:4180} INFO - Setting next_dagrun for consume_1_or_both_2_and_3_with_dataset_expressions to None, run_after=None
[2024-10-13T07:39:57.263+0000] {logging_mixin.py:190} INFO - [2024-10-13T07:39:57.263+0000] {dag.py:4180} INFO - Setting next_dagrun for dataset_consumes_1 to None, run_after=None
[2024-10-13T07:39:57.263+0000] {logging_mixin.py:190} INFO - [2024-10-13T07:39:57.263+0000] {dag.py:4180} INFO - Setting next_dagrun for dataset_consumes_1_and_2 to None, run_after=None
[2024-10-13T07:39:57.264+0000] {logging_mixin.py:190} INFO - [2024-10-13T07:39:57.264+0000] {dag.py:4180} INFO - Setting next_dagrun for dataset_consumes_1_never_scheduled to None, run_after=None
[2024-10-13T07:39:57.264+0000] {logging_mixin.py:190} INFO - [2024-10-13T07:39:57.264+0000] {dag.py:4180} INFO - Setting next_dagrun for dataset_consumes_unknown_never_scheduled to None, run_after=None
[2024-10-13T07:39:57.265+0000] {logging_mixin.py:190} INFO - [2024-10-13T07:39:57.265+0000] {dag.py:4180} INFO - Setting next_dagrun for dataset_produces_1 to 2024-10-12 00:00:00+00:00, run_after=2024-10-13 00:00:00+00:00
[2024-10-13T07:39:57.266+0000] {logging_mixin.py:190} INFO - [2024-10-13T07:39:57.266+0000] {dag.py:4180} INFO - Setting next_dagrun for dataset_produces_2 to None, run_after=None
[2024-10-13T07:39:57.293+0000] {processor.py:208} INFO - Processing /home/vboxuser/airflow_venv/lib/python3.12/site-packages/airflow/example_dags/example_datasets.py took 0.086 seconds
[2024-10-13T07:40:46.110+0000] {processor.py:186} INFO - Started process (PID=17458) to work on /home/vboxuser/airflow_venv/lib/python3.12/site-packages/airflow/example_dags/example_datasets.py
[2024-10-13T07:40:46.113+0000] {processor.py:914} INFO - Processing file /home/vboxuser/airflow_venv/lib/python3.12/site-packages/airflow/example_dags/example_datasets.py for tasks to queue
[2024-10-13T07:40:46.115+0000] {logging_mixin.py:190} INFO - [2024-10-13T07:40:46.115+0000] {dagbag.py:588} INFO - Filling up the DagBag from /home/vboxuser/airflow_venv/lib/python3.12/site-packages/airflow/example_dags/example_datasets.py
[2024-10-13T07:40:46.133+0000] {processor.py:925} INFO - DAG(s) 'dataset_consumes_unknown_never_scheduled', 'dataset_consumes_1', 'dataset_produces_2', 'dataset_consumes_1_never_scheduled', 'consume_1_or_both_2_and_3_with_dataset_expressions', 'dataset_produces_1', 'consume_1_and_2_with_dataset_expressions', 'conditional_dataset_and_time_based_timetable', 'consume_1_or_2_with_dataset_expressions', 'dataset_consumes_1_and_2' retrieved from /home/vboxuser/airflow_venv/lib/python3.12/site-packages/airflow/example_dags/example_datasets.py
[2024-10-13T07:40:46.184+0000] {logging_mixin.py:190} INFO - [2024-10-13T07:40:46.184+0000] {dag.py:3239} INFO - Sync 10 DAGs
[2024-10-13T07:40:46.215+0000] {logging_mixin.py:190} INFO - [2024-10-13T07:40:46.215+0000] {dag.py:4180} INFO - Setting next_dagrun for conditional_dataset_and_time_based_timetable to 2024-10-09 01:00:00+00:00, run_after=2024-10-09 01:00:00+00:00
[2024-10-13T07:40:46.220+0000] {logging_mixin.py:190} INFO - [2024-10-13T07:40:46.220+0000] {dag.py:4180} INFO - Setting next_dagrun for consume_1_and_2_with_dataset_expressions to None, run_after=None
[2024-10-13T07:40:46.222+0000] {logging_mixin.py:190} INFO - [2024-10-13T07:40:46.221+0000] {dag.py:4180} INFO - Setting next_dagrun for consume_1_or_2_with_dataset_expressions to None, run_after=None
[2024-10-13T07:40:46.223+0000] {logging_mixin.py:190} INFO - [2024-10-13T07:40:46.223+0000] {dag.py:4180} INFO - Setting next_dagrun for consume_1_or_both_2_and_3_with_dataset_expressions to None, run_after=None
[2024-10-13T07:40:46.226+0000] {logging_mixin.py:190} INFO - [2024-10-13T07:40:46.225+0000] {dag.py:4180} INFO - Setting next_dagrun for dataset_consumes_1 to None, run_after=None
[2024-10-13T07:40:46.226+0000] {logging_mixin.py:190} INFO - [2024-10-13T07:40:46.226+0000] {dag.py:4180} INFO - Setting next_dagrun for dataset_consumes_1_and_2 to None, run_after=None
[2024-10-13T07:40:46.227+0000] {logging_mixin.py:190} INFO - [2024-10-13T07:40:46.227+0000] {dag.py:4180} INFO - Setting next_dagrun for dataset_consumes_1_never_scheduled to None, run_after=None
[2024-10-13T07:40:46.229+0000] {logging_mixin.py:190} INFO - [2024-10-13T07:40:46.229+0000] {dag.py:4180} INFO - Setting next_dagrun for dataset_consumes_unknown_never_scheduled to None, run_after=None
[2024-10-13T07:40:46.232+0000] {logging_mixin.py:190} INFO - [2024-10-13T07:40:46.232+0000] {dag.py:4180} INFO - Setting next_dagrun for dataset_produces_1 to 2024-10-12 00:00:00+00:00, run_after=2024-10-13 00:00:00+00:00
[2024-10-13T07:40:46.233+0000] {logging_mixin.py:190} INFO - [2024-10-13T07:40:46.233+0000] {dag.py:4180} INFO - Setting next_dagrun for dataset_produces_2 to None, run_after=None
[2024-10-13T07:40:46.292+0000] {processor.py:208} INFO - Processing /home/vboxuser/airflow_venv/lib/python3.12/site-packages/airflow/example_dags/example_datasets.py took 0.189 seconds
[2024-10-13T07:41:36.452+0000] {processor.py:186} INFO - Started process (PID=17516) to work on /home/vboxuser/airflow_venv/lib/python3.12/site-packages/airflow/example_dags/example_datasets.py
[2024-10-13T07:41:36.456+0000] {processor.py:914} INFO - Processing file /home/vboxuser/airflow_venv/lib/python3.12/site-packages/airflow/example_dags/example_datasets.py for tasks to queue
[2024-10-13T07:41:36.458+0000] {logging_mixin.py:190} INFO - [2024-10-13T07:41:36.458+0000] {dagbag.py:588} INFO - Filling up the DagBag from /home/vboxuser/airflow_venv/lib/python3.12/site-packages/airflow/example_dags/example_datasets.py
[2024-10-13T07:41:36.470+0000] {processor.py:925} INFO - DAG(s) 'dataset_consumes_1_never_scheduled', 'conditional_dataset_and_time_based_timetable', 'dataset_produces_1', 'consume_1_or_both_2_and_3_with_dataset_expressions', 'dataset_produces_2', 'dataset_consumes_unknown_never_scheduled', 'consume_1_and_2_with_dataset_expressions', 'consume_1_or_2_with_dataset_expressions', 'dataset_consumes_1', 'dataset_consumes_1_and_2' retrieved from /home/vboxuser/airflow_venv/lib/python3.12/site-packages/airflow/example_dags/example_datasets.py
[2024-10-13T07:41:36.494+0000] {logging_mixin.py:190} INFO - [2024-10-13T07:41:36.493+0000] {dag.py:3239} INFO - Sync 10 DAGs
[2024-10-13T07:41:36.509+0000] {logging_mixin.py:190} INFO - [2024-10-13T07:41:36.509+0000] {dag.py:4180} INFO - Setting next_dagrun for conditional_dataset_and_time_based_timetable to 2024-10-09 01:00:00+00:00, run_after=2024-10-09 01:00:00+00:00
[2024-10-13T07:41:36.511+0000] {logging_mixin.py:190} INFO - [2024-10-13T07:41:36.511+0000] {dag.py:4180} INFO - Setting next_dagrun for consume_1_and_2_with_dataset_expressions to None, run_after=None
[2024-10-13T07:41:36.512+0000] {logging_mixin.py:190} INFO - [2024-10-13T07:41:36.512+0000] {dag.py:4180} INFO - Setting next_dagrun for consume_1_or_2_with_dataset_expressions to None, run_after=None
[2024-10-13T07:41:36.512+0000] {logging_mixin.py:190} INFO - [2024-10-13T07:41:36.512+0000] {dag.py:4180} INFO - Setting next_dagrun for consume_1_or_both_2_and_3_with_dataset_expressions to None, run_after=None
[2024-10-13T07:41:36.513+0000] {logging_mixin.py:190} INFO - [2024-10-13T07:41:36.513+0000] {dag.py:4180} INFO - Setting next_dagrun for dataset_consumes_1 to None, run_after=None
[2024-10-13T07:41:36.513+0000] {logging_mixin.py:190} INFO - [2024-10-13T07:41:36.513+0000] {dag.py:4180} INFO - Setting next_dagrun for dataset_consumes_1_and_2 to None, run_after=None
[2024-10-13T07:41:36.513+0000] {logging_mixin.py:190} INFO - [2024-10-13T07:41:36.513+0000] {dag.py:4180} INFO - Setting next_dagrun for dataset_consumes_1_never_scheduled to None, run_after=None
[2024-10-13T07:41:36.514+0000] {logging_mixin.py:190} INFO - [2024-10-13T07:41:36.514+0000] {dag.py:4180} INFO - Setting next_dagrun for dataset_consumes_unknown_never_scheduled to None, run_after=None
[2024-10-13T07:41:36.515+0000] {logging_mixin.py:190} INFO - [2024-10-13T07:41:36.515+0000] {dag.py:4180} INFO - Setting next_dagrun for dataset_produces_1 to 2024-10-12 00:00:00+00:00, run_after=2024-10-13 00:00:00+00:00
[2024-10-13T07:41:36.516+0000] {logging_mixin.py:190} INFO - [2024-10-13T07:41:36.516+0000] {dag.py:4180} INFO - Setting next_dagrun for dataset_produces_2 to None, run_after=None
[2024-10-13T07:41:36.540+0000] {processor.py:208} INFO - Processing /home/vboxuser/airflow_venv/lib/python3.12/site-packages/airflow/example_dags/example_datasets.py took 0.092 seconds
[2024-10-13T07:42:28.324+0000] {processor.py:186} INFO - Started process (PID=17578) to work on /home/vboxuser/airflow_venv/lib/python3.12/site-packages/airflow/example_dags/example_datasets.py
[2024-10-13T07:42:28.332+0000] {processor.py:914} INFO - Processing file /home/vboxuser/airflow_venv/lib/python3.12/site-packages/airflow/example_dags/example_datasets.py for tasks to queue
[2024-10-13T07:42:28.336+0000] {logging_mixin.py:190} INFO - [2024-10-13T07:42:28.336+0000] {dagbag.py:588} INFO - Filling up the DagBag from /home/vboxuser/airflow_venv/lib/python3.12/site-packages/airflow/example_dags/example_datasets.py
[2024-10-13T07:42:28.365+0000] {processor.py:925} INFO - DAG(s) 'dataset_consumes_1', 'consume_1_and_2_with_dataset_expressions', 'consume_1_or_2_with_dataset_expressions', 'dataset_consumes_1_and_2', 'consume_1_or_both_2_and_3_with_dataset_expressions', 'dataset_consumes_unknown_never_scheduled', 'dataset_consumes_1_never_scheduled', 'conditional_dataset_and_time_based_timetable', 'dataset_produces_2', 'dataset_produces_1' retrieved from /home/vboxuser/airflow_venv/lib/python3.12/site-packages/airflow/example_dags/example_datasets.py
[2024-10-13T07:42:28.419+0000] {logging_mixin.py:190} INFO - [2024-10-13T07:42:28.419+0000] {dag.py:3239} INFO - Sync 10 DAGs
[2024-10-13T07:42:28.450+0000] {logging_mixin.py:190} INFO - [2024-10-13T07:42:28.450+0000] {dag.py:4180} INFO - Setting next_dagrun for conditional_dataset_and_time_based_timetable to 2024-10-09 01:00:00+00:00, run_after=2024-10-09 01:00:00+00:00
[2024-10-13T07:42:28.454+0000] {logging_mixin.py:190} INFO - [2024-10-13T07:42:28.453+0000] {dag.py:4180} INFO - Setting next_dagrun for consume_1_and_2_with_dataset_expressions to None, run_after=None
[2024-10-13T07:42:28.466+0000] {logging_mixin.py:190} INFO - [2024-10-13T07:42:28.466+0000] {dag.py:4180} INFO - Setting next_dagrun for consume_1_or_2_with_dataset_expressions to None, run_after=None
[2024-10-13T07:42:28.467+0000] {logging_mixin.py:190} INFO - [2024-10-13T07:42:28.467+0000] {dag.py:4180} INFO - Setting next_dagrun for consume_1_or_both_2_and_3_with_dataset_expressions to None, run_after=None
[2024-10-13T07:42:28.468+0000] {logging_mixin.py:190} INFO - [2024-10-13T07:42:28.468+0000] {dag.py:4180} INFO - Setting next_dagrun for dataset_consumes_1 to None, run_after=None
[2024-10-13T07:42:28.470+0000] {logging_mixin.py:190} INFO - [2024-10-13T07:42:28.469+0000] {dag.py:4180} INFO - Setting next_dagrun for dataset_consumes_1_and_2 to None, run_after=None
[2024-10-13T07:42:28.471+0000] {logging_mixin.py:190} INFO - [2024-10-13T07:42:28.471+0000] {dag.py:4180} INFO - Setting next_dagrun for dataset_consumes_1_never_scheduled to None, run_after=None
[2024-10-13T07:42:28.472+0000] {logging_mixin.py:190} INFO - [2024-10-13T07:42:28.472+0000] {dag.py:4180} INFO - Setting next_dagrun for dataset_consumes_unknown_never_scheduled to None, run_after=None
[2024-10-13T07:42:28.477+0000] {logging_mixin.py:190} INFO - [2024-10-13T07:42:28.477+0000] {dag.py:4180} INFO - Setting next_dagrun for dataset_produces_1 to 2024-10-12 00:00:00+00:00, run_after=2024-10-13 00:00:00+00:00
[2024-10-13T07:42:28.479+0000] {logging_mixin.py:190} INFO - [2024-10-13T07:42:28.478+0000] {dag.py:4180} INFO - Setting next_dagrun for dataset_produces_2 to None, run_after=None
[2024-10-13T07:42:28.639+0000] {processor.py:208} INFO - Processing /home/vboxuser/airflow_venv/lib/python3.12/site-packages/airflow/example_dags/example_datasets.py took 0.322 seconds
