[2024-10-13T07:28:46.612+0000] {processor.py:186} INFO - Started process (PID=15981) to work on /home/vboxuser/airflow_venv/lib/python3.12/site-packages/airflow/example_dags/example_latest_only.py
[2024-10-13T07:28:46.615+0000] {processor.py:914} INFO - Processing file /home/vboxuser/airflow_venv/lib/python3.12/site-packages/airflow/example_dags/example_latest_only.py for tasks to queue
[2024-10-13T07:28:46.668+0000] {logging_mixin.py:190} INFO - [2024-10-13T07:28:46.667+0000] {dagbag.py:588} INFO - Filling up the DagBag from /home/vboxuser/airflow_venv/lib/python3.12/site-packages/airflow/example_dags/example_latest_only.py
[2024-10-13T07:28:46.747+0000] {processor.py:925} INFO - DAG(s) 'latest_only' retrieved from /home/vboxuser/airflow_venv/lib/python3.12/site-packages/airflow/example_dags/example_latest_only.py
[2024-10-13T07:28:46.826+0000] {logging_mixin.py:190} INFO - [2024-10-13T07:28:46.826+0000] {dag.py:3239} INFO - Sync 1 DAGs
[2024-10-13T07:28:46.902+0000] {logging_mixin.py:190} INFO - [2024-10-13T07:28:46.902+0000] {dag.py:4180} INFO - Setting next_dagrun for latest_only to 2024-10-13 00:00:00+00:00, run_after=2024-10-13 04:00:00+00:00
[2024-10-13T07:28:47.006+0000] {processor.py:208} INFO - Processing /home/vboxuser/airflow_venv/lib/python3.12/site-packages/airflow/example_dags/example_latest_only.py took 0.410 seconds
[2024-10-13T07:29:44.389+0000] {processor.py:186} INFO - Started process (PID=16223) to work on /home/vboxuser/airflow_venv/lib/python3.12/site-packages/airflow/example_dags/example_latest_only.py
[2024-10-13T07:29:44.409+0000] {processor.py:914} INFO - Processing file /home/vboxuser/airflow_venv/lib/python3.12/site-packages/airflow/example_dags/example_latest_only.py for tasks to queue
[2024-10-13T07:29:44.420+0000] {logging_mixin.py:190} INFO - [2024-10-13T07:29:44.419+0000] {dagbag.py:588} INFO - Filling up the DagBag from /home/vboxuser/airflow_venv/lib/python3.12/site-packages/airflow/example_dags/example_latest_only.py
[2024-10-13T07:29:44.452+0000] {processor.py:925} INFO - DAG(s) 'latest_only' retrieved from /home/vboxuser/airflow_venv/lib/python3.12/site-packages/airflow/example_dags/example_latest_only.py
[2024-10-13T07:29:44.526+0000] {logging_mixin.py:190} INFO - [2024-10-13T07:29:44.526+0000] {dag.py:3239} INFO - Sync 1 DAGs
[2024-10-13T07:29:44.609+0000] {logging_mixin.py:190} INFO - [2024-10-13T07:29:44.609+0000] {dag.py:4180} INFO - Setting next_dagrun for latest_only to 2024-10-13 00:00:00+00:00, run_after=2024-10-13 04:00:00+00:00
[2024-10-13T07:29:44.820+0000] {processor.py:208} INFO - Processing /home/vboxuser/airflow_venv/lib/python3.12/site-packages/airflow/example_dags/example_latest_only.py took 0.460 seconds
[2024-10-13T07:30:53.061+0000] {processor.py:186} INFO - Started process (PID=16340) to work on /home/vboxuser/airflow_venv/lib/python3.12/site-packages/airflow/example_dags/example_latest_only.py
[2024-10-13T07:30:53.066+0000] {processor.py:914} INFO - Processing file /home/vboxuser/airflow_venv/lib/python3.12/site-packages/airflow/example_dags/example_latest_only.py for tasks to queue
[2024-10-13T07:30:53.068+0000] {logging_mixin.py:190} INFO - [2024-10-13T07:30:53.068+0000] {dagbag.py:588} INFO - Filling up the DagBag from /home/vboxuser/airflow_venv/lib/python3.12/site-packages/airflow/example_dags/example_latest_only.py
[2024-10-13T07:30:53.074+0000] {processor.py:925} INFO - DAG(s) 'latest_only' retrieved from /home/vboxuser/airflow_venv/lib/python3.12/site-packages/airflow/example_dags/example_latest_only.py
[2024-10-13T07:30:53.086+0000] {logging_mixin.py:190} INFO - [2024-10-13T07:30:53.086+0000] {dag.py:3239} INFO - Sync 1 DAGs
[2024-10-13T07:30:53.099+0000] {logging_mixin.py:190} INFO - [2024-10-13T07:30:53.099+0000] {dag.py:4180} INFO - Setting next_dagrun for latest_only to 2024-10-13 00:00:00+00:00, run_after=2024-10-13 04:00:00+00:00
[2024-10-13T07:30:53.121+0000] {processor.py:208} INFO - Processing /home/vboxuser/airflow_venv/lib/python3.12/site-packages/airflow/example_dags/example_latest_only.py took 0.065 seconds
[2024-10-13T07:32:04.776+0000] {processor.py:186} INFO - Started process (PID=16459) to work on /home/vboxuser/airflow_venv/lib/python3.12/site-packages/airflow/example_dags/example_latest_only.py
[2024-10-13T07:32:04.780+0000] {processor.py:914} INFO - Processing file /home/vboxuser/airflow_venv/lib/python3.12/site-packages/airflow/example_dags/example_latest_only.py for tasks to queue
[2024-10-13T07:32:04.782+0000] {logging_mixin.py:190} INFO - [2024-10-13T07:32:04.782+0000] {dagbag.py:588} INFO - Filling up the DagBag from /home/vboxuser/airflow_venv/lib/python3.12/site-packages/airflow/example_dags/example_latest_only.py
[2024-10-13T07:32:04.789+0000] {processor.py:925} INFO - DAG(s) 'latest_only' retrieved from /home/vboxuser/airflow_venv/lib/python3.12/site-packages/airflow/example_dags/example_latest_only.py
[2024-10-13T07:32:04.801+0000] {logging_mixin.py:190} INFO - [2024-10-13T07:32:04.800+0000] {dag.py:3239} INFO - Sync 1 DAGs
[2024-10-13T07:32:04.815+0000] {logging_mixin.py:190} INFO - [2024-10-13T07:32:04.815+0000] {dag.py:4180} INFO - Setting next_dagrun for latest_only to 2024-10-13 00:00:00+00:00, run_after=2024-10-13 04:00:00+00:00
[2024-10-13T07:32:04.836+0000] {processor.py:208} INFO - Processing /home/vboxuser/airflow_venv/lib/python3.12/site-packages/airflow/example_dags/example_latest_only.py took 0.064 seconds
[2024-10-13T07:33:05.226+0000] {processor.py:186} INFO - Started process (PID=16682) to work on /home/vboxuser/airflow_venv/lib/python3.12/site-packages/airflow/example_dags/example_latest_only.py
[2024-10-13T07:33:05.243+0000] {processor.py:914} INFO - Processing file /home/vboxuser/airflow_venv/lib/python3.12/site-packages/airflow/example_dags/example_latest_only.py for tasks to queue
[2024-10-13T07:33:05.252+0000] {logging_mixin.py:190} INFO - [2024-10-13T07:33:05.252+0000] {dagbag.py:588} INFO - Filling up the DagBag from /home/vboxuser/airflow_venv/lib/python3.12/site-packages/airflow/example_dags/example_latest_only.py
[2024-10-13T07:33:05.269+0000] {processor.py:925} INFO - DAG(s) 'latest_only' retrieved from /home/vboxuser/airflow_venv/lib/python3.12/site-packages/airflow/example_dags/example_latest_only.py
[2024-10-13T07:33:05.334+0000] {logging_mixin.py:190} INFO - [2024-10-13T07:33:05.334+0000] {dag.py:3239} INFO - Sync 1 DAGs
[2024-10-13T07:33:05.434+0000] {logging_mixin.py:190} INFO - [2024-10-13T07:33:05.432+0000] {dag.py:4180} INFO - Setting next_dagrun for latest_only to 2024-10-13 00:00:00+00:00, run_after=2024-10-13 04:00:00+00:00
[2024-10-13T07:33:05.542+0000] {processor.py:208} INFO - Processing /home/vboxuser/airflow_venv/lib/python3.12/site-packages/airflow/example_dags/example_latest_only.py took 0.333 seconds
[2024-10-13T07:34:03.436+0000] {processor.py:186} INFO - Started process (PID=16892) to work on /home/vboxuser/airflow_venv/lib/python3.12/site-packages/airflow/example_dags/example_latest_only.py
[2024-10-13T07:34:03.440+0000] {processor.py:914} INFO - Processing file /home/vboxuser/airflow_venv/lib/python3.12/site-packages/airflow/example_dags/example_latest_only.py for tasks to queue
[2024-10-13T07:34:03.441+0000] {logging_mixin.py:190} INFO - [2024-10-13T07:34:03.441+0000] {dagbag.py:588} INFO - Filling up the DagBag from /home/vboxuser/airflow_venv/lib/python3.12/site-packages/airflow/example_dags/example_latest_only.py
[2024-10-13T07:34:03.448+0000] {processor.py:925} INFO - DAG(s) 'latest_only' retrieved from /home/vboxuser/airflow_venv/lib/python3.12/site-packages/airflow/example_dags/example_latest_only.py
[2024-10-13T07:34:03.460+0000] {logging_mixin.py:190} INFO - [2024-10-13T07:34:03.460+0000] {dag.py:3239} INFO - Sync 1 DAGs
[2024-10-13T07:34:03.476+0000] {logging_mixin.py:190} INFO - [2024-10-13T07:34:03.476+0000] {dag.py:4180} INFO - Setting next_dagrun for latest_only to 2024-10-13 00:00:00+00:00, run_after=2024-10-13 04:00:00+00:00
[2024-10-13T07:34:03.501+0000] {processor.py:208} INFO - Processing /home/vboxuser/airflow_venv/lib/python3.12/site-packages/airflow/example_dags/example_latest_only.py took 0.069 seconds
[2024-10-13T07:34:54.959+0000] {processor.py:186} INFO - Started process (PID=16959) to work on /home/vboxuser/airflow_venv/lib/python3.12/site-packages/airflow/example_dags/example_latest_only.py
[2024-10-13T07:34:54.963+0000] {processor.py:914} INFO - Processing file /home/vboxuser/airflow_venv/lib/python3.12/site-packages/airflow/example_dags/example_latest_only.py for tasks to queue
[2024-10-13T07:34:54.964+0000] {logging_mixin.py:190} INFO - [2024-10-13T07:34:54.964+0000] {dagbag.py:588} INFO - Filling up the DagBag from /home/vboxuser/airflow_venv/lib/python3.12/site-packages/airflow/example_dags/example_latest_only.py
[2024-10-13T07:34:54.970+0000] {processor.py:925} INFO - DAG(s) 'latest_only' retrieved from /home/vboxuser/airflow_venv/lib/python3.12/site-packages/airflow/example_dags/example_latest_only.py
[2024-10-13T07:34:54.981+0000] {logging_mixin.py:190} INFO - [2024-10-13T07:34:54.981+0000] {dag.py:3239} INFO - Sync 1 DAGs
[2024-10-13T07:34:54.993+0000] {logging_mixin.py:190} INFO - [2024-10-13T07:34:54.993+0000] {dag.py:4180} INFO - Setting next_dagrun for latest_only to 2024-10-13 00:00:00+00:00, run_after=2024-10-13 04:00:00+00:00
[2024-10-13T07:34:55.015+0000] {processor.py:208} INFO - Processing /home/vboxuser/airflow_venv/lib/python3.12/site-packages/airflow/example_dags/example_latest_only.py took 0.062 seconds
[2024-10-13T07:35:47.824+0000] {processor.py:186} INFO - Started process (PID=17022) to work on /home/vboxuser/airflow_venv/lib/python3.12/site-packages/airflow/example_dags/example_latest_only.py
[2024-10-13T07:35:47.825+0000] {processor.py:914} INFO - Processing file /home/vboxuser/airflow_venv/lib/python3.12/site-packages/airflow/example_dags/example_latest_only.py for tasks to queue
[2024-10-13T07:35:47.827+0000] {logging_mixin.py:190} INFO - [2024-10-13T07:35:47.827+0000] {dagbag.py:588} INFO - Filling up the DagBag from /home/vboxuser/airflow_venv/lib/python3.12/site-packages/airflow/example_dags/example_latest_only.py
[2024-10-13T07:35:47.833+0000] {processor.py:925} INFO - DAG(s) 'latest_only' retrieved from /home/vboxuser/airflow_venv/lib/python3.12/site-packages/airflow/example_dags/example_latest_only.py
[2024-10-13T07:35:47.843+0000] {logging_mixin.py:190} INFO - [2024-10-13T07:35:47.843+0000] {dag.py:3239} INFO - Sync 1 DAGs
[2024-10-13T07:35:47.856+0000] {logging_mixin.py:190} INFO - [2024-10-13T07:35:47.856+0000] {dag.py:4180} INFO - Setting next_dagrun for latest_only to 2024-10-13 00:00:00+00:00, run_after=2024-10-13 04:00:00+00:00
[2024-10-13T07:35:47.875+0000] {processor.py:208} INFO - Processing /home/vboxuser/airflow_venv/lib/python3.12/site-packages/airflow/example_dags/example_latest_only.py took 0.056 seconds
[2024-10-13T07:36:37.035+0000] {processor.py:186} INFO - Started process (PID=17082) to work on /home/vboxuser/airflow_venv/lib/python3.12/site-packages/airflow/example_dags/example_latest_only.py
[2024-10-13T07:36:37.036+0000] {processor.py:914} INFO - Processing file /home/vboxuser/airflow_venv/lib/python3.12/site-packages/airflow/example_dags/example_latest_only.py for tasks to queue
[2024-10-13T07:36:37.038+0000] {logging_mixin.py:190} INFO - [2024-10-13T07:36:37.038+0000] {dagbag.py:588} INFO - Filling up the DagBag from /home/vboxuser/airflow_venv/lib/python3.12/site-packages/airflow/example_dags/example_latest_only.py
[2024-10-13T07:36:37.044+0000] {processor.py:925} INFO - DAG(s) 'latest_only' retrieved from /home/vboxuser/airflow_venv/lib/python3.12/site-packages/airflow/example_dags/example_latest_only.py
[2024-10-13T07:36:37.054+0000] {logging_mixin.py:190} INFO - [2024-10-13T07:36:37.054+0000] {dag.py:3239} INFO - Sync 1 DAGs
[2024-10-13T07:36:37.066+0000] {logging_mixin.py:190} INFO - [2024-10-13T07:36:37.066+0000] {dag.py:4180} INFO - Setting next_dagrun for latest_only to 2024-10-13 00:00:00+00:00, run_after=2024-10-13 04:00:00+00:00
[2024-10-13T07:36:37.091+0000] {processor.py:208} INFO - Processing /home/vboxuser/airflow_venv/lib/python3.12/site-packages/airflow/example_dags/example_latest_only.py took 0.060 seconds
[2024-10-13T07:37:28.437+0000] {processor.py:186} INFO - Started process (PID=17142) to work on /home/vboxuser/airflow_venv/lib/python3.12/site-packages/airflow/example_dags/example_latest_only.py
[2024-10-13T07:37:28.439+0000] {processor.py:914} INFO - Processing file /home/vboxuser/airflow_venv/lib/python3.12/site-packages/airflow/example_dags/example_latest_only.py for tasks to queue
[2024-10-13T07:37:28.442+0000] {logging_mixin.py:190} INFO - [2024-10-13T07:37:28.441+0000] {dagbag.py:588} INFO - Filling up the DagBag from /home/vboxuser/airflow_venv/lib/python3.12/site-packages/airflow/example_dags/example_latest_only.py
[2024-10-13T07:37:28.455+0000] {processor.py:925} INFO - DAG(s) 'latest_only' retrieved from /home/vboxuser/airflow_venv/lib/python3.12/site-packages/airflow/example_dags/example_latest_only.py
[2024-10-13T07:37:28.479+0000] {logging_mixin.py:190} INFO - [2024-10-13T07:37:28.478+0000] {dag.py:3239} INFO - Sync 1 DAGs
[2024-10-13T07:37:28.494+0000] {logging_mixin.py:190} INFO - [2024-10-13T07:37:28.494+0000] {dag.py:4180} INFO - Setting next_dagrun for latest_only to 2024-10-13 00:00:00+00:00, run_after=2024-10-13 04:00:00+00:00
[2024-10-13T07:37:28.517+0000] {processor.py:208} INFO - Processing /home/vboxuser/airflow_venv/lib/python3.12/site-packages/airflow/example_dags/example_latest_only.py took 0.109 seconds
[2024-10-13T07:38:18.649+0000] {processor.py:186} INFO - Started process (PID=17227) to work on /home/vboxuser/airflow_venv/lib/python3.12/site-packages/airflow/example_dags/example_latest_only.py
[2024-10-13T07:38:18.651+0000] {processor.py:914} INFO - Processing file /home/vboxuser/airflow_venv/lib/python3.12/site-packages/airflow/example_dags/example_latest_only.py for tasks to queue
[2024-10-13T07:38:18.653+0000] {logging_mixin.py:190} INFO - [2024-10-13T07:38:18.652+0000] {dagbag.py:588} INFO - Filling up the DagBag from /home/vboxuser/airflow_venv/lib/python3.12/site-packages/airflow/example_dags/example_latest_only.py
[2024-10-13T07:38:18.660+0000] {processor.py:925} INFO - DAG(s) 'latest_only' retrieved from /home/vboxuser/airflow_venv/lib/python3.12/site-packages/airflow/example_dags/example_latest_only.py
[2024-10-13T07:38:18.673+0000] {logging_mixin.py:190} INFO - [2024-10-13T07:38:18.673+0000] {dag.py:3239} INFO - Sync 1 DAGs
[2024-10-13T07:38:18.687+0000] {logging_mixin.py:190} INFO - [2024-10-13T07:38:18.687+0000] {dag.py:4180} INFO - Setting next_dagrun for latest_only to 2024-10-13 00:00:00+00:00, run_after=2024-10-13 04:00:00+00:00
[2024-10-13T07:38:18.713+0000] {processor.py:208} INFO - Processing /home/vboxuser/airflow_venv/lib/python3.12/site-packages/airflow/example_dags/example_latest_only.py took 0.069 seconds
[2024-10-13T07:39:07.788+0000] {processor.py:186} INFO - Started process (PID=17302) to work on /home/vboxuser/airflow_venv/lib/python3.12/site-packages/airflow/example_dags/example_latest_only.py
[2024-10-13T07:39:07.789+0000] {processor.py:914} INFO - Processing file /home/vboxuser/airflow_venv/lib/python3.12/site-packages/airflow/example_dags/example_latest_only.py for tasks to queue
[2024-10-13T07:39:07.791+0000] {logging_mixin.py:190} INFO - [2024-10-13T07:39:07.790+0000] {dagbag.py:588} INFO - Filling up the DagBag from /home/vboxuser/airflow_venv/lib/python3.12/site-packages/airflow/example_dags/example_latest_only.py
[2024-10-13T07:39:07.796+0000] {processor.py:925} INFO - DAG(s) 'latest_only' retrieved from /home/vboxuser/airflow_venv/lib/python3.12/site-packages/airflow/example_dags/example_latest_only.py
[2024-10-13T07:39:07.807+0000] {logging_mixin.py:190} INFO - [2024-10-13T07:39:07.807+0000] {dag.py:3239} INFO - Sync 1 DAGs
[2024-10-13T07:39:07.820+0000] {logging_mixin.py:190} INFO - [2024-10-13T07:39:07.820+0000] {dag.py:4180} INFO - Setting next_dagrun for latest_only to 2024-10-13 00:00:00+00:00, run_after=2024-10-13 04:00:00+00:00
[2024-10-13T07:39:07.841+0000] {processor.py:208} INFO - Processing /home/vboxuser/airflow_venv/lib/python3.12/site-packages/airflow/example_dags/example_latest_only.py took 0.057 seconds
[2024-10-13T07:40:00.750+0000] {processor.py:186} INFO - Started process (PID=17363) to work on /home/vboxuser/airflow_venv/lib/python3.12/site-packages/airflow/example_dags/example_latest_only.py
[2024-10-13T07:40:00.752+0000] {processor.py:914} INFO - Processing file /home/vboxuser/airflow_venv/lib/python3.12/site-packages/airflow/example_dags/example_latest_only.py for tasks to queue
[2024-10-13T07:40:00.753+0000] {logging_mixin.py:190} INFO - [2024-10-13T07:40:00.753+0000] {dagbag.py:588} INFO - Filling up the DagBag from /home/vboxuser/airflow_venv/lib/python3.12/site-packages/airflow/example_dags/example_latest_only.py
[2024-10-13T07:40:00.758+0000] {processor.py:925} INFO - DAG(s) 'latest_only' retrieved from /home/vboxuser/airflow_venv/lib/python3.12/site-packages/airflow/example_dags/example_latest_only.py
[2024-10-13T07:40:00.769+0000] {logging_mixin.py:190} INFO - [2024-10-13T07:40:00.769+0000] {dag.py:3239} INFO - Sync 1 DAGs
[2024-10-13T07:40:00.781+0000] {logging_mixin.py:190} INFO - [2024-10-13T07:40:00.781+0000] {dag.py:4180} INFO - Setting next_dagrun for latest_only to 2024-10-13 00:00:00+00:00, run_after=2024-10-13 04:00:00+00:00
[2024-10-13T07:40:00.806+0000] {processor.py:208} INFO - Processing /home/vboxuser/airflow_venv/lib/python3.12/site-packages/airflow/example_dags/example_latest_only.py took 0.059 seconds
[2024-10-13T07:40:48.924+0000] {processor.py:186} INFO - Started process (PID=17464) to work on /home/vboxuser/airflow_venv/lib/python3.12/site-packages/airflow/example_dags/example_latest_only.py
[2024-10-13T07:40:48.927+0000] {processor.py:914} INFO - Processing file /home/vboxuser/airflow_venv/lib/python3.12/site-packages/airflow/example_dags/example_latest_only.py for tasks to queue
[2024-10-13T07:40:48.929+0000] {logging_mixin.py:190} INFO - [2024-10-13T07:40:48.928+0000] {dagbag.py:588} INFO - Filling up the DagBag from /home/vboxuser/airflow_venv/lib/python3.12/site-packages/airflow/example_dags/example_latest_only.py
[2024-10-13T07:40:48.935+0000] {processor.py:925} INFO - DAG(s) 'latest_only' retrieved from /home/vboxuser/airflow_venv/lib/python3.12/site-packages/airflow/example_dags/example_latest_only.py
[2024-10-13T07:40:48.947+0000] {logging_mixin.py:190} INFO - [2024-10-13T07:40:48.947+0000] {dag.py:3239} INFO - Sync 1 DAGs
[2024-10-13T07:40:48.960+0000] {logging_mixin.py:190} INFO - [2024-10-13T07:40:48.960+0000] {dag.py:4180} INFO - Setting next_dagrun for latest_only to 2024-10-13 00:00:00+00:00, run_after=2024-10-13 04:00:00+00:00
[2024-10-13T07:40:48.984+0000] {processor.py:208} INFO - Processing /home/vboxuser/airflow_venv/lib/python3.12/site-packages/airflow/example_dags/example_latest_only.py took 0.064 seconds
[2024-10-13T07:41:40.009+0000] {processor.py:186} INFO - Started process (PID=17519) to work on /home/vboxuser/airflow_venv/lib/python3.12/site-packages/airflow/example_dags/example_latest_only.py
[2024-10-13T07:41:40.015+0000] {processor.py:914} INFO - Processing file /home/vboxuser/airflow_venv/lib/python3.12/site-packages/airflow/example_dags/example_latest_only.py for tasks to queue
[2024-10-13T07:41:40.016+0000] {logging_mixin.py:190} INFO - [2024-10-13T07:41:40.016+0000] {dagbag.py:588} INFO - Filling up the DagBag from /home/vboxuser/airflow_venv/lib/python3.12/site-packages/airflow/example_dags/example_latest_only.py
[2024-10-13T07:41:40.022+0000] {processor.py:925} INFO - DAG(s) 'latest_only' retrieved from /home/vboxuser/airflow_venv/lib/python3.12/site-packages/airflow/example_dags/example_latest_only.py
[2024-10-13T07:41:40.032+0000] {logging_mixin.py:190} INFO - [2024-10-13T07:41:40.032+0000] {dag.py:3239} INFO - Sync 1 DAGs
[2024-10-13T07:41:40.044+0000] {logging_mixin.py:190} INFO - [2024-10-13T07:41:40.044+0000] {dag.py:4180} INFO - Setting next_dagrun for latest_only to 2024-10-13 00:00:00+00:00, run_after=2024-10-13 04:00:00+00:00
[2024-10-13T07:41:40.066+0000] {processor.py:208} INFO - Processing /home/vboxuser/airflow_venv/lib/python3.12/site-packages/airflow/example_dags/example_latest_only.py took 0.060 seconds
[2024-10-13T07:42:32.099+0000] {processor.py:186} INFO - Started process (PID=17585) to work on /home/vboxuser/airflow_venv/lib/python3.12/site-packages/airflow/example_dags/example_latest_only.py
[2024-10-13T07:42:32.101+0000] {processor.py:914} INFO - Processing file /home/vboxuser/airflow_venv/lib/python3.12/site-packages/airflow/example_dags/example_latest_only.py for tasks to queue
[2024-10-13T07:42:32.103+0000] {logging_mixin.py:190} INFO - [2024-10-13T07:42:32.102+0000] {dagbag.py:588} INFO - Filling up the DagBag from /home/vboxuser/airflow_venv/lib/python3.12/site-packages/airflow/example_dags/example_latest_only.py
[2024-10-13T07:42:32.108+0000] {processor.py:925} INFO - DAG(s) 'latest_only' retrieved from /home/vboxuser/airflow_venv/lib/python3.12/site-packages/airflow/example_dags/example_latest_only.py
[2024-10-13T07:42:32.120+0000] {logging_mixin.py:190} INFO - [2024-10-13T07:42:32.120+0000] {dag.py:3239} INFO - Sync 1 DAGs
[2024-10-13T07:42:32.133+0000] {logging_mixin.py:190} INFO - [2024-10-13T07:42:32.133+0000] {dag.py:4180} INFO - Setting next_dagrun for latest_only to 2024-10-13 00:00:00+00:00, run_after=2024-10-13 04:00:00+00:00
[2024-10-13T07:42:32.157+0000] {processor.py:208} INFO - Processing /home/vboxuser/airflow_venv/lib/python3.12/site-packages/airflow/example_dags/example_latest_only.py took 0.062 seconds
