[2024-10-13T07:29:00.388+0000] {processor.py:186} INFO - Started process (PID=16082) to work on /home/vboxuser/airflow_venv/lib/python3.12/site-packages/airflow/example_dags/example_time_delta_sensor_async.py
[2024-10-13T07:29:00.389+0000] {processor.py:914} INFO - Processing file /home/vboxuser/airflow_venv/lib/python3.12/site-packages/airflow/example_dags/example_time_delta_sensor_async.py for tasks to queue
[2024-10-13T07:29:00.391+0000] {logging_mixin.py:190} INFO - [2024-10-13T07:29:00.391+0000] {dagbag.py:588} INFO - Filling up the DagBag from /home/vboxuser/airflow_venv/lib/python3.12/site-packages/airflow/example_dags/example_time_delta_sensor_async.py
[2024-10-13T07:29:00.401+0000] {processor.py:925} INFO - DAG(s) 'example_time_delta_sensor_async' retrieved from /home/vboxuser/airflow_venv/lib/python3.12/site-packages/airflow/example_dags/example_time_delta_sensor_async.py
[2024-10-13T07:29:00.426+0000] {logging_mixin.py:190} INFO - [2024-10-13T07:29:00.423+0000] {dag.py:3239} INFO - Sync 1 DAGs
[2024-10-13T07:29:00.462+0000] {logging_mixin.py:190} INFO - [2024-10-13T07:29:00.462+0000] {dag.py:4180} INFO - Setting next_dagrun for example_time_delta_sensor_async to None, run_after=None
[2024-10-13T07:29:00.485+0000] {processor.py:208} INFO - Processing /home/vboxuser/airflow_venv/lib/python3.12/site-packages/airflow/example_dags/example_time_delta_sensor_async.py took 0.102 seconds
[2024-10-13T07:30:21.009+0000] {processor.py:186} INFO - Started process (PID=16284) to work on /home/vboxuser/airflow_venv/lib/python3.12/site-packages/airflow/example_dags/example_time_delta_sensor_async.py
[2024-10-13T07:30:21.013+0000] {processor.py:914} INFO - Processing file /home/vboxuser/airflow_venv/lib/python3.12/site-packages/airflow/example_dags/example_time_delta_sensor_async.py for tasks to queue
[2024-10-13T07:30:21.014+0000] {logging_mixin.py:190} INFO - [2024-10-13T07:30:21.014+0000] {dagbag.py:588} INFO - Filling up the DagBag from /home/vboxuser/airflow_venv/lib/python3.12/site-packages/airflow/example_dags/example_time_delta_sensor_async.py
[2024-10-13T07:30:21.019+0000] {processor.py:925} INFO - DAG(s) 'example_time_delta_sensor_async' retrieved from /home/vboxuser/airflow_venv/lib/python3.12/site-packages/airflow/example_dags/example_time_delta_sensor_async.py
[2024-10-13T07:30:21.031+0000] {logging_mixin.py:190} INFO - [2024-10-13T07:30:21.031+0000] {dag.py:3239} INFO - Sync 1 DAGs
[2024-10-13T07:30:21.039+0000] {logging_mixin.py:190} INFO - [2024-10-13T07:30:21.039+0000] {dag.py:4180} INFO - Setting next_dagrun for example_time_delta_sensor_async to None, run_after=None
[2024-10-13T07:30:21.058+0000] {processor.py:208} INFO - Processing /home/vboxuser/airflow_venv/lib/python3.12/site-packages/airflow/example_dags/example_time_delta_sensor_async.py took 0.053 seconds
[2024-10-13T07:31:24.553+0000] {processor.py:186} INFO - Started process (PID=16379) to work on /home/vboxuser/airflow_venv/lib/python3.12/site-packages/airflow/example_dags/example_time_delta_sensor_async.py
[2024-10-13T07:31:24.566+0000] {processor.py:914} INFO - Processing file /home/vboxuser/airflow_venv/lib/python3.12/site-packages/airflow/example_dags/example_time_delta_sensor_async.py for tasks to queue
[2024-10-13T07:31:24.573+0000] {logging_mixin.py:190} INFO - [2024-10-13T07:31:24.570+0000] {dagbag.py:588} INFO - Filling up the DagBag from /home/vboxuser/airflow_venv/lib/python3.12/site-packages/airflow/example_dags/example_time_delta_sensor_async.py
[2024-10-13T07:31:24.592+0000] {processor.py:925} INFO - DAG(s) 'example_time_delta_sensor_async' retrieved from /home/vboxuser/airflow_venv/lib/python3.12/site-packages/airflow/example_dags/example_time_delta_sensor_async.py
[2024-10-13T07:31:24.665+0000] {logging_mixin.py:190} INFO - [2024-10-13T07:31:24.664+0000] {dag.py:3239} INFO - Sync 1 DAGs
[2024-10-13T07:31:24.763+0000] {logging_mixin.py:190} INFO - [2024-10-13T07:31:24.761+0000] {dag.py:4180} INFO - Setting next_dagrun for example_time_delta_sensor_async to None, run_after=None
[2024-10-13T07:31:24.976+0000] {processor.py:208} INFO - Processing /home/vboxuser/airflow_venv/lib/python3.12/site-packages/airflow/example_dags/example_time_delta_sensor_async.py took 0.444 seconds
[2024-10-13T07:32:35.525+0000] {processor.py:186} INFO - Started process (PID=16598) to work on /home/vboxuser/airflow_venv/lib/python3.12/site-packages/airflow/example_dags/example_time_delta_sensor_async.py
[2024-10-13T07:32:35.527+0000] {processor.py:914} INFO - Processing file /home/vboxuser/airflow_venv/lib/python3.12/site-packages/airflow/example_dags/example_time_delta_sensor_async.py for tasks to queue
[2024-10-13T07:32:35.529+0000] {logging_mixin.py:190} INFO - [2024-10-13T07:32:35.528+0000] {dagbag.py:588} INFO - Filling up the DagBag from /home/vboxuser/airflow_venv/lib/python3.12/site-packages/airflow/example_dags/example_time_delta_sensor_async.py
[2024-10-13T07:32:35.534+0000] {processor.py:925} INFO - DAG(s) 'example_time_delta_sensor_async' retrieved from /home/vboxuser/airflow_venv/lib/python3.12/site-packages/airflow/example_dags/example_time_delta_sensor_async.py
[2024-10-13T07:32:35.547+0000] {logging_mixin.py:190} INFO - [2024-10-13T07:32:35.547+0000] {dag.py:3239} INFO - Sync 1 DAGs
[2024-10-13T07:32:35.559+0000] {logging_mixin.py:190} INFO - [2024-10-13T07:32:35.559+0000] {dag.py:4180} INFO - Setting next_dagrun for example_time_delta_sensor_async to None, run_after=None
[2024-10-13T07:32:35.582+0000] {processor.py:208} INFO - Processing /home/vboxuser/airflow_venv/lib/python3.12/site-packages/airflow/example_dags/example_time_delta_sensor_async.py took 0.061 seconds
[2024-10-13T07:33:38.444+0000] {processor.py:186} INFO - Started process (PID=16741) to work on /home/vboxuser/airflow_venv/lib/python3.12/site-packages/airflow/example_dags/example_time_delta_sensor_async.py
[2024-10-13T07:33:38.449+0000] {processor.py:914} INFO - Processing file /home/vboxuser/airflow_venv/lib/python3.12/site-packages/airflow/example_dags/example_time_delta_sensor_async.py for tasks to queue
[2024-10-13T07:33:38.450+0000] {logging_mixin.py:190} INFO - [2024-10-13T07:33:38.450+0000] {dagbag.py:588} INFO - Filling up the DagBag from /home/vboxuser/airflow_venv/lib/python3.12/site-packages/airflow/example_dags/example_time_delta_sensor_async.py
[2024-10-13T07:33:38.457+0000] {processor.py:925} INFO - DAG(s) 'example_time_delta_sensor_async' retrieved from /home/vboxuser/airflow_venv/lib/python3.12/site-packages/airflow/example_dags/example_time_delta_sensor_async.py
[2024-10-13T07:33:38.469+0000] {logging_mixin.py:190} INFO - [2024-10-13T07:33:38.469+0000] {dag.py:3239} INFO - Sync 1 DAGs
[2024-10-13T07:33:38.478+0000] {logging_mixin.py:190} INFO - [2024-10-13T07:33:38.478+0000] {dag.py:4180} INFO - Setting next_dagrun for example_time_delta_sensor_async to None, run_after=None
[2024-10-13T07:33:38.498+0000] {processor.py:208} INFO - Processing /home/vboxuser/airflow_venv/lib/python3.12/site-packages/airflow/example_dags/example_time_delta_sensor_async.py took 0.059 seconds
[2024-10-13T07:34:34.419+0000] {processor.py:186} INFO - Started process (PID=16929) to work on /home/vboxuser/airflow_venv/lib/python3.12/site-packages/airflow/example_dags/example_time_delta_sensor_async.py
[2024-10-13T07:34:34.422+0000] {processor.py:914} INFO - Processing file /home/vboxuser/airflow_venv/lib/python3.12/site-packages/airflow/example_dags/example_time_delta_sensor_async.py for tasks to queue
[2024-10-13T07:34:34.424+0000] {logging_mixin.py:190} INFO - [2024-10-13T07:34:34.424+0000] {dagbag.py:588} INFO - Filling up the DagBag from /home/vboxuser/airflow_venv/lib/python3.12/site-packages/airflow/example_dags/example_time_delta_sensor_async.py
[2024-10-13T07:34:34.437+0000] {processor.py:925} INFO - DAG(s) 'example_time_delta_sensor_async' retrieved from /home/vboxuser/airflow_venv/lib/python3.12/site-packages/airflow/example_dags/example_time_delta_sensor_async.py
[2024-10-13T07:34:34.455+0000] {logging_mixin.py:190} INFO - [2024-10-13T07:34:34.454+0000] {dag.py:3239} INFO - Sync 1 DAGs
[2024-10-13T07:34:34.465+0000] {logging_mixin.py:190} INFO - [2024-10-13T07:34:34.465+0000] {dag.py:4180} INFO - Setting next_dagrun for example_time_delta_sensor_async to None, run_after=None
[2024-10-13T07:34:34.498+0000] {processor.py:208} INFO - Processing /home/vboxuser/airflow_venv/lib/python3.12/site-packages/airflow/example_dags/example_time_delta_sensor_async.py took 0.088 seconds
[2024-10-13T07:35:25.900+0000] {processor.py:186} INFO - Started process (PID=16995) to work on /home/vboxuser/airflow_venv/lib/python3.12/site-packages/airflow/example_dags/example_time_delta_sensor_async.py
[2024-10-13T07:35:25.901+0000] {processor.py:914} INFO - Processing file /home/vboxuser/airflow_venv/lib/python3.12/site-packages/airflow/example_dags/example_time_delta_sensor_async.py for tasks to queue
[2024-10-13T07:35:25.903+0000] {logging_mixin.py:190} INFO - [2024-10-13T07:35:25.902+0000] {dagbag.py:588} INFO - Filling up the DagBag from /home/vboxuser/airflow_venv/lib/python3.12/site-packages/airflow/example_dags/example_time_delta_sensor_async.py
[2024-10-13T07:35:25.907+0000] {processor.py:925} INFO - DAG(s) 'example_time_delta_sensor_async' retrieved from /home/vboxuser/airflow_venv/lib/python3.12/site-packages/airflow/example_dags/example_time_delta_sensor_async.py
[2024-10-13T07:35:25.917+0000] {logging_mixin.py:190} INFO - [2024-10-13T07:35:25.917+0000] {dag.py:3239} INFO - Sync 1 DAGs
[2024-10-13T07:35:25.926+0000] {logging_mixin.py:190} INFO - [2024-10-13T07:35:25.926+0000] {dag.py:4180} INFO - Setting next_dagrun for example_time_delta_sensor_async to None, run_after=None
[2024-10-13T07:35:25.947+0000] {processor.py:208} INFO - Processing /home/vboxuser/airflow_venv/lib/python3.12/site-packages/airflow/example_dags/example_time_delta_sensor_async.py took 0.052 seconds
[2024-10-13T07:36:18.157+0000] {processor.py:186} INFO - Started process (PID=17062) to work on /home/vboxuser/airflow_venv/lib/python3.12/site-packages/airflow/example_dags/example_time_delta_sensor_async.py
[2024-10-13T07:36:18.159+0000] {processor.py:914} INFO - Processing file /home/vboxuser/airflow_venv/lib/python3.12/site-packages/airflow/example_dags/example_time_delta_sensor_async.py for tasks to queue
[2024-10-13T07:36:18.161+0000] {logging_mixin.py:190} INFO - [2024-10-13T07:36:18.161+0000] {dagbag.py:588} INFO - Filling up the DagBag from /home/vboxuser/airflow_venv/lib/python3.12/site-packages/airflow/example_dags/example_time_delta_sensor_async.py
[2024-10-13T07:36:18.166+0000] {processor.py:925} INFO - DAG(s) 'example_time_delta_sensor_async' retrieved from /home/vboxuser/airflow_venv/lib/python3.12/site-packages/airflow/example_dags/example_time_delta_sensor_async.py
[2024-10-13T07:36:18.177+0000] {logging_mixin.py:190} INFO - [2024-10-13T07:36:18.177+0000] {dag.py:3239} INFO - Sync 1 DAGs
[2024-10-13T07:36:18.188+0000] {logging_mixin.py:190} INFO - [2024-10-13T07:36:18.188+0000] {dag.py:4180} INFO - Setting next_dagrun for example_time_delta_sensor_async to None, run_after=None
[2024-10-13T07:36:18.213+0000] {processor.py:208} INFO - Processing /home/vboxuser/airflow_venv/lib/python3.12/site-packages/airflow/example_dags/example_time_delta_sensor_async.py took 0.061 seconds
[2024-10-13T07:37:06.803+0000] {processor.py:186} INFO - Started process (PID=17117) to work on /home/vboxuser/airflow_venv/lib/python3.12/site-packages/airflow/example_dags/example_time_delta_sensor_async.py
[2024-10-13T07:37:06.804+0000] {processor.py:914} INFO - Processing file /home/vboxuser/airflow_venv/lib/python3.12/site-packages/airflow/example_dags/example_time_delta_sensor_async.py for tasks to queue
[2024-10-13T07:37:06.806+0000] {logging_mixin.py:190} INFO - [2024-10-13T07:37:06.806+0000] {dagbag.py:588} INFO - Filling up the DagBag from /home/vboxuser/airflow_venv/lib/python3.12/site-packages/airflow/example_dags/example_time_delta_sensor_async.py
[2024-10-13T07:37:06.811+0000] {processor.py:925} INFO - DAG(s) 'example_time_delta_sensor_async' retrieved from /home/vboxuser/airflow_venv/lib/python3.12/site-packages/airflow/example_dags/example_time_delta_sensor_async.py
[2024-10-13T07:37:06.822+0000] {logging_mixin.py:190} INFO - [2024-10-13T07:37:06.822+0000] {dag.py:3239} INFO - Sync 1 DAGs
[2024-10-13T07:37:06.831+0000] {logging_mixin.py:190} INFO - [2024-10-13T07:37:06.830+0000] {dag.py:4180} INFO - Setting next_dagrun for example_time_delta_sensor_async to None, run_after=None
[2024-10-13T07:37:06.852+0000] {processor.py:208} INFO - Processing /home/vboxuser/airflow_venv/lib/python3.12/site-packages/airflow/example_dags/example_time_delta_sensor_async.py took 0.053 seconds
[2024-10-13T07:37:59.291+0000] {processor.py:186} INFO - Started process (PID=17181) to work on /home/vboxuser/airflow_venv/lib/python3.12/site-packages/airflow/example_dags/example_time_delta_sensor_async.py
[2024-10-13T07:37:59.292+0000] {processor.py:914} INFO - Processing file /home/vboxuser/airflow_venv/lib/python3.12/site-packages/airflow/example_dags/example_time_delta_sensor_async.py for tasks to queue
[2024-10-13T07:37:59.294+0000] {logging_mixin.py:190} INFO - [2024-10-13T07:37:59.294+0000] {dagbag.py:588} INFO - Filling up the DagBag from /home/vboxuser/airflow_venv/lib/python3.12/site-packages/airflow/example_dags/example_time_delta_sensor_async.py
[2024-10-13T07:37:59.300+0000] {processor.py:925} INFO - DAG(s) 'example_time_delta_sensor_async' retrieved from /home/vboxuser/airflow_venv/lib/python3.12/site-packages/airflow/example_dags/example_time_delta_sensor_async.py
[2024-10-13T07:37:59.320+0000] {logging_mixin.py:190} INFO - [2024-10-13T07:37:59.319+0000] {dag.py:3239} INFO - Sync 1 DAGs
[2024-10-13T07:37:59.334+0000] {logging_mixin.py:190} INFO - [2024-10-13T07:37:59.333+0000] {dag.py:4180} INFO - Setting next_dagrun for example_time_delta_sensor_async to None, run_after=None
[2024-10-13T07:37:59.364+0000] {processor.py:208} INFO - Processing /home/vboxuser/airflow_venv/lib/python3.12/site-packages/airflow/example_dags/example_time_delta_sensor_async.py took 0.078 seconds
[2024-10-13T07:38:46.924+0000] {processor.py:186} INFO - Started process (PID=17275) to work on /home/vboxuser/airflow_venv/lib/python3.12/site-packages/airflow/example_dags/example_time_delta_sensor_async.py
[2024-10-13T07:38:46.926+0000] {processor.py:914} INFO - Processing file /home/vboxuser/airflow_venv/lib/python3.12/site-packages/airflow/example_dags/example_time_delta_sensor_async.py for tasks to queue
[2024-10-13T07:38:46.929+0000] {logging_mixin.py:190} INFO - [2024-10-13T07:38:46.929+0000] {dagbag.py:588} INFO - Filling up the DagBag from /home/vboxuser/airflow_venv/lib/python3.12/site-packages/airflow/example_dags/example_time_delta_sensor_async.py
[2024-10-13T07:38:46.936+0000] {processor.py:925} INFO - DAG(s) 'example_time_delta_sensor_async' retrieved from /home/vboxuser/airflow_venv/lib/python3.12/site-packages/airflow/example_dags/example_time_delta_sensor_async.py
[2024-10-13T07:38:46.948+0000] {logging_mixin.py:190} INFO - [2024-10-13T07:38:46.947+0000] {dag.py:3239} INFO - Sync 1 DAGs
[2024-10-13T07:38:46.956+0000] {logging_mixin.py:190} INFO - [2024-10-13T07:38:46.956+0000] {dag.py:4180} INFO - Setting next_dagrun for example_time_delta_sensor_async to None, run_after=None
[2024-10-13T07:38:46.979+0000] {processor.py:208} INFO - Processing /home/vboxuser/airflow_venv/lib/python3.12/site-packages/airflow/example_dags/example_time_delta_sensor_async.py took 0.060 seconds
[2024-10-13T07:39:39.014+0000] {processor.py:186} INFO - Started process (PID=17334) to work on /home/vboxuser/airflow_venv/lib/python3.12/site-packages/airflow/example_dags/example_time_delta_sensor_async.py
[2024-10-13T07:39:39.016+0000] {processor.py:914} INFO - Processing file /home/vboxuser/airflow_venv/lib/python3.12/site-packages/airflow/example_dags/example_time_delta_sensor_async.py for tasks to queue
[2024-10-13T07:39:39.017+0000] {logging_mixin.py:190} INFO - [2024-10-13T07:39:39.017+0000] {dagbag.py:588} INFO - Filling up the DagBag from /home/vboxuser/airflow_venv/lib/python3.12/site-packages/airflow/example_dags/example_time_delta_sensor_async.py
[2024-10-13T07:39:39.023+0000] {processor.py:925} INFO - DAG(s) 'example_time_delta_sensor_async' retrieved from /home/vboxuser/airflow_venv/lib/python3.12/site-packages/airflow/example_dags/example_time_delta_sensor_async.py
[2024-10-13T07:39:39.035+0000] {logging_mixin.py:190} INFO - [2024-10-13T07:39:39.035+0000] {dag.py:3239} INFO - Sync 1 DAGs
[2024-10-13T07:39:39.045+0000] {logging_mixin.py:190} INFO - [2024-10-13T07:39:39.045+0000] {dag.py:4180} INFO - Setting next_dagrun for example_time_delta_sensor_async to None, run_after=None
[2024-10-13T07:39:39.067+0000] {processor.py:208} INFO - Processing /home/vboxuser/airflow_venv/lib/python3.12/site-packages/airflow/example_dags/example_time_delta_sensor_async.py took 0.057 seconds
[2024-10-13T07:40:29.437+0000] {processor.py:186} INFO - Started process (PID=17438) to work on /home/vboxuser/airflow_venv/lib/python3.12/site-packages/airflow/example_dags/example_time_delta_sensor_async.py
[2024-10-13T07:40:29.442+0000] {processor.py:914} INFO - Processing file /home/vboxuser/airflow_venv/lib/python3.12/site-packages/airflow/example_dags/example_time_delta_sensor_async.py for tasks to queue
[2024-10-13T07:40:29.444+0000] {logging_mixin.py:190} INFO - [2024-10-13T07:40:29.444+0000] {dagbag.py:588} INFO - Filling up the DagBag from /home/vboxuser/airflow_venv/lib/python3.12/site-packages/airflow/example_dags/example_time_delta_sensor_async.py
[2024-10-13T07:40:29.449+0000] {processor.py:925} INFO - DAG(s) 'example_time_delta_sensor_async' retrieved from /home/vboxuser/airflow_venv/lib/python3.12/site-packages/airflow/example_dags/example_time_delta_sensor_async.py
[2024-10-13T07:40:29.460+0000] {logging_mixin.py:190} INFO - [2024-10-13T07:40:29.460+0000] {dag.py:3239} INFO - Sync 1 DAGs
[2024-10-13T07:40:29.468+0000] {logging_mixin.py:190} INFO - [2024-10-13T07:40:29.468+0000] {dag.py:4180} INFO - Setting next_dagrun for example_time_delta_sensor_async to None, run_after=None
[2024-10-13T07:40:29.489+0000] {processor.py:208} INFO - Processing /home/vboxuser/airflow_venv/lib/python3.12/site-packages/airflow/example_dags/example_time_delta_sensor_async.py took 0.056 seconds
[2024-10-13T07:41:18.931+0000] {processor.py:186} INFO - Started process (PID=17498) to work on /home/vboxuser/airflow_venv/lib/python3.12/site-packages/airflow/example_dags/example_time_delta_sensor_async.py
[2024-10-13T07:41:18.935+0000] {processor.py:914} INFO - Processing file /home/vboxuser/airflow_venv/lib/python3.12/site-packages/airflow/example_dags/example_time_delta_sensor_async.py for tasks to queue
[2024-10-13T07:41:18.942+0000] {logging_mixin.py:190} INFO - [2024-10-13T07:41:18.941+0000] {dagbag.py:588} INFO - Filling up the DagBag from /home/vboxuser/airflow_venv/lib/python3.12/site-packages/airflow/example_dags/example_time_delta_sensor_async.py
[2024-10-13T07:41:18.962+0000] {processor.py:925} INFO - DAG(s) 'example_time_delta_sensor_async' retrieved from /home/vboxuser/airflow_venv/lib/python3.12/site-packages/airflow/example_dags/example_time_delta_sensor_async.py
[2024-10-13T07:41:18.992+0000] {logging_mixin.py:190} INFO - [2024-10-13T07:41:18.992+0000] {dag.py:3239} INFO - Sync 1 DAGs
[2024-10-13T07:41:19.018+0000] {logging_mixin.py:190} INFO - [2024-10-13T07:41:19.018+0000] {dag.py:4180} INFO - Setting next_dagrun for example_time_delta_sensor_async to None, run_after=None
[2024-10-13T07:41:19.094+0000] {processor.py:208} INFO - Processing /home/vboxuser/airflow_venv/lib/python3.12/site-packages/airflow/example_dags/example_time_delta_sensor_async.py took 0.172 seconds
[2024-10-13T07:42:09.428+0000] {processor.py:186} INFO - Started process (PID=17558) to work on /home/vboxuser/airflow_venv/lib/python3.12/site-packages/airflow/example_dags/example_time_delta_sensor_async.py
[2024-10-13T07:42:09.429+0000] {processor.py:914} INFO - Processing file /home/vboxuser/airflow_venv/lib/python3.12/site-packages/airflow/example_dags/example_time_delta_sensor_async.py for tasks to queue
[2024-10-13T07:42:09.430+0000] {logging_mixin.py:190} INFO - [2024-10-13T07:42:09.430+0000] {dagbag.py:588} INFO - Filling up the DagBag from /home/vboxuser/airflow_venv/lib/python3.12/site-packages/airflow/example_dags/example_time_delta_sensor_async.py
[2024-10-13T07:42:09.436+0000] {processor.py:925} INFO - DAG(s) 'example_time_delta_sensor_async' retrieved from /home/vboxuser/airflow_venv/lib/python3.12/site-packages/airflow/example_dags/example_time_delta_sensor_async.py
[2024-10-13T07:42:09.446+0000] {logging_mixin.py:190} INFO - [2024-10-13T07:42:09.446+0000] {dag.py:3239} INFO - Sync 1 DAGs
[2024-10-13T07:42:09.455+0000] {logging_mixin.py:190} INFO - [2024-10-13T07:42:09.455+0000] {dag.py:4180} INFO - Setting next_dagrun for example_time_delta_sensor_async to None, run_after=None
[2024-10-13T07:42:09.475+0000] {processor.py:208} INFO - Processing /home/vboxuser/airflow_venv/lib/python3.12/site-packages/airflow/example_dags/example_time_delta_sensor_async.py took 0.052 seconds
