[2024-10-13T07:28:43.076+0000] {processor.py:186} INFO - Started process (PID=15909) to work on /home/vboxuser/airflow_venv/lib/python3.12/site-packages/airflow/example_dags/example_sla_dag.py
[2024-10-13T07:28:43.077+0000] {processor.py:914} INFO - Processing file /home/vboxuser/airflow_venv/lib/python3.12/site-packages/airflow/example_dags/example_sla_dag.py for tasks to queue
[2024-10-13T07:28:43.081+0000] {logging_mixin.py:190} INFO - [2024-10-13T07:28:43.081+0000] {dagbag.py:588} INFO - Filling up the DagBag from /home/vboxuser/airflow_venv/lib/python3.12/site-packages/airflow/example_dags/example_sla_dag.py
[2024-10-13T07:28:43.094+0000] {processor.py:925} INFO - DAG(s) 'example_sla_dag' retrieved from /home/vboxuser/airflow_venv/lib/python3.12/site-packages/airflow/example_dags/example_sla_dag.py
[2024-10-13T07:28:43.144+0000] {logging_mixin.py:190} INFO - [2024-10-13T07:28:43.144+0000] {dag.py:3239} INFO - Sync 1 DAGs
[2024-10-13T07:28:43.272+0000] {logging_mixin.py:190} INFO - [2024-10-13T07:28:43.272+0000] {dag.py:4180} INFO - Setting next_dagrun for example_sla_dag to 2024-10-13 07:26:00+00:00, run_after=2024-10-13 07:28:00+00:00
[2024-10-13T07:28:43.390+0000] {processor.py:208} INFO - Processing /home/vboxuser/airflow_venv/lib/python3.12/site-packages/airflow/example_dags/example_sla_dag.py took 0.320 seconds
[2024-10-13T07:29:41.584+0000] {processor.py:186} INFO - Started process (PID=16221) to work on /home/vboxuser/airflow_venv/lib/python3.12/site-packages/airflow/example_dags/example_sla_dag.py
[2024-10-13T07:29:41.586+0000] {processor.py:914} INFO - Processing file /home/vboxuser/airflow_venv/lib/python3.12/site-packages/airflow/example_dags/example_sla_dag.py for tasks to queue
[2024-10-13T07:29:41.594+0000] {logging_mixin.py:190} INFO - [2024-10-13T07:29:41.593+0000] {dagbag.py:588} INFO - Filling up the DagBag from /home/vboxuser/airflow_venv/lib/python3.12/site-packages/airflow/example_dags/example_sla_dag.py
[2024-10-13T07:29:41.609+0000] {processor.py:925} INFO - DAG(s) 'example_sla_dag' retrieved from /home/vboxuser/airflow_venv/lib/python3.12/site-packages/airflow/example_dags/example_sla_dag.py
[2024-10-13T07:29:41.653+0000] {logging_mixin.py:190} INFO - [2024-10-13T07:29:41.653+0000] {dag.py:3239} INFO - Sync 1 DAGs
[2024-10-13T07:29:41.687+0000] {logging_mixin.py:190} INFO - [2024-10-13T07:29:41.687+0000] {dag.py:4180} INFO - Setting next_dagrun for example_sla_dag to 2024-10-13 07:26:00+00:00, run_after=2024-10-13 07:28:00+00:00
[2024-10-13T07:29:41.792+0000] {processor.py:208} INFO - Processing /home/vboxuser/airflow_venv/lib/python3.12/site-packages/airflow/example_dags/example_sla_dag.py took 0.221 seconds
[2024-10-13T07:30:51.730+0000] {processor.py:186} INFO - Started process (PID=16338) to work on /home/vboxuser/airflow_venv/lib/python3.12/site-packages/airflow/example_dags/example_sla_dag.py
[2024-10-13T07:30:51.735+0000] {processor.py:914} INFO - Processing file /home/vboxuser/airflow_venv/lib/python3.12/site-packages/airflow/example_dags/example_sla_dag.py for tasks to queue
[2024-10-13T07:30:51.736+0000] {logging_mixin.py:190} INFO - [2024-10-13T07:30:51.736+0000] {dagbag.py:588} INFO - Filling up the DagBag from /home/vboxuser/airflow_venv/lib/python3.12/site-packages/airflow/example_dags/example_sla_dag.py
[2024-10-13T07:30:51.743+0000] {processor.py:925} INFO - DAG(s) 'example_sla_dag' retrieved from /home/vboxuser/airflow_venv/lib/python3.12/site-packages/airflow/example_dags/example_sla_dag.py
[2024-10-13T07:30:51.754+0000] {logging_mixin.py:190} INFO - [2024-10-13T07:30:51.754+0000] {dag.py:3239} INFO - Sync 1 DAGs
[2024-10-13T07:30:51.768+0000] {logging_mixin.py:190} INFO - [2024-10-13T07:30:51.768+0000] {dag.py:4180} INFO - Setting next_dagrun for example_sla_dag to 2024-10-13 07:28:00+00:00, run_after=2024-10-13 07:30:00+00:00
[2024-10-13T07:30:51.789+0000] {processor.py:208} INFO - Processing /home/vboxuser/airflow_venv/lib/python3.12/site-packages/airflow/example_dags/example_sla_dag.py took 0.062 seconds
[2024-10-13T07:32:02.020+0000] {processor.py:186} INFO - Started process (PID=16446) to work on /home/vboxuser/airflow_venv/lib/python3.12/site-packages/airflow/example_dags/example_sla_dag.py
[2024-10-13T07:32:02.052+0000] {processor.py:914} INFO - Processing file /home/vboxuser/airflow_venv/lib/python3.12/site-packages/airflow/example_dags/example_sla_dag.py for tasks to queue
[2024-10-13T07:32:02.058+0000] {logging_mixin.py:190} INFO - [2024-10-13T07:32:02.056+0000] {dagbag.py:588} INFO - Filling up the DagBag from /home/vboxuser/airflow_venv/lib/python3.12/site-packages/airflow/example_dags/example_sla_dag.py
[2024-10-13T07:32:02.119+0000] {processor.py:925} INFO - DAG(s) 'example_sla_dag' retrieved from /home/vboxuser/airflow_venv/lib/python3.12/site-packages/airflow/example_dags/example_sla_dag.py
[2024-10-13T07:32:02.175+0000] {logging_mixin.py:190} INFO - [2024-10-13T07:32:02.175+0000] {dag.py:3239} INFO - Sync 1 DAGs
[2024-10-13T07:32:02.235+0000] {logging_mixin.py:190} INFO - [2024-10-13T07:32:02.235+0000] {dag.py:4180} INFO - Setting next_dagrun for example_sla_dag to 2024-10-13 07:30:00+00:00, run_after=2024-10-13 07:32:00+00:00
[2024-10-13T07:32:02.382+0000] {processor.py:208} INFO - Processing /home/vboxuser/airflow_venv/lib/python3.12/site-packages/airflow/example_dags/example_sla_dag.py took 0.373 seconds
[2024-10-13T07:33:02.846+0000] {processor.py:186} INFO - Started process (PID=16680) to work on /home/vboxuser/airflow_venv/lib/python3.12/site-packages/airflow/example_dags/example_sla_dag.py
[2024-10-13T07:33:02.849+0000] {processor.py:914} INFO - Processing file /home/vboxuser/airflow_venv/lib/python3.12/site-packages/airflow/example_dags/example_sla_dag.py for tasks to queue
[2024-10-13T07:33:02.852+0000] {logging_mixin.py:190} INFO - [2024-10-13T07:33:02.851+0000] {dagbag.py:588} INFO - Filling up the DagBag from /home/vboxuser/airflow_venv/lib/python3.12/site-packages/airflow/example_dags/example_sla_dag.py
[2024-10-13T07:33:02.896+0000] {processor.py:925} INFO - DAG(s) 'example_sla_dag' retrieved from /home/vboxuser/airflow_venv/lib/python3.12/site-packages/airflow/example_dags/example_sla_dag.py
[2024-10-13T07:33:02.970+0000] {logging_mixin.py:190} INFO - [2024-10-13T07:33:02.970+0000] {dag.py:3239} INFO - Sync 1 DAGs
[2024-10-13T07:33:03.083+0000] {logging_mixin.py:190} INFO - [2024-10-13T07:33:03.082+0000] {dag.py:4180} INFO - Setting next_dagrun for example_sla_dag to 2024-10-13 07:30:00+00:00, run_after=2024-10-13 07:32:00+00:00
[2024-10-13T07:33:03.137+0000] {processor.py:208} INFO - Processing /home/vboxuser/airflow_venv/lib/python3.12/site-packages/airflow/example_dags/example_sla_dag.py took 0.351 seconds
[2024-10-13T07:34:01.134+0000] {processor.py:186} INFO - Started process (PID=16890) to work on /home/vboxuser/airflow_venv/lib/python3.12/site-packages/airflow/example_dags/example_sla_dag.py
[2024-10-13T07:34:01.136+0000] {processor.py:914} INFO - Processing file /home/vboxuser/airflow_venv/lib/python3.12/site-packages/airflow/example_dags/example_sla_dag.py for tasks to queue
[2024-10-13T07:34:01.138+0000] {logging_mixin.py:190} INFO - [2024-10-13T07:34:01.137+0000] {dagbag.py:588} INFO - Filling up the DagBag from /home/vboxuser/airflow_venv/lib/python3.12/site-packages/airflow/example_dags/example_sla_dag.py
[2024-10-13T07:34:01.150+0000] {processor.py:925} INFO - DAG(s) 'example_sla_dag' retrieved from /home/vboxuser/airflow_venv/lib/python3.12/site-packages/airflow/example_dags/example_sla_dag.py
[2024-10-13T07:34:01.161+0000] {logging_mixin.py:190} INFO - [2024-10-13T07:34:01.161+0000] {dag.py:3239} INFO - Sync 1 DAGs
[2024-10-13T07:34:01.179+0000] {logging_mixin.py:190} INFO - [2024-10-13T07:34:01.179+0000] {dag.py:4180} INFO - Setting next_dagrun for example_sla_dag to 2024-10-13 07:32:00+00:00, run_after=2024-10-13 07:34:00+00:00
[2024-10-13T07:34:01.207+0000] {processor.py:208} INFO - Processing /home/vboxuser/airflow_venv/lib/python3.12/site-packages/airflow/example_dags/example_sla_dag.py took 0.080 seconds
[2024-10-13T07:34:52.656+0000] {processor.py:186} INFO - Started process (PID=16957) to work on /home/vboxuser/airflow_venv/lib/python3.12/site-packages/airflow/example_dags/example_sla_dag.py
[2024-10-13T07:34:52.660+0000] {processor.py:914} INFO - Processing file /home/vboxuser/airflow_venv/lib/python3.12/site-packages/airflow/example_dags/example_sla_dag.py for tasks to queue
[2024-10-13T07:34:52.663+0000] {logging_mixin.py:190} INFO - [2024-10-13T07:34:52.663+0000] {dagbag.py:588} INFO - Filling up the DagBag from /home/vboxuser/airflow_venv/lib/python3.12/site-packages/airflow/example_dags/example_sla_dag.py
[2024-10-13T07:34:52.673+0000] {processor.py:925} INFO - DAG(s) 'example_sla_dag' retrieved from /home/vboxuser/airflow_venv/lib/python3.12/site-packages/airflow/example_dags/example_sla_dag.py
[2024-10-13T07:34:52.685+0000] {logging_mixin.py:190} INFO - [2024-10-13T07:34:52.685+0000] {dag.py:3239} INFO - Sync 1 DAGs
[2024-10-13T07:34:52.701+0000] {logging_mixin.py:190} INFO - [2024-10-13T07:34:52.701+0000] {dag.py:4180} INFO - Setting next_dagrun for example_sla_dag to 2024-10-13 07:32:00+00:00, run_after=2024-10-13 07:34:00+00:00
[2024-10-13T07:34:52.724+0000] {processor.py:208} INFO - Processing /home/vboxuser/airflow_venv/lib/python3.12/site-packages/airflow/example_dags/example_sla_dag.py took 0.072 seconds
[2024-10-13T07:35:45.548+0000] {processor.py:186} INFO - Started process (PID=17019) to work on /home/vboxuser/airflow_venv/lib/python3.12/site-packages/airflow/example_dags/example_sla_dag.py
[2024-10-13T07:35:45.551+0000] {processor.py:914} INFO - Processing file /home/vboxuser/airflow_venv/lib/python3.12/site-packages/airflow/example_dags/example_sla_dag.py for tasks to queue
[2024-10-13T07:35:45.553+0000] {logging_mixin.py:190} INFO - [2024-10-13T07:35:45.553+0000] {dagbag.py:588} INFO - Filling up the DagBag from /home/vboxuser/airflow_venv/lib/python3.12/site-packages/airflow/example_dags/example_sla_dag.py
[2024-10-13T07:35:45.563+0000] {processor.py:925} INFO - DAG(s) 'example_sla_dag' retrieved from /home/vboxuser/airflow_venv/lib/python3.12/site-packages/airflow/example_dags/example_sla_dag.py
[2024-10-13T07:35:45.574+0000] {logging_mixin.py:190} INFO - [2024-10-13T07:35:45.574+0000] {dag.py:3239} INFO - Sync 1 DAGs
[2024-10-13T07:35:45.588+0000] {logging_mixin.py:190} INFO - [2024-10-13T07:35:45.588+0000] {dag.py:4180} INFO - Setting next_dagrun for example_sla_dag to 2024-10-13 07:32:00+00:00, run_after=2024-10-13 07:34:00+00:00
[2024-10-13T07:35:45.608+0000] {processor.py:208} INFO - Processing /home/vboxuser/airflow_venv/lib/python3.12/site-packages/airflow/example_dags/example_sla_dag.py took 0.065 seconds
[2024-10-13T07:36:35.571+0000] {processor.py:186} INFO - Started process (PID=17080) to work on /home/vboxuser/airflow_venv/lib/python3.12/site-packages/airflow/example_dags/example_sla_dag.py
[2024-10-13T07:36:35.573+0000] {processor.py:914} INFO - Processing file /home/vboxuser/airflow_venv/lib/python3.12/site-packages/airflow/example_dags/example_sla_dag.py for tasks to queue
[2024-10-13T07:36:35.574+0000] {logging_mixin.py:190} INFO - [2024-10-13T07:36:35.574+0000] {dagbag.py:588} INFO - Filling up the DagBag from /home/vboxuser/airflow_venv/lib/python3.12/site-packages/airflow/example_dags/example_sla_dag.py
[2024-10-13T07:36:35.583+0000] {processor.py:925} INFO - DAG(s) 'example_sla_dag' retrieved from /home/vboxuser/airflow_venv/lib/python3.12/site-packages/airflow/example_dags/example_sla_dag.py
[2024-10-13T07:36:35.593+0000] {logging_mixin.py:190} INFO - [2024-10-13T07:36:35.593+0000] {dag.py:3239} INFO - Sync 1 DAGs
[2024-10-13T07:36:35.607+0000] {logging_mixin.py:190} INFO - [2024-10-13T07:36:35.607+0000] {dag.py:4180} INFO - Setting next_dagrun for example_sla_dag to 2024-10-13 07:34:00+00:00, run_after=2024-10-13 07:36:00+00:00
[2024-10-13T07:36:35.631+0000] {processor.py:208} INFO - Processing /home/vboxuser/airflow_venv/lib/python3.12/site-packages/airflow/example_dags/example_sla_dag.py took 0.064 seconds
[2024-10-13T07:37:26.843+0000] {processor.py:186} INFO - Started process (PID=17140) to work on /home/vboxuser/airflow_venv/lib/python3.12/site-packages/airflow/example_dags/example_sla_dag.py
[2024-10-13T07:37:26.845+0000] {processor.py:914} INFO - Processing file /home/vboxuser/airflow_venv/lib/python3.12/site-packages/airflow/example_dags/example_sla_dag.py for tasks to queue
[2024-10-13T07:37:26.846+0000] {logging_mixin.py:190} INFO - [2024-10-13T07:37:26.846+0000] {dagbag.py:588} INFO - Filling up the DagBag from /home/vboxuser/airflow_venv/lib/python3.12/site-packages/airflow/example_dags/example_sla_dag.py
[2024-10-13T07:37:26.854+0000] {processor.py:925} INFO - DAG(s) 'example_sla_dag' retrieved from /home/vboxuser/airflow_venv/lib/python3.12/site-packages/airflow/example_dags/example_sla_dag.py
[2024-10-13T07:37:26.865+0000] {logging_mixin.py:190} INFO - [2024-10-13T07:37:26.864+0000] {dag.py:3239} INFO - Sync 1 DAGs
[2024-10-13T07:37:26.880+0000] {logging_mixin.py:190} INFO - [2024-10-13T07:37:26.880+0000] {dag.py:4180} INFO - Setting next_dagrun for example_sla_dag to 2024-10-13 07:34:00+00:00, run_after=2024-10-13 07:36:00+00:00
[2024-10-13T07:37:26.907+0000] {processor.py:208} INFO - Processing /home/vboxuser/airflow_venv/lib/python3.12/site-packages/airflow/example_dags/example_sla_dag.py took 0.068 seconds
[2024-10-13T07:38:17.146+0000] {processor.py:186} INFO - Started process (PID=17225) to work on /home/vboxuser/airflow_venv/lib/python3.12/site-packages/airflow/example_dags/example_sla_dag.py
[2024-10-13T07:38:17.148+0000] {processor.py:914} INFO - Processing file /home/vboxuser/airflow_venv/lib/python3.12/site-packages/airflow/example_dags/example_sla_dag.py for tasks to queue
[2024-10-13T07:38:17.150+0000] {logging_mixin.py:190} INFO - [2024-10-13T07:38:17.150+0000] {dagbag.py:588} INFO - Filling up the DagBag from /home/vboxuser/airflow_venv/lib/python3.12/site-packages/airflow/example_dags/example_sla_dag.py
[2024-10-13T07:38:17.159+0000] {processor.py:925} INFO - DAG(s) 'example_sla_dag' retrieved from /home/vboxuser/airflow_venv/lib/python3.12/site-packages/airflow/example_dags/example_sla_dag.py
[2024-10-13T07:38:17.172+0000] {logging_mixin.py:190} INFO - [2024-10-13T07:38:17.172+0000] {dag.py:3239} INFO - Sync 1 DAGs
[2024-10-13T07:38:17.189+0000] {logging_mixin.py:190} INFO - [2024-10-13T07:38:17.189+0000] {dag.py:4180} INFO - Setting next_dagrun for example_sla_dag to 2024-10-13 07:36:00+00:00, run_after=2024-10-13 07:38:00+00:00
[2024-10-13T07:38:17.215+0000] {processor.py:208} INFO - Processing /home/vboxuser/airflow_venv/lib/python3.12/site-packages/airflow/example_dags/example_sla_dag.py took 0.075 seconds
[2024-10-13T07:39:05.472+0000] {processor.py:186} INFO - Started process (PID=17298) to work on /home/vboxuser/airflow_venv/lib/python3.12/site-packages/airflow/example_dags/example_sla_dag.py
[2024-10-13T07:39:05.473+0000] {processor.py:914} INFO - Processing file /home/vboxuser/airflow_venv/lib/python3.12/site-packages/airflow/example_dags/example_sla_dag.py for tasks to queue
[2024-10-13T07:39:05.475+0000] {logging_mixin.py:190} INFO - [2024-10-13T07:39:05.474+0000] {dagbag.py:588} INFO - Filling up the DagBag from /home/vboxuser/airflow_venv/lib/python3.12/site-packages/airflow/example_dags/example_sla_dag.py
[2024-10-13T07:39:05.483+0000] {processor.py:925} INFO - DAG(s) 'example_sla_dag' retrieved from /home/vboxuser/airflow_venv/lib/python3.12/site-packages/airflow/example_dags/example_sla_dag.py
[2024-10-13T07:39:05.494+0000] {logging_mixin.py:190} INFO - [2024-10-13T07:39:05.493+0000] {dag.py:3239} INFO - Sync 1 DAGs
[2024-10-13T07:39:05.507+0000] {logging_mixin.py:190} INFO - [2024-10-13T07:39:05.507+0000] {dag.py:4180} INFO - Setting next_dagrun for example_sla_dag to 2024-10-13 07:36:00+00:00, run_after=2024-10-13 07:38:00+00:00
[2024-10-13T07:39:05.528+0000] {processor.py:208} INFO - Processing /home/vboxuser/airflow_venv/lib/python3.12/site-packages/airflow/example_dags/example_sla_dag.py took 0.060 seconds
[2024-10-13T07:39:58.428+0000] {processor.py:186} INFO - Started process (PID=17361) to work on /home/vboxuser/airflow_venv/lib/python3.12/site-packages/airflow/example_dags/example_sla_dag.py
[2024-10-13T07:39:58.430+0000] {processor.py:914} INFO - Processing file /home/vboxuser/airflow_venv/lib/python3.12/site-packages/airflow/example_dags/example_sla_dag.py for tasks to queue
[2024-10-13T07:39:58.431+0000] {logging_mixin.py:190} INFO - [2024-10-13T07:39:58.431+0000] {dagbag.py:588} INFO - Filling up the DagBag from /home/vboxuser/airflow_venv/lib/python3.12/site-packages/airflow/example_dags/example_sla_dag.py
[2024-10-13T07:39:58.440+0000] {processor.py:925} INFO - DAG(s) 'example_sla_dag' retrieved from /home/vboxuser/airflow_venv/lib/python3.12/site-packages/airflow/example_dags/example_sla_dag.py
[2024-10-13T07:39:58.450+0000] {logging_mixin.py:190} INFO - [2024-10-13T07:39:58.450+0000] {dag.py:3239} INFO - Sync 1 DAGs
[2024-10-13T07:39:58.464+0000] {logging_mixin.py:190} INFO - [2024-10-13T07:39:58.464+0000] {dag.py:4180} INFO - Setting next_dagrun for example_sla_dag to 2024-10-13 07:36:00+00:00, run_after=2024-10-13 07:38:00+00:00
[2024-10-13T07:39:58.488+0000] {processor.py:208} INFO - Processing /home/vboxuser/airflow_venv/lib/python3.12/site-packages/airflow/example_dags/example_sla_dag.py took 0.064 seconds
[2024-10-13T07:40:47.380+0000] {processor.py:186} INFO - Started process (PID=17461) to work on /home/vboxuser/airflow_venv/lib/python3.12/site-packages/airflow/example_dags/example_sla_dag.py
[2024-10-13T07:40:47.391+0000] {processor.py:914} INFO - Processing file /home/vboxuser/airflow_venv/lib/python3.12/site-packages/airflow/example_dags/example_sla_dag.py for tasks to queue
[2024-10-13T07:40:47.400+0000] {logging_mixin.py:190} INFO - [2024-10-13T07:40:47.399+0000] {dagbag.py:588} INFO - Filling up the DagBag from /home/vboxuser/airflow_venv/lib/python3.12/site-packages/airflow/example_dags/example_sla_dag.py
[2024-10-13T07:40:47.437+0000] {processor.py:925} INFO - DAG(s) 'example_sla_dag' retrieved from /home/vboxuser/airflow_venv/lib/python3.12/site-packages/airflow/example_dags/example_sla_dag.py
[2024-10-13T07:40:47.464+0000] {logging_mixin.py:190} INFO - [2024-10-13T07:40:47.460+0000] {dag.py:3239} INFO - Sync 1 DAGs
[2024-10-13T07:40:47.499+0000] {logging_mixin.py:190} INFO - [2024-10-13T07:40:47.498+0000] {dag.py:4180} INFO - Setting next_dagrun for example_sla_dag to 2024-10-13 07:38:00+00:00, run_after=2024-10-13 07:40:00+00:00
[2024-10-13T07:40:47.542+0000] {processor.py:208} INFO - Processing /home/vboxuser/airflow_venv/lib/python3.12/site-packages/airflow/example_dags/example_sla_dag.py took 0.172 seconds
[2024-10-13T07:41:37.732+0000] {processor.py:186} INFO - Started process (PID=17517) to work on /home/vboxuser/airflow_venv/lib/python3.12/site-packages/airflow/example_dags/example_sla_dag.py
[2024-10-13T07:41:37.736+0000] {processor.py:914} INFO - Processing file /home/vboxuser/airflow_venv/lib/python3.12/site-packages/airflow/example_dags/example_sla_dag.py for tasks to queue
[2024-10-13T07:41:37.738+0000] {logging_mixin.py:190} INFO - [2024-10-13T07:41:37.737+0000] {dagbag.py:588} INFO - Filling up the DagBag from /home/vboxuser/airflow_venv/lib/python3.12/site-packages/airflow/example_dags/example_sla_dag.py
[2024-10-13T07:41:37.746+0000] {processor.py:925} INFO - DAG(s) 'example_sla_dag' retrieved from /home/vboxuser/airflow_venv/lib/python3.12/site-packages/airflow/example_dags/example_sla_dag.py
[2024-10-13T07:41:37.758+0000] {logging_mixin.py:190} INFO - [2024-10-13T07:41:37.758+0000] {dag.py:3239} INFO - Sync 1 DAGs
[2024-10-13T07:41:37.774+0000] {logging_mixin.py:190} INFO - [2024-10-13T07:41:37.773+0000] {dag.py:4180} INFO - Setting next_dagrun for example_sla_dag to 2024-10-13 07:38:00+00:00, run_after=2024-10-13 07:40:00+00:00
[2024-10-13T07:41:37.795+0000] {processor.py:208} INFO - Processing /home/vboxuser/airflow_venv/lib/python3.12/site-packages/airflow/example_dags/example_sla_dag.py took 0.067 seconds
[2024-10-13T07:42:29.806+0000] {processor.py:186} INFO - Started process (PID=17580) to work on /home/vboxuser/airflow_venv/lib/python3.12/site-packages/airflow/example_dags/example_sla_dag.py
[2024-10-13T07:42:29.808+0000] {processor.py:914} INFO - Processing file /home/vboxuser/airflow_venv/lib/python3.12/site-packages/airflow/example_dags/example_sla_dag.py for tasks to queue
[2024-10-13T07:42:29.810+0000] {logging_mixin.py:190} INFO - [2024-10-13T07:42:29.809+0000] {dagbag.py:588} INFO - Filling up the DagBag from /home/vboxuser/airflow_venv/lib/python3.12/site-packages/airflow/example_dags/example_sla_dag.py
[2024-10-13T07:42:29.818+0000] {processor.py:925} INFO - DAG(s) 'example_sla_dag' retrieved from /home/vboxuser/airflow_venv/lib/python3.12/site-packages/airflow/example_dags/example_sla_dag.py
[2024-10-13T07:42:29.831+0000] {logging_mixin.py:190} INFO - [2024-10-13T07:42:29.831+0000] {dag.py:3239} INFO - Sync 1 DAGs
[2024-10-13T07:42:29.849+0000] {logging_mixin.py:190} INFO - [2024-10-13T07:42:29.849+0000] {dag.py:4180} INFO - Setting next_dagrun for example_sla_dag to 2024-10-13 07:40:00+00:00, run_after=2024-10-13 07:42:00+00:00
[2024-10-13T07:42:29.893+0000] {processor.py:208} INFO - Processing /home/vboxuser/airflow_venv/lib/python3.12/site-packages/airflow/example_dags/example_sla_dag.py took 0.092 seconds
