[2024-10-13T07:28:56.785+0000] {processor.py:186} INFO - Started process (PID=16071) to work on /home/vboxuser/airflow_venv/lib/python3.12/site-packages/airflow/example_dags/example_python_operator.py
[2024-10-13T07:28:56.786+0000] {processor.py:914} INFO - Processing file /home/vboxuser/airflow_venv/lib/python3.12/site-packages/airflow/example_dags/example_python_operator.py for tasks to queue
[2024-10-13T07:28:56.788+0000] {logging_mixin.py:190} INFO - [2024-10-13T07:28:56.788+0000] {dagbag.py:588} INFO - Filling up the DagBag from /home/vboxuser/airflow_venv/lib/python3.12/site-packages/airflow/example_dags/example_python_operator.py
[2024-10-13T07:28:56.805+0000] {logging_mixin.py:190} INFO - [2024-10-13T07:28:56.804+0000] {example_python_operator.py:93} WARNING - The virtalenv_python example task requires virtualenv, please install it.
[2024-10-13T07:28:56.807+0000] {processor.py:925} INFO - DAG(s) 'example_python_operator' retrieved from /home/vboxuser/airflow_venv/lib/python3.12/site-packages/airflow/example_dags/example_python_operator.py
[2024-10-13T07:28:56.822+0000] {logging_mixin.py:190} INFO - [2024-10-13T07:28:56.822+0000] {dag.py:3239} INFO - Sync 1 DAGs
[2024-10-13T07:28:56.831+0000] {logging_mixin.py:190} INFO - [2024-10-13T07:28:56.831+0000] {dag.py:4180} INFO - Setting next_dagrun for example_python_operator to None, run_after=None
[2024-10-13T07:28:56.853+0000] {processor.py:208} INFO - Processing /home/vboxuser/airflow_venv/lib/python3.12/site-packages/airflow/example_dags/example_python_operator.py took 0.073 seconds
[2024-10-13T07:29:52.468+0000] {processor.py:186} INFO - Started process (PID=16232) to work on /home/vboxuser/airflow_venv/lib/python3.12/site-packages/airflow/example_dags/example_python_operator.py
[2024-10-13T07:29:52.472+0000] {processor.py:914} INFO - Processing file /home/vboxuser/airflow_venv/lib/python3.12/site-packages/airflow/example_dags/example_python_operator.py for tasks to queue
[2024-10-13T07:29:52.474+0000] {logging_mixin.py:190} INFO - [2024-10-13T07:29:52.474+0000] {dagbag.py:588} INFO - Filling up the DagBag from /home/vboxuser/airflow_venv/lib/python3.12/site-packages/airflow/example_dags/example_python_operator.py
[2024-10-13T07:29:52.479+0000] {logging_mixin.py:190} INFO - [2024-10-13T07:29:52.479+0000] {example_python_operator.py:93} WARNING - The virtalenv_python example task requires virtualenv, please install it.
[2024-10-13T07:29:52.481+0000] {processor.py:925} INFO - DAG(s) 'example_python_operator' retrieved from /home/vboxuser/airflow_venv/lib/python3.12/site-packages/airflow/example_dags/example_python_operator.py
[2024-10-13T07:29:52.491+0000] {logging_mixin.py:190} INFO - [2024-10-13T07:29:52.491+0000] {dag.py:3239} INFO - Sync 1 DAGs
[2024-10-13T07:29:52.499+0000] {logging_mixin.py:190} INFO - [2024-10-13T07:29:52.499+0000] {dag.py:4180} INFO - Setting next_dagrun for example_python_operator to None, run_after=None
[2024-10-13T07:29:52.519+0000] {processor.py:208} INFO - Processing /home/vboxuser/airflow_venv/lib/python3.12/site-packages/airflow/example_dags/example_python_operator.py took 0.055 seconds
[2024-10-13T07:30:59.534+0000] {processor.py:186} INFO - Started process (PID=16347) to work on /home/vboxuser/airflow_venv/lib/python3.12/site-packages/airflow/example_dags/example_python_operator.py
[2024-10-13T07:30:59.535+0000] {processor.py:914} INFO - Processing file /home/vboxuser/airflow_venv/lib/python3.12/site-packages/airflow/example_dags/example_python_operator.py for tasks to queue
[2024-10-13T07:30:59.539+0000] {logging_mixin.py:190} INFO - [2024-10-13T07:30:59.539+0000] {dagbag.py:588} INFO - Filling up the DagBag from /home/vboxuser/airflow_venv/lib/python3.12/site-packages/airflow/example_dags/example_python_operator.py
[2024-10-13T07:30:59.547+0000] {logging_mixin.py:190} INFO - [2024-10-13T07:30:59.547+0000] {example_python_operator.py:93} WARNING - The virtalenv_python example task requires virtualenv, please install it.
[2024-10-13T07:30:59.550+0000] {processor.py:925} INFO - DAG(s) 'example_python_operator' retrieved from /home/vboxuser/airflow_venv/lib/python3.12/site-packages/airflow/example_dags/example_python_operator.py
[2024-10-13T07:30:59.565+0000] {logging_mixin.py:190} INFO - [2024-10-13T07:30:59.565+0000] {dag.py:3239} INFO - Sync 1 DAGs
[2024-10-13T07:30:59.574+0000] {logging_mixin.py:190} INFO - [2024-10-13T07:30:59.574+0000] {dag.py:4180} INFO - Setting next_dagrun for example_python_operator to None, run_after=None
[2024-10-13T07:30:59.598+0000] {processor.py:208} INFO - Processing /home/vboxuser/airflow_venv/lib/python3.12/site-packages/airflow/example_dags/example_python_operator.py took 0.071 seconds
[2024-10-13T07:32:12.278+0000] {processor.py:186} INFO - Started process (PID=16472) to work on /home/vboxuser/airflow_venv/lib/python3.12/site-packages/airflow/example_dags/example_python_operator.py
[2024-10-13T07:32:12.282+0000] {processor.py:914} INFO - Processing file /home/vboxuser/airflow_venv/lib/python3.12/site-packages/airflow/example_dags/example_python_operator.py for tasks to queue
[2024-10-13T07:32:12.284+0000] {logging_mixin.py:190} INFO - [2024-10-13T07:32:12.283+0000] {dagbag.py:588} INFO - Filling up the DagBag from /home/vboxuser/airflow_venv/lib/python3.12/site-packages/airflow/example_dags/example_python_operator.py
[2024-10-13T07:32:12.288+0000] {logging_mixin.py:190} INFO - [2024-10-13T07:32:12.288+0000] {example_python_operator.py:93} WARNING - The virtalenv_python example task requires virtualenv, please install it.
[2024-10-13T07:32:12.290+0000] {processor.py:925} INFO - DAG(s) 'example_python_operator' retrieved from /home/vboxuser/airflow_venv/lib/python3.12/site-packages/airflow/example_dags/example_python_operator.py
[2024-10-13T07:32:12.301+0000] {logging_mixin.py:190} INFO - [2024-10-13T07:32:12.301+0000] {dag.py:3239} INFO - Sync 1 DAGs
[2024-10-13T07:32:12.309+0000] {logging_mixin.py:190} INFO - [2024-10-13T07:32:12.309+0000] {dag.py:4180} INFO - Setting next_dagrun for example_python_operator to None, run_after=None
[2024-10-13T07:32:12.330+0000] {processor.py:208} INFO - Processing /home/vboxuser/airflow_venv/lib/python3.12/site-packages/airflow/example_dags/example_python_operator.py took 0.057 seconds
[2024-10-13T07:33:13.834+0000] {processor.py:186} INFO - Started process (PID=16693) to work on /home/vboxuser/airflow_venv/lib/python3.12/site-packages/airflow/example_dags/example_python_operator.py
[2024-10-13T07:33:13.837+0000] {processor.py:914} INFO - Processing file /home/vboxuser/airflow_venv/lib/python3.12/site-packages/airflow/example_dags/example_python_operator.py for tasks to queue
[2024-10-13T07:33:13.839+0000] {logging_mixin.py:190} INFO - [2024-10-13T07:33:13.838+0000] {dagbag.py:588} INFO - Filling up the DagBag from /home/vboxuser/airflow_venv/lib/python3.12/site-packages/airflow/example_dags/example_python_operator.py
[2024-10-13T07:33:13.859+0000] {logging_mixin.py:190} INFO - [2024-10-13T07:33:13.859+0000] {example_python_operator.py:93} WARNING - The virtalenv_python example task requires virtualenv, please install it.
[2024-10-13T07:33:13.861+0000] {processor.py:925} INFO - DAG(s) 'example_python_operator' retrieved from /home/vboxuser/airflow_venv/lib/python3.12/site-packages/airflow/example_dags/example_python_operator.py
[2024-10-13T07:33:13.875+0000] {logging_mixin.py:190} INFO - [2024-10-13T07:33:13.875+0000] {dag.py:3239} INFO - Sync 1 DAGs
[2024-10-13T07:33:13.885+0000] {logging_mixin.py:190} INFO - [2024-10-13T07:33:13.885+0000] {dag.py:4180} INFO - Setting next_dagrun for example_python_operator to None, run_after=None
[2024-10-13T07:33:13.906+0000] {processor.py:208} INFO - Processing /home/vboxuser/airflow_venv/lib/python3.12/site-packages/airflow/example_dags/example_python_operator.py took 0.077 seconds
[2024-10-13T07:34:09.148+0000] {processor.py:186} INFO - Started process (PID=16900) to work on /home/vboxuser/airflow_venv/lib/python3.12/site-packages/airflow/example_dags/example_python_operator.py
[2024-10-13T07:34:09.149+0000] {processor.py:914} INFO - Processing file /home/vboxuser/airflow_venv/lib/python3.12/site-packages/airflow/example_dags/example_python_operator.py for tasks to queue
[2024-10-13T07:34:09.151+0000] {logging_mixin.py:190} INFO - [2024-10-13T07:34:09.150+0000] {dagbag.py:588} INFO - Filling up the DagBag from /home/vboxuser/airflow_venv/lib/python3.12/site-packages/airflow/example_dags/example_python_operator.py
[2024-10-13T07:34:09.170+0000] {logging_mixin.py:190} INFO - [2024-10-13T07:34:09.170+0000] {example_python_operator.py:93} WARNING - The virtalenv_python example task requires virtualenv, please install it.
[2024-10-13T07:34:09.172+0000] {processor.py:925} INFO - DAG(s) 'example_python_operator' retrieved from /home/vboxuser/airflow_venv/lib/python3.12/site-packages/airflow/example_dags/example_python_operator.py
[2024-10-13T07:34:09.187+0000] {logging_mixin.py:190} INFO - [2024-10-13T07:34:09.187+0000] {dag.py:3239} INFO - Sync 1 DAGs
[2024-10-13T07:34:09.195+0000] {logging_mixin.py:190} INFO - [2024-10-13T07:34:09.195+0000] {dag.py:4180} INFO - Setting next_dagrun for example_python_operator to None, run_after=None
[2024-10-13T07:34:09.215+0000] {processor.py:208} INFO - Processing /home/vboxuser/airflow_venv/lib/python3.12/site-packages/airflow/example_dags/example_python_operator.py took 0.072 seconds
[2024-10-13T07:35:02.390+0000] {processor.py:186} INFO - Started process (PID=16969) to work on /home/vboxuser/airflow_venv/lib/python3.12/site-packages/airflow/example_dags/example_python_operator.py
[2024-10-13T07:35:02.392+0000] {processor.py:914} INFO - Processing file /home/vboxuser/airflow_venv/lib/python3.12/site-packages/airflow/example_dags/example_python_operator.py for tasks to queue
[2024-10-13T07:35:02.394+0000] {logging_mixin.py:190} INFO - [2024-10-13T07:35:02.393+0000] {dagbag.py:588} INFO - Filling up the DagBag from /home/vboxuser/airflow_venv/lib/python3.12/site-packages/airflow/example_dags/example_python_operator.py
[2024-10-13T07:35:02.399+0000] {logging_mixin.py:190} INFO - [2024-10-13T07:35:02.398+0000] {example_python_operator.py:93} WARNING - The virtalenv_python example task requires virtualenv, please install it.
[2024-10-13T07:35:02.400+0000] {processor.py:925} INFO - DAG(s) 'example_python_operator' retrieved from /home/vboxuser/airflow_venv/lib/python3.12/site-packages/airflow/example_dags/example_python_operator.py
[2024-10-13T07:35:02.412+0000] {logging_mixin.py:190} INFO - [2024-10-13T07:35:02.412+0000] {dag.py:3239} INFO - Sync 1 DAGs
[2024-10-13T07:35:02.420+0000] {logging_mixin.py:190} INFO - [2024-10-13T07:35:02.420+0000] {dag.py:4180} INFO - Setting next_dagrun for example_python_operator to None, run_after=None
[2024-10-13T07:35:02.443+0000] {processor.py:208} INFO - Processing /home/vboxuser/airflow_venv/lib/python3.12/site-packages/airflow/example_dags/example_python_operator.py took 0.056 seconds
[2024-10-13T07:35:54.336+0000] {processor.py:186} INFO - Started process (PID=17035) to work on /home/vboxuser/airflow_venv/lib/python3.12/site-packages/airflow/example_dags/example_python_operator.py
[2024-10-13T07:35:54.337+0000] {processor.py:914} INFO - Processing file /home/vboxuser/airflow_venv/lib/python3.12/site-packages/airflow/example_dags/example_python_operator.py for tasks to queue
[2024-10-13T07:35:54.339+0000] {logging_mixin.py:190} INFO - [2024-10-13T07:35:54.338+0000] {dagbag.py:588} INFO - Filling up the DagBag from /home/vboxuser/airflow_venv/lib/python3.12/site-packages/airflow/example_dags/example_python_operator.py
[2024-10-13T07:35:54.344+0000] {logging_mixin.py:190} INFO - [2024-10-13T07:35:54.344+0000] {example_python_operator.py:93} WARNING - The virtalenv_python example task requires virtualenv, please install it.
[2024-10-13T07:35:54.347+0000] {processor.py:925} INFO - DAG(s) 'example_python_operator' retrieved from /home/vboxuser/airflow_venv/lib/python3.12/site-packages/airflow/example_dags/example_python_operator.py
[2024-10-13T07:35:54.360+0000] {logging_mixin.py:190} INFO - [2024-10-13T07:35:54.360+0000] {dag.py:3239} INFO - Sync 1 DAGs
[2024-10-13T07:35:54.369+0000] {logging_mixin.py:190} INFO - [2024-10-13T07:35:54.369+0000] {dag.py:4180} INFO - Setting next_dagrun for example_python_operator to None, run_after=None
[2024-10-13T07:35:54.394+0000] {processor.py:208} INFO - Processing /home/vboxuser/airflow_venv/lib/python3.12/site-packages/airflow/example_dags/example_python_operator.py took 0.063 seconds
[2024-10-13T07:36:44.511+0000] {processor.py:186} INFO - Started process (PID=17092) to work on /home/vboxuser/airflow_venv/lib/python3.12/site-packages/airflow/example_dags/example_python_operator.py
[2024-10-13T07:36:44.516+0000] {processor.py:914} INFO - Processing file /home/vboxuser/airflow_venv/lib/python3.12/site-packages/airflow/example_dags/example_python_operator.py for tasks to queue
[2024-10-13T07:36:44.517+0000] {logging_mixin.py:190} INFO - [2024-10-13T07:36:44.517+0000] {dagbag.py:588} INFO - Filling up the DagBag from /home/vboxuser/airflow_venv/lib/python3.12/site-packages/airflow/example_dags/example_python_operator.py
[2024-10-13T07:36:44.525+0000] {logging_mixin.py:190} INFO - [2024-10-13T07:36:44.525+0000] {example_python_operator.py:93} WARNING - The virtalenv_python example task requires virtualenv, please install it.
[2024-10-13T07:36:44.527+0000] {processor.py:925} INFO - DAG(s) 'example_python_operator' retrieved from /home/vboxuser/airflow_venv/lib/python3.12/site-packages/airflow/example_dags/example_python_operator.py
[2024-10-13T07:36:44.538+0000] {logging_mixin.py:190} INFO - [2024-10-13T07:36:44.538+0000] {dag.py:3239} INFO - Sync 1 DAGs
[2024-10-13T07:36:44.546+0000] {logging_mixin.py:190} INFO - [2024-10-13T07:36:44.546+0000] {dag.py:4180} INFO - Setting next_dagrun for example_python_operator to None, run_after=None
[2024-10-13T07:36:44.568+0000] {processor.py:208} INFO - Processing /home/vboxuser/airflow_venv/lib/python3.12/site-packages/airflow/example_dags/example_python_operator.py took 0.060 seconds
[2024-10-13T07:37:34.683+0000] {processor.py:186} INFO - Started process (PID=17150) to work on /home/vboxuser/airflow_venv/lib/python3.12/site-packages/airflow/example_dags/example_python_operator.py
[2024-10-13T07:37:34.684+0000] {processor.py:914} INFO - Processing file /home/vboxuser/airflow_venv/lib/python3.12/site-packages/airflow/example_dags/example_python_operator.py for tasks to queue
[2024-10-13T07:37:34.686+0000] {logging_mixin.py:190} INFO - [2024-10-13T07:37:34.685+0000] {dagbag.py:588} INFO - Filling up the DagBag from /home/vboxuser/airflow_venv/lib/python3.12/site-packages/airflow/example_dags/example_python_operator.py
[2024-10-13T07:37:34.691+0000] {logging_mixin.py:190} INFO - [2024-10-13T07:37:34.690+0000] {example_python_operator.py:93} WARNING - The virtalenv_python example task requires virtualenv, please install it.
[2024-10-13T07:37:34.692+0000] {processor.py:925} INFO - DAG(s) 'example_python_operator' retrieved from /home/vboxuser/airflow_venv/lib/python3.12/site-packages/airflow/example_dags/example_python_operator.py
[2024-10-13T07:37:34.705+0000] {logging_mixin.py:190} INFO - [2024-10-13T07:37:34.705+0000] {dag.py:3239} INFO - Sync 1 DAGs
[2024-10-13T07:37:34.713+0000] {logging_mixin.py:190} INFO - [2024-10-13T07:37:34.713+0000] {dag.py:4180} INFO - Setting next_dagrun for example_python_operator to None, run_after=None
[2024-10-13T07:37:34.737+0000] {processor.py:208} INFO - Processing /home/vboxuser/airflow_venv/lib/python3.12/site-packages/airflow/example_dags/example_python_operator.py took 0.058 seconds
[2024-10-13T07:38:26.101+0000] {processor.py:186} INFO - Started process (PID=17234) to work on /home/vboxuser/airflow_venv/lib/python3.12/site-packages/airflow/example_dags/example_python_operator.py
[2024-10-13T07:38:26.102+0000] {processor.py:914} INFO - Processing file /home/vboxuser/airflow_venv/lib/python3.12/site-packages/airflow/example_dags/example_python_operator.py for tasks to queue
[2024-10-13T07:38:26.103+0000] {logging_mixin.py:190} INFO - [2024-10-13T07:38:26.103+0000] {dagbag.py:588} INFO - Filling up the DagBag from /home/vboxuser/airflow_venv/lib/python3.12/site-packages/airflow/example_dags/example_python_operator.py
[2024-10-13T07:38:26.112+0000] {logging_mixin.py:190} INFO - [2024-10-13T07:38:26.112+0000] {example_python_operator.py:93} WARNING - The virtalenv_python example task requires virtualenv, please install it.
[2024-10-13T07:38:26.114+0000] {processor.py:925} INFO - DAG(s) 'example_python_operator' retrieved from /home/vboxuser/airflow_venv/lib/python3.12/site-packages/airflow/example_dags/example_python_operator.py
[2024-10-13T07:38:26.127+0000] {logging_mixin.py:190} INFO - [2024-10-13T07:38:26.126+0000] {dag.py:3239} INFO - Sync 1 DAGs
[2024-10-13T07:38:26.135+0000] {logging_mixin.py:190} INFO - [2024-10-13T07:38:26.135+0000] {dag.py:4180} INFO - Setting next_dagrun for example_python_operator to None, run_after=None
[2024-10-13T07:38:26.157+0000] {processor.py:208} INFO - Processing /home/vboxuser/airflow_venv/lib/python3.12/site-packages/airflow/example_dags/example_python_operator.py took 0.060 seconds
[2024-10-13T07:39:14.672+0000] {processor.py:186} INFO - Started process (PID=17310) to work on /home/vboxuser/airflow_venv/lib/python3.12/site-packages/airflow/example_dags/example_python_operator.py
[2024-10-13T07:39:14.674+0000] {processor.py:914} INFO - Processing file /home/vboxuser/airflow_venv/lib/python3.12/site-packages/airflow/example_dags/example_python_operator.py for tasks to queue
[2024-10-13T07:39:14.676+0000] {logging_mixin.py:190} INFO - [2024-10-13T07:39:14.675+0000] {dagbag.py:588} INFO - Filling up the DagBag from /home/vboxuser/airflow_venv/lib/python3.12/site-packages/airflow/example_dags/example_python_operator.py
[2024-10-13T07:39:14.681+0000] {logging_mixin.py:190} INFO - [2024-10-13T07:39:14.681+0000] {example_python_operator.py:93} WARNING - The virtalenv_python example task requires virtualenv, please install it.
[2024-10-13T07:39:14.683+0000] {processor.py:925} INFO - DAG(s) 'example_python_operator' retrieved from /home/vboxuser/airflow_venv/lib/python3.12/site-packages/airflow/example_dags/example_python_operator.py
[2024-10-13T07:39:14.696+0000] {logging_mixin.py:190} INFO - [2024-10-13T07:39:14.696+0000] {dag.py:3239} INFO - Sync 1 DAGs
[2024-10-13T07:39:14.705+0000] {logging_mixin.py:190} INFO - [2024-10-13T07:39:14.705+0000] {dag.py:4180} INFO - Setting next_dagrun for example_python_operator to None, run_after=None
[2024-10-13T07:39:14.727+0000] {processor.py:208} INFO - Processing /home/vboxuser/airflow_venv/lib/python3.12/site-packages/airflow/example_dags/example_python_operator.py took 0.059 seconds
[2024-10-13T07:40:07.146+0000] {processor.py:186} INFO - Started process (PID=17410) to work on /home/vboxuser/airflow_venv/lib/python3.12/site-packages/airflow/example_dags/example_python_operator.py
[2024-10-13T07:40:07.149+0000] {processor.py:914} INFO - Processing file /home/vboxuser/airflow_venv/lib/python3.12/site-packages/airflow/example_dags/example_python_operator.py for tasks to queue
[2024-10-13T07:40:07.151+0000] {logging_mixin.py:190} INFO - [2024-10-13T07:40:07.151+0000] {dagbag.py:588} INFO - Filling up the DagBag from /home/vboxuser/airflow_venv/lib/python3.12/site-packages/airflow/example_dags/example_python_operator.py
[2024-10-13T07:40:07.167+0000] {logging_mixin.py:190} INFO - [2024-10-13T07:40:07.167+0000] {example_python_operator.py:93} WARNING - The virtalenv_python example task requires virtualenv, please install it.
[2024-10-13T07:40:07.177+0000] {processor.py:925} INFO - DAG(s) 'example_python_operator' retrieved from /home/vboxuser/airflow_venv/lib/python3.12/site-packages/airflow/example_dags/example_python_operator.py
[2024-10-13T07:40:07.203+0000] {logging_mixin.py:190} INFO - [2024-10-13T07:40:07.202+0000] {dag.py:3239} INFO - Sync 1 DAGs
[2024-10-13T07:40:07.223+0000] {logging_mixin.py:190} INFO - [2024-10-13T07:40:07.223+0000] {dag.py:4180} INFO - Setting next_dagrun for example_python_operator to None, run_after=None
[2024-10-13T07:40:07.269+0000] {processor.py:208} INFO - Processing /home/vboxuser/airflow_venv/lib/python3.12/site-packages/airflow/example_dags/example_python_operator.py took 0.128 seconds
[2024-10-13T07:40:56.380+0000] {processor.py:186} INFO - Started process (PID=17472) to work on /home/vboxuser/airflow_venv/lib/python3.12/site-packages/airflow/example_dags/example_python_operator.py
[2024-10-13T07:40:56.385+0000] {processor.py:914} INFO - Processing file /home/vboxuser/airflow_venv/lib/python3.12/site-packages/airflow/example_dags/example_python_operator.py for tasks to queue
[2024-10-13T07:40:56.387+0000] {logging_mixin.py:190} INFO - [2024-10-13T07:40:56.387+0000] {dagbag.py:588} INFO - Filling up the DagBag from /home/vboxuser/airflow_venv/lib/python3.12/site-packages/airflow/example_dags/example_python_operator.py
[2024-10-13T07:40:56.396+0000] {logging_mixin.py:190} INFO - [2024-10-13T07:40:56.396+0000] {example_python_operator.py:93} WARNING - The virtalenv_python example task requires virtualenv, please install it.
[2024-10-13T07:40:56.398+0000] {processor.py:925} INFO - DAG(s) 'example_python_operator' retrieved from /home/vboxuser/airflow_venv/lib/python3.12/site-packages/airflow/example_dags/example_python_operator.py
[2024-10-13T07:40:56.410+0000] {logging_mixin.py:190} INFO - [2024-10-13T07:40:56.410+0000] {dag.py:3239} INFO - Sync 1 DAGs
[2024-10-13T07:40:56.418+0000] {logging_mixin.py:190} INFO - [2024-10-13T07:40:56.418+0000] {dag.py:4180} INFO - Setting next_dagrun for example_python_operator to None, run_after=None
[2024-10-13T07:40:56.437+0000] {processor.py:208} INFO - Processing /home/vboxuser/airflow_venv/lib/python3.12/site-packages/airflow/example_dags/example_python_operator.py took 0.062 seconds
[2024-10-13T07:41:46.756+0000] {processor.py:186} INFO - Started process (PID=17530) to work on /home/vboxuser/airflow_venv/lib/python3.12/site-packages/airflow/example_dags/example_python_operator.py
[2024-10-13T07:41:46.760+0000] {processor.py:914} INFO - Processing file /home/vboxuser/airflow_venv/lib/python3.12/site-packages/airflow/example_dags/example_python_operator.py for tasks to queue
[2024-10-13T07:41:46.763+0000] {logging_mixin.py:190} INFO - [2024-10-13T07:41:46.763+0000] {dagbag.py:588} INFO - Filling up the DagBag from /home/vboxuser/airflow_venv/lib/python3.12/site-packages/airflow/example_dags/example_python_operator.py
[2024-10-13T07:41:46.769+0000] {logging_mixin.py:190} INFO - [2024-10-13T07:41:46.768+0000] {example_python_operator.py:93} WARNING - The virtalenv_python example task requires virtualenv, please install it.
[2024-10-13T07:41:46.771+0000] {processor.py:925} INFO - DAG(s) 'example_python_operator' retrieved from /home/vboxuser/airflow_venv/lib/python3.12/site-packages/airflow/example_dags/example_python_operator.py
[2024-10-13T07:41:46.782+0000] {logging_mixin.py:190} INFO - [2024-10-13T07:41:46.782+0000] {dag.py:3239} INFO - Sync 1 DAGs
[2024-10-13T07:41:46.790+0000] {logging_mixin.py:190} INFO - [2024-10-13T07:41:46.790+0000] {dag.py:4180} INFO - Setting next_dagrun for example_python_operator to None, run_after=None
[2024-10-13T07:41:46.811+0000] {processor.py:208} INFO - Processing /home/vboxuser/airflow_venv/lib/python3.12/site-packages/airflow/example_dags/example_python_operator.py took 0.058 seconds
[2024-10-13T07:42:37.436+0000] {processor.py:186} INFO - Started process (PID=17592) to work on /home/vboxuser/airflow_venv/lib/python3.12/site-packages/airflow/example_dags/example_python_operator.py
[2024-10-13T07:42:37.438+0000] {processor.py:914} INFO - Processing file /home/vboxuser/airflow_venv/lib/python3.12/site-packages/airflow/example_dags/example_python_operator.py for tasks to queue
[2024-10-13T07:42:37.440+0000] {logging_mixin.py:190} INFO - [2024-10-13T07:42:37.440+0000] {dagbag.py:588} INFO - Filling up the DagBag from /home/vboxuser/airflow_venv/lib/python3.12/site-packages/airflow/example_dags/example_python_operator.py
[2024-10-13T07:42:37.445+0000] {logging_mixin.py:190} INFO - [2024-10-13T07:42:37.445+0000] {example_python_operator.py:93} WARNING - The virtalenv_python example task requires virtualenv, please install it.
[2024-10-13T07:42:37.447+0000] {processor.py:925} INFO - DAG(s) 'example_python_operator' retrieved from /home/vboxuser/airflow_venv/lib/python3.12/site-packages/airflow/example_dags/example_python_operator.py
[2024-10-13T07:42:37.457+0000] {logging_mixin.py:190} INFO - [2024-10-13T07:42:37.457+0000] {dag.py:3239} INFO - Sync 1 DAGs
[2024-10-13T07:42:37.465+0000] {logging_mixin.py:190} INFO - [2024-10-13T07:42:37.465+0000] {dag.py:4180} INFO - Setting next_dagrun for example_python_operator to None, run_after=None
[2024-10-13T07:42:37.487+0000] {processor.py:208} INFO - Processing /home/vboxuser/airflow_venv/lib/python3.12/site-packages/airflow/example_dags/example_python_operator.py took 0.056 seconds
