[2024-10-13T07:29:17.947+0000] {processor.py:186} INFO - Started process (PID=16188) to work on /home/vboxuser/airflow_venv/lib/python3.12/site-packages/airflow/example_dags/example_setup_teardown_taskflow.py
[2024-10-13T07:29:17.955+0000] {processor.py:914} INFO - Processing file /home/vboxuser/airflow_venv/lib/python3.12/site-packages/airflow/example_dags/example_setup_teardown_taskflow.py for tasks to queue
[2024-10-13T07:29:17.967+0000] {logging_mixin.py:190} INFO - [2024-10-13T07:29:17.966+0000] {dagbag.py:588} INFO - Filling up the DagBag from /home/vboxuser/airflow_venv/lib/python3.12/site-packages/airflow/example_dags/example_setup_teardown_taskflow.py
[2024-10-13T07:29:18.083+0000] {processor.py:925} INFO - DAG(s) 'example_setup_teardown_taskflow' retrieved from /home/vboxuser/airflow_venv/lib/python3.12/site-packages/airflow/example_dags/example_setup_teardown_taskflow.py
[2024-10-13T07:29:18.175+0000] {logging_mixin.py:190} INFO - [2024-10-13T07:29:18.172+0000] {dag.py:3239} INFO - Sync 1 DAGs
[2024-10-13T07:29:18.230+0000] {logging_mixin.py:190} INFO - [2024-10-13T07:29:18.229+0000] {dag.py:4180} INFO - Setting next_dagrun for example_setup_teardown_taskflow to None, run_after=None
[2024-10-13T07:29:18.372+0000] {processor.py:208} INFO - Processing /home/vboxuser/airflow_venv/lib/python3.12/site-packages/airflow/example_dags/example_setup_teardown_taskflow.py took 0.482 seconds
[2024-10-13T07:30:35.416+0000] {processor.py:186} INFO - Started process (PID=16310) to work on /home/vboxuser/airflow_venv/lib/python3.12/site-packages/airflow/example_dags/example_setup_teardown_taskflow.py
[2024-10-13T07:30:35.420+0000] {processor.py:914} INFO - Processing file /home/vboxuser/airflow_venv/lib/python3.12/site-packages/airflow/example_dags/example_setup_teardown_taskflow.py for tasks to queue
[2024-10-13T07:30:35.422+0000] {logging_mixin.py:190} INFO - [2024-10-13T07:30:35.422+0000] {dagbag.py:588} INFO - Filling up the DagBag from /home/vboxuser/airflow_venv/lib/python3.12/site-packages/airflow/example_dags/example_setup_teardown_taskflow.py
[2024-10-13T07:30:35.432+0000] {processor.py:925} INFO - DAG(s) 'example_setup_teardown_taskflow' retrieved from /home/vboxuser/airflow_venv/lib/python3.12/site-packages/airflow/example_dags/example_setup_teardown_taskflow.py
[2024-10-13T07:30:35.446+0000] {logging_mixin.py:190} INFO - [2024-10-13T07:30:35.446+0000] {dag.py:3239} INFO - Sync 1 DAGs
[2024-10-13T07:30:35.456+0000] {logging_mixin.py:190} INFO - [2024-10-13T07:30:35.456+0000] {dag.py:4180} INFO - Setting next_dagrun for example_setup_teardown_taskflow to None, run_after=None
[2024-10-13T07:30:35.495+0000] {processor.py:208} INFO - Processing /home/vboxuser/airflow_venv/lib/python3.12/site-packages/airflow/example_dags/example_setup_teardown_taskflow.py took 0.084 seconds
[2024-10-13T07:31:40.790+0000] {processor.py:186} INFO - Started process (PID=16410) to work on /home/vboxuser/airflow_venv/lib/python3.12/site-packages/airflow/example_dags/example_setup_teardown_taskflow.py
[2024-10-13T07:31:40.808+0000] {processor.py:914} INFO - Processing file /home/vboxuser/airflow_venv/lib/python3.12/site-packages/airflow/example_dags/example_setup_teardown_taskflow.py for tasks to queue
[2024-10-13T07:31:40.818+0000] {logging_mixin.py:190} INFO - [2024-10-13T07:31:40.816+0000] {dagbag.py:588} INFO - Filling up the DagBag from /home/vboxuser/airflow_venv/lib/python3.12/site-packages/airflow/example_dags/example_setup_teardown_taskflow.py
[2024-10-13T07:31:40.908+0000] {processor.py:925} INFO - DAG(s) 'example_setup_teardown_taskflow' retrieved from /home/vboxuser/airflow_venv/lib/python3.12/site-packages/airflow/example_dags/example_setup_teardown_taskflow.py
[2024-10-13T07:31:40.968+0000] {logging_mixin.py:190} INFO - [2024-10-13T07:31:40.968+0000] {dag.py:3239} INFO - Sync 1 DAGs
[2024-10-13T07:31:41.005+0000] {logging_mixin.py:190} INFO - [2024-10-13T07:31:41.002+0000] {dag.py:4180} INFO - Setting next_dagrun for example_setup_teardown_taskflow to None, run_after=None
[2024-10-13T07:31:41.056+0000] {processor.py:208} INFO - Processing /home/vboxuser/airflow_venv/lib/python3.12/site-packages/airflow/example_dags/example_setup_teardown_taskflow.py took 0.317 seconds
[2024-10-13T07:32:48.561+0000] {processor.py:186} INFO - Started process (PID=16626) to work on /home/vboxuser/airflow_venv/lib/python3.12/site-packages/airflow/example_dags/example_setup_teardown_taskflow.py
[2024-10-13T07:32:48.562+0000] {processor.py:914} INFO - Processing file /home/vboxuser/airflow_venv/lib/python3.12/site-packages/airflow/example_dags/example_setup_teardown_taskflow.py for tasks to queue
[2024-10-13T07:32:48.564+0000] {logging_mixin.py:190} INFO - [2024-10-13T07:32:48.563+0000] {dagbag.py:588} INFO - Filling up the DagBag from /home/vboxuser/airflow_venv/lib/python3.12/site-packages/airflow/example_dags/example_setup_teardown_taskflow.py
[2024-10-13T07:32:48.574+0000] {processor.py:925} INFO - DAG(s) 'example_setup_teardown_taskflow' retrieved from /home/vboxuser/airflow_venv/lib/python3.12/site-packages/airflow/example_dags/example_setup_teardown_taskflow.py
[2024-10-13T07:32:48.589+0000] {logging_mixin.py:190} INFO - [2024-10-13T07:32:48.588+0000] {dag.py:3239} INFO - Sync 1 DAGs
[2024-10-13T07:32:48.598+0000] {logging_mixin.py:190} INFO - [2024-10-13T07:32:48.598+0000] {dag.py:4180} INFO - Setting next_dagrun for example_setup_teardown_taskflow to None, run_after=None
[2024-10-13T07:32:48.619+0000] {processor.py:208} INFO - Processing /home/vboxuser/airflow_venv/lib/python3.12/site-packages/airflow/example_dags/example_setup_teardown_taskflow.py took 0.063 seconds
[2024-10-13T07:33:51.773+0000] {processor.py:186} INFO - Started process (PID=16759) to work on /home/vboxuser/airflow_venv/lib/python3.12/site-packages/airflow/example_dags/example_setup_teardown_taskflow.py
[2024-10-13T07:33:51.775+0000] {processor.py:914} INFO - Processing file /home/vboxuser/airflow_venv/lib/python3.12/site-packages/airflow/example_dags/example_setup_teardown_taskflow.py for tasks to queue
[2024-10-13T07:33:51.776+0000] {logging_mixin.py:190} INFO - [2024-10-13T07:33:51.776+0000] {dagbag.py:588} INFO - Filling up the DagBag from /home/vboxuser/airflow_venv/lib/python3.12/site-packages/airflow/example_dags/example_setup_teardown_taskflow.py
[2024-10-13T07:33:51.783+0000] {processor.py:925} INFO - DAG(s) 'example_setup_teardown_taskflow' retrieved from /home/vboxuser/airflow_venv/lib/python3.12/site-packages/airflow/example_dags/example_setup_teardown_taskflow.py
[2024-10-13T07:33:51.796+0000] {logging_mixin.py:190} INFO - [2024-10-13T07:33:51.795+0000] {dag.py:3239} INFO - Sync 1 DAGs
[2024-10-13T07:33:51.803+0000] {logging_mixin.py:190} INFO - [2024-10-13T07:33:51.803+0000] {dag.py:4180} INFO - Setting next_dagrun for example_setup_teardown_taskflow to None, run_after=None
[2024-10-13T07:33:51.823+0000] {processor.py:208} INFO - Processing /home/vboxuser/airflow_venv/lib/python3.12/site-packages/airflow/example_dags/example_setup_teardown_taskflow.py took 0.054 seconds
[2024-10-13T07:34:46.086+0000] {processor.py:186} INFO - Started process (PID=16948) to work on /home/vboxuser/airflow_venv/lib/python3.12/site-packages/airflow/example_dags/example_setup_teardown_taskflow.py
[2024-10-13T07:34:46.088+0000] {processor.py:914} INFO - Processing file /home/vboxuser/airflow_venv/lib/python3.12/site-packages/airflow/example_dags/example_setup_teardown_taskflow.py for tasks to queue
[2024-10-13T07:34:46.089+0000] {logging_mixin.py:190} INFO - [2024-10-13T07:34:46.089+0000] {dagbag.py:588} INFO - Filling up the DagBag from /home/vboxuser/airflow_venv/lib/python3.12/site-packages/airflow/example_dags/example_setup_teardown_taskflow.py
[2024-10-13T07:34:46.100+0000] {processor.py:925} INFO - DAG(s) 'example_setup_teardown_taskflow' retrieved from /home/vboxuser/airflow_venv/lib/python3.12/site-packages/airflow/example_dags/example_setup_teardown_taskflow.py
[2024-10-13T07:34:46.113+0000] {logging_mixin.py:190} INFO - [2024-10-13T07:34:46.113+0000] {dag.py:3239} INFO - Sync 1 DAGs
[2024-10-13T07:34:46.121+0000] {logging_mixin.py:190} INFO - [2024-10-13T07:34:46.121+0000] {dag.py:4180} INFO - Setting next_dagrun for example_setup_teardown_taskflow to None, run_after=None
[2024-10-13T07:34:46.147+0000] {processor.py:208} INFO - Processing /home/vboxuser/airflow_venv/lib/python3.12/site-packages/airflow/example_dags/example_setup_teardown_taskflow.py took 0.065 seconds
[2024-10-13T07:35:37.841+0000] {processor.py:186} INFO - Started process (PID=17007) to work on /home/vboxuser/airflow_venv/lib/python3.12/site-packages/airflow/example_dags/example_setup_teardown_taskflow.py
[2024-10-13T07:35:37.845+0000] {processor.py:914} INFO - Processing file /home/vboxuser/airflow_venv/lib/python3.12/site-packages/airflow/example_dags/example_setup_teardown_taskflow.py for tasks to queue
[2024-10-13T07:35:37.847+0000] {logging_mixin.py:190} INFO - [2024-10-13T07:35:37.847+0000] {dagbag.py:588} INFO - Filling up the DagBag from /home/vboxuser/airflow_venv/lib/python3.12/site-packages/airflow/example_dags/example_setup_teardown_taskflow.py
[2024-10-13T07:35:37.854+0000] {processor.py:925} INFO - DAG(s) 'example_setup_teardown_taskflow' retrieved from /home/vboxuser/airflow_venv/lib/python3.12/site-packages/airflow/example_dags/example_setup_teardown_taskflow.py
[2024-10-13T07:35:37.868+0000] {logging_mixin.py:190} INFO - [2024-10-13T07:35:37.868+0000] {dag.py:3239} INFO - Sync 1 DAGs
[2024-10-13T07:35:37.877+0000] {logging_mixin.py:190} INFO - [2024-10-13T07:35:37.876+0000] {dag.py:4180} INFO - Setting next_dagrun for example_setup_teardown_taskflow to None, run_after=None
[2024-10-13T07:35:37.899+0000] {processor.py:208} INFO - Processing /home/vboxuser/airflow_venv/lib/python3.12/site-packages/airflow/example_dags/example_setup_teardown_taskflow.py took 0.062 seconds
[2024-10-13T07:36:29.958+0000] {processor.py:186} INFO - Started process (PID=17074) to work on /home/vboxuser/airflow_venv/lib/python3.12/site-packages/airflow/example_dags/example_setup_teardown_taskflow.py
[2024-10-13T07:36:29.959+0000] {processor.py:914} INFO - Processing file /home/vboxuser/airflow_venv/lib/python3.12/site-packages/airflow/example_dags/example_setup_teardown_taskflow.py for tasks to queue
[2024-10-13T07:36:29.961+0000] {logging_mixin.py:190} INFO - [2024-10-13T07:36:29.960+0000] {dagbag.py:588} INFO - Filling up the DagBag from /home/vboxuser/airflow_venv/lib/python3.12/site-packages/airflow/example_dags/example_setup_teardown_taskflow.py
[2024-10-13T07:36:29.968+0000] {processor.py:925} INFO - DAG(s) 'example_setup_teardown_taskflow' retrieved from /home/vboxuser/airflow_venv/lib/python3.12/site-packages/airflow/example_dags/example_setup_teardown_taskflow.py
[2024-10-13T07:36:29.978+0000] {logging_mixin.py:190} INFO - [2024-10-13T07:36:29.978+0000] {dag.py:3239} INFO - Sync 1 DAGs
[2024-10-13T07:36:29.986+0000] {logging_mixin.py:190} INFO - [2024-10-13T07:36:29.986+0000] {dag.py:4180} INFO - Setting next_dagrun for example_setup_teardown_taskflow to None, run_after=None
[2024-10-13T07:36:30.009+0000] {processor.py:208} INFO - Processing /home/vboxuser/airflow_venv/lib/python3.12/site-packages/airflow/example_dags/example_setup_teardown_taskflow.py took 0.055 seconds
[2024-10-13T07:37:38.725+0000] {processor.py:186} INFO - Started process (PID=17155) to work on /home/vboxuser/airflow_venv/lib/python3.12/site-packages/airflow/example_dags/example_setup_teardown_taskflow.py
[2024-10-13T07:37:38.726+0000] {processor.py:914} INFO - Processing file /home/vboxuser/airflow_venv/lib/python3.12/site-packages/airflow/example_dags/example_setup_teardown_taskflow.py for tasks to queue
[2024-10-13T07:37:38.727+0000] {logging_mixin.py:190} INFO - [2024-10-13T07:37:38.727+0000] {dagbag.py:588} INFO - Filling up the DagBag from /home/vboxuser/airflow_venv/lib/python3.12/site-packages/airflow/example_dags/example_setup_teardown_taskflow.py
[2024-10-13T07:37:38.735+0000] {processor.py:925} INFO - DAG(s) 'example_setup_teardown_taskflow' retrieved from /home/vboxuser/airflow_venv/lib/python3.12/site-packages/airflow/example_dags/example_setup_teardown_taskflow.py
[2024-10-13T07:37:38.747+0000] {logging_mixin.py:190} INFO - [2024-10-13T07:37:38.747+0000] {dag.py:3239} INFO - Sync 1 DAGs
[2024-10-13T07:37:38.755+0000] {logging_mixin.py:190} INFO - [2024-10-13T07:37:38.755+0000] {dag.py:4180} INFO - Setting next_dagrun for example_setup_teardown_taskflow to None, run_after=None
[2024-10-13T07:37:38.784+0000] {processor.py:208} INFO - Processing /home/vboxuser/airflow_venv/lib/python3.12/site-packages/airflow/example_dags/example_setup_teardown_taskflow.py took 0.064 seconds
[2024-10-13T07:38:30.128+0000] {processor.py:186} INFO - Started process (PID=17240) to work on /home/vboxuser/airflow_venv/lib/python3.12/site-packages/airflow/example_dags/example_setup_teardown_taskflow.py
[2024-10-13T07:38:30.133+0000] {processor.py:914} INFO - Processing file /home/vboxuser/airflow_venv/lib/python3.12/site-packages/airflow/example_dags/example_setup_teardown_taskflow.py for tasks to queue
[2024-10-13T07:38:30.135+0000] {logging_mixin.py:190} INFO - [2024-10-13T07:38:30.135+0000] {dagbag.py:588} INFO - Filling up the DagBag from /home/vboxuser/airflow_venv/lib/python3.12/site-packages/airflow/example_dags/example_setup_teardown_taskflow.py
[2024-10-13T07:38:30.145+0000] {processor.py:925} INFO - DAG(s) 'example_setup_teardown_taskflow' retrieved from /home/vboxuser/airflow_venv/lib/python3.12/site-packages/airflow/example_dags/example_setup_teardown_taskflow.py
[2024-10-13T07:38:30.162+0000] {logging_mixin.py:190} INFO - [2024-10-13T07:38:30.161+0000] {dag.py:3239} INFO - Sync 1 DAGs
[2024-10-13T07:38:30.171+0000] {logging_mixin.py:190} INFO - [2024-10-13T07:38:30.171+0000] {dag.py:4180} INFO - Setting next_dagrun for example_setup_teardown_taskflow to None, run_after=None
[2024-10-13T07:38:30.191+0000] {processor.py:208} INFO - Processing /home/vboxuser/airflow_venv/lib/python3.12/site-packages/airflow/example_dags/example_setup_teardown_taskflow.py took 0.081 seconds
[2024-10-13T07:39:18.855+0000] {processor.py:186} INFO - Started process (PID=17314) to work on /home/vboxuser/airflow_venv/lib/python3.12/site-packages/airflow/example_dags/example_setup_teardown_taskflow.py
[2024-10-13T07:39:18.857+0000] {processor.py:914} INFO - Processing file /home/vboxuser/airflow_venv/lib/python3.12/site-packages/airflow/example_dags/example_setup_teardown_taskflow.py for tasks to queue
[2024-10-13T07:39:18.858+0000] {logging_mixin.py:190} INFO - [2024-10-13T07:39:18.858+0000] {dagbag.py:588} INFO - Filling up the DagBag from /home/vboxuser/airflow_venv/lib/python3.12/site-packages/airflow/example_dags/example_setup_teardown_taskflow.py
[2024-10-13T07:39:18.868+0000] {processor.py:925} INFO - DAG(s) 'example_setup_teardown_taskflow' retrieved from /home/vboxuser/airflow_venv/lib/python3.12/site-packages/airflow/example_dags/example_setup_teardown_taskflow.py
[2024-10-13T07:39:18.882+0000] {logging_mixin.py:190} INFO - [2024-10-13T07:39:18.881+0000] {dag.py:3239} INFO - Sync 1 DAGs
[2024-10-13T07:39:18.893+0000] {logging_mixin.py:190} INFO - [2024-10-13T07:39:18.893+0000] {dag.py:4180} INFO - Setting next_dagrun for example_setup_teardown_taskflow to None, run_after=None
[2024-10-13T07:39:18.915+0000] {processor.py:208} INFO - Processing /home/vboxuser/airflow_venv/lib/python3.12/site-packages/airflow/example_dags/example_setup_teardown_taskflow.py took 0.064 seconds
[2024-10-13T07:40:10.248+0000] {processor.py:186} INFO - Started process (PID=17417) to work on /home/vboxuser/airflow_venv/lib/python3.12/site-packages/airflow/example_dags/example_setup_teardown_taskflow.py
[2024-10-13T07:40:10.249+0000] {processor.py:914} INFO - Processing file /home/vboxuser/airflow_venv/lib/python3.12/site-packages/airflow/example_dags/example_setup_teardown_taskflow.py for tasks to queue
[2024-10-13T07:40:10.251+0000] {logging_mixin.py:190} INFO - [2024-10-13T07:40:10.251+0000] {dagbag.py:588} INFO - Filling up the DagBag from /home/vboxuser/airflow_venv/lib/python3.12/site-packages/airflow/example_dags/example_setup_teardown_taskflow.py
[2024-10-13T07:40:10.260+0000] {processor.py:925} INFO - DAG(s) 'example_setup_teardown_taskflow' retrieved from /home/vboxuser/airflow_venv/lib/python3.12/site-packages/airflow/example_dags/example_setup_teardown_taskflow.py
[2024-10-13T07:40:10.274+0000] {logging_mixin.py:190} INFO - [2024-10-13T07:40:10.274+0000] {dag.py:3239} INFO - Sync 1 DAGs
[2024-10-13T07:40:10.284+0000] {logging_mixin.py:190} INFO - [2024-10-13T07:40:10.283+0000] {dag.py:4180} INFO - Setting next_dagrun for example_setup_teardown_taskflow to None, run_after=None
[2024-10-13T07:40:10.310+0000] {processor.py:208} INFO - Processing /home/vboxuser/airflow_venv/lib/python3.12/site-packages/airflow/example_dags/example_setup_teardown_taskflow.py took 0.067 seconds
[2024-10-13T07:41:00.390+0000] {processor.py:186} INFO - Started process (PID=17476) to work on /home/vboxuser/airflow_venv/lib/python3.12/site-packages/airflow/example_dags/example_setup_teardown_taskflow.py
[2024-10-13T07:41:00.392+0000] {processor.py:914} INFO - Processing file /home/vboxuser/airflow_venv/lib/python3.12/site-packages/airflow/example_dags/example_setup_teardown_taskflow.py for tasks to queue
[2024-10-13T07:41:00.394+0000] {logging_mixin.py:190} INFO - [2024-10-13T07:41:00.393+0000] {dagbag.py:588} INFO - Filling up the DagBag from /home/vboxuser/airflow_venv/lib/python3.12/site-packages/airflow/example_dags/example_setup_teardown_taskflow.py
[2024-10-13T07:41:00.405+0000] {processor.py:925} INFO - DAG(s) 'example_setup_teardown_taskflow' retrieved from /home/vboxuser/airflow_venv/lib/python3.12/site-packages/airflow/example_dags/example_setup_teardown_taskflow.py
[2024-10-13T07:41:00.419+0000] {logging_mixin.py:190} INFO - [2024-10-13T07:41:00.419+0000] {dag.py:3239} INFO - Sync 1 DAGs
[2024-10-13T07:41:00.428+0000] {logging_mixin.py:190} INFO - [2024-10-13T07:41:00.428+0000] {dag.py:4180} INFO - Setting next_dagrun for example_setup_teardown_taskflow to None, run_after=None
[2024-10-13T07:41:00.451+0000] {processor.py:208} INFO - Processing /home/vboxuser/airflow_venv/lib/python3.12/site-packages/airflow/example_dags/example_setup_teardown_taskflow.py took 0.066 seconds
[2024-10-13T07:41:50.749+0000] {processor.py:186} INFO - Started process (PID=17537) to work on /home/vboxuser/airflow_venv/lib/python3.12/site-packages/airflow/example_dags/example_setup_teardown_taskflow.py
[2024-10-13T07:41:50.753+0000] {processor.py:914} INFO - Processing file /home/vboxuser/airflow_venv/lib/python3.12/site-packages/airflow/example_dags/example_setup_teardown_taskflow.py for tasks to queue
[2024-10-13T07:41:50.754+0000] {logging_mixin.py:190} INFO - [2024-10-13T07:41:50.754+0000] {dagbag.py:588} INFO - Filling up the DagBag from /home/vboxuser/airflow_venv/lib/python3.12/site-packages/airflow/example_dags/example_setup_teardown_taskflow.py
[2024-10-13T07:41:50.763+0000] {processor.py:925} INFO - DAG(s) 'example_setup_teardown_taskflow' retrieved from /home/vboxuser/airflow_venv/lib/python3.12/site-packages/airflow/example_dags/example_setup_teardown_taskflow.py
[2024-10-13T07:41:50.775+0000] {logging_mixin.py:190} INFO - [2024-10-13T07:41:50.775+0000] {dag.py:3239} INFO - Sync 1 DAGs
[2024-10-13T07:41:50.783+0000] {logging_mixin.py:190} INFO - [2024-10-13T07:41:50.783+0000] {dag.py:4180} INFO - Setting next_dagrun for example_setup_teardown_taskflow to None, run_after=None
[2024-10-13T07:41:50.804+0000] {processor.py:208} INFO - Processing /home/vboxuser/airflow_venv/lib/python3.12/site-packages/airflow/example_dags/example_setup_teardown_taskflow.py took 0.059 seconds
[2024-10-13T07:42:42.599+0000] {processor.py:186} INFO - Started process (PID=17601) to work on /home/vboxuser/airflow_venv/lib/python3.12/site-packages/airflow/example_dags/example_setup_teardown_taskflow.py
[2024-10-13T07:42:42.604+0000] {processor.py:914} INFO - Processing file /home/vboxuser/airflow_venv/lib/python3.12/site-packages/airflow/example_dags/example_setup_teardown_taskflow.py for tasks to queue
[2024-10-13T07:42:42.606+0000] {logging_mixin.py:190} INFO - [2024-10-13T07:42:42.606+0000] {dagbag.py:588} INFO - Filling up the DagBag from /home/vboxuser/airflow_venv/lib/python3.12/site-packages/airflow/example_dags/example_setup_teardown_taskflow.py
[2024-10-13T07:42:42.616+0000] {processor.py:925} INFO - DAG(s) 'example_setup_teardown_taskflow' retrieved from /home/vboxuser/airflow_venv/lib/python3.12/site-packages/airflow/example_dags/example_setup_teardown_taskflow.py
[2024-10-13T07:42:42.634+0000] {logging_mixin.py:190} INFO - [2024-10-13T07:42:42.634+0000] {dag.py:3239} INFO - Sync 1 DAGs
[2024-10-13T07:42:42.643+0000] {logging_mixin.py:190} INFO - [2024-10-13T07:42:42.643+0000] {dag.py:4180} INFO - Setting next_dagrun for example_setup_teardown_taskflow to None, run_after=None
[2024-10-13T07:42:42.667+0000] {processor.py:208} INFO - Processing /home/vboxuser/airflow_venv/lib/python3.12/site-packages/airflow/example_dags/example_setup_teardown_taskflow.py took 0.074 seconds
