[2024-10-13T07:29:19.632+0000] {processor.py:186} INFO - Started process (PID=16196) to work on /home/vboxuser/airflow_venv/lib/python3.12/site-packages/airflow/example_dags/example_task_group_decorator.py
[2024-10-13T07:29:19.653+0000] {processor.py:914} INFO - Processing file /home/vboxuser/airflow_venv/lib/python3.12/site-packages/airflow/example_dags/example_task_group_decorator.py for tasks to queue
[2024-10-13T07:29:19.656+0000] {logging_mixin.py:190} INFO - [2024-10-13T07:29:19.655+0000] {dagbag.py:588} INFO - Filling up the DagBag from /home/vboxuser/airflow_venv/lib/python3.12/site-packages/airflow/example_dags/example_task_group_decorator.py
[2024-10-13T07:29:19.681+0000] {processor.py:925} INFO - DAG(s) 'example_task_group_decorator' retrieved from /home/vboxuser/airflow_venv/lib/python3.12/site-packages/airflow/example_dags/example_task_group_decorator.py
[2024-10-13T07:29:19.721+0000] {logging_mixin.py:190} INFO - [2024-10-13T07:29:19.721+0000] {dag.py:3239} INFO - Sync 1 DAGs
[2024-10-13T07:29:19.756+0000] {logging_mixin.py:190} INFO - [2024-10-13T07:29:19.744+0000] {dag.py:4180} INFO - Setting next_dagrun for example_task_group_decorator to None, run_after=None
[2024-10-13T07:29:19.895+0000] {processor.py:208} INFO - Processing /home/vboxuser/airflow_venv/lib/python3.12/site-packages/airflow/example_dags/example_task_group_decorator.py took 0.302 seconds
[2024-10-13T07:30:35.856+0000] {processor.py:186} INFO - Started process (PID=16311) to work on /home/vboxuser/airflow_venv/lib/python3.12/site-packages/airflow/example_dags/example_task_group_decorator.py
[2024-10-13T07:30:35.861+0000] {processor.py:914} INFO - Processing file /home/vboxuser/airflow_venv/lib/python3.12/site-packages/airflow/example_dags/example_task_group_decorator.py for tasks to queue
[2024-10-13T07:30:35.863+0000] {logging_mixin.py:190} INFO - [2024-10-13T07:30:35.863+0000] {dagbag.py:588} INFO - Filling up the DagBag from /home/vboxuser/airflow_venv/lib/python3.12/site-packages/airflow/example_dags/example_task_group_decorator.py
[2024-10-13T07:30:35.885+0000] {processor.py:925} INFO - DAG(s) 'example_task_group_decorator' retrieved from /home/vboxuser/airflow_venv/lib/python3.12/site-packages/airflow/example_dags/example_task_group_decorator.py
[2024-10-13T07:30:35.908+0000] {logging_mixin.py:190} INFO - [2024-10-13T07:30:35.908+0000] {dag.py:3239} INFO - Sync 1 DAGs
[2024-10-13T07:30:35.919+0000] {logging_mixin.py:190} INFO - [2024-10-13T07:30:35.918+0000] {dag.py:4180} INFO - Setting next_dagrun for example_task_group_decorator to None, run_after=None
[2024-10-13T07:30:35.940+0000] {processor.py:208} INFO - Processing /home/vboxuser/airflow_venv/lib/python3.12/site-packages/airflow/example_dags/example_task_group_decorator.py took 0.090 seconds
[2024-10-13T07:31:42.112+0000] {processor.py:186} INFO - Started process (PID=16411) to work on /home/vboxuser/airflow_venv/lib/python3.12/site-packages/airflow/example_dags/example_task_group_decorator.py
[2024-10-13T07:31:42.129+0000] {processor.py:914} INFO - Processing file /home/vboxuser/airflow_venv/lib/python3.12/site-packages/airflow/example_dags/example_task_group_decorator.py for tasks to queue
[2024-10-13T07:31:42.153+0000] {logging_mixin.py:190} INFO - [2024-10-13T07:31:42.152+0000] {dagbag.py:588} INFO - Filling up the DagBag from /home/vboxuser/airflow_venv/lib/python3.12/site-packages/airflow/example_dags/example_task_group_decorator.py
[2024-10-13T07:31:42.180+0000] {processor.py:925} INFO - DAG(s) 'example_task_group_decorator' retrieved from /home/vboxuser/airflow_venv/lib/python3.12/site-packages/airflow/example_dags/example_task_group_decorator.py
[2024-10-13T07:31:42.233+0000] {logging_mixin.py:190} INFO - [2024-10-13T07:31:42.232+0000] {dag.py:3239} INFO - Sync 1 DAGs
[2024-10-13T07:31:42.288+0000] {logging_mixin.py:190} INFO - [2024-10-13T07:31:42.287+0000] {dag.py:4180} INFO - Setting next_dagrun for example_task_group_decorator to None, run_after=None
[2024-10-13T07:31:42.414+0000] {processor.py:208} INFO - Processing /home/vboxuser/airflow_venv/lib/python3.12/site-packages/airflow/example_dags/example_task_group_decorator.py took 0.315 seconds
[2024-10-13T07:32:49.699+0000] {processor.py:186} INFO - Started process (PID=16628) to work on /home/vboxuser/airflow_venv/lib/python3.12/site-packages/airflow/example_dags/example_task_group_decorator.py
[2024-10-13T07:32:49.700+0000] {processor.py:914} INFO - Processing file /home/vboxuser/airflow_venv/lib/python3.12/site-packages/airflow/example_dags/example_task_group_decorator.py for tasks to queue
[2024-10-13T07:32:49.702+0000] {logging_mixin.py:190} INFO - [2024-10-13T07:32:49.702+0000] {dagbag.py:588} INFO - Filling up the DagBag from /home/vboxuser/airflow_venv/lib/python3.12/site-packages/airflow/example_dags/example_task_group_decorator.py
[2024-10-13T07:32:49.718+0000] {processor.py:925} INFO - DAG(s) 'example_task_group_decorator' retrieved from /home/vboxuser/airflow_venv/lib/python3.12/site-packages/airflow/example_dags/example_task_group_decorator.py
[2024-10-13T07:32:49.743+0000] {logging_mixin.py:190} INFO - [2024-10-13T07:32:49.742+0000] {dag.py:3239} INFO - Sync 1 DAGs
[2024-10-13T07:32:49.758+0000] {logging_mixin.py:190} INFO - [2024-10-13T07:32:49.758+0000] {dag.py:4180} INFO - Setting next_dagrun for example_task_group_decorator to None, run_after=None
[2024-10-13T07:32:49.804+0000] {processor.py:208} INFO - Processing /home/vboxuser/airflow_venv/lib/python3.12/site-packages/airflow/example_dags/example_task_group_decorator.py took 0.110 seconds
[2024-10-13T07:33:52.955+0000] {processor.py:186} INFO - Started process (PID=16784) to work on /home/vboxuser/airflow_venv/lib/python3.12/site-packages/airflow/example_dags/example_task_group_decorator.py
[2024-10-13T07:33:52.957+0000] {processor.py:914} INFO - Processing file /home/vboxuser/airflow_venv/lib/python3.12/site-packages/airflow/example_dags/example_task_group_decorator.py for tasks to queue
[2024-10-13T07:33:52.959+0000] {logging_mixin.py:190} INFO - [2024-10-13T07:33:52.958+0000] {dagbag.py:588} INFO - Filling up the DagBag from /home/vboxuser/airflow_venv/lib/python3.12/site-packages/airflow/example_dags/example_task_group_decorator.py
[2024-10-13T07:33:52.972+0000] {processor.py:925} INFO - DAG(s) 'example_task_group_decorator' retrieved from /home/vboxuser/airflow_venv/lib/python3.12/site-packages/airflow/example_dags/example_task_group_decorator.py
[2024-10-13T07:33:52.991+0000] {logging_mixin.py:190} INFO - [2024-10-13T07:33:52.991+0000] {dag.py:3239} INFO - Sync 1 DAGs
[2024-10-13T07:33:53.003+0000] {logging_mixin.py:190} INFO - [2024-10-13T07:33:53.002+0000] {dag.py:4180} INFO - Setting next_dagrun for example_task_group_decorator to None, run_after=None
[2024-10-13T07:33:53.034+0000] {processor.py:208} INFO - Processing /home/vboxuser/airflow_venv/lib/python3.12/site-packages/airflow/example_dags/example_task_group_decorator.py took 0.084 seconds
[2024-10-13T07:34:47.241+0000] {processor.py:186} INFO - Started process (PID=16950) to work on /home/vboxuser/airflow_venv/lib/python3.12/site-packages/airflow/example_dags/example_task_group_decorator.py
[2024-10-13T07:34:47.242+0000] {processor.py:914} INFO - Processing file /home/vboxuser/airflow_venv/lib/python3.12/site-packages/airflow/example_dags/example_task_group_decorator.py for tasks to queue
[2024-10-13T07:34:47.243+0000] {logging_mixin.py:190} INFO - [2024-10-13T07:34:47.243+0000] {dagbag.py:588} INFO - Filling up the DagBag from /home/vboxuser/airflow_venv/lib/python3.12/site-packages/airflow/example_dags/example_task_group_decorator.py
[2024-10-13T07:34:47.255+0000] {processor.py:925} INFO - DAG(s) 'example_task_group_decorator' retrieved from /home/vboxuser/airflow_venv/lib/python3.12/site-packages/airflow/example_dags/example_task_group_decorator.py
[2024-10-13T07:34:47.268+0000] {logging_mixin.py:190} INFO - [2024-10-13T07:34:47.267+0000] {dag.py:3239} INFO - Sync 1 DAGs
[2024-10-13T07:34:47.277+0000] {logging_mixin.py:190} INFO - [2024-10-13T07:34:47.277+0000] {dag.py:4180} INFO - Setting next_dagrun for example_task_group_decorator to None, run_after=None
[2024-10-13T07:34:47.299+0000] {processor.py:208} INFO - Processing /home/vboxuser/airflow_venv/lib/python3.12/site-packages/airflow/example_dags/example_task_group_decorator.py took 0.062 seconds
[2024-10-13T07:35:57.830+0000] {processor.py:186} INFO - Started process (PID=17038) to work on /home/vboxuser/airflow_venv/lib/python3.12/site-packages/airflow/example_dags/example_task_group_decorator.py
[2024-10-13T07:35:57.832+0000] {processor.py:914} INFO - Processing file /home/vboxuser/airflow_venv/lib/python3.12/site-packages/airflow/example_dags/example_task_group_decorator.py for tasks to queue
[2024-10-13T07:35:57.834+0000] {logging_mixin.py:190} INFO - [2024-10-13T07:35:57.833+0000] {dagbag.py:588} INFO - Filling up the DagBag from /home/vboxuser/airflow_venv/lib/python3.12/site-packages/airflow/example_dags/example_task_group_decorator.py
[2024-10-13T07:35:57.843+0000] {processor.py:925} INFO - DAG(s) 'example_task_group_decorator' retrieved from /home/vboxuser/airflow_venv/lib/python3.12/site-packages/airflow/example_dags/example_task_group_decorator.py
[2024-10-13T07:35:57.855+0000] {logging_mixin.py:190} INFO - [2024-10-13T07:35:57.855+0000] {dag.py:3239} INFO - Sync 1 DAGs
[2024-10-13T07:35:57.863+0000] {logging_mixin.py:190} INFO - [2024-10-13T07:35:57.863+0000] {dag.py:4180} INFO - Setting next_dagrun for example_task_group_decorator to None, run_after=None
[2024-10-13T07:35:57.882+0000] {processor.py:208} INFO - Processing /home/vboxuser/airflow_venv/lib/python3.12/site-packages/airflow/example_dags/example_task_group_decorator.py took 0.056 seconds
[2024-10-13T07:36:47.303+0000] {processor.py:186} INFO - Started process (PID=17096) to work on /home/vboxuser/airflow_venv/lib/python3.12/site-packages/airflow/example_dags/example_task_group_decorator.py
[2024-10-13T07:36:47.305+0000] {processor.py:914} INFO - Processing file /home/vboxuser/airflow_venv/lib/python3.12/site-packages/airflow/example_dags/example_task_group_decorator.py for tasks to queue
[2024-10-13T07:36:47.307+0000] {logging_mixin.py:190} INFO - [2024-10-13T07:36:47.306+0000] {dagbag.py:588} INFO - Filling up the DagBag from /home/vboxuser/airflow_venv/lib/python3.12/site-packages/airflow/example_dags/example_task_group_decorator.py
[2024-10-13T07:36:47.316+0000] {processor.py:925} INFO - DAG(s) 'example_task_group_decorator' retrieved from /home/vboxuser/airflow_venv/lib/python3.12/site-packages/airflow/example_dags/example_task_group_decorator.py
[2024-10-13T07:36:47.331+0000] {logging_mixin.py:190} INFO - [2024-10-13T07:36:47.330+0000] {dag.py:3239} INFO - Sync 1 DAGs
[2024-10-13T07:36:47.338+0000] {logging_mixin.py:190} INFO - [2024-10-13T07:36:47.338+0000] {dag.py:4180} INFO - Setting next_dagrun for example_task_group_decorator to None, run_after=None
[2024-10-13T07:36:47.359+0000] {processor.py:208} INFO - Processing /home/vboxuser/airflow_venv/lib/python3.12/site-packages/airflow/example_dags/example_task_group_decorator.py took 0.059 seconds
[2024-10-13T07:37:39.915+0000] {processor.py:186} INFO - Started process (PID=17157) to work on /home/vboxuser/airflow_venv/lib/python3.12/site-packages/airflow/example_dags/example_task_group_decorator.py
[2024-10-13T07:37:39.917+0000] {processor.py:914} INFO - Processing file /home/vboxuser/airflow_venv/lib/python3.12/site-packages/airflow/example_dags/example_task_group_decorator.py for tasks to queue
[2024-10-13T07:37:39.919+0000] {logging_mixin.py:190} INFO - [2024-10-13T07:37:39.918+0000] {dagbag.py:588} INFO - Filling up the DagBag from /home/vboxuser/airflow_venv/lib/python3.12/site-packages/airflow/example_dags/example_task_group_decorator.py
[2024-10-13T07:37:39.928+0000] {processor.py:925} INFO - DAG(s) 'example_task_group_decorator' retrieved from /home/vboxuser/airflow_venv/lib/python3.12/site-packages/airflow/example_dags/example_task_group_decorator.py
[2024-10-13T07:37:39.941+0000] {logging_mixin.py:190} INFO - [2024-10-13T07:37:39.941+0000] {dag.py:3239} INFO - Sync 1 DAGs
[2024-10-13T07:37:39.951+0000] {logging_mixin.py:190} INFO - [2024-10-13T07:37:39.951+0000] {dag.py:4180} INFO - Setting next_dagrun for example_task_group_decorator to None, run_after=None
[2024-10-13T07:37:39.975+0000] {processor.py:208} INFO - Processing /home/vboxuser/airflow_venv/lib/python3.12/site-packages/airflow/example_dags/example_task_group_decorator.py took 0.065 seconds
[2024-10-13T07:38:30.679+0000] {processor.py:186} INFO - Started process (PID=17241) to work on /home/vboxuser/airflow_venv/lib/python3.12/site-packages/airflow/example_dags/example_task_group_decorator.py
[2024-10-13T07:38:30.684+0000] {processor.py:914} INFO - Processing file /home/vboxuser/airflow_venv/lib/python3.12/site-packages/airflow/example_dags/example_task_group_decorator.py for tasks to queue
[2024-10-13T07:38:30.685+0000] {logging_mixin.py:190} INFO - [2024-10-13T07:38:30.685+0000] {dagbag.py:588} INFO - Filling up the DagBag from /home/vboxuser/airflow_venv/lib/python3.12/site-packages/airflow/example_dags/example_task_group_decorator.py
[2024-10-13T07:38:30.696+0000] {processor.py:925} INFO - DAG(s) 'example_task_group_decorator' retrieved from /home/vboxuser/airflow_venv/lib/python3.12/site-packages/airflow/example_dags/example_task_group_decorator.py
[2024-10-13T07:38:30.721+0000] {logging_mixin.py:190} INFO - [2024-10-13T07:38:30.721+0000] {dag.py:3239} INFO - Sync 1 DAGs
[2024-10-13T07:38:30.731+0000] {logging_mixin.py:190} INFO - [2024-10-13T07:38:30.731+0000] {dag.py:4180} INFO - Setting next_dagrun for example_task_group_decorator to None, run_after=None
[2024-10-13T07:38:30.756+0000] {processor.py:208} INFO - Processing /home/vboxuser/airflow_venv/lib/python3.12/site-packages/airflow/example_dags/example_task_group_decorator.py took 0.081 seconds
[2024-10-13T07:39:20.014+0000] {processor.py:186} INFO - Started process (PID=17315) to work on /home/vboxuser/airflow_venv/lib/python3.12/site-packages/airflow/example_dags/example_task_group_decorator.py
[2024-10-13T07:39:20.015+0000] {processor.py:914} INFO - Processing file /home/vboxuser/airflow_venv/lib/python3.12/site-packages/airflow/example_dags/example_task_group_decorator.py for tasks to queue
[2024-10-13T07:39:20.017+0000] {logging_mixin.py:190} INFO - [2024-10-13T07:39:20.017+0000] {dagbag.py:588} INFO - Filling up the DagBag from /home/vboxuser/airflow_venv/lib/python3.12/site-packages/airflow/example_dags/example_task_group_decorator.py
[2024-10-13T07:39:20.030+0000] {processor.py:925} INFO - DAG(s) 'example_task_group_decorator' retrieved from /home/vboxuser/airflow_venv/lib/python3.12/site-packages/airflow/example_dags/example_task_group_decorator.py
[2024-10-13T07:39:20.043+0000] {logging_mixin.py:190} INFO - [2024-10-13T07:39:20.043+0000] {dag.py:3239} INFO - Sync 1 DAGs
[2024-10-13T07:39:20.052+0000] {logging_mixin.py:190} INFO - [2024-10-13T07:39:20.052+0000] {dag.py:4180} INFO - Setting next_dagrun for example_task_group_decorator to None, run_after=None
[2024-10-13T07:39:20.076+0000] {processor.py:208} INFO - Processing /home/vboxuser/airflow_venv/lib/python3.12/site-packages/airflow/example_dags/example_task_group_decorator.py took 0.066 seconds
[2024-10-13T07:40:11.381+0000] {processor.py:186} INFO - Started process (PID=17418) to work on /home/vboxuser/airflow_venv/lib/python3.12/site-packages/airflow/example_dags/example_task_group_decorator.py
[2024-10-13T07:40:11.382+0000] {processor.py:914} INFO - Processing file /home/vboxuser/airflow_venv/lib/python3.12/site-packages/airflow/example_dags/example_task_group_decorator.py for tasks to queue
[2024-10-13T07:40:11.384+0000] {logging_mixin.py:190} INFO - [2024-10-13T07:40:11.384+0000] {dagbag.py:588} INFO - Filling up the DagBag from /home/vboxuser/airflow_venv/lib/python3.12/site-packages/airflow/example_dags/example_task_group_decorator.py
[2024-10-13T07:40:11.395+0000] {processor.py:925} INFO - DAG(s) 'example_task_group_decorator' retrieved from /home/vboxuser/airflow_venv/lib/python3.12/site-packages/airflow/example_dags/example_task_group_decorator.py
[2024-10-13T07:40:11.408+0000] {logging_mixin.py:190} INFO - [2024-10-13T07:40:11.408+0000] {dag.py:3239} INFO - Sync 1 DAGs
[2024-10-13T07:40:11.416+0000] {logging_mixin.py:190} INFO - [2024-10-13T07:40:11.416+0000] {dag.py:4180} INFO - Setting next_dagrun for example_task_group_decorator to None, run_after=None
[2024-10-13T07:40:11.441+0000] {processor.py:208} INFO - Processing /home/vboxuser/airflow_venv/lib/python3.12/site-packages/airflow/example_dags/example_task_group_decorator.py took 0.064 seconds
[2024-10-13T07:41:01.546+0000] {processor.py:186} INFO - Started process (PID=17477) to work on /home/vboxuser/airflow_venv/lib/python3.12/site-packages/airflow/example_dags/example_task_group_decorator.py
[2024-10-13T07:41:01.548+0000] {processor.py:914} INFO - Processing file /home/vboxuser/airflow_venv/lib/python3.12/site-packages/airflow/example_dags/example_task_group_decorator.py for tasks to queue
[2024-10-13T07:41:01.550+0000] {logging_mixin.py:190} INFO - [2024-10-13T07:41:01.550+0000] {dagbag.py:588} INFO - Filling up the DagBag from /home/vboxuser/airflow_venv/lib/python3.12/site-packages/airflow/example_dags/example_task_group_decorator.py
[2024-10-13T07:41:01.561+0000] {processor.py:925} INFO - DAG(s) 'example_task_group_decorator' retrieved from /home/vboxuser/airflow_venv/lib/python3.12/site-packages/airflow/example_dags/example_task_group_decorator.py
[2024-10-13T07:41:01.574+0000] {logging_mixin.py:190} INFO - [2024-10-13T07:41:01.574+0000] {dag.py:3239} INFO - Sync 1 DAGs
[2024-10-13T07:41:01.582+0000] {logging_mixin.py:190} INFO - [2024-10-13T07:41:01.582+0000] {dag.py:4180} INFO - Setting next_dagrun for example_task_group_decorator to None, run_after=None
[2024-10-13T07:41:01.600+0000] {processor.py:208} INFO - Processing /home/vboxuser/airflow_venv/lib/python3.12/site-packages/airflow/example_dags/example_task_group_decorator.py took 0.060 seconds
[2024-10-13T07:41:51.897+0000] {processor.py:186} INFO - Started process (PID=17538) to work on /home/vboxuser/airflow_venv/lib/python3.12/site-packages/airflow/example_dags/example_task_group_decorator.py
[2024-10-13T07:41:51.901+0000] {processor.py:914} INFO - Processing file /home/vboxuser/airflow_venv/lib/python3.12/site-packages/airflow/example_dags/example_task_group_decorator.py for tasks to queue
[2024-10-13T07:41:51.903+0000] {logging_mixin.py:190} INFO - [2024-10-13T07:41:51.903+0000] {dagbag.py:588} INFO - Filling up the DagBag from /home/vboxuser/airflow_venv/lib/python3.12/site-packages/airflow/example_dags/example_task_group_decorator.py
[2024-10-13T07:41:51.914+0000] {processor.py:925} INFO - DAG(s) 'example_task_group_decorator' retrieved from /home/vboxuser/airflow_venv/lib/python3.12/site-packages/airflow/example_dags/example_task_group_decorator.py
[2024-10-13T07:41:51.927+0000] {logging_mixin.py:190} INFO - [2024-10-13T07:41:51.926+0000] {dag.py:3239} INFO - Sync 1 DAGs
[2024-10-13T07:41:51.935+0000] {logging_mixin.py:190} INFO - [2024-10-13T07:41:51.935+0000] {dag.py:4180} INFO - Setting next_dagrun for example_task_group_decorator to None, run_after=None
[2024-10-13T07:41:51.955+0000] {processor.py:208} INFO - Processing /home/vboxuser/airflow_venv/lib/python3.12/site-packages/airflow/example_dags/example_task_group_decorator.py took 0.062 seconds
[2024-10-13T07:42:43.753+0000] {processor.py:186} INFO - Started process (PID=17602) to work on /home/vboxuser/airflow_venv/lib/python3.12/site-packages/airflow/example_dags/example_task_group_decorator.py
[2024-10-13T07:42:43.755+0000] {processor.py:914} INFO - Processing file /home/vboxuser/airflow_venv/lib/python3.12/site-packages/airflow/example_dags/example_task_group_decorator.py for tasks to queue
[2024-10-13T07:42:43.757+0000] {logging_mixin.py:190} INFO - [2024-10-13T07:42:43.757+0000] {dagbag.py:588} INFO - Filling up the DagBag from /home/vboxuser/airflow_venv/lib/python3.12/site-packages/airflow/example_dags/example_task_group_decorator.py
[2024-10-13T07:42:43.766+0000] {processor.py:925} INFO - DAG(s) 'example_task_group_decorator' retrieved from /home/vboxuser/airflow_venv/lib/python3.12/site-packages/airflow/example_dags/example_task_group_decorator.py
[2024-10-13T07:42:43.778+0000] {logging_mixin.py:190} INFO - [2024-10-13T07:42:43.778+0000] {dag.py:3239} INFO - Sync 1 DAGs
[2024-10-13T07:42:43.786+0000] {logging_mixin.py:190} INFO - [2024-10-13T07:42:43.786+0000] {dag.py:4180} INFO - Setting next_dagrun for example_task_group_decorator to None, run_after=None
[2024-10-13T07:42:43.805+0000] {processor.py:208} INFO - Processing /home/vboxuser/airflow_venv/lib/python3.12/site-packages/airflow/example_dags/example_task_group_decorator.py took 0.056 seconds
