[2024-10-13T07:28:28.534+0000] {processor.py:186} INFO - Started process (PID=15141) to work on /home/vboxuser/airflow_venv/lib/python3.12/site-packages/airflow/example_dags/example_branch_datetime_operator.py
[2024-10-13T07:28:28.535+0000] {processor.py:914} INFO - Processing file /home/vboxuser/airflow_venv/lib/python3.12/site-packages/airflow/example_dags/example_branch_datetime_operator.py for tasks to queue
[2024-10-13T07:28:28.537+0000] {logging_mixin.py:190} INFO - [2024-10-13T07:28:28.536+0000] {dagbag.py:588} INFO - Filling up the DagBag from /home/vboxuser/airflow_venv/lib/python3.12/site-packages/airflow/example_dags/example_branch_datetime_operator.py
[2024-10-13T07:28:28.545+0000] {processor.py:925} INFO - DAG(s) 'example_branch_datetime_operator', 'example_branch_datetime_operator_2', 'example_branch_datetime_operator_3' retrieved from /home/vboxuser/airflow_venv/lib/python3.12/site-packages/airflow/example_dags/example_branch_datetime_operator.py
[2024-10-13T07:28:28.558+0000] {logging_mixin.py:190} INFO - [2024-10-13T07:28:28.558+0000] {dag.py:3239} INFO - Sync 3 DAGs
[2024-10-13T07:28:28.572+0000] {logging_mixin.py:190} INFO - [2024-10-13T07:28:28.572+0000] {dag.py:4180} INFO - Setting next_dagrun for example_branch_datetime_operator to 2024-10-12 00:00:00+00:00, run_after=2024-10-13 00:00:00+00:00
[2024-10-13T07:28:28.575+0000] {logging_mixin.py:190} INFO - [2024-10-13T07:28:28.575+0000] {dag.py:4180} INFO - Setting next_dagrun for example_branch_datetime_operator_2 to 2024-10-12 00:00:00+00:00, run_after=2024-10-13 00:00:00+00:00
[2024-10-13T07:28:28.576+0000] {logging_mixin.py:190} INFO - [2024-10-13T07:28:28.576+0000] {dag.py:4180} INFO - Setting next_dagrun for example_branch_datetime_operator_3 to 2024-10-12 00:00:00+00:00, run_after=2024-10-13 00:00:00+00:00
[2024-10-13T07:28:28.605+0000] {processor.py:208} INFO - Processing /home/vboxuser/airflow_venv/lib/python3.12/site-packages/airflow/example_dags/example_branch_datetime_operator.py took 0.075 seconds
[2024-10-13T07:30:09.237+0000] {processor.py:186} INFO - Started process (PID=16271) to work on /home/vboxuser/airflow_venv/lib/python3.12/site-packages/airflow/example_dags/example_branch_datetime_operator.py
[2024-10-13T07:30:09.239+0000] {processor.py:914} INFO - Processing file /home/vboxuser/airflow_venv/lib/python3.12/site-packages/airflow/example_dags/example_branch_datetime_operator.py for tasks to queue
[2024-10-13T07:30:09.240+0000] {logging_mixin.py:190} INFO - [2024-10-13T07:30:09.240+0000] {dagbag.py:588} INFO - Filling up the DagBag from /home/vboxuser/airflow_venv/lib/python3.12/site-packages/airflow/example_dags/example_branch_datetime_operator.py
[2024-10-13T07:30:09.250+0000] {processor.py:925} INFO - DAG(s) 'example_branch_datetime_operator_2', 'example_branch_datetime_operator', 'example_branch_datetime_operator_3' retrieved from /home/vboxuser/airflow_venv/lib/python3.12/site-packages/airflow/example_dags/example_branch_datetime_operator.py
[2024-10-13T07:30:09.263+0000] {logging_mixin.py:190} INFO - [2024-10-13T07:30:09.263+0000] {dag.py:3239} INFO - Sync 3 DAGs
[2024-10-13T07:30:09.276+0000] {logging_mixin.py:190} INFO - [2024-10-13T07:30:09.276+0000] {dag.py:4180} INFO - Setting next_dagrun for example_branch_datetime_operator to 2024-10-12 00:00:00+00:00, run_after=2024-10-13 00:00:00+00:00
[2024-10-13T07:30:09.279+0000] {logging_mixin.py:190} INFO - [2024-10-13T07:30:09.279+0000] {dag.py:4180} INFO - Setting next_dagrun for example_branch_datetime_operator_2 to 2024-10-12 00:00:00+00:00, run_after=2024-10-13 00:00:00+00:00
[2024-10-13T07:30:09.280+0000] {logging_mixin.py:190} INFO - [2024-10-13T07:30:09.280+0000] {dag.py:4180} INFO - Setting next_dagrun for example_branch_datetime_operator_3 to 2024-10-12 00:00:00+00:00, run_after=2024-10-13 00:00:00+00:00
[2024-10-13T07:30:09.301+0000] {processor.py:208} INFO - Processing /home/vboxuser/airflow_venv/lib/python3.12/site-packages/airflow/example_dags/example_branch_datetime_operator.py took 0.068 seconds
[2024-10-13T07:31:13.793+0000] {processor.py:186} INFO - Started process (PID=16363) to work on /home/vboxuser/airflow_venv/lib/python3.12/site-packages/airflow/example_dags/example_branch_datetime_operator.py
[2024-10-13T07:31:13.802+0000] {processor.py:914} INFO - Processing file /home/vboxuser/airflow_venv/lib/python3.12/site-packages/airflow/example_dags/example_branch_datetime_operator.py for tasks to queue
[2024-10-13T07:31:13.807+0000] {logging_mixin.py:190} INFO - [2024-10-13T07:31:13.806+0000] {dagbag.py:588} INFO - Filling up the DagBag from /home/vboxuser/airflow_venv/lib/python3.12/site-packages/airflow/example_dags/example_branch_datetime_operator.py
[2024-10-13T07:31:13.861+0000] {processor.py:925} INFO - DAG(s) 'example_branch_datetime_operator_2', 'example_branch_datetime_operator_3', 'example_branch_datetime_operator' retrieved from /home/vboxuser/airflow_venv/lib/python3.12/site-packages/airflow/example_dags/example_branch_datetime_operator.py
[2024-10-13T07:31:13.892+0000] {logging_mixin.py:190} INFO - [2024-10-13T07:31:13.892+0000] {dag.py:3239} INFO - Sync 3 DAGs
[2024-10-13T07:31:13.920+0000] {logging_mixin.py:190} INFO - [2024-10-13T07:31:13.919+0000] {dag.py:4180} INFO - Setting next_dagrun for example_branch_datetime_operator to 2024-10-12 00:00:00+00:00, run_after=2024-10-13 00:00:00+00:00
[2024-10-13T07:31:13.923+0000] {logging_mixin.py:190} INFO - [2024-10-13T07:31:13.923+0000] {dag.py:4180} INFO - Setting next_dagrun for example_branch_datetime_operator_2 to 2024-10-12 00:00:00+00:00, run_after=2024-10-13 00:00:00+00:00
[2024-10-13T07:31:13.925+0000] {logging_mixin.py:190} INFO - [2024-10-13T07:31:13.924+0000] {dag.py:4180} INFO - Setting next_dagrun for example_branch_datetime_operator_3 to 2024-10-12 00:00:00+00:00, run_after=2024-10-13 00:00:00+00:00
[2024-10-13T07:31:14.013+0000] {processor.py:208} INFO - Processing /home/vboxuser/airflow_venv/lib/python3.12/site-packages/airflow/example_dags/example_branch_datetime_operator.py took 0.244 seconds
[2024-10-13T07:32:26.271+0000] {processor.py:186} INFO - Started process (PID=16489) to work on /home/vboxuser/airflow_venv/lib/python3.12/site-packages/airflow/example_dags/example_branch_datetime_operator.py
[2024-10-13T07:32:26.274+0000] {processor.py:914} INFO - Processing file /home/vboxuser/airflow_venv/lib/python3.12/site-packages/airflow/example_dags/example_branch_datetime_operator.py for tasks to queue
[2024-10-13T07:32:26.275+0000] {logging_mixin.py:190} INFO - [2024-10-13T07:32:26.275+0000] {dagbag.py:588} INFO - Filling up the DagBag from /home/vboxuser/airflow_venv/lib/python3.12/site-packages/airflow/example_dags/example_branch_datetime_operator.py
[2024-10-13T07:32:26.283+0000] {processor.py:925} INFO - DAG(s) 'example_branch_datetime_operator_3', 'example_branch_datetime_operator_2', 'example_branch_datetime_operator' retrieved from /home/vboxuser/airflow_venv/lib/python3.12/site-packages/airflow/example_dags/example_branch_datetime_operator.py
[2024-10-13T07:32:26.297+0000] {logging_mixin.py:190} INFO - [2024-10-13T07:32:26.297+0000] {dag.py:3239} INFO - Sync 3 DAGs
[2024-10-13T07:32:26.311+0000] {logging_mixin.py:190} INFO - [2024-10-13T07:32:26.311+0000] {dag.py:4180} INFO - Setting next_dagrun for example_branch_datetime_operator to 2024-10-12 00:00:00+00:00, run_after=2024-10-13 00:00:00+00:00
[2024-10-13T07:32:26.314+0000] {logging_mixin.py:190} INFO - [2024-10-13T07:32:26.314+0000] {dag.py:4180} INFO - Setting next_dagrun for example_branch_datetime_operator_2 to 2024-10-12 00:00:00+00:00, run_after=2024-10-13 00:00:00+00:00
[2024-10-13T07:32:26.316+0000] {logging_mixin.py:190} INFO - [2024-10-13T07:32:26.316+0000] {dag.py:4180} INFO - Setting next_dagrun for example_branch_datetime_operator_3 to 2024-10-12 00:00:00+00:00, run_after=2024-10-13 00:00:00+00:00
[2024-10-13T07:32:26.336+0000] {processor.py:208} INFO - Processing /home/vboxuser/airflow_venv/lib/python3.12/site-packages/airflow/example_dags/example_branch_datetime_operator.py took 0.068 seconds
[2024-10-13T07:33:28.334+0000] {processor.py:186} INFO - Started process (PID=16726) to work on /home/vboxuser/airflow_venv/lib/python3.12/site-packages/airflow/example_dags/example_branch_datetime_operator.py
[2024-10-13T07:33:28.338+0000] {processor.py:914} INFO - Processing file /home/vboxuser/airflow_venv/lib/python3.12/site-packages/airflow/example_dags/example_branch_datetime_operator.py for tasks to queue
[2024-10-13T07:33:28.339+0000] {logging_mixin.py:190} INFO - [2024-10-13T07:33:28.339+0000] {dagbag.py:588} INFO - Filling up the DagBag from /home/vboxuser/airflow_venv/lib/python3.12/site-packages/airflow/example_dags/example_branch_datetime_operator.py
[2024-10-13T07:33:28.348+0000] {processor.py:925} INFO - DAG(s) 'example_branch_datetime_operator_2', 'example_branch_datetime_operator', 'example_branch_datetime_operator_3' retrieved from /home/vboxuser/airflow_venv/lib/python3.12/site-packages/airflow/example_dags/example_branch_datetime_operator.py
[2024-10-13T07:33:28.361+0000] {logging_mixin.py:190} INFO - [2024-10-13T07:33:28.361+0000] {dag.py:3239} INFO - Sync 3 DAGs
[2024-10-13T07:33:28.375+0000] {logging_mixin.py:190} INFO - [2024-10-13T07:33:28.374+0000] {dag.py:4180} INFO - Setting next_dagrun for example_branch_datetime_operator to 2024-10-12 00:00:00+00:00, run_after=2024-10-13 00:00:00+00:00
[2024-10-13T07:33:28.377+0000] {logging_mixin.py:190} INFO - [2024-10-13T07:33:28.377+0000] {dag.py:4180} INFO - Setting next_dagrun for example_branch_datetime_operator_2 to 2024-10-12 00:00:00+00:00, run_after=2024-10-13 00:00:00+00:00
[2024-10-13T07:33:28.378+0000] {logging_mixin.py:190} INFO - [2024-10-13T07:33:28.378+0000] {dag.py:4180} INFO - Setting next_dagrun for example_branch_datetime_operator_3 to 2024-10-12 00:00:00+00:00, run_after=2024-10-13 00:00:00+00:00
[2024-10-13T07:33:28.398+0000] {processor.py:208} INFO - Processing /home/vboxuser/airflow_venv/lib/python3.12/site-packages/airflow/example_dags/example_branch_datetime_operator.py took 0.068 seconds
[2024-10-13T07:34:24.222+0000] {processor.py:186} INFO - Started process (PID=16918) to work on /home/vboxuser/airflow_venv/lib/python3.12/site-packages/airflow/example_dags/example_branch_datetime_operator.py
[2024-10-13T07:34:24.224+0000] {processor.py:914} INFO - Processing file /home/vboxuser/airflow_venv/lib/python3.12/site-packages/airflow/example_dags/example_branch_datetime_operator.py for tasks to queue
[2024-10-13T07:34:24.225+0000] {logging_mixin.py:190} INFO - [2024-10-13T07:34:24.225+0000] {dagbag.py:588} INFO - Filling up the DagBag from /home/vboxuser/airflow_venv/lib/python3.12/site-packages/airflow/example_dags/example_branch_datetime_operator.py
[2024-10-13T07:34:24.238+0000] {processor.py:925} INFO - DAG(s) 'example_branch_datetime_operator_3', 'example_branch_datetime_operator', 'example_branch_datetime_operator_2' retrieved from /home/vboxuser/airflow_venv/lib/python3.12/site-packages/airflow/example_dags/example_branch_datetime_operator.py
[2024-10-13T07:34:24.258+0000] {logging_mixin.py:190} INFO - [2024-10-13T07:34:24.258+0000] {dag.py:3239} INFO - Sync 3 DAGs
[2024-10-13T07:34:24.279+0000] {logging_mixin.py:190} INFO - [2024-10-13T07:34:24.278+0000] {dag.py:4180} INFO - Setting next_dagrun for example_branch_datetime_operator to 2024-10-12 00:00:00+00:00, run_after=2024-10-13 00:00:00+00:00
[2024-10-13T07:34:24.282+0000] {logging_mixin.py:190} INFO - [2024-10-13T07:34:24.281+0000] {dag.py:4180} INFO - Setting next_dagrun for example_branch_datetime_operator_2 to 2024-10-12 00:00:00+00:00, run_after=2024-10-13 00:00:00+00:00
[2024-10-13T07:34:24.283+0000] {logging_mixin.py:190} INFO - [2024-10-13T07:34:24.283+0000] {dag.py:4180} INFO - Setting next_dagrun for example_branch_datetime_operator_3 to 2024-10-12 00:00:00+00:00, run_after=2024-10-13 00:00:00+00:00
[2024-10-13T07:34:24.304+0000] {processor.py:208} INFO - Processing /home/vboxuser/airflow_venv/lib/python3.12/site-packages/airflow/example_dags/example_branch_datetime_operator.py took 0.088 seconds
[2024-10-13T07:35:42.440+0000] {processor.py:186} INFO - Started process (PID=17014) to work on /home/vboxuser/airflow_venv/lib/python3.12/site-packages/airflow/example_dags/example_branch_datetime_operator.py
[2024-10-13T07:35:42.444+0000] {processor.py:914} INFO - Processing file /home/vboxuser/airflow_venv/lib/python3.12/site-packages/airflow/example_dags/example_branch_datetime_operator.py for tasks to queue
[2024-10-13T07:35:42.446+0000] {logging_mixin.py:190} INFO - [2024-10-13T07:35:42.446+0000] {dagbag.py:588} INFO - Filling up the DagBag from /home/vboxuser/airflow_venv/lib/python3.12/site-packages/airflow/example_dags/example_branch_datetime_operator.py
[2024-10-13T07:35:42.456+0000] {processor.py:925} INFO - DAG(s) 'example_branch_datetime_operator_2', 'example_branch_datetime_operator_3', 'example_branch_datetime_operator' retrieved from /home/vboxuser/airflow_venv/lib/python3.12/site-packages/airflow/example_dags/example_branch_datetime_operator.py
[2024-10-13T07:35:42.474+0000] {logging_mixin.py:190} INFO - [2024-10-13T07:35:42.473+0000] {dag.py:3239} INFO - Sync 3 DAGs
[2024-10-13T07:35:42.490+0000] {logging_mixin.py:190} INFO - [2024-10-13T07:35:42.490+0000] {dag.py:4180} INFO - Setting next_dagrun for example_branch_datetime_operator to 2024-10-12 00:00:00+00:00, run_after=2024-10-13 00:00:00+00:00
[2024-10-13T07:35:42.493+0000] {logging_mixin.py:190} INFO - [2024-10-13T07:35:42.493+0000] {dag.py:4180} INFO - Setting next_dagrun for example_branch_datetime_operator_2 to 2024-10-12 00:00:00+00:00, run_after=2024-10-13 00:00:00+00:00
[2024-10-13T07:35:42.494+0000] {logging_mixin.py:190} INFO - [2024-10-13T07:35:42.494+0000] {dag.py:4180} INFO - Setting next_dagrun for example_branch_datetime_operator_3 to 2024-10-12 00:00:00+00:00, run_after=2024-10-13 00:00:00+00:00
[2024-10-13T07:35:42.515+0000] {processor.py:208} INFO - Processing /home/vboxuser/airflow_venv/lib/python3.12/site-packages/airflow/example_dags/example_branch_datetime_operator.py took 0.080 seconds
[2024-10-13T07:36:56.501+0000] {processor.py:186} INFO - Started process (PID=17106) to work on /home/vboxuser/airflow_venv/lib/python3.12/site-packages/airflow/example_dags/example_branch_datetime_operator.py
[2024-10-13T07:36:56.505+0000] {processor.py:914} INFO - Processing file /home/vboxuser/airflow_venv/lib/python3.12/site-packages/airflow/example_dags/example_branch_datetime_operator.py for tasks to queue
[2024-10-13T07:36:56.507+0000] {logging_mixin.py:190} INFO - [2024-10-13T07:36:56.507+0000] {dagbag.py:588} INFO - Filling up the DagBag from /home/vboxuser/airflow_venv/lib/python3.12/site-packages/airflow/example_dags/example_branch_datetime_operator.py
[2024-10-13T07:36:56.516+0000] {processor.py:925} INFO - DAG(s) 'example_branch_datetime_operator_3', 'example_branch_datetime_operator_2', 'example_branch_datetime_operator' retrieved from /home/vboxuser/airflow_venv/lib/python3.12/site-packages/airflow/example_dags/example_branch_datetime_operator.py
[2024-10-13T07:36:56.531+0000] {logging_mixin.py:190} INFO - [2024-10-13T07:36:56.531+0000] {dag.py:3239} INFO - Sync 3 DAGs
[2024-10-13T07:36:56.544+0000] {logging_mixin.py:190} INFO - [2024-10-13T07:36:56.544+0000] {dag.py:4180} INFO - Setting next_dagrun for example_branch_datetime_operator to 2024-10-12 00:00:00+00:00, run_after=2024-10-13 00:00:00+00:00
[2024-10-13T07:36:56.547+0000] {logging_mixin.py:190} INFO - [2024-10-13T07:36:56.547+0000] {dag.py:4180} INFO - Setting next_dagrun for example_branch_datetime_operator_2 to 2024-10-12 00:00:00+00:00, run_after=2024-10-13 00:00:00+00:00
[2024-10-13T07:36:56.548+0000] {logging_mixin.py:190} INFO - [2024-10-13T07:36:56.548+0000] {dag.py:4180} INFO - Setting next_dagrun for example_branch_datetime_operator_3 to 2024-10-12 00:00:00+00:00, run_after=2024-10-13 00:00:00+00:00
[2024-10-13T07:36:56.569+0000] {processor.py:208} INFO - Processing /home/vboxuser/airflow_venv/lib/python3.12/site-packages/airflow/example_dags/example_branch_datetime_operator.py took 0.072 seconds
[2024-10-13T07:38:12.697+0000] {processor.py:186} INFO - Started process (PID=17209) to work on /home/vboxuser/airflow_venv/lib/python3.12/site-packages/airflow/example_dags/example_branch_datetime_operator.py
[2024-10-13T07:38:12.698+0000] {processor.py:914} INFO - Processing file /home/vboxuser/airflow_venv/lib/python3.12/site-packages/airflow/example_dags/example_branch_datetime_operator.py for tasks to queue
[2024-10-13T07:38:12.700+0000] {logging_mixin.py:190} INFO - [2024-10-13T07:38:12.700+0000] {dagbag.py:588} INFO - Filling up the DagBag from /home/vboxuser/airflow_venv/lib/python3.12/site-packages/airflow/example_dags/example_branch_datetime_operator.py
[2024-10-13T07:38:12.709+0000] {processor.py:925} INFO - DAG(s) 'example_branch_datetime_operator_3', 'example_branch_datetime_operator', 'example_branch_datetime_operator_2' retrieved from /home/vboxuser/airflow_venv/lib/python3.12/site-packages/airflow/example_dags/example_branch_datetime_operator.py
[2024-10-13T07:38:12.723+0000] {logging_mixin.py:190} INFO - [2024-10-13T07:38:12.723+0000] {dag.py:3239} INFO - Sync 3 DAGs
[2024-10-13T07:38:12.738+0000] {logging_mixin.py:190} INFO - [2024-10-13T07:38:12.738+0000] {dag.py:4180} INFO - Setting next_dagrun for example_branch_datetime_operator to 2024-10-12 00:00:00+00:00, run_after=2024-10-13 00:00:00+00:00
[2024-10-13T07:38:12.741+0000] {logging_mixin.py:190} INFO - [2024-10-13T07:38:12.740+0000] {dag.py:4180} INFO - Setting next_dagrun for example_branch_datetime_operator_2 to 2024-10-12 00:00:00+00:00, run_after=2024-10-13 00:00:00+00:00
[2024-10-13T07:38:12.742+0000] {logging_mixin.py:190} INFO - [2024-10-13T07:38:12.742+0000] {dag.py:4180} INFO - Setting next_dagrun for example_branch_datetime_operator_3 to 2024-10-12 00:00:00+00:00, run_after=2024-10-13 00:00:00+00:00
[2024-10-13T07:38:12.765+0000] {processor.py:208} INFO - Processing /home/vboxuser/airflow_venv/lib/python3.12/site-packages/airflow/example_dags/example_branch_datetime_operator.py took 0.072 seconds
[2024-10-13T07:39:28.422+0000] {processor.py:186} INFO - Started process (PID=17323) to work on /home/vboxuser/airflow_venv/lib/python3.12/site-packages/airflow/example_dags/example_branch_datetime_operator.py
[2024-10-13T07:39:28.426+0000] {processor.py:914} INFO - Processing file /home/vboxuser/airflow_venv/lib/python3.12/site-packages/airflow/example_dags/example_branch_datetime_operator.py for tasks to queue
[2024-10-13T07:39:28.427+0000] {logging_mixin.py:190} INFO - [2024-10-13T07:39:28.427+0000] {dagbag.py:588} INFO - Filling up the DagBag from /home/vboxuser/airflow_venv/lib/python3.12/site-packages/airflow/example_dags/example_branch_datetime_operator.py
[2024-10-13T07:39:28.437+0000] {processor.py:925} INFO - DAG(s) 'example_branch_datetime_operator', 'example_branch_datetime_operator_2', 'example_branch_datetime_operator_3' retrieved from /home/vboxuser/airflow_venv/lib/python3.12/site-packages/airflow/example_dags/example_branch_datetime_operator.py
[2024-10-13T07:39:28.450+0000] {logging_mixin.py:190} INFO - [2024-10-13T07:39:28.450+0000] {dag.py:3239} INFO - Sync 3 DAGs
[2024-10-13T07:39:28.464+0000] {logging_mixin.py:190} INFO - [2024-10-13T07:39:28.464+0000] {dag.py:4180} INFO - Setting next_dagrun for example_branch_datetime_operator to 2024-10-12 00:00:00+00:00, run_after=2024-10-13 00:00:00+00:00
[2024-10-13T07:39:28.467+0000] {logging_mixin.py:190} INFO - [2024-10-13T07:39:28.467+0000] {dag.py:4180} INFO - Setting next_dagrun for example_branch_datetime_operator_2 to 2024-10-12 00:00:00+00:00, run_after=2024-10-13 00:00:00+00:00
[2024-10-13T07:39:28.468+0000] {logging_mixin.py:190} INFO - [2024-10-13T07:39:28.468+0000] {dag.py:4180} INFO - Setting next_dagrun for example_branch_datetime_operator_3 to 2024-10-12 00:00:00+00:00, run_after=2024-10-13 00:00:00+00:00
[2024-10-13T07:39:28.488+0000] {processor.py:208} INFO - Processing /home/vboxuser/airflow_venv/lib/python3.12/site-packages/airflow/example_dags/example_branch_datetime_operator.py took 0.070 seconds
[2024-10-13T07:40:42.829+0000] {processor.py:186} INFO - Started process (PID=17455) to work on /home/vboxuser/airflow_venv/lib/python3.12/site-packages/airflow/example_dags/example_branch_datetime_operator.py
[2024-10-13T07:40:42.834+0000] {processor.py:914} INFO - Processing file /home/vboxuser/airflow_venv/lib/python3.12/site-packages/airflow/example_dags/example_branch_datetime_operator.py for tasks to queue
[2024-10-13T07:40:42.835+0000] {logging_mixin.py:190} INFO - [2024-10-13T07:40:42.835+0000] {dagbag.py:588} INFO - Filling up the DagBag from /home/vboxuser/airflow_venv/lib/python3.12/site-packages/airflow/example_dags/example_branch_datetime_operator.py
[2024-10-13T07:40:42.843+0000] {processor.py:925} INFO - DAG(s) 'example_branch_datetime_operator_3', 'example_branch_datetime_operator_2', 'example_branch_datetime_operator' retrieved from /home/vboxuser/airflow_venv/lib/python3.12/site-packages/airflow/example_dags/example_branch_datetime_operator.py
[2024-10-13T07:40:42.856+0000] {logging_mixin.py:190} INFO - [2024-10-13T07:40:42.856+0000] {dag.py:3239} INFO - Sync 3 DAGs
[2024-10-13T07:40:42.869+0000] {logging_mixin.py:190} INFO - [2024-10-13T07:40:42.869+0000] {dag.py:4180} INFO - Setting next_dagrun for example_branch_datetime_operator to 2024-10-12 00:00:00+00:00, run_after=2024-10-13 00:00:00+00:00
[2024-10-13T07:40:42.872+0000] {logging_mixin.py:190} INFO - [2024-10-13T07:40:42.872+0000] {dag.py:4180} INFO - Setting next_dagrun for example_branch_datetime_operator_2 to 2024-10-12 00:00:00+00:00, run_after=2024-10-13 00:00:00+00:00
[2024-10-13T07:40:42.873+0000] {logging_mixin.py:190} INFO - [2024-10-13T07:40:42.873+0000] {dag.py:4180} INFO - Setting next_dagrun for example_branch_datetime_operator_3 to 2024-10-12 00:00:00+00:00, run_after=2024-10-13 00:00:00+00:00
[2024-10-13T07:40:42.894+0000] {processor.py:208} INFO - Processing /home/vboxuser/airflow_venv/lib/python3.12/site-packages/airflow/example_dags/example_branch_datetime_operator.py took 0.069 seconds
[2024-10-13T07:41:59.372+0000] {processor.py:186} INFO - Started process (PID=17546) to work on /home/vboxuser/airflow_venv/lib/python3.12/site-packages/airflow/example_dags/example_branch_datetime_operator.py
[2024-10-13T07:41:59.374+0000] {processor.py:914} INFO - Processing file /home/vboxuser/airflow_venv/lib/python3.12/site-packages/airflow/example_dags/example_branch_datetime_operator.py for tasks to queue
[2024-10-13T07:41:59.375+0000] {logging_mixin.py:190} INFO - [2024-10-13T07:41:59.375+0000] {dagbag.py:588} INFO - Filling up the DagBag from /home/vboxuser/airflow_venv/lib/python3.12/site-packages/airflow/example_dags/example_branch_datetime_operator.py
[2024-10-13T07:41:59.385+0000] {processor.py:925} INFO - DAG(s) 'example_branch_datetime_operator_3', 'example_branch_datetime_operator_2', 'example_branch_datetime_operator' retrieved from /home/vboxuser/airflow_venv/lib/python3.12/site-packages/airflow/example_dags/example_branch_datetime_operator.py
[2024-10-13T07:41:59.399+0000] {logging_mixin.py:190} INFO - [2024-10-13T07:41:59.399+0000] {dag.py:3239} INFO - Sync 3 DAGs
[2024-10-13T07:41:59.414+0000] {logging_mixin.py:190} INFO - [2024-10-13T07:41:59.413+0000] {dag.py:4180} INFO - Setting next_dagrun for example_branch_datetime_operator to 2024-10-12 00:00:00+00:00, run_after=2024-10-13 00:00:00+00:00
[2024-10-13T07:41:59.416+0000] {logging_mixin.py:190} INFO - [2024-10-13T07:41:59.416+0000] {dag.py:4180} INFO - Setting next_dagrun for example_branch_datetime_operator_2 to 2024-10-12 00:00:00+00:00, run_after=2024-10-13 00:00:00+00:00
[2024-10-13T07:41:59.417+0000] {logging_mixin.py:190} INFO - [2024-10-13T07:41:59.417+0000] {dag.py:4180} INFO - Setting next_dagrun for example_branch_datetime_operator_3 to 2024-10-12 00:00:00+00:00, run_after=2024-10-13 00:00:00+00:00
[2024-10-13T07:41:59.437+0000] {processor.py:208} INFO - Processing /home/vboxuser/airflow_venv/lib/python3.12/site-packages/airflow/example_dags/example_branch_datetime_operator.py took 0.069 seconds
