[2024-10-13T07:28:53.790+0000] {processor.py:186} INFO - Started process (PID=16063) to work on /home/vboxuser/airflow_venv/lib/python3.12/site-packages/airflow/example_dags/example_workday_timetable.py
[2024-10-13T07:28:53.792+0000] {processor.py:914} INFO - Processing file /home/vboxuser/airflow_venv/lib/python3.12/site-packages/airflow/example_dags/example_workday_timetable.py for tasks to queue
[2024-10-13T07:28:53.796+0000] {logging_mixin.py:190} INFO - [2024-10-13T07:28:53.795+0000] {dagbag.py:588} INFO - Filling up the DagBag from /home/vboxuser/airflow_venv/lib/python3.12/site-packages/airflow/example_dags/example_workday_timetable.py
[2024-10-13T07:28:53.830+0000] {processor.py:925} INFO - DAG(s) 'example_workday_timetable' retrieved from /home/vboxuser/airflow_venv/lib/python3.12/site-packages/airflow/example_dags/example_workday_timetable.py
[2024-10-13T07:28:53.858+0000] {logging_mixin.py:190} INFO - [2024-10-13T07:28:53.858+0000] {dag.py:3239} INFO - Sync 1 DAGs
[2024-10-13T07:28:53.958+0000] {logging_mixin.py:190} INFO - [2024-10-13T07:28:53.955+0000] {dag.py:4180} INFO - Setting next_dagrun for example_workday_timetable to 2021-01-01 00:00:00+00:00, run_after=2021-01-02 00:00:00+00:00
[2024-10-13T07:28:54.087+0000] {processor.py:208} INFO - Processing /home/vboxuser/airflow_venv/lib/python3.12/site-packages/airflow/example_dags/example_workday_timetable.py took 0.304 seconds
[2024-10-13T07:29:50.088+0000] {processor.py:186} INFO - Started process (PID=16230) to work on /home/vboxuser/airflow_venv/lib/python3.12/site-packages/airflow/example_dags/example_workday_timetable.py
[2024-10-13T07:29:50.092+0000] {processor.py:914} INFO - Processing file /home/vboxuser/airflow_venv/lib/python3.12/site-packages/airflow/example_dags/example_workday_timetable.py for tasks to queue
[2024-10-13T07:29:50.093+0000] {logging_mixin.py:190} INFO - [2024-10-13T07:29:50.093+0000] {dagbag.py:588} INFO - Filling up the DagBag from /home/vboxuser/airflow_venv/lib/python3.12/site-packages/airflow/example_dags/example_workday_timetable.py
[2024-10-13T07:29:50.098+0000] {processor.py:925} INFO - DAG(s) 'example_workday_timetable' retrieved from /home/vboxuser/airflow_venv/lib/python3.12/site-packages/airflow/example_dags/example_workday_timetable.py
[2024-10-13T07:29:50.108+0000] {logging_mixin.py:190} INFO - [2024-10-13T07:29:50.108+0000] {dag.py:3239} INFO - Sync 1 DAGs
[2024-10-13T07:29:50.120+0000] {logging_mixin.py:190} INFO - [2024-10-13T07:29:50.120+0000] {dag.py:4180} INFO - Setting next_dagrun for example_workday_timetable to 2021-01-01 00:00:00+00:00, run_after=2021-01-02 00:00:00+00:00
[2024-10-13T07:29:50.143+0000] {processor.py:208} INFO - Processing /home/vboxuser/airflow_venv/lib/python3.12/site-packages/airflow/example_dags/example_workday_timetable.py took 0.060 seconds
[2024-10-13T07:30:57.065+0000] {processor.py:186} INFO - Started process (PID=16345) to work on /home/vboxuser/airflow_venv/lib/python3.12/site-packages/airflow/example_dags/example_workday_timetable.py
[2024-10-13T07:30:57.066+0000] {processor.py:914} INFO - Processing file /home/vboxuser/airflow_venv/lib/python3.12/site-packages/airflow/example_dags/example_workday_timetable.py for tasks to queue
[2024-10-13T07:30:57.068+0000] {logging_mixin.py:190} INFO - [2024-10-13T07:30:57.067+0000] {dagbag.py:588} INFO - Filling up the DagBag from /home/vboxuser/airflow_venv/lib/python3.12/site-packages/airflow/example_dags/example_workday_timetable.py
[2024-10-13T07:30:57.072+0000] {processor.py:925} INFO - DAG(s) 'example_workday_timetable' retrieved from /home/vboxuser/airflow_venv/lib/python3.12/site-packages/airflow/example_dags/example_workday_timetable.py
[2024-10-13T07:30:57.083+0000] {logging_mixin.py:190} INFO - [2024-10-13T07:30:57.083+0000] {dag.py:3239} INFO - Sync 1 DAGs
[2024-10-13T07:30:57.097+0000] {logging_mixin.py:190} INFO - [2024-10-13T07:30:57.096+0000] {dag.py:4180} INFO - Setting next_dagrun for example_workday_timetable to 2021-01-01 00:00:00+00:00, run_after=2021-01-02 00:00:00+00:00
[2024-10-13T07:30:57.118+0000] {processor.py:208} INFO - Processing /home/vboxuser/airflow_venv/lib/python3.12/site-packages/airflow/example_dags/example_workday_timetable.py took 0.058 seconds
[2024-10-13T07:32:09.747+0000] {processor.py:186} INFO - Started process (PID=16466) to work on /home/vboxuser/airflow_venv/lib/python3.12/site-packages/airflow/example_dags/example_workday_timetable.py
[2024-10-13T07:32:09.749+0000] {processor.py:914} INFO - Processing file /home/vboxuser/airflow_venv/lib/python3.12/site-packages/airflow/example_dags/example_workday_timetable.py for tasks to queue
[2024-10-13T07:32:09.751+0000] {logging_mixin.py:190} INFO - [2024-10-13T07:32:09.750+0000] {dagbag.py:588} INFO - Filling up the DagBag from /home/vboxuser/airflow_venv/lib/python3.12/site-packages/airflow/example_dags/example_workday_timetable.py
[2024-10-13T07:32:09.755+0000] {processor.py:925} INFO - DAG(s) 'example_workday_timetable' retrieved from /home/vboxuser/airflow_venv/lib/python3.12/site-packages/airflow/example_dags/example_workday_timetable.py
[2024-10-13T07:32:09.767+0000] {logging_mixin.py:190} INFO - [2024-10-13T07:32:09.767+0000] {dag.py:3239} INFO - Sync 1 DAGs
[2024-10-13T07:32:09.783+0000] {logging_mixin.py:190} INFO - [2024-10-13T07:32:09.783+0000] {dag.py:4180} INFO - Setting next_dagrun for example_workday_timetable to 2021-01-01 00:00:00+00:00, run_after=2021-01-02 00:00:00+00:00
[2024-10-13T07:32:09.805+0000] {processor.py:208} INFO - Processing /home/vboxuser/airflow_venv/lib/python3.12/site-packages/airflow/example_dags/example_workday_timetable.py took 0.063 seconds
[2024-10-13T07:33:11.704+0000] {processor.py:186} INFO - Started process (PID=16690) to work on /home/vboxuser/airflow_venv/lib/python3.12/site-packages/airflow/example_dags/example_workday_timetable.py
[2024-10-13T07:33:11.705+0000] {processor.py:914} INFO - Processing file /home/vboxuser/airflow_venv/lib/python3.12/site-packages/airflow/example_dags/example_workday_timetable.py for tasks to queue
[2024-10-13T07:33:11.708+0000] {logging_mixin.py:190} INFO - [2024-10-13T07:33:11.708+0000] {dagbag.py:588} INFO - Filling up the DagBag from /home/vboxuser/airflow_venv/lib/python3.12/site-packages/airflow/example_dags/example_workday_timetable.py
[2024-10-13T07:33:11.715+0000] {processor.py:925} INFO - DAG(s) 'example_workday_timetable' retrieved from /home/vboxuser/airflow_venv/lib/python3.12/site-packages/airflow/example_dags/example_workday_timetable.py
[2024-10-13T07:33:11.727+0000] {logging_mixin.py:190} INFO - [2024-10-13T07:33:11.727+0000] {dag.py:3239} INFO - Sync 1 DAGs
[2024-10-13T07:33:11.744+0000] {logging_mixin.py:190} INFO - [2024-10-13T07:33:11.743+0000] {dag.py:4180} INFO - Setting next_dagrun for example_workday_timetable to 2021-01-01 00:00:00+00:00, run_after=2021-01-02 00:00:00+00:00
[2024-10-13T07:33:11.763+0000] {processor.py:208} INFO - Processing /home/vboxuser/airflow_venv/lib/python3.12/site-packages/airflow/example_dags/example_workday_timetable.py took 0.065 seconds
[2024-10-13T07:34:07.849+0000] {processor.py:186} INFO - Started process (PID=16898) to work on /home/vboxuser/airflow_venv/lib/python3.12/site-packages/airflow/example_dags/example_workday_timetable.py
[2024-10-13T07:34:07.852+0000] {processor.py:914} INFO - Processing file /home/vboxuser/airflow_venv/lib/python3.12/site-packages/airflow/example_dags/example_workday_timetable.py for tasks to queue
[2024-10-13T07:34:07.854+0000] {logging_mixin.py:190} INFO - [2024-10-13T07:34:07.854+0000] {dagbag.py:588} INFO - Filling up the DagBag from /home/vboxuser/airflow_venv/lib/python3.12/site-packages/airflow/example_dags/example_workday_timetable.py
[2024-10-13T07:34:07.860+0000] {processor.py:925} INFO - DAG(s) 'example_workday_timetable' retrieved from /home/vboxuser/airflow_venv/lib/python3.12/site-packages/airflow/example_dags/example_workday_timetable.py
[2024-10-13T07:34:07.871+0000] {logging_mixin.py:190} INFO - [2024-10-13T07:34:07.870+0000] {dag.py:3239} INFO - Sync 1 DAGs
[2024-10-13T07:34:07.891+0000] {logging_mixin.py:190} INFO - [2024-10-13T07:34:07.891+0000] {dag.py:4180} INFO - Setting next_dagrun for example_workday_timetable to 2021-01-01 00:00:00+00:00, run_after=2021-01-02 00:00:00+00:00
[2024-10-13T07:34:07.911+0000] {processor.py:208} INFO - Processing /home/vboxuser/airflow_venv/lib/python3.12/site-packages/airflow/example_dags/example_workday_timetable.py took 0.066 seconds
[2024-10-13T07:35:00.084+0000] {processor.py:186} INFO - Started process (PID=16964) to work on /home/vboxuser/airflow_venv/lib/python3.12/site-packages/airflow/example_dags/example_workday_timetable.py
[2024-10-13T07:35:00.088+0000] {processor.py:914} INFO - Processing file /home/vboxuser/airflow_venv/lib/python3.12/site-packages/airflow/example_dags/example_workday_timetable.py for tasks to queue
[2024-10-13T07:35:00.090+0000] {logging_mixin.py:190} INFO - [2024-10-13T07:35:00.090+0000] {dagbag.py:588} INFO - Filling up the DagBag from /home/vboxuser/airflow_venv/lib/python3.12/site-packages/airflow/example_dags/example_workday_timetable.py
[2024-10-13T07:35:00.094+0000] {processor.py:925} INFO - DAG(s) 'example_workday_timetable' retrieved from /home/vboxuser/airflow_venv/lib/python3.12/site-packages/airflow/example_dags/example_workday_timetable.py
[2024-10-13T07:35:00.111+0000] {logging_mixin.py:190} INFO - [2024-10-13T07:35:00.110+0000] {dag.py:3239} INFO - Sync 1 DAGs
[2024-10-13T07:35:00.128+0000] {logging_mixin.py:190} INFO - [2024-10-13T07:35:00.128+0000] {dag.py:4180} INFO - Setting next_dagrun for example_workday_timetable to 2021-01-01 00:00:00+00:00, run_after=2021-01-02 00:00:00+00:00
[2024-10-13T07:35:00.156+0000] {processor.py:208} INFO - Processing /home/vboxuser/airflow_venv/lib/python3.12/site-packages/airflow/example_dags/example_workday_timetable.py took 0.077 seconds
[2024-10-13T07:35:52.627+0000] {processor.py:186} INFO - Started process (PID=17029) to work on /home/vboxuser/airflow_venv/lib/python3.12/site-packages/airflow/example_dags/example_workday_timetable.py
[2024-10-13T07:35:52.628+0000] {processor.py:914} INFO - Processing file /home/vboxuser/airflow_venv/lib/python3.12/site-packages/airflow/example_dags/example_workday_timetable.py for tasks to queue
[2024-10-13T07:35:52.630+0000] {logging_mixin.py:190} INFO - [2024-10-13T07:35:52.629+0000] {dagbag.py:588} INFO - Filling up the DagBag from /home/vboxuser/airflow_venv/lib/python3.12/site-packages/airflow/example_dags/example_workday_timetable.py
[2024-10-13T07:35:52.634+0000] {processor.py:925} INFO - DAG(s) 'example_workday_timetable' retrieved from /home/vboxuser/airflow_venv/lib/python3.12/site-packages/airflow/example_dags/example_workday_timetable.py
[2024-10-13T07:35:52.644+0000] {logging_mixin.py:190} INFO - [2024-10-13T07:35:52.644+0000] {dag.py:3239} INFO - Sync 1 DAGs
[2024-10-13T07:35:52.657+0000] {logging_mixin.py:190} INFO - [2024-10-13T07:35:52.657+0000] {dag.py:4180} INFO - Setting next_dagrun for example_workday_timetable to 2021-01-01 00:00:00+00:00, run_after=2021-01-02 00:00:00+00:00
[2024-10-13T07:35:52.683+0000] {processor.py:208} INFO - Processing /home/vboxuser/airflow_venv/lib/python3.12/site-packages/airflow/example_dags/example_workday_timetable.py took 0.059 seconds
[2024-10-13T07:36:42.183+0000] {processor.py:186} INFO - Started process (PID=17089) to work on /home/vboxuser/airflow_venv/lib/python3.12/site-packages/airflow/example_dags/example_workday_timetable.py
[2024-10-13T07:36:42.184+0000] {processor.py:914} INFO - Processing file /home/vboxuser/airflow_venv/lib/python3.12/site-packages/airflow/example_dags/example_workday_timetable.py for tasks to queue
[2024-10-13T07:36:42.186+0000] {logging_mixin.py:190} INFO - [2024-10-13T07:36:42.185+0000] {dagbag.py:588} INFO - Filling up the DagBag from /home/vboxuser/airflow_venv/lib/python3.12/site-packages/airflow/example_dags/example_workday_timetable.py
[2024-10-13T07:36:42.190+0000] {processor.py:925} INFO - DAG(s) 'example_workday_timetable' retrieved from /home/vboxuser/airflow_venv/lib/python3.12/site-packages/airflow/example_dags/example_workday_timetable.py
[2024-10-13T07:36:42.202+0000] {logging_mixin.py:190} INFO - [2024-10-13T07:36:42.202+0000] {dag.py:3239} INFO - Sync 1 DAGs
[2024-10-13T07:36:42.216+0000] {logging_mixin.py:190} INFO - [2024-10-13T07:36:42.215+0000] {dag.py:4180} INFO - Setting next_dagrun for example_workday_timetable to 2021-01-01 00:00:00+00:00, run_after=2021-01-02 00:00:00+00:00
[2024-10-13T07:36:42.237+0000] {processor.py:208} INFO - Processing /home/vboxuser/airflow_venv/lib/python3.12/site-packages/airflow/example_dags/example_workday_timetable.py took 0.058 seconds
[2024-10-13T07:37:32.384+0000] {processor.py:186} INFO - Started process (PID=17148) to work on /home/vboxuser/airflow_venv/lib/python3.12/site-packages/airflow/example_dags/example_workday_timetable.py
[2024-10-13T07:37:32.386+0000] {processor.py:914} INFO - Processing file /home/vboxuser/airflow_venv/lib/python3.12/site-packages/airflow/example_dags/example_workday_timetable.py for tasks to queue
[2024-10-13T07:37:32.387+0000] {logging_mixin.py:190} INFO - [2024-10-13T07:37:32.387+0000] {dagbag.py:588} INFO - Filling up the DagBag from /home/vboxuser/airflow_venv/lib/python3.12/site-packages/airflow/example_dags/example_workday_timetable.py
[2024-10-13T07:37:32.391+0000] {processor.py:925} INFO - DAG(s) 'example_workday_timetable' retrieved from /home/vboxuser/airflow_venv/lib/python3.12/site-packages/airflow/example_dags/example_workday_timetable.py
[2024-10-13T07:37:32.401+0000] {logging_mixin.py:190} INFO - [2024-10-13T07:37:32.401+0000] {dag.py:3239} INFO - Sync 1 DAGs
[2024-10-13T07:37:32.414+0000] {logging_mixin.py:190} INFO - [2024-10-13T07:37:32.414+0000] {dag.py:4180} INFO - Setting next_dagrun for example_workday_timetable to 2021-01-01 00:00:00+00:00, run_after=2021-01-02 00:00:00+00:00
[2024-10-13T07:37:32.440+0000] {processor.py:208} INFO - Processing /home/vboxuser/airflow_venv/lib/python3.12/site-packages/airflow/example_dags/example_workday_timetable.py took 0.060 seconds
[2024-10-13T07:38:23.809+0000] {processor.py:186} INFO - Started process (PID=17232) to work on /home/vboxuser/airflow_venv/lib/python3.12/site-packages/airflow/example_dags/example_workday_timetable.py
[2024-10-13T07:38:23.810+0000] {processor.py:914} INFO - Processing file /home/vboxuser/airflow_venv/lib/python3.12/site-packages/airflow/example_dags/example_workday_timetable.py for tasks to queue
[2024-10-13T07:38:23.812+0000] {logging_mixin.py:190} INFO - [2024-10-13T07:38:23.812+0000] {dagbag.py:588} INFO - Filling up the DagBag from /home/vboxuser/airflow_venv/lib/python3.12/site-packages/airflow/example_dags/example_workday_timetable.py
[2024-10-13T07:38:23.818+0000] {processor.py:925} INFO - DAG(s) 'example_workday_timetable' retrieved from /home/vboxuser/airflow_venv/lib/python3.12/site-packages/airflow/example_dags/example_workday_timetable.py
[2024-10-13T07:38:23.829+0000] {logging_mixin.py:190} INFO - [2024-10-13T07:38:23.829+0000] {dag.py:3239} INFO - Sync 1 DAGs
[2024-10-13T07:38:23.845+0000] {logging_mixin.py:190} INFO - [2024-10-13T07:38:23.845+0000] {dag.py:4180} INFO - Setting next_dagrun for example_workday_timetable to 2021-01-01 00:00:00+00:00, run_after=2021-01-02 00:00:00+00:00
[2024-10-13T07:38:23.871+0000] {processor.py:208} INFO - Processing /home/vboxuser/airflow_venv/lib/python3.12/site-packages/airflow/example_dags/example_workday_timetable.py took 0.066 seconds
[2024-10-13T07:39:12.396+0000] {processor.py:186} INFO - Started process (PID=17307) to work on /home/vboxuser/airflow_venv/lib/python3.12/site-packages/airflow/example_dags/example_workday_timetable.py
[2024-10-13T07:39:12.397+0000] {processor.py:914} INFO - Processing file /home/vboxuser/airflow_venv/lib/python3.12/site-packages/airflow/example_dags/example_workday_timetable.py for tasks to queue
[2024-10-13T07:39:12.399+0000] {logging_mixin.py:190} INFO - [2024-10-13T07:39:12.399+0000] {dagbag.py:588} INFO - Filling up the DagBag from /home/vboxuser/airflow_venv/lib/python3.12/site-packages/airflow/example_dags/example_workday_timetable.py
[2024-10-13T07:39:12.404+0000] {processor.py:925} INFO - DAG(s) 'example_workday_timetable' retrieved from /home/vboxuser/airflow_venv/lib/python3.12/site-packages/airflow/example_dags/example_workday_timetable.py
[2024-10-13T07:39:12.418+0000] {logging_mixin.py:190} INFO - [2024-10-13T07:39:12.417+0000] {dag.py:3239} INFO - Sync 1 DAGs
[2024-10-13T07:39:12.434+0000] {logging_mixin.py:190} INFO - [2024-10-13T07:39:12.433+0000] {dag.py:4180} INFO - Setting next_dagrun for example_workday_timetable to 2021-01-01 00:00:00+00:00, run_after=2021-01-02 00:00:00+00:00
[2024-10-13T07:39:12.456+0000] {processor.py:208} INFO - Processing /home/vboxuser/airflow_venv/lib/python3.12/site-packages/airflow/example_dags/example_workday_timetable.py took 0.069 seconds
[2024-10-13T07:40:05.525+0000] {processor.py:186} INFO - Started process (PID=17368) to work on /home/vboxuser/airflow_venv/lib/python3.12/site-packages/airflow/example_dags/example_workday_timetable.py
[2024-10-13T07:40:05.530+0000] {processor.py:914} INFO - Processing file /home/vboxuser/airflow_venv/lib/python3.12/site-packages/airflow/example_dags/example_workday_timetable.py for tasks to queue
[2024-10-13T07:40:05.531+0000] {logging_mixin.py:190} INFO - [2024-10-13T07:40:05.531+0000] {dagbag.py:588} INFO - Filling up the DagBag from /home/vboxuser/airflow_venv/lib/python3.12/site-packages/airflow/example_dags/example_workday_timetable.py
[2024-10-13T07:40:05.536+0000] {processor.py:925} INFO - DAG(s) 'example_workday_timetable' retrieved from /home/vboxuser/airflow_venv/lib/python3.12/site-packages/airflow/example_dags/example_workday_timetable.py
[2024-10-13T07:40:05.547+0000] {logging_mixin.py:190} INFO - [2024-10-13T07:40:05.547+0000] {dag.py:3239} INFO - Sync 1 DAGs
[2024-10-13T07:40:05.559+0000] {logging_mixin.py:190} INFO - [2024-10-13T07:40:05.559+0000] {dag.py:4180} INFO - Setting next_dagrun for example_workday_timetable to 2021-01-01 00:00:00+00:00, run_after=2021-01-02 00:00:00+00:00
[2024-10-13T07:40:05.581+0000] {processor.py:208} INFO - Processing /home/vboxuser/airflow_venv/lib/python3.12/site-packages/airflow/example_dags/example_workday_timetable.py took 0.060 seconds
[2024-10-13T07:40:54.076+0000] {processor.py:186} INFO - Started process (PID=17470) to work on /home/vboxuser/airflow_venv/lib/python3.12/site-packages/airflow/example_dags/example_workday_timetable.py
[2024-10-13T07:40:54.078+0000] {processor.py:914} INFO - Processing file /home/vboxuser/airflow_venv/lib/python3.12/site-packages/airflow/example_dags/example_workday_timetable.py for tasks to queue
[2024-10-13T07:40:54.080+0000] {logging_mixin.py:190} INFO - [2024-10-13T07:40:54.080+0000] {dagbag.py:588} INFO - Filling up the DagBag from /home/vboxuser/airflow_venv/lib/python3.12/site-packages/airflow/example_dags/example_workday_timetable.py
[2024-10-13T07:40:54.088+0000] {processor.py:925} INFO - DAG(s) 'example_workday_timetable' retrieved from /home/vboxuser/airflow_venv/lib/python3.12/site-packages/airflow/example_dags/example_workday_timetable.py
[2024-10-13T07:40:54.099+0000] {logging_mixin.py:190} INFO - [2024-10-13T07:40:54.099+0000] {dag.py:3239} INFO - Sync 1 DAGs
[2024-10-13T07:40:54.112+0000] {logging_mixin.py:190} INFO - [2024-10-13T07:40:54.112+0000] {dag.py:4180} INFO - Setting next_dagrun for example_workday_timetable to 2021-01-01 00:00:00+00:00, run_after=2021-01-02 00:00:00+00:00
[2024-10-13T07:40:54.137+0000] {processor.py:208} INFO - Processing /home/vboxuser/airflow_venv/lib/python3.12/site-packages/airflow/example_dags/example_workday_timetable.py took 0.065 seconds
[2024-10-13T07:41:44.866+0000] {processor.py:186} INFO - Started process (PID=17528) to work on /home/vboxuser/airflow_venv/lib/python3.12/site-packages/airflow/example_dags/example_workday_timetable.py
[2024-10-13T07:41:44.867+0000] {processor.py:914} INFO - Processing file /home/vboxuser/airflow_venv/lib/python3.12/site-packages/airflow/example_dags/example_workday_timetable.py for tasks to queue
[2024-10-13T07:41:44.869+0000] {logging_mixin.py:190} INFO - [2024-10-13T07:41:44.869+0000] {dagbag.py:588} INFO - Filling up the DagBag from /home/vboxuser/airflow_venv/lib/python3.12/site-packages/airflow/example_dags/example_workday_timetable.py
[2024-10-13T07:41:44.877+0000] {processor.py:925} INFO - DAG(s) 'example_workday_timetable' retrieved from /home/vboxuser/airflow_venv/lib/python3.12/site-packages/airflow/example_dags/example_workday_timetable.py
[2024-10-13T07:41:44.889+0000] {logging_mixin.py:190} INFO - [2024-10-13T07:41:44.889+0000] {dag.py:3239} INFO - Sync 1 DAGs
[2024-10-13T07:41:44.903+0000] {logging_mixin.py:190} INFO - [2024-10-13T07:41:44.903+0000] {dag.py:4180} INFO - Setting next_dagrun for example_workday_timetable to 2021-01-01 00:00:00+00:00, run_after=2021-01-02 00:00:00+00:00
[2024-10-13T07:41:44.922+0000] {processor.py:208} INFO - Processing /home/vboxuser/airflow_venv/lib/python3.12/site-packages/airflow/example_dags/example_workday_timetable.py took 0.060 seconds
[2024-10-13T07:42:35.982+0000] {processor.py:186} INFO - Started process (PID=17590) to work on /home/vboxuser/airflow_venv/lib/python3.12/site-packages/airflow/example_dags/example_workday_timetable.py
[2024-10-13T07:42:35.986+0000] {processor.py:914} INFO - Processing file /home/vboxuser/airflow_venv/lib/python3.12/site-packages/airflow/example_dags/example_workday_timetable.py for tasks to queue
[2024-10-13T07:42:35.988+0000] {logging_mixin.py:190} INFO - [2024-10-13T07:42:35.988+0000] {dagbag.py:588} INFO - Filling up the DagBag from /home/vboxuser/airflow_venv/lib/python3.12/site-packages/airflow/example_dags/example_workday_timetable.py
[2024-10-13T07:42:35.993+0000] {processor.py:925} INFO - DAG(s) 'example_workday_timetable' retrieved from /home/vboxuser/airflow_venv/lib/python3.12/site-packages/airflow/example_dags/example_workday_timetable.py
[2024-10-13T07:42:36.004+0000] {logging_mixin.py:190} INFO - [2024-10-13T07:42:36.004+0000] {dag.py:3239} INFO - Sync 1 DAGs
[2024-10-13T07:42:36.018+0000] {logging_mixin.py:190} INFO - [2024-10-13T07:42:36.017+0000] {dag.py:4180} INFO - Setting next_dagrun for example_workday_timetable to 2021-01-01 00:00:00+00:00, run_after=2021-01-02 00:00:00+00:00
[2024-10-13T07:42:36.040+0000] {processor.py:208} INFO - Processing /home/vboxuser/airflow_venv/lib/python3.12/site-packages/airflow/example_dags/example_workday_timetable.py took 0.062 seconds
