[2024-10-13T07:29:24.956+0000] {processor.py:186} INFO - Started process (PID=16201) to work on /home/vboxuser/airflow_venv/lib/python3.12/site-packages/airflow/example_dags/example_sensor_decorator.py
[2024-10-13T07:29:24.957+0000] {processor.py:914} INFO - Processing file /home/vboxuser/airflow_venv/lib/python3.12/site-packages/airflow/example_dags/example_sensor_decorator.py for tasks to queue
[2024-10-13T07:29:24.962+0000] {logging_mixin.py:190} INFO - [2024-10-13T07:29:24.961+0000] {dagbag.py:588} INFO - Filling up the DagBag from /home/vboxuser/airflow_venv/lib/python3.12/site-packages/airflow/example_dags/example_sensor_decorator.py
[2024-10-13T07:29:24.980+0000] {processor.py:925} INFO - DAG(s) 'example_sensor_decorator' retrieved from /home/vboxuser/airflow_venv/lib/python3.12/site-packages/airflow/example_dags/example_sensor_decorator.py
[2024-10-13T07:29:25.029+0000] {logging_mixin.py:190} INFO - [2024-10-13T07:29:25.029+0000] {dag.py:3239} INFO - Sync 1 DAGs
[2024-10-13T07:29:25.093+0000] {logging_mixin.py:190} INFO - [2024-10-13T07:29:25.092+0000] {dag.py:4180} INFO - Setting next_dagrun for example_sensor_decorator to None, run_after=None
[2024-10-13T07:29:25.261+0000] {processor.py:208} INFO - Processing /home/vboxuser/airflow_venv/lib/python3.12/site-packages/airflow/example_dags/example_sensor_decorator.py took 0.317 seconds
[2024-10-13T07:30:40.064+0000] {processor.py:186} INFO - Started process (PID=16317) to work on /home/vboxuser/airflow_venv/lib/python3.12/site-packages/airflow/example_dags/example_sensor_decorator.py
[2024-10-13T07:30:40.078+0000] {processor.py:914} INFO - Processing file /home/vboxuser/airflow_venv/lib/python3.12/site-packages/airflow/example_dags/example_sensor_decorator.py for tasks to queue
[2024-10-13T07:30:40.100+0000] {logging_mixin.py:190} INFO - [2024-10-13T07:30:40.096+0000] {dagbag.py:588} INFO - Filling up the DagBag from /home/vboxuser/airflow_venv/lib/python3.12/site-packages/airflow/example_dags/example_sensor_decorator.py
[2024-10-13T07:30:40.127+0000] {processor.py:925} INFO - DAG(s) 'example_sensor_decorator' retrieved from /home/vboxuser/airflow_venv/lib/python3.12/site-packages/airflow/example_dags/example_sensor_decorator.py
[2024-10-13T07:30:40.167+0000] {logging_mixin.py:190} INFO - [2024-10-13T07:30:40.166+0000] {dag.py:3239} INFO - Sync 1 DAGs
[2024-10-13T07:30:40.238+0000] {logging_mixin.py:190} INFO - [2024-10-13T07:30:40.236+0000] {dag.py:4180} INFO - Setting next_dagrun for example_sensor_decorator to None, run_after=None
[2024-10-13T07:30:40.341+0000] {processor.py:208} INFO - Processing /home/vboxuser/airflow_venv/lib/python3.12/site-packages/airflow/example_dags/example_sensor_decorator.py took 0.304 seconds
[2024-10-13T07:31:46.421+0000] {processor.py:186} INFO - Started process (PID=16425) to work on /home/vboxuser/airflow_venv/lib/python3.12/site-packages/airflow/example_dags/example_sensor_decorator.py
[2024-10-13T07:31:46.426+0000] {processor.py:914} INFO - Processing file /home/vboxuser/airflow_venv/lib/python3.12/site-packages/airflow/example_dags/example_sensor_decorator.py for tasks to queue
[2024-10-13T07:31:46.428+0000] {logging_mixin.py:190} INFO - [2024-10-13T07:31:46.428+0000] {dagbag.py:588} INFO - Filling up the DagBag from /home/vboxuser/airflow_venv/lib/python3.12/site-packages/airflow/example_dags/example_sensor_decorator.py
[2024-10-13T07:31:46.435+0000] {processor.py:925} INFO - DAG(s) 'example_sensor_decorator' retrieved from /home/vboxuser/airflow_venv/lib/python3.12/site-packages/airflow/example_dags/example_sensor_decorator.py
[2024-10-13T07:31:46.445+0000] {logging_mixin.py:190} INFO - [2024-10-13T07:31:46.445+0000] {dag.py:3239} INFO - Sync 1 DAGs
[2024-10-13T07:31:46.453+0000] {logging_mixin.py:190} INFO - [2024-10-13T07:31:46.453+0000] {dag.py:4180} INFO - Setting next_dagrun for example_sensor_decorator to None, run_after=None
[2024-10-13T07:31:46.473+0000] {processor.py:208} INFO - Processing /home/vboxuser/airflow_venv/lib/python3.12/site-packages/airflow/example_dags/example_sensor_decorator.py took 0.056 seconds
[2024-10-13T07:32:52.603+0000] {processor.py:186} INFO - Started process (PID=16668) to work on /home/vboxuser/airflow_venv/lib/python3.12/site-packages/airflow/example_dags/example_sensor_decorator.py
[2024-10-13T07:32:52.605+0000] {processor.py:914} INFO - Processing file /home/vboxuser/airflow_venv/lib/python3.12/site-packages/airflow/example_dags/example_sensor_decorator.py for tasks to queue
[2024-10-13T07:32:52.607+0000] {logging_mixin.py:190} INFO - [2024-10-13T07:32:52.607+0000] {dagbag.py:588} INFO - Filling up the DagBag from /home/vboxuser/airflow_venv/lib/python3.12/site-packages/airflow/example_dags/example_sensor_decorator.py
[2024-10-13T07:32:52.615+0000] {processor.py:925} INFO - DAG(s) 'example_sensor_decorator' retrieved from /home/vboxuser/airflow_venv/lib/python3.12/site-packages/airflow/example_dags/example_sensor_decorator.py
[2024-10-13T07:32:52.625+0000] {logging_mixin.py:190} INFO - [2024-10-13T07:32:52.625+0000] {dag.py:3239} INFO - Sync 1 DAGs
[2024-10-13T07:32:52.635+0000] {logging_mixin.py:190} INFO - [2024-10-13T07:32:52.635+0000] {dag.py:4180} INFO - Setting next_dagrun for example_sensor_decorator to None, run_after=None
[2024-10-13T07:32:52.661+0000] {processor.py:208} INFO - Processing /home/vboxuser/airflow_venv/lib/python3.12/site-packages/airflow/example_dags/example_sensor_decorator.py took 0.061 seconds
[2024-10-13T07:33:55.887+0000] {processor.py:186} INFO - Started process (PID=16831) to work on /home/vboxuser/airflow_venv/lib/python3.12/site-packages/airflow/example_dags/example_sensor_decorator.py
[2024-10-13T07:33:55.891+0000] {processor.py:914} INFO - Processing file /home/vboxuser/airflow_venv/lib/python3.12/site-packages/airflow/example_dags/example_sensor_decorator.py for tasks to queue
[2024-10-13T07:33:55.893+0000] {logging_mixin.py:190} INFO - [2024-10-13T07:33:55.893+0000] {dagbag.py:588} INFO - Filling up the DagBag from /home/vboxuser/airflow_venv/lib/python3.12/site-packages/airflow/example_dags/example_sensor_decorator.py
[2024-10-13T07:33:55.909+0000] {processor.py:925} INFO - DAG(s) 'example_sensor_decorator' retrieved from /home/vboxuser/airflow_venv/lib/python3.12/site-packages/airflow/example_dags/example_sensor_decorator.py
[2024-10-13T07:33:55.923+0000] {logging_mixin.py:190} INFO - [2024-10-13T07:33:55.923+0000] {dag.py:3239} INFO - Sync 1 DAGs
[2024-10-13T07:33:55.936+0000] {logging_mixin.py:190} INFO - [2024-10-13T07:33:55.935+0000] {dag.py:4180} INFO - Setting next_dagrun for example_sensor_decorator to None, run_after=None
[2024-10-13T07:33:55.966+0000] {processor.py:208} INFO - Processing /home/vboxuser/airflow_venv/lib/python3.12/site-packages/airflow/example_dags/example_sensor_decorator.py took 0.090 seconds
[2024-10-13T07:34:49.833+0000] {processor.py:186} INFO - Started process (PID=16954) to work on /home/vboxuser/airflow_venv/lib/python3.12/site-packages/airflow/example_dags/example_sensor_decorator.py
[2024-10-13T07:34:49.837+0000] {processor.py:914} INFO - Processing file /home/vboxuser/airflow_venv/lib/python3.12/site-packages/airflow/example_dags/example_sensor_decorator.py for tasks to queue
[2024-10-13T07:34:49.839+0000] {logging_mixin.py:190} INFO - [2024-10-13T07:34:49.839+0000] {dagbag.py:588} INFO - Filling up the DagBag from /home/vboxuser/airflow_venv/lib/python3.12/site-packages/airflow/example_dags/example_sensor_decorator.py
[2024-10-13T07:34:49.847+0000] {processor.py:925} INFO - DAG(s) 'example_sensor_decorator' retrieved from /home/vboxuser/airflow_venv/lib/python3.12/site-packages/airflow/example_dags/example_sensor_decorator.py
[2024-10-13T07:34:49.862+0000] {logging_mixin.py:190} INFO - [2024-10-13T07:34:49.862+0000] {dag.py:3239} INFO - Sync 1 DAGs
[2024-10-13T07:34:49.872+0000] {logging_mixin.py:190} INFO - [2024-10-13T07:34:49.872+0000] {dag.py:4180} INFO - Setting next_dagrun for example_sensor_decorator to None, run_after=None
[2024-10-13T07:34:49.892+0000] {processor.py:208} INFO - Processing /home/vboxuser/airflow_venv/lib/python3.12/site-packages/airflow/example_dags/example_sensor_decorator.py took 0.064 seconds
[2024-10-13T07:35:59.531+0000] {processor.py:186} INFO - Started process (PID=17041) to work on /home/vboxuser/airflow_venv/lib/python3.12/site-packages/airflow/example_dags/example_sensor_decorator.py
[2024-10-13T07:35:59.535+0000] {processor.py:914} INFO - Processing file /home/vboxuser/airflow_venv/lib/python3.12/site-packages/airflow/example_dags/example_sensor_decorator.py for tasks to queue
[2024-10-13T07:35:59.537+0000] {logging_mixin.py:190} INFO - [2024-10-13T07:35:59.537+0000] {dagbag.py:588} INFO - Filling up the DagBag from /home/vboxuser/airflow_venv/lib/python3.12/site-packages/airflow/example_dags/example_sensor_decorator.py
[2024-10-13T07:35:59.543+0000] {processor.py:925} INFO - DAG(s) 'example_sensor_decorator' retrieved from /home/vboxuser/airflow_venv/lib/python3.12/site-packages/airflow/example_dags/example_sensor_decorator.py
[2024-10-13T07:35:59.555+0000] {logging_mixin.py:190} INFO - [2024-10-13T07:35:59.555+0000] {dag.py:3239} INFO - Sync 1 DAGs
[2024-10-13T07:35:59.563+0000] {logging_mixin.py:190} INFO - [2024-10-13T07:35:59.563+0000] {dag.py:4180} INFO - Setting next_dagrun for example_sensor_decorator to None, run_after=None
[2024-10-13T07:35:59.582+0000] {processor.py:208} INFO - Processing /home/vboxuser/airflow_venv/lib/python3.12/site-packages/airflow/example_dags/example_sensor_decorator.py took 0.056 seconds
[2024-10-13T07:36:50.299+0000] {processor.py:186} INFO - Started process (PID=17100) to work on /home/vboxuser/airflow_venv/lib/python3.12/site-packages/airflow/example_dags/example_sensor_decorator.py
[2024-10-13T07:36:50.302+0000] {processor.py:914} INFO - Processing file /home/vboxuser/airflow_venv/lib/python3.12/site-packages/airflow/example_dags/example_sensor_decorator.py for tasks to queue
[2024-10-13T07:36:50.304+0000] {logging_mixin.py:190} INFO - [2024-10-13T07:36:50.304+0000] {dagbag.py:588} INFO - Filling up the DagBag from /home/vboxuser/airflow_venv/lib/python3.12/site-packages/airflow/example_dags/example_sensor_decorator.py
[2024-10-13T07:36:50.310+0000] {processor.py:925} INFO - DAG(s) 'example_sensor_decorator' retrieved from /home/vboxuser/airflow_venv/lib/python3.12/site-packages/airflow/example_dags/example_sensor_decorator.py
[2024-10-13T07:36:50.320+0000] {logging_mixin.py:190} INFO - [2024-10-13T07:36:50.320+0000] {dag.py:3239} INFO - Sync 1 DAGs
[2024-10-13T07:36:50.327+0000] {logging_mixin.py:190} INFO - [2024-10-13T07:36:50.327+0000] {dag.py:4180} INFO - Setting next_dagrun for example_sensor_decorator to None, run_after=None
[2024-10-13T07:36:50.349+0000] {processor.py:208} INFO - Processing /home/vboxuser/airflow_venv/lib/python3.12/site-packages/airflow/example_dags/example_sensor_decorator.py took 0.054 seconds
[2024-10-13T07:37:42.723+0000] {processor.py:186} INFO - Started process (PID=17162) to work on /home/vboxuser/airflow_venv/lib/python3.12/site-packages/airflow/example_dags/example_sensor_decorator.py
[2024-10-13T07:37:42.724+0000] {processor.py:914} INFO - Processing file /home/vboxuser/airflow_venv/lib/python3.12/site-packages/airflow/example_dags/example_sensor_decorator.py for tasks to queue
[2024-10-13T07:37:42.726+0000] {logging_mixin.py:190} INFO - [2024-10-13T07:37:42.726+0000] {dagbag.py:588} INFO - Filling up the DagBag from /home/vboxuser/airflow_venv/lib/python3.12/site-packages/airflow/example_dags/example_sensor_decorator.py
[2024-10-13T07:37:42.733+0000] {processor.py:925} INFO - DAG(s) 'example_sensor_decorator' retrieved from /home/vboxuser/airflow_venv/lib/python3.12/site-packages/airflow/example_dags/example_sensor_decorator.py
[2024-10-13T07:37:42.746+0000] {logging_mixin.py:190} INFO - [2024-10-13T07:37:42.746+0000] {dag.py:3239} INFO - Sync 1 DAGs
[2024-10-13T07:37:42.756+0000] {logging_mixin.py:190} INFO - [2024-10-13T07:37:42.755+0000] {dag.py:4180} INFO - Setting next_dagrun for example_sensor_decorator to None, run_after=None
[2024-10-13T07:37:42.784+0000] {processor.py:208} INFO - Processing /home/vboxuser/airflow_venv/lib/python3.12/site-packages/airflow/example_dags/example_sensor_decorator.py took 0.066 seconds
[2024-10-13T07:38:33.432+0000] {processor.py:186} INFO - Started process (PID=17245) to work on /home/vboxuser/airflow_venv/lib/python3.12/site-packages/airflow/example_dags/example_sensor_decorator.py
[2024-10-13T07:38:33.437+0000] {processor.py:914} INFO - Processing file /home/vboxuser/airflow_venv/lib/python3.12/site-packages/airflow/example_dags/example_sensor_decorator.py for tasks to queue
[2024-10-13T07:38:33.440+0000] {logging_mixin.py:190} INFO - [2024-10-13T07:38:33.439+0000] {dagbag.py:588} INFO - Filling up the DagBag from /home/vboxuser/airflow_venv/lib/python3.12/site-packages/airflow/example_dags/example_sensor_decorator.py
[2024-10-13T07:38:33.448+0000] {processor.py:925} INFO - DAG(s) 'example_sensor_decorator' retrieved from /home/vboxuser/airflow_venv/lib/python3.12/site-packages/airflow/example_dags/example_sensor_decorator.py
[2024-10-13T07:38:33.460+0000] {logging_mixin.py:190} INFO - [2024-10-13T07:38:33.459+0000] {dag.py:3239} INFO - Sync 1 DAGs
[2024-10-13T07:38:33.468+0000] {logging_mixin.py:190} INFO - [2024-10-13T07:38:33.467+0000] {dag.py:4180} INFO - Setting next_dagrun for example_sensor_decorator to None, run_after=None
[2024-10-13T07:38:33.487+0000] {processor.py:208} INFO - Processing /home/vboxuser/airflow_venv/lib/python3.12/site-packages/airflow/example_dags/example_sensor_decorator.py took 0.060 seconds
[2024-10-13T07:39:22.580+0000] {processor.py:186} INFO - Started process (PID=17318) to work on /home/vboxuser/airflow_venv/lib/python3.12/site-packages/airflow/example_dags/example_sensor_decorator.py
[2024-10-13T07:39:22.586+0000] {processor.py:914} INFO - Processing file /home/vboxuser/airflow_venv/lib/python3.12/site-packages/airflow/example_dags/example_sensor_decorator.py for tasks to queue
[2024-10-13T07:39:22.588+0000] {logging_mixin.py:190} INFO - [2024-10-13T07:39:22.587+0000] {dagbag.py:588} INFO - Filling up the DagBag from /home/vboxuser/airflow_venv/lib/python3.12/site-packages/airflow/example_dags/example_sensor_decorator.py
[2024-10-13T07:39:22.594+0000] {processor.py:925} INFO - DAG(s) 'example_sensor_decorator' retrieved from /home/vboxuser/airflow_venv/lib/python3.12/site-packages/airflow/example_dags/example_sensor_decorator.py
[2024-10-13T07:39:22.607+0000] {logging_mixin.py:190} INFO - [2024-10-13T07:39:22.607+0000] {dag.py:3239} INFO - Sync 1 DAGs
[2024-10-13T07:39:22.617+0000] {logging_mixin.py:190} INFO - [2024-10-13T07:39:22.616+0000] {dag.py:4180} INFO - Setting next_dagrun for example_sensor_decorator to None, run_after=None
[2024-10-13T07:39:22.639+0000] {processor.py:208} INFO - Processing /home/vboxuser/airflow_venv/lib/python3.12/site-packages/airflow/example_dags/example_sensor_decorator.py took 0.072 seconds
[2024-10-13T07:40:13.978+0000] {processor.py:186} INFO - Started process (PID=17422) to work on /home/vboxuser/airflow_venv/lib/python3.12/site-packages/airflow/example_dags/example_sensor_decorator.py
[2024-10-13T07:40:13.982+0000] {processor.py:914} INFO - Processing file /home/vboxuser/airflow_venv/lib/python3.12/site-packages/airflow/example_dags/example_sensor_decorator.py for tasks to queue
[2024-10-13T07:40:13.984+0000] {logging_mixin.py:190} INFO - [2024-10-13T07:40:13.984+0000] {dagbag.py:588} INFO - Filling up the DagBag from /home/vboxuser/airflow_venv/lib/python3.12/site-packages/airflow/example_dags/example_sensor_decorator.py
[2024-10-13T07:40:13.991+0000] {processor.py:925} INFO - DAG(s) 'example_sensor_decorator' retrieved from /home/vboxuser/airflow_venv/lib/python3.12/site-packages/airflow/example_dags/example_sensor_decorator.py
[2024-10-13T07:40:14.003+0000] {logging_mixin.py:190} INFO - [2024-10-13T07:40:14.002+0000] {dag.py:3239} INFO - Sync 1 DAGs
[2024-10-13T07:40:14.012+0000] {logging_mixin.py:190} INFO - [2024-10-13T07:40:14.012+0000] {dag.py:4180} INFO - Setting next_dagrun for example_sensor_decorator to None, run_after=None
[2024-10-13T07:40:14.034+0000] {processor.py:208} INFO - Processing /home/vboxuser/airflow_venv/lib/python3.12/site-packages/airflow/example_dags/example_sensor_decorator.py took 0.060 seconds
[2024-10-13T07:41:03.755+0000] {processor.py:186} INFO - Started process (PID=17480) to work on /home/vboxuser/airflow_venv/lib/python3.12/site-packages/airflow/example_dags/example_sensor_decorator.py
[2024-10-13T07:41:03.757+0000] {processor.py:914} INFO - Processing file /home/vboxuser/airflow_venv/lib/python3.12/site-packages/airflow/example_dags/example_sensor_decorator.py for tasks to queue
[2024-10-13T07:41:03.760+0000] {logging_mixin.py:190} INFO - [2024-10-13T07:41:03.759+0000] {dagbag.py:588} INFO - Filling up the DagBag from /home/vboxuser/airflow_venv/lib/python3.12/site-packages/airflow/example_dags/example_sensor_decorator.py
[2024-10-13T07:41:03.768+0000] {processor.py:925} INFO - DAG(s) 'example_sensor_decorator' retrieved from /home/vboxuser/airflow_venv/lib/python3.12/site-packages/airflow/example_dags/example_sensor_decorator.py
[2024-10-13T07:41:03.784+0000] {logging_mixin.py:190} INFO - [2024-10-13T07:41:03.784+0000] {dag.py:3239} INFO - Sync 1 DAGs
[2024-10-13T07:41:03.795+0000] {logging_mixin.py:190} INFO - [2024-10-13T07:41:03.795+0000] {dag.py:4180} INFO - Setting next_dagrun for example_sensor_decorator to None, run_after=None
[2024-10-13T07:41:03.844+0000] {processor.py:208} INFO - Processing /home/vboxuser/airflow_venv/lib/python3.12/site-packages/airflow/example_dags/example_sensor_decorator.py took 0.095 seconds
[2024-10-13T07:41:55.057+0000] {processor.py:186} INFO - Started process (PID=17541) to work on /home/vboxuser/airflow_venv/lib/python3.12/site-packages/airflow/example_dags/example_sensor_decorator.py
[2024-10-13T07:41:55.061+0000] {processor.py:914} INFO - Processing file /home/vboxuser/airflow_venv/lib/python3.12/site-packages/airflow/example_dags/example_sensor_decorator.py for tasks to queue
[2024-10-13T07:41:55.063+0000] {logging_mixin.py:190} INFO - [2024-10-13T07:41:55.062+0000] {dagbag.py:588} INFO - Filling up the DagBag from /home/vboxuser/airflow_venv/lib/python3.12/site-packages/airflow/example_dags/example_sensor_decorator.py
[2024-10-13T07:41:55.069+0000] {processor.py:925} INFO - DAG(s) 'example_sensor_decorator' retrieved from /home/vboxuser/airflow_venv/lib/python3.12/site-packages/airflow/example_dags/example_sensor_decorator.py
[2024-10-13T07:41:55.079+0000] {logging_mixin.py:190} INFO - [2024-10-13T07:41:55.079+0000] {dag.py:3239} INFO - Sync 1 DAGs
[2024-10-13T07:41:55.088+0000] {logging_mixin.py:190} INFO - [2024-10-13T07:41:55.088+0000] {dag.py:4180} INFO - Setting next_dagrun for example_sensor_decorator to None, run_after=None
[2024-10-13T07:41:55.111+0000] {processor.py:208} INFO - Processing /home/vboxuser/airflow_venv/lib/python3.12/site-packages/airflow/example_dags/example_sensor_decorator.py took 0.058 seconds
[2024-10-13T07:42:46.847+0000] {processor.py:186} INFO - Started process (PID=17605) to work on /home/vboxuser/airflow_venv/lib/python3.12/site-packages/airflow/example_dags/example_sensor_decorator.py
[2024-10-13T07:42:46.848+0000] {processor.py:914} INFO - Processing file /home/vboxuser/airflow_venv/lib/python3.12/site-packages/airflow/example_dags/example_sensor_decorator.py for tasks to queue
[2024-10-13T07:42:46.851+0000] {logging_mixin.py:190} INFO - [2024-10-13T07:42:46.850+0000] {dagbag.py:588} INFO - Filling up the DagBag from /home/vboxuser/airflow_venv/lib/python3.12/site-packages/airflow/example_dags/example_sensor_decorator.py
[2024-10-13T07:42:46.857+0000] {processor.py:925} INFO - DAG(s) 'example_sensor_decorator' retrieved from /home/vboxuser/airflow_venv/lib/python3.12/site-packages/airflow/example_dags/example_sensor_decorator.py
[2024-10-13T07:42:46.867+0000] {logging_mixin.py:190} INFO - [2024-10-13T07:42:46.867+0000] {dag.py:3239} INFO - Sync 1 DAGs
[2024-10-13T07:42:46.875+0000] {logging_mixin.py:190} INFO - [2024-10-13T07:42:46.875+0000] {dag.py:4180} INFO - Setting next_dagrun for example_sensor_decorator to None, run_after=None
[2024-10-13T07:42:46.895+0000] {processor.py:208} INFO - Processing /home/vboxuser/airflow_venv/lib/python3.12/site-packages/airflow/example_dags/example_sensor_decorator.py took 0.052 seconds
