[2024-10-13T07:28:19.349+0000] {processor.py:186} INFO - Started process (PID=15067) to work on /home/vboxuser/airflow_venv/lib/python3.12/site-packages/airflow/example_dags/example_python_decorator.py
[2024-10-13T07:28:19.350+0000] {processor.py:914} INFO - Processing file /home/vboxuser/airflow_venv/lib/python3.12/site-packages/airflow/example_dags/example_python_decorator.py for tasks to queue
[2024-10-13T07:28:19.352+0000] {logging_mixin.py:190} INFO - [2024-10-13T07:28:19.351+0000] {dagbag.py:588} INFO - Filling up the DagBag from /home/vboxuser/airflow_venv/lib/python3.12/site-packages/airflow/example_dags/example_python_decorator.py
[2024-10-13T07:28:19.359+0000] {logging_mixin.py:190} INFO - [2024-10-13T07:28:19.359+0000] {example_python_decorator.py:80} WARNING - The virtalenv_python example task requires virtualenv, please install it.
[2024-10-13T07:28:19.361+0000] {processor.py:925} INFO - DAG(s) 'example_python_decorator' retrieved from /home/vboxuser/airflow_venv/lib/python3.12/site-packages/airflow/example_dags/example_python_decorator.py
[2024-10-13T07:28:19.374+0000] {logging_mixin.py:190} INFO - [2024-10-13T07:28:19.374+0000] {dag.py:3239} INFO - Sync 1 DAGs
[2024-10-13T07:28:19.384+0000] {logging_mixin.py:190} INFO - [2024-10-13T07:28:19.383+0000] {dag.py:4180} INFO - Setting next_dagrun for example_python_decorator to None, run_after=None
[2024-10-13T07:28:19.424+0000] {processor.py:208} INFO - Processing /home/vboxuser/airflow_venv/lib/python3.12/site-packages/airflow/example_dags/example_python_decorator.py took 0.079 seconds
[2024-10-13T07:29:58.798+0000] {processor.py:186} INFO - Started process (PID=16241) to work on /home/vboxuser/airflow_venv/lib/python3.12/site-packages/airflow/example_dags/example_python_decorator.py
[2024-10-13T07:29:58.808+0000] {processor.py:914} INFO - Processing file /home/vboxuser/airflow_venv/lib/python3.12/site-packages/airflow/example_dags/example_python_decorator.py for tasks to queue
[2024-10-13T07:29:58.820+0000] {logging_mixin.py:190} INFO - [2024-10-13T07:29:58.819+0000] {dagbag.py:588} INFO - Filling up the DagBag from /home/vboxuser/airflow_venv/lib/python3.12/site-packages/airflow/example_dags/example_python_decorator.py
[2024-10-13T07:29:58.856+0000] {logging_mixin.py:190} INFO - [2024-10-13T07:29:58.856+0000] {example_python_decorator.py:80} WARNING - The virtalenv_python example task requires virtualenv, please install it.
[2024-10-13T07:29:58.864+0000] {processor.py:925} INFO - DAG(s) 'example_python_decorator' retrieved from /home/vboxuser/airflow_venv/lib/python3.12/site-packages/airflow/example_dags/example_python_decorator.py
[2024-10-13T07:29:58.936+0000] {logging_mixin.py:190} INFO - [2024-10-13T07:29:58.936+0000] {dag.py:3239} INFO - Sync 1 DAGs
[2024-10-13T07:29:58.976+0000] {logging_mixin.py:190} INFO - [2024-10-13T07:29:58.976+0000] {dag.py:4180} INFO - Setting next_dagrun for example_python_decorator to None, run_after=None
[2024-10-13T07:29:59.073+0000] {processor.py:208} INFO - Processing /home/vboxuser/airflow_venv/lib/python3.12/site-packages/airflow/example_dags/example_python_decorator.py took 0.309 seconds
[2024-10-13T07:31:04.930+0000] {processor.py:186} INFO - Started process (PID=16352) to work on /home/vboxuser/airflow_venv/lib/python3.12/site-packages/airflow/example_dags/example_python_decorator.py
[2024-10-13T07:31:04.944+0000] {processor.py:914} INFO - Processing file /home/vboxuser/airflow_venv/lib/python3.12/site-packages/airflow/example_dags/example_python_decorator.py for tasks to queue
[2024-10-13T07:31:04.948+0000] {logging_mixin.py:190} INFO - [2024-10-13T07:31:04.947+0000] {dagbag.py:588} INFO - Filling up the DagBag from /home/vboxuser/airflow_venv/lib/python3.12/site-packages/airflow/example_dags/example_python_decorator.py
[2024-10-13T07:31:04.969+0000] {logging_mixin.py:190} INFO - [2024-10-13T07:31:04.968+0000] {example_python_decorator.py:80} WARNING - The virtalenv_python example task requires virtualenv, please install it.
[2024-10-13T07:31:04.977+0000] {processor.py:925} INFO - DAG(s) 'example_python_decorator' retrieved from /home/vboxuser/airflow_venv/lib/python3.12/site-packages/airflow/example_dags/example_python_decorator.py
[2024-10-13T07:31:05.049+0000] {logging_mixin.py:190} INFO - [2024-10-13T07:31:05.049+0000] {dag.py:3239} INFO - Sync 1 DAGs
[2024-10-13T07:31:05.111+0000] {logging_mixin.py:190} INFO - [2024-10-13T07:31:05.111+0000] {dag.py:4180} INFO - Setting next_dagrun for example_python_decorator to None, run_after=None
[2024-10-13T07:31:05.266+0000] {processor.py:208} INFO - Processing /home/vboxuser/airflow_venv/lib/python3.12/site-packages/airflow/example_dags/example_python_decorator.py took 0.365 seconds
[2024-10-13T07:32:17.351+0000] {processor.py:186} INFO - Started process (PID=16478) to work on /home/vboxuser/airflow_venv/lib/python3.12/site-packages/airflow/example_dags/example_python_decorator.py
[2024-10-13T07:32:17.355+0000] {processor.py:914} INFO - Processing file /home/vboxuser/airflow_venv/lib/python3.12/site-packages/airflow/example_dags/example_python_decorator.py for tasks to queue
[2024-10-13T07:32:17.357+0000] {logging_mixin.py:190} INFO - [2024-10-13T07:32:17.357+0000] {dagbag.py:588} INFO - Filling up the DagBag from /home/vboxuser/airflow_venv/lib/python3.12/site-packages/airflow/example_dags/example_python_decorator.py
[2024-10-13T07:32:17.363+0000] {logging_mixin.py:190} INFO - [2024-10-13T07:32:17.363+0000] {example_python_decorator.py:80} WARNING - The virtalenv_python example task requires virtualenv, please install it.
[2024-10-13T07:32:17.365+0000] {processor.py:925} INFO - DAG(s) 'example_python_decorator' retrieved from /home/vboxuser/airflow_venv/lib/python3.12/site-packages/airflow/example_dags/example_python_decorator.py
[2024-10-13T07:32:17.379+0000] {logging_mixin.py:190} INFO - [2024-10-13T07:32:17.379+0000] {dag.py:3239} INFO - Sync 1 DAGs
[2024-10-13T07:32:17.387+0000] {logging_mixin.py:190} INFO - [2024-10-13T07:32:17.387+0000] {dag.py:4180} INFO - Setting next_dagrun for example_python_decorator to None, run_after=None
[2024-10-13T07:32:17.409+0000] {processor.py:208} INFO - Processing /home/vboxuser/airflow_venv/lib/python3.12/site-packages/airflow/example_dags/example_python_decorator.py took 0.064 seconds
[2024-10-13T07:33:19.062+0000] {processor.py:186} INFO - Started process (PID=16716) to work on /home/vboxuser/airflow_venv/lib/python3.12/site-packages/airflow/example_dags/example_python_decorator.py
[2024-10-13T07:33:19.064+0000] {processor.py:914} INFO - Processing file /home/vboxuser/airflow_venv/lib/python3.12/site-packages/airflow/example_dags/example_python_decorator.py for tasks to queue
[2024-10-13T07:33:19.066+0000] {logging_mixin.py:190} INFO - [2024-10-13T07:33:19.066+0000] {dagbag.py:588} INFO - Filling up the DagBag from /home/vboxuser/airflow_venv/lib/python3.12/site-packages/airflow/example_dags/example_python_decorator.py
[2024-10-13T07:33:19.073+0000] {logging_mixin.py:190} INFO - [2024-10-13T07:33:19.072+0000] {example_python_decorator.py:80} WARNING - The virtalenv_python example task requires virtualenv, please install it.
[2024-10-13T07:33:19.074+0000] {processor.py:925} INFO - DAG(s) 'example_python_decorator' retrieved from /home/vboxuser/airflow_venv/lib/python3.12/site-packages/airflow/example_dags/example_python_decorator.py
[2024-10-13T07:33:19.087+0000] {logging_mixin.py:190} INFO - [2024-10-13T07:33:19.086+0000] {dag.py:3239} INFO - Sync 1 DAGs
[2024-10-13T07:33:19.095+0000] {logging_mixin.py:190} INFO - [2024-10-13T07:33:19.095+0000] {dag.py:4180} INFO - Setting next_dagrun for example_python_decorator to None, run_after=None
[2024-10-13T07:33:19.146+0000] {processor.py:208} INFO - Processing /home/vboxuser/airflow_venv/lib/python3.12/site-packages/airflow/example_dags/example_python_decorator.py took 0.087 seconds
[2024-10-13T07:34:14.627+0000] {processor.py:186} INFO - Started process (PID=16909) to work on /home/vboxuser/airflow_venv/lib/python3.12/site-packages/airflow/example_dags/example_python_decorator.py
[2024-10-13T07:34:14.629+0000] {processor.py:914} INFO - Processing file /home/vboxuser/airflow_venv/lib/python3.12/site-packages/airflow/example_dags/example_python_decorator.py for tasks to queue
[2024-10-13T07:34:14.632+0000] {logging_mixin.py:190} INFO - [2024-10-13T07:34:14.631+0000] {dagbag.py:588} INFO - Filling up the DagBag from /home/vboxuser/airflow_venv/lib/python3.12/site-packages/airflow/example_dags/example_python_decorator.py
[2024-10-13T07:34:14.642+0000] {logging_mixin.py:190} INFO - [2024-10-13T07:34:14.642+0000] {example_python_decorator.py:80} WARNING - The virtalenv_python example task requires virtualenv, please install it.
[2024-10-13T07:34:14.644+0000] {processor.py:925} INFO - DAG(s) 'example_python_decorator' retrieved from /home/vboxuser/airflow_venv/lib/python3.12/site-packages/airflow/example_dags/example_python_decorator.py
[2024-10-13T07:34:14.660+0000] {logging_mixin.py:190} INFO - [2024-10-13T07:34:14.660+0000] {dag.py:3239} INFO - Sync 1 DAGs
[2024-10-13T07:34:14.675+0000] {logging_mixin.py:190} INFO - [2024-10-13T07:34:14.675+0000] {dag.py:4180} INFO - Setting next_dagrun for example_python_decorator to None, run_after=None
[2024-10-13T07:34:14.708+0000] {processor.py:208} INFO - Processing /home/vboxuser/airflow_venv/lib/python3.12/site-packages/airflow/example_dags/example_python_decorator.py took 0.089 seconds
[2024-10-13T07:35:07.403+0000] {processor.py:186} INFO - Started process (PID=16975) to work on /home/vboxuser/airflow_venv/lib/python3.12/site-packages/airflow/example_dags/example_python_decorator.py
[2024-10-13T07:35:07.405+0000] {processor.py:914} INFO - Processing file /home/vboxuser/airflow_venv/lib/python3.12/site-packages/airflow/example_dags/example_python_decorator.py for tasks to queue
[2024-10-13T07:35:07.407+0000] {logging_mixin.py:190} INFO - [2024-10-13T07:35:07.407+0000] {dagbag.py:588} INFO - Filling up the DagBag from /home/vboxuser/airflow_venv/lib/python3.12/site-packages/airflow/example_dags/example_python_decorator.py
[2024-10-13T07:35:07.416+0000] {logging_mixin.py:190} INFO - [2024-10-13T07:35:07.416+0000] {example_python_decorator.py:80} WARNING - The virtalenv_python example task requires virtualenv, please install it.
[2024-10-13T07:35:07.418+0000] {processor.py:925} INFO - DAG(s) 'example_python_decorator' retrieved from /home/vboxuser/airflow_venv/lib/python3.12/site-packages/airflow/example_dags/example_python_decorator.py
[2024-10-13T07:35:07.434+0000] {logging_mixin.py:190} INFO - [2024-10-13T07:35:07.433+0000] {dag.py:3239} INFO - Sync 1 DAGs
[2024-10-13T07:35:07.443+0000] {logging_mixin.py:190} INFO - [2024-10-13T07:35:07.443+0000] {dag.py:4180} INFO - Setting next_dagrun for example_python_decorator to None, run_after=None
[2024-10-13T07:35:07.471+0000] {processor.py:208} INFO - Processing /home/vboxuser/airflow_venv/lib/python3.12/site-packages/airflow/example_dags/example_python_decorator.py took 0.072 seconds
[2024-10-13T07:36:03.028+0000] {processor.py:186} INFO - Started process (PID=17044) to work on /home/vboxuser/airflow_venv/lib/python3.12/site-packages/airflow/example_dags/example_python_decorator.py
[2024-10-13T07:36:03.029+0000] {processor.py:914} INFO - Processing file /home/vboxuser/airflow_venv/lib/python3.12/site-packages/airflow/example_dags/example_python_decorator.py for tasks to queue
[2024-10-13T07:36:03.031+0000] {logging_mixin.py:190} INFO - [2024-10-13T07:36:03.030+0000] {dagbag.py:588} INFO - Filling up the DagBag from /home/vboxuser/airflow_venv/lib/python3.12/site-packages/airflow/example_dags/example_python_decorator.py
[2024-10-13T07:36:03.036+0000] {logging_mixin.py:190} INFO - [2024-10-13T07:36:03.036+0000] {example_python_decorator.py:80} WARNING - The virtalenv_python example task requires virtualenv, please install it.
[2024-10-13T07:36:03.038+0000] {processor.py:925} INFO - DAG(s) 'example_python_decorator' retrieved from /home/vboxuser/airflow_venv/lib/python3.12/site-packages/airflow/example_dags/example_python_decorator.py
[2024-10-13T07:36:03.050+0000] {logging_mixin.py:190} INFO - [2024-10-13T07:36:03.049+0000] {dag.py:3239} INFO - Sync 1 DAGs
[2024-10-13T07:36:03.058+0000] {logging_mixin.py:190} INFO - [2024-10-13T07:36:03.058+0000] {dag.py:4180} INFO - Setting next_dagrun for example_python_decorator to None, run_after=None
[2024-10-13T07:36:03.079+0000] {processor.py:208} INFO - Processing /home/vboxuser/airflow_venv/lib/python3.12/site-packages/airflow/example_dags/example_python_decorator.py took 0.055 seconds
[2024-10-13T07:36:53.696+0000] {processor.py:186} INFO - Started process (PID=17103) to work on /home/vboxuser/airflow_venv/lib/python3.12/site-packages/airflow/example_dags/example_python_decorator.py
[2024-10-13T07:36:53.697+0000] {processor.py:914} INFO - Processing file /home/vboxuser/airflow_venv/lib/python3.12/site-packages/airflow/example_dags/example_python_decorator.py for tasks to queue
[2024-10-13T07:36:53.699+0000] {logging_mixin.py:190} INFO - [2024-10-13T07:36:53.699+0000] {dagbag.py:588} INFO - Filling up the DagBag from /home/vboxuser/airflow_venv/lib/python3.12/site-packages/airflow/example_dags/example_python_decorator.py
[2024-10-13T07:36:53.708+0000] {logging_mixin.py:190} INFO - [2024-10-13T07:36:53.708+0000] {example_python_decorator.py:80} WARNING - The virtalenv_python example task requires virtualenv, please install it.
[2024-10-13T07:36:53.710+0000] {processor.py:925} INFO - DAG(s) 'example_python_decorator' retrieved from /home/vboxuser/airflow_venv/lib/python3.12/site-packages/airflow/example_dags/example_python_decorator.py
[2024-10-13T07:36:53.727+0000] {logging_mixin.py:190} INFO - [2024-10-13T07:36:53.727+0000] {dag.py:3239} INFO - Sync 1 DAGs
[2024-10-13T07:36:53.740+0000] {logging_mixin.py:190} INFO - [2024-10-13T07:36:53.740+0000] {dag.py:4180} INFO - Setting next_dagrun for example_python_decorator to None, run_after=None
[2024-10-13T07:36:53.768+0000] {processor.py:208} INFO - Processing /home/vboxuser/airflow_venv/lib/python3.12/site-packages/airflow/example_dags/example_python_decorator.py took 0.079 seconds
[2024-10-13T07:37:46.147+0000] {processor.py:186} INFO - Started process (PID=17165) to work on /home/vboxuser/airflow_venv/lib/python3.12/site-packages/airflow/example_dags/example_python_decorator.py
[2024-10-13T07:37:46.148+0000] {processor.py:914} INFO - Processing file /home/vboxuser/airflow_venv/lib/python3.12/site-packages/airflow/example_dags/example_python_decorator.py for tasks to queue
[2024-10-13T07:37:46.150+0000] {logging_mixin.py:190} INFO - [2024-10-13T07:37:46.149+0000] {dagbag.py:588} INFO - Filling up the DagBag from /home/vboxuser/airflow_venv/lib/python3.12/site-packages/airflow/example_dags/example_python_decorator.py
[2024-10-13T07:37:46.157+0000] {logging_mixin.py:190} INFO - [2024-10-13T07:37:46.157+0000] {example_python_decorator.py:80} WARNING - The virtalenv_python example task requires virtualenv, please install it.
[2024-10-13T07:37:46.159+0000] {processor.py:925} INFO - DAG(s) 'example_python_decorator' retrieved from /home/vboxuser/airflow_venv/lib/python3.12/site-packages/airflow/example_dags/example_python_decorator.py
[2024-10-13T07:37:46.173+0000] {logging_mixin.py:190} INFO - [2024-10-13T07:37:46.172+0000] {dag.py:3239} INFO - Sync 1 DAGs
[2024-10-13T07:37:46.182+0000] {logging_mixin.py:190} INFO - [2024-10-13T07:37:46.182+0000] {dag.py:4180} INFO - Setting next_dagrun for example_python_decorator to None, run_after=None
[2024-10-13T07:37:46.206+0000] {processor.py:208} INFO - Processing /home/vboxuser/airflow_venv/lib/python3.12/site-packages/airflow/example_dags/example_python_decorator.py took 0.063 seconds
[2024-10-13T07:38:59.799+0000] {processor.py:186} INFO - Started process (PID=17291) to work on /home/vboxuser/airflow_venv/lib/python3.12/site-packages/airflow/example_dags/example_python_decorator.py
[2024-10-13T07:38:59.800+0000] {processor.py:914} INFO - Processing file /home/vboxuser/airflow_venv/lib/python3.12/site-packages/airflow/example_dags/example_python_decorator.py for tasks to queue
[2024-10-13T07:38:59.802+0000] {logging_mixin.py:190} INFO - [2024-10-13T07:38:59.801+0000] {dagbag.py:588} INFO - Filling up the DagBag from /home/vboxuser/airflow_venv/lib/python3.12/site-packages/airflow/example_dags/example_python_decorator.py
[2024-10-13T07:38:59.807+0000] {logging_mixin.py:190} INFO - [2024-10-13T07:38:59.807+0000] {example_python_decorator.py:80} WARNING - The virtalenv_python example task requires virtualenv, please install it.
[2024-10-13T07:38:59.809+0000] {processor.py:925} INFO - DAG(s) 'example_python_decorator' retrieved from /home/vboxuser/airflow_venv/lib/python3.12/site-packages/airflow/example_dags/example_python_decorator.py
[2024-10-13T07:38:59.821+0000] {logging_mixin.py:190} INFO - [2024-10-13T07:38:59.821+0000] {dag.py:3239} INFO - Sync 1 DAGs
[2024-10-13T07:38:59.830+0000] {logging_mixin.py:190} INFO - [2024-10-13T07:38:59.830+0000] {dag.py:4180} INFO - Setting next_dagrun for example_python_decorator to None, run_after=None
[2024-10-13T07:38:59.854+0000] {processor.py:208} INFO - Processing /home/vboxuser/airflow_venv/lib/python3.12/site-packages/airflow/example_dags/example_python_decorator.py took 0.059 seconds
[2024-10-13T07:39:51.868+0000] {processor.py:186} INFO - Started process (PID=17354) to work on /home/vboxuser/airflow_venv/lib/python3.12/site-packages/airflow/example_dags/example_python_decorator.py
[2024-10-13T07:39:51.872+0000] {processor.py:914} INFO - Processing file /home/vboxuser/airflow_venv/lib/python3.12/site-packages/airflow/example_dags/example_python_decorator.py for tasks to queue
[2024-10-13T07:39:51.874+0000] {logging_mixin.py:190} INFO - [2024-10-13T07:39:51.874+0000] {dagbag.py:588} INFO - Filling up the DagBag from /home/vboxuser/airflow_venv/lib/python3.12/site-packages/airflow/example_dags/example_python_decorator.py
[2024-10-13T07:39:51.881+0000] {logging_mixin.py:190} INFO - [2024-10-13T07:39:51.881+0000] {example_python_decorator.py:80} WARNING - The virtalenv_python example task requires virtualenv, please install it.
[2024-10-13T07:39:51.883+0000] {processor.py:925} INFO - DAG(s) 'example_python_decorator' retrieved from /home/vboxuser/airflow_venv/lib/python3.12/site-packages/airflow/example_dags/example_python_decorator.py
[2024-10-13T07:39:51.901+0000] {logging_mixin.py:190} INFO - [2024-10-13T07:39:51.901+0000] {dag.py:3239} INFO - Sync 1 DAGs
[2024-10-13T07:39:51.910+0000] {logging_mixin.py:190} INFO - [2024-10-13T07:39:51.910+0000] {dag.py:4180} INFO - Setting next_dagrun for example_python_decorator to None, run_after=None
[2024-10-13T07:39:51.932+0000] {processor.py:208} INFO - Processing /home/vboxuser/airflow_venv/lib/python3.12/site-packages/airflow/example_dags/example_python_decorator.py took 0.067 seconds
[2024-10-13T07:41:05.550+0000] {processor.py:186} INFO - Started process (PID=17482) to work on /home/vboxuser/airflow_venv/lib/python3.12/site-packages/airflow/example_dags/example_python_decorator.py
[2024-10-13T07:41:05.553+0000] {processor.py:914} INFO - Processing file /home/vboxuser/airflow_venv/lib/python3.12/site-packages/airflow/example_dags/example_python_decorator.py for tasks to queue
[2024-10-13T07:41:05.555+0000] {logging_mixin.py:190} INFO - [2024-10-13T07:41:05.555+0000] {dagbag.py:588} INFO - Filling up the DagBag from /home/vboxuser/airflow_venv/lib/python3.12/site-packages/airflow/example_dags/example_python_decorator.py
[2024-10-13T07:41:05.573+0000] {logging_mixin.py:190} INFO - [2024-10-13T07:41:05.573+0000] {example_python_decorator.py:80} WARNING - The virtalenv_python example task requires virtualenv, please install it.
[2024-10-13T07:41:05.575+0000] {processor.py:925} INFO - DAG(s) 'example_python_decorator' retrieved from /home/vboxuser/airflow_venv/lib/python3.12/site-packages/airflow/example_dags/example_python_decorator.py
[2024-10-13T07:41:05.589+0000] {logging_mixin.py:190} INFO - [2024-10-13T07:41:05.589+0000] {dag.py:3239} INFO - Sync 1 DAGs
[2024-10-13T07:41:05.596+0000] {logging_mixin.py:190} INFO - [2024-10-13T07:41:05.596+0000] {dag.py:4180} INFO - Setting next_dagrun for example_python_decorator to None, run_after=None
[2024-10-13T07:41:05.617+0000] {processor.py:208} INFO - Processing /home/vboxuser/airflow_venv/lib/python3.12/site-packages/airflow/example_dags/example_python_decorator.py took 0.071 seconds
[2024-10-13T07:42:19.705+0000] {processor.py:186} INFO - Started process (PID=17569) to work on /home/vboxuser/airflow_venv/lib/python3.12/site-packages/airflow/example_dags/example_python_decorator.py
[2024-10-13T07:42:19.706+0000] {processor.py:914} INFO - Processing file /home/vboxuser/airflow_venv/lib/python3.12/site-packages/airflow/example_dags/example_python_decorator.py for tasks to queue
[2024-10-13T07:42:19.708+0000] {logging_mixin.py:190} INFO - [2024-10-13T07:42:19.708+0000] {dagbag.py:588} INFO - Filling up the DagBag from /home/vboxuser/airflow_venv/lib/python3.12/site-packages/airflow/example_dags/example_python_decorator.py
[2024-10-13T07:42:19.714+0000] {logging_mixin.py:190} INFO - [2024-10-13T07:42:19.714+0000] {example_python_decorator.py:80} WARNING - The virtalenv_python example task requires virtualenv, please install it.
[2024-10-13T07:42:19.715+0000] {processor.py:925} INFO - DAG(s) 'example_python_decorator' retrieved from /home/vboxuser/airflow_venv/lib/python3.12/site-packages/airflow/example_dags/example_python_decorator.py
[2024-10-13T07:42:19.726+0000] {logging_mixin.py:190} INFO - [2024-10-13T07:42:19.726+0000] {dag.py:3239} INFO - Sync 1 DAGs
[2024-10-13T07:42:19.734+0000] {logging_mixin.py:190} INFO - [2024-10-13T07:42:19.734+0000] {dag.py:4180} INFO - Setting next_dagrun for example_python_decorator to None, run_after=None
[2024-10-13T07:42:19.754+0000] {processor.py:208} INFO - Processing /home/vboxuser/airflow_venv/lib/python3.12/site-packages/airflow/example_dags/example_python_decorator.py took 0.054 seconds
