[2024-10-13T07:28:22.181+0000] {processor.py:186} INFO - Started process (PID=15081) to work on /home/vboxuser/airflow_venv/lib/python3.12/site-packages/airflow/example_dags/example_subdag_operator.py
[2024-10-13T07:28:22.185+0000] {processor.py:914} INFO - Processing file /home/vboxuser/airflow_venv/lib/python3.12/site-packages/airflow/example_dags/example_subdag_operator.py for tasks to queue
[2024-10-13T07:28:22.220+0000] {logging_mixin.py:190} INFO - [2024-10-13T07:28:22.219+0000] {dagbag.py:588} INFO - Filling up the DagBag from /home/vboxuser/airflow_venv/lib/python3.12/site-packages/airflow/example_dags/example_subdag_operator.py
[2024-10-13T07:28:22.251+0000] {processor.py:925} INFO - DAG(s) 'example_subdag_operator.section-1', 'example_subdag_operator.section-2', 'example_subdag_operator' retrieved from /home/vboxuser/airflow_venv/lib/python3.12/site-packages/airflow/example_dags/example_subdag_operator.py
[2024-10-13T07:28:22.264+0000] {logging_mixin.py:190} INFO - [2024-10-13T07:28:22.264+0000] {dag.py:3239} INFO - Sync 3 DAGs
[2024-10-13T07:28:22.281+0000] {logging_mixin.py:190} INFO - [2024-10-13T07:28:22.281+0000] {dag.py:4180} INFO - Setting next_dagrun for example_subdag_operator to 2022-01-01 00:00:00+00:00, run_after=2022-01-01 00:00:00+00:00
[2024-10-13T07:28:22.283+0000] {logging_mixin.py:190} INFO - [2024-10-13T07:28:22.283+0000] {dag.py:4180} INFO - Setting next_dagrun for example_subdag_operator.section-1 to None, run_after=None
[2024-10-13T07:28:22.284+0000] {logging_mixin.py:190} INFO - [2024-10-13T07:28:22.284+0000] {dag.py:4180} INFO - Setting next_dagrun for example_subdag_operator.section-2 to None, run_after=None
[2024-10-13T07:28:22.289+0000] {logging_mixin.py:190} INFO - [2024-10-13T07:28:22.288+0000] {dag.py:3239} INFO - Sync 2 DAGs
[2024-10-13T07:28:22.292+0000] {logging_mixin.py:190} INFO - [2024-10-13T07:28:22.292+0000] {dag.py:4180} INFO - Setting next_dagrun for example_subdag_operator.section-1 to None, run_after=None
[2024-10-13T07:28:22.292+0000] {logging_mixin.py:190} INFO - [2024-10-13T07:28:22.292+0000] {dag.py:4180} INFO - Setting next_dagrun for example_subdag_operator.section-2 to None, run_after=None
[2024-10-13T07:28:22.313+0000] {processor.py:208} INFO - Processing /home/vboxuser/airflow_venv/lib/python3.12/site-packages/airflow/example_dags/example_subdag_operator.py took 0.192 seconds
[2024-10-13T07:30:03.463+0000] {processor.py:186} INFO - Started process (PID=16257) to work on /home/vboxuser/airflow_venv/lib/python3.12/site-packages/airflow/example_dags/example_subdag_operator.py
[2024-10-13T07:30:03.468+0000] {processor.py:914} INFO - Processing file /home/vboxuser/airflow_venv/lib/python3.12/site-packages/airflow/example_dags/example_subdag_operator.py for tasks to queue
[2024-10-13T07:30:03.471+0000] {logging_mixin.py:190} INFO - [2024-10-13T07:30:03.471+0000] {dagbag.py:588} INFO - Filling up the DagBag from /home/vboxuser/airflow_venv/lib/python3.12/site-packages/airflow/example_dags/example_subdag_operator.py
[2024-10-13T07:30:03.557+0000] {processor.py:925} INFO - DAG(s) 'example_subdag_operator.section-1', 'example_subdag_operator.section-2', 'example_subdag_operator' retrieved from /home/vboxuser/airflow_venv/lib/python3.12/site-packages/airflow/example_dags/example_subdag_operator.py
[2024-10-13T07:30:03.574+0000] {logging_mixin.py:190} INFO - [2024-10-13T07:30:03.574+0000] {dag.py:3239} INFO - Sync 3 DAGs
[2024-10-13T07:30:03.596+0000] {logging_mixin.py:190} INFO - [2024-10-13T07:30:03.596+0000] {dag.py:4180} INFO - Setting next_dagrun for example_subdag_operator to 2022-01-01 00:00:00+00:00, run_after=2022-01-01 00:00:00+00:00
[2024-10-13T07:30:03.599+0000] {logging_mixin.py:190} INFO - [2024-10-13T07:30:03.599+0000] {dag.py:4180} INFO - Setting next_dagrun for example_subdag_operator.section-1 to None, run_after=None
[2024-10-13T07:30:03.601+0000] {logging_mixin.py:190} INFO - [2024-10-13T07:30:03.600+0000] {dag.py:4180} INFO - Setting next_dagrun for example_subdag_operator.section-2 to None, run_after=None
[2024-10-13T07:30:03.606+0000] {logging_mixin.py:190} INFO - [2024-10-13T07:30:03.606+0000] {dag.py:3239} INFO - Sync 2 DAGs
[2024-10-13T07:30:03.610+0000] {logging_mixin.py:190} INFO - [2024-10-13T07:30:03.610+0000] {dag.py:4180} INFO - Setting next_dagrun for example_subdag_operator.section-1 to None, run_after=None
[2024-10-13T07:30:03.610+0000] {logging_mixin.py:190} INFO - [2024-10-13T07:30:03.610+0000] {dag.py:4180} INFO - Setting next_dagrun for example_subdag_operator.section-2 to None, run_after=None
[2024-10-13T07:30:03.631+0000] {processor.py:208} INFO - Processing /home/vboxuser/airflow_venv/lib/python3.12/site-packages/airflow/example_dags/example_subdag_operator.py took 0.204 seconds
[2024-10-13T07:31:08.532+0000] {processor.py:186} INFO - Started process (PID=16356) to work on /home/vboxuser/airflow_venv/lib/python3.12/site-packages/airflow/example_dags/example_subdag_operator.py
[2024-10-13T07:31:08.542+0000] {processor.py:914} INFO - Processing file /home/vboxuser/airflow_venv/lib/python3.12/site-packages/airflow/example_dags/example_subdag_operator.py for tasks to queue
[2024-10-13T07:31:08.554+0000] {logging_mixin.py:190} INFO - [2024-10-13T07:31:08.548+0000] {dagbag.py:588} INFO - Filling up the DagBag from /home/vboxuser/airflow_venv/lib/python3.12/site-packages/airflow/example_dags/example_subdag_operator.py
[2024-10-13T07:31:08.617+0000] {processor.py:925} INFO - DAG(s) 'example_subdag_operator.section-1', 'example_subdag_operator.section-2', 'example_subdag_operator' retrieved from /home/vboxuser/airflow_venv/lib/python3.12/site-packages/airflow/example_dags/example_subdag_operator.py
[2024-10-13T07:31:08.662+0000] {logging_mixin.py:190} INFO - [2024-10-13T07:31:08.662+0000] {dag.py:3239} INFO - Sync 3 DAGs
[2024-10-13T07:31:08.725+0000] {logging_mixin.py:190} INFO - [2024-10-13T07:31:08.725+0000] {dag.py:4180} INFO - Setting next_dagrun for example_subdag_operator to 2022-01-01 00:00:00+00:00, run_after=2022-01-01 00:00:00+00:00
[2024-10-13T07:31:08.731+0000] {logging_mixin.py:190} INFO - [2024-10-13T07:31:08.731+0000] {dag.py:4180} INFO - Setting next_dagrun for example_subdag_operator.section-1 to None, run_after=None
[2024-10-13T07:31:08.732+0000] {logging_mixin.py:190} INFO - [2024-10-13T07:31:08.732+0000] {dag.py:4180} INFO - Setting next_dagrun for example_subdag_operator.section-2 to None, run_after=None
[2024-10-13T07:31:08.739+0000] {logging_mixin.py:190} INFO - [2024-10-13T07:31:08.738+0000] {dag.py:3239} INFO - Sync 2 DAGs
[2024-10-13T07:31:08.743+0000] {logging_mixin.py:190} INFO - [2024-10-13T07:31:08.743+0000] {dag.py:4180} INFO - Setting next_dagrun for example_subdag_operator.section-1 to None, run_after=None
[2024-10-13T07:31:08.743+0000] {logging_mixin.py:190} INFO - [2024-10-13T07:31:08.743+0000] {dag.py:4180} INFO - Setting next_dagrun for example_subdag_operator.section-2 to None, run_after=None
[2024-10-13T07:31:08.795+0000] {processor.py:208} INFO - Processing /home/vboxuser/airflow_venv/lib/python3.12/site-packages/airflow/example_dags/example_subdag_operator.py took 0.284 seconds
[2024-10-13T07:32:21.087+0000] {processor.py:186} INFO - Started process (PID=16481) to work on /home/vboxuser/airflow_venv/lib/python3.12/site-packages/airflow/example_dags/example_subdag_operator.py
[2024-10-13T07:32:21.091+0000] {processor.py:914} INFO - Processing file /home/vboxuser/airflow_venv/lib/python3.12/site-packages/airflow/example_dags/example_subdag_operator.py for tasks to queue
[2024-10-13T07:32:21.094+0000] {logging_mixin.py:190} INFO - [2024-10-13T07:32:21.093+0000] {dagbag.py:588} INFO - Filling up the DagBag from /home/vboxuser/airflow_venv/lib/python3.12/site-packages/airflow/example_dags/example_subdag_operator.py
[2024-10-13T07:32:21.111+0000] {processor.py:925} INFO - DAG(s) 'example_subdag_operator.section-1', 'example_subdag_operator.section-2', 'example_subdag_operator' retrieved from /home/vboxuser/airflow_venv/lib/python3.12/site-packages/airflow/example_dags/example_subdag_operator.py
[2024-10-13T07:32:21.121+0000] {logging_mixin.py:190} INFO - [2024-10-13T07:32:21.121+0000] {dag.py:3239} INFO - Sync 3 DAGs
[2024-10-13T07:32:21.134+0000] {logging_mixin.py:190} INFO - [2024-10-13T07:32:21.134+0000] {dag.py:4180} INFO - Setting next_dagrun for example_subdag_operator to 2022-01-01 00:00:00+00:00, run_after=2022-01-01 00:00:00+00:00
[2024-10-13T07:32:21.136+0000] {logging_mixin.py:190} INFO - [2024-10-13T07:32:21.136+0000] {dag.py:4180} INFO - Setting next_dagrun for example_subdag_operator.section-1 to None, run_after=None
[2024-10-13T07:32:21.137+0000] {logging_mixin.py:190} INFO - [2024-10-13T07:32:21.136+0000] {dag.py:4180} INFO - Setting next_dagrun for example_subdag_operator.section-2 to None, run_after=None
[2024-10-13T07:32:21.141+0000] {logging_mixin.py:190} INFO - [2024-10-13T07:32:21.141+0000] {dag.py:3239} INFO - Sync 2 DAGs
[2024-10-13T07:32:21.143+0000] {logging_mixin.py:190} INFO - [2024-10-13T07:32:21.143+0000] {dag.py:4180} INFO - Setting next_dagrun for example_subdag_operator.section-1 to None, run_after=None
[2024-10-13T07:32:21.143+0000] {logging_mixin.py:190} INFO - [2024-10-13T07:32:21.143+0000] {dag.py:4180} INFO - Setting next_dagrun for example_subdag_operator.section-2 to None, run_after=None
[2024-10-13T07:32:21.159+0000] {processor.py:208} INFO - Processing /home/vboxuser/airflow_venv/lib/python3.12/site-packages/airflow/example_dags/example_subdag_operator.py took 0.077 seconds
[2024-10-13T07:33:22.625+0000] {processor.py:186} INFO - Started process (PID=16719) to work on /home/vboxuser/airflow_venv/lib/python3.12/site-packages/airflow/example_dags/example_subdag_operator.py
[2024-10-13T07:33:22.629+0000] {processor.py:914} INFO - Processing file /home/vboxuser/airflow_venv/lib/python3.12/site-packages/airflow/example_dags/example_subdag_operator.py for tasks to queue
[2024-10-13T07:33:22.631+0000] {logging_mixin.py:190} INFO - [2024-10-13T07:33:22.630+0000] {dagbag.py:588} INFO - Filling up the DagBag from /home/vboxuser/airflow_venv/lib/python3.12/site-packages/airflow/example_dags/example_subdag_operator.py
[2024-10-13T07:33:22.666+0000] {processor.py:925} INFO - DAG(s) 'example_subdag_operator.section-1', 'example_subdag_operator.section-2', 'example_subdag_operator' retrieved from /home/vboxuser/airflow_venv/lib/python3.12/site-packages/airflow/example_dags/example_subdag_operator.py
[2024-10-13T07:33:22.681+0000] {logging_mixin.py:190} INFO - [2024-10-13T07:33:22.681+0000] {dag.py:3239} INFO - Sync 3 DAGs
[2024-10-13T07:33:22.715+0000] {logging_mixin.py:190} INFO - [2024-10-13T07:33:22.715+0000] {dag.py:4180} INFO - Setting next_dagrun for example_subdag_operator to 2022-01-01 00:00:00+00:00, run_after=2022-01-01 00:00:00+00:00
[2024-10-13T07:33:22.721+0000] {logging_mixin.py:190} INFO - [2024-10-13T07:33:22.721+0000] {dag.py:4180} INFO - Setting next_dagrun for example_subdag_operator.section-1 to None, run_after=None
[2024-10-13T07:33:22.725+0000] {logging_mixin.py:190} INFO - [2024-10-13T07:33:22.722+0000] {dag.py:4180} INFO - Setting next_dagrun for example_subdag_operator.section-2 to None, run_after=None
[2024-10-13T07:33:22.736+0000] {logging_mixin.py:190} INFO - [2024-10-13T07:33:22.736+0000] {dag.py:3239} INFO - Sync 2 DAGs
[2024-10-13T07:33:22.739+0000] {logging_mixin.py:190} INFO - [2024-10-13T07:33:22.738+0000] {dag.py:4180} INFO - Setting next_dagrun for example_subdag_operator.section-1 to None, run_after=None
[2024-10-13T07:33:22.739+0000] {logging_mixin.py:190} INFO - [2024-10-13T07:33:22.739+0000] {dag.py:4180} INFO - Setting next_dagrun for example_subdag_operator.section-2 to None, run_after=None
[2024-10-13T07:33:22.785+0000] {processor.py:208} INFO - Processing /home/vboxuser/airflow_venv/lib/python3.12/site-packages/airflow/example_dags/example_subdag_operator.py took 0.166 seconds
[2024-10-13T07:34:17.885+0000] {processor.py:186} INFO - Started process (PID=16912) to work on /home/vboxuser/airflow_venv/lib/python3.12/site-packages/airflow/example_dags/example_subdag_operator.py
[2024-10-13T07:34:17.887+0000] {processor.py:914} INFO - Processing file /home/vboxuser/airflow_venv/lib/python3.12/site-packages/airflow/example_dags/example_subdag_operator.py for tasks to queue
[2024-10-13T07:34:17.888+0000] {logging_mixin.py:190} INFO - [2024-10-13T07:34:17.888+0000] {dagbag.py:588} INFO - Filling up the DagBag from /home/vboxuser/airflow_venv/lib/python3.12/site-packages/airflow/example_dags/example_subdag_operator.py
[2024-10-13T07:34:17.915+0000] {processor.py:925} INFO - DAG(s) 'example_subdag_operator.section-1', 'example_subdag_operator.section-2', 'example_subdag_operator' retrieved from /home/vboxuser/airflow_venv/lib/python3.12/site-packages/airflow/example_dags/example_subdag_operator.py
[2024-10-13T07:34:17.925+0000] {logging_mixin.py:190} INFO - [2024-10-13T07:34:17.925+0000] {dag.py:3239} INFO - Sync 3 DAGs
[2024-10-13T07:34:17.939+0000] {logging_mixin.py:190} INFO - [2024-10-13T07:34:17.939+0000] {dag.py:4180} INFO - Setting next_dagrun for example_subdag_operator to 2022-01-01 00:00:00+00:00, run_after=2022-01-01 00:00:00+00:00
[2024-10-13T07:34:17.941+0000] {logging_mixin.py:190} INFO - [2024-10-13T07:34:17.941+0000] {dag.py:4180} INFO - Setting next_dagrun for example_subdag_operator.section-1 to None, run_after=None
[2024-10-13T07:34:17.942+0000] {logging_mixin.py:190} INFO - [2024-10-13T07:34:17.942+0000] {dag.py:4180} INFO - Setting next_dagrun for example_subdag_operator.section-2 to None, run_after=None
[2024-10-13T07:34:17.946+0000] {logging_mixin.py:190} INFO - [2024-10-13T07:34:17.946+0000] {dag.py:3239} INFO - Sync 2 DAGs
[2024-10-13T07:34:17.948+0000] {logging_mixin.py:190} INFO - [2024-10-13T07:34:17.948+0000] {dag.py:4180} INFO - Setting next_dagrun for example_subdag_operator.section-1 to None, run_after=None
[2024-10-13T07:34:17.948+0000] {logging_mixin.py:190} INFO - [2024-10-13T07:34:17.948+0000] {dag.py:4180} INFO - Setting next_dagrun for example_subdag_operator.section-2 to None, run_after=None
[2024-10-13T07:34:17.965+0000] {processor.py:208} INFO - Processing /home/vboxuser/airflow_venv/lib/python3.12/site-packages/airflow/example_dags/example_subdag_operator.py took 0.084 seconds
[2024-10-13T07:35:10.413+0000] {processor.py:186} INFO - Started process (PID=16978) to work on /home/vboxuser/airflow_venv/lib/python3.12/site-packages/airflow/example_dags/example_subdag_operator.py
[2024-10-13T07:35:10.417+0000] {processor.py:914} INFO - Processing file /home/vboxuser/airflow_venv/lib/python3.12/site-packages/airflow/example_dags/example_subdag_operator.py for tasks to queue
[2024-10-13T07:35:10.418+0000] {logging_mixin.py:190} INFO - [2024-10-13T07:35:10.418+0000] {dagbag.py:588} INFO - Filling up the DagBag from /home/vboxuser/airflow_venv/lib/python3.12/site-packages/airflow/example_dags/example_subdag_operator.py
[2024-10-13T07:35:10.436+0000] {processor.py:925} INFO - DAG(s) 'example_subdag_operator.section-1', 'example_subdag_operator.section-2', 'example_subdag_operator' retrieved from /home/vboxuser/airflow_venv/lib/python3.12/site-packages/airflow/example_dags/example_subdag_operator.py
[2024-10-13T07:35:10.447+0000] {logging_mixin.py:190} INFO - [2024-10-13T07:35:10.446+0000] {dag.py:3239} INFO - Sync 3 DAGs
[2024-10-13T07:35:10.461+0000] {logging_mixin.py:190} INFO - [2024-10-13T07:35:10.461+0000] {dag.py:4180} INFO - Setting next_dagrun for example_subdag_operator to 2022-01-01 00:00:00+00:00, run_after=2022-01-01 00:00:00+00:00
[2024-10-13T07:35:10.463+0000] {logging_mixin.py:190} INFO - [2024-10-13T07:35:10.463+0000] {dag.py:4180} INFO - Setting next_dagrun for example_subdag_operator.section-1 to None, run_after=None
[2024-10-13T07:35:10.464+0000] {logging_mixin.py:190} INFO - [2024-10-13T07:35:10.464+0000] {dag.py:4180} INFO - Setting next_dagrun for example_subdag_operator.section-2 to None, run_after=None
[2024-10-13T07:35:10.468+0000] {logging_mixin.py:190} INFO - [2024-10-13T07:35:10.468+0000] {dag.py:3239} INFO - Sync 2 DAGs
[2024-10-13T07:35:10.470+0000] {logging_mixin.py:190} INFO - [2024-10-13T07:35:10.470+0000] {dag.py:4180} INFO - Setting next_dagrun for example_subdag_operator.section-1 to None, run_after=None
[2024-10-13T07:35:10.470+0000] {logging_mixin.py:190} INFO - [2024-10-13T07:35:10.470+0000] {dag.py:4180} INFO - Setting next_dagrun for example_subdag_operator.section-2 to None, run_after=None
[2024-10-13T07:35:10.485+0000] {processor.py:208} INFO - Processing /home/vboxuser/airflow_venv/lib/python3.12/site-packages/airflow/example_dags/example_subdag_operator.py took 0.077 seconds
[2024-10-13T07:36:05.879+0000] {processor.py:186} INFO - Started process (PID=17047) to work on /home/vboxuser/airflow_venv/lib/python3.12/site-packages/airflow/example_dags/example_subdag_operator.py
[2024-10-13T07:36:05.883+0000] {processor.py:914} INFO - Processing file /home/vboxuser/airflow_venv/lib/python3.12/site-packages/airflow/example_dags/example_subdag_operator.py for tasks to queue
[2024-10-13T07:36:05.884+0000] {logging_mixin.py:190} INFO - [2024-10-13T07:36:05.884+0000] {dagbag.py:588} INFO - Filling up the DagBag from /home/vboxuser/airflow_venv/lib/python3.12/site-packages/airflow/example_dags/example_subdag_operator.py
[2024-10-13T07:36:05.902+0000] {processor.py:925} INFO - DAG(s) 'example_subdag_operator.section-1', 'example_subdag_operator.section-2', 'example_subdag_operator' retrieved from /home/vboxuser/airflow_venv/lib/python3.12/site-packages/airflow/example_dags/example_subdag_operator.py
[2024-10-13T07:36:05.910+0000] {logging_mixin.py:190} INFO - [2024-10-13T07:36:05.910+0000] {dag.py:3239} INFO - Sync 3 DAGs
[2024-10-13T07:36:05.923+0000] {logging_mixin.py:190} INFO - [2024-10-13T07:36:05.923+0000] {dag.py:4180} INFO - Setting next_dagrun for example_subdag_operator to 2022-01-01 00:00:00+00:00, run_after=2022-01-01 00:00:00+00:00
[2024-10-13T07:36:05.926+0000] {logging_mixin.py:190} INFO - [2024-10-13T07:36:05.926+0000] {dag.py:4180} INFO - Setting next_dagrun for example_subdag_operator.section-1 to None, run_after=None
[2024-10-13T07:36:05.927+0000] {logging_mixin.py:190} INFO - [2024-10-13T07:36:05.927+0000] {dag.py:4180} INFO - Setting next_dagrun for example_subdag_operator.section-2 to None, run_after=None
[2024-10-13T07:36:05.933+0000] {logging_mixin.py:190} INFO - [2024-10-13T07:36:05.932+0000] {dag.py:3239} INFO - Sync 2 DAGs
[2024-10-13T07:36:05.936+0000] {logging_mixin.py:190} INFO - [2024-10-13T07:36:05.935+0000] {dag.py:4180} INFO - Setting next_dagrun for example_subdag_operator.section-1 to None, run_after=None
[2024-10-13T07:36:05.936+0000] {logging_mixin.py:190} INFO - [2024-10-13T07:36:05.936+0000] {dag.py:4180} INFO - Setting next_dagrun for example_subdag_operator.section-2 to None, run_after=None
[2024-10-13T07:36:05.951+0000] {processor.py:208} INFO - Processing /home/vboxuser/airflow_venv/lib/python3.12/site-packages/airflow/example_dags/example_subdag_operator.py took 0.078 seconds
[2024-10-13T07:37:19.668+0000] {processor.py:186} INFO - Started process (PID=17133) to work on /home/vboxuser/airflow_venv/lib/python3.12/site-packages/airflow/example_dags/example_subdag_operator.py
[2024-10-13T07:37:19.672+0000] {processor.py:914} INFO - Processing file /home/vboxuser/airflow_venv/lib/python3.12/site-packages/airflow/example_dags/example_subdag_operator.py for tasks to queue
[2024-10-13T07:37:19.674+0000] {logging_mixin.py:190} INFO - [2024-10-13T07:37:19.674+0000] {dagbag.py:588} INFO - Filling up the DagBag from /home/vboxuser/airflow_venv/lib/python3.12/site-packages/airflow/example_dags/example_subdag_operator.py
[2024-10-13T07:37:19.695+0000] {processor.py:925} INFO - DAG(s) 'example_subdag_operator.section-1', 'example_subdag_operator.section-2', 'example_subdag_operator' retrieved from /home/vboxuser/airflow_venv/lib/python3.12/site-packages/airflow/example_dags/example_subdag_operator.py
[2024-10-13T07:37:19.706+0000] {logging_mixin.py:190} INFO - [2024-10-13T07:37:19.705+0000] {dag.py:3239} INFO - Sync 3 DAGs
[2024-10-13T07:37:19.723+0000] {logging_mixin.py:190} INFO - [2024-10-13T07:37:19.723+0000] {dag.py:4180} INFO - Setting next_dagrun for example_subdag_operator to 2022-01-01 00:00:00+00:00, run_after=2022-01-01 00:00:00+00:00
[2024-10-13T07:37:19.725+0000] {logging_mixin.py:190} INFO - [2024-10-13T07:37:19.725+0000] {dag.py:4180} INFO - Setting next_dagrun for example_subdag_operator.section-1 to None, run_after=None
[2024-10-13T07:37:19.726+0000] {logging_mixin.py:190} INFO - [2024-10-13T07:37:19.725+0000] {dag.py:4180} INFO - Setting next_dagrun for example_subdag_operator.section-2 to None, run_after=None
[2024-10-13T07:37:19.729+0000] {logging_mixin.py:190} INFO - [2024-10-13T07:37:19.729+0000] {dag.py:3239} INFO - Sync 2 DAGs
[2024-10-13T07:37:19.731+0000] {logging_mixin.py:190} INFO - [2024-10-13T07:37:19.731+0000] {dag.py:4180} INFO - Setting next_dagrun for example_subdag_operator.section-1 to None, run_after=None
[2024-10-13T07:37:19.732+0000] {logging_mixin.py:190} INFO - [2024-10-13T07:37:19.732+0000] {dag.py:4180} INFO - Setting next_dagrun for example_subdag_operator.section-2 to None, run_after=None
[2024-10-13T07:37:19.748+0000] {processor.py:208} INFO - Processing /home/vboxuser/airflow_venv/lib/python3.12/site-packages/airflow/example_dags/example_subdag_operator.py took 0.084 seconds
[2024-10-13T07:38:09.921+0000] {processor.py:186} INFO - Started process (PID=17198) to work on /home/vboxuser/airflow_venv/lib/python3.12/site-packages/airflow/example_dags/example_subdag_operator.py
[2024-10-13T07:38:09.922+0000] {processor.py:914} INFO - Processing file /home/vboxuser/airflow_venv/lib/python3.12/site-packages/airflow/example_dags/example_subdag_operator.py for tasks to queue
[2024-10-13T07:38:09.924+0000] {logging_mixin.py:190} INFO - [2024-10-13T07:38:09.924+0000] {dagbag.py:588} INFO - Filling up the DagBag from /home/vboxuser/airflow_venv/lib/python3.12/site-packages/airflow/example_dags/example_subdag_operator.py
[2024-10-13T07:38:09.946+0000] {processor.py:925} INFO - DAG(s) 'example_subdag_operator.section-1', 'example_subdag_operator.section-2', 'example_subdag_operator' retrieved from /home/vboxuser/airflow_venv/lib/python3.12/site-packages/airflow/example_dags/example_subdag_operator.py
[2024-10-13T07:38:09.959+0000] {logging_mixin.py:190} INFO - [2024-10-13T07:38:09.959+0000] {dag.py:3239} INFO - Sync 3 DAGs
[2024-10-13T07:38:09.976+0000] {logging_mixin.py:190} INFO - [2024-10-13T07:38:09.976+0000] {dag.py:4180} INFO - Setting next_dagrun for example_subdag_operator to 2022-01-01 00:00:00+00:00, run_after=2022-01-01 00:00:00+00:00
[2024-10-13T07:38:09.980+0000] {logging_mixin.py:190} INFO - [2024-10-13T07:38:09.980+0000] {dag.py:4180} INFO - Setting next_dagrun for example_subdag_operator.section-1 to None, run_after=None
[2024-10-13T07:38:09.981+0000] {logging_mixin.py:190} INFO - [2024-10-13T07:38:09.981+0000] {dag.py:4180} INFO - Setting next_dagrun for example_subdag_operator.section-2 to None, run_after=None
[2024-10-13T07:38:09.987+0000] {logging_mixin.py:190} INFO - [2024-10-13T07:38:09.987+0000] {dag.py:3239} INFO - Sync 2 DAGs
[2024-10-13T07:38:09.990+0000] {logging_mixin.py:190} INFO - [2024-10-13T07:38:09.990+0000] {dag.py:4180} INFO - Setting next_dagrun for example_subdag_operator.section-1 to None, run_after=None
[2024-10-13T07:38:09.990+0000] {logging_mixin.py:190} INFO - [2024-10-13T07:38:09.990+0000] {dag.py:4180} INFO - Setting next_dagrun for example_subdag_operator.section-2 to None, run_after=None
[2024-10-13T07:38:10.015+0000] {processor.py:208} INFO - Processing /home/vboxuser/airflow_venv/lib/python3.12/site-packages/airflow/example_dags/example_subdag_operator.py took 0.099 seconds
[2024-10-13T07:39:24.918+0000] {processor.py:186} INFO - Started process (PID=17320) to work on /home/vboxuser/airflow_venv/lib/python3.12/site-packages/airflow/example_dags/example_subdag_operator.py
[2024-10-13T07:39:24.920+0000] {processor.py:914} INFO - Processing file /home/vboxuser/airflow_venv/lib/python3.12/site-packages/airflow/example_dags/example_subdag_operator.py for tasks to queue
[2024-10-13T07:39:24.922+0000] {logging_mixin.py:190} INFO - [2024-10-13T07:39:24.922+0000] {dagbag.py:588} INFO - Filling up the DagBag from /home/vboxuser/airflow_venv/lib/python3.12/site-packages/airflow/example_dags/example_subdag_operator.py
[2024-10-13T07:39:24.939+0000] {processor.py:925} INFO - DAG(s) 'example_subdag_operator.section-1', 'example_subdag_operator.section-2', 'example_subdag_operator' retrieved from /home/vboxuser/airflow_venv/lib/python3.12/site-packages/airflow/example_dags/example_subdag_operator.py
[2024-10-13T07:39:24.951+0000] {logging_mixin.py:190} INFO - [2024-10-13T07:39:24.951+0000] {dag.py:3239} INFO - Sync 3 DAGs
[2024-10-13T07:39:25.002+0000] {logging_mixin.py:190} INFO - [2024-10-13T07:39:25.001+0000] {dag.py:4180} INFO - Setting next_dagrun for example_subdag_operator to 2022-01-01 00:00:00+00:00, run_after=2022-01-01 00:00:00+00:00
[2024-10-13T07:39:25.025+0000] {logging_mixin.py:190} INFO - [2024-10-13T07:39:25.025+0000] {dag.py:4180} INFO - Setting next_dagrun for example_subdag_operator.section-1 to None, run_after=None
[2024-10-13T07:39:25.026+0000] {logging_mixin.py:190} INFO - [2024-10-13T07:39:25.026+0000] {dag.py:4180} INFO - Setting next_dagrun for example_subdag_operator.section-2 to None, run_after=None
[2024-10-13T07:39:25.034+0000] {logging_mixin.py:190} INFO - [2024-10-13T07:39:25.034+0000] {dag.py:3239} INFO - Sync 2 DAGs
[2024-10-13T07:39:25.047+0000] {logging_mixin.py:190} INFO - [2024-10-13T07:39:25.045+0000] {dag.py:4180} INFO - Setting next_dagrun for example_subdag_operator.section-1 to None, run_after=None
[2024-10-13T07:39:25.049+0000] {logging_mixin.py:190} INFO - [2024-10-13T07:39:25.049+0000] {dag.py:4180} INFO - Setting next_dagrun for example_subdag_operator.section-2 to None, run_after=None
[2024-10-13T07:39:25.086+0000] {processor.py:208} INFO - Processing /home/vboxuser/airflow_venv/lib/python3.12/site-packages/airflow/example_dags/example_subdag_operator.py took 0.172 seconds
[2024-10-13T07:40:16.269+0000] {processor.py:186} INFO - Started process (PID=17424) to work on /home/vboxuser/airflow_venv/lib/python3.12/site-packages/airflow/example_dags/example_subdag_operator.py
[2024-10-13T07:40:16.273+0000] {processor.py:914} INFO - Processing file /home/vboxuser/airflow_venv/lib/python3.12/site-packages/airflow/example_dags/example_subdag_operator.py for tasks to queue
[2024-10-13T07:40:16.275+0000] {logging_mixin.py:190} INFO - [2024-10-13T07:40:16.275+0000] {dagbag.py:588} INFO - Filling up the DagBag from /home/vboxuser/airflow_venv/lib/python3.12/site-packages/airflow/example_dags/example_subdag_operator.py
[2024-10-13T07:40:16.291+0000] {processor.py:925} INFO - DAG(s) 'example_subdag_operator.section-1', 'example_subdag_operator.section-2', 'example_subdag_operator' retrieved from /home/vboxuser/airflow_venv/lib/python3.12/site-packages/airflow/example_dags/example_subdag_operator.py
[2024-10-13T07:40:16.300+0000] {logging_mixin.py:190} INFO - [2024-10-13T07:40:16.300+0000] {dag.py:3239} INFO - Sync 3 DAGs
[2024-10-13T07:40:16.312+0000] {logging_mixin.py:190} INFO - [2024-10-13T07:40:16.312+0000] {dag.py:4180} INFO - Setting next_dagrun for example_subdag_operator to 2022-01-01 00:00:00+00:00, run_after=2022-01-01 00:00:00+00:00
[2024-10-13T07:40:16.315+0000] {logging_mixin.py:190} INFO - [2024-10-13T07:40:16.315+0000] {dag.py:4180} INFO - Setting next_dagrun for example_subdag_operator.section-1 to None, run_after=None
[2024-10-13T07:40:16.316+0000] {logging_mixin.py:190} INFO - [2024-10-13T07:40:16.315+0000] {dag.py:4180} INFO - Setting next_dagrun for example_subdag_operator.section-2 to None, run_after=None
[2024-10-13T07:40:16.320+0000] {logging_mixin.py:190} INFO - [2024-10-13T07:40:16.320+0000] {dag.py:3239} INFO - Sync 2 DAGs
[2024-10-13T07:40:16.322+0000] {logging_mixin.py:190} INFO - [2024-10-13T07:40:16.322+0000] {dag.py:4180} INFO - Setting next_dagrun for example_subdag_operator.section-1 to None, run_after=None
[2024-10-13T07:40:16.322+0000] {logging_mixin.py:190} INFO - [2024-10-13T07:40:16.322+0000] {dag.py:4180} INFO - Setting next_dagrun for example_subdag_operator.section-2 to None, run_after=None
[2024-10-13T07:40:16.339+0000] {processor.py:208} INFO - Processing /home/vboxuser/airflow_venv/lib/python3.12/site-packages/airflow/example_dags/example_subdag_operator.py took 0.074 seconds
[2024-10-13T07:41:30.148+0000] {processor.py:186} INFO - Started process (PID=17510) to work on /home/vboxuser/airflow_venv/lib/python3.12/site-packages/airflow/example_dags/example_subdag_operator.py
[2024-10-13T07:41:30.152+0000] {processor.py:914} INFO - Processing file /home/vboxuser/airflow_venv/lib/python3.12/site-packages/airflow/example_dags/example_subdag_operator.py for tasks to queue
[2024-10-13T07:41:30.154+0000] {logging_mixin.py:190} INFO - [2024-10-13T07:41:30.154+0000] {dagbag.py:588} INFO - Filling up the DagBag from /home/vboxuser/airflow_venv/lib/python3.12/site-packages/airflow/example_dags/example_subdag_operator.py
[2024-10-13T07:41:30.175+0000] {processor.py:925} INFO - DAG(s) 'example_subdag_operator.section-1', 'example_subdag_operator.section-2', 'example_subdag_operator' retrieved from /home/vboxuser/airflow_venv/lib/python3.12/site-packages/airflow/example_dags/example_subdag_operator.py
[2024-10-13T07:41:30.184+0000] {logging_mixin.py:190} INFO - [2024-10-13T07:41:30.184+0000] {dag.py:3239} INFO - Sync 3 DAGs
[2024-10-13T07:41:30.196+0000] {logging_mixin.py:190} INFO - [2024-10-13T07:41:30.196+0000] {dag.py:4180} INFO - Setting next_dagrun for example_subdag_operator to 2022-01-01 00:00:00+00:00, run_after=2022-01-01 00:00:00+00:00
[2024-10-13T07:41:30.198+0000] {logging_mixin.py:190} INFO - [2024-10-13T07:41:30.198+0000] {dag.py:4180} INFO - Setting next_dagrun for example_subdag_operator.section-1 to None, run_after=None
[2024-10-13T07:41:30.199+0000] {logging_mixin.py:190} INFO - [2024-10-13T07:41:30.199+0000] {dag.py:4180} INFO - Setting next_dagrun for example_subdag_operator.section-2 to None, run_after=None
[2024-10-13T07:41:30.202+0000] {logging_mixin.py:190} INFO - [2024-10-13T07:41:30.202+0000] {dag.py:3239} INFO - Sync 2 DAGs
[2024-10-13T07:41:30.205+0000] {logging_mixin.py:190} INFO - [2024-10-13T07:41:30.205+0000] {dag.py:4180} INFO - Setting next_dagrun for example_subdag_operator.section-1 to None, run_after=None
[2024-10-13T07:41:30.205+0000] {logging_mixin.py:190} INFO - [2024-10-13T07:41:30.205+0000] {dag.py:4180} INFO - Setting next_dagrun for example_subdag_operator.section-2 to None, run_after=None
[2024-10-13T07:41:30.220+0000] {processor.py:208} INFO - Processing /home/vboxuser/airflow_venv/lib/python3.12/site-packages/airflow/example_dags/example_subdag_operator.py took 0.076 seconds
[2024-10-13T07:42:22.959+0000] {processor.py:186} INFO - Started process (PID=17572) to work on /home/vboxuser/airflow_venv/lib/python3.12/site-packages/airflow/example_dags/example_subdag_operator.py
[2024-10-13T07:42:22.963+0000] {processor.py:914} INFO - Processing file /home/vboxuser/airflow_venv/lib/python3.12/site-packages/airflow/example_dags/example_subdag_operator.py for tasks to queue
[2024-10-13T07:42:22.965+0000] {logging_mixin.py:190} INFO - [2024-10-13T07:42:22.965+0000] {dagbag.py:588} INFO - Filling up the DagBag from /home/vboxuser/airflow_venv/lib/python3.12/site-packages/airflow/example_dags/example_subdag_operator.py
[2024-10-13T07:42:22.996+0000] {processor.py:925} INFO - DAG(s) 'example_subdag_operator.section-1', 'example_subdag_operator.section-2', 'example_subdag_operator' retrieved from /home/vboxuser/airflow_venv/lib/python3.12/site-packages/airflow/example_dags/example_subdag_operator.py
[2024-10-13T07:42:23.014+0000] {logging_mixin.py:190} INFO - [2024-10-13T07:42:23.014+0000] {dag.py:3239} INFO - Sync 3 DAGs
[2024-10-13T07:42:23.043+0000] {logging_mixin.py:190} INFO - [2024-10-13T07:42:23.043+0000] {dag.py:4180} INFO - Setting next_dagrun for example_subdag_operator to 2022-01-01 00:00:00+00:00, run_after=2022-01-01 00:00:00+00:00
[2024-10-13T07:42:23.058+0000] {logging_mixin.py:190} INFO - [2024-10-13T07:42:23.056+0000] {dag.py:4180} INFO - Setting next_dagrun for example_subdag_operator.section-1 to None, run_after=None
[2024-10-13T07:42:23.061+0000] {logging_mixin.py:190} INFO - [2024-10-13T07:42:23.061+0000] {dag.py:4180} INFO - Setting next_dagrun for example_subdag_operator.section-2 to None, run_after=None
[2024-10-13T07:42:23.068+0000] {logging_mixin.py:190} INFO - [2024-10-13T07:42:23.068+0000] {dag.py:3239} INFO - Sync 2 DAGs
[2024-10-13T07:42:23.076+0000] {logging_mixin.py:190} INFO - [2024-10-13T07:42:23.075+0000] {dag.py:4180} INFO - Setting next_dagrun for example_subdag_operator.section-1 to None, run_after=None
[2024-10-13T07:42:23.076+0000] {logging_mixin.py:190} INFO - [2024-10-13T07:42:23.076+0000] {dag.py:4180} INFO - Setting next_dagrun for example_subdag_operator.section-2 to None, run_after=None
[2024-10-13T07:42:23.129+0000] {processor.py:208} INFO - Processing /home/vboxuser/airflow_venv/lib/python3.12/site-packages/airflow/example_dags/example_subdag_operator.py took 0.175 seconds
