[2024-10-13T07:29:16.276+0000] {processor.py:186} INFO - Started process (PID=16185) to work on /home/vboxuser/airflow_venv/lib/python3.12/site-packages/airflow/example_dags/example_task_group.py
[2024-10-13T07:29:16.278+0000] {processor.py:914} INFO - Processing file /home/vboxuser/airflow_venv/lib/python3.12/site-packages/airflow/example_dags/example_task_group.py for tasks to queue
[2024-10-13T07:29:16.283+0000] {logging_mixin.py:190} INFO - [2024-10-13T07:29:16.283+0000] {dagbag.py:588} INFO - Filling up the DagBag from /home/vboxuser/airflow_venv/lib/python3.12/site-packages/airflow/example_dags/example_task_group.py
[2024-10-13T07:29:16.304+0000] {processor.py:925} INFO - DAG(s) 'example_task_group' retrieved from /home/vboxuser/airflow_venv/lib/python3.12/site-packages/airflow/example_dags/example_task_group.py
[2024-10-13T07:29:16.376+0000] {logging_mixin.py:190} INFO - [2024-10-13T07:29:16.375+0000] {dag.py:3239} INFO - Sync 1 DAGs
[2024-10-13T07:29:16.415+0000] {logging_mixin.py:190} INFO - [2024-10-13T07:29:16.412+0000] {dag.py:4180} INFO - Setting next_dagrun for example_task_group to None, run_after=None
[2024-10-13T07:29:16.552+0000] {processor.py:208} INFO - Processing /home/vboxuser/airflow_venv/lib/python3.12/site-packages/airflow/example_dags/example_task_group.py took 0.300 seconds
[2024-10-13T07:30:34.160+0000] {processor.py:186} INFO - Started process (PID=16309) to work on /home/vboxuser/airflow_venv/lib/python3.12/site-packages/airflow/example_dags/example_task_group.py
[2024-10-13T07:30:34.172+0000] {processor.py:914} INFO - Processing file /home/vboxuser/airflow_venv/lib/python3.12/site-packages/airflow/example_dags/example_task_group.py for tasks to queue
[2024-10-13T07:30:34.183+0000] {logging_mixin.py:190} INFO - [2024-10-13T07:30:34.181+0000] {dagbag.py:588} INFO - Filling up the DagBag from /home/vboxuser/airflow_venv/lib/python3.12/site-packages/airflow/example_dags/example_task_group.py
[2024-10-13T07:30:34.208+0000] {processor.py:925} INFO - DAG(s) 'example_task_group' retrieved from /home/vboxuser/airflow_venv/lib/python3.12/site-packages/airflow/example_dags/example_task_group.py
[2024-10-13T07:30:34.227+0000] {logging_mixin.py:190} INFO - [2024-10-13T07:30:34.227+0000] {dag.py:3239} INFO - Sync 1 DAGs
[2024-10-13T07:30:34.238+0000] {logging_mixin.py:190} INFO - [2024-10-13T07:30:34.238+0000] {dag.py:4180} INFO - Setting next_dagrun for example_task_group to None, run_after=None
[2024-10-13T07:30:34.257+0000] {processor.py:208} INFO - Processing /home/vboxuser/airflow_venv/lib/python3.12/site-packages/airflow/example_dags/example_task_group.py took 0.106 seconds
[2024-10-13T07:31:39.319+0000] {processor.py:186} INFO - Started process (PID=16406) to work on /home/vboxuser/airflow_venv/lib/python3.12/site-packages/airflow/example_dags/example_task_group.py
[2024-10-13T07:31:39.324+0000] {processor.py:914} INFO - Processing file /home/vboxuser/airflow_venv/lib/python3.12/site-packages/airflow/example_dags/example_task_group.py for tasks to queue
[2024-10-13T07:31:39.326+0000] {logging_mixin.py:190} INFO - [2024-10-13T07:31:39.326+0000] {dagbag.py:588} INFO - Filling up the DagBag from /home/vboxuser/airflow_venv/lib/python3.12/site-packages/airflow/example_dags/example_task_group.py
[2024-10-13T07:31:39.341+0000] {processor.py:925} INFO - DAG(s) 'example_task_group' retrieved from /home/vboxuser/airflow_venv/lib/python3.12/site-packages/airflow/example_dags/example_task_group.py
[2024-10-13T07:31:39.363+0000] {logging_mixin.py:190} INFO - [2024-10-13T07:31:39.363+0000] {dag.py:3239} INFO - Sync 1 DAGs
[2024-10-13T07:31:39.396+0000] {logging_mixin.py:190} INFO - [2024-10-13T07:31:39.396+0000] {dag.py:4180} INFO - Setting next_dagrun for example_task_group to None, run_after=None
[2024-10-13T07:31:39.462+0000] {processor.py:208} INFO - Processing /home/vboxuser/airflow_venv/lib/python3.12/site-packages/airflow/example_dags/example_task_group.py took 0.153 seconds
[2024-10-13T07:32:47.411+0000] {processor.py:186} INFO - Started process (PID=16625) to work on /home/vboxuser/airflow_venv/lib/python3.12/site-packages/airflow/example_dags/example_task_group.py
[2024-10-13T07:32:47.412+0000] {processor.py:914} INFO - Processing file /home/vboxuser/airflow_venv/lib/python3.12/site-packages/airflow/example_dags/example_task_group.py for tasks to queue
[2024-10-13T07:32:47.414+0000] {logging_mixin.py:190} INFO - [2024-10-13T07:32:47.414+0000] {dagbag.py:588} INFO - Filling up the DagBag from /home/vboxuser/airflow_venv/lib/python3.12/site-packages/airflow/example_dags/example_task_group.py
[2024-10-13T07:32:47.422+0000] {processor.py:925} INFO - DAG(s) 'example_task_group' retrieved from /home/vboxuser/airflow_venv/lib/python3.12/site-packages/airflow/example_dags/example_task_group.py
[2024-10-13T07:32:47.434+0000] {logging_mixin.py:190} INFO - [2024-10-13T07:32:47.434+0000] {dag.py:3239} INFO - Sync 1 DAGs
[2024-10-13T07:32:47.442+0000] {logging_mixin.py:190} INFO - [2024-10-13T07:32:47.442+0000] {dag.py:4180} INFO - Setting next_dagrun for example_task_group to None, run_after=None
[2024-10-13T07:32:47.462+0000] {processor.py:208} INFO - Processing /home/vboxuser/airflow_venv/lib/python3.12/site-packages/airflow/example_dags/example_task_group.py took 0.055 seconds
[2024-10-13T07:33:50.552+0000] {processor.py:186} INFO - Started process (PID=16758) to work on /home/vboxuser/airflow_venv/lib/python3.12/site-packages/airflow/example_dags/example_task_group.py
[2024-10-13T07:33:50.553+0000] {processor.py:914} INFO - Processing file /home/vboxuser/airflow_venv/lib/python3.12/site-packages/airflow/example_dags/example_task_group.py for tasks to queue
[2024-10-13T07:33:50.554+0000] {logging_mixin.py:190} INFO - [2024-10-13T07:33:50.554+0000] {dagbag.py:588} INFO - Filling up the DagBag from /home/vboxuser/airflow_venv/lib/python3.12/site-packages/airflow/example_dags/example_task_group.py
[2024-10-13T07:33:50.560+0000] {processor.py:925} INFO - DAG(s) 'example_task_group' retrieved from /home/vboxuser/airflow_venv/lib/python3.12/site-packages/airflow/example_dags/example_task_group.py
[2024-10-13T07:33:50.571+0000] {logging_mixin.py:190} INFO - [2024-10-13T07:33:50.571+0000] {dag.py:3239} INFO - Sync 1 DAGs
[2024-10-13T07:33:50.579+0000] {logging_mixin.py:190} INFO - [2024-10-13T07:33:50.579+0000] {dag.py:4180} INFO - Setting next_dagrun for example_task_group to None, run_after=None
[2024-10-13T07:33:50.603+0000] {processor.py:208} INFO - Processing /home/vboxuser/airflow_venv/lib/python3.12/site-packages/airflow/example_dags/example_task_group.py took 0.055 seconds
[2024-10-13T07:34:44.937+0000] {processor.py:186} INFO - Started process (PID=16943) to work on /home/vboxuser/airflow_venv/lib/python3.12/site-packages/airflow/example_dags/example_task_group.py
[2024-10-13T07:34:44.939+0000] {processor.py:914} INFO - Processing file /home/vboxuser/airflow_venv/lib/python3.12/site-packages/airflow/example_dags/example_task_group.py for tasks to queue
[2024-10-13T07:34:44.941+0000] {logging_mixin.py:190} INFO - [2024-10-13T07:34:44.941+0000] {dagbag.py:588} INFO - Filling up the DagBag from /home/vboxuser/airflow_venv/lib/python3.12/site-packages/airflow/example_dags/example_task_group.py
[2024-10-13T07:34:44.951+0000] {processor.py:925} INFO - DAG(s) 'example_task_group' retrieved from /home/vboxuser/airflow_venv/lib/python3.12/site-packages/airflow/example_dags/example_task_group.py
[2024-10-13T07:34:44.968+0000] {logging_mixin.py:190} INFO - [2024-10-13T07:34:44.967+0000] {dag.py:3239} INFO - Sync 1 DAGs
[2024-10-13T07:34:44.979+0000] {logging_mixin.py:190} INFO - [2024-10-13T07:34:44.978+0000] {dag.py:4180} INFO - Setting next_dagrun for example_task_group to None, run_after=None
[2024-10-13T07:34:45.007+0000] {processor.py:208} INFO - Processing /home/vboxuser/airflow_venv/lib/python3.12/site-packages/airflow/example_dags/example_task_group.py took 0.075 seconds
[2024-10-13T07:35:37.241+0000] {processor.py:186} INFO - Started process (PID=17006) to work on /home/vboxuser/airflow_venv/lib/python3.12/site-packages/airflow/example_dags/example_task_group.py
[2024-10-13T07:35:37.242+0000] {processor.py:914} INFO - Processing file /home/vboxuser/airflow_venv/lib/python3.12/site-packages/airflow/example_dags/example_task_group.py for tasks to queue
[2024-10-13T07:35:37.244+0000] {logging_mixin.py:190} INFO - [2024-10-13T07:35:37.243+0000] {dagbag.py:588} INFO - Filling up the DagBag from /home/vboxuser/airflow_venv/lib/python3.12/site-packages/airflow/example_dags/example_task_group.py
[2024-10-13T07:35:37.250+0000] {processor.py:925} INFO - DAG(s) 'example_task_group' retrieved from /home/vboxuser/airflow_venv/lib/python3.12/site-packages/airflow/example_dags/example_task_group.py
[2024-10-13T07:35:37.264+0000] {logging_mixin.py:190} INFO - [2024-10-13T07:35:37.263+0000] {dag.py:3239} INFO - Sync 1 DAGs
[2024-10-13T07:35:37.272+0000] {logging_mixin.py:190} INFO - [2024-10-13T07:35:37.272+0000] {dag.py:4180} INFO - Setting next_dagrun for example_task_group to None, run_after=None
[2024-10-13T07:35:37.295+0000] {processor.py:208} INFO - Processing /home/vboxuser/airflow_venv/lib/python3.12/site-packages/airflow/example_dags/example_task_group.py took 0.058 seconds
[2024-10-13T07:36:28.588+0000] {processor.py:186} INFO - Started process (PID=17073) to work on /home/vboxuser/airflow_venv/lib/python3.12/site-packages/airflow/example_dags/example_task_group.py
[2024-10-13T07:36:28.590+0000] {processor.py:914} INFO - Processing file /home/vboxuser/airflow_venv/lib/python3.12/site-packages/airflow/example_dags/example_task_group.py for tasks to queue
[2024-10-13T07:36:28.593+0000] {logging_mixin.py:190} INFO - [2024-10-13T07:36:28.593+0000] {dagbag.py:588} INFO - Filling up the DagBag from /home/vboxuser/airflow_venv/lib/python3.12/site-packages/airflow/example_dags/example_task_group.py
[2024-10-13T07:36:28.630+0000] {processor.py:925} INFO - DAG(s) 'example_task_group' retrieved from /home/vboxuser/airflow_venv/lib/python3.12/site-packages/airflow/example_dags/example_task_group.py
[2024-10-13T07:36:28.686+0000] {logging_mixin.py:190} INFO - [2024-10-13T07:36:28.686+0000] {dag.py:3239} INFO - Sync 1 DAGs
[2024-10-13T07:36:28.709+0000] {logging_mixin.py:190} INFO - [2024-10-13T07:36:28.709+0000] {dag.py:4180} INFO - Setting next_dagrun for example_task_group to None, run_after=None
[2024-10-13T07:36:28.807+0000] {processor.py:208} INFO - Processing /home/vboxuser/airflow_venv/lib/python3.12/site-packages/airflow/example_dags/example_task_group.py took 0.228 seconds
[2024-10-13T07:37:37.532+0000] {processor.py:186} INFO - Started process (PID=17153) to work on /home/vboxuser/airflow_venv/lib/python3.12/site-packages/airflow/example_dags/example_task_group.py
[2024-10-13T07:37:37.534+0000] {processor.py:914} INFO - Processing file /home/vboxuser/airflow_venv/lib/python3.12/site-packages/airflow/example_dags/example_task_group.py for tasks to queue
[2024-10-13T07:37:37.535+0000] {logging_mixin.py:190} INFO - [2024-10-13T07:37:37.535+0000] {dagbag.py:588} INFO - Filling up the DagBag from /home/vboxuser/airflow_venv/lib/python3.12/site-packages/airflow/example_dags/example_task_group.py
[2024-10-13T07:37:37.541+0000] {processor.py:925} INFO - DAG(s) 'example_task_group' retrieved from /home/vboxuser/airflow_venv/lib/python3.12/site-packages/airflow/example_dags/example_task_group.py
[2024-10-13T07:37:37.552+0000] {logging_mixin.py:190} INFO - [2024-10-13T07:37:37.552+0000] {dag.py:3239} INFO - Sync 1 DAGs
[2024-10-13T07:37:37.560+0000] {logging_mixin.py:190} INFO - [2024-10-13T07:37:37.559+0000] {dag.py:4180} INFO - Setting next_dagrun for example_task_group to None, run_after=None
[2024-10-13T07:37:37.581+0000] {processor.py:208} INFO - Processing /home/vboxuser/airflow_venv/lib/python3.12/site-packages/airflow/example_dags/example_task_group.py took 0.052 seconds
[2024-10-13T07:38:28.966+0000] {processor.py:186} INFO - Started process (PID=17237) to work on /home/vboxuser/airflow_venv/lib/python3.12/site-packages/airflow/example_dags/example_task_group.py
[2024-10-13T07:38:28.968+0000] {processor.py:914} INFO - Processing file /home/vboxuser/airflow_venv/lib/python3.12/site-packages/airflow/example_dags/example_task_group.py for tasks to queue
[2024-10-13T07:38:28.970+0000] {logging_mixin.py:190} INFO - [2024-10-13T07:38:28.969+0000] {dagbag.py:588} INFO - Filling up the DagBag from /home/vboxuser/airflow_venv/lib/python3.12/site-packages/airflow/example_dags/example_task_group.py
[2024-10-13T07:38:28.977+0000] {processor.py:925} INFO - DAG(s) 'example_task_group' retrieved from /home/vboxuser/airflow_venv/lib/python3.12/site-packages/airflow/example_dags/example_task_group.py
[2024-10-13T07:38:28.989+0000] {logging_mixin.py:190} INFO - [2024-10-13T07:38:28.989+0000] {dag.py:3239} INFO - Sync 1 DAGs
[2024-10-13T07:38:28.997+0000] {logging_mixin.py:190} INFO - [2024-10-13T07:38:28.997+0000] {dag.py:4180} INFO - Setting next_dagrun for example_task_group to None, run_after=None
[2024-10-13T07:38:29.019+0000] {processor.py:208} INFO - Processing /home/vboxuser/airflow_venv/lib/python3.12/site-packages/airflow/example_dags/example_task_group.py took 0.057 seconds
[2024-10-13T07:39:17.709+0000] {processor.py:186} INFO - Started process (PID=17313) to work on /home/vboxuser/airflow_venv/lib/python3.12/site-packages/airflow/example_dags/example_task_group.py
[2024-10-13T07:39:17.711+0000] {processor.py:914} INFO - Processing file /home/vboxuser/airflow_venv/lib/python3.12/site-packages/airflow/example_dags/example_task_group.py for tasks to queue
[2024-10-13T07:39:17.713+0000] {logging_mixin.py:190} INFO - [2024-10-13T07:39:17.712+0000] {dagbag.py:588} INFO - Filling up the DagBag from /home/vboxuser/airflow_venv/lib/python3.12/site-packages/airflow/example_dags/example_task_group.py
[2024-10-13T07:39:17.720+0000] {processor.py:925} INFO - DAG(s) 'example_task_group' retrieved from /home/vboxuser/airflow_venv/lib/python3.12/site-packages/airflow/example_dags/example_task_group.py
[2024-10-13T07:39:17.732+0000] {logging_mixin.py:190} INFO - [2024-10-13T07:39:17.732+0000] {dag.py:3239} INFO - Sync 1 DAGs
[2024-10-13T07:39:17.740+0000] {logging_mixin.py:190} INFO - [2024-10-13T07:39:17.740+0000] {dag.py:4180} INFO - Setting next_dagrun for example_task_group to None, run_after=None
[2024-10-13T07:39:17.761+0000] {processor.py:208} INFO - Processing /home/vboxuser/airflow_venv/lib/python3.12/site-packages/airflow/example_dags/example_task_group.py took 0.056 seconds
[2024-10-13T07:40:09.107+0000] {processor.py:186} INFO - Started process (PID=17416) to work on /home/vboxuser/airflow_venv/lib/python3.12/site-packages/airflow/example_dags/example_task_group.py
[2024-10-13T07:40:09.108+0000] {processor.py:914} INFO - Processing file /home/vboxuser/airflow_venv/lib/python3.12/site-packages/airflow/example_dags/example_task_group.py for tasks to queue
[2024-10-13T07:40:09.110+0000] {logging_mixin.py:190} INFO - [2024-10-13T07:40:09.110+0000] {dagbag.py:588} INFO - Filling up the DagBag from /home/vboxuser/airflow_venv/lib/python3.12/site-packages/airflow/example_dags/example_task_group.py
[2024-10-13T07:40:09.127+0000] {processor.py:925} INFO - DAG(s) 'example_task_group' retrieved from /home/vboxuser/airflow_venv/lib/python3.12/site-packages/airflow/example_dags/example_task_group.py
[2024-10-13T07:40:09.142+0000] {logging_mixin.py:190} INFO - [2024-10-13T07:40:09.142+0000] {dag.py:3239} INFO - Sync 1 DAGs
[2024-10-13T07:40:09.151+0000] {logging_mixin.py:190} INFO - [2024-10-13T07:40:09.151+0000] {dag.py:4180} INFO - Setting next_dagrun for example_task_group to None, run_after=None
[2024-10-13T07:40:09.173+0000] {processor.py:208} INFO - Processing /home/vboxuser/airflow_venv/lib/python3.12/site-packages/airflow/example_dags/example_task_group.py took 0.072 seconds
[2024-10-13T07:40:59.235+0000] {processor.py:186} INFO - Started process (PID=17475) to work on /home/vboxuser/airflow_venv/lib/python3.12/site-packages/airflow/example_dags/example_task_group.py
[2024-10-13T07:40:59.237+0000] {processor.py:914} INFO - Processing file /home/vboxuser/airflow_venv/lib/python3.12/site-packages/airflow/example_dags/example_task_group.py for tasks to queue
[2024-10-13T07:40:59.240+0000] {logging_mixin.py:190} INFO - [2024-10-13T07:40:59.239+0000] {dagbag.py:588} INFO - Filling up the DagBag from /home/vboxuser/airflow_venv/lib/python3.12/site-packages/airflow/example_dags/example_task_group.py
[2024-10-13T07:40:59.258+0000] {processor.py:925} INFO - DAG(s) 'example_task_group' retrieved from /home/vboxuser/airflow_venv/lib/python3.12/site-packages/airflow/example_dags/example_task_group.py
[2024-10-13T07:40:59.285+0000] {logging_mixin.py:190} INFO - [2024-10-13T07:40:59.285+0000] {dag.py:3239} INFO - Sync 1 DAGs
[2024-10-13T07:40:59.299+0000] {logging_mixin.py:190} INFO - [2024-10-13T07:40:59.299+0000] {dag.py:4180} INFO - Setting next_dagrun for example_task_group to None, run_after=None
[2024-10-13T07:40:59.321+0000] {processor.py:208} INFO - Processing /home/vboxuser/airflow_venv/lib/python3.12/site-packages/airflow/example_dags/example_task_group.py took 0.093 seconds
[2024-10-13T07:41:50.563+0000] {processor.py:186} INFO - Started process (PID=17536) to work on /home/vboxuser/airflow_venv/lib/python3.12/site-packages/airflow/example_dags/example_task_group.py
[2024-10-13T07:41:50.568+0000] {processor.py:914} INFO - Processing file /home/vboxuser/airflow_venv/lib/python3.12/site-packages/airflow/example_dags/example_task_group.py for tasks to queue
[2024-10-13T07:41:50.570+0000] {logging_mixin.py:190} INFO - [2024-10-13T07:41:50.570+0000] {dagbag.py:588} INFO - Filling up the DagBag from /home/vboxuser/airflow_venv/lib/python3.12/site-packages/airflow/example_dags/example_task_group.py
[2024-10-13T07:41:50.577+0000] {processor.py:925} INFO - DAG(s) 'example_task_group' retrieved from /home/vboxuser/airflow_venv/lib/python3.12/site-packages/airflow/example_dags/example_task_group.py
[2024-10-13T07:41:50.590+0000] {logging_mixin.py:190} INFO - [2024-10-13T07:41:50.590+0000] {dag.py:3239} INFO - Sync 1 DAGs
[2024-10-13T07:41:50.599+0000] {logging_mixin.py:190} INFO - [2024-10-13T07:41:50.599+0000] {dag.py:4180} INFO - Setting next_dagrun for example_task_group to None, run_after=None
[2024-10-13T07:41:50.618+0000] {processor.py:208} INFO - Processing /home/vboxuser/airflow_venv/lib/python3.12/site-packages/airflow/example_dags/example_task_group.py took 0.059 seconds
[2024-10-13T07:42:42.010+0000] {processor.py:186} INFO - Started process (PID=17599) to work on /home/vboxuser/airflow_venv/lib/python3.12/site-packages/airflow/example_dags/example_task_group.py
[2024-10-13T07:42:42.015+0000] {processor.py:914} INFO - Processing file /home/vboxuser/airflow_venv/lib/python3.12/site-packages/airflow/example_dags/example_task_group.py for tasks to queue
[2024-10-13T07:42:42.016+0000] {logging_mixin.py:190} INFO - [2024-10-13T07:42:42.016+0000] {dagbag.py:588} INFO - Filling up the DagBag from /home/vboxuser/airflow_venv/lib/python3.12/site-packages/airflow/example_dags/example_task_group.py
[2024-10-13T07:42:42.022+0000] {processor.py:925} INFO - DAG(s) 'example_task_group' retrieved from /home/vboxuser/airflow_venv/lib/python3.12/site-packages/airflow/example_dags/example_task_group.py
[2024-10-13T07:42:42.033+0000] {logging_mixin.py:190} INFO - [2024-10-13T07:42:42.033+0000] {dag.py:3239} INFO - Sync 1 DAGs
[2024-10-13T07:42:42.041+0000] {logging_mixin.py:190} INFO - [2024-10-13T07:42:42.041+0000] {dag.py:4180} INFO - Setting next_dagrun for example_task_group to None, run_after=None
[2024-10-13T07:42:42.062+0000] {processor.py:208} INFO - Processing /home/vboxuser/airflow_venv/lib/python3.12/site-packages/airflow/example_dags/example_task_group.py took 0.055 seconds
