[2024-10-13T07:28:47.508+0000] {processor.py:186} INFO - Started process (PID=16008) to work on /home/vboxuser/airflow_venv/lib/python3.12/site-packages/airflow/example_dags/example_sensors.py
[2024-10-13T07:28:47.509+0000] {processor.py:914} INFO - Processing file /home/vboxuser/airflow_venv/lib/python3.12/site-packages/airflow/example_dags/example_sensors.py for tasks to queue
[2024-10-13T07:28:47.512+0000] {logging_mixin.py:190} INFO - [2024-10-13T07:28:47.511+0000] {dagbag.py:588} INFO - Filling up the DagBag from /home/vboxuser/airflow_venv/lib/python3.12/site-packages/airflow/example_dags/example_sensors.py
[2024-10-13T07:28:47.525+0000] {processor.py:925} INFO - DAG(s) 'example_sensors' retrieved from /home/vboxuser/airflow_venv/lib/python3.12/site-packages/airflow/example_dags/example_sensors.py
[2024-10-13T07:28:47.650+0000] {logging_mixin.py:190} INFO - [2024-10-13T07:28:47.650+0000] {dag.py:3239} INFO - Sync 1 DAGs
[2024-10-13T07:28:47.688+0000] {logging_mixin.py:190} INFO - [2024-10-13T07:28:47.688+0000] {dag.py:4180} INFO - Setting next_dagrun for example_sensors to None, run_after=None
[2024-10-13T07:28:47.727+0000] {processor.py:208} INFO - Processing /home/vboxuser/airflow_venv/lib/python3.12/site-packages/airflow/example_dags/example_sensors.py took 0.230 seconds
[2024-10-13T07:29:46.144+0000] {processor.py:186} INFO - Started process (PID=16224) to work on /home/vboxuser/airflow_venv/lib/python3.12/site-packages/airflow/example_dags/example_sensors.py
[2024-10-13T07:29:46.159+0000] {processor.py:914} INFO - Processing file /home/vboxuser/airflow_venv/lib/python3.12/site-packages/airflow/example_dags/example_sensors.py for tasks to queue
[2024-10-13T07:29:46.165+0000] {logging_mixin.py:190} INFO - [2024-10-13T07:29:46.164+0000] {dagbag.py:588} INFO - Filling up the DagBag from /home/vboxuser/airflow_venv/lib/python3.12/site-packages/airflow/example_dags/example_sensors.py
[2024-10-13T07:29:46.213+0000] {processor.py:925} INFO - DAG(s) 'example_sensors' retrieved from /home/vboxuser/airflow_venv/lib/python3.12/site-packages/airflow/example_dags/example_sensors.py
[2024-10-13T07:29:46.280+0000] {logging_mixin.py:190} INFO - [2024-10-13T07:29:46.279+0000] {dag.py:3239} INFO - Sync 1 DAGs
[2024-10-13T07:29:46.343+0000] {logging_mixin.py:190} INFO - [2024-10-13T07:29:46.335+0000] {dag.py:4180} INFO - Setting next_dagrun for example_sensors to None, run_after=None
[2024-10-13T07:29:46.530+0000] {processor.py:208} INFO - Processing /home/vboxuser/airflow_venv/lib/python3.12/site-packages/airflow/example_dags/example_sensors.py took 0.467 seconds
[2024-10-13T07:30:54.206+0000] {processor.py:186} INFO - Started process (PID=16341) to work on /home/vboxuser/airflow_venv/lib/python3.12/site-packages/airflow/example_dags/example_sensors.py
[2024-10-13T07:30:54.209+0000] {processor.py:914} INFO - Processing file /home/vboxuser/airflow_venv/lib/python3.12/site-packages/airflow/example_dags/example_sensors.py for tasks to queue
[2024-10-13T07:30:54.211+0000] {logging_mixin.py:190} INFO - [2024-10-13T07:30:54.211+0000] {dagbag.py:588} INFO - Filling up the DagBag from /home/vboxuser/airflow_venv/lib/python3.12/site-packages/airflow/example_dags/example_sensors.py
[2024-10-13T07:30:54.222+0000] {processor.py:925} INFO - DAG(s) 'example_sensors' retrieved from /home/vboxuser/airflow_venv/lib/python3.12/site-packages/airflow/example_dags/example_sensors.py
[2024-10-13T07:30:54.242+0000] {logging_mixin.py:190} INFO - [2024-10-13T07:30:54.241+0000] {dag.py:3239} INFO - Sync 1 DAGs
[2024-10-13T07:30:54.251+0000] {logging_mixin.py:190} INFO - [2024-10-13T07:30:54.251+0000] {dag.py:4180} INFO - Setting next_dagrun for example_sensors to None, run_after=None
[2024-10-13T07:30:54.270+0000] {processor.py:208} INFO - Processing /home/vboxuser/airflow_venv/lib/python3.12/site-packages/airflow/example_dags/example_sensors.py took 0.070 seconds
[2024-10-13T07:32:05.923+0000] {processor.py:186} INFO - Started process (PID=16460) to work on /home/vboxuser/airflow_venv/lib/python3.12/site-packages/airflow/example_dags/example_sensors.py
[2024-10-13T07:32:05.927+0000] {processor.py:914} INFO - Processing file /home/vboxuser/airflow_venv/lib/python3.12/site-packages/airflow/example_dags/example_sensors.py for tasks to queue
[2024-10-13T07:32:05.929+0000] {logging_mixin.py:190} INFO - [2024-10-13T07:32:05.928+0000] {dagbag.py:588} INFO - Filling up the DagBag from /home/vboxuser/airflow_venv/lib/python3.12/site-packages/airflow/example_dags/example_sensors.py
[2024-10-13T07:32:05.936+0000] {processor.py:925} INFO - DAG(s) 'example_sensors' retrieved from /home/vboxuser/airflow_venv/lib/python3.12/site-packages/airflow/example_dags/example_sensors.py
[2024-10-13T07:32:05.949+0000] {logging_mixin.py:190} INFO - [2024-10-13T07:32:05.949+0000] {dag.py:3239} INFO - Sync 1 DAGs
[2024-10-13T07:32:05.957+0000] {logging_mixin.py:190} INFO - [2024-10-13T07:32:05.957+0000] {dag.py:4180} INFO - Setting next_dagrun for example_sensors to None, run_after=None
[2024-10-13T07:32:05.978+0000] {processor.py:208} INFO - Processing /home/vboxuser/airflow_venv/lib/python3.12/site-packages/airflow/example_dags/example_sensors.py took 0.060 seconds
[2024-10-13T07:33:06.509+0000] {processor.py:186} INFO - Started process (PID=16685) to work on /home/vboxuser/airflow_venv/lib/python3.12/site-packages/airflow/example_dags/example_sensors.py
[2024-10-13T07:33:06.514+0000] {processor.py:914} INFO - Processing file /home/vboxuser/airflow_venv/lib/python3.12/site-packages/airflow/example_dags/example_sensors.py for tasks to queue
[2024-10-13T07:33:06.519+0000] {logging_mixin.py:190} INFO - [2024-10-13T07:33:06.518+0000] {dagbag.py:588} INFO - Filling up the DagBag from /home/vboxuser/airflow_venv/lib/python3.12/site-packages/airflow/example_dags/example_sensors.py
[2024-10-13T07:33:06.540+0000] {processor.py:925} INFO - DAG(s) 'example_sensors' retrieved from /home/vboxuser/airflow_venv/lib/python3.12/site-packages/airflow/example_dags/example_sensors.py
[2024-10-13T07:33:06.606+0000] {logging_mixin.py:190} INFO - [2024-10-13T07:33:06.606+0000] {dag.py:3239} INFO - Sync 1 DAGs
[2024-10-13T07:33:06.629+0000] {logging_mixin.py:190} INFO - [2024-10-13T07:33:06.629+0000] {dag.py:4180} INFO - Setting next_dagrun for example_sensors to None, run_after=None
[2024-10-13T07:33:06.688+0000] {processor.py:208} INFO - Processing /home/vboxuser/airflow_venv/lib/python3.12/site-packages/airflow/example_dags/example_sensors.py took 0.186 seconds
[2024-10-13T07:34:04.662+0000] {processor.py:186} INFO - Started process (PID=16893) to work on /home/vboxuser/airflow_venv/lib/python3.12/site-packages/airflow/example_dags/example_sensors.py
[2024-10-13T07:34:04.663+0000] {processor.py:914} INFO - Processing file /home/vboxuser/airflow_venv/lib/python3.12/site-packages/airflow/example_dags/example_sensors.py for tasks to queue
[2024-10-13T07:34:04.665+0000] {logging_mixin.py:190} INFO - [2024-10-13T07:34:04.665+0000] {dagbag.py:588} INFO - Filling up the DagBag from /home/vboxuser/airflow_venv/lib/python3.12/site-packages/airflow/example_dags/example_sensors.py
[2024-10-13T07:34:04.676+0000] {processor.py:925} INFO - DAG(s) 'example_sensors' retrieved from /home/vboxuser/airflow_venv/lib/python3.12/site-packages/airflow/example_dags/example_sensors.py
[2024-10-13T07:34:04.693+0000] {logging_mixin.py:190} INFO - [2024-10-13T07:34:04.693+0000] {dag.py:3239} INFO - Sync 1 DAGs
[2024-10-13T07:34:04.701+0000] {logging_mixin.py:190} INFO - [2024-10-13T07:34:04.701+0000] {dag.py:4180} INFO - Setting next_dagrun for example_sensors to None, run_after=None
[2024-10-13T07:34:04.722+0000] {processor.py:208} INFO - Processing /home/vboxuser/airflow_venv/lib/python3.12/site-packages/airflow/example_dags/example_sensors.py took 0.066 seconds
[2024-10-13T07:34:56.131+0000] {processor.py:186} INFO - Started process (PID=16960) to work on /home/vboxuser/airflow_venv/lib/python3.12/site-packages/airflow/example_dags/example_sensors.py
[2024-10-13T07:34:56.133+0000] {processor.py:914} INFO - Processing file /home/vboxuser/airflow_venv/lib/python3.12/site-packages/airflow/example_dags/example_sensors.py for tasks to queue
[2024-10-13T07:34:56.134+0000] {logging_mixin.py:190} INFO - [2024-10-13T07:34:56.134+0000] {dagbag.py:588} INFO - Filling up the DagBag from /home/vboxuser/airflow_venv/lib/python3.12/site-packages/airflow/example_dags/example_sensors.py
[2024-10-13T07:34:56.142+0000] {processor.py:925} INFO - DAG(s) 'example_sensors' retrieved from /home/vboxuser/airflow_venv/lib/python3.12/site-packages/airflow/example_dags/example_sensors.py
[2024-10-13T07:34:56.159+0000] {logging_mixin.py:190} INFO - [2024-10-13T07:34:56.158+0000] {dag.py:3239} INFO - Sync 1 DAGs
[2024-10-13T07:34:56.167+0000] {logging_mixin.py:190} INFO - [2024-10-13T07:34:56.166+0000] {dag.py:4180} INFO - Setting next_dagrun for example_sensors to None, run_after=None
[2024-10-13T07:34:56.190+0000] {processor.py:208} INFO - Processing /home/vboxuser/airflow_venv/lib/python3.12/site-packages/airflow/example_dags/example_sensors.py took 0.063 seconds
[2024-10-13T07:35:47.976+0000] {processor.py:186} INFO - Started process (PID=17023) to work on /home/vboxuser/airflow_venv/lib/python3.12/site-packages/airflow/example_dags/example_sensors.py
[2024-10-13T07:35:47.977+0000] {processor.py:914} INFO - Processing file /home/vboxuser/airflow_venv/lib/python3.12/site-packages/airflow/example_dags/example_sensors.py for tasks to queue
[2024-10-13T07:35:47.979+0000] {logging_mixin.py:190} INFO - [2024-10-13T07:35:47.979+0000] {dagbag.py:588} INFO - Filling up the DagBag from /home/vboxuser/airflow_venv/lib/python3.12/site-packages/airflow/example_dags/example_sensors.py
[2024-10-13T07:35:47.987+0000] {processor.py:925} INFO - DAG(s) 'example_sensors' retrieved from /home/vboxuser/airflow_venv/lib/python3.12/site-packages/airflow/example_dags/example_sensors.py
[2024-10-13T07:35:48.000+0000] {logging_mixin.py:190} INFO - [2024-10-13T07:35:48.000+0000] {dag.py:3239} INFO - Sync 1 DAGs
[2024-10-13T07:35:48.008+0000] {logging_mixin.py:190} INFO - [2024-10-13T07:35:48.007+0000] {dag.py:4180} INFO - Setting next_dagrun for example_sensors to None, run_after=None
[2024-10-13T07:35:48.029+0000] {processor.py:208} INFO - Processing /home/vboxuser/airflow_venv/lib/python3.12/site-packages/airflow/example_dags/example_sensors.py took 0.057 seconds
[2024-10-13T07:36:38.173+0000] {processor.py:186} INFO - Started process (PID=17083) to work on /home/vboxuser/airflow_venv/lib/python3.12/site-packages/airflow/example_dags/example_sensors.py
[2024-10-13T07:36:38.174+0000] {processor.py:914} INFO - Processing file /home/vboxuser/airflow_venv/lib/python3.12/site-packages/airflow/example_dags/example_sensors.py for tasks to queue
[2024-10-13T07:36:38.176+0000] {logging_mixin.py:190} INFO - [2024-10-13T07:36:38.176+0000] {dagbag.py:588} INFO - Filling up the DagBag from /home/vboxuser/airflow_venv/lib/python3.12/site-packages/airflow/example_dags/example_sensors.py
[2024-10-13T07:36:38.188+0000] {processor.py:925} INFO - DAG(s) 'example_sensors' retrieved from /home/vboxuser/airflow_venv/lib/python3.12/site-packages/airflow/example_dags/example_sensors.py
[2024-10-13T07:36:38.201+0000] {logging_mixin.py:190} INFO - [2024-10-13T07:36:38.201+0000] {dag.py:3239} INFO - Sync 1 DAGs
[2024-10-13T07:36:38.209+0000] {logging_mixin.py:190} INFO - [2024-10-13T07:36:38.209+0000] {dag.py:4180} INFO - Setting next_dagrun for example_sensors to None, run_after=None
[2024-10-13T07:36:38.230+0000] {processor.py:208} INFO - Processing /home/vboxuser/airflow_venv/lib/python3.12/site-packages/airflow/example_dags/example_sensors.py took 0.061 seconds
[2024-10-13T07:37:29.587+0000] {processor.py:186} INFO - Started process (PID=17143) to work on /home/vboxuser/airflow_venv/lib/python3.12/site-packages/airflow/example_dags/example_sensors.py
[2024-10-13T07:37:29.588+0000] {processor.py:914} INFO - Processing file /home/vboxuser/airflow_venv/lib/python3.12/site-packages/airflow/example_dags/example_sensors.py for tasks to queue
[2024-10-13T07:37:29.590+0000] {logging_mixin.py:190} INFO - [2024-10-13T07:37:29.590+0000] {dagbag.py:588} INFO - Filling up the DagBag from /home/vboxuser/airflow_venv/lib/python3.12/site-packages/airflow/example_dags/example_sensors.py
[2024-10-13T07:37:29.598+0000] {processor.py:925} INFO - DAG(s) 'example_sensors' retrieved from /home/vboxuser/airflow_venv/lib/python3.12/site-packages/airflow/example_dags/example_sensors.py
[2024-10-13T07:37:29.612+0000] {logging_mixin.py:190} INFO - [2024-10-13T07:37:29.612+0000] {dag.py:3239} INFO - Sync 1 DAGs
[2024-10-13T07:37:29.622+0000] {logging_mixin.py:190} INFO - [2024-10-13T07:37:29.622+0000] {dag.py:4180} INFO - Setting next_dagrun for example_sensors to None, run_after=None
[2024-10-13T07:37:29.647+0000] {processor.py:208} INFO - Processing /home/vboxuser/airflow_venv/lib/python3.12/site-packages/airflow/example_dags/example_sensors.py took 0.064 seconds
[2024-10-13T07:38:19.809+0000] {processor.py:186} INFO - Started process (PID=17228) to work on /home/vboxuser/airflow_venv/lib/python3.12/site-packages/airflow/example_dags/example_sensors.py
[2024-10-13T07:38:19.810+0000] {processor.py:914} INFO - Processing file /home/vboxuser/airflow_venv/lib/python3.12/site-packages/airflow/example_dags/example_sensors.py for tasks to queue
[2024-10-13T07:38:19.812+0000] {logging_mixin.py:190} INFO - [2024-10-13T07:38:19.812+0000] {dagbag.py:588} INFO - Filling up the DagBag from /home/vboxuser/airflow_venv/lib/python3.12/site-packages/airflow/example_dags/example_sensors.py
[2024-10-13T07:38:19.820+0000] {processor.py:925} INFO - DAG(s) 'example_sensors' retrieved from /home/vboxuser/airflow_venv/lib/python3.12/site-packages/airflow/example_dags/example_sensors.py
[2024-10-13T07:38:19.834+0000] {logging_mixin.py:190} INFO - [2024-10-13T07:38:19.834+0000] {dag.py:3239} INFO - Sync 1 DAGs
[2024-10-13T07:38:19.843+0000] {logging_mixin.py:190} INFO - [2024-10-13T07:38:19.843+0000] {dag.py:4180} INFO - Setting next_dagrun for example_sensors to None, run_after=None
[2024-10-13T07:38:19.868+0000] {processor.py:208} INFO - Processing /home/vboxuser/airflow_venv/lib/python3.12/site-packages/airflow/example_dags/example_sensors.py took 0.063 seconds
[2024-10-13T07:39:08.921+0000] {processor.py:186} INFO - Started process (PID=17303) to work on /home/vboxuser/airflow_venv/lib/python3.12/site-packages/airflow/example_dags/example_sensors.py
[2024-10-13T07:39:08.922+0000] {processor.py:914} INFO - Processing file /home/vboxuser/airflow_venv/lib/python3.12/site-packages/airflow/example_dags/example_sensors.py for tasks to queue
[2024-10-13T07:39:08.924+0000] {logging_mixin.py:190} INFO - [2024-10-13T07:39:08.924+0000] {dagbag.py:588} INFO - Filling up the DagBag from /home/vboxuser/airflow_venv/lib/python3.12/site-packages/airflow/example_dags/example_sensors.py
[2024-10-13T07:39:08.932+0000] {processor.py:925} INFO - DAG(s) 'example_sensors' retrieved from /home/vboxuser/airflow_venv/lib/python3.12/site-packages/airflow/example_dags/example_sensors.py
[2024-10-13T07:39:08.945+0000] {logging_mixin.py:190} INFO - [2024-10-13T07:39:08.944+0000] {dag.py:3239} INFO - Sync 1 DAGs
[2024-10-13T07:39:08.952+0000] {logging_mixin.py:190} INFO - [2024-10-13T07:39:08.952+0000] {dag.py:4180} INFO - Setting next_dagrun for example_sensors to None, run_after=None
[2024-10-13T07:39:08.977+0000] {processor.py:208} INFO - Processing /home/vboxuser/airflow_venv/lib/python3.12/site-packages/airflow/example_dags/example_sensors.py took 0.060 seconds
[2024-10-13T07:40:01.900+0000] {processor.py:186} INFO - Started process (PID=17364) to work on /home/vboxuser/airflow_venv/lib/python3.12/site-packages/airflow/example_dags/example_sensors.py
[2024-10-13T07:40:01.902+0000] {processor.py:914} INFO - Processing file /home/vboxuser/airflow_venv/lib/python3.12/site-packages/airflow/example_dags/example_sensors.py for tasks to queue
[2024-10-13T07:40:01.903+0000] {logging_mixin.py:190} INFO - [2024-10-13T07:40:01.903+0000] {dagbag.py:588} INFO - Filling up the DagBag from /home/vboxuser/airflow_venv/lib/python3.12/site-packages/airflow/example_dags/example_sensors.py
[2024-10-13T07:40:01.912+0000] {processor.py:925} INFO - DAG(s) 'example_sensors' retrieved from /home/vboxuser/airflow_venv/lib/python3.12/site-packages/airflow/example_dags/example_sensors.py
[2024-10-13T07:40:01.927+0000] {logging_mixin.py:190} INFO - [2024-10-13T07:40:01.926+0000] {dag.py:3239} INFO - Sync 1 DAGs
[2024-10-13T07:40:01.934+0000] {logging_mixin.py:190} INFO - [2024-10-13T07:40:01.934+0000] {dag.py:4180} INFO - Setting next_dagrun for example_sensors to None, run_after=None
[2024-10-13T07:40:01.957+0000] {processor.py:208} INFO - Processing /home/vboxuser/airflow_venv/lib/python3.12/site-packages/airflow/example_dags/example_sensors.py took 0.061 seconds
[2024-10-13T07:40:50.088+0000] {processor.py:186} INFO - Started process (PID=17466) to work on /home/vboxuser/airflow_venv/lib/python3.12/site-packages/airflow/example_dags/example_sensors.py
[2024-10-13T07:40:50.093+0000] {processor.py:914} INFO - Processing file /home/vboxuser/airflow_venv/lib/python3.12/site-packages/airflow/example_dags/example_sensors.py for tasks to queue
[2024-10-13T07:40:50.097+0000] {logging_mixin.py:190} INFO - [2024-10-13T07:40:50.096+0000] {dagbag.py:588} INFO - Filling up the DagBag from /home/vboxuser/airflow_venv/lib/python3.12/site-packages/airflow/example_dags/example_sensors.py
[2024-10-13T07:40:50.125+0000] {processor.py:925} INFO - DAG(s) 'example_sensors' retrieved from /home/vboxuser/airflow_venv/lib/python3.12/site-packages/airflow/example_dags/example_sensors.py
[2024-10-13T07:40:50.189+0000] {logging_mixin.py:190} INFO - [2024-10-13T07:40:50.189+0000] {dag.py:3239} INFO - Sync 1 DAGs
[2024-10-13T07:40:50.204+0000] {logging_mixin.py:190} INFO - [2024-10-13T07:40:50.203+0000] {dag.py:4180} INFO - Setting next_dagrun for example_sensors to None, run_after=None
[2024-10-13T07:40:50.268+0000] {processor.py:208} INFO - Processing /home/vboxuser/airflow_venv/lib/python3.12/site-packages/airflow/example_dags/example_sensors.py took 0.189 seconds
[2024-10-13T07:41:40.450+0000] {processor.py:186} INFO - Started process (PID=17520) to work on /home/vboxuser/airflow_venv/lib/python3.12/site-packages/airflow/example_dags/example_sensors.py
[2024-10-13T07:41:40.455+0000] {processor.py:914} INFO - Processing file /home/vboxuser/airflow_venv/lib/python3.12/site-packages/airflow/example_dags/example_sensors.py for tasks to queue
[2024-10-13T07:41:40.457+0000] {logging_mixin.py:190} INFO - [2024-10-13T07:41:40.457+0000] {dagbag.py:588} INFO - Filling up the DagBag from /home/vboxuser/airflow_venv/lib/python3.12/site-packages/airflow/example_dags/example_sensors.py
[2024-10-13T07:41:40.466+0000] {processor.py:925} INFO - DAG(s) 'example_sensors' retrieved from /home/vboxuser/airflow_venv/lib/python3.12/site-packages/airflow/example_dags/example_sensors.py
[2024-10-13T07:41:40.479+0000] {logging_mixin.py:190} INFO - [2024-10-13T07:41:40.479+0000] {dag.py:3239} INFO - Sync 1 DAGs
[2024-10-13T07:41:40.487+0000] {logging_mixin.py:190} INFO - [2024-10-13T07:41:40.487+0000] {dag.py:4180} INFO - Setting next_dagrun for example_sensors to None, run_after=None
[2024-10-13T07:41:40.508+0000] {processor.py:208} INFO - Processing /home/vboxuser/airflow_venv/lib/python3.12/site-packages/airflow/example_dags/example_sensors.py took 0.063 seconds
[2024-10-13T07:42:32.296+0000] {processor.py:186} INFO - Started process (PID=17586) to work on /home/vboxuser/airflow_venv/lib/python3.12/site-packages/airflow/example_dags/example_sensors.py
[2024-10-13T07:42:32.298+0000] {processor.py:914} INFO - Processing file /home/vboxuser/airflow_venv/lib/python3.12/site-packages/airflow/example_dags/example_sensors.py for tasks to queue
[2024-10-13T07:42:32.301+0000] {logging_mixin.py:190} INFO - [2024-10-13T07:42:32.300+0000] {dagbag.py:588} INFO - Filling up the DagBag from /home/vboxuser/airflow_venv/lib/python3.12/site-packages/airflow/example_dags/example_sensors.py
[2024-10-13T07:42:32.319+0000] {processor.py:925} INFO - DAG(s) 'example_sensors' retrieved from /home/vboxuser/airflow_venv/lib/python3.12/site-packages/airflow/example_dags/example_sensors.py
[2024-10-13T07:42:32.340+0000] {logging_mixin.py:190} INFO - [2024-10-13T07:42:32.340+0000] {dag.py:3239} INFO - Sync 1 DAGs
[2024-10-13T07:42:32.351+0000] {logging_mixin.py:190} INFO - [2024-10-13T07:42:32.351+0000] {dag.py:4180} INFO - Setting next_dagrun for example_sensors to None, run_after=None
[2024-10-13T07:42:32.376+0000] {processor.py:208} INFO - Processing /home/vboxuser/airflow_venv/lib/python3.12/site-packages/airflow/example_dags/example_sensors.py took 0.089 seconds
