[2024-10-13T07:29:09.626+0000] {processor.py:186} INFO - Started process (PID=16138) to work on /home/vboxuser/airflow_venv/lib/python3.12/site-packages/airflow/example_dags/example_short_circuit_operator.py
[2024-10-13T07:29:09.627+0000] {processor.py:914} INFO - Processing file /home/vboxuser/airflow_venv/lib/python3.12/site-packages/airflow/example_dags/example_short_circuit_operator.py for tasks to queue
[2024-10-13T07:29:09.635+0000] {logging_mixin.py:190} INFO - [2024-10-13T07:29:09.633+0000] {dagbag.py:588} INFO - Filling up the DagBag from /home/vboxuser/airflow_venv/lib/python3.12/site-packages/airflow/example_dags/example_short_circuit_operator.py
[2024-10-13T07:29:09.697+0000] {processor.py:925} INFO - DAG(s) 'example_short_circuit_operator' retrieved from /home/vboxuser/airflow_venv/lib/python3.12/site-packages/airflow/example_dags/example_short_circuit_operator.py
[2024-10-13T07:29:09.763+0000] {logging_mixin.py:190} INFO - [2024-10-13T07:29:09.763+0000] {dag.py:3239} INFO - Sync 1 DAGs
[2024-10-13T07:29:09.778+0000] {logging_mixin.py:190} INFO - [2024-10-13T07:29:09.778+0000] {dag.py:4180} INFO - Setting next_dagrun for example_short_circuit_operator to None, run_after=None
[2024-10-13T07:29:09.844+0000] {processor.py:208} INFO - Processing /home/vboxuser/airflow_venv/lib/python3.12/site-packages/airflow/example_dags/example_short_circuit_operator.py took 0.288 seconds
[2024-10-13T07:30:28.901+0000] {processor.py:186} INFO - Started process (PID=16290) to work on /home/vboxuser/airflow_venv/lib/python3.12/site-packages/airflow/example_dags/example_short_circuit_operator.py
[2024-10-13T07:30:28.919+0000] {processor.py:914} INFO - Processing file /home/vboxuser/airflow_venv/lib/python3.12/site-packages/airflow/example_dags/example_short_circuit_operator.py for tasks to queue
[2024-10-13T07:30:28.925+0000] {logging_mixin.py:190} INFO - [2024-10-13T07:30:28.925+0000] {dagbag.py:588} INFO - Filling up the DagBag from /home/vboxuser/airflow_venv/lib/python3.12/site-packages/airflow/example_dags/example_short_circuit_operator.py
[2024-10-13T07:30:28.934+0000] {processor.py:925} INFO - DAG(s) 'example_short_circuit_operator' retrieved from /home/vboxuser/airflow_venv/lib/python3.12/site-packages/airflow/example_dags/example_short_circuit_operator.py
[2024-10-13T07:30:28.947+0000] {logging_mixin.py:190} INFO - [2024-10-13T07:30:28.947+0000] {dag.py:3239} INFO - Sync 1 DAGs
[2024-10-13T07:30:28.954+0000] {logging_mixin.py:190} INFO - [2024-10-13T07:30:28.954+0000] {dag.py:4180} INFO - Setting next_dagrun for example_short_circuit_operator to None, run_after=None
[2024-10-13T07:30:28.974+0000] {processor.py:208} INFO - Processing /home/vboxuser/airflow_venv/lib/python3.12/site-packages/airflow/example_dags/example_short_circuit_operator.py took 0.080 seconds
[2024-10-13T07:31:33.129+0000] {processor.py:186} INFO - Started process (PID=16393) to work on /home/vboxuser/airflow_venv/lib/python3.12/site-packages/airflow/example_dags/example_short_circuit_operator.py
[2024-10-13T07:31:33.133+0000] {processor.py:914} INFO - Processing file /home/vboxuser/airflow_venv/lib/python3.12/site-packages/airflow/example_dags/example_short_circuit_operator.py for tasks to queue
[2024-10-13T07:31:33.135+0000] {logging_mixin.py:190} INFO - [2024-10-13T07:31:33.135+0000] {dagbag.py:588} INFO - Filling up the DagBag from /home/vboxuser/airflow_venv/lib/python3.12/site-packages/airflow/example_dags/example_short_circuit_operator.py
[2024-10-13T07:31:33.148+0000] {processor.py:925} INFO - DAG(s) 'example_short_circuit_operator' retrieved from /home/vboxuser/airflow_venv/lib/python3.12/site-packages/airflow/example_dags/example_short_circuit_operator.py
[2024-10-13T07:31:33.196+0000] {logging_mixin.py:190} INFO - [2024-10-13T07:31:33.195+0000] {dag.py:3239} INFO - Sync 1 DAGs
[2024-10-13T07:31:33.221+0000] {logging_mixin.py:190} INFO - [2024-10-13T07:31:33.221+0000] {dag.py:4180} INFO - Setting next_dagrun for example_short_circuit_operator to None, run_after=None
[2024-10-13T07:31:33.252+0000] {processor.py:208} INFO - Processing /home/vboxuser/airflow_venv/lib/python3.12/site-packages/airflow/example_dags/example_short_circuit_operator.py took 0.130 seconds
[2024-10-13T07:32:42.095+0000] {processor.py:186} INFO - Started process (PID=16607) to work on /home/vboxuser/airflow_venv/lib/python3.12/site-packages/airflow/example_dags/example_short_circuit_operator.py
[2024-10-13T07:32:42.106+0000] {processor.py:914} INFO - Processing file /home/vboxuser/airflow_venv/lib/python3.12/site-packages/airflow/example_dags/example_short_circuit_operator.py for tasks to queue
[2024-10-13T07:32:42.110+0000] {logging_mixin.py:190} INFO - [2024-10-13T07:32:42.109+0000] {dagbag.py:588} INFO - Filling up the DagBag from /home/vboxuser/airflow_venv/lib/python3.12/site-packages/airflow/example_dags/example_short_circuit_operator.py
[2024-10-13T07:32:42.125+0000] {processor.py:925} INFO - DAG(s) 'example_short_circuit_operator' retrieved from /home/vboxuser/airflow_venv/lib/python3.12/site-packages/airflow/example_dags/example_short_circuit_operator.py
[2024-10-13T07:32:42.172+0000] {logging_mixin.py:190} INFO - [2024-10-13T07:32:42.171+0000] {dag.py:3239} INFO - Sync 1 DAGs
[2024-10-13T07:32:42.191+0000] {logging_mixin.py:190} INFO - [2024-10-13T07:32:42.191+0000] {dag.py:4180} INFO - Setting next_dagrun for example_short_circuit_operator to None, run_after=None
[2024-10-13T07:32:42.270+0000] {processor.py:208} INFO - Processing /home/vboxuser/airflow_venv/lib/python3.12/site-packages/airflow/example_dags/example_short_circuit_operator.py took 0.184 seconds
[2024-10-13T07:33:45.350+0000] {processor.py:186} INFO - Started process (PID=16751) to work on /home/vboxuser/airflow_venv/lib/python3.12/site-packages/airflow/example_dags/example_short_circuit_operator.py
[2024-10-13T07:33:45.352+0000] {processor.py:914} INFO - Processing file /home/vboxuser/airflow_venv/lib/python3.12/site-packages/airflow/example_dags/example_short_circuit_operator.py for tasks to queue
[2024-10-13T07:33:45.355+0000] {logging_mixin.py:190} INFO - [2024-10-13T07:33:45.354+0000] {dagbag.py:588} INFO - Filling up the DagBag from /home/vboxuser/airflow_venv/lib/python3.12/site-packages/airflow/example_dags/example_short_circuit_operator.py
[2024-10-13T07:33:45.363+0000] {processor.py:925} INFO - DAG(s) 'example_short_circuit_operator' retrieved from /home/vboxuser/airflow_venv/lib/python3.12/site-packages/airflow/example_dags/example_short_circuit_operator.py
[2024-10-13T07:33:45.401+0000] {logging_mixin.py:190} INFO - [2024-10-13T07:33:45.400+0000] {dag.py:3239} INFO - Sync 1 DAGs
[2024-10-13T07:33:45.417+0000] {logging_mixin.py:190} INFO - [2024-10-13T07:33:45.417+0000] {dag.py:4180} INFO - Setting next_dagrun for example_short_circuit_operator to None, run_after=None
[2024-10-13T07:33:45.442+0000] {processor.py:208} INFO - Processing /home/vboxuser/airflow_venv/lib/python3.12/site-packages/airflow/example_dags/example_short_circuit_operator.py took 0.100 seconds
[2024-10-13T07:34:40.654+0000] {processor.py:186} INFO - Started process (PID=16937) to work on /home/vboxuser/airflow_venv/lib/python3.12/site-packages/airflow/example_dags/example_short_circuit_operator.py
[2024-10-13T07:34:40.656+0000] {processor.py:914} INFO - Processing file /home/vboxuser/airflow_venv/lib/python3.12/site-packages/airflow/example_dags/example_short_circuit_operator.py for tasks to queue
[2024-10-13T07:34:40.657+0000] {logging_mixin.py:190} INFO - [2024-10-13T07:34:40.657+0000] {dagbag.py:588} INFO - Filling up the DagBag from /home/vboxuser/airflow_venv/lib/python3.12/site-packages/airflow/example_dags/example_short_circuit_operator.py
[2024-10-13T07:34:40.667+0000] {processor.py:925} INFO - DAG(s) 'example_short_circuit_operator' retrieved from /home/vboxuser/airflow_venv/lib/python3.12/site-packages/airflow/example_dags/example_short_circuit_operator.py
[2024-10-13T07:34:40.685+0000] {logging_mixin.py:190} INFO - [2024-10-13T07:34:40.684+0000] {dag.py:3239} INFO - Sync 1 DAGs
[2024-10-13T07:34:40.695+0000] {logging_mixin.py:190} INFO - [2024-10-13T07:34:40.694+0000] {dag.py:4180} INFO - Setting next_dagrun for example_short_circuit_operator to None, run_after=None
[2024-10-13T07:34:40.721+0000] {processor.py:208} INFO - Processing /home/vboxuser/airflow_venv/lib/python3.12/site-packages/airflow/example_dags/example_short_circuit_operator.py took 0.070 seconds
[2024-10-13T07:35:31.541+0000] {processor.py:186} INFO - Started process (PID=17001) to work on /home/vboxuser/airflow_venv/lib/python3.12/site-packages/airflow/example_dags/example_short_circuit_operator.py
[2024-10-13T07:35:31.546+0000] {processor.py:914} INFO - Processing file /home/vboxuser/airflow_venv/lib/python3.12/site-packages/airflow/example_dags/example_short_circuit_operator.py for tasks to queue
[2024-10-13T07:35:31.549+0000] {logging_mixin.py:190} INFO - [2024-10-13T07:35:31.548+0000] {dagbag.py:588} INFO - Filling up the DagBag from /home/vboxuser/airflow_venv/lib/python3.12/site-packages/airflow/example_dags/example_short_circuit_operator.py
[2024-10-13T07:35:31.558+0000] {processor.py:925} INFO - DAG(s) 'example_short_circuit_operator' retrieved from /home/vboxuser/airflow_venv/lib/python3.12/site-packages/airflow/example_dags/example_short_circuit_operator.py
[2024-10-13T07:35:31.572+0000] {logging_mixin.py:190} INFO - [2024-10-13T07:35:31.572+0000] {dag.py:3239} INFO - Sync 1 DAGs
[2024-10-13T07:35:31.581+0000] {logging_mixin.py:190} INFO - [2024-10-13T07:35:31.581+0000] {dag.py:4180} INFO - Setting next_dagrun for example_short_circuit_operator to None, run_after=None
[2024-10-13T07:35:31.603+0000] {processor.py:208} INFO - Processing /home/vboxuser/airflow_venv/lib/python3.12/site-packages/airflow/example_dags/example_short_circuit_operator.py took 0.067 seconds
[2024-10-13T07:36:23.834+0000] {processor.py:186} INFO - Started process (PID=17068) to work on /home/vboxuser/airflow_venv/lib/python3.12/site-packages/airflow/example_dags/example_short_circuit_operator.py
[2024-10-13T07:36:23.836+0000] {processor.py:914} INFO - Processing file /home/vboxuser/airflow_venv/lib/python3.12/site-packages/airflow/example_dags/example_short_circuit_operator.py for tasks to queue
[2024-10-13T07:36:23.838+0000] {logging_mixin.py:190} INFO - [2024-10-13T07:36:23.837+0000] {dagbag.py:588} INFO - Filling up the DagBag from /home/vboxuser/airflow_venv/lib/python3.12/site-packages/airflow/example_dags/example_short_circuit_operator.py
[2024-10-13T07:36:23.844+0000] {processor.py:925} INFO - DAG(s) 'example_short_circuit_operator' retrieved from /home/vboxuser/airflow_venv/lib/python3.12/site-packages/airflow/example_dags/example_short_circuit_operator.py
[2024-10-13T07:36:23.857+0000] {logging_mixin.py:190} INFO - [2024-10-13T07:36:23.857+0000] {dag.py:3239} INFO - Sync 1 DAGs
[2024-10-13T07:36:23.866+0000] {logging_mixin.py:190} INFO - [2024-10-13T07:36:23.866+0000] {dag.py:4180} INFO - Setting next_dagrun for example_short_circuit_operator to None, run_after=None
[2024-10-13T07:36:23.890+0000] {processor.py:208} INFO - Processing /home/vboxuser/airflow_venv/lib/python3.12/site-packages/airflow/example_dags/example_short_circuit_operator.py took 0.060 seconds
[2024-10-13T07:37:12.964+0000] {processor.py:186} INFO - Started process (PID=17125) to work on /home/vboxuser/airflow_venv/lib/python3.12/site-packages/airflow/example_dags/example_short_circuit_operator.py
[2024-10-13T07:37:12.965+0000] {processor.py:914} INFO - Processing file /home/vboxuser/airflow_venv/lib/python3.12/site-packages/airflow/example_dags/example_short_circuit_operator.py for tasks to queue
[2024-10-13T07:37:12.966+0000] {logging_mixin.py:190} INFO - [2024-10-13T07:37:12.966+0000] {dagbag.py:588} INFO - Filling up the DagBag from /home/vboxuser/airflow_venv/lib/python3.12/site-packages/airflow/example_dags/example_short_circuit_operator.py
[2024-10-13T07:37:12.973+0000] {processor.py:925} INFO - DAG(s) 'example_short_circuit_operator' retrieved from /home/vboxuser/airflow_venv/lib/python3.12/site-packages/airflow/example_dags/example_short_circuit_operator.py
[2024-10-13T07:37:12.986+0000] {logging_mixin.py:190} INFO - [2024-10-13T07:37:12.986+0000] {dag.py:3239} INFO - Sync 1 DAGs
[2024-10-13T07:37:12.995+0000] {logging_mixin.py:190} INFO - [2024-10-13T07:37:12.995+0000] {dag.py:4180} INFO - Setting next_dagrun for example_short_circuit_operator to None, run_after=None
[2024-10-13T07:37:13.022+0000] {processor.py:208} INFO - Processing /home/vboxuser/airflow_venv/lib/python3.12/site-packages/airflow/example_dags/example_short_circuit_operator.py took 0.062 seconds
[2024-10-13T07:38:05.502+0000] {processor.py:186} INFO - Started process (PID=17189) to work on /home/vboxuser/airflow_venv/lib/python3.12/site-packages/airflow/example_dags/example_short_circuit_operator.py
[2024-10-13T07:38:05.506+0000] {processor.py:914} INFO - Processing file /home/vboxuser/airflow_venv/lib/python3.12/site-packages/airflow/example_dags/example_short_circuit_operator.py for tasks to queue
[2024-10-13T07:38:05.508+0000] {logging_mixin.py:190} INFO - [2024-10-13T07:38:05.508+0000] {dagbag.py:588} INFO - Filling up the DagBag from /home/vboxuser/airflow_venv/lib/python3.12/site-packages/airflow/example_dags/example_short_circuit_operator.py
[2024-10-13T07:38:05.514+0000] {processor.py:925} INFO - DAG(s) 'example_short_circuit_operator' retrieved from /home/vboxuser/airflow_venv/lib/python3.12/site-packages/airflow/example_dags/example_short_circuit_operator.py
[2024-10-13T07:38:05.526+0000] {logging_mixin.py:190} INFO - [2024-10-13T07:38:05.526+0000] {dag.py:3239} INFO - Sync 1 DAGs
[2024-10-13T07:38:05.534+0000] {logging_mixin.py:190} INFO - [2024-10-13T07:38:05.534+0000] {dag.py:4180} INFO - Setting next_dagrun for example_short_circuit_operator to None, run_after=None
[2024-10-13T07:38:05.556+0000] {processor.py:208} INFO - Processing /home/vboxuser/airflow_venv/lib/python3.12/site-packages/airflow/example_dags/example_short_circuit_operator.py took 0.057 seconds
[2024-10-13T07:38:53.285+0000] {processor.py:186} INFO - Started process (PID=17284) to work on /home/vboxuser/airflow_venv/lib/python3.12/site-packages/airflow/example_dags/example_short_circuit_operator.py
[2024-10-13T07:38:53.287+0000] {processor.py:914} INFO - Processing file /home/vboxuser/airflow_venv/lib/python3.12/site-packages/airflow/example_dags/example_short_circuit_operator.py for tasks to queue
[2024-10-13T07:38:53.289+0000] {logging_mixin.py:190} INFO - [2024-10-13T07:38:53.289+0000] {dagbag.py:588} INFO - Filling up the DagBag from /home/vboxuser/airflow_venv/lib/python3.12/site-packages/airflow/example_dags/example_short_circuit_operator.py
[2024-10-13T07:38:53.301+0000] {processor.py:925} INFO - DAG(s) 'example_short_circuit_operator' retrieved from /home/vboxuser/airflow_venv/lib/python3.12/site-packages/airflow/example_dags/example_short_circuit_operator.py
[2024-10-13T07:38:53.317+0000] {logging_mixin.py:190} INFO - [2024-10-13T07:38:53.317+0000] {dag.py:3239} INFO - Sync 1 DAGs
[2024-10-13T07:38:53.326+0000] {logging_mixin.py:190} INFO - [2024-10-13T07:38:53.326+0000] {dag.py:4180} INFO - Setting next_dagrun for example_short_circuit_operator to None, run_after=None
[2024-10-13T07:38:53.365+0000] {processor.py:208} INFO - Processing /home/vboxuser/airflow_venv/lib/python3.12/site-packages/airflow/example_dags/example_short_circuit_operator.py took 0.086 seconds
[2024-10-13T07:39:45.286+0000] {processor.py:186} INFO - Started process (PID=17344) to work on /home/vboxuser/airflow_venv/lib/python3.12/site-packages/airflow/example_dags/example_short_circuit_operator.py
[2024-10-13T07:39:45.287+0000] {processor.py:914} INFO - Processing file /home/vboxuser/airflow_venv/lib/python3.12/site-packages/airflow/example_dags/example_short_circuit_operator.py for tasks to queue
[2024-10-13T07:39:45.289+0000] {logging_mixin.py:190} INFO - [2024-10-13T07:39:45.288+0000] {dagbag.py:588} INFO - Filling up the DagBag from /home/vboxuser/airflow_venv/lib/python3.12/site-packages/airflow/example_dags/example_short_circuit_operator.py
[2024-10-13T07:39:45.295+0000] {processor.py:925} INFO - DAG(s) 'example_short_circuit_operator' retrieved from /home/vboxuser/airflow_venv/lib/python3.12/site-packages/airflow/example_dags/example_short_circuit_operator.py
[2024-10-13T07:39:45.309+0000] {logging_mixin.py:190} INFO - [2024-10-13T07:39:45.309+0000] {dag.py:3239} INFO - Sync 1 DAGs
[2024-10-13T07:39:45.317+0000] {logging_mixin.py:190} INFO - [2024-10-13T07:39:45.317+0000] {dag.py:4180} INFO - Setting next_dagrun for example_short_circuit_operator to None, run_after=None
[2024-10-13T07:39:45.340+0000] {processor.py:208} INFO - Processing /home/vboxuser/airflow_venv/lib/python3.12/site-packages/airflow/example_dags/example_short_circuit_operator.py took 0.059 seconds
[2024-10-13T07:40:35.752+0000] {processor.py:186} INFO - Started process (PID=17444) to work on /home/vboxuser/airflow_venv/lib/python3.12/site-packages/airflow/example_dags/example_short_circuit_operator.py
[2024-10-13T07:40:35.755+0000] {processor.py:914} INFO - Processing file /home/vboxuser/airflow_venv/lib/python3.12/site-packages/airflow/example_dags/example_short_circuit_operator.py for tasks to queue
[2024-10-13T07:40:35.756+0000] {logging_mixin.py:190} INFO - [2024-10-13T07:40:35.756+0000] {dagbag.py:588} INFO - Filling up the DagBag from /home/vboxuser/airflow_venv/lib/python3.12/site-packages/airflow/example_dags/example_short_circuit_operator.py
[2024-10-13T07:40:35.764+0000] {processor.py:925} INFO - DAG(s) 'example_short_circuit_operator' retrieved from /home/vboxuser/airflow_venv/lib/python3.12/site-packages/airflow/example_dags/example_short_circuit_operator.py
[2024-10-13T07:40:35.777+0000] {logging_mixin.py:190} INFO - [2024-10-13T07:40:35.776+0000] {dag.py:3239} INFO - Sync 1 DAGs
[2024-10-13T07:40:35.785+0000] {logging_mixin.py:190} INFO - [2024-10-13T07:40:35.784+0000] {dag.py:4180} INFO - Setting next_dagrun for example_short_circuit_operator to None, run_after=None
[2024-10-13T07:40:35.806+0000] {processor.py:208} INFO - Processing /home/vboxuser/airflow_venv/lib/python3.12/site-packages/airflow/example_dags/example_short_circuit_operator.py took 0.059 seconds
[2024-10-13T07:41:24.991+0000] {processor.py:186} INFO - Started process (PID=17504) to work on /home/vboxuser/airflow_venv/lib/python3.12/site-packages/airflow/example_dags/example_short_circuit_operator.py
[2024-10-13T07:41:24.995+0000] {processor.py:914} INFO - Processing file /home/vboxuser/airflow_venv/lib/python3.12/site-packages/airflow/example_dags/example_short_circuit_operator.py for tasks to queue
[2024-10-13T07:41:24.996+0000] {logging_mixin.py:190} INFO - [2024-10-13T07:41:24.996+0000] {dagbag.py:588} INFO - Filling up the DagBag from /home/vboxuser/airflow_venv/lib/python3.12/site-packages/airflow/example_dags/example_short_circuit_operator.py
[2024-10-13T07:41:25.003+0000] {processor.py:925} INFO - DAG(s) 'example_short_circuit_operator' retrieved from /home/vboxuser/airflow_venv/lib/python3.12/site-packages/airflow/example_dags/example_short_circuit_operator.py
[2024-10-13T07:41:25.015+0000] {logging_mixin.py:190} INFO - [2024-10-13T07:41:25.015+0000] {dag.py:3239} INFO - Sync 1 DAGs
[2024-10-13T07:41:25.023+0000] {logging_mixin.py:190} INFO - [2024-10-13T07:41:25.022+0000] {dag.py:4180} INFO - Setting next_dagrun for example_short_circuit_operator to None, run_after=None
[2024-10-13T07:41:25.044+0000] {processor.py:208} INFO - Processing /home/vboxuser/airflow_venv/lib/python3.12/site-packages/airflow/example_dags/example_short_circuit_operator.py took 0.056 seconds
[2024-10-13T07:42:15.346+0000] {processor.py:186} INFO - Started process (PID=17565) to work on /home/vboxuser/airflow_venv/lib/python3.12/site-packages/airflow/example_dags/example_short_circuit_operator.py
[2024-10-13T07:42:15.348+0000] {processor.py:914} INFO - Processing file /home/vboxuser/airflow_venv/lib/python3.12/site-packages/airflow/example_dags/example_short_circuit_operator.py for tasks to queue
[2024-10-13T07:42:15.350+0000] {logging_mixin.py:190} INFO - [2024-10-13T07:42:15.350+0000] {dagbag.py:588} INFO - Filling up the DagBag from /home/vboxuser/airflow_venv/lib/python3.12/site-packages/airflow/example_dags/example_short_circuit_operator.py
[2024-10-13T07:42:15.358+0000] {processor.py:925} INFO - DAG(s) 'example_short_circuit_operator' retrieved from /home/vboxuser/airflow_venv/lib/python3.12/site-packages/airflow/example_dags/example_short_circuit_operator.py
[2024-10-13T07:42:15.371+0000] {logging_mixin.py:190} INFO - [2024-10-13T07:42:15.371+0000] {dag.py:3239} INFO - Sync 1 DAGs
[2024-10-13T07:42:15.381+0000] {logging_mixin.py:190} INFO - [2024-10-13T07:42:15.381+0000] {dag.py:4180} INFO - Setting next_dagrun for example_short_circuit_operator to None, run_after=None
[2024-10-13T07:42:15.400+0000] {processor.py:208} INFO - Processing /home/vboxuser/airflow_venv/lib/python3.12/site-packages/airflow/example_dags/example_short_circuit_operator.py took 0.059 seconds
