[2024-10-13T07:29:13.702+0000] {processor.py:186} INFO - Started process (PID=16181) to work on /home/vboxuser/airflow_venv/lib/python3.12/site-packages/airflow/example_dags/example_branch_operator.py
[2024-10-13T07:29:13.706+0000] {processor.py:914} INFO - Processing file /home/vboxuser/airflow_venv/lib/python3.12/site-packages/airflow/example_dags/example_branch_operator.py for tasks to queue
[2024-10-13T07:29:13.718+0000] {logging_mixin.py:190} INFO - [2024-10-13T07:29:13.716+0000] {dagbag.py:588} INFO - Filling up the DagBag from /home/vboxuser/airflow_venv/lib/python3.12/site-packages/airflow/example_dags/example_branch_operator.py
[2024-10-13T07:29:13.730+0000] {processor.py:927} WARNING - No viable dags retrieved from /home/vboxuser/airflow_venv/lib/python3.12/site-packages/airflow/example_dags/example_branch_operator.py
[2024-10-13T07:29:13.743+0000] {processor.py:208} INFO - Processing /home/vboxuser/airflow_venv/lib/python3.12/site-packages/airflow/example_dags/example_branch_operator.py took 0.053 seconds
[2024-10-13T07:30:31.846+0000] {processor.py:186} INFO - Started process (PID=16298) to work on /home/vboxuser/airflow_venv/lib/python3.12/site-packages/airflow/example_dags/example_branch_operator.py
[2024-10-13T07:30:31.851+0000] {processor.py:914} INFO - Processing file /home/vboxuser/airflow_venv/lib/python3.12/site-packages/airflow/example_dags/example_branch_operator.py for tasks to queue
[2024-10-13T07:30:31.853+0000] {logging_mixin.py:190} INFO - [2024-10-13T07:30:31.852+0000] {dagbag.py:588} INFO - Filling up the DagBag from /home/vboxuser/airflow_venv/lib/python3.12/site-packages/airflow/example_dags/example_branch_operator.py
[2024-10-13T07:30:31.855+0000] {processor.py:927} WARNING - No viable dags retrieved from /home/vboxuser/airflow_venv/lib/python3.12/site-packages/airflow/example_dags/example_branch_operator.py
[2024-10-13T07:30:31.864+0000] {processor.py:208} INFO - Processing /home/vboxuser/airflow_venv/lib/python3.12/site-packages/airflow/example_dags/example_branch_operator.py took 0.022 seconds
[2024-10-13T07:31:37.228+0000] {processor.py:186} INFO - Started process (PID=16397) to work on /home/vboxuser/airflow_venv/lib/python3.12/site-packages/airflow/example_dags/example_branch_operator.py
[2024-10-13T07:31:37.242+0000] {processor.py:914} INFO - Processing file /home/vboxuser/airflow_venv/lib/python3.12/site-packages/airflow/example_dags/example_branch_operator.py for tasks to queue
[2024-10-13T07:31:37.250+0000] {logging_mixin.py:190} INFO - [2024-10-13T07:31:37.248+0000] {dagbag.py:588} INFO - Filling up the DagBag from /home/vboxuser/airflow_venv/lib/python3.12/site-packages/airflow/example_dags/example_branch_operator.py
[2024-10-13T07:31:37.274+0000] {processor.py:927} WARNING - No viable dags retrieved from /home/vboxuser/airflow_venv/lib/python3.12/site-packages/airflow/example_dags/example_branch_operator.py
[2024-10-13T07:31:37.355+0000] {processor.py:208} INFO - Processing /home/vboxuser/airflow_venv/lib/python3.12/site-packages/airflow/example_dags/example_branch_operator.py took 0.170 seconds
[2024-10-13T07:32:45.720+0000] {processor.py:186} INFO - Started process (PID=16610) to work on /home/vboxuser/airflow_venv/lib/python3.12/site-packages/airflow/example_dags/example_branch_operator.py
[2024-10-13T07:32:45.724+0000] {processor.py:914} INFO - Processing file /home/vboxuser/airflow_venv/lib/python3.12/site-packages/airflow/example_dags/example_branch_operator.py for tasks to queue
[2024-10-13T07:32:45.727+0000] {logging_mixin.py:190} INFO - [2024-10-13T07:32:45.727+0000] {dagbag.py:588} INFO - Filling up the DagBag from /home/vboxuser/airflow_venv/lib/python3.12/site-packages/airflow/example_dags/example_branch_operator.py
[2024-10-13T07:32:45.744+0000] {processor.py:927} WARNING - No viable dags retrieved from /home/vboxuser/airflow_venv/lib/python3.12/site-packages/airflow/example_dags/example_branch_operator.py
[2024-10-13T07:32:45.775+0000] {processor.py:208} INFO - Processing /home/vboxuser/airflow_venv/lib/python3.12/site-packages/airflow/example_dags/example_branch_operator.py took 0.067 seconds
[2024-10-13T07:33:48.614+0000] {processor.py:186} INFO - Started process (PID=16755) to work on /home/vboxuser/airflow_venv/lib/python3.12/site-packages/airflow/example_dags/example_branch_operator.py
[2024-10-13T07:33:48.616+0000] {processor.py:914} INFO - Processing file /home/vboxuser/airflow_venv/lib/python3.12/site-packages/airflow/example_dags/example_branch_operator.py for tasks to queue
[2024-10-13T07:33:48.618+0000] {logging_mixin.py:190} INFO - [2024-10-13T07:33:48.618+0000] {dagbag.py:588} INFO - Filling up the DagBag from /home/vboxuser/airflow_venv/lib/python3.12/site-packages/airflow/example_dags/example_branch_operator.py
[2024-10-13T07:33:48.620+0000] {processor.py:927} WARNING - No viable dags retrieved from /home/vboxuser/airflow_venv/lib/python3.12/site-packages/airflow/example_dags/example_branch_operator.py
[2024-10-13T07:33:48.628+0000] {processor.py:208} INFO - Processing /home/vboxuser/airflow_venv/lib/python3.12/site-packages/airflow/example_dags/example_branch_operator.py took 0.018 seconds
[2024-10-13T07:34:43.488+0000] {processor.py:186} INFO - Started process (PID=16941) to work on /home/vboxuser/airflow_venv/lib/python3.12/site-packages/airflow/example_dags/example_branch_operator.py
[2024-10-13T07:34:43.489+0000] {processor.py:914} INFO - Processing file /home/vboxuser/airflow_venv/lib/python3.12/site-packages/airflow/example_dags/example_branch_operator.py for tasks to queue
[2024-10-13T07:34:43.491+0000] {logging_mixin.py:190} INFO - [2024-10-13T07:34:43.490+0000] {dagbag.py:588} INFO - Filling up the DagBag from /home/vboxuser/airflow_venv/lib/python3.12/site-packages/airflow/example_dags/example_branch_operator.py
[2024-10-13T07:34:43.494+0000] {processor.py:927} WARNING - No viable dags retrieved from /home/vboxuser/airflow_venv/lib/python3.12/site-packages/airflow/example_dags/example_branch_operator.py
[2024-10-13T07:34:43.502+0000] {processor.py:208} INFO - Processing /home/vboxuser/airflow_venv/lib/python3.12/site-packages/airflow/example_dags/example_branch_operator.py took 0.018 seconds
[2024-10-13T07:35:34.969+0000] {processor.py:186} INFO - Started process (PID=17004) to work on /home/vboxuser/airflow_venv/lib/python3.12/site-packages/airflow/example_dags/example_branch_operator.py
[2024-10-13T07:35:34.970+0000] {processor.py:914} INFO - Processing file /home/vboxuser/airflow_venv/lib/python3.12/site-packages/airflow/example_dags/example_branch_operator.py for tasks to queue
[2024-10-13T07:35:34.972+0000] {logging_mixin.py:190} INFO - [2024-10-13T07:35:34.972+0000] {dagbag.py:588} INFO - Filling up the DagBag from /home/vboxuser/airflow_venv/lib/python3.12/site-packages/airflow/example_dags/example_branch_operator.py
[2024-10-13T07:35:34.974+0000] {processor.py:927} WARNING - No viable dags retrieved from /home/vboxuser/airflow_venv/lib/python3.12/site-packages/airflow/example_dags/example_branch_operator.py
[2024-10-13T07:35:34.982+0000] {processor.py:208} INFO - Processing /home/vboxuser/airflow_venv/lib/python3.12/site-packages/airflow/example_dags/example_branch_operator.py took 0.017 seconds
[2024-10-13T07:36:26.732+0000] {processor.py:186} INFO - Started process (PID=17071) to work on /home/vboxuser/airflow_venv/lib/python3.12/site-packages/airflow/example_dags/example_branch_operator.py
[2024-10-13T07:36:26.733+0000] {processor.py:914} INFO - Processing file /home/vboxuser/airflow_venv/lib/python3.12/site-packages/airflow/example_dags/example_branch_operator.py for tasks to queue
[2024-10-13T07:36:26.735+0000] {logging_mixin.py:190} INFO - [2024-10-13T07:36:26.735+0000] {dagbag.py:588} INFO - Filling up the DagBag from /home/vboxuser/airflow_venv/lib/python3.12/site-packages/airflow/example_dags/example_branch_operator.py
[2024-10-13T07:36:26.737+0000] {processor.py:927} WARNING - No viable dags retrieved from /home/vboxuser/airflow_venv/lib/python3.12/site-packages/airflow/example_dags/example_branch_operator.py
[2024-10-13T07:36:26.745+0000] {processor.py:208} INFO - Processing /home/vboxuser/airflow_venv/lib/python3.12/site-packages/airflow/example_dags/example_branch_operator.py took 0.017 seconds
[2024-10-13T07:37:16.398+0000] {processor.py:186} INFO - Started process (PID=17129) to work on /home/vboxuser/airflow_venv/lib/python3.12/site-packages/airflow/example_dags/example_branch_operator.py
[2024-10-13T07:37:16.402+0000] {processor.py:914} INFO - Processing file /home/vboxuser/airflow_venv/lib/python3.12/site-packages/airflow/example_dags/example_branch_operator.py for tasks to queue
[2024-10-13T07:37:16.404+0000] {logging_mixin.py:190} INFO - [2024-10-13T07:37:16.404+0000] {dagbag.py:588} INFO - Filling up the DagBag from /home/vboxuser/airflow_venv/lib/python3.12/site-packages/airflow/example_dags/example_branch_operator.py
[2024-10-13T07:37:16.406+0000] {processor.py:927} WARNING - No viable dags retrieved from /home/vboxuser/airflow_venv/lib/python3.12/site-packages/airflow/example_dags/example_branch_operator.py
[2024-10-13T07:37:16.414+0000] {processor.py:208} INFO - Processing /home/vboxuser/airflow_venv/lib/python3.12/site-packages/airflow/example_dags/example_branch_operator.py took 0.020 seconds
[2024-10-13T07:38:06.984+0000] {processor.py:186} INFO - Started process (PID=17192) to work on /home/vboxuser/airflow_venv/lib/python3.12/site-packages/airflow/example_dags/example_branch_operator.py
[2024-10-13T07:38:06.985+0000] {processor.py:914} INFO - Processing file /home/vboxuser/airflow_venv/lib/python3.12/site-packages/airflow/example_dags/example_branch_operator.py for tasks to queue
[2024-10-13T07:38:06.987+0000] {logging_mixin.py:190} INFO - [2024-10-13T07:38:06.987+0000] {dagbag.py:588} INFO - Filling up the DagBag from /home/vboxuser/airflow_venv/lib/python3.12/site-packages/airflow/example_dags/example_branch_operator.py
[2024-10-13T07:38:06.989+0000] {processor.py:927} WARNING - No viable dags retrieved from /home/vboxuser/airflow_venv/lib/python3.12/site-packages/airflow/example_dags/example_branch_operator.py
[2024-10-13T07:38:06.996+0000] {processor.py:208} INFO - Processing /home/vboxuser/airflow_venv/lib/python3.12/site-packages/airflow/example_dags/example_branch_operator.py took 0.016 seconds
[2024-10-13T07:38:56.284+0000] {processor.py:186} INFO - Started process (PID=17287) to work on /home/vboxuser/airflow_venv/lib/python3.12/site-packages/airflow/example_dags/example_branch_operator.py
[2024-10-13T07:38:56.285+0000] {processor.py:914} INFO - Processing file /home/vboxuser/airflow_venv/lib/python3.12/site-packages/airflow/example_dags/example_branch_operator.py for tasks to queue
[2024-10-13T07:38:56.287+0000] {logging_mixin.py:190} INFO - [2024-10-13T07:38:56.287+0000] {dagbag.py:588} INFO - Filling up the DagBag from /home/vboxuser/airflow_venv/lib/python3.12/site-packages/airflow/example_dags/example_branch_operator.py
[2024-10-13T07:38:56.291+0000] {processor.py:927} WARNING - No viable dags retrieved from /home/vboxuser/airflow_venv/lib/python3.12/site-packages/airflow/example_dags/example_branch_operator.py
[2024-10-13T07:38:56.299+0000] {processor.py:208} INFO - Processing /home/vboxuser/airflow_venv/lib/python3.12/site-packages/airflow/example_dags/example_branch_operator.py took 0.020 seconds
[2024-10-13T07:39:48.034+0000] {processor.py:186} INFO - Started process (PID=17349) to work on /home/vboxuser/airflow_venv/lib/python3.12/site-packages/airflow/example_dags/example_branch_operator.py
[2024-10-13T07:39:48.052+0000] {processor.py:914} INFO - Processing file /home/vboxuser/airflow_venv/lib/python3.12/site-packages/airflow/example_dags/example_branch_operator.py for tasks to queue
[2024-10-13T07:39:48.060+0000] {logging_mixin.py:190} INFO - [2024-10-13T07:39:48.058+0000] {dagbag.py:588} INFO - Filling up the DagBag from /home/vboxuser/airflow_venv/lib/python3.12/site-packages/airflow/example_dags/example_branch_operator.py
[2024-10-13T07:39:48.067+0000] {processor.py:927} WARNING - No viable dags retrieved from /home/vboxuser/airflow_venv/lib/python3.12/site-packages/airflow/example_dags/example_branch_operator.py
[2024-10-13T07:39:48.106+0000] {processor.py:208} INFO - Processing /home/vboxuser/airflow_venv/lib/python3.12/site-packages/airflow/example_dags/example_branch_operator.py took 0.086 seconds
[2024-10-13T07:40:38.618+0000] {processor.py:186} INFO - Started process (PID=17447) to work on /home/vboxuser/airflow_venv/lib/python3.12/site-packages/airflow/example_dags/example_branch_operator.py
[2024-10-13T07:40:38.622+0000] {processor.py:914} INFO - Processing file /home/vboxuser/airflow_venv/lib/python3.12/site-packages/airflow/example_dags/example_branch_operator.py for tasks to queue
[2024-10-13T07:40:38.624+0000] {logging_mixin.py:190} INFO - [2024-10-13T07:40:38.623+0000] {dagbag.py:588} INFO - Filling up the DagBag from /home/vboxuser/airflow_venv/lib/python3.12/site-packages/airflow/example_dags/example_branch_operator.py
[2024-10-13T07:40:38.626+0000] {processor.py:927} WARNING - No viable dags retrieved from /home/vboxuser/airflow_venv/lib/python3.12/site-packages/airflow/example_dags/example_branch_operator.py
[2024-10-13T07:40:38.636+0000] {processor.py:208} INFO - Processing /home/vboxuser/airflow_venv/lib/python3.12/site-packages/airflow/example_dags/example_branch_operator.py took 0.021 seconds
[2024-10-13T07:41:28.458+0000] {processor.py:186} INFO - Started process (PID=17507) to work on /home/vboxuser/airflow_venv/lib/python3.12/site-packages/airflow/example_dags/example_branch_operator.py
[2024-10-13T07:41:28.460+0000] {processor.py:914} INFO - Processing file /home/vboxuser/airflow_venv/lib/python3.12/site-packages/airflow/example_dags/example_branch_operator.py for tasks to queue
[2024-10-13T07:41:28.461+0000] {logging_mixin.py:190} INFO - [2024-10-13T07:41:28.461+0000] {dagbag.py:588} INFO - Filling up the DagBag from /home/vboxuser/airflow_venv/lib/python3.12/site-packages/airflow/example_dags/example_branch_operator.py
[2024-10-13T07:41:28.464+0000] {processor.py:927} WARNING - No viable dags retrieved from /home/vboxuser/airflow_venv/lib/python3.12/site-packages/airflow/example_dags/example_branch_operator.py
[2024-10-13T07:41:28.472+0000] {processor.py:208} INFO - Processing /home/vboxuser/airflow_venv/lib/python3.12/site-packages/airflow/example_dags/example_branch_operator.py took 0.018 seconds
[2024-10-13T07:42:18.758+0000] {processor.py:186} INFO - Started process (PID=17568) to work on /home/vboxuser/airflow_venv/lib/python3.12/site-packages/airflow/example_dags/example_branch_operator.py
[2024-10-13T07:42:18.759+0000] {processor.py:914} INFO - Processing file /home/vboxuser/airflow_venv/lib/python3.12/site-packages/airflow/example_dags/example_branch_operator.py for tasks to queue
[2024-10-13T07:42:18.761+0000] {logging_mixin.py:190} INFO - [2024-10-13T07:42:18.761+0000] {dagbag.py:588} INFO - Filling up the DagBag from /home/vboxuser/airflow_venv/lib/python3.12/site-packages/airflow/example_dags/example_branch_operator.py
[2024-10-13T07:42:18.763+0000] {processor.py:927} WARNING - No viable dags retrieved from /home/vboxuser/airflow_venv/lib/python3.12/site-packages/airflow/example_dags/example_branch_operator.py
[2024-10-13T07:42:18.771+0000] {processor.py:208} INFO - Processing /home/vboxuser/airflow_venv/lib/python3.12/site-packages/airflow/example_dags/example_branch_operator.py took 0.016 seconds
