[2024-10-13T07:28:16.793+0000] {processor.py:186} INFO - Started process (PID=14844) to work on /home/vboxuser/airflow_venv/lib/python3.12/site-packages/airflow/example_dags/example_display_name.py
[2024-10-13T07:28:16.799+0000] {processor.py:914} INFO - Processing file /home/vboxuser/airflow_venv/lib/python3.12/site-packages/airflow/example_dags/example_display_name.py for tasks to queue
[2024-10-13T07:28:16.812+0000] {logging_mixin.py:190} INFO - [2024-10-13T07:28:16.811+0000] {dagbag.py:588} INFO - Filling up the DagBag from /home/vboxuser/airflow_venv/lib/python3.12/site-packages/airflow/example_dags/example_display_name.py
[2024-10-13T07:28:16.835+0000] {processor.py:925} INFO - DAG(s) 'example_display_name' retrieved from /home/vboxuser/airflow_venv/lib/python3.12/site-packages/airflow/example_dags/example_display_name.py
[2024-10-13T07:28:16.871+0000] {logging_mixin.py:190} INFO - [2024-10-13T07:28:16.871+0000] {dag.py:3239} INFO - Sync 1 DAGs
[2024-10-13T07:28:16.887+0000] {logging_mixin.py:190} INFO - [2024-10-13T07:28:16.887+0000] {dag.py:4180} INFO - Setting next_dagrun for example_display_name to None, run_after=None
[2024-10-13T07:28:16.963+0000] {processor.py:208} INFO - Processing /home/vboxuser/airflow_venv/lib/python3.12/site-packages/airflow/example_dags/example_display_name.py took 0.234 seconds
[2024-10-13T07:29:55.821+0000] {processor.py:186} INFO - Started process (PID=16235) to work on /home/vboxuser/airflow_venv/lib/python3.12/site-packages/airflow/example_dags/example_display_name.py
[2024-10-13T07:29:55.824+0000] {processor.py:914} INFO - Processing file /home/vboxuser/airflow_venv/lib/python3.12/site-packages/airflow/example_dags/example_display_name.py for tasks to queue
[2024-10-13T07:29:55.829+0000] {logging_mixin.py:190} INFO - [2024-10-13T07:29:55.829+0000] {dagbag.py:588} INFO - Filling up the DagBag from /home/vboxuser/airflow_venv/lib/python3.12/site-packages/airflow/example_dags/example_display_name.py
[2024-10-13T07:29:55.870+0000] {processor.py:925} INFO - DAG(s) 'example_display_name' retrieved from /home/vboxuser/airflow_venv/lib/python3.12/site-packages/airflow/example_dags/example_display_name.py
[2024-10-13T07:29:55.925+0000] {logging_mixin.py:190} INFO - [2024-10-13T07:29:55.925+0000] {dag.py:3239} INFO - Sync 1 DAGs
[2024-10-13T07:29:55.946+0000] {logging_mixin.py:190} INFO - [2024-10-13T07:29:55.943+0000] {dag.py:4180} INFO - Setting next_dagrun for example_display_name to None, run_after=None
[2024-10-13T07:29:56.075+0000] {processor.py:208} INFO - Processing /home/vboxuser/airflow_venv/lib/python3.12/site-packages/airflow/example_dags/example_display_name.py took 0.270 seconds
[2024-10-13T07:31:02.254+0000] {processor.py:186} INFO - Started process (PID=16350) to work on /home/vboxuser/airflow_venv/lib/python3.12/site-packages/airflow/example_dags/example_display_name.py
[2024-10-13T07:31:02.256+0000] {processor.py:914} INFO - Processing file /home/vboxuser/airflow_venv/lib/python3.12/site-packages/airflow/example_dags/example_display_name.py for tasks to queue
[2024-10-13T07:31:02.258+0000] {logging_mixin.py:190} INFO - [2024-10-13T07:31:02.258+0000] {dagbag.py:588} INFO - Filling up the DagBag from /home/vboxuser/airflow_venv/lib/python3.12/site-packages/airflow/example_dags/example_display_name.py
[2024-10-13T07:31:02.267+0000] {processor.py:925} INFO - DAG(s) 'example_display_name' retrieved from /home/vboxuser/airflow_venv/lib/python3.12/site-packages/airflow/example_dags/example_display_name.py
[2024-10-13T07:31:02.281+0000] {logging_mixin.py:190} INFO - [2024-10-13T07:31:02.281+0000] {dag.py:3239} INFO - Sync 1 DAGs
[2024-10-13T07:31:02.294+0000] {logging_mixin.py:190} INFO - [2024-10-13T07:31:02.294+0000] {dag.py:4180} INFO - Setting next_dagrun for example_display_name to None, run_after=None
[2024-10-13T07:31:02.319+0000] {processor.py:208} INFO - Processing /home/vboxuser/airflow_venv/lib/python3.12/site-packages/airflow/example_dags/example_display_name.py took 0.070 seconds
[2024-10-13T07:32:14.989+0000] {processor.py:186} INFO - Started process (PID=16476) to work on /home/vboxuser/airflow_venv/lib/python3.12/site-packages/airflow/example_dags/example_display_name.py
[2024-10-13T07:32:14.991+0000] {processor.py:914} INFO - Processing file /home/vboxuser/airflow_venv/lib/python3.12/site-packages/airflow/example_dags/example_display_name.py for tasks to queue
[2024-10-13T07:32:14.993+0000] {logging_mixin.py:190} INFO - [2024-10-13T07:32:14.992+0000] {dagbag.py:588} INFO - Filling up the DagBag from /home/vboxuser/airflow_venv/lib/python3.12/site-packages/airflow/example_dags/example_display_name.py
[2024-10-13T07:32:15.000+0000] {processor.py:925} INFO - DAG(s) 'example_display_name' retrieved from /home/vboxuser/airflow_venv/lib/python3.12/site-packages/airflow/example_dags/example_display_name.py
[2024-10-13T07:32:15.010+0000] {logging_mixin.py:190} INFO - [2024-10-13T07:32:15.010+0000] {dag.py:3239} INFO - Sync 1 DAGs
[2024-10-13T07:32:15.018+0000] {logging_mixin.py:190} INFO - [2024-10-13T07:32:15.018+0000] {dag.py:4180} INFO - Setting next_dagrun for example_display_name to None, run_after=None
[2024-10-13T07:32:15.036+0000] {processor.py:208} INFO - Processing /home/vboxuser/airflow_venv/lib/python3.12/site-packages/airflow/example_dags/example_display_name.py took 0.051 seconds
[2024-10-13T07:33:17.316+0000] {processor.py:186} INFO - Started process (PID=16713) to work on /home/vboxuser/airflow_venv/lib/python3.12/site-packages/airflow/example_dags/example_display_name.py
[2024-10-13T07:33:17.318+0000] {processor.py:914} INFO - Processing file /home/vboxuser/airflow_venv/lib/python3.12/site-packages/airflow/example_dags/example_display_name.py for tasks to queue
[2024-10-13T07:33:17.319+0000] {logging_mixin.py:190} INFO - [2024-10-13T07:33:17.319+0000] {dagbag.py:588} INFO - Filling up the DagBag from /home/vboxuser/airflow_venv/lib/python3.12/site-packages/airflow/example_dags/example_display_name.py
[2024-10-13T07:33:17.327+0000] {processor.py:925} INFO - DAG(s) 'example_display_name' retrieved from /home/vboxuser/airflow_venv/lib/python3.12/site-packages/airflow/example_dags/example_display_name.py
[2024-10-13T07:33:17.338+0000] {logging_mixin.py:190} INFO - [2024-10-13T07:33:17.338+0000] {dag.py:3239} INFO - Sync 1 DAGs
[2024-10-13T07:33:17.347+0000] {logging_mixin.py:190} INFO - [2024-10-13T07:33:17.347+0000] {dag.py:4180} INFO - Setting next_dagrun for example_display_name to None, run_after=None
[2024-10-13T07:33:17.368+0000] {processor.py:208} INFO - Processing /home/vboxuser/airflow_venv/lib/python3.12/site-packages/airflow/example_dags/example_display_name.py took 0.057 seconds
[2024-10-13T07:34:12.715+0000] {processor.py:186} INFO - Started process (PID=16906) to work on /home/vboxuser/airflow_venv/lib/python3.12/site-packages/airflow/example_dags/example_display_name.py
[2024-10-13T07:34:12.717+0000] {processor.py:914} INFO - Processing file /home/vboxuser/airflow_venv/lib/python3.12/site-packages/airflow/example_dags/example_display_name.py for tasks to queue
[2024-10-13T07:34:12.718+0000] {logging_mixin.py:190} INFO - [2024-10-13T07:34:12.718+0000] {dagbag.py:588} INFO - Filling up the DagBag from /home/vboxuser/airflow_venv/lib/python3.12/site-packages/airflow/example_dags/example_display_name.py
[2024-10-13T07:34:12.727+0000] {processor.py:925} INFO - DAG(s) 'example_display_name' retrieved from /home/vboxuser/airflow_venv/lib/python3.12/site-packages/airflow/example_dags/example_display_name.py
[2024-10-13T07:34:12.743+0000] {logging_mixin.py:190} INFO - [2024-10-13T07:34:12.742+0000] {dag.py:3239} INFO - Sync 1 DAGs
[2024-10-13T07:34:12.752+0000] {logging_mixin.py:190} INFO - [2024-10-13T07:34:12.752+0000] {dag.py:4180} INFO - Setting next_dagrun for example_display_name to None, run_after=None
[2024-10-13T07:34:12.774+0000] {processor.py:208} INFO - Processing /home/vboxuser/airflow_venv/lib/python3.12/site-packages/airflow/example_dags/example_display_name.py took 0.066 seconds
[2024-10-13T07:35:05.362+0000] {processor.py:186} INFO - Started process (PID=16972) to work on /home/vboxuser/airflow_venv/lib/python3.12/site-packages/airflow/example_dags/example_display_name.py
[2024-10-13T07:35:05.367+0000] {processor.py:914} INFO - Processing file /home/vboxuser/airflow_venv/lib/python3.12/site-packages/airflow/example_dags/example_display_name.py for tasks to queue
[2024-10-13T07:35:05.369+0000] {logging_mixin.py:190} INFO - [2024-10-13T07:35:05.368+0000] {dagbag.py:588} INFO - Filling up the DagBag from /home/vboxuser/airflow_venv/lib/python3.12/site-packages/airflow/example_dags/example_display_name.py
[2024-10-13T07:35:05.375+0000] {processor.py:925} INFO - DAG(s) 'example_display_name' retrieved from /home/vboxuser/airflow_venv/lib/python3.12/site-packages/airflow/example_dags/example_display_name.py
[2024-10-13T07:35:05.388+0000] {logging_mixin.py:190} INFO - [2024-10-13T07:35:05.388+0000] {dag.py:3239} INFO - Sync 1 DAGs
[2024-10-13T07:35:05.398+0000] {logging_mixin.py:190} INFO - [2024-10-13T07:35:05.398+0000] {dag.py:4180} INFO - Setting next_dagrun for example_display_name to None, run_after=None
[2024-10-13T07:35:05.424+0000] {processor.py:208} INFO - Processing /home/vboxuser/airflow_venv/lib/python3.12/site-packages/airflow/example_dags/example_display_name.py took 0.066 seconds
[2024-10-13T07:36:00.682+0000] {processor.py:186} INFO - Started process (PID=17042) to work on /home/vboxuser/airflow_venv/lib/python3.12/site-packages/airflow/example_dags/example_display_name.py
[2024-10-13T07:36:00.684+0000] {processor.py:914} INFO - Processing file /home/vboxuser/airflow_venv/lib/python3.12/site-packages/airflow/example_dags/example_display_name.py for tasks to queue
[2024-10-13T07:36:00.685+0000] {logging_mixin.py:190} INFO - [2024-10-13T07:36:00.685+0000] {dagbag.py:588} INFO - Filling up the DagBag from /home/vboxuser/airflow_venv/lib/python3.12/site-packages/airflow/example_dags/example_display_name.py
[2024-10-13T07:36:00.691+0000] {processor.py:925} INFO - DAG(s) 'example_display_name' retrieved from /home/vboxuser/airflow_venv/lib/python3.12/site-packages/airflow/example_dags/example_display_name.py
[2024-10-13T07:36:00.701+0000] {logging_mixin.py:190} INFO - [2024-10-13T07:36:00.701+0000] {dag.py:3239} INFO - Sync 1 DAGs
[2024-10-13T07:36:00.709+0000] {logging_mixin.py:190} INFO - [2024-10-13T07:36:00.709+0000] {dag.py:4180} INFO - Setting next_dagrun for example_display_name to None, run_after=None
[2024-10-13T07:36:00.733+0000] {processor.py:208} INFO - Processing /home/vboxuser/airflow_venv/lib/python3.12/site-packages/airflow/example_dags/example_display_name.py took 0.055 seconds
[2024-10-13T07:36:51.310+0000] {processor.py:186} INFO - Started process (PID=17101) to work on /home/vboxuser/airflow_venv/lib/python3.12/site-packages/airflow/example_dags/example_display_name.py
[2024-10-13T07:36:51.311+0000] {processor.py:914} INFO - Processing file /home/vboxuser/airflow_venv/lib/python3.12/site-packages/airflow/example_dags/example_display_name.py for tasks to queue
[2024-10-13T07:36:51.313+0000] {logging_mixin.py:190} INFO - [2024-10-13T07:36:51.312+0000] {dagbag.py:588} INFO - Filling up the DagBag from /home/vboxuser/airflow_venv/lib/python3.12/site-packages/airflow/example_dags/example_display_name.py
[2024-10-13T07:36:51.319+0000] {processor.py:925} INFO - DAG(s) 'example_display_name' retrieved from /home/vboxuser/airflow_venv/lib/python3.12/site-packages/airflow/example_dags/example_display_name.py
[2024-10-13T07:36:51.329+0000] {logging_mixin.py:190} INFO - [2024-10-13T07:36:51.329+0000] {dag.py:3239} INFO - Sync 1 DAGs
[2024-10-13T07:36:51.338+0000] {logging_mixin.py:190} INFO - [2024-10-13T07:36:51.338+0000] {dag.py:4180} INFO - Setting next_dagrun for example_display_name to None, run_after=None
[2024-10-13T07:36:51.360+0000] {processor.py:208} INFO - Processing /home/vboxuser/airflow_venv/lib/python3.12/site-packages/airflow/example_dags/example_display_name.py took 0.055 seconds
[2024-10-13T07:37:43.876+0000] {processor.py:186} INFO - Started process (PID=17163) to work on /home/vboxuser/airflow_venv/lib/python3.12/site-packages/airflow/example_dags/example_display_name.py
[2024-10-13T07:37:43.877+0000] {processor.py:914} INFO - Processing file /home/vboxuser/airflow_venv/lib/python3.12/site-packages/airflow/example_dags/example_display_name.py for tasks to queue
[2024-10-13T07:37:43.880+0000] {logging_mixin.py:190} INFO - [2024-10-13T07:37:43.879+0000] {dagbag.py:588} INFO - Filling up the DagBag from /home/vboxuser/airflow_venv/lib/python3.12/site-packages/airflow/example_dags/example_display_name.py
[2024-10-13T07:37:43.886+0000] {processor.py:925} INFO - DAG(s) 'example_display_name' retrieved from /home/vboxuser/airflow_venv/lib/python3.12/site-packages/airflow/example_dags/example_display_name.py
[2024-10-13T07:37:43.896+0000] {logging_mixin.py:190} INFO - [2024-10-13T07:37:43.896+0000] {dag.py:3239} INFO - Sync 1 DAGs
[2024-10-13T07:37:43.906+0000] {logging_mixin.py:190} INFO - [2024-10-13T07:37:43.906+0000] {dag.py:4180} INFO - Setting next_dagrun for example_display_name to None, run_after=None
[2024-10-13T07:37:43.938+0000] {processor.py:208} INFO - Processing /home/vboxuser/airflow_venv/lib/python3.12/site-packages/airflow/example_dags/example_display_name.py took 0.067 seconds
[2024-10-13T07:38:34.109+0000] {processor.py:186} INFO - Started process (PID=17246) to work on /home/vboxuser/airflow_venv/lib/python3.12/site-packages/airflow/example_dags/example_display_name.py
[2024-10-13T07:38:34.112+0000] {processor.py:914} INFO - Processing file /home/vboxuser/airflow_venv/lib/python3.12/site-packages/airflow/example_dags/example_display_name.py for tasks to queue
[2024-10-13T07:38:34.114+0000] {logging_mixin.py:190} INFO - [2024-10-13T07:38:34.114+0000] {dagbag.py:588} INFO - Filling up the DagBag from /home/vboxuser/airflow_venv/lib/python3.12/site-packages/airflow/example_dags/example_display_name.py
[2024-10-13T07:38:34.121+0000] {processor.py:925} INFO - DAG(s) 'example_display_name' retrieved from /home/vboxuser/airflow_venv/lib/python3.12/site-packages/airflow/example_dags/example_display_name.py
[2024-10-13T07:38:34.132+0000] {logging_mixin.py:190} INFO - [2024-10-13T07:38:34.132+0000] {dag.py:3239} INFO - Sync 1 DAGs
[2024-10-13T07:38:34.141+0000] {logging_mixin.py:190} INFO - [2024-10-13T07:38:34.140+0000] {dag.py:4180} INFO - Setting next_dagrun for example_display_name to None, run_after=None
[2024-10-13T07:38:34.161+0000] {processor.py:208} INFO - Processing /home/vboxuser/airflow_venv/lib/python3.12/site-packages/airflow/example_dags/example_display_name.py took 0.056 seconds
[2024-10-13T07:39:50.451+0000] {processor.py:186} INFO - Started process (PID=17352) to work on /home/vboxuser/airflow_venv/lib/python3.12/site-packages/airflow/example_dags/example_display_name.py
[2024-10-13T07:39:50.453+0000] {processor.py:914} INFO - Processing file /home/vboxuser/airflow_venv/lib/python3.12/site-packages/airflow/example_dags/example_display_name.py for tasks to queue
[2024-10-13T07:39:50.454+0000] {logging_mixin.py:190} INFO - [2024-10-13T07:39:50.454+0000] {dagbag.py:588} INFO - Filling up the DagBag from /home/vboxuser/airflow_venv/lib/python3.12/site-packages/airflow/example_dags/example_display_name.py
[2024-10-13T07:39:50.460+0000] {processor.py:925} INFO - DAG(s) 'example_display_name' retrieved from /home/vboxuser/airflow_venv/lib/python3.12/site-packages/airflow/example_dags/example_display_name.py
[2024-10-13T07:39:50.471+0000] {logging_mixin.py:190} INFO - [2024-10-13T07:39:50.471+0000] {dag.py:3239} INFO - Sync 1 DAGs
[2024-10-13T07:39:50.479+0000] {logging_mixin.py:190} INFO - [2024-10-13T07:39:50.479+0000] {dag.py:4180} INFO - Setting next_dagrun for example_display_name to None, run_after=None
[2024-10-13T07:39:50.504+0000] {processor.py:208} INFO - Processing /home/vboxuser/airflow_venv/lib/python3.12/site-packages/airflow/example_dags/example_display_name.py took 0.057 seconds
[2024-10-13T07:40:40.935+0000] {processor.py:186} INFO - Started process (PID=17449) to work on /home/vboxuser/airflow_venv/lib/python3.12/site-packages/airflow/example_dags/example_display_name.py
[2024-10-13T07:40:40.937+0000] {processor.py:914} INFO - Processing file /home/vboxuser/airflow_venv/lib/python3.12/site-packages/airflow/example_dags/example_display_name.py for tasks to queue
[2024-10-13T07:40:40.940+0000] {logging_mixin.py:190} INFO - [2024-10-13T07:40:40.940+0000] {dagbag.py:588} INFO - Filling up the DagBag from /home/vboxuser/airflow_venv/lib/python3.12/site-packages/airflow/example_dags/example_display_name.py
[2024-10-13T07:40:40.948+0000] {processor.py:925} INFO - DAG(s) 'example_display_name' retrieved from /home/vboxuser/airflow_venv/lib/python3.12/site-packages/airflow/example_dags/example_display_name.py
[2024-10-13T07:40:40.960+0000] {logging_mixin.py:190} INFO - [2024-10-13T07:40:40.960+0000] {dag.py:3239} INFO - Sync 1 DAGs
[2024-10-13T07:40:40.969+0000] {logging_mixin.py:190} INFO - [2024-10-13T07:40:40.969+0000] {dag.py:4180} INFO - Setting next_dagrun for example_display_name to None, run_after=None
[2024-10-13T07:40:40.991+0000] {processor.py:208} INFO - Processing /home/vboxuser/airflow_venv/lib/python3.12/site-packages/airflow/example_dags/example_display_name.py took 0.060 seconds
[2024-10-13T07:41:55.897+0000] {processor.py:186} INFO - Started process (PID=17542) to work on /home/vboxuser/airflow_venv/lib/python3.12/site-packages/airflow/example_dags/example_display_name.py
[2024-10-13T07:41:55.899+0000] {processor.py:914} INFO - Processing file /home/vboxuser/airflow_venv/lib/python3.12/site-packages/airflow/example_dags/example_display_name.py for tasks to queue
[2024-10-13T07:41:55.901+0000] {logging_mixin.py:190} INFO - [2024-10-13T07:41:55.900+0000] {dagbag.py:588} INFO - Filling up the DagBag from /home/vboxuser/airflow_venv/lib/python3.12/site-packages/airflow/example_dags/example_display_name.py
[2024-10-13T07:41:55.907+0000] {processor.py:925} INFO - DAG(s) 'example_display_name' retrieved from /home/vboxuser/airflow_venv/lib/python3.12/site-packages/airflow/example_dags/example_display_name.py
[2024-10-13T07:41:55.918+0000] {logging_mixin.py:190} INFO - [2024-10-13T07:41:55.918+0000] {dag.py:3239} INFO - Sync 1 DAGs
[2024-10-13T07:41:55.928+0000] {logging_mixin.py:190} INFO - [2024-10-13T07:41:55.927+0000] {dag.py:4180} INFO - Setting next_dagrun for example_display_name to None, run_after=None
[2024-10-13T07:41:55.947+0000] {processor.py:208} INFO - Processing /home/vboxuser/airflow_venv/lib/python3.12/site-packages/airflow/example_dags/example_display_name.py took 0.054 seconds
[2024-10-13T07:42:47.746+0000] {processor.py:186} INFO - Started process (PID=17607) to work on /home/vboxuser/airflow_venv/lib/python3.12/site-packages/airflow/example_dags/example_display_name.py
[2024-10-13T07:42:47.751+0000] {processor.py:914} INFO - Processing file /home/vboxuser/airflow_venv/lib/python3.12/site-packages/airflow/example_dags/example_display_name.py for tasks to queue
[2024-10-13T07:42:47.752+0000] {logging_mixin.py:190} INFO - [2024-10-13T07:42:47.752+0000] {dagbag.py:588} INFO - Filling up the DagBag from /home/vboxuser/airflow_venv/lib/python3.12/site-packages/airflow/example_dags/example_display_name.py
[2024-10-13T07:42:47.758+0000] {processor.py:925} INFO - DAG(s) 'example_display_name' retrieved from /home/vboxuser/airflow_venv/lib/python3.12/site-packages/airflow/example_dags/example_display_name.py
[2024-10-13T07:42:47.770+0000] {logging_mixin.py:190} INFO - [2024-10-13T07:42:47.769+0000] {dag.py:3239} INFO - Sync 1 DAGs
[2024-10-13T07:42:47.777+0000] {logging_mixin.py:190} INFO - [2024-10-13T07:42:47.777+0000] {dag.py:4180} INFO - Setting next_dagrun for example_display_name to None, run_after=None
[2024-10-13T07:42:47.798+0000] {processor.py:208} INFO - Processing /home/vboxuser/airflow_venv/lib/python3.12/site-packages/airflow/example_dags/example_display_name.py took 0.055 seconds
