[2024-10-13T07:28:20.507+0000] {processor.py:186} INFO - Started process (PID=15068) to work on /home/vboxuser/airflow_venv/lib/python3.12/site-packages/airflow/example_dags/example_trigger_controller_dag.py
[2024-10-13T07:28:20.507+0000] {processor.py:914} INFO - Processing file /home/vboxuser/airflow_venv/lib/python3.12/site-packages/airflow/example_dags/example_trigger_controller_dag.py for tasks to queue
[2024-10-13T07:28:20.509+0000] {logging_mixin.py:190} INFO - [2024-10-13T07:28:20.508+0000] {dagbag.py:588} INFO - Filling up the DagBag from /home/vboxuser/airflow_venv/lib/python3.12/site-packages/airflow/example_dags/example_trigger_controller_dag.py
[2024-10-13T07:28:20.515+0000] {processor.py:925} INFO - DAG(s) 'example_trigger_controller_dag' retrieved from /home/vboxuser/airflow_venv/lib/python3.12/site-packages/airflow/example_dags/example_trigger_controller_dag.py
[2024-10-13T07:28:20.525+0000] {logging_mixin.py:190} INFO - [2024-10-13T07:28:20.525+0000] {dag.py:3239} INFO - Sync 1 DAGs
[2024-10-13T07:28:20.539+0000] {logging_mixin.py:190} INFO - [2024-10-13T07:28:20.539+0000] {dag.py:4180} INFO - Setting next_dagrun for example_trigger_controller_dag to 2021-01-01 00:00:00+00:00, run_after=2021-01-01 00:00:00+00:00
[2024-10-13T07:28:20.570+0000] {processor.py:208} INFO - Processing /home/vboxuser/airflow_venv/lib/python3.12/site-packages/airflow/example_dags/example_trigger_controller_dag.py took 0.067 seconds
[2024-10-13T07:30:00.412+0000] {processor.py:186} INFO - Started process (PID=16248) to work on /home/vboxuser/airflow_venv/lib/python3.12/site-packages/airflow/example_dags/example_trigger_controller_dag.py
[2024-10-13T07:30:00.419+0000] {processor.py:914} INFO - Processing file /home/vboxuser/airflow_venv/lib/python3.12/site-packages/airflow/example_dags/example_trigger_controller_dag.py for tasks to queue
[2024-10-13T07:30:00.429+0000] {logging_mixin.py:190} INFO - [2024-10-13T07:30:00.425+0000] {dagbag.py:588} INFO - Filling up the DagBag from /home/vboxuser/airflow_venv/lib/python3.12/site-packages/airflow/example_dags/example_trigger_controller_dag.py
[2024-10-13T07:30:00.455+0000] {processor.py:925} INFO - DAG(s) 'example_trigger_controller_dag' retrieved from /home/vboxuser/airflow_venv/lib/python3.12/site-packages/airflow/example_dags/example_trigger_controller_dag.py
[2024-10-13T07:30:00.545+0000] {logging_mixin.py:190} INFO - [2024-10-13T07:30:00.544+0000] {dag.py:3239} INFO - Sync 1 DAGs
[2024-10-13T07:30:00.664+0000] {logging_mixin.py:190} INFO - [2024-10-13T07:30:00.664+0000] {dag.py:4180} INFO - Setting next_dagrun for example_trigger_controller_dag to 2021-01-01 00:00:00+00:00, run_after=2021-01-01 00:00:00+00:00
[2024-10-13T07:30:00.732+0000] {processor.py:208} INFO - Processing /home/vboxuser/airflow_venv/lib/python3.12/site-packages/airflow/example_dags/example_trigger_controller_dag.py took 0.336 seconds
[2024-10-13T07:31:06.459+0000] {processor.py:186} INFO - Started process (PID=16353) to work on /home/vboxuser/airflow_venv/lib/python3.12/site-packages/airflow/example_dags/example_trigger_controller_dag.py
[2024-10-13T07:31:06.469+0000] {processor.py:914} INFO - Processing file /home/vboxuser/airflow_venv/lib/python3.12/site-packages/airflow/example_dags/example_trigger_controller_dag.py for tasks to queue
[2024-10-13T07:31:06.479+0000] {logging_mixin.py:190} INFO - [2024-10-13T07:31:06.475+0000] {dagbag.py:588} INFO - Filling up the DagBag from /home/vboxuser/airflow_venv/lib/python3.12/site-packages/airflow/example_dags/example_trigger_controller_dag.py
[2024-10-13T07:31:06.495+0000] {processor.py:925} INFO - DAG(s) 'example_trigger_controller_dag' retrieved from /home/vboxuser/airflow_venv/lib/python3.12/site-packages/airflow/example_dags/example_trigger_controller_dag.py
[2024-10-13T07:31:06.523+0000] {logging_mixin.py:190} INFO - [2024-10-13T07:31:06.523+0000] {dag.py:3239} INFO - Sync 1 DAGs
[2024-10-13T07:31:06.541+0000] {logging_mixin.py:190} INFO - [2024-10-13T07:31:06.541+0000] {dag.py:4180} INFO - Setting next_dagrun for example_trigger_controller_dag to 2021-01-01 00:00:00+00:00, run_after=2021-01-01 00:00:00+00:00
[2024-10-13T07:31:06.601+0000] {processor.py:208} INFO - Processing /home/vboxuser/airflow_venv/lib/python3.12/site-packages/airflow/example_dags/example_trigger_controller_dag.py took 0.156 seconds
[2024-10-13T07:32:18.516+0000] {processor.py:186} INFO - Started process (PID=16479) to work on /home/vboxuser/airflow_venv/lib/python3.12/site-packages/airflow/example_dags/example_trigger_controller_dag.py
[2024-10-13T07:32:18.525+0000] {processor.py:914} INFO - Processing file /home/vboxuser/airflow_venv/lib/python3.12/site-packages/airflow/example_dags/example_trigger_controller_dag.py for tasks to queue
[2024-10-13T07:32:18.528+0000] {logging_mixin.py:190} INFO - [2024-10-13T07:32:18.527+0000] {dagbag.py:588} INFO - Filling up the DagBag from /home/vboxuser/airflow_venv/lib/python3.12/site-packages/airflow/example_dags/example_trigger_controller_dag.py
[2024-10-13T07:32:18.538+0000] {processor.py:925} INFO - DAG(s) 'example_trigger_controller_dag' retrieved from /home/vboxuser/airflow_venv/lib/python3.12/site-packages/airflow/example_dags/example_trigger_controller_dag.py
[2024-10-13T07:32:18.564+0000] {logging_mixin.py:190} INFO - [2024-10-13T07:32:18.564+0000] {dag.py:3239} INFO - Sync 1 DAGs
[2024-10-13T07:32:18.579+0000] {logging_mixin.py:190} INFO - [2024-10-13T07:32:18.579+0000] {dag.py:4180} INFO - Setting next_dagrun for example_trigger_controller_dag to 2021-01-01 00:00:00+00:00, run_after=2021-01-01 00:00:00+00:00
[2024-10-13T07:32:18.635+0000] {processor.py:208} INFO - Processing /home/vboxuser/airflow_venv/lib/python3.12/site-packages/airflow/example_dags/example_trigger_controller_dag.py took 0.130 seconds
[2024-10-13T07:33:20.228+0000] {processor.py:186} INFO - Started process (PID=16717) to work on /home/vboxuser/airflow_venv/lib/python3.12/site-packages/airflow/example_dags/example_trigger_controller_dag.py
[2024-10-13T07:33:20.232+0000] {processor.py:914} INFO - Processing file /home/vboxuser/airflow_venv/lib/python3.12/site-packages/airflow/example_dags/example_trigger_controller_dag.py for tasks to queue
[2024-10-13T07:33:20.234+0000] {logging_mixin.py:190} INFO - [2024-10-13T07:33:20.234+0000] {dagbag.py:588} INFO - Filling up the DagBag from /home/vboxuser/airflow_venv/lib/python3.12/site-packages/airflow/example_dags/example_trigger_controller_dag.py
[2024-10-13T07:33:20.239+0000] {processor.py:925} INFO - DAG(s) 'example_trigger_controller_dag' retrieved from /home/vboxuser/airflow_venv/lib/python3.12/site-packages/airflow/example_dags/example_trigger_controller_dag.py
[2024-10-13T07:33:20.250+0000] {logging_mixin.py:190} INFO - [2024-10-13T07:33:20.250+0000] {dag.py:3239} INFO - Sync 1 DAGs
[2024-10-13T07:33:20.263+0000] {logging_mixin.py:190} INFO - [2024-10-13T07:33:20.263+0000] {dag.py:4180} INFO - Setting next_dagrun for example_trigger_controller_dag to 2021-01-01 00:00:00+00:00, run_after=2021-01-01 00:00:00+00:00
[2024-10-13T07:33:20.284+0000] {processor.py:208} INFO - Processing /home/vboxuser/airflow_venv/lib/python3.12/site-packages/airflow/example_dags/example_trigger_controller_dag.py took 0.059 seconds
[2024-10-13T07:34:15.772+0000] {processor.py:186} INFO - Started process (PID=16910) to work on /home/vboxuser/airflow_venv/lib/python3.12/site-packages/airflow/example_dags/example_trigger_controller_dag.py
[2024-10-13T07:34:15.775+0000] {processor.py:914} INFO - Processing file /home/vboxuser/airflow_venv/lib/python3.12/site-packages/airflow/example_dags/example_trigger_controller_dag.py for tasks to queue
[2024-10-13T07:34:15.776+0000] {logging_mixin.py:190} INFO - [2024-10-13T07:34:15.776+0000] {dagbag.py:588} INFO - Filling up the DagBag from /home/vboxuser/airflow_venv/lib/python3.12/site-packages/airflow/example_dags/example_trigger_controller_dag.py
[2024-10-13T07:34:15.783+0000] {processor.py:925} INFO - DAG(s) 'example_trigger_controller_dag' retrieved from /home/vboxuser/airflow_venv/lib/python3.12/site-packages/airflow/example_dags/example_trigger_controller_dag.py
[2024-10-13T07:34:15.795+0000] {logging_mixin.py:190} INFO - [2024-10-13T07:34:15.795+0000] {dag.py:3239} INFO - Sync 1 DAGs
[2024-10-13T07:34:15.808+0000] {logging_mixin.py:190} INFO - [2024-10-13T07:34:15.808+0000] {dag.py:4180} INFO - Setting next_dagrun for example_trigger_controller_dag to 2021-01-01 00:00:00+00:00, run_after=2021-01-01 00:00:00+00:00
[2024-10-13T07:34:15.829+0000] {processor.py:208} INFO - Processing /home/vboxuser/airflow_venv/lib/python3.12/site-packages/airflow/example_dags/example_trigger_controller_dag.py took 0.061 seconds
[2024-10-13T07:35:08.123+0000] {processor.py:186} INFO - Started process (PID=16976) to work on /home/vboxuser/airflow_venv/lib/python3.12/site-packages/airflow/example_dags/example_trigger_controller_dag.py
[2024-10-13T07:35:08.124+0000] {processor.py:914} INFO - Processing file /home/vboxuser/airflow_venv/lib/python3.12/site-packages/airflow/example_dags/example_trigger_controller_dag.py for tasks to queue
[2024-10-13T07:35:08.126+0000] {logging_mixin.py:190} INFO - [2024-10-13T07:35:08.125+0000] {dagbag.py:588} INFO - Filling up the DagBag from /home/vboxuser/airflow_venv/lib/python3.12/site-packages/airflow/example_dags/example_trigger_controller_dag.py
[2024-10-13T07:35:08.131+0000] {processor.py:925} INFO - DAG(s) 'example_trigger_controller_dag' retrieved from /home/vboxuser/airflow_venv/lib/python3.12/site-packages/airflow/example_dags/example_trigger_controller_dag.py
[2024-10-13T07:35:08.142+0000] {logging_mixin.py:190} INFO - [2024-10-13T07:35:08.142+0000] {dag.py:3239} INFO - Sync 1 DAGs
[2024-10-13T07:35:08.159+0000] {logging_mixin.py:190} INFO - [2024-10-13T07:35:08.159+0000] {dag.py:4180} INFO - Setting next_dagrun for example_trigger_controller_dag to 2021-01-01 00:00:00+00:00, run_after=2021-01-01 00:00:00+00:00
[2024-10-13T07:35:08.181+0000] {processor.py:208} INFO - Processing /home/vboxuser/airflow_venv/lib/python3.12/site-packages/airflow/example_dags/example_trigger_controller_dag.py took 0.063 seconds
[2024-10-13T07:36:04.164+0000] {processor.py:186} INFO - Started process (PID=17045) to work on /home/vboxuser/airflow_venv/lib/python3.12/site-packages/airflow/example_dags/example_trigger_controller_dag.py
[2024-10-13T07:36:04.165+0000] {processor.py:914} INFO - Processing file /home/vboxuser/airflow_venv/lib/python3.12/site-packages/airflow/example_dags/example_trigger_controller_dag.py for tasks to queue
[2024-10-13T07:36:04.167+0000] {logging_mixin.py:190} INFO - [2024-10-13T07:36:04.166+0000] {dagbag.py:588} INFO - Filling up the DagBag from /home/vboxuser/airflow_venv/lib/python3.12/site-packages/airflow/example_dags/example_trigger_controller_dag.py
[2024-10-13T07:36:04.172+0000] {processor.py:925} INFO - DAG(s) 'example_trigger_controller_dag' retrieved from /home/vboxuser/airflow_venv/lib/python3.12/site-packages/airflow/example_dags/example_trigger_controller_dag.py
[2024-10-13T07:36:04.183+0000] {logging_mixin.py:190} INFO - [2024-10-13T07:36:04.182+0000] {dag.py:3239} INFO - Sync 1 DAGs
[2024-10-13T07:36:04.195+0000] {logging_mixin.py:190} INFO - [2024-10-13T07:36:04.194+0000] {dag.py:4180} INFO - Setting next_dagrun for example_trigger_controller_dag to 2021-01-01 00:00:00+00:00, run_after=2021-01-01 00:00:00+00:00
[2024-10-13T07:36:04.217+0000] {processor.py:208} INFO - Processing /home/vboxuser/airflow_venv/lib/python3.12/site-packages/airflow/example_dags/example_trigger_controller_dag.py took 0.057 seconds
[2024-10-13T07:37:18.124+0000] {processor.py:186} INFO - Started process (PID=17131) to work on /home/vboxuser/airflow_venv/lib/python3.12/site-packages/airflow/example_dags/example_trigger_controller_dag.py
[2024-10-13T07:37:18.125+0000] {processor.py:914} INFO - Processing file /home/vboxuser/airflow_venv/lib/python3.12/site-packages/airflow/example_dags/example_trigger_controller_dag.py for tasks to queue
[2024-10-13T07:37:18.128+0000] {logging_mixin.py:190} INFO - [2024-10-13T07:37:18.127+0000] {dagbag.py:588} INFO - Filling up the DagBag from /home/vboxuser/airflow_venv/lib/python3.12/site-packages/airflow/example_dags/example_trigger_controller_dag.py
[2024-10-13T07:37:18.133+0000] {processor.py:925} INFO - DAG(s) 'example_trigger_controller_dag' retrieved from /home/vboxuser/airflow_venv/lib/python3.12/site-packages/airflow/example_dags/example_trigger_controller_dag.py
[2024-10-13T07:37:18.146+0000] {logging_mixin.py:190} INFO - [2024-10-13T07:37:18.145+0000] {dag.py:3239} INFO - Sync 1 DAGs
[2024-10-13T07:37:18.161+0000] {logging_mixin.py:190} INFO - [2024-10-13T07:37:18.160+0000] {dag.py:4180} INFO - Setting next_dagrun for example_trigger_controller_dag to 2021-01-01 00:00:00+00:00, run_after=2021-01-01 00:00:00+00:00
[2024-10-13T07:37:18.186+0000] {processor.py:208} INFO - Processing /home/vboxuser/airflow_venv/lib/python3.12/site-packages/airflow/example_dags/example_trigger_controller_dag.py took 0.068 seconds
[2024-10-13T07:38:08.343+0000] {processor.py:186} INFO - Started process (PID=17196) to work on /home/vboxuser/airflow_venv/lib/python3.12/site-packages/airflow/example_dags/example_trigger_controller_dag.py
[2024-10-13T07:38:08.344+0000] {processor.py:914} INFO - Processing file /home/vboxuser/airflow_venv/lib/python3.12/site-packages/airflow/example_dags/example_trigger_controller_dag.py for tasks to queue
[2024-10-13T07:38:08.347+0000] {logging_mixin.py:190} INFO - [2024-10-13T07:38:08.346+0000] {dagbag.py:588} INFO - Filling up the DagBag from /home/vboxuser/airflow_venv/lib/python3.12/site-packages/airflow/example_dags/example_trigger_controller_dag.py
[2024-10-13T07:38:08.353+0000] {processor.py:925} INFO - DAG(s) 'example_trigger_controller_dag' retrieved from /home/vboxuser/airflow_venv/lib/python3.12/site-packages/airflow/example_dags/example_trigger_controller_dag.py
[2024-10-13T07:38:08.365+0000] {logging_mixin.py:190} INFO - [2024-10-13T07:38:08.365+0000] {dag.py:3239} INFO - Sync 1 DAGs
[2024-10-13T07:38:08.383+0000] {logging_mixin.py:190} INFO - [2024-10-13T07:38:08.383+0000] {dag.py:4180} INFO - Setting next_dagrun for example_trigger_controller_dag to 2021-01-01 00:00:00+00:00, run_after=2021-01-01 00:00:00+00:00
[2024-10-13T07:38:08.416+0000] {processor.py:208} INFO - Processing /home/vboxuser/airflow_venv/lib/python3.12/site-packages/airflow/example_dags/example_trigger_controller_dag.py took 0.078 seconds
[2024-10-13T07:39:00.274+0000] {processor.py:186} INFO - Started process (PID=17292) to work on /home/vboxuser/airflow_venv/lib/python3.12/site-packages/airflow/example_dags/example_trigger_controller_dag.py
[2024-10-13T07:39:00.275+0000] {processor.py:914} INFO - Processing file /home/vboxuser/airflow_venv/lib/python3.12/site-packages/airflow/example_dags/example_trigger_controller_dag.py for tasks to queue
[2024-10-13T07:39:00.277+0000] {logging_mixin.py:190} INFO - [2024-10-13T07:39:00.277+0000] {dagbag.py:588} INFO - Filling up the DagBag from /home/vboxuser/airflow_venv/lib/python3.12/site-packages/airflow/example_dags/example_trigger_controller_dag.py
[2024-10-13T07:39:00.282+0000] {processor.py:925} INFO - DAG(s) 'example_trigger_controller_dag' retrieved from /home/vboxuser/airflow_venv/lib/python3.12/site-packages/airflow/example_dags/example_trigger_controller_dag.py
[2024-10-13T07:39:00.293+0000] {logging_mixin.py:190} INFO - [2024-10-13T07:39:00.293+0000] {dag.py:3239} INFO - Sync 1 DAGs
[2024-10-13T07:39:00.307+0000] {logging_mixin.py:190} INFO - [2024-10-13T07:39:00.307+0000] {dag.py:4180} INFO - Setting next_dagrun for example_trigger_controller_dag to 2021-01-01 00:00:00+00:00, run_after=2021-01-01 00:00:00+00:00
[2024-10-13T07:39:00.332+0000] {processor.py:208} INFO - Processing /home/vboxuser/airflow_venv/lib/python3.12/site-packages/airflow/example_dags/example_trigger_controller_dag.py took 0.061 seconds
[2024-10-13T07:39:52.052+0000] {processor.py:186} INFO - Started process (PID=17355) to work on /home/vboxuser/airflow_venv/lib/python3.12/site-packages/airflow/example_dags/example_trigger_controller_dag.py
[2024-10-13T07:39:52.055+0000] {processor.py:914} INFO - Processing file /home/vboxuser/airflow_venv/lib/python3.12/site-packages/airflow/example_dags/example_trigger_controller_dag.py for tasks to queue
[2024-10-13T07:39:52.057+0000] {logging_mixin.py:190} INFO - [2024-10-13T07:39:52.057+0000] {dagbag.py:588} INFO - Filling up the DagBag from /home/vboxuser/airflow_venv/lib/python3.12/site-packages/airflow/example_dags/example_trigger_controller_dag.py
[2024-10-13T07:39:52.062+0000] {processor.py:925} INFO - DAG(s) 'example_trigger_controller_dag' retrieved from /home/vboxuser/airflow_venv/lib/python3.12/site-packages/airflow/example_dags/example_trigger_controller_dag.py
[2024-10-13T07:39:52.075+0000] {logging_mixin.py:190} INFO - [2024-10-13T07:39:52.075+0000] {dag.py:3239} INFO - Sync 1 DAGs
[2024-10-13T07:39:52.090+0000] {logging_mixin.py:190} INFO - [2024-10-13T07:39:52.090+0000] {dag.py:4180} INFO - Setting next_dagrun for example_trigger_controller_dag to 2021-01-01 00:00:00+00:00, run_after=2021-01-01 00:00:00+00:00
[2024-10-13T07:39:52.118+0000] {processor.py:208} INFO - Processing /home/vboxuser/airflow_venv/lib/python3.12/site-packages/airflow/example_dags/example_trigger_controller_dag.py took 0.069 seconds
[2024-10-13T07:41:06.699+0000] {processor.py:186} INFO - Started process (PID=17483) to work on /home/vboxuser/airflow_venv/lib/python3.12/site-packages/airflow/example_dags/example_trigger_controller_dag.py
[2024-10-13T07:41:06.701+0000] {processor.py:914} INFO - Processing file /home/vboxuser/airflow_venv/lib/python3.12/site-packages/airflow/example_dags/example_trigger_controller_dag.py for tasks to queue
[2024-10-13T07:41:06.703+0000] {logging_mixin.py:190} INFO - [2024-10-13T07:41:06.702+0000] {dagbag.py:588} INFO - Filling up the DagBag from /home/vboxuser/airflow_venv/lib/python3.12/site-packages/airflow/example_dags/example_trigger_controller_dag.py
[2024-10-13T07:41:06.711+0000] {processor.py:925} INFO - DAG(s) 'example_trigger_controller_dag' retrieved from /home/vboxuser/airflow_venv/lib/python3.12/site-packages/airflow/example_dags/example_trigger_controller_dag.py
[2024-10-13T07:41:06.724+0000] {logging_mixin.py:190} INFO - [2024-10-13T07:41:06.723+0000] {dag.py:3239} INFO - Sync 1 DAGs
[2024-10-13T07:41:06.741+0000] {logging_mixin.py:190} INFO - [2024-10-13T07:41:06.741+0000] {dag.py:4180} INFO - Setting next_dagrun for example_trigger_controller_dag to 2021-01-01 00:00:00+00:00, run_after=2021-01-01 00:00:00+00:00
[2024-10-13T07:41:06.768+0000] {processor.py:208} INFO - Processing /home/vboxuser/airflow_venv/lib/python3.12/site-packages/airflow/example_dags/example_trigger_controller_dag.py took 0.075 seconds
[2024-10-13T07:42:20.841+0000] {processor.py:186} INFO - Started process (PID=17570) to work on /home/vboxuser/airflow_venv/lib/python3.12/site-packages/airflow/example_dags/example_trigger_controller_dag.py
[2024-10-13T07:42:20.845+0000] {processor.py:914} INFO - Processing file /home/vboxuser/airflow_venv/lib/python3.12/site-packages/airflow/example_dags/example_trigger_controller_dag.py for tasks to queue
[2024-10-13T07:42:20.847+0000] {logging_mixin.py:190} INFO - [2024-10-13T07:42:20.847+0000] {dagbag.py:588} INFO - Filling up the DagBag from /home/vboxuser/airflow_venv/lib/python3.12/site-packages/airflow/example_dags/example_trigger_controller_dag.py
[2024-10-13T07:42:20.852+0000] {processor.py:925} INFO - DAG(s) 'example_trigger_controller_dag' retrieved from /home/vboxuser/airflow_venv/lib/python3.12/site-packages/airflow/example_dags/example_trigger_controller_dag.py
[2024-10-13T07:42:20.863+0000] {logging_mixin.py:190} INFO - [2024-10-13T07:42:20.863+0000] {dag.py:3239} INFO - Sync 1 DAGs
[2024-10-13T07:42:20.875+0000] {logging_mixin.py:190} INFO - [2024-10-13T07:42:20.875+0000] {dag.py:4180} INFO - Setting next_dagrun for example_trigger_controller_dag to 2021-01-01 00:00:00+00:00, run_after=2021-01-01 00:00:00+00:00
[2024-10-13T07:42:20.894+0000] {processor.py:208} INFO - Processing /home/vboxuser/airflow_venv/lib/python3.12/site-packages/airflow/example_dags/example_trigger_controller_dag.py took 0.057 seconds
