[2024-10-13T07:28:32.537+0000] {processor.py:186} INFO - Started process (PID=15146) to work on /home/vboxuser/airflow_venv/lib/python3.12/site-packages/airflow/example_dags/example_inlet_event_extra.py
[2024-10-13T07:28:32.538+0000] {processor.py:914} INFO - Processing file /home/vboxuser/airflow_venv/lib/python3.12/site-packages/airflow/example_dags/example_inlet_event_extra.py for tasks to queue
[2024-10-13T07:28:32.539+0000] {logging_mixin.py:190} INFO - [2024-10-13T07:28:32.539+0000] {dagbag.py:588} INFO - Filling up the DagBag from /home/vboxuser/airflow_venv/lib/python3.12/site-packages/airflow/example_dags/example_inlet_event_extra.py
[2024-10-13T07:28:32.549+0000] {processor.py:925} INFO - DAG(s) 'read_dataset_event', 'read_dataset_event_from_classic' retrieved from /home/vboxuser/airflow_venv/lib/python3.12/site-packages/airflow/example_dags/example_inlet_event_extra.py
[2024-10-13T07:28:32.560+0000] {logging_mixin.py:190} INFO - [2024-10-13T07:28:32.560+0000] {dag.py:3239} INFO - Sync 2 DAGs
[2024-10-13T07:28:32.574+0000] {logging_mixin.py:190} INFO - [2024-10-13T07:28:32.574+0000] {dag.py:4180} INFO - Setting next_dagrun for read_dataset_event to 2024-10-12 00:00:00+00:00, run_after=2024-10-13 00:00:00+00:00
[2024-10-13T07:28:32.577+0000] {logging_mixin.py:190} INFO - [2024-10-13T07:28:32.577+0000] {dag.py:4180} INFO - Setting next_dagrun for read_dataset_event_from_classic to 2024-10-12 00:00:00+00:00, run_after=2024-10-13 00:00:00+00:00
[2024-10-13T07:28:32.605+0000] {processor.py:208} INFO - Processing /home/vboxuser/airflow_venv/lib/python3.12/site-packages/airflow/example_dags/example_inlet_event_extra.py took 0.072 seconds
[2024-10-13T07:29:31.845+0000] {processor.py:186} INFO - Started process (PID=16208) to work on /home/vboxuser/airflow_venv/lib/python3.12/site-packages/airflow/example_dags/example_inlet_event_extra.py
[2024-10-13T07:29:31.847+0000] {processor.py:914} INFO - Processing file /home/vboxuser/airflow_venv/lib/python3.12/site-packages/airflow/example_dags/example_inlet_event_extra.py for tasks to queue
[2024-10-13T07:29:31.849+0000] {logging_mixin.py:190} INFO - [2024-10-13T07:29:31.848+0000] {dagbag.py:588} INFO - Filling up the DagBag from /home/vboxuser/airflow_venv/lib/python3.12/site-packages/airflow/example_dags/example_inlet_event_extra.py
[2024-10-13T07:29:31.858+0000] {processor.py:925} INFO - DAG(s) 'read_dataset_event_from_classic', 'read_dataset_event' retrieved from /home/vboxuser/airflow_venv/lib/python3.12/site-packages/airflow/example_dags/example_inlet_event_extra.py
[2024-10-13T07:29:31.869+0000] {logging_mixin.py:190} INFO - [2024-10-13T07:29:31.869+0000] {dag.py:3239} INFO - Sync 2 DAGs
[2024-10-13T07:29:31.883+0000] {logging_mixin.py:190} INFO - [2024-10-13T07:29:31.883+0000] {dag.py:4180} INFO - Setting next_dagrun for read_dataset_event to 2024-10-12 00:00:00+00:00, run_after=2024-10-13 00:00:00+00:00
[2024-10-13T07:29:31.886+0000] {logging_mixin.py:190} INFO - [2024-10-13T07:29:31.886+0000] {dag.py:4180} INFO - Setting next_dagrun for read_dataset_event_from_classic to 2024-10-12 00:00:00+00:00, run_after=2024-10-13 00:00:00+00:00
[2024-10-13T07:29:31.907+0000] {processor.py:208} INFO - Processing /home/vboxuser/airflow_venv/lib/python3.12/site-packages/airflow/example_dags/example_inlet_event_extra.py took 0.066 seconds
[2024-10-13T07:30:12.374+0000] {processor.py:186} INFO - Started process (PID=16275) to work on /home/vboxuser/airflow_venv/lib/python3.12/site-packages/airflow/example_dags/example_inlet_event_extra.py
[2024-10-13T07:30:12.378+0000] {processor.py:914} INFO - Processing file /home/vboxuser/airflow_venv/lib/python3.12/site-packages/airflow/example_dags/example_inlet_event_extra.py for tasks to queue
[2024-10-13T07:30:12.380+0000] {logging_mixin.py:190} INFO - [2024-10-13T07:30:12.379+0000] {dagbag.py:588} INFO - Filling up the DagBag from /home/vboxuser/airflow_venv/lib/python3.12/site-packages/airflow/example_dags/example_inlet_event_extra.py
[2024-10-13T07:30:12.390+0000] {processor.py:925} INFO - DAG(s) 'read_dataset_event_from_classic', 'read_dataset_event' retrieved from /home/vboxuser/airflow_venv/lib/python3.12/site-packages/airflow/example_dags/example_inlet_event_extra.py
[2024-10-13T07:30:12.405+0000] {logging_mixin.py:190} INFO - [2024-10-13T07:30:12.405+0000] {dag.py:3239} INFO - Sync 2 DAGs
[2024-10-13T07:30:12.422+0000] {logging_mixin.py:190} INFO - [2024-10-13T07:30:12.422+0000] {dag.py:4180} INFO - Setting next_dagrun for read_dataset_event to 2024-10-12 00:00:00+00:00, run_after=2024-10-13 00:00:00+00:00
[2024-10-13T07:30:12.425+0000] {logging_mixin.py:190} INFO - [2024-10-13T07:30:12.425+0000] {dag.py:4180} INFO - Setting next_dagrun for read_dataset_event_from_classic to 2024-10-12 00:00:00+00:00, run_after=2024-10-13 00:00:00+00:00
[2024-10-13T07:30:12.444+0000] {processor.py:208} INFO - Processing /home/vboxuser/airflow_venv/lib/python3.12/site-packages/airflow/example_dags/example_inlet_event_extra.py took 0.075 seconds
[2024-10-13T07:30:47.901+0000] {processor.py:186} INFO - Started process (PID=16333) to work on /home/vboxuser/airflow_venv/lib/python3.12/site-packages/airflow/example_dags/example_inlet_event_extra.py
[2024-10-13T07:30:47.907+0000] {processor.py:914} INFO - Processing file /home/vboxuser/airflow_venv/lib/python3.12/site-packages/airflow/example_dags/example_inlet_event_extra.py for tasks to queue
[2024-10-13T07:30:47.913+0000] {logging_mixin.py:190} INFO - [2024-10-13T07:30:47.912+0000] {dagbag.py:588} INFO - Filling up the DagBag from /home/vboxuser/airflow_venv/lib/python3.12/site-packages/airflow/example_dags/example_inlet_event_extra.py
[2024-10-13T07:30:47.927+0000] {processor.py:925} INFO - DAG(s) 'read_dataset_event', 'read_dataset_event_from_classic' retrieved from /home/vboxuser/airflow_venv/lib/python3.12/site-packages/airflow/example_dags/example_inlet_event_extra.py
[2024-10-13T07:30:47.946+0000] {logging_mixin.py:190} INFO - [2024-10-13T07:30:47.946+0000] {dag.py:3239} INFO - Sync 2 DAGs
[2024-10-13T07:30:47.985+0000] {logging_mixin.py:190} INFO - [2024-10-13T07:30:47.985+0000] {dag.py:4180} INFO - Setting next_dagrun for read_dataset_event to 2024-10-12 00:00:00+00:00, run_after=2024-10-13 00:00:00+00:00
[2024-10-13T07:30:47.992+0000] {logging_mixin.py:190} INFO - [2024-10-13T07:30:47.992+0000] {dag.py:4180} INFO - Setting next_dagrun for read_dataset_event_from_classic to 2024-10-12 00:00:00+00:00, run_after=2024-10-13 00:00:00+00:00
[2024-10-13T07:30:48.083+0000] {processor.py:208} INFO - Processing /home/vboxuser/airflow_venv/lib/python3.12/site-packages/airflow/example_dags/example_inlet_event_extra.py took 0.188 seconds
[2024-10-13T07:31:53.981+0000] {processor.py:186} INFO - Started process (PID=16437) to work on /home/vboxuser/airflow_venv/lib/python3.12/site-packages/airflow/example_dags/example_inlet_event_extra.py
[2024-10-13T07:31:53.986+0000] {processor.py:914} INFO - Processing file /home/vboxuser/airflow_venv/lib/python3.12/site-packages/airflow/example_dags/example_inlet_event_extra.py for tasks to queue
[2024-10-13T07:31:53.988+0000] {logging_mixin.py:190} INFO - [2024-10-13T07:31:53.987+0000] {dagbag.py:588} INFO - Filling up the DagBag from /home/vboxuser/airflow_venv/lib/python3.12/site-packages/airflow/example_dags/example_inlet_event_extra.py
[2024-10-13T07:31:53.997+0000] {processor.py:925} INFO - DAG(s) 'read_dataset_event', 'read_dataset_event_from_classic' retrieved from /home/vboxuser/airflow_venv/lib/python3.12/site-packages/airflow/example_dags/example_inlet_event_extra.py
[2024-10-13T07:31:54.008+0000] {logging_mixin.py:190} INFO - [2024-10-13T07:31:54.008+0000] {dag.py:3239} INFO - Sync 2 DAGs
[2024-10-13T07:31:54.023+0000] {logging_mixin.py:190} INFO - [2024-10-13T07:31:54.023+0000] {dag.py:4180} INFO - Setting next_dagrun for read_dataset_event to 2024-10-12 00:00:00+00:00, run_after=2024-10-13 00:00:00+00:00
[2024-10-13T07:31:54.026+0000] {logging_mixin.py:190} INFO - [2024-10-13T07:31:54.025+0000] {dag.py:4180} INFO - Setting next_dagrun for read_dataset_event_from_classic to 2024-10-12 00:00:00+00:00, run_after=2024-10-13 00:00:00+00:00
[2024-10-13T07:31:54.047+0000] {processor.py:208} INFO - Processing /home/vboxuser/airflow_venv/lib/python3.12/site-packages/airflow/example_dags/example_inlet_event_extra.py took 0.070 seconds
[2024-10-13T07:32:29.498+0000] {processor.py:186} INFO - Started process (PID=16544) to work on /home/vboxuser/airflow_venv/lib/python3.12/site-packages/airflow/example_dags/example_inlet_event_extra.py
[2024-10-13T07:32:29.508+0000] {processor.py:914} INFO - Processing file /home/vboxuser/airflow_venv/lib/python3.12/site-packages/airflow/example_dags/example_inlet_event_extra.py for tasks to queue
[2024-10-13T07:32:29.515+0000] {logging_mixin.py:190} INFO - [2024-10-13T07:32:29.515+0000] {dagbag.py:588} INFO - Filling up the DagBag from /home/vboxuser/airflow_venv/lib/python3.12/site-packages/airflow/example_dags/example_inlet_event_extra.py
[2024-10-13T07:32:29.554+0000] {processor.py:925} INFO - DAG(s) 'read_dataset_event', 'read_dataset_event_from_classic' retrieved from /home/vboxuser/airflow_venv/lib/python3.12/site-packages/airflow/example_dags/example_inlet_event_extra.py
[2024-10-13T07:32:29.644+0000] {logging_mixin.py:190} INFO - [2024-10-13T07:32:29.642+0000] {dag.py:3239} INFO - Sync 2 DAGs
[2024-10-13T07:32:29.690+0000] {logging_mixin.py:190} INFO - [2024-10-13T07:32:29.690+0000] {dag.py:4180} INFO - Setting next_dagrun for read_dataset_event to 2024-10-12 00:00:00+00:00, run_after=2024-10-13 00:00:00+00:00
[2024-10-13T07:32:29.697+0000] {logging_mixin.py:190} INFO - [2024-10-13T07:32:29.696+0000] {dag.py:4180} INFO - Setting next_dagrun for read_dataset_event_from_classic to 2024-10-12 00:00:00+00:00, run_after=2024-10-13 00:00:00+00:00
[2024-10-13T07:32:29.744+0000] {processor.py:208} INFO - Processing /home/vboxuser/airflow_venv/lib/python3.12/site-packages/airflow/example_dags/example_inlet_event_extra.py took 0.285 seconds
[2024-10-13T07:33:31.796+0000] {processor.py:186} INFO - Started process (PID=16731) to work on /home/vboxuser/airflow_venv/lib/python3.12/site-packages/airflow/example_dags/example_inlet_event_extra.py
[2024-10-13T07:33:31.801+0000] {processor.py:914} INFO - Processing file /home/vboxuser/airflow_venv/lib/python3.12/site-packages/airflow/example_dags/example_inlet_event_extra.py for tasks to queue
[2024-10-13T07:33:31.802+0000] {logging_mixin.py:190} INFO - [2024-10-13T07:33:31.802+0000] {dagbag.py:588} INFO - Filling up the DagBag from /home/vboxuser/airflow_venv/lib/python3.12/site-packages/airflow/example_dags/example_inlet_event_extra.py
[2024-10-13T07:33:31.811+0000] {processor.py:925} INFO - DAG(s) 'read_dataset_event', 'read_dataset_event_from_classic' retrieved from /home/vboxuser/airflow_venv/lib/python3.12/site-packages/airflow/example_dags/example_inlet_event_extra.py
[2024-10-13T07:33:31.822+0000] {logging_mixin.py:190} INFO - [2024-10-13T07:33:31.822+0000] {dag.py:3239} INFO - Sync 2 DAGs
[2024-10-13T07:33:31.837+0000] {logging_mixin.py:190} INFO - [2024-10-13T07:33:31.836+0000] {dag.py:4180} INFO - Setting next_dagrun for read_dataset_event to 2024-10-12 00:00:00+00:00, run_after=2024-10-13 00:00:00+00:00
[2024-10-13T07:33:31.839+0000] {logging_mixin.py:190} INFO - [2024-10-13T07:33:31.839+0000] {dag.py:4180} INFO - Setting next_dagrun for read_dataset_event_from_classic to 2024-10-12 00:00:00+00:00, run_after=2024-10-13 00:00:00+00:00
[2024-10-13T07:33:31.858+0000] {processor.py:208} INFO - Processing /home/vboxuser/airflow_venv/lib/python3.12/site-packages/airflow/example_dags/example_inlet_event_extra.py took 0.065 seconds
[2024-10-13T07:34:27.069+0000] {processor.py:186} INFO - Started process (PID=16922) to work on /home/vboxuser/airflow_venv/lib/python3.12/site-packages/airflow/example_dags/example_inlet_event_extra.py
[2024-10-13T07:34:27.071+0000] {processor.py:914} INFO - Processing file /home/vboxuser/airflow_venv/lib/python3.12/site-packages/airflow/example_dags/example_inlet_event_extra.py for tasks to queue
[2024-10-13T07:34:27.073+0000] {logging_mixin.py:190} INFO - [2024-10-13T07:34:27.073+0000] {dagbag.py:588} INFO - Filling up the DagBag from /home/vboxuser/airflow_venv/lib/python3.12/site-packages/airflow/example_dags/example_inlet_event_extra.py
[2024-10-13T07:34:27.085+0000] {processor.py:925} INFO - DAG(s) 'read_dataset_event', 'read_dataset_event_from_classic' retrieved from /home/vboxuser/airflow_venv/lib/python3.12/site-packages/airflow/example_dags/example_inlet_event_extra.py
[2024-10-13T07:34:27.098+0000] {logging_mixin.py:190} INFO - [2024-10-13T07:34:27.098+0000] {dag.py:3239} INFO - Sync 2 DAGs
[2024-10-13T07:34:27.116+0000] {logging_mixin.py:190} INFO - [2024-10-13T07:34:27.114+0000] {dag.py:4180} INFO - Setting next_dagrun for read_dataset_event to 2024-10-12 00:00:00+00:00, run_after=2024-10-13 00:00:00+00:00
[2024-10-13T07:34:27.120+0000] {logging_mixin.py:190} INFO - [2024-10-13T07:34:27.120+0000] {dag.py:4180} INFO - Setting next_dagrun for read_dataset_event_from_classic to 2024-10-12 00:00:00+00:00, run_after=2024-10-13 00:00:00+00:00
[2024-10-13T07:34:27.145+0000] {processor.py:208} INFO - Processing /home/vboxuser/airflow_venv/lib/python3.12/site-packages/airflow/example_dags/example_inlet_event_extra.py took 0.082 seconds
[2024-10-13T07:35:18.449+0000] {processor.py:186} INFO - Started process (PID=16988) to work on /home/vboxuser/airflow_venv/lib/python3.12/site-packages/airflow/example_dags/example_inlet_event_extra.py
[2024-10-13T07:35:18.450+0000] {processor.py:914} INFO - Processing file /home/vboxuser/airflow_venv/lib/python3.12/site-packages/airflow/example_dags/example_inlet_event_extra.py for tasks to queue
[2024-10-13T07:35:18.452+0000] {logging_mixin.py:190} INFO - [2024-10-13T07:35:18.452+0000] {dagbag.py:588} INFO - Filling up the DagBag from /home/vboxuser/airflow_venv/lib/python3.12/site-packages/airflow/example_dags/example_inlet_event_extra.py
[2024-10-13T07:35:18.462+0000] {processor.py:925} INFO - DAG(s) 'read_dataset_event', 'read_dataset_event_from_classic' retrieved from /home/vboxuser/airflow_venv/lib/python3.12/site-packages/airflow/example_dags/example_inlet_event_extra.py
[2024-10-13T07:35:18.474+0000] {logging_mixin.py:190} INFO - [2024-10-13T07:35:18.473+0000] {dag.py:3239} INFO - Sync 2 DAGs
[2024-10-13T07:35:18.489+0000] {logging_mixin.py:190} INFO - [2024-10-13T07:35:18.489+0000] {dag.py:4180} INFO - Setting next_dagrun for read_dataset_event to 2024-10-12 00:00:00+00:00, run_after=2024-10-13 00:00:00+00:00
[2024-10-13T07:35:18.493+0000] {logging_mixin.py:190} INFO - [2024-10-13T07:35:18.492+0000] {dag.py:4180} INFO - Setting next_dagrun for read_dataset_event_from_classic to 2024-10-12 00:00:00+00:00, run_after=2024-10-13 00:00:00+00:00
[2024-10-13T07:35:18.513+0000] {processor.py:208} INFO - Processing /home/vboxuser/airflow_venv/lib/python3.12/site-packages/airflow/example_dags/example_inlet_event_extra.py took 0.068 seconds
[2024-10-13T07:36:11.066+0000] {processor.py:186} INFO - Started process (PID=17054) to work on /home/vboxuser/airflow_venv/lib/python3.12/site-packages/airflow/example_dags/example_inlet_event_extra.py
[2024-10-13T07:36:11.067+0000] {processor.py:914} INFO - Processing file /home/vboxuser/airflow_venv/lib/python3.12/site-packages/airflow/example_dags/example_inlet_event_extra.py for tasks to queue
[2024-10-13T07:36:11.069+0000] {logging_mixin.py:190} INFO - [2024-10-13T07:36:11.069+0000] {dagbag.py:588} INFO - Filling up the DagBag from /home/vboxuser/airflow_venv/lib/python3.12/site-packages/airflow/example_dags/example_inlet_event_extra.py
[2024-10-13T07:36:11.079+0000] {processor.py:925} INFO - DAG(s) 'read_dataset_event_from_classic', 'read_dataset_event' retrieved from /home/vboxuser/airflow_venv/lib/python3.12/site-packages/airflow/example_dags/example_inlet_event_extra.py
[2024-10-13T07:36:11.093+0000] {logging_mixin.py:190} INFO - [2024-10-13T07:36:11.092+0000] {dag.py:3239} INFO - Sync 2 DAGs
[2024-10-13T07:36:11.108+0000] {logging_mixin.py:190} INFO - [2024-10-13T07:36:11.108+0000] {dag.py:4180} INFO - Setting next_dagrun for read_dataset_event to 2024-10-12 00:00:00+00:00, run_after=2024-10-13 00:00:00+00:00
[2024-10-13T07:36:11.112+0000] {logging_mixin.py:190} INFO - [2024-10-13T07:36:11.112+0000] {dag.py:4180} INFO - Setting next_dagrun for read_dataset_event_from_classic to 2024-10-12 00:00:00+00:00, run_after=2024-10-13 00:00:00+00:00
[2024-10-13T07:36:11.139+0000] {processor.py:208} INFO - Processing /home/vboxuser/airflow_venv/lib/python3.12/site-packages/airflow/example_dags/example_inlet_event_extra.py took 0.077 seconds
[2024-10-13T07:37:00.449+0000] {processor.py:186} INFO - Started process (PID=17110) to work on /home/vboxuser/airflow_venv/lib/python3.12/site-packages/airflow/example_dags/example_inlet_event_extra.py
[2024-10-13T07:37:00.453+0000] {processor.py:914} INFO - Processing file /home/vboxuser/airflow_venv/lib/python3.12/site-packages/airflow/example_dags/example_inlet_event_extra.py for tasks to queue
[2024-10-13T07:37:00.455+0000] {logging_mixin.py:190} INFO - [2024-10-13T07:37:00.454+0000] {dagbag.py:588} INFO - Filling up the DagBag from /home/vboxuser/airflow_venv/lib/python3.12/site-packages/airflow/example_dags/example_inlet_event_extra.py
[2024-10-13T07:37:00.465+0000] {processor.py:925} INFO - DAG(s) 'read_dataset_event_from_classic', 'read_dataset_event' retrieved from /home/vboxuser/airflow_venv/lib/python3.12/site-packages/airflow/example_dags/example_inlet_event_extra.py
[2024-10-13T07:37:00.478+0000] {logging_mixin.py:190} INFO - [2024-10-13T07:37:00.477+0000] {dag.py:3239} INFO - Sync 2 DAGs
[2024-10-13T07:37:00.491+0000] {logging_mixin.py:190} INFO - [2024-10-13T07:37:00.491+0000] {dag.py:4180} INFO - Setting next_dagrun for read_dataset_event to 2024-10-12 00:00:00+00:00, run_after=2024-10-13 00:00:00+00:00
[2024-10-13T07:37:00.494+0000] {logging_mixin.py:190} INFO - [2024-10-13T07:37:00.493+0000] {dag.py:4180} INFO - Setting next_dagrun for read_dataset_event_from_classic to 2024-10-12 00:00:00+00:00, run_after=2024-10-13 00:00:00+00:00
[2024-10-13T07:37:00.511+0000] {processor.py:208} INFO - Processing /home/vboxuser/airflow_venv/lib/python3.12/site-packages/airflow/example_dags/example_inlet_event_extra.py took 0.067 seconds
[2024-10-13T07:37:52.335+0000] {processor.py:186} INFO - Started process (PID=17174) to work on /home/vboxuser/airflow_venv/lib/python3.12/site-packages/airflow/example_dags/example_inlet_event_extra.py
[2024-10-13T07:37:52.336+0000] {processor.py:914} INFO - Processing file /home/vboxuser/airflow_venv/lib/python3.12/site-packages/airflow/example_dags/example_inlet_event_extra.py for tasks to queue
[2024-10-13T07:37:52.338+0000] {logging_mixin.py:190} INFO - [2024-10-13T07:37:52.338+0000] {dagbag.py:588} INFO - Filling up the DagBag from /home/vboxuser/airflow_venv/lib/python3.12/site-packages/airflow/example_dags/example_inlet_event_extra.py
[2024-10-13T07:37:52.349+0000] {processor.py:925} INFO - DAG(s) 'read_dataset_event_from_classic', 'read_dataset_event' retrieved from /home/vboxuser/airflow_venv/lib/python3.12/site-packages/airflow/example_dags/example_inlet_event_extra.py
[2024-10-13T07:37:52.362+0000] {logging_mixin.py:190} INFO - [2024-10-13T07:37:52.362+0000] {dag.py:3239} INFO - Sync 2 DAGs
[2024-10-13T07:37:52.379+0000] {logging_mixin.py:190} INFO - [2024-10-13T07:37:52.378+0000] {dag.py:4180} INFO - Setting next_dagrun for read_dataset_event to 2024-10-12 00:00:00+00:00, run_after=2024-10-13 00:00:00+00:00
[2024-10-13T07:37:52.381+0000] {logging_mixin.py:190} INFO - [2024-10-13T07:37:52.381+0000] {dag.py:4180} INFO - Setting next_dagrun for read_dataset_event_from_classic to 2024-10-12 00:00:00+00:00, run_after=2024-10-13 00:00:00+00:00
[2024-10-13T07:37:52.403+0000] {processor.py:208} INFO - Processing /home/vboxuser/airflow_venv/lib/python3.12/site-packages/airflow/example_dags/example_inlet_event_extra.py took 0.072 seconds
[2024-10-13T07:38:40.522+0000] {processor.py:186} INFO - Started process (PID=17265) to work on /home/vboxuser/airflow_venv/lib/python3.12/site-packages/airflow/example_dags/example_inlet_event_extra.py
[2024-10-13T07:38:40.524+0000] {processor.py:914} INFO - Processing file /home/vboxuser/airflow_venv/lib/python3.12/site-packages/airflow/example_dags/example_inlet_event_extra.py for tasks to queue
[2024-10-13T07:38:40.525+0000] {logging_mixin.py:190} INFO - [2024-10-13T07:38:40.525+0000] {dagbag.py:588} INFO - Filling up the DagBag from /home/vboxuser/airflow_venv/lib/python3.12/site-packages/airflow/example_dags/example_inlet_event_extra.py
[2024-10-13T07:38:40.534+0000] {processor.py:925} INFO - DAG(s) 'read_dataset_event_from_classic', 'read_dataset_event' retrieved from /home/vboxuser/airflow_venv/lib/python3.12/site-packages/airflow/example_dags/example_inlet_event_extra.py
[2024-10-13T07:38:40.545+0000] {logging_mixin.py:190} INFO - [2024-10-13T07:38:40.545+0000] {dag.py:3239} INFO - Sync 2 DAGs
[2024-10-13T07:38:40.558+0000] {logging_mixin.py:190} INFO - [2024-10-13T07:38:40.558+0000] {dag.py:4180} INFO - Setting next_dagrun for read_dataset_event to 2024-10-12 00:00:00+00:00, run_after=2024-10-13 00:00:00+00:00
[2024-10-13T07:38:40.561+0000] {logging_mixin.py:190} INFO - [2024-10-13T07:38:40.561+0000] {dag.py:4180} INFO - Setting next_dagrun for read_dataset_event_from_classic to 2024-10-12 00:00:00+00:00, run_after=2024-10-13 00:00:00+00:00
[2024-10-13T07:38:40.582+0000] {processor.py:208} INFO - Processing /home/vboxuser/airflow_venv/lib/python3.12/site-packages/airflow/example_dags/example_inlet_event_extra.py took 0.064 seconds
[2024-10-13T07:39:32.674+0000] {processor.py:186} INFO - Started process (PID=17327) to work on /home/vboxuser/airflow_venv/lib/python3.12/site-packages/airflow/example_dags/example_inlet_event_extra.py
[2024-10-13T07:39:32.678+0000] {processor.py:914} INFO - Processing file /home/vboxuser/airflow_venv/lib/python3.12/site-packages/airflow/example_dags/example_inlet_event_extra.py for tasks to queue
[2024-10-13T07:39:32.680+0000] {logging_mixin.py:190} INFO - [2024-10-13T07:39:32.680+0000] {dagbag.py:588} INFO - Filling up the DagBag from /home/vboxuser/airflow_venv/lib/python3.12/site-packages/airflow/example_dags/example_inlet_event_extra.py
[2024-10-13T07:39:32.689+0000] {processor.py:925} INFO - DAG(s) 'read_dataset_event_from_classic', 'read_dataset_event' retrieved from /home/vboxuser/airflow_venv/lib/python3.12/site-packages/airflow/example_dags/example_inlet_event_extra.py
[2024-10-13T07:39:32.703+0000] {logging_mixin.py:190} INFO - [2024-10-13T07:39:32.703+0000] {dag.py:3239} INFO - Sync 2 DAGs
[2024-10-13T07:39:32.718+0000] {logging_mixin.py:190} INFO - [2024-10-13T07:39:32.718+0000] {dag.py:4180} INFO - Setting next_dagrun for read_dataset_event to 2024-10-12 00:00:00+00:00, run_after=2024-10-13 00:00:00+00:00
[2024-10-13T07:39:32.721+0000] {logging_mixin.py:190} INFO - [2024-10-13T07:39:32.721+0000] {dag.py:4180} INFO - Setting next_dagrun for read_dataset_event_from_classic to 2024-10-12 00:00:00+00:00, run_after=2024-10-13 00:00:00+00:00
[2024-10-13T07:39:32.743+0000] {processor.py:208} INFO - Processing /home/vboxuser/airflow_venv/lib/python3.12/site-packages/airflow/example_dags/example_inlet_event_extra.py took 0.074 seconds
[2024-10-13T07:40:22.173+0000] {processor.py:186} INFO - Started process (PID=17431) to work on /home/vboxuser/airflow_venv/lib/python3.12/site-packages/airflow/example_dags/example_inlet_event_extra.py
[2024-10-13T07:40:22.179+0000] {processor.py:914} INFO - Processing file /home/vboxuser/airflow_venv/lib/python3.12/site-packages/airflow/example_dags/example_inlet_event_extra.py for tasks to queue
[2024-10-13T07:40:22.181+0000] {logging_mixin.py:190} INFO - [2024-10-13T07:40:22.180+0000] {dagbag.py:588} INFO - Filling up the DagBag from /home/vboxuser/airflow_venv/lib/python3.12/site-packages/airflow/example_dags/example_inlet_event_extra.py
[2024-10-13T07:40:22.191+0000] {processor.py:925} INFO - DAG(s) 'read_dataset_event', 'read_dataset_event_from_classic' retrieved from /home/vboxuser/airflow_venv/lib/python3.12/site-packages/airflow/example_dags/example_inlet_event_extra.py
[2024-10-13T07:40:22.205+0000] {logging_mixin.py:190} INFO - [2024-10-13T07:40:22.205+0000] {dag.py:3239} INFO - Sync 2 DAGs
[2024-10-13T07:40:22.222+0000] {logging_mixin.py:190} INFO - [2024-10-13T07:40:22.222+0000] {dag.py:4180} INFO - Setting next_dagrun for read_dataset_event to 2024-10-12 00:00:00+00:00, run_after=2024-10-13 00:00:00+00:00
[2024-10-13T07:40:22.225+0000] {logging_mixin.py:190} INFO - [2024-10-13T07:40:22.225+0000] {dag.py:4180} INFO - Setting next_dagrun for read_dataset_event_from_classic to 2024-10-12 00:00:00+00:00, run_after=2024-10-13 00:00:00+00:00
[2024-10-13T07:40:22.247+0000] {processor.py:208} INFO - Processing /home/vboxuser/airflow_venv/lib/python3.12/site-packages/airflow/example_dags/example_inlet_event_extra.py took 0.078 seconds
[2024-10-13T07:41:11.858+0000] {processor.py:186} INFO - Started process (PID=17490) to work on /home/vboxuser/airflow_venv/lib/python3.12/site-packages/airflow/example_dags/example_inlet_event_extra.py
[2024-10-13T07:41:11.866+0000] {processor.py:914} INFO - Processing file /home/vboxuser/airflow_venv/lib/python3.12/site-packages/airflow/example_dags/example_inlet_event_extra.py for tasks to queue
[2024-10-13T07:41:11.871+0000] {logging_mixin.py:190} INFO - [2024-10-13T07:41:11.870+0000] {dagbag.py:588} INFO - Filling up the DagBag from /home/vboxuser/airflow_venv/lib/python3.12/site-packages/airflow/example_dags/example_inlet_event_extra.py
[2024-10-13T07:41:11.894+0000] {processor.py:925} INFO - DAG(s) 'read_dataset_event', 'read_dataset_event_from_classic' retrieved from /home/vboxuser/airflow_venv/lib/python3.12/site-packages/airflow/example_dags/example_inlet_event_extra.py
[2024-10-13T07:41:11.908+0000] {logging_mixin.py:190} INFO - [2024-10-13T07:41:11.908+0000] {dag.py:3239} INFO - Sync 2 DAGs
[2024-10-13T07:41:11.922+0000] {logging_mixin.py:190} INFO - [2024-10-13T07:41:11.922+0000] {dag.py:4180} INFO - Setting next_dagrun for read_dataset_event to 2024-10-12 00:00:00+00:00, run_after=2024-10-13 00:00:00+00:00
[2024-10-13T07:41:11.926+0000] {logging_mixin.py:190} INFO - [2024-10-13T07:41:11.926+0000] {dag.py:4180} INFO - Setting next_dagrun for read_dataset_event_from_classic to 2024-10-12 00:00:00+00:00, run_after=2024-10-13 00:00:00+00:00
[2024-10-13T07:41:11.972+0000] {processor.py:208} INFO - Processing /home/vboxuser/airflow_venv/lib/python3.12/site-packages/airflow/example_dags/example_inlet_event_extra.py took 0.126 seconds
[2024-10-13T07:42:03.377+0000] {processor.py:186} INFO - Started process (PID=17550) to work on /home/vboxuser/airflow_venv/lib/python3.12/site-packages/airflow/example_dags/example_inlet_event_extra.py
[2024-10-13T07:42:03.378+0000] {processor.py:914} INFO - Processing file /home/vboxuser/airflow_venv/lib/python3.12/site-packages/airflow/example_dags/example_inlet_event_extra.py for tasks to queue
[2024-10-13T07:42:03.380+0000] {logging_mixin.py:190} INFO - [2024-10-13T07:42:03.379+0000] {dagbag.py:588} INFO - Filling up the DagBag from /home/vboxuser/airflow_venv/lib/python3.12/site-packages/airflow/example_dags/example_inlet_event_extra.py
[2024-10-13T07:42:03.391+0000] {processor.py:925} INFO - DAG(s) 'read_dataset_event', 'read_dataset_event_from_classic' retrieved from /home/vboxuser/airflow_venv/lib/python3.12/site-packages/airflow/example_dags/example_inlet_event_extra.py
[2024-10-13T07:42:03.403+0000] {logging_mixin.py:190} INFO - [2024-10-13T07:42:03.403+0000] {dag.py:3239} INFO - Sync 2 DAGs
[2024-10-13T07:42:03.417+0000] {logging_mixin.py:190} INFO - [2024-10-13T07:42:03.416+0000] {dag.py:4180} INFO - Setting next_dagrun for read_dataset_event to 2024-10-12 00:00:00+00:00, run_after=2024-10-13 00:00:00+00:00
[2024-10-13T07:42:03.419+0000] {logging_mixin.py:190} INFO - [2024-10-13T07:42:03.419+0000] {dag.py:4180} INFO - Setting next_dagrun for read_dataset_event_from_classic to 2024-10-12 00:00:00+00:00, run_after=2024-10-13 00:00:00+00:00
[2024-10-13T07:42:03.441+0000] {processor.py:208} INFO - Processing /home/vboxuser/airflow_venv/lib/python3.12/site-packages/airflow/example_dags/example_inlet_event_extra.py took 0.068 seconds
[2024-10-13T07:42:54.687+0000] {processor.py:186} INFO - Started process (PID=17615) to work on /home/vboxuser/airflow_venv/lib/python3.12/site-packages/airflow/example_dags/example_inlet_event_extra.py
[2024-10-13T07:42:54.688+0000] {processor.py:914} INFO - Processing file /home/vboxuser/airflow_venv/lib/python3.12/site-packages/airflow/example_dags/example_inlet_event_extra.py for tasks to queue
[2024-10-13T07:42:54.691+0000] {logging_mixin.py:190} INFO - [2024-10-13T07:42:54.690+0000] {dagbag.py:588} INFO - Filling up the DagBag from /home/vboxuser/airflow_venv/lib/python3.12/site-packages/airflow/example_dags/example_inlet_event_extra.py
[2024-10-13T07:42:54.700+0000] {processor.py:925} INFO - DAG(s) 'read_dataset_event', 'read_dataset_event_from_classic' retrieved from /home/vboxuser/airflow_venv/lib/python3.12/site-packages/airflow/example_dags/example_inlet_event_extra.py
[2024-10-13T07:42:54.712+0000] {logging_mixin.py:190} INFO - [2024-10-13T07:42:54.712+0000] {dag.py:3239} INFO - Sync 2 DAGs
[2024-10-13T07:42:54.726+0000] {logging_mixin.py:190} INFO - [2024-10-13T07:42:54.725+0000] {dag.py:4180} INFO - Setting next_dagrun for read_dataset_event to 2024-10-12 00:00:00+00:00, run_after=2024-10-13 00:00:00+00:00
[2024-10-13T07:42:54.728+0000] {logging_mixin.py:190} INFO - [2024-10-13T07:42:54.728+0000] {dag.py:4180} INFO - Setting next_dagrun for read_dataset_event_from_classic to 2024-10-12 00:00:00+00:00, run_after=2024-10-13 00:00:00+00:00
[2024-10-13T07:42:54.749+0000] {processor.py:208} INFO - Processing /home/vboxuser/airflow_venv/lib/python3.12/site-packages/airflow/example_dags/example_inlet_event_extra.py took 0.067 seconds
