[2024-10-13T07:29:02.761+0000] {processor.py:186} INFO - Started process (PID=16084) to work on /home/vboxuser/airflow_venv/lib/python3.12/site-packages/airflow/example_dags/example_external_task_marker_dag.py
[2024-10-13T07:29:02.762+0000] {processor.py:914} INFO - Processing file /home/vboxuser/airflow_venv/lib/python3.12/site-packages/airflow/example_dags/example_external_task_marker_dag.py for tasks to queue
[2024-10-13T07:29:02.763+0000] {logging_mixin.py:190} INFO - [2024-10-13T07:29:02.763+0000] {dagbag.py:588} INFO - Filling up the DagBag from /home/vboxuser/airflow_venv/lib/python3.12/site-packages/airflow/example_dags/example_external_task_marker_dag.py
[2024-10-13T07:29:02.770+0000] {processor.py:925} INFO - DAG(s) 'example_external_task_marker_parent', 'example_external_task_marker_child' retrieved from /home/vboxuser/airflow_venv/lib/python3.12/site-packages/airflow/example_dags/example_external_task_marker_dag.py
[2024-10-13T07:29:02.784+0000] {logging_mixin.py:190} INFO - [2024-10-13T07:29:02.783+0000] {dag.py:3239} INFO - Sync 2 DAGs
[2024-10-13T07:29:02.794+0000] {logging_mixin.py:190} INFO - [2024-10-13T07:29:02.793+0000] {dag.py:4180} INFO - Setting next_dagrun for example_external_task_marker_child to None, run_after=None
[2024-10-13T07:29:02.796+0000] {logging_mixin.py:190} INFO - [2024-10-13T07:29:02.795+0000] {dag.py:4180} INFO - Setting next_dagrun for example_external_task_marker_parent to None, run_after=None
[2024-10-13T07:29:02.816+0000] {processor.py:208} INFO - Processing /home/vboxuser/airflow_venv/lib/python3.12/site-packages/airflow/example_dags/example_external_task_marker_dag.py took 0.059 seconds
[2024-10-13T07:30:23.283+0000] {processor.py:186} INFO - Started process (PID=16286) to work on /home/vboxuser/airflow_venv/lib/python3.12/site-packages/airflow/example_dags/example_external_task_marker_dag.py
[2024-10-13T07:30:23.287+0000] {processor.py:914} INFO - Processing file /home/vboxuser/airflow_venv/lib/python3.12/site-packages/airflow/example_dags/example_external_task_marker_dag.py for tasks to queue
[2024-10-13T07:30:23.289+0000] {logging_mixin.py:190} INFO - [2024-10-13T07:30:23.288+0000] {dagbag.py:588} INFO - Filling up the DagBag from /home/vboxuser/airflow_venv/lib/python3.12/site-packages/airflow/example_dags/example_external_task_marker_dag.py
[2024-10-13T07:30:23.297+0000] {processor.py:925} INFO - DAG(s) 'example_external_task_marker_parent', 'example_external_task_marker_child' retrieved from /home/vboxuser/airflow_venv/lib/python3.12/site-packages/airflow/example_dags/example_external_task_marker_dag.py
[2024-10-13T07:30:23.311+0000] {logging_mixin.py:190} INFO - [2024-10-13T07:30:23.311+0000] {dag.py:3239} INFO - Sync 2 DAGs
[2024-10-13T07:30:23.328+0000] {logging_mixin.py:190} INFO - [2024-10-13T07:30:23.326+0000] {dag.py:4180} INFO - Setting next_dagrun for example_external_task_marker_child to None, run_after=None
[2024-10-13T07:30:23.332+0000] {logging_mixin.py:190} INFO - [2024-10-13T07:30:23.332+0000] {dag.py:4180} INFO - Setting next_dagrun for example_external_task_marker_parent to None, run_after=None
[2024-10-13T07:30:23.474+0000] {processor.py:208} INFO - Processing /home/vboxuser/airflow_venv/lib/python3.12/site-packages/airflow/example_dags/example_external_task_marker_dag.py took 0.195 seconds
[2024-10-13T07:31:28.096+0000] {processor.py:186} INFO - Started process (PID=16384) to work on /home/vboxuser/airflow_venv/lib/python3.12/site-packages/airflow/example_dags/example_external_task_marker_dag.py
[2024-10-13T07:31:28.100+0000] {processor.py:914} INFO - Processing file /home/vboxuser/airflow_venv/lib/python3.12/site-packages/airflow/example_dags/example_external_task_marker_dag.py for tasks to queue
[2024-10-13T07:31:28.101+0000] {logging_mixin.py:190} INFO - [2024-10-13T07:31:28.101+0000] {dagbag.py:588} INFO - Filling up the DagBag from /home/vboxuser/airflow_venv/lib/python3.12/site-packages/airflow/example_dags/example_external_task_marker_dag.py
[2024-10-13T07:31:28.107+0000] {processor.py:925} INFO - DAG(s) 'example_external_task_marker_child', 'example_external_task_marker_parent' retrieved from /home/vboxuser/airflow_venv/lib/python3.12/site-packages/airflow/example_dags/example_external_task_marker_dag.py
[2024-10-13T07:31:28.120+0000] {logging_mixin.py:190} INFO - [2024-10-13T07:31:28.120+0000] {dag.py:3239} INFO - Sync 2 DAGs
[2024-10-13T07:31:28.129+0000] {logging_mixin.py:190} INFO - [2024-10-13T07:31:28.128+0000] {dag.py:4180} INFO - Setting next_dagrun for example_external_task_marker_child to None, run_after=None
[2024-10-13T07:31:28.131+0000] {logging_mixin.py:190} INFO - [2024-10-13T07:31:28.131+0000] {dag.py:4180} INFO - Setting next_dagrun for example_external_task_marker_parent to None, run_after=None
[2024-10-13T07:31:28.150+0000] {processor.py:208} INFO - Processing /home/vboxuser/airflow_venv/lib/python3.12/site-packages/airflow/example_dags/example_external_task_marker_dag.py took 0.059 seconds
[2024-10-13T07:32:37.099+0000] {processor.py:186} INFO - Started process (PID=16601) to work on /home/vboxuser/airflow_venv/lib/python3.12/site-packages/airflow/example_dags/example_external_task_marker_dag.py
[2024-10-13T07:32:37.101+0000] {processor.py:914} INFO - Processing file /home/vboxuser/airflow_venv/lib/python3.12/site-packages/airflow/example_dags/example_external_task_marker_dag.py for tasks to queue
[2024-10-13T07:32:37.102+0000] {logging_mixin.py:190} INFO - [2024-10-13T07:32:37.102+0000] {dagbag.py:588} INFO - Filling up the DagBag from /home/vboxuser/airflow_venv/lib/python3.12/site-packages/airflow/example_dags/example_external_task_marker_dag.py
[2024-10-13T07:32:37.109+0000] {processor.py:925} INFO - DAG(s) 'example_external_task_marker_child', 'example_external_task_marker_parent' retrieved from /home/vboxuser/airflow_venv/lib/python3.12/site-packages/airflow/example_dags/example_external_task_marker_dag.py
[2024-10-13T07:32:37.121+0000] {logging_mixin.py:190} INFO - [2024-10-13T07:32:37.120+0000] {dag.py:3239} INFO - Sync 2 DAGs
[2024-10-13T07:32:37.129+0000] {logging_mixin.py:190} INFO - [2024-10-13T07:32:37.128+0000] {dag.py:4180} INFO - Setting next_dagrun for example_external_task_marker_child to None, run_after=None
[2024-10-13T07:32:37.131+0000] {logging_mixin.py:190} INFO - [2024-10-13T07:32:37.131+0000] {dag.py:4180} INFO - Setting next_dagrun for example_external_task_marker_parent to None, run_after=None
[2024-10-13T07:32:37.155+0000] {processor.py:208} INFO - Processing /home/vboxuser/airflow_venv/lib/python3.12/site-packages/airflow/example_dags/example_external_task_marker_dag.py took 0.060 seconds
[2024-10-13T07:33:41.378+0000] {processor.py:186} INFO - Started process (PID=16746) to work on /home/vboxuser/airflow_venv/lib/python3.12/site-packages/airflow/example_dags/example_external_task_marker_dag.py
[2024-10-13T07:33:41.385+0000] {processor.py:914} INFO - Processing file /home/vboxuser/airflow_venv/lib/python3.12/site-packages/airflow/example_dags/example_external_task_marker_dag.py for tasks to queue
[2024-10-13T07:33:41.390+0000] {logging_mixin.py:190} INFO - [2024-10-13T07:33:41.389+0000] {dagbag.py:588} INFO - Filling up the DagBag from /home/vboxuser/airflow_venv/lib/python3.12/site-packages/airflow/example_dags/example_external_task_marker_dag.py
[2024-10-13T07:33:41.401+0000] {processor.py:925} INFO - DAG(s) 'example_external_task_marker_parent', 'example_external_task_marker_child' retrieved from /home/vboxuser/airflow_venv/lib/python3.12/site-packages/airflow/example_dags/example_external_task_marker_dag.py
[2024-10-13T07:33:41.420+0000] {logging_mixin.py:190} INFO - [2024-10-13T07:33:41.420+0000] {dag.py:3239} INFO - Sync 2 DAGs
[2024-10-13T07:33:41.433+0000] {logging_mixin.py:190} INFO - [2024-10-13T07:33:41.433+0000] {dag.py:4180} INFO - Setting next_dagrun for example_external_task_marker_child to None, run_after=None
[2024-10-13T07:33:41.436+0000] {logging_mixin.py:190} INFO - [2024-10-13T07:33:41.436+0000] {dag.py:4180} INFO - Setting next_dagrun for example_external_task_marker_parent to None, run_after=None
[2024-10-13T07:33:41.463+0000] {processor.py:208} INFO - Processing /home/vboxuser/airflow_venv/lib/python3.12/site-packages/airflow/example_dags/example_external_task_marker_dag.py took 0.101 seconds
[2024-10-13T07:34:36.704+0000] {processor.py:186} INFO - Started process (PID=16931) to work on /home/vboxuser/airflow_venv/lib/python3.12/site-packages/airflow/example_dags/example_external_task_marker_dag.py
[2024-10-13T07:34:36.706+0000] {processor.py:914} INFO - Processing file /home/vboxuser/airflow_venv/lib/python3.12/site-packages/airflow/example_dags/example_external_task_marker_dag.py for tasks to queue
[2024-10-13T07:34:36.707+0000] {logging_mixin.py:190} INFO - [2024-10-13T07:34:36.707+0000] {dagbag.py:588} INFO - Filling up the DagBag from /home/vboxuser/airflow_venv/lib/python3.12/site-packages/airflow/example_dags/example_external_task_marker_dag.py
[2024-10-13T07:34:36.715+0000] {processor.py:925} INFO - DAG(s) 'example_external_task_marker_parent', 'example_external_task_marker_child' retrieved from /home/vboxuser/airflow_venv/lib/python3.12/site-packages/airflow/example_dags/example_external_task_marker_dag.py
[2024-10-13T07:34:36.729+0000] {logging_mixin.py:190} INFO - [2024-10-13T07:34:36.729+0000] {dag.py:3239} INFO - Sync 2 DAGs
[2024-10-13T07:34:36.737+0000] {logging_mixin.py:190} INFO - [2024-10-13T07:34:36.737+0000] {dag.py:4180} INFO - Setting next_dagrun for example_external_task_marker_child to None, run_after=None
[2024-10-13T07:34:36.740+0000] {logging_mixin.py:190} INFO - [2024-10-13T07:34:36.739+0000] {dag.py:4180} INFO - Setting next_dagrun for example_external_task_marker_parent to None, run_after=None
[2024-10-13T07:34:36.756+0000] {processor.py:208} INFO - Processing /home/vboxuser/airflow_venv/lib/python3.12/site-packages/airflow/example_dags/example_external_task_marker_dag.py took 0.056 seconds
[2024-10-13T07:35:27.686+0000] {processor.py:186} INFO - Started process (PID=16997) to work on /home/vboxuser/airflow_venv/lib/python3.12/site-packages/airflow/example_dags/example_external_task_marker_dag.py
[2024-10-13T07:35:27.690+0000] {processor.py:914} INFO - Processing file /home/vboxuser/airflow_venv/lib/python3.12/site-packages/airflow/example_dags/example_external_task_marker_dag.py for tasks to queue
[2024-10-13T07:35:27.692+0000] {logging_mixin.py:190} INFO - [2024-10-13T07:35:27.691+0000] {dagbag.py:588} INFO - Filling up the DagBag from /home/vboxuser/airflow_venv/lib/python3.12/site-packages/airflow/example_dags/example_external_task_marker_dag.py
[2024-10-13T07:35:27.697+0000] {processor.py:925} INFO - DAG(s) 'example_external_task_marker_child', 'example_external_task_marker_parent' retrieved from /home/vboxuser/airflow_venv/lib/python3.12/site-packages/airflow/example_dags/example_external_task_marker_dag.py
[2024-10-13T07:35:27.710+0000] {logging_mixin.py:190} INFO - [2024-10-13T07:35:27.710+0000] {dag.py:3239} INFO - Sync 2 DAGs
[2024-10-13T07:35:27.719+0000] {logging_mixin.py:190} INFO - [2024-10-13T07:35:27.719+0000] {dag.py:4180} INFO - Setting next_dagrun for example_external_task_marker_child to None, run_after=None
[2024-10-13T07:35:27.721+0000] {logging_mixin.py:190} INFO - [2024-10-13T07:35:27.721+0000] {dag.py:4180} INFO - Setting next_dagrun for example_external_task_marker_parent to None, run_after=None
[2024-10-13T07:35:27.739+0000] {processor.py:208} INFO - Processing /home/vboxuser/airflow_venv/lib/python3.12/site-packages/airflow/example_dags/example_external_task_marker_dag.py took 0.059 seconds
[2024-10-13T07:36:19.587+0000] {processor.py:186} INFO - Started process (PID=17064) to work on /home/vboxuser/airflow_venv/lib/python3.12/site-packages/airflow/example_dags/example_external_task_marker_dag.py
[2024-10-13T07:36:19.588+0000] {processor.py:914} INFO - Processing file /home/vboxuser/airflow_venv/lib/python3.12/site-packages/airflow/example_dags/example_external_task_marker_dag.py for tasks to queue
[2024-10-13T07:36:19.590+0000] {logging_mixin.py:190} INFO - [2024-10-13T07:36:19.590+0000] {dagbag.py:588} INFO - Filling up the DagBag from /home/vboxuser/airflow_venv/lib/python3.12/site-packages/airflow/example_dags/example_external_task_marker_dag.py
[2024-10-13T07:36:19.596+0000] {processor.py:925} INFO - DAG(s) 'example_external_task_marker_child', 'example_external_task_marker_parent' retrieved from /home/vboxuser/airflow_venv/lib/python3.12/site-packages/airflow/example_dags/example_external_task_marker_dag.py
[2024-10-13T07:36:19.609+0000] {logging_mixin.py:190} INFO - [2024-10-13T07:36:19.609+0000] {dag.py:3239} INFO - Sync 2 DAGs
[2024-10-13T07:36:19.618+0000] {logging_mixin.py:190} INFO - [2024-10-13T07:36:19.618+0000] {dag.py:4180} INFO - Setting next_dagrun for example_external_task_marker_child to None, run_after=None
[2024-10-13T07:36:19.620+0000] {logging_mixin.py:190} INFO - [2024-10-13T07:36:19.620+0000] {dag.py:4180} INFO - Setting next_dagrun for example_external_task_marker_parent to None, run_after=None
[2024-10-13T07:36:19.638+0000] {processor.py:208} INFO - Processing /home/vboxuser/airflow_venv/lib/python3.12/site-packages/airflow/example_dags/example_external_task_marker_dag.py took 0.056 seconds
[2024-10-13T07:37:08.435+0000] {processor.py:186} INFO - Started process (PID=17120) to work on /home/vboxuser/airflow_venv/lib/python3.12/site-packages/airflow/example_dags/example_external_task_marker_dag.py
[2024-10-13T07:37:08.439+0000] {processor.py:914} INFO - Processing file /home/vboxuser/airflow_venv/lib/python3.12/site-packages/airflow/example_dags/example_external_task_marker_dag.py for tasks to queue
[2024-10-13T07:37:08.441+0000] {logging_mixin.py:190} INFO - [2024-10-13T07:37:08.441+0000] {dagbag.py:588} INFO - Filling up the DagBag from /home/vboxuser/airflow_venv/lib/python3.12/site-packages/airflow/example_dags/example_external_task_marker_dag.py
[2024-10-13T07:37:08.447+0000] {processor.py:925} INFO - DAG(s) 'example_external_task_marker_parent', 'example_external_task_marker_child' retrieved from /home/vboxuser/airflow_venv/lib/python3.12/site-packages/airflow/example_dags/example_external_task_marker_dag.py
[2024-10-13T07:37:08.459+0000] {logging_mixin.py:190} INFO - [2024-10-13T07:37:08.459+0000] {dag.py:3239} INFO - Sync 2 DAGs
[2024-10-13T07:37:08.467+0000] {logging_mixin.py:190} INFO - [2024-10-13T07:37:08.467+0000] {dag.py:4180} INFO - Setting next_dagrun for example_external_task_marker_child to None, run_after=None
[2024-10-13T07:37:08.469+0000] {logging_mixin.py:190} INFO - [2024-10-13T07:37:08.469+0000] {dag.py:4180} INFO - Setting next_dagrun for example_external_task_marker_parent to None, run_after=None
[2024-10-13T07:37:08.487+0000] {processor.py:208} INFO - Processing /home/vboxuser/airflow_venv/lib/python3.12/site-packages/airflow/example_dags/example_external_task_marker_dag.py took 0.056 seconds
[2024-10-13T07:38:01.398+0000] {processor.py:186} INFO - Started process (PID=17184) to work on /home/vboxuser/airflow_venv/lib/python3.12/site-packages/airflow/example_dags/example_external_task_marker_dag.py
[2024-10-13T07:38:01.404+0000] {processor.py:914} INFO - Processing file /home/vboxuser/airflow_venv/lib/python3.12/site-packages/airflow/example_dags/example_external_task_marker_dag.py for tasks to queue
[2024-10-13T07:38:01.409+0000] {logging_mixin.py:190} INFO - [2024-10-13T07:38:01.409+0000] {dagbag.py:588} INFO - Filling up the DagBag from /home/vboxuser/airflow_venv/lib/python3.12/site-packages/airflow/example_dags/example_external_task_marker_dag.py
[2024-10-13T07:38:01.428+0000] {processor.py:925} INFO - DAG(s) 'example_external_task_marker_parent', 'example_external_task_marker_child' retrieved from /home/vboxuser/airflow_venv/lib/python3.12/site-packages/airflow/example_dags/example_external_task_marker_dag.py
[2024-10-13T07:38:01.461+0000] {logging_mixin.py:190} INFO - [2024-10-13T07:38:01.461+0000] {dag.py:3239} INFO - Sync 2 DAGs
[2024-10-13T07:38:01.482+0000] {logging_mixin.py:190} INFO - [2024-10-13T07:38:01.482+0000] {dag.py:4180} INFO - Setting next_dagrun for example_external_task_marker_child to None, run_after=None
[2024-10-13T07:38:01.488+0000] {logging_mixin.py:190} INFO - [2024-10-13T07:38:01.485+0000] {dag.py:4180} INFO - Setting next_dagrun for example_external_task_marker_parent to None, run_after=None
[2024-10-13T07:38:01.561+0000] {processor.py:208} INFO - Processing /home/vboxuser/airflow_venv/lib/python3.12/site-packages/airflow/example_dags/example_external_task_marker_dag.py took 0.175 seconds
[2024-10-13T07:38:48.569+0000] {processor.py:186} INFO - Started process (PID=17278) to work on /home/vboxuser/airflow_venv/lib/python3.12/site-packages/airflow/example_dags/example_external_task_marker_dag.py
[2024-10-13T07:38:48.570+0000] {processor.py:914} INFO - Processing file /home/vboxuser/airflow_venv/lib/python3.12/site-packages/airflow/example_dags/example_external_task_marker_dag.py for tasks to queue
[2024-10-13T07:38:48.572+0000] {logging_mixin.py:190} INFO - [2024-10-13T07:38:48.571+0000] {dagbag.py:588} INFO - Filling up the DagBag from /home/vboxuser/airflow_venv/lib/python3.12/site-packages/airflow/example_dags/example_external_task_marker_dag.py
[2024-10-13T07:38:48.578+0000] {processor.py:925} INFO - DAG(s) 'example_external_task_marker_child', 'example_external_task_marker_parent' retrieved from /home/vboxuser/airflow_venv/lib/python3.12/site-packages/airflow/example_dags/example_external_task_marker_dag.py
[2024-10-13T07:38:48.592+0000] {logging_mixin.py:190} INFO - [2024-10-13T07:38:48.592+0000] {dag.py:3239} INFO - Sync 2 DAGs
[2024-10-13T07:38:48.600+0000] {logging_mixin.py:190} INFO - [2024-10-13T07:38:48.600+0000] {dag.py:4180} INFO - Setting next_dagrun for example_external_task_marker_child to None, run_after=None
[2024-10-13T07:38:48.602+0000] {logging_mixin.py:190} INFO - [2024-10-13T07:38:48.602+0000] {dag.py:4180} INFO - Setting next_dagrun for example_external_task_marker_parent to None, run_after=None
[2024-10-13T07:38:48.624+0000] {processor.py:208} INFO - Processing /home/vboxuser/airflow_venv/lib/python3.12/site-packages/airflow/example_dags/example_external_task_marker_dag.py took 0.060 seconds
[2024-10-13T07:39:41.362+0000] {processor.py:186} INFO - Started process (PID=17338) to work on /home/vboxuser/airflow_venv/lib/python3.12/site-packages/airflow/example_dags/example_external_task_marker_dag.py
[2024-10-13T07:39:41.365+0000] {processor.py:914} INFO - Processing file /home/vboxuser/airflow_venv/lib/python3.12/site-packages/airflow/example_dags/example_external_task_marker_dag.py for tasks to queue
[2024-10-13T07:39:41.370+0000] {logging_mixin.py:190} INFO - [2024-10-13T07:39:41.369+0000] {dagbag.py:588} INFO - Filling up the DagBag from /home/vboxuser/airflow_venv/lib/python3.12/site-packages/airflow/example_dags/example_external_task_marker_dag.py
[2024-10-13T07:39:41.385+0000] {processor.py:925} INFO - DAG(s) 'example_external_task_marker_child', 'example_external_task_marker_parent' retrieved from /home/vboxuser/airflow_venv/lib/python3.12/site-packages/airflow/example_dags/example_external_task_marker_dag.py
[2024-10-13T07:39:41.410+0000] {logging_mixin.py:190} INFO - [2024-10-13T07:39:41.409+0000] {dag.py:3239} INFO - Sync 2 DAGs
[2024-10-13T07:39:41.419+0000] {logging_mixin.py:190} INFO - [2024-10-13T07:39:41.419+0000] {dag.py:4180} INFO - Setting next_dagrun for example_external_task_marker_child to None, run_after=None
[2024-10-13T07:39:41.422+0000] {logging_mixin.py:190} INFO - [2024-10-13T07:39:41.422+0000] {dag.py:4180} INFO - Setting next_dagrun for example_external_task_marker_parent to None, run_after=None
[2024-10-13T07:39:41.442+0000] {processor.py:208} INFO - Processing /home/vboxuser/airflow_venv/lib/python3.12/site-packages/airflow/example_dags/example_external_task_marker_dag.py took 0.090 seconds
[2024-10-13T07:40:31.717+0000] {processor.py:186} INFO - Started process (PID=17440) to work on /home/vboxuser/airflow_venv/lib/python3.12/site-packages/airflow/example_dags/example_external_task_marker_dag.py
[2024-10-13T07:40:31.722+0000] {processor.py:914} INFO - Processing file /home/vboxuser/airflow_venv/lib/python3.12/site-packages/airflow/example_dags/example_external_task_marker_dag.py for tasks to queue
[2024-10-13T07:40:31.723+0000] {logging_mixin.py:190} INFO - [2024-10-13T07:40:31.723+0000] {dagbag.py:588} INFO - Filling up the DagBag from /home/vboxuser/airflow_venv/lib/python3.12/site-packages/airflow/example_dags/example_external_task_marker_dag.py
[2024-10-13T07:40:31.730+0000] {processor.py:925} INFO - DAG(s) 'example_external_task_marker_child', 'example_external_task_marker_parent' retrieved from /home/vboxuser/airflow_venv/lib/python3.12/site-packages/airflow/example_dags/example_external_task_marker_dag.py
[2024-10-13T07:40:31.745+0000] {logging_mixin.py:190} INFO - [2024-10-13T07:40:31.745+0000] {dag.py:3239} INFO - Sync 2 DAGs
[2024-10-13T07:40:31.762+0000] {logging_mixin.py:190} INFO - [2024-10-13T07:40:31.762+0000] {dag.py:4180} INFO - Setting next_dagrun for example_external_task_marker_child to None, run_after=None
[2024-10-13T07:40:31.768+0000] {logging_mixin.py:190} INFO - [2024-10-13T07:40:31.768+0000] {dag.py:4180} INFO - Setting next_dagrun for example_external_task_marker_parent to None, run_after=None
[2024-10-13T07:40:31.813+0000] {processor.py:208} INFO - Processing /home/vboxuser/airflow_venv/lib/python3.12/site-packages/airflow/example_dags/example_external_task_marker_dag.py took 0.101 seconds
[2024-10-13T07:41:20.998+0000] {processor.py:186} INFO - Started process (PID=17500) to work on /home/vboxuser/airflow_venv/lib/python3.12/site-packages/airflow/example_dags/example_external_task_marker_dag.py
[2024-10-13T07:41:21.010+0000] {processor.py:914} INFO - Processing file /home/vboxuser/airflow_venv/lib/python3.12/site-packages/airflow/example_dags/example_external_task_marker_dag.py for tasks to queue
[2024-10-13T07:41:21.013+0000] {logging_mixin.py:190} INFO - [2024-10-13T07:41:21.012+0000] {dagbag.py:588} INFO - Filling up the DagBag from /home/vboxuser/airflow_venv/lib/python3.12/site-packages/airflow/example_dags/example_external_task_marker_dag.py
[2024-10-13T07:41:21.027+0000] {processor.py:925} INFO - DAG(s) 'example_external_task_marker_child', 'example_external_task_marker_parent' retrieved from /home/vboxuser/airflow_venv/lib/python3.12/site-packages/airflow/example_dags/example_external_task_marker_dag.py
[2024-10-13T07:41:21.053+0000] {logging_mixin.py:190} INFO - [2024-10-13T07:41:21.052+0000] {dag.py:3239} INFO - Sync 2 DAGs
[2024-10-13T07:41:21.072+0000] {logging_mixin.py:190} INFO - [2024-10-13T07:41:21.072+0000] {dag.py:4180} INFO - Setting next_dagrun for example_external_task_marker_child to None, run_after=None
[2024-10-13T07:41:21.077+0000] {logging_mixin.py:190} INFO - [2024-10-13T07:41:21.076+0000] {dag.py:4180} INFO - Setting next_dagrun for example_external_task_marker_parent to None, run_after=None
[2024-10-13T07:41:21.121+0000] {processor.py:208} INFO - Processing /home/vboxuser/airflow_venv/lib/python3.12/site-packages/airflow/example_dags/example_external_task_marker_dag.py took 0.131 seconds
[2024-10-13T07:42:11.391+0000] {processor.py:186} INFO - Started process (PID=17560) to work on /home/vboxuser/airflow_venv/lib/python3.12/site-packages/airflow/example_dags/example_external_task_marker_dag.py
[2024-10-13T07:42:11.395+0000] {processor.py:914} INFO - Processing file /home/vboxuser/airflow_venv/lib/python3.12/site-packages/airflow/example_dags/example_external_task_marker_dag.py for tasks to queue
[2024-10-13T07:42:11.397+0000] {logging_mixin.py:190} INFO - [2024-10-13T07:42:11.396+0000] {dagbag.py:588} INFO - Filling up the DagBag from /home/vboxuser/airflow_venv/lib/python3.12/site-packages/airflow/example_dags/example_external_task_marker_dag.py
[2024-10-13T07:42:11.403+0000] {processor.py:925} INFO - DAG(s) 'example_external_task_marker_parent', 'example_external_task_marker_child' retrieved from /home/vboxuser/airflow_venv/lib/python3.12/site-packages/airflow/example_dags/example_external_task_marker_dag.py
[2024-10-13T07:42:11.416+0000] {logging_mixin.py:190} INFO - [2024-10-13T07:42:11.416+0000] {dag.py:3239} INFO - Sync 2 DAGs
[2024-10-13T07:42:11.424+0000] {logging_mixin.py:190} INFO - [2024-10-13T07:42:11.423+0000] {dag.py:4180} INFO - Setting next_dagrun for example_external_task_marker_child to None, run_after=None
[2024-10-13T07:42:11.426+0000] {logging_mixin.py:190} INFO - [2024-10-13T07:42:11.425+0000] {dag.py:4180} INFO - Setting next_dagrun for example_external_task_marker_parent to None, run_after=None
[2024-10-13T07:42:11.445+0000] {processor.py:208} INFO - Processing /home/vboxuser/airflow_venv/lib/python3.12/site-packages/airflow/example_dags/example_external_task_marker_dag.py took 0.058 seconds
