[2024-10-13T07:28:55.349+0000] {processor.py:186} INFO - Started process (PID=16067) to work on /home/vboxuser/airflow_venv/lib/python3.12/site-packages/airflow/example_dags/example_xcomargs.py
[2024-10-13T07:28:55.353+0000] {processor.py:914} INFO - Processing file /home/vboxuser/airflow_venv/lib/python3.12/site-packages/airflow/example_dags/example_xcomargs.py for tasks to queue
[2024-10-13T07:28:55.358+0000] {logging_mixin.py:190} INFO - [2024-10-13T07:28:55.356+0000] {dagbag.py:588} INFO - Filling up the DagBag from /home/vboxuser/airflow_venv/lib/python3.12/site-packages/airflow/example_dags/example_xcomargs.py
[2024-10-13T07:28:55.393+0000] {processor.py:925} INFO - DAG(s) 'example_xcom_args', 'example_xcom_args_with_operators' retrieved from /home/vboxuser/airflow_venv/lib/python3.12/site-packages/airflow/example_dags/example_xcomargs.py
[2024-10-13T07:28:55.430+0000] {logging_mixin.py:190} INFO - [2024-10-13T07:28:55.430+0000] {dag.py:3239} INFO - Sync 2 DAGs
[2024-10-13T07:28:55.471+0000] {logging_mixin.py:190} INFO - [2024-10-13T07:28:55.471+0000] {dag.py:4180} INFO - Setting next_dagrun for example_xcom_args to None, run_after=None
[2024-10-13T07:28:55.478+0000] {logging_mixin.py:190} INFO - [2024-10-13T07:28:55.478+0000] {dag.py:4180} INFO - Setting next_dagrun for example_xcom_args_with_operators to None, run_after=None
[2024-10-13T07:28:55.575+0000] {processor.py:208} INFO - Processing /home/vboxuser/airflow_venv/lib/python3.12/site-packages/airflow/example_dags/example_xcomargs.py took 0.244 seconds
[2024-10-13T07:29:51.271+0000] {processor.py:186} INFO - Started process (PID=16231) to work on /home/vboxuser/airflow_venv/lib/python3.12/site-packages/airflow/example_dags/example_xcomargs.py
[2024-10-13T07:29:51.276+0000] {processor.py:914} INFO - Processing file /home/vboxuser/airflow_venv/lib/python3.12/site-packages/airflow/example_dags/example_xcomargs.py for tasks to queue
[2024-10-13T07:29:51.277+0000] {logging_mixin.py:190} INFO - [2024-10-13T07:29:51.277+0000] {dagbag.py:588} INFO - Filling up the DagBag from /home/vboxuser/airflow_venv/lib/python3.12/site-packages/airflow/example_dags/example_xcomargs.py
[2024-10-13T07:29:51.284+0000] {processor.py:925} INFO - DAG(s) 'example_xcom_args', 'example_xcom_args_with_operators' retrieved from /home/vboxuser/airflow_venv/lib/python3.12/site-packages/airflow/example_dags/example_xcomargs.py
[2024-10-13T07:29:51.299+0000] {logging_mixin.py:190} INFO - [2024-10-13T07:29:51.298+0000] {dag.py:3239} INFO - Sync 2 DAGs
[2024-10-13T07:29:51.310+0000] {logging_mixin.py:190} INFO - [2024-10-13T07:29:51.309+0000] {dag.py:4180} INFO - Setting next_dagrun for example_xcom_args to None, run_after=None
[2024-10-13T07:29:51.311+0000] {logging_mixin.py:190} INFO - [2024-10-13T07:29:51.311+0000] {dag.py:4180} INFO - Setting next_dagrun for example_xcom_args_with_operators to None, run_after=None
[2024-10-13T07:29:51.333+0000] {processor.py:208} INFO - Processing /home/vboxuser/airflow_venv/lib/python3.12/site-packages/airflow/example_dags/example_xcomargs.py took 0.065 seconds
[2024-10-13T07:30:58.323+0000] {processor.py:186} INFO - Started process (PID=16346) to work on /home/vboxuser/airflow_venv/lib/python3.12/site-packages/airflow/example_dags/example_xcomargs.py
[2024-10-13T07:30:58.336+0000] {processor.py:914} INFO - Processing file /home/vboxuser/airflow_venv/lib/python3.12/site-packages/airflow/example_dags/example_xcomargs.py for tasks to queue
[2024-10-13T07:30:58.340+0000] {logging_mixin.py:190} INFO - [2024-10-13T07:30:58.339+0000] {dagbag.py:588} INFO - Filling up the DagBag from /home/vboxuser/airflow_venv/lib/python3.12/site-packages/airflow/example_dags/example_xcomargs.py
[2024-10-13T07:30:58.349+0000] {processor.py:925} INFO - DAG(s) 'example_xcom_args_with_operators', 'example_xcom_args' retrieved from /home/vboxuser/airflow_venv/lib/python3.12/site-packages/airflow/example_dags/example_xcomargs.py
[2024-10-13T07:30:58.365+0000] {logging_mixin.py:190} INFO - [2024-10-13T07:30:58.364+0000] {dag.py:3239} INFO - Sync 2 DAGs
[2024-10-13T07:30:58.373+0000] {logging_mixin.py:190} INFO - [2024-10-13T07:30:58.373+0000] {dag.py:4180} INFO - Setting next_dagrun for example_xcom_args to None, run_after=None
[2024-10-13T07:30:58.377+0000] {logging_mixin.py:190} INFO - [2024-10-13T07:30:58.376+0000] {dag.py:4180} INFO - Setting next_dagrun for example_xcom_args_with_operators to None, run_after=None
[2024-10-13T07:30:58.396+0000] {processor.py:208} INFO - Processing /home/vboxuser/airflow_venv/lib/python3.12/site-packages/airflow/example_dags/example_xcomargs.py took 0.092 seconds
[2024-10-13T07:32:10.949+0000] {processor.py:186} INFO - Started process (PID=16471) to work on /home/vboxuser/airflow_venv/lib/python3.12/site-packages/airflow/example_dags/example_xcomargs.py
[2024-10-13T07:32:10.962+0000] {processor.py:914} INFO - Processing file /home/vboxuser/airflow_venv/lib/python3.12/site-packages/airflow/example_dags/example_xcomargs.py for tasks to queue
[2024-10-13T07:32:10.971+0000] {logging_mixin.py:190} INFO - [2024-10-13T07:32:10.968+0000] {dagbag.py:588} INFO - Filling up the DagBag from /home/vboxuser/airflow_venv/lib/python3.12/site-packages/airflow/example_dags/example_xcomargs.py
[2024-10-13T07:32:11.017+0000] {processor.py:925} INFO - DAG(s) 'example_xcom_args_with_operators', 'example_xcom_args' retrieved from /home/vboxuser/airflow_venv/lib/python3.12/site-packages/airflow/example_dags/example_xcomargs.py
[2024-10-13T07:32:11.067+0000] {logging_mixin.py:190} INFO - [2024-10-13T07:32:11.067+0000] {dag.py:3239} INFO - Sync 2 DAGs
[2024-10-13T07:32:11.091+0000] {logging_mixin.py:190} INFO - [2024-10-13T07:32:11.090+0000] {dag.py:4180} INFO - Setting next_dagrun for example_xcom_args to None, run_after=None
[2024-10-13T07:32:11.102+0000] {logging_mixin.py:190} INFO - [2024-10-13T07:32:11.102+0000] {dag.py:4180} INFO - Setting next_dagrun for example_xcom_args_with_operators to None, run_after=None
[2024-10-13T07:32:11.157+0000] {processor.py:208} INFO - Processing /home/vboxuser/airflow_venv/lib/python3.12/site-packages/airflow/example_dags/example_xcomargs.py took 0.232 seconds
[2024-10-13T07:33:12.858+0000] {processor.py:186} INFO - Started process (PID=16691) to work on /home/vboxuser/airflow_venv/lib/python3.12/site-packages/airflow/example_dags/example_xcomargs.py
[2024-10-13T07:33:12.862+0000] {processor.py:914} INFO - Processing file /home/vboxuser/airflow_venv/lib/python3.12/site-packages/airflow/example_dags/example_xcomargs.py for tasks to queue
[2024-10-13T07:33:12.868+0000] {logging_mixin.py:190} INFO - [2024-10-13T07:33:12.867+0000] {dagbag.py:588} INFO - Filling up the DagBag from /home/vboxuser/airflow_venv/lib/python3.12/site-packages/airflow/example_dags/example_xcomargs.py
[2024-10-13T07:33:12.885+0000] {processor.py:925} INFO - DAG(s) 'example_xcom_args', 'example_xcom_args_with_operators' retrieved from /home/vboxuser/airflow_venv/lib/python3.12/site-packages/airflow/example_dags/example_xcomargs.py
[2024-10-13T07:33:12.907+0000] {logging_mixin.py:190} INFO - [2024-10-13T07:33:12.907+0000] {dag.py:3239} INFO - Sync 2 DAGs
[2024-10-13T07:33:12.928+0000] {logging_mixin.py:190} INFO - [2024-10-13T07:33:12.928+0000] {dag.py:4180} INFO - Setting next_dagrun for example_xcom_args to None, run_after=None
[2024-10-13T07:33:12.932+0000] {logging_mixin.py:190} INFO - [2024-10-13T07:33:12.932+0000] {dag.py:4180} INFO - Setting next_dagrun for example_xcom_args_with_operators to None, run_after=None
[2024-10-13T07:33:12.961+0000] {processor.py:208} INFO - Processing /home/vboxuser/airflow_venv/lib/python3.12/site-packages/airflow/example_dags/example_xcomargs.py took 0.113 seconds
[2024-10-13T07:34:07.999+0000] {processor.py:186} INFO - Started process (PID=16899) to work on /home/vboxuser/airflow_venv/lib/python3.12/site-packages/airflow/example_dags/example_xcomargs.py
[2024-10-13T07:34:08.001+0000] {processor.py:914} INFO - Processing file /home/vboxuser/airflow_venv/lib/python3.12/site-packages/airflow/example_dags/example_xcomargs.py for tasks to queue
[2024-10-13T07:34:08.002+0000] {logging_mixin.py:190} INFO - [2024-10-13T07:34:08.002+0000] {dagbag.py:588} INFO - Filling up the DagBag from /home/vboxuser/airflow_venv/lib/python3.12/site-packages/airflow/example_dags/example_xcomargs.py
[2024-10-13T07:34:08.012+0000] {processor.py:925} INFO - DAG(s) 'example_xcom_args', 'example_xcom_args_with_operators' retrieved from /home/vboxuser/airflow_venv/lib/python3.12/site-packages/airflow/example_dags/example_xcomargs.py
[2024-10-13T07:34:08.026+0000] {logging_mixin.py:190} INFO - [2024-10-13T07:34:08.026+0000] {dag.py:3239} INFO - Sync 2 DAGs
[2024-10-13T07:34:08.035+0000] {logging_mixin.py:190} INFO - [2024-10-13T07:34:08.035+0000] {dag.py:4180} INFO - Setting next_dagrun for example_xcom_args to None, run_after=None
[2024-10-13T07:34:08.037+0000] {logging_mixin.py:190} INFO - [2024-10-13T07:34:08.037+0000] {dag.py:4180} INFO - Setting next_dagrun for example_xcom_args_with_operators to None, run_after=None
[2024-10-13T07:34:08.058+0000] {processor.py:208} INFO - Processing /home/vboxuser/airflow_venv/lib/python3.12/site-packages/airflow/example_dags/example_xcomargs.py took 0.063 seconds
[2024-10-13T07:35:01.231+0000] {processor.py:186} INFO - Started process (PID=16965) to work on /home/vboxuser/airflow_venv/lib/python3.12/site-packages/airflow/example_dags/example_xcomargs.py
[2024-10-13T07:35:01.232+0000] {processor.py:914} INFO - Processing file /home/vboxuser/airflow_venv/lib/python3.12/site-packages/airflow/example_dags/example_xcomargs.py for tasks to queue
[2024-10-13T07:35:01.234+0000] {logging_mixin.py:190} INFO - [2024-10-13T07:35:01.234+0000] {dagbag.py:588} INFO - Filling up the DagBag from /home/vboxuser/airflow_venv/lib/python3.12/site-packages/airflow/example_dags/example_xcomargs.py
[2024-10-13T07:35:01.243+0000] {processor.py:925} INFO - DAG(s) 'example_xcom_args', 'example_xcom_args_with_operators' retrieved from /home/vboxuser/airflow_venv/lib/python3.12/site-packages/airflow/example_dags/example_xcomargs.py
[2024-10-13T07:35:01.255+0000] {logging_mixin.py:190} INFO - [2024-10-13T07:35:01.255+0000] {dag.py:3239} INFO - Sync 2 DAGs
[2024-10-13T07:35:01.263+0000] {logging_mixin.py:190} INFO - [2024-10-13T07:35:01.263+0000] {dag.py:4180} INFO - Setting next_dagrun for example_xcom_args to None, run_after=None
[2024-10-13T07:35:01.265+0000] {logging_mixin.py:190} INFO - [2024-10-13T07:35:01.265+0000] {dag.py:4180} INFO - Setting next_dagrun for example_xcom_args_with_operators to None, run_after=None
[2024-10-13T07:35:01.287+0000] {processor.py:208} INFO - Processing /home/vboxuser/airflow_venv/lib/python3.12/site-packages/airflow/example_dags/example_xcomargs.py took 0.060 seconds
[2024-10-13T07:35:53.765+0000] {processor.py:186} INFO - Started process (PID=17030) to work on /home/vboxuser/airflow_venv/lib/python3.12/site-packages/airflow/example_dags/example_xcomargs.py
[2024-10-13T07:35:53.766+0000] {processor.py:914} INFO - Processing file /home/vboxuser/airflow_venv/lib/python3.12/site-packages/airflow/example_dags/example_xcomargs.py for tasks to queue
[2024-10-13T07:35:53.768+0000] {logging_mixin.py:190} INFO - [2024-10-13T07:35:53.767+0000] {dagbag.py:588} INFO - Filling up the DagBag from /home/vboxuser/airflow_venv/lib/python3.12/site-packages/airflow/example_dags/example_xcomargs.py
[2024-10-13T07:35:53.778+0000] {processor.py:925} INFO - DAG(s) 'example_xcom_args', 'example_xcom_args_with_operators' retrieved from /home/vboxuser/airflow_venv/lib/python3.12/site-packages/airflow/example_dags/example_xcomargs.py
[2024-10-13T07:35:53.793+0000] {logging_mixin.py:190} INFO - [2024-10-13T07:35:53.793+0000] {dag.py:3239} INFO - Sync 2 DAGs
[2024-10-13T07:35:53.801+0000] {logging_mixin.py:190} INFO - [2024-10-13T07:35:53.801+0000] {dag.py:4180} INFO - Setting next_dagrun for example_xcom_args to None, run_after=None
[2024-10-13T07:35:53.803+0000] {logging_mixin.py:190} INFO - [2024-10-13T07:35:53.803+0000] {dag.py:4180} INFO - Setting next_dagrun for example_xcom_args_with_operators to None, run_after=None
[2024-10-13T07:35:53.823+0000] {processor.py:208} INFO - Processing /home/vboxuser/airflow_venv/lib/python3.12/site-packages/airflow/example_dags/example_xcomargs.py took 0.063 seconds
[2024-10-13T07:36:43.334+0000] {processor.py:186} INFO - Started process (PID=17091) to work on /home/vboxuser/airflow_venv/lib/python3.12/site-packages/airflow/example_dags/example_xcomargs.py
[2024-10-13T07:36:43.338+0000] {processor.py:914} INFO - Processing file /home/vboxuser/airflow_venv/lib/python3.12/site-packages/airflow/example_dags/example_xcomargs.py for tasks to queue
[2024-10-13T07:36:43.339+0000] {logging_mixin.py:190} INFO - [2024-10-13T07:36:43.339+0000] {dagbag.py:588} INFO - Filling up the DagBag from /home/vboxuser/airflow_venv/lib/python3.12/site-packages/airflow/example_dags/example_xcomargs.py
[2024-10-13T07:36:43.348+0000] {processor.py:925} INFO - DAG(s) 'example_xcom_args_with_operators', 'example_xcom_args' retrieved from /home/vboxuser/airflow_venv/lib/python3.12/site-packages/airflow/example_dags/example_xcomargs.py
[2024-10-13T07:36:43.361+0000] {logging_mixin.py:190} INFO - [2024-10-13T07:36:43.360+0000] {dag.py:3239} INFO - Sync 2 DAGs
[2024-10-13T07:36:43.369+0000] {logging_mixin.py:190} INFO - [2024-10-13T07:36:43.368+0000] {dag.py:4180} INFO - Setting next_dagrun for example_xcom_args to None, run_after=None
[2024-10-13T07:36:43.370+0000] {logging_mixin.py:190} INFO - [2024-10-13T07:36:43.370+0000] {dag.py:4180} INFO - Setting next_dagrun for example_xcom_args_with_operators to None, run_after=None
[2024-10-13T07:36:43.391+0000] {processor.py:208} INFO - Processing /home/vboxuser/airflow_venv/lib/python3.12/site-packages/airflow/example_dags/example_xcomargs.py took 0.061 seconds
[2024-10-13T07:37:33.530+0000] {processor.py:186} INFO - Started process (PID=17149) to work on /home/vboxuser/airflow_venv/lib/python3.12/site-packages/airflow/example_dags/example_xcomargs.py
[2024-10-13T07:37:33.532+0000] {processor.py:914} INFO - Processing file /home/vboxuser/airflow_venv/lib/python3.12/site-packages/airflow/example_dags/example_xcomargs.py for tasks to queue
[2024-10-13T07:37:33.535+0000] {logging_mixin.py:190} INFO - [2024-10-13T07:37:33.534+0000] {dagbag.py:588} INFO - Filling up the DagBag from /home/vboxuser/airflow_venv/lib/python3.12/site-packages/airflow/example_dags/example_xcomargs.py
[2024-10-13T07:37:33.544+0000] {processor.py:925} INFO - DAG(s) 'example_xcom_args', 'example_xcom_args_with_operators' retrieved from /home/vboxuser/airflow_venv/lib/python3.12/site-packages/airflow/example_dags/example_xcomargs.py
[2024-10-13T07:37:33.561+0000] {logging_mixin.py:190} INFO - [2024-10-13T07:37:33.561+0000] {dag.py:3239} INFO - Sync 2 DAGs
[2024-10-13T07:37:33.576+0000] {logging_mixin.py:190} INFO - [2024-10-13T07:37:33.576+0000] {dag.py:4180} INFO - Setting next_dagrun for example_xcom_args to None, run_after=None
[2024-10-13T07:37:33.579+0000] {logging_mixin.py:190} INFO - [2024-10-13T07:37:33.579+0000] {dag.py:4180} INFO - Setting next_dagrun for example_xcom_args_with_operators to None, run_after=None
[2024-10-13T07:37:33.604+0000] {processor.py:208} INFO - Processing /home/vboxuser/airflow_venv/lib/python3.12/site-packages/airflow/example_dags/example_xcomargs.py took 0.079 seconds
[2024-10-13T07:38:24.954+0000] {processor.py:186} INFO - Started process (PID=17233) to work on /home/vboxuser/airflow_venv/lib/python3.12/site-packages/airflow/example_dags/example_xcomargs.py
[2024-10-13T07:38:24.955+0000] {processor.py:914} INFO - Processing file /home/vboxuser/airflow_venv/lib/python3.12/site-packages/airflow/example_dags/example_xcomargs.py for tasks to queue
[2024-10-13T07:38:24.957+0000] {logging_mixin.py:190} INFO - [2024-10-13T07:38:24.956+0000] {dagbag.py:588} INFO - Filling up the DagBag from /home/vboxuser/airflow_venv/lib/python3.12/site-packages/airflow/example_dags/example_xcomargs.py
[2024-10-13T07:38:24.965+0000] {processor.py:925} INFO - DAG(s) 'example_xcom_args', 'example_xcom_args_with_operators' retrieved from /home/vboxuser/airflow_venv/lib/python3.12/site-packages/airflow/example_dags/example_xcomargs.py
[2024-10-13T07:38:24.977+0000] {logging_mixin.py:190} INFO - [2024-10-13T07:38:24.977+0000] {dag.py:3239} INFO - Sync 2 DAGs
[2024-10-13T07:38:24.986+0000] {logging_mixin.py:190} INFO - [2024-10-13T07:38:24.986+0000] {dag.py:4180} INFO - Setting next_dagrun for example_xcom_args to None, run_after=None
[2024-10-13T07:38:24.988+0000] {logging_mixin.py:190} INFO - [2024-10-13T07:38:24.988+0000] {dag.py:4180} INFO - Setting next_dagrun for example_xcom_args_with_operators to None, run_after=None
[2024-10-13T07:38:25.009+0000] {processor.py:208} INFO - Processing /home/vboxuser/airflow_venv/lib/python3.12/site-packages/airflow/example_dags/example_xcomargs.py took 0.060 seconds
[2024-10-13T07:39:13.528+0000] {processor.py:186} INFO - Started process (PID=17309) to work on /home/vboxuser/airflow_venv/lib/python3.12/site-packages/airflow/example_dags/example_xcomargs.py
[2024-10-13T07:39:13.532+0000] {processor.py:914} INFO - Processing file /home/vboxuser/airflow_venv/lib/python3.12/site-packages/airflow/example_dags/example_xcomargs.py for tasks to queue
[2024-10-13T07:39:13.534+0000] {logging_mixin.py:190} INFO - [2024-10-13T07:39:13.533+0000] {dagbag.py:588} INFO - Filling up the DagBag from /home/vboxuser/airflow_venv/lib/python3.12/site-packages/airflow/example_dags/example_xcomargs.py
[2024-10-13T07:39:13.541+0000] {processor.py:925} INFO - DAG(s) 'example_xcom_args', 'example_xcom_args_with_operators' retrieved from /home/vboxuser/airflow_venv/lib/python3.12/site-packages/airflow/example_dags/example_xcomargs.py
[2024-10-13T07:39:13.553+0000] {logging_mixin.py:190} INFO - [2024-10-13T07:39:13.553+0000] {dag.py:3239} INFO - Sync 2 DAGs
[2024-10-13T07:39:13.562+0000] {logging_mixin.py:190} INFO - [2024-10-13T07:39:13.561+0000] {dag.py:4180} INFO - Setting next_dagrun for example_xcom_args to None, run_after=None
[2024-10-13T07:39:13.564+0000] {logging_mixin.py:190} INFO - [2024-10-13T07:39:13.563+0000] {dag.py:4180} INFO - Setting next_dagrun for example_xcom_args_with_operators to None, run_after=None
[2024-10-13T07:39:13.599+0000] {processor.py:208} INFO - Processing /home/vboxuser/airflow_venv/lib/python3.12/site-packages/airflow/example_dags/example_xcomargs.py took 0.075 seconds
[2024-10-13T07:40:06.733+0000] {processor.py:186} INFO - Started process (PID=17407) to work on /home/vboxuser/airflow_venv/lib/python3.12/site-packages/airflow/example_dags/example_xcomargs.py
[2024-10-13T07:40:06.743+0000] {processor.py:914} INFO - Processing file /home/vboxuser/airflow_venv/lib/python3.12/site-packages/airflow/example_dags/example_xcomargs.py for tasks to queue
[2024-10-13T07:40:06.748+0000] {logging_mixin.py:190} INFO - [2024-10-13T07:40:06.745+0000] {dagbag.py:588} INFO - Filling up the DagBag from /home/vboxuser/airflow_venv/lib/python3.12/site-packages/airflow/example_dags/example_xcomargs.py
[2024-10-13T07:40:06.768+0000] {processor.py:925} INFO - DAG(s) 'example_xcom_args', 'example_xcom_args_with_operators' retrieved from /home/vboxuser/airflow_venv/lib/python3.12/site-packages/airflow/example_dags/example_xcomargs.py
[2024-10-13T07:40:06.792+0000] {logging_mixin.py:190} INFO - [2024-10-13T07:40:06.792+0000] {dag.py:3239} INFO - Sync 2 DAGs
[2024-10-13T07:40:06.811+0000] {logging_mixin.py:190} INFO - [2024-10-13T07:40:06.811+0000] {dag.py:4180} INFO - Setting next_dagrun for example_xcom_args to None, run_after=None
[2024-10-13T07:40:06.815+0000] {logging_mixin.py:190} INFO - [2024-10-13T07:40:06.814+0000] {dag.py:4180} INFO - Setting next_dagrun for example_xcom_args_with_operators to None, run_after=None
[2024-10-13T07:40:06.849+0000] {processor.py:208} INFO - Processing /home/vboxuser/airflow_venv/lib/python3.12/site-packages/airflow/example_dags/example_xcomargs.py took 0.132 seconds
[2024-10-13T07:40:55.234+0000] {processor.py:186} INFO - Started process (PID=17471) to work on /home/vboxuser/airflow_venv/lib/python3.12/site-packages/airflow/example_dags/example_xcomargs.py
[2024-10-13T07:40:55.239+0000] {processor.py:914} INFO - Processing file /home/vboxuser/airflow_venv/lib/python3.12/site-packages/airflow/example_dags/example_xcomargs.py for tasks to queue
[2024-10-13T07:40:55.240+0000] {logging_mixin.py:190} INFO - [2024-10-13T07:40:55.240+0000] {dagbag.py:588} INFO - Filling up the DagBag from /home/vboxuser/airflow_venv/lib/python3.12/site-packages/airflow/example_dags/example_xcomargs.py
[2024-10-13T07:40:55.251+0000] {processor.py:925} INFO - DAG(s) 'example_xcom_args', 'example_xcom_args_with_operators' retrieved from /home/vboxuser/airflow_venv/lib/python3.12/site-packages/airflow/example_dags/example_xcomargs.py
[2024-10-13T07:40:55.263+0000] {logging_mixin.py:190} INFO - [2024-10-13T07:40:55.263+0000] {dag.py:3239} INFO - Sync 2 DAGs
[2024-10-13T07:40:55.271+0000] {logging_mixin.py:190} INFO - [2024-10-13T07:40:55.271+0000] {dag.py:4180} INFO - Setting next_dagrun for example_xcom_args to None, run_after=None
[2024-10-13T07:40:55.274+0000] {logging_mixin.py:190} INFO - [2024-10-13T07:40:55.274+0000] {dag.py:4180} INFO - Setting next_dagrun for example_xcom_args_with_operators to None, run_after=None
[2024-10-13T07:40:55.295+0000] {processor.py:208} INFO - Processing /home/vboxuser/airflow_venv/lib/python3.12/site-packages/airflow/example_dags/example_xcomargs.py took 0.065 seconds
[2024-10-13T07:41:45.594+0000] {processor.py:186} INFO - Started process (PID=17529) to work on /home/vboxuser/airflow_venv/lib/python3.12/site-packages/airflow/example_dags/example_xcomargs.py
[2024-10-13T07:41:45.597+0000] {processor.py:914} INFO - Processing file /home/vboxuser/airflow_venv/lib/python3.12/site-packages/airflow/example_dags/example_xcomargs.py for tasks to queue
[2024-10-13T07:41:45.598+0000] {logging_mixin.py:190} INFO - [2024-10-13T07:41:45.598+0000] {dagbag.py:588} INFO - Filling up the DagBag from /home/vboxuser/airflow_venv/lib/python3.12/site-packages/airflow/example_dags/example_xcomargs.py
[2024-10-13T07:41:45.606+0000] {processor.py:925} INFO - DAG(s) 'example_xcom_args_with_operators', 'example_xcom_args' retrieved from /home/vboxuser/airflow_venv/lib/python3.12/site-packages/airflow/example_dags/example_xcomargs.py
[2024-10-13T07:41:45.619+0000] {logging_mixin.py:190} INFO - [2024-10-13T07:41:45.619+0000] {dag.py:3239} INFO - Sync 2 DAGs
[2024-10-13T07:41:45.628+0000] {logging_mixin.py:190} INFO - [2024-10-13T07:41:45.628+0000] {dag.py:4180} INFO - Setting next_dagrun for example_xcom_args to None, run_after=None
[2024-10-13T07:41:45.630+0000] {logging_mixin.py:190} INFO - [2024-10-13T07:41:45.630+0000] {dag.py:4180} INFO - Setting next_dagrun for example_xcom_args_with_operators to None, run_after=None
[2024-10-13T07:41:45.649+0000] {processor.py:208} INFO - Processing /home/vboxuser/airflow_venv/lib/python3.12/site-packages/airflow/example_dags/example_xcomargs.py took 0.058 seconds
[2024-10-13T07:42:37.120+0000] {processor.py:186} INFO - Started process (PID=17591) to work on /home/vboxuser/airflow_venv/lib/python3.12/site-packages/airflow/example_dags/example_xcomargs.py
[2024-10-13T07:42:37.122+0000] {processor.py:914} INFO - Processing file /home/vboxuser/airflow_venv/lib/python3.12/site-packages/airflow/example_dags/example_xcomargs.py for tasks to queue
[2024-10-13T07:42:37.123+0000] {logging_mixin.py:190} INFO - [2024-10-13T07:42:37.123+0000] {dagbag.py:588} INFO - Filling up the DagBag from /home/vboxuser/airflow_venv/lib/python3.12/site-packages/airflow/example_dags/example_xcomargs.py
[2024-10-13T07:42:37.131+0000] {processor.py:925} INFO - DAG(s) 'example_xcom_args', 'example_xcom_args_with_operators' retrieved from /home/vboxuser/airflow_venv/lib/python3.12/site-packages/airflow/example_dags/example_xcomargs.py
[2024-10-13T07:42:37.142+0000] {logging_mixin.py:190} INFO - [2024-10-13T07:42:37.142+0000] {dag.py:3239} INFO - Sync 2 DAGs
[2024-10-13T07:42:37.151+0000] {logging_mixin.py:190} INFO - [2024-10-13T07:42:37.151+0000] {dag.py:4180} INFO - Setting next_dagrun for example_xcom_args to None, run_after=None
[2024-10-13T07:42:37.153+0000] {logging_mixin.py:190} INFO - [2024-10-13T07:42:37.153+0000] {dag.py:4180} INFO - Setting next_dagrun for example_xcom_args_with_operators to None, run_after=None
[2024-10-13T07:42:37.171+0000] {processor.py:208} INFO - Processing /home/vboxuser/airflow_venv/lib/python3.12/site-packages/airflow/example_dags/example_xcomargs.py took 0.055 seconds
