[2024-10-13T07:28:50.210+0000] {processor.py:186} INFO - Started process (PID=16055) to work on /home/vboxuser/airflow_venv/lib/python3.12/site-packages/airflow/example_dags/example_xcom.py
[2024-10-13T07:28:50.211+0000] {processor.py:914} INFO - Processing file /home/vboxuser/airflow_venv/lib/python3.12/site-packages/airflow/example_dags/example_xcom.py for tasks to queue
[2024-10-13T07:28:50.227+0000] {logging_mixin.py:190} INFO - [2024-10-13T07:28:50.220+0000] {dagbag.py:588} INFO - Filling up the DagBag from /home/vboxuser/airflow_venv/lib/python3.12/site-packages/airflow/example_dags/example_xcom.py
[2024-10-13T07:28:50.373+0000] {processor.py:925} INFO - DAG(s) 'example_xcom' retrieved from /home/vboxuser/airflow_venv/lib/python3.12/site-packages/airflow/example_dags/example_xcom.py
[2024-10-13T07:28:50.472+0000] {logging_mixin.py:190} INFO - [2024-10-13T07:28:50.472+0000] {dag.py:3239} INFO - Sync 1 DAGs
[2024-10-13T07:28:50.675+0000] {logging_mixin.py:190} INFO - [2024-10-13T07:28:50.674+0000] {dag.py:4180} INFO - Setting next_dagrun for example_xcom to 2021-01-01 00:00:00+00:00, run_after=2021-01-01 00:00:00+00:00
[2024-10-13T07:28:50.789+0000] {processor.py:208} INFO - Processing /home/vboxuser/airflow_venv/lib/python3.12/site-packages/airflow/example_dags/example_xcom.py took 0.683 seconds
[2024-10-13T07:29:48.298+0000] {processor.py:186} INFO - Started process (PID=16227) to work on /home/vboxuser/airflow_venv/lib/python3.12/site-packages/airflow/example_dags/example_xcom.py
[2024-10-13T07:29:48.301+0000] {processor.py:914} INFO - Processing file /home/vboxuser/airflow_venv/lib/python3.12/site-packages/airflow/example_dags/example_xcom.py for tasks to queue
[2024-10-13T07:29:48.303+0000] {logging_mixin.py:190} INFO - [2024-10-13T07:29:48.303+0000] {dagbag.py:588} INFO - Filling up the DagBag from /home/vboxuser/airflow_venv/lib/python3.12/site-packages/airflow/example_dags/example_xcom.py
[2024-10-13T07:29:48.311+0000] {processor.py:925} INFO - DAG(s) 'example_xcom' retrieved from /home/vboxuser/airflow_venv/lib/python3.12/site-packages/airflow/example_dags/example_xcom.py
[2024-10-13T07:29:48.323+0000] {logging_mixin.py:190} INFO - [2024-10-13T07:29:48.323+0000] {dag.py:3239} INFO - Sync 1 DAGs
[2024-10-13T07:29:48.338+0000] {logging_mixin.py:190} INFO - [2024-10-13T07:29:48.337+0000] {dag.py:4180} INFO - Setting next_dagrun for example_xcom to 2021-01-01 00:00:00+00:00, run_after=2021-01-01 00:00:00+00:00
[2024-10-13T07:29:48.360+0000] {processor.py:208} INFO - Processing /home/vboxuser/airflow_venv/lib/python3.12/site-packages/airflow/example_dags/example_xcom.py took 0.067 seconds
[2024-10-13T07:30:55.577+0000] {processor.py:186} INFO - Started process (PID=16343) to work on /home/vboxuser/airflow_venv/lib/python3.12/site-packages/airflow/example_dags/example_xcom.py
[2024-10-13T07:30:55.579+0000] {processor.py:914} INFO - Processing file /home/vboxuser/airflow_venv/lib/python3.12/site-packages/airflow/example_dags/example_xcom.py for tasks to queue
[2024-10-13T07:30:55.581+0000] {logging_mixin.py:190} INFO - [2024-10-13T07:30:55.581+0000] {dagbag.py:588} INFO - Filling up the DagBag from /home/vboxuser/airflow_venv/lib/python3.12/site-packages/airflow/example_dags/example_xcom.py
[2024-10-13T07:30:55.588+0000] {processor.py:925} INFO - DAG(s) 'example_xcom' retrieved from /home/vboxuser/airflow_venv/lib/python3.12/site-packages/airflow/example_dags/example_xcom.py
[2024-10-13T07:30:55.604+0000] {logging_mixin.py:190} INFO - [2024-10-13T07:30:55.604+0000] {dag.py:3239} INFO - Sync 1 DAGs
[2024-10-13T07:30:55.618+0000] {logging_mixin.py:190} INFO - [2024-10-13T07:30:55.618+0000] {dag.py:4180} INFO - Setting next_dagrun for example_xcom to 2021-01-01 00:00:00+00:00, run_after=2021-01-01 00:00:00+00:00
[2024-10-13T07:30:55.638+0000] {processor.py:208} INFO - Processing /home/vboxuser/airflow_venv/lib/python3.12/site-packages/airflow/example_dags/example_xcom.py took 0.067 seconds
[2024-10-13T07:32:07.468+0000] {processor.py:186} INFO - Started process (PID=16463) to work on /home/vboxuser/airflow_venv/lib/python3.12/site-packages/airflow/example_dags/example_xcom.py
[2024-10-13T07:32:07.473+0000] {processor.py:914} INFO - Processing file /home/vboxuser/airflow_venv/lib/python3.12/site-packages/airflow/example_dags/example_xcom.py for tasks to queue
[2024-10-13T07:32:07.474+0000] {logging_mixin.py:190} INFO - [2024-10-13T07:32:07.474+0000] {dagbag.py:588} INFO - Filling up the DagBag from /home/vboxuser/airflow_venv/lib/python3.12/site-packages/airflow/example_dags/example_xcom.py
[2024-10-13T07:32:07.481+0000] {processor.py:925} INFO - DAG(s) 'example_xcom' retrieved from /home/vboxuser/airflow_venv/lib/python3.12/site-packages/airflow/example_dags/example_xcom.py
[2024-10-13T07:32:07.493+0000] {logging_mixin.py:190} INFO - [2024-10-13T07:32:07.493+0000] {dag.py:3239} INFO - Sync 1 DAGs
[2024-10-13T07:32:07.507+0000] {logging_mixin.py:190} INFO - [2024-10-13T07:32:07.507+0000] {dag.py:4180} INFO - Setting next_dagrun for example_xcom to 2021-01-01 00:00:00+00:00, run_after=2021-01-01 00:00:00+00:00
[2024-10-13T07:32:07.526+0000] {processor.py:208} INFO - Processing /home/vboxuser/airflow_venv/lib/python3.12/site-packages/airflow/example_dags/example_xcom.py took 0.062 seconds
[2024-10-13T07:33:08.373+0000] {processor.py:186} INFO - Started process (PID=16688) to work on /home/vboxuser/airflow_venv/lib/python3.12/site-packages/airflow/example_dags/example_xcom.py
[2024-10-13T07:33:08.376+0000] {processor.py:914} INFO - Processing file /home/vboxuser/airflow_venv/lib/python3.12/site-packages/airflow/example_dags/example_xcom.py for tasks to queue
[2024-10-13T07:33:08.379+0000] {logging_mixin.py:190} INFO - [2024-10-13T07:33:08.378+0000] {dagbag.py:588} INFO - Filling up the DagBag from /home/vboxuser/airflow_venv/lib/python3.12/site-packages/airflow/example_dags/example_xcom.py
[2024-10-13T07:33:08.400+0000] {processor.py:925} INFO - DAG(s) 'example_xcom' retrieved from /home/vboxuser/airflow_venv/lib/python3.12/site-packages/airflow/example_dags/example_xcom.py
[2024-10-13T07:33:08.442+0000] {logging_mixin.py:190} INFO - [2024-10-13T07:33:08.442+0000] {dag.py:3239} INFO - Sync 1 DAGs
[2024-10-13T07:33:08.497+0000] {logging_mixin.py:190} INFO - [2024-10-13T07:33:08.497+0000] {dag.py:4180} INFO - Setting next_dagrun for example_xcom to 2021-01-01 00:00:00+00:00, run_after=2021-01-01 00:00:00+00:00
[2024-10-13T07:33:08.601+0000] {processor.py:208} INFO - Processing /home/vboxuser/airflow_venv/lib/python3.12/site-packages/airflow/example_dags/example_xcom.py took 0.234 seconds
[2024-10-13T07:34:06.290+0000] {processor.py:186} INFO - Started process (PID=16895) to work on /home/vboxuser/airflow_venv/lib/python3.12/site-packages/airflow/example_dags/example_xcom.py
[2024-10-13T07:34:06.292+0000] {processor.py:914} INFO - Processing file /home/vboxuser/airflow_venv/lib/python3.12/site-packages/airflow/example_dags/example_xcom.py for tasks to queue
[2024-10-13T07:34:06.294+0000] {logging_mixin.py:190} INFO - [2024-10-13T07:34:06.294+0000] {dagbag.py:588} INFO - Filling up the DagBag from /home/vboxuser/airflow_venv/lib/python3.12/site-packages/airflow/example_dags/example_xcom.py
[2024-10-13T07:34:06.302+0000] {processor.py:925} INFO - DAG(s) 'example_xcom' retrieved from /home/vboxuser/airflow_venv/lib/python3.12/site-packages/airflow/example_dags/example_xcom.py
[2024-10-13T07:34:06.314+0000] {logging_mixin.py:190} INFO - [2024-10-13T07:34:06.314+0000] {dag.py:3239} INFO - Sync 1 DAGs
[2024-10-13T07:34:06.327+0000] {logging_mixin.py:190} INFO - [2024-10-13T07:34:06.327+0000] {dag.py:4180} INFO - Setting next_dagrun for example_xcom to 2021-01-01 00:00:00+00:00, run_after=2021-01-01 00:00:00+00:00
[2024-10-13T07:34:06.347+0000] {processor.py:208} INFO - Processing /home/vboxuser/airflow_venv/lib/python3.12/site-packages/airflow/example_dags/example_xcom.py took 0.062 seconds
[2024-10-13T07:34:57.822+0000] {processor.py:186} INFO - Started process (PID=16962) to work on /home/vboxuser/airflow_venv/lib/python3.12/site-packages/airflow/example_dags/example_xcom.py
[2024-10-13T07:34:57.824+0000] {processor.py:914} INFO - Processing file /home/vboxuser/airflow_venv/lib/python3.12/site-packages/airflow/example_dags/example_xcom.py for tasks to queue
[2024-10-13T07:34:57.825+0000] {logging_mixin.py:190} INFO - [2024-10-13T07:34:57.825+0000] {dagbag.py:588} INFO - Filling up the DagBag from /home/vboxuser/airflow_venv/lib/python3.12/site-packages/airflow/example_dags/example_xcom.py
[2024-10-13T07:34:57.834+0000] {processor.py:925} INFO - DAG(s) 'example_xcom' retrieved from /home/vboxuser/airflow_venv/lib/python3.12/site-packages/airflow/example_dags/example_xcom.py
[2024-10-13T07:34:57.848+0000] {logging_mixin.py:190} INFO - [2024-10-13T07:34:57.848+0000] {dag.py:3239} INFO - Sync 1 DAGs
[2024-10-13T07:34:57.863+0000] {logging_mixin.py:190} INFO - [2024-10-13T07:34:57.862+0000] {dag.py:4180} INFO - Setting next_dagrun for example_xcom to 2021-01-01 00:00:00+00:00, run_after=2021-01-01 00:00:00+00:00
[2024-10-13T07:34:57.891+0000] {processor.py:208} INFO - Processing /home/vboxuser/airflow_venv/lib/python3.12/site-packages/airflow/example_dags/example_xcom.py took 0.075 seconds
[2024-10-13T07:35:50.335+0000] {processor.py:186} INFO - Started process (PID=17026) to work on /home/vboxuser/airflow_venv/lib/python3.12/site-packages/airflow/example_dags/example_xcom.py
[2024-10-13T07:35:50.337+0000] {processor.py:914} INFO - Processing file /home/vboxuser/airflow_venv/lib/python3.12/site-packages/airflow/example_dags/example_xcom.py for tasks to queue
[2024-10-13T07:35:50.340+0000] {logging_mixin.py:190} INFO - [2024-10-13T07:35:50.339+0000] {dagbag.py:588} INFO - Filling up the DagBag from /home/vboxuser/airflow_venv/lib/python3.12/site-packages/airflow/example_dags/example_xcom.py
[2024-10-13T07:35:50.346+0000] {processor.py:925} INFO - DAG(s) 'example_xcom' retrieved from /home/vboxuser/airflow_venv/lib/python3.12/site-packages/airflow/example_dags/example_xcom.py
[2024-10-13T07:35:50.357+0000] {logging_mixin.py:190} INFO - [2024-10-13T07:35:50.357+0000] {dag.py:3239} INFO - Sync 1 DAGs
[2024-10-13T07:35:50.372+0000] {logging_mixin.py:190} INFO - [2024-10-13T07:35:50.372+0000] {dag.py:4180} INFO - Setting next_dagrun for example_xcom to 2021-01-01 00:00:00+00:00, run_after=2021-01-01 00:00:00+00:00
[2024-10-13T07:35:50.393+0000] {processor.py:208} INFO - Processing /home/vboxuser/airflow_venv/lib/python3.12/site-packages/airflow/example_dags/example_xcom.py took 0.062 seconds
[2024-10-13T07:36:40.104+0000] {processor.py:186} INFO - Started process (PID=17086) to work on /home/vboxuser/airflow_venv/lib/python3.12/site-packages/airflow/example_dags/example_xcom.py
[2024-10-13T07:36:40.106+0000] {processor.py:914} INFO - Processing file /home/vboxuser/airflow_venv/lib/python3.12/site-packages/airflow/example_dags/example_xcom.py for tasks to queue
[2024-10-13T07:36:40.107+0000] {logging_mixin.py:190} INFO - [2024-10-13T07:36:40.107+0000] {dagbag.py:588} INFO - Filling up the DagBag from /home/vboxuser/airflow_venv/lib/python3.12/site-packages/airflow/example_dags/example_xcom.py
[2024-10-13T07:36:40.115+0000] {processor.py:925} INFO - DAG(s) 'example_xcom' retrieved from /home/vboxuser/airflow_venv/lib/python3.12/site-packages/airflow/example_dags/example_xcom.py
[2024-10-13T07:36:40.126+0000] {logging_mixin.py:190} INFO - [2024-10-13T07:36:40.126+0000] {dag.py:3239} INFO - Sync 1 DAGs
[2024-10-13T07:36:40.141+0000] {logging_mixin.py:190} INFO - [2024-10-13T07:36:40.141+0000] {dag.py:4180} INFO - Setting next_dagrun for example_xcom to 2021-01-01 00:00:00+00:00, run_after=2021-01-01 00:00:00+00:00
[2024-10-13T07:36:40.166+0000] {processor.py:208} INFO - Processing /home/vboxuser/airflow_venv/lib/python3.12/site-packages/airflow/example_dags/example_xcom.py took 0.066 seconds
[2024-10-13T07:37:31.035+0000] {processor.py:186} INFO - Started process (PID=17145) to work on /home/vboxuser/airflow_venv/lib/python3.12/site-packages/airflow/example_dags/example_xcom.py
[2024-10-13T07:37:31.052+0000] {processor.py:914} INFO - Processing file /home/vboxuser/airflow_venv/lib/python3.12/site-packages/airflow/example_dags/example_xcom.py for tasks to queue
[2024-10-13T07:37:31.056+0000] {logging_mixin.py:190} INFO - [2024-10-13T07:37:31.056+0000] {dagbag.py:588} INFO - Filling up the DagBag from /home/vboxuser/airflow_venv/lib/python3.12/site-packages/airflow/example_dags/example_xcom.py
[2024-10-13T07:37:31.076+0000] {processor.py:925} INFO - DAG(s) 'example_xcom' retrieved from /home/vboxuser/airflow_venv/lib/python3.12/site-packages/airflow/example_dags/example_xcom.py
[2024-10-13T07:37:31.110+0000] {logging_mixin.py:190} INFO - [2024-10-13T07:37:31.110+0000] {dag.py:3239} INFO - Sync 1 DAGs
[2024-10-13T07:37:31.147+0000] {logging_mixin.py:190} INFO - [2024-10-13T07:37:31.147+0000] {dag.py:4180} INFO - Setting next_dagrun for example_xcom to 2021-01-01 00:00:00+00:00, run_after=2021-01-01 00:00:00+00:00
[2024-10-13T07:37:31.172+0000] {processor.py:208} INFO - Processing /home/vboxuser/airflow_venv/lib/python3.12/site-packages/airflow/example_dags/example_xcom.py took 0.157 seconds
[2024-10-13T07:38:21.681+0000] {processor.py:186} INFO - Started process (PID=17230) to work on /home/vboxuser/airflow_venv/lib/python3.12/site-packages/airflow/example_dags/example_xcom.py
[2024-10-13T07:38:21.682+0000] {processor.py:914} INFO - Processing file /home/vboxuser/airflow_venv/lib/python3.12/site-packages/airflow/example_dags/example_xcom.py for tasks to queue
[2024-10-13T07:38:21.684+0000] {logging_mixin.py:190} INFO - [2024-10-13T07:38:21.683+0000] {dagbag.py:588} INFO - Filling up the DagBag from /home/vboxuser/airflow_venv/lib/python3.12/site-packages/airflow/example_dags/example_xcom.py
[2024-10-13T07:38:21.692+0000] {processor.py:925} INFO - DAG(s) 'example_xcom' retrieved from /home/vboxuser/airflow_venv/lib/python3.12/site-packages/airflow/example_dags/example_xcom.py
[2024-10-13T07:38:21.707+0000] {logging_mixin.py:190} INFO - [2024-10-13T07:38:21.707+0000] {dag.py:3239} INFO - Sync 1 DAGs
[2024-10-13T07:38:21.719+0000] {logging_mixin.py:190} INFO - [2024-10-13T07:38:21.719+0000] {dag.py:4180} INFO - Setting next_dagrun for example_xcom to 2021-01-01 00:00:00+00:00, run_after=2021-01-01 00:00:00+00:00
[2024-10-13T07:38:21.746+0000] {processor.py:208} INFO - Processing /home/vboxuser/airflow_venv/lib/python3.12/site-packages/airflow/example_dags/example_xcom.py took 0.070 seconds
[2024-10-13T07:39:10.648+0000] {processor.py:186} INFO - Started process (PID=17305) to work on /home/vboxuser/airflow_venv/lib/python3.12/site-packages/airflow/example_dags/example_xcom.py
[2024-10-13T07:39:10.649+0000] {processor.py:914} INFO - Processing file /home/vboxuser/airflow_venv/lib/python3.12/site-packages/airflow/example_dags/example_xcom.py for tasks to queue
[2024-10-13T07:39:10.651+0000] {logging_mixin.py:190} INFO - [2024-10-13T07:39:10.650+0000] {dagbag.py:588} INFO - Filling up the DagBag from /home/vboxuser/airflow_venv/lib/python3.12/site-packages/airflow/example_dags/example_xcom.py
[2024-10-13T07:39:10.657+0000] {processor.py:925} INFO - DAG(s) 'example_xcom' retrieved from /home/vboxuser/airflow_venv/lib/python3.12/site-packages/airflow/example_dags/example_xcom.py
[2024-10-13T07:39:10.676+0000] {logging_mixin.py:190} INFO - [2024-10-13T07:39:10.676+0000] {dag.py:3239} INFO - Sync 1 DAGs
[2024-10-13T07:39:10.706+0000] {logging_mixin.py:190} INFO - [2024-10-13T07:39:10.705+0000] {dag.py:4180} INFO - Setting next_dagrun for example_xcom to 2021-01-01 00:00:00+00:00, run_after=2021-01-01 00:00:00+00:00
[2024-10-13T07:39:10.755+0000] {processor.py:208} INFO - Processing /home/vboxuser/airflow_venv/lib/python3.12/site-packages/airflow/example_dags/example_xcom.py took 0.111 seconds
[2024-10-13T07:40:03.230+0000] {processor.py:186} INFO - Started process (PID=17366) to work on /home/vboxuser/airflow_venv/lib/python3.12/site-packages/airflow/example_dags/example_xcom.py
[2024-10-13T07:40:03.231+0000] {processor.py:914} INFO - Processing file /home/vboxuser/airflow_venv/lib/python3.12/site-packages/airflow/example_dags/example_xcom.py for tasks to queue
[2024-10-13T07:40:03.233+0000] {logging_mixin.py:190} INFO - [2024-10-13T07:40:03.232+0000] {dagbag.py:588} INFO - Filling up the DagBag from /home/vboxuser/airflow_venv/lib/python3.12/site-packages/airflow/example_dags/example_xcom.py
[2024-10-13T07:40:03.239+0000] {processor.py:925} INFO - DAG(s) 'example_xcom' retrieved from /home/vboxuser/airflow_venv/lib/python3.12/site-packages/airflow/example_dags/example_xcom.py
[2024-10-13T07:40:03.252+0000] {logging_mixin.py:190} INFO - [2024-10-13T07:40:03.251+0000] {dag.py:3239} INFO - Sync 1 DAGs
[2024-10-13T07:40:03.266+0000] {logging_mixin.py:190} INFO - [2024-10-13T07:40:03.265+0000] {dag.py:4180} INFO - Setting next_dagrun for example_xcom to 2021-01-01 00:00:00+00:00, run_after=2021-01-01 00:00:00+00:00
[2024-10-13T07:40:03.285+0000] {processor.py:208} INFO - Processing /home/vboxuser/airflow_venv/lib/python3.12/site-packages/airflow/example_dags/example_xcom.py took 0.059 seconds
[2024-10-13T07:40:52.613+0000] {processor.py:186} INFO - Started process (PID=17468) to work on /home/vboxuser/airflow_venv/lib/python3.12/site-packages/airflow/example_dags/example_xcom.py
[2024-10-13T07:40:52.616+0000] {processor.py:914} INFO - Processing file /home/vboxuser/airflow_venv/lib/python3.12/site-packages/airflow/example_dags/example_xcom.py for tasks to queue
[2024-10-13T07:40:52.627+0000] {logging_mixin.py:190} INFO - [2024-10-13T07:40:52.627+0000] {dagbag.py:588} INFO - Filling up the DagBag from /home/vboxuser/airflow_venv/lib/python3.12/site-packages/airflow/example_dags/example_xcom.py
[2024-10-13T07:40:52.652+0000] {processor.py:925} INFO - DAG(s) 'example_xcom' retrieved from /home/vboxuser/airflow_venv/lib/python3.12/site-packages/airflow/example_dags/example_xcom.py
[2024-10-13T07:40:52.678+0000] {logging_mixin.py:190} INFO - [2024-10-13T07:40:52.677+0000] {dag.py:3239} INFO - Sync 1 DAGs
[2024-10-13T07:40:52.702+0000] {logging_mixin.py:190} INFO - [2024-10-13T07:40:52.702+0000] {dag.py:4180} INFO - Setting next_dagrun for example_xcom to 2021-01-01 00:00:00+00:00, run_after=2021-01-01 00:00:00+00:00
[2024-10-13T07:40:52.758+0000] {processor.py:208} INFO - Processing /home/vboxuser/airflow_venv/lib/python3.12/site-packages/airflow/example_dags/example_xcom.py took 0.155 seconds
[2024-10-13T07:41:42.739+0000] {processor.py:186} INFO - Started process (PID=17526) to work on /home/vboxuser/airflow_venv/lib/python3.12/site-packages/airflow/example_dags/example_xcom.py
[2024-10-13T07:41:42.742+0000] {processor.py:914} INFO - Processing file /home/vboxuser/airflow_venv/lib/python3.12/site-packages/airflow/example_dags/example_xcom.py for tasks to queue
[2024-10-13T07:41:42.744+0000] {logging_mixin.py:190} INFO - [2024-10-13T07:41:42.743+0000] {dagbag.py:588} INFO - Filling up the DagBag from /home/vboxuser/airflow_venv/lib/python3.12/site-packages/airflow/example_dags/example_xcom.py
[2024-10-13T07:41:42.752+0000] {processor.py:925} INFO - DAG(s) 'example_xcom' retrieved from /home/vboxuser/airflow_venv/lib/python3.12/site-packages/airflow/example_dags/example_xcom.py
[2024-10-13T07:41:42.763+0000] {logging_mixin.py:190} INFO - [2024-10-13T07:41:42.763+0000] {dag.py:3239} INFO - Sync 1 DAGs
[2024-10-13T07:41:42.776+0000] {logging_mixin.py:190} INFO - [2024-10-13T07:41:42.775+0000] {dag.py:4180} INFO - Setting next_dagrun for example_xcom to 2021-01-01 00:00:00+00:00, run_after=2021-01-01 00:00:00+00:00
[2024-10-13T07:41:42.795+0000] {processor.py:208} INFO - Processing /home/vboxuser/airflow_venv/lib/python3.12/site-packages/airflow/example_dags/example_xcom.py took 0.060 seconds
[2024-10-13T07:42:34.354+0000] {processor.py:186} INFO - Started process (PID=17588) to work on /home/vboxuser/airflow_venv/lib/python3.12/site-packages/airflow/example_dags/example_xcom.py
[2024-10-13T07:42:34.358+0000] {processor.py:914} INFO - Processing file /home/vboxuser/airflow_venv/lib/python3.12/site-packages/airflow/example_dags/example_xcom.py for tasks to queue
[2024-10-13T07:42:34.360+0000] {logging_mixin.py:190} INFO - [2024-10-13T07:42:34.360+0000] {dagbag.py:588} INFO - Filling up the DagBag from /home/vboxuser/airflow_venv/lib/python3.12/site-packages/airflow/example_dags/example_xcom.py
[2024-10-13T07:42:34.368+0000] {processor.py:925} INFO - DAG(s) 'example_xcom' retrieved from /home/vboxuser/airflow_venv/lib/python3.12/site-packages/airflow/example_dags/example_xcom.py
[2024-10-13T07:42:34.379+0000] {logging_mixin.py:190} INFO - [2024-10-13T07:42:34.379+0000] {dag.py:3239} INFO - Sync 1 DAGs
[2024-10-13T07:42:34.394+0000] {logging_mixin.py:190} INFO - [2024-10-13T07:42:34.394+0000] {dag.py:4180} INFO - Setting next_dagrun for example_xcom to 2021-01-01 00:00:00+00:00, run_after=2021-01-01 00:00:00+00:00
[2024-10-13T07:42:34.417+0000] {processor.py:208} INFO - Processing /home/vboxuser/airflow_venv/lib/python3.12/site-packages/airflow/example_dags/example_xcom.py took 0.067 seconds
