[2024-10-13T07:28:39.156+0000] {processor.py:186} INFO - Started process (PID=15596) to work on /home/vboxuser/airflow_venv/lib/python3.12/site-packages/airflow/example_dags/example_kubernetes_executor.py
[2024-10-13T07:28:39.157+0000] {processor.py:914} INFO - Processing file /home/vboxuser/airflow_venv/lib/python3.12/site-packages/airflow/example_dags/example_kubernetes_executor.py for tasks to queue
[2024-10-13T07:28:39.160+0000] {logging_mixin.py:190} INFO - [2024-10-13T07:28:39.160+0000] {dagbag.py:588} INFO - Filling up the DagBag from /home/vboxuser/airflow_venv/lib/python3.12/site-packages/airflow/example_dags/example_kubernetes_executor.py
[2024-10-13T07:28:39.163+0000] {logging_mixin.py:190} INFO - [2024-10-13T07:28:39.163+0000] {example_kubernetes_executor.py:39} WARNING - The example_kubernetes_executor example DAG requires the kubernetes provider. Please install it with: pip install apache-airflow[cncf.kubernetes]
[2024-10-13T07:28:39.163+0000] {processor.py:927} WARNING - No viable dags retrieved from /home/vboxuser/airflow_venv/lib/python3.12/site-packages/airflow/example_dags/example_kubernetes_executor.py
[2024-10-13T07:28:39.218+0000] {processor.py:208} INFO - Processing /home/vboxuser/airflow_venv/lib/python3.12/site-packages/airflow/example_dags/example_kubernetes_executor.py took 0.068 seconds
[2024-10-13T07:29:38.545+0000] {processor.py:186} INFO - Started process (PID=16217) to work on /home/vboxuser/airflow_venv/lib/python3.12/site-packages/airflow/example_dags/example_kubernetes_executor.py
[2024-10-13T07:29:38.547+0000] {processor.py:914} INFO - Processing file /home/vboxuser/airflow_venv/lib/python3.12/site-packages/airflow/example_dags/example_kubernetes_executor.py for tasks to queue
[2024-10-13T07:29:38.548+0000] {logging_mixin.py:190} INFO - [2024-10-13T07:29:38.548+0000] {dagbag.py:588} INFO - Filling up the DagBag from /home/vboxuser/airflow_venv/lib/python3.12/site-packages/airflow/example_dags/example_kubernetes_executor.py
[2024-10-13T07:29:38.552+0000] {logging_mixin.py:190} INFO - [2024-10-13T07:29:38.552+0000] {example_kubernetes_executor.py:39} WARNING - The example_kubernetes_executor example DAG requires the kubernetes provider. Please install it with: pip install apache-airflow[cncf.kubernetes]
[2024-10-13T07:29:38.553+0000] {processor.py:927} WARNING - No viable dags retrieved from /home/vboxuser/airflow_venv/lib/python3.12/site-packages/airflow/example_dags/example_kubernetes_executor.py
[2024-10-13T07:29:38.564+0000] {processor.py:208} INFO - Processing /home/vboxuser/airflow_venv/lib/python3.12/site-packages/airflow/example_dags/example_kubernetes_executor.py took 0.024 seconds
[2024-10-13T07:30:19.279+0000] {processor.py:186} INFO - Started process (PID=16282) to work on /home/vboxuser/airflow_venv/lib/python3.12/site-packages/airflow/example_dags/example_kubernetes_executor.py
[2024-10-13T07:30:19.283+0000] {processor.py:914} INFO - Processing file /home/vboxuser/airflow_venv/lib/python3.12/site-packages/airflow/example_dags/example_kubernetes_executor.py for tasks to queue
[2024-10-13T07:30:19.285+0000] {logging_mixin.py:190} INFO - [2024-10-13T07:30:19.285+0000] {dagbag.py:588} INFO - Filling up the DagBag from /home/vboxuser/airflow_venv/lib/python3.12/site-packages/airflow/example_dags/example_kubernetes_executor.py
[2024-10-13T07:30:19.287+0000] {logging_mixin.py:190} INFO - [2024-10-13T07:30:19.287+0000] {example_kubernetes_executor.py:39} WARNING - The example_kubernetes_executor example DAG requires the kubernetes provider. Please install it with: pip install apache-airflow[cncf.kubernetes]
[2024-10-13T07:30:19.287+0000] {processor.py:927} WARNING - No viable dags retrieved from /home/vboxuser/airflow_venv/lib/python3.12/site-packages/airflow/example_dags/example_kubernetes_executor.py
[2024-10-13T07:30:19.295+0000] {processor.py:208} INFO - Processing /home/vboxuser/airflow_venv/lib/python3.12/site-packages/airflow/example_dags/example_kubernetes_executor.py took 0.019 seconds
[2024-10-13T07:31:21.206+0000] {processor.py:186} INFO - Started process (PID=16369) to work on /home/vboxuser/airflow_venv/lib/python3.12/site-packages/airflow/example_dags/example_kubernetes_executor.py
[2024-10-13T07:31:21.216+0000] {processor.py:914} INFO - Processing file /home/vboxuser/airflow_venv/lib/python3.12/site-packages/airflow/example_dags/example_kubernetes_executor.py for tasks to queue
[2024-10-13T07:31:21.232+0000] {logging_mixin.py:190} INFO - [2024-10-13T07:31:21.229+0000] {dagbag.py:588} INFO - Filling up the DagBag from /home/vboxuser/airflow_venv/lib/python3.12/site-packages/airflow/example_dags/example_kubernetes_executor.py
[2024-10-13T07:31:21.242+0000] {logging_mixin.py:190} INFO - [2024-10-13T07:31:21.242+0000] {example_kubernetes_executor.py:39} WARNING - The example_kubernetes_executor example DAG requires the kubernetes provider. Please install it with: pip install apache-airflow[cncf.kubernetes]
[2024-10-13T07:31:21.243+0000] {processor.py:927} WARNING - No viable dags retrieved from /home/vboxuser/airflow_venv/lib/python3.12/site-packages/airflow/example_dags/example_kubernetes_executor.py
[2024-10-13T07:31:21.300+0000] {processor.py:208} INFO - Processing /home/vboxuser/airflow_venv/lib/python3.12/site-packages/airflow/example_dags/example_kubernetes_executor.py took 0.109 seconds
[2024-10-13T07:32:00.378+0000] {processor.py:186} INFO - Started process (PID=16444) to work on /home/vboxuser/airflow_venv/lib/python3.12/site-packages/airflow/example_dags/example_kubernetes_executor.py
[2024-10-13T07:32:00.391+0000] {processor.py:914} INFO - Processing file /home/vboxuser/airflow_venv/lib/python3.12/site-packages/airflow/example_dags/example_kubernetes_executor.py for tasks to queue
[2024-10-13T07:32:00.400+0000] {logging_mixin.py:190} INFO - [2024-10-13T07:32:00.396+0000] {dagbag.py:588} INFO - Filling up the DagBag from /home/vboxuser/airflow_venv/lib/python3.12/site-packages/airflow/example_dags/example_kubernetes_executor.py
[2024-10-13T07:32:00.403+0000] {logging_mixin.py:190} INFO - [2024-10-13T07:32:00.403+0000] {example_kubernetes_executor.py:39} WARNING - The example_kubernetes_executor example DAG requires the kubernetes provider. Please install it with: pip install apache-airflow[cncf.kubernetes]
[2024-10-13T07:32:00.405+0000] {processor.py:927} WARNING - No viable dags retrieved from /home/vboxuser/airflow_venv/lib/python3.12/site-packages/airflow/example_dags/example_kubernetes_executor.py
[2024-10-13T07:32:00.431+0000] {processor.py:208} INFO - Processing /home/vboxuser/airflow_venv/lib/python3.12/site-packages/airflow/example_dags/example_kubernetes_executor.py took 0.081 seconds
[2024-10-13T07:32:59.993+0000] {processor.py:186} INFO - Started process (PID=16675) to work on /home/vboxuser/airflow_venv/lib/python3.12/site-packages/airflow/example_dags/example_kubernetes_executor.py
[2024-10-13T07:32:59.996+0000] {processor.py:914} INFO - Processing file /home/vboxuser/airflow_venv/lib/python3.12/site-packages/airflow/example_dags/example_kubernetes_executor.py for tasks to queue
[2024-10-13T07:33:00.001+0000] {logging_mixin.py:190} INFO - [2024-10-13T07:33:00.000+0000] {dagbag.py:588} INFO - Filling up the DagBag from /home/vboxuser/airflow_venv/lib/python3.12/site-packages/airflow/example_dags/example_kubernetes_executor.py
[2024-10-13T07:33:00.013+0000] {logging_mixin.py:190} INFO - [2024-10-13T07:33:00.012+0000] {example_kubernetes_executor.py:39} WARNING - The example_kubernetes_executor example DAG requires the kubernetes provider. Please install it with: pip install apache-airflow[cncf.kubernetes]
[2024-10-13T07:33:00.014+0000] {processor.py:927} WARNING - No viable dags retrieved from /home/vboxuser/airflow_venv/lib/python3.12/site-packages/airflow/example_dags/example_kubernetes_executor.py
[2024-10-13T07:33:00.044+0000] {processor.py:208} INFO - Processing /home/vboxuser/airflow_venv/lib/python3.12/site-packages/airflow/example_dags/example_kubernetes_executor.py took 0.068 seconds
[2024-10-13T07:33:59.483+0000] {processor.py:186} INFO - Started process (PID=16881) to work on /home/vboxuser/airflow_venv/lib/python3.12/site-packages/airflow/example_dags/example_kubernetes_executor.py
[2024-10-13T07:33:59.503+0000] {processor.py:914} INFO - Processing file /home/vboxuser/airflow_venv/lib/python3.12/site-packages/airflow/example_dags/example_kubernetes_executor.py for tasks to queue
[2024-10-13T07:33:59.508+0000] {logging_mixin.py:190} INFO - [2024-10-13T07:33:59.508+0000] {dagbag.py:588} INFO - Filling up the DagBag from /home/vboxuser/airflow_venv/lib/python3.12/site-packages/airflow/example_dags/example_kubernetes_executor.py
[2024-10-13T07:33:59.513+0000] {logging_mixin.py:190} INFO - [2024-10-13T07:33:59.512+0000] {example_kubernetes_executor.py:39} WARNING - The example_kubernetes_executor example DAG requires the kubernetes provider. Please install it with: pip install apache-airflow[cncf.kubernetes]
[2024-10-13T07:33:59.513+0000] {processor.py:927} WARNING - No viable dags retrieved from /home/vboxuser/airflow_venv/lib/python3.12/site-packages/airflow/example_dags/example_kubernetes_executor.py
[2024-10-13T07:33:59.529+0000] {processor.py:208} INFO - Processing /home/vboxuser/airflow_venv/lib/python3.12/site-packages/airflow/example_dags/example_kubernetes_executor.py took 0.065 seconds
[2024-10-13T07:34:50.973+0000] {processor.py:186} INFO - Started process (PID=16955) to work on /home/vboxuser/airflow_venv/lib/python3.12/site-packages/airflow/example_dags/example_kubernetes_executor.py
[2024-10-13T07:34:50.977+0000] {processor.py:914} INFO - Processing file /home/vboxuser/airflow_venv/lib/python3.12/site-packages/airflow/example_dags/example_kubernetes_executor.py for tasks to queue
[2024-10-13T07:34:50.978+0000] {logging_mixin.py:190} INFO - [2024-10-13T07:34:50.978+0000] {dagbag.py:588} INFO - Filling up the DagBag from /home/vboxuser/airflow_venv/lib/python3.12/site-packages/airflow/example_dags/example_kubernetes_executor.py
[2024-10-13T07:34:50.980+0000] {logging_mixin.py:190} INFO - [2024-10-13T07:34:50.980+0000] {example_kubernetes_executor.py:39} WARNING - The example_kubernetes_executor example DAG requires the kubernetes provider. Please install it with: pip install apache-airflow[cncf.kubernetes]
[2024-10-13T07:34:50.980+0000] {processor.py:927} WARNING - No viable dags retrieved from /home/vboxuser/airflow_venv/lib/python3.12/site-packages/airflow/example_dags/example_kubernetes_executor.py
[2024-10-13T07:34:50.989+0000] {processor.py:208} INFO - Processing /home/vboxuser/airflow_venv/lib/python3.12/site-packages/airflow/example_dags/example_kubernetes_executor.py took 0.021 seconds
[2024-10-13T07:35:44.136+0000] {processor.py:186} INFO - Started process (PID=17017) to work on /home/vboxuser/airflow_venv/lib/python3.12/site-packages/airflow/example_dags/example_kubernetes_executor.py
[2024-10-13T07:35:44.137+0000] {processor.py:914} INFO - Processing file /home/vboxuser/airflow_venv/lib/python3.12/site-packages/airflow/example_dags/example_kubernetes_executor.py for tasks to queue
[2024-10-13T07:35:44.138+0000] {logging_mixin.py:190} INFO - [2024-10-13T07:35:44.138+0000] {dagbag.py:588} INFO - Filling up the DagBag from /home/vboxuser/airflow_venv/lib/python3.12/site-packages/airflow/example_dags/example_kubernetes_executor.py
[2024-10-13T07:35:44.140+0000] {logging_mixin.py:190} INFO - [2024-10-13T07:35:44.140+0000] {example_kubernetes_executor.py:39} WARNING - The example_kubernetes_executor example DAG requires the kubernetes provider. Please install it with: pip install apache-airflow[cncf.kubernetes]
[2024-10-13T07:35:44.141+0000] {processor.py:927} WARNING - No viable dags retrieved from /home/vboxuser/airflow_venv/lib/python3.12/site-packages/airflow/example_dags/example_kubernetes_executor.py
[2024-10-13T07:35:44.150+0000] {processor.py:208} INFO - Processing /home/vboxuser/airflow_venv/lib/python3.12/site-packages/airflow/example_dags/example_kubernetes_executor.py took 0.018 seconds
[2024-10-13T07:36:33.292+0000] {processor.py:186} INFO - Started process (PID=17078) to work on /home/vboxuser/airflow_venv/lib/python3.12/site-packages/airflow/example_dags/example_kubernetes_executor.py
[2024-10-13T07:36:33.293+0000] {processor.py:914} INFO - Processing file /home/vboxuser/airflow_venv/lib/python3.12/site-packages/airflow/example_dags/example_kubernetes_executor.py for tasks to queue
[2024-10-13T07:36:33.295+0000] {logging_mixin.py:190} INFO - [2024-10-13T07:36:33.294+0000] {dagbag.py:588} INFO - Filling up the DagBag from /home/vboxuser/airflow_venv/lib/python3.12/site-packages/airflow/example_dags/example_kubernetes_executor.py
[2024-10-13T07:36:33.296+0000] {logging_mixin.py:190} INFO - [2024-10-13T07:36:33.296+0000] {example_kubernetes_executor.py:39} WARNING - The example_kubernetes_executor example DAG requires the kubernetes provider. Please install it with: pip install apache-airflow[cncf.kubernetes]
[2024-10-13T07:36:33.297+0000] {processor.py:927} WARNING - No viable dags retrieved from /home/vboxuser/airflow_venv/lib/python3.12/site-packages/airflow/example_dags/example_kubernetes_executor.py
[2024-10-13T07:36:33.306+0000] {processor.py:208} INFO - Processing /home/vboxuser/airflow_venv/lib/python3.12/site-packages/airflow/example_dags/example_kubernetes_executor.py took 0.019 seconds
[2024-10-13T07:37:24.368+0000] {processor.py:186} INFO - Started process (PID=17138) to work on /home/vboxuser/airflow_venv/lib/python3.12/site-packages/airflow/example_dags/example_kubernetes_executor.py
[2024-10-13T07:37:24.380+0000] {processor.py:914} INFO - Processing file /home/vboxuser/airflow_venv/lib/python3.12/site-packages/airflow/example_dags/example_kubernetes_executor.py for tasks to queue
[2024-10-13T07:37:24.385+0000] {logging_mixin.py:190} INFO - [2024-10-13T07:37:24.384+0000] {dagbag.py:588} INFO - Filling up the DagBag from /home/vboxuser/airflow_venv/lib/python3.12/site-packages/airflow/example_dags/example_kubernetes_executor.py
[2024-10-13T07:37:24.399+0000] {logging_mixin.py:190} INFO - [2024-10-13T07:37:24.398+0000] {example_kubernetes_executor.py:39} WARNING - The example_kubernetes_executor example DAG requires the kubernetes provider. Please install it with: pip install apache-airflow[cncf.kubernetes]
[2024-10-13T07:37:24.399+0000] {processor.py:927} WARNING - No viable dags retrieved from /home/vboxuser/airflow_venv/lib/python3.12/site-packages/airflow/example_dags/example_kubernetes_executor.py
[2024-10-13T07:37:24.413+0000] {processor.py:208} INFO - Processing /home/vboxuser/airflow_venv/lib/python3.12/site-packages/airflow/example_dags/example_kubernetes_executor.py took 0.062 seconds
[2024-10-13T07:38:14.648+0000] {processor.py:186} INFO - Started process (PID=17212) to work on /home/vboxuser/airflow_venv/lib/python3.12/site-packages/airflow/example_dags/example_kubernetes_executor.py
[2024-10-13T07:38:14.649+0000] {processor.py:914} INFO - Processing file /home/vboxuser/airflow_venv/lib/python3.12/site-packages/airflow/example_dags/example_kubernetes_executor.py for tasks to queue
[2024-10-13T07:38:14.651+0000] {logging_mixin.py:190} INFO - [2024-10-13T07:38:14.650+0000] {dagbag.py:588} INFO - Filling up the DagBag from /home/vboxuser/airflow_venv/lib/python3.12/site-packages/airflow/example_dags/example_kubernetes_executor.py
[2024-10-13T07:38:14.653+0000] {logging_mixin.py:190} INFO - [2024-10-13T07:38:14.653+0000] {example_kubernetes_executor.py:39} WARNING - The example_kubernetes_executor example DAG requires the kubernetes provider. Please install it with: pip install apache-airflow[cncf.kubernetes]
[2024-10-13T07:38:14.653+0000] {processor.py:927} WARNING - No viable dags retrieved from /home/vboxuser/airflow_venv/lib/python3.12/site-packages/airflow/example_dags/example_kubernetes_executor.py
[2024-10-13T07:38:14.661+0000] {processor.py:208} INFO - Processing /home/vboxuser/airflow_venv/lib/python3.12/site-packages/airflow/example_dags/example_kubernetes_executor.py took 0.017 seconds
[2024-10-13T07:39:03.708+0000] {processor.py:186} INFO - Started process (PID=17296) to work on /home/vboxuser/airflow_venv/lib/python3.12/site-packages/airflow/example_dags/example_kubernetes_executor.py
[2024-10-13T07:39:03.709+0000] {processor.py:914} INFO - Processing file /home/vboxuser/airflow_venv/lib/python3.12/site-packages/airflow/example_dags/example_kubernetes_executor.py for tasks to queue
[2024-10-13T07:39:03.710+0000] {logging_mixin.py:190} INFO - [2024-10-13T07:39:03.710+0000] {dagbag.py:588} INFO - Filling up the DagBag from /home/vboxuser/airflow_venv/lib/python3.12/site-packages/airflow/example_dags/example_kubernetes_executor.py
[2024-10-13T07:39:03.712+0000] {logging_mixin.py:190} INFO - [2024-10-13T07:39:03.712+0000] {example_kubernetes_executor.py:39} WARNING - The example_kubernetes_executor example DAG requires the kubernetes provider. Please install it with: pip install apache-airflow[cncf.kubernetes]
[2024-10-13T07:39:03.713+0000] {processor.py:927} WARNING - No viable dags retrieved from /home/vboxuser/airflow_venv/lib/python3.12/site-packages/airflow/example_dags/example_kubernetes_executor.py
[2024-10-13T07:39:03.721+0000] {processor.py:208} INFO - Processing /home/vboxuser/airflow_venv/lib/python3.12/site-packages/airflow/example_dags/example_kubernetes_executor.py took 0.018 seconds
[2024-10-13T07:39:56.660+0000] {processor.py:186} INFO - Started process (PID=17359) to work on /home/vboxuser/airflow_venv/lib/python3.12/site-packages/airflow/example_dags/example_kubernetes_executor.py
[2024-10-13T07:39:56.664+0000] {processor.py:914} INFO - Processing file /home/vboxuser/airflow_venv/lib/python3.12/site-packages/airflow/example_dags/example_kubernetes_executor.py for tasks to queue
[2024-10-13T07:39:56.666+0000] {logging_mixin.py:190} INFO - [2024-10-13T07:39:56.665+0000] {dagbag.py:588} INFO - Filling up the DagBag from /home/vboxuser/airflow_venv/lib/python3.12/site-packages/airflow/example_dags/example_kubernetes_executor.py
[2024-10-13T07:39:56.668+0000] {logging_mixin.py:190} INFO - [2024-10-13T07:39:56.668+0000] {example_kubernetes_executor.py:39} WARNING - The example_kubernetes_executor example DAG requires the kubernetes provider. Please install it with: pip install apache-airflow[cncf.kubernetes]
[2024-10-13T07:39:56.668+0000] {processor.py:927} WARNING - No viable dags retrieved from /home/vboxuser/airflow_venv/lib/python3.12/site-packages/airflow/example_dags/example_kubernetes_executor.py
[2024-10-13T07:39:56.676+0000] {processor.py:208} INFO - Processing /home/vboxuser/airflow_venv/lib/python3.12/site-packages/airflow/example_dags/example_kubernetes_executor.py took 0.020 seconds
[2024-10-13T07:40:44.925+0000] {processor.py:186} INFO - Started process (PID=17457) to work on /home/vboxuser/airflow_venv/lib/python3.12/site-packages/airflow/example_dags/example_kubernetes_executor.py
[2024-10-13T07:40:44.927+0000] {processor.py:914} INFO - Processing file /home/vboxuser/airflow_venv/lib/python3.12/site-packages/airflow/example_dags/example_kubernetes_executor.py for tasks to queue
[2024-10-13T07:40:44.929+0000] {logging_mixin.py:190} INFO - [2024-10-13T07:40:44.929+0000] {dagbag.py:588} INFO - Filling up the DagBag from /home/vboxuser/airflow_venv/lib/python3.12/site-packages/airflow/example_dags/example_kubernetes_executor.py
[2024-10-13T07:40:44.931+0000] {logging_mixin.py:190} INFO - [2024-10-13T07:40:44.931+0000] {example_kubernetes_executor.py:39} WARNING - The example_kubernetes_executor example DAG requires the kubernetes provider. Please install it with: pip install apache-airflow[cncf.kubernetes]
[2024-10-13T07:40:44.931+0000] {processor.py:927} WARNING - No viable dags retrieved from /home/vboxuser/airflow_venv/lib/python3.12/site-packages/airflow/example_dags/example_kubernetes_executor.py
[2024-10-13T07:40:44.939+0000] {processor.py:208} INFO - Processing /home/vboxuser/airflow_venv/lib/python3.12/site-packages/airflow/example_dags/example_kubernetes_executor.py took 0.018 seconds
[2024-10-13T07:41:35.302+0000] {processor.py:186} INFO - Started process (PID=17515) to work on /home/vboxuser/airflow_venv/lib/python3.12/site-packages/airflow/example_dags/example_kubernetes_executor.py
[2024-10-13T07:41:35.304+0000] {processor.py:914} INFO - Processing file /home/vboxuser/airflow_venv/lib/python3.12/site-packages/airflow/example_dags/example_kubernetes_executor.py for tasks to queue
[2024-10-13T07:41:35.305+0000] {logging_mixin.py:190} INFO - [2024-10-13T07:41:35.305+0000] {dagbag.py:588} INFO - Filling up the DagBag from /home/vboxuser/airflow_venv/lib/python3.12/site-packages/airflow/example_dags/example_kubernetes_executor.py
[2024-10-13T07:41:35.308+0000] {logging_mixin.py:190} INFO - [2024-10-13T07:41:35.308+0000] {example_kubernetes_executor.py:39} WARNING - The example_kubernetes_executor example DAG requires the kubernetes provider. Please install it with: pip install apache-airflow[cncf.kubernetes]
[2024-10-13T07:41:35.309+0000] {processor.py:927} WARNING - No viable dags retrieved from /home/vboxuser/airflow_venv/lib/python3.12/site-packages/airflow/example_dags/example_kubernetes_executor.py
[2024-10-13T07:41:35.317+0000] {processor.py:208} INFO - Processing /home/vboxuser/airflow_venv/lib/python3.12/site-packages/airflow/example_dags/example_kubernetes_executor.py took 0.020 seconds
[2024-10-13T07:42:27.027+0000] {processor.py:186} INFO - Started process (PID=17576) to work on /home/vboxuser/airflow_venv/lib/python3.12/site-packages/airflow/example_dags/example_kubernetes_executor.py
[2024-10-13T07:42:27.038+0000] {processor.py:914} INFO - Processing file /home/vboxuser/airflow_venv/lib/python3.12/site-packages/airflow/example_dags/example_kubernetes_executor.py for tasks to queue
[2024-10-13T07:42:27.046+0000] {logging_mixin.py:190} INFO - [2024-10-13T07:42:27.044+0000] {dagbag.py:588} INFO - Filling up the DagBag from /home/vboxuser/airflow_venv/lib/python3.12/site-packages/airflow/example_dags/example_kubernetes_executor.py
[2024-10-13T07:42:27.057+0000] {logging_mixin.py:190} INFO - [2024-10-13T07:42:27.057+0000] {example_kubernetes_executor.py:39} WARNING - The example_kubernetes_executor example DAG requires the kubernetes provider. Please install it with: pip install apache-airflow[cncf.kubernetes]
[2024-10-13T07:42:27.058+0000] {processor.py:927} WARNING - No viable dags retrieved from /home/vboxuser/airflow_venv/lib/python3.12/site-packages/airflow/example_dags/example_kubernetes_executor.py
[2024-10-13T07:42:27.096+0000] {processor.py:208} INFO - Processing /home/vboxuser/airflow_venv/lib/python3.12/site-packages/airflow/example_dags/example_kubernetes_executor.py took 0.120 seconds
