[2024-10-13T07:28:30.827+0000] {processor.py:186} INFO - Started process (PID=15143) to work on /home/vboxuser/airflow_venv/lib/python3.12/site-packages/airflow/example_dags/example_latest_only_with_trigger.py
[2024-10-13T07:28:30.828+0000] {processor.py:914} INFO - Processing file /home/vboxuser/airflow_venv/lib/python3.12/site-packages/airflow/example_dags/example_latest_only_with_trigger.py for tasks to queue
[2024-10-13T07:28:30.829+0000] {logging_mixin.py:190} INFO - [2024-10-13T07:28:30.829+0000] {dagbag.py:588} INFO - Filling up the DagBag from /home/vboxuser/airflow_venv/lib/python3.12/site-packages/airflow/example_dags/example_latest_only_with_trigger.py
[2024-10-13T07:28:30.843+0000] {processor.py:925} INFO - DAG(s) 'latest_only_with_trigger' retrieved from /home/vboxuser/airflow_venv/lib/python3.12/site-packages/airflow/example_dags/example_latest_only_with_trigger.py
[2024-10-13T07:28:30.874+0000] {logging_mixin.py:190} INFO - [2024-10-13T07:28:30.874+0000] {dag.py:3239} INFO - Sync 1 DAGs
[2024-10-13T07:28:30.902+0000] {logging_mixin.py:190} INFO - [2024-10-13T07:28:30.901+0000] {dag.py:4180} INFO - Setting next_dagrun for latest_only_with_trigger to 2024-10-13 00:00:00+00:00, run_after=2024-10-13 04:00:00+00:00
[2024-10-13T07:28:30.939+0000] {processor.py:208} INFO - Processing /home/vboxuser/airflow_venv/lib/python3.12/site-packages/airflow/example_dags/example_latest_only_with_trigger.py took 0.117 seconds
[2024-10-13T07:29:29.544+0000] {processor.py:186} INFO - Started process (PID=16206) to work on /home/vboxuser/airflow_venv/lib/python3.12/site-packages/airflow/example_dags/example_latest_only_with_trigger.py
[2024-10-13T07:29:29.546+0000] {processor.py:914} INFO - Processing file /home/vboxuser/airflow_venv/lib/python3.12/site-packages/airflow/example_dags/example_latest_only_with_trigger.py for tasks to queue
[2024-10-13T07:29:29.548+0000] {logging_mixin.py:190} INFO - [2024-10-13T07:29:29.547+0000] {dagbag.py:588} INFO - Filling up the DagBag from /home/vboxuser/airflow_venv/lib/python3.12/site-packages/airflow/example_dags/example_latest_only_with_trigger.py
[2024-10-13T07:29:29.554+0000] {processor.py:925} INFO - DAG(s) 'latest_only_with_trigger' retrieved from /home/vboxuser/airflow_venv/lib/python3.12/site-packages/airflow/example_dags/example_latest_only_with_trigger.py
[2024-10-13T07:29:29.566+0000] {logging_mixin.py:190} INFO - [2024-10-13T07:29:29.566+0000] {dag.py:3239} INFO - Sync 1 DAGs
[2024-10-13T07:29:29.579+0000] {logging_mixin.py:190} INFO - [2024-10-13T07:29:29.579+0000] {dag.py:4180} INFO - Setting next_dagrun for latest_only_with_trigger to 2024-10-13 00:00:00+00:00, run_after=2024-10-13 04:00:00+00:00
[2024-10-13T07:29:29.600+0000] {processor.py:208} INFO - Processing /home/vboxuser/airflow_venv/lib/python3.12/site-packages/airflow/example_dags/example_latest_only_with_trigger.py took 0.060 seconds
[2024-10-13T07:30:09.743+0000] {processor.py:186} INFO - Started process (PID=16273) to work on /home/vboxuser/airflow_venv/lib/python3.12/site-packages/airflow/example_dags/example_latest_only_with_trigger.py
[2024-10-13T07:30:09.748+0000] {processor.py:914} INFO - Processing file /home/vboxuser/airflow_venv/lib/python3.12/site-packages/airflow/example_dags/example_latest_only_with_trigger.py for tasks to queue
[2024-10-13T07:30:09.750+0000] {logging_mixin.py:190} INFO - [2024-10-13T07:30:09.749+0000] {dagbag.py:588} INFO - Filling up the DagBag from /home/vboxuser/airflow_venv/lib/python3.12/site-packages/airflow/example_dags/example_latest_only_with_trigger.py
[2024-10-13T07:30:09.755+0000] {processor.py:925} INFO - DAG(s) 'latest_only_with_trigger' retrieved from /home/vboxuser/airflow_venv/lib/python3.12/site-packages/airflow/example_dags/example_latest_only_with_trigger.py
[2024-10-13T07:30:09.766+0000] {logging_mixin.py:190} INFO - [2024-10-13T07:30:09.765+0000] {dag.py:3239} INFO - Sync 1 DAGs
[2024-10-13T07:30:09.778+0000] {logging_mixin.py:190} INFO - [2024-10-13T07:30:09.778+0000] {dag.py:4180} INFO - Setting next_dagrun for latest_only_with_trigger to 2024-10-13 00:00:00+00:00, run_after=2024-10-13 04:00:00+00:00
[2024-10-13T07:30:09.796+0000] {processor.py:208} INFO - Processing /home/vboxuser/airflow_venv/lib/python3.12/site-packages/airflow/example_dags/example_latest_only_with_trigger.py took 0.056 seconds
[2024-10-13T07:30:45.560+0000] {processor.py:186} INFO - Started process (PID=16330) to work on /home/vboxuser/airflow_venv/lib/python3.12/site-packages/airflow/example_dags/example_latest_only_with_trigger.py
[2024-10-13T07:30:45.563+0000] {processor.py:914} INFO - Processing file /home/vboxuser/airflow_venv/lib/python3.12/site-packages/airflow/example_dags/example_latest_only_with_trigger.py for tasks to queue
[2024-10-13T07:30:45.572+0000] {logging_mixin.py:190} INFO - [2024-10-13T07:30:45.571+0000] {dagbag.py:588} INFO - Filling up the DagBag from /home/vboxuser/airflow_venv/lib/python3.12/site-packages/airflow/example_dags/example_latest_only_with_trigger.py
[2024-10-13T07:30:45.605+0000] {processor.py:925} INFO - DAG(s) 'latest_only_with_trigger' retrieved from /home/vboxuser/airflow_venv/lib/python3.12/site-packages/airflow/example_dags/example_latest_only_with_trigger.py
[2024-10-13T07:30:45.650+0000] {logging_mixin.py:190} INFO - [2024-10-13T07:30:45.649+0000] {dag.py:3239} INFO - Sync 1 DAGs
[2024-10-13T07:30:45.697+0000] {logging_mixin.py:190} INFO - [2024-10-13T07:30:45.697+0000] {dag.py:4180} INFO - Setting next_dagrun for latest_only_with_trigger to 2024-10-13 00:00:00+00:00, run_after=2024-10-13 04:00:00+00:00
[2024-10-13T07:30:45.795+0000] {processor.py:208} INFO - Processing /home/vboxuser/airflow_venv/lib/python3.12/site-packages/airflow/example_dags/example_latest_only_with_trigger.py took 0.254 seconds
[2024-10-13T07:31:16.342+0000] {processor.py:186} INFO - Started process (PID=16365) to work on /home/vboxuser/airflow_venv/lib/python3.12/site-packages/airflow/example_dags/example_latest_only_with_trigger.py
[2024-10-13T07:31:16.356+0000] {processor.py:914} INFO - Processing file /home/vboxuser/airflow_venv/lib/python3.12/site-packages/airflow/example_dags/example_latest_only_with_trigger.py for tasks to queue
[2024-10-13T07:31:16.372+0000] {logging_mixin.py:190} INFO - [2024-10-13T07:31:16.370+0000] {dagbag.py:588} INFO - Filling up the DagBag from /home/vboxuser/airflow_venv/lib/python3.12/site-packages/airflow/example_dags/example_latest_only_with_trigger.py
[2024-10-13T07:31:16.400+0000] {processor.py:925} INFO - DAG(s) 'latest_only_with_trigger' retrieved from /home/vboxuser/airflow_venv/lib/python3.12/site-packages/airflow/example_dags/example_latest_only_with_trigger.py
[2024-10-13T07:31:16.435+0000] {logging_mixin.py:190} INFO - [2024-10-13T07:31:16.434+0000] {dag.py:3239} INFO - Sync 1 DAGs
[2024-10-13T07:31:16.463+0000] {logging_mixin.py:190} INFO - [2024-10-13T07:31:16.463+0000] {dag.py:4180} INFO - Setting next_dagrun for latest_only_with_trigger to 2024-10-13 00:00:00+00:00, run_after=2024-10-13 04:00:00+00:00
[2024-10-13T07:31:16.552+0000] {processor.py:208} INFO - Processing /home/vboxuser/airflow_venv/lib/python3.12/site-packages/airflow/example_dags/example_latest_only_with_trigger.py took 0.220 seconds
[2024-10-13T07:31:51.592+0000] {processor.py:186} INFO - Started process (PID=16435) to work on /home/vboxuser/airflow_venv/lib/python3.12/site-packages/airflow/example_dags/example_latest_only_with_trigger.py
[2024-10-13T07:31:51.600+0000] {processor.py:914} INFO - Processing file /home/vboxuser/airflow_venv/lib/python3.12/site-packages/airflow/example_dags/example_latest_only_with_trigger.py for tasks to queue
[2024-10-13T07:31:51.628+0000] {logging_mixin.py:190} INFO - [2024-10-13T07:31:51.623+0000] {dagbag.py:588} INFO - Filling up the DagBag from /home/vboxuser/airflow_venv/lib/python3.12/site-packages/airflow/example_dags/example_latest_only_with_trigger.py
[2024-10-13T07:31:51.653+0000] {processor.py:925} INFO - DAG(s) 'latest_only_with_trigger' retrieved from /home/vboxuser/airflow_venv/lib/python3.12/site-packages/airflow/example_dags/example_latest_only_with_trigger.py
[2024-10-13T07:31:51.682+0000] {logging_mixin.py:190} INFO - [2024-10-13T07:31:51.682+0000] {dag.py:3239} INFO - Sync 1 DAGs
[2024-10-13T07:31:51.738+0000] {logging_mixin.py:190} INFO - [2024-10-13T07:31:51.736+0000] {dag.py:4180} INFO - Setting next_dagrun for latest_only_with_trigger to 2024-10-13 00:00:00+00:00, run_after=2024-10-13 04:00:00+00:00
[2024-10-13T07:31:51.851+0000] {processor.py:208} INFO - Processing /home/vboxuser/airflow_venv/lib/python3.12/site-packages/airflow/example_dags/example_latest_only_with_trigger.py took 0.304 seconds
[2024-10-13T07:32:27.691+0000] {processor.py:186} INFO - Started process (PID=16491) to work on /home/vboxuser/airflow_venv/lib/python3.12/site-packages/airflow/example_dags/example_latest_only_with_trigger.py
[2024-10-13T07:32:27.695+0000] {processor.py:914} INFO - Processing file /home/vboxuser/airflow_venv/lib/python3.12/site-packages/airflow/example_dags/example_latest_only_with_trigger.py for tasks to queue
[2024-10-13T07:32:27.696+0000] {logging_mixin.py:190} INFO - [2024-10-13T07:32:27.696+0000] {dagbag.py:588} INFO - Filling up the DagBag from /home/vboxuser/airflow_venv/lib/python3.12/site-packages/airflow/example_dags/example_latest_only_with_trigger.py
[2024-10-13T07:32:27.703+0000] {processor.py:925} INFO - DAG(s) 'latest_only_with_trigger' retrieved from /home/vboxuser/airflow_venv/lib/python3.12/site-packages/airflow/example_dags/example_latest_only_with_trigger.py
[2024-10-13T07:32:27.714+0000] {logging_mixin.py:190} INFO - [2024-10-13T07:32:27.714+0000] {dag.py:3239} INFO - Sync 1 DAGs
[2024-10-13T07:32:27.726+0000] {logging_mixin.py:190} INFO - [2024-10-13T07:32:27.726+0000] {dag.py:4180} INFO - Setting next_dagrun for latest_only_with_trigger to 2024-10-13 00:00:00+00:00, run_after=2024-10-13 04:00:00+00:00
[2024-10-13T07:32:27.748+0000] {processor.py:208} INFO - Processing /home/vboxuser/airflow_venv/lib/python3.12/site-packages/airflow/example_dags/example_latest_only_with_trigger.py took 0.061 seconds
[2024-10-13T07:33:29.420+0000] {processor.py:186} INFO - Started process (PID=16728) to work on /home/vboxuser/airflow_venv/lib/python3.12/site-packages/airflow/example_dags/example_latest_only_with_trigger.py
[2024-10-13T07:33:29.425+0000] {processor.py:914} INFO - Processing file /home/vboxuser/airflow_venv/lib/python3.12/site-packages/airflow/example_dags/example_latest_only_with_trigger.py for tasks to queue
[2024-10-13T07:33:29.426+0000] {logging_mixin.py:190} INFO - [2024-10-13T07:33:29.426+0000] {dagbag.py:588} INFO - Filling up the DagBag from /home/vboxuser/airflow_venv/lib/python3.12/site-packages/airflow/example_dags/example_latest_only_with_trigger.py
[2024-10-13T07:33:29.432+0000] {processor.py:925} INFO - DAG(s) 'latest_only_with_trigger' retrieved from /home/vboxuser/airflow_venv/lib/python3.12/site-packages/airflow/example_dags/example_latest_only_with_trigger.py
[2024-10-13T07:33:29.443+0000] {logging_mixin.py:190} INFO - [2024-10-13T07:33:29.442+0000] {dag.py:3239} INFO - Sync 1 DAGs
[2024-10-13T07:33:29.454+0000] {logging_mixin.py:190} INFO - [2024-10-13T07:33:29.454+0000] {dag.py:4180} INFO - Setting next_dagrun for latest_only_with_trigger to 2024-10-13 00:00:00+00:00, run_after=2024-10-13 04:00:00+00:00
[2024-10-13T07:33:29.476+0000] {processor.py:208} INFO - Processing /home/vboxuser/airflow_venv/lib/python3.12/site-packages/airflow/example_dags/example_latest_only_with_trigger.py took 0.059 seconds
[2024-10-13T07:34:26.522+0000] {processor.py:186} INFO - Started process (PID=16920) to work on /home/vboxuser/airflow_venv/lib/python3.12/site-packages/airflow/example_dags/example_latest_only_with_trigger.py
[2024-10-13T07:34:26.523+0000] {processor.py:914} INFO - Processing file /home/vboxuser/airflow_venv/lib/python3.12/site-packages/airflow/example_dags/example_latest_only_with_trigger.py for tasks to queue
[2024-10-13T07:34:26.525+0000] {logging_mixin.py:190} INFO - [2024-10-13T07:34:26.525+0000] {dagbag.py:588} INFO - Filling up the DagBag from /home/vboxuser/airflow_venv/lib/python3.12/site-packages/airflow/example_dags/example_latest_only_with_trigger.py
[2024-10-13T07:34:26.532+0000] {processor.py:925} INFO - DAG(s) 'latest_only_with_trigger' retrieved from /home/vboxuser/airflow_venv/lib/python3.12/site-packages/airflow/example_dags/example_latest_only_with_trigger.py
[2024-10-13T07:34:26.545+0000] {logging_mixin.py:190} INFO - [2024-10-13T07:34:26.545+0000] {dag.py:3239} INFO - Sync 1 DAGs
[2024-10-13T07:34:26.558+0000] {logging_mixin.py:190} INFO - [2024-10-13T07:34:26.558+0000] {dag.py:4180} INFO - Setting next_dagrun for latest_only_with_trigger to 2024-10-13 00:00:00+00:00, run_after=2024-10-13 04:00:00+00:00
[2024-10-13T07:34:26.578+0000] {processor.py:208} INFO - Processing /home/vboxuser/airflow_venv/lib/python3.12/site-packages/airflow/example_dags/example_latest_only_with_trigger.py took 0.061 seconds
[2024-10-13T07:35:16.412+0000] {processor.py:186} INFO - Started process (PID=16985) to work on /home/vboxuser/airflow_venv/lib/python3.12/site-packages/airflow/example_dags/example_latest_only_with_trigger.py
[2024-10-13T07:35:16.416+0000] {processor.py:914} INFO - Processing file /home/vboxuser/airflow_venv/lib/python3.12/site-packages/airflow/example_dags/example_latest_only_with_trigger.py for tasks to queue
[2024-10-13T07:35:16.418+0000] {logging_mixin.py:190} INFO - [2024-10-13T07:35:16.418+0000] {dagbag.py:588} INFO - Filling up the DagBag from /home/vboxuser/airflow_venv/lib/python3.12/site-packages/airflow/example_dags/example_latest_only_with_trigger.py
[2024-10-13T07:35:16.425+0000] {processor.py:925} INFO - DAG(s) 'latest_only_with_trigger' retrieved from /home/vboxuser/airflow_venv/lib/python3.12/site-packages/airflow/example_dags/example_latest_only_with_trigger.py
[2024-10-13T07:35:16.438+0000] {logging_mixin.py:190} INFO - [2024-10-13T07:35:16.438+0000] {dag.py:3239} INFO - Sync 1 DAGs
[2024-10-13T07:35:16.452+0000] {logging_mixin.py:190} INFO - [2024-10-13T07:35:16.452+0000] {dag.py:4180} INFO - Setting next_dagrun for latest_only_with_trigger to 2024-10-13 00:00:00+00:00, run_after=2024-10-13 04:00:00+00:00
[2024-10-13T07:35:16.481+0000] {processor.py:208} INFO - Processing /home/vboxuser/airflow_venv/lib/python3.12/site-packages/airflow/example_dags/example_latest_only_with_trigger.py took 0.074 seconds
[2024-10-13T07:36:09.435+0000] {processor.py:186} INFO - Started process (PID=17052) to work on /home/vboxuser/airflow_venv/lib/python3.12/site-packages/airflow/example_dags/example_latest_only_with_trigger.py
[2024-10-13T07:36:09.437+0000] {processor.py:914} INFO - Processing file /home/vboxuser/airflow_venv/lib/python3.12/site-packages/airflow/example_dags/example_latest_only_with_trigger.py for tasks to queue
[2024-10-13T07:36:09.438+0000] {logging_mixin.py:190} INFO - [2024-10-13T07:36:09.438+0000] {dagbag.py:588} INFO - Filling up the DagBag from /home/vboxuser/airflow_venv/lib/python3.12/site-packages/airflow/example_dags/example_latest_only_with_trigger.py
[2024-10-13T07:36:09.444+0000] {processor.py:925} INFO - DAG(s) 'latest_only_with_trigger' retrieved from /home/vboxuser/airflow_venv/lib/python3.12/site-packages/airflow/example_dags/example_latest_only_with_trigger.py
[2024-10-13T07:36:09.457+0000] {logging_mixin.py:190} INFO - [2024-10-13T07:36:09.457+0000] {dag.py:3239} INFO - Sync 1 DAGs
[2024-10-13T07:36:09.472+0000] {logging_mixin.py:190} INFO - [2024-10-13T07:36:09.472+0000] {dag.py:4180} INFO - Setting next_dagrun for latest_only_with_trigger to 2024-10-13 00:00:00+00:00, run_after=2024-10-13 04:00:00+00:00
[2024-10-13T07:36:09.497+0000] {processor.py:208} INFO - Processing /home/vboxuser/airflow_venv/lib/python3.12/site-packages/airflow/example_dags/example_latest_only_with_trigger.py took 0.065 seconds
[2024-10-13T07:36:58.829+0000] {processor.py:186} INFO - Started process (PID=17108) to work on /home/vboxuser/airflow_venv/lib/python3.12/site-packages/airflow/example_dags/example_latest_only_with_trigger.py
[2024-10-13T07:36:58.830+0000] {processor.py:914} INFO - Processing file /home/vboxuser/airflow_venv/lib/python3.12/site-packages/airflow/example_dags/example_latest_only_with_trigger.py for tasks to queue
[2024-10-13T07:36:58.832+0000] {logging_mixin.py:190} INFO - [2024-10-13T07:36:58.831+0000] {dagbag.py:588} INFO - Filling up the DagBag from /home/vboxuser/airflow_venv/lib/python3.12/site-packages/airflow/example_dags/example_latest_only_with_trigger.py
[2024-10-13T07:36:58.837+0000] {processor.py:925} INFO - DAG(s) 'latest_only_with_trigger' retrieved from /home/vboxuser/airflow_venv/lib/python3.12/site-packages/airflow/example_dags/example_latest_only_with_trigger.py
[2024-10-13T07:36:58.848+0000] {logging_mixin.py:190} INFO - [2024-10-13T07:36:58.848+0000] {dag.py:3239} INFO - Sync 1 DAGs
[2024-10-13T07:36:58.862+0000] {logging_mixin.py:190} INFO - [2024-10-13T07:36:58.862+0000] {dag.py:4180} INFO - Setting next_dagrun for latest_only_with_trigger to 2024-10-13 00:00:00+00:00, run_after=2024-10-13 04:00:00+00:00
[2024-10-13T07:36:58.883+0000] {processor.py:208} INFO - Processing /home/vboxuser/airflow_venv/lib/python3.12/site-packages/airflow/example_dags/example_latest_only_with_trigger.py took 0.058 seconds
[2024-10-13T07:37:50.057+0000] {processor.py:186} INFO - Started process (PID=17172) to work on /home/vboxuser/airflow_venv/lib/python3.12/site-packages/airflow/example_dags/example_latest_only_with_trigger.py
[2024-10-13T07:37:50.060+0000] {processor.py:914} INFO - Processing file /home/vboxuser/airflow_venv/lib/python3.12/site-packages/airflow/example_dags/example_latest_only_with_trigger.py for tasks to queue
[2024-10-13T07:37:50.061+0000] {logging_mixin.py:190} INFO - [2024-10-13T07:37:50.061+0000] {dagbag.py:588} INFO - Filling up the DagBag from /home/vboxuser/airflow_venv/lib/python3.12/site-packages/airflow/example_dags/example_latest_only_with_trigger.py
[2024-10-13T07:37:50.067+0000] {processor.py:925} INFO - DAG(s) 'latest_only_with_trigger' retrieved from /home/vboxuser/airflow_venv/lib/python3.12/site-packages/airflow/example_dags/example_latest_only_with_trigger.py
[2024-10-13T07:37:50.080+0000] {logging_mixin.py:190} INFO - [2024-10-13T07:37:50.080+0000] {dag.py:3239} INFO - Sync 1 DAGs
[2024-10-13T07:37:50.101+0000] {logging_mixin.py:190} INFO - [2024-10-13T07:37:50.101+0000] {dag.py:4180} INFO - Setting next_dagrun for latest_only_with_trigger to 2024-10-13 00:00:00+00:00, run_after=2024-10-13 04:00:00+00:00
[2024-10-13T07:37:50.125+0000] {processor.py:208} INFO - Processing /home/vboxuser/airflow_venv/lib/python3.12/site-packages/airflow/example_dags/example_latest_only_with_trigger.py took 0.072 seconds
[2024-10-13T07:38:38.706+0000] {processor.py:186} INFO - Started process (PID=17250) to work on /home/vboxuser/airflow_venv/lib/python3.12/site-packages/airflow/example_dags/example_latest_only_with_trigger.py
[2024-10-13T07:38:38.707+0000] {processor.py:914} INFO - Processing file /home/vboxuser/airflow_venv/lib/python3.12/site-packages/airflow/example_dags/example_latest_only_with_trigger.py for tasks to queue
[2024-10-13T07:38:38.708+0000] {logging_mixin.py:190} INFO - [2024-10-13T07:38:38.708+0000] {dagbag.py:588} INFO - Filling up the DagBag from /home/vboxuser/airflow_venv/lib/python3.12/site-packages/airflow/example_dags/example_latest_only_with_trigger.py
[2024-10-13T07:38:38.713+0000] {processor.py:925} INFO - DAG(s) 'latest_only_with_trigger' retrieved from /home/vboxuser/airflow_venv/lib/python3.12/site-packages/airflow/example_dags/example_latest_only_with_trigger.py
[2024-10-13T07:38:38.724+0000] {logging_mixin.py:190} INFO - [2024-10-13T07:38:38.724+0000] {dag.py:3239} INFO - Sync 1 DAGs
[2024-10-13T07:38:38.737+0000] {logging_mixin.py:190} INFO - [2024-10-13T07:38:38.736+0000] {dag.py:4180} INFO - Setting next_dagrun for latest_only_with_trigger to 2024-10-13 00:00:00+00:00, run_after=2024-10-13 04:00:00+00:00
[2024-10-13T07:38:38.758+0000] {processor.py:208} INFO - Processing /home/vboxuser/airflow_venv/lib/python3.12/site-packages/airflow/example_dags/example_latest_only_with_trigger.py took 0.057 seconds
[2024-10-13T07:39:30.727+0000] {processor.py:186} INFO - Started process (PID=17325) to work on /home/vboxuser/airflow_venv/lib/python3.12/site-packages/airflow/example_dags/example_latest_only_with_trigger.py
[2024-10-13T07:39:30.729+0000] {processor.py:914} INFO - Processing file /home/vboxuser/airflow_venv/lib/python3.12/site-packages/airflow/example_dags/example_latest_only_with_trigger.py for tasks to queue
[2024-10-13T07:39:30.731+0000] {logging_mixin.py:190} INFO - [2024-10-13T07:39:30.731+0000] {dagbag.py:588} INFO - Filling up the DagBag from /home/vboxuser/airflow_venv/lib/python3.12/site-packages/airflow/example_dags/example_latest_only_with_trigger.py
[2024-10-13T07:39:30.737+0000] {processor.py:925} INFO - DAG(s) 'latest_only_with_trigger' retrieved from /home/vboxuser/airflow_venv/lib/python3.12/site-packages/airflow/example_dags/example_latest_only_with_trigger.py
[2024-10-13T07:39:30.750+0000] {logging_mixin.py:190} INFO - [2024-10-13T07:39:30.750+0000] {dag.py:3239} INFO - Sync 1 DAGs
[2024-10-13T07:39:30.766+0000] {logging_mixin.py:190} INFO - [2024-10-13T07:39:30.766+0000] {dag.py:4180} INFO - Setting next_dagrun for latest_only_with_trigger to 2024-10-13 00:00:00+00:00, run_after=2024-10-13 04:00:00+00:00
[2024-10-13T07:39:30.791+0000] {processor.py:208} INFO - Processing /home/vboxuser/airflow_venv/lib/python3.12/site-packages/airflow/example_dags/example_latest_only_with_trigger.py took 0.069 seconds
[2024-10-13T07:40:20.679+0000] {processor.py:186} INFO - Started process (PID=17429) to work on /home/vboxuser/airflow_venv/lib/python3.12/site-packages/airflow/example_dags/example_latest_only_with_trigger.py
[2024-10-13T07:40:20.683+0000] {processor.py:914} INFO - Processing file /home/vboxuser/airflow_venv/lib/python3.12/site-packages/airflow/example_dags/example_latest_only_with_trigger.py for tasks to queue
[2024-10-13T07:40:20.685+0000] {logging_mixin.py:190} INFO - [2024-10-13T07:40:20.685+0000] {dagbag.py:588} INFO - Filling up the DagBag from /home/vboxuser/airflow_venv/lib/python3.12/site-packages/airflow/example_dags/example_latest_only_with_trigger.py
[2024-10-13T07:40:20.690+0000] {processor.py:925} INFO - DAG(s) 'latest_only_with_trigger' retrieved from /home/vboxuser/airflow_venv/lib/python3.12/site-packages/airflow/example_dags/example_latest_only_with_trigger.py
[2024-10-13T07:40:20.702+0000] {logging_mixin.py:190} INFO - [2024-10-13T07:40:20.702+0000] {dag.py:3239} INFO - Sync 1 DAGs
[2024-10-13T07:40:20.714+0000] {logging_mixin.py:190} INFO - [2024-10-13T07:40:20.714+0000] {dag.py:4180} INFO - Setting next_dagrun for latest_only_with_trigger to 2024-10-13 00:00:00+00:00, run_after=2024-10-13 04:00:00+00:00
[2024-10-13T07:40:20.737+0000] {processor.py:208} INFO - Processing /home/vboxuser/airflow_venv/lib/python3.12/site-packages/airflow/example_dags/example_latest_only_with_trigger.py took 0.062 seconds
[2024-10-13T07:41:09.559+0000] {processor.py:186} INFO - Started process (PID=17488) to work on /home/vboxuser/airflow_venv/lib/python3.12/site-packages/airflow/example_dags/example_latest_only_with_trigger.py
[2024-10-13T07:41:09.561+0000] {processor.py:914} INFO - Processing file /home/vboxuser/airflow_venv/lib/python3.12/site-packages/airflow/example_dags/example_latest_only_with_trigger.py for tasks to queue
[2024-10-13T07:41:09.562+0000] {logging_mixin.py:190} INFO - [2024-10-13T07:41:09.562+0000] {dagbag.py:588} INFO - Filling up the DagBag from /home/vboxuser/airflow_venv/lib/python3.12/site-packages/airflow/example_dags/example_latest_only_with_trigger.py
[2024-10-13T07:41:09.569+0000] {processor.py:925} INFO - DAG(s) 'latest_only_with_trigger' retrieved from /home/vboxuser/airflow_venv/lib/python3.12/site-packages/airflow/example_dags/example_latest_only_with_trigger.py
[2024-10-13T07:41:09.583+0000] {logging_mixin.py:190} INFO - [2024-10-13T07:41:09.583+0000] {dag.py:3239} INFO - Sync 1 DAGs
[2024-10-13T07:41:09.601+0000] {logging_mixin.py:190} INFO - [2024-10-13T07:41:09.600+0000] {dag.py:4180} INFO - Setting next_dagrun for latest_only_with_trigger to 2024-10-13 00:00:00+00:00, run_after=2024-10-13 04:00:00+00:00
[2024-10-13T07:41:09.627+0000] {processor.py:208} INFO - Processing /home/vboxuser/airflow_venv/lib/python3.12/site-packages/airflow/example_dags/example_latest_only_with_trigger.py took 0.080 seconds
[2024-10-13T07:42:01.083+0000] {processor.py:186} INFO - Started process (PID=17548) to work on /home/vboxuser/airflow_venv/lib/python3.12/site-packages/airflow/example_dags/example_latest_only_with_trigger.py
[2024-10-13T07:42:01.087+0000] {processor.py:914} INFO - Processing file /home/vboxuser/airflow_venv/lib/python3.12/site-packages/airflow/example_dags/example_latest_only_with_trigger.py for tasks to queue
[2024-10-13T07:42:01.089+0000] {logging_mixin.py:190} INFO - [2024-10-13T07:42:01.088+0000] {dagbag.py:588} INFO - Filling up the DagBag from /home/vboxuser/airflow_venv/lib/python3.12/site-packages/airflow/example_dags/example_latest_only_with_trigger.py
[2024-10-13T07:42:01.094+0000] {processor.py:925} INFO - DAG(s) 'latest_only_with_trigger' retrieved from /home/vboxuser/airflow_venv/lib/python3.12/site-packages/airflow/example_dags/example_latest_only_with_trigger.py
[2024-10-13T07:42:01.107+0000] {logging_mixin.py:190} INFO - [2024-10-13T07:42:01.107+0000] {dag.py:3239} INFO - Sync 1 DAGs
[2024-10-13T07:42:01.121+0000] {logging_mixin.py:190} INFO - [2024-10-13T07:42:01.121+0000] {dag.py:4180} INFO - Setting next_dagrun for latest_only_with_trigger to 2024-10-13 00:00:00+00:00, run_after=2024-10-13 04:00:00+00:00
[2024-10-13T07:42:01.142+0000] {processor.py:208} INFO - Processing /home/vboxuser/airflow_venv/lib/python3.12/site-packages/airflow/example_dags/example_latest_only_with_trigger.py took 0.063 seconds
[2024-10-13T07:42:52.936+0000] {processor.py:186} INFO - Started process (PID=17613) to work on /home/vboxuser/airflow_venv/lib/python3.12/site-packages/airflow/example_dags/example_latest_only_with_trigger.py
[2024-10-13T07:42:52.937+0000] {processor.py:914} INFO - Processing file /home/vboxuser/airflow_venv/lib/python3.12/site-packages/airflow/example_dags/example_latest_only_with_trigger.py for tasks to queue
[2024-10-13T07:42:52.939+0000] {logging_mixin.py:190} INFO - [2024-10-13T07:42:52.939+0000] {dagbag.py:588} INFO - Filling up the DagBag from /home/vboxuser/airflow_venv/lib/python3.12/site-packages/airflow/example_dags/example_latest_only_with_trigger.py
[2024-10-13T07:42:52.944+0000] {processor.py:925} INFO - DAG(s) 'latest_only_with_trigger' retrieved from /home/vboxuser/airflow_venv/lib/python3.12/site-packages/airflow/example_dags/example_latest_only_with_trigger.py
[2024-10-13T07:42:52.957+0000] {logging_mixin.py:190} INFO - [2024-10-13T07:42:52.957+0000] {dag.py:3239} INFO - Sync 1 DAGs
[2024-10-13T07:42:52.971+0000] {logging_mixin.py:190} INFO - [2024-10-13T07:42:52.971+0000] {dag.py:4180} INFO - Setting next_dagrun for latest_only_with_trigger to 2024-10-13 00:00:00+00:00, run_after=2024-10-13 04:00:00+00:00
[2024-10-13T07:42:52.994+0000] {processor.py:208} INFO - Processing /home/vboxuser/airflow_venv/lib/python3.12/site-packages/airflow/example_dags/example_latest_only_with_trigger.py took 0.062 seconds
