[2024-10-13T07:29:14.997+0000] {processor.py:186} INFO - Started process (PID=16183) to work on /home/vboxuser/airflow_venv/lib/python3.12/site-packages/airflow/example_dags/example_branch_operator_decorator.py
[2024-10-13T07:29:15.001+0000] {processor.py:914} INFO - Processing file /home/vboxuser/airflow_venv/lib/python3.12/site-packages/airflow/example_dags/example_branch_operator_decorator.py for tasks to queue
[2024-10-13T07:29:15.014+0000] {logging_mixin.py:190} INFO - [2024-10-13T07:29:15.007+0000] {dagbag.py:588} INFO - Filling up the DagBag from /home/vboxuser/airflow_venv/lib/python3.12/site-packages/airflow/example_dags/example_branch_operator_decorator.py
[2024-10-13T07:29:15.028+0000] {processor.py:927} WARNING - No viable dags retrieved from /home/vboxuser/airflow_venv/lib/python3.12/site-packages/airflow/example_dags/example_branch_operator_decorator.py
[2024-10-13T07:29:15.055+0000] {processor.py:208} INFO - Processing /home/vboxuser/airflow_venv/lib/python3.12/site-packages/airflow/example_dags/example_branch_operator_decorator.py took 0.077 seconds
[2024-10-13T07:30:33.008+0000] {processor.py:186} INFO - Started process (PID=16299) to work on /home/vboxuser/airflow_venv/lib/python3.12/site-packages/airflow/example_dags/example_branch_operator_decorator.py
[2024-10-13T07:30:33.013+0000] {processor.py:914} INFO - Processing file /home/vboxuser/airflow_venv/lib/python3.12/site-packages/airflow/example_dags/example_branch_operator_decorator.py for tasks to queue
[2024-10-13T07:30:33.015+0000] {logging_mixin.py:190} INFO - [2024-10-13T07:30:33.015+0000] {dagbag.py:588} INFO - Filling up the DagBag from /home/vboxuser/airflow_venv/lib/python3.12/site-packages/airflow/example_dags/example_branch_operator_decorator.py
[2024-10-13T07:30:33.017+0000] {processor.py:927} WARNING - No viable dags retrieved from /home/vboxuser/airflow_venv/lib/python3.12/site-packages/airflow/example_dags/example_branch_operator_decorator.py
[2024-10-13T07:30:33.025+0000] {processor.py:208} INFO - Processing /home/vboxuser/airflow_venv/lib/python3.12/site-packages/airflow/example_dags/example_branch_operator_decorator.py took 0.032 seconds
[2024-10-13T07:31:38.555+0000] {processor.py:186} INFO - Started process (PID=16400) to work on /home/vboxuser/airflow_venv/lib/python3.12/site-packages/airflow/example_dags/example_branch_operator_decorator.py
[2024-10-13T07:31:38.559+0000] {processor.py:914} INFO - Processing file /home/vboxuser/airflow_venv/lib/python3.12/site-packages/airflow/example_dags/example_branch_operator_decorator.py for tasks to queue
[2024-10-13T07:31:38.562+0000] {logging_mixin.py:190} INFO - [2024-10-13T07:31:38.562+0000] {dagbag.py:588} INFO - Filling up the DagBag from /home/vboxuser/airflow_venv/lib/python3.12/site-packages/airflow/example_dags/example_branch_operator_decorator.py
[2024-10-13T07:31:38.565+0000] {processor.py:927} WARNING - No viable dags retrieved from /home/vboxuser/airflow_venv/lib/python3.12/site-packages/airflow/example_dags/example_branch_operator_decorator.py
[2024-10-13T07:31:38.581+0000] {processor.py:208} INFO - Processing /home/vboxuser/airflow_venv/lib/python3.12/site-packages/airflow/example_dags/example_branch_operator_decorator.py took 0.032 seconds
[2024-10-13T07:32:46.916+0000] {processor.py:186} INFO - Started process (PID=16622) to work on /home/vboxuser/airflow_venv/lib/python3.12/site-packages/airflow/example_dags/example_branch_operator_decorator.py
[2024-10-13T07:32:46.918+0000] {processor.py:914} INFO - Processing file /home/vboxuser/airflow_venv/lib/python3.12/site-packages/airflow/example_dags/example_branch_operator_decorator.py for tasks to queue
[2024-10-13T07:32:46.922+0000] {logging_mixin.py:190} INFO - [2024-10-13T07:32:46.922+0000] {dagbag.py:588} INFO - Filling up the DagBag from /home/vboxuser/airflow_venv/lib/python3.12/site-packages/airflow/example_dags/example_branch_operator_decorator.py
[2024-10-13T07:32:46.935+0000] {processor.py:927} WARNING - No viable dags retrieved from /home/vboxuser/airflow_venv/lib/python3.12/site-packages/airflow/example_dags/example_branch_operator_decorator.py
[2024-10-13T07:32:46.949+0000] {processor.py:208} INFO - Processing /home/vboxuser/airflow_venv/lib/python3.12/site-packages/airflow/example_dags/example_branch_operator_decorator.py took 0.043 seconds
[2024-10-13T07:33:49.770+0000] {processor.py:186} INFO - Started process (PID=16757) to work on /home/vboxuser/airflow_venv/lib/python3.12/site-packages/airflow/example_dags/example_branch_operator_decorator.py
[2024-10-13T07:33:49.774+0000] {processor.py:914} INFO - Processing file /home/vboxuser/airflow_venv/lib/python3.12/site-packages/airflow/example_dags/example_branch_operator_decorator.py for tasks to queue
[2024-10-13T07:33:49.776+0000] {logging_mixin.py:190} INFO - [2024-10-13T07:33:49.776+0000] {dagbag.py:588} INFO - Filling up the DagBag from /home/vboxuser/airflow_venv/lib/python3.12/site-packages/airflow/example_dags/example_branch_operator_decorator.py
[2024-10-13T07:33:49.778+0000] {processor.py:927} WARNING - No viable dags retrieved from /home/vboxuser/airflow_venv/lib/python3.12/site-packages/airflow/example_dags/example_branch_operator_decorator.py
[2024-10-13T07:33:49.787+0000] {processor.py:208} INFO - Processing /home/vboxuser/airflow_venv/lib/python3.12/site-packages/airflow/example_dags/example_branch_operator_decorator.py took 0.021 seconds
[2024-10-13T07:34:44.631+0000] {processor.py:186} INFO - Started process (PID=16942) to work on /home/vboxuser/airflow_venv/lib/python3.12/site-packages/airflow/example_dags/example_branch_operator_decorator.py
[2024-10-13T07:34:44.632+0000] {processor.py:914} INFO - Processing file /home/vboxuser/airflow_venv/lib/python3.12/site-packages/airflow/example_dags/example_branch_operator_decorator.py for tasks to queue
[2024-10-13T07:34:44.634+0000] {logging_mixin.py:190} INFO - [2024-10-13T07:34:44.633+0000] {dagbag.py:588} INFO - Filling up the DagBag from /home/vboxuser/airflow_venv/lib/python3.12/site-packages/airflow/example_dags/example_branch_operator_decorator.py
[2024-10-13T07:34:44.637+0000] {processor.py:927} WARNING - No viable dags retrieved from /home/vboxuser/airflow_venv/lib/python3.12/site-packages/airflow/example_dags/example_branch_operator_decorator.py
[2024-10-13T07:34:44.648+0000] {processor.py:208} INFO - Processing /home/vboxuser/airflow_venv/lib/python3.12/site-packages/airflow/example_dags/example_branch_operator_decorator.py took 0.023 seconds
[2024-10-13T07:35:36.104+0000] {processor.py:186} INFO - Started process (PID=17005) to work on /home/vboxuser/airflow_venv/lib/python3.12/site-packages/airflow/example_dags/example_branch_operator_decorator.py
[2024-10-13T07:35:36.106+0000] {processor.py:914} INFO - Processing file /home/vboxuser/airflow_venv/lib/python3.12/site-packages/airflow/example_dags/example_branch_operator_decorator.py for tasks to queue
[2024-10-13T07:35:36.108+0000] {logging_mixin.py:190} INFO - [2024-10-13T07:35:36.107+0000] {dagbag.py:588} INFO - Filling up the DagBag from /home/vboxuser/airflow_venv/lib/python3.12/site-packages/airflow/example_dags/example_branch_operator_decorator.py
[2024-10-13T07:35:36.111+0000] {processor.py:927} WARNING - No viable dags retrieved from /home/vboxuser/airflow_venv/lib/python3.12/site-packages/airflow/example_dags/example_branch_operator_decorator.py
[2024-10-13T07:35:36.122+0000] {processor.py:208} INFO - Processing /home/vboxuser/airflow_venv/lib/python3.12/site-packages/airflow/example_dags/example_branch_operator_decorator.py took 0.023 seconds
[2024-10-13T07:36:27.876+0000] {processor.py:186} INFO - Started process (PID=17072) to work on /home/vboxuser/airflow_venv/lib/python3.12/site-packages/airflow/example_dags/example_branch_operator_decorator.py
[2024-10-13T07:36:27.877+0000] {processor.py:914} INFO - Processing file /home/vboxuser/airflow_venv/lib/python3.12/site-packages/airflow/example_dags/example_branch_operator_decorator.py for tasks to queue
[2024-10-13T07:36:27.879+0000] {logging_mixin.py:190} INFO - [2024-10-13T07:36:27.879+0000] {dagbag.py:588} INFO - Filling up the DagBag from /home/vboxuser/airflow_venv/lib/python3.12/site-packages/airflow/example_dags/example_branch_operator_decorator.py
[2024-10-13T07:36:27.881+0000] {processor.py:927} WARNING - No viable dags retrieved from /home/vboxuser/airflow_venv/lib/python3.12/site-packages/airflow/example_dags/example_branch_operator_decorator.py
[2024-10-13T07:36:27.890+0000] {processor.py:208} INFO - Processing /home/vboxuser/airflow_venv/lib/python3.12/site-packages/airflow/example_dags/example_branch_operator_decorator.py took 0.019 seconds
[2024-10-13T07:37:16.962+0000] {processor.py:186} INFO - Started process (PID=17130) to work on /home/vboxuser/airflow_venv/lib/python3.12/site-packages/airflow/example_dags/example_branch_operator_decorator.py
[2024-10-13T07:37:16.963+0000] {processor.py:914} INFO - Processing file /home/vboxuser/airflow_venv/lib/python3.12/site-packages/airflow/example_dags/example_branch_operator_decorator.py for tasks to queue
[2024-10-13T07:37:16.965+0000] {logging_mixin.py:190} INFO - [2024-10-13T07:37:16.965+0000] {dagbag.py:588} INFO - Filling up the DagBag from /home/vboxuser/airflow_venv/lib/python3.12/site-packages/airflow/example_dags/example_branch_operator_decorator.py
[2024-10-13T07:37:16.966+0000] {processor.py:927} WARNING - No viable dags retrieved from /home/vboxuser/airflow_venv/lib/python3.12/site-packages/airflow/example_dags/example_branch_operator_decorator.py
[2024-10-13T07:37:16.974+0000] {processor.py:208} INFO - Processing /home/vboxuser/airflow_venv/lib/python3.12/site-packages/airflow/example_dags/example_branch_operator_decorator.py took 0.016 seconds
[2024-10-13T07:38:08.135+0000] {processor.py:186} INFO - Started process (PID=17195) to work on /home/vboxuser/airflow_venv/lib/python3.12/site-packages/airflow/example_dags/example_branch_operator_decorator.py
[2024-10-13T07:38:08.136+0000] {processor.py:914} INFO - Processing file /home/vboxuser/airflow_venv/lib/python3.12/site-packages/airflow/example_dags/example_branch_operator_decorator.py for tasks to queue
[2024-10-13T07:38:08.138+0000] {logging_mixin.py:190} INFO - [2024-10-13T07:38:08.137+0000] {dagbag.py:588} INFO - Filling up the DagBag from /home/vboxuser/airflow_venv/lib/python3.12/site-packages/airflow/example_dags/example_branch_operator_decorator.py
[2024-10-13T07:38:08.140+0000] {processor.py:927} WARNING - No viable dags retrieved from /home/vboxuser/airflow_venv/lib/python3.12/site-packages/airflow/example_dags/example_branch_operator_decorator.py
[2024-10-13T07:38:08.149+0000] {processor.py:208} INFO - Processing /home/vboxuser/airflow_venv/lib/python3.12/site-packages/airflow/example_dags/example_branch_operator_decorator.py took 0.019 seconds
[2024-10-13T07:38:57.447+0000] {processor.py:186} INFO - Started process (PID=17288) to work on /home/vboxuser/airflow_venv/lib/python3.12/site-packages/airflow/example_dags/example_branch_operator_decorator.py
[2024-10-13T07:38:57.448+0000] {processor.py:914} INFO - Processing file /home/vboxuser/airflow_venv/lib/python3.12/site-packages/airflow/example_dags/example_branch_operator_decorator.py for tasks to queue
[2024-10-13T07:38:57.450+0000] {logging_mixin.py:190} INFO - [2024-10-13T07:38:57.450+0000] {dagbag.py:588} INFO - Filling up the DagBag from /home/vboxuser/airflow_venv/lib/python3.12/site-packages/airflow/example_dags/example_branch_operator_decorator.py
[2024-10-13T07:38:57.454+0000] {processor.py:927} WARNING - No viable dags retrieved from /home/vboxuser/airflow_venv/lib/python3.12/site-packages/airflow/example_dags/example_branch_operator_decorator.py
[2024-10-13T07:38:57.462+0000] {processor.py:208} INFO - Processing /home/vboxuser/airflow_venv/lib/python3.12/site-packages/airflow/example_dags/example_branch_operator_decorator.py took 0.019 seconds
[2024-10-13T07:39:49.279+0000] {processor.py:186} INFO - Started process (PID=17350) to work on /home/vboxuser/airflow_venv/lib/python3.12/site-packages/airflow/example_dags/example_branch_operator_decorator.py
[2024-10-13T07:39:49.285+0000] {processor.py:914} INFO - Processing file /home/vboxuser/airflow_venv/lib/python3.12/site-packages/airflow/example_dags/example_branch_operator_decorator.py for tasks to queue
[2024-10-13T07:39:49.287+0000] {logging_mixin.py:190} INFO - [2024-10-13T07:39:49.287+0000] {dagbag.py:588} INFO - Filling up the DagBag from /home/vboxuser/airflow_venv/lib/python3.12/site-packages/airflow/example_dags/example_branch_operator_decorator.py
[2024-10-13T07:39:49.292+0000] {processor.py:927} WARNING - No viable dags retrieved from /home/vboxuser/airflow_venv/lib/python3.12/site-packages/airflow/example_dags/example_branch_operator_decorator.py
[2024-10-13T07:39:49.316+0000] {processor.py:208} INFO - Processing /home/vboxuser/airflow_venv/lib/python3.12/site-packages/airflow/example_dags/example_branch_operator_decorator.py took 0.052 seconds
[2024-10-13T07:40:39.773+0000] {processor.py:186} INFO - Started process (PID=17448) to work on /home/vboxuser/airflow_venv/lib/python3.12/site-packages/airflow/example_dags/example_branch_operator_decorator.py
[2024-10-13T07:40:39.777+0000] {processor.py:914} INFO - Processing file /home/vboxuser/airflow_venv/lib/python3.12/site-packages/airflow/example_dags/example_branch_operator_decorator.py for tasks to queue
[2024-10-13T07:40:39.779+0000] {logging_mixin.py:190} INFO - [2024-10-13T07:40:39.778+0000] {dagbag.py:588} INFO - Filling up the DagBag from /home/vboxuser/airflow_venv/lib/python3.12/site-packages/airflow/example_dags/example_branch_operator_decorator.py
[2024-10-13T07:40:39.782+0000] {processor.py:927} WARNING - No viable dags retrieved from /home/vboxuser/airflow_venv/lib/python3.12/site-packages/airflow/example_dags/example_branch_operator_decorator.py
[2024-10-13T07:40:39.789+0000] {processor.py:208} INFO - Processing /home/vboxuser/airflow_venv/lib/python3.12/site-packages/airflow/example_dags/example_branch_operator_decorator.py took 0.021 seconds
[2024-10-13T07:41:49.423+0000] {processor.py:186} INFO - Started process (PID=17534) to work on /home/vboxuser/airflow_venv/lib/python3.12/site-packages/airflow/example_dags/example_branch_operator_decorator.py
[2024-10-13T07:41:49.426+0000] {processor.py:914} INFO - Processing file /home/vboxuser/airflow_venv/lib/python3.12/site-packages/airflow/example_dags/example_branch_operator_decorator.py for tasks to queue
[2024-10-13T07:41:49.428+0000] {logging_mixin.py:190} INFO - [2024-10-13T07:41:49.427+0000] {dagbag.py:588} INFO - Filling up the DagBag from /home/vboxuser/airflow_venv/lib/python3.12/site-packages/airflow/example_dags/example_branch_operator_decorator.py
[2024-10-13T07:41:49.433+0000] {processor.py:927} WARNING - No viable dags retrieved from /home/vboxuser/airflow_venv/lib/python3.12/site-packages/airflow/example_dags/example_branch_operator_decorator.py
[2024-10-13T07:41:49.441+0000] {processor.py:208} INFO - Processing /home/vboxuser/airflow_venv/lib/python3.12/site-packages/airflow/example_dags/example_branch_operator_decorator.py took 0.022 seconds
[2024-10-13T07:42:40.874+0000] {processor.py:186} INFO - Started process (PID=17595) to work on /home/vboxuser/airflow_venv/lib/python3.12/site-packages/airflow/example_dags/example_branch_operator_decorator.py
[2024-10-13T07:42:40.879+0000] {processor.py:914} INFO - Processing file /home/vboxuser/airflow_venv/lib/python3.12/site-packages/airflow/example_dags/example_branch_operator_decorator.py for tasks to queue
[2024-10-13T07:42:40.880+0000] {logging_mixin.py:190} INFO - [2024-10-13T07:42:40.880+0000] {dagbag.py:588} INFO - Filling up the DagBag from /home/vboxuser/airflow_venv/lib/python3.12/site-packages/airflow/example_dags/example_branch_operator_decorator.py
[2024-10-13T07:42:40.882+0000] {processor.py:927} WARNING - No viable dags retrieved from /home/vboxuser/airflow_venv/lib/python3.12/site-packages/airflow/example_dags/example_branch_operator_decorator.py
[2024-10-13T07:42:40.889+0000] {processor.py:208} INFO - Processing /home/vboxuser/airflow_venv/lib/python3.12/site-packages/airflow/example_dags/example_branch_operator_decorator.py took 0.019 seconds
