[2024-10-13T07:28:59.022+0000] {processor.py:186} INFO - Started process (PID=16077) to work on /home/vboxuser/airflow_venv/lib/python3.12/site-packages/airflow/example_dags/example_dataset_alias.py
[2024-10-13T07:28:59.022+0000] {processor.py:914} INFO - Processing file /home/vboxuser/airflow_venv/lib/python3.12/site-packages/airflow/example_dags/example_dataset_alias.py for tasks to queue
[2024-10-13T07:28:59.024+0000] {logging_mixin.py:190} INFO - [2024-10-13T07:28:59.024+0000] {dagbag.py:588} INFO - Filling up the DagBag from /home/vboxuser/airflow_venv/lib/python3.12/site-packages/airflow/example_dags/example_dataset_alias.py
[2024-10-13T07:28:59.051+0000] {processor.py:925} INFO - DAG(s) 'dataset_alias_example_alias_consumer', 'dataset_s3_bucket_producer', 'dataset_alias_example_alias_producer', 'dataset_s3_bucket_consumer' retrieved from /home/vboxuser/airflow_venv/lib/python3.12/site-packages/airflow/example_dags/example_dataset_alias.py
[2024-10-13T07:28:59.063+0000] {logging_mixin.py:190} INFO - [2024-10-13T07:28:59.063+0000] {dag.py:3239} INFO - Sync 4 DAGs
[2024-10-13T07:28:59.080+0000] {logging_mixin.py:190} INFO - [2024-10-13T07:28:59.080+0000] {dag.py:4180} INFO - Setting next_dagrun for dataset_alias_example_alias_consumer to None, run_after=None
[2024-10-13T07:28:59.081+0000] {logging_mixin.py:190} INFO - [2024-10-13T07:28:59.081+0000] {dag.py:4180} INFO - Setting next_dagrun for dataset_alias_example_alias_producer to None, run_after=None
[2024-10-13T07:28:59.082+0000] {logging_mixin.py:190} INFO - [2024-10-13T07:28:59.082+0000] {dag.py:4180} INFO - Setting next_dagrun for dataset_s3_bucket_consumer to None, run_after=None
[2024-10-13T07:28:59.082+0000] {logging_mixin.py:190} INFO - [2024-10-13T07:28:59.082+0000] {dag.py:4180} INFO - Setting next_dagrun for dataset_s3_bucket_producer to None, run_after=None
[2024-10-13T07:28:59.104+0000] {processor.py:208} INFO - Processing /home/vboxuser/airflow_venv/lib/python3.12/site-packages/airflow/example_dags/example_dataset_alias.py took 0.085 seconds
[2024-10-13T07:29:54.168+0000] {processor.py:186} INFO - Started process (PID=16234) to work on /home/vboxuser/airflow_venv/lib/python3.12/site-packages/airflow/example_dags/example_dataset_alias.py
[2024-10-13T07:29:54.219+0000] {processor.py:914} INFO - Processing file /home/vboxuser/airflow_venv/lib/python3.12/site-packages/airflow/example_dags/example_dataset_alias.py for tasks to queue
[2024-10-13T07:29:54.232+0000] {logging_mixin.py:190} INFO - [2024-10-13T07:29:54.230+0000] {dagbag.py:588} INFO - Filling up the DagBag from /home/vboxuser/airflow_venv/lib/python3.12/site-packages/airflow/example_dags/example_dataset_alias.py
[2024-10-13T07:29:54.286+0000] {processor.py:925} INFO - DAG(s) 'dataset_s3_bucket_consumer', 'dataset_alias_example_alias_producer', 'dataset_alias_example_alias_consumer', 'dataset_s3_bucket_producer' retrieved from /home/vboxuser/airflow_venv/lib/python3.12/site-packages/airflow/example_dags/example_dataset_alias.py
[2024-10-13T07:29:54.355+0000] {logging_mixin.py:190} INFO - [2024-10-13T07:29:54.352+0000] {dag.py:3239} INFO - Sync 4 DAGs
[2024-10-13T07:29:54.453+0000] {logging_mixin.py:190} INFO - [2024-10-13T07:29:54.452+0000] {dag.py:4180} INFO - Setting next_dagrun for dataset_alias_example_alias_consumer to None, run_after=None
[2024-10-13T07:29:54.464+0000] {logging_mixin.py:190} INFO - [2024-10-13T07:29:54.464+0000] {dag.py:4180} INFO - Setting next_dagrun for dataset_alias_example_alias_producer to None, run_after=None
[2024-10-13T07:29:54.467+0000] {logging_mixin.py:190} INFO - [2024-10-13T07:29:54.467+0000] {dag.py:4180} INFO - Setting next_dagrun for dataset_s3_bucket_consumer to None, run_after=None
[2024-10-13T07:29:54.471+0000] {logging_mixin.py:190} INFO - [2024-10-13T07:29:54.469+0000] {dag.py:4180} INFO - Setting next_dagrun for dataset_s3_bucket_producer to None, run_after=None
[2024-10-13T07:29:54.580+0000] {processor.py:208} INFO - Processing /home/vboxuser/airflow_venv/lib/python3.12/site-packages/airflow/example_dags/example_dataset_alias.py took 0.427 seconds
[2024-10-13T07:31:01.983+0000] {processor.py:186} INFO - Started process (PID=16349) to work on /home/vboxuser/airflow_venv/lib/python3.12/site-packages/airflow/example_dags/example_dataset_alias.py
[2024-10-13T07:31:01.986+0000] {processor.py:914} INFO - Processing file /home/vboxuser/airflow_venv/lib/python3.12/site-packages/airflow/example_dags/example_dataset_alias.py for tasks to queue
[2024-10-13T07:31:01.988+0000] {logging_mixin.py:190} INFO - [2024-10-13T07:31:01.988+0000] {dagbag.py:588} INFO - Filling up the DagBag from /home/vboxuser/airflow_venv/lib/python3.12/site-packages/airflow/example_dags/example_dataset_alias.py
[2024-10-13T07:31:02.017+0000] {processor.py:925} INFO - DAG(s) 'dataset_s3_bucket_producer', 'dataset_s3_bucket_consumer', 'dataset_alias_example_alias_consumer', 'dataset_alias_example_alias_producer' retrieved from /home/vboxuser/airflow_venv/lib/python3.12/site-packages/airflow/example_dags/example_dataset_alias.py
[2024-10-13T07:31:02.037+0000] {logging_mixin.py:190} INFO - [2024-10-13T07:31:02.037+0000] {dag.py:3239} INFO - Sync 4 DAGs
[2024-10-13T07:31:02.060+0000] {logging_mixin.py:190} INFO - [2024-10-13T07:31:02.060+0000] {dag.py:4180} INFO - Setting next_dagrun for dataset_alias_example_alias_consumer to None, run_after=None
[2024-10-13T07:31:02.063+0000] {logging_mixin.py:190} INFO - [2024-10-13T07:31:02.062+0000] {dag.py:4180} INFO - Setting next_dagrun for dataset_alias_example_alias_producer to None, run_after=None
[2024-10-13T07:31:02.063+0000] {logging_mixin.py:190} INFO - [2024-10-13T07:31:02.063+0000] {dag.py:4180} INFO - Setting next_dagrun for dataset_s3_bucket_consumer to None, run_after=None
[2024-10-13T07:31:02.064+0000] {logging_mixin.py:190} INFO - [2024-10-13T07:31:02.064+0000] {dag.py:4180} INFO - Setting next_dagrun for dataset_s3_bucket_producer to None, run_after=None
[2024-10-13T07:31:02.098+0000] {processor.py:208} INFO - Processing /home/vboxuser/airflow_venv/lib/python3.12/site-packages/airflow/example_dags/example_dataset_alias.py took 0.123 seconds
[2024-10-13T07:32:13.784+0000] {processor.py:186} INFO - Started process (PID=16475) to work on /home/vboxuser/airflow_venv/lib/python3.12/site-packages/airflow/example_dags/example_dataset_alias.py
[2024-10-13T07:32:13.789+0000] {processor.py:914} INFO - Processing file /home/vboxuser/airflow_venv/lib/python3.12/site-packages/airflow/example_dags/example_dataset_alias.py for tasks to queue
[2024-10-13T07:32:13.791+0000] {logging_mixin.py:190} INFO - [2024-10-13T07:32:13.790+0000] {dagbag.py:588} INFO - Filling up the DagBag from /home/vboxuser/airflow_venv/lib/python3.12/site-packages/airflow/example_dags/example_dataset_alias.py
[2024-10-13T07:32:13.808+0000] {processor.py:925} INFO - DAG(s) 'dataset_s3_bucket_producer', 'dataset_alias_example_alias_consumer', 'dataset_s3_bucket_consumer', 'dataset_alias_example_alias_producer' retrieved from /home/vboxuser/airflow_venv/lib/python3.12/site-packages/airflow/example_dags/example_dataset_alias.py
[2024-10-13T07:32:13.820+0000] {logging_mixin.py:190} INFO - [2024-10-13T07:32:13.820+0000] {dag.py:3239} INFO - Sync 4 DAGs
[2024-10-13T07:32:13.832+0000] {logging_mixin.py:190} INFO - [2024-10-13T07:32:13.832+0000] {dag.py:4180} INFO - Setting next_dagrun for dataset_alias_example_alias_consumer to None, run_after=None
[2024-10-13T07:32:13.833+0000] {logging_mixin.py:190} INFO - [2024-10-13T07:32:13.833+0000] {dag.py:4180} INFO - Setting next_dagrun for dataset_alias_example_alias_producer to None, run_after=None
[2024-10-13T07:32:13.834+0000] {logging_mixin.py:190} INFO - [2024-10-13T07:32:13.833+0000] {dag.py:4180} INFO - Setting next_dagrun for dataset_s3_bucket_consumer to None, run_after=None
[2024-10-13T07:32:13.834+0000] {logging_mixin.py:190} INFO - [2024-10-13T07:32:13.834+0000] {dag.py:4180} INFO - Setting next_dagrun for dataset_s3_bucket_producer to None, run_after=None
[2024-10-13T07:32:13.856+0000] {processor.py:208} INFO - Processing /home/vboxuser/airflow_venv/lib/python3.12/site-packages/airflow/example_dags/example_dataset_alias.py took 0.076 seconds
[2024-10-13T07:33:15.696+0000] {processor.py:186} INFO - Started process (PID=16695) to work on /home/vboxuser/airflow_venv/lib/python3.12/site-packages/airflow/example_dags/example_dataset_alias.py
[2024-10-13T07:33:15.699+0000] {processor.py:914} INFO - Processing file /home/vboxuser/airflow_venv/lib/python3.12/site-packages/airflow/example_dags/example_dataset_alias.py for tasks to queue
[2024-10-13T07:33:15.702+0000] {logging_mixin.py:190} INFO - [2024-10-13T07:33:15.701+0000] {dagbag.py:588} INFO - Filling up the DagBag from /home/vboxuser/airflow_venv/lib/python3.12/site-packages/airflow/example_dags/example_dataset_alias.py
[2024-10-13T07:33:15.729+0000] {processor.py:925} INFO - DAG(s) 'dataset_s3_bucket_consumer', 'dataset_alias_example_alias_producer', 'dataset_alias_example_alias_consumer', 'dataset_s3_bucket_producer' retrieved from /home/vboxuser/airflow_venv/lib/python3.12/site-packages/airflow/example_dags/example_dataset_alias.py
[2024-10-13T07:33:15.742+0000] {logging_mixin.py:190} INFO - [2024-10-13T07:33:15.742+0000] {dag.py:3239} INFO - Sync 4 DAGs
[2024-10-13T07:33:15.773+0000] {logging_mixin.py:190} INFO - [2024-10-13T07:33:15.765+0000] {dag.py:4180} INFO - Setting next_dagrun for dataset_alias_example_alias_consumer to None, run_after=None
[2024-10-13T07:33:15.784+0000] {logging_mixin.py:190} INFO - [2024-10-13T07:33:15.784+0000] {dag.py:4180} INFO - Setting next_dagrun for dataset_alias_example_alias_producer to None, run_after=None
[2024-10-13T07:33:15.786+0000] {logging_mixin.py:190} INFO - [2024-10-13T07:33:15.786+0000] {dag.py:4180} INFO - Setting next_dagrun for dataset_s3_bucket_consumer to None, run_after=None
[2024-10-13T07:33:15.787+0000] {logging_mixin.py:190} INFO - [2024-10-13T07:33:15.787+0000] {dag.py:4180} INFO - Setting next_dagrun for dataset_s3_bucket_producer to None, run_after=None
[2024-10-13T07:33:15.887+0000] {processor.py:208} INFO - Processing /home/vboxuser/airflow_venv/lib/python3.12/site-packages/airflow/example_dags/example_dataset_alias.py took 0.195 seconds
[2024-10-13T07:34:11.446+0000] {processor.py:186} INFO - Started process (PID=16903) to work on /home/vboxuser/airflow_venv/lib/python3.12/site-packages/airflow/example_dags/example_dataset_alias.py
[2024-10-13T07:34:11.449+0000] {processor.py:914} INFO - Processing file /home/vboxuser/airflow_venv/lib/python3.12/site-packages/airflow/example_dags/example_dataset_alias.py for tasks to queue
[2024-10-13T07:34:11.454+0000] {logging_mixin.py:190} INFO - [2024-10-13T07:34:11.451+0000] {dagbag.py:588} INFO - Filling up the DagBag from /home/vboxuser/airflow_venv/lib/python3.12/site-packages/airflow/example_dags/example_dataset_alias.py
[2024-10-13T07:34:11.514+0000] {processor.py:925} INFO - DAG(s) 'dataset_s3_bucket_producer', 'dataset_alias_example_alias_consumer', 'dataset_s3_bucket_consumer', 'dataset_alias_example_alias_producer' retrieved from /home/vboxuser/airflow_venv/lib/python3.12/site-packages/airflow/example_dags/example_dataset_alias.py
[2024-10-13T07:34:11.532+0000] {logging_mixin.py:190} INFO - [2024-10-13T07:34:11.532+0000] {dag.py:3239} INFO - Sync 4 DAGs
[2024-10-13T07:34:11.547+0000] {logging_mixin.py:190} INFO - [2024-10-13T07:34:11.547+0000] {dag.py:4180} INFO - Setting next_dagrun for dataset_alias_example_alias_consumer to None, run_after=None
[2024-10-13T07:34:11.548+0000] {logging_mixin.py:190} INFO - [2024-10-13T07:34:11.548+0000] {dag.py:4180} INFO - Setting next_dagrun for dataset_alias_example_alias_producer to None, run_after=None
[2024-10-13T07:34:11.549+0000] {logging_mixin.py:190} INFO - [2024-10-13T07:34:11.549+0000] {dag.py:4180} INFO - Setting next_dagrun for dataset_s3_bucket_consumer to None, run_after=None
[2024-10-13T07:34:11.550+0000] {logging_mixin.py:190} INFO - [2024-10-13T07:34:11.550+0000] {dag.py:4180} INFO - Setting next_dagrun for dataset_s3_bucket_producer to None, run_after=None
[2024-10-13T07:34:11.571+0000] {processor.py:208} INFO - Processing /home/vboxuser/airflow_venv/lib/python3.12/site-packages/airflow/example_dags/example_dataset_alias.py took 0.132 seconds
[2024-10-13T07:35:04.127+0000] {processor.py:186} INFO - Started process (PID=16971) to work on /home/vboxuser/airflow_venv/lib/python3.12/site-packages/airflow/example_dags/example_dataset_alias.py
[2024-10-13T07:35:04.129+0000] {processor.py:914} INFO - Processing file /home/vboxuser/airflow_venv/lib/python3.12/site-packages/airflow/example_dags/example_dataset_alias.py for tasks to queue
[2024-10-13T07:35:04.132+0000] {logging_mixin.py:190} INFO - [2024-10-13T07:35:04.131+0000] {dagbag.py:588} INFO - Filling up the DagBag from /home/vboxuser/airflow_venv/lib/python3.12/site-packages/airflow/example_dags/example_dataset_alias.py
[2024-10-13T07:35:04.159+0000] {processor.py:925} INFO - DAG(s) 'dataset_alias_example_alias_producer', 'dataset_alias_example_alias_consumer', 'dataset_s3_bucket_consumer', 'dataset_s3_bucket_producer' retrieved from /home/vboxuser/airflow_venv/lib/python3.12/site-packages/airflow/example_dags/example_dataset_alias.py
[2024-10-13T07:35:04.175+0000] {logging_mixin.py:190} INFO - [2024-10-13T07:35:04.175+0000] {dag.py:3239} INFO - Sync 4 DAGs
[2024-10-13T07:35:04.192+0000] {logging_mixin.py:190} INFO - [2024-10-13T07:35:04.192+0000] {dag.py:4180} INFO - Setting next_dagrun for dataset_alias_example_alias_consumer to None, run_after=None
[2024-10-13T07:35:04.193+0000] {logging_mixin.py:190} INFO - [2024-10-13T07:35:04.193+0000] {dag.py:4180} INFO - Setting next_dagrun for dataset_alias_example_alias_producer to None, run_after=None
[2024-10-13T07:35:04.194+0000] {logging_mixin.py:190} INFO - [2024-10-13T07:35:04.194+0000] {dag.py:4180} INFO - Setting next_dagrun for dataset_s3_bucket_consumer to None, run_after=None
[2024-10-13T07:35:04.195+0000] {logging_mixin.py:190} INFO - [2024-10-13T07:35:04.195+0000] {dag.py:4180} INFO - Setting next_dagrun for dataset_s3_bucket_producer to None, run_after=None
[2024-10-13T07:35:04.225+0000] {processor.py:208} INFO - Processing /home/vboxuser/airflow_venv/lib/python3.12/site-packages/airflow/example_dags/example_dataset_alias.py took 0.103 seconds
[2024-10-13T07:35:56.681+0000] {processor.py:186} INFO - Started process (PID=17037) to work on /home/vboxuser/airflow_venv/lib/python3.12/site-packages/airflow/example_dags/example_dataset_alias.py
[2024-10-13T07:35:56.685+0000] {processor.py:914} INFO - Processing file /home/vboxuser/airflow_venv/lib/python3.12/site-packages/airflow/example_dags/example_dataset_alias.py for tasks to queue
[2024-10-13T07:35:56.687+0000] {logging_mixin.py:190} INFO - [2024-10-13T07:35:56.687+0000] {dagbag.py:588} INFO - Filling up the DagBag from /home/vboxuser/airflow_venv/lib/python3.12/site-packages/airflow/example_dags/example_dataset_alias.py
[2024-10-13T07:35:56.704+0000] {processor.py:925} INFO - DAG(s) 'dataset_alias_example_alias_producer', 'dataset_alias_example_alias_consumer', 'dataset_s3_bucket_producer', 'dataset_s3_bucket_consumer' retrieved from /home/vboxuser/airflow_venv/lib/python3.12/site-packages/airflow/example_dags/example_dataset_alias.py
[2024-10-13T07:35:56.715+0000] {logging_mixin.py:190} INFO - [2024-10-13T07:35:56.715+0000] {dag.py:3239} INFO - Sync 4 DAGs
[2024-10-13T07:35:56.727+0000] {logging_mixin.py:190} INFO - [2024-10-13T07:35:56.727+0000] {dag.py:4180} INFO - Setting next_dagrun for dataset_alias_example_alias_consumer to None, run_after=None
[2024-10-13T07:35:56.728+0000] {logging_mixin.py:190} INFO - [2024-10-13T07:35:56.728+0000] {dag.py:4180} INFO - Setting next_dagrun for dataset_alias_example_alias_producer to None, run_after=None
[2024-10-13T07:35:56.729+0000] {logging_mixin.py:190} INFO - [2024-10-13T07:35:56.729+0000] {dag.py:4180} INFO - Setting next_dagrun for dataset_s3_bucket_consumer to None, run_after=None
[2024-10-13T07:35:56.729+0000] {logging_mixin.py:190} INFO - [2024-10-13T07:35:56.729+0000] {dag.py:4180} INFO - Setting next_dagrun for dataset_s3_bucket_producer to None, run_after=None
[2024-10-13T07:35:56.750+0000] {processor.py:208} INFO - Processing /home/vboxuser/airflow_venv/lib/python3.12/site-packages/airflow/example_dags/example_dataset_alias.py took 0.073 seconds
[2024-10-13T07:36:46.150+0000] {processor.py:186} INFO - Started process (PID=17094) to work on /home/vboxuser/airflow_venv/lib/python3.12/site-packages/airflow/example_dags/example_dataset_alias.py
[2024-10-13T07:36:46.152+0000] {processor.py:914} INFO - Processing file /home/vboxuser/airflow_venv/lib/python3.12/site-packages/airflow/example_dags/example_dataset_alias.py for tasks to queue
[2024-10-13T07:36:46.154+0000] {logging_mixin.py:190} INFO - [2024-10-13T07:36:46.153+0000] {dagbag.py:588} INFO - Filling up the DagBag from /home/vboxuser/airflow_venv/lib/python3.12/site-packages/airflow/example_dags/example_dataset_alias.py
[2024-10-13T07:36:46.172+0000] {processor.py:925} INFO - DAG(s) 'dataset_alias_example_alias_producer', 'dataset_s3_bucket_consumer', 'dataset_s3_bucket_producer', 'dataset_alias_example_alias_consumer' retrieved from /home/vboxuser/airflow_venv/lib/python3.12/site-packages/airflow/example_dags/example_dataset_alias.py
[2024-10-13T07:36:46.185+0000] {logging_mixin.py:190} INFO - [2024-10-13T07:36:46.185+0000] {dag.py:3239} INFO - Sync 4 DAGs
[2024-10-13T07:36:46.198+0000] {logging_mixin.py:190} INFO - [2024-10-13T07:36:46.197+0000] {dag.py:4180} INFO - Setting next_dagrun for dataset_alias_example_alias_consumer to None, run_after=None
[2024-10-13T07:36:46.199+0000] {logging_mixin.py:190} INFO - [2024-10-13T07:36:46.199+0000] {dag.py:4180} INFO - Setting next_dagrun for dataset_alias_example_alias_producer to None, run_after=None
[2024-10-13T07:36:46.199+0000] {logging_mixin.py:190} INFO - [2024-10-13T07:36:46.199+0000] {dag.py:4180} INFO - Setting next_dagrun for dataset_s3_bucket_consumer to None, run_after=None
[2024-10-13T07:36:46.200+0000] {logging_mixin.py:190} INFO - [2024-10-13T07:36:46.200+0000] {dag.py:4180} INFO - Setting next_dagrun for dataset_s3_bucket_producer to None, run_after=None
[2024-10-13T07:36:46.221+0000] {processor.py:208} INFO - Processing /home/vboxuser/airflow_venv/lib/python3.12/site-packages/airflow/example_dags/example_dataset_alias.py took 0.076 seconds
[2024-10-13T07:37:36.983+0000] {processor.py:186} INFO - Started process (PID=17152) to work on /home/vboxuser/airflow_venv/lib/python3.12/site-packages/airflow/example_dags/example_dataset_alias.py
[2024-10-13T07:37:36.987+0000] {processor.py:914} INFO - Processing file /home/vboxuser/airflow_venv/lib/python3.12/site-packages/airflow/example_dags/example_dataset_alias.py for tasks to queue
[2024-10-13T07:37:36.990+0000] {logging_mixin.py:190} INFO - [2024-10-13T07:37:36.989+0000] {dagbag.py:588} INFO - Filling up the DagBag from /home/vboxuser/airflow_venv/lib/python3.12/site-packages/airflow/example_dags/example_dataset_alias.py
[2024-10-13T07:37:37.009+0000] {processor.py:925} INFO - DAG(s) 'dataset_alias_example_alias_producer', 'dataset_s3_bucket_consumer', 'dataset_alias_example_alias_consumer', 'dataset_s3_bucket_producer' retrieved from /home/vboxuser/airflow_venv/lib/python3.12/site-packages/airflow/example_dags/example_dataset_alias.py
[2024-10-13T07:37:37.021+0000] {logging_mixin.py:190} INFO - [2024-10-13T07:37:37.021+0000] {dag.py:3239} INFO - Sync 4 DAGs
[2024-10-13T07:37:37.034+0000] {logging_mixin.py:190} INFO - [2024-10-13T07:37:37.034+0000] {dag.py:4180} INFO - Setting next_dagrun for dataset_alias_example_alias_consumer to None, run_after=None
[2024-10-13T07:37:37.035+0000] {logging_mixin.py:190} INFO - [2024-10-13T07:37:37.035+0000] {dag.py:4180} INFO - Setting next_dagrun for dataset_alias_example_alias_producer to None, run_after=None
[2024-10-13T07:37:37.036+0000] {logging_mixin.py:190} INFO - [2024-10-13T07:37:37.036+0000] {dag.py:4180} INFO - Setting next_dagrun for dataset_s3_bucket_consumer to None, run_after=None
[2024-10-13T07:37:37.036+0000] {logging_mixin.py:190} INFO - [2024-10-13T07:37:37.036+0000] {dag.py:4180} INFO - Setting next_dagrun for dataset_s3_bucket_producer to None, run_after=None
[2024-10-13T07:37:37.059+0000] {processor.py:208} INFO - Processing /home/vboxuser/airflow_venv/lib/python3.12/site-packages/airflow/example_dags/example_dataset_alias.py took 0.081 seconds
[2024-10-13T07:38:28.395+0000] {processor.py:186} INFO - Started process (PID=17236) to work on /home/vboxuser/airflow_venv/lib/python3.12/site-packages/airflow/example_dags/example_dataset_alias.py
[2024-10-13T07:38:28.398+0000] {processor.py:914} INFO - Processing file /home/vboxuser/airflow_venv/lib/python3.12/site-packages/airflow/example_dags/example_dataset_alias.py for tasks to queue
[2024-10-13T07:38:28.400+0000] {logging_mixin.py:190} INFO - [2024-10-13T07:38:28.400+0000] {dagbag.py:588} INFO - Filling up the DagBag from /home/vboxuser/airflow_venv/lib/python3.12/site-packages/airflow/example_dags/example_dataset_alias.py
[2024-10-13T07:38:28.420+0000] {processor.py:925} INFO - DAG(s) 'dataset_alias_example_alias_producer', 'dataset_s3_bucket_consumer', 'dataset_s3_bucket_producer', 'dataset_alias_example_alias_consumer' retrieved from /home/vboxuser/airflow_venv/lib/python3.12/site-packages/airflow/example_dags/example_dataset_alias.py
[2024-10-13T07:38:28.432+0000] {logging_mixin.py:190} INFO - [2024-10-13T07:38:28.431+0000] {dag.py:3239} INFO - Sync 4 DAGs
[2024-10-13T07:38:28.445+0000] {logging_mixin.py:190} INFO - [2024-10-13T07:38:28.445+0000] {dag.py:4180} INFO - Setting next_dagrun for dataset_alias_example_alias_consumer to None, run_after=None
[2024-10-13T07:38:28.447+0000] {logging_mixin.py:190} INFO - [2024-10-13T07:38:28.446+0000] {dag.py:4180} INFO - Setting next_dagrun for dataset_alias_example_alias_producer to None, run_after=None
[2024-10-13T07:38:28.447+0000] {logging_mixin.py:190} INFO - [2024-10-13T07:38:28.447+0000] {dag.py:4180} INFO - Setting next_dagrun for dataset_s3_bucket_consumer to None, run_after=None
[2024-10-13T07:38:28.448+0000] {logging_mixin.py:190} INFO - [2024-10-13T07:38:28.448+0000] {dag.py:4180} INFO - Setting next_dagrun for dataset_s3_bucket_producer to None, run_after=None
[2024-10-13T07:38:28.471+0000] {processor.py:208} INFO - Processing /home/vboxuser/airflow_venv/lib/python3.12/site-packages/airflow/example_dags/example_dataset_alias.py took 0.080 seconds
[2024-10-13T07:39:16.973+0000] {processor.py:186} INFO - Started process (PID=17312) to work on /home/vboxuser/airflow_venv/lib/python3.12/site-packages/airflow/example_dags/example_dataset_alias.py
[2024-10-13T07:39:16.974+0000] {processor.py:914} INFO - Processing file /home/vboxuser/airflow_venv/lib/python3.12/site-packages/airflow/example_dags/example_dataset_alias.py for tasks to queue
[2024-10-13T07:39:16.976+0000] {logging_mixin.py:190} INFO - [2024-10-13T07:39:16.975+0000] {dagbag.py:588} INFO - Filling up the DagBag from /home/vboxuser/airflow_venv/lib/python3.12/site-packages/airflow/example_dags/example_dataset_alias.py
[2024-10-13T07:39:16.994+0000] {processor.py:925} INFO - DAG(s) 'dataset_alias_example_alias_consumer', 'dataset_s3_bucket_producer', 'dataset_alias_example_alias_producer', 'dataset_s3_bucket_consumer' retrieved from /home/vboxuser/airflow_venv/lib/python3.12/site-packages/airflow/example_dags/example_dataset_alias.py
[2024-10-13T07:39:17.007+0000] {logging_mixin.py:190} INFO - [2024-10-13T07:39:17.007+0000] {dag.py:3239} INFO - Sync 4 DAGs
[2024-10-13T07:39:17.020+0000] {logging_mixin.py:190} INFO - [2024-10-13T07:39:17.019+0000] {dag.py:4180} INFO - Setting next_dagrun for dataset_alias_example_alias_consumer to None, run_after=None
[2024-10-13T07:39:17.021+0000] {logging_mixin.py:190} INFO - [2024-10-13T07:39:17.021+0000] {dag.py:4180} INFO - Setting next_dagrun for dataset_alias_example_alias_producer to None, run_after=None
[2024-10-13T07:39:17.021+0000] {logging_mixin.py:190} INFO - [2024-10-13T07:39:17.021+0000] {dag.py:4180} INFO - Setting next_dagrun for dataset_s3_bucket_consumer to None, run_after=None
[2024-10-13T07:39:17.022+0000] {logging_mixin.py:190} INFO - [2024-10-13T07:39:17.022+0000] {dag.py:4180} INFO - Setting next_dagrun for dataset_s3_bucket_producer to None, run_after=None
[2024-10-13T07:39:17.049+0000] {processor.py:208} INFO - Processing /home/vboxuser/airflow_venv/lib/python3.12/site-packages/airflow/example_dags/example_dataset_alias.py took 0.081 seconds
[2024-10-13T07:40:08.817+0000] {processor.py:186} INFO - Started process (PID=17415) to work on /home/vboxuser/airflow_venv/lib/python3.12/site-packages/airflow/example_dags/example_dataset_alias.py
[2024-10-13T07:40:08.819+0000] {processor.py:914} INFO - Processing file /home/vboxuser/airflow_venv/lib/python3.12/site-packages/airflow/example_dags/example_dataset_alias.py for tasks to queue
[2024-10-13T07:40:08.820+0000] {logging_mixin.py:190} INFO - [2024-10-13T07:40:08.820+0000] {dagbag.py:588} INFO - Filling up the DagBag from /home/vboxuser/airflow_venv/lib/python3.12/site-packages/airflow/example_dags/example_dataset_alias.py
[2024-10-13T07:40:08.842+0000] {processor.py:925} INFO - DAG(s) 'dataset_s3_bucket_consumer', 'dataset_s3_bucket_producer', 'dataset_alias_example_alias_consumer', 'dataset_alias_example_alias_producer' retrieved from /home/vboxuser/airflow_venv/lib/python3.12/site-packages/airflow/example_dags/example_dataset_alias.py
[2024-10-13T07:40:08.860+0000] {logging_mixin.py:190} INFO - [2024-10-13T07:40:08.860+0000] {dag.py:3239} INFO - Sync 4 DAGs
[2024-10-13T07:40:08.880+0000] {logging_mixin.py:190} INFO - [2024-10-13T07:40:08.880+0000] {dag.py:4180} INFO - Setting next_dagrun for dataset_alias_example_alias_consumer to None, run_after=None
[2024-10-13T07:40:08.882+0000] {logging_mixin.py:190} INFO - [2024-10-13T07:40:08.882+0000] {dag.py:4180} INFO - Setting next_dagrun for dataset_alias_example_alias_producer to None, run_after=None
[2024-10-13T07:40:08.882+0000] {logging_mixin.py:190} INFO - [2024-10-13T07:40:08.882+0000] {dag.py:4180} INFO - Setting next_dagrun for dataset_s3_bucket_consumer to None, run_after=None
[2024-10-13T07:40:08.883+0000] {logging_mixin.py:190} INFO - [2024-10-13T07:40:08.883+0000] {dag.py:4180} INFO - Setting next_dagrun for dataset_s3_bucket_producer to None, run_after=None
[2024-10-13T07:40:08.910+0000] {processor.py:208} INFO - Processing /home/vboxuser/airflow_venv/lib/python3.12/site-packages/airflow/example_dags/example_dataset_alias.py took 0.097 seconds
[2024-10-13T07:40:58.687+0000] {processor.py:186} INFO - Started process (PID=17474) to work on /home/vboxuser/airflow_venv/lib/python3.12/site-packages/airflow/example_dags/example_dataset_alias.py
[2024-10-13T07:40:58.697+0000] {processor.py:914} INFO - Processing file /home/vboxuser/airflow_venv/lib/python3.12/site-packages/airflow/example_dags/example_dataset_alias.py for tasks to queue
[2024-10-13T07:40:58.700+0000] {logging_mixin.py:190} INFO - [2024-10-13T07:40:58.700+0000] {dagbag.py:588} INFO - Filling up the DagBag from /home/vboxuser/airflow_venv/lib/python3.12/site-packages/airflow/example_dags/example_dataset_alias.py
[2024-10-13T07:40:58.743+0000] {processor.py:925} INFO - DAG(s) 'dataset_alias_example_alias_producer', 'dataset_alias_example_alias_consumer', 'dataset_s3_bucket_producer', 'dataset_s3_bucket_consumer' retrieved from /home/vboxuser/airflow_venv/lib/python3.12/site-packages/airflow/example_dags/example_dataset_alias.py
[2024-10-13T07:40:58.775+0000] {logging_mixin.py:190} INFO - [2024-10-13T07:40:58.775+0000] {dag.py:3239} INFO - Sync 4 DAGs
[2024-10-13T07:40:58.795+0000] {logging_mixin.py:190} INFO - [2024-10-13T07:40:58.795+0000] {dag.py:4180} INFO - Setting next_dagrun for dataset_alias_example_alias_consumer to None, run_after=None
[2024-10-13T07:40:58.799+0000] {logging_mixin.py:190} INFO - [2024-10-13T07:40:58.799+0000] {dag.py:4180} INFO - Setting next_dagrun for dataset_alias_example_alias_producer to None, run_after=None
[2024-10-13T07:40:58.800+0000] {logging_mixin.py:190} INFO - [2024-10-13T07:40:58.800+0000] {dag.py:4180} INFO - Setting next_dagrun for dataset_s3_bucket_consumer to None, run_after=None
[2024-10-13T07:40:58.801+0000] {logging_mixin.py:190} INFO - [2024-10-13T07:40:58.801+0000] {dag.py:4180} INFO - Setting next_dagrun for dataset_s3_bucket_producer to None, run_after=None
[2024-10-13T07:40:58.847+0000] {processor.py:208} INFO - Processing /home/vboxuser/airflow_venv/lib/python3.12/site-packages/airflow/example_dags/example_dataset_alias.py took 0.166 seconds
[2024-10-13T07:41:49.029+0000] {processor.py:186} INFO - Started process (PID=17533) to work on /home/vboxuser/airflow_venv/lib/python3.12/site-packages/airflow/example_dags/example_dataset_alias.py
[2024-10-13T07:41:49.031+0000] {processor.py:914} INFO - Processing file /home/vboxuser/airflow_venv/lib/python3.12/site-packages/airflow/example_dags/example_dataset_alias.py for tasks to queue
[2024-10-13T07:41:49.033+0000] {logging_mixin.py:190} INFO - [2024-10-13T07:41:49.033+0000] {dagbag.py:588} INFO - Filling up the DagBag from /home/vboxuser/airflow_venv/lib/python3.12/site-packages/airflow/example_dags/example_dataset_alias.py
[2024-10-13T07:41:49.052+0000] {processor.py:925} INFO - DAG(s) 'dataset_alias_example_alias_consumer', 'dataset_s3_bucket_consumer', 'dataset_s3_bucket_producer', 'dataset_alias_example_alias_producer' retrieved from /home/vboxuser/airflow_venv/lib/python3.12/site-packages/airflow/example_dags/example_dataset_alias.py
[2024-10-13T07:41:49.064+0000] {logging_mixin.py:190} INFO - [2024-10-13T07:41:49.064+0000] {dag.py:3239} INFO - Sync 4 DAGs
[2024-10-13T07:41:49.078+0000] {logging_mixin.py:190} INFO - [2024-10-13T07:41:49.078+0000] {dag.py:4180} INFO - Setting next_dagrun for dataset_alias_example_alias_consumer to None, run_after=None
[2024-10-13T07:41:49.080+0000] {logging_mixin.py:190} INFO - [2024-10-13T07:41:49.080+0000] {dag.py:4180} INFO - Setting next_dagrun for dataset_alias_example_alias_producer to None, run_after=None
[2024-10-13T07:41:49.080+0000] {logging_mixin.py:190} INFO - [2024-10-13T07:41:49.080+0000] {dag.py:4180} INFO - Setting next_dagrun for dataset_s3_bucket_consumer to None, run_after=None
[2024-10-13T07:41:49.081+0000] {logging_mixin.py:190} INFO - [2024-10-13T07:41:49.081+0000] {dag.py:4180} INFO - Setting next_dagrun for dataset_s3_bucket_producer to None, run_after=None
[2024-10-13T07:41:49.101+0000] {processor.py:208} INFO - Processing /home/vboxuser/airflow_venv/lib/python3.12/site-packages/airflow/example_dags/example_dataset_alias.py took 0.076 seconds
[2024-10-13T07:42:39.735+0000] {processor.py:186} INFO - Started process (PID=17594) to work on /home/vboxuser/airflow_venv/lib/python3.12/site-packages/airflow/example_dags/example_dataset_alias.py
[2024-10-13T07:42:39.739+0000] {processor.py:914} INFO - Processing file /home/vboxuser/airflow_venv/lib/python3.12/site-packages/airflow/example_dags/example_dataset_alias.py for tasks to queue
[2024-10-13T07:42:39.740+0000] {logging_mixin.py:190} INFO - [2024-10-13T07:42:39.740+0000] {dagbag.py:588} INFO - Filling up the DagBag from /home/vboxuser/airflow_venv/lib/python3.12/site-packages/airflow/example_dags/example_dataset_alias.py
[2024-10-13T07:42:39.756+0000] {processor.py:925} INFO - DAG(s) 'dataset_s3_bucket_consumer', 'dataset_alias_example_alias_producer', 'dataset_s3_bucket_producer', 'dataset_alias_example_alias_consumer' retrieved from /home/vboxuser/airflow_venv/lib/python3.12/site-packages/airflow/example_dags/example_dataset_alias.py
[2024-10-13T07:42:39.768+0000] {logging_mixin.py:190} INFO - [2024-10-13T07:42:39.768+0000] {dag.py:3239} INFO - Sync 4 DAGs
[2024-10-13T07:42:39.780+0000] {logging_mixin.py:190} INFO - [2024-10-13T07:42:39.780+0000] {dag.py:4180} INFO - Setting next_dagrun for dataset_alias_example_alias_consumer to None, run_after=None
[2024-10-13T07:42:39.782+0000] {logging_mixin.py:190} INFO - [2024-10-13T07:42:39.781+0000] {dag.py:4180} INFO - Setting next_dagrun for dataset_alias_example_alias_producer to None, run_after=None
[2024-10-13T07:42:39.782+0000] {logging_mixin.py:190} INFO - [2024-10-13T07:42:39.782+0000] {dag.py:4180} INFO - Setting next_dagrun for dataset_s3_bucket_consumer to None, run_after=None
[2024-10-13T07:42:39.783+0000] {logging_mixin.py:190} INFO - [2024-10-13T07:42:39.783+0000] {dag.py:4180} INFO - Setting next_dagrun for dataset_s3_bucket_producer to None, run_after=None
[2024-10-13T07:42:39.805+0000] {processor.py:208} INFO - Processing /home/vboxuser/airflow_venv/lib/python3.12/site-packages/airflow/example_dags/example_dataset_alias.py took 0.074 seconds
