[2024-10-13T07:29:06.524+0000] {processor.py:186} INFO - Started process (PID=16127) to work on /home/vboxuser/airflow_venv/lib/python3.12/site-packages/airflow/example_dags/tutorial_taskflow_api.py
[2024-10-13T07:29:06.524+0000] {processor.py:914} INFO - Processing file /home/vboxuser/airflow_venv/lib/python3.12/site-packages/airflow/example_dags/tutorial_taskflow_api.py for tasks to queue
[2024-10-13T07:29:06.534+0000] {logging_mixin.py:190} INFO - [2024-10-13T07:29:06.533+0000] {dagbag.py:588} INFO - Filling up the DagBag from /home/vboxuser/airflow_venv/lib/python3.12/site-packages/airflow/example_dags/tutorial_taskflow_api.py
[2024-10-13T07:29:06.553+0000] {processor.py:925} INFO - DAG(s) 'tutorial_taskflow_api' retrieved from /home/vboxuser/airflow_venv/lib/python3.12/site-packages/airflow/example_dags/tutorial_taskflow_api.py
[2024-10-13T07:29:06.591+0000] {logging_mixin.py:190} INFO - [2024-10-13T07:29:06.589+0000] {dag.py:3239} INFO - Sync 1 DAGs
[2024-10-13T07:29:06.633+0000] {logging_mixin.py:190} INFO - [2024-10-13T07:29:06.632+0000] {dag.py:4180} INFO - Setting next_dagrun for tutorial_taskflow_api to None, run_after=None
[2024-10-13T07:29:06.749+0000] {processor.py:208} INFO - Processing /home/vboxuser/airflow_venv/lib/python3.12/site-packages/airflow/example_dags/tutorial_taskflow_api.py took 0.260 seconds
[2024-10-13T07:30:26.479+0000] {processor.py:186} INFO - Started process (PID=16288) to work on /home/vboxuser/airflow_venv/lib/python3.12/site-packages/airflow/example_dags/tutorial_taskflow_api.py
[2024-10-13T07:30:26.487+0000] {processor.py:914} INFO - Processing file /home/vboxuser/airflow_venv/lib/python3.12/site-packages/airflow/example_dags/tutorial_taskflow_api.py for tasks to queue
[2024-10-13T07:30:26.494+0000] {logging_mixin.py:190} INFO - [2024-10-13T07:30:26.492+0000] {dagbag.py:588} INFO - Filling up the DagBag from /home/vboxuser/airflow_venv/lib/python3.12/site-packages/airflow/example_dags/tutorial_taskflow_api.py
[2024-10-13T07:30:26.523+0000] {processor.py:925} INFO - DAG(s) 'tutorial_taskflow_api' retrieved from /home/vboxuser/airflow_venv/lib/python3.12/site-packages/airflow/example_dags/tutorial_taskflow_api.py
[2024-10-13T07:30:26.573+0000] {logging_mixin.py:190} INFO - [2024-10-13T07:30:26.572+0000] {dag.py:3239} INFO - Sync 1 DAGs
[2024-10-13T07:30:26.594+0000] {logging_mixin.py:190} INFO - [2024-10-13T07:30:26.594+0000] {dag.py:4180} INFO - Setting next_dagrun for tutorial_taskflow_api to None, run_after=None
[2024-10-13T07:30:26.620+0000] {processor.py:208} INFO - Processing /home/vboxuser/airflow_venv/lib/python3.12/site-packages/airflow/example_dags/tutorial_taskflow_api.py took 0.164 seconds
[2024-10-13T07:31:30.020+0000] {processor.py:186} INFO - Started process (PID=16388) to work on /home/vboxuser/airflow_venv/lib/python3.12/site-packages/airflow/example_dags/tutorial_taskflow_api.py
[2024-10-13T07:31:30.026+0000] {processor.py:914} INFO - Processing file /home/vboxuser/airflow_venv/lib/python3.12/site-packages/airflow/example_dags/tutorial_taskflow_api.py for tasks to queue
[2024-10-13T07:31:30.053+0000] {logging_mixin.py:190} INFO - [2024-10-13T07:31:30.053+0000] {dagbag.py:588} INFO - Filling up the DagBag from /home/vboxuser/airflow_venv/lib/python3.12/site-packages/airflow/example_dags/tutorial_taskflow_api.py
[2024-10-13T07:31:30.100+0000] {processor.py:925} INFO - DAG(s) 'tutorial_taskflow_api' retrieved from /home/vboxuser/airflow_venv/lib/python3.12/site-packages/airflow/example_dags/tutorial_taskflow_api.py
[2024-10-13T07:31:30.145+0000] {logging_mixin.py:190} INFO - [2024-10-13T07:31:30.145+0000] {dag.py:3239} INFO - Sync 1 DAGs
[2024-10-13T07:31:30.176+0000] {logging_mixin.py:190} INFO - [2024-10-13T07:31:30.174+0000] {dag.py:4180} INFO - Setting next_dagrun for tutorial_taskflow_api to None, run_after=None
[2024-10-13T07:31:30.296+0000] {processor.py:208} INFO - Processing /home/vboxuser/airflow_venv/lib/python3.12/site-packages/airflow/example_dags/tutorial_taskflow_api.py took 0.306 seconds
[2024-10-13T07:32:39.552+0000] {processor.py:186} INFO - Started process (PID=16604) to work on /home/vboxuser/airflow_venv/lib/python3.12/site-packages/airflow/example_dags/tutorial_taskflow_api.py
[2024-10-13T07:32:39.554+0000] {processor.py:914} INFO - Processing file /home/vboxuser/airflow_venv/lib/python3.12/site-packages/airflow/example_dags/tutorial_taskflow_api.py for tasks to queue
[2024-10-13T07:32:39.555+0000] {logging_mixin.py:190} INFO - [2024-10-13T07:32:39.555+0000] {dagbag.py:588} INFO - Filling up the DagBag from /home/vboxuser/airflow_venv/lib/python3.12/site-packages/airflow/example_dags/tutorial_taskflow_api.py
[2024-10-13T07:32:39.564+0000] {processor.py:925} INFO - DAG(s) 'tutorial_taskflow_api' retrieved from /home/vboxuser/airflow_venv/lib/python3.12/site-packages/airflow/example_dags/tutorial_taskflow_api.py
[2024-10-13T07:32:39.594+0000] {logging_mixin.py:190} INFO - [2024-10-13T07:32:39.594+0000] {dag.py:3239} INFO - Sync 1 DAGs
[2024-10-13T07:32:39.650+0000] {logging_mixin.py:190} INFO - [2024-10-13T07:32:39.648+0000] {dag.py:4180} INFO - Setting next_dagrun for tutorial_taskflow_api to None, run_after=None
[2024-10-13T07:32:39.709+0000] {processor.py:208} INFO - Processing /home/vboxuser/airflow_venv/lib/python3.12/site-packages/airflow/example_dags/tutorial_taskflow_api.py took 0.162 seconds
[2024-10-13T07:33:43.810+0000] {processor.py:186} INFO - Started process (PID=16749) to work on /home/vboxuser/airflow_venv/lib/python3.12/site-packages/airflow/example_dags/tutorial_taskflow_api.py
[2024-10-13T07:33:43.812+0000] {processor.py:914} INFO - Processing file /home/vboxuser/airflow_venv/lib/python3.12/site-packages/airflow/example_dags/tutorial_taskflow_api.py for tasks to queue
[2024-10-13T07:33:43.813+0000] {logging_mixin.py:190} INFO - [2024-10-13T07:33:43.813+0000] {dagbag.py:588} INFO - Filling up the DagBag from /home/vboxuser/airflow_venv/lib/python3.12/site-packages/airflow/example_dags/tutorial_taskflow_api.py
[2024-10-13T07:33:43.819+0000] {processor.py:925} INFO - DAG(s) 'tutorial_taskflow_api' retrieved from /home/vboxuser/airflow_venv/lib/python3.12/site-packages/airflow/example_dags/tutorial_taskflow_api.py
[2024-10-13T07:33:43.829+0000] {logging_mixin.py:190} INFO - [2024-10-13T07:33:43.829+0000] {dag.py:3239} INFO - Sync 1 DAGs
[2024-10-13T07:33:43.837+0000] {logging_mixin.py:190} INFO - [2024-10-13T07:33:43.837+0000] {dag.py:4180} INFO - Setting next_dagrun for tutorial_taskflow_api to None, run_after=None
[2024-10-13T07:33:43.860+0000] {processor.py:208} INFO - Processing /home/vboxuser/airflow_venv/lib/python3.12/site-packages/airflow/example_dags/tutorial_taskflow_api.py took 0.054 seconds
[2024-10-13T07:34:38.328+0000] {processor.py:186} INFO - Started process (PID=16933) to work on /home/vboxuser/airflow_venv/lib/python3.12/site-packages/airflow/example_dags/tutorial_taskflow_api.py
[2024-10-13T07:34:38.329+0000] {processor.py:914} INFO - Processing file /home/vboxuser/airflow_venv/lib/python3.12/site-packages/airflow/example_dags/tutorial_taskflow_api.py for tasks to queue
[2024-10-13T07:34:38.330+0000] {logging_mixin.py:190} INFO - [2024-10-13T07:34:38.330+0000] {dagbag.py:588} INFO - Filling up the DagBag from /home/vboxuser/airflow_venv/lib/python3.12/site-packages/airflow/example_dags/tutorial_taskflow_api.py
[2024-10-13T07:34:38.338+0000] {processor.py:925} INFO - DAG(s) 'tutorial_taskflow_api' retrieved from /home/vboxuser/airflow_venv/lib/python3.12/site-packages/airflow/example_dags/tutorial_taskflow_api.py
[2024-10-13T07:34:38.348+0000] {logging_mixin.py:190} INFO - [2024-10-13T07:34:38.348+0000] {dag.py:3239} INFO - Sync 1 DAGs
[2024-10-13T07:34:38.357+0000] {logging_mixin.py:190} INFO - [2024-10-13T07:34:38.357+0000] {dag.py:4180} INFO - Setting next_dagrun for tutorial_taskflow_api to None, run_after=None
[2024-10-13T07:34:38.377+0000] {processor.py:208} INFO - Processing /home/vboxuser/airflow_venv/lib/python3.12/site-packages/airflow/example_dags/tutorial_taskflow_api.py took 0.054 seconds
[2024-10-13T07:35:29.921+0000] {processor.py:186} INFO - Started process (PID=16999) to work on /home/vboxuser/airflow_venv/lib/python3.12/site-packages/airflow/example_dags/tutorial_taskflow_api.py
[2024-10-13T07:35:29.922+0000] {processor.py:914} INFO - Processing file /home/vboxuser/airflow_venv/lib/python3.12/site-packages/airflow/example_dags/tutorial_taskflow_api.py for tasks to queue
[2024-10-13T07:35:29.924+0000] {logging_mixin.py:190} INFO - [2024-10-13T07:35:29.923+0000] {dagbag.py:588} INFO - Filling up the DagBag from /home/vboxuser/airflow_venv/lib/python3.12/site-packages/airflow/example_dags/tutorial_taskflow_api.py
[2024-10-13T07:35:29.931+0000] {processor.py:925} INFO - DAG(s) 'tutorial_taskflow_api' retrieved from /home/vboxuser/airflow_venv/lib/python3.12/site-packages/airflow/example_dags/tutorial_taskflow_api.py
[2024-10-13T07:35:29.943+0000] {logging_mixin.py:190} INFO - [2024-10-13T07:35:29.942+0000] {dag.py:3239} INFO - Sync 1 DAGs
[2024-10-13T07:35:29.952+0000] {logging_mixin.py:190} INFO - [2024-10-13T07:35:29.952+0000] {dag.py:4180} INFO - Setting next_dagrun for tutorial_taskflow_api to None, run_after=None
[2024-10-13T07:35:29.979+0000] {processor.py:208} INFO - Processing /home/vboxuser/airflow_venv/lib/python3.12/site-packages/airflow/example_dags/tutorial_taskflow_api.py took 0.062 seconds
[2024-10-13T07:36:21.554+0000] {processor.py:186} INFO - Started process (PID=17066) to work on /home/vboxuser/airflow_venv/lib/python3.12/site-packages/airflow/example_dags/tutorial_taskflow_api.py
[2024-10-13T07:36:21.558+0000] {processor.py:914} INFO - Processing file /home/vboxuser/airflow_venv/lib/python3.12/site-packages/airflow/example_dags/tutorial_taskflow_api.py for tasks to queue
[2024-10-13T07:36:21.560+0000] {logging_mixin.py:190} INFO - [2024-10-13T07:36:21.559+0000] {dagbag.py:588} INFO - Filling up the DagBag from /home/vboxuser/airflow_venv/lib/python3.12/site-packages/airflow/example_dags/tutorial_taskflow_api.py
[2024-10-13T07:36:21.566+0000] {processor.py:925} INFO - DAG(s) 'tutorial_taskflow_api' retrieved from /home/vboxuser/airflow_venv/lib/python3.12/site-packages/airflow/example_dags/tutorial_taskflow_api.py
[2024-10-13T07:36:21.577+0000] {logging_mixin.py:190} INFO - [2024-10-13T07:36:21.577+0000] {dag.py:3239} INFO - Sync 1 DAGs
[2024-10-13T07:36:21.585+0000] {logging_mixin.py:190} INFO - [2024-10-13T07:36:21.584+0000] {dag.py:4180} INFO - Setting next_dagrun for tutorial_taskflow_api to None, run_after=None
[2024-10-13T07:36:21.604+0000] {processor.py:208} INFO - Processing /home/vboxuser/airflow_venv/lib/python3.12/site-packages/airflow/example_dags/tutorial_taskflow_api.py took 0.054 seconds
[2024-10-13T07:37:10.678+0000] {processor.py:186} INFO - Started process (PID=17122) to work on /home/vboxuser/airflow_venv/lib/python3.12/site-packages/airflow/example_dags/tutorial_taskflow_api.py
[2024-10-13T07:37:10.679+0000] {processor.py:914} INFO - Processing file /home/vboxuser/airflow_venv/lib/python3.12/site-packages/airflow/example_dags/tutorial_taskflow_api.py for tasks to queue
[2024-10-13T07:37:10.681+0000] {logging_mixin.py:190} INFO - [2024-10-13T07:37:10.680+0000] {dagbag.py:588} INFO - Filling up the DagBag from /home/vboxuser/airflow_venv/lib/python3.12/site-packages/airflow/example_dags/tutorial_taskflow_api.py
[2024-10-13T07:37:10.687+0000] {processor.py:925} INFO - DAG(s) 'tutorial_taskflow_api' retrieved from /home/vboxuser/airflow_venv/lib/python3.12/site-packages/airflow/example_dags/tutorial_taskflow_api.py
[2024-10-13T07:37:10.698+0000] {logging_mixin.py:190} INFO - [2024-10-13T07:37:10.698+0000] {dag.py:3239} INFO - Sync 1 DAGs
[2024-10-13T07:37:10.706+0000] {logging_mixin.py:190} INFO - [2024-10-13T07:37:10.705+0000] {dag.py:4180} INFO - Setting next_dagrun for tutorial_taskflow_api to None, run_after=None
[2024-10-13T07:37:10.726+0000] {processor.py:208} INFO - Processing /home/vboxuser/airflow_venv/lib/python3.12/site-packages/airflow/example_dags/tutorial_taskflow_api.py took 0.053 seconds
[2024-10-13T07:38:03.112+0000] {processor.py:186} INFO - Started process (PID=17186) to work on /home/vboxuser/airflow_venv/lib/python3.12/site-packages/airflow/example_dags/tutorial_taskflow_api.py
[2024-10-13T07:38:03.113+0000] {processor.py:914} INFO - Processing file /home/vboxuser/airflow_venv/lib/python3.12/site-packages/airflow/example_dags/tutorial_taskflow_api.py for tasks to queue
[2024-10-13T07:38:03.115+0000] {logging_mixin.py:190} INFO - [2024-10-13T07:38:03.115+0000] {dagbag.py:588} INFO - Filling up the DagBag from /home/vboxuser/airflow_venv/lib/python3.12/site-packages/airflow/example_dags/tutorial_taskflow_api.py
[2024-10-13T07:38:03.121+0000] {processor.py:925} INFO - DAG(s) 'tutorial_taskflow_api' retrieved from /home/vboxuser/airflow_venv/lib/python3.12/site-packages/airflow/example_dags/tutorial_taskflow_api.py
[2024-10-13T07:38:03.131+0000] {logging_mixin.py:190} INFO - [2024-10-13T07:38:03.131+0000] {dag.py:3239} INFO - Sync 1 DAGs
[2024-10-13T07:38:03.140+0000] {logging_mixin.py:190} INFO - [2024-10-13T07:38:03.140+0000] {dag.py:4180} INFO - Setting next_dagrun for tutorial_taskflow_api to None, run_after=None
[2024-10-13T07:38:03.187+0000] {processor.py:208} INFO - Processing /home/vboxuser/airflow_venv/lib/python3.12/site-packages/airflow/example_dags/tutorial_taskflow_api.py took 0.079 seconds
[2024-10-13T07:38:50.967+0000] {processor.py:186} INFO - Started process (PID=17281) to work on /home/vboxuser/airflow_venv/lib/python3.12/site-packages/airflow/example_dags/tutorial_taskflow_api.py
[2024-10-13T07:38:50.968+0000] {processor.py:914} INFO - Processing file /home/vboxuser/airflow_venv/lib/python3.12/site-packages/airflow/example_dags/tutorial_taskflow_api.py for tasks to queue
[2024-10-13T07:38:50.970+0000] {logging_mixin.py:190} INFO - [2024-10-13T07:38:50.969+0000] {dagbag.py:588} INFO - Filling up the DagBag from /home/vboxuser/airflow_venv/lib/python3.12/site-packages/airflow/example_dags/tutorial_taskflow_api.py
[2024-10-13T07:38:50.977+0000] {processor.py:925} INFO - DAG(s) 'tutorial_taskflow_api' retrieved from /home/vboxuser/airflow_venv/lib/python3.12/site-packages/airflow/example_dags/tutorial_taskflow_api.py
[2024-10-13T07:38:50.987+0000] {logging_mixin.py:190} INFO - [2024-10-13T07:38:50.987+0000] {dag.py:3239} INFO - Sync 1 DAGs
[2024-10-13T07:38:50.995+0000] {logging_mixin.py:190} INFO - [2024-10-13T07:38:50.995+0000] {dag.py:4180} INFO - Setting next_dagrun for tutorial_taskflow_api to None, run_after=None
[2024-10-13T07:38:51.020+0000] {processor.py:208} INFO - Processing /home/vboxuser/airflow_venv/lib/python3.12/site-packages/airflow/example_dags/tutorial_taskflow_api.py took 0.058 seconds
[2024-10-13T07:39:42.896+0000] {processor.py:186} INFO - Started process (PID=17342) to work on /home/vboxuser/airflow_venv/lib/python3.12/site-packages/airflow/example_dags/tutorial_taskflow_api.py
[2024-10-13T07:39:42.898+0000] {processor.py:914} INFO - Processing file /home/vboxuser/airflow_venv/lib/python3.12/site-packages/airflow/example_dags/tutorial_taskflow_api.py for tasks to queue
[2024-10-13T07:39:42.900+0000] {logging_mixin.py:190} INFO - [2024-10-13T07:39:42.900+0000] {dagbag.py:588} INFO - Filling up the DagBag from /home/vboxuser/airflow_venv/lib/python3.12/site-packages/airflow/example_dags/tutorial_taskflow_api.py
[2024-10-13T07:39:42.933+0000] {processor.py:925} INFO - DAG(s) 'tutorial_taskflow_api' retrieved from /home/vboxuser/airflow_venv/lib/python3.12/site-packages/airflow/example_dags/tutorial_taskflow_api.py
[2024-10-13T07:39:42.954+0000] {logging_mixin.py:190} INFO - [2024-10-13T07:39:42.953+0000] {dag.py:3239} INFO - Sync 1 DAGs
[2024-10-13T07:39:42.964+0000] {logging_mixin.py:190} INFO - [2024-10-13T07:39:42.964+0000] {dag.py:4180} INFO - Setting next_dagrun for tutorial_taskflow_api to None, run_after=None
[2024-10-13T07:39:42.990+0000] {processor.py:208} INFO - Processing /home/vboxuser/airflow_venv/lib/python3.12/site-packages/airflow/example_dags/tutorial_taskflow_api.py took 0.101 seconds
[2024-10-13T07:40:33.435+0000] {processor.py:186} INFO - Started process (PID=17442) to work on /home/vboxuser/airflow_venv/lib/python3.12/site-packages/airflow/example_dags/tutorial_taskflow_api.py
[2024-10-13T07:40:33.437+0000] {processor.py:914} INFO - Processing file /home/vboxuser/airflow_venv/lib/python3.12/site-packages/airflow/example_dags/tutorial_taskflow_api.py for tasks to queue
[2024-10-13T07:40:33.439+0000] {logging_mixin.py:190} INFO - [2024-10-13T07:40:33.439+0000] {dagbag.py:588} INFO - Filling up the DagBag from /home/vboxuser/airflow_venv/lib/python3.12/site-packages/airflow/example_dags/tutorial_taskflow_api.py
[2024-10-13T07:40:33.452+0000] {processor.py:925} INFO - DAG(s) 'tutorial_taskflow_api' retrieved from /home/vboxuser/airflow_venv/lib/python3.12/site-packages/airflow/example_dags/tutorial_taskflow_api.py
[2024-10-13T07:40:33.470+0000] {logging_mixin.py:190} INFO - [2024-10-13T07:40:33.470+0000] {dag.py:3239} INFO - Sync 1 DAGs
[2024-10-13T07:40:33.480+0000] {logging_mixin.py:190} INFO - [2024-10-13T07:40:33.480+0000] {dag.py:4180} INFO - Setting next_dagrun for tutorial_taskflow_api to None, run_after=None
[2024-10-13T07:40:33.511+0000] {processor.py:208} INFO - Processing /home/vboxuser/airflow_venv/lib/python3.12/site-packages/airflow/example_dags/tutorial_taskflow_api.py took 0.082 seconds
[2024-10-13T07:41:23.445+0000] {processor.py:186} INFO - Started process (PID=17502) to work on /home/vboxuser/airflow_venv/lib/python3.12/site-packages/airflow/example_dags/tutorial_taskflow_api.py
[2024-10-13T07:41:23.448+0000] {processor.py:914} INFO - Processing file /home/vboxuser/airflow_venv/lib/python3.12/site-packages/airflow/example_dags/tutorial_taskflow_api.py for tasks to queue
[2024-10-13T07:41:23.449+0000] {logging_mixin.py:190} INFO - [2024-10-13T07:41:23.449+0000] {dagbag.py:588} INFO - Filling up the DagBag from /home/vboxuser/airflow_venv/lib/python3.12/site-packages/airflow/example_dags/tutorial_taskflow_api.py
[2024-10-13T07:41:23.457+0000] {processor.py:925} INFO - DAG(s) 'tutorial_taskflow_api' retrieved from /home/vboxuser/airflow_venv/lib/python3.12/site-packages/airflow/example_dags/tutorial_taskflow_api.py
[2024-10-13T07:41:23.468+0000] {logging_mixin.py:190} INFO - [2024-10-13T07:41:23.468+0000] {dag.py:3239} INFO - Sync 1 DAGs
[2024-10-13T07:41:23.476+0000] {logging_mixin.py:190} INFO - [2024-10-13T07:41:23.476+0000] {dag.py:4180} INFO - Setting next_dagrun for tutorial_taskflow_api to None, run_after=None
[2024-10-13T07:41:23.499+0000] {processor.py:208} INFO - Processing /home/vboxuser/airflow_venv/lib/python3.12/site-packages/airflow/example_dags/tutorial_taskflow_api.py took 0.058 seconds
[2024-10-13T07:42:13.859+0000] {processor.py:186} INFO - Started process (PID=17563) to work on /home/vboxuser/airflow_venv/lib/python3.12/site-packages/airflow/example_dags/tutorial_taskflow_api.py
[2024-10-13T07:42:13.861+0000] {processor.py:914} INFO - Processing file /home/vboxuser/airflow_venv/lib/python3.12/site-packages/airflow/example_dags/tutorial_taskflow_api.py for tasks to queue
[2024-10-13T07:42:13.862+0000] {logging_mixin.py:190} INFO - [2024-10-13T07:42:13.862+0000] {dagbag.py:588} INFO - Filling up the DagBag from /home/vboxuser/airflow_venv/lib/python3.12/site-packages/airflow/example_dags/tutorial_taskflow_api.py
[2024-10-13T07:42:13.869+0000] {processor.py:925} INFO - DAG(s) 'tutorial_taskflow_api' retrieved from /home/vboxuser/airflow_venv/lib/python3.12/site-packages/airflow/example_dags/tutorial_taskflow_api.py
[2024-10-13T07:42:13.879+0000] {logging_mixin.py:190} INFO - [2024-10-13T07:42:13.879+0000] {dag.py:3239} INFO - Sync 1 DAGs
[2024-10-13T07:42:13.888+0000] {logging_mixin.py:190} INFO - [2024-10-13T07:42:13.887+0000] {dag.py:4180} INFO - Setting next_dagrun for tutorial_taskflow_api to None, run_after=None
[2024-10-13T07:42:13.912+0000] {processor.py:208} INFO - Processing /home/vboxuser/airflow_venv/lib/python3.12/site-packages/airflow/example_dags/tutorial_taskflow_api.py took 0.057 seconds
