[2024-10-13T07:28:18.095+0000] {processor.py:186} INFO - Started process (PID=15030) to work on /home/vboxuser/airflow_venv/lib/python3.12/site-packages/airflow/example_dags/tutorial_dag.py
[2024-10-13T07:28:18.097+0000] {processor.py:914} INFO - Processing file /home/vboxuser/airflow_venv/lib/python3.12/site-packages/airflow/example_dags/tutorial_dag.py for tasks to queue
[2024-10-13T07:28:18.101+0000] {logging_mixin.py:190} INFO - [2024-10-13T07:28:18.101+0000] {dagbag.py:588} INFO - Filling up the DagBag from /home/vboxuser/airflow_venv/lib/python3.12/site-packages/airflow/example_dags/tutorial_dag.py
[2024-10-13T07:28:18.120+0000] {processor.py:925} INFO - DAG(s) 'tutorial_dag' retrieved from /home/vboxuser/airflow_venv/lib/python3.12/site-packages/airflow/example_dags/tutorial_dag.py
[2024-10-13T07:28:18.145+0000] {logging_mixin.py:190} INFO - [2024-10-13T07:28:18.145+0000] {dag.py:3239} INFO - Sync 1 DAGs
[2024-10-13T07:28:18.164+0000] {logging_mixin.py:190} INFO - [2024-10-13T07:28:18.163+0000] {dag.py:4180} INFO - Setting next_dagrun for tutorial_dag to None, run_after=None
[2024-10-13T07:28:18.208+0000] {processor.py:208} INFO - Processing /home/vboxuser/airflow_venv/lib/python3.12/site-packages/airflow/example_dags/tutorial_dag.py took 0.122 seconds
[2024-10-13T07:29:57.356+0000] {processor.py:186} INFO - Started process (PID=16236) to work on /home/vboxuser/airflow_venv/lib/python3.12/site-packages/airflow/example_dags/tutorial_dag.py
[2024-10-13T07:29:57.372+0000] {processor.py:914} INFO - Processing file /home/vboxuser/airflow_venv/lib/python3.12/site-packages/airflow/example_dags/tutorial_dag.py for tasks to queue
[2024-10-13T07:29:57.379+0000] {logging_mixin.py:190} INFO - [2024-10-13T07:29:57.378+0000] {dagbag.py:588} INFO - Filling up the DagBag from /home/vboxuser/airflow_venv/lib/python3.12/site-packages/airflow/example_dags/tutorial_dag.py
[2024-10-13T07:29:57.417+0000] {processor.py:925} INFO - DAG(s) 'tutorial_dag' retrieved from /home/vboxuser/airflow_venv/lib/python3.12/site-packages/airflow/example_dags/tutorial_dag.py
[2024-10-13T07:29:57.440+0000] {logging_mixin.py:190} INFO - [2024-10-13T07:29:57.440+0000] {dag.py:3239} INFO - Sync 1 DAGs
[2024-10-13T07:29:57.473+0000] {logging_mixin.py:190} INFO - [2024-10-13T07:29:57.473+0000] {dag.py:4180} INFO - Setting next_dagrun for tutorial_dag to None, run_after=None
[2024-10-13T07:29:57.570+0000] {processor.py:208} INFO - Processing /home/vboxuser/airflow_venv/lib/python3.12/site-packages/airflow/example_dags/tutorial_dag.py took 0.268 seconds
[2024-10-13T07:31:03.459+0000] {processor.py:186} INFO - Started process (PID=16351) to work on /home/vboxuser/airflow_venv/lib/python3.12/site-packages/airflow/example_dags/tutorial_dag.py
[2024-10-13T07:31:03.475+0000] {processor.py:914} INFO - Processing file /home/vboxuser/airflow_venv/lib/python3.12/site-packages/airflow/example_dags/tutorial_dag.py for tasks to queue
[2024-10-13T07:31:03.491+0000] {logging_mixin.py:190} INFO - [2024-10-13T07:31:03.488+0000] {dagbag.py:588} INFO - Filling up the DagBag from /home/vboxuser/airflow_venv/lib/python3.12/site-packages/airflow/example_dags/tutorial_dag.py
[2024-10-13T07:31:03.531+0000] {processor.py:925} INFO - DAG(s) 'tutorial_dag' retrieved from /home/vboxuser/airflow_venv/lib/python3.12/site-packages/airflow/example_dags/tutorial_dag.py
[2024-10-13T07:31:03.585+0000] {logging_mixin.py:190} INFO - [2024-10-13T07:31:03.585+0000] {dag.py:3239} INFO - Sync 1 DAGs
[2024-10-13T07:31:03.625+0000] {logging_mixin.py:190} INFO - [2024-10-13T07:31:03.625+0000] {dag.py:4180} INFO - Setting next_dagrun for tutorial_dag to None, run_after=None
[2024-10-13T07:31:03.732+0000] {processor.py:208} INFO - Processing /home/vboxuser/airflow_venv/lib/python3.12/site-packages/airflow/example_dags/tutorial_dag.py took 0.283 seconds
[2024-10-13T07:32:16.168+0000] {processor.py:186} INFO - Started process (PID=16477) to work on /home/vboxuser/airflow_venv/lib/python3.12/site-packages/airflow/example_dags/tutorial_dag.py
[2024-10-13T07:32:16.172+0000] {processor.py:914} INFO - Processing file /home/vboxuser/airflow_venv/lib/python3.12/site-packages/airflow/example_dags/tutorial_dag.py for tasks to queue
[2024-10-13T07:32:16.174+0000] {logging_mixin.py:190} INFO - [2024-10-13T07:32:16.173+0000] {dagbag.py:588} INFO - Filling up the DagBag from /home/vboxuser/airflow_venv/lib/python3.12/site-packages/airflow/example_dags/tutorial_dag.py
[2024-10-13T07:32:16.180+0000] {processor.py:925} INFO - DAG(s) 'tutorial_dag' retrieved from /home/vboxuser/airflow_venv/lib/python3.12/site-packages/airflow/example_dags/tutorial_dag.py
[2024-10-13T07:32:16.190+0000] {logging_mixin.py:190} INFO - [2024-10-13T07:32:16.190+0000] {dag.py:3239} INFO - Sync 1 DAGs
[2024-10-13T07:32:16.198+0000] {logging_mixin.py:190} INFO - [2024-10-13T07:32:16.198+0000] {dag.py:4180} INFO - Setting next_dagrun for tutorial_dag to None, run_after=None
[2024-10-13T07:32:16.220+0000] {processor.py:208} INFO - Processing /home/vboxuser/airflow_venv/lib/python3.12/site-packages/airflow/example_dags/tutorial_dag.py took 0.055 seconds
[2024-10-13T07:33:18.453+0000] {processor.py:186} INFO - Started process (PID=16715) to work on /home/vboxuser/airflow_venv/lib/python3.12/site-packages/airflow/example_dags/tutorial_dag.py
[2024-10-13T07:33:18.457+0000] {processor.py:914} INFO - Processing file /home/vboxuser/airflow_venv/lib/python3.12/site-packages/airflow/example_dags/tutorial_dag.py for tasks to queue
[2024-10-13T07:33:18.460+0000] {logging_mixin.py:190} INFO - [2024-10-13T07:33:18.460+0000] {dagbag.py:588} INFO - Filling up the DagBag from /home/vboxuser/airflow_venv/lib/python3.12/site-packages/airflow/example_dags/tutorial_dag.py
[2024-10-13T07:33:18.467+0000] {processor.py:925} INFO - DAG(s) 'tutorial_dag' retrieved from /home/vboxuser/airflow_venv/lib/python3.12/site-packages/airflow/example_dags/tutorial_dag.py
[2024-10-13T07:33:18.478+0000] {logging_mixin.py:190} INFO - [2024-10-13T07:33:18.478+0000] {dag.py:3239} INFO - Sync 1 DAGs
[2024-10-13T07:33:18.486+0000] {logging_mixin.py:190} INFO - [2024-10-13T07:33:18.486+0000] {dag.py:4180} INFO - Setting next_dagrun for tutorial_dag to None, run_after=None
[2024-10-13T07:33:18.506+0000] {processor.py:208} INFO - Processing /home/vboxuser/airflow_venv/lib/python3.12/site-packages/airflow/example_dags/tutorial_dag.py took 0.059 seconds
[2024-10-13T07:34:13.856+0000] {processor.py:186} INFO - Started process (PID=16908) to work on /home/vboxuser/airflow_venv/lib/python3.12/site-packages/airflow/example_dags/tutorial_dag.py
[2024-10-13T07:34:13.858+0000] {processor.py:914} INFO - Processing file /home/vboxuser/airflow_venv/lib/python3.12/site-packages/airflow/example_dags/tutorial_dag.py for tasks to queue
[2024-10-13T07:34:13.861+0000] {logging_mixin.py:190} INFO - [2024-10-13T07:34:13.860+0000] {dagbag.py:588} INFO - Filling up the DagBag from /home/vboxuser/airflow_venv/lib/python3.12/site-packages/airflow/example_dags/tutorial_dag.py
[2024-10-13T07:34:13.871+0000] {processor.py:925} INFO - DAG(s) 'tutorial_dag' retrieved from /home/vboxuser/airflow_venv/lib/python3.12/site-packages/airflow/example_dags/tutorial_dag.py
[2024-10-13T07:34:13.887+0000] {logging_mixin.py:190} INFO - [2024-10-13T07:34:13.887+0000] {dag.py:3239} INFO - Sync 1 DAGs
[2024-10-13T07:34:13.897+0000] {logging_mixin.py:190} INFO - [2024-10-13T07:34:13.897+0000] {dag.py:4180} INFO - Setting next_dagrun for tutorial_dag to None, run_after=None
[2024-10-13T07:34:13.946+0000] {processor.py:208} INFO - Processing /home/vboxuser/airflow_venv/lib/python3.12/site-packages/airflow/example_dags/tutorial_dag.py took 0.095 seconds
[2024-10-13T07:35:06.510+0000] {processor.py:186} INFO - Started process (PID=16973) to work on /home/vboxuser/airflow_venv/lib/python3.12/site-packages/airflow/example_dags/tutorial_dag.py
[2024-10-13T07:35:06.514+0000] {processor.py:914} INFO - Processing file /home/vboxuser/airflow_venv/lib/python3.12/site-packages/airflow/example_dags/tutorial_dag.py for tasks to queue
[2024-10-13T07:35:06.515+0000] {logging_mixin.py:190} INFO - [2024-10-13T07:35:06.515+0000] {dagbag.py:588} INFO - Filling up the DagBag from /home/vboxuser/airflow_venv/lib/python3.12/site-packages/airflow/example_dags/tutorial_dag.py
[2024-10-13T07:35:06.522+0000] {processor.py:925} INFO - DAG(s) 'tutorial_dag' retrieved from /home/vboxuser/airflow_venv/lib/python3.12/site-packages/airflow/example_dags/tutorial_dag.py
[2024-10-13T07:35:06.533+0000] {logging_mixin.py:190} INFO - [2024-10-13T07:35:06.533+0000] {dag.py:3239} INFO - Sync 1 DAGs
[2024-10-13T07:35:06.542+0000] {logging_mixin.py:190} INFO - [2024-10-13T07:35:06.541+0000] {dag.py:4180} INFO - Setting next_dagrun for tutorial_dag to None, run_after=None
[2024-10-13T07:35:06.563+0000] {processor.py:208} INFO - Processing /home/vboxuser/airflow_venv/lib/python3.12/site-packages/airflow/example_dags/tutorial_dag.py took 0.057 seconds
[2024-10-13T07:36:01.859+0000] {processor.py:186} INFO - Started process (PID=17043) to work on /home/vboxuser/airflow_venv/lib/python3.12/site-packages/airflow/example_dags/tutorial_dag.py
[2024-10-13T07:36:01.863+0000] {processor.py:914} INFO - Processing file /home/vboxuser/airflow_venv/lib/python3.12/site-packages/airflow/example_dags/tutorial_dag.py for tasks to queue
[2024-10-13T07:36:01.865+0000] {logging_mixin.py:190} INFO - [2024-10-13T07:36:01.865+0000] {dagbag.py:588} INFO - Filling up the DagBag from /home/vboxuser/airflow_venv/lib/python3.12/site-packages/airflow/example_dags/tutorial_dag.py
[2024-10-13T07:36:01.872+0000] {processor.py:925} INFO - DAG(s) 'tutorial_dag' retrieved from /home/vboxuser/airflow_venv/lib/python3.12/site-packages/airflow/example_dags/tutorial_dag.py
[2024-10-13T07:36:01.884+0000] {logging_mixin.py:190} INFO - [2024-10-13T07:36:01.884+0000] {dag.py:3239} INFO - Sync 1 DAGs
[2024-10-13T07:36:01.892+0000] {logging_mixin.py:190} INFO - [2024-10-13T07:36:01.892+0000] {dag.py:4180} INFO - Setting next_dagrun for tutorial_dag to None, run_after=None
[2024-10-13T07:36:01.912+0000] {processor.py:208} INFO - Processing /home/vboxuser/airflow_venv/lib/python3.12/site-packages/airflow/example_dags/tutorial_dag.py took 0.057 seconds
[2024-10-13T07:36:52.507+0000] {processor.py:186} INFO - Started process (PID=17102) to work on /home/vboxuser/airflow_venv/lib/python3.12/site-packages/airflow/example_dags/tutorial_dag.py
[2024-10-13T07:36:52.508+0000] {processor.py:914} INFO - Processing file /home/vboxuser/airflow_venv/lib/python3.12/site-packages/airflow/example_dags/tutorial_dag.py for tasks to queue
[2024-10-13T07:36:52.510+0000] {logging_mixin.py:190} INFO - [2024-10-13T07:36:52.510+0000] {dagbag.py:588} INFO - Filling up the DagBag from /home/vboxuser/airflow_venv/lib/python3.12/site-packages/airflow/example_dags/tutorial_dag.py
[2024-10-13T07:36:52.516+0000] {processor.py:925} INFO - DAG(s) 'tutorial_dag' retrieved from /home/vboxuser/airflow_venv/lib/python3.12/site-packages/airflow/example_dags/tutorial_dag.py
[2024-10-13T07:36:52.527+0000] {logging_mixin.py:190} INFO - [2024-10-13T07:36:52.527+0000] {dag.py:3239} INFO - Sync 1 DAGs
[2024-10-13T07:36:52.535+0000] {logging_mixin.py:190} INFO - [2024-10-13T07:36:52.535+0000] {dag.py:4180} INFO - Setting next_dagrun for tutorial_dag to None, run_after=None
[2024-10-13T07:36:52.558+0000] {processor.py:208} INFO - Processing /home/vboxuser/airflow_venv/lib/python3.12/site-packages/airflow/example_dags/tutorial_dag.py took 0.056 seconds
[2024-10-13T07:37:45.011+0000] {processor.py:186} INFO - Started process (PID=17164) to work on /home/vboxuser/airflow_venv/lib/python3.12/site-packages/airflow/example_dags/tutorial_dag.py
[2024-10-13T07:37:45.013+0000] {processor.py:914} INFO - Processing file /home/vboxuser/airflow_venv/lib/python3.12/site-packages/airflow/example_dags/tutorial_dag.py for tasks to queue
[2024-10-13T07:37:45.017+0000] {logging_mixin.py:190} INFO - [2024-10-13T07:37:45.017+0000] {dagbag.py:588} INFO - Filling up the DagBag from /home/vboxuser/airflow_venv/lib/python3.12/site-packages/airflow/example_dags/tutorial_dag.py
[2024-10-13T07:37:45.023+0000] {processor.py:925} INFO - DAG(s) 'tutorial_dag' retrieved from /home/vboxuser/airflow_venv/lib/python3.12/site-packages/airflow/example_dags/tutorial_dag.py
[2024-10-13T07:37:45.035+0000] {logging_mixin.py:190} INFO - [2024-10-13T07:37:45.035+0000] {dag.py:3239} INFO - Sync 1 DAGs
[2024-10-13T07:37:45.045+0000] {logging_mixin.py:190} INFO - [2024-10-13T07:37:45.045+0000] {dag.py:4180} INFO - Setting next_dagrun for tutorial_dag to None, run_after=None
[2024-10-13T07:37:45.067+0000] {processor.py:208} INFO - Processing /home/vboxuser/airflow_venv/lib/python3.12/site-packages/airflow/example_dags/tutorial_dag.py took 0.060 seconds
[2024-10-13T07:38:58.633+0000] {processor.py:186} INFO - Started process (PID=17290) to work on /home/vboxuser/airflow_venv/lib/python3.12/site-packages/airflow/example_dags/tutorial_dag.py
[2024-10-13T07:38:58.635+0000] {processor.py:914} INFO - Processing file /home/vboxuser/airflow_venv/lib/python3.12/site-packages/airflow/example_dags/tutorial_dag.py for tasks to queue
[2024-10-13T07:38:58.636+0000] {logging_mixin.py:190} INFO - [2024-10-13T07:38:58.636+0000] {dagbag.py:588} INFO - Filling up the DagBag from /home/vboxuser/airflow_venv/lib/python3.12/site-packages/airflow/example_dags/tutorial_dag.py
[2024-10-13T07:38:58.642+0000] {processor.py:925} INFO - DAG(s) 'tutorial_dag' retrieved from /home/vboxuser/airflow_venv/lib/python3.12/site-packages/airflow/example_dags/tutorial_dag.py
[2024-10-13T07:38:58.653+0000] {logging_mixin.py:190} INFO - [2024-10-13T07:38:58.653+0000] {dag.py:3239} INFO - Sync 1 DAGs
[2024-10-13T07:38:58.661+0000] {logging_mixin.py:190} INFO - [2024-10-13T07:38:58.660+0000] {dag.py:4180} INFO - Setting next_dagrun for tutorial_dag to None, run_after=None
[2024-10-13T07:38:58.683+0000] {processor.py:208} INFO - Processing /home/vboxuser/airflow_venv/lib/python3.12/site-packages/airflow/example_dags/tutorial_dag.py took 0.054 seconds
[2024-10-13T07:39:51.630+0000] {processor.py:186} INFO - Started process (PID=17353) to work on /home/vboxuser/airflow_venv/lib/python3.12/site-packages/airflow/example_dags/tutorial_dag.py
[2024-10-13T07:39:51.631+0000] {processor.py:914} INFO - Processing file /home/vboxuser/airflow_venv/lib/python3.12/site-packages/airflow/example_dags/tutorial_dag.py for tasks to queue
[2024-10-13T07:39:51.633+0000] {logging_mixin.py:190} INFO - [2024-10-13T07:39:51.633+0000] {dagbag.py:588} INFO - Filling up the DagBag from /home/vboxuser/airflow_venv/lib/python3.12/site-packages/airflow/example_dags/tutorial_dag.py
[2024-10-13T07:39:51.639+0000] {processor.py:925} INFO - DAG(s) 'tutorial_dag' retrieved from /home/vboxuser/airflow_venv/lib/python3.12/site-packages/airflow/example_dags/tutorial_dag.py
[2024-10-13T07:39:51.650+0000] {logging_mixin.py:190} INFO - [2024-10-13T07:39:51.650+0000] {dag.py:3239} INFO - Sync 1 DAGs
[2024-10-13T07:39:51.658+0000] {logging_mixin.py:190} INFO - [2024-10-13T07:39:51.657+0000] {dag.py:4180} INFO - Setting next_dagrun for tutorial_dag to None, run_after=None
[2024-10-13T07:39:51.682+0000] {processor.py:208} INFO - Processing /home/vboxuser/airflow_venv/lib/python3.12/site-packages/airflow/example_dags/tutorial_dag.py took 0.056 seconds
[2024-10-13T07:41:04.388+0000] {processor.py:186} INFO - Started process (PID=17481) to work on /home/vboxuser/airflow_venv/lib/python3.12/site-packages/airflow/example_dags/tutorial_dag.py
[2024-10-13T07:41:04.390+0000] {processor.py:914} INFO - Processing file /home/vboxuser/airflow_venv/lib/python3.12/site-packages/airflow/example_dags/tutorial_dag.py for tasks to queue
[2024-10-13T07:41:04.393+0000] {logging_mixin.py:190} INFO - [2024-10-13T07:41:04.392+0000] {dagbag.py:588} INFO - Filling up the DagBag from /home/vboxuser/airflow_venv/lib/python3.12/site-packages/airflow/example_dags/tutorial_dag.py
[2024-10-13T07:41:04.400+0000] {processor.py:925} INFO - DAG(s) 'tutorial_dag' retrieved from /home/vboxuser/airflow_venv/lib/python3.12/site-packages/airflow/example_dags/tutorial_dag.py
[2024-10-13T07:41:04.414+0000] {logging_mixin.py:190} INFO - [2024-10-13T07:41:04.413+0000] {dag.py:3239} INFO - Sync 1 DAGs
[2024-10-13T07:41:04.424+0000] {logging_mixin.py:190} INFO - [2024-10-13T07:41:04.424+0000] {dag.py:4180} INFO - Setting next_dagrun for tutorial_dag to None, run_after=None
[2024-10-13T07:41:04.448+0000] {processor.py:208} INFO - Processing /home/vboxuser/airflow_venv/lib/python3.12/site-packages/airflow/example_dags/tutorial_dag.py took 0.065 seconds
[2024-10-13T07:41:57.086+0000] {processor.py:186} INFO - Started process (PID=17543) to work on /home/vboxuser/airflow_venv/lib/python3.12/site-packages/airflow/example_dags/tutorial_dag.py
[2024-10-13T07:41:57.090+0000] {processor.py:914} INFO - Processing file /home/vboxuser/airflow_venv/lib/python3.12/site-packages/airflow/example_dags/tutorial_dag.py for tasks to queue
[2024-10-13T07:41:57.092+0000] {logging_mixin.py:190} INFO - [2024-10-13T07:41:57.092+0000] {dagbag.py:588} INFO - Filling up the DagBag from /home/vboxuser/airflow_venv/lib/python3.12/site-packages/airflow/example_dags/tutorial_dag.py
[2024-10-13T07:41:57.098+0000] {processor.py:925} INFO - DAG(s) 'tutorial_dag' retrieved from /home/vboxuser/airflow_venv/lib/python3.12/site-packages/airflow/example_dags/tutorial_dag.py
[2024-10-13T07:41:57.108+0000] {logging_mixin.py:190} INFO - [2024-10-13T07:41:57.108+0000] {dag.py:3239} INFO - Sync 1 DAGs
[2024-10-13T07:41:57.117+0000] {logging_mixin.py:190} INFO - [2024-10-13T07:41:57.117+0000] {dag.py:4180} INFO - Setting next_dagrun for tutorial_dag to None, run_after=None
[2024-10-13T07:41:57.138+0000] {processor.py:208} INFO - Processing /home/vboxuser/airflow_venv/lib/python3.12/site-packages/airflow/example_dags/tutorial_dag.py took 0.056 seconds
