[2024-10-12T07:08:47.517+0000] {processor.py:186} INFO - Started process (PID=11305) to work on /home/vboxuser/airflow_venv/lib/python3.12/site-packages/airflow/example_dags/example_sensors.py
[2024-10-12T07:08:47.519+0000] {processor.py:914} INFO - Processing file /home/vboxuser/airflow_venv/lib/python3.12/site-packages/airflow/example_dags/example_sensors.py for tasks to queue
[2024-10-12T07:08:47.523+0000] {logging_mixin.py:190} INFO - [2024-10-12T07:08:47.522+0000] {dagbag.py:588} INFO - Filling up the DagBag from /home/vboxuser/airflow_venv/lib/python3.12/site-packages/airflow/example_dags/example_sensors.py
[2024-10-12T07:08:47.540+0000] {processor.py:925} INFO - DAG(s) 'example_sensors' retrieved from /home/vboxuser/airflow_venv/lib/python3.12/site-packages/airflow/example_dags/example_sensors.py
[2024-10-12T07:08:47.704+0000] {logging_mixin.py:190} INFO - [2024-10-12T07:08:47.704+0000] {override.py:1901} INFO - Created Permission View: can delete on DAG:example_sensors
[2024-10-12T07:08:47.728+0000] {logging_mixin.py:190} INFO - [2024-10-12T07:08:47.727+0000] {override.py:1901} INFO - Created Permission View: can read on DAG:example_sensors
[2024-10-12T07:08:47.745+0000] {logging_mixin.py:190} INFO - [2024-10-12T07:08:47.744+0000] {override.py:1901} INFO - Created Permission View: can edit on DAG:example_sensors
[2024-10-12T07:08:47.774+0000] {logging_mixin.py:190} INFO - [2024-10-12T07:08:47.773+0000] {override.py:1901} INFO - Created Permission View: can delete on DAG Run:example_sensors
[2024-10-12T07:08:47.790+0000] {logging_mixin.py:190} INFO - [2024-10-12T07:08:47.789+0000] {override.py:1901} INFO - Created Permission View: can read on DAG Run:example_sensors
[2024-10-12T07:08:47.806+0000] {logging_mixin.py:190} INFO - [2024-10-12T07:08:47.805+0000] {override.py:1901} INFO - Created Permission View: menu access on DAG Run:example_sensors
[2024-10-12T07:08:47.821+0000] {logging_mixin.py:190} INFO - [2024-10-12T07:08:47.821+0000] {override.py:1901} INFO - Created Permission View: can create on DAG Run:example_sensors
[2024-10-12T07:08:47.822+0000] {logging_mixin.py:190} INFO - [2024-10-12T07:08:47.822+0000] {dag.py:3239} INFO - Sync 1 DAGs
[2024-10-12T07:08:47.833+0000] {logging_mixin.py:190} INFO - [2024-10-12T07:08:47.833+0000] {dag.py:3262} INFO - Creating ORM DAG for example_sensors
[2024-10-12T07:08:47.833+0000] {logging_mixin.py:190} INFO - [2024-10-12T07:08:47.833+0000] {dag.py:4180} INFO - Setting next_dagrun for example_sensors to None, run_after=None
[2024-10-12T07:08:47.872+0000] {processor.py:208} INFO - Processing /home/vboxuser/airflow_venv/lib/python3.12/site-packages/airflow/example_dags/example_sensors.py took 0.364 seconds
[2024-10-12T07:09:58.686+0000] {processor.py:186} INFO - Started process (PID=11365) to work on /home/vboxuser/airflow_venv/lib/python3.12/site-packages/airflow/example_dags/example_sensors.py
[2024-10-12T07:09:58.690+0000] {processor.py:914} INFO - Processing file /home/vboxuser/airflow_venv/lib/python3.12/site-packages/airflow/example_dags/example_sensors.py for tasks to queue
[2024-10-12T07:09:58.695+0000] {logging_mixin.py:190} INFO - [2024-10-12T07:09:58.694+0000] {dagbag.py:588} INFO - Filling up the DagBag from /home/vboxuser/airflow_venv/lib/python3.12/site-packages/airflow/example_dags/example_sensors.py
[2024-10-12T07:09:58.713+0000] {processor.py:925} INFO - DAG(s) 'example_sensors' retrieved from /home/vboxuser/airflow_venv/lib/python3.12/site-packages/airflow/example_dags/example_sensors.py
[2024-10-12T07:09:58.742+0000] {logging_mixin.py:190} INFO - [2024-10-12T07:09:58.741+0000] {dag.py:3239} INFO - Sync 1 DAGs
[2024-10-12T07:09:58.757+0000] {logging_mixin.py:190} INFO - [2024-10-12T07:09:58.756+0000] {dag.py:4180} INFO - Setting next_dagrun for example_sensors to None, run_after=None
[2024-10-12T07:09:58.789+0000] {processor.py:208} INFO - Processing /home/vboxuser/airflow_venv/lib/python3.12/site-packages/airflow/example_dags/example_sensors.py took 0.113 seconds
[2024-10-12T07:10:59.689+0000] {processor.py:186} INFO - Started process (PID=11425) to work on /home/vboxuser/airflow_venv/lib/python3.12/site-packages/airflow/example_dags/example_sensors.py
[2024-10-12T07:10:59.692+0000] {processor.py:914} INFO - Processing file /home/vboxuser/airflow_venv/lib/python3.12/site-packages/airflow/example_dags/example_sensors.py for tasks to queue
[2024-10-12T07:10:59.695+0000] {logging_mixin.py:190} INFO - [2024-10-12T07:10:59.694+0000] {dagbag.py:588} INFO - Filling up the DagBag from /home/vboxuser/airflow_venv/lib/python3.12/site-packages/airflow/example_dags/example_sensors.py
[2024-10-12T07:10:59.712+0000] {processor.py:925} INFO - DAG(s) 'example_sensors' retrieved from /home/vboxuser/airflow_venv/lib/python3.12/site-packages/airflow/example_dags/example_sensors.py
[2024-10-12T07:10:59.736+0000] {logging_mixin.py:190} INFO - [2024-10-12T07:10:59.735+0000] {dag.py:3239} INFO - Sync 1 DAGs
[2024-10-12T07:10:59.748+0000] {logging_mixin.py:190} INFO - [2024-10-12T07:10:59.748+0000] {dag.py:4180} INFO - Setting next_dagrun for example_sensors to None, run_after=None
[2024-10-12T07:10:59.787+0000] {processor.py:208} INFO - Processing /home/vboxuser/airflow_venv/lib/python3.12/site-packages/airflow/example_dags/example_sensors.py took 0.110 seconds
[2024-10-12T07:12:08.590+0000] {processor.py:186} INFO - Started process (PID=11486) to work on /home/vboxuser/airflow_venv/lib/python3.12/site-packages/airflow/example_dags/example_sensors.py
[2024-10-12T07:12:08.593+0000] {processor.py:914} INFO - Processing file /home/vboxuser/airflow_venv/lib/python3.12/site-packages/airflow/example_dags/example_sensors.py for tasks to queue
[2024-10-12T07:12:08.596+0000] {logging_mixin.py:190} INFO - [2024-10-12T07:12:08.596+0000] {dagbag.py:588} INFO - Filling up the DagBag from /home/vboxuser/airflow_venv/lib/python3.12/site-packages/airflow/example_dags/example_sensors.py
[2024-10-12T07:12:08.610+0000] {processor.py:925} INFO - DAG(s) 'example_sensors' retrieved from /home/vboxuser/airflow_venv/lib/python3.12/site-packages/airflow/example_dags/example_sensors.py
[2024-10-12T07:12:08.632+0000] {logging_mixin.py:190} INFO - [2024-10-12T07:12:08.631+0000] {dag.py:3239} INFO - Sync 1 DAGs
[2024-10-12T07:12:08.644+0000] {logging_mixin.py:190} INFO - [2024-10-12T07:12:08.644+0000] {dag.py:4180} INFO - Setting next_dagrun for example_sensors to None, run_after=None
[2024-10-12T07:12:08.679+0000] {processor.py:208} INFO - Processing /home/vboxuser/airflow_venv/lib/python3.12/site-packages/airflow/example_dags/example_sensors.py took 0.101 seconds
[2024-10-12T07:13:09.323+0000] {processor.py:186} INFO - Started process (PID=11543) to work on /home/vboxuser/airflow_venv/lib/python3.12/site-packages/airflow/example_dags/example_sensors.py
[2024-10-12T07:13:09.326+0000] {processor.py:914} INFO - Processing file /home/vboxuser/airflow_venv/lib/python3.12/site-packages/airflow/example_dags/example_sensors.py for tasks to queue
[2024-10-12T07:13:09.330+0000] {logging_mixin.py:190} INFO - [2024-10-12T07:13:09.329+0000] {dagbag.py:588} INFO - Filling up the DagBag from /home/vboxuser/airflow_venv/lib/python3.12/site-packages/airflow/example_dags/example_sensors.py
[2024-10-12T07:13:09.347+0000] {processor.py:925} INFO - DAG(s) 'example_sensors' retrieved from /home/vboxuser/airflow_venv/lib/python3.12/site-packages/airflow/example_dags/example_sensors.py
[2024-10-12T07:13:09.371+0000] {logging_mixin.py:190} INFO - [2024-10-12T07:13:09.371+0000] {dag.py:3239} INFO - Sync 1 DAGs
[2024-10-12T07:13:09.388+0000] {logging_mixin.py:190} INFO - [2024-10-12T07:13:09.387+0000] {dag.py:4180} INFO - Setting next_dagrun for example_sensors to None, run_after=None
[2024-10-12T07:13:09.425+0000] {processor.py:208} INFO - Processing /home/vboxuser/airflow_venv/lib/python3.12/site-packages/airflow/example_dags/example_sensors.py took 0.113 seconds
[2024-10-12T07:14:14.947+0000] {processor.py:186} INFO - Started process (PID=11685) to work on /home/vboxuser/airflow_venv/lib/python3.12/site-packages/airflow/example_dags/example_sensors.py
[2024-10-12T07:14:14.950+0000] {processor.py:914} INFO - Processing file /home/vboxuser/airflow_venv/lib/python3.12/site-packages/airflow/example_dags/example_sensors.py for tasks to queue
[2024-10-12T07:14:14.954+0000] {logging_mixin.py:190} INFO - [2024-10-12T07:14:14.953+0000] {dagbag.py:588} INFO - Filling up the DagBag from /home/vboxuser/airflow_venv/lib/python3.12/site-packages/airflow/example_dags/example_sensors.py
[2024-10-12T07:14:14.970+0000] {processor.py:925} INFO - DAG(s) 'example_sensors' retrieved from /home/vboxuser/airflow_venv/lib/python3.12/site-packages/airflow/example_dags/example_sensors.py
[2024-10-12T07:14:15.003+0000] {logging_mixin.py:190} INFO - [2024-10-12T07:14:15.002+0000] {dag.py:3239} INFO - Sync 1 DAGs
[2024-10-12T07:14:15.018+0000] {logging_mixin.py:190} INFO - [2024-10-12T07:14:15.018+0000] {dag.py:4180} INFO - Setting next_dagrun for example_sensors to None, run_after=None
[2024-10-12T07:14:15.057+0000] {processor.py:208} INFO - Processing /home/vboxuser/airflow_venv/lib/python3.12/site-packages/airflow/example_dags/example_sensors.py took 0.126 seconds
[2024-10-12T07:15:30.073+0000] {processor.py:186} INFO - Started process (PID=11761) to work on /home/vboxuser/airflow_venv/lib/python3.12/site-packages/airflow/example_dags/example_sensors.py
[2024-10-12T07:15:30.075+0000] {processor.py:914} INFO - Processing file /home/vboxuser/airflow_venv/lib/python3.12/site-packages/airflow/example_dags/example_sensors.py for tasks to queue
[2024-10-12T07:15:30.078+0000] {logging_mixin.py:190} INFO - [2024-10-12T07:15:30.078+0000] {dagbag.py:588} INFO - Filling up the DagBag from /home/vboxuser/airflow_venv/lib/python3.12/site-packages/airflow/example_dags/example_sensors.py
[2024-10-12T07:15:30.217+0000] {processor.py:925} INFO - DAG(s) 'example_sensors' retrieved from /home/vboxuser/airflow_venv/lib/python3.12/site-packages/airflow/example_dags/example_sensors.py
[2024-10-12T07:15:30.234+0000] {logging_mixin.py:190} INFO - [2024-10-12T07:15:30.234+0000] {dag.py:3239} INFO - Sync 1 DAGs
[2024-10-12T07:15:30.246+0000] {logging_mixin.py:190} INFO - [2024-10-12T07:15:30.245+0000] {dag.py:4180} INFO - Setting next_dagrun for example_sensors to None, run_after=None
[2024-10-12T07:15:30.278+0000] {processor.py:208} INFO - Processing /home/vboxuser/airflow_venv/lib/python3.12/site-packages/airflow/example_dags/example_sensors.py took 0.212 seconds
[2024-10-12T07:16:34.440+0000] {processor.py:186} INFO - Started process (PID=11819) to work on /home/vboxuser/airflow_venv/lib/python3.12/site-packages/airflow/example_dags/example_sensors.py
[2024-10-12T07:16:34.444+0000] {processor.py:914} INFO - Processing file /home/vboxuser/airflow_venv/lib/python3.12/site-packages/airflow/example_dags/example_sensors.py for tasks to queue
[2024-10-12T07:16:34.448+0000] {logging_mixin.py:190} INFO - [2024-10-12T07:16:34.447+0000] {dagbag.py:588} INFO - Filling up the DagBag from /home/vboxuser/airflow_venv/lib/python3.12/site-packages/airflow/example_dags/example_sensors.py
[2024-10-12T07:16:34.461+0000] {processor.py:925} INFO - DAG(s) 'example_sensors' retrieved from /home/vboxuser/airflow_venv/lib/python3.12/site-packages/airflow/example_dags/example_sensors.py
[2024-10-12T07:16:34.484+0000] {logging_mixin.py:190} INFO - [2024-10-12T07:16:34.484+0000] {dag.py:3239} INFO - Sync 1 DAGs
[2024-10-12T07:16:34.500+0000] {logging_mixin.py:190} INFO - [2024-10-12T07:16:34.499+0000] {dag.py:4180} INFO - Setting next_dagrun for example_sensors to None, run_after=None
[2024-10-12T07:16:34.535+0000] {processor.py:208} INFO - Processing /home/vboxuser/airflow_venv/lib/python3.12/site-packages/airflow/example_dags/example_sensors.py took 0.105 seconds
[2024-10-12T07:17:40.027+0000] {processor.py:186} INFO - Started process (PID=11882) to work on /home/vboxuser/airflow_venv/lib/python3.12/site-packages/airflow/example_dags/example_sensors.py
[2024-10-12T07:17:40.029+0000] {processor.py:914} INFO - Processing file /home/vboxuser/airflow_venv/lib/python3.12/site-packages/airflow/example_dags/example_sensors.py for tasks to queue
[2024-10-12T07:17:40.033+0000] {logging_mixin.py:190} INFO - [2024-10-12T07:17:40.033+0000] {dagbag.py:588} INFO - Filling up the DagBag from /home/vboxuser/airflow_venv/lib/python3.12/site-packages/airflow/example_dags/example_sensors.py
[2024-10-12T07:17:40.047+0000] {processor.py:925} INFO - DAG(s) 'example_sensors' retrieved from /home/vboxuser/airflow_venv/lib/python3.12/site-packages/airflow/example_dags/example_sensors.py
[2024-10-12T07:17:40.071+0000] {logging_mixin.py:190} INFO - [2024-10-12T07:17:40.070+0000] {dag.py:3239} INFO - Sync 1 DAGs
[2024-10-12T07:17:40.085+0000] {logging_mixin.py:190} INFO - [2024-10-12T07:17:40.084+0000] {dag.py:4180} INFO - Setting next_dagrun for example_sensors to None, run_after=None
[2024-10-12T07:17:40.128+0000] {processor.py:208} INFO - Processing /home/vboxuser/airflow_venv/lib/python3.12/site-packages/airflow/example_dags/example_sensors.py took 0.109 seconds
[2024-10-12T07:18:40.883+0000] {processor.py:186} INFO - Started process (PID=11939) to work on /home/vboxuser/airflow_venv/lib/python3.12/site-packages/airflow/example_dags/example_sensors.py
[2024-10-12T07:18:40.886+0000] {processor.py:914} INFO - Processing file /home/vboxuser/airflow_venv/lib/python3.12/site-packages/airflow/example_dags/example_sensors.py for tasks to queue
[2024-10-12T07:18:40.889+0000] {logging_mixin.py:190} INFO - [2024-10-12T07:18:40.889+0000] {dagbag.py:588} INFO - Filling up the DagBag from /home/vboxuser/airflow_venv/lib/python3.12/site-packages/airflow/example_dags/example_sensors.py
[2024-10-12T07:18:40.903+0000] {processor.py:925} INFO - DAG(s) 'example_sensors' retrieved from /home/vboxuser/airflow_venv/lib/python3.12/site-packages/airflow/example_dags/example_sensors.py
[2024-10-12T07:18:40.931+0000] {logging_mixin.py:190} INFO - [2024-10-12T07:18:40.931+0000] {dag.py:3239} INFO - Sync 1 DAGs
[2024-10-12T07:18:40.946+0000] {logging_mixin.py:190} INFO - [2024-10-12T07:18:40.946+0000] {dag.py:4180} INFO - Setting next_dagrun for example_sensors to None, run_after=None
[2024-10-12T07:18:40.977+0000] {processor.py:208} INFO - Processing /home/vboxuser/airflow_venv/lib/python3.12/site-packages/airflow/example_dags/example_sensors.py took 0.105 seconds
[2024-10-12T07:19:42.980+0000] {processor.py:186} INFO - Started process (PID=11996) to work on /home/vboxuser/airflow_venv/lib/python3.12/site-packages/airflow/example_dags/example_sensors.py
[2024-10-12T07:19:42.983+0000] {processor.py:914} INFO - Processing file /home/vboxuser/airflow_venv/lib/python3.12/site-packages/airflow/example_dags/example_sensors.py for tasks to queue
[2024-10-12T07:19:42.987+0000] {logging_mixin.py:190} INFO - [2024-10-12T07:19:42.986+0000] {dagbag.py:588} INFO - Filling up the DagBag from /home/vboxuser/airflow_venv/lib/python3.12/site-packages/airflow/example_dags/example_sensors.py
[2024-10-12T07:19:43.001+0000] {processor.py:925} INFO - DAG(s) 'example_sensors' retrieved from /home/vboxuser/airflow_venv/lib/python3.12/site-packages/airflow/example_dags/example_sensors.py
[2024-10-12T07:19:43.026+0000] {logging_mixin.py:190} INFO - [2024-10-12T07:19:43.026+0000] {dag.py:3239} INFO - Sync 1 DAGs
[2024-10-12T07:19:43.039+0000] {logging_mixin.py:190} INFO - [2024-10-12T07:19:43.039+0000] {dag.py:4180} INFO - Setting next_dagrun for example_sensors to None, run_after=None
[2024-10-12T07:19:43.074+0000] {processor.py:208} INFO - Processing /home/vboxuser/airflow_venv/lib/python3.12/site-packages/airflow/example_dags/example_sensors.py took 0.107 seconds
[2024-10-12T07:20:49.816+0000] {processor.py:186} INFO - Started process (PID=12061) to work on /home/vboxuser/airflow_venv/lib/python3.12/site-packages/airflow/example_dags/example_sensors.py
[2024-10-12T07:20:49.819+0000] {processor.py:914} INFO - Processing file /home/vboxuser/airflow_venv/lib/python3.12/site-packages/airflow/example_dags/example_sensors.py for tasks to queue
[2024-10-12T07:20:49.823+0000] {logging_mixin.py:190} INFO - [2024-10-12T07:20:49.822+0000] {dagbag.py:588} INFO - Filling up the DagBag from /home/vboxuser/airflow_venv/lib/python3.12/site-packages/airflow/example_dags/example_sensors.py
[2024-10-12T07:20:49.841+0000] {processor.py:925} INFO - DAG(s) 'example_sensors' retrieved from /home/vboxuser/airflow_venv/lib/python3.12/site-packages/airflow/example_dags/example_sensors.py
[2024-10-12T07:20:49.863+0000] {logging_mixin.py:190} INFO - [2024-10-12T07:20:49.863+0000] {dag.py:3239} INFO - Sync 1 DAGs
[2024-10-12T07:20:49.878+0000] {logging_mixin.py:190} INFO - [2024-10-12T07:20:49.878+0000] {dag.py:4180} INFO - Setting next_dagrun for example_sensors to None, run_after=None
[2024-10-12T07:20:49.913+0000] {processor.py:208} INFO - Processing /home/vboxuser/airflow_venv/lib/python3.12/site-packages/airflow/example_dags/example_sensors.py took 0.107 seconds
[2024-10-12T07:21:57.096+0000] {processor.py:186} INFO - Started process (PID=12121) to work on /home/vboxuser/airflow_venv/lib/python3.12/site-packages/airflow/example_dags/example_sensors.py
[2024-10-12T07:21:57.099+0000] {processor.py:914} INFO - Processing file /home/vboxuser/airflow_venv/lib/python3.12/site-packages/airflow/example_dags/example_sensors.py for tasks to queue
[2024-10-12T07:21:57.105+0000] {logging_mixin.py:190} INFO - [2024-10-12T07:21:57.104+0000] {dagbag.py:588} INFO - Filling up the DagBag from /home/vboxuser/airflow_venv/lib/python3.12/site-packages/airflow/example_dags/example_sensors.py
[2024-10-12T07:21:57.119+0000] {processor.py:925} INFO - DAG(s) 'example_sensors' retrieved from /home/vboxuser/airflow_venv/lib/python3.12/site-packages/airflow/example_dags/example_sensors.py
[2024-10-12T07:21:57.146+0000] {logging_mixin.py:190} INFO - [2024-10-12T07:21:57.145+0000] {dag.py:3239} INFO - Sync 1 DAGs
[2024-10-12T07:21:57.162+0000] {logging_mixin.py:190} INFO - [2024-10-12T07:21:57.161+0000] {dag.py:4180} INFO - Setting next_dagrun for example_sensors to None, run_after=None
[2024-10-12T07:21:57.198+0000] {processor.py:208} INFO - Processing /home/vboxuser/airflow_venv/lib/python3.12/site-packages/airflow/example_dags/example_sensors.py took 0.110 seconds
[2024-10-12T07:23:05.374+0000] {processor.py:186} INFO - Started process (PID=12182) to work on /home/vboxuser/airflow_venv/lib/python3.12/site-packages/airflow/example_dags/example_sensors.py
[2024-10-12T07:23:05.377+0000] {processor.py:914} INFO - Processing file /home/vboxuser/airflow_venv/lib/python3.12/site-packages/airflow/example_dags/example_sensors.py for tasks to queue
[2024-10-12T07:23:05.380+0000] {logging_mixin.py:190} INFO - [2024-10-12T07:23:05.380+0000] {dagbag.py:588} INFO - Filling up the DagBag from /home/vboxuser/airflow_venv/lib/python3.12/site-packages/airflow/example_dags/example_sensors.py
[2024-10-12T07:23:05.398+0000] {processor.py:925} INFO - DAG(s) 'example_sensors' retrieved from /home/vboxuser/airflow_venv/lib/python3.12/site-packages/airflow/example_dags/example_sensors.py
[2024-10-12T07:23:05.428+0000] {logging_mixin.py:190} INFO - [2024-10-12T07:23:05.427+0000] {dag.py:3239} INFO - Sync 1 DAGs
[2024-10-12T07:23:05.441+0000] {logging_mixin.py:190} INFO - [2024-10-12T07:23:05.441+0000] {dag.py:4180} INFO - Setting next_dagrun for example_sensors to None, run_after=None
[2024-10-12T07:23:05.475+0000] {processor.py:208} INFO - Processing /home/vboxuser/airflow_venv/lib/python3.12/site-packages/airflow/example_dags/example_sensors.py took 0.109 seconds
[2024-10-12T07:24:15.912+0000] {processor.py:186} INFO - Started process (PID=12244) to work on /home/vboxuser/airflow_venv/lib/python3.12/site-packages/airflow/example_dags/example_sensors.py
[2024-10-12T07:24:15.916+0000] {processor.py:914} INFO - Processing file /home/vboxuser/airflow_venv/lib/python3.12/site-packages/airflow/example_dags/example_sensors.py for tasks to queue
[2024-10-12T07:24:15.919+0000] {logging_mixin.py:190} INFO - [2024-10-12T07:24:15.918+0000] {dagbag.py:588} INFO - Filling up the DagBag from /home/vboxuser/airflow_venv/lib/python3.12/site-packages/airflow/example_dags/example_sensors.py
[2024-10-12T07:24:15.936+0000] {processor.py:925} INFO - DAG(s) 'example_sensors' retrieved from /home/vboxuser/airflow_venv/lib/python3.12/site-packages/airflow/example_dags/example_sensors.py
[2024-10-12T07:24:15.967+0000] {logging_mixin.py:190} INFO - [2024-10-12T07:24:15.966+0000] {dag.py:3239} INFO - Sync 1 DAGs
[2024-10-12T07:24:15.981+0000] {logging_mixin.py:190} INFO - [2024-10-12T07:24:15.981+0000] {dag.py:4180} INFO - Setting next_dagrun for example_sensors to None, run_after=None
[2024-10-12T07:24:16.021+0000] {processor.py:208} INFO - Processing /home/vboxuser/airflow_venv/lib/python3.12/site-packages/airflow/example_dags/example_sensors.py took 0.121 seconds
[2024-10-12T07:25:22.711+0000] {processor.py:186} INFO - Started process (PID=12306) to work on /home/vboxuser/airflow_venv/lib/python3.12/site-packages/airflow/example_dags/example_sensors.py
[2024-10-12T07:25:22.720+0000] {processor.py:914} INFO - Processing file /home/vboxuser/airflow_venv/lib/python3.12/site-packages/airflow/example_dags/example_sensors.py for tasks to queue
[2024-10-12T07:25:22.724+0000] {logging_mixin.py:190} INFO - [2024-10-12T07:25:22.724+0000] {dagbag.py:588} INFO - Filling up the DagBag from /home/vboxuser/airflow_venv/lib/python3.12/site-packages/airflow/example_dags/example_sensors.py
[2024-10-12T07:25:22.744+0000] {processor.py:925} INFO - DAG(s) 'example_sensors' retrieved from /home/vboxuser/airflow_venv/lib/python3.12/site-packages/airflow/example_dags/example_sensors.py
[2024-10-12T07:25:22.775+0000] {logging_mixin.py:190} INFO - [2024-10-12T07:25:22.775+0000] {dag.py:3239} INFO - Sync 1 DAGs
[2024-10-12T07:25:22.789+0000] {logging_mixin.py:190} INFO - [2024-10-12T07:25:22.789+0000] {dag.py:4180} INFO - Setting next_dagrun for example_sensors to None, run_after=None
[2024-10-12T07:25:22.821+0000] {processor.py:208} INFO - Processing /home/vboxuser/airflow_venv/lib/python3.12/site-packages/airflow/example_dags/example_sensors.py took 0.123 seconds
[2024-10-12T07:26:34.641+0000] {processor.py:186} INFO - Started process (PID=12372) to work on /home/vboxuser/airflow_venv/lib/python3.12/site-packages/airflow/example_dags/example_sensors.py
[2024-10-12T07:26:34.645+0000] {processor.py:914} INFO - Processing file /home/vboxuser/airflow_venv/lib/python3.12/site-packages/airflow/example_dags/example_sensors.py for tasks to queue
[2024-10-12T07:26:34.651+0000] {logging_mixin.py:190} INFO - [2024-10-12T07:26:34.650+0000] {dagbag.py:588} INFO - Filling up the DagBag from /home/vboxuser/airflow_venv/lib/python3.12/site-packages/airflow/example_dags/example_sensors.py
[2024-10-12T07:26:34.669+0000] {processor.py:925} INFO - DAG(s) 'example_sensors' retrieved from /home/vboxuser/airflow_venv/lib/python3.12/site-packages/airflow/example_dags/example_sensors.py
[2024-10-12T07:26:34.700+0000] {logging_mixin.py:190} INFO - [2024-10-12T07:26:34.699+0000] {dag.py:3239} INFO - Sync 1 DAGs
[2024-10-12T07:26:34.716+0000] {logging_mixin.py:190} INFO - [2024-10-12T07:26:34.716+0000] {dag.py:4180} INFO - Setting next_dagrun for example_sensors to None, run_after=None
[2024-10-12T07:26:34.755+0000] {processor.py:208} INFO - Processing /home/vboxuser/airflow_venv/lib/python3.12/site-packages/airflow/example_dags/example_sensors.py took 0.128 seconds
[2024-10-12T07:27:48.129+0000] {processor.py:186} INFO - Started process (PID=12434) to work on /home/vboxuser/airflow_venv/lib/python3.12/site-packages/airflow/example_dags/example_sensors.py
[2024-10-12T07:27:48.132+0000] {processor.py:914} INFO - Processing file /home/vboxuser/airflow_venv/lib/python3.12/site-packages/airflow/example_dags/example_sensors.py for tasks to queue
[2024-10-12T07:27:48.136+0000] {logging_mixin.py:190} INFO - [2024-10-12T07:27:48.136+0000] {dagbag.py:588} INFO - Filling up the DagBag from /home/vboxuser/airflow_venv/lib/python3.12/site-packages/airflow/example_dags/example_sensors.py
[2024-10-12T07:27:48.157+0000] {processor.py:925} INFO - DAG(s) 'example_sensors' retrieved from /home/vboxuser/airflow_venv/lib/python3.12/site-packages/airflow/example_dags/example_sensors.py
[2024-10-12T07:27:48.186+0000] {logging_mixin.py:190} INFO - [2024-10-12T07:27:48.186+0000] {dag.py:3239} INFO - Sync 1 DAGs
[2024-10-12T07:27:48.203+0000] {logging_mixin.py:190} INFO - [2024-10-12T07:27:48.203+0000] {dag.py:4180} INFO - Setting next_dagrun for example_sensors to None, run_after=None
[2024-10-12T07:27:48.241+0000] {processor.py:208} INFO - Processing /home/vboxuser/airflow_venv/lib/python3.12/site-packages/airflow/example_dags/example_sensors.py took 0.123 seconds
[2024-10-12T07:28:52.503+0000] {processor.py:186} INFO - Started process (PID=12492) to work on /home/vboxuser/airflow_venv/lib/python3.12/site-packages/airflow/example_dags/example_sensors.py
[2024-10-12T07:28:52.505+0000] {processor.py:914} INFO - Processing file /home/vboxuser/airflow_venv/lib/python3.12/site-packages/airflow/example_dags/example_sensors.py for tasks to queue
[2024-10-12T07:28:52.508+0000] {logging_mixin.py:190} INFO - [2024-10-12T07:28:52.508+0000] {dagbag.py:588} INFO - Filling up the DagBag from /home/vboxuser/airflow_venv/lib/python3.12/site-packages/airflow/example_dags/example_sensors.py
[2024-10-12T07:28:52.529+0000] {processor.py:925} INFO - DAG(s) 'example_sensors' retrieved from /home/vboxuser/airflow_venv/lib/python3.12/site-packages/airflow/example_dags/example_sensors.py
[2024-10-12T07:28:52.559+0000] {logging_mixin.py:190} INFO - [2024-10-12T07:28:52.558+0000] {dag.py:3239} INFO - Sync 1 DAGs
[2024-10-12T07:28:52.579+0000] {logging_mixin.py:190} INFO - [2024-10-12T07:28:52.578+0000] {dag.py:4180} INFO - Setting next_dagrun for example_sensors to None, run_after=None
[2024-10-12T07:28:52.626+0000] {processor.py:208} INFO - Processing /home/vboxuser/airflow_venv/lib/python3.12/site-packages/airflow/example_dags/example_sensors.py took 0.132 seconds
[2024-10-12T07:30:01.960+0000] {processor.py:186} INFO - Started process (PID=12564) to work on /home/vboxuser/airflow_venv/lib/python3.12/site-packages/airflow/example_dags/example_sensors.py
[2024-10-12T07:30:01.964+0000] {processor.py:914} INFO - Processing file /home/vboxuser/airflow_venv/lib/python3.12/site-packages/airflow/example_dags/example_sensors.py for tasks to queue
[2024-10-12T07:30:01.967+0000] {logging_mixin.py:190} INFO - [2024-10-12T07:30:01.966+0000] {dagbag.py:588} INFO - Filling up the DagBag from /home/vboxuser/airflow_venv/lib/python3.12/site-packages/airflow/example_dags/example_sensors.py
[2024-10-12T07:30:01.983+0000] {processor.py:925} INFO - DAG(s) 'example_sensors' retrieved from /home/vboxuser/airflow_venv/lib/python3.12/site-packages/airflow/example_dags/example_sensors.py
[2024-10-12T07:30:02.009+0000] {logging_mixin.py:190} INFO - [2024-10-12T07:30:02.009+0000] {dag.py:3239} INFO - Sync 1 DAGs
[2024-10-12T07:30:02.026+0000] {logging_mixin.py:190} INFO - [2024-10-12T07:30:02.026+0000] {dag.py:4180} INFO - Setting next_dagrun for example_sensors to None, run_after=None
[2024-10-12T07:30:02.060+0000] {processor.py:208} INFO - Processing /home/vboxuser/airflow_venv/lib/python3.12/site-packages/airflow/example_dags/example_sensors.py took 0.115 seconds
[2024-10-12T07:31:14.262+0000] {processor.py:186} INFO - Started process (PID=12636) to work on /home/vboxuser/airflow_venv/lib/python3.12/site-packages/airflow/example_dags/example_sensors.py
[2024-10-12T07:31:14.265+0000] {processor.py:914} INFO - Processing file /home/vboxuser/airflow_venv/lib/python3.12/site-packages/airflow/example_dags/example_sensors.py for tasks to queue
[2024-10-12T07:31:14.269+0000] {logging_mixin.py:190} INFO - [2024-10-12T07:31:14.268+0000] {dagbag.py:588} INFO - Filling up the DagBag from /home/vboxuser/airflow_venv/lib/python3.12/site-packages/airflow/example_dags/example_sensors.py
[2024-10-12T07:31:14.290+0000] {processor.py:925} INFO - DAG(s) 'example_sensors' retrieved from /home/vboxuser/airflow_venv/lib/python3.12/site-packages/airflow/example_dags/example_sensors.py
[2024-10-12T07:31:14.333+0000] {logging_mixin.py:190} INFO - [2024-10-12T07:31:14.333+0000] {dag.py:3239} INFO - Sync 1 DAGs
[2024-10-12T07:31:14.351+0000] {logging_mixin.py:190} INFO - [2024-10-12T07:31:14.351+0000] {dag.py:4180} INFO - Setting next_dagrun for example_sensors to None, run_after=None
[2024-10-12T07:31:14.397+0000] {processor.py:208} INFO - Processing /home/vboxuser/airflow_venv/lib/python3.12/site-packages/airflow/example_dags/example_sensors.py took 0.145 seconds
[2024-10-12T07:32:19.871+0000] {processor.py:186} INFO - Started process (PID=12705) to work on /home/vboxuser/airflow_venv/lib/python3.12/site-packages/airflow/example_dags/example_sensors.py
[2024-10-12T07:32:19.876+0000] {processor.py:914} INFO - Processing file /home/vboxuser/airflow_venv/lib/python3.12/site-packages/airflow/example_dags/example_sensors.py for tasks to queue
[2024-10-12T07:32:19.881+0000] {logging_mixin.py:190} INFO - [2024-10-12T07:32:19.880+0000] {dagbag.py:588} INFO - Filling up the DagBag from /home/vboxuser/airflow_venv/lib/python3.12/site-packages/airflow/example_dags/example_sensors.py
[2024-10-12T07:32:19.898+0000] {processor.py:925} INFO - DAG(s) 'example_sensors' retrieved from /home/vboxuser/airflow_venv/lib/python3.12/site-packages/airflow/example_dags/example_sensors.py
[2024-10-12T07:32:19.929+0000] {logging_mixin.py:190} INFO - [2024-10-12T07:32:19.929+0000] {dag.py:3239} INFO - Sync 1 DAGs
[2024-10-12T07:32:19.943+0000] {logging_mixin.py:190} INFO - [2024-10-12T07:32:19.943+0000] {dag.py:4180} INFO - Setting next_dagrun for example_sensors to None, run_after=None
[2024-10-12T07:32:19.984+0000] {processor.py:208} INFO - Processing /home/vboxuser/airflow_venv/lib/python3.12/site-packages/airflow/example_dags/example_sensors.py took 0.123 seconds
[2024-10-12T07:33:23.574+0000] {processor.py:186} INFO - Started process (PID=12763) to work on /home/vboxuser/airflow_venv/lib/python3.12/site-packages/airflow/example_dags/example_sensors.py
[2024-10-12T07:33:23.576+0000] {processor.py:914} INFO - Processing file /home/vboxuser/airflow_venv/lib/python3.12/site-packages/airflow/example_dags/example_sensors.py for tasks to queue
[2024-10-12T07:33:23.580+0000] {logging_mixin.py:190} INFO - [2024-10-12T07:33:23.579+0000] {dagbag.py:588} INFO - Filling up the DagBag from /home/vboxuser/airflow_venv/lib/python3.12/site-packages/airflow/example_dags/example_sensors.py
[2024-10-12T07:33:23.598+0000] {processor.py:925} INFO - DAG(s) 'example_sensors' retrieved from /home/vboxuser/airflow_venv/lib/python3.12/site-packages/airflow/example_dags/example_sensors.py
[2024-10-12T07:33:23.629+0000] {logging_mixin.py:190} INFO - [2024-10-12T07:33:23.628+0000] {dag.py:3239} INFO - Sync 1 DAGs
[2024-10-12T07:33:23.644+0000] {logging_mixin.py:190} INFO - [2024-10-12T07:33:23.643+0000] {dag.py:4180} INFO - Setting next_dagrun for example_sensors to None, run_after=None
[2024-10-12T07:33:23.680+0000] {processor.py:208} INFO - Processing /home/vboxuser/airflow_venv/lib/python3.12/site-packages/airflow/example_dags/example_sensors.py took 0.114 seconds
[2024-10-12T07:34:25.521+0000] {processor.py:186} INFO - Started process (PID=12821) to work on /home/vboxuser/airflow_venv/lib/python3.12/site-packages/airflow/example_dags/example_sensors.py
[2024-10-12T07:34:25.526+0000] {processor.py:914} INFO - Processing file /home/vboxuser/airflow_venv/lib/python3.12/site-packages/airflow/example_dags/example_sensors.py for tasks to queue
[2024-10-12T07:34:25.531+0000] {logging_mixin.py:190} INFO - [2024-10-12T07:34:25.531+0000] {dagbag.py:588} INFO - Filling up the DagBag from /home/vboxuser/airflow_venv/lib/python3.12/site-packages/airflow/example_dags/example_sensors.py
[2024-10-12T07:34:25.544+0000] {processor.py:925} INFO - DAG(s) 'example_sensors' retrieved from /home/vboxuser/airflow_venv/lib/python3.12/site-packages/airflow/example_dags/example_sensors.py
[2024-10-12T07:34:25.569+0000] {logging_mixin.py:190} INFO - [2024-10-12T07:34:25.568+0000] {dag.py:3239} INFO - Sync 1 DAGs
[2024-10-12T07:34:25.584+0000] {logging_mixin.py:190} INFO - [2024-10-12T07:34:25.584+0000] {dag.py:4180} INFO - Setting next_dagrun for example_sensors to None, run_after=None
[2024-10-12T07:34:25.619+0000] {processor.py:208} INFO - Processing /home/vboxuser/airflow_venv/lib/python3.12/site-packages/airflow/example_dags/example_sensors.py took 0.109 seconds
[2024-10-12T07:47:11.508+0000] {processor.py:186} INFO - Started process (PID=12914) to work on /home/vboxuser/airflow_venv/lib/python3.12/site-packages/airflow/example_dags/example_sensors.py
[2024-10-12T07:47:11.510+0000] {processor.py:914} INFO - Processing file /home/vboxuser/airflow_venv/lib/python3.12/site-packages/airflow/example_dags/example_sensors.py for tasks to queue
[2024-10-12T07:47:11.514+0000] {logging_mixin.py:190} INFO - [2024-10-12T07:47:11.514+0000] {dagbag.py:588} INFO - Filling up the DagBag from /home/vboxuser/airflow_venv/lib/python3.12/site-packages/airflow/example_dags/example_sensors.py
[2024-10-12T07:47:11.534+0000] {processor.py:925} INFO - DAG(s) 'example_sensors' retrieved from /home/vboxuser/airflow_venv/lib/python3.12/site-packages/airflow/example_dags/example_sensors.py
[2024-10-12T07:47:11.565+0000] {logging_mixin.py:190} INFO - [2024-10-12T07:47:11.564+0000] {dag.py:3239} INFO - Sync 1 DAGs
[2024-10-12T07:47:11.582+0000] {logging_mixin.py:190} INFO - [2024-10-12T07:47:11.582+0000] {dag.py:4180} INFO - Setting next_dagrun for example_sensors to None, run_after=None
[2024-10-12T07:47:11.625+0000] {processor.py:208} INFO - Processing /home/vboxuser/airflow_venv/lib/python3.12/site-packages/airflow/example_dags/example_sensors.py took 0.128 seconds
[2024-10-12T07:48:13.666+0000] {processor.py:186} INFO - Started process (PID=12967) to work on /home/vboxuser/airflow_venv/lib/python3.12/site-packages/airflow/example_dags/example_sensors.py
[2024-10-12T07:48:13.669+0000] {processor.py:914} INFO - Processing file /home/vboxuser/airflow_venv/lib/python3.12/site-packages/airflow/example_dags/example_sensors.py for tasks to queue
[2024-10-12T07:48:13.674+0000] {logging_mixin.py:190} INFO - [2024-10-12T07:48:13.673+0000] {dagbag.py:588} INFO - Filling up the DagBag from /home/vboxuser/airflow_venv/lib/python3.12/site-packages/airflow/example_dags/example_sensors.py
[2024-10-12T07:48:13.691+0000] {processor.py:925} INFO - DAG(s) 'example_sensors' retrieved from /home/vboxuser/airflow_venv/lib/python3.12/site-packages/airflow/example_dags/example_sensors.py
[2024-10-12T07:48:13.724+0000] {logging_mixin.py:190} INFO - [2024-10-12T07:48:13.724+0000] {dag.py:3239} INFO - Sync 1 DAGs
[2024-10-12T07:48:13.744+0000] {logging_mixin.py:190} INFO - [2024-10-12T07:48:13.744+0000] {dag.py:4180} INFO - Setting next_dagrun for example_sensors to None, run_after=None
[2024-10-12T07:48:13.794+0000] {processor.py:208} INFO - Processing /home/vboxuser/airflow_venv/lib/python3.12/site-packages/airflow/example_dags/example_sensors.py took 0.138 seconds
[2024-10-12T07:49:19.374+0000] {processor.py:186} INFO - Started process (PID=13026) to work on /home/vboxuser/airflow_venv/lib/python3.12/site-packages/airflow/example_dags/example_sensors.py
[2024-10-12T07:49:19.378+0000] {processor.py:914} INFO - Processing file /home/vboxuser/airflow_venv/lib/python3.12/site-packages/airflow/example_dags/example_sensors.py for tasks to queue
[2024-10-12T07:49:19.382+0000] {logging_mixin.py:190} INFO - [2024-10-12T07:49:19.381+0000] {dagbag.py:588} INFO - Filling up the DagBag from /home/vboxuser/airflow_venv/lib/python3.12/site-packages/airflow/example_dags/example_sensors.py
[2024-10-12T07:49:19.407+0000] {processor.py:925} INFO - DAG(s) 'example_sensors' retrieved from /home/vboxuser/airflow_venv/lib/python3.12/site-packages/airflow/example_dags/example_sensors.py
[2024-10-12T07:49:19.443+0000] {logging_mixin.py:190} INFO - [2024-10-12T07:49:19.442+0000] {dag.py:3239} INFO - Sync 1 DAGs
[2024-10-12T07:49:19.465+0000] {logging_mixin.py:190} INFO - [2024-10-12T07:49:19.465+0000] {dag.py:4180} INFO - Setting next_dagrun for example_sensors to None, run_after=None
[2024-10-12T07:49:19.515+0000] {processor.py:208} INFO - Processing /home/vboxuser/airflow_venv/lib/python3.12/site-packages/airflow/example_dags/example_sensors.py took 0.157 seconds
[2024-10-12T07:50:29.886+0000] {processor.py:186} INFO - Started process (PID=13089) to work on /home/vboxuser/airflow_venv/lib/python3.12/site-packages/airflow/example_dags/example_sensors.py
[2024-10-12T07:50:29.889+0000] {processor.py:914} INFO - Processing file /home/vboxuser/airflow_venv/lib/python3.12/site-packages/airflow/example_dags/example_sensors.py for tasks to queue
[2024-10-12T07:50:29.894+0000] {logging_mixin.py:190} INFO - [2024-10-12T07:50:29.893+0000] {dagbag.py:588} INFO - Filling up the DagBag from /home/vboxuser/airflow_venv/lib/python3.12/site-packages/airflow/example_dags/example_sensors.py
[2024-10-12T07:50:29.918+0000] {processor.py:925} INFO - DAG(s) 'example_sensors' retrieved from /home/vboxuser/airflow_venv/lib/python3.12/site-packages/airflow/example_dags/example_sensors.py
[2024-10-12T07:50:29.948+0000] {logging_mixin.py:190} INFO - [2024-10-12T07:50:29.948+0000] {dag.py:3239} INFO - Sync 1 DAGs
[2024-10-12T07:50:29.964+0000] {logging_mixin.py:190} INFO - [2024-10-12T07:50:29.964+0000] {dag.py:4180} INFO - Setting next_dagrun for example_sensors to None, run_after=None
[2024-10-12T07:50:30.006+0000] {processor.py:208} INFO - Processing /home/vboxuser/airflow_venv/lib/python3.12/site-packages/airflow/example_dags/example_sensors.py took 0.133 seconds
[2024-10-12T07:51:39.298+0000] {processor.py:186} INFO - Started process (PID=13224) to work on /home/vboxuser/airflow_venv/lib/python3.12/site-packages/airflow/example_dags/example_sensors.py
[2024-10-12T07:51:39.303+0000] {processor.py:914} INFO - Processing file /home/vboxuser/airflow_venv/lib/python3.12/site-packages/airflow/example_dags/example_sensors.py for tasks to queue
[2024-10-12T07:51:39.308+0000] {logging_mixin.py:190} INFO - [2024-10-12T07:51:39.307+0000] {dagbag.py:588} INFO - Filling up the DagBag from /home/vboxuser/airflow_venv/lib/python3.12/site-packages/airflow/example_dags/example_sensors.py
[2024-10-12T07:51:39.328+0000] {processor.py:925} INFO - DAG(s) 'example_sensors' retrieved from /home/vboxuser/airflow_venv/lib/python3.12/site-packages/airflow/example_dags/example_sensors.py
[2024-10-12T07:51:39.361+0000] {logging_mixin.py:190} INFO - [2024-10-12T07:51:39.361+0000] {dag.py:3239} INFO - Sync 1 DAGs
[2024-10-12T07:51:39.380+0000] {logging_mixin.py:190} INFO - [2024-10-12T07:51:39.379+0000] {dag.py:4180} INFO - Setting next_dagrun for example_sensors to None, run_after=None
[2024-10-12T07:51:39.429+0000] {processor.py:208} INFO - Processing /home/vboxuser/airflow_venv/lib/python3.12/site-packages/airflow/example_dags/example_sensors.py took 0.144 seconds
[2024-10-12T07:52:50.757+0000] {processor.py:186} INFO - Started process (PID=13300) to work on /home/vboxuser/airflow_venv/lib/python3.12/site-packages/airflow/example_dags/example_sensors.py
[2024-10-12T07:52:50.760+0000] {processor.py:914} INFO - Processing file /home/vboxuser/airflow_venv/lib/python3.12/site-packages/airflow/example_dags/example_sensors.py for tasks to queue
[2024-10-12T07:52:50.764+0000] {logging_mixin.py:190} INFO - [2024-10-12T07:52:50.763+0000] {dagbag.py:588} INFO - Filling up the DagBag from /home/vboxuser/airflow_venv/lib/python3.12/site-packages/airflow/example_dags/example_sensors.py
[2024-10-12T07:52:50.787+0000] {processor.py:925} INFO - DAG(s) 'example_sensors' retrieved from /home/vboxuser/airflow_venv/lib/python3.12/site-packages/airflow/example_dags/example_sensors.py
[2024-10-12T07:52:50.823+0000] {logging_mixin.py:190} INFO - [2024-10-12T07:52:50.822+0000] {dag.py:3239} INFO - Sync 1 DAGs
[2024-10-12T07:52:50.844+0000] {logging_mixin.py:190} INFO - [2024-10-12T07:52:50.844+0000] {dag.py:4180} INFO - Setting next_dagrun for example_sensors to None, run_after=None
[2024-10-12T07:52:50.899+0000] {processor.py:208} INFO - Processing /home/vboxuser/airflow_venv/lib/python3.12/site-packages/airflow/example_dags/example_sensors.py took 0.154 seconds
[2024-10-12T07:53:51.359+0000] {processor.py:186} INFO - Started process (PID=13369) to work on /home/vboxuser/airflow_venv/lib/python3.12/site-packages/airflow/example_dags/example_sensors.py
[2024-10-12T07:53:51.361+0000] {processor.py:914} INFO - Processing file /home/vboxuser/airflow_venv/lib/python3.12/site-packages/airflow/example_dags/example_sensors.py for tasks to queue
[2024-10-12T07:53:51.364+0000] {logging_mixin.py:190} INFO - [2024-10-12T07:53:51.364+0000] {dagbag.py:588} INFO - Filling up the DagBag from /home/vboxuser/airflow_venv/lib/python3.12/site-packages/airflow/example_dags/example_sensors.py
[2024-10-12T07:53:51.382+0000] {processor.py:925} INFO - DAG(s) 'example_sensors' retrieved from /home/vboxuser/airflow_venv/lib/python3.12/site-packages/airflow/example_dags/example_sensors.py
[2024-10-12T07:53:51.415+0000] {logging_mixin.py:190} INFO - [2024-10-12T07:53:51.415+0000] {dag.py:3239} INFO - Sync 1 DAGs
[2024-10-12T07:53:51.432+0000] {logging_mixin.py:190} INFO - [2024-10-12T07:53:51.432+0000] {dag.py:4180} INFO - Setting next_dagrun for example_sensors to None, run_after=None
[2024-10-12T07:53:51.470+0000] {processor.py:208} INFO - Processing /home/vboxuser/airflow_venv/lib/python3.12/site-packages/airflow/example_dags/example_sensors.py took 0.121 seconds
[2024-10-12T07:54:55.194+0000] {processor.py:186} INFO - Started process (PID=13427) to work on /home/vboxuser/airflow_venv/lib/python3.12/site-packages/airflow/example_dags/example_sensors.py
[2024-10-12T07:54:55.201+0000] {processor.py:914} INFO - Processing file /home/vboxuser/airflow_venv/lib/python3.12/site-packages/airflow/example_dags/example_sensors.py for tasks to queue
[2024-10-12T07:54:55.205+0000] {logging_mixin.py:190} INFO - [2024-10-12T07:54:55.204+0000] {dagbag.py:588} INFO - Filling up the DagBag from /home/vboxuser/airflow_venv/lib/python3.12/site-packages/airflow/example_dags/example_sensors.py
[2024-10-12T07:54:55.225+0000] {processor.py:925} INFO - DAG(s) 'example_sensors' retrieved from /home/vboxuser/airflow_venv/lib/python3.12/site-packages/airflow/example_dags/example_sensors.py
[2024-10-12T07:54:55.258+0000] {logging_mixin.py:190} INFO - [2024-10-12T07:54:55.258+0000] {dag.py:3239} INFO - Sync 1 DAGs
[2024-10-12T07:54:55.277+0000] {logging_mixin.py:190} INFO - [2024-10-12T07:54:55.276+0000] {dag.py:4180} INFO - Setting next_dagrun for example_sensors to None, run_after=None
[2024-10-12T07:54:55.331+0000] {processor.py:208} INFO - Processing /home/vboxuser/airflow_venv/lib/python3.12/site-packages/airflow/example_dags/example_sensors.py took 0.148 seconds
[2024-10-12T07:56:00.862+0000] {processor.py:186} INFO - Started process (PID=13494) to work on /home/vboxuser/airflow_venv/lib/python3.12/site-packages/airflow/example_dags/example_sensors.py
[2024-10-12T07:56:00.864+0000] {processor.py:914} INFO - Processing file /home/vboxuser/airflow_venv/lib/python3.12/site-packages/airflow/example_dags/example_sensors.py for tasks to queue
[2024-10-12T07:56:00.867+0000] {logging_mixin.py:190} INFO - [2024-10-12T07:56:00.866+0000] {dagbag.py:588} INFO - Filling up the DagBag from /home/vboxuser/airflow_venv/lib/python3.12/site-packages/airflow/example_dags/example_sensors.py
[2024-10-12T07:56:00.882+0000] {processor.py:925} INFO - DAG(s) 'example_sensors' retrieved from /home/vboxuser/airflow_venv/lib/python3.12/site-packages/airflow/example_dags/example_sensors.py
[2024-10-12T07:56:00.910+0000] {logging_mixin.py:190} INFO - [2024-10-12T07:56:00.910+0000] {dag.py:3239} INFO - Sync 1 DAGs
[2024-10-12T07:56:00.924+0000] {logging_mixin.py:190} INFO - [2024-10-12T07:56:00.924+0000] {dag.py:4180} INFO - Setting next_dagrun for example_sensors to None, run_after=None
[2024-10-12T07:56:00.959+0000] {processor.py:208} INFO - Processing /home/vboxuser/airflow_venv/lib/python3.12/site-packages/airflow/example_dags/example_sensors.py took 0.103 seconds
[2024-10-12T07:57:07.548+0000] {processor.py:186} INFO - Started process (PID=13557) to work on /home/vboxuser/airflow_venv/lib/python3.12/site-packages/airflow/example_dags/example_sensors.py
[2024-10-12T07:57:07.553+0000] {processor.py:914} INFO - Processing file /home/vboxuser/airflow_venv/lib/python3.12/site-packages/airflow/example_dags/example_sensors.py for tasks to queue
[2024-10-12T07:57:07.558+0000] {logging_mixin.py:190} INFO - [2024-10-12T07:57:07.557+0000] {dagbag.py:588} INFO - Filling up the DagBag from /home/vboxuser/airflow_venv/lib/python3.12/site-packages/airflow/example_dags/example_sensors.py
[2024-10-12T07:57:07.574+0000] {processor.py:925} INFO - DAG(s) 'example_sensors' retrieved from /home/vboxuser/airflow_venv/lib/python3.12/site-packages/airflow/example_dags/example_sensors.py
[2024-10-12T07:57:07.599+0000] {logging_mixin.py:190} INFO - [2024-10-12T07:57:07.598+0000] {dag.py:3239} INFO - Sync 1 DAGs
[2024-10-12T07:57:07.618+0000] {logging_mixin.py:190} INFO - [2024-10-12T07:57:07.618+0000] {dag.py:4180} INFO - Setting next_dagrun for example_sensors to None, run_after=None
[2024-10-12T07:57:07.653+0000] {processor.py:208} INFO - Processing /home/vboxuser/airflow_venv/lib/python3.12/site-packages/airflow/example_dags/example_sensors.py took 0.116 seconds
[2024-10-12T07:58:12.142+0000] {processor.py:186} INFO - Started process (PID=13627) to work on /home/vboxuser/airflow_venv/lib/python3.12/site-packages/airflow/example_dags/example_sensors.py
[2024-10-12T07:58:12.148+0000] {processor.py:914} INFO - Processing file /home/vboxuser/airflow_venv/lib/python3.12/site-packages/airflow/example_dags/example_sensors.py for tasks to queue
[2024-10-12T07:58:12.154+0000] {logging_mixin.py:190} INFO - [2024-10-12T07:58:12.153+0000] {dagbag.py:588} INFO - Filling up the DagBag from /home/vboxuser/airflow_venv/lib/python3.12/site-packages/airflow/example_dags/example_sensors.py
[2024-10-12T07:58:12.171+0000] {processor.py:925} INFO - DAG(s) 'example_sensors' retrieved from /home/vboxuser/airflow_venv/lib/python3.12/site-packages/airflow/example_dags/example_sensors.py
[2024-10-12T07:58:12.197+0000] {logging_mixin.py:190} INFO - [2024-10-12T07:58:12.197+0000] {dag.py:3239} INFO - Sync 1 DAGs
[2024-10-12T07:58:12.211+0000] {logging_mixin.py:190} INFO - [2024-10-12T07:58:12.210+0000] {dag.py:4180} INFO - Setting next_dagrun for example_sensors to None, run_after=None
[2024-10-12T07:58:12.272+0000] {processor.py:208} INFO - Processing /home/vboxuser/airflow_venv/lib/python3.12/site-packages/airflow/example_dags/example_sensors.py took 0.141 seconds
[2024-10-12T07:59:11.194+0000] {processor.py:186} INFO - Started process (PID=13684) to work on /home/vboxuser/airflow_venv/lib/python3.12/site-packages/airflow/example_dags/example_sensors.py
[2024-10-12T07:59:11.199+0000] {processor.py:914} INFO - Processing file /home/vboxuser/airflow_venv/lib/python3.12/site-packages/airflow/example_dags/example_sensors.py for tasks to queue
[2024-10-12T07:59:11.204+0000] {logging_mixin.py:190} INFO - [2024-10-12T07:59:11.203+0000] {dagbag.py:588} INFO - Filling up the DagBag from /home/vboxuser/airflow_venv/lib/python3.12/site-packages/airflow/example_dags/example_sensors.py
[2024-10-12T07:59:11.223+0000] {processor.py:925} INFO - DAG(s) 'example_sensors' retrieved from /home/vboxuser/airflow_venv/lib/python3.12/site-packages/airflow/example_dags/example_sensors.py
[2024-10-12T07:59:11.250+0000] {logging_mixin.py:190} INFO - [2024-10-12T07:59:11.250+0000] {dag.py:3239} INFO - Sync 1 DAGs
[2024-10-12T07:59:11.266+0000] {logging_mixin.py:190} INFO - [2024-10-12T07:59:11.266+0000] {dag.py:4180} INFO - Setting next_dagrun for example_sensors to None, run_after=None
[2024-10-12T07:59:11.302+0000] {processor.py:208} INFO - Processing /home/vboxuser/airflow_venv/lib/python3.12/site-packages/airflow/example_dags/example_sensors.py took 0.116 seconds
[2024-10-12T08:00:17.662+0000] {processor.py:186} INFO - Started process (PID=13743) to work on /home/vboxuser/airflow_venv/lib/python3.12/site-packages/airflow/example_dags/example_sensors.py
[2024-10-12T08:00:17.664+0000] {processor.py:914} INFO - Processing file /home/vboxuser/airflow_venv/lib/python3.12/site-packages/airflow/example_dags/example_sensors.py for tasks to queue
[2024-10-12T08:00:17.669+0000] {logging_mixin.py:190} INFO - [2024-10-12T08:00:17.669+0000] {dagbag.py:588} INFO - Filling up the DagBag from /home/vboxuser/airflow_venv/lib/python3.12/site-packages/airflow/example_dags/example_sensors.py
[2024-10-12T08:00:17.690+0000] {processor.py:925} INFO - DAG(s) 'example_sensors' retrieved from /home/vboxuser/airflow_venv/lib/python3.12/site-packages/airflow/example_dags/example_sensors.py
[2024-10-12T08:00:17.724+0000] {logging_mixin.py:190} INFO - [2024-10-12T08:00:17.724+0000] {dag.py:3239} INFO - Sync 1 DAGs
[2024-10-12T08:00:17.742+0000] {logging_mixin.py:190} INFO - [2024-10-12T08:00:17.742+0000] {dag.py:4180} INFO - Setting next_dagrun for example_sensors to None, run_after=None
[2024-10-12T08:00:17.781+0000] {processor.py:208} INFO - Processing /home/vboxuser/airflow_venv/lib/python3.12/site-packages/airflow/example_dags/example_sensors.py took 0.130 seconds
[2024-10-12T08:01:20.016+0000] {processor.py:186} INFO - Started process (PID=13804) to work on /home/vboxuser/airflow_venv/lib/python3.12/site-packages/airflow/example_dags/example_sensors.py
[2024-10-12T08:01:20.018+0000] {processor.py:914} INFO - Processing file /home/vboxuser/airflow_venv/lib/python3.12/site-packages/airflow/example_dags/example_sensors.py for tasks to queue
[2024-10-12T08:01:20.023+0000] {logging_mixin.py:190} INFO - [2024-10-12T08:01:20.022+0000] {dagbag.py:588} INFO - Filling up the DagBag from /home/vboxuser/airflow_venv/lib/python3.12/site-packages/airflow/example_dags/example_sensors.py
[2024-10-12T08:01:20.042+0000] {processor.py:925} INFO - DAG(s) 'example_sensors' retrieved from /home/vboxuser/airflow_venv/lib/python3.12/site-packages/airflow/example_dags/example_sensors.py
[2024-10-12T08:01:20.075+0000] {logging_mixin.py:190} INFO - [2024-10-12T08:01:20.074+0000] {dag.py:3239} INFO - Sync 1 DAGs
[2024-10-12T08:01:20.093+0000] {logging_mixin.py:190} INFO - [2024-10-12T08:01:20.093+0000] {dag.py:4180} INFO - Setting next_dagrun for example_sensors to None, run_after=None
[2024-10-12T08:01:20.130+0000] {processor.py:208} INFO - Processing /home/vboxuser/airflow_venv/lib/python3.12/site-packages/airflow/example_dags/example_sensors.py took 0.124 seconds
[2024-10-12T08:02:30.137+0000] {processor.py:186} INFO - Started process (PID=13865) to work on /home/vboxuser/airflow_venv/lib/python3.12/site-packages/airflow/example_dags/example_sensors.py
[2024-10-12T08:02:30.139+0000] {processor.py:914} INFO - Processing file /home/vboxuser/airflow_venv/lib/python3.12/site-packages/airflow/example_dags/example_sensors.py for tasks to queue
[2024-10-12T08:02:30.143+0000] {logging_mixin.py:190} INFO - [2024-10-12T08:02:30.142+0000] {dagbag.py:588} INFO - Filling up the DagBag from /home/vboxuser/airflow_venv/lib/python3.12/site-packages/airflow/example_dags/example_sensors.py
[2024-10-12T08:02:30.163+0000] {processor.py:925} INFO - DAG(s) 'example_sensors' retrieved from /home/vboxuser/airflow_venv/lib/python3.12/site-packages/airflow/example_dags/example_sensors.py
[2024-10-12T08:02:30.198+0000] {logging_mixin.py:190} INFO - [2024-10-12T08:02:30.197+0000] {dag.py:3239} INFO - Sync 1 DAGs
[2024-10-12T08:02:30.215+0000] {logging_mixin.py:190} INFO - [2024-10-12T08:02:30.214+0000] {dag.py:4180} INFO - Setting next_dagrun for example_sensors to None, run_after=None
[2024-10-12T08:02:30.255+0000] {processor.py:208} INFO - Processing /home/vboxuser/airflow_venv/lib/python3.12/site-packages/airflow/example_dags/example_sensors.py took 0.129 seconds
[2024-10-12T08:03:32.707+0000] {processor.py:186} INFO - Started process (PID=13923) to work on /home/vboxuser/airflow_venv/lib/python3.12/site-packages/airflow/example_dags/example_sensors.py
[2024-10-12T08:03:32.710+0000] {processor.py:914} INFO - Processing file /home/vboxuser/airflow_venv/lib/python3.12/site-packages/airflow/example_dags/example_sensors.py for tasks to queue
[2024-10-12T08:03:32.713+0000] {logging_mixin.py:190} INFO - [2024-10-12T08:03:32.712+0000] {dagbag.py:588} INFO - Filling up the DagBag from /home/vboxuser/airflow_venv/lib/python3.12/site-packages/airflow/example_dags/example_sensors.py
[2024-10-12T08:03:32.730+0000] {processor.py:925} INFO - DAG(s) 'example_sensors' retrieved from /home/vboxuser/airflow_venv/lib/python3.12/site-packages/airflow/example_dags/example_sensors.py
[2024-10-12T08:03:32.759+0000] {logging_mixin.py:190} INFO - [2024-10-12T08:03:32.759+0000] {dag.py:3239} INFO - Sync 1 DAGs
[2024-10-12T08:03:32.775+0000] {logging_mixin.py:190} INFO - [2024-10-12T08:03:32.775+0000] {dag.py:4180} INFO - Setting next_dagrun for example_sensors to None, run_after=None
[2024-10-12T08:03:32.815+0000] {processor.py:208} INFO - Processing /home/vboxuser/airflow_venv/lib/python3.12/site-packages/airflow/example_dags/example_sensors.py took 0.118 seconds
[2024-10-12T08:04:42.908+0000] {processor.py:186} INFO - Started process (PID=13997) to work on /home/vboxuser/airflow_venv/lib/python3.12/site-packages/airflow/example_dags/example_sensors.py
[2024-10-12T08:04:42.912+0000] {processor.py:914} INFO - Processing file /home/vboxuser/airflow_venv/lib/python3.12/site-packages/airflow/example_dags/example_sensors.py for tasks to queue
[2024-10-12T08:04:42.917+0000] {logging_mixin.py:190} INFO - [2024-10-12T08:04:42.917+0000] {dagbag.py:588} INFO - Filling up the DagBag from /home/vboxuser/airflow_venv/lib/python3.12/site-packages/airflow/example_dags/example_sensors.py
[2024-10-12T08:04:42.940+0000] {processor.py:925} INFO - DAG(s) 'example_sensors' retrieved from /home/vboxuser/airflow_venv/lib/python3.12/site-packages/airflow/example_dags/example_sensors.py
[2024-10-12T08:04:42.975+0000] {logging_mixin.py:190} INFO - [2024-10-12T08:04:42.975+0000] {dag.py:3239} INFO - Sync 1 DAGs
[2024-10-12T08:04:42.994+0000] {logging_mixin.py:190} INFO - [2024-10-12T08:04:42.993+0000] {dag.py:4180} INFO - Setting next_dagrun for example_sensors to None, run_after=None
[2024-10-12T08:04:43.029+0000] {processor.py:208} INFO - Processing /home/vboxuser/airflow_venv/lib/python3.12/site-packages/airflow/example_dags/example_sensors.py took 0.137 seconds
[2024-10-12T08:05:51.119+0000] {processor.py:186} INFO - Started process (PID=14067) to work on /home/vboxuser/airflow_venv/lib/python3.12/site-packages/airflow/example_dags/example_sensors.py
[2024-10-12T08:05:51.124+0000] {processor.py:914} INFO - Processing file /home/vboxuser/airflow_venv/lib/python3.12/site-packages/airflow/example_dags/example_sensors.py for tasks to queue
[2024-10-12T08:05:51.130+0000] {logging_mixin.py:190} INFO - [2024-10-12T08:05:51.129+0000] {dagbag.py:588} INFO - Filling up the DagBag from /home/vboxuser/airflow_venv/lib/python3.12/site-packages/airflow/example_dags/example_sensors.py
[2024-10-12T08:05:51.159+0000] {processor.py:925} INFO - DAG(s) 'example_sensors' retrieved from /home/vboxuser/airflow_venv/lib/python3.12/site-packages/airflow/example_dags/example_sensors.py
[2024-10-12T08:05:51.212+0000] {logging_mixin.py:190} INFO - [2024-10-12T08:05:51.211+0000] {dag.py:3239} INFO - Sync 1 DAGs
[2024-10-12T08:05:51.250+0000] {logging_mixin.py:190} INFO - [2024-10-12T08:05:51.249+0000] {dag.py:4180} INFO - Setting next_dagrun for example_sensors to None, run_after=None
[2024-10-12T08:05:51.314+0000] {processor.py:208} INFO - Processing /home/vboxuser/airflow_venv/lib/python3.12/site-packages/airflow/example_dags/example_sensors.py took 0.210 seconds
[2024-10-12T08:07:06.581+0000] {processor.py:186} INFO - Started process (PID=14132) to work on /home/vboxuser/airflow_venv/lib/python3.12/site-packages/airflow/example_dags/example_sensors.py
[2024-10-12T08:07:06.589+0000] {processor.py:914} INFO - Processing file /home/vboxuser/airflow_venv/lib/python3.12/site-packages/airflow/example_dags/example_sensors.py for tasks to queue
[2024-10-12T08:07:06.597+0000] {logging_mixin.py:190} INFO - [2024-10-12T08:07:06.596+0000] {dagbag.py:588} INFO - Filling up the DagBag from /home/vboxuser/airflow_venv/lib/python3.12/site-packages/airflow/example_dags/example_sensors.py
[2024-10-12T08:07:06.626+0000] {processor.py:925} INFO - DAG(s) 'example_sensors' retrieved from /home/vboxuser/airflow_venv/lib/python3.12/site-packages/airflow/example_dags/example_sensors.py
[2024-10-12T08:07:06.684+0000] {logging_mixin.py:190} INFO - [2024-10-12T08:07:06.684+0000] {dag.py:3239} INFO - Sync 1 DAGs
[2024-10-12T08:07:06.718+0000] {logging_mixin.py:190} INFO - [2024-10-12T08:07:06.718+0000] {dag.py:4180} INFO - Setting next_dagrun for example_sensors to None, run_after=None
[2024-10-12T08:07:06.791+0000] {processor.py:208} INFO - Processing /home/vboxuser/airflow_venv/lib/python3.12/site-packages/airflow/example_dags/example_sensors.py took 0.224 seconds
[2024-10-12T08:08:19.671+0000] {processor.py:186} INFO - Started process (PID=14200) to work on /home/vboxuser/airflow_venv/lib/python3.12/site-packages/airflow/example_dags/example_sensors.py
[2024-10-12T08:08:19.678+0000] {processor.py:914} INFO - Processing file /home/vboxuser/airflow_venv/lib/python3.12/site-packages/airflow/example_dags/example_sensors.py for tasks to queue
[2024-10-12T08:08:19.684+0000] {logging_mixin.py:190} INFO - [2024-10-12T08:08:19.683+0000] {dagbag.py:588} INFO - Filling up the DagBag from /home/vboxuser/airflow_venv/lib/python3.12/site-packages/airflow/example_dags/example_sensors.py
[2024-10-12T08:08:19.708+0000] {processor.py:925} INFO - DAG(s) 'example_sensors' retrieved from /home/vboxuser/airflow_venv/lib/python3.12/site-packages/airflow/example_dags/example_sensors.py
[2024-10-12T08:08:19.755+0000] {logging_mixin.py:190} INFO - [2024-10-12T08:08:19.755+0000] {dag.py:3239} INFO - Sync 1 DAGs
[2024-10-12T08:08:19.786+0000] {logging_mixin.py:190} INFO - [2024-10-12T08:08:19.786+0000] {dag.py:4180} INFO - Setting next_dagrun for example_sensors to None, run_after=None
[2024-10-12T08:08:19.849+0000] {processor.py:208} INFO - Processing /home/vboxuser/airflow_venv/lib/python3.12/site-packages/airflow/example_dags/example_sensors.py took 0.194 seconds
[2024-10-12T08:09:37.736+0000] {processor.py:186} INFO - Started process (PID=14264) to work on /home/vboxuser/airflow_venv/lib/python3.12/site-packages/airflow/example_dags/example_sensors.py
[2024-10-12T08:09:37.743+0000] {processor.py:914} INFO - Processing file /home/vboxuser/airflow_venv/lib/python3.12/site-packages/airflow/example_dags/example_sensors.py for tasks to queue
[2024-10-12T08:09:37.748+0000] {logging_mixin.py:190} INFO - [2024-10-12T08:09:37.747+0000] {dagbag.py:588} INFO - Filling up the DagBag from /home/vboxuser/airflow_venv/lib/python3.12/site-packages/airflow/example_dags/example_sensors.py
[2024-10-12T08:09:37.773+0000] {processor.py:925} INFO - DAG(s) 'example_sensors' retrieved from /home/vboxuser/airflow_venv/lib/python3.12/site-packages/airflow/example_dags/example_sensors.py
[2024-10-12T08:09:37.817+0000] {logging_mixin.py:190} INFO - [2024-10-12T08:09:37.817+0000] {dag.py:3239} INFO - Sync 1 DAGs
[2024-10-12T08:09:37.844+0000] {logging_mixin.py:190} INFO - [2024-10-12T08:09:37.843+0000] {dag.py:4180} INFO - Setting next_dagrun for example_sensors to None, run_after=None
[2024-10-12T08:09:37.912+0000] {processor.py:208} INFO - Processing /home/vboxuser/airflow_venv/lib/python3.12/site-packages/airflow/example_dags/example_sensors.py took 0.192 seconds
[2024-10-12T08:10:54.200+0000] {processor.py:186} INFO - Started process (PID=14332) to work on /home/vboxuser/airflow_venv/lib/python3.12/site-packages/airflow/example_dags/example_sensors.py
[2024-10-12T08:10:54.207+0000] {processor.py:914} INFO - Processing file /home/vboxuser/airflow_venv/lib/python3.12/site-packages/airflow/example_dags/example_sensors.py for tasks to queue
[2024-10-12T08:10:54.214+0000] {logging_mixin.py:190} INFO - [2024-10-12T08:10:54.213+0000] {dagbag.py:588} INFO - Filling up the DagBag from /home/vboxuser/airflow_venv/lib/python3.12/site-packages/airflow/example_dags/example_sensors.py
[2024-10-12T08:10:54.242+0000] {processor.py:925} INFO - DAG(s) 'example_sensors' retrieved from /home/vboxuser/airflow_venv/lib/python3.12/site-packages/airflow/example_dags/example_sensors.py
[2024-10-12T08:10:54.278+0000] {logging_mixin.py:190} INFO - [2024-10-12T08:10:54.277+0000] {dag.py:3239} INFO - Sync 1 DAGs
[2024-10-12T08:10:54.298+0000] {logging_mixin.py:190} INFO - [2024-10-12T08:10:54.297+0000] {dag.py:4180} INFO - Setting next_dagrun for example_sensors to None, run_after=None
[2024-10-12T08:10:54.353+0000] {processor.py:208} INFO - Processing /home/vboxuser/airflow_venv/lib/python3.12/site-packages/airflow/example_dags/example_sensors.py took 0.167 seconds
[2024-10-12T08:11:59.986+0000] {processor.py:186} INFO - Started process (PID=14392) to work on /home/vboxuser/airflow_venv/lib/python3.12/site-packages/airflow/example_dags/example_sensors.py
[2024-10-12T08:11:59.990+0000] {processor.py:914} INFO - Processing file /home/vboxuser/airflow_venv/lib/python3.12/site-packages/airflow/example_dags/example_sensors.py for tasks to queue
[2024-10-12T08:11:59.995+0000] {logging_mixin.py:190} INFO - [2024-10-12T08:11:59.994+0000] {dagbag.py:588} INFO - Filling up the DagBag from /home/vboxuser/airflow_venv/lib/python3.12/site-packages/airflow/example_dags/example_sensors.py
[2024-10-12T08:12:00.019+0000] {processor.py:925} INFO - DAG(s) 'example_sensors' retrieved from /home/vboxuser/airflow_venv/lib/python3.12/site-packages/airflow/example_dags/example_sensors.py
[2024-10-12T08:12:00.062+0000] {logging_mixin.py:190} INFO - [2024-10-12T08:12:00.062+0000] {dag.py:3239} INFO - Sync 1 DAGs
[2024-10-12T08:12:00.088+0000] {logging_mixin.py:190} INFO - [2024-10-12T08:12:00.087+0000] {dag.py:4180} INFO - Setting next_dagrun for example_sensors to None, run_after=None
[2024-10-12T08:12:00.143+0000] {processor.py:208} INFO - Processing /home/vboxuser/airflow_venv/lib/python3.12/site-packages/airflow/example_dags/example_sensors.py took 0.168 seconds
[2024-10-12T08:13:08.656+0000] {processor.py:186} INFO - Started process (PID=14454) to work on /home/vboxuser/airflow_venv/lib/python3.12/site-packages/airflow/example_dags/example_sensors.py
[2024-10-12T08:13:08.661+0000] {processor.py:914} INFO - Processing file /home/vboxuser/airflow_venv/lib/python3.12/site-packages/airflow/example_dags/example_sensors.py for tasks to queue
[2024-10-12T08:13:08.667+0000] {logging_mixin.py:190} INFO - [2024-10-12T08:13:08.666+0000] {dagbag.py:588} INFO - Filling up the DagBag from /home/vboxuser/airflow_venv/lib/python3.12/site-packages/airflow/example_dags/example_sensors.py
[2024-10-12T08:13:08.693+0000] {processor.py:925} INFO - DAG(s) 'example_sensors' retrieved from /home/vboxuser/airflow_venv/lib/python3.12/site-packages/airflow/example_dags/example_sensors.py
[2024-10-12T08:13:08.721+0000] {logging_mixin.py:190} INFO - [2024-10-12T08:13:08.720+0000] {dag.py:3239} INFO - Sync 1 DAGs
[2024-10-12T08:13:08.738+0000] {logging_mixin.py:190} INFO - [2024-10-12T08:13:08.737+0000] {dag.py:4180} INFO - Setting next_dagrun for example_sensors to None, run_after=None
[2024-10-12T08:13:08.780+0000] {processor.py:208} INFO - Processing /home/vboxuser/airflow_venv/lib/python3.12/site-packages/airflow/example_dags/example_sensors.py took 0.138 seconds
[2024-10-12T08:14:22.950+0000] {processor.py:186} INFO - Started process (PID=14516) to work on /home/vboxuser/airflow_venv/lib/python3.12/site-packages/airflow/example_dags/example_sensors.py
[2024-10-12T08:14:22.957+0000] {processor.py:914} INFO - Processing file /home/vboxuser/airflow_venv/lib/python3.12/site-packages/airflow/example_dags/example_sensors.py for tasks to queue
[2024-10-12T08:14:22.963+0000] {logging_mixin.py:190} INFO - [2024-10-12T08:14:22.962+0000] {dagbag.py:588} INFO - Filling up the DagBag from /home/vboxuser/airflow_venv/lib/python3.12/site-packages/airflow/example_dags/example_sensors.py
[2024-10-12T08:14:22.984+0000] {processor.py:925} INFO - DAG(s) 'example_sensors' retrieved from /home/vboxuser/airflow_venv/lib/python3.12/site-packages/airflow/example_dags/example_sensors.py
[2024-10-12T08:14:23.012+0000] {logging_mixin.py:190} INFO - [2024-10-12T08:14:23.012+0000] {dag.py:3239} INFO - Sync 1 DAGs
[2024-10-12T08:14:23.029+0000] {logging_mixin.py:190} INFO - [2024-10-12T08:14:23.029+0000] {dag.py:4180} INFO - Setting next_dagrun for example_sensors to None, run_after=None
[2024-10-12T08:14:23.077+0000] {processor.py:208} INFO - Processing /home/vboxuser/airflow_venv/lib/python3.12/site-packages/airflow/example_dags/example_sensors.py took 0.141 seconds
[2024-10-12T08:15:38.744+0000] {processor.py:186} INFO - Started process (PID=14582) to work on /home/vboxuser/airflow_venv/lib/python3.12/site-packages/airflow/example_dags/example_sensors.py
[2024-10-12T08:15:38.747+0000] {processor.py:914} INFO - Processing file /home/vboxuser/airflow_venv/lib/python3.12/site-packages/airflow/example_dags/example_sensors.py for tasks to queue
[2024-10-12T08:15:38.752+0000] {logging_mixin.py:190} INFO - [2024-10-12T08:15:38.751+0000] {dagbag.py:588} INFO - Filling up the DagBag from /home/vboxuser/airflow_venv/lib/python3.12/site-packages/airflow/example_dags/example_sensors.py
[2024-10-12T08:15:38.781+0000] {processor.py:925} INFO - DAG(s) 'example_sensors' retrieved from /home/vboxuser/airflow_venv/lib/python3.12/site-packages/airflow/example_dags/example_sensors.py
[2024-10-12T08:15:38.826+0000] {logging_mixin.py:190} INFO - [2024-10-12T08:15:38.826+0000] {dag.py:3239} INFO - Sync 1 DAGs
[2024-10-12T08:15:38.859+0000] {logging_mixin.py:190} INFO - [2024-10-12T08:15:38.858+0000] {dag.py:4180} INFO - Setting next_dagrun for example_sensors to None, run_after=None
[2024-10-12T08:15:38.919+0000] {processor.py:208} INFO - Processing /home/vboxuser/airflow_venv/lib/python3.12/site-packages/airflow/example_dags/example_sensors.py took 0.189 seconds
[2024-10-12T08:16:51.713+0000] {processor.py:186} INFO - Started process (PID=14645) to work on /home/vboxuser/airflow_venv/lib/python3.12/site-packages/airflow/example_dags/example_sensors.py
[2024-10-12T08:16:51.721+0000] {processor.py:914} INFO - Processing file /home/vboxuser/airflow_venv/lib/python3.12/site-packages/airflow/example_dags/example_sensors.py for tasks to queue
[2024-10-12T08:16:51.727+0000] {logging_mixin.py:190} INFO - [2024-10-12T08:16:51.726+0000] {dagbag.py:588} INFO - Filling up the DagBag from /home/vboxuser/airflow_venv/lib/python3.12/site-packages/airflow/example_dags/example_sensors.py
[2024-10-12T08:16:51.753+0000] {processor.py:925} INFO - DAG(s) 'example_sensors' retrieved from /home/vboxuser/airflow_venv/lib/python3.12/site-packages/airflow/example_dags/example_sensors.py
[2024-10-12T08:16:51.802+0000] {logging_mixin.py:190} INFO - [2024-10-12T08:16:51.802+0000] {dag.py:3239} INFO - Sync 1 DAGs
[2024-10-12T08:16:51.829+0000] {logging_mixin.py:190} INFO - [2024-10-12T08:16:51.828+0000] {dag.py:4180} INFO - Setting next_dagrun for example_sensors to None, run_after=None
[2024-10-12T08:16:51.885+0000] {processor.py:208} INFO - Processing /home/vboxuser/airflow_venv/lib/python3.12/site-packages/airflow/example_dags/example_sensors.py took 0.181 seconds
