[2024-10-12T07:08:37.626+0000] {processor.py:186} INFO - Started process (PID=11299) to work on /home/vboxuser/airflow_venv/lib/python3.12/site-packages/airflow/example_dags/example_kubernetes_executor.py
[2024-10-12T07:08:37.627+0000] {processor.py:914} INFO - Processing file /home/vboxuser/airflow_venv/lib/python3.12/site-packages/airflow/example_dags/example_kubernetes_executor.py for tasks to queue
[2024-10-12T07:08:37.629+0000] {logging_mixin.py:190} INFO - [2024-10-12T07:08:37.629+0000] {dagbag.py:588} INFO - Filling up the DagBag from /home/vboxuser/airflow_venv/lib/python3.12/site-packages/airflow/example_dags/example_kubernetes_executor.py
[2024-10-12T07:08:37.633+0000] {logging_mixin.py:190} INFO - [2024-10-12T07:08:37.632+0000] {example_kubernetes_executor.py:39} WARNING - The example_kubernetes_executor example DAG requires the kubernetes provider. Please install it with: pip install apache-airflow[cncf.kubernetes]
[2024-10-12T07:08:37.633+0000] {processor.py:927} WARNING - No viable dags retrieved from /home/vboxuser/airflow_venv/lib/python3.12/site-packages/airflow/example_dags/example_kubernetes_executor.py
[2024-10-12T07:08:37.648+0000] {processor.py:208} INFO - Processing /home/vboxuser/airflow_venv/lib/python3.12/site-packages/airflow/example_dags/example_kubernetes_executor.py took 0.029 seconds
[2024-10-12T07:09:51.582+0000] {processor.py:186} INFO - Started process (PID=11359) to work on /home/vboxuser/airflow_venv/lib/python3.12/site-packages/airflow/example_dags/example_kubernetes_executor.py
[2024-10-12T07:09:51.586+0000] {processor.py:914} INFO - Processing file /home/vboxuser/airflow_venv/lib/python3.12/site-packages/airflow/example_dags/example_kubernetes_executor.py for tasks to queue
[2024-10-12T07:09:51.589+0000] {logging_mixin.py:190} INFO - [2024-10-12T07:09:51.589+0000] {dagbag.py:588} INFO - Filling up the DagBag from /home/vboxuser/airflow_venv/lib/python3.12/site-packages/airflow/example_dags/example_kubernetes_executor.py
[2024-10-12T07:09:51.594+0000] {logging_mixin.py:190} INFO - [2024-10-12T07:09:51.593+0000] {example_kubernetes_executor.py:39} WARNING - The example_kubernetes_executor example DAG requires the kubernetes provider. Please install it with: pip install apache-airflow[cncf.kubernetes]
[2024-10-12T07:09:51.594+0000] {processor.py:927} WARNING - No viable dags retrieved from /home/vboxuser/airflow_venv/lib/python3.12/site-packages/airflow/example_dags/example_kubernetes_executor.py
[2024-10-12T07:09:51.611+0000] {processor.py:208} INFO - Processing /home/vboxuser/airflow_venv/lib/python3.12/site-packages/airflow/example_dags/example_kubernetes_executor.py took 0.037 seconds
[2024-10-12T07:10:53.183+0000] {processor.py:186} INFO - Started process (PID=11419) to work on /home/vboxuser/airflow_venv/lib/python3.12/site-packages/airflow/example_dags/example_kubernetes_executor.py
[2024-10-12T07:10:53.186+0000] {processor.py:914} INFO - Processing file /home/vboxuser/airflow_venv/lib/python3.12/site-packages/airflow/example_dags/example_kubernetes_executor.py for tasks to queue
[2024-10-12T07:10:53.190+0000] {logging_mixin.py:190} INFO - [2024-10-12T07:10:53.189+0000] {dagbag.py:588} INFO - Filling up the DagBag from /home/vboxuser/airflow_venv/lib/python3.12/site-packages/airflow/example_dags/example_kubernetes_executor.py
[2024-10-12T07:10:53.195+0000] {logging_mixin.py:190} INFO - [2024-10-12T07:10:53.195+0000] {example_kubernetes_executor.py:39} WARNING - The example_kubernetes_executor example DAG requires the kubernetes provider. Please install it with: pip install apache-airflow[cncf.kubernetes]
[2024-10-12T07:10:53.195+0000] {processor.py:927} WARNING - No viable dags retrieved from /home/vboxuser/airflow_venv/lib/python3.12/site-packages/airflow/example_dags/example_kubernetes_executor.py
[2024-10-12T07:10:53.213+0000] {processor.py:208} INFO - Processing /home/vboxuser/airflow_venv/lib/python3.12/site-packages/airflow/example_dags/example_kubernetes_executor.py took 0.040 seconds
[2024-10-12T07:12:02.064+0000] {processor.py:186} INFO - Started process (PID=11480) to work on /home/vboxuser/airflow_venv/lib/python3.12/site-packages/airflow/example_dags/example_kubernetes_executor.py
[2024-10-12T07:12:02.068+0000] {processor.py:914} INFO - Processing file /home/vboxuser/airflow_venv/lib/python3.12/site-packages/airflow/example_dags/example_kubernetes_executor.py for tasks to queue
[2024-10-12T07:12:02.071+0000] {logging_mixin.py:190} INFO - [2024-10-12T07:12:02.070+0000] {dagbag.py:588} INFO - Filling up the DagBag from /home/vboxuser/airflow_venv/lib/python3.12/site-packages/airflow/example_dags/example_kubernetes_executor.py
[2024-10-12T07:12:02.075+0000] {logging_mixin.py:190} INFO - [2024-10-12T07:12:02.075+0000] {example_kubernetes_executor.py:39} WARNING - The example_kubernetes_executor example DAG requires the kubernetes provider. Please install it with: pip install apache-airflow[cncf.kubernetes]
[2024-10-12T07:12:02.076+0000] {processor.py:927} WARNING - No viable dags retrieved from /home/vboxuser/airflow_venv/lib/python3.12/site-packages/airflow/example_dags/example_kubernetes_executor.py
[2024-10-12T07:12:02.090+0000] {processor.py:208} INFO - Processing /home/vboxuser/airflow_venv/lib/python3.12/site-packages/airflow/example_dags/example_kubernetes_executor.py took 0.039 seconds
[2024-10-12T07:13:02.821+0000] {processor.py:186} INFO - Started process (PID=11537) to work on /home/vboxuser/airflow_venv/lib/python3.12/site-packages/airflow/example_dags/example_kubernetes_executor.py
[2024-10-12T07:13:02.824+0000] {processor.py:914} INFO - Processing file /home/vboxuser/airflow_venv/lib/python3.12/site-packages/airflow/example_dags/example_kubernetes_executor.py for tasks to queue
[2024-10-12T07:13:02.826+0000] {logging_mixin.py:190} INFO - [2024-10-12T07:13:02.826+0000] {dagbag.py:588} INFO - Filling up the DagBag from /home/vboxuser/airflow_venv/lib/python3.12/site-packages/airflow/example_dags/example_kubernetes_executor.py
[2024-10-12T07:13:02.831+0000] {logging_mixin.py:190} INFO - [2024-10-12T07:13:02.830+0000] {example_kubernetes_executor.py:39} WARNING - The example_kubernetes_executor example DAG requires the kubernetes provider. Please install it with: pip install apache-airflow[cncf.kubernetes]
[2024-10-12T07:13:02.832+0000] {processor.py:927} WARNING - No viable dags retrieved from /home/vboxuser/airflow_venv/lib/python3.12/site-packages/airflow/example_dags/example_kubernetes_executor.py
[2024-10-12T07:13:02.846+0000] {processor.py:208} INFO - Processing /home/vboxuser/airflow_venv/lib/python3.12/site-packages/airflow/example_dags/example_kubernetes_executor.py took 0.031 seconds
[2024-10-12T07:14:07.903+0000] {processor.py:186} INFO - Started process (PID=11679) to work on /home/vboxuser/airflow_venv/lib/python3.12/site-packages/airflow/example_dags/example_kubernetes_executor.py
[2024-10-12T07:14:07.905+0000] {processor.py:914} INFO - Processing file /home/vboxuser/airflow_venv/lib/python3.12/site-packages/airflow/example_dags/example_kubernetes_executor.py for tasks to queue
[2024-10-12T07:14:07.908+0000] {logging_mixin.py:190} INFO - [2024-10-12T07:14:07.907+0000] {dagbag.py:588} INFO - Filling up the DagBag from /home/vboxuser/airflow_venv/lib/python3.12/site-packages/airflow/example_dags/example_kubernetes_executor.py
[2024-10-12T07:14:07.911+0000] {logging_mixin.py:190} INFO - [2024-10-12T07:14:07.910+0000] {example_kubernetes_executor.py:39} WARNING - The example_kubernetes_executor example DAG requires the kubernetes provider. Please install it with: pip install apache-airflow[cncf.kubernetes]
[2024-10-12T07:14:07.911+0000] {processor.py:927} WARNING - No viable dags retrieved from /home/vboxuser/airflow_venv/lib/python3.12/site-packages/airflow/example_dags/example_kubernetes_executor.py
[2024-10-12T07:14:07.924+0000] {processor.py:208} INFO - Processing /home/vboxuser/airflow_venv/lib/python3.12/site-packages/airflow/example_dags/example_kubernetes_executor.py took 0.032 seconds
[2024-10-12T07:15:23.408+0000] {processor.py:186} INFO - Started process (PID=11755) to work on /home/vboxuser/airflow_venv/lib/python3.12/site-packages/airflow/example_dags/example_kubernetes_executor.py
[2024-10-12T07:15:23.410+0000] {processor.py:914} INFO - Processing file /home/vboxuser/airflow_venv/lib/python3.12/site-packages/airflow/example_dags/example_kubernetes_executor.py for tasks to queue
[2024-10-12T07:15:23.413+0000] {logging_mixin.py:190} INFO - [2024-10-12T07:15:23.412+0000] {dagbag.py:588} INFO - Filling up the DagBag from /home/vboxuser/airflow_venv/lib/python3.12/site-packages/airflow/example_dags/example_kubernetes_executor.py
[2024-10-12T07:15:23.416+0000] {logging_mixin.py:190} INFO - [2024-10-12T07:15:23.416+0000] {example_kubernetes_executor.py:39} WARNING - The example_kubernetes_executor example DAG requires the kubernetes provider. Please install it with: pip install apache-airflow[cncf.kubernetes]
[2024-10-12T07:15:23.416+0000] {processor.py:927} WARNING - No viable dags retrieved from /home/vboxuser/airflow_venv/lib/python3.12/site-packages/airflow/example_dags/example_kubernetes_executor.py
[2024-10-12T07:15:23.431+0000] {processor.py:208} INFO - Processing /home/vboxuser/airflow_venv/lib/python3.12/site-packages/airflow/example_dags/example_kubernetes_executor.py took 0.030 seconds
[2024-10-12T07:16:27.957+0000] {processor.py:186} INFO - Started process (PID=11813) to work on /home/vboxuser/airflow_venv/lib/python3.12/site-packages/airflow/example_dags/example_kubernetes_executor.py
[2024-10-12T07:16:27.959+0000] {processor.py:914} INFO - Processing file /home/vboxuser/airflow_venv/lib/python3.12/site-packages/airflow/example_dags/example_kubernetes_executor.py for tasks to queue
[2024-10-12T07:16:27.962+0000] {logging_mixin.py:190} INFO - [2024-10-12T07:16:27.961+0000] {dagbag.py:588} INFO - Filling up the DagBag from /home/vboxuser/airflow_venv/lib/python3.12/site-packages/airflow/example_dags/example_kubernetes_executor.py
[2024-10-12T07:16:27.965+0000] {logging_mixin.py:190} INFO - [2024-10-12T07:16:27.965+0000] {example_kubernetes_executor.py:39} WARNING - The example_kubernetes_executor example DAG requires the kubernetes provider. Please install it with: pip install apache-airflow[cncf.kubernetes]
[2024-10-12T07:16:27.965+0000] {processor.py:927} WARNING - No viable dags retrieved from /home/vboxuser/airflow_venv/lib/python3.12/site-packages/airflow/example_dags/example_kubernetes_executor.py
[2024-10-12T07:16:27.981+0000] {processor.py:208} INFO - Processing /home/vboxuser/airflow_venv/lib/python3.12/site-packages/airflow/example_dags/example_kubernetes_executor.py took 0.037 seconds
[2024-10-12T07:17:33.795+0000] {processor.py:186} INFO - Started process (PID=11876) to work on /home/vboxuser/airflow_venv/lib/python3.12/site-packages/airflow/example_dags/example_kubernetes_executor.py
[2024-10-12T07:17:33.799+0000] {processor.py:914} INFO - Processing file /home/vboxuser/airflow_venv/lib/python3.12/site-packages/airflow/example_dags/example_kubernetes_executor.py for tasks to queue
[2024-10-12T07:17:33.803+0000] {logging_mixin.py:190} INFO - [2024-10-12T07:17:33.802+0000] {dagbag.py:588} INFO - Filling up the DagBag from /home/vboxuser/airflow_venv/lib/python3.12/site-packages/airflow/example_dags/example_kubernetes_executor.py
[2024-10-12T07:17:33.808+0000] {logging_mixin.py:190} INFO - [2024-10-12T07:17:33.808+0000] {example_kubernetes_executor.py:39} WARNING - The example_kubernetes_executor example DAG requires the kubernetes provider. Please install it with: pip install apache-airflow[cncf.kubernetes]
[2024-10-12T07:17:33.808+0000] {processor.py:927} WARNING - No viable dags retrieved from /home/vboxuser/airflow_venv/lib/python3.12/site-packages/airflow/example_dags/example_kubernetes_executor.py
[2024-10-12T07:17:33.830+0000] {processor.py:208} INFO - Processing /home/vboxuser/airflow_venv/lib/python3.12/site-packages/airflow/example_dags/example_kubernetes_executor.py took 0.046 seconds
[2024-10-12T07:18:33.182+0000] {processor.py:186} INFO - Started process (PID=11932) to work on /home/vboxuser/airflow_venv/lib/python3.12/site-packages/airflow/example_dags/example_kubernetes_executor.py
[2024-10-12T07:18:33.184+0000] {processor.py:914} INFO - Processing file /home/vboxuser/airflow_venv/lib/python3.12/site-packages/airflow/example_dags/example_kubernetes_executor.py for tasks to queue
[2024-10-12T07:18:33.188+0000] {logging_mixin.py:190} INFO - [2024-10-12T07:18:33.187+0000] {dagbag.py:588} INFO - Filling up the DagBag from /home/vboxuser/airflow_venv/lib/python3.12/site-packages/airflow/example_dags/example_kubernetes_executor.py
[2024-10-12T07:18:33.192+0000] {logging_mixin.py:190} INFO - [2024-10-12T07:18:33.192+0000] {example_kubernetes_executor.py:39} WARNING - The example_kubernetes_executor example DAG requires the kubernetes provider. Please install it with: pip install apache-airflow[cncf.kubernetes]
[2024-10-12T07:18:33.192+0000] {processor.py:927} WARNING - No viable dags retrieved from /home/vboxuser/airflow_venv/lib/python3.12/site-packages/airflow/example_dags/example_kubernetes_executor.py
[2024-10-12T07:18:33.211+0000] {processor.py:208} INFO - Processing /home/vboxuser/airflow_venv/lib/python3.12/site-packages/airflow/example_dags/example_kubernetes_executor.py took 0.043 seconds
[2024-10-12T07:19:35.687+0000] {processor.py:186} INFO - Started process (PID=11990) to work on /home/vboxuser/airflow_venv/lib/python3.12/site-packages/airflow/example_dags/example_kubernetes_executor.py
[2024-10-12T07:19:35.692+0000] {processor.py:914} INFO - Processing file /home/vboxuser/airflow_venv/lib/python3.12/site-packages/airflow/example_dags/example_kubernetes_executor.py for tasks to queue
[2024-10-12T07:19:35.696+0000] {logging_mixin.py:190} INFO - [2024-10-12T07:19:35.695+0000] {dagbag.py:588} INFO - Filling up the DagBag from /home/vboxuser/airflow_venv/lib/python3.12/site-packages/airflow/example_dags/example_kubernetes_executor.py
[2024-10-12T07:19:35.702+0000] {logging_mixin.py:190} INFO - [2024-10-12T07:19:35.701+0000] {example_kubernetes_executor.py:39} WARNING - The example_kubernetes_executor example DAG requires the kubernetes provider. Please install it with: pip install apache-airflow[cncf.kubernetes]
[2024-10-12T07:19:35.702+0000] {processor.py:927} WARNING - No viable dags retrieved from /home/vboxuser/airflow_venv/lib/python3.12/site-packages/airflow/example_dags/example_kubernetes_executor.py
[2024-10-12T07:19:35.715+0000] {processor.py:208} INFO - Processing /home/vboxuser/airflow_venv/lib/python3.12/site-packages/airflow/example_dags/example_kubernetes_executor.py took 0.036 seconds
[2024-10-12T07:20:43.304+0000] {processor.py:186} INFO - Started process (PID=12055) to work on /home/vboxuser/airflow_venv/lib/python3.12/site-packages/airflow/example_dags/example_kubernetes_executor.py
[2024-10-12T07:20:43.306+0000] {processor.py:914} INFO - Processing file /home/vboxuser/airflow_venv/lib/python3.12/site-packages/airflow/example_dags/example_kubernetes_executor.py for tasks to queue
[2024-10-12T07:20:43.309+0000] {logging_mixin.py:190} INFO - [2024-10-12T07:20:43.309+0000] {dagbag.py:588} INFO - Filling up the DagBag from /home/vboxuser/airflow_venv/lib/python3.12/site-packages/airflow/example_dags/example_kubernetes_executor.py
[2024-10-12T07:20:43.314+0000] {logging_mixin.py:190} INFO - [2024-10-12T07:20:43.314+0000] {example_kubernetes_executor.py:39} WARNING - The example_kubernetes_executor example DAG requires the kubernetes provider. Please install it with: pip install apache-airflow[cncf.kubernetes]
[2024-10-12T07:20:43.315+0000] {processor.py:927} WARNING - No viable dags retrieved from /home/vboxuser/airflow_venv/lib/python3.12/site-packages/airflow/example_dags/example_kubernetes_executor.py
[2024-10-12T07:20:43.332+0000] {processor.py:208} INFO - Processing /home/vboxuser/airflow_venv/lib/python3.12/site-packages/airflow/example_dags/example_kubernetes_executor.py took 0.037 seconds
[2024-10-12T07:21:49.776+0000] {processor.py:186} INFO - Started process (PID=12115) to work on /home/vboxuser/airflow_venv/lib/python3.12/site-packages/airflow/example_dags/example_kubernetes_executor.py
[2024-10-12T07:21:49.782+0000] {processor.py:914} INFO - Processing file /home/vboxuser/airflow_venv/lib/python3.12/site-packages/airflow/example_dags/example_kubernetes_executor.py for tasks to queue
[2024-10-12T07:21:49.787+0000] {logging_mixin.py:190} INFO - [2024-10-12T07:21:49.786+0000] {dagbag.py:588} INFO - Filling up the DagBag from /home/vboxuser/airflow_venv/lib/python3.12/site-packages/airflow/example_dags/example_kubernetes_executor.py
[2024-10-12T07:21:49.792+0000] {logging_mixin.py:190} INFO - [2024-10-12T07:21:49.791+0000] {example_kubernetes_executor.py:39} WARNING - The example_kubernetes_executor example DAG requires the kubernetes provider. Please install it with: pip install apache-airflow[cncf.kubernetes]
[2024-10-12T07:21:49.792+0000] {processor.py:927} WARNING - No viable dags retrieved from /home/vboxuser/airflow_venv/lib/python3.12/site-packages/airflow/example_dags/example_kubernetes_executor.py
[2024-10-12T07:21:49.808+0000] {processor.py:208} INFO - Processing /home/vboxuser/airflow_venv/lib/python3.12/site-packages/airflow/example_dags/example_kubernetes_executor.py took 0.044 seconds
[2024-10-12T07:22:58.080+0000] {processor.py:186} INFO - Started process (PID=12176) to work on /home/vboxuser/airflow_venv/lib/python3.12/site-packages/airflow/example_dags/example_kubernetes_executor.py
[2024-10-12T07:22:58.084+0000] {processor.py:914} INFO - Processing file /home/vboxuser/airflow_venv/lib/python3.12/site-packages/airflow/example_dags/example_kubernetes_executor.py for tasks to queue
[2024-10-12T07:22:58.090+0000] {logging_mixin.py:190} INFO - [2024-10-12T07:22:58.089+0000] {dagbag.py:588} INFO - Filling up the DagBag from /home/vboxuser/airflow_venv/lib/python3.12/site-packages/airflow/example_dags/example_kubernetes_executor.py
[2024-10-12T07:22:58.095+0000] {logging_mixin.py:190} INFO - [2024-10-12T07:22:58.094+0000] {example_kubernetes_executor.py:39} WARNING - The example_kubernetes_executor example DAG requires the kubernetes provider. Please install it with: pip install apache-airflow[cncf.kubernetes]
[2024-10-12T07:22:58.098+0000] {processor.py:927} WARNING - No viable dags retrieved from /home/vboxuser/airflow_venv/lib/python3.12/site-packages/airflow/example_dags/example_kubernetes_executor.py
[2024-10-12T07:22:58.112+0000] {processor.py:208} INFO - Processing /home/vboxuser/airflow_venv/lib/python3.12/site-packages/airflow/example_dags/example_kubernetes_executor.py took 0.044 seconds
[2024-10-12T07:23:37.657+0000] {processor.py:186} INFO - Started process (PID=12209) to work on /home/vboxuser/airflow_venv/lib/python3.12/site-packages/airflow/example_dags/example_kubernetes_executor.py
[2024-10-12T07:23:37.660+0000] {processor.py:914} INFO - Processing file /home/vboxuser/airflow_venv/lib/python3.12/site-packages/airflow/example_dags/example_kubernetes_executor.py for tasks to queue
[2024-10-12T07:23:37.664+0000] {logging_mixin.py:190} INFO - [2024-10-12T07:23:37.663+0000] {dagbag.py:588} INFO - Filling up the DagBag from /home/vboxuser/airflow_venv/lib/python3.12/site-packages/airflow/example_dags/example_kubernetes_executor.py
[2024-10-12T07:23:37.671+0000] {logging_mixin.py:190} INFO - [2024-10-12T07:23:37.670+0000] {example_kubernetes_executor.py:39} WARNING - The example_kubernetes_executor example DAG requires the kubernetes provider. Please install it with: pip install apache-airflow[cncf.kubernetes]
[2024-10-12T07:23:37.671+0000] {processor.py:927} WARNING - No viable dags retrieved from /home/vboxuser/airflow_venv/lib/python3.12/site-packages/airflow/example_dags/example_kubernetes_executor.py
[2024-10-12T07:23:37.688+0000] {processor.py:208} INFO - Processing /home/vboxuser/airflow_venv/lib/python3.12/site-packages/airflow/example_dags/example_kubernetes_executor.py took 0.040 seconds
[2024-10-12T07:24:45.750+0000] {processor.py:186} INFO - Started process (PID=12270) to work on /home/vboxuser/airflow_venv/lib/python3.12/site-packages/airflow/example_dags/example_kubernetes_executor.py
[2024-10-12T07:24:45.753+0000] {processor.py:914} INFO - Processing file /home/vboxuser/airflow_venv/lib/python3.12/site-packages/airflow/example_dags/example_kubernetes_executor.py for tasks to queue
[2024-10-12T07:24:45.758+0000] {logging_mixin.py:190} INFO - [2024-10-12T07:24:45.757+0000] {dagbag.py:588} INFO - Filling up the DagBag from /home/vboxuser/airflow_venv/lib/python3.12/site-packages/airflow/example_dags/example_kubernetes_executor.py
[2024-10-12T07:24:45.762+0000] {logging_mixin.py:190} INFO - [2024-10-12T07:24:45.762+0000] {example_kubernetes_executor.py:39} WARNING - The example_kubernetes_executor example DAG requires the kubernetes provider. Please install it with: pip install apache-airflow[cncf.kubernetes]
[2024-10-12T07:24:45.762+0000] {processor.py:927} WARNING - No viable dags retrieved from /home/vboxuser/airflow_venv/lib/python3.12/site-packages/airflow/example_dags/example_kubernetes_executor.py
[2024-10-12T07:24:45.776+0000] {processor.py:208} INFO - Processing /home/vboxuser/airflow_venv/lib/python3.12/site-packages/airflow/example_dags/example_kubernetes_executor.py took 0.038 seconds
[2024-10-12T07:25:54.041+0000] {processor.py:186} INFO - Started process (PID=12335) to work on /home/vboxuser/airflow_venv/lib/python3.12/site-packages/airflow/example_dags/example_kubernetes_executor.py
[2024-10-12T07:25:54.046+0000] {processor.py:914} INFO - Processing file /home/vboxuser/airflow_venv/lib/python3.12/site-packages/airflow/example_dags/example_kubernetes_executor.py for tasks to queue
[2024-10-12T07:25:54.050+0000] {logging_mixin.py:190} INFO - [2024-10-12T07:25:54.049+0000] {dagbag.py:588} INFO - Filling up the DagBag from /home/vboxuser/airflow_venv/lib/python3.12/site-packages/airflow/example_dags/example_kubernetes_executor.py
[2024-10-12T07:25:54.056+0000] {logging_mixin.py:190} INFO - [2024-10-12T07:25:54.056+0000] {example_kubernetes_executor.py:39} WARNING - The example_kubernetes_executor example DAG requires the kubernetes provider. Please install it with: pip install apache-airflow[cncf.kubernetes]
[2024-10-12T07:25:54.056+0000] {processor.py:927} WARNING - No viable dags retrieved from /home/vboxuser/airflow_venv/lib/python3.12/site-packages/airflow/example_dags/example_kubernetes_executor.py
[2024-10-12T07:25:54.074+0000] {processor.py:208} INFO - Processing /home/vboxuser/airflow_venv/lib/python3.12/site-packages/airflow/example_dags/example_kubernetes_executor.py took 0.047 seconds
[2024-10-12T07:27:04.920+0000] {processor.py:186} INFO - Started process (PID=12398) to work on /home/vboxuser/airflow_venv/lib/python3.12/site-packages/airflow/example_dags/example_kubernetes_executor.py
[2024-10-12T07:27:04.923+0000] {processor.py:914} INFO - Processing file /home/vboxuser/airflow_venv/lib/python3.12/site-packages/airflow/example_dags/example_kubernetes_executor.py for tasks to queue
[2024-10-12T07:27:04.926+0000] {logging_mixin.py:190} INFO - [2024-10-12T07:27:04.926+0000] {dagbag.py:588} INFO - Filling up the DagBag from /home/vboxuser/airflow_venv/lib/python3.12/site-packages/airflow/example_dags/example_kubernetes_executor.py
[2024-10-12T07:27:04.931+0000] {logging_mixin.py:190} INFO - [2024-10-12T07:27:04.931+0000] {example_kubernetes_executor.py:39} WARNING - The example_kubernetes_executor example DAG requires the kubernetes provider. Please install it with: pip install apache-airflow[cncf.kubernetes]
[2024-10-12T07:27:04.935+0000] {processor.py:927} WARNING - No viable dags retrieved from /home/vboxuser/airflow_venv/lib/python3.12/site-packages/airflow/example_dags/example_kubernetes_executor.py
[2024-10-12T07:27:04.958+0000] {processor.py:208} INFO - Processing /home/vboxuser/airflow_venv/lib/python3.12/site-packages/airflow/example_dags/example_kubernetes_executor.py took 0.045 seconds
[2024-10-12T07:28:20.849+0000] {processor.py:186} INFO - Started process (PID=12461) to work on /home/vboxuser/airflow_venv/lib/python3.12/site-packages/airflow/example_dags/example_kubernetes_executor.py
[2024-10-12T07:28:20.851+0000] {processor.py:914} INFO - Processing file /home/vboxuser/airflow_venv/lib/python3.12/site-packages/airflow/example_dags/example_kubernetes_executor.py for tasks to queue
[2024-10-12T07:28:20.854+0000] {logging_mixin.py:190} INFO - [2024-10-12T07:28:20.854+0000] {dagbag.py:588} INFO - Filling up the DagBag from /home/vboxuser/airflow_venv/lib/python3.12/site-packages/airflow/example_dags/example_kubernetes_executor.py
[2024-10-12T07:28:20.858+0000] {logging_mixin.py:190} INFO - [2024-10-12T07:28:20.857+0000] {example_kubernetes_executor.py:39} WARNING - The example_kubernetes_executor example DAG requires the kubernetes provider. Please install it with: pip install apache-airflow[cncf.kubernetes]
[2024-10-12T07:28:20.858+0000] {processor.py:927} WARNING - No viable dags retrieved from /home/vboxuser/airflow_venv/lib/python3.12/site-packages/airflow/example_dags/example_kubernetes_executor.py
[2024-10-12T07:28:20.873+0000] {processor.py:208} INFO - Processing /home/vboxuser/airflow_venv/lib/python3.12/site-packages/airflow/example_dags/example_kubernetes_executor.py took 0.032 seconds
[2024-10-12T07:29:21.101+0000] {processor.py:186} INFO - Started process (PID=12517) to work on /home/vboxuser/airflow_venv/lib/python3.12/site-packages/airflow/example_dags/example_kubernetes_executor.py
[2024-10-12T07:29:21.104+0000] {processor.py:914} INFO - Processing file /home/vboxuser/airflow_venv/lib/python3.12/site-packages/airflow/example_dags/example_kubernetes_executor.py for tasks to queue
[2024-10-12T07:29:21.107+0000] {logging_mixin.py:190} INFO - [2024-10-12T07:29:21.106+0000] {dagbag.py:588} INFO - Filling up the DagBag from /home/vboxuser/airflow_venv/lib/python3.12/site-packages/airflow/example_dags/example_kubernetes_executor.py
[2024-10-12T07:29:21.110+0000] {logging_mixin.py:190} INFO - [2024-10-12T07:29:21.110+0000] {example_kubernetes_executor.py:39} WARNING - The example_kubernetes_executor example DAG requires the kubernetes provider. Please install it with: pip install apache-airflow[cncf.kubernetes]
[2024-10-12T07:29:21.110+0000] {processor.py:927} WARNING - No viable dags retrieved from /home/vboxuser/airflow_venv/lib/python3.12/site-packages/airflow/example_dags/example_kubernetes_executor.py
[2024-10-12T07:29:21.123+0000] {processor.py:208} INFO - Processing /home/vboxuser/airflow_venv/lib/python3.12/site-packages/airflow/example_dags/example_kubernetes_executor.py took 0.028 seconds
[2024-10-12T07:30:34.226+0000] {processor.py:186} INFO - Started process (PID=12600) to work on /home/vboxuser/airflow_venv/lib/python3.12/site-packages/airflow/example_dags/example_kubernetes_executor.py
[2024-10-12T07:30:34.230+0000] {processor.py:914} INFO - Processing file /home/vboxuser/airflow_venv/lib/python3.12/site-packages/airflow/example_dags/example_kubernetes_executor.py for tasks to queue
[2024-10-12T07:30:34.233+0000] {logging_mixin.py:190} INFO - [2024-10-12T07:30:34.233+0000] {dagbag.py:588} INFO - Filling up the DagBag from /home/vboxuser/airflow_venv/lib/python3.12/site-packages/airflow/example_dags/example_kubernetes_executor.py
[2024-10-12T07:30:34.238+0000] {logging_mixin.py:190} INFO - [2024-10-12T07:30:34.237+0000] {example_kubernetes_executor.py:39} WARNING - The example_kubernetes_executor example DAG requires the kubernetes provider. Please install it with: pip install apache-airflow[cncf.kubernetes]
[2024-10-12T07:30:34.239+0000] {processor.py:927} WARNING - No viable dags retrieved from /home/vboxuser/airflow_venv/lib/python3.12/site-packages/airflow/example_dags/example_kubernetes_executor.py
[2024-10-12T07:30:34.280+0000] {processor.py:208} INFO - Processing /home/vboxuser/airflow_venv/lib/python3.12/site-packages/airflow/example_dags/example_kubernetes_executor.py took 0.064 seconds
[2024-10-12T07:31:42.766+0000] {processor.py:186} INFO - Started process (PID=12670) to work on /home/vboxuser/airflow_venv/lib/python3.12/site-packages/airflow/example_dags/example_kubernetes_executor.py
[2024-10-12T07:31:42.768+0000] {processor.py:914} INFO - Processing file /home/vboxuser/airflow_venv/lib/python3.12/site-packages/airflow/example_dags/example_kubernetes_executor.py for tasks to queue
[2024-10-12T07:31:42.771+0000] {logging_mixin.py:190} INFO - [2024-10-12T07:31:42.771+0000] {dagbag.py:588} INFO - Filling up the DagBag from /home/vboxuser/airflow_venv/lib/python3.12/site-packages/airflow/example_dags/example_kubernetes_executor.py
[2024-10-12T07:31:42.775+0000] {logging_mixin.py:190} INFO - [2024-10-12T07:31:42.774+0000] {example_kubernetes_executor.py:39} WARNING - The example_kubernetes_executor example DAG requires the kubernetes provider. Please install it with: pip install apache-airflow[cncf.kubernetes]
[2024-10-12T07:31:42.775+0000] {processor.py:927} WARNING - No viable dags retrieved from /home/vboxuser/airflow_venv/lib/python3.12/site-packages/airflow/example_dags/example_kubernetes_executor.py
[2024-10-12T07:31:42.789+0000] {processor.py:208} INFO - Processing /home/vboxuser/airflow_venv/lib/python3.12/site-packages/airflow/example_dags/example_kubernetes_executor.py took 0.034 seconds
[2024-10-12T07:32:46.363+0000] {processor.py:186} INFO - Started process (PID=12729) to work on /home/vboxuser/airflow_venv/lib/python3.12/site-packages/airflow/example_dags/example_kubernetes_executor.py
[2024-10-12T07:32:46.370+0000] {processor.py:914} INFO - Processing file /home/vboxuser/airflow_venv/lib/python3.12/site-packages/airflow/example_dags/example_kubernetes_executor.py for tasks to queue
[2024-10-12T07:32:46.375+0000] {logging_mixin.py:190} INFO - [2024-10-12T07:32:46.373+0000] {dagbag.py:588} INFO - Filling up the DagBag from /home/vboxuser/airflow_venv/lib/python3.12/site-packages/airflow/example_dags/example_kubernetes_executor.py
[2024-10-12T07:32:46.380+0000] {logging_mixin.py:190} INFO - [2024-10-12T07:32:46.380+0000] {example_kubernetes_executor.py:39} WARNING - The example_kubernetes_executor example DAG requires the kubernetes provider. Please install it with: pip install apache-airflow[cncf.kubernetes]
[2024-10-12T07:32:46.380+0000] {processor.py:927} WARNING - No viable dags retrieved from /home/vboxuser/airflow_venv/lib/python3.12/site-packages/airflow/example_dags/example_kubernetes_executor.py
[2024-10-12T07:32:46.393+0000] {processor.py:208} INFO - Processing /home/vboxuser/airflow_venv/lib/python3.12/site-packages/airflow/example_dags/example_kubernetes_executor.py took 0.042 seconds
[2024-10-12T07:33:50.389+0000] {processor.py:186} INFO - Started process (PID=12787) to work on /home/vboxuser/airflow_venv/lib/python3.12/site-packages/airflow/example_dags/example_kubernetes_executor.py
[2024-10-12T07:33:50.391+0000] {processor.py:914} INFO - Processing file /home/vboxuser/airflow_venv/lib/python3.12/site-packages/airflow/example_dags/example_kubernetes_executor.py for tasks to queue
[2024-10-12T07:33:50.395+0000] {logging_mixin.py:190} INFO - [2024-10-12T07:33:50.395+0000] {dagbag.py:588} INFO - Filling up the DagBag from /home/vboxuser/airflow_venv/lib/python3.12/site-packages/airflow/example_dags/example_kubernetes_executor.py
[2024-10-12T07:33:50.399+0000] {logging_mixin.py:190} INFO - [2024-10-12T07:33:50.399+0000] {example_kubernetes_executor.py:39} WARNING - The example_kubernetes_executor example DAG requires the kubernetes provider. Please install it with: pip install apache-airflow[cncf.kubernetes]
[2024-10-12T07:33:50.400+0000] {processor.py:927} WARNING - No viable dags retrieved from /home/vboxuser/airflow_venv/lib/python3.12/site-packages/airflow/example_dags/example_kubernetes_executor.py
[2024-10-12T07:33:50.418+0000] {processor.py:208} INFO - Processing /home/vboxuser/airflow_venv/lib/python3.12/site-packages/airflow/example_dags/example_kubernetes_executor.py took 0.038 seconds
[2024-10-12T07:34:50.561+0000] {processor.py:186} INFO - Started process (PID=12856) to work on /home/vboxuser/airflow_venv/lib/python3.12/site-packages/airflow/example_dags/example_kubernetes_executor.py
[2024-10-12T07:34:50.563+0000] {processor.py:914} INFO - Processing file /home/vboxuser/airflow_venv/lib/python3.12/site-packages/airflow/example_dags/example_kubernetes_executor.py for tasks to queue
[2024-10-12T07:34:50.567+0000] {logging_mixin.py:190} INFO - [2024-10-12T07:34:50.567+0000] {dagbag.py:588} INFO - Filling up the DagBag from /home/vboxuser/airflow_venv/lib/python3.12/site-packages/airflow/example_dags/example_kubernetes_executor.py
[2024-10-12T07:34:50.571+0000] {logging_mixin.py:190} INFO - [2024-10-12T07:34:50.571+0000] {example_kubernetes_executor.py:39} WARNING - The example_kubernetes_executor example DAG requires the kubernetes provider. Please install it with: pip install apache-airflow[cncf.kubernetes]
[2024-10-12T07:34:50.572+0000] {processor.py:927} WARNING - No viable dags retrieved from /home/vboxuser/airflow_venv/lib/python3.12/site-packages/airflow/example_dags/example_kubernetes_executor.py
[2024-10-12T07:34:50.589+0000] {processor.py:208} INFO - Processing /home/vboxuser/airflow_venv/lib/python3.12/site-packages/airflow/example_dags/example_kubernetes_executor.py took 0.038 seconds
[2024-10-12T07:47:03.907+0000] {processor.py:186} INFO - Started process (PID=12908) to work on /home/vboxuser/airflow_venv/lib/python3.12/site-packages/airflow/example_dags/example_kubernetes_executor.py
[2024-10-12T07:47:03.913+0000] {processor.py:914} INFO - Processing file /home/vboxuser/airflow_venv/lib/python3.12/site-packages/airflow/example_dags/example_kubernetes_executor.py for tasks to queue
[2024-10-12T07:47:03.917+0000] {logging_mixin.py:190} INFO - [2024-10-12T07:47:03.916+0000] {dagbag.py:588} INFO - Filling up the DagBag from /home/vboxuser/airflow_venv/lib/python3.12/site-packages/airflow/example_dags/example_kubernetes_executor.py
[2024-10-12T07:47:03.921+0000] {logging_mixin.py:190} INFO - [2024-10-12T07:47:03.921+0000] {example_kubernetes_executor.py:39} WARNING - The example_kubernetes_executor example DAG requires the kubernetes provider. Please install it with: pip install apache-airflow[cncf.kubernetes]
[2024-10-12T07:47:03.921+0000] {processor.py:927} WARNING - No viable dags retrieved from /home/vboxuser/airflow_venv/lib/python3.12/site-packages/airflow/example_dags/example_kubernetes_executor.py
[2024-10-12T07:47:03.942+0000] {processor.py:208} INFO - Processing /home/vboxuser/airflow_venv/lib/python3.12/site-packages/airflow/example_dags/example_kubernetes_executor.py took 0.046 seconds
[2024-10-12T07:48:06.070+0000] {processor.py:186} INFO - Started process (PID=12961) to work on /home/vboxuser/airflow_venv/lib/python3.12/site-packages/airflow/example_dags/example_kubernetes_executor.py
[2024-10-12T07:48:06.073+0000] {processor.py:914} INFO - Processing file /home/vboxuser/airflow_venv/lib/python3.12/site-packages/airflow/example_dags/example_kubernetes_executor.py for tasks to queue
[2024-10-12T07:48:06.078+0000] {logging_mixin.py:190} INFO - [2024-10-12T07:48:06.076+0000] {dagbag.py:588} INFO - Filling up the DagBag from /home/vboxuser/airflow_venv/lib/python3.12/site-packages/airflow/example_dags/example_kubernetes_executor.py
[2024-10-12T07:48:06.084+0000] {logging_mixin.py:190} INFO - [2024-10-12T07:48:06.084+0000] {example_kubernetes_executor.py:39} WARNING - The example_kubernetes_executor example DAG requires the kubernetes provider. Please install it with: pip install apache-airflow[cncf.kubernetes]
[2024-10-12T07:48:06.085+0000] {processor.py:927} WARNING - No viable dags retrieved from /home/vboxuser/airflow_venv/lib/python3.12/site-packages/airflow/example_dags/example_kubernetes_executor.py
[2024-10-12T07:48:06.104+0000] {processor.py:208} INFO - Processing /home/vboxuser/airflow_venv/lib/python3.12/site-packages/airflow/example_dags/example_kubernetes_executor.py took 0.049 seconds
[2024-10-12T07:49:12.361+0000] {processor.py:186} INFO - Started process (PID=13020) to work on /home/vboxuser/airflow_venv/lib/python3.12/site-packages/airflow/example_dags/example_kubernetes_executor.py
[2024-10-12T07:49:12.364+0000] {processor.py:914} INFO - Processing file /home/vboxuser/airflow_venv/lib/python3.12/site-packages/airflow/example_dags/example_kubernetes_executor.py for tasks to queue
[2024-10-12T07:49:12.368+0000] {logging_mixin.py:190} INFO - [2024-10-12T07:49:12.367+0000] {dagbag.py:588} INFO - Filling up the DagBag from /home/vboxuser/airflow_venv/lib/python3.12/site-packages/airflow/example_dags/example_kubernetes_executor.py
[2024-10-12T07:49:12.373+0000] {logging_mixin.py:190} INFO - [2024-10-12T07:49:12.373+0000] {example_kubernetes_executor.py:39} WARNING - The example_kubernetes_executor example DAG requires the kubernetes provider. Please install it with: pip install apache-airflow[cncf.kubernetes]
[2024-10-12T07:49:12.374+0000] {processor.py:927} WARNING - No viable dags retrieved from /home/vboxuser/airflow_venv/lib/python3.12/site-packages/airflow/example_dags/example_kubernetes_executor.py
[2024-10-12T07:49:12.396+0000] {processor.py:208} INFO - Processing /home/vboxuser/airflow_venv/lib/python3.12/site-packages/airflow/example_dags/example_kubernetes_executor.py took 0.045 seconds
[2024-10-12T07:50:23.265+0000] {processor.py:186} INFO - Started process (PID=13081) to work on /home/vboxuser/airflow_venv/lib/python3.12/site-packages/airflow/example_dags/example_kubernetes_executor.py
[2024-10-12T07:50:23.271+0000] {processor.py:914} INFO - Processing file /home/vboxuser/airflow_venv/lib/python3.12/site-packages/airflow/example_dags/example_kubernetes_executor.py for tasks to queue
[2024-10-12T07:50:23.276+0000] {logging_mixin.py:190} INFO - [2024-10-12T07:50:23.275+0000] {dagbag.py:588} INFO - Filling up the DagBag from /home/vboxuser/airflow_venv/lib/python3.12/site-packages/airflow/example_dags/example_kubernetes_executor.py
[2024-10-12T07:50:23.281+0000] {logging_mixin.py:190} INFO - [2024-10-12T07:50:23.281+0000] {example_kubernetes_executor.py:39} WARNING - The example_kubernetes_executor example DAG requires the kubernetes provider. Please install it with: pip install apache-airflow[cncf.kubernetes]
[2024-10-12T07:50:23.282+0000] {processor.py:927} WARNING - No viable dags retrieved from /home/vboxuser/airflow_venv/lib/python3.12/site-packages/airflow/example_dags/example_kubernetes_executor.py
[2024-10-12T07:50:23.300+0000] {processor.py:208} INFO - Processing /home/vboxuser/airflow_venv/lib/python3.12/site-packages/airflow/example_dags/example_kubernetes_executor.py took 0.047 seconds
[2024-10-12T07:51:32.703+0000] {processor.py:186} INFO - Started process (PID=13218) to work on /home/vboxuser/airflow_venv/lib/python3.12/site-packages/airflow/example_dags/example_kubernetes_executor.py
[2024-10-12T07:51:32.706+0000] {processor.py:914} INFO - Processing file /home/vboxuser/airflow_venv/lib/python3.12/site-packages/airflow/example_dags/example_kubernetes_executor.py for tasks to queue
[2024-10-12T07:51:32.711+0000] {logging_mixin.py:190} INFO - [2024-10-12T07:51:32.710+0000] {dagbag.py:588} INFO - Filling up the DagBag from /home/vboxuser/airflow_venv/lib/python3.12/site-packages/airflow/example_dags/example_kubernetes_executor.py
[2024-10-12T07:51:32.717+0000] {logging_mixin.py:190} INFO - [2024-10-12T07:51:32.716+0000] {example_kubernetes_executor.py:39} WARNING - The example_kubernetes_executor example DAG requires the kubernetes provider. Please install it with: pip install apache-airflow[cncf.kubernetes]
[2024-10-12T07:51:32.717+0000] {processor.py:927} WARNING - No viable dags retrieved from /home/vboxuser/airflow_venv/lib/python3.12/site-packages/airflow/example_dags/example_kubernetes_executor.py
[2024-10-12T07:51:32.736+0000] {processor.py:208} INFO - Processing /home/vboxuser/airflow_venv/lib/python3.12/site-packages/airflow/example_dags/example_kubernetes_executor.py took 0.045 seconds
[2024-10-12T07:52:44.390+0000] {processor.py:186} INFO - Started process (PID=13294) to work on /home/vboxuser/airflow_venv/lib/python3.12/site-packages/airflow/example_dags/example_kubernetes_executor.py
[2024-10-12T07:52:44.392+0000] {processor.py:914} INFO - Processing file /home/vboxuser/airflow_venv/lib/python3.12/site-packages/airflow/example_dags/example_kubernetes_executor.py for tasks to queue
[2024-10-12T07:52:44.395+0000] {logging_mixin.py:190} INFO - [2024-10-12T07:52:44.394+0000] {dagbag.py:588} INFO - Filling up the DagBag from /home/vboxuser/airflow_venv/lib/python3.12/site-packages/airflow/example_dags/example_kubernetes_executor.py
[2024-10-12T07:52:44.398+0000] {logging_mixin.py:190} INFO - [2024-10-12T07:52:44.398+0000] {example_kubernetes_executor.py:39} WARNING - The example_kubernetes_executor example DAG requires the kubernetes provider. Please install it with: pip install apache-airflow[cncf.kubernetes]
[2024-10-12T07:52:44.399+0000] {processor.py:927} WARNING - No viable dags retrieved from /home/vboxuser/airflow_venv/lib/python3.12/site-packages/airflow/example_dags/example_kubernetes_executor.py
[2024-10-12T07:52:44.413+0000] {processor.py:208} INFO - Processing /home/vboxuser/airflow_venv/lib/python3.12/site-packages/airflow/example_dags/example_kubernetes_executor.py took 0.032 seconds
[2024-10-12T07:53:45.594+0000] {processor.py:186} INFO - Started process (PID=13363) to work on /home/vboxuser/airflow_venv/lib/python3.12/site-packages/airflow/example_dags/example_kubernetes_executor.py
[2024-10-12T07:53:45.600+0000] {processor.py:914} INFO - Processing file /home/vboxuser/airflow_venv/lib/python3.12/site-packages/airflow/example_dags/example_kubernetes_executor.py for tasks to queue
[2024-10-12T07:53:45.604+0000] {logging_mixin.py:190} INFO - [2024-10-12T07:53:45.603+0000] {dagbag.py:588} INFO - Filling up the DagBag from /home/vboxuser/airflow_venv/lib/python3.12/site-packages/airflow/example_dags/example_kubernetes_executor.py
[2024-10-12T07:53:45.609+0000] {logging_mixin.py:190} INFO - [2024-10-12T07:53:45.608+0000] {example_kubernetes_executor.py:39} WARNING - The example_kubernetes_executor example DAG requires the kubernetes provider. Please install it with: pip install apache-airflow[cncf.kubernetes]
[2024-10-12T07:53:45.609+0000] {processor.py:927} WARNING - No viable dags retrieved from /home/vboxuser/airflow_venv/lib/python3.12/site-packages/airflow/example_dags/example_kubernetes_executor.py
[2024-10-12T07:53:45.634+0000] {processor.py:208} INFO - Processing /home/vboxuser/airflow_venv/lib/python3.12/site-packages/airflow/example_dags/example_kubernetes_executor.py took 0.055 seconds
[2024-10-12T07:54:48.679+0000] {processor.py:186} INFO - Started process (PID=13421) to work on /home/vboxuser/airflow_venv/lib/python3.12/site-packages/airflow/example_dags/example_kubernetes_executor.py
[2024-10-12T07:54:48.684+0000] {processor.py:914} INFO - Processing file /home/vboxuser/airflow_venv/lib/python3.12/site-packages/airflow/example_dags/example_kubernetes_executor.py for tasks to queue
[2024-10-12T07:54:48.688+0000] {logging_mixin.py:190} INFO - [2024-10-12T07:54:48.687+0000] {dagbag.py:588} INFO - Filling up the DagBag from /home/vboxuser/airflow_venv/lib/python3.12/site-packages/airflow/example_dags/example_kubernetes_executor.py
[2024-10-12T07:54:48.692+0000] {logging_mixin.py:190} INFO - [2024-10-12T07:54:48.692+0000] {example_kubernetes_executor.py:39} WARNING - The example_kubernetes_executor example DAG requires the kubernetes provider. Please install it with: pip install apache-airflow[cncf.kubernetes]
[2024-10-12T07:54:48.693+0000] {processor.py:927} WARNING - No viable dags retrieved from /home/vboxuser/airflow_venv/lib/python3.12/site-packages/airflow/example_dags/example_kubernetes_executor.py
[2024-10-12T07:54:48.710+0000] {processor.py:208} INFO - Processing /home/vboxuser/airflow_venv/lib/python3.12/site-packages/airflow/example_dags/example_kubernetes_executor.py took 0.054 seconds
[2024-10-12T07:55:54.725+0000] {processor.py:186} INFO - Started process (PID=13488) to work on /home/vboxuser/airflow_venv/lib/python3.12/site-packages/airflow/example_dags/example_kubernetes_executor.py
[2024-10-12T07:55:54.727+0000] {processor.py:914} INFO - Processing file /home/vboxuser/airflow_venv/lib/python3.12/site-packages/airflow/example_dags/example_kubernetes_executor.py for tasks to queue
[2024-10-12T07:55:54.730+0000] {logging_mixin.py:190} INFO - [2024-10-12T07:55:54.729+0000] {dagbag.py:588} INFO - Filling up the DagBag from /home/vboxuser/airflow_venv/lib/python3.12/site-packages/airflow/example_dags/example_kubernetes_executor.py
[2024-10-12T07:55:54.734+0000] {logging_mixin.py:190} INFO - [2024-10-12T07:55:54.733+0000] {example_kubernetes_executor.py:39} WARNING - The example_kubernetes_executor example DAG requires the kubernetes provider. Please install it with: pip install apache-airflow[cncf.kubernetes]
[2024-10-12T07:55:54.734+0000] {processor.py:927} WARNING - No viable dags retrieved from /home/vboxuser/airflow_venv/lib/python3.12/site-packages/airflow/example_dags/example_kubernetes_executor.py
[2024-10-12T07:55:54.751+0000] {processor.py:208} INFO - Processing /home/vboxuser/airflow_venv/lib/python3.12/site-packages/airflow/example_dags/example_kubernetes_executor.py took 0.035 seconds
[2024-10-12T07:57:00.883+0000] {processor.py:186} INFO - Started process (PID=13551) to work on /home/vboxuser/airflow_venv/lib/python3.12/site-packages/airflow/example_dags/example_kubernetes_executor.py
[2024-10-12T07:57:00.885+0000] {processor.py:914} INFO - Processing file /home/vboxuser/airflow_venv/lib/python3.12/site-packages/airflow/example_dags/example_kubernetes_executor.py for tasks to queue
[2024-10-12T07:57:00.888+0000] {logging_mixin.py:190} INFO - [2024-10-12T07:57:00.887+0000] {dagbag.py:588} INFO - Filling up the DagBag from /home/vboxuser/airflow_venv/lib/python3.12/site-packages/airflow/example_dags/example_kubernetes_executor.py
[2024-10-12T07:57:00.891+0000] {logging_mixin.py:190} INFO - [2024-10-12T07:57:00.891+0000] {example_kubernetes_executor.py:39} WARNING - The example_kubernetes_executor example DAG requires the kubernetes provider. Please install it with: pip install apache-airflow[cncf.kubernetes]
[2024-10-12T07:57:00.891+0000] {processor.py:927} WARNING - No viable dags retrieved from /home/vboxuser/airflow_venv/lib/python3.12/site-packages/airflow/example_dags/example_kubernetes_executor.py
[2024-10-12T07:57:00.904+0000] {processor.py:208} INFO - Processing /home/vboxuser/airflow_venv/lib/python3.12/site-packages/airflow/example_dags/example_kubernetes_executor.py took 0.031 seconds
[2024-10-12T07:58:04.549+0000] {processor.py:186} INFO - Started process (PID=13621) to work on /home/vboxuser/airflow_venv/lib/python3.12/site-packages/airflow/example_dags/example_kubernetes_executor.py
[2024-10-12T07:58:04.551+0000] {processor.py:914} INFO - Processing file /home/vboxuser/airflow_venv/lib/python3.12/site-packages/airflow/example_dags/example_kubernetes_executor.py for tasks to queue
[2024-10-12T07:58:04.554+0000] {logging_mixin.py:190} INFO - [2024-10-12T07:58:04.553+0000] {dagbag.py:588} INFO - Filling up the DagBag from /home/vboxuser/airflow_venv/lib/python3.12/site-packages/airflow/example_dags/example_kubernetes_executor.py
[2024-10-12T07:58:04.558+0000] {logging_mixin.py:190} INFO - [2024-10-12T07:58:04.557+0000] {example_kubernetes_executor.py:39} WARNING - The example_kubernetes_executor example DAG requires the kubernetes provider. Please install it with: pip install apache-airflow[cncf.kubernetes]
[2024-10-12T07:58:04.558+0000] {processor.py:927} WARNING - No viable dags retrieved from /home/vboxuser/airflow_venv/lib/python3.12/site-packages/airflow/example_dags/example_kubernetes_executor.py
[2024-10-12T07:58:04.576+0000] {processor.py:208} INFO - Processing /home/vboxuser/airflow_venv/lib/python3.12/site-packages/airflow/example_dags/example_kubernetes_executor.py took 0.036 seconds
[2024-10-12T07:59:04.638+0000] {processor.py:186} INFO - Started process (PID=13678) to work on /home/vboxuser/airflow_venv/lib/python3.12/site-packages/airflow/example_dags/example_kubernetes_executor.py
[2024-10-12T07:59:04.642+0000] {processor.py:914} INFO - Processing file /home/vboxuser/airflow_venv/lib/python3.12/site-packages/airflow/example_dags/example_kubernetes_executor.py for tasks to queue
[2024-10-12T07:59:04.647+0000] {logging_mixin.py:190} INFO - [2024-10-12T07:59:04.646+0000] {dagbag.py:588} INFO - Filling up the DagBag from /home/vboxuser/airflow_venv/lib/python3.12/site-packages/airflow/example_dags/example_kubernetes_executor.py
[2024-10-12T07:59:04.652+0000] {logging_mixin.py:190} INFO - [2024-10-12T07:59:04.652+0000] {example_kubernetes_executor.py:39} WARNING - The example_kubernetes_executor example DAG requires the kubernetes provider. Please install it with: pip install apache-airflow[cncf.kubernetes]
[2024-10-12T07:59:04.653+0000] {processor.py:927} WARNING - No viable dags retrieved from /home/vboxuser/airflow_venv/lib/python3.12/site-packages/airflow/example_dags/example_kubernetes_executor.py
[2024-10-12T07:59:04.677+0000] {processor.py:208} INFO - Processing /home/vboxuser/airflow_venv/lib/python3.12/site-packages/airflow/example_dags/example_kubernetes_executor.py took 0.052 seconds
[2024-10-12T08:00:11.371+0000] {processor.py:186} INFO - Started process (PID=13737) to work on /home/vboxuser/airflow_venv/lib/python3.12/site-packages/airflow/example_dags/example_kubernetes_executor.py
[2024-10-12T08:00:11.376+0000] {processor.py:914} INFO - Processing file /home/vboxuser/airflow_venv/lib/python3.12/site-packages/airflow/example_dags/example_kubernetes_executor.py for tasks to queue
[2024-10-12T08:00:11.381+0000] {logging_mixin.py:190} INFO - [2024-10-12T08:00:11.380+0000] {dagbag.py:588} INFO - Filling up the DagBag from /home/vboxuser/airflow_venv/lib/python3.12/site-packages/airflow/example_dags/example_kubernetes_executor.py
[2024-10-12T08:00:11.386+0000] {logging_mixin.py:190} INFO - [2024-10-12T08:00:11.385+0000] {example_kubernetes_executor.py:39} WARNING - The example_kubernetes_executor example DAG requires the kubernetes provider. Please install it with: pip install apache-airflow[cncf.kubernetes]
[2024-10-12T08:00:11.386+0000] {processor.py:927} WARNING - No viable dags retrieved from /home/vboxuser/airflow_venv/lib/python3.12/site-packages/airflow/example_dags/example_kubernetes_executor.py
[2024-10-12T08:00:11.404+0000] {processor.py:208} INFO - Processing /home/vboxuser/airflow_venv/lib/python3.12/site-packages/airflow/example_dags/example_kubernetes_executor.py took 0.046 seconds
[2024-10-12T08:01:12.321+0000] {processor.py:186} INFO - Started process (PID=13798) to work on /home/vboxuser/airflow_venv/lib/python3.12/site-packages/airflow/example_dags/example_kubernetes_executor.py
[2024-10-12T08:01:12.327+0000] {processor.py:914} INFO - Processing file /home/vboxuser/airflow_venv/lib/python3.12/site-packages/airflow/example_dags/example_kubernetes_executor.py for tasks to queue
[2024-10-12T08:01:12.333+0000] {logging_mixin.py:190} INFO - [2024-10-12T08:01:12.332+0000] {dagbag.py:588} INFO - Filling up the DagBag from /home/vboxuser/airflow_venv/lib/python3.12/site-packages/airflow/example_dags/example_kubernetes_executor.py
[2024-10-12T08:01:12.339+0000] {logging_mixin.py:190} INFO - [2024-10-12T08:01:12.338+0000] {example_kubernetes_executor.py:39} WARNING - The example_kubernetes_executor example DAG requires the kubernetes provider. Please install it with: pip install apache-airflow[cncf.kubernetes]
[2024-10-12T08:01:12.339+0000] {processor.py:927} WARNING - No viable dags retrieved from /home/vboxuser/airflow_venv/lib/python3.12/site-packages/airflow/example_dags/example_kubernetes_executor.py
[2024-10-12T08:01:12.356+0000] {processor.py:208} INFO - Processing /home/vboxuser/airflow_venv/lib/python3.12/site-packages/airflow/example_dags/example_kubernetes_executor.py took 0.047 seconds
[2024-10-12T08:02:22.532+0000] {processor.py:186} INFO - Started process (PID=13859) to work on /home/vboxuser/airflow_venv/lib/python3.12/site-packages/airflow/example_dags/example_kubernetes_executor.py
[2024-10-12T08:02:22.535+0000] {processor.py:914} INFO - Processing file /home/vboxuser/airflow_venv/lib/python3.12/site-packages/airflow/example_dags/example_kubernetes_executor.py for tasks to queue
[2024-10-12T08:02:22.538+0000] {logging_mixin.py:190} INFO - [2024-10-12T08:02:22.538+0000] {dagbag.py:588} INFO - Filling up the DagBag from /home/vboxuser/airflow_venv/lib/python3.12/site-packages/airflow/example_dags/example_kubernetes_executor.py
[2024-10-12T08:02:22.543+0000] {logging_mixin.py:190} INFO - [2024-10-12T08:02:22.543+0000] {example_kubernetes_executor.py:39} WARNING - The example_kubernetes_executor example DAG requires the kubernetes provider. Please install it with: pip install apache-airflow[cncf.kubernetes]
[2024-10-12T08:02:22.544+0000] {processor.py:927} WARNING - No viable dags retrieved from /home/vboxuser/airflow_venv/lib/python3.12/site-packages/airflow/example_dags/example_kubernetes_executor.py
[2024-10-12T08:02:22.564+0000] {processor.py:208} INFO - Processing /home/vboxuser/airflow_venv/lib/python3.12/site-packages/airflow/example_dags/example_kubernetes_executor.py took 0.041 seconds
[2024-10-12T08:03:25.158+0000] {processor.py:186} INFO - Started process (PID=13917) to work on /home/vboxuser/airflow_venv/lib/python3.12/site-packages/airflow/example_dags/example_kubernetes_executor.py
[2024-10-12T08:03:25.164+0000] {processor.py:914} INFO - Processing file /home/vboxuser/airflow_venv/lib/python3.12/site-packages/airflow/example_dags/example_kubernetes_executor.py for tasks to queue
[2024-10-12T08:03:25.168+0000] {logging_mixin.py:190} INFO - [2024-10-12T08:03:25.168+0000] {dagbag.py:588} INFO - Filling up the DagBag from /home/vboxuser/airflow_venv/lib/python3.12/site-packages/airflow/example_dags/example_kubernetes_executor.py
[2024-10-12T08:03:25.173+0000] {logging_mixin.py:190} INFO - [2024-10-12T08:03:25.173+0000] {example_kubernetes_executor.py:39} WARNING - The example_kubernetes_executor example DAG requires the kubernetes provider. Please install it with: pip install apache-airflow[cncf.kubernetes]
[2024-10-12T08:03:25.174+0000] {processor.py:927} WARNING - No viable dags retrieved from /home/vboxuser/airflow_venv/lib/python3.12/site-packages/airflow/example_dags/example_kubernetes_executor.py
[2024-10-12T08:03:25.191+0000] {processor.py:208} INFO - Processing /home/vboxuser/airflow_venv/lib/python3.12/site-packages/airflow/example_dags/example_kubernetes_executor.py took 0.048 seconds
[2024-10-12T08:04:36.377+0000] {processor.py:186} INFO - Started process (PID=13991) to work on /home/vboxuser/airflow_venv/lib/python3.12/site-packages/airflow/example_dags/example_kubernetes_executor.py
[2024-10-12T08:04:36.384+0000] {processor.py:914} INFO - Processing file /home/vboxuser/airflow_venv/lib/python3.12/site-packages/airflow/example_dags/example_kubernetes_executor.py for tasks to queue
[2024-10-12T08:04:36.389+0000] {logging_mixin.py:190} INFO - [2024-10-12T08:04:36.388+0000] {dagbag.py:588} INFO - Filling up the DagBag from /home/vboxuser/airflow_venv/lib/python3.12/site-packages/airflow/example_dags/example_kubernetes_executor.py
[2024-10-12T08:04:36.394+0000] {logging_mixin.py:190} INFO - [2024-10-12T08:04:36.394+0000] {example_kubernetes_executor.py:39} WARNING - The example_kubernetes_executor example DAG requires the kubernetes provider. Please install it with: pip install apache-airflow[cncf.kubernetes]
[2024-10-12T08:04:36.395+0000] {processor.py:927} WARNING - No viable dags retrieved from /home/vboxuser/airflow_venv/lib/python3.12/site-packages/airflow/example_dags/example_kubernetes_executor.py
[2024-10-12T08:04:36.414+0000] {processor.py:208} INFO - Processing /home/vboxuser/airflow_venv/lib/python3.12/site-packages/airflow/example_dags/example_kubernetes_executor.py took 0.053 seconds
[2024-10-12T08:05:44.182+0000] {processor.py:186} INFO - Started process (PID=14061) to work on /home/vboxuser/airflow_venv/lib/python3.12/site-packages/airflow/example_dags/example_kubernetes_executor.py
[2024-10-12T08:05:44.188+0000] {processor.py:914} INFO - Processing file /home/vboxuser/airflow_venv/lib/python3.12/site-packages/airflow/example_dags/example_kubernetes_executor.py for tasks to queue
[2024-10-12T08:05:44.194+0000] {logging_mixin.py:190} INFO - [2024-10-12T08:05:44.193+0000] {dagbag.py:588} INFO - Filling up the DagBag from /home/vboxuser/airflow_venv/lib/python3.12/site-packages/airflow/example_dags/example_kubernetes_executor.py
[2024-10-12T08:05:44.200+0000] {logging_mixin.py:190} INFO - [2024-10-12T08:05:44.199+0000] {example_kubernetes_executor.py:39} WARNING - The example_kubernetes_executor example DAG requires the kubernetes provider. Please install it with: pip install apache-airflow[cncf.kubernetes]
[2024-10-12T08:05:44.200+0000] {processor.py:927} WARNING - No viable dags retrieved from /home/vboxuser/airflow_venv/lib/python3.12/site-packages/airflow/example_dags/example_kubernetes_executor.py
[2024-10-12T08:05:44.224+0000] {processor.py:208} INFO - Processing /home/vboxuser/airflow_venv/lib/python3.12/site-packages/airflow/example_dags/example_kubernetes_executor.py took 0.057 seconds
[2024-10-12T08:06:58.360+0000] {processor.py:186} INFO - Started process (PID=14126) to work on /home/vboxuser/airflow_venv/lib/python3.12/site-packages/airflow/example_dags/example_kubernetes_executor.py
[2024-10-12T08:06:58.363+0000] {processor.py:914} INFO - Processing file /home/vboxuser/airflow_venv/lib/python3.12/site-packages/airflow/example_dags/example_kubernetes_executor.py for tasks to queue
[2024-10-12T08:06:58.370+0000] {logging_mixin.py:190} INFO - [2024-10-12T08:06:58.368+0000] {dagbag.py:588} INFO - Filling up the DagBag from /home/vboxuser/airflow_venv/lib/python3.12/site-packages/airflow/example_dags/example_kubernetes_executor.py
[2024-10-12T08:06:58.380+0000] {logging_mixin.py:190} INFO - [2024-10-12T08:06:58.379+0000] {example_kubernetes_executor.py:39} WARNING - The example_kubernetes_executor example DAG requires the kubernetes provider. Please install it with: pip install apache-airflow[cncf.kubernetes]
[2024-10-12T08:06:58.380+0000] {processor.py:927} WARNING - No viable dags retrieved from /home/vboxuser/airflow_venv/lib/python3.12/site-packages/airflow/example_dags/example_kubernetes_executor.py
[2024-10-12T08:06:58.411+0000] {processor.py:208} INFO - Processing /home/vboxuser/airflow_venv/lib/python3.12/site-packages/airflow/example_dags/example_kubernetes_executor.py took 0.069 seconds
[2024-10-12T08:08:12.210+0000] {processor.py:186} INFO - Started process (PID=14194) to work on /home/vboxuser/airflow_venv/lib/python3.12/site-packages/airflow/example_dags/example_kubernetes_executor.py
[2024-10-12T08:08:12.217+0000] {processor.py:914} INFO - Processing file /home/vboxuser/airflow_venv/lib/python3.12/site-packages/airflow/example_dags/example_kubernetes_executor.py for tasks to queue
[2024-10-12T08:08:12.221+0000] {logging_mixin.py:190} INFO - [2024-10-12T08:08:12.220+0000] {dagbag.py:588} INFO - Filling up the DagBag from /home/vboxuser/airflow_venv/lib/python3.12/site-packages/airflow/example_dags/example_kubernetes_executor.py
[2024-10-12T08:08:12.226+0000] {logging_mixin.py:190} INFO - [2024-10-12T08:08:12.225+0000] {example_kubernetes_executor.py:39} WARNING - The example_kubernetes_executor example DAG requires the kubernetes provider. Please install it with: pip install apache-airflow[cncf.kubernetes]
[2024-10-12T08:08:12.226+0000] {processor.py:927} WARNING - No viable dags retrieved from /home/vboxuser/airflow_venv/lib/python3.12/site-packages/airflow/example_dags/example_kubernetes_executor.py
[2024-10-12T08:08:12.247+0000] {processor.py:208} INFO - Processing /home/vboxuser/airflow_venv/lib/python3.12/site-packages/airflow/example_dags/example_kubernetes_executor.py took 0.050 seconds
[2024-10-12T08:09:29.980+0000] {processor.py:186} INFO - Started process (PID=14258) to work on /home/vboxuser/airflow_venv/lib/python3.12/site-packages/airflow/example_dags/example_kubernetes_executor.py
[2024-10-12T08:09:29.987+0000] {processor.py:914} INFO - Processing file /home/vboxuser/airflow_venv/lib/python3.12/site-packages/airflow/example_dags/example_kubernetes_executor.py for tasks to queue
[2024-10-12T08:09:29.993+0000] {logging_mixin.py:190} INFO - [2024-10-12T08:09:29.992+0000] {dagbag.py:588} INFO - Filling up the DagBag from /home/vboxuser/airflow_venv/lib/python3.12/site-packages/airflow/example_dags/example_kubernetes_executor.py
[2024-10-12T08:09:29.998+0000] {logging_mixin.py:190} INFO - [2024-10-12T08:09:29.997+0000] {example_kubernetes_executor.py:39} WARNING - The example_kubernetes_executor example DAG requires the kubernetes provider. Please install it with: pip install apache-airflow[cncf.kubernetes]
[2024-10-12T08:09:29.999+0000] {processor.py:927} WARNING - No viable dags retrieved from /home/vboxuser/airflow_venv/lib/python3.12/site-packages/airflow/example_dags/example_kubernetes_executor.py
[2024-10-12T08:09:30.023+0000] {processor.py:208} INFO - Processing /home/vboxuser/airflow_venv/lib/python3.12/site-packages/airflow/example_dags/example_kubernetes_executor.py took 0.057 seconds
[2024-10-12T08:10:46.535+0000] {processor.py:186} INFO - Started process (PID=14326) to work on /home/vboxuser/airflow_venv/lib/python3.12/site-packages/airflow/example_dags/example_kubernetes_executor.py
[2024-10-12T08:10:46.539+0000] {processor.py:914} INFO - Processing file /home/vboxuser/airflow_venv/lib/python3.12/site-packages/airflow/example_dags/example_kubernetes_executor.py for tasks to queue
[2024-10-12T08:10:46.544+0000] {logging_mixin.py:190} INFO - [2024-10-12T08:10:46.543+0000] {dagbag.py:588} INFO - Filling up the DagBag from /home/vboxuser/airflow_venv/lib/python3.12/site-packages/airflow/example_dags/example_kubernetes_executor.py
[2024-10-12T08:10:46.550+0000] {logging_mixin.py:190} INFO - [2024-10-12T08:10:46.549+0000] {example_kubernetes_executor.py:39} WARNING - The example_kubernetes_executor example DAG requires the kubernetes provider. Please install it with: pip install apache-airflow[cncf.kubernetes]
[2024-10-12T08:10:46.551+0000] {processor.py:927} WARNING - No viable dags retrieved from /home/vboxuser/airflow_venv/lib/python3.12/site-packages/airflow/example_dags/example_kubernetes_executor.py
[2024-10-12T08:10:46.568+0000] {processor.py:208} INFO - Processing /home/vboxuser/airflow_venv/lib/python3.12/site-packages/airflow/example_dags/example_kubernetes_executor.py took 0.046 seconds
[2024-10-12T08:11:53.977+0000] {processor.py:186} INFO - Started process (PID=14386) to work on /home/vboxuser/airflow_venv/lib/python3.12/site-packages/airflow/example_dags/example_kubernetes_executor.py
[2024-10-12T08:11:53.980+0000] {processor.py:914} INFO - Processing file /home/vboxuser/airflow_venv/lib/python3.12/site-packages/airflow/example_dags/example_kubernetes_executor.py for tasks to queue
[2024-10-12T08:11:53.986+0000] {logging_mixin.py:190} INFO - [2024-10-12T08:11:53.986+0000] {dagbag.py:588} INFO - Filling up the DagBag from /home/vboxuser/airflow_venv/lib/python3.12/site-packages/airflow/example_dags/example_kubernetes_executor.py
[2024-10-12T08:11:53.991+0000] {logging_mixin.py:190} INFO - [2024-10-12T08:11:53.991+0000] {example_kubernetes_executor.py:39} WARNING - The example_kubernetes_executor example DAG requires the kubernetes provider. Please install it with: pip install apache-airflow[cncf.kubernetes]
[2024-10-12T08:11:53.992+0000] {processor.py:927} WARNING - No viable dags retrieved from /home/vboxuser/airflow_venv/lib/python3.12/site-packages/airflow/example_dags/example_kubernetes_executor.py
[2024-10-12T08:11:54.017+0000] {processor.py:208} INFO - Processing /home/vboxuser/airflow_venv/lib/python3.12/site-packages/airflow/example_dags/example_kubernetes_executor.py took 0.052 seconds
[2024-10-12T08:13:01.782+0000] {processor.py:186} INFO - Started process (PID=14448) to work on /home/vboxuser/airflow_venv/lib/python3.12/site-packages/airflow/example_dags/example_kubernetes_executor.py
[2024-10-12T08:13:01.786+0000] {processor.py:914} INFO - Processing file /home/vboxuser/airflow_venv/lib/python3.12/site-packages/airflow/example_dags/example_kubernetes_executor.py for tasks to queue
[2024-10-12T08:13:01.793+0000] {logging_mixin.py:190} INFO - [2024-10-12T08:13:01.792+0000] {dagbag.py:588} INFO - Filling up the DagBag from /home/vboxuser/airflow_venv/lib/python3.12/site-packages/airflow/example_dags/example_kubernetes_executor.py
[2024-10-12T08:13:01.800+0000] {logging_mixin.py:190} INFO - [2024-10-12T08:13:01.799+0000] {example_kubernetes_executor.py:39} WARNING - The example_kubernetes_executor example DAG requires the kubernetes provider. Please install it with: pip install apache-airflow[cncf.kubernetes]
[2024-10-12T08:13:01.800+0000] {processor.py:927} WARNING - No viable dags retrieved from /home/vboxuser/airflow_venv/lib/python3.12/site-packages/airflow/example_dags/example_kubernetes_executor.py
[2024-10-12T08:13:01.823+0000] {processor.py:208} INFO - Processing /home/vboxuser/airflow_venv/lib/python3.12/site-packages/airflow/example_dags/example_kubernetes_executor.py took 0.057 seconds
[2024-10-12T08:14:16.304+0000] {processor.py:186} INFO - Started process (PID=14510) to work on /home/vboxuser/airflow_venv/lib/python3.12/site-packages/airflow/example_dags/example_kubernetes_executor.py
[2024-10-12T08:14:16.308+0000] {processor.py:914} INFO - Processing file /home/vboxuser/airflow_venv/lib/python3.12/site-packages/airflow/example_dags/example_kubernetes_executor.py for tasks to queue
[2024-10-12T08:14:16.312+0000] {logging_mixin.py:190} INFO - [2024-10-12T08:14:16.312+0000] {dagbag.py:588} INFO - Filling up the DagBag from /home/vboxuser/airflow_venv/lib/python3.12/site-packages/airflow/example_dags/example_kubernetes_executor.py
[2024-10-12T08:14:16.318+0000] {logging_mixin.py:190} INFO - [2024-10-12T08:14:16.318+0000] {example_kubernetes_executor.py:39} WARNING - The example_kubernetes_executor example DAG requires the kubernetes provider. Please install it with: pip install apache-airflow[cncf.kubernetes]
[2024-10-12T08:14:16.319+0000] {processor.py:927} WARNING - No viable dags retrieved from /home/vboxuser/airflow_venv/lib/python3.12/site-packages/airflow/example_dags/example_kubernetes_executor.py
[2024-10-12T08:14:16.347+0000] {processor.py:208} INFO - Processing /home/vboxuser/airflow_venv/lib/python3.12/site-packages/airflow/example_dags/example_kubernetes_executor.py took 0.056 seconds
[2024-10-12T08:15:30.918+0000] {processor.py:186} INFO - Started process (PID=14576) to work on /home/vboxuser/airflow_venv/lib/python3.12/site-packages/airflow/example_dags/example_kubernetes_executor.py
[2024-10-12T08:15:30.925+0000] {processor.py:914} INFO - Processing file /home/vboxuser/airflow_venv/lib/python3.12/site-packages/airflow/example_dags/example_kubernetes_executor.py for tasks to queue
[2024-10-12T08:15:30.930+0000] {logging_mixin.py:190} INFO - [2024-10-12T08:15:30.929+0000] {dagbag.py:588} INFO - Filling up the DagBag from /home/vboxuser/airflow_venv/lib/python3.12/site-packages/airflow/example_dags/example_kubernetes_executor.py
[2024-10-12T08:15:30.936+0000] {logging_mixin.py:190} INFO - [2024-10-12T08:15:30.935+0000] {example_kubernetes_executor.py:39} WARNING - The example_kubernetes_executor example DAG requires the kubernetes provider. Please install it with: pip install apache-airflow[cncf.kubernetes]
[2024-10-12T08:15:30.936+0000] {processor.py:927} WARNING - No viable dags retrieved from /home/vboxuser/airflow_venv/lib/python3.12/site-packages/airflow/example_dags/example_kubernetes_executor.py
[2024-10-12T08:15:30.965+0000] {processor.py:208} INFO - Processing /home/vboxuser/airflow_venv/lib/python3.12/site-packages/airflow/example_dags/example_kubernetes_executor.py took 0.060 seconds
[2024-10-12T08:16:45.498+0000] {processor.py:186} INFO - Started process (PID=14638) to work on /home/vboxuser/airflow_venv/lib/python3.12/site-packages/airflow/example_dags/example_kubernetes_executor.py
[2024-10-12T08:16:45.505+0000] {processor.py:914} INFO - Processing file /home/vboxuser/airflow_venv/lib/python3.12/site-packages/airflow/example_dags/example_kubernetes_executor.py for tasks to queue
[2024-10-12T08:16:45.511+0000] {logging_mixin.py:190} INFO - [2024-10-12T08:16:45.510+0000] {dagbag.py:588} INFO - Filling up the DagBag from /home/vboxuser/airflow_venv/lib/python3.12/site-packages/airflow/example_dags/example_kubernetes_executor.py
[2024-10-12T08:16:45.517+0000] {logging_mixin.py:190} INFO - [2024-10-12T08:16:45.516+0000] {example_kubernetes_executor.py:39} WARNING - The example_kubernetes_executor example DAG requires the kubernetes provider. Please install it with: pip install apache-airflow[cncf.kubernetes]
[2024-10-12T08:16:45.517+0000] {processor.py:927} WARNING - No viable dags retrieved from /home/vboxuser/airflow_venv/lib/python3.12/site-packages/airflow/example_dags/example_kubernetes_executor.py
[2024-10-12T08:16:45.539+0000] {processor.py:208} INFO - Processing /home/vboxuser/airflow_venv/lib/python3.12/site-packages/airflow/example_dags/example_kubernetes_executor.py took 0.054 seconds
