[2024-10-12T07:08:52.166+0000] {processor.py:186} INFO - Started process (PID=11308) to work on /home/vboxuser/airflow_venv/lib/python3.12/site-packages/airflow/example_dags/example_params_ui_tutorial.py
[2024-10-12T07:08:52.167+0000] {processor.py:914} INFO - Processing file /home/vboxuser/airflow_venv/lib/python3.12/site-packages/airflow/example_dags/example_params_ui_tutorial.py for tasks to queue
[2024-10-12T07:08:52.170+0000] {logging_mixin.py:190} INFO - [2024-10-12T07:08:52.170+0000] {dagbag.py:588} INFO - Filling up the DagBag from /home/vboxuser/airflow_venv/lib/python3.12/site-packages/airflow/example_dags/example_params_ui_tutorial.py
[2024-10-12T07:08:52.185+0000] {processor.py:925} INFO - DAG(s) 'example_params_ui_tutorial' retrieved from /home/vboxuser/airflow_venv/lib/python3.12/site-packages/airflow/example_dags/example_params_ui_tutorial.py
[2024-10-12T07:08:52.405+0000] {logging_mixin.py:190} INFO - [2024-10-12T07:08:52.404+0000] {override.py:1901} INFO - Created Permission View: can delete on DAG:example_params_ui_tutorial
[2024-10-12T07:08:52.437+0000] {logging_mixin.py:190} INFO - [2024-10-12T07:08:52.435+0000] {override.py:1901} INFO - Created Permission View: can read on DAG:example_params_ui_tutorial
[2024-10-12T07:08:52.461+0000] {logging_mixin.py:190} INFO - [2024-10-12T07:08:52.460+0000] {override.py:1901} INFO - Created Permission View: can edit on DAG:example_params_ui_tutorial
[2024-10-12T07:08:52.503+0000] {logging_mixin.py:190} INFO - [2024-10-12T07:08:52.502+0000] {override.py:1901} INFO - Created Permission View: can delete on DAG Run:example_params_ui_tutorial
[2024-10-12T07:08:52.525+0000] {logging_mixin.py:190} INFO - [2024-10-12T07:08:52.525+0000] {override.py:1901} INFO - Created Permission View: can read on DAG Run:example_params_ui_tutorial
[2024-10-12T07:08:52.547+0000] {logging_mixin.py:190} INFO - [2024-10-12T07:08:52.547+0000] {override.py:1901} INFO - Created Permission View: menu access on DAG Run:example_params_ui_tutorial
[2024-10-12T07:08:52.569+0000] {logging_mixin.py:190} INFO - [2024-10-12T07:08:52.568+0000] {override.py:1901} INFO - Created Permission View: can create on DAG Run:example_params_ui_tutorial
[2024-10-12T07:08:52.571+0000] {logging_mixin.py:190} INFO - [2024-10-12T07:08:52.570+0000] {dag.py:3239} INFO - Sync 1 DAGs
[2024-10-12T07:08:52.589+0000] {logging_mixin.py:190} INFO - [2024-10-12T07:08:52.588+0000] {dag.py:3262} INFO - Creating ORM DAG for example_params_ui_tutorial
[2024-10-12T07:08:52.589+0000] {logging_mixin.py:190} INFO - [2024-10-12T07:08:52.589+0000] {dag.py:4180} INFO - Setting next_dagrun for example_params_ui_tutorial to None, run_after=None
[2024-10-12T07:08:52.627+0000] {processor.py:208} INFO - Processing /home/vboxuser/airflow_venv/lib/python3.12/site-packages/airflow/example_dags/example_params_ui_tutorial.py took 0.470 seconds
[2024-10-12T07:10:01.681+0000] {processor.py:186} INFO - Started process (PID=11368) to work on /home/vboxuser/airflow_venv/lib/python3.12/site-packages/airflow/example_dags/example_params_ui_tutorial.py
[2024-10-12T07:10:01.687+0000] {processor.py:914} INFO - Processing file /home/vboxuser/airflow_venv/lib/python3.12/site-packages/airflow/example_dags/example_params_ui_tutorial.py for tasks to queue
[2024-10-12T07:10:01.691+0000] {logging_mixin.py:190} INFO - [2024-10-12T07:10:01.690+0000] {dagbag.py:588} INFO - Filling up the DagBag from /home/vboxuser/airflow_venv/lib/python3.12/site-packages/airflow/example_dags/example_params_ui_tutorial.py
[2024-10-12T07:10:01.706+0000] {processor.py:925} INFO - DAG(s) 'example_params_ui_tutorial' retrieved from /home/vboxuser/airflow_venv/lib/python3.12/site-packages/airflow/example_dags/example_params_ui_tutorial.py
[2024-10-12T07:10:01.763+0000] {logging_mixin.py:190} INFO - [2024-10-12T07:10:01.763+0000] {dag.py:3239} INFO - Sync 1 DAGs
[2024-10-12T07:10:01.785+0000] {logging_mixin.py:190} INFO - [2024-10-12T07:10:01.784+0000] {dag.py:4180} INFO - Setting next_dagrun for example_params_ui_tutorial to None, run_after=None
[2024-10-12T07:10:01.825+0000] {processor.py:208} INFO - Processing /home/vboxuser/airflow_venv/lib/python3.12/site-packages/airflow/example_dags/example_params_ui_tutorial.py took 0.152 seconds
[2024-10-12T07:11:03.248+0000] {processor.py:186} INFO - Started process (PID=11428) to work on /home/vboxuser/airflow_venv/lib/python3.12/site-packages/airflow/example_dags/example_params_ui_tutorial.py
[2024-10-12T07:11:03.250+0000] {processor.py:914} INFO - Processing file /home/vboxuser/airflow_venv/lib/python3.12/site-packages/airflow/example_dags/example_params_ui_tutorial.py for tasks to queue
[2024-10-12T07:11:03.252+0000] {logging_mixin.py:190} INFO - [2024-10-12T07:11:03.252+0000] {dagbag.py:588} INFO - Filling up the DagBag from /home/vboxuser/airflow_venv/lib/python3.12/site-packages/airflow/example_dags/example_params_ui_tutorial.py
[2024-10-12T07:11:03.262+0000] {processor.py:925} INFO - DAG(s) 'example_params_ui_tutorial' retrieved from /home/vboxuser/airflow_venv/lib/python3.12/site-packages/airflow/example_dags/example_params_ui_tutorial.py
[2024-10-12T07:11:03.302+0000] {logging_mixin.py:190} INFO - [2024-10-12T07:11:03.302+0000] {dag.py:3239} INFO - Sync 1 DAGs
[2024-10-12T07:11:03.315+0000] {logging_mixin.py:190} INFO - [2024-10-12T07:11:03.315+0000] {dag.py:4180} INFO - Setting next_dagrun for example_params_ui_tutorial to None, run_after=None
[2024-10-12T07:11:03.351+0000] {processor.py:208} INFO - Processing /home/vboxuser/airflow_venv/lib/python3.12/site-packages/airflow/example_dags/example_params_ui_tutorial.py took 0.109 seconds
[2024-10-12T07:12:11.589+0000] {processor.py:186} INFO - Started process (PID=11489) to work on /home/vboxuser/airflow_venv/lib/python3.12/site-packages/airflow/example_dags/example_params_ui_tutorial.py
[2024-10-12T07:12:11.592+0000] {processor.py:914} INFO - Processing file /home/vboxuser/airflow_venv/lib/python3.12/site-packages/airflow/example_dags/example_params_ui_tutorial.py for tasks to queue
[2024-10-12T07:12:11.596+0000] {logging_mixin.py:190} INFO - [2024-10-12T07:12:11.595+0000] {dagbag.py:588} INFO - Filling up the DagBag from /home/vboxuser/airflow_venv/lib/python3.12/site-packages/airflow/example_dags/example_params_ui_tutorial.py
[2024-10-12T07:12:11.610+0000] {processor.py:925} INFO - DAG(s) 'example_params_ui_tutorial' retrieved from /home/vboxuser/airflow_venv/lib/python3.12/site-packages/airflow/example_dags/example_params_ui_tutorial.py
[2024-10-12T07:12:11.652+0000] {logging_mixin.py:190} INFO - [2024-10-12T07:12:11.651+0000] {dag.py:3239} INFO - Sync 1 DAGs
[2024-10-12T07:12:11.667+0000] {logging_mixin.py:190} INFO - [2024-10-12T07:12:11.667+0000] {dag.py:4180} INFO - Setting next_dagrun for example_params_ui_tutorial to None, run_after=None
[2024-10-12T07:12:11.710+0000] {processor.py:208} INFO - Processing /home/vboxuser/airflow_venv/lib/python3.12/site-packages/airflow/example_dags/example_params_ui_tutorial.py took 0.133 seconds
[2024-10-12T07:13:13.190+0000] {processor.py:186} INFO - Started process (PID=11546) to work on /home/vboxuser/airflow_venv/lib/python3.12/site-packages/airflow/example_dags/example_params_ui_tutorial.py
[2024-10-12T07:13:13.192+0000] {processor.py:914} INFO - Processing file /home/vboxuser/airflow_venv/lib/python3.12/site-packages/airflow/example_dags/example_params_ui_tutorial.py for tasks to queue
[2024-10-12T07:13:13.195+0000] {logging_mixin.py:190} INFO - [2024-10-12T07:13:13.194+0000] {dagbag.py:588} INFO - Filling up the DagBag from /home/vboxuser/airflow_venv/lib/python3.12/site-packages/airflow/example_dags/example_params_ui_tutorial.py
[2024-10-12T07:13:13.205+0000] {processor.py:925} INFO - DAG(s) 'example_params_ui_tutorial' retrieved from /home/vboxuser/airflow_venv/lib/python3.12/site-packages/airflow/example_dags/example_params_ui_tutorial.py
[2024-10-12T07:13:13.255+0000] {logging_mixin.py:190} INFO - [2024-10-12T07:13:13.255+0000] {dag.py:3239} INFO - Sync 1 DAGs
[2024-10-12T07:13:13.273+0000] {logging_mixin.py:190} INFO - [2024-10-12T07:13:13.272+0000] {dag.py:4180} INFO - Setting next_dagrun for example_params_ui_tutorial to None, run_after=None
[2024-10-12T07:13:13.307+0000] {processor.py:208} INFO - Processing /home/vboxuser/airflow_venv/lib/python3.12/site-packages/airflow/example_dags/example_params_ui_tutorial.py took 0.125 seconds
[2024-10-12T07:14:18.159+0000] {processor.py:186} INFO - Started process (PID=11688) to work on /home/vboxuser/airflow_venv/lib/python3.12/site-packages/airflow/example_dags/example_params_ui_tutorial.py
[2024-10-12T07:14:18.165+0000] {processor.py:914} INFO - Processing file /home/vboxuser/airflow_venv/lib/python3.12/site-packages/airflow/example_dags/example_params_ui_tutorial.py for tasks to queue
[2024-10-12T07:14:18.169+0000] {logging_mixin.py:190} INFO - [2024-10-12T07:14:18.168+0000] {dagbag.py:588} INFO - Filling up the DagBag from /home/vboxuser/airflow_venv/lib/python3.12/site-packages/airflow/example_dags/example_params_ui_tutorial.py
[2024-10-12T07:14:18.183+0000] {processor.py:925} INFO - DAG(s) 'example_params_ui_tutorial' retrieved from /home/vboxuser/airflow_venv/lib/python3.12/site-packages/airflow/example_dags/example_params_ui_tutorial.py
[2024-10-12T07:14:18.227+0000] {logging_mixin.py:190} INFO - [2024-10-12T07:14:18.226+0000] {dag.py:3239} INFO - Sync 1 DAGs
[2024-10-12T07:14:18.241+0000] {logging_mixin.py:190} INFO - [2024-10-12T07:14:18.241+0000] {dag.py:4180} INFO - Setting next_dagrun for example_params_ui_tutorial to None, run_after=None
[2024-10-12T07:14:18.276+0000] {processor.py:208} INFO - Processing /home/vboxuser/airflow_venv/lib/python3.12/site-packages/airflow/example_dags/example_params_ui_tutorial.py took 0.127 seconds
[2024-10-12T07:15:34.407+0000] {processor.py:186} INFO - Started process (PID=11764) to work on /home/vboxuser/airflow_venv/lib/python3.12/site-packages/airflow/example_dags/example_params_ui_tutorial.py
[2024-10-12T07:15:34.410+0000] {processor.py:914} INFO - Processing file /home/vboxuser/airflow_venv/lib/python3.12/site-packages/airflow/example_dags/example_params_ui_tutorial.py for tasks to queue
[2024-10-12T07:15:34.412+0000] {logging_mixin.py:190} INFO - [2024-10-12T07:15:34.412+0000] {dagbag.py:588} INFO - Filling up the DagBag from /home/vboxuser/airflow_venv/lib/python3.12/site-packages/airflow/example_dags/example_params_ui_tutorial.py
[2024-10-12T07:15:34.423+0000] {processor.py:925} INFO - DAG(s) 'example_params_ui_tutorial' retrieved from /home/vboxuser/airflow_venv/lib/python3.12/site-packages/airflow/example_dags/example_params_ui_tutorial.py
[2024-10-12T07:15:34.465+0000] {logging_mixin.py:190} INFO - [2024-10-12T07:15:34.465+0000] {dag.py:3239} INFO - Sync 1 DAGs
[2024-10-12T07:15:34.487+0000] {logging_mixin.py:190} INFO - [2024-10-12T07:15:34.486+0000] {dag.py:4180} INFO - Setting next_dagrun for example_params_ui_tutorial to None, run_after=None
[2024-10-12T07:15:34.528+0000] {processor.py:208} INFO - Processing /home/vboxuser/airflow_venv/lib/python3.12/site-packages/airflow/example_dags/example_params_ui_tutorial.py took 0.129 seconds
[2024-10-12T07:16:38.039+0000] {processor.py:186} INFO - Started process (PID=11822) to work on /home/vboxuser/airflow_venv/lib/python3.12/site-packages/airflow/example_dags/example_params_ui_tutorial.py
[2024-10-12T07:16:38.041+0000] {processor.py:914} INFO - Processing file /home/vboxuser/airflow_venv/lib/python3.12/site-packages/airflow/example_dags/example_params_ui_tutorial.py for tasks to queue
[2024-10-12T07:16:38.044+0000] {logging_mixin.py:190} INFO - [2024-10-12T07:16:38.044+0000] {dagbag.py:588} INFO - Filling up the DagBag from /home/vboxuser/airflow_venv/lib/python3.12/site-packages/airflow/example_dags/example_params_ui_tutorial.py
[2024-10-12T07:16:38.056+0000] {processor.py:925} INFO - DAG(s) 'example_params_ui_tutorial' retrieved from /home/vboxuser/airflow_venv/lib/python3.12/site-packages/airflow/example_dags/example_params_ui_tutorial.py
[2024-10-12T07:16:38.096+0000] {logging_mixin.py:190} INFO - [2024-10-12T07:16:38.096+0000] {dag.py:3239} INFO - Sync 1 DAGs
[2024-10-12T07:16:38.113+0000] {logging_mixin.py:190} INFO - [2024-10-12T07:16:38.113+0000] {dag.py:4180} INFO - Setting next_dagrun for example_params_ui_tutorial to None, run_after=None
[2024-10-12T07:16:38.149+0000] {processor.py:208} INFO - Processing /home/vboxuser/airflow_venv/lib/python3.12/site-packages/airflow/example_dags/example_params_ui_tutorial.py took 0.118 seconds
[2024-10-12T07:17:42.787+0000] {processor.py:186} INFO - Started process (PID=11885) to work on /home/vboxuser/airflow_venv/lib/python3.12/site-packages/airflow/example_dags/example_params_ui_tutorial.py
[2024-10-12T07:17:42.791+0000] {processor.py:914} INFO - Processing file /home/vboxuser/airflow_venv/lib/python3.12/site-packages/airflow/example_dags/example_params_ui_tutorial.py for tasks to queue
[2024-10-12T07:17:42.795+0000] {logging_mixin.py:190} INFO - [2024-10-12T07:17:42.794+0000] {dagbag.py:588} INFO - Filling up the DagBag from /home/vboxuser/airflow_venv/lib/python3.12/site-packages/airflow/example_dags/example_params_ui_tutorial.py
[2024-10-12T07:17:42.810+0000] {processor.py:925} INFO - DAG(s) 'example_params_ui_tutorial' retrieved from /home/vboxuser/airflow_venv/lib/python3.12/site-packages/airflow/example_dags/example_params_ui_tutorial.py
[2024-10-12T07:17:42.850+0000] {logging_mixin.py:190} INFO - [2024-10-12T07:17:42.849+0000] {dag.py:3239} INFO - Sync 1 DAGs
[2024-10-12T07:17:42.865+0000] {logging_mixin.py:190} INFO - [2024-10-12T07:17:42.864+0000] {dag.py:4180} INFO - Setting next_dagrun for example_params_ui_tutorial to None, run_after=None
[2024-10-12T07:17:42.895+0000] {processor.py:208} INFO - Processing /home/vboxuser/airflow_venv/lib/python3.12/site-packages/airflow/example_dags/example_params_ui_tutorial.py took 0.119 seconds
[2024-10-12T07:18:43.759+0000] {processor.py:186} INFO - Started process (PID=11942) to work on /home/vboxuser/airflow_venv/lib/python3.12/site-packages/airflow/example_dags/example_params_ui_tutorial.py
[2024-10-12T07:18:43.761+0000] {processor.py:914} INFO - Processing file /home/vboxuser/airflow_venv/lib/python3.12/site-packages/airflow/example_dags/example_params_ui_tutorial.py for tasks to queue
[2024-10-12T07:18:43.764+0000] {logging_mixin.py:190} INFO - [2024-10-12T07:18:43.763+0000] {dagbag.py:588} INFO - Filling up the DagBag from /home/vboxuser/airflow_venv/lib/python3.12/site-packages/airflow/example_dags/example_params_ui_tutorial.py
[2024-10-12T07:18:43.775+0000] {processor.py:925} INFO - DAG(s) 'example_params_ui_tutorial' retrieved from /home/vboxuser/airflow_venv/lib/python3.12/site-packages/airflow/example_dags/example_params_ui_tutorial.py
[2024-10-12T07:18:43.831+0000] {logging_mixin.py:190} INFO - [2024-10-12T07:18:43.831+0000] {dag.py:3239} INFO - Sync 1 DAGs
[2024-10-12T07:18:43.847+0000] {logging_mixin.py:190} INFO - [2024-10-12T07:18:43.847+0000] {dag.py:4180} INFO - Setting next_dagrun for example_params_ui_tutorial to None, run_after=None
[2024-10-12T07:18:43.876+0000] {processor.py:208} INFO - Processing /home/vboxuser/airflow_venv/lib/python3.12/site-packages/airflow/example_dags/example_params_ui_tutorial.py took 0.126 seconds
[2024-10-12T07:19:45.934+0000] {processor.py:186} INFO - Started process (PID=11999) to work on /home/vboxuser/airflow_venv/lib/python3.12/site-packages/airflow/example_dags/example_params_ui_tutorial.py
[2024-10-12T07:19:45.936+0000] {processor.py:914} INFO - Processing file /home/vboxuser/airflow_venv/lib/python3.12/site-packages/airflow/example_dags/example_params_ui_tutorial.py for tasks to queue
[2024-10-12T07:19:45.939+0000] {logging_mixin.py:190} INFO - [2024-10-12T07:19:45.938+0000] {dagbag.py:588} INFO - Filling up the DagBag from /home/vboxuser/airflow_venv/lib/python3.12/site-packages/airflow/example_dags/example_params_ui_tutorial.py
[2024-10-12T07:19:45.952+0000] {processor.py:925} INFO - DAG(s) 'example_params_ui_tutorial' retrieved from /home/vboxuser/airflow_venv/lib/python3.12/site-packages/airflow/example_dags/example_params_ui_tutorial.py
[2024-10-12T07:19:45.994+0000] {logging_mixin.py:190} INFO - [2024-10-12T07:19:45.993+0000] {dag.py:3239} INFO - Sync 1 DAGs
[2024-10-12T07:19:46.008+0000] {logging_mixin.py:190} INFO - [2024-10-12T07:19:46.008+0000] {dag.py:4180} INFO - Setting next_dagrun for example_params_ui_tutorial to None, run_after=None
[2024-10-12T07:19:46.041+0000] {processor.py:208} INFO - Processing /home/vboxuser/airflow_venv/lib/python3.12/site-packages/airflow/example_dags/example_params_ui_tutorial.py took 0.116 seconds
[2024-10-12T07:20:53.609+0000] {processor.py:186} INFO - Started process (PID=12064) to work on /home/vboxuser/airflow_venv/lib/python3.12/site-packages/airflow/example_dags/example_params_ui_tutorial.py
[2024-10-12T07:20:53.616+0000] {processor.py:914} INFO - Processing file /home/vboxuser/airflow_venv/lib/python3.12/site-packages/airflow/example_dags/example_params_ui_tutorial.py for tasks to queue
[2024-10-12T07:20:53.622+0000] {logging_mixin.py:190} INFO - [2024-10-12T07:20:53.621+0000] {dagbag.py:588} INFO - Filling up the DagBag from /home/vboxuser/airflow_venv/lib/python3.12/site-packages/airflow/example_dags/example_params_ui_tutorial.py
[2024-10-12T07:20:53.636+0000] {processor.py:925} INFO - DAG(s) 'example_params_ui_tutorial' retrieved from /home/vboxuser/airflow_venv/lib/python3.12/site-packages/airflow/example_dags/example_params_ui_tutorial.py
[2024-10-12T07:20:53.676+0000] {logging_mixin.py:190} INFO - [2024-10-12T07:20:53.676+0000] {dag.py:3239} INFO - Sync 1 DAGs
[2024-10-12T07:20:53.694+0000] {logging_mixin.py:190} INFO - [2024-10-12T07:20:53.694+0000] {dag.py:4180} INFO - Setting next_dagrun for example_params_ui_tutorial to None, run_after=None
[2024-10-12T07:20:53.733+0000] {processor.py:208} INFO - Processing /home/vboxuser/airflow_venv/lib/python3.12/site-packages/airflow/example_dags/example_params_ui_tutorial.py took 0.132 seconds
[2024-10-12T07:22:00.076+0000] {processor.py:186} INFO - Started process (PID=12124) to work on /home/vboxuser/airflow_venv/lib/python3.12/site-packages/airflow/example_dags/example_params_ui_tutorial.py
[2024-10-12T07:22:00.079+0000] {processor.py:914} INFO - Processing file /home/vboxuser/airflow_venv/lib/python3.12/site-packages/airflow/example_dags/example_params_ui_tutorial.py for tasks to queue
[2024-10-12T07:22:00.109+0000] {logging_mixin.py:190} INFO - [2024-10-12T07:22:00.109+0000] {dagbag.py:588} INFO - Filling up the DagBag from /home/vboxuser/airflow_venv/lib/python3.12/site-packages/airflow/example_dags/example_params_ui_tutorial.py
[2024-10-12T07:22:00.121+0000] {processor.py:925} INFO - DAG(s) 'example_params_ui_tutorial' retrieved from /home/vboxuser/airflow_venv/lib/python3.12/site-packages/airflow/example_dags/example_params_ui_tutorial.py
[2024-10-12T07:22:00.162+0000] {logging_mixin.py:190} INFO - [2024-10-12T07:22:00.161+0000] {dag.py:3239} INFO - Sync 1 DAGs
[2024-10-12T07:22:00.178+0000] {logging_mixin.py:190} INFO - [2024-10-12T07:22:00.178+0000] {dag.py:4180} INFO - Setting next_dagrun for example_params_ui_tutorial to None, run_after=None
[2024-10-12T07:22:00.215+0000] {processor.py:208} INFO - Processing /home/vboxuser/airflow_venv/lib/python3.12/site-packages/airflow/example_dags/example_params_ui_tutorial.py took 0.182 seconds
[2024-10-12T07:23:09.246+0000] {processor.py:186} INFO - Started process (PID=12185) to work on /home/vboxuser/airflow_venv/lib/python3.12/site-packages/airflow/example_dags/example_params_ui_tutorial.py
[2024-10-12T07:23:09.248+0000] {processor.py:914} INFO - Processing file /home/vboxuser/airflow_venv/lib/python3.12/site-packages/airflow/example_dags/example_params_ui_tutorial.py for tasks to queue
[2024-10-12T07:23:09.251+0000] {logging_mixin.py:190} INFO - [2024-10-12T07:23:09.251+0000] {dagbag.py:588} INFO - Filling up the DagBag from /home/vboxuser/airflow_venv/lib/python3.12/site-packages/airflow/example_dags/example_params_ui_tutorial.py
[2024-10-12T07:23:09.267+0000] {processor.py:925} INFO - DAG(s) 'example_params_ui_tutorial' retrieved from /home/vboxuser/airflow_venv/lib/python3.12/site-packages/airflow/example_dags/example_params_ui_tutorial.py
[2024-10-12T07:23:09.315+0000] {logging_mixin.py:190} INFO - [2024-10-12T07:23:09.314+0000] {dag.py:3239} INFO - Sync 1 DAGs
[2024-10-12T07:23:09.329+0000] {logging_mixin.py:190} INFO - [2024-10-12T07:23:09.328+0000] {dag.py:4180} INFO - Setting next_dagrun for example_params_ui_tutorial to None, run_after=None
[2024-10-12T07:23:09.361+0000] {processor.py:208} INFO - Processing /home/vboxuser/airflow_venv/lib/python3.12/site-packages/airflow/example_dags/example_params_ui_tutorial.py took 0.123 seconds
[2024-10-12T07:24:19.863+0000] {processor.py:186} INFO - Started process (PID=12247) to work on /home/vboxuser/airflow_venv/lib/python3.12/site-packages/airflow/example_dags/example_params_ui_tutorial.py
[2024-10-12T07:24:19.867+0000] {processor.py:914} INFO - Processing file /home/vboxuser/airflow_venv/lib/python3.12/site-packages/airflow/example_dags/example_params_ui_tutorial.py for tasks to queue
[2024-10-12T07:24:19.870+0000] {logging_mixin.py:190} INFO - [2024-10-12T07:24:19.869+0000] {dagbag.py:588} INFO - Filling up the DagBag from /home/vboxuser/airflow_venv/lib/python3.12/site-packages/airflow/example_dags/example_params_ui_tutorial.py
[2024-10-12T07:24:19.881+0000] {processor.py:925} INFO - DAG(s) 'example_params_ui_tutorial' retrieved from /home/vboxuser/airflow_venv/lib/python3.12/site-packages/airflow/example_dags/example_params_ui_tutorial.py
[2024-10-12T07:24:19.932+0000] {logging_mixin.py:190} INFO - [2024-10-12T07:24:19.932+0000] {dag.py:3239} INFO - Sync 1 DAGs
[2024-10-12T07:24:19.950+0000] {logging_mixin.py:190} INFO - [2024-10-12T07:24:19.949+0000] {dag.py:4180} INFO - Setting next_dagrun for example_params_ui_tutorial to None, run_after=None
[2024-10-12T07:24:19.988+0000] {processor.py:208} INFO - Processing /home/vboxuser/airflow_venv/lib/python3.12/site-packages/airflow/example_dags/example_params_ui_tutorial.py took 0.132 seconds
[2024-10-12T07:25:26.335+0000] {processor.py:186} INFO - Started process (PID=12309) to work on /home/vboxuser/airflow_venv/lib/python3.12/site-packages/airflow/example_dags/example_params_ui_tutorial.py
[2024-10-12T07:25:26.338+0000] {processor.py:914} INFO - Processing file /home/vboxuser/airflow_venv/lib/python3.12/site-packages/airflow/example_dags/example_params_ui_tutorial.py for tasks to queue
[2024-10-12T07:25:26.362+0000] {logging_mixin.py:190} INFO - [2024-10-12T07:25:26.362+0000] {dagbag.py:588} INFO - Filling up the DagBag from /home/vboxuser/airflow_venv/lib/python3.12/site-packages/airflow/example_dags/example_params_ui_tutorial.py
[2024-10-12T07:25:26.454+0000] {processor.py:925} INFO - DAG(s) 'example_params_ui_tutorial' retrieved from /home/vboxuser/airflow_venv/lib/python3.12/site-packages/airflow/example_dags/example_params_ui_tutorial.py
[2024-10-12T07:25:26.522+0000] {logging_mixin.py:190} INFO - [2024-10-12T07:25:26.521+0000] {dag.py:3239} INFO - Sync 1 DAGs
[2024-10-12T07:25:26.540+0000] {logging_mixin.py:190} INFO - [2024-10-12T07:25:26.539+0000] {dag.py:4180} INFO - Setting next_dagrun for example_params_ui_tutorial to None, run_after=None
[2024-10-12T07:25:26.574+0000] {processor.py:208} INFO - Processing /home/vboxuser/airflow_venv/lib/python3.12/site-packages/airflow/example_dags/example_params_ui_tutorial.py took 0.251 seconds
[2024-10-12T07:26:37.941+0000] {processor.py:186} INFO - Started process (PID=12375) to work on /home/vboxuser/airflow_venv/lib/python3.12/site-packages/airflow/example_dags/example_params_ui_tutorial.py
[2024-10-12T07:26:37.943+0000] {processor.py:914} INFO - Processing file /home/vboxuser/airflow_venv/lib/python3.12/site-packages/airflow/example_dags/example_params_ui_tutorial.py for tasks to queue
[2024-10-12T07:26:37.947+0000] {logging_mixin.py:190} INFO - [2024-10-12T07:26:37.946+0000] {dagbag.py:588} INFO - Filling up the DagBag from /home/vboxuser/airflow_venv/lib/python3.12/site-packages/airflow/example_dags/example_params_ui_tutorial.py
[2024-10-12T07:26:37.959+0000] {processor.py:925} INFO - DAG(s) 'example_params_ui_tutorial' retrieved from /home/vboxuser/airflow_venv/lib/python3.12/site-packages/airflow/example_dags/example_params_ui_tutorial.py
[2024-10-12T07:26:38.004+0000] {logging_mixin.py:190} INFO - [2024-10-12T07:26:38.004+0000] {dag.py:3239} INFO - Sync 1 DAGs
[2024-10-12T07:26:38.021+0000] {logging_mixin.py:190} INFO - [2024-10-12T07:26:38.021+0000] {dag.py:4180} INFO - Setting next_dagrun for example_params_ui_tutorial to None, run_after=None
[2024-10-12T07:26:38.064+0000] {processor.py:208} INFO - Processing /home/vboxuser/airflow_venv/lib/python3.12/site-packages/airflow/example_dags/example_params_ui_tutorial.py took 0.133 seconds
[2024-10-12T07:27:52.019+0000] {processor.py:186} INFO - Started process (PID=12437) to work on /home/vboxuser/airflow_venv/lib/python3.12/site-packages/airflow/example_dags/example_params_ui_tutorial.py
[2024-10-12T07:27:52.022+0000] {processor.py:914} INFO - Processing file /home/vboxuser/airflow_venv/lib/python3.12/site-packages/airflow/example_dags/example_params_ui_tutorial.py for tasks to queue
[2024-10-12T07:27:52.027+0000] {logging_mixin.py:190} INFO - [2024-10-12T07:27:52.027+0000] {dagbag.py:588} INFO - Filling up the DagBag from /home/vboxuser/airflow_venv/lib/python3.12/site-packages/airflow/example_dags/example_params_ui_tutorial.py
[2024-10-12T07:27:52.047+0000] {processor.py:925} INFO - DAG(s) 'example_params_ui_tutorial' retrieved from /home/vboxuser/airflow_venv/lib/python3.12/site-packages/airflow/example_dags/example_params_ui_tutorial.py
[2024-10-12T07:27:52.107+0000] {logging_mixin.py:190} INFO - [2024-10-12T07:27:52.107+0000] {dag.py:3239} INFO - Sync 1 DAGs
[2024-10-12T07:27:52.126+0000] {logging_mixin.py:190} INFO - [2024-10-12T07:27:52.125+0000] {dag.py:4180} INFO - Setting next_dagrun for example_params_ui_tutorial to None, run_after=None
[2024-10-12T07:27:52.176+0000] {processor.py:208} INFO - Processing /home/vboxuser/airflow_venv/lib/python3.12/site-packages/airflow/example_dags/example_params_ui_tutorial.py took 0.166 seconds
[2024-10-12T07:28:56.104+0000] {processor.py:186} INFO - Started process (PID=12495) to work on /home/vboxuser/airflow_venv/lib/python3.12/site-packages/airflow/example_dags/example_params_ui_tutorial.py
[2024-10-12T07:28:56.108+0000] {processor.py:914} INFO - Processing file /home/vboxuser/airflow_venv/lib/python3.12/site-packages/airflow/example_dags/example_params_ui_tutorial.py for tasks to queue
[2024-10-12T07:28:56.117+0000] {logging_mixin.py:190} INFO - [2024-10-12T07:28:56.117+0000] {dagbag.py:588} INFO - Filling up the DagBag from /home/vboxuser/airflow_venv/lib/python3.12/site-packages/airflow/example_dags/example_params_ui_tutorial.py
[2024-10-12T07:28:56.133+0000] {processor.py:925} INFO - DAG(s) 'example_params_ui_tutorial' retrieved from /home/vboxuser/airflow_venv/lib/python3.12/site-packages/airflow/example_dags/example_params_ui_tutorial.py
[2024-10-12T07:28:56.177+0000] {logging_mixin.py:190} INFO - [2024-10-12T07:28:56.176+0000] {dag.py:3239} INFO - Sync 1 DAGs
[2024-10-12T07:28:56.194+0000] {logging_mixin.py:190} INFO - [2024-10-12T07:28:56.193+0000] {dag.py:4180} INFO - Setting next_dagrun for example_params_ui_tutorial to None, run_after=None
[2024-10-12T07:28:56.234+0000] {processor.py:208} INFO - Processing /home/vboxuser/airflow_venv/lib/python3.12/site-packages/airflow/example_dags/example_params_ui_tutorial.py took 0.141 seconds
[2024-10-12T07:30:04.690+0000] {processor.py:186} INFO - Started process (PID=12567) to work on /home/vboxuser/airflow_venv/lib/python3.12/site-packages/airflow/example_dags/example_params_ui_tutorial.py
[2024-10-12T07:30:04.692+0000] {processor.py:914} INFO - Processing file /home/vboxuser/airflow_venv/lib/python3.12/site-packages/airflow/example_dags/example_params_ui_tutorial.py for tasks to queue
[2024-10-12T07:30:04.696+0000] {logging_mixin.py:190} INFO - [2024-10-12T07:30:04.696+0000] {dagbag.py:588} INFO - Filling up the DagBag from /home/vboxuser/airflow_venv/lib/python3.12/site-packages/airflow/example_dags/example_params_ui_tutorial.py
[2024-10-12T07:30:04.709+0000] {processor.py:925} INFO - DAG(s) 'example_params_ui_tutorial' retrieved from /home/vboxuser/airflow_venv/lib/python3.12/site-packages/airflow/example_dags/example_params_ui_tutorial.py
[2024-10-12T07:30:04.759+0000] {logging_mixin.py:190} INFO - [2024-10-12T07:30:04.759+0000] {dag.py:3239} INFO - Sync 1 DAGs
[2024-10-12T07:30:04.775+0000] {logging_mixin.py:190} INFO - [2024-10-12T07:30:04.775+0000] {dag.py:4180} INFO - Setting next_dagrun for example_params_ui_tutorial to None, run_after=None
[2024-10-12T07:30:04.809+0000] {processor.py:208} INFO - Processing /home/vboxuser/airflow_venv/lib/python3.12/site-packages/airflow/example_dags/example_params_ui_tutorial.py took 0.129 seconds
[2024-10-12T07:31:18.049+0000] {processor.py:186} INFO - Started process (PID=12639) to work on /home/vboxuser/airflow_venv/lib/python3.12/site-packages/airflow/example_dags/example_params_ui_tutorial.py
[2024-10-12T07:31:18.054+0000] {processor.py:914} INFO - Processing file /home/vboxuser/airflow_venv/lib/python3.12/site-packages/airflow/example_dags/example_params_ui_tutorial.py for tasks to queue
[2024-10-12T07:31:18.057+0000] {logging_mixin.py:190} INFO - [2024-10-12T07:31:18.057+0000] {dagbag.py:588} INFO - Filling up the DagBag from /home/vboxuser/airflow_venv/lib/python3.12/site-packages/airflow/example_dags/example_params_ui_tutorial.py
[2024-10-12T07:31:18.071+0000] {processor.py:925} INFO - DAG(s) 'example_params_ui_tutorial' retrieved from /home/vboxuser/airflow_venv/lib/python3.12/site-packages/airflow/example_dags/example_params_ui_tutorial.py
[2024-10-12T07:31:18.111+0000] {logging_mixin.py:190} INFO - [2024-10-12T07:31:18.111+0000] {dag.py:3239} INFO - Sync 1 DAGs
[2024-10-12T07:31:18.125+0000] {logging_mixin.py:190} INFO - [2024-10-12T07:31:18.125+0000] {dag.py:4180} INFO - Setting next_dagrun for example_params_ui_tutorial to None, run_after=None
[2024-10-12T07:31:18.242+0000] {processor.py:208} INFO - Processing /home/vboxuser/airflow_venv/lib/python3.12/site-packages/airflow/example_dags/example_params_ui_tutorial.py took 0.201 seconds
[2024-10-12T07:32:23.592+0000] {processor.py:186} INFO - Started process (PID=12708) to work on /home/vboxuser/airflow_venv/lib/python3.12/site-packages/airflow/example_dags/example_params_ui_tutorial.py
[2024-10-12T07:32:23.594+0000] {processor.py:914} INFO - Processing file /home/vboxuser/airflow_venv/lib/python3.12/site-packages/airflow/example_dags/example_params_ui_tutorial.py for tasks to queue
[2024-10-12T07:32:23.597+0000] {logging_mixin.py:190} INFO - [2024-10-12T07:32:23.596+0000] {dagbag.py:588} INFO - Filling up the DagBag from /home/vboxuser/airflow_venv/lib/python3.12/site-packages/airflow/example_dags/example_params_ui_tutorial.py
[2024-10-12T07:32:23.610+0000] {processor.py:925} INFO - DAG(s) 'example_params_ui_tutorial' retrieved from /home/vboxuser/airflow_venv/lib/python3.12/site-packages/airflow/example_dags/example_params_ui_tutorial.py
[2024-10-12T07:32:23.653+0000] {logging_mixin.py:190} INFO - [2024-10-12T07:32:23.653+0000] {dag.py:3239} INFO - Sync 1 DAGs
[2024-10-12T07:32:23.670+0000] {logging_mixin.py:190} INFO - [2024-10-12T07:32:23.670+0000] {dag.py:4180} INFO - Setting next_dagrun for example_params_ui_tutorial to None, run_after=None
[2024-10-12T07:32:23.706+0000] {processor.py:208} INFO - Processing /home/vboxuser/airflow_venv/lib/python3.12/site-packages/airflow/example_dags/example_params_ui_tutorial.py took 0.121 seconds
[2024-10-12T07:33:25.866+0000] {processor.py:186} INFO - Started process (PID=12766) to work on /home/vboxuser/airflow_venv/lib/python3.12/site-packages/airflow/example_dags/example_params_ui_tutorial.py
[2024-10-12T07:33:25.870+0000] {processor.py:914} INFO - Processing file /home/vboxuser/airflow_venv/lib/python3.12/site-packages/airflow/example_dags/example_params_ui_tutorial.py for tasks to queue
[2024-10-12T07:33:25.874+0000] {logging_mixin.py:190} INFO - [2024-10-12T07:33:25.873+0000] {dagbag.py:588} INFO - Filling up the DagBag from /home/vboxuser/airflow_venv/lib/python3.12/site-packages/airflow/example_dags/example_params_ui_tutorial.py
[2024-10-12T07:33:25.889+0000] {processor.py:925} INFO - DAG(s) 'example_params_ui_tutorial' retrieved from /home/vboxuser/airflow_venv/lib/python3.12/site-packages/airflow/example_dags/example_params_ui_tutorial.py
[2024-10-12T07:33:25.936+0000] {logging_mixin.py:190} INFO - [2024-10-12T07:33:25.936+0000] {dag.py:3239} INFO - Sync 1 DAGs
[2024-10-12T07:33:25.958+0000] {logging_mixin.py:190} INFO - [2024-10-12T07:33:25.958+0000] {dag.py:4180} INFO - Setting next_dagrun for example_params_ui_tutorial to None, run_after=None
[2024-10-12T07:33:25.993+0000] {processor.py:208} INFO - Processing /home/vboxuser/airflow_venv/lib/python3.12/site-packages/airflow/example_dags/example_params_ui_tutorial.py took 0.141 seconds
[2024-10-12T07:34:28.612+0000] {processor.py:186} INFO - Started process (PID=12824) to work on /home/vboxuser/airflow_venv/lib/python3.12/site-packages/airflow/example_dags/example_params_ui_tutorial.py
[2024-10-12T07:34:28.615+0000] {processor.py:914} INFO - Processing file /home/vboxuser/airflow_venv/lib/python3.12/site-packages/airflow/example_dags/example_params_ui_tutorial.py for tasks to queue
[2024-10-12T07:34:28.620+0000] {logging_mixin.py:190} INFO - [2024-10-12T07:34:28.619+0000] {dagbag.py:588} INFO - Filling up the DagBag from /home/vboxuser/airflow_venv/lib/python3.12/site-packages/airflow/example_dags/example_params_ui_tutorial.py
[2024-10-12T07:34:28.632+0000] {processor.py:925} INFO - DAG(s) 'example_params_ui_tutorial' retrieved from /home/vboxuser/airflow_venv/lib/python3.12/site-packages/airflow/example_dags/example_params_ui_tutorial.py
[2024-10-12T07:34:28.689+0000] {logging_mixin.py:190} INFO - [2024-10-12T07:34:28.688+0000] {dag.py:3239} INFO - Sync 1 DAGs
[2024-10-12T07:34:28.704+0000] {logging_mixin.py:190} INFO - [2024-10-12T07:34:28.704+0000] {dag.py:4180} INFO - Setting next_dagrun for example_params_ui_tutorial to None, run_after=None
[2024-10-12T07:34:28.736+0000] {processor.py:208} INFO - Processing /home/vboxuser/airflow_venv/lib/python3.12/site-packages/airflow/example_dags/example_params_ui_tutorial.py took 0.135 seconds
[2024-10-12T07:47:15.374+0000] {processor.py:186} INFO - Started process (PID=12917) to work on /home/vboxuser/airflow_venv/lib/python3.12/site-packages/airflow/example_dags/example_params_ui_tutorial.py
[2024-10-12T07:47:15.376+0000] {processor.py:914} INFO - Processing file /home/vboxuser/airflow_venv/lib/python3.12/site-packages/airflow/example_dags/example_params_ui_tutorial.py for tasks to queue
[2024-10-12T07:47:15.379+0000] {logging_mixin.py:190} INFO - [2024-10-12T07:47:15.379+0000] {dagbag.py:588} INFO - Filling up the DagBag from /home/vboxuser/airflow_venv/lib/python3.12/site-packages/airflow/example_dags/example_params_ui_tutorial.py
[2024-10-12T07:47:15.395+0000] {processor.py:925} INFO - DAG(s) 'example_params_ui_tutorial' retrieved from /home/vboxuser/airflow_venv/lib/python3.12/site-packages/airflow/example_dags/example_params_ui_tutorial.py
[2024-10-12T07:47:15.445+0000] {logging_mixin.py:190} INFO - [2024-10-12T07:47:15.445+0000] {dag.py:3239} INFO - Sync 1 DAGs
[2024-10-12T07:47:15.463+0000] {logging_mixin.py:190} INFO - [2024-10-12T07:47:15.463+0000] {dag.py:4180} INFO - Setting next_dagrun for example_params_ui_tutorial to None, run_after=None
[2024-10-12T07:47:15.502+0000] {processor.py:208} INFO - Processing /home/vboxuser/airflow_venv/lib/python3.12/site-packages/airflow/example_dags/example_params_ui_tutorial.py took 0.137 seconds
[2024-10-12T07:48:17.617+0000] {processor.py:186} INFO - Started process (PID=12970) to work on /home/vboxuser/airflow_venv/lib/python3.12/site-packages/airflow/example_dags/example_params_ui_tutorial.py
[2024-10-12T07:48:17.620+0000] {processor.py:914} INFO - Processing file /home/vboxuser/airflow_venv/lib/python3.12/site-packages/airflow/example_dags/example_params_ui_tutorial.py for tasks to queue
[2024-10-12T07:48:17.630+0000] {logging_mixin.py:190} INFO - [2024-10-12T07:48:17.629+0000] {dagbag.py:588} INFO - Filling up the DagBag from /home/vboxuser/airflow_venv/lib/python3.12/site-packages/airflow/example_dags/example_params_ui_tutorial.py
[2024-10-12T07:48:17.649+0000] {processor.py:925} INFO - DAG(s) 'example_params_ui_tutorial' retrieved from /home/vboxuser/airflow_venv/lib/python3.12/site-packages/airflow/example_dags/example_params_ui_tutorial.py
[2024-10-12T07:48:17.706+0000] {logging_mixin.py:190} INFO - [2024-10-12T07:48:17.705+0000] {dag.py:3239} INFO - Sync 1 DAGs
[2024-10-12T07:48:17.724+0000] {logging_mixin.py:190} INFO - [2024-10-12T07:48:17.724+0000] {dag.py:4180} INFO - Setting next_dagrun for example_params_ui_tutorial to None, run_after=None
[2024-10-12T07:48:17.771+0000] {processor.py:208} INFO - Processing /home/vboxuser/airflow_venv/lib/python3.12/site-packages/airflow/example_dags/example_params_ui_tutorial.py took 0.169 seconds
[2024-10-12T07:49:22.418+0000] {processor.py:186} INFO - Started process (PID=13029) to work on /home/vboxuser/airflow_venv/lib/python3.12/site-packages/airflow/example_dags/example_params_ui_tutorial.py
[2024-10-12T07:49:22.422+0000] {processor.py:914} INFO - Processing file /home/vboxuser/airflow_venv/lib/python3.12/site-packages/airflow/example_dags/example_params_ui_tutorial.py for tasks to queue
[2024-10-12T07:49:22.427+0000] {logging_mixin.py:190} INFO - [2024-10-12T07:49:22.426+0000] {dagbag.py:588} INFO - Filling up the DagBag from /home/vboxuser/airflow_venv/lib/python3.12/site-packages/airflow/example_dags/example_params_ui_tutorial.py
[2024-10-12T07:49:22.444+0000] {processor.py:925} INFO - DAG(s) 'example_params_ui_tutorial' retrieved from /home/vboxuser/airflow_venv/lib/python3.12/site-packages/airflow/example_dags/example_params_ui_tutorial.py
[2024-10-12T07:49:22.509+0000] {logging_mixin.py:190} INFO - [2024-10-12T07:49:22.508+0000] {dag.py:3239} INFO - Sync 1 DAGs
[2024-10-12T07:49:22.529+0000] {logging_mixin.py:190} INFO - [2024-10-12T07:49:22.529+0000] {dag.py:4180} INFO - Setting next_dagrun for example_params_ui_tutorial to None, run_after=None
[2024-10-12T07:49:22.569+0000] {processor.py:208} INFO - Processing /home/vboxuser/airflow_venv/lib/python3.12/site-packages/airflow/example_dags/example_params_ui_tutorial.py took 0.166 seconds
[2024-10-12T07:50:32.764+0000] {processor.py:186} INFO - Started process (PID=13092) to work on /home/vboxuser/airflow_venv/lib/python3.12/site-packages/airflow/example_dags/example_params_ui_tutorial.py
[2024-10-12T07:50:32.767+0000] {processor.py:914} INFO - Processing file /home/vboxuser/airflow_venv/lib/python3.12/site-packages/airflow/example_dags/example_params_ui_tutorial.py for tasks to queue
[2024-10-12T07:50:32.771+0000] {logging_mixin.py:190} INFO - [2024-10-12T07:50:32.771+0000] {dagbag.py:588} INFO - Filling up the DagBag from /home/vboxuser/airflow_venv/lib/python3.12/site-packages/airflow/example_dags/example_params_ui_tutorial.py
[2024-10-12T07:50:32.787+0000] {processor.py:925} INFO - DAG(s) 'example_params_ui_tutorial' retrieved from /home/vboxuser/airflow_venv/lib/python3.12/site-packages/airflow/example_dags/example_params_ui_tutorial.py
[2024-10-12T07:50:32.937+0000] {logging_mixin.py:190} INFO - [2024-10-12T07:50:32.936+0000] {dag.py:3239} INFO - Sync 1 DAGs
[2024-10-12T07:50:32.996+0000] {logging_mixin.py:190} INFO - [2024-10-12T07:50:32.995+0000] {dag.py:4180} INFO - Setting next_dagrun for example_params_ui_tutorial to None, run_after=None
[2024-10-12T07:50:33.043+0000] {processor.py:208} INFO - Processing /home/vboxuser/airflow_venv/lib/python3.12/site-packages/airflow/example_dags/example_params_ui_tutorial.py took 0.290 seconds
[2024-10-12T07:51:42.056+0000] {processor.py:186} INFO - Started process (PID=13227) to work on /home/vboxuser/airflow_venv/lib/python3.12/site-packages/airflow/example_dags/example_params_ui_tutorial.py
[2024-10-12T07:51:42.060+0000] {processor.py:914} INFO - Processing file /home/vboxuser/airflow_venv/lib/python3.12/site-packages/airflow/example_dags/example_params_ui_tutorial.py for tasks to queue
[2024-10-12T07:51:42.063+0000] {logging_mixin.py:190} INFO - [2024-10-12T07:51:42.063+0000] {dagbag.py:588} INFO - Filling up the DagBag from /home/vboxuser/airflow_venv/lib/python3.12/site-packages/airflow/example_dags/example_params_ui_tutorial.py
[2024-10-12T07:51:42.078+0000] {processor.py:925} INFO - DAG(s) 'example_params_ui_tutorial' retrieved from /home/vboxuser/airflow_venv/lib/python3.12/site-packages/airflow/example_dags/example_params_ui_tutorial.py
[2024-10-12T07:51:42.126+0000] {logging_mixin.py:190} INFO - [2024-10-12T07:51:42.126+0000] {dag.py:3239} INFO - Sync 1 DAGs
[2024-10-12T07:51:42.142+0000] {logging_mixin.py:190} INFO - [2024-10-12T07:51:42.142+0000] {dag.py:4180} INFO - Setting next_dagrun for example_params_ui_tutorial to None, run_after=None
[2024-10-12T07:51:42.181+0000] {processor.py:208} INFO - Processing /home/vboxuser/airflow_venv/lib/python3.12/site-packages/airflow/example_dags/example_params_ui_tutorial.py took 0.135 seconds
[2024-10-12T07:52:53.812+0000] {processor.py:186} INFO - Started process (PID=13303) to work on /home/vboxuser/airflow_venv/lib/python3.12/site-packages/airflow/example_dags/example_params_ui_tutorial.py
[2024-10-12T07:52:53.814+0000] {processor.py:914} INFO - Processing file /home/vboxuser/airflow_venv/lib/python3.12/site-packages/airflow/example_dags/example_params_ui_tutorial.py for tasks to queue
[2024-10-12T07:52:53.818+0000] {logging_mixin.py:190} INFO - [2024-10-12T07:52:53.817+0000] {dagbag.py:588} INFO - Filling up the DagBag from /home/vboxuser/airflow_venv/lib/python3.12/site-packages/airflow/example_dags/example_params_ui_tutorial.py
[2024-10-12T07:52:53.833+0000] {processor.py:925} INFO - DAG(s) 'example_params_ui_tutorial' retrieved from /home/vboxuser/airflow_venv/lib/python3.12/site-packages/airflow/example_dags/example_params_ui_tutorial.py
[2024-10-12T07:52:53.876+0000] {logging_mixin.py:190} INFO - [2024-10-12T07:52:53.876+0000] {dag.py:3239} INFO - Sync 1 DAGs
[2024-10-12T07:52:53.891+0000] {logging_mixin.py:190} INFO - [2024-10-12T07:52:53.891+0000] {dag.py:4180} INFO - Setting next_dagrun for example_params_ui_tutorial to None, run_after=None
[2024-10-12T07:52:53.929+0000] {processor.py:208} INFO - Processing /home/vboxuser/airflow_venv/lib/python3.12/site-packages/airflow/example_dags/example_params_ui_tutorial.py took 0.127 seconds
[2024-10-12T07:53:54.914+0000] {processor.py:186} INFO - Started process (PID=13372) to work on /home/vboxuser/airflow_venv/lib/python3.12/site-packages/airflow/example_dags/example_params_ui_tutorial.py
[2024-10-12T07:53:54.917+0000] {processor.py:914} INFO - Processing file /home/vboxuser/airflow_venv/lib/python3.12/site-packages/airflow/example_dags/example_params_ui_tutorial.py for tasks to queue
[2024-10-12T07:53:54.921+0000] {logging_mixin.py:190} INFO - [2024-10-12T07:53:54.920+0000] {dagbag.py:588} INFO - Filling up the DagBag from /home/vboxuser/airflow_venv/lib/python3.12/site-packages/airflow/example_dags/example_params_ui_tutorial.py
[2024-10-12T07:53:54.934+0000] {processor.py:925} INFO - DAG(s) 'example_params_ui_tutorial' retrieved from /home/vboxuser/airflow_venv/lib/python3.12/site-packages/airflow/example_dags/example_params_ui_tutorial.py
[2024-10-12T07:53:54.982+0000] {logging_mixin.py:190} INFO - [2024-10-12T07:53:54.982+0000] {dag.py:3239} INFO - Sync 1 DAGs
[2024-10-12T07:53:54.998+0000] {logging_mixin.py:190} INFO - [2024-10-12T07:53:54.998+0000] {dag.py:4180} INFO - Setting next_dagrun for example_params_ui_tutorial to None, run_after=None
[2024-10-12T07:53:55.043+0000] {processor.py:208} INFO - Processing /home/vboxuser/airflow_venv/lib/python3.12/site-packages/airflow/example_dags/example_params_ui_tutorial.py took 0.138 seconds
[2024-10-12T07:54:57.924+0000] {processor.py:186} INFO - Started process (PID=13430) to work on /home/vboxuser/airflow_venv/lib/python3.12/site-packages/airflow/example_dags/example_params_ui_tutorial.py
[2024-10-12T07:54:57.928+0000] {processor.py:914} INFO - Processing file /home/vboxuser/airflow_venv/lib/python3.12/site-packages/airflow/example_dags/example_params_ui_tutorial.py for tasks to queue
[2024-10-12T07:54:57.931+0000] {logging_mixin.py:190} INFO - [2024-10-12T07:54:57.930+0000] {dagbag.py:588} INFO - Filling up the DagBag from /home/vboxuser/airflow_venv/lib/python3.12/site-packages/airflow/example_dags/example_params_ui_tutorial.py
[2024-10-12T07:54:57.946+0000] {processor.py:925} INFO - DAG(s) 'example_params_ui_tutorial' retrieved from /home/vboxuser/airflow_venv/lib/python3.12/site-packages/airflow/example_dags/example_params_ui_tutorial.py
[2024-10-12T07:54:58.000+0000] {logging_mixin.py:190} INFO - [2024-10-12T07:54:58.000+0000] {dag.py:3239} INFO - Sync 1 DAGs
[2024-10-12T07:54:58.021+0000] {logging_mixin.py:190} INFO - [2024-10-12T07:54:58.021+0000] {dag.py:4180} INFO - Setting next_dagrun for example_params_ui_tutorial to None, run_after=None
[2024-10-12T07:54:58.065+0000] {processor.py:208} INFO - Processing /home/vboxuser/airflow_venv/lib/python3.12/site-packages/airflow/example_dags/example_params_ui_tutorial.py took 0.151 seconds
[2024-10-12T07:56:04.144+0000] {processor.py:186} INFO - Started process (PID=13497) to work on /home/vboxuser/airflow_venv/lib/python3.12/site-packages/airflow/example_dags/example_params_ui_tutorial.py
[2024-10-12T07:56:04.150+0000] {processor.py:914} INFO - Processing file /home/vboxuser/airflow_venv/lib/python3.12/site-packages/airflow/example_dags/example_params_ui_tutorial.py for tasks to queue
[2024-10-12T07:56:04.153+0000] {logging_mixin.py:190} INFO - [2024-10-12T07:56:04.152+0000] {dagbag.py:588} INFO - Filling up the DagBag from /home/vboxuser/airflow_venv/lib/python3.12/site-packages/airflow/example_dags/example_params_ui_tutorial.py
[2024-10-12T07:56:04.170+0000] {processor.py:925} INFO - DAG(s) 'example_params_ui_tutorial' retrieved from /home/vboxuser/airflow_venv/lib/python3.12/site-packages/airflow/example_dags/example_params_ui_tutorial.py
[2024-10-12T07:56:04.219+0000] {logging_mixin.py:190} INFO - [2024-10-12T07:56:04.218+0000] {dag.py:3239} INFO - Sync 1 DAGs
[2024-10-12T07:56:04.232+0000] {logging_mixin.py:190} INFO - [2024-10-12T07:56:04.232+0000] {dag.py:4180} INFO - Setting next_dagrun for example_params_ui_tutorial to None, run_after=None
[2024-10-12T07:56:04.262+0000] {processor.py:208} INFO - Processing /home/vboxuser/airflow_venv/lib/python3.12/site-packages/airflow/example_dags/example_params_ui_tutorial.py took 0.128 seconds
[2024-10-12T07:57:10.361+0000] {processor.py:186} INFO - Started process (PID=13567) to work on /home/vboxuser/airflow_venv/lib/python3.12/site-packages/airflow/example_dags/example_params_ui_tutorial.py
[2024-10-12T07:57:10.367+0000] {processor.py:914} INFO - Processing file /home/vboxuser/airflow_venv/lib/python3.12/site-packages/airflow/example_dags/example_params_ui_tutorial.py for tasks to queue
[2024-10-12T07:57:10.371+0000] {logging_mixin.py:190} INFO - [2024-10-12T07:57:10.371+0000] {dagbag.py:588} INFO - Filling up the DagBag from /home/vboxuser/airflow_venv/lib/python3.12/site-packages/airflow/example_dags/example_params_ui_tutorial.py
[2024-10-12T07:57:10.387+0000] {processor.py:925} INFO - DAG(s) 'example_params_ui_tutorial' retrieved from /home/vboxuser/airflow_venv/lib/python3.12/site-packages/airflow/example_dags/example_params_ui_tutorial.py
[2024-10-12T07:57:10.436+0000] {logging_mixin.py:190} INFO - [2024-10-12T07:57:10.435+0000] {dag.py:3239} INFO - Sync 1 DAGs
[2024-10-12T07:57:10.453+0000] {logging_mixin.py:190} INFO - [2024-10-12T07:57:10.453+0000] {dag.py:4180} INFO - Setting next_dagrun for example_params_ui_tutorial to None, run_after=None
[2024-10-12T07:57:10.544+0000] {processor.py:208} INFO - Processing /home/vboxuser/airflow_venv/lib/python3.12/site-packages/airflow/example_dags/example_params_ui_tutorial.py took 0.193 seconds
[2024-10-12T07:58:15.550+0000] {processor.py:186} INFO - Started process (PID=13630) to work on /home/vboxuser/airflow_venv/lib/python3.12/site-packages/airflow/example_dags/example_params_ui_tutorial.py
[2024-10-12T07:58:15.554+0000] {processor.py:914} INFO - Processing file /home/vboxuser/airflow_venv/lib/python3.12/site-packages/airflow/example_dags/example_params_ui_tutorial.py for tasks to queue
[2024-10-12T07:58:15.558+0000] {logging_mixin.py:190} INFO - [2024-10-12T07:58:15.557+0000] {dagbag.py:588} INFO - Filling up the DagBag from /home/vboxuser/airflow_venv/lib/python3.12/site-packages/airflow/example_dags/example_params_ui_tutorial.py
[2024-10-12T07:58:15.570+0000] {processor.py:925} INFO - DAG(s) 'example_params_ui_tutorial' retrieved from /home/vboxuser/airflow_venv/lib/python3.12/site-packages/airflow/example_dags/example_params_ui_tutorial.py
[2024-10-12T07:58:15.609+0000] {logging_mixin.py:190} INFO - [2024-10-12T07:58:15.608+0000] {dag.py:3239} INFO - Sync 1 DAGs
[2024-10-12T07:58:15.623+0000] {logging_mixin.py:190} INFO - [2024-10-12T07:58:15.623+0000] {dag.py:4180} INFO - Setting next_dagrun for example_params_ui_tutorial to None, run_after=None
[2024-10-12T07:58:15.652+0000] {processor.py:208} INFO - Processing /home/vboxuser/airflow_venv/lib/python3.12/site-packages/airflow/example_dags/example_params_ui_tutorial.py took 0.110 seconds
[2024-10-12T07:59:15.072+0000] {processor.py:186} INFO - Started process (PID=13687) to work on /home/vboxuser/airflow_venv/lib/python3.12/site-packages/airflow/example_dags/example_params_ui_tutorial.py
[2024-10-12T07:59:15.078+0000] {processor.py:914} INFO - Processing file /home/vboxuser/airflow_venv/lib/python3.12/site-packages/airflow/example_dags/example_params_ui_tutorial.py for tasks to queue
[2024-10-12T07:59:15.083+0000] {logging_mixin.py:190} INFO - [2024-10-12T07:59:15.082+0000] {dagbag.py:588} INFO - Filling up the DagBag from /home/vboxuser/airflow_venv/lib/python3.12/site-packages/airflow/example_dags/example_params_ui_tutorial.py
[2024-10-12T07:59:15.100+0000] {processor.py:925} INFO - DAG(s) 'example_params_ui_tutorial' retrieved from /home/vboxuser/airflow_venv/lib/python3.12/site-packages/airflow/example_dags/example_params_ui_tutorial.py
[2024-10-12T07:59:15.157+0000] {logging_mixin.py:190} INFO - [2024-10-12T07:59:15.157+0000] {dag.py:3239} INFO - Sync 1 DAGs
[2024-10-12T07:59:15.174+0000] {logging_mixin.py:190} INFO - [2024-10-12T07:59:15.173+0000] {dag.py:4180} INFO - Setting next_dagrun for example_params_ui_tutorial to None, run_after=None
[2024-10-12T07:59:15.215+0000] {processor.py:208} INFO - Processing /home/vboxuser/airflow_venv/lib/python3.12/site-packages/airflow/example_dags/example_params_ui_tutorial.py took 0.153 seconds
[2024-10-12T08:00:20.726+0000] {processor.py:186} INFO - Started process (PID=13746) to work on /home/vboxuser/airflow_venv/lib/python3.12/site-packages/airflow/example_dags/example_params_ui_tutorial.py
[2024-10-12T08:00:20.733+0000] {processor.py:914} INFO - Processing file /home/vboxuser/airflow_venv/lib/python3.12/site-packages/airflow/example_dags/example_params_ui_tutorial.py for tasks to queue
[2024-10-12T08:00:20.738+0000] {logging_mixin.py:190} INFO - [2024-10-12T08:00:20.737+0000] {dagbag.py:588} INFO - Filling up the DagBag from /home/vboxuser/airflow_venv/lib/python3.12/site-packages/airflow/example_dags/example_params_ui_tutorial.py
[2024-10-12T08:00:20.754+0000] {processor.py:925} INFO - DAG(s) 'example_params_ui_tutorial' retrieved from /home/vboxuser/airflow_venv/lib/python3.12/site-packages/airflow/example_dags/example_params_ui_tutorial.py
[2024-10-12T08:00:20.803+0000] {logging_mixin.py:190} INFO - [2024-10-12T08:00:20.802+0000] {dag.py:3239} INFO - Sync 1 DAGs
[2024-10-12T08:00:20.819+0000] {logging_mixin.py:190} INFO - [2024-10-12T08:00:20.818+0000] {dag.py:4180} INFO - Setting next_dagrun for example_params_ui_tutorial to None, run_after=None
[2024-10-12T08:00:20.860+0000] {processor.py:208} INFO - Processing /home/vboxuser/airflow_venv/lib/python3.12/site-packages/airflow/example_dags/example_params_ui_tutorial.py took 0.148 seconds
[2024-10-12T08:01:23.946+0000] {processor.py:186} INFO - Started process (PID=13807) to work on /home/vboxuser/airflow_venv/lib/python3.12/site-packages/airflow/example_dags/example_params_ui_tutorial.py
[2024-10-12T08:01:23.951+0000] {processor.py:914} INFO - Processing file /home/vboxuser/airflow_venv/lib/python3.12/site-packages/airflow/example_dags/example_params_ui_tutorial.py for tasks to queue
[2024-10-12T08:01:23.955+0000] {logging_mixin.py:190} INFO - [2024-10-12T08:01:23.955+0000] {dagbag.py:588} INFO - Filling up the DagBag from /home/vboxuser/airflow_venv/lib/python3.12/site-packages/airflow/example_dags/example_params_ui_tutorial.py
[2024-10-12T08:01:23.969+0000] {processor.py:925} INFO - DAG(s) 'example_params_ui_tutorial' retrieved from /home/vboxuser/airflow_venv/lib/python3.12/site-packages/airflow/example_dags/example_params_ui_tutorial.py
[2024-10-12T08:01:24.021+0000] {logging_mixin.py:190} INFO - [2024-10-12T08:01:24.021+0000] {dag.py:3239} INFO - Sync 1 DAGs
[2024-10-12T08:01:24.038+0000] {logging_mixin.py:190} INFO - [2024-10-12T08:01:24.037+0000] {dag.py:4180} INFO - Setting next_dagrun for example_params_ui_tutorial to None, run_after=None
[2024-10-12T08:01:24.075+0000] {processor.py:208} INFO - Processing /home/vboxuser/airflow_venv/lib/python3.12/site-packages/airflow/example_dags/example_params_ui_tutorial.py took 0.141 seconds
[2024-10-12T08:02:33.956+0000] {processor.py:186} INFO - Started process (PID=13868) to work on /home/vboxuser/airflow_venv/lib/python3.12/site-packages/airflow/example_dags/example_params_ui_tutorial.py
[2024-10-12T08:02:33.961+0000] {processor.py:914} INFO - Processing file /home/vboxuser/airflow_venv/lib/python3.12/site-packages/airflow/example_dags/example_params_ui_tutorial.py for tasks to queue
[2024-10-12T08:02:33.965+0000] {logging_mixin.py:190} INFO - [2024-10-12T08:02:33.964+0000] {dagbag.py:588} INFO - Filling up the DagBag from /home/vboxuser/airflow_venv/lib/python3.12/site-packages/airflow/example_dags/example_params_ui_tutorial.py
[2024-10-12T08:02:33.981+0000] {processor.py:925} INFO - DAG(s) 'example_params_ui_tutorial' retrieved from /home/vboxuser/airflow_venv/lib/python3.12/site-packages/airflow/example_dags/example_params_ui_tutorial.py
[2024-10-12T08:02:34.031+0000] {logging_mixin.py:190} INFO - [2024-10-12T08:02:34.031+0000] {dag.py:3239} INFO - Sync 1 DAGs
[2024-10-12T08:02:34.049+0000] {logging_mixin.py:190} INFO - [2024-10-12T08:02:34.049+0000] {dag.py:4180} INFO - Setting next_dagrun for example_params_ui_tutorial to None, run_after=None
[2024-10-12T08:02:34.092+0000] {processor.py:208} INFO - Processing /home/vboxuser/airflow_venv/lib/python3.12/site-packages/airflow/example_dags/example_params_ui_tutorial.py took 0.148 seconds
[2024-10-12T08:03:36.141+0000] {processor.py:186} INFO - Started process (PID=13926) to work on /home/vboxuser/airflow_venv/lib/python3.12/site-packages/airflow/example_dags/example_params_ui_tutorial.py
[2024-10-12T08:03:36.147+0000] {processor.py:914} INFO - Processing file /home/vboxuser/airflow_venv/lib/python3.12/site-packages/airflow/example_dags/example_params_ui_tutorial.py for tasks to queue
[2024-10-12T08:03:36.153+0000] {logging_mixin.py:190} INFO - [2024-10-12T08:03:36.152+0000] {dagbag.py:588} INFO - Filling up the DagBag from /home/vboxuser/airflow_venv/lib/python3.12/site-packages/airflow/example_dags/example_params_ui_tutorial.py
[2024-10-12T08:03:36.170+0000] {processor.py:925} INFO - DAG(s) 'example_params_ui_tutorial' retrieved from /home/vboxuser/airflow_venv/lib/python3.12/site-packages/airflow/example_dags/example_params_ui_tutorial.py
[2024-10-12T08:03:36.220+0000] {logging_mixin.py:190} INFO - [2024-10-12T08:03:36.219+0000] {dag.py:3239} INFO - Sync 1 DAGs
[2024-10-12T08:03:36.237+0000] {logging_mixin.py:190} INFO - [2024-10-12T08:03:36.237+0000] {dag.py:4180} INFO - Setting next_dagrun for example_params_ui_tutorial to None, run_after=None
[2024-10-12T08:03:36.279+0000] {processor.py:208} INFO - Processing /home/vboxuser/airflow_venv/lib/python3.12/site-packages/airflow/example_dags/example_params_ui_tutorial.py took 0.156 seconds
[2024-10-12T08:04:45.684+0000] {processor.py:186} INFO - Started process (PID=14000) to work on /home/vboxuser/airflow_venv/lib/python3.12/site-packages/airflow/example_dags/example_params_ui_tutorial.py
[2024-10-12T08:04:45.689+0000] {processor.py:914} INFO - Processing file /home/vboxuser/airflow_venv/lib/python3.12/site-packages/airflow/example_dags/example_params_ui_tutorial.py for tasks to queue
[2024-10-12T08:04:45.693+0000] {logging_mixin.py:190} INFO - [2024-10-12T08:04:45.692+0000] {dagbag.py:588} INFO - Filling up the DagBag from /home/vboxuser/airflow_venv/lib/python3.12/site-packages/airflow/example_dags/example_params_ui_tutorial.py
[2024-10-12T08:04:45.709+0000] {processor.py:925} INFO - DAG(s) 'example_params_ui_tutorial' retrieved from /home/vboxuser/airflow_venv/lib/python3.12/site-packages/airflow/example_dags/example_params_ui_tutorial.py
[2024-10-12T08:04:45.769+0000] {logging_mixin.py:190} INFO - [2024-10-12T08:04:45.768+0000] {dag.py:3239} INFO - Sync 1 DAGs
[2024-10-12T08:04:45.786+0000] {logging_mixin.py:190} INFO - [2024-10-12T08:04:45.786+0000] {dag.py:4180} INFO - Setting next_dagrun for example_params_ui_tutorial to None, run_after=None
[2024-10-12T08:04:45.826+0000] {processor.py:208} INFO - Processing /home/vboxuser/airflow_venv/lib/python3.12/site-packages/airflow/example_dags/example_params_ui_tutorial.py took 0.152 seconds
[2024-10-12T08:05:54.950+0000] {processor.py:186} INFO - Started process (PID=14070) to work on /home/vboxuser/airflow_venv/lib/python3.12/site-packages/airflow/example_dags/example_params_ui_tutorial.py
[2024-10-12T08:05:54.955+0000] {processor.py:914} INFO - Processing file /home/vboxuser/airflow_venv/lib/python3.12/site-packages/airflow/example_dags/example_params_ui_tutorial.py for tasks to queue
[2024-10-12T08:05:54.960+0000] {logging_mixin.py:190} INFO - [2024-10-12T08:05:54.959+0000] {dagbag.py:588} INFO - Filling up the DagBag from /home/vboxuser/airflow_venv/lib/python3.12/site-packages/airflow/example_dags/example_params_ui_tutorial.py
[2024-10-12T08:05:54.985+0000] {processor.py:925} INFO - DAG(s) 'example_params_ui_tutorial' retrieved from /home/vboxuser/airflow_venv/lib/python3.12/site-packages/airflow/example_dags/example_params_ui_tutorial.py
[2024-10-12T08:05:55.069+0000] {logging_mixin.py:190} INFO - [2024-10-12T08:05:55.069+0000] {dag.py:3239} INFO - Sync 1 DAGs
[2024-10-12T08:05:55.098+0000] {logging_mixin.py:190} INFO - [2024-10-12T08:05:55.097+0000] {dag.py:4180} INFO - Setting next_dagrun for example_params_ui_tutorial to None, run_after=None
[2024-10-12T08:05:55.156+0000] {processor.py:208} INFO - Processing /home/vboxuser/airflow_venv/lib/python3.12/site-packages/airflow/example_dags/example_params_ui_tutorial.py took 0.219 seconds
[2024-10-12T08:07:10.194+0000] {processor.py:186} INFO - Started process (PID=14135) to work on /home/vboxuser/airflow_venv/lib/python3.12/site-packages/airflow/example_dags/example_params_ui_tutorial.py
[2024-10-12T08:07:10.201+0000] {processor.py:914} INFO - Processing file /home/vboxuser/airflow_venv/lib/python3.12/site-packages/airflow/example_dags/example_params_ui_tutorial.py for tasks to queue
[2024-10-12T08:07:10.206+0000] {logging_mixin.py:190} INFO - [2024-10-12T08:07:10.205+0000] {dagbag.py:588} INFO - Filling up the DagBag from /home/vboxuser/airflow_venv/lib/python3.12/site-packages/airflow/example_dags/example_params_ui_tutorial.py
[2024-10-12T08:07:10.228+0000] {processor.py:925} INFO - DAG(s) 'example_params_ui_tutorial' retrieved from /home/vboxuser/airflow_venv/lib/python3.12/site-packages/airflow/example_dags/example_params_ui_tutorial.py
[2024-10-12T08:07:10.311+0000] {logging_mixin.py:190} INFO - [2024-10-12T08:07:10.311+0000] {dag.py:3239} INFO - Sync 1 DAGs
[2024-10-12T08:07:10.350+0000] {logging_mixin.py:190} INFO - [2024-10-12T08:07:10.349+0000] {dag.py:4180} INFO - Setting next_dagrun for example_params_ui_tutorial to None, run_after=None
[2024-10-12T08:07:10.461+0000] {processor.py:208} INFO - Processing /home/vboxuser/airflow_venv/lib/python3.12/site-packages/airflow/example_dags/example_params_ui_tutorial.py took 0.283 seconds
[2024-10-12T08:08:23.837+0000] {processor.py:186} INFO - Started process (PID=14203) to work on /home/vboxuser/airflow_venv/lib/python3.12/site-packages/airflow/example_dags/example_params_ui_tutorial.py
[2024-10-12T08:08:23.841+0000] {processor.py:914} INFO - Processing file /home/vboxuser/airflow_venv/lib/python3.12/site-packages/airflow/example_dags/example_params_ui_tutorial.py for tasks to queue
[2024-10-12T08:08:23.846+0000] {logging_mixin.py:190} INFO - [2024-10-12T08:08:23.845+0000] {dagbag.py:588} INFO - Filling up the DagBag from /home/vboxuser/airflow_venv/lib/python3.12/site-packages/airflow/example_dags/example_params_ui_tutorial.py
[2024-10-12T08:08:23.868+0000] {processor.py:925} INFO - DAG(s) 'example_params_ui_tutorial' retrieved from /home/vboxuser/airflow_venv/lib/python3.12/site-packages/airflow/example_dags/example_params_ui_tutorial.py
[2024-10-12T08:08:23.960+0000] {logging_mixin.py:190} INFO - [2024-10-12T08:08:23.959+0000] {dag.py:3239} INFO - Sync 1 DAGs
[2024-10-12T08:08:23.990+0000] {logging_mixin.py:190} INFO - [2024-10-12T08:08:23.990+0000] {dag.py:4180} INFO - Setting next_dagrun for example_params_ui_tutorial to None, run_after=None
[2024-10-12T08:08:24.047+0000] {processor.py:208} INFO - Processing /home/vboxuser/airflow_venv/lib/python3.12/site-packages/airflow/example_dags/example_params_ui_tutorial.py took 0.218 seconds
[2024-10-12T08:09:41.694+0000] {processor.py:186} INFO - Started process (PID=14267) to work on /home/vboxuser/airflow_venv/lib/python3.12/site-packages/airflow/example_dags/example_params_ui_tutorial.py
[2024-10-12T08:09:41.701+0000] {processor.py:914} INFO - Processing file /home/vboxuser/airflow_venv/lib/python3.12/site-packages/airflow/example_dags/example_params_ui_tutorial.py for tasks to queue
[2024-10-12T08:09:41.707+0000] {logging_mixin.py:190} INFO - [2024-10-12T08:09:41.706+0000] {dagbag.py:588} INFO - Filling up the DagBag from /home/vboxuser/airflow_venv/lib/python3.12/site-packages/airflow/example_dags/example_params_ui_tutorial.py
[2024-10-12T08:09:41.727+0000] {processor.py:925} INFO - DAG(s) 'example_params_ui_tutorial' retrieved from /home/vboxuser/airflow_venv/lib/python3.12/site-packages/airflow/example_dags/example_params_ui_tutorial.py
[2024-10-12T08:09:41.811+0000] {logging_mixin.py:190} INFO - [2024-10-12T08:09:41.810+0000] {dag.py:3239} INFO - Sync 1 DAGs
[2024-10-12T08:09:41.828+0000] {logging_mixin.py:190} INFO - [2024-10-12T08:09:41.828+0000] {dag.py:4180} INFO - Setting next_dagrun for example_params_ui_tutorial to None, run_after=None
[2024-10-12T08:09:41.884+0000] {processor.py:208} INFO - Processing /home/vboxuser/airflow_venv/lib/python3.12/site-packages/airflow/example_dags/example_params_ui_tutorial.py took 0.205 seconds
[2024-10-12T08:10:57.255+0000] {processor.py:186} INFO - Started process (PID=14335) to work on /home/vboxuser/airflow_venv/lib/python3.12/site-packages/airflow/example_dags/example_params_ui_tutorial.py
[2024-10-12T08:10:57.260+0000] {processor.py:914} INFO - Processing file /home/vboxuser/airflow_venv/lib/python3.12/site-packages/airflow/example_dags/example_params_ui_tutorial.py for tasks to queue
[2024-10-12T08:10:57.265+0000] {logging_mixin.py:190} INFO - [2024-10-12T08:10:57.264+0000] {dagbag.py:588} INFO - Filling up the DagBag from /home/vboxuser/airflow_venv/lib/python3.12/site-packages/airflow/example_dags/example_params_ui_tutorial.py
[2024-10-12T08:10:57.284+0000] {processor.py:925} INFO - DAG(s) 'example_params_ui_tutorial' retrieved from /home/vboxuser/airflow_venv/lib/python3.12/site-packages/airflow/example_dags/example_params_ui_tutorial.py
[2024-10-12T08:10:57.336+0000] {logging_mixin.py:190} INFO - [2024-10-12T08:10:57.336+0000] {dag.py:3239} INFO - Sync 1 DAGs
[2024-10-12T08:10:57.353+0000] {logging_mixin.py:190} INFO - [2024-10-12T08:10:57.353+0000] {dag.py:4180} INFO - Setting next_dagrun for example_params_ui_tutorial to None, run_after=None
[2024-10-12T08:10:57.403+0000] {processor.py:208} INFO - Processing /home/vboxuser/airflow_venv/lib/python3.12/site-packages/airflow/example_dags/example_params_ui_tutorial.py took 0.162 seconds
[2024-10-12T08:12:03.157+0000] {processor.py:186} INFO - Started process (PID=14395) to work on /home/vboxuser/airflow_venv/lib/python3.12/site-packages/airflow/example_dags/example_params_ui_tutorial.py
[2024-10-12T08:12:03.159+0000] {processor.py:914} INFO - Processing file /home/vboxuser/airflow_venv/lib/python3.12/site-packages/airflow/example_dags/example_params_ui_tutorial.py for tasks to queue
[2024-10-12T08:12:03.162+0000] {logging_mixin.py:190} INFO - [2024-10-12T08:12:03.161+0000] {dagbag.py:588} INFO - Filling up the DagBag from /home/vboxuser/airflow_venv/lib/python3.12/site-packages/airflow/example_dags/example_params_ui_tutorial.py
[2024-10-12T08:12:03.175+0000] {processor.py:925} INFO - DAG(s) 'example_params_ui_tutorial' retrieved from /home/vboxuser/airflow_venv/lib/python3.12/site-packages/airflow/example_dags/example_params_ui_tutorial.py
[2024-10-12T08:12:03.234+0000] {logging_mixin.py:190} INFO - [2024-10-12T08:12:03.233+0000] {dag.py:3239} INFO - Sync 1 DAGs
[2024-10-12T08:12:03.255+0000] {logging_mixin.py:190} INFO - [2024-10-12T08:12:03.255+0000] {dag.py:4180} INFO - Setting next_dagrun for example_params_ui_tutorial to None, run_after=None
[2024-10-12T08:12:03.336+0000] {processor.py:208} INFO - Processing /home/vboxuser/airflow_venv/lib/python3.12/site-packages/airflow/example_dags/example_params_ui_tutorial.py took 0.187 seconds
[2024-10-12T08:13:12.627+0000] {processor.py:186} INFO - Started process (PID=14457) to work on /home/vboxuser/airflow_venv/lib/python3.12/site-packages/airflow/example_dags/example_params_ui_tutorial.py
[2024-10-12T08:13:12.634+0000] {processor.py:914} INFO - Processing file /home/vboxuser/airflow_venv/lib/python3.12/site-packages/airflow/example_dags/example_params_ui_tutorial.py for tasks to queue
[2024-10-12T08:13:12.639+0000] {logging_mixin.py:190} INFO - [2024-10-12T08:13:12.639+0000] {dagbag.py:588} INFO - Filling up the DagBag from /home/vboxuser/airflow_venv/lib/python3.12/site-packages/airflow/example_dags/example_params_ui_tutorial.py
[2024-10-12T08:13:12.653+0000] {processor.py:925} INFO - DAG(s) 'example_params_ui_tutorial' retrieved from /home/vboxuser/airflow_venv/lib/python3.12/site-packages/airflow/example_dags/example_params_ui_tutorial.py
[2024-10-12T08:13:12.713+0000] {logging_mixin.py:190} INFO - [2024-10-12T08:13:12.712+0000] {dag.py:3239} INFO - Sync 1 DAGs
[2024-10-12T08:13:12.731+0000] {logging_mixin.py:190} INFO - [2024-10-12T08:13:12.731+0000] {dag.py:4180} INFO - Setting next_dagrun for example_params_ui_tutorial to None, run_after=None
[2024-10-12T08:13:12.771+0000] {processor.py:208} INFO - Processing /home/vboxuser/airflow_venv/lib/python3.12/site-packages/airflow/example_dags/example_params_ui_tutorial.py took 0.158 seconds
[2024-10-12T08:14:26.951+0000] {processor.py:186} INFO - Started process (PID=14519) to work on /home/vboxuser/airflow_venv/lib/python3.12/site-packages/airflow/example_dags/example_params_ui_tutorial.py
[2024-10-12T08:14:26.955+0000] {processor.py:914} INFO - Processing file /home/vboxuser/airflow_venv/lib/python3.12/site-packages/airflow/example_dags/example_params_ui_tutorial.py for tasks to queue
[2024-10-12T08:14:26.959+0000] {logging_mixin.py:190} INFO - [2024-10-12T08:14:26.958+0000] {dagbag.py:588} INFO - Filling up the DagBag from /home/vboxuser/airflow_venv/lib/python3.12/site-packages/airflow/example_dags/example_params_ui_tutorial.py
[2024-10-12T08:14:26.984+0000] {processor.py:925} INFO - DAG(s) 'example_params_ui_tutorial' retrieved from /home/vboxuser/airflow_venv/lib/python3.12/site-packages/airflow/example_dags/example_params_ui_tutorial.py
[2024-10-12T08:14:27.085+0000] {logging_mixin.py:190} INFO - [2024-10-12T08:14:27.084+0000] {dag.py:3239} INFO - Sync 1 DAGs
[2024-10-12T08:14:27.112+0000] {logging_mixin.py:190} INFO - [2024-10-12T08:14:27.112+0000] {dag.py:4180} INFO - Setting next_dagrun for example_params_ui_tutorial to None, run_after=None
[2024-10-12T08:14:27.167+0000] {processor.py:208} INFO - Processing /home/vboxuser/airflow_venv/lib/python3.12/site-packages/airflow/example_dags/example_params_ui_tutorial.py took 0.229 seconds
[2024-10-12T08:15:42.363+0000] {processor.py:186} INFO - Started process (PID=14585) to work on /home/vboxuser/airflow_venv/lib/python3.12/site-packages/airflow/example_dags/example_params_ui_tutorial.py
[2024-10-12T08:15:42.367+0000] {processor.py:914} INFO - Processing file /home/vboxuser/airflow_venv/lib/python3.12/site-packages/airflow/example_dags/example_params_ui_tutorial.py for tasks to queue
[2024-10-12T08:15:42.370+0000] {logging_mixin.py:190} INFO - [2024-10-12T08:15:42.370+0000] {dagbag.py:588} INFO - Filling up the DagBag from /home/vboxuser/airflow_venv/lib/python3.12/site-packages/airflow/example_dags/example_params_ui_tutorial.py
[2024-10-12T08:15:42.389+0000] {processor.py:925} INFO - DAG(s) 'example_params_ui_tutorial' retrieved from /home/vboxuser/airflow_venv/lib/python3.12/site-packages/airflow/example_dags/example_params_ui_tutorial.py
[2024-10-12T08:15:42.445+0000] {logging_mixin.py:190} INFO - [2024-10-12T08:15:42.445+0000] {dag.py:3239} INFO - Sync 1 DAGs
[2024-10-12T08:15:42.463+0000] {logging_mixin.py:190} INFO - [2024-10-12T08:15:42.463+0000] {dag.py:4180} INFO - Setting next_dagrun for example_params_ui_tutorial to None, run_after=None
[2024-10-12T08:15:42.520+0000] {processor.py:208} INFO - Processing /home/vboxuser/airflow_venv/lib/python3.12/site-packages/airflow/example_dags/example_params_ui_tutorial.py took 0.167 seconds
[2024-10-12T08:16:54.504+0000] {processor.py:186} INFO - Started process (PID=14648) to work on /home/vboxuser/airflow_venv/lib/python3.12/site-packages/airflow/example_dags/example_params_ui_tutorial.py
[2024-10-12T08:16:54.511+0000] {processor.py:914} INFO - Processing file /home/vboxuser/airflow_venv/lib/python3.12/site-packages/airflow/example_dags/example_params_ui_tutorial.py for tasks to queue
[2024-10-12T08:16:54.517+0000] {logging_mixin.py:190} INFO - [2024-10-12T08:16:54.516+0000] {dagbag.py:588} INFO - Filling up the DagBag from /home/vboxuser/airflow_venv/lib/python3.12/site-packages/airflow/example_dags/example_params_ui_tutorial.py
[2024-10-12T08:16:54.535+0000] {processor.py:925} INFO - DAG(s) 'example_params_ui_tutorial' retrieved from /home/vboxuser/airflow_venv/lib/python3.12/site-packages/airflow/example_dags/example_params_ui_tutorial.py
[2024-10-12T08:16:54.590+0000] {logging_mixin.py:190} INFO - [2024-10-12T08:16:54.589+0000] {dag.py:3239} INFO - Sync 1 DAGs
[2024-10-12T08:16:54.608+0000] {logging_mixin.py:190} INFO - [2024-10-12T08:16:54.608+0000] {dag.py:4180} INFO - Setting next_dagrun for example_params_ui_tutorial to None, run_after=None
[2024-10-12T08:16:54.668+0000] {processor.py:208} INFO - Processing /home/vboxuser/airflow_venv/lib/python3.12/site-packages/airflow/example_dags/example_params_ui_tutorial.py took 0.182 seconds
