[2024-10-12T07:09:15.047+0000] {processor.py:186} INFO - Started process (PID=11325) to work on /home/vboxuser/airflow_venv/lib/python3.12/site-packages/airflow/example_dags/example_task_group.py
[2024-10-12T07:09:15.048+0000] {processor.py:914} INFO - Processing file /home/vboxuser/airflow_venv/lib/python3.12/site-packages/airflow/example_dags/example_task_group.py for tasks to queue
[2024-10-12T07:09:15.050+0000] {logging_mixin.py:190} INFO - [2024-10-12T07:09:15.050+0000] {dagbag.py:588} INFO - Filling up the DagBag from /home/vboxuser/airflow_venv/lib/python3.12/site-packages/airflow/example_dags/example_task_group.py
[2024-10-12T07:09:15.062+0000] {processor.py:925} INFO - DAG(s) 'example_task_group' retrieved from /home/vboxuser/airflow_venv/lib/python3.12/site-packages/airflow/example_dags/example_task_group.py
[2024-10-12T07:09:15.199+0000] {logging_mixin.py:190} INFO - [2024-10-12T07:09:15.198+0000] {override.py:1901} INFO - Created Permission View: can delete on DAG:example_task_group
[2024-10-12T07:09:15.219+0000] {logging_mixin.py:190} INFO - [2024-10-12T07:09:15.218+0000] {override.py:1901} INFO - Created Permission View: can read on DAG:example_task_group
[2024-10-12T07:09:15.234+0000] {logging_mixin.py:190} INFO - [2024-10-12T07:09:15.234+0000] {override.py:1901} INFO - Created Permission View: can edit on DAG:example_task_group
[2024-10-12T07:09:15.262+0000] {logging_mixin.py:190} INFO - [2024-10-12T07:09:15.261+0000] {override.py:1901} INFO - Created Permission View: can delete on DAG Run:example_task_group
[2024-10-12T07:09:15.277+0000] {logging_mixin.py:190} INFO - [2024-10-12T07:09:15.277+0000] {override.py:1901} INFO - Created Permission View: can read on DAG Run:example_task_group
[2024-10-12T07:09:15.294+0000] {logging_mixin.py:190} INFO - [2024-10-12T07:09:15.294+0000] {override.py:1901} INFO - Created Permission View: menu access on DAG Run:example_task_group
[2024-10-12T07:09:15.311+0000] {logging_mixin.py:190} INFO - [2024-10-12T07:09:15.310+0000] {override.py:1901} INFO - Created Permission View: can create on DAG Run:example_task_group
[2024-10-12T07:09:15.311+0000] {logging_mixin.py:190} INFO - [2024-10-12T07:09:15.311+0000] {dag.py:3239} INFO - Sync 1 DAGs
[2024-10-12T07:09:15.323+0000] {logging_mixin.py:190} INFO - [2024-10-12T07:09:15.323+0000] {dag.py:3262} INFO - Creating ORM DAG for example_task_group
[2024-10-12T07:09:15.324+0000] {logging_mixin.py:190} INFO - [2024-10-12T07:09:15.324+0000] {dag.py:4180} INFO - Setting next_dagrun for example_task_group to None, run_after=None
[2024-10-12T07:09:15.356+0000] {processor.py:208} INFO - Processing /home/vboxuser/airflow_venv/lib/python3.12/site-packages/airflow/example_dags/example_task_group.py took 0.316 seconds
[2024-10-12T07:10:29.214+0000] {processor.py:186} INFO - Started process (PID=11396) to work on /home/vboxuser/airflow_venv/lib/python3.12/site-packages/airflow/example_dags/example_task_group.py
[2024-10-12T07:10:29.216+0000] {processor.py:914} INFO - Processing file /home/vboxuser/airflow_venv/lib/python3.12/site-packages/airflow/example_dags/example_task_group.py for tasks to queue
[2024-10-12T07:10:29.219+0000] {logging_mixin.py:190} INFO - [2024-10-12T07:10:29.219+0000] {dagbag.py:588} INFO - Filling up the DagBag from /home/vboxuser/airflow_venv/lib/python3.12/site-packages/airflow/example_dags/example_task_group.py
[2024-10-12T07:10:29.237+0000] {processor.py:925} INFO - DAG(s) 'example_task_group' retrieved from /home/vboxuser/airflow_venv/lib/python3.12/site-packages/airflow/example_dags/example_task_group.py
[2024-10-12T07:10:29.262+0000] {logging_mixin.py:190} INFO - [2024-10-12T07:10:29.262+0000] {dag.py:3239} INFO - Sync 1 DAGs
[2024-10-12T07:10:29.274+0000] {logging_mixin.py:190} INFO - [2024-10-12T07:10:29.274+0000] {dag.py:4180} INFO - Setting next_dagrun for example_task_group to None, run_after=None
[2024-10-12T07:10:29.309+0000] {processor.py:208} INFO - Processing /home/vboxuser/airflow_venv/lib/python3.12/site-packages/airflow/example_dags/example_task_group.py took 0.106 seconds
[2024-10-12T07:11:32.725+0000] {processor.py:186} INFO - Started process (PID=11453) to work on /home/vboxuser/airflow_venv/lib/python3.12/site-packages/airflow/example_dags/example_task_group.py
[2024-10-12T07:11:32.726+0000] {processor.py:914} INFO - Processing file /home/vboxuser/airflow_venv/lib/python3.12/site-packages/airflow/example_dags/example_task_group.py for tasks to queue
[2024-10-12T07:11:32.729+0000] {logging_mixin.py:190} INFO - [2024-10-12T07:11:32.729+0000] {dagbag.py:588} INFO - Filling up the DagBag from /home/vboxuser/airflow_venv/lib/python3.12/site-packages/airflow/example_dags/example_task_group.py
[2024-10-12T07:11:32.739+0000] {processor.py:925} INFO - DAG(s) 'example_task_group' retrieved from /home/vboxuser/airflow_venv/lib/python3.12/site-packages/airflow/example_dags/example_task_group.py
[2024-10-12T07:11:32.760+0000] {logging_mixin.py:190} INFO - [2024-10-12T07:11:32.760+0000] {dag.py:3239} INFO - Sync 1 DAGs
[2024-10-12T07:11:32.777+0000] {logging_mixin.py:190} INFO - [2024-10-12T07:11:32.776+0000] {dag.py:4180} INFO - Setting next_dagrun for example_task_group to None, run_after=None
[2024-10-12T07:11:32.811+0000] {processor.py:208} INFO - Processing /home/vboxuser/airflow_venv/lib/python3.12/site-packages/airflow/example_dags/example_task_group.py took 0.093 seconds
[2024-10-12T07:12:34.622+0000] {processor.py:186} INFO - Started process (PID=11511) to work on /home/vboxuser/airflow_venv/lib/python3.12/site-packages/airflow/example_dags/example_task_group.py
[2024-10-12T07:12:34.625+0000] {processor.py:914} INFO - Processing file /home/vboxuser/airflow_venv/lib/python3.12/site-packages/airflow/example_dags/example_task_group.py for tasks to queue
[2024-10-12T07:12:34.629+0000] {logging_mixin.py:190} INFO - [2024-10-12T07:12:34.628+0000] {dagbag.py:588} INFO - Filling up the DagBag from /home/vboxuser/airflow_venv/lib/python3.12/site-packages/airflow/example_dags/example_task_group.py
[2024-10-12T07:12:34.645+0000] {processor.py:925} INFO - DAG(s) 'example_task_group' retrieved from /home/vboxuser/airflow_venv/lib/python3.12/site-packages/airflow/example_dags/example_task_group.py
[2024-10-12T07:12:34.675+0000] {logging_mixin.py:190} INFO - [2024-10-12T07:12:34.675+0000] {dag.py:3239} INFO - Sync 1 DAGs
[2024-10-12T07:12:34.690+0000] {logging_mixin.py:190} INFO - [2024-10-12T07:12:34.689+0000] {dag.py:4180} INFO - Setting next_dagrun for example_task_group to None, run_after=None
[2024-10-12T07:12:34.729+0000] {processor.py:208} INFO - Processing /home/vboxuser/airflow_venv/lib/python3.12/site-packages/airflow/example_dags/example_task_group.py took 0.115 seconds
[2024-10-12T07:13:38.389+0000] {processor.py:186} INFO - Started process (PID=11645) to work on /home/vboxuser/airflow_venv/lib/python3.12/site-packages/airflow/example_dags/example_task_group.py
[2024-10-12T07:13:38.395+0000] {processor.py:914} INFO - Processing file /home/vboxuser/airflow_venv/lib/python3.12/site-packages/airflow/example_dags/example_task_group.py for tasks to queue
[2024-10-12T07:13:38.399+0000] {logging_mixin.py:190} INFO - [2024-10-12T07:13:38.398+0000] {dagbag.py:588} INFO - Filling up the DagBag from /home/vboxuser/airflow_venv/lib/python3.12/site-packages/airflow/example_dags/example_task_group.py
[2024-10-12T07:13:38.419+0000] {processor.py:925} INFO - DAG(s) 'example_task_group' retrieved from /home/vboxuser/airflow_venv/lib/python3.12/site-packages/airflow/example_dags/example_task_group.py
[2024-10-12T07:13:38.439+0000] {logging_mixin.py:190} INFO - [2024-10-12T07:13:38.438+0000] {dag.py:3239} INFO - Sync 1 DAGs
[2024-10-12T07:13:38.458+0000] {logging_mixin.py:190} INFO - [2024-10-12T07:13:38.457+0000] {dag.py:4180} INFO - Setting next_dagrun for example_task_group to None, run_after=None
[2024-10-12T07:13:38.496+0000] {processor.py:208} INFO - Processing /home/vboxuser/airflow_venv/lib/python3.12/site-packages/airflow/example_dags/example_task_group.py took 0.120 seconds
[2024-10-12T07:14:45.072+0000] {processor.py:186} INFO - Started process (PID=11712) to work on /home/vboxuser/airflow_venv/lib/python3.12/site-packages/airflow/example_dags/example_task_group.py
[2024-10-12T07:14:45.078+0000] {processor.py:914} INFO - Processing file /home/vboxuser/airflow_venv/lib/python3.12/site-packages/airflow/example_dags/example_task_group.py for tasks to queue
[2024-10-12T07:14:45.080+0000] {logging_mixin.py:190} INFO - [2024-10-12T07:14:45.080+0000] {dagbag.py:588} INFO - Filling up the DagBag from /home/vboxuser/airflow_venv/lib/python3.12/site-packages/airflow/example_dags/example_task_group.py
[2024-10-12T07:14:45.097+0000] {processor.py:925} INFO - DAG(s) 'example_task_group' retrieved from /home/vboxuser/airflow_venv/lib/python3.12/site-packages/airflow/example_dags/example_task_group.py
[2024-10-12T07:14:45.127+0000] {logging_mixin.py:190} INFO - [2024-10-12T07:14:45.127+0000] {dag.py:3239} INFO - Sync 1 DAGs
[2024-10-12T07:14:45.140+0000] {logging_mixin.py:190} INFO - [2024-10-12T07:14:45.140+0000] {dag.py:4180} INFO - Setting next_dagrun for example_task_group to None, run_after=None
[2024-10-12T07:14:45.294+0000] {processor.py:208} INFO - Processing /home/vboxuser/airflow_venv/lib/python3.12/site-packages/airflow/example_dags/example_task_group.py took 0.230 seconds
[2024-10-12T07:16:03.041+0000] {processor.py:186} INFO - Started process (PID=11789) to work on /home/vboxuser/airflow_venv/lib/python3.12/site-packages/airflow/example_dags/example_task_group.py
[2024-10-12T07:16:03.047+0000] {processor.py:914} INFO - Processing file /home/vboxuser/airflow_venv/lib/python3.12/site-packages/airflow/example_dags/example_task_group.py for tasks to queue
[2024-10-12T07:16:03.051+0000] {logging_mixin.py:190} INFO - [2024-10-12T07:16:03.050+0000] {dagbag.py:588} INFO - Filling up the DagBag from /home/vboxuser/airflow_venv/lib/python3.12/site-packages/airflow/example_dags/example_task_group.py
[2024-10-12T07:16:03.065+0000] {processor.py:925} INFO - DAG(s) 'example_task_group' retrieved from /home/vboxuser/airflow_venv/lib/python3.12/site-packages/airflow/example_dags/example_task_group.py
[2024-10-12T07:16:03.087+0000] {logging_mixin.py:190} INFO - [2024-10-12T07:16:03.087+0000] {dag.py:3239} INFO - Sync 1 DAGs
[2024-10-12T07:16:03.100+0000] {logging_mixin.py:190} INFO - [2024-10-12T07:16:03.100+0000] {dag.py:4180} INFO - Setting next_dagrun for example_task_group to None, run_after=None
[2024-10-12T07:16:03.129+0000] {processor.py:208} INFO - Processing /home/vboxuser/airflow_venv/lib/python3.12/site-packages/airflow/example_dags/example_task_group.py took 0.099 seconds
[2024-10-12T07:17:03.192+0000] {processor.py:186} INFO - Started process (PID=11848) to work on /home/vboxuser/airflow_venv/lib/python3.12/site-packages/airflow/example_dags/example_task_group.py
[2024-10-12T07:17:03.194+0000] {processor.py:914} INFO - Processing file /home/vboxuser/airflow_venv/lib/python3.12/site-packages/airflow/example_dags/example_task_group.py for tasks to queue
[2024-10-12T07:17:03.198+0000] {logging_mixin.py:190} INFO - [2024-10-12T07:17:03.197+0000] {dagbag.py:588} INFO - Filling up the DagBag from /home/vboxuser/airflow_venv/lib/python3.12/site-packages/airflow/example_dags/example_task_group.py
[2024-10-12T07:17:03.209+0000] {processor.py:925} INFO - DAG(s) 'example_task_group' retrieved from /home/vboxuser/airflow_venv/lib/python3.12/site-packages/airflow/example_dags/example_task_group.py
[2024-10-12T07:17:03.229+0000] {logging_mixin.py:190} INFO - [2024-10-12T07:17:03.229+0000] {dag.py:3239} INFO - Sync 1 DAGs
[2024-10-12T07:17:03.247+0000] {logging_mixin.py:190} INFO - [2024-10-12T07:17:03.247+0000] {dag.py:4180} INFO - Setting next_dagrun for example_task_group to None, run_after=None
[2024-10-12T07:17:03.282+0000] {processor.py:208} INFO - Processing /home/vboxuser/airflow_venv/lib/python3.12/site-packages/airflow/example_dags/example_task_group.py took 0.099 seconds
[2024-10-12T07:18:08.182+0000] {processor.py:186} INFO - Started process (PID=11908) to work on /home/vboxuser/airflow_venv/lib/python3.12/site-packages/airflow/example_dags/example_task_group.py
[2024-10-12T07:18:08.184+0000] {processor.py:914} INFO - Processing file /home/vboxuser/airflow_venv/lib/python3.12/site-packages/airflow/example_dags/example_task_group.py for tasks to queue
[2024-10-12T07:18:08.187+0000] {logging_mixin.py:190} INFO - [2024-10-12T07:18:08.187+0000] {dagbag.py:588} INFO - Filling up the DagBag from /home/vboxuser/airflow_venv/lib/python3.12/site-packages/airflow/example_dags/example_task_group.py
[2024-10-12T07:18:08.202+0000] {processor.py:925} INFO - DAG(s) 'example_task_group' retrieved from /home/vboxuser/airflow_venv/lib/python3.12/site-packages/airflow/example_dags/example_task_group.py
[2024-10-12T07:18:08.223+0000] {logging_mixin.py:190} INFO - [2024-10-12T07:18:08.223+0000] {dag.py:3239} INFO - Sync 1 DAGs
[2024-10-12T07:18:08.238+0000] {logging_mixin.py:190} INFO - [2024-10-12T07:18:08.238+0000] {dag.py:4180} INFO - Setting next_dagrun for example_task_group to None, run_after=None
[2024-10-12T07:18:08.273+0000] {processor.py:208} INFO - Processing /home/vboxuser/airflow_venv/lib/python3.12/site-packages/airflow/example_dags/example_task_group.py took 0.099 seconds
[2024-10-12T07:19:08.846+0000] {processor.py:186} INFO - Started process (PID=11965) to work on /home/vboxuser/airflow_venv/lib/python3.12/site-packages/airflow/example_dags/example_task_group.py
[2024-10-12T07:19:08.851+0000] {processor.py:914} INFO - Processing file /home/vboxuser/airflow_venv/lib/python3.12/site-packages/airflow/example_dags/example_task_group.py for tasks to queue
[2024-10-12T07:19:08.855+0000] {logging_mixin.py:190} INFO - [2024-10-12T07:19:08.854+0000] {dagbag.py:588} INFO - Filling up the DagBag from /home/vboxuser/airflow_venv/lib/python3.12/site-packages/airflow/example_dags/example_task_group.py
[2024-10-12T07:19:08.869+0000] {processor.py:925} INFO - DAG(s) 'example_task_group' retrieved from /home/vboxuser/airflow_venv/lib/python3.12/site-packages/airflow/example_dags/example_task_group.py
[2024-10-12T07:19:08.894+0000] {logging_mixin.py:190} INFO - [2024-10-12T07:19:08.894+0000] {dag.py:3239} INFO - Sync 1 DAGs
[2024-10-12T07:19:08.908+0000] {logging_mixin.py:190} INFO - [2024-10-12T07:19:08.908+0000] {dag.py:4180} INFO - Setting next_dagrun for example_task_group to None, run_after=None
[2024-10-12T07:19:08.946+0000] {processor.py:208} INFO - Processing /home/vboxuser/airflow_venv/lib/python3.12/site-packages/airflow/example_dags/example_task_group.py took 0.109 seconds
[2024-10-12T07:20:15.469+0000] {processor.py:186} INFO - Started process (PID=12028) to work on /home/vboxuser/airflow_venv/lib/python3.12/site-packages/airflow/example_dags/example_task_group.py
[2024-10-12T07:20:15.472+0000] {processor.py:914} INFO - Processing file /home/vboxuser/airflow_venv/lib/python3.12/site-packages/airflow/example_dags/example_task_group.py for tasks to queue
[2024-10-12T07:20:15.476+0000] {logging_mixin.py:190} INFO - [2024-10-12T07:20:15.475+0000] {dagbag.py:588} INFO - Filling up the DagBag from /home/vboxuser/airflow_venv/lib/python3.12/site-packages/airflow/example_dags/example_task_group.py
[2024-10-12T07:20:15.492+0000] {processor.py:925} INFO - DAG(s) 'example_task_group' retrieved from /home/vboxuser/airflow_venv/lib/python3.12/site-packages/airflow/example_dags/example_task_group.py
[2024-10-12T07:20:15.523+0000] {logging_mixin.py:190} INFO - [2024-10-12T07:20:15.522+0000] {dag.py:3239} INFO - Sync 1 DAGs
[2024-10-12T07:20:15.537+0000] {logging_mixin.py:190} INFO - [2024-10-12T07:20:15.537+0000] {dag.py:4180} INFO - Setting next_dagrun for example_task_group to None, run_after=None
[2024-10-12T07:20:15.573+0000] {processor.py:208} INFO - Processing /home/vboxuser/airflow_venv/lib/python3.12/site-packages/airflow/example_dags/example_task_group.py took 0.113 seconds
[2024-10-12T07:21:22.341+0000] {processor.py:186} INFO - Started process (PID=12090) to work on /home/vboxuser/airflow_venv/lib/python3.12/site-packages/airflow/example_dags/example_task_group.py
[2024-10-12T07:21:22.342+0000] {processor.py:914} INFO - Processing file /home/vboxuser/airflow_venv/lib/python3.12/site-packages/airflow/example_dags/example_task_group.py for tasks to queue
[2024-10-12T07:21:22.345+0000] {logging_mixin.py:190} INFO - [2024-10-12T07:21:22.345+0000] {dagbag.py:588} INFO - Filling up the DagBag from /home/vboxuser/airflow_venv/lib/python3.12/site-packages/airflow/example_dags/example_task_group.py
[2024-10-12T07:21:22.357+0000] {processor.py:925} INFO - DAG(s) 'example_task_group' retrieved from /home/vboxuser/airflow_venv/lib/python3.12/site-packages/airflow/example_dags/example_task_group.py
[2024-10-12T07:21:22.379+0000] {logging_mixin.py:190} INFO - [2024-10-12T07:21:22.379+0000] {dag.py:3239} INFO - Sync 1 DAGs
[2024-10-12T07:21:22.394+0000] {logging_mixin.py:190} INFO - [2024-10-12T07:21:22.393+0000] {dag.py:4180} INFO - Setting next_dagrun for example_task_group to None, run_after=None
[2024-10-12T07:21:22.428+0000] {processor.py:208} INFO - Processing /home/vboxuser/airflow_venv/lib/python3.12/site-packages/airflow/example_dags/example_task_group.py took 0.094 seconds
[2024-10-12T07:22:27.268+0000] {processor.py:186} INFO - Started process (PID=12149) to work on /home/vboxuser/airflow_venv/lib/python3.12/site-packages/airflow/example_dags/example_task_group.py
[2024-10-12T07:22:27.274+0000] {processor.py:914} INFO - Processing file /home/vboxuser/airflow_venv/lib/python3.12/site-packages/airflow/example_dags/example_task_group.py for tasks to queue
[2024-10-12T07:22:27.279+0000] {logging_mixin.py:190} INFO - [2024-10-12T07:22:27.278+0000] {dagbag.py:588} INFO - Filling up the DagBag from /home/vboxuser/airflow_venv/lib/python3.12/site-packages/airflow/example_dags/example_task_group.py
[2024-10-12T07:22:27.296+0000] {processor.py:925} INFO - DAG(s) 'example_task_group' retrieved from /home/vboxuser/airflow_venv/lib/python3.12/site-packages/airflow/example_dags/example_task_group.py
[2024-10-12T07:22:27.323+0000] {logging_mixin.py:190} INFO - [2024-10-12T07:22:27.322+0000] {dag.py:3239} INFO - Sync 1 DAGs
[2024-10-12T07:22:27.337+0000] {logging_mixin.py:190} INFO - [2024-10-12T07:22:27.336+0000] {dag.py:4180} INFO - Setting next_dagrun for example_task_group to None, run_after=None
[2024-10-12T07:22:27.373+0000] {processor.py:208} INFO - Processing /home/vboxuser/airflow_venv/lib/python3.12/site-packages/airflow/example_dags/example_task_group.py took 0.117 seconds
[2024-10-12T07:23:40.005+0000] {processor.py:186} INFO - Started process (PID=12211) to work on /home/vboxuser/airflow_venv/lib/python3.12/site-packages/airflow/example_dags/example_task_group.py
[2024-10-12T07:23:40.009+0000] {processor.py:914} INFO - Processing file /home/vboxuser/airflow_venv/lib/python3.12/site-packages/airflow/example_dags/example_task_group.py for tasks to queue
[2024-10-12T07:23:40.014+0000] {logging_mixin.py:190} INFO - [2024-10-12T07:23:40.013+0000] {dagbag.py:588} INFO - Filling up the DagBag from /home/vboxuser/airflow_venv/lib/python3.12/site-packages/airflow/example_dags/example_task_group.py
[2024-10-12T07:23:40.028+0000] {processor.py:925} INFO - DAG(s) 'example_task_group' retrieved from /home/vboxuser/airflow_venv/lib/python3.12/site-packages/airflow/example_dags/example_task_group.py
[2024-10-12T07:23:40.047+0000] {logging_mixin.py:190} INFO - [2024-10-12T07:23:40.047+0000] {dag.py:3239} INFO - Sync 1 DAGs
[2024-10-12T07:23:40.062+0000] {logging_mixin.py:190} INFO - [2024-10-12T07:23:40.062+0000] {dag.py:4180} INFO - Setting next_dagrun for example_task_group to None, run_after=None
[2024-10-12T07:23:40.096+0000] {processor.py:208} INFO - Processing /home/vboxuser/airflow_venv/lib/python3.12/site-packages/airflow/example_dags/example_task_group.py took 0.105 seconds
[2024-10-12T07:24:48.123+0000] {processor.py:186} INFO - Started process (PID=12272) to work on /home/vboxuser/airflow_venv/lib/python3.12/site-packages/airflow/example_dags/example_task_group.py
[2024-10-12T07:24:48.125+0000] {processor.py:914} INFO - Processing file /home/vboxuser/airflow_venv/lib/python3.12/site-packages/airflow/example_dags/example_task_group.py for tasks to queue
[2024-10-12T07:24:48.128+0000] {logging_mixin.py:190} INFO - [2024-10-12T07:24:48.127+0000] {dagbag.py:588} INFO - Filling up the DagBag from /home/vboxuser/airflow_venv/lib/python3.12/site-packages/airflow/example_dags/example_task_group.py
[2024-10-12T07:24:48.138+0000] {processor.py:925} INFO - DAG(s) 'example_task_group' retrieved from /home/vboxuser/airflow_venv/lib/python3.12/site-packages/airflow/example_dags/example_task_group.py
[2024-10-12T07:24:48.159+0000] {logging_mixin.py:190} INFO - [2024-10-12T07:24:48.158+0000] {dag.py:3239} INFO - Sync 1 DAGs
[2024-10-12T07:24:48.173+0000] {logging_mixin.py:190} INFO - [2024-10-12T07:24:48.173+0000] {dag.py:4180} INFO - Setting next_dagrun for example_task_group to None, run_after=None
[2024-10-12T07:24:48.211+0000] {processor.py:208} INFO - Processing /home/vboxuser/airflow_venv/lib/python3.12/site-packages/airflow/example_dags/example_task_group.py took 0.094 seconds
[2024-10-12T07:25:55.521+0000] {processor.py:186} INFO - Started process (PID=12337) to work on /home/vboxuser/airflow_venv/lib/python3.12/site-packages/airflow/example_dags/example_task_group.py
[2024-10-12T07:25:55.524+0000] {processor.py:914} INFO - Processing file /home/vboxuser/airflow_venv/lib/python3.12/site-packages/airflow/example_dags/example_task_group.py for tasks to queue
[2024-10-12T07:25:55.529+0000] {logging_mixin.py:190} INFO - [2024-10-12T07:25:55.528+0000] {dagbag.py:588} INFO - Filling up the DagBag from /home/vboxuser/airflow_venv/lib/python3.12/site-packages/airflow/example_dags/example_task_group.py
[2024-10-12T07:25:55.548+0000] {processor.py:925} INFO - DAG(s) 'example_task_group' retrieved from /home/vboxuser/airflow_venv/lib/python3.12/site-packages/airflow/example_dags/example_task_group.py
[2024-10-12T07:25:55.593+0000] {logging_mixin.py:190} INFO - [2024-10-12T07:25:55.593+0000] {dag.py:3239} INFO - Sync 1 DAGs
[2024-10-12T07:25:55.619+0000] {logging_mixin.py:190} INFO - [2024-10-12T07:25:55.618+0000] {dag.py:4180} INFO - Setting next_dagrun for example_task_group to None, run_after=None
[2024-10-12T07:25:55.674+0000] {processor.py:208} INFO - Processing /home/vboxuser/airflow_venv/lib/python3.12/site-packages/airflow/example_dags/example_task_group.py took 0.168 seconds
[2024-10-12T07:27:06.395+0000] {processor.py:186} INFO - Started process (PID=12400) to work on /home/vboxuser/airflow_venv/lib/python3.12/site-packages/airflow/example_dags/example_task_group.py
[2024-10-12T07:27:06.398+0000] {processor.py:914} INFO - Processing file /home/vboxuser/airflow_venv/lib/python3.12/site-packages/airflow/example_dags/example_task_group.py for tasks to queue
[2024-10-12T07:27:06.400+0000] {logging_mixin.py:190} INFO - [2024-10-12T07:27:06.400+0000] {dagbag.py:588} INFO - Filling up the DagBag from /home/vboxuser/airflow_venv/lib/python3.12/site-packages/airflow/example_dags/example_task_group.py
[2024-10-12T07:27:06.413+0000] {processor.py:925} INFO - DAG(s) 'example_task_group' retrieved from /home/vboxuser/airflow_venv/lib/python3.12/site-packages/airflow/example_dags/example_task_group.py
[2024-10-12T07:27:06.432+0000] {logging_mixin.py:190} INFO - [2024-10-12T07:27:06.432+0000] {dag.py:3239} INFO - Sync 1 DAGs
[2024-10-12T07:27:06.446+0000] {logging_mixin.py:190} INFO - [2024-10-12T07:27:06.445+0000] {dag.py:4180} INFO - Setting next_dagrun for example_task_group to None, run_after=None
[2024-10-12T07:27:06.484+0000] {processor.py:208} INFO - Processing /home/vboxuser/airflow_venv/lib/python3.12/site-packages/airflow/example_dags/example_task_group.py took 0.098 seconds
[2024-10-12T07:28:23.229+0000] {processor.py:186} INFO - Started process (PID=12463) to work on /home/vboxuser/airflow_venv/lib/python3.12/site-packages/airflow/example_dags/example_task_group.py
[2024-10-12T07:28:23.232+0000] {processor.py:914} INFO - Processing file /home/vboxuser/airflow_venv/lib/python3.12/site-packages/airflow/example_dags/example_task_group.py for tasks to queue
[2024-10-12T07:28:23.236+0000] {logging_mixin.py:190} INFO - [2024-10-12T07:28:23.235+0000] {dagbag.py:588} INFO - Filling up the DagBag from /home/vboxuser/airflow_venv/lib/python3.12/site-packages/airflow/example_dags/example_task_group.py
[2024-10-12T07:28:23.252+0000] {processor.py:925} INFO - DAG(s) 'example_task_group' retrieved from /home/vboxuser/airflow_venv/lib/python3.12/site-packages/airflow/example_dags/example_task_group.py
[2024-10-12T07:28:23.283+0000] {logging_mixin.py:190} INFO - [2024-10-12T07:28:23.282+0000] {dag.py:3239} INFO - Sync 1 DAGs
[2024-10-12T07:28:23.301+0000] {logging_mixin.py:190} INFO - [2024-10-12T07:28:23.301+0000] {dag.py:4180} INFO - Setting next_dagrun for example_task_group to None, run_after=None
[2024-10-12T07:28:23.363+0000] {processor.py:208} INFO - Processing /home/vboxuser/airflow_venv/lib/python3.12/site-packages/airflow/example_dags/example_task_group.py took 0.143 seconds
[2024-10-12T07:29:22.871+0000] {processor.py:186} INFO - Started process (PID=12519) to work on /home/vboxuser/airflow_venv/lib/python3.12/site-packages/airflow/example_dags/example_task_group.py
[2024-10-12T07:29:22.876+0000] {processor.py:914} INFO - Processing file /home/vboxuser/airflow_venv/lib/python3.12/site-packages/airflow/example_dags/example_task_group.py for tasks to queue
[2024-10-12T07:29:22.880+0000] {logging_mixin.py:190} INFO - [2024-10-12T07:29:22.879+0000] {dagbag.py:588} INFO - Filling up the DagBag from /home/vboxuser/airflow_venv/lib/python3.12/site-packages/airflow/example_dags/example_task_group.py
[2024-10-12T07:29:22.897+0000] {processor.py:925} INFO - DAG(s) 'example_task_group' retrieved from /home/vboxuser/airflow_venv/lib/python3.12/site-packages/airflow/example_dags/example_task_group.py
[2024-10-12T07:29:22.925+0000] {logging_mixin.py:190} INFO - [2024-10-12T07:29:22.925+0000] {dag.py:3239} INFO - Sync 1 DAGs
[2024-10-12T07:29:22.946+0000] {logging_mixin.py:190} INFO - [2024-10-12T07:29:22.946+0000] {dag.py:4180} INFO - Setting next_dagrun for example_task_group to None, run_after=None
[2024-10-12T07:29:22.992+0000] {processor.py:208} INFO - Processing /home/vboxuser/airflow_venv/lib/python3.12/site-packages/airflow/example_dags/example_task_group.py took 0.129 seconds
[2024-10-12T07:30:35.850+0000] {processor.py:186} INFO - Started process (PID=12602) to work on /home/vboxuser/airflow_venv/lib/python3.12/site-packages/airflow/example_dags/example_task_group.py
[2024-10-12T07:30:35.852+0000] {processor.py:914} INFO - Processing file /home/vboxuser/airflow_venv/lib/python3.12/site-packages/airflow/example_dags/example_task_group.py for tasks to queue
[2024-10-12T07:30:35.854+0000] {logging_mixin.py:190} INFO - [2024-10-12T07:30:35.854+0000] {dagbag.py:588} INFO - Filling up the DagBag from /home/vboxuser/airflow_venv/lib/python3.12/site-packages/airflow/example_dags/example_task_group.py
[2024-10-12T07:30:35.867+0000] {processor.py:925} INFO - DAG(s) 'example_task_group' retrieved from /home/vboxuser/airflow_venv/lib/python3.12/site-packages/airflow/example_dags/example_task_group.py
[2024-10-12T07:30:35.890+0000] {logging_mixin.py:190} INFO - [2024-10-12T07:30:35.890+0000] {dag.py:3239} INFO - Sync 1 DAGs
[2024-10-12T07:30:35.908+0000] {logging_mixin.py:190} INFO - [2024-10-12T07:30:35.907+0000] {dag.py:4180} INFO - Setting next_dagrun for example_task_group to None, run_after=None
[2024-10-12T07:30:35.941+0000] {processor.py:208} INFO - Processing /home/vboxuser/airflow_venv/lib/python3.12/site-packages/airflow/example_dags/example_task_group.py took 0.110 seconds
[2024-10-12T07:31:44.233+0000] {processor.py:186} INFO - Started process (PID=12672) to work on /home/vboxuser/airflow_venv/lib/python3.12/site-packages/airflow/example_dags/example_task_group.py
[2024-10-12T07:31:44.236+0000] {processor.py:914} INFO - Processing file /home/vboxuser/airflow_venv/lib/python3.12/site-packages/airflow/example_dags/example_task_group.py for tasks to queue
[2024-10-12T07:31:44.239+0000] {logging_mixin.py:190} INFO - [2024-10-12T07:31:44.238+0000] {dagbag.py:588} INFO - Filling up the DagBag from /home/vboxuser/airflow_venv/lib/python3.12/site-packages/airflow/example_dags/example_task_group.py
[2024-10-12T07:31:44.251+0000] {processor.py:925} INFO - DAG(s) 'example_task_group' retrieved from /home/vboxuser/airflow_venv/lib/python3.12/site-packages/airflow/example_dags/example_task_group.py
[2024-10-12T07:31:44.295+0000] {logging_mixin.py:190} INFO - [2024-10-12T07:31:44.293+0000] {dag.py:3239} INFO - Sync 1 DAGs
[2024-10-12T07:31:44.321+0000] {logging_mixin.py:190} INFO - [2024-10-12T07:31:44.320+0000] {dag.py:4180} INFO - Setting next_dagrun for example_task_group to None, run_after=None
[2024-10-12T07:31:44.361+0000] {processor.py:208} INFO - Processing /home/vboxuser/airflow_venv/lib/python3.12/site-packages/airflow/example_dags/example_task_group.py took 0.136 seconds
[2024-10-12T07:32:48.479+0000] {processor.py:186} INFO - Started process (PID=12731) to work on /home/vboxuser/airflow_venv/lib/python3.12/site-packages/airflow/example_dags/example_task_group.py
[2024-10-12T07:32:48.482+0000] {processor.py:914} INFO - Processing file /home/vboxuser/airflow_venv/lib/python3.12/site-packages/airflow/example_dags/example_task_group.py for tasks to queue
[2024-10-12T07:32:48.484+0000] {logging_mixin.py:190} INFO - [2024-10-12T07:32:48.484+0000] {dagbag.py:588} INFO - Filling up the DagBag from /home/vboxuser/airflow_venv/lib/python3.12/site-packages/airflow/example_dags/example_task_group.py
[2024-10-12T07:32:48.498+0000] {processor.py:925} INFO - DAG(s) 'example_task_group' retrieved from /home/vboxuser/airflow_venv/lib/python3.12/site-packages/airflow/example_dags/example_task_group.py
[2024-10-12T07:32:48.521+0000] {logging_mixin.py:190} INFO - [2024-10-12T07:32:48.521+0000] {dag.py:3239} INFO - Sync 1 DAGs
[2024-10-12T07:32:48.536+0000] {logging_mixin.py:190} INFO - [2024-10-12T07:32:48.536+0000] {dag.py:4180} INFO - Setting next_dagrun for example_task_group to None, run_after=None
[2024-10-12T07:32:48.575+0000] {processor.py:208} INFO - Processing /home/vboxuser/airflow_venv/lib/python3.12/site-packages/airflow/example_dags/example_task_group.py took 0.114 seconds
[2024-10-12T07:33:52.588+0000] {processor.py:186} INFO - Started process (PID=12789) to work on /home/vboxuser/airflow_venv/lib/python3.12/site-packages/airflow/example_dags/example_task_group.py
[2024-10-12T07:33:52.590+0000] {processor.py:914} INFO - Processing file /home/vboxuser/airflow_venv/lib/python3.12/site-packages/airflow/example_dags/example_task_group.py for tasks to queue
[2024-10-12T07:33:52.594+0000] {logging_mixin.py:190} INFO - [2024-10-12T07:33:52.593+0000] {dagbag.py:588} INFO - Filling up the DagBag from /home/vboxuser/airflow_venv/lib/python3.12/site-packages/airflow/example_dags/example_task_group.py
[2024-10-12T07:33:52.604+0000] {processor.py:925} INFO - DAG(s) 'example_task_group' retrieved from /home/vboxuser/airflow_venv/lib/python3.12/site-packages/airflow/example_dags/example_task_group.py
[2024-10-12T07:33:52.624+0000] {logging_mixin.py:190} INFO - [2024-10-12T07:33:52.624+0000] {dag.py:3239} INFO - Sync 1 DAGs
[2024-10-12T07:33:52.640+0000] {logging_mixin.py:190} INFO - [2024-10-12T07:33:52.640+0000] {dag.py:4180} INFO - Setting next_dagrun for example_task_group to None, run_after=None
[2024-10-12T07:33:52.682+0000] {processor.py:208} INFO - Processing /home/vboxuser/airflow_venv/lib/python3.12/site-packages/airflow/example_dags/example_task_group.py took 0.101 seconds
[2024-10-12T07:34:52.348+0000] {processor.py:186} INFO - Started process (PID=12858) to work on /home/vboxuser/airflow_venv/lib/python3.12/site-packages/airflow/example_dags/example_task_group.py
[2024-10-12T07:34:52.350+0000] {processor.py:914} INFO - Processing file /home/vboxuser/airflow_venv/lib/python3.12/site-packages/airflow/example_dags/example_task_group.py for tasks to queue
[2024-10-12T07:34:52.353+0000] {logging_mixin.py:190} INFO - [2024-10-12T07:34:52.353+0000] {dagbag.py:588} INFO - Filling up the DagBag from /home/vboxuser/airflow_venv/lib/python3.12/site-packages/airflow/example_dags/example_task_group.py
[2024-10-12T07:34:52.365+0000] {processor.py:925} INFO - DAG(s) 'example_task_group' retrieved from /home/vboxuser/airflow_venv/lib/python3.12/site-packages/airflow/example_dags/example_task_group.py
[2024-10-12T07:34:52.386+0000] {logging_mixin.py:190} INFO - [2024-10-12T07:34:52.386+0000] {dag.py:3239} INFO - Sync 1 DAGs
[2024-10-12T07:34:52.402+0000] {logging_mixin.py:190} INFO - [2024-10-12T07:34:52.402+0000] {dag.py:4180} INFO - Setting next_dagrun for example_task_group to None, run_after=None
[2024-10-12T07:34:52.445+0000] {processor.py:208} INFO - Processing /home/vboxuser/airflow_venv/lib/python3.12/site-packages/airflow/example_dags/example_task_group.py took 0.104 seconds
[2024-10-12T07:47:35.284+0000] {processor.py:186} INFO - Started process (PID=12934) to work on /home/vboxuser/airflow_venv/lib/python3.12/site-packages/airflow/example_dags/example_task_group.py
[2024-10-12T07:47:35.287+0000] {processor.py:914} INFO - Processing file /home/vboxuser/airflow_venv/lib/python3.12/site-packages/airflow/example_dags/example_task_group.py for tasks to queue
[2024-10-12T07:47:35.292+0000] {logging_mixin.py:190} INFO - [2024-10-12T07:47:35.291+0000] {dagbag.py:588} INFO - Filling up the DagBag from /home/vboxuser/airflow_venv/lib/python3.12/site-packages/airflow/example_dags/example_task_group.py
[2024-10-12T07:47:35.307+0000] {processor.py:925} INFO - DAG(s) 'example_task_group' retrieved from /home/vboxuser/airflow_venv/lib/python3.12/site-packages/airflow/example_dags/example_task_group.py
[2024-10-12T07:47:35.332+0000] {logging_mixin.py:190} INFO - [2024-10-12T07:47:35.331+0000] {dag.py:3239} INFO - Sync 1 DAGs
[2024-10-12T07:47:35.347+0000] {logging_mixin.py:190} INFO - [2024-10-12T07:47:35.347+0000] {dag.py:4180} INFO - Setting next_dagrun for example_task_group to None, run_after=None
[2024-10-12T07:47:35.387+0000] {processor.py:208} INFO - Processing /home/vboxuser/airflow_venv/lib/python3.12/site-packages/airflow/example_dags/example_task_group.py took 0.111 seconds
[2024-10-12T07:48:45.408+0000] {processor.py:186} INFO - Started process (PID=12995) to work on /home/vboxuser/airflow_venv/lib/python3.12/site-packages/airflow/example_dags/example_task_group.py
[2024-10-12T07:48:45.410+0000] {processor.py:914} INFO - Processing file /home/vboxuser/airflow_venv/lib/python3.12/site-packages/airflow/example_dags/example_task_group.py for tasks to queue
[2024-10-12T07:48:45.414+0000] {logging_mixin.py:190} INFO - [2024-10-12T07:48:45.414+0000] {dagbag.py:588} INFO - Filling up the DagBag from /home/vboxuser/airflow_venv/lib/python3.12/site-packages/airflow/example_dags/example_task_group.py
[2024-10-12T07:48:45.430+0000] {processor.py:925} INFO - DAG(s) 'example_task_group' retrieved from /home/vboxuser/airflow_venv/lib/python3.12/site-packages/airflow/example_dags/example_task_group.py
[2024-10-12T07:48:45.456+0000] {logging_mixin.py:190} INFO - [2024-10-12T07:48:45.456+0000] {dag.py:3239} INFO - Sync 1 DAGs
[2024-10-12T07:48:45.476+0000] {logging_mixin.py:190} INFO - [2024-10-12T07:48:45.476+0000] {dag.py:4180} INFO - Setting next_dagrun for example_task_group to None, run_after=None
[2024-10-12T07:48:45.522+0000] {processor.py:208} INFO - Processing /home/vboxuser/airflow_venv/lib/python3.12/site-packages/airflow/example_dags/example_task_group.py took 0.130 seconds
[2024-10-12T07:49:52.849+0000] {processor.py:186} INFO - Started process (PID=13054) to work on /home/vboxuser/airflow_venv/lib/python3.12/site-packages/airflow/example_dags/example_task_group.py
[2024-10-12T07:49:52.854+0000] {processor.py:914} INFO - Processing file /home/vboxuser/airflow_venv/lib/python3.12/site-packages/airflow/example_dags/example_task_group.py for tasks to queue
[2024-10-12T07:49:52.859+0000] {logging_mixin.py:190} INFO - [2024-10-12T07:49:52.858+0000] {dagbag.py:588} INFO - Filling up the DagBag from /home/vboxuser/airflow_venv/lib/python3.12/site-packages/airflow/example_dags/example_task_group.py
[2024-10-12T07:49:52.877+0000] {processor.py:925} INFO - DAG(s) 'example_task_group' retrieved from /home/vboxuser/airflow_venv/lib/python3.12/site-packages/airflow/example_dags/example_task_group.py
[2024-10-12T07:49:52.901+0000] {logging_mixin.py:190} INFO - [2024-10-12T07:49:52.901+0000] {dag.py:3239} INFO - Sync 1 DAGs
[2024-10-12T07:49:52.919+0000] {logging_mixin.py:190} INFO - [2024-10-12T07:49:52.919+0000] {dag.py:4180} INFO - Setting next_dagrun for example_task_group to None, run_after=None
[2024-10-12T07:49:52.963+0000] {processor.py:208} INFO - Processing /home/vboxuser/airflow_venv/lib/python3.12/site-packages/airflow/example_dags/example_task_group.py took 0.132 seconds
[2024-10-12T07:51:01.498+0000] {processor.py:186} INFO - Started process (PID=13187) to work on /home/vboxuser/airflow_venv/lib/python3.12/site-packages/airflow/example_dags/example_task_group.py
[2024-10-12T07:51:01.504+0000] {processor.py:914} INFO - Processing file /home/vboxuser/airflow_venv/lib/python3.12/site-packages/airflow/example_dags/example_task_group.py for tasks to queue
[2024-10-12T07:51:01.508+0000] {logging_mixin.py:190} INFO - [2024-10-12T07:51:01.508+0000] {dagbag.py:588} INFO - Filling up the DagBag from /home/vboxuser/airflow_venv/lib/python3.12/site-packages/airflow/example_dags/example_task_group.py
[2024-10-12T07:51:01.530+0000] {processor.py:925} INFO - DAG(s) 'example_task_group' retrieved from /home/vboxuser/airflow_venv/lib/python3.12/site-packages/airflow/example_dags/example_task_group.py
[2024-10-12T07:51:01.560+0000] {logging_mixin.py:190} INFO - [2024-10-12T07:51:01.560+0000] {dag.py:3239} INFO - Sync 1 DAGs
[2024-10-12T07:51:01.579+0000] {logging_mixin.py:190} INFO - [2024-10-12T07:51:01.579+0000] {dag.py:4180} INFO - Setting next_dagrun for example_task_group to None, run_after=None
[2024-10-12T07:51:01.625+0000] {processor.py:208} INFO - Processing /home/vboxuser/airflow_venv/lib/python3.12/site-packages/airflow/example_dags/example_task_group.py took 0.141 seconds
[2024-10-12T07:52:13.830+0000] {processor.py:186} INFO - Started process (PID=13259) to work on /home/vboxuser/airflow_venv/lib/python3.12/site-packages/airflow/example_dags/example_task_group.py
[2024-10-12T07:52:13.835+0000] {processor.py:914} INFO - Processing file /home/vboxuser/airflow_venv/lib/python3.12/site-packages/airflow/example_dags/example_task_group.py for tasks to queue
[2024-10-12T07:52:13.839+0000] {logging_mixin.py:190} INFO - [2024-10-12T07:52:13.838+0000] {dagbag.py:588} INFO - Filling up the DagBag from /home/vboxuser/airflow_venv/lib/python3.12/site-packages/airflow/example_dags/example_task_group.py
[2024-10-12T07:52:13.854+0000] {processor.py:925} INFO - DAG(s) 'example_task_group' retrieved from /home/vboxuser/airflow_venv/lib/python3.12/site-packages/airflow/example_dags/example_task_group.py
[2024-10-12T07:52:13.875+0000] {logging_mixin.py:190} INFO - [2024-10-12T07:52:13.874+0000] {dag.py:3239} INFO - Sync 1 DAGs
[2024-10-12T07:52:13.891+0000] {logging_mixin.py:190} INFO - [2024-10-12T07:52:13.891+0000] {dag.py:4180} INFO - Setting next_dagrun for example_task_group to None, run_after=None
[2024-10-12T07:52:13.923+0000] {processor.py:208} INFO - Processing /home/vboxuser/airflow_venv/lib/python3.12/site-packages/airflow/example_dags/example_task_group.py took 0.101 seconds
[2024-10-12T07:53:20.541+0000] {processor.py:186} INFO - Started process (PID=13339) to work on /home/vboxuser/airflow_venv/lib/python3.12/site-packages/airflow/example_dags/example_task_group.py
[2024-10-12T07:53:20.547+0000] {processor.py:914} INFO - Processing file /home/vboxuser/airflow_venv/lib/python3.12/site-packages/airflow/example_dags/example_task_group.py for tasks to queue
[2024-10-12T07:53:20.551+0000] {logging_mixin.py:190} INFO - [2024-10-12T07:53:20.550+0000] {dagbag.py:588} INFO - Filling up the DagBag from /home/vboxuser/airflow_venv/lib/python3.12/site-packages/airflow/example_dags/example_task_group.py
[2024-10-12T07:53:20.567+0000] {processor.py:925} INFO - DAG(s) 'example_task_group' retrieved from /home/vboxuser/airflow_venv/lib/python3.12/site-packages/airflow/example_dags/example_task_group.py
[2024-10-12T07:53:20.594+0000] {logging_mixin.py:190} INFO - [2024-10-12T07:53:20.593+0000] {dag.py:3239} INFO - Sync 1 DAGs
[2024-10-12T07:53:20.614+0000] {logging_mixin.py:190} INFO - [2024-10-12T07:53:20.614+0000] {dag.py:4180} INFO - Setting next_dagrun for example_task_group to None, run_after=None
[2024-10-12T07:53:20.650+0000] {processor.py:208} INFO - Processing /home/vboxuser/airflow_venv/lib/python3.12/site-packages/airflow/example_dags/example_task_group.py took 0.121 seconds
[2024-10-12T07:54:20.403+0000] {processor.py:186} INFO - Started process (PID=13395) to work on /home/vboxuser/airflow_venv/lib/python3.12/site-packages/airflow/example_dags/example_task_group.py
[2024-10-12T07:54:20.408+0000] {processor.py:914} INFO - Processing file /home/vboxuser/airflow_venv/lib/python3.12/site-packages/airflow/example_dags/example_task_group.py for tasks to queue
[2024-10-12T07:54:20.411+0000] {logging_mixin.py:190} INFO - [2024-10-12T07:54:20.411+0000] {dagbag.py:588} INFO - Filling up the DagBag from /home/vboxuser/airflow_venv/lib/python3.12/site-packages/airflow/example_dags/example_task_group.py
[2024-10-12T07:54:20.425+0000] {processor.py:925} INFO - DAG(s) 'example_task_group' retrieved from /home/vboxuser/airflow_venv/lib/python3.12/site-packages/airflow/example_dags/example_task_group.py
[2024-10-12T07:54:20.452+0000] {logging_mixin.py:190} INFO - [2024-10-12T07:54:20.452+0000] {dag.py:3239} INFO - Sync 1 DAGs
[2024-10-12T07:54:20.471+0000] {logging_mixin.py:190} INFO - [2024-10-12T07:54:20.471+0000] {dag.py:4180} INFO - Setting next_dagrun for example_task_group to None, run_after=None
[2024-10-12T07:54:20.507+0000] {processor.py:208} INFO - Processing /home/vboxuser/airflow_venv/lib/python3.12/site-packages/airflow/example_dags/example_task_group.py took 0.114 seconds
[2024-10-12T07:55:23.008+0000] {processor.py:186} INFO - Started process (PID=13457) to work on /home/vboxuser/airflow_venv/lib/python3.12/site-packages/airflow/example_dags/example_task_group.py
[2024-10-12T07:55:23.011+0000] {processor.py:914} INFO - Processing file /home/vboxuser/airflow_venv/lib/python3.12/site-packages/airflow/example_dags/example_task_group.py for tasks to queue
[2024-10-12T07:55:23.015+0000] {logging_mixin.py:190} INFO - [2024-10-12T07:55:23.015+0000] {dagbag.py:588} INFO - Filling up the DagBag from /home/vboxuser/airflow_venv/lib/python3.12/site-packages/airflow/example_dags/example_task_group.py
[2024-10-12T07:55:23.032+0000] {processor.py:925} INFO - DAG(s) 'example_task_group' retrieved from /home/vboxuser/airflow_venv/lib/python3.12/site-packages/airflow/example_dags/example_task_group.py
[2024-10-12T07:55:23.058+0000] {logging_mixin.py:190} INFO - [2024-10-12T07:55:23.058+0000] {dag.py:3239} INFO - Sync 1 DAGs
[2024-10-12T07:55:23.077+0000] {logging_mixin.py:190} INFO - [2024-10-12T07:55:23.077+0000] {dag.py:4180} INFO - Setting next_dagrun for example_task_group to None, run_after=None
[2024-10-12T07:55:23.115+0000] {processor.py:208} INFO - Processing /home/vboxuser/airflow_venv/lib/python3.12/site-packages/airflow/example_dags/example_task_group.py took 0.119 seconds
[2024-10-12T07:56:30.572+0000] {processor.py:186} INFO - Started process (PID=13520) to work on /home/vboxuser/airflow_venv/lib/python3.12/site-packages/airflow/example_dags/example_task_group.py
[2024-10-12T07:56:30.575+0000] {processor.py:914} INFO - Processing file /home/vboxuser/airflow_venv/lib/python3.12/site-packages/airflow/example_dags/example_task_group.py for tasks to queue
[2024-10-12T07:56:30.580+0000] {logging_mixin.py:190} INFO - [2024-10-12T07:56:30.579+0000] {dagbag.py:588} INFO - Filling up the DagBag from /home/vboxuser/airflow_venv/lib/python3.12/site-packages/airflow/example_dags/example_task_group.py
[2024-10-12T07:56:30.609+0000] {processor.py:925} INFO - DAG(s) 'example_task_group' retrieved from /home/vboxuser/airflow_venv/lib/python3.12/site-packages/airflow/example_dags/example_task_group.py
[2024-10-12T07:56:30.765+0000] {logging_mixin.py:190} INFO - [2024-10-12T07:56:30.764+0000] {dag.py:3239} INFO - Sync 1 DAGs
[2024-10-12T07:56:30.841+0000] {logging_mixin.py:190} INFO - [2024-10-12T07:56:30.840+0000] {dag.py:4180} INFO - Setting next_dagrun for example_task_group to None, run_after=None
[2024-10-12T07:56:31.102+0000] {processor.py:208} INFO - Processing /home/vboxuser/airflow_venv/lib/python3.12/site-packages/airflow/example_dags/example_task_group.py took 0.542 seconds
[2024-10-12T07:57:39.755+0000] {processor.py:186} INFO - Started process (PID=13595) to work on /home/vboxuser/airflow_venv/lib/python3.12/site-packages/airflow/example_dags/example_task_group.py
[2024-10-12T07:57:39.757+0000] {processor.py:914} INFO - Processing file /home/vboxuser/airflow_venv/lib/python3.12/site-packages/airflow/example_dags/example_task_group.py for tasks to queue
[2024-10-12T07:57:39.761+0000] {logging_mixin.py:190} INFO - [2024-10-12T07:57:39.760+0000] {dagbag.py:588} INFO - Filling up the DagBag from /home/vboxuser/airflow_venv/lib/python3.12/site-packages/airflow/example_dags/example_task_group.py
[2024-10-12T07:57:39.776+0000] {processor.py:925} INFO - DAG(s) 'example_task_group' retrieved from /home/vboxuser/airflow_venv/lib/python3.12/site-packages/airflow/example_dags/example_task_group.py
[2024-10-12T07:57:39.821+0000] {logging_mixin.py:190} INFO - [2024-10-12T07:57:39.821+0000] {dag.py:3239} INFO - Sync 1 DAGs
[2024-10-12T07:57:39.840+0000] {logging_mixin.py:190} INFO - [2024-10-12T07:57:39.840+0000] {dag.py:4180} INFO - Setting next_dagrun for example_task_group to None, run_after=None
[2024-10-12T07:57:39.881+0000] {processor.py:208} INFO - Processing /home/vboxuser/airflow_venv/lib/python3.12/site-packages/airflow/example_dags/example_task_group.py took 0.137 seconds
[2024-10-12T07:58:41.052+0000] {processor.py:186} INFO - Started process (PID=13654) to work on /home/vboxuser/airflow_venv/lib/python3.12/site-packages/airflow/example_dags/example_task_group.py
[2024-10-12T07:58:41.056+0000] {processor.py:914} INFO - Processing file /home/vboxuser/airflow_venv/lib/python3.12/site-packages/airflow/example_dags/example_task_group.py for tasks to queue
[2024-10-12T07:58:41.059+0000] {logging_mixin.py:190} INFO - [2024-10-12T07:58:41.058+0000] {dagbag.py:588} INFO - Filling up the DagBag from /home/vboxuser/airflow_venv/lib/python3.12/site-packages/airflow/example_dags/example_task_group.py
[2024-10-12T07:58:41.069+0000] {processor.py:925} INFO - DAG(s) 'example_task_group' retrieved from /home/vboxuser/airflow_venv/lib/python3.12/site-packages/airflow/example_dags/example_task_group.py
[2024-10-12T07:58:41.089+0000] {logging_mixin.py:190} INFO - [2024-10-12T07:58:41.088+0000] {dag.py:3239} INFO - Sync 1 DAGs
[2024-10-12T07:58:41.104+0000] {logging_mixin.py:190} INFO - [2024-10-12T07:58:41.103+0000] {dag.py:4180} INFO - Setting next_dagrun for example_task_group to None, run_after=None
[2024-10-12T07:58:41.132+0000] {processor.py:208} INFO - Processing /home/vboxuser/airflow_venv/lib/python3.12/site-packages/airflow/example_dags/example_task_group.py took 0.093 seconds
[2024-10-12T07:59:41.364+0000] {processor.py:186} INFO - Started process (PID=13711) to work on /home/vboxuser/airflow_venv/lib/python3.12/site-packages/airflow/example_dags/example_task_group.py
[2024-10-12T07:59:41.369+0000] {processor.py:914} INFO - Processing file /home/vboxuser/airflow_venv/lib/python3.12/site-packages/airflow/example_dags/example_task_group.py for tasks to queue
[2024-10-12T07:59:41.374+0000] {logging_mixin.py:190} INFO - [2024-10-12T07:59:41.373+0000] {dagbag.py:588} INFO - Filling up the DagBag from /home/vboxuser/airflow_venv/lib/python3.12/site-packages/airflow/example_dags/example_task_group.py
[2024-10-12T07:59:41.394+0000] {processor.py:925} INFO - DAG(s) 'example_task_group' retrieved from /home/vboxuser/airflow_venv/lib/python3.12/site-packages/airflow/example_dags/example_task_group.py
[2024-10-12T07:59:41.420+0000] {logging_mixin.py:190} INFO - [2024-10-12T07:59:41.420+0000] {dag.py:3239} INFO - Sync 1 DAGs
[2024-10-12T07:59:41.437+0000] {logging_mixin.py:190} INFO - [2024-10-12T07:59:41.437+0000] {dag.py:4180} INFO - Setting next_dagrun for example_task_group to None, run_after=None
[2024-10-12T07:59:41.478+0000] {processor.py:208} INFO - Processing /home/vboxuser/airflow_venv/lib/python3.12/site-packages/airflow/example_dags/example_task_group.py took 0.127 seconds
[2024-10-12T08:00:45.801+0000] {processor.py:186} INFO - Started process (PID=13773) to work on /home/vboxuser/airflow_venv/lib/python3.12/site-packages/airflow/example_dags/example_task_group.py
[2024-10-12T08:00:45.805+0000] {processor.py:914} INFO - Processing file /home/vboxuser/airflow_venv/lib/python3.12/site-packages/airflow/example_dags/example_task_group.py for tasks to queue
[2024-10-12T08:00:45.810+0000] {logging_mixin.py:190} INFO - [2024-10-12T08:00:45.809+0000] {dagbag.py:588} INFO - Filling up the DagBag from /home/vboxuser/airflow_venv/lib/python3.12/site-packages/airflow/example_dags/example_task_group.py
[2024-10-12T08:00:45.829+0000] {processor.py:925} INFO - DAG(s) 'example_task_group' retrieved from /home/vboxuser/airflow_venv/lib/python3.12/site-packages/airflow/example_dags/example_task_group.py
[2024-10-12T08:00:45.861+0000] {logging_mixin.py:190} INFO - [2024-10-12T08:00:45.860+0000] {dag.py:3239} INFO - Sync 1 DAGs
[2024-10-12T08:00:45.879+0000] {logging_mixin.py:190} INFO - [2024-10-12T08:00:45.878+0000] {dag.py:4180} INFO - Setting next_dagrun for example_task_group to None, run_after=None
[2024-10-12T08:00:45.918+0000] {processor.py:208} INFO - Processing /home/vboxuser/airflow_venv/lib/python3.12/site-packages/airflow/example_dags/example_task_group.py took 0.128 seconds
[2024-10-12T08:01:55.579+0000] {processor.py:186} INFO - Started process (PID=13834) to work on /home/vboxuser/airflow_venv/lib/python3.12/site-packages/airflow/example_dags/example_task_group.py
[2024-10-12T08:01:55.585+0000] {processor.py:914} INFO - Processing file /home/vboxuser/airflow_venv/lib/python3.12/site-packages/airflow/example_dags/example_task_group.py for tasks to queue
[2024-10-12T08:01:55.593+0000] {logging_mixin.py:190} INFO - [2024-10-12T08:01:55.591+0000] {dagbag.py:588} INFO - Filling up the DagBag from /home/vboxuser/airflow_venv/lib/python3.12/site-packages/airflow/example_dags/example_task_group.py
[2024-10-12T08:01:55.610+0000] {processor.py:925} INFO - DAG(s) 'example_task_group' retrieved from /home/vboxuser/airflow_venv/lib/python3.12/site-packages/airflow/example_dags/example_task_group.py
[2024-10-12T08:01:55.636+0000] {logging_mixin.py:190} INFO - [2024-10-12T08:01:55.636+0000] {dag.py:3239} INFO - Sync 1 DAGs
[2024-10-12T08:01:55.652+0000] {logging_mixin.py:190} INFO - [2024-10-12T08:01:55.652+0000] {dag.py:4180} INFO - Setting next_dagrun for example_task_group to None, run_after=None
[2024-10-12T08:01:55.692+0000] {processor.py:208} INFO - Processing /home/vboxuser/airflow_venv/lib/python3.12/site-packages/airflow/example_dags/example_task_group.py took 0.135 seconds
[2024-10-12T08:02:58.682+0000] {processor.py:186} INFO - Started process (PID=13893) to work on /home/vboxuser/airflow_venv/lib/python3.12/site-packages/airflow/example_dags/example_task_group.py
[2024-10-12T08:02:58.689+0000] {processor.py:914} INFO - Processing file /home/vboxuser/airflow_venv/lib/python3.12/site-packages/airflow/example_dags/example_task_group.py for tasks to queue
[2024-10-12T08:02:58.697+0000] {logging_mixin.py:190} INFO - [2024-10-12T08:02:58.695+0000] {dagbag.py:588} INFO - Filling up the DagBag from /home/vboxuser/airflow_venv/lib/python3.12/site-packages/airflow/example_dags/example_task_group.py
[2024-10-12T08:02:58.716+0000] {processor.py:925} INFO - DAG(s) 'example_task_group' retrieved from /home/vboxuser/airflow_venv/lib/python3.12/site-packages/airflow/example_dags/example_task_group.py
[2024-10-12T08:02:58.741+0000] {logging_mixin.py:190} INFO - [2024-10-12T08:02:58.741+0000] {dag.py:3239} INFO - Sync 1 DAGs
[2024-10-12T08:02:58.760+0000] {logging_mixin.py:190} INFO - [2024-10-12T08:02:58.760+0000] {dag.py:4180} INFO - Setting next_dagrun for example_task_group to None, run_after=None
[2024-10-12T08:02:58.800+0000] {processor.py:208} INFO - Processing /home/vboxuser/airflow_venv/lib/python3.12/site-packages/airflow/example_dags/example_task_group.py took 0.133 seconds
[2024-10-12T08:04:05.878+0000] {processor.py:186} INFO - Started process (PID=13962) to work on /home/vboxuser/airflow_venv/lib/python3.12/site-packages/airflow/example_dags/example_task_group.py
[2024-10-12T08:04:05.881+0000] {processor.py:914} INFO - Processing file /home/vboxuser/airflow_venv/lib/python3.12/site-packages/airflow/example_dags/example_task_group.py for tasks to queue
[2024-10-12T08:04:05.885+0000] {logging_mixin.py:190} INFO - [2024-10-12T08:04:05.884+0000] {dagbag.py:588} INFO - Filling up the DagBag from /home/vboxuser/airflow_venv/lib/python3.12/site-packages/airflow/example_dags/example_task_group.py
[2024-10-12T08:04:05.900+0000] {processor.py:925} INFO - DAG(s) 'example_task_group' retrieved from /home/vboxuser/airflow_venv/lib/python3.12/site-packages/airflow/example_dags/example_task_group.py
[2024-10-12T08:04:05.930+0000] {logging_mixin.py:190} INFO - [2024-10-12T08:04:05.929+0000] {dag.py:3239} INFO - Sync 1 DAGs
[2024-10-12T08:04:05.948+0000] {logging_mixin.py:190} INFO - [2024-10-12T08:04:05.947+0000] {dag.py:4180} INFO - Setting next_dagrun for example_task_group to None, run_after=None
[2024-10-12T08:04:05.988+0000] {processor.py:208} INFO - Processing /home/vboxuser/airflow_venv/lib/python3.12/site-packages/airflow/example_dags/example_task_group.py took 0.120 seconds
[2024-10-12T08:05:15.222+0000] {processor.py:186} INFO - Started process (PID=14027) to work on /home/vboxuser/airflow_venv/lib/python3.12/site-packages/airflow/example_dags/example_task_group.py
[2024-10-12T08:05:15.227+0000] {processor.py:914} INFO - Processing file /home/vboxuser/airflow_venv/lib/python3.12/site-packages/airflow/example_dags/example_task_group.py for tasks to queue
[2024-10-12T08:05:15.232+0000] {logging_mixin.py:190} INFO - [2024-10-12T08:05:15.231+0000] {dagbag.py:588} INFO - Filling up the DagBag from /home/vboxuser/airflow_venv/lib/python3.12/site-packages/airflow/example_dags/example_task_group.py
[2024-10-12T08:05:15.253+0000] {processor.py:925} INFO - DAG(s) 'example_task_group' retrieved from /home/vboxuser/airflow_venv/lib/python3.12/site-packages/airflow/example_dags/example_task_group.py
[2024-10-12T08:05:15.284+0000] {logging_mixin.py:190} INFO - [2024-10-12T08:05:15.284+0000] {dag.py:3239} INFO - Sync 1 DAGs
[2024-10-12T08:05:15.302+0000] {logging_mixin.py:190} INFO - [2024-10-12T08:05:15.301+0000] {dag.py:4180} INFO - Setting next_dagrun for example_task_group to None, run_after=None
[2024-10-12T08:05:15.339+0000] {processor.py:208} INFO - Processing /home/vboxuser/airflow_venv/lib/python3.12/site-packages/airflow/example_dags/example_task_group.py took 0.137 seconds
[2024-10-12T08:06:27.310+0000] {processor.py:186} INFO - Started process (PID=14098) to work on /home/vboxuser/airflow_venv/lib/python3.12/site-packages/airflow/example_dags/example_task_group.py
[2024-10-12T08:06:27.318+0000] {processor.py:914} INFO - Processing file /home/vboxuser/airflow_venv/lib/python3.12/site-packages/airflow/example_dags/example_task_group.py for tasks to queue
[2024-10-12T08:06:27.326+0000] {logging_mixin.py:190} INFO - [2024-10-12T08:06:27.325+0000] {dagbag.py:588} INFO - Filling up the DagBag from /home/vboxuser/airflow_venv/lib/python3.12/site-packages/airflow/example_dags/example_task_group.py
[2024-10-12T08:06:27.358+0000] {processor.py:925} INFO - DAG(s) 'example_task_group' retrieved from /home/vboxuser/airflow_venv/lib/python3.12/site-packages/airflow/example_dags/example_task_group.py
[2024-10-12T08:06:27.431+0000] {logging_mixin.py:190} INFO - [2024-10-12T08:06:27.429+0000] {dag.py:3239} INFO - Sync 1 DAGs
[2024-10-12T08:06:27.477+0000] {logging_mixin.py:190} INFO - [2024-10-12T08:06:27.476+0000] {dag.py:4180} INFO - Setting next_dagrun for example_task_group to None, run_after=None
[2024-10-12T08:06:27.570+0000] {processor.py:208} INFO - Processing /home/vboxuser/airflow_venv/lib/python3.12/site-packages/airflow/example_dags/example_task_group.py took 0.275 seconds
[2024-10-12T08:07:44.791+0000] {processor.py:186} INFO - Started process (PID=14167) to work on /home/vboxuser/airflow_venv/lib/python3.12/site-packages/airflow/example_dags/example_task_group.py
[2024-10-12T08:07:44.799+0000] {processor.py:914} INFO - Processing file /home/vboxuser/airflow_venv/lib/python3.12/site-packages/airflow/example_dags/example_task_group.py for tasks to queue
[2024-10-12T08:07:44.808+0000] {logging_mixin.py:190} INFO - [2024-10-12T08:07:44.806+0000] {dagbag.py:588} INFO - Filling up the DagBag from /home/vboxuser/airflow_venv/lib/python3.12/site-packages/airflow/example_dags/example_task_group.py
[2024-10-12T08:07:44.837+0000] {processor.py:925} INFO - DAG(s) 'example_task_group' retrieved from /home/vboxuser/airflow_venv/lib/python3.12/site-packages/airflow/example_dags/example_task_group.py
[2024-10-12T08:07:44.893+0000] {logging_mixin.py:190} INFO - [2024-10-12T08:07:44.893+0000] {dag.py:3239} INFO - Sync 1 DAGs
[2024-10-12T08:07:44.919+0000] {logging_mixin.py:190} INFO - [2024-10-12T08:07:44.919+0000] {dag.py:4180} INFO - Setting next_dagrun for example_task_group to None, run_after=None
[2024-10-12T08:07:45.030+0000] {processor.py:208} INFO - Processing /home/vboxuser/airflow_venv/lib/python3.12/site-packages/airflow/example_dags/example_task_group.py took 0.260 seconds
[2024-10-12T08:08:58.342+0000] {processor.py:186} INFO - Started process (PID=14232) to work on /home/vboxuser/airflow_venv/lib/python3.12/site-packages/airflow/example_dags/example_task_group.py
[2024-10-12T08:08:58.346+0000] {processor.py:914} INFO - Processing file /home/vboxuser/airflow_venv/lib/python3.12/site-packages/airflow/example_dags/example_task_group.py for tasks to queue
[2024-10-12T08:08:58.351+0000] {logging_mixin.py:190} INFO - [2024-10-12T08:08:58.350+0000] {dagbag.py:588} INFO - Filling up the DagBag from /home/vboxuser/airflow_venv/lib/python3.12/site-packages/airflow/example_dags/example_task_group.py
[2024-10-12T08:08:58.367+0000] {processor.py:925} INFO - DAG(s) 'example_task_group' retrieved from /home/vboxuser/airflow_venv/lib/python3.12/site-packages/airflow/example_dags/example_task_group.py
[2024-10-12T08:08:58.389+0000] {logging_mixin.py:190} INFO - [2024-10-12T08:08:58.389+0000] {dag.py:3239} INFO - Sync 1 DAGs
[2024-10-12T08:08:58.407+0000] {logging_mixin.py:190} INFO - [2024-10-12T08:08:58.407+0000] {dag.py:4180} INFO - Setting next_dagrun for example_task_group to None, run_after=None
[2024-10-12T08:08:58.479+0000] {processor.py:208} INFO - Processing /home/vboxuser/airflow_venv/lib/python3.12/site-packages/airflow/example_dags/example_task_group.py took 0.154 seconds
[2024-10-12T08:10:16.028+0000] {processor.py:186} INFO - Started process (PID=14298) to work on /home/vboxuser/airflow_venv/lib/python3.12/site-packages/airflow/example_dags/example_task_group.py
[2024-10-12T08:10:16.033+0000] {processor.py:914} INFO - Processing file /home/vboxuser/airflow_venv/lib/python3.12/site-packages/airflow/example_dags/example_task_group.py for tasks to queue
[2024-10-12T08:10:16.038+0000] {logging_mixin.py:190} INFO - [2024-10-12T08:10:16.037+0000] {dagbag.py:588} INFO - Filling up the DagBag from /home/vboxuser/airflow_venv/lib/python3.12/site-packages/airflow/example_dags/example_task_group.py
[2024-10-12T08:10:16.057+0000] {processor.py:925} INFO - DAG(s) 'example_task_group' retrieved from /home/vboxuser/airflow_venv/lib/python3.12/site-packages/airflow/example_dags/example_task_group.py
[2024-10-12T08:10:16.094+0000] {logging_mixin.py:190} INFO - [2024-10-12T08:10:16.094+0000] {dag.py:3239} INFO - Sync 1 DAGs
[2024-10-12T08:10:16.116+0000] {logging_mixin.py:190} INFO - [2024-10-12T08:10:16.116+0000] {dag.py:4180} INFO - Setting next_dagrun for example_task_group to None, run_after=None
[2024-10-12T08:10:16.181+0000] {processor.py:208} INFO - Processing /home/vboxuser/airflow_venv/lib/python3.12/site-packages/airflow/example_dags/example_task_group.py took 0.165 seconds
[2024-10-12T08:11:27.613+0000] {processor.py:186} INFO - Started process (PID=14361) to work on /home/vboxuser/airflow_venv/lib/python3.12/site-packages/airflow/example_dags/example_task_group.py
[2024-10-12T08:11:27.618+0000] {processor.py:914} INFO - Processing file /home/vboxuser/airflow_venv/lib/python3.12/site-packages/airflow/example_dags/example_task_group.py for tasks to queue
[2024-10-12T08:11:27.623+0000] {logging_mixin.py:190} INFO - [2024-10-12T08:11:27.622+0000] {dagbag.py:588} INFO - Filling up the DagBag from /home/vboxuser/airflow_venv/lib/python3.12/site-packages/airflow/example_dags/example_task_group.py
[2024-10-12T08:11:27.638+0000] {processor.py:925} INFO - DAG(s) 'example_task_group' retrieved from /home/vboxuser/airflow_venv/lib/python3.12/site-packages/airflow/example_dags/example_task_group.py
[2024-10-12T08:11:27.673+0000] {logging_mixin.py:190} INFO - [2024-10-12T08:11:27.673+0000] {dag.py:3239} INFO - Sync 1 DAGs
[2024-10-12T08:11:27.701+0000] {logging_mixin.py:190} INFO - [2024-10-12T08:11:27.700+0000] {dag.py:4180} INFO - Setting next_dagrun for example_task_group to None, run_after=None
[2024-10-12T08:11:27.763+0000] {processor.py:208} INFO - Processing /home/vboxuser/airflow_venv/lib/python3.12/site-packages/airflow/example_dags/example_task_group.py took 0.166 seconds
[2024-10-12T08:12:31.342+0000] {processor.py:186} INFO - Started process (PID=14420) to work on /home/vboxuser/airflow_venv/lib/python3.12/site-packages/airflow/example_dags/example_task_group.py
[2024-10-12T08:12:31.348+0000] {processor.py:914} INFO - Processing file /home/vboxuser/airflow_venv/lib/python3.12/site-packages/airflow/example_dags/example_task_group.py for tasks to queue
[2024-10-12T08:12:31.354+0000] {logging_mixin.py:190} INFO - [2024-10-12T08:12:31.353+0000] {dagbag.py:588} INFO - Filling up the DagBag from /home/vboxuser/airflow_venv/lib/python3.12/site-packages/airflow/example_dags/example_task_group.py
[2024-10-12T08:12:31.373+0000] {processor.py:925} INFO - DAG(s) 'example_task_group' retrieved from /home/vboxuser/airflow_venv/lib/python3.12/site-packages/airflow/example_dags/example_task_group.py
[2024-10-12T08:12:31.411+0000] {logging_mixin.py:190} INFO - [2024-10-12T08:12:31.410+0000] {dag.py:3239} INFO - Sync 1 DAGs
[2024-10-12T08:12:31.438+0000] {logging_mixin.py:190} INFO - [2024-10-12T08:12:31.438+0000] {dag.py:4180} INFO - Setting next_dagrun for example_task_group to None, run_after=None
[2024-10-12T08:12:31.511+0000] {processor.py:208} INFO - Processing /home/vboxuser/airflow_venv/lib/python3.12/site-packages/airflow/example_dags/example_task_group.py took 0.193 seconds
[2024-10-12T08:13:43.207+0000] {processor.py:186} INFO - Started process (PID=14483) to work on /home/vboxuser/airflow_venv/lib/python3.12/site-packages/airflow/example_dags/example_task_group.py
[2024-10-12T08:13:43.214+0000] {processor.py:914} INFO - Processing file /home/vboxuser/airflow_venv/lib/python3.12/site-packages/airflow/example_dags/example_task_group.py for tasks to queue
[2024-10-12T08:13:43.220+0000] {logging_mixin.py:190} INFO - [2024-10-12T08:13:43.219+0000] {dagbag.py:588} INFO - Filling up the DagBag from /home/vboxuser/airflow_venv/lib/python3.12/site-packages/airflow/example_dags/example_task_group.py
[2024-10-12T08:13:43.239+0000] {processor.py:925} INFO - DAG(s) 'example_task_group' retrieved from /home/vboxuser/airflow_venv/lib/python3.12/site-packages/airflow/example_dags/example_task_group.py
[2024-10-12T08:13:43.273+0000] {logging_mixin.py:190} INFO - [2024-10-12T08:13:43.272+0000] {dag.py:3239} INFO - Sync 1 DAGs
[2024-10-12T08:13:43.289+0000] {logging_mixin.py:190} INFO - [2024-10-12T08:13:43.289+0000] {dag.py:4180} INFO - Setting next_dagrun for example_task_group to None, run_after=None
[2024-10-12T08:13:43.349+0000] {processor.py:208} INFO - Processing /home/vboxuser/airflow_venv/lib/python3.12/site-packages/airflow/example_dags/example_task_group.py took 0.156 seconds
[2024-10-12T08:14:59.177+0000] {processor.py:186} INFO - Started process (PID=14546) to work on /home/vboxuser/airflow_venv/lib/python3.12/site-packages/airflow/example_dags/example_task_group.py
[2024-10-12T08:14:59.184+0000] {processor.py:914} INFO - Processing file /home/vboxuser/airflow_venv/lib/python3.12/site-packages/airflow/example_dags/example_task_group.py for tasks to queue
[2024-10-12T08:14:59.189+0000] {logging_mixin.py:190} INFO - [2024-10-12T08:14:59.188+0000] {dagbag.py:588} INFO - Filling up the DagBag from /home/vboxuser/airflow_venv/lib/python3.12/site-packages/airflow/example_dags/example_task_group.py
[2024-10-12T08:14:59.209+0000] {processor.py:925} INFO - DAG(s) 'example_task_group' retrieved from /home/vboxuser/airflow_venv/lib/python3.12/site-packages/airflow/example_dags/example_task_group.py
[2024-10-12T08:14:59.235+0000] {logging_mixin.py:190} INFO - [2024-10-12T08:14:59.234+0000] {dag.py:3239} INFO - Sync 1 DAGs
[2024-10-12T08:14:59.253+0000] {logging_mixin.py:190} INFO - [2024-10-12T08:14:59.252+0000] {dag.py:4180} INFO - Setting next_dagrun for example_task_group to None, run_after=None
[2024-10-12T08:14:59.303+0000] {processor.py:208} INFO - Processing /home/vboxuser/airflow_venv/lib/python3.12/site-packages/airflow/example_dags/example_task_group.py took 0.138 seconds
[2024-10-12T08:16:13.304+0000] {processor.py:186} INFO - Started process (PID=14611) to work on /home/vboxuser/airflow_venv/lib/python3.12/site-packages/airflow/example_dags/example_task_group.py
[2024-10-12T08:16:13.312+0000] {processor.py:914} INFO - Processing file /home/vboxuser/airflow_venv/lib/python3.12/site-packages/airflow/example_dags/example_task_group.py for tasks to queue
[2024-10-12T08:16:13.320+0000] {logging_mixin.py:190} INFO - [2024-10-12T08:16:13.319+0000] {dagbag.py:588} INFO - Filling up the DagBag from /home/vboxuser/airflow_venv/lib/python3.12/site-packages/airflow/example_dags/example_task_group.py
[2024-10-12T08:16:13.341+0000] {processor.py:925} INFO - DAG(s) 'example_task_group' retrieved from /home/vboxuser/airflow_venv/lib/python3.12/site-packages/airflow/example_dags/example_task_group.py
[2024-10-12T08:16:13.378+0000] {logging_mixin.py:190} INFO - [2024-10-12T08:16:13.377+0000] {dag.py:3239} INFO - Sync 1 DAGs
[2024-10-12T08:16:13.405+0000] {logging_mixin.py:190} INFO - [2024-10-12T08:16:13.404+0000] {dag.py:4180} INFO - Setting next_dagrun for example_task_group to None, run_after=None
[2024-10-12T08:16:13.471+0000] {processor.py:208} INFO - Processing /home/vboxuser/airflow_venv/lib/python3.12/site-packages/airflow/example_dags/example_task_group.py took 0.182 seconds
[2024-10-12T08:23:00.840+0000] {processor.py:186} INFO - Started process (PID=14685) to work on /home/vboxuser/airflow_venv/lib/python3.12/site-packages/airflow/example_dags/example_task_group.py
[2024-10-12T08:23:00.882+0000] {processor.py:914} INFO - Processing file /home/vboxuser/airflow_venv/lib/python3.12/site-packages/airflow/example_dags/example_task_group.py for tasks to queue
[2024-10-12T08:23:00.885+0000] {logging_mixin.py:190} INFO - [2024-10-12T08:23:00.885+0000] {dagbag.py:588} INFO - Filling up the DagBag from /home/vboxuser/airflow_venv/lib/python3.12/site-packages/airflow/example_dags/example_task_group.py
[2024-10-12T08:23:00.898+0000] {processor.py:925} INFO - DAG(s) 'example_task_group' retrieved from /home/vboxuser/airflow_venv/lib/python3.12/site-packages/airflow/example_dags/example_task_group.py
[2024-10-12T08:23:00.914+0000] {logging_mixin.py:190} INFO - [2024-10-12T08:23:00.914+0000] {dag.py:3239} INFO - Sync 1 DAGs
[2024-10-12T08:23:00.929+0000] {logging_mixin.py:190} INFO - [2024-10-12T08:23:00.929+0000] {dag.py:4180} INFO - Setting next_dagrun for example_task_group to None, run_after=None
[2024-10-12T08:23:00.955+0000] {processor.py:208} INFO - Processing /home/vboxuser/airflow_venv/lib/python3.12/site-packages/airflow/example_dags/example_task_group.py took 0.119 seconds
