[2024-10-12T07:08:57.113+0000] {processor.py:186} INFO - Started process (PID=11311) to work on /home/vboxuser/airflow_venv/lib/python3.12/site-packages/airflow/example_dags/example_python_operator.py
[2024-10-12T07:08:57.113+0000] {processor.py:914} INFO - Processing file /home/vboxuser/airflow_venv/lib/python3.12/site-packages/airflow/example_dags/example_python_operator.py for tasks to queue
[2024-10-12T07:08:57.116+0000] {logging_mixin.py:190} INFO - [2024-10-12T07:08:57.115+0000] {dagbag.py:588} INFO - Filling up the DagBag from /home/vboxuser/airflow_venv/lib/python3.12/site-packages/airflow/example_dags/example_python_operator.py
[2024-10-12T07:08:57.123+0000] {logging_mixin.py:190} INFO - [2024-10-12T07:08:57.123+0000] {example_python_operator.py:93} WARNING - The virtalenv_python example task requires virtualenv, please install it.
[2024-10-12T07:08:57.126+0000] {processor.py:925} INFO - DAG(s) 'example_python_operator' retrieved from /home/vboxuser/airflow_venv/lib/python3.12/site-packages/airflow/example_dags/example_python_operator.py
[2024-10-12T07:08:57.266+0000] {logging_mixin.py:190} INFO - [2024-10-12T07:08:57.265+0000] {override.py:1901} INFO - Created Permission View: can delete on DAG:example_python_operator
[2024-10-12T07:08:57.286+0000] {logging_mixin.py:190} INFO - [2024-10-12T07:08:57.286+0000] {override.py:1901} INFO - Created Permission View: can read on DAG:example_python_operator
[2024-10-12T07:08:57.308+0000] {logging_mixin.py:190} INFO - [2024-10-12T07:08:57.307+0000] {override.py:1901} INFO - Created Permission View: can edit on DAG:example_python_operator
[2024-10-12T07:08:57.348+0000] {logging_mixin.py:190} INFO - [2024-10-12T07:08:57.347+0000] {override.py:1901} INFO - Created Permission View: can delete on DAG Run:example_python_operator
[2024-10-12T07:08:57.369+0000] {logging_mixin.py:190} INFO - [2024-10-12T07:08:57.368+0000] {override.py:1901} INFO - Created Permission View: can read on DAG Run:example_python_operator
[2024-10-12T07:08:57.390+0000] {logging_mixin.py:190} INFO - [2024-10-12T07:08:57.390+0000] {override.py:1901} INFO - Created Permission View: menu access on DAG Run:example_python_operator
[2024-10-12T07:08:57.412+0000] {logging_mixin.py:190} INFO - [2024-10-12T07:08:57.412+0000] {override.py:1901} INFO - Created Permission View: can create on DAG Run:example_python_operator
[2024-10-12T07:08:57.413+0000] {logging_mixin.py:190} INFO - [2024-10-12T07:08:57.413+0000] {dag.py:3239} INFO - Sync 1 DAGs
[2024-10-12T07:08:57.427+0000] {logging_mixin.py:190} INFO - [2024-10-12T07:08:57.427+0000] {dag.py:3262} INFO - Creating ORM DAG for example_python_operator
[2024-10-12T07:08:57.428+0000] {logging_mixin.py:190} INFO - [2024-10-12T07:08:57.428+0000] {dag.py:4180} INFO - Setting next_dagrun for example_python_operator to None, run_after=None
[2024-10-12T07:08:57.464+0000] {processor.py:208} INFO - Processing /home/vboxuser/airflow_venv/lib/python3.12/site-packages/airflow/example_dags/example_python_operator.py took 0.358 seconds
[2024-10-12T07:10:05.636+0000] {processor.py:186} INFO - Started process (PID=11374) to work on /home/vboxuser/airflow_venv/lib/python3.12/site-packages/airflow/example_dags/example_python_operator.py
[2024-10-12T07:10:05.643+0000] {processor.py:914} INFO - Processing file /home/vboxuser/airflow_venv/lib/python3.12/site-packages/airflow/example_dags/example_python_operator.py for tasks to queue
[2024-10-12T07:10:05.648+0000] {logging_mixin.py:190} INFO - [2024-10-12T07:10:05.647+0000] {dagbag.py:588} INFO - Filling up the DagBag from /home/vboxuser/airflow_venv/lib/python3.12/site-packages/airflow/example_dags/example_python_operator.py
[2024-10-12T07:10:05.660+0000] {logging_mixin.py:190} INFO - [2024-10-12T07:10:05.660+0000] {example_python_operator.py:93} WARNING - The virtalenv_python example task requires virtualenv, please install it.
[2024-10-12T07:10:05.665+0000] {processor.py:925} INFO - DAG(s) 'example_python_operator' retrieved from /home/vboxuser/airflow_venv/lib/python3.12/site-packages/airflow/example_dags/example_python_operator.py
[2024-10-12T07:10:05.695+0000] {logging_mixin.py:190} INFO - [2024-10-12T07:10:05.695+0000] {dag.py:3239} INFO - Sync 1 DAGs
[2024-10-12T07:10:05.720+0000] {logging_mixin.py:190} INFO - [2024-10-12T07:10:05.719+0000] {dag.py:4180} INFO - Setting next_dagrun for example_python_operator to None, run_after=None
[2024-10-12T07:10:05.759+0000] {processor.py:208} INFO - Processing /home/vboxuser/airflow_venv/lib/python3.12/site-packages/airflow/example_dags/example_python_operator.py took 0.135 seconds
[2024-10-12T07:11:07.067+0000] {processor.py:186} INFO - Started process (PID=11431) to work on /home/vboxuser/airflow_venv/lib/python3.12/site-packages/airflow/example_dags/example_python_operator.py
[2024-10-12T07:11:07.069+0000] {processor.py:914} INFO - Processing file /home/vboxuser/airflow_venv/lib/python3.12/site-packages/airflow/example_dags/example_python_operator.py for tasks to queue
[2024-10-12T07:11:07.071+0000] {logging_mixin.py:190} INFO - [2024-10-12T07:11:07.071+0000] {dagbag.py:588} INFO - Filling up the DagBag from /home/vboxuser/airflow_venv/lib/python3.12/site-packages/airflow/example_dags/example_python_operator.py
[2024-10-12T07:11:07.080+0000] {logging_mixin.py:190} INFO - [2024-10-12T07:11:07.079+0000] {example_python_operator.py:93} WARNING - The virtalenv_python example task requires virtualenv, please install it.
[2024-10-12T07:11:07.083+0000] {processor.py:925} INFO - DAG(s) 'example_python_operator' retrieved from /home/vboxuser/airflow_venv/lib/python3.12/site-packages/airflow/example_dags/example_python_operator.py
[2024-10-12T07:11:07.103+0000] {logging_mixin.py:190} INFO - [2024-10-12T07:11:07.103+0000] {dag.py:3239} INFO - Sync 1 DAGs
[2024-10-12T07:11:07.120+0000] {logging_mixin.py:190} INFO - [2024-10-12T07:11:07.120+0000] {dag.py:4180} INFO - Setting next_dagrun for example_python_operator to None, run_after=None
[2024-10-12T07:11:07.163+0000] {processor.py:208} INFO - Processing /home/vboxuser/airflow_venv/lib/python3.12/site-packages/airflow/example_dags/example_python_operator.py took 0.104 seconds
[2024-10-12T07:12:15.328+0000] {processor.py:186} INFO - Started process (PID=11492) to work on /home/vboxuser/airflow_venv/lib/python3.12/site-packages/airflow/example_dags/example_python_operator.py
[2024-10-12T07:12:15.330+0000] {processor.py:914} INFO - Processing file /home/vboxuser/airflow_venv/lib/python3.12/site-packages/airflow/example_dags/example_python_operator.py for tasks to queue
[2024-10-12T07:12:15.332+0000] {logging_mixin.py:190} INFO - [2024-10-12T07:12:15.332+0000] {dagbag.py:588} INFO - Filling up the DagBag from /home/vboxuser/airflow_venv/lib/python3.12/site-packages/airflow/example_dags/example_python_operator.py
[2024-10-12T07:12:15.340+0000] {logging_mixin.py:190} INFO - [2024-10-12T07:12:15.340+0000] {example_python_operator.py:93} WARNING - The virtalenv_python example task requires virtualenv, please install it.
[2024-10-12T07:12:15.343+0000] {processor.py:925} INFO - DAG(s) 'example_python_operator' retrieved from /home/vboxuser/airflow_venv/lib/python3.12/site-packages/airflow/example_dags/example_python_operator.py
[2024-10-12T07:12:15.364+0000] {logging_mixin.py:190} INFO - [2024-10-12T07:12:15.364+0000] {dag.py:3239} INFO - Sync 1 DAGs
[2024-10-12T07:12:15.377+0000] {logging_mixin.py:190} INFO - [2024-10-12T07:12:15.377+0000] {dag.py:4180} INFO - Setting next_dagrun for example_python_operator to None, run_after=None
[2024-10-12T07:12:15.410+0000] {processor.py:208} INFO - Processing /home/vboxuser/airflow_venv/lib/python3.12/site-packages/airflow/example_dags/example_python_operator.py took 0.093 seconds
[2024-10-12T07:13:16.830+0000] {processor.py:186} INFO - Started process (PID=11550) to work on /home/vboxuser/airflow_venv/lib/python3.12/site-packages/airflow/example_dags/example_python_operator.py
[2024-10-12T07:13:16.834+0000] {processor.py:914} INFO - Processing file /home/vboxuser/airflow_venv/lib/python3.12/site-packages/airflow/example_dags/example_python_operator.py for tasks to queue
[2024-10-12T07:13:16.838+0000] {logging_mixin.py:190} INFO - [2024-10-12T07:13:16.837+0000] {dagbag.py:588} INFO - Filling up the DagBag from /home/vboxuser/airflow_venv/lib/python3.12/site-packages/airflow/example_dags/example_python_operator.py
[2024-10-12T07:13:16.849+0000] {logging_mixin.py:190} INFO - [2024-10-12T07:13:16.849+0000] {example_python_operator.py:93} WARNING - The virtalenv_python example task requires virtualenv, please install it.
[2024-10-12T07:13:16.852+0000] {processor.py:925} INFO - DAG(s) 'example_python_operator' retrieved from /home/vboxuser/airflow_venv/lib/python3.12/site-packages/airflow/example_dags/example_python_operator.py
[2024-10-12T07:13:16.870+0000] {logging_mixin.py:190} INFO - [2024-10-12T07:13:16.870+0000] {dag.py:3239} INFO - Sync 1 DAGs
[2024-10-12T07:13:16.884+0000] {logging_mixin.py:190} INFO - [2024-10-12T07:13:16.884+0000] {dag.py:4180} INFO - Setting next_dagrun for example_python_operator to None, run_after=None
[2024-10-12T07:13:16.918+0000] {processor.py:208} INFO - Processing /home/vboxuser/airflow_venv/lib/python3.12/site-packages/airflow/example_dags/example_python_operator.py took 0.099 seconds
[2024-10-12T07:14:21.568+0000] {processor.py:186} INFO - Started process (PID=11691) to work on /home/vboxuser/airflow_venv/lib/python3.12/site-packages/airflow/example_dags/example_python_operator.py
[2024-10-12T07:14:21.573+0000] {processor.py:914} INFO - Processing file /home/vboxuser/airflow_venv/lib/python3.12/site-packages/airflow/example_dags/example_python_operator.py for tasks to queue
[2024-10-12T07:14:21.577+0000] {logging_mixin.py:190} INFO - [2024-10-12T07:14:21.577+0000] {dagbag.py:588} INFO - Filling up the DagBag from /home/vboxuser/airflow_venv/lib/python3.12/site-packages/airflow/example_dags/example_python_operator.py
[2024-10-12T07:14:21.588+0000] {logging_mixin.py:190} INFO - [2024-10-12T07:14:21.588+0000] {example_python_operator.py:93} WARNING - The virtalenv_python example task requires virtualenv, please install it.
[2024-10-12T07:14:21.592+0000] {processor.py:925} INFO - DAG(s) 'example_python_operator' retrieved from /home/vboxuser/airflow_venv/lib/python3.12/site-packages/airflow/example_dags/example_python_operator.py
[2024-10-12T07:14:21.615+0000] {logging_mixin.py:190} INFO - [2024-10-12T07:14:21.615+0000] {dag.py:3239} INFO - Sync 1 DAGs
[2024-10-12T07:14:21.631+0000] {logging_mixin.py:190} INFO - [2024-10-12T07:14:21.630+0000] {dag.py:4180} INFO - Setting next_dagrun for example_python_operator to None, run_after=None
[2024-10-12T07:14:21.669+0000] {processor.py:208} INFO - Processing /home/vboxuser/airflow_venv/lib/python3.12/site-packages/airflow/example_dags/example_python_operator.py took 0.110 seconds
[2024-10-12T07:15:38.076+0000] {processor.py:186} INFO - Started process (PID=11767) to work on /home/vboxuser/airflow_venv/lib/python3.12/site-packages/airflow/example_dags/example_python_operator.py
[2024-10-12T07:15:38.079+0000] {processor.py:914} INFO - Processing file /home/vboxuser/airflow_venv/lib/python3.12/site-packages/airflow/example_dags/example_python_operator.py for tasks to queue
[2024-10-12T07:15:38.082+0000] {logging_mixin.py:190} INFO - [2024-10-12T07:15:38.081+0000] {dagbag.py:588} INFO - Filling up the DagBag from /home/vboxuser/airflow_venv/lib/python3.12/site-packages/airflow/example_dags/example_python_operator.py
[2024-10-12T07:15:38.090+0000] {logging_mixin.py:190} INFO - [2024-10-12T07:15:38.090+0000] {example_python_operator.py:93} WARNING - The virtalenv_python example task requires virtualenv, please install it.
[2024-10-12T07:15:38.093+0000] {processor.py:925} INFO - DAG(s) 'example_python_operator' retrieved from /home/vboxuser/airflow_venv/lib/python3.12/site-packages/airflow/example_dags/example_python_operator.py
[2024-10-12T07:15:38.114+0000] {logging_mixin.py:190} INFO - [2024-10-12T07:15:38.113+0000] {dag.py:3239} INFO - Sync 1 DAGs
[2024-10-12T07:15:38.129+0000] {logging_mixin.py:190} INFO - [2024-10-12T07:15:38.128+0000] {dag.py:4180} INFO - Setting next_dagrun for example_python_operator to None, run_after=None
[2024-10-12T07:15:38.162+0000] {processor.py:208} INFO - Processing /home/vboxuser/airflow_venv/lib/python3.12/site-packages/airflow/example_dags/example_python_operator.py took 0.094 seconds
[2024-10-12T07:16:40.930+0000] {processor.py:186} INFO - Started process (PID=11825) to work on /home/vboxuser/airflow_venv/lib/python3.12/site-packages/airflow/example_dags/example_python_operator.py
[2024-10-12T07:16:40.932+0000] {processor.py:914} INFO - Processing file /home/vboxuser/airflow_venv/lib/python3.12/site-packages/airflow/example_dags/example_python_operator.py for tasks to queue
[2024-10-12T07:16:40.935+0000] {logging_mixin.py:190} INFO - [2024-10-12T07:16:40.934+0000] {dagbag.py:588} INFO - Filling up the DagBag from /home/vboxuser/airflow_venv/lib/python3.12/site-packages/airflow/example_dags/example_python_operator.py
[2024-10-12T07:16:40.944+0000] {logging_mixin.py:190} INFO - [2024-10-12T07:16:40.943+0000] {example_python_operator.py:93} WARNING - The virtalenv_python example task requires virtualenv, please install it.
[2024-10-12T07:16:40.947+0000] {processor.py:925} INFO - DAG(s) 'example_python_operator' retrieved from /home/vboxuser/airflow_venv/lib/python3.12/site-packages/airflow/example_dags/example_python_operator.py
[2024-10-12T07:16:40.968+0000] {logging_mixin.py:190} INFO - [2024-10-12T07:16:40.968+0000] {dag.py:3239} INFO - Sync 1 DAGs
[2024-10-12T07:16:40.983+0000] {logging_mixin.py:190} INFO - [2024-10-12T07:16:40.983+0000] {dag.py:4180} INFO - Setting next_dagrun for example_python_operator to None, run_after=None
[2024-10-12T07:16:41.022+0000] {processor.py:208} INFO - Processing /home/vboxuser/airflow_venv/lib/python3.12/site-packages/airflow/example_dags/example_python_operator.py took 0.099 seconds
[2024-10-12T07:17:46.261+0000] {processor.py:186} INFO - Started process (PID=11888) to work on /home/vboxuser/airflow_venv/lib/python3.12/site-packages/airflow/example_dags/example_python_operator.py
[2024-10-12T07:17:46.263+0000] {processor.py:914} INFO - Processing file /home/vboxuser/airflow_venv/lib/python3.12/site-packages/airflow/example_dags/example_python_operator.py for tasks to queue
[2024-10-12T07:17:46.268+0000] {logging_mixin.py:190} INFO - [2024-10-12T07:17:46.267+0000] {dagbag.py:588} INFO - Filling up the DagBag from /home/vboxuser/airflow_venv/lib/python3.12/site-packages/airflow/example_dags/example_python_operator.py
[2024-10-12T07:17:46.276+0000] {logging_mixin.py:190} INFO - [2024-10-12T07:17:46.276+0000] {example_python_operator.py:93} WARNING - The virtalenv_python example task requires virtualenv, please install it.
[2024-10-12T07:17:46.278+0000] {processor.py:925} INFO - DAG(s) 'example_python_operator' retrieved from /home/vboxuser/airflow_venv/lib/python3.12/site-packages/airflow/example_dags/example_python_operator.py
[2024-10-12T07:17:46.298+0000] {logging_mixin.py:190} INFO - [2024-10-12T07:17:46.298+0000] {dag.py:3239} INFO - Sync 1 DAGs
[2024-10-12T07:17:46.313+0000] {logging_mixin.py:190} INFO - [2024-10-12T07:17:46.313+0000] {dag.py:4180} INFO - Setting next_dagrun for example_python_operator to None, run_after=None
[2024-10-12T07:17:46.349+0000] {processor.py:208} INFO - Processing /home/vboxuser/airflow_venv/lib/python3.12/site-packages/airflow/example_dags/example_python_operator.py took 0.095 seconds
[2024-10-12T07:18:47.267+0000] {processor.py:186} INFO - Started process (PID=11945) to work on /home/vboxuser/airflow_venv/lib/python3.12/site-packages/airflow/example_dags/example_python_operator.py
[2024-10-12T07:18:47.271+0000] {processor.py:914} INFO - Processing file /home/vboxuser/airflow_venv/lib/python3.12/site-packages/airflow/example_dags/example_python_operator.py for tasks to queue
[2024-10-12T07:18:47.276+0000] {logging_mixin.py:190} INFO - [2024-10-12T07:18:47.276+0000] {dagbag.py:588} INFO - Filling up the DagBag from /home/vboxuser/airflow_venv/lib/python3.12/site-packages/airflow/example_dags/example_python_operator.py
[2024-10-12T07:18:47.288+0000] {logging_mixin.py:190} INFO - [2024-10-12T07:18:47.288+0000] {example_python_operator.py:93} WARNING - The virtalenv_python example task requires virtualenv, please install it.
[2024-10-12T07:18:47.292+0000] {processor.py:925} INFO - DAG(s) 'example_python_operator' retrieved from /home/vboxuser/airflow_venv/lib/python3.12/site-packages/airflow/example_dags/example_python_operator.py
[2024-10-12T07:18:47.311+0000] {logging_mixin.py:190} INFO - [2024-10-12T07:18:47.311+0000] {dag.py:3239} INFO - Sync 1 DAGs
[2024-10-12T07:18:47.327+0000] {logging_mixin.py:190} INFO - [2024-10-12T07:18:47.326+0000] {dag.py:4180} INFO - Setting next_dagrun for example_python_operator to None, run_after=None
[2024-10-12T07:18:47.363+0000] {processor.py:208} INFO - Processing /home/vboxuser/airflow_venv/lib/python3.12/site-packages/airflow/example_dags/example_python_operator.py took 0.107 seconds
[2024-10-12T07:19:49.597+0000] {processor.py:186} INFO - Started process (PID=12002) to work on /home/vboxuser/airflow_venv/lib/python3.12/site-packages/airflow/example_dags/example_python_operator.py
[2024-10-12T07:19:49.603+0000] {processor.py:914} INFO - Processing file /home/vboxuser/airflow_venv/lib/python3.12/site-packages/airflow/example_dags/example_python_operator.py for tasks to queue
[2024-10-12T07:19:49.609+0000] {logging_mixin.py:190} INFO - [2024-10-12T07:19:49.608+0000] {dagbag.py:588} INFO - Filling up the DagBag from /home/vboxuser/airflow_venv/lib/python3.12/site-packages/airflow/example_dags/example_python_operator.py
[2024-10-12T07:19:49.618+0000] {logging_mixin.py:190} INFO - [2024-10-12T07:19:49.617+0000] {example_python_operator.py:93} WARNING - The virtalenv_python example task requires virtualenv, please install it.
[2024-10-12T07:19:49.621+0000] {processor.py:925} INFO - DAG(s) 'example_python_operator' retrieved from /home/vboxuser/airflow_venv/lib/python3.12/site-packages/airflow/example_dags/example_python_operator.py
[2024-10-12T07:19:49.640+0000] {logging_mixin.py:190} INFO - [2024-10-12T07:19:49.640+0000] {dag.py:3239} INFO - Sync 1 DAGs
[2024-10-12T07:19:49.655+0000] {logging_mixin.py:190} INFO - [2024-10-12T07:19:49.654+0000] {dag.py:4180} INFO - Setting next_dagrun for example_python_operator to None, run_after=None
[2024-10-12T07:19:49.720+0000] {processor.py:208} INFO - Processing /home/vboxuser/airflow_venv/lib/python3.12/site-packages/airflow/example_dags/example_python_operator.py took 0.135 seconds
[2024-10-12T07:20:57.556+0000] {processor.py:186} INFO - Started process (PID=12067) to work on /home/vboxuser/airflow_venv/lib/python3.12/site-packages/airflow/example_dags/example_python_operator.py
[2024-10-12T07:20:57.560+0000] {processor.py:914} INFO - Processing file /home/vboxuser/airflow_venv/lib/python3.12/site-packages/airflow/example_dags/example_python_operator.py for tasks to queue
[2024-10-12T07:20:57.564+0000] {logging_mixin.py:190} INFO - [2024-10-12T07:20:57.564+0000] {dagbag.py:588} INFO - Filling up the DagBag from /home/vboxuser/airflow_venv/lib/python3.12/site-packages/airflow/example_dags/example_python_operator.py
[2024-10-12T07:20:57.575+0000] {logging_mixin.py:190} INFO - [2024-10-12T07:20:57.575+0000] {example_python_operator.py:93} WARNING - The virtalenv_python example task requires virtualenv, please install it.
[2024-10-12T07:20:57.578+0000] {processor.py:925} INFO - DAG(s) 'example_python_operator' retrieved from /home/vboxuser/airflow_venv/lib/python3.12/site-packages/airflow/example_dags/example_python_operator.py
[2024-10-12T07:20:57.597+0000] {logging_mixin.py:190} INFO - [2024-10-12T07:20:57.597+0000] {dag.py:3239} INFO - Sync 1 DAGs
[2024-10-12T07:20:57.611+0000] {logging_mixin.py:190} INFO - [2024-10-12T07:20:57.611+0000] {dag.py:4180} INFO - Setting next_dagrun for example_python_operator to None, run_after=None
[2024-10-12T07:20:57.648+0000] {processor.py:208} INFO - Processing /home/vboxuser/airflow_venv/lib/python3.12/site-packages/airflow/example_dags/example_python_operator.py took 0.108 seconds
[2024-10-12T07:22:03.991+0000] {processor.py:186} INFO - Started process (PID=12128) to work on /home/vboxuser/airflow_venv/lib/python3.12/site-packages/airflow/example_dags/example_python_operator.py
[2024-10-12T07:22:03.995+0000] {processor.py:914} INFO - Processing file /home/vboxuser/airflow_venv/lib/python3.12/site-packages/airflow/example_dags/example_python_operator.py for tasks to queue
[2024-10-12T07:22:03.999+0000] {logging_mixin.py:190} INFO - [2024-10-12T07:22:03.999+0000] {dagbag.py:588} INFO - Filling up the DagBag from /home/vboxuser/airflow_venv/lib/python3.12/site-packages/airflow/example_dags/example_python_operator.py
[2024-10-12T07:22:04.011+0000] {logging_mixin.py:190} INFO - [2024-10-12T07:22:04.011+0000] {example_python_operator.py:93} WARNING - The virtalenv_python example task requires virtualenv, please install it.
[2024-10-12T07:22:04.015+0000] {processor.py:925} INFO - DAG(s) 'example_python_operator' retrieved from /home/vboxuser/airflow_venv/lib/python3.12/site-packages/airflow/example_dags/example_python_operator.py
[2024-10-12T07:22:04.039+0000] {logging_mixin.py:190} INFO - [2024-10-12T07:22:04.039+0000] {dag.py:3239} INFO - Sync 1 DAGs
[2024-10-12T07:22:04.055+0000] {logging_mixin.py:190} INFO - [2024-10-12T07:22:04.055+0000] {dag.py:4180} INFO - Setting next_dagrun for example_python_operator to None, run_after=None
[2024-10-12T07:22:04.086+0000] {processor.py:208} INFO - Processing /home/vboxuser/airflow_venv/lib/python3.12/site-packages/airflow/example_dags/example_python_operator.py took 0.104 seconds
[2024-10-12T07:23:13.194+0000] {processor.py:186} INFO - Started process (PID=12188) to work on /home/vboxuser/airflow_venv/lib/python3.12/site-packages/airflow/example_dags/example_python_operator.py
[2024-10-12T07:23:13.199+0000] {processor.py:914} INFO - Processing file /home/vboxuser/airflow_venv/lib/python3.12/site-packages/airflow/example_dags/example_python_operator.py for tasks to queue
[2024-10-12T07:23:13.203+0000] {logging_mixin.py:190} INFO - [2024-10-12T07:23:13.202+0000] {dagbag.py:588} INFO - Filling up the DagBag from /home/vboxuser/airflow_venv/lib/python3.12/site-packages/airflow/example_dags/example_python_operator.py
[2024-10-12T07:23:13.213+0000] {logging_mixin.py:190} INFO - [2024-10-12T07:23:13.212+0000] {example_python_operator.py:93} WARNING - The virtalenv_python example task requires virtualenv, please install it.
[2024-10-12T07:23:13.216+0000] {processor.py:925} INFO - DAG(s) 'example_python_operator' retrieved from /home/vboxuser/airflow_venv/lib/python3.12/site-packages/airflow/example_dags/example_python_operator.py
[2024-10-12T07:23:13.240+0000] {logging_mixin.py:190} INFO - [2024-10-12T07:23:13.240+0000] {dag.py:3239} INFO - Sync 1 DAGs
[2024-10-12T07:23:13.255+0000] {logging_mixin.py:190} INFO - [2024-10-12T07:23:13.254+0000] {dag.py:4180} INFO - Setting next_dagrun for example_python_operator to None, run_after=None
[2024-10-12T07:23:13.289+0000] {processor.py:208} INFO - Processing /home/vboxuser/airflow_venv/lib/python3.12/site-packages/airflow/example_dags/example_python_operator.py took 0.103 seconds
[2024-10-12T07:24:23.587+0000] {processor.py:186} INFO - Started process (PID=12250) to work on /home/vboxuser/airflow_venv/lib/python3.12/site-packages/airflow/example_dags/example_python_operator.py
[2024-10-12T07:24:23.592+0000] {processor.py:914} INFO - Processing file /home/vboxuser/airflow_venv/lib/python3.12/site-packages/airflow/example_dags/example_python_operator.py for tasks to queue
[2024-10-12T07:24:23.598+0000] {logging_mixin.py:190} INFO - [2024-10-12T07:24:23.597+0000] {dagbag.py:588} INFO - Filling up the DagBag from /home/vboxuser/airflow_venv/lib/python3.12/site-packages/airflow/example_dags/example_python_operator.py
[2024-10-12T07:24:23.607+0000] {logging_mixin.py:190} INFO - [2024-10-12T07:24:23.606+0000] {example_python_operator.py:93} WARNING - The virtalenv_python example task requires virtualenv, please install it.
[2024-10-12T07:24:23.609+0000] {processor.py:925} INFO - DAG(s) 'example_python_operator' retrieved from /home/vboxuser/airflow_venv/lib/python3.12/site-packages/airflow/example_dags/example_python_operator.py
[2024-10-12T07:24:23.631+0000] {logging_mixin.py:190} INFO - [2024-10-12T07:24:23.630+0000] {dag.py:3239} INFO - Sync 1 DAGs
[2024-10-12T07:24:23.649+0000] {logging_mixin.py:190} INFO - [2024-10-12T07:24:23.649+0000] {dag.py:4180} INFO - Setting next_dagrun for example_python_operator to None, run_after=None
[2024-10-12T07:24:23.687+0000] {processor.py:208} INFO - Processing /home/vboxuser/airflow_venv/lib/python3.12/site-packages/airflow/example_dags/example_python_operator.py took 0.109 seconds
[2024-10-12T07:25:30.386+0000] {processor.py:186} INFO - Started process (PID=12314) to work on /home/vboxuser/airflow_venv/lib/python3.12/site-packages/airflow/example_dags/example_python_operator.py
[2024-10-12T07:25:30.394+0000] {processor.py:914} INFO - Processing file /home/vboxuser/airflow_venv/lib/python3.12/site-packages/airflow/example_dags/example_python_operator.py for tasks to queue
[2024-10-12T07:25:30.399+0000] {logging_mixin.py:190} INFO - [2024-10-12T07:25:30.399+0000] {dagbag.py:588} INFO - Filling up the DagBag from /home/vboxuser/airflow_venv/lib/python3.12/site-packages/airflow/example_dags/example_python_operator.py
[2024-10-12T07:25:30.410+0000] {logging_mixin.py:190} INFO - [2024-10-12T07:25:30.410+0000] {example_python_operator.py:93} WARNING - The virtalenv_python example task requires virtualenv, please install it.
[2024-10-12T07:25:30.414+0000] {processor.py:925} INFO - DAG(s) 'example_python_operator' retrieved from /home/vboxuser/airflow_venv/lib/python3.12/site-packages/airflow/example_dags/example_python_operator.py
[2024-10-12T07:25:30.446+0000] {logging_mixin.py:190} INFO - [2024-10-12T07:25:30.446+0000] {dag.py:3239} INFO - Sync 1 DAGs
[2024-10-12T07:25:30.470+0000] {logging_mixin.py:190} INFO - [2024-10-12T07:25:30.469+0000] {dag.py:4180} INFO - Setting next_dagrun for example_python_operator to None, run_after=None
[2024-10-12T07:25:30.516+0000] {processor.py:208} INFO - Processing /home/vboxuser/airflow_venv/lib/python3.12/site-packages/airflow/example_dags/example_python_operator.py took 0.140 seconds
[2024-10-12T07:26:41.397+0000] {processor.py:186} INFO - Started process (PID=12378) to work on /home/vboxuser/airflow_venv/lib/python3.12/site-packages/airflow/example_dags/example_python_operator.py
[2024-10-12T07:26:41.400+0000] {processor.py:914} INFO - Processing file /home/vboxuser/airflow_venv/lib/python3.12/site-packages/airflow/example_dags/example_python_operator.py for tasks to queue
[2024-10-12T07:26:41.403+0000] {logging_mixin.py:190} INFO - [2024-10-12T07:26:41.402+0000] {dagbag.py:588} INFO - Filling up the DagBag from /home/vboxuser/airflow_venv/lib/python3.12/site-packages/airflow/example_dags/example_python_operator.py
[2024-10-12T07:26:41.414+0000] {logging_mixin.py:190} INFO - [2024-10-12T07:26:41.413+0000] {example_python_operator.py:93} WARNING - The virtalenv_python example task requires virtualenv, please install it.
[2024-10-12T07:26:41.418+0000] {processor.py:925} INFO - DAG(s) 'example_python_operator' retrieved from /home/vboxuser/airflow_venv/lib/python3.12/site-packages/airflow/example_dags/example_python_operator.py
[2024-10-12T07:26:41.443+0000] {logging_mixin.py:190} INFO - [2024-10-12T07:26:41.443+0000] {dag.py:3239} INFO - Sync 1 DAGs
[2024-10-12T07:26:41.464+0000] {logging_mixin.py:190} INFO - [2024-10-12T07:26:41.464+0000] {dag.py:4180} INFO - Setting next_dagrun for example_python_operator to None, run_after=None
[2024-10-12T07:26:41.510+0000] {processor.py:208} INFO - Processing /home/vboxuser/airflow_venv/lib/python3.12/site-packages/airflow/example_dags/example_python_operator.py took 0.121 seconds
[2024-10-12T07:27:56.037+0000] {processor.py:186} INFO - Started process (PID=12440) to work on /home/vboxuser/airflow_venv/lib/python3.12/site-packages/airflow/example_dags/example_python_operator.py
[2024-10-12T07:27:56.041+0000] {processor.py:914} INFO - Processing file /home/vboxuser/airflow_venv/lib/python3.12/site-packages/airflow/example_dags/example_python_operator.py for tasks to queue
[2024-10-12T07:27:56.049+0000] {logging_mixin.py:190} INFO - [2024-10-12T07:27:56.048+0000] {dagbag.py:588} INFO - Filling up the DagBag from /home/vboxuser/airflow_venv/lib/python3.12/site-packages/airflow/example_dags/example_python_operator.py
[2024-10-12T07:27:56.063+0000] {logging_mixin.py:190} INFO - [2024-10-12T07:27:56.062+0000] {example_python_operator.py:93} WARNING - The virtalenv_python example task requires virtualenv, please install it.
[2024-10-12T07:27:56.067+0000] {processor.py:925} INFO - DAG(s) 'example_python_operator' retrieved from /home/vboxuser/airflow_venv/lib/python3.12/site-packages/airflow/example_dags/example_python_operator.py
[2024-10-12T07:27:56.091+0000] {logging_mixin.py:190} INFO - [2024-10-12T07:27:56.091+0000] {dag.py:3239} INFO - Sync 1 DAGs
[2024-10-12T07:27:56.109+0000] {logging_mixin.py:190} INFO - [2024-10-12T07:27:56.109+0000] {dag.py:4180} INFO - Setting next_dagrun for example_python_operator to None, run_after=None
[2024-10-12T07:27:56.152+0000] {processor.py:208} INFO - Processing /home/vboxuser/airflow_venv/lib/python3.12/site-packages/airflow/example_dags/example_python_operator.py took 0.124 seconds
[2024-10-12T07:28:59.178+0000] {processor.py:186} INFO - Started process (PID=12498) to work on /home/vboxuser/airflow_venv/lib/python3.12/site-packages/airflow/example_dags/example_python_operator.py
[2024-10-12T07:28:59.183+0000] {processor.py:914} INFO - Processing file /home/vboxuser/airflow_venv/lib/python3.12/site-packages/airflow/example_dags/example_python_operator.py for tasks to queue
[2024-10-12T07:28:59.188+0000] {logging_mixin.py:190} INFO - [2024-10-12T07:28:59.187+0000] {dagbag.py:588} INFO - Filling up the DagBag from /home/vboxuser/airflow_venv/lib/python3.12/site-packages/airflow/example_dags/example_python_operator.py
[2024-10-12T07:28:59.201+0000] {logging_mixin.py:190} INFO - [2024-10-12T07:28:59.201+0000] {example_python_operator.py:93} WARNING - The virtalenv_python example task requires virtualenv, please install it.
[2024-10-12T07:28:59.204+0000] {processor.py:925} INFO - DAG(s) 'example_python_operator' retrieved from /home/vboxuser/airflow_venv/lib/python3.12/site-packages/airflow/example_dags/example_python_operator.py
[2024-10-12T07:28:59.229+0000] {logging_mixin.py:190} INFO - [2024-10-12T07:28:59.228+0000] {dag.py:3239} INFO - Sync 1 DAGs
[2024-10-12T07:28:59.243+0000] {logging_mixin.py:190} INFO - [2024-10-12T07:28:59.243+0000] {dag.py:4180} INFO - Setting next_dagrun for example_python_operator to None, run_after=None
[2024-10-12T07:28:59.274+0000] {processor.py:208} INFO - Processing /home/vboxuser/airflow_venv/lib/python3.12/site-packages/airflow/example_dags/example_python_operator.py took 0.104 seconds
[2024-10-12T07:30:08.668+0000] {processor.py:186} INFO - Started process (PID=12574) to work on /home/vboxuser/airflow_venv/lib/python3.12/site-packages/airflow/example_dags/example_python_operator.py
[2024-10-12T07:30:08.670+0000] {processor.py:914} INFO - Processing file /home/vboxuser/airflow_venv/lib/python3.12/site-packages/airflow/example_dags/example_python_operator.py for tasks to queue
[2024-10-12T07:30:08.676+0000] {logging_mixin.py:190} INFO - [2024-10-12T07:30:08.675+0000] {dagbag.py:588} INFO - Filling up the DagBag from /home/vboxuser/airflow_venv/lib/python3.12/site-packages/airflow/example_dags/example_python_operator.py
[2024-10-12T07:30:08.683+0000] {logging_mixin.py:190} INFO - [2024-10-12T07:30:08.683+0000] {example_python_operator.py:93} WARNING - The virtalenv_python example task requires virtualenv, please install it.
[2024-10-12T07:30:08.686+0000] {processor.py:925} INFO - DAG(s) 'example_python_operator' retrieved from /home/vboxuser/airflow_venv/lib/python3.12/site-packages/airflow/example_dags/example_python_operator.py
[2024-10-12T07:30:08.704+0000] {logging_mixin.py:190} INFO - [2024-10-12T07:30:08.704+0000] {dag.py:3239} INFO - Sync 1 DAGs
[2024-10-12T07:30:08.719+0000] {logging_mixin.py:190} INFO - [2024-10-12T07:30:08.719+0000] {dag.py:4180} INFO - Setting next_dagrun for example_python_operator to None, run_after=None
[2024-10-12T07:30:08.755+0000] {processor.py:208} INFO - Processing /home/vboxuser/airflow_venv/lib/python3.12/site-packages/airflow/example_dags/example_python_operator.py took 0.121 seconds
[2024-10-12T07:31:21.404+0000] {processor.py:186} INFO - Started process (PID=12642) to work on /home/vboxuser/airflow_venv/lib/python3.12/site-packages/airflow/example_dags/example_python_operator.py
[2024-10-12T07:31:21.406+0000] {processor.py:914} INFO - Processing file /home/vboxuser/airflow_venv/lib/python3.12/site-packages/airflow/example_dags/example_python_operator.py for tasks to queue
[2024-10-12T07:31:21.412+0000] {logging_mixin.py:190} INFO - [2024-10-12T07:31:21.410+0000] {dagbag.py:588} INFO - Filling up the DagBag from /home/vboxuser/airflow_venv/lib/python3.12/site-packages/airflow/example_dags/example_python_operator.py
[2024-10-12T07:31:21.424+0000] {logging_mixin.py:190} INFO - [2024-10-12T07:31:21.423+0000] {example_python_operator.py:93} WARNING - The virtalenv_python example task requires virtualenv, please install it.
[2024-10-12T07:31:21.428+0000] {processor.py:925} INFO - DAG(s) 'example_python_operator' retrieved from /home/vboxuser/airflow_venv/lib/python3.12/site-packages/airflow/example_dags/example_python_operator.py
[2024-10-12T07:31:21.453+0000] {logging_mixin.py:190} INFO - [2024-10-12T07:31:21.453+0000] {dag.py:3239} INFO - Sync 1 DAGs
[2024-10-12T07:31:21.472+0000] {logging_mixin.py:190} INFO - [2024-10-12T07:31:21.472+0000] {dag.py:4180} INFO - Setting next_dagrun for example_python_operator to None, run_after=None
[2024-10-12T07:31:21.518+0000] {processor.py:208} INFO - Processing /home/vboxuser/airflow_venv/lib/python3.12/site-packages/airflow/example_dags/example_python_operator.py took 0.156 seconds
[2024-10-12T07:32:27.423+0000] {processor.py:186} INFO - Started process (PID=12711) to work on /home/vboxuser/airflow_venv/lib/python3.12/site-packages/airflow/example_dags/example_python_operator.py
[2024-10-12T07:32:27.427+0000] {processor.py:914} INFO - Processing file /home/vboxuser/airflow_venv/lib/python3.12/site-packages/airflow/example_dags/example_python_operator.py for tasks to queue
[2024-10-12T07:32:27.430+0000] {logging_mixin.py:190} INFO - [2024-10-12T07:32:27.430+0000] {dagbag.py:588} INFO - Filling up the DagBag from /home/vboxuser/airflow_venv/lib/python3.12/site-packages/airflow/example_dags/example_python_operator.py
[2024-10-12T07:32:27.439+0000] {logging_mixin.py:190} INFO - [2024-10-12T07:32:27.439+0000] {example_python_operator.py:93} WARNING - The virtalenv_python example task requires virtualenv, please install it.
[2024-10-12T07:32:27.444+0000] {processor.py:925} INFO - DAG(s) 'example_python_operator' retrieved from /home/vboxuser/airflow_venv/lib/python3.12/site-packages/airflow/example_dags/example_python_operator.py
[2024-10-12T07:32:27.468+0000] {logging_mixin.py:190} INFO - [2024-10-12T07:32:27.467+0000] {dag.py:3239} INFO - Sync 1 DAGs
[2024-10-12T07:32:27.486+0000] {logging_mixin.py:190} INFO - [2024-10-12T07:32:27.486+0000] {dag.py:4180} INFO - Setting next_dagrun for example_python_operator to None, run_after=None
[2024-10-12T07:32:27.523+0000] {processor.py:208} INFO - Processing /home/vboxuser/airflow_venv/lib/python3.12/site-packages/airflow/example_dags/example_python_operator.py took 0.107 seconds
[2024-10-12T07:33:29.573+0000] {processor.py:186} INFO - Started process (PID=12769) to work on /home/vboxuser/airflow_venv/lib/python3.12/site-packages/airflow/example_dags/example_python_operator.py
[2024-10-12T07:33:29.577+0000] {processor.py:914} INFO - Processing file /home/vboxuser/airflow_venv/lib/python3.12/site-packages/airflow/example_dags/example_python_operator.py for tasks to queue
[2024-10-12T07:33:29.582+0000] {logging_mixin.py:190} INFO - [2024-10-12T07:33:29.580+0000] {dagbag.py:588} INFO - Filling up the DagBag from /home/vboxuser/airflow_venv/lib/python3.12/site-packages/airflow/example_dags/example_python_operator.py
[2024-10-12T07:33:29.592+0000] {logging_mixin.py:190} INFO - [2024-10-12T07:33:29.592+0000] {example_python_operator.py:93} WARNING - The virtalenv_python example task requires virtualenv, please install it.
[2024-10-12T07:33:29.595+0000] {processor.py:925} INFO - DAG(s) 'example_python_operator' retrieved from /home/vboxuser/airflow_venv/lib/python3.12/site-packages/airflow/example_dags/example_python_operator.py
[2024-10-12T07:33:29.614+0000] {logging_mixin.py:190} INFO - [2024-10-12T07:33:29.614+0000] {dag.py:3239} INFO - Sync 1 DAGs
[2024-10-12T07:33:29.629+0000] {logging_mixin.py:190} INFO - [2024-10-12T07:33:29.628+0000] {dag.py:4180} INFO - Setting next_dagrun for example_python_operator to None, run_after=None
[2024-10-12T07:33:29.658+0000] {processor.py:208} INFO - Processing /home/vboxuser/airflow_venv/lib/python3.12/site-packages/airflow/example_dags/example_python_operator.py took 0.091 seconds
[2024-10-12T07:34:32.103+0000] {processor.py:186} INFO - Started process (PID=12827) to work on /home/vboxuser/airflow_venv/lib/python3.12/site-packages/airflow/example_dags/example_python_operator.py
[2024-10-12T07:34:32.107+0000] {processor.py:914} INFO - Processing file /home/vboxuser/airflow_venv/lib/python3.12/site-packages/airflow/example_dags/example_python_operator.py for tasks to queue
[2024-10-12T07:34:32.111+0000] {logging_mixin.py:190} INFO - [2024-10-12T07:34:32.111+0000] {dagbag.py:588} INFO - Filling up the DagBag from /home/vboxuser/airflow_venv/lib/python3.12/site-packages/airflow/example_dags/example_python_operator.py
[2024-10-12T07:34:32.123+0000] {logging_mixin.py:190} INFO - [2024-10-12T07:34:32.122+0000] {example_python_operator.py:93} WARNING - The virtalenv_python example task requires virtualenv, please install it.
[2024-10-12T07:34:32.127+0000] {processor.py:925} INFO - DAG(s) 'example_python_operator' retrieved from /home/vboxuser/airflow_venv/lib/python3.12/site-packages/airflow/example_dags/example_python_operator.py
[2024-10-12T07:34:32.148+0000] {logging_mixin.py:190} INFO - [2024-10-12T07:34:32.148+0000] {dag.py:3239} INFO - Sync 1 DAGs
[2024-10-12T07:34:32.163+0000] {logging_mixin.py:190} INFO - [2024-10-12T07:34:32.162+0000] {dag.py:4180} INFO - Setting next_dagrun for example_python_operator to None, run_after=None
[2024-10-12T07:34:32.197+0000] {processor.py:208} INFO - Processing /home/vboxuser/airflow_venv/lib/python3.12/site-packages/airflow/example_dags/example_python_operator.py took 0.111 seconds
[2024-10-12T07:47:19.401+0000] {processor.py:186} INFO - Started process (PID=12920) to work on /home/vboxuser/airflow_venv/lib/python3.12/site-packages/airflow/example_dags/example_python_operator.py
[2024-10-12T07:47:19.404+0000] {processor.py:914} INFO - Processing file /home/vboxuser/airflow_venv/lib/python3.12/site-packages/airflow/example_dags/example_python_operator.py for tasks to queue
[2024-10-12T07:47:19.407+0000] {logging_mixin.py:190} INFO - [2024-10-12T07:47:19.406+0000] {dagbag.py:588} INFO - Filling up the DagBag from /home/vboxuser/airflow_venv/lib/python3.12/site-packages/airflow/example_dags/example_python_operator.py
[2024-10-12T07:47:19.420+0000] {logging_mixin.py:190} INFO - [2024-10-12T07:47:19.419+0000] {example_python_operator.py:93} WARNING - The virtalenv_python example task requires virtualenv, please install it.
[2024-10-12T07:47:19.424+0000] {processor.py:925} INFO - DAG(s) 'example_python_operator' retrieved from /home/vboxuser/airflow_venv/lib/python3.12/site-packages/airflow/example_dags/example_python_operator.py
[2024-10-12T07:47:19.449+0000] {logging_mixin.py:190} INFO - [2024-10-12T07:47:19.449+0000] {dag.py:3239} INFO - Sync 1 DAGs
[2024-10-12T07:47:19.469+0000] {logging_mixin.py:190} INFO - [2024-10-12T07:47:19.468+0000] {dag.py:4180} INFO - Setting next_dagrun for example_python_operator to None, run_after=None
[2024-10-12T07:47:19.513+0000] {processor.py:208} INFO - Processing /home/vboxuser/airflow_venv/lib/python3.12/site-packages/airflow/example_dags/example_python_operator.py took 0.124 seconds
[2024-10-12T07:48:21.246+0000] {processor.py:186} INFO - Started process (PID=12973) to work on /home/vboxuser/airflow_venv/lib/python3.12/site-packages/airflow/example_dags/example_python_operator.py
[2024-10-12T07:48:21.248+0000] {processor.py:914} INFO - Processing file /home/vboxuser/airflow_venv/lib/python3.12/site-packages/airflow/example_dags/example_python_operator.py for tasks to queue
[2024-10-12T07:48:21.252+0000] {logging_mixin.py:190} INFO - [2024-10-12T07:48:21.252+0000] {dagbag.py:588} INFO - Filling up the DagBag from /home/vboxuser/airflow_venv/lib/python3.12/site-packages/airflow/example_dags/example_python_operator.py
[2024-10-12T07:48:21.264+0000] {logging_mixin.py:190} INFO - [2024-10-12T07:48:21.264+0000] {example_python_operator.py:93} WARNING - The virtalenv_python example task requires virtualenv, please install it.
[2024-10-12T07:48:21.268+0000] {processor.py:925} INFO - DAG(s) 'example_python_operator' retrieved from /home/vboxuser/airflow_venv/lib/python3.12/site-packages/airflow/example_dags/example_python_operator.py
[2024-10-12T07:48:21.300+0000] {logging_mixin.py:190} INFO - [2024-10-12T07:48:21.299+0000] {dag.py:3239} INFO - Sync 1 DAGs
[2024-10-12T07:48:21.321+0000] {logging_mixin.py:190} INFO - [2024-10-12T07:48:21.320+0000] {dag.py:4180} INFO - Setting next_dagrun for example_python_operator to None, run_after=None
[2024-10-12T07:48:21.371+0000] {processor.py:208} INFO - Processing /home/vboxuser/airflow_venv/lib/python3.12/site-packages/airflow/example_dags/example_python_operator.py took 0.137 seconds
[2024-10-12T07:49:26.241+0000] {processor.py:186} INFO - Started process (PID=13032) to work on /home/vboxuser/airflow_venv/lib/python3.12/site-packages/airflow/example_dags/example_python_operator.py
[2024-10-12T07:49:26.244+0000] {processor.py:914} INFO - Processing file /home/vboxuser/airflow_venv/lib/python3.12/site-packages/airflow/example_dags/example_python_operator.py for tasks to queue
[2024-10-12T07:49:26.248+0000] {logging_mixin.py:190} INFO - [2024-10-12T07:49:26.247+0000] {dagbag.py:588} INFO - Filling up the DagBag from /home/vboxuser/airflow_venv/lib/python3.12/site-packages/airflow/example_dags/example_python_operator.py
[2024-10-12T07:49:26.262+0000] {logging_mixin.py:190} INFO - [2024-10-12T07:49:26.261+0000] {example_python_operator.py:93} WARNING - The virtalenv_python example task requires virtualenv, please install it.
[2024-10-12T07:49:26.266+0000] {processor.py:925} INFO - DAG(s) 'example_python_operator' retrieved from /home/vboxuser/airflow_venv/lib/python3.12/site-packages/airflow/example_dags/example_python_operator.py
[2024-10-12T07:49:26.294+0000] {logging_mixin.py:190} INFO - [2024-10-12T07:49:26.293+0000] {dag.py:3239} INFO - Sync 1 DAGs
[2024-10-12T07:49:26.316+0000] {logging_mixin.py:190} INFO - [2024-10-12T07:49:26.315+0000] {dag.py:4180} INFO - Setting next_dagrun for example_python_operator to None, run_after=None
[2024-10-12T07:49:26.362+0000] {processor.py:208} INFO - Processing /home/vboxuser/airflow_venv/lib/python3.12/site-packages/airflow/example_dags/example_python_operator.py took 0.134 seconds
[2024-10-12T07:50:36.769+0000] {processor.py:186} INFO - Started process (PID=13113) to work on /home/vboxuser/airflow_venv/lib/python3.12/site-packages/airflow/example_dags/example_python_operator.py
[2024-10-12T07:50:36.772+0000] {processor.py:914} INFO - Processing file /home/vboxuser/airflow_venv/lib/python3.12/site-packages/airflow/example_dags/example_python_operator.py for tasks to queue
[2024-10-12T07:50:36.777+0000] {logging_mixin.py:190} INFO - [2024-10-12T07:50:36.776+0000] {dagbag.py:588} INFO - Filling up the DagBag from /home/vboxuser/airflow_venv/lib/python3.12/site-packages/airflow/example_dags/example_python_operator.py
[2024-10-12T07:50:36.785+0000] {logging_mixin.py:190} INFO - [2024-10-12T07:50:36.784+0000] {example_python_operator.py:93} WARNING - The virtalenv_python example task requires virtualenv, please install it.
[2024-10-12T07:50:36.788+0000] {processor.py:925} INFO - DAG(s) 'example_python_operator' retrieved from /home/vboxuser/airflow_venv/lib/python3.12/site-packages/airflow/example_dags/example_python_operator.py
[2024-10-12T07:50:36.815+0000] {logging_mixin.py:190} INFO - [2024-10-12T07:50:36.814+0000] {dag.py:3239} INFO - Sync 1 DAGs
[2024-10-12T07:50:36.830+0000] {logging_mixin.py:190} INFO - [2024-10-12T07:50:36.830+0000] {dag.py:4180} INFO - Setting next_dagrun for example_python_operator to None, run_after=None
[2024-10-12T07:50:36.870+0000] {processor.py:208} INFO - Processing /home/vboxuser/airflow_venv/lib/python3.12/site-packages/airflow/example_dags/example_python_operator.py took 0.114 seconds
[2024-10-12T07:51:45.933+0000] {processor.py:186} INFO - Started process (PID=13231) to work on /home/vboxuser/airflow_venv/lib/python3.12/site-packages/airflow/example_dags/example_python_operator.py
[2024-10-12T07:51:45.938+0000] {processor.py:914} INFO - Processing file /home/vboxuser/airflow_venv/lib/python3.12/site-packages/airflow/example_dags/example_python_operator.py for tasks to queue
[2024-10-12T07:51:45.942+0000] {logging_mixin.py:190} INFO - [2024-10-12T07:51:45.941+0000] {dagbag.py:588} INFO - Filling up the DagBag from /home/vboxuser/airflow_venv/lib/python3.12/site-packages/airflow/example_dags/example_python_operator.py
[2024-10-12T07:51:45.999+0000] {logging_mixin.py:190} INFO - [2024-10-12T07:51:45.998+0000] {example_python_operator.py:93} WARNING - The virtalenv_python example task requires virtualenv, please install it.
[2024-10-12T07:51:46.004+0000] {processor.py:925} INFO - DAG(s) 'example_python_operator' retrieved from /home/vboxuser/airflow_venv/lib/python3.12/site-packages/airflow/example_dags/example_python_operator.py
[2024-10-12T07:51:46.082+0000] {logging_mixin.py:190} INFO - [2024-10-12T07:51:46.081+0000] {dag.py:3239} INFO - Sync 1 DAGs
[2024-10-12T07:51:46.104+0000] {logging_mixin.py:190} INFO - [2024-10-12T07:51:46.104+0000] {dag.py:4180} INFO - Setting next_dagrun for example_python_operator to None, run_after=None
[2024-10-12T07:51:46.137+0000] {processor.py:208} INFO - Processing /home/vboxuser/airflow_venv/lib/python3.12/site-packages/airflow/example_dags/example_python_operator.py took 0.217 seconds
[2024-10-12T07:52:56.762+0000] {processor.py:186} INFO - Started process (PID=13307) to work on /home/vboxuser/airflow_venv/lib/python3.12/site-packages/airflow/example_dags/example_python_operator.py
[2024-10-12T07:52:56.828+0000] {processor.py:914} INFO - Processing file /home/vboxuser/airflow_venv/lib/python3.12/site-packages/airflow/example_dags/example_python_operator.py for tasks to queue
[2024-10-12T07:52:56.841+0000] {logging_mixin.py:190} INFO - [2024-10-12T07:52:56.840+0000] {dagbag.py:588} INFO - Filling up the DagBag from /home/vboxuser/airflow_venv/lib/python3.12/site-packages/airflow/example_dags/example_python_operator.py
[2024-10-12T07:52:56.864+0000] {logging_mixin.py:190} INFO - [2024-10-12T07:52:56.864+0000] {example_python_operator.py:93} WARNING - The virtalenv_python example task requires virtualenv, please install it.
[2024-10-12T07:52:56.883+0000] {processor.py:925} INFO - DAG(s) 'example_python_operator' retrieved from /home/vboxuser/airflow_venv/lib/python3.12/site-packages/airflow/example_dags/example_python_operator.py
[2024-10-12T07:52:56.921+0000] {logging_mixin.py:190} INFO - [2024-10-12T07:52:56.921+0000] {dag.py:3239} INFO - Sync 1 DAGs
[2024-10-12T07:52:56.937+0000] {logging_mixin.py:190} INFO - [2024-10-12T07:52:56.937+0000] {dag.py:4180} INFO - Setting next_dagrun for example_python_operator to None, run_after=None
[2024-10-12T07:52:56.975+0000] {processor.py:208} INFO - Processing /home/vboxuser/airflow_venv/lib/python3.12/site-packages/airflow/example_dags/example_python_operator.py took 0.268 seconds
[2024-10-12T07:53:58.320+0000] {processor.py:186} INFO - Started process (PID=13375) to work on /home/vboxuser/airflow_venv/lib/python3.12/site-packages/airflow/example_dags/example_python_operator.py
[2024-10-12T07:53:58.326+0000] {processor.py:914} INFO - Processing file /home/vboxuser/airflow_venv/lib/python3.12/site-packages/airflow/example_dags/example_python_operator.py for tasks to queue
[2024-10-12T07:53:58.331+0000] {logging_mixin.py:190} INFO - [2024-10-12T07:53:58.330+0000] {dagbag.py:588} INFO - Filling up the DagBag from /home/vboxuser/airflow_venv/lib/python3.12/site-packages/airflow/example_dags/example_python_operator.py
[2024-10-12T07:53:58.341+0000] {logging_mixin.py:190} INFO - [2024-10-12T07:53:58.341+0000] {example_python_operator.py:93} WARNING - The virtalenv_python example task requires virtualenv, please install it.
[2024-10-12T07:53:58.345+0000] {processor.py:925} INFO - DAG(s) 'example_python_operator' retrieved from /home/vboxuser/airflow_venv/lib/python3.12/site-packages/airflow/example_dags/example_python_operator.py
[2024-10-12T07:53:58.370+0000] {logging_mixin.py:190} INFO - [2024-10-12T07:53:58.370+0000] {dag.py:3239} INFO - Sync 1 DAGs
[2024-10-12T07:53:58.389+0000] {logging_mixin.py:190} INFO - [2024-10-12T07:53:58.388+0000] {dag.py:4180} INFO - Setting next_dagrun for example_python_operator to None, run_after=None
[2024-10-12T07:53:58.429+0000] {processor.py:208} INFO - Processing /home/vboxuser/airflow_venv/lib/python3.12/site-packages/airflow/example_dags/example_python_operator.py took 0.119 seconds
[2024-10-12T07:55:01.358+0000] {processor.py:186} INFO - Started process (PID=13433) to work on /home/vboxuser/airflow_venv/lib/python3.12/site-packages/airflow/example_dags/example_python_operator.py
[2024-10-12T07:55:01.361+0000] {processor.py:914} INFO - Processing file /home/vboxuser/airflow_venv/lib/python3.12/site-packages/airflow/example_dags/example_python_operator.py for tasks to queue
[2024-10-12T07:55:01.366+0000] {logging_mixin.py:190} INFO - [2024-10-12T07:55:01.365+0000] {dagbag.py:588} INFO - Filling up the DagBag from /home/vboxuser/airflow_venv/lib/python3.12/site-packages/airflow/example_dags/example_python_operator.py
[2024-10-12T07:55:01.378+0000] {logging_mixin.py:190} INFO - [2024-10-12T07:55:01.378+0000] {example_python_operator.py:93} WARNING - The virtalenv_python example task requires virtualenv, please install it.
[2024-10-12T07:55:01.383+0000] {processor.py:925} INFO - DAG(s) 'example_python_operator' retrieved from /home/vboxuser/airflow_venv/lib/python3.12/site-packages/airflow/example_dags/example_python_operator.py
[2024-10-12T07:55:01.424+0000] {logging_mixin.py:190} INFO - [2024-10-12T07:55:01.424+0000] {dag.py:3239} INFO - Sync 1 DAGs
[2024-10-12T07:55:01.446+0000] {logging_mixin.py:190} INFO - [2024-10-12T07:55:01.445+0000] {dag.py:4180} INFO - Setting next_dagrun for example_python_operator to None, run_after=None
[2024-10-12T07:55:01.489+0000] {processor.py:208} INFO - Processing /home/vboxuser/airflow_venv/lib/python3.12/site-packages/airflow/example_dags/example_python_operator.py took 0.139 seconds
[2024-10-12T07:56:07.458+0000] {processor.py:186} INFO - Started process (PID=13500) to work on /home/vboxuser/airflow_venv/lib/python3.12/site-packages/airflow/example_dags/example_python_operator.py
[2024-10-12T07:56:07.460+0000] {processor.py:914} INFO - Processing file /home/vboxuser/airflow_venv/lib/python3.12/site-packages/airflow/example_dags/example_python_operator.py for tasks to queue
[2024-10-12T07:56:07.465+0000] {logging_mixin.py:190} INFO - [2024-10-12T07:56:07.464+0000] {dagbag.py:588} INFO - Filling up the DagBag from /home/vboxuser/airflow_venv/lib/python3.12/site-packages/airflow/example_dags/example_python_operator.py
[2024-10-12T07:56:07.477+0000] {logging_mixin.py:190} INFO - [2024-10-12T07:56:07.476+0000] {example_python_operator.py:93} WARNING - The virtalenv_python example task requires virtualenv, please install it.
[2024-10-12T07:56:07.480+0000] {processor.py:925} INFO - DAG(s) 'example_python_operator' retrieved from /home/vboxuser/airflow_venv/lib/python3.12/site-packages/airflow/example_dags/example_python_operator.py
[2024-10-12T07:56:07.501+0000] {logging_mixin.py:190} INFO - [2024-10-12T07:56:07.501+0000] {dag.py:3239} INFO - Sync 1 DAGs
[2024-10-12T07:56:07.514+0000] {logging_mixin.py:190} INFO - [2024-10-12T07:56:07.514+0000] {dag.py:4180} INFO - Setting next_dagrun for example_python_operator to None, run_after=None
[2024-10-12T07:56:07.549+0000] {processor.py:208} INFO - Processing /home/vboxuser/airflow_venv/lib/python3.12/site-packages/airflow/example_dags/example_python_operator.py took 0.104 seconds
[2024-10-12T07:57:14.237+0000] {processor.py:186} INFO - Started process (PID=13570) to work on /home/vboxuser/airflow_venv/lib/python3.12/site-packages/airflow/example_dags/example_python_operator.py
[2024-10-12T07:57:14.240+0000] {processor.py:914} INFO - Processing file /home/vboxuser/airflow_venv/lib/python3.12/site-packages/airflow/example_dags/example_python_operator.py for tasks to queue
[2024-10-12T07:57:14.243+0000] {logging_mixin.py:190} INFO - [2024-10-12T07:57:14.242+0000] {dagbag.py:588} INFO - Filling up the DagBag from /home/vboxuser/airflow_venv/lib/python3.12/site-packages/airflow/example_dags/example_python_operator.py
[2024-10-12T07:57:14.253+0000] {logging_mixin.py:190} INFO - [2024-10-12T07:57:14.253+0000] {example_python_operator.py:93} WARNING - The virtalenv_python example task requires virtualenv, please install it.
[2024-10-12T07:57:14.257+0000] {processor.py:925} INFO - DAG(s) 'example_python_operator' retrieved from /home/vboxuser/airflow_venv/lib/python3.12/site-packages/airflow/example_dags/example_python_operator.py
[2024-10-12T07:57:14.290+0000] {logging_mixin.py:190} INFO - [2024-10-12T07:57:14.290+0000] {dag.py:3239} INFO - Sync 1 DAGs
[2024-10-12T07:57:14.312+0000] {logging_mixin.py:190} INFO - [2024-10-12T07:57:14.312+0000] {dag.py:4180} INFO - Setting next_dagrun for example_python_operator to None, run_after=None
[2024-10-12T07:57:14.355+0000] {processor.py:208} INFO - Processing /home/vboxuser/airflow_venv/lib/python3.12/site-packages/airflow/example_dags/example_python_operator.py took 0.128 seconds
[2024-10-12T07:58:18.786+0000] {processor.py:186} INFO - Started process (PID=13633) to work on /home/vboxuser/airflow_venv/lib/python3.12/site-packages/airflow/example_dags/example_python_operator.py
[2024-10-12T07:58:18.789+0000] {processor.py:914} INFO - Processing file /home/vboxuser/airflow_venv/lib/python3.12/site-packages/airflow/example_dags/example_python_operator.py for tasks to queue
[2024-10-12T07:58:18.792+0000] {logging_mixin.py:190} INFO - [2024-10-12T07:58:18.792+0000] {dagbag.py:588} INFO - Filling up the DagBag from /home/vboxuser/airflow_venv/lib/python3.12/site-packages/airflow/example_dags/example_python_operator.py
[2024-10-12T07:58:18.800+0000] {logging_mixin.py:190} INFO - [2024-10-12T07:58:18.800+0000] {example_python_operator.py:93} WARNING - The virtalenv_python example task requires virtualenv, please install it.
[2024-10-12T07:58:18.804+0000] {processor.py:925} INFO - DAG(s) 'example_python_operator' retrieved from /home/vboxuser/airflow_venv/lib/python3.12/site-packages/airflow/example_dags/example_python_operator.py
[2024-10-12T07:58:18.828+0000] {logging_mixin.py:190} INFO - [2024-10-12T07:58:18.827+0000] {dag.py:3239} INFO - Sync 1 DAGs
[2024-10-12T07:58:18.852+0000] {logging_mixin.py:190} INFO - [2024-10-12T07:58:18.852+0000] {dag.py:4180} INFO - Setting next_dagrun for example_python_operator to None, run_after=None
[2024-10-12T07:58:18.885+0000] {processor.py:208} INFO - Processing /home/vboxuser/airflow_venv/lib/python3.12/site-packages/airflow/example_dags/example_python_operator.py took 0.107 seconds
[2024-10-12T07:59:17.867+0000] {processor.py:186} INFO - Started process (PID=13690) to work on /home/vboxuser/airflow_venv/lib/python3.12/site-packages/airflow/example_dags/example_python_operator.py
[2024-10-12T07:59:17.873+0000] {processor.py:914} INFO - Processing file /home/vboxuser/airflow_venv/lib/python3.12/site-packages/airflow/example_dags/example_python_operator.py for tasks to queue
[2024-10-12T07:59:17.877+0000] {logging_mixin.py:190} INFO - [2024-10-12T07:59:17.876+0000] {dagbag.py:588} INFO - Filling up the DagBag from /home/vboxuser/airflow_venv/lib/python3.12/site-packages/airflow/example_dags/example_python_operator.py
[2024-10-12T07:59:17.888+0000] {logging_mixin.py:190} INFO - [2024-10-12T07:59:17.888+0000] {example_python_operator.py:93} WARNING - The virtalenv_python example task requires virtualenv, please install it.
[2024-10-12T07:59:17.893+0000] {processor.py:925} INFO - DAG(s) 'example_python_operator' retrieved from /home/vboxuser/airflow_venv/lib/python3.12/site-packages/airflow/example_dags/example_python_operator.py
[2024-10-12T07:59:17.919+0000] {logging_mixin.py:190} INFO - [2024-10-12T07:59:17.919+0000] {dag.py:3239} INFO - Sync 1 DAGs
[2024-10-12T07:59:17.938+0000] {logging_mixin.py:190} INFO - [2024-10-12T07:59:17.938+0000] {dag.py:4180} INFO - Setting next_dagrun for example_python_operator to None, run_after=None
[2024-10-12T07:59:17.977+0000] {processor.py:208} INFO - Processing /home/vboxuser/airflow_venv/lib/python3.12/site-packages/airflow/example_dags/example_python_operator.py took 0.124 seconds
[2024-10-12T08:00:24.639+0000] {processor.py:186} INFO - Started process (PID=13753) to work on /home/vboxuser/airflow_venv/lib/python3.12/site-packages/airflow/example_dags/example_python_operator.py
[2024-10-12T08:00:24.647+0000] {processor.py:914} INFO - Processing file /home/vboxuser/airflow_venv/lib/python3.12/site-packages/airflow/example_dags/example_python_operator.py for tasks to queue
[2024-10-12T08:00:24.658+0000] {logging_mixin.py:190} INFO - [2024-10-12T08:00:24.657+0000] {dagbag.py:588} INFO - Filling up the DagBag from /home/vboxuser/airflow_venv/lib/python3.12/site-packages/airflow/example_dags/example_python_operator.py
[2024-10-12T08:00:24.670+0000] {logging_mixin.py:190} INFO - [2024-10-12T08:00:24.670+0000] {example_python_operator.py:93} WARNING - The virtalenv_python example task requires virtualenv, please install it.
[2024-10-12T08:00:24.675+0000] {processor.py:925} INFO - DAG(s) 'example_python_operator' retrieved from /home/vboxuser/airflow_venv/lib/python3.12/site-packages/airflow/example_dags/example_python_operator.py
[2024-10-12T08:00:24.701+0000] {logging_mixin.py:190} INFO - [2024-10-12T08:00:24.701+0000] {dag.py:3239} INFO - Sync 1 DAGs
[2024-10-12T08:00:24.719+0000] {logging_mixin.py:190} INFO - [2024-10-12T08:00:24.718+0000] {dag.py:4180} INFO - Setting next_dagrun for example_python_operator to None, run_after=None
[2024-10-12T08:00:24.759+0000] {processor.py:208} INFO - Processing /home/vboxuser/airflow_venv/lib/python3.12/site-packages/airflow/example_dags/example_python_operator.py took 0.139 seconds
[2024-10-12T08:01:27.735+0000] {processor.py:186} INFO - Started process (PID=13810) to work on /home/vboxuser/airflow_venv/lib/python3.12/site-packages/airflow/example_dags/example_python_operator.py
[2024-10-12T08:01:27.738+0000] {processor.py:914} INFO - Processing file /home/vboxuser/airflow_venv/lib/python3.12/site-packages/airflow/example_dags/example_python_operator.py for tasks to queue
[2024-10-12T08:01:27.741+0000] {logging_mixin.py:190} INFO - [2024-10-12T08:01:27.741+0000] {dagbag.py:588} INFO - Filling up the DagBag from /home/vboxuser/airflow_venv/lib/python3.12/site-packages/airflow/example_dags/example_python_operator.py
[2024-10-12T08:01:27.754+0000] {logging_mixin.py:190} INFO - [2024-10-12T08:01:27.754+0000] {example_python_operator.py:93} WARNING - The virtalenv_python example task requires virtualenv, please install it.
[2024-10-12T08:01:27.758+0000] {processor.py:925} INFO - DAG(s) 'example_python_operator' retrieved from /home/vboxuser/airflow_venv/lib/python3.12/site-packages/airflow/example_dags/example_python_operator.py
[2024-10-12T08:01:27.782+0000] {logging_mixin.py:190} INFO - [2024-10-12T08:01:27.782+0000] {dag.py:3239} INFO - Sync 1 DAGs
[2024-10-12T08:01:27.799+0000] {logging_mixin.py:190} INFO - [2024-10-12T08:01:27.799+0000] {dag.py:4180} INFO - Setting next_dagrun for example_python_operator to None, run_after=None
[2024-10-12T08:01:27.831+0000] {processor.py:208} INFO - Processing /home/vboxuser/airflow_venv/lib/python3.12/site-packages/airflow/example_dags/example_python_operator.py took 0.106 seconds
[2024-10-12T08:02:37.463+0000] {processor.py:186} INFO - Started process (PID=13871) to work on /home/vboxuser/airflow_venv/lib/python3.12/site-packages/airflow/example_dags/example_python_operator.py
[2024-10-12T08:02:37.469+0000] {processor.py:914} INFO - Processing file /home/vboxuser/airflow_venv/lib/python3.12/site-packages/airflow/example_dags/example_python_operator.py for tasks to queue
[2024-10-12T08:02:37.474+0000] {logging_mixin.py:190} INFO - [2024-10-12T08:02:37.473+0000] {dagbag.py:588} INFO - Filling up the DagBag from /home/vboxuser/airflow_venv/lib/python3.12/site-packages/airflow/example_dags/example_python_operator.py
[2024-10-12T08:02:37.488+0000] {logging_mixin.py:190} INFO - [2024-10-12T08:02:37.488+0000] {example_python_operator.py:93} WARNING - The virtalenv_python example task requires virtualenv, please install it.
[2024-10-12T08:02:37.492+0000] {processor.py:925} INFO - DAG(s) 'example_python_operator' retrieved from /home/vboxuser/airflow_venv/lib/python3.12/site-packages/airflow/example_dags/example_python_operator.py
[2024-10-12T08:02:37.516+0000] {logging_mixin.py:190} INFO - [2024-10-12T08:02:37.516+0000] {dag.py:3239} INFO - Sync 1 DAGs
[2024-10-12T08:02:37.533+0000] {logging_mixin.py:190} INFO - [2024-10-12T08:02:37.533+0000] {dag.py:4180} INFO - Setting next_dagrun for example_python_operator to None, run_after=None
[2024-10-12T08:02:37.570+0000] {processor.py:208} INFO - Processing /home/vboxuser/airflow_venv/lib/python3.12/site-packages/airflow/example_dags/example_python_operator.py took 0.120 seconds
[2024-10-12T08:03:39.323+0000] {processor.py:186} INFO - Started process (PID=13929) to work on /home/vboxuser/airflow_venv/lib/python3.12/site-packages/airflow/example_dags/example_python_operator.py
[2024-10-12T08:03:39.329+0000] {processor.py:914} INFO - Processing file /home/vboxuser/airflow_venv/lib/python3.12/site-packages/airflow/example_dags/example_python_operator.py for tasks to queue
[2024-10-12T08:03:39.333+0000] {logging_mixin.py:190} INFO - [2024-10-12T08:03:39.333+0000] {dagbag.py:588} INFO - Filling up the DagBag from /home/vboxuser/airflow_venv/lib/python3.12/site-packages/airflow/example_dags/example_python_operator.py
[2024-10-12T08:03:39.347+0000] {logging_mixin.py:190} INFO - [2024-10-12T08:03:39.347+0000] {example_python_operator.py:93} WARNING - The virtalenv_python example task requires virtualenv, please install it.
[2024-10-12T08:03:39.352+0000] {processor.py:925} INFO - DAG(s) 'example_python_operator' retrieved from /home/vboxuser/airflow_venv/lib/python3.12/site-packages/airflow/example_dags/example_python_operator.py
[2024-10-12T08:03:39.382+0000] {logging_mixin.py:190} INFO - [2024-10-12T08:03:39.382+0000] {dag.py:3239} INFO - Sync 1 DAGs
[2024-10-12T08:03:39.402+0000] {logging_mixin.py:190} INFO - [2024-10-12T08:03:39.401+0000] {dag.py:4180} INFO - Setting next_dagrun for example_python_operator to None, run_after=None
[2024-10-12T08:03:39.443+0000] {processor.py:208} INFO - Processing /home/vboxuser/airflow_venv/lib/python3.12/site-packages/airflow/example_dags/example_python_operator.py took 0.135 seconds
[2024-10-12T08:04:49.539+0000] {processor.py:186} INFO - Started process (PID=14003) to work on /home/vboxuser/airflow_venv/lib/python3.12/site-packages/airflow/example_dags/example_python_operator.py
[2024-10-12T08:04:49.544+0000] {processor.py:914} INFO - Processing file /home/vboxuser/airflow_venv/lib/python3.12/site-packages/airflow/example_dags/example_python_operator.py for tasks to queue
[2024-10-12T08:04:49.548+0000] {logging_mixin.py:190} INFO - [2024-10-12T08:04:49.547+0000] {dagbag.py:588} INFO - Filling up the DagBag from /home/vboxuser/airflow_venv/lib/python3.12/site-packages/airflow/example_dags/example_python_operator.py
[2024-10-12T08:04:49.560+0000] {logging_mixin.py:190} INFO - [2024-10-12T08:04:49.560+0000] {example_python_operator.py:93} WARNING - The virtalenv_python example task requires virtualenv, please install it.
[2024-10-12T08:04:49.566+0000] {processor.py:925} INFO - DAG(s) 'example_python_operator' retrieved from /home/vboxuser/airflow_venv/lib/python3.12/site-packages/airflow/example_dags/example_python_operator.py
[2024-10-12T08:04:49.597+0000] {logging_mixin.py:190} INFO - [2024-10-12T08:04:49.596+0000] {dag.py:3239} INFO - Sync 1 DAGs
[2024-10-12T08:04:49.618+0000] {logging_mixin.py:190} INFO - [2024-10-12T08:04:49.618+0000] {dag.py:4180} INFO - Setting next_dagrun for example_python_operator to None, run_after=None
[2024-10-12T08:04:49.672+0000] {processor.py:208} INFO - Processing /home/vboxuser/airflow_venv/lib/python3.12/site-packages/airflow/example_dags/example_python_operator.py took 0.151 seconds
[2024-10-12T08:05:59.271+0000] {processor.py:186} INFO - Started process (PID=14073) to work on /home/vboxuser/airflow_venv/lib/python3.12/site-packages/airflow/example_dags/example_python_operator.py
[2024-10-12T08:05:59.277+0000] {processor.py:914} INFO - Processing file /home/vboxuser/airflow_venv/lib/python3.12/site-packages/airflow/example_dags/example_python_operator.py for tasks to queue
[2024-10-12T08:05:59.281+0000] {logging_mixin.py:190} INFO - [2024-10-12T08:05:59.280+0000] {dagbag.py:588} INFO - Filling up the DagBag from /home/vboxuser/airflow_venv/lib/python3.12/site-packages/airflow/example_dags/example_python_operator.py
[2024-10-12T08:05:59.301+0000] {logging_mixin.py:190} INFO - [2024-10-12T08:05:59.301+0000] {example_python_operator.py:93} WARNING - The virtalenv_python example task requires virtualenv, please install it.
[2024-10-12T08:05:59.308+0000] {processor.py:925} INFO - DAG(s) 'example_python_operator' retrieved from /home/vboxuser/airflow_venv/lib/python3.12/site-packages/airflow/example_dags/example_python_operator.py
[2024-10-12T08:05:59.356+0000] {logging_mixin.py:190} INFO - [2024-10-12T08:05:59.355+0000] {dag.py:3239} INFO - Sync 1 DAGs
[2024-10-12T08:05:59.386+0000] {logging_mixin.py:190} INFO - [2024-10-12T08:05:59.385+0000] {dag.py:4180} INFO - Setting next_dagrun for example_python_operator to None, run_after=None
[2024-10-12T08:05:59.450+0000] {processor.py:208} INFO - Processing /home/vboxuser/airflow_venv/lib/python3.12/site-packages/airflow/example_dags/example_python_operator.py took 0.194 seconds
[2024-10-12T08:07:14.230+0000] {processor.py:186} INFO - Started process (PID=14138) to work on /home/vboxuser/airflow_venv/lib/python3.12/site-packages/airflow/example_dags/example_python_operator.py
[2024-10-12T08:07:14.236+0000] {processor.py:914} INFO - Processing file /home/vboxuser/airflow_venv/lib/python3.12/site-packages/airflow/example_dags/example_python_operator.py for tasks to queue
[2024-10-12T08:07:14.242+0000] {logging_mixin.py:190} INFO - [2024-10-12T08:07:14.241+0000] {dagbag.py:588} INFO - Filling up the DagBag from /home/vboxuser/airflow_venv/lib/python3.12/site-packages/airflow/example_dags/example_python_operator.py
[2024-10-12T08:07:14.261+0000] {logging_mixin.py:190} INFO - [2024-10-12T08:07:14.261+0000] {example_python_operator.py:93} WARNING - The virtalenv_python example task requires virtualenv, please install it.
[2024-10-12T08:07:14.268+0000] {processor.py:925} INFO - DAG(s) 'example_python_operator' retrieved from /home/vboxuser/airflow_venv/lib/python3.12/site-packages/airflow/example_dags/example_python_operator.py
[2024-10-12T08:07:14.311+0000] {logging_mixin.py:190} INFO - [2024-10-12T08:07:14.310+0000] {dag.py:3239} INFO - Sync 1 DAGs
[2024-10-12T08:07:14.340+0000] {logging_mixin.py:190} INFO - [2024-10-12T08:07:14.339+0000] {dag.py:4180} INFO - Setting next_dagrun for example_python_operator to None, run_after=None
[2024-10-12T08:07:14.397+0000] {processor.py:208} INFO - Processing /home/vboxuser/airflow_venv/lib/python3.12/site-packages/airflow/example_dags/example_python_operator.py took 0.182 seconds
[2024-10-12T08:08:27.850+0000] {processor.py:186} INFO - Started process (PID=14206) to work on /home/vboxuser/airflow_venv/lib/python3.12/site-packages/airflow/example_dags/example_python_operator.py
[2024-10-12T08:08:27.858+0000] {processor.py:914} INFO - Processing file /home/vboxuser/airflow_venv/lib/python3.12/site-packages/airflow/example_dags/example_python_operator.py for tasks to queue
[2024-10-12T08:08:27.862+0000] {logging_mixin.py:190} INFO - [2024-10-12T08:08:27.862+0000] {dagbag.py:588} INFO - Filling up the DagBag from /home/vboxuser/airflow_venv/lib/python3.12/site-packages/airflow/example_dags/example_python_operator.py
[2024-10-12T08:08:27.879+0000] {logging_mixin.py:190} INFO - [2024-10-12T08:08:27.879+0000] {example_python_operator.py:93} WARNING - The virtalenv_python example task requires virtualenv, please install it.
[2024-10-12T08:08:27.886+0000] {processor.py:925} INFO - DAG(s) 'example_python_operator' retrieved from /home/vboxuser/airflow_venv/lib/python3.12/site-packages/airflow/example_dags/example_python_operator.py
[2024-10-12T08:08:27.926+0000] {logging_mixin.py:190} INFO - [2024-10-12T08:08:27.926+0000] {dag.py:3239} INFO - Sync 1 DAGs
[2024-10-12T08:08:27.956+0000] {logging_mixin.py:190} INFO - [2024-10-12T08:08:27.955+0000] {dag.py:4180} INFO - Setting next_dagrun for example_python_operator to None, run_after=None
[2024-10-12T08:08:28.018+0000] {processor.py:208} INFO - Processing /home/vboxuser/airflow_venv/lib/python3.12/site-packages/airflow/example_dags/example_python_operator.py took 0.182 seconds
[2024-10-12T08:09:45.188+0000] {processor.py:186} INFO - Started process (PID=14270) to work on /home/vboxuser/airflow_venv/lib/python3.12/site-packages/airflow/example_dags/example_python_operator.py
[2024-10-12T08:09:45.197+0000] {processor.py:914} INFO - Processing file /home/vboxuser/airflow_venv/lib/python3.12/site-packages/airflow/example_dags/example_python_operator.py for tasks to queue
[2024-10-12T08:09:45.203+0000] {logging_mixin.py:190} INFO - [2024-10-12T08:09:45.202+0000] {dagbag.py:588} INFO - Filling up the DagBag from /home/vboxuser/airflow_venv/lib/python3.12/site-packages/airflow/example_dags/example_python_operator.py
[2024-10-12T08:09:45.219+0000] {logging_mixin.py:190} INFO - [2024-10-12T08:09:45.219+0000] {example_python_operator.py:93} WARNING - The virtalenv_python example task requires virtualenv, please install it.
[2024-10-12T08:09:45.225+0000] {processor.py:925} INFO - DAG(s) 'example_python_operator' retrieved from /home/vboxuser/airflow_venv/lib/python3.12/site-packages/airflow/example_dags/example_python_operator.py
[2024-10-12T08:09:45.270+0000] {logging_mixin.py:190} INFO - [2024-10-12T08:09:45.269+0000] {dag.py:3239} INFO - Sync 1 DAGs
[2024-10-12T08:09:45.300+0000] {logging_mixin.py:190} INFO - [2024-10-12T08:09:45.299+0000] {dag.py:4180} INFO - Setting next_dagrun for example_python_operator to None, run_after=None
[2024-10-12T08:09:45.351+0000] {processor.py:208} INFO - Processing /home/vboxuser/airflow_venv/lib/python3.12/site-packages/airflow/example_dags/example_python_operator.py took 0.182 seconds
[2024-10-12T08:11:00.571+0000] {processor.py:186} INFO - Started process (PID=14338) to work on /home/vboxuser/airflow_venv/lib/python3.12/site-packages/airflow/example_dags/example_python_operator.py
[2024-10-12T08:11:00.579+0000] {processor.py:914} INFO - Processing file /home/vboxuser/airflow_venv/lib/python3.12/site-packages/airflow/example_dags/example_python_operator.py for tasks to queue
[2024-10-12T08:11:00.585+0000] {logging_mixin.py:190} INFO - [2024-10-12T08:11:00.584+0000] {dagbag.py:588} INFO - Filling up the DagBag from /home/vboxuser/airflow_venv/lib/python3.12/site-packages/airflow/example_dags/example_python_operator.py
[2024-10-12T08:11:00.604+0000] {logging_mixin.py:190} INFO - [2024-10-12T08:11:00.603+0000] {example_python_operator.py:93} WARNING - The virtalenv_python example task requires virtualenv, please install it.
[2024-10-12T08:11:00.610+0000] {processor.py:925} INFO - DAG(s) 'example_python_operator' retrieved from /home/vboxuser/airflow_venv/lib/python3.12/site-packages/airflow/example_dags/example_python_operator.py
[2024-10-12T08:11:00.647+0000] {logging_mixin.py:190} INFO - [2024-10-12T08:11:00.647+0000] {dag.py:3239} INFO - Sync 1 DAGs
[2024-10-12T08:11:00.676+0000] {logging_mixin.py:190} INFO - [2024-10-12T08:11:00.676+0000] {dag.py:4180} INFO - Setting next_dagrun for example_python_operator to None, run_after=None
[2024-10-12T08:11:00.740+0000] {processor.py:208} INFO - Processing /home/vboxuser/airflow_venv/lib/python3.12/site-packages/airflow/example_dags/example_python_operator.py took 0.184 seconds
[2024-10-12T08:12:06.354+0000] {processor.py:186} INFO - Started process (PID=14398) to work on /home/vboxuser/airflow_venv/lib/python3.12/site-packages/airflow/example_dags/example_python_operator.py
[2024-10-12T08:12:06.359+0000] {processor.py:914} INFO - Processing file /home/vboxuser/airflow_venv/lib/python3.12/site-packages/airflow/example_dags/example_python_operator.py for tasks to queue
[2024-10-12T08:12:06.365+0000] {logging_mixin.py:190} INFO - [2024-10-12T08:12:06.364+0000] {dagbag.py:588} INFO - Filling up the DagBag from /home/vboxuser/airflow_venv/lib/python3.12/site-packages/airflow/example_dags/example_python_operator.py
[2024-10-12T08:12:06.380+0000] {logging_mixin.py:190} INFO - [2024-10-12T08:12:06.379+0000] {example_python_operator.py:93} WARNING - The virtalenv_python example task requires virtualenv, please install it.
[2024-10-12T08:12:06.386+0000] {processor.py:925} INFO - DAG(s) 'example_python_operator' retrieved from /home/vboxuser/airflow_venv/lib/python3.12/site-packages/airflow/example_dags/example_python_operator.py
[2024-10-12T08:12:06.422+0000] {logging_mixin.py:190} INFO - [2024-10-12T08:12:06.422+0000] {dag.py:3239} INFO - Sync 1 DAGs
[2024-10-12T08:12:06.450+0000] {logging_mixin.py:190} INFO - [2024-10-12T08:12:06.450+0000] {dag.py:4180} INFO - Setting next_dagrun for example_python_operator to None, run_after=None
[2024-10-12T08:12:06.513+0000] {processor.py:208} INFO - Processing /home/vboxuser/airflow_venv/lib/python3.12/site-packages/airflow/example_dags/example_python_operator.py took 0.172 seconds
[2024-10-12T08:13:16.506+0000] {processor.py:186} INFO - Started process (PID=14460) to work on /home/vboxuser/airflow_venv/lib/python3.12/site-packages/airflow/example_dags/example_python_operator.py
[2024-10-12T08:13:16.513+0000] {processor.py:914} INFO - Processing file /home/vboxuser/airflow_venv/lib/python3.12/site-packages/airflow/example_dags/example_python_operator.py for tasks to queue
[2024-10-12T08:13:16.518+0000] {logging_mixin.py:190} INFO - [2024-10-12T08:13:16.517+0000] {dagbag.py:588} INFO - Filling up the DagBag from /home/vboxuser/airflow_venv/lib/python3.12/site-packages/airflow/example_dags/example_python_operator.py
[2024-10-12T08:13:16.532+0000] {logging_mixin.py:190} INFO - [2024-10-12T08:13:16.531+0000] {example_python_operator.py:93} WARNING - The virtalenv_python example task requires virtualenv, please install it.
[2024-10-12T08:13:16.538+0000] {processor.py:925} INFO - DAG(s) 'example_python_operator' retrieved from /home/vboxuser/airflow_venv/lib/python3.12/site-packages/airflow/example_dags/example_python_operator.py
[2024-10-12T08:13:16.567+0000] {logging_mixin.py:190} INFO - [2024-10-12T08:13:16.567+0000] {dag.py:3239} INFO - Sync 1 DAGs
[2024-10-12T08:13:16.585+0000] {logging_mixin.py:190} INFO - [2024-10-12T08:13:16.585+0000] {dag.py:4180} INFO - Setting next_dagrun for example_python_operator to None, run_after=None
[2024-10-12T08:13:16.651+0000] {processor.py:208} INFO - Processing /home/vboxuser/airflow_venv/lib/python3.12/site-packages/airflow/example_dags/example_python_operator.py took 0.158 seconds
[2024-10-12T08:14:30.109+0000] {processor.py:186} INFO - Started process (PID=14522) to work on /home/vboxuser/airflow_venv/lib/python3.12/site-packages/airflow/example_dags/example_python_operator.py
[2024-10-12T08:14:30.115+0000] {processor.py:914} INFO - Processing file /home/vboxuser/airflow_venv/lib/python3.12/site-packages/airflow/example_dags/example_python_operator.py for tasks to queue
[2024-10-12T08:14:30.124+0000] {logging_mixin.py:190} INFO - [2024-10-12T08:14:30.123+0000] {dagbag.py:588} INFO - Filling up the DagBag from /home/vboxuser/airflow_venv/lib/python3.12/site-packages/airflow/example_dags/example_python_operator.py
[2024-10-12T08:14:30.139+0000] {logging_mixin.py:190} INFO - [2024-10-12T08:14:30.139+0000] {example_python_operator.py:93} WARNING - The virtalenv_python example task requires virtualenv, please install it.
[2024-10-12T08:14:30.144+0000] {processor.py:925} INFO - DAG(s) 'example_python_operator' retrieved from /home/vboxuser/airflow_venv/lib/python3.12/site-packages/airflow/example_dags/example_python_operator.py
[2024-10-12T08:14:30.174+0000] {logging_mixin.py:190} INFO - [2024-10-12T08:14:30.173+0000] {dag.py:3239} INFO - Sync 1 DAGs
[2024-10-12T08:14:30.199+0000] {logging_mixin.py:190} INFO - [2024-10-12T08:14:30.199+0000] {dag.py:4180} INFO - Setting next_dagrun for example_python_operator to None, run_after=None
[2024-10-12T08:14:30.265+0000] {processor.py:208} INFO - Processing /home/vboxuser/airflow_venv/lib/python3.12/site-packages/airflow/example_dags/example_python_operator.py took 0.181 seconds
[2024-10-12T08:15:45.443+0000] {processor.py:186} INFO - Started process (PID=14588) to work on /home/vboxuser/airflow_venv/lib/python3.12/site-packages/airflow/example_dags/example_python_operator.py
[2024-10-12T08:15:45.449+0000] {processor.py:914} INFO - Processing file /home/vboxuser/airflow_venv/lib/python3.12/site-packages/airflow/example_dags/example_python_operator.py for tasks to queue
[2024-10-12T08:15:45.453+0000] {logging_mixin.py:190} INFO - [2024-10-12T08:15:45.453+0000] {dagbag.py:588} INFO - Filling up the DagBag from /home/vboxuser/airflow_venv/lib/python3.12/site-packages/airflow/example_dags/example_python_operator.py
[2024-10-12T08:15:45.470+0000] {logging_mixin.py:190} INFO - [2024-10-12T08:15:45.469+0000] {example_python_operator.py:93} WARNING - The virtalenv_python example task requires virtualenv, please install it.
[2024-10-12T08:15:45.476+0000] {processor.py:925} INFO - DAG(s) 'example_python_operator' retrieved from /home/vboxuser/airflow_venv/lib/python3.12/site-packages/airflow/example_dags/example_python_operator.py
[2024-10-12T08:15:45.517+0000] {logging_mixin.py:190} INFO - [2024-10-12T08:15:45.517+0000] {dag.py:3239} INFO - Sync 1 DAGs
[2024-10-12T08:15:45.550+0000] {logging_mixin.py:190} INFO - [2024-10-12T08:15:45.549+0000] {dag.py:4180} INFO - Setting next_dagrun for example_python_operator to None, run_after=None
[2024-10-12T08:15:45.623+0000] {processor.py:208} INFO - Processing /home/vboxuser/airflow_venv/lib/python3.12/site-packages/airflow/example_dags/example_python_operator.py took 0.193 seconds
[2024-10-12T08:16:57.850+0000] {processor.py:186} INFO - Started process (PID=14651) to work on /home/vboxuser/airflow_venv/lib/python3.12/site-packages/airflow/example_dags/example_python_operator.py
[2024-10-12T08:16:57.857+0000] {processor.py:914} INFO - Processing file /home/vboxuser/airflow_venv/lib/python3.12/site-packages/airflow/example_dags/example_python_operator.py for tasks to queue
[2024-10-12T08:16:57.866+0000] {logging_mixin.py:190} INFO - [2024-10-12T08:16:57.864+0000] {dagbag.py:588} INFO - Filling up the DagBag from /home/vboxuser/airflow_venv/lib/python3.12/site-packages/airflow/example_dags/example_python_operator.py
[2024-10-12T08:16:57.884+0000] {logging_mixin.py:190} INFO - [2024-10-12T08:16:57.884+0000] {example_python_operator.py:93} WARNING - The virtalenv_python example task requires virtualenv, please install it.
[2024-10-12T08:16:57.890+0000] {processor.py:925} INFO - DAG(s) 'example_python_operator' retrieved from /home/vboxuser/airflow_venv/lib/python3.12/site-packages/airflow/example_dags/example_python_operator.py
[2024-10-12T08:16:57.930+0000] {logging_mixin.py:190} INFO - [2024-10-12T08:16:57.930+0000] {dag.py:3239} INFO - Sync 1 DAGs
[2024-10-12T08:16:57.957+0000] {logging_mixin.py:190} INFO - [2024-10-12T08:16:57.957+0000] {dag.py:4180} INFO - Setting next_dagrun for example_python_operator to None, run_after=None
[2024-10-12T08:16:58.021+0000] {processor.py:208} INFO - Processing /home/vboxuser/airflow_venv/lib/python3.12/site-packages/airflow/example_dags/example_python_operator.py took 0.187 seconds
