[2024-10-12T07:08:49.034+0000] {processor.py:186} INFO - Started process (PID=11306) to work on /home/vboxuser/airflow_venv/lib/python3.12/site-packages/airflow/example_dags/example_trigger_target_dag.py
[2024-10-12T07:08:49.036+0000] {processor.py:914} INFO - Processing file /home/vboxuser/airflow_venv/lib/python3.12/site-packages/airflow/example_dags/example_trigger_target_dag.py for tasks to queue
[2024-10-12T07:08:49.039+0000] {logging_mixin.py:190} INFO - [2024-10-12T07:08:49.039+0000] {dagbag.py:588} INFO - Filling up the DagBag from /home/vboxuser/airflow_venv/lib/python3.12/site-packages/airflow/example_dags/example_trigger_target_dag.py
[2024-10-12T07:08:49.056+0000] {processor.py:925} INFO - DAG(s) 'example_trigger_target_dag' retrieved from /home/vboxuser/airflow_venv/lib/python3.12/site-packages/airflow/example_dags/example_trigger_target_dag.py
[2024-10-12T07:08:49.251+0000] {logging_mixin.py:190} INFO - [2024-10-12T07:08:49.250+0000] {override.py:1901} INFO - Created Permission View: can delete on DAG:example_trigger_target_dag
[2024-10-12T07:08:49.281+0000] {logging_mixin.py:190} INFO - [2024-10-12T07:08:49.280+0000] {override.py:1901} INFO - Created Permission View: can read on DAG:example_trigger_target_dag
[2024-10-12T07:08:49.304+0000] {logging_mixin.py:190} INFO - [2024-10-12T07:08:49.303+0000] {override.py:1901} INFO - Created Permission View: can edit on DAG:example_trigger_target_dag
[2024-10-12T07:08:49.344+0000] {logging_mixin.py:190} INFO - [2024-10-12T07:08:49.343+0000] {override.py:1901} INFO - Created Permission View: can delete on DAG Run:example_trigger_target_dag
[2024-10-12T07:08:49.366+0000] {logging_mixin.py:190} INFO - [2024-10-12T07:08:49.366+0000] {override.py:1901} INFO - Created Permission View: can read on DAG Run:example_trigger_target_dag
[2024-10-12T07:08:49.390+0000] {logging_mixin.py:190} INFO - [2024-10-12T07:08:49.390+0000] {override.py:1901} INFO - Created Permission View: menu access on DAG Run:example_trigger_target_dag
[2024-10-12T07:08:49.411+0000] {logging_mixin.py:190} INFO - [2024-10-12T07:08:49.411+0000] {override.py:1901} INFO - Created Permission View: can create on DAG Run:example_trigger_target_dag
[2024-10-12T07:08:49.412+0000] {logging_mixin.py:190} INFO - [2024-10-12T07:08:49.411+0000] {dag.py:3239} INFO - Sync 1 DAGs
[2024-10-12T07:08:49.433+0000] {logging_mixin.py:190} INFO - [2024-10-12T07:08:49.432+0000] {dag.py:3262} INFO - Creating ORM DAG for example_trigger_target_dag
[2024-10-12T07:08:49.433+0000] {logging_mixin.py:190} INFO - [2024-10-12T07:08:49.433+0000] {dag.py:4180} INFO - Setting next_dagrun for example_trigger_target_dag to None, run_after=None
[2024-10-12T07:08:49.487+0000] {processor.py:208} INFO - Processing /home/vboxuser/airflow_venv/lib/python3.12/site-packages/airflow/example_dags/example_trigger_target_dag.py took 0.462 seconds
[2024-10-12T07:09:58.984+0000] {processor.py:186} INFO - Started process (PID=11366) to work on /home/vboxuser/airflow_venv/lib/python3.12/site-packages/airflow/example_dags/example_trigger_target_dag.py
[2024-10-12T07:09:58.990+0000] {processor.py:914} INFO - Processing file /home/vboxuser/airflow_venv/lib/python3.12/site-packages/airflow/example_dags/example_trigger_target_dag.py for tasks to queue
[2024-10-12T07:09:58.994+0000] {logging_mixin.py:190} INFO - [2024-10-12T07:09:58.993+0000] {dagbag.py:588} INFO - Filling up the DagBag from /home/vboxuser/airflow_venv/lib/python3.12/site-packages/airflow/example_dags/example_trigger_target_dag.py
[2024-10-12T07:09:59.007+0000] {processor.py:925} INFO - DAG(s) 'example_trigger_target_dag' retrieved from /home/vboxuser/airflow_venv/lib/python3.12/site-packages/airflow/example_dags/example_trigger_target_dag.py
[2024-10-12T07:09:59.030+0000] {logging_mixin.py:190} INFO - [2024-10-12T07:09:59.030+0000] {dag.py:3239} INFO - Sync 1 DAGs
[2024-10-12T07:09:59.047+0000] {logging_mixin.py:190} INFO - [2024-10-12T07:09:59.046+0000] {dag.py:4180} INFO - Setting next_dagrun for example_trigger_target_dag to None, run_after=None
[2024-10-12T07:09:59.085+0000] {processor.py:208} INFO - Processing /home/vboxuser/airflow_venv/lib/python3.12/site-packages/airflow/example_dags/example_trigger_target_dag.py took 0.111 seconds
[2024-10-12T07:11:00.956+0000] {processor.py:186} INFO - Started process (PID=11426) to work on /home/vboxuser/airflow_venv/lib/python3.12/site-packages/airflow/example_dags/example_trigger_target_dag.py
[2024-10-12T07:11:00.959+0000] {processor.py:914} INFO - Processing file /home/vboxuser/airflow_venv/lib/python3.12/site-packages/airflow/example_dags/example_trigger_target_dag.py for tasks to queue
[2024-10-12T07:11:00.963+0000] {logging_mixin.py:190} INFO - [2024-10-12T07:11:00.962+0000] {dagbag.py:588} INFO - Filling up the DagBag from /home/vboxuser/airflow_venv/lib/python3.12/site-packages/airflow/example_dags/example_trigger_target_dag.py
[2024-10-12T07:11:00.980+0000] {processor.py:925} INFO - DAG(s) 'example_trigger_target_dag' retrieved from /home/vboxuser/airflow_venv/lib/python3.12/site-packages/airflow/example_dags/example_trigger_target_dag.py
[2024-10-12T07:11:01.002+0000] {logging_mixin.py:190} INFO - [2024-10-12T07:11:01.002+0000] {dag.py:3239} INFO - Sync 1 DAGs
[2024-10-12T07:11:01.015+0000] {logging_mixin.py:190} INFO - [2024-10-12T07:11:01.015+0000] {dag.py:4180} INFO - Setting next_dagrun for example_trigger_target_dag to None, run_after=None
[2024-10-12T07:11:01.048+0000] {processor.py:208} INFO - Processing /home/vboxuser/airflow_venv/lib/python3.12/site-packages/airflow/example_dags/example_trigger_target_dag.py took 0.101 seconds
[2024-10-12T07:12:09.760+0000] {processor.py:186} INFO - Started process (PID=11487) to work on /home/vboxuser/airflow_venv/lib/python3.12/site-packages/airflow/example_dags/example_trigger_target_dag.py
[2024-10-12T07:12:09.763+0000] {processor.py:914} INFO - Processing file /home/vboxuser/airflow_venv/lib/python3.12/site-packages/airflow/example_dags/example_trigger_target_dag.py for tasks to queue
[2024-10-12T07:12:09.766+0000] {logging_mixin.py:190} INFO - [2024-10-12T07:12:09.766+0000] {dagbag.py:588} INFO - Filling up the DagBag from /home/vboxuser/airflow_venv/lib/python3.12/site-packages/airflow/example_dags/example_trigger_target_dag.py
[2024-10-12T07:12:09.778+0000] {processor.py:925} INFO - DAG(s) 'example_trigger_target_dag' retrieved from /home/vboxuser/airflow_venv/lib/python3.12/site-packages/airflow/example_dags/example_trigger_target_dag.py
[2024-10-12T07:12:09.799+0000] {logging_mixin.py:190} INFO - [2024-10-12T07:12:09.799+0000] {dag.py:3239} INFO - Sync 1 DAGs
[2024-10-12T07:12:09.818+0000] {logging_mixin.py:190} INFO - [2024-10-12T07:12:09.818+0000] {dag.py:4180} INFO - Setting next_dagrun for example_trigger_target_dag to None, run_after=None
[2024-10-12T07:12:09.853+0000] {processor.py:208} INFO - Processing /home/vboxuser/airflow_venv/lib/python3.12/site-packages/airflow/example_dags/example_trigger_target_dag.py took 0.106 seconds
[2024-10-12T07:13:10.608+0000] {processor.py:186} INFO - Started process (PID=11544) to work on /home/vboxuser/airflow_venv/lib/python3.12/site-packages/airflow/example_dags/example_trigger_target_dag.py
[2024-10-12T07:13:10.610+0000] {processor.py:914} INFO - Processing file /home/vboxuser/airflow_venv/lib/python3.12/site-packages/airflow/example_dags/example_trigger_target_dag.py for tasks to queue
[2024-10-12T07:13:10.613+0000] {logging_mixin.py:190} INFO - [2024-10-12T07:13:10.613+0000] {dagbag.py:588} INFO - Filling up the DagBag from /home/vboxuser/airflow_venv/lib/python3.12/site-packages/airflow/example_dags/example_trigger_target_dag.py
[2024-10-12T07:13:10.623+0000] {processor.py:925} INFO - DAG(s) 'example_trigger_target_dag' retrieved from /home/vboxuser/airflow_venv/lib/python3.12/site-packages/airflow/example_dags/example_trigger_target_dag.py
[2024-10-12T07:13:10.640+0000] {logging_mixin.py:190} INFO - [2024-10-12T07:13:10.640+0000] {dag.py:3239} INFO - Sync 1 DAGs
[2024-10-12T07:13:10.661+0000] {logging_mixin.py:190} INFO - [2024-10-12T07:13:10.660+0000] {dag.py:4180} INFO - Setting next_dagrun for example_trigger_target_dag to None, run_after=None
[2024-10-12T07:13:10.720+0000] {processor.py:208} INFO - Processing /home/vboxuser/airflow_venv/lib/python3.12/site-packages/airflow/example_dags/example_trigger_target_dag.py took 0.121 seconds
[2024-10-12T07:14:16.252+0000] {processor.py:186} INFO - Started process (PID=11686) to work on /home/vboxuser/airflow_venv/lib/python3.12/site-packages/airflow/example_dags/example_trigger_target_dag.py
[2024-10-12T07:14:16.259+0000] {processor.py:914} INFO - Processing file /home/vboxuser/airflow_venv/lib/python3.12/site-packages/airflow/example_dags/example_trigger_target_dag.py for tasks to queue
[2024-10-12T07:14:16.264+0000] {logging_mixin.py:190} INFO - [2024-10-12T07:14:16.264+0000] {dagbag.py:588} INFO - Filling up the DagBag from /home/vboxuser/airflow_venv/lib/python3.12/site-packages/airflow/example_dags/example_trigger_target_dag.py
[2024-10-12T07:14:16.281+0000] {processor.py:925} INFO - DAG(s) 'example_trigger_target_dag' retrieved from /home/vboxuser/airflow_venv/lib/python3.12/site-packages/airflow/example_dags/example_trigger_target_dag.py
[2024-10-12T07:14:16.305+0000] {logging_mixin.py:190} INFO - [2024-10-12T07:14:16.305+0000] {dag.py:3239} INFO - Sync 1 DAGs
[2024-10-12T07:14:16.320+0000] {logging_mixin.py:190} INFO - [2024-10-12T07:14:16.319+0000] {dag.py:4180} INFO - Setting next_dagrun for example_trigger_target_dag to None, run_after=None
[2024-10-12T07:14:16.356+0000] {processor.py:208} INFO - Processing /home/vboxuser/airflow_venv/lib/python3.12/site-packages/airflow/example_dags/example_trigger_target_dag.py took 0.115 seconds
[2024-10-12T07:15:31.471+0000] {processor.py:186} INFO - Started process (PID=11762) to work on /home/vboxuser/airflow_venv/lib/python3.12/site-packages/airflow/example_dags/example_trigger_target_dag.py
[2024-10-12T07:15:31.473+0000] {processor.py:914} INFO - Processing file /home/vboxuser/airflow_venv/lib/python3.12/site-packages/airflow/example_dags/example_trigger_target_dag.py for tasks to queue
[2024-10-12T07:15:31.477+0000] {logging_mixin.py:190} INFO - [2024-10-12T07:15:31.476+0000] {dagbag.py:588} INFO - Filling up the DagBag from /home/vboxuser/airflow_venv/lib/python3.12/site-packages/airflow/example_dags/example_trigger_target_dag.py
[2024-10-12T07:15:31.658+0000] {processor.py:925} INFO - DAG(s) 'example_trigger_target_dag' retrieved from /home/vboxuser/airflow_venv/lib/python3.12/site-packages/airflow/example_dags/example_trigger_target_dag.py
[2024-10-12T07:15:31.680+0000] {logging_mixin.py:190} INFO - [2024-10-12T07:15:31.679+0000] {dag.py:3239} INFO - Sync 1 DAGs
[2024-10-12T07:15:31.699+0000] {logging_mixin.py:190} INFO - [2024-10-12T07:15:31.698+0000] {dag.py:4180} INFO - Setting next_dagrun for example_trigger_target_dag to None, run_after=None
[2024-10-12T07:15:31.733+0000] {processor.py:208} INFO - Processing /home/vboxuser/airflow_venv/lib/python3.12/site-packages/airflow/example_dags/example_trigger_target_dag.py took 0.271 seconds
[2024-10-12T07:16:35.588+0000] {processor.py:186} INFO - Started process (PID=11820) to work on /home/vboxuser/airflow_venv/lib/python3.12/site-packages/airflow/example_dags/example_trigger_target_dag.py
[2024-10-12T07:16:35.590+0000] {processor.py:914} INFO - Processing file /home/vboxuser/airflow_venv/lib/python3.12/site-packages/airflow/example_dags/example_trigger_target_dag.py for tasks to queue
[2024-10-12T07:16:35.594+0000] {logging_mixin.py:190} INFO - [2024-10-12T07:16:35.593+0000] {dagbag.py:588} INFO - Filling up the DagBag from /home/vboxuser/airflow_venv/lib/python3.12/site-packages/airflow/example_dags/example_trigger_target_dag.py
[2024-10-12T07:16:35.606+0000] {processor.py:925} INFO - DAG(s) 'example_trigger_target_dag' retrieved from /home/vboxuser/airflow_venv/lib/python3.12/site-packages/airflow/example_dags/example_trigger_target_dag.py
[2024-10-12T07:16:35.623+0000] {logging_mixin.py:190} INFO - [2024-10-12T07:16:35.623+0000] {dag.py:3239} INFO - Sync 1 DAGs
[2024-10-12T07:16:35.637+0000] {logging_mixin.py:190} INFO - [2024-10-12T07:16:35.637+0000] {dag.py:4180} INFO - Setting next_dagrun for example_trigger_target_dag to None, run_after=None
[2024-10-12T07:16:35.669+0000] {processor.py:208} INFO - Processing /home/vboxuser/airflow_venv/lib/python3.12/site-packages/airflow/example_dags/example_trigger_target_dag.py took 0.094 seconds
[2024-10-12T07:17:40.936+0000] {processor.py:186} INFO - Started process (PID=11883) to work on /home/vboxuser/airflow_venv/lib/python3.12/site-packages/airflow/example_dags/example_trigger_target_dag.py
[2024-10-12T07:17:40.941+0000] {processor.py:914} INFO - Processing file /home/vboxuser/airflow_venv/lib/python3.12/site-packages/airflow/example_dags/example_trigger_target_dag.py for tasks to queue
[2024-10-12T07:17:40.945+0000] {logging_mixin.py:190} INFO - [2024-10-12T07:17:40.944+0000] {dagbag.py:588} INFO - Filling up the DagBag from /home/vboxuser/airflow_venv/lib/python3.12/site-packages/airflow/example_dags/example_trigger_target_dag.py
[2024-10-12T07:17:40.961+0000] {processor.py:925} INFO - DAG(s) 'example_trigger_target_dag' retrieved from /home/vboxuser/airflow_venv/lib/python3.12/site-packages/airflow/example_dags/example_trigger_target_dag.py
[2024-10-12T07:17:40.984+0000] {logging_mixin.py:190} INFO - [2024-10-12T07:17:40.983+0000] {dag.py:3239} INFO - Sync 1 DAGs
[2024-10-12T07:17:40.998+0000] {logging_mixin.py:190} INFO - [2024-10-12T07:17:40.997+0000] {dag.py:4180} INFO - Setting next_dagrun for example_trigger_target_dag to None, run_after=None
[2024-10-12T07:17:41.032+0000] {processor.py:208} INFO - Processing /home/vboxuser/airflow_venv/lib/python3.12/site-packages/airflow/example_dags/example_trigger_target_dag.py took 0.105 seconds
[2024-10-12T07:18:42.186+0000] {processor.py:186} INFO - Started process (PID=11940) to work on /home/vboxuser/airflow_venv/lib/python3.12/site-packages/airflow/example_dags/example_trigger_target_dag.py
[2024-10-12T07:18:42.188+0000] {processor.py:914} INFO - Processing file /home/vboxuser/airflow_venv/lib/python3.12/site-packages/airflow/example_dags/example_trigger_target_dag.py for tasks to queue
[2024-10-12T07:18:42.191+0000] {logging_mixin.py:190} INFO - [2024-10-12T07:18:42.191+0000] {dagbag.py:588} INFO - Filling up the DagBag from /home/vboxuser/airflow_venv/lib/python3.12/site-packages/airflow/example_dags/example_trigger_target_dag.py
[2024-10-12T07:18:42.205+0000] {processor.py:925} INFO - DAG(s) 'example_trigger_target_dag' retrieved from /home/vboxuser/airflow_venv/lib/python3.12/site-packages/airflow/example_dags/example_trigger_target_dag.py
[2024-10-12T07:18:42.228+0000] {logging_mixin.py:190} INFO - [2024-10-12T07:18:42.228+0000] {dag.py:3239} INFO - Sync 1 DAGs
[2024-10-12T07:18:42.242+0000] {logging_mixin.py:190} INFO - [2024-10-12T07:18:42.242+0000] {dag.py:4180} INFO - Setting next_dagrun for example_trigger_target_dag to None, run_after=None
[2024-10-12T07:18:42.274+0000] {processor.py:208} INFO - Processing /home/vboxuser/airflow_venv/lib/python3.12/site-packages/airflow/example_dags/example_trigger_target_dag.py took 0.098 seconds
[2024-10-12T07:19:44.258+0000] {processor.py:186} INFO - Started process (PID=11997) to work on /home/vboxuser/airflow_venv/lib/python3.12/site-packages/airflow/example_dags/example_trigger_target_dag.py
[2024-10-12T07:19:44.259+0000] {processor.py:914} INFO - Processing file /home/vboxuser/airflow_venv/lib/python3.12/site-packages/airflow/example_dags/example_trigger_target_dag.py for tasks to queue
[2024-10-12T07:19:44.262+0000] {logging_mixin.py:190} INFO - [2024-10-12T07:19:44.262+0000] {dagbag.py:588} INFO - Filling up the DagBag from /home/vboxuser/airflow_venv/lib/python3.12/site-packages/airflow/example_dags/example_trigger_target_dag.py
[2024-10-12T07:19:44.275+0000] {processor.py:925} INFO - DAG(s) 'example_trigger_target_dag' retrieved from /home/vboxuser/airflow_venv/lib/python3.12/site-packages/airflow/example_dags/example_trigger_target_dag.py
[2024-10-12T07:19:44.295+0000] {logging_mixin.py:190} INFO - [2024-10-12T07:19:44.295+0000] {dag.py:3239} INFO - Sync 1 DAGs
[2024-10-12T07:19:44.310+0000] {logging_mixin.py:190} INFO - [2024-10-12T07:19:44.309+0000] {dag.py:4180} INFO - Setting next_dagrun for example_trigger_target_dag to None, run_after=None
[2024-10-12T07:19:44.347+0000] {processor.py:208} INFO - Processing /home/vboxuser/airflow_venv/lib/python3.12/site-packages/airflow/example_dags/example_trigger_target_dag.py took 0.096 seconds
[2024-10-12T07:20:51.173+0000] {processor.py:186} INFO - Started process (PID=12062) to work on /home/vboxuser/airflow_venv/lib/python3.12/site-packages/airflow/example_dags/example_trigger_target_dag.py
[2024-10-12T07:20:51.179+0000] {processor.py:914} INFO - Processing file /home/vboxuser/airflow_venv/lib/python3.12/site-packages/airflow/example_dags/example_trigger_target_dag.py for tasks to queue
[2024-10-12T07:20:51.184+0000] {logging_mixin.py:190} INFO - [2024-10-12T07:20:51.183+0000] {dagbag.py:588} INFO - Filling up the DagBag from /home/vboxuser/airflow_venv/lib/python3.12/site-packages/airflow/example_dags/example_trigger_target_dag.py
[2024-10-12T07:20:51.196+0000] {processor.py:925} INFO - DAG(s) 'example_trigger_target_dag' retrieved from /home/vboxuser/airflow_venv/lib/python3.12/site-packages/airflow/example_dags/example_trigger_target_dag.py
[2024-10-12T07:20:51.213+0000] {logging_mixin.py:190} INFO - [2024-10-12T07:20:51.213+0000] {dag.py:3239} INFO - Sync 1 DAGs
[2024-10-12T07:20:51.227+0000] {logging_mixin.py:190} INFO - [2024-10-12T07:20:51.226+0000] {dag.py:4180} INFO - Setting next_dagrun for example_trigger_target_dag to None, run_after=None
[2024-10-12T07:20:51.259+0000] {processor.py:208} INFO - Processing /home/vboxuser/airflow_venv/lib/python3.12/site-packages/airflow/example_dags/example_trigger_target_dag.py took 0.099 seconds
[2024-10-12T07:21:57.492+0000] {processor.py:186} INFO - Started process (PID=12122) to work on /home/vboxuser/airflow_venv/lib/python3.12/site-packages/airflow/example_dags/example_trigger_target_dag.py
[2024-10-12T07:21:57.495+0000] {processor.py:914} INFO - Processing file /home/vboxuser/airflow_venv/lib/python3.12/site-packages/airflow/example_dags/example_trigger_target_dag.py for tasks to queue
[2024-10-12T07:21:57.497+0000] {logging_mixin.py:190} INFO - [2024-10-12T07:21:57.497+0000] {dagbag.py:588} INFO - Filling up the DagBag from /home/vboxuser/airflow_venv/lib/python3.12/site-packages/airflow/example_dags/example_trigger_target_dag.py
[2024-10-12T07:21:57.514+0000] {processor.py:925} INFO - DAG(s) 'example_trigger_target_dag' retrieved from /home/vboxuser/airflow_venv/lib/python3.12/site-packages/airflow/example_dags/example_trigger_target_dag.py
[2024-10-12T07:21:57.544+0000] {logging_mixin.py:190} INFO - [2024-10-12T07:21:57.544+0000] {dag.py:3239} INFO - Sync 1 DAGs
[2024-10-12T07:21:57.557+0000] {logging_mixin.py:190} INFO - [2024-10-12T07:21:57.557+0000] {dag.py:4180} INFO - Setting next_dagrun for example_trigger_target_dag to None, run_after=None
[2024-10-12T07:21:57.595+0000] {processor.py:208} INFO - Processing /home/vboxuser/airflow_venv/lib/python3.12/site-packages/airflow/example_dags/example_trigger_target_dag.py took 0.116 seconds
[2024-10-12T07:23:06.679+0000] {processor.py:186} INFO - Started process (PID=12183) to work on /home/vboxuser/airflow_venv/lib/python3.12/site-packages/airflow/example_dags/example_trigger_target_dag.py
[2024-10-12T07:23:06.681+0000] {processor.py:914} INFO - Processing file /home/vboxuser/airflow_venv/lib/python3.12/site-packages/airflow/example_dags/example_trigger_target_dag.py for tasks to queue
[2024-10-12T07:23:06.686+0000] {logging_mixin.py:190} INFO - [2024-10-12T07:23:06.685+0000] {dagbag.py:588} INFO - Filling up the DagBag from /home/vboxuser/airflow_venv/lib/python3.12/site-packages/airflow/example_dags/example_trigger_target_dag.py
[2024-10-12T07:23:06.705+0000] {processor.py:925} INFO - DAG(s) 'example_trigger_target_dag' retrieved from /home/vboxuser/airflow_venv/lib/python3.12/site-packages/airflow/example_dags/example_trigger_target_dag.py
[2024-10-12T07:23:06.726+0000] {logging_mixin.py:190} INFO - [2024-10-12T07:23:06.725+0000] {dag.py:3239} INFO - Sync 1 DAGs
[2024-10-12T07:23:06.741+0000] {logging_mixin.py:190} INFO - [2024-10-12T07:23:06.741+0000] {dag.py:4180} INFO - Setting next_dagrun for example_trigger_target_dag to None, run_after=None
[2024-10-12T07:23:06.773+0000] {processor.py:208} INFO - Processing /home/vboxuser/airflow_venv/lib/python3.12/site-packages/airflow/example_dags/example_trigger_target_dag.py took 0.106 seconds
[2024-10-12T07:24:17.202+0000] {processor.py:186} INFO - Started process (PID=12245) to work on /home/vboxuser/airflow_venv/lib/python3.12/site-packages/airflow/example_dags/example_trigger_target_dag.py
[2024-10-12T07:24:17.209+0000] {processor.py:914} INFO - Processing file /home/vboxuser/airflow_venv/lib/python3.12/site-packages/airflow/example_dags/example_trigger_target_dag.py for tasks to queue
[2024-10-12T07:24:17.213+0000] {logging_mixin.py:190} INFO - [2024-10-12T07:24:17.213+0000] {dagbag.py:588} INFO - Filling up the DagBag from /home/vboxuser/airflow_venv/lib/python3.12/site-packages/airflow/example_dags/example_trigger_target_dag.py
[2024-10-12T07:24:17.228+0000] {processor.py:925} INFO - DAG(s) 'example_trigger_target_dag' retrieved from /home/vboxuser/airflow_venv/lib/python3.12/site-packages/airflow/example_dags/example_trigger_target_dag.py
[2024-10-12T07:24:17.249+0000] {logging_mixin.py:190} INFO - [2024-10-12T07:24:17.249+0000] {dag.py:3239} INFO - Sync 1 DAGs
[2024-10-12T07:24:17.265+0000] {logging_mixin.py:190} INFO - [2024-10-12T07:24:17.265+0000] {dag.py:4180} INFO - Setting next_dagrun for example_trigger_target_dag to None, run_after=None
[2024-10-12T07:24:17.300+0000] {processor.py:208} INFO - Processing /home/vboxuser/airflow_venv/lib/python3.12/site-packages/airflow/example_dags/example_trigger_target_dag.py took 0.112 seconds
[2024-10-12T07:25:23.832+0000] {processor.py:186} INFO - Started process (PID=12307) to work on /home/vboxuser/airflow_venv/lib/python3.12/site-packages/airflow/example_dags/example_trigger_target_dag.py
[2024-10-12T07:25:23.835+0000] {processor.py:914} INFO - Processing file /home/vboxuser/airflow_venv/lib/python3.12/site-packages/airflow/example_dags/example_trigger_target_dag.py for tasks to queue
[2024-10-12T07:25:23.839+0000] {logging_mixin.py:190} INFO - [2024-10-12T07:25:23.838+0000] {dagbag.py:588} INFO - Filling up the DagBag from /home/vboxuser/airflow_venv/lib/python3.12/site-packages/airflow/example_dags/example_trigger_target_dag.py
[2024-10-12T07:25:23.851+0000] {processor.py:925} INFO - DAG(s) 'example_trigger_target_dag' retrieved from /home/vboxuser/airflow_venv/lib/python3.12/site-packages/airflow/example_dags/example_trigger_target_dag.py
[2024-10-12T07:25:23.870+0000] {logging_mixin.py:190} INFO - [2024-10-12T07:25:23.869+0000] {dag.py:3239} INFO - Sync 1 DAGs
[2024-10-12T07:25:23.883+0000] {logging_mixin.py:190} INFO - [2024-10-12T07:25:23.883+0000] {dag.py:4180} INFO - Setting next_dagrun for example_trigger_target_dag to None, run_after=None
[2024-10-12T07:25:23.921+0000] {processor.py:208} INFO - Processing /home/vboxuser/airflow_venv/lib/python3.12/site-packages/airflow/example_dags/example_trigger_target_dag.py took 0.096 seconds
[2024-10-12T07:26:35.279+0000] {processor.py:186} INFO - Started process (PID=12373) to work on /home/vboxuser/airflow_venv/lib/python3.12/site-packages/airflow/example_dags/example_trigger_target_dag.py
[2024-10-12T07:26:35.282+0000] {processor.py:914} INFO - Processing file /home/vboxuser/airflow_venv/lib/python3.12/site-packages/airflow/example_dags/example_trigger_target_dag.py for tasks to queue
[2024-10-12T07:26:35.286+0000] {logging_mixin.py:190} INFO - [2024-10-12T07:26:35.286+0000] {dagbag.py:588} INFO - Filling up the DagBag from /home/vboxuser/airflow_venv/lib/python3.12/site-packages/airflow/example_dags/example_trigger_target_dag.py
[2024-10-12T07:26:35.303+0000] {processor.py:925} INFO - DAG(s) 'example_trigger_target_dag' retrieved from /home/vboxuser/airflow_venv/lib/python3.12/site-packages/airflow/example_dags/example_trigger_target_dag.py
[2024-10-12T07:26:35.331+0000] {logging_mixin.py:190} INFO - [2024-10-12T07:26:35.331+0000] {dag.py:3239} INFO - Sync 1 DAGs
[2024-10-12T07:26:35.354+0000] {logging_mixin.py:190} INFO - [2024-10-12T07:26:35.354+0000] {dag.py:4180} INFO - Setting next_dagrun for example_trigger_target_dag to None, run_after=None
[2024-10-12T07:26:35.396+0000] {processor.py:208} INFO - Processing /home/vboxuser/airflow_venv/lib/python3.12/site-packages/airflow/example_dags/example_trigger_target_dag.py took 0.129 seconds
[2024-10-12T07:27:49.455+0000] {processor.py:186} INFO - Started process (PID=12435) to work on /home/vboxuser/airflow_venv/lib/python3.12/site-packages/airflow/example_dags/example_trigger_target_dag.py
[2024-10-12T07:27:49.459+0000] {processor.py:914} INFO - Processing file /home/vboxuser/airflow_venv/lib/python3.12/site-packages/airflow/example_dags/example_trigger_target_dag.py for tasks to queue
[2024-10-12T07:27:49.465+0000] {logging_mixin.py:190} INFO - [2024-10-12T07:27:49.464+0000] {dagbag.py:588} INFO - Filling up the DagBag from /home/vboxuser/airflow_venv/lib/python3.12/site-packages/airflow/example_dags/example_trigger_target_dag.py
[2024-10-12T07:27:49.481+0000] {processor.py:925} INFO - DAG(s) 'example_trigger_target_dag' retrieved from /home/vboxuser/airflow_venv/lib/python3.12/site-packages/airflow/example_dags/example_trigger_target_dag.py
[2024-10-12T07:27:49.506+0000] {logging_mixin.py:190} INFO - [2024-10-12T07:27:49.506+0000] {dag.py:3239} INFO - Sync 1 DAGs
[2024-10-12T07:27:49.529+0000] {logging_mixin.py:190} INFO - [2024-10-12T07:27:49.528+0000] {dag.py:4180} INFO - Setting next_dagrun for example_trigger_target_dag to None, run_after=None
[2024-10-12T07:27:49.567+0000] {processor.py:208} INFO - Processing /home/vboxuser/airflow_venv/lib/python3.12/site-packages/airflow/example_dags/example_trigger_target_dag.py took 0.124 seconds
[2024-10-12T07:28:53.782+0000] {processor.py:186} INFO - Started process (PID=12493) to work on /home/vboxuser/airflow_venv/lib/python3.12/site-packages/airflow/example_dags/example_trigger_target_dag.py
[2024-10-12T07:28:53.785+0000] {processor.py:914} INFO - Processing file /home/vboxuser/airflow_venv/lib/python3.12/site-packages/airflow/example_dags/example_trigger_target_dag.py for tasks to queue
[2024-10-12T07:28:53.788+0000] {logging_mixin.py:190} INFO - [2024-10-12T07:28:53.788+0000] {dagbag.py:588} INFO - Filling up the DagBag from /home/vboxuser/airflow_venv/lib/python3.12/site-packages/airflow/example_dags/example_trigger_target_dag.py
[2024-10-12T07:28:53.802+0000] {processor.py:925} INFO - DAG(s) 'example_trigger_target_dag' retrieved from /home/vboxuser/airflow_venv/lib/python3.12/site-packages/airflow/example_dags/example_trigger_target_dag.py
[2024-10-12T07:28:53.822+0000] {logging_mixin.py:190} INFO - [2024-10-12T07:28:53.822+0000] {dag.py:3239} INFO - Sync 1 DAGs
[2024-10-12T07:28:53.837+0000] {logging_mixin.py:190} INFO - [2024-10-12T07:28:53.837+0000] {dag.py:4180} INFO - Setting next_dagrun for example_trigger_target_dag to None, run_after=None
[2024-10-12T07:28:53.873+0000] {processor.py:208} INFO - Processing /home/vboxuser/airflow_venv/lib/python3.12/site-packages/airflow/example_dags/example_trigger_target_dag.py took 0.102 seconds
[2024-10-12T07:30:02.422+0000] {processor.py:186} INFO - Started process (PID=12565) to work on /home/vboxuser/airflow_venv/lib/python3.12/site-packages/airflow/example_dags/example_trigger_target_dag.py
[2024-10-12T07:30:02.425+0000] {processor.py:914} INFO - Processing file /home/vboxuser/airflow_venv/lib/python3.12/site-packages/airflow/example_dags/example_trigger_target_dag.py for tasks to queue
[2024-10-12T07:30:02.427+0000] {logging_mixin.py:190} INFO - [2024-10-12T07:30:02.427+0000] {dagbag.py:588} INFO - Filling up the DagBag from /home/vboxuser/airflow_venv/lib/python3.12/site-packages/airflow/example_dags/example_trigger_target_dag.py
[2024-10-12T07:30:02.437+0000] {processor.py:925} INFO - DAG(s) 'example_trigger_target_dag' retrieved from /home/vboxuser/airflow_venv/lib/python3.12/site-packages/airflow/example_dags/example_trigger_target_dag.py
[2024-10-12T07:30:02.454+0000] {logging_mixin.py:190} INFO - [2024-10-12T07:30:02.454+0000] {dag.py:3239} INFO - Sync 1 DAGs
[2024-10-12T07:30:02.468+0000] {logging_mixin.py:190} INFO - [2024-10-12T07:30:02.468+0000] {dag.py:4180} INFO - Setting next_dagrun for example_trigger_target_dag to None, run_after=None
[2024-10-12T07:30:02.504+0000] {processor.py:208} INFO - Processing /home/vboxuser/airflow_venv/lib/python3.12/site-packages/airflow/example_dags/example_trigger_target_dag.py took 0.092 seconds
[2024-10-12T07:31:15.572+0000] {processor.py:186} INFO - Started process (PID=12637) to work on /home/vboxuser/airflow_venv/lib/python3.12/site-packages/airflow/example_dags/example_trigger_target_dag.py
[2024-10-12T07:31:15.575+0000] {processor.py:914} INFO - Processing file /home/vboxuser/airflow_venv/lib/python3.12/site-packages/airflow/example_dags/example_trigger_target_dag.py for tasks to queue
[2024-10-12T07:31:15.578+0000] {logging_mixin.py:190} INFO - [2024-10-12T07:31:15.577+0000] {dagbag.py:588} INFO - Filling up the DagBag from /home/vboxuser/airflow_venv/lib/python3.12/site-packages/airflow/example_dags/example_trigger_target_dag.py
[2024-10-12T07:31:15.590+0000] {processor.py:925} INFO - DAG(s) 'example_trigger_target_dag' retrieved from /home/vboxuser/airflow_venv/lib/python3.12/site-packages/airflow/example_dags/example_trigger_target_dag.py
[2024-10-12T07:31:15.608+0000] {logging_mixin.py:190} INFO - [2024-10-12T07:31:15.607+0000] {dag.py:3239} INFO - Sync 1 DAGs
[2024-10-12T07:31:15.621+0000] {logging_mixin.py:190} INFO - [2024-10-12T07:31:15.620+0000] {dag.py:4180} INFO - Setting next_dagrun for example_trigger_target_dag to None, run_after=None
[2024-10-12T07:31:15.653+0000] {processor.py:208} INFO - Processing /home/vboxuser/airflow_venv/lib/python3.12/site-packages/airflow/example_dags/example_trigger_target_dag.py took 0.088 seconds
[2024-10-12T07:32:20.919+0000] {processor.py:186} INFO - Started process (PID=12706) to work on /home/vboxuser/airflow_venv/lib/python3.12/site-packages/airflow/example_dags/example_trigger_target_dag.py
[2024-10-12T07:32:20.921+0000] {processor.py:914} INFO - Processing file /home/vboxuser/airflow_venv/lib/python3.12/site-packages/airflow/example_dags/example_trigger_target_dag.py for tasks to queue
[2024-10-12T07:32:20.924+0000] {logging_mixin.py:190} INFO - [2024-10-12T07:32:20.924+0000] {dagbag.py:588} INFO - Filling up the DagBag from /home/vboxuser/airflow_venv/lib/python3.12/site-packages/airflow/example_dags/example_trigger_target_dag.py
[2024-10-12T07:32:20.936+0000] {processor.py:925} INFO - DAG(s) 'example_trigger_target_dag' retrieved from /home/vboxuser/airflow_venv/lib/python3.12/site-packages/airflow/example_dags/example_trigger_target_dag.py
[2024-10-12T07:32:20.961+0000] {logging_mixin.py:190} INFO - [2024-10-12T07:32:20.961+0000] {dag.py:3239} INFO - Sync 1 DAGs
[2024-10-12T07:32:20.976+0000] {logging_mixin.py:190} INFO - [2024-10-12T07:32:20.976+0000] {dag.py:4180} INFO - Setting next_dagrun for example_trigger_target_dag to None, run_after=None
[2024-10-12T07:32:21.014+0000] {processor.py:208} INFO - Processing /home/vboxuser/airflow_venv/lib/python3.12/site-packages/airflow/example_dags/example_trigger_target_dag.py took 0.102 seconds
[2024-10-12T07:33:24.238+0000] {processor.py:186} INFO - Started process (PID=12764) to work on /home/vboxuser/airflow_venv/lib/python3.12/site-packages/airflow/example_dags/example_trigger_target_dag.py
[2024-10-12T07:33:24.241+0000] {processor.py:914} INFO - Processing file /home/vboxuser/airflow_venv/lib/python3.12/site-packages/airflow/example_dags/example_trigger_target_dag.py for tasks to queue
[2024-10-12T07:33:24.245+0000] {logging_mixin.py:190} INFO - [2024-10-12T07:33:24.244+0000] {dagbag.py:588} INFO - Filling up the DagBag from /home/vboxuser/airflow_venv/lib/python3.12/site-packages/airflow/example_dags/example_trigger_target_dag.py
[2024-10-12T07:33:24.261+0000] {processor.py:925} INFO - DAG(s) 'example_trigger_target_dag' retrieved from /home/vboxuser/airflow_venv/lib/python3.12/site-packages/airflow/example_dags/example_trigger_target_dag.py
[2024-10-12T07:33:24.282+0000] {logging_mixin.py:190} INFO - [2024-10-12T07:33:24.282+0000] {dag.py:3239} INFO - Sync 1 DAGs
[2024-10-12T07:33:24.303+0000] {logging_mixin.py:190} INFO - [2024-10-12T07:33:24.303+0000] {dag.py:4180} INFO - Setting next_dagrun for example_trigger_target_dag to None, run_after=None
[2024-10-12T07:33:24.342+0000] {processor.py:208} INFO - Processing /home/vboxuser/airflow_venv/lib/python3.12/site-packages/airflow/example_dags/example_trigger_target_dag.py took 0.115 seconds
[2024-10-12T07:34:26.806+0000] {processor.py:186} INFO - Started process (PID=12822) to work on /home/vboxuser/airflow_venv/lib/python3.12/site-packages/airflow/example_dags/example_trigger_target_dag.py
[2024-10-12T07:34:26.812+0000] {processor.py:914} INFO - Processing file /home/vboxuser/airflow_venv/lib/python3.12/site-packages/airflow/example_dags/example_trigger_target_dag.py for tasks to queue
[2024-10-12T07:34:26.815+0000] {logging_mixin.py:190} INFO - [2024-10-12T07:34:26.814+0000] {dagbag.py:588} INFO - Filling up the DagBag from /home/vboxuser/airflow_venv/lib/python3.12/site-packages/airflow/example_dags/example_trigger_target_dag.py
[2024-10-12T07:34:26.826+0000] {processor.py:925} INFO - DAG(s) 'example_trigger_target_dag' retrieved from /home/vboxuser/airflow_venv/lib/python3.12/site-packages/airflow/example_dags/example_trigger_target_dag.py
[2024-10-12T07:34:26.848+0000] {logging_mixin.py:190} INFO - [2024-10-12T07:34:26.848+0000] {dag.py:3239} INFO - Sync 1 DAGs
[2024-10-12T07:34:26.870+0000] {logging_mixin.py:190} INFO - [2024-10-12T07:34:26.869+0000] {dag.py:4180} INFO - Setting next_dagrun for example_trigger_target_dag to None, run_after=None
[2024-10-12T07:34:26.909+0000] {processor.py:208} INFO - Processing /home/vboxuser/airflow_venv/lib/python3.12/site-packages/airflow/example_dags/example_trigger_target_dag.py took 0.110 seconds
[2024-10-12T07:47:12.802+0000] {processor.py:186} INFO - Started process (PID=12915) to work on /home/vboxuser/airflow_venv/lib/python3.12/site-packages/airflow/example_dags/example_trigger_target_dag.py
[2024-10-12T07:47:12.805+0000] {processor.py:914} INFO - Processing file /home/vboxuser/airflow_venv/lib/python3.12/site-packages/airflow/example_dags/example_trigger_target_dag.py for tasks to queue
[2024-10-12T07:47:12.809+0000] {logging_mixin.py:190} INFO - [2024-10-12T07:47:12.808+0000] {dagbag.py:588} INFO - Filling up the DagBag from /home/vboxuser/airflow_venv/lib/python3.12/site-packages/airflow/example_dags/example_trigger_target_dag.py
[2024-10-12T07:47:12.824+0000] {processor.py:925} INFO - DAG(s) 'example_trigger_target_dag' retrieved from /home/vboxuser/airflow_venv/lib/python3.12/site-packages/airflow/example_dags/example_trigger_target_dag.py
[2024-10-12T07:47:12.850+0000] {logging_mixin.py:190} INFO - [2024-10-12T07:47:12.849+0000] {dag.py:3239} INFO - Sync 1 DAGs
[2024-10-12T07:47:12.869+0000] {logging_mixin.py:190} INFO - [2024-10-12T07:47:12.869+0000] {dag.py:4180} INFO - Setting next_dagrun for example_trigger_target_dag to None, run_after=None
[2024-10-12T07:47:12.913+0000] {processor.py:208} INFO - Processing /home/vboxuser/airflow_venv/lib/python3.12/site-packages/airflow/example_dags/example_trigger_target_dag.py took 0.121 seconds
[2024-10-12T07:48:14.979+0000] {processor.py:186} INFO - Started process (PID=12968) to work on /home/vboxuser/airflow_venv/lib/python3.12/site-packages/airflow/example_dags/example_trigger_target_dag.py
[2024-10-12T07:48:14.983+0000] {processor.py:914} INFO - Processing file /home/vboxuser/airflow_venv/lib/python3.12/site-packages/airflow/example_dags/example_trigger_target_dag.py for tasks to queue
[2024-10-12T07:48:14.987+0000] {logging_mixin.py:190} INFO - [2024-10-12T07:48:14.987+0000] {dagbag.py:588} INFO - Filling up the DagBag from /home/vboxuser/airflow_venv/lib/python3.12/site-packages/airflow/example_dags/example_trigger_target_dag.py
[2024-10-12T07:48:15.005+0000] {processor.py:925} INFO - DAG(s) 'example_trigger_target_dag' retrieved from /home/vboxuser/airflow_venv/lib/python3.12/site-packages/airflow/example_dags/example_trigger_target_dag.py
[2024-10-12T07:48:15.033+0000] {logging_mixin.py:190} INFO - [2024-10-12T07:48:15.032+0000] {dag.py:3239} INFO - Sync 1 DAGs
[2024-10-12T07:48:15.057+0000] {logging_mixin.py:190} INFO - [2024-10-12T07:48:15.057+0000] {dag.py:4180} INFO - Setting next_dagrun for example_trigger_target_dag to None, run_after=None
[2024-10-12T07:48:15.104+0000] {processor.py:208} INFO - Processing /home/vboxuser/airflow_venv/lib/python3.12/site-packages/airflow/example_dags/example_trigger_target_dag.py took 0.137 seconds
[2024-10-12T07:49:20.665+0000] {processor.py:186} INFO - Started process (PID=13027) to work on /home/vboxuser/airflow_venv/lib/python3.12/site-packages/airflow/example_dags/example_trigger_target_dag.py
[2024-10-12T07:49:20.670+0000] {processor.py:914} INFO - Processing file /home/vboxuser/airflow_venv/lib/python3.12/site-packages/airflow/example_dags/example_trigger_target_dag.py for tasks to queue
[2024-10-12T07:49:20.674+0000] {logging_mixin.py:190} INFO - [2024-10-12T07:49:20.673+0000] {dagbag.py:588} INFO - Filling up the DagBag from /home/vboxuser/airflow_venv/lib/python3.12/site-packages/airflow/example_dags/example_trigger_target_dag.py
[2024-10-12T07:49:20.687+0000] {processor.py:925} INFO - DAG(s) 'example_trigger_target_dag' retrieved from /home/vboxuser/airflow_venv/lib/python3.12/site-packages/airflow/example_dags/example_trigger_target_dag.py
[2024-10-12T07:49:20.711+0000] {logging_mixin.py:190} INFO - [2024-10-12T07:49:20.711+0000] {dag.py:3239} INFO - Sync 1 DAGs
[2024-10-12T07:49:20.729+0000] {logging_mixin.py:190} INFO - [2024-10-12T07:49:20.729+0000] {dag.py:4180} INFO - Setting next_dagrun for example_trigger_target_dag to None, run_after=None
[2024-10-12T07:49:20.768+0000] {processor.py:208} INFO - Processing /home/vboxuser/airflow_venv/lib/python3.12/site-packages/airflow/example_dags/example_trigger_target_dag.py took 0.113 seconds
[2024-10-12T07:50:30.172+0000] {processor.py:186} INFO - Started process (PID=13090) to work on /home/vboxuser/airflow_venv/lib/python3.12/site-packages/airflow/example_dags/example_trigger_target_dag.py
[2024-10-12T07:50:30.175+0000] {processor.py:914} INFO - Processing file /home/vboxuser/airflow_venv/lib/python3.12/site-packages/airflow/example_dags/example_trigger_target_dag.py for tasks to queue
[2024-10-12T07:50:30.179+0000] {logging_mixin.py:190} INFO - [2024-10-12T07:50:30.178+0000] {dagbag.py:588} INFO - Filling up the DagBag from /home/vboxuser/airflow_venv/lib/python3.12/site-packages/airflow/example_dags/example_trigger_target_dag.py
[2024-10-12T07:50:30.195+0000] {processor.py:925} INFO - DAG(s) 'example_trigger_target_dag' retrieved from /home/vboxuser/airflow_venv/lib/python3.12/site-packages/airflow/example_dags/example_trigger_target_dag.py
[2024-10-12T07:50:30.219+0000] {logging_mixin.py:190} INFO - [2024-10-12T07:50:30.219+0000] {dag.py:3239} INFO - Sync 1 DAGs
[2024-10-12T07:50:30.238+0000] {logging_mixin.py:190} INFO - [2024-10-12T07:50:30.238+0000] {dag.py:4180} INFO - Setting next_dagrun for example_trigger_target_dag to None, run_after=None
[2024-10-12T07:50:30.284+0000] {processor.py:208} INFO - Processing /home/vboxuser/airflow_venv/lib/python3.12/site-packages/airflow/example_dags/example_trigger_target_dag.py took 0.122 seconds
[2024-10-12T07:51:39.568+0000] {processor.py:186} INFO - Started process (PID=13225) to work on /home/vboxuser/airflow_venv/lib/python3.12/site-packages/airflow/example_dags/example_trigger_target_dag.py
[2024-10-12T07:51:39.571+0000] {processor.py:914} INFO - Processing file /home/vboxuser/airflow_venv/lib/python3.12/site-packages/airflow/example_dags/example_trigger_target_dag.py for tasks to queue
[2024-10-12T07:51:39.575+0000] {logging_mixin.py:190} INFO - [2024-10-12T07:51:39.575+0000] {dagbag.py:588} INFO - Filling up the DagBag from /home/vboxuser/airflow_venv/lib/python3.12/site-packages/airflow/example_dags/example_trigger_target_dag.py
[2024-10-12T07:51:39.588+0000] {processor.py:925} INFO - DAG(s) 'example_trigger_target_dag' retrieved from /home/vboxuser/airflow_venv/lib/python3.12/site-packages/airflow/example_dags/example_trigger_target_dag.py
[2024-10-12T07:51:39.616+0000] {logging_mixin.py:190} INFO - [2024-10-12T07:51:39.615+0000] {dag.py:3239} INFO - Sync 1 DAGs
[2024-10-12T07:51:39.635+0000] {logging_mixin.py:190} INFO - [2024-10-12T07:51:39.634+0000] {dag.py:4180} INFO - Setting next_dagrun for example_trigger_target_dag to None, run_after=None
[2024-10-12T07:51:39.678+0000] {processor.py:208} INFO - Processing /home/vboxuser/airflow_venv/lib/python3.12/site-packages/airflow/example_dags/example_trigger_target_dag.py took 0.122 seconds
[2024-10-12T07:52:51.051+0000] {processor.py:186} INFO - Started process (PID=13301) to work on /home/vboxuser/airflow_venv/lib/python3.12/site-packages/airflow/example_dags/example_trigger_target_dag.py
[2024-10-12T07:52:51.056+0000] {processor.py:914} INFO - Processing file /home/vboxuser/airflow_venv/lib/python3.12/site-packages/airflow/example_dags/example_trigger_target_dag.py for tasks to queue
[2024-10-12T07:52:51.060+0000] {logging_mixin.py:190} INFO - [2024-10-12T07:52:51.059+0000] {dagbag.py:588} INFO - Filling up the DagBag from /home/vboxuser/airflow_venv/lib/python3.12/site-packages/airflow/example_dags/example_trigger_target_dag.py
[2024-10-12T07:52:51.074+0000] {processor.py:925} INFO - DAG(s) 'example_trigger_target_dag' retrieved from /home/vboxuser/airflow_venv/lib/python3.12/site-packages/airflow/example_dags/example_trigger_target_dag.py
[2024-10-12T07:52:51.100+0000] {logging_mixin.py:190} INFO - [2024-10-12T07:52:51.099+0000] {dag.py:3239} INFO - Sync 1 DAGs
[2024-10-12T07:52:51.122+0000] {logging_mixin.py:190} INFO - [2024-10-12T07:52:51.121+0000] {dag.py:4180} INFO - Setting next_dagrun for example_trigger_target_dag to None, run_after=None
[2024-10-12T07:52:51.219+0000] {processor.py:208} INFO - Processing /home/vboxuser/airflow_venv/lib/python3.12/site-packages/airflow/example_dags/example_trigger_target_dag.py took 0.180 seconds
[2024-10-12T07:53:52.578+0000] {processor.py:186} INFO - Started process (PID=13370) to work on /home/vboxuser/airflow_venv/lib/python3.12/site-packages/airflow/example_dags/example_trigger_target_dag.py
[2024-10-12T07:53:52.581+0000] {processor.py:914} INFO - Processing file /home/vboxuser/airflow_venv/lib/python3.12/site-packages/airflow/example_dags/example_trigger_target_dag.py for tasks to queue
[2024-10-12T07:53:52.585+0000] {logging_mixin.py:190} INFO - [2024-10-12T07:53:52.584+0000] {dagbag.py:588} INFO - Filling up the DagBag from /home/vboxuser/airflow_venv/lib/python3.12/site-packages/airflow/example_dags/example_trigger_target_dag.py
[2024-10-12T07:53:52.599+0000] {processor.py:925} INFO - DAG(s) 'example_trigger_target_dag' retrieved from /home/vboxuser/airflow_venv/lib/python3.12/site-packages/airflow/example_dags/example_trigger_target_dag.py
[2024-10-12T07:53:52.627+0000] {logging_mixin.py:190} INFO - [2024-10-12T07:53:52.626+0000] {dag.py:3239} INFO - Sync 1 DAGs
[2024-10-12T07:53:52.646+0000] {logging_mixin.py:190} INFO - [2024-10-12T07:53:52.646+0000] {dag.py:4180} INFO - Setting next_dagrun for example_trigger_target_dag to None, run_after=None
[2024-10-12T07:53:52.693+0000] {processor.py:208} INFO - Processing /home/vboxuser/airflow_venv/lib/python3.12/site-packages/airflow/example_dags/example_trigger_target_dag.py took 0.126 seconds
[2024-10-12T07:54:56.440+0000] {processor.py:186} INFO - Started process (PID=13428) to work on /home/vboxuser/airflow_venv/lib/python3.12/site-packages/airflow/example_dags/example_trigger_target_dag.py
[2024-10-12T07:54:56.445+0000] {processor.py:914} INFO - Processing file /home/vboxuser/airflow_venv/lib/python3.12/site-packages/airflow/example_dags/example_trigger_target_dag.py for tasks to queue
[2024-10-12T07:54:56.448+0000] {logging_mixin.py:190} INFO - [2024-10-12T07:54:56.448+0000] {dagbag.py:588} INFO - Filling up the DagBag from /home/vboxuser/airflow_venv/lib/python3.12/site-packages/airflow/example_dags/example_trigger_target_dag.py
[2024-10-12T07:54:56.464+0000] {processor.py:925} INFO - DAG(s) 'example_trigger_target_dag' retrieved from /home/vboxuser/airflow_venv/lib/python3.12/site-packages/airflow/example_dags/example_trigger_target_dag.py
[2024-10-12T07:54:56.491+0000] {logging_mixin.py:190} INFO - [2024-10-12T07:54:56.490+0000] {dag.py:3239} INFO - Sync 1 DAGs
[2024-10-12T07:54:56.510+0000] {logging_mixin.py:190} INFO - [2024-10-12T07:54:56.509+0000] {dag.py:4180} INFO - Setting next_dagrun for example_trigger_target_dag to None, run_after=None
[2024-10-12T07:54:56.550+0000] {processor.py:208} INFO - Processing /home/vboxuser/airflow_venv/lib/python3.12/site-packages/airflow/example_dags/example_trigger_target_dag.py took 0.124 seconds
[2024-10-12T07:56:01.563+0000] {processor.py:186} INFO - Started process (PID=13495) to work on /home/vboxuser/airflow_venv/lib/python3.12/site-packages/airflow/example_dags/example_trigger_target_dag.py
[2024-10-12T07:56:01.568+0000] {processor.py:914} INFO - Processing file /home/vboxuser/airflow_venv/lib/python3.12/site-packages/airflow/example_dags/example_trigger_target_dag.py for tasks to queue
[2024-10-12T07:56:01.571+0000] {logging_mixin.py:190} INFO - [2024-10-12T07:56:01.570+0000] {dagbag.py:588} INFO - Filling up the DagBag from /home/vboxuser/airflow_venv/lib/python3.12/site-packages/airflow/example_dags/example_trigger_target_dag.py
[2024-10-12T07:56:01.584+0000] {processor.py:925} INFO - DAG(s) 'example_trigger_target_dag' retrieved from /home/vboxuser/airflow_venv/lib/python3.12/site-packages/airflow/example_dags/example_trigger_target_dag.py
[2024-10-12T07:56:01.615+0000] {logging_mixin.py:190} INFO - [2024-10-12T07:56:01.615+0000] {dag.py:3239} INFO - Sync 1 DAGs
[2024-10-12T07:56:01.631+0000] {logging_mixin.py:190} INFO - [2024-10-12T07:56:01.630+0000] {dag.py:4180} INFO - Setting next_dagrun for example_trigger_target_dag to None, run_after=None
[2024-10-12T07:56:01.666+0000] {processor.py:208} INFO - Processing /home/vboxuser/airflow_venv/lib/python3.12/site-packages/airflow/example_dags/example_trigger_target_dag.py took 0.110 seconds
[2024-10-12T07:57:08.831+0000] {processor.py:186} INFO - Started process (PID=13558) to work on /home/vboxuser/airflow_venv/lib/python3.12/site-packages/airflow/example_dags/example_trigger_target_dag.py
[2024-10-12T07:57:08.836+0000] {processor.py:914} INFO - Processing file /home/vboxuser/airflow_venv/lib/python3.12/site-packages/airflow/example_dags/example_trigger_target_dag.py for tasks to queue
[2024-10-12T07:57:08.839+0000] {logging_mixin.py:190} INFO - [2024-10-12T07:57:08.838+0000] {dagbag.py:588} INFO - Filling up the DagBag from /home/vboxuser/airflow_venv/lib/python3.12/site-packages/airflow/example_dags/example_trigger_target_dag.py
[2024-10-12T07:57:08.849+0000] {processor.py:925} INFO - DAG(s) 'example_trigger_target_dag' retrieved from /home/vboxuser/airflow_venv/lib/python3.12/site-packages/airflow/example_dags/example_trigger_target_dag.py
[2024-10-12T07:57:08.866+0000] {logging_mixin.py:190} INFO - [2024-10-12T07:57:08.866+0000] {dag.py:3239} INFO - Sync 1 DAGs
[2024-10-12T07:57:08.879+0000] {logging_mixin.py:190} INFO - [2024-10-12T07:57:08.879+0000] {dag.py:4180} INFO - Setting next_dagrun for example_trigger_target_dag to None, run_after=None
[2024-10-12T07:57:08.910+0000] {processor.py:208} INFO - Processing /home/vboxuser/airflow_venv/lib/python3.12/site-packages/airflow/example_dags/example_trigger_target_dag.py took 0.095 seconds
[2024-10-12T07:58:13.563+0000] {processor.py:186} INFO - Started process (PID=13628) to work on /home/vboxuser/airflow_venv/lib/python3.12/site-packages/airflow/example_dags/example_trigger_target_dag.py
[2024-10-12T07:58:13.570+0000] {processor.py:914} INFO - Processing file /home/vboxuser/airflow_venv/lib/python3.12/site-packages/airflow/example_dags/example_trigger_target_dag.py for tasks to queue
[2024-10-12T07:58:13.574+0000] {logging_mixin.py:190} INFO - [2024-10-12T07:58:13.574+0000] {dagbag.py:588} INFO - Filling up the DagBag from /home/vboxuser/airflow_venv/lib/python3.12/site-packages/airflow/example_dags/example_trigger_target_dag.py
[2024-10-12T07:58:13.585+0000] {processor.py:925} INFO - DAG(s) 'example_trigger_target_dag' retrieved from /home/vboxuser/airflow_venv/lib/python3.12/site-packages/airflow/example_dags/example_trigger_target_dag.py
[2024-10-12T07:58:13.603+0000] {logging_mixin.py:190} INFO - [2024-10-12T07:58:13.602+0000] {dag.py:3239} INFO - Sync 1 DAGs
[2024-10-12T07:58:13.615+0000] {logging_mixin.py:190} INFO - [2024-10-12T07:58:13.615+0000] {dag.py:4180} INFO - Setting next_dagrun for example_trigger_target_dag to None, run_after=None
[2024-10-12T07:58:13.648+0000] {processor.py:208} INFO - Processing /home/vboxuser/airflow_venv/lib/python3.12/site-packages/airflow/example_dags/example_trigger_target_dag.py took 0.092 seconds
[2024-10-12T07:59:12.622+0000] {processor.py:186} INFO - Started process (PID=13685) to work on /home/vboxuser/airflow_venv/lib/python3.12/site-packages/airflow/example_dags/example_trigger_target_dag.py
[2024-10-12T07:59:12.626+0000] {processor.py:914} INFO - Processing file /home/vboxuser/airflow_venv/lib/python3.12/site-packages/airflow/example_dags/example_trigger_target_dag.py for tasks to queue
[2024-10-12T07:59:12.631+0000] {logging_mixin.py:190} INFO - [2024-10-12T07:59:12.630+0000] {dagbag.py:588} INFO - Filling up the DagBag from /home/vboxuser/airflow_venv/lib/python3.12/site-packages/airflow/example_dags/example_trigger_target_dag.py
[2024-10-12T07:59:12.645+0000] {processor.py:925} INFO - DAG(s) 'example_trigger_target_dag' retrieved from /home/vboxuser/airflow_venv/lib/python3.12/site-packages/airflow/example_dags/example_trigger_target_dag.py
[2024-10-12T07:59:12.673+0000] {logging_mixin.py:190} INFO - [2024-10-12T07:59:12.672+0000] {dag.py:3239} INFO - Sync 1 DAGs
[2024-10-12T07:59:12.693+0000] {logging_mixin.py:190} INFO - [2024-10-12T07:59:12.692+0000] {dag.py:4180} INFO - Setting next_dagrun for example_trigger_target_dag to None, run_after=None
[2024-10-12T07:59:12.742+0000] {processor.py:208} INFO - Processing /home/vboxuser/airflow_venv/lib/python3.12/site-packages/airflow/example_dags/example_trigger_target_dag.py took 0.132 seconds
[2024-10-12T08:00:18.119+0000] {processor.py:186} INFO - Started process (PID=13744) to work on /home/vboxuser/airflow_venv/lib/python3.12/site-packages/airflow/example_dags/example_trigger_target_dag.py
[2024-10-12T08:00:18.125+0000] {processor.py:914} INFO - Processing file /home/vboxuser/airflow_venv/lib/python3.12/site-packages/airflow/example_dags/example_trigger_target_dag.py for tasks to queue
[2024-10-12T08:00:18.129+0000] {logging_mixin.py:190} INFO - [2024-10-12T08:00:18.128+0000] {dagbag.py:588} INFO - Filling up the DagBag from /home/vboxuser/airflow_venv/lib/python3.12/site-packages/airflow/example_dags/example_trigger_target_dag.py
[2024-10-12T08:00:18.143+0000] {processor.py:925} INFO - DAG(s) 'example_trigger_target_dag' retrieved from /home/vboxuser/airflow_venv/lib/python3.12/site-packages/airflow/example_dags/example_trigger_target_dag.py
[2024-10-12T08:00:18.166+0000] {logging_mixin.py:190} INFO - [2024-10-12T08:00:18.166+0000] {dag.py:3239} INFO - Sync 1 DAGs
[2024-10-12T08:00:18.186+0000] {logging_mixin.py:190} INFO - [2024-10-12T08:00:18.185+0000] {dag.py:4180} INFO - Setting next_dagrun for example_trigger_target_dag to None, run_after=None
[2024-10-12T08:00:18.223+0000] {processor.py:208} INFO - Processing /home/vboxuser/airflow_venv/lib/python3.12/site-packages/airflow/example_dags/example_trigger_target_dag.py took 0.115 seconds
[2024-10-12T08:01:21.302+0000] {processor.py:186} INFO - Started process (PID=13805) to work on /home/vboxuser/airflow_venv/lib/python3.12/site-packages/airflow/example_dags/example_trigger_target_dag.py
[2024-10-12T08:01:21.307+0000] {processor.py:914} INFO - Processing file /home/vboxuser/airflow_venv/lib/python3.12/site-packages/airflow/example_dags/example_trigger_target_dag.py for tasks to queue
[2024-10-12T08:01:21.312+0000] {logging_mixin.py:190} INFO - [2024-10-12T08:01:21.311+0000] {dagbag.py:588} INFO - Filling up the DagBag from /home/vboxuser/airflow_venv/lib/python3.12/site-packages/airflow/example_dags/example_trigger_target_dag.py
[2024-10-12T08:01:21.331+0000] {processor.py:925} INFO - DAG(s) 'example_trigger_target_dag' retrieved from /home/vboxuser/airflow_venv/lib/python3.12/site-packages/airflow/example_dags/example_trigger_target_dag.py
[2024-10-12T08:01:21.361+0000] {logging_mixin.py:190} INFO - [2024-10-12T08:01:21.361+0000] {dag.py:3239} INFO - Sync 1 DAGs
[2024-10-12T08:01:21.387+0000] {logging_mixin.py:190} INFO - [2024-10-12T08:01:21.386+0000] {dag.py:4180} INFO - Setting next_dagrun for example_trigger_target_dag to None, run_after=None
[2024-10-12T08:01:21.438+0000] {processor.py:208} INFO - Processing /home/vboxuser/airflow_venv/lib/python3.12/site-packages/airflow/example_dags/example_trigger_target_dag.py took 0.144 seconds
[2024-10-12T08:02:31.410+0000] {processor.py:186} INFO - Started process (PID=13866) to work on /home/vboxuser/airflow_venv/lib/python3.12/site-packages/airflow/example_dags/example_trigger_target_dag.py
[2024-10-12T08:02:31.415+0000] {processor.py:914} INFO - Processing file /home/vboxuser/airflow_venv/lib/python3.12/site-packages/airflow/example_dags/example_trigger_target_dag.py for tasks to queue
[2024-10-12T08:02:31.419+0000] {logging_mixin.py:190} INFO - [2024-10-12T08:02:31.418+0000] {dagbag.py:588} INFO - Filling up the DagBag from /home/vboxuser/airflow_venv/lib/python3.12/site-packages/airflow/example_dags/example_trigger_target_dag.py
[2024-10-12T08:02:31.433+0000] {processor.py:925} INFO - DAG(s) 'example_trigger_target_dag' retrieved from /home/vboxuser/airflow_venv/lib/python3.12/site-packages/airflow/example_dags/example_trigger_target_dag.py
[2024-10-12T08:02:31.458+0000] {logging_mixin.py:190} INFO - [2024-10-12T08:02:31.458+0000] {dag.py:3239} INFO - Sync 1 DAGs
[2024-10-12T08:02:31.482+0000] {logging_mixin.py:190} INFO - [2024-10-12T08:02:31.481+0000] {dag.py:4180} INFO - Setting next_dagrun for example_trigger_target_dag to None, run_after=None
[2024-10-12T08:02:31.556+0000] {processor.py:208} INFO - Processing /home/vboxuser/airflow_venv/lib/python3.12/site-packages/airflow/example_dags/example_trigger_target_dag.py took 0.156 seconds
[2024-10-12T08:03:33.950+0000] {processor.py:186} INFO - Started process (PID=13924) to work on /home/vboxuser/airflow_venv/lib/python3.12/site-packages/airflow/example_dags/example_trigger_target_dag.py
[2024-10-12T08:03:33.956+0000] {processor.py:914} INFO - Processing file /home/vboxuser/airflow_venv/lib/python3.12/site-packages/airflow/example_dags/example_trigger_target_dag.py for tasks to queue
[2024-10-12T08:03:33.961+0000] {logging_mixin.py:190} INFO - [2024-10-12T08:03:33.960+0000] {dagbag.py:588} INFO - Filling up the DagBag from /home/vboxuser/airflow_venv/lib/python3.12/site-packages/airflow/example_dags/example_trigger_target_dag.py
[2024-10-12T08:03:33.975+0000] {processor.py:925} INFO - DAG(s) 'example_trigger_target_dag' retrieved from /home/vboxuser/airflow_venv/lib/python3.12/site-packages/airflow/example_dags/example_trigger_target_dag.py
[2024-10-12T08:03:33.998+0000] {logging_mixin.py:190} INFO - [2024-10-12T08:03:33.998+0000] {dag.py:3239} INFO - Sync 1 DAGs
[2024-10-12T08:03:34.016+0000] {logging_mixin.py:190} INFO - [2024-10-12T08:03:34.015+0000] {dag.py:4180} INFO - Setting next_dagrun for example_trigger_target_dag to None, run_after=None
[2024-10-12T08:03:34.056+0000] {processor.py:208} INFO - Processing /home/vboxuser/airflow_venv/lib/python3.12/site-packages/airflow/example_dags/example_trigger_target_dag.py took 0.118 seconds
[2024-10-12T08:04:43.295+0000] {processor.py:186} INFO - Started process (PID=13998) to work on /home/vboxuser/airflow_venv/lib/python3.12/site-packages/airflow/example_dags/example_trigger_target_dag.py
[2024-10-12T08:04:43.300+0000] {processor.py:914} INFO - Processing file /home/vboxuser/airflow_venv/lib/python3.12/site-packages/airflow/example_dags/example_trigger_target_dag.py for tasks to queue
[2024-10-12T08:04:43.306+0000] {logging_mixin.py:190} INFO - [2024-10-12T08:04:43.305+0000] {dagbag.py:588} INFO - Filling up the DagBag from /home/vboxuser/airflow_venv/lib/python3.12/site-packages/airflow/example_dags/example_trigger_target_dag.py
[2024-10-12T08:04:43.324+0000] {processor.py:925} INFO - DAG(s) 'example_trigger_target_dag' retrieved from /home/vboxuser/airflow_venv/lib/python3.12/site-packages/airflow/example_dags/example_trigger_target_dag.py
[2024-10-12T08:04:43.347+0000] {logging_mixin.py:190} INFO - [2024-10-12T08:04:43.347+0000] {dag.py:3239} INFO - Sync 1 DAGs
[2024-10-12T08:04:43.365+0000] {logging_mixin.py:190} INFO - [2024-10-12T08:04:43.365+0000] {dag.py:4180} INFO - Setting next_dagrun for example_trigger_target_dag to None, run_after=None
[2024-10-12T08:04:43.403+0000] {processor.py:208} INFO - Processing /home/vboxuser/airflow_venv/lib/python3.12/site-packages/airflow/example_dags/example_trigger_target_dag.py took 0.120 seconds
[2024-10-12T08:05:52.442+0000] {processor.py:186} INFO - Started process (PID=14068) to work on /home/vboxuser/airflow_venv/lib/python3.12/site-packages/airflow/example_dags/example_trigger_target_dag.py
[2024-10-12T08:05:52.447+0000] {processor.py:914} INFO - Processing file /home/vboxuser/airflow_venv/lib/python3.12/site-packages/airflow/example_dags/example_trigger_target_dag.py for tasks to queue
[2024-10-12T08:05:52.452+0000] {logging_mixin.py:190} INFO - [2024-10-12T08:05:52.451+0000] {dagbag.py:588} INFO - Filling up the DagBag from /home/vboxuser/airflow_venv/lib/python3.12/site-packages/airflow/example_dags/example_trigger_target_dag.py
[2024-10-12T08:05:52.474+0000] {processor.py:925} INFO - DAG(s) 'example_trigger_target_dag' retrieved from /home/vboxuser/airflow_venv/lib/python3.12/site-packages/airflow/example_dags/example_trigger_target_dag.py
[2024-10-12T08:05:52.553+0000] {logging_mixin.py:190} INFO - [2024-10-12T08:05:52.552+0000] {dag.py:3239} INFO - Sync 1 DAGs
[2024-10-12T08:05:52.598+0000] {logging_mixin.py:190} INFO - [2024-10-12T08:05:52.597+0000] {dag.py:4180} INFO - Setting next_dagrun for example_trigger_target_dag to None, run_after=None
[2024-10-12T08:05:52.722+0000] {processor.py:208} INFO - Processing /home/vboxuser/airflow_venv/lib/python3.12/site-packages/airflow/example_dags/example_trigger_target_dag.py took 0.293 seconds
[2024-10-12T08:07:07.357+0000] {processor.py:186} INFO - Started process (PID=14133) to work on /home/vboxuser/airflow_venv/lib/python3.12/site-packages/airflow/example_dags/example_trigger_target_dag.py
[2024-10-12T08:07:07.364+0000] {processor.py:914} INFO - Processing file /home/vboxuser/airflow_venv/lib/python3.12/site-packages/airflow/example_dags/example_trigger_target_dag.py for tasks to queue
[2024-10-12T08:07:07.370+0000] {logging_mixin.py:190} INFO - [2024-10-12T08:07:07.369+0000] {dagbag.py:588} INFO - Filling up the DagBag from /home/vboxuser/airflow_venv/lib/python3.12/site-packages/airflow/example_dags/example_trigger_target_dag.py
[2024-10-12T08:07:07.391+0000] {processor.py:925} INFO - DAG(s) 'example_trigger_target_dag' retrieved from /home/vboxuser/airflow_venv/lib/python3.12/site-packages/airflow/example_dags/example_trigger_target_dag.py
[2024-10-12T08:07:07.443+0000] {logging_mixin.py:190} INFO - [2024-10-12T08:07:07.443+0000] {dag.py:3239} INFO - Sync 1 DAGs
[2024-10-12T08:07:07.493+0000] {logging_mixin.py:190} INFO - [2024-10-12T08:07:07.492+0000] {dag.py:4180} INFO - Setting next_dagrun for example_trigger_target_dag to None, run_after=None
[2024-10-12T08:07:07.580+0000] {processor.py:208} INFO - Processing /home/vboxuser/airflow_venv/lib/python3.12/site-packages/airflow/example_dags/example_trigger_target_dag.py took 0.240 seconds
[2024-10-12T08:08:21.061+0000] {processor.py:186} INFO - Started process (PID=14201) to work on /home/vboxuser/airflow_venv/lib/python3.12/site-packages/airflow/example_dags/example_trigger_target_dag.py
[2024-10-12T08:08:21.070+0000] {processor.py:914} INFO - Processing file /home/vboxuser/airflow_venv/lib/python3.12/site-packages/airflow/example_dags/example_trigger_target_dag.py for tasks to queue
[2024-10-12T08:08:21.076+0000] {logging_mixin.py:190} INFO - [2024-10-12T08:08:21.075+0000] {dagbag.py:588} INFO - Filling up the DagBag from /home/vboxuser/airflow_venv/lib/python3.12/site-packages/airflow/example_dags/example_trigger_target_dag.py
[2024-10-12T08:08:21.094+0000] {processor.py:925} INFO - DAG(s) 'example_trigger_target_dag' retrieved from /home/vboxuser/airflow_venv/lib/python3.12/site-packages/airflow/example_dags/example_trigger_target_dag.py
[2024-10-12T08:08:21.126+0000] {logging_mixin.py:190} INFO - [2024-10-12T08:08:21.125+0000] {dag.py:3239} INFO - Sync 1 DAGs
[2024-10-12T08:08:21.153+0000] {logging_mixin.py:190} INFO - [2024-10-12T08:08:21.153+0000] {dag.py:4180} INFO - Setting next_dagrun for example_trigger_target_dag to None, run_after=None
[2024-10-12T08:08:21.221+0000] {processor.py:208} INFO - Processing /home/vboxuser/airflow_venv/lib/python3.12/site-packages/airflow/example_dags/example_trigger_target_dag.py took 0.176 seconds
[2024-10-12T08:09:39.120+0000] {processor.py:186} INFO - Started process (PID=14265) to work on /home/vboxuser/airflow_venv/lib/python3.12/site-packages/airflow/example_dags/example_trigger_target_dag.py
[2024-10-12T08:09:39.127+0000] {processor.py:914} INFO - Processing file /home/vboxuser/airflow_venv/lib/python3.12/site-packages/airflow/example_dags/example_trigger_target_dag.py for tasks to queue
[2024-10-12T08:09:39.132+0000] {logging_mixin.py:190} INFO - [2024-10-12T08:09:39.131+0000] {dagbag.py:588} INFO - Filling up the DagBag from /home/vboxuser/airflow_venv/lib/python3.12/site-packages/airflow/example_dags/example_trigger_target_dag.py
[2024-10-12T08:09:39.151+0000] {processor.py:925} INFO - DAG(s) 'example_trigger_target_dag' retrieved from /home/vboxuser/airflow_venv/lib/python3.12/site-packages/airflow/example_dags/example_trigger_target_dag.py
[2024-10-12T08:09:39.186+0000] {logging_mixin.py:190} INFO - [2024-10-12T08:09:39.186+0000] {dag.py:3239} INFO - Sync 1 DAGs
[2024-10-12T08:09:39.217+0000] {logging_mixin.py:190} INFO - [2024-10-12T08:09:39.217+0000] {dag.py:4180} INFO - Setting next_dagrun for example_trigger_target_dag to None, run_after=None
[2024-10-12T08:09:39.268+0000] {processor.py:208} INFO - Processing /home/vboxuser/airflow_venv/lib/python3.12/site-packages/airflow/example_dags/example_trigger_target_dag.py took 0.162 seconds
[2024-10-12T08:10:55.283+0000] {processor.py:186} INFO - Started process (PID=14333) to work on /home/vboxuser/airflow_venv/lib/python3.12/site-packages/airflow/example_dags/example_trigger_target_dag.py
[2024-10-12T08:10:55.290+0000] {processor.py:914} INFO - Processing file /home/vboxuser/airflow_venv/lib/python3.12/site-packages/airflow/example_dags/example_trigger_target_dag.py for tasks to queue
[2024-10-12T08:10:55.295+0000] {logging_mixin.py:190} INFO - [2024-10-12T08:10:55.294+0000] {dagbag.py:588} INFO - Filling up the DagBag from /home/vboxuser/airflow_venv/lib/python3.12/site-packages/airflow/example_dags/example_trigger_target_dag.py
[2024-10-12T08:10:55.313+0000] {processor.py:925} INFO - DAG(s) 'example_trigger_target_dag' retrieved from /home/vboxuser/airflow_venv/lib/python3.12/site-packages/airflow/example_dags/example_trigger_target_dag.py
[2024-10-12T08:10:55.347+0000] {logging_mixin.py:190} INFO - [2024-10-12T08:10:55.347+0000] {dag.py:3239} INFO - Sync 1 DAGs
[2024-10-12T08:10:55.376+0000] {logging_mixin.py:190} INFO - [2024-10-12T08:10:55.376+0000] {dag.py:4180} INFO - Setting next_dagrun for example_trigger_target_dag to None, run_after=None
[2024-10-12T08:10:55.432+0000] {processor.py:208} INFO - Processing /home/vboxuser/airflow_venv/lib/python3.12/site-packages/airflow/example_dags/example_trigger_target_dag.py took 0.163 seconds
[2024-10-12T08:12:00.625+0000] {processor.py:186} INFO - Started process (PID=14393) to work on /home/vboxuser/airflow_venv/lib/python3.12/site-packages/airflow/example_dags/example_trigger_target_dag.py
[2024-10-12T08:12:00.628+0000] {processor.py:914} INFO - Processing file /home/vboxuser/airflow_venv/lib/python3.12/site-packages/airflow/example_dags/example_trigger_target_dag.py for tasks to queue
[2024-10-12T08:12:00.634+0000] {logging_mixin.py:190} INFO - [2024-10-12T08:12:00.633+0000] {dagbag.py:588} INFO - Filling up the DagBag from /home/vboxuser/airflow_venv/lib/python3.12/site-packages/airflow/example_dags/example_trigger_target_dag.py
[2024-10-12T08:12:00.654+0000] {processor.py:925} INFO - DAG(s) 'example_trigger_target_dag' retrieved from /home/vboxuser/airflow_venv/lib/python3.12/site-packages/airflow/example_dags/example_trigger_target_dag.py
[2024-10-12T08:12:00.690+0000] {logging_mixin.py:190} INFO - [2024-10-12T08:12:00.689+0000] {dag.py:3239} INFO - Sync 1 DAGs
[2024-10-12T08:12:00.718+0000] {logging_mixin.py:190} INFO - [2024-10-12T08:12:00.718+0000] {dag.py:4180} INFO - Setting next_dagrun for example_trigger_target_dag to None, run_after=None
[2024-10-12T08:12:00.784+0000] {processor.py:208} INFO - Processing /home/vboxuser/airflow_venv/lib/python3.12/site-packages/airflow/example_dags/example_trigger_target_dag.py took 0.172 seconds
[2024-10-12T08:13:09.931+0000] {processor.py:186} INFO - Started process (PID=14455) to work on /home/vboxuser/airflow_venv/lib/python3.12/site-packages/airflow/example_dags/example_trigger_target_dag.py
[2024-10-12T08:13:09.939+0000] {processor.py:914} INFO - Processing file /home/vboxuser/airflow_venv/lib/python3.12/site-packages/airflow/example_dags/example_trigger_target_dag.py for tasks to queue
[2024-10-12T08:13:09.944+0000] {logging_mixin.py:190} INFO - [2024-10-12T08:13:09.944+0000] {dagbag.py:588} INFO - Filling up the DagBag from /home/vboxuser/airflow_venv/lib/python3.12/site-packages/airflow/example_dags/example_trigger_target_dag.py
[2024-10-12T08:13:09.965+0000] {processor.py:925} INFO - DAG(s) 'example_trigger_target_dag' retrieved from /home/vboxuser/airflow_venv/lib/python3.12/site-packages/airflow/example_dags/example_trigger_target_dag.py
[2024-10-12T08:13:09.988+0000] {logging_mixin.py:190} INFO - [2024-10-12T08:13:09.987+0000] {dag.py:3239} INFO - Sync 1 DAGs
[2024-10-12T08:13:10.006+0000] {logging_mixin.py:190} INFO - [2024-10-12T08:13:10.006+0000] {dag.py:4180} INFO - Setting next_dagrun for example_trigger_target_dag to None, run_after=None
[2024-10-12T08:13:10.070+0000] {processor.py:208} INFO - Processing /home/vboxuser/airflow_venv/lib/python3.12/site-packages/airflow/example_dags/example_trigger_target_dag.py took 0.154 seconds
[2024-10-12T08:14:24.285+0000] {processor.py:186} INFO - Started process (PID=14517) to work on /home/vboxuser/airflow_venv/lib/python3.12/site-packages/airflow/example_dags/example_trigger_target_dag.py
[2024-10-12T08:14:24.291+0000] {processor.py:914} INFO - Processing file /home/vboxuser/airflow_venv/lib/python3.12/site-packages/airflow/example_dags/example_trigger_target_dag.py for tasks to queue
[2024-10-12T08:14:24.295+0000] {logging_mixin.py:190} INFO - [2024-10-12T08:14:24.294+0000] {dagbag.py:588} INFO - Filling up the DagBag from /home/vboxuser/airflow_venv/lib/python3.12/site-packages/airflow/example_dags/example_trigger_target_dag.py
[2024-10-12T08:14:24.309+0000] {processor.py:925} INFO - DAG(s) 'example_trigger_target_dag' retrieved from /home/vboxuser/airflow_venv/lib/python3.12/site-packages/airflow/example_dags/example_trigger_target_dag.py
[2024-10-12T08:14:24.336+0000] {logging_mixin.py:190} INFO - [2024-10-12T08:14:24.335+0000] {dag.py:3239} INFO - Sync 1 DAGs
[2024-10-12T08:14:24.355+0000] {logging_mixin.py:190} INFO - [2024-10-12T08:14:24.355+0000] {dag.py:4180} INFO - Setting next_dagrun for example_trigger_target_dag to None, run_after=None
[2024-10-12T08:14:24.403+0000] {processor.py:208} INFO - Processing /home/vboxuser/airflow_venv/lib/python3.12/site-packages/airflow/example_dags/example_trigger_target_dag.py took 0.140 seconds
[2024-10-12T08:15:40.025+0000] {processor.py:186} INFO - Started process (PID=14583) to work on /home/vboxuser/airflow_venv/lib/python3.12/site-packages/airflow/example_dags/example_trigger_target_dag.py
[2024-10-12T08:15:40.029+0000] {processor.py:914} INFO - Processing file /home/vboxuser/airflow_venv/lib/python3.12/site-packages/airflow/example_dags/example_trigger_target_dag.py for tasks to queue
[2024-10-12T08:15:40.033+0000] {logging_mixin.py:190} INFO - [2024-10-12T08:15:40.033+0000] {dagbag.py:588} INFO - Filling up the DagBag from /home/vboxuser/airflow_venv/lib/python3.12/site-packages/airflow/example_dags/example_trigger_target_dag.py
[2024-10-12T08:15:40.055+0000] {processor.py:925} INFO - DAG(s) 'example_trigger_target_dag' retrieved from /home/vboxuser/airflow_venv/lib/python3.12/site-packages/airflow/example_dags/example_trigger_target_dag.py
[2024-10-12T08:15:40.092+0000] {logging_mixin.py:190} INFO - [2024-10-12T08:15:40.091+0000] {dag.py:3239} INFO - Sync 1 DAGs
[2024-10-12T08:15:40.121+0000] {logging_mixin.py:190} INFO - [2024-10-12T08:15:40.121+0000] {dag.py:4180} INFO - Setting next_dagrun for example_trigger_target_dag to None, run_after=None
[2024-10-12T08:15:40.179+0000] {processor.py:208} INFO - Processing /home/vboxuser/airflow_venv/lib/python3.12/site-packages/airflow/example_dags/example_trigger_target_dag.py took 0.169 seconds
[2024-10-12T08:16:52.500+0000] {processor.py:186} INFO - Started process (PID=14646) to work on /home/vboxuser/airflow_venv/lib/python3.12/site-packages/airflow/example_dags/example_trigger_target_dag.py
[2024-10-12T08:16:52.508+0000] {processor.py:914} INFO - Processing file /home/vboxuser/airflow_venv/lib/python3.12/site-packages/airflow/example_dags/example_trigger_target_dag.py for tasks to queue
[2024-10-12T08:16:52.513+0000] {logging_mixin.py:190} INFO - [2024-10-12T08:16:52.512+0000] {dagbag.py:588} INFO - Filling up the DagBag from /home/vboxuser/airflow_venv/lib/python3.12/site-packages/airflow/example_dags/example_trigger_target_dag.py
[2024-10-12T08:16:52.532+0000] {processor.py:925} INFO - DAG(s) 'example_trigger_target_dag' retrieved from /home/vboxuser/airflow_venv/lib/python3.12/site-packages/airflow/example_dags/example_trigger_target_dag.py
[2024-10-12T08:16:52.568+0000] {logging_mixin.py:190} INFO - [2024-10-12T08:16:52.568+0000] {dag.py:3239} INFO - Sync 1 DAGs
[2024-10-12T08:16:52.600+0000] {logging_mixin.py:190} INFO - [2024-10-12T08:16:52.599+0000] {dag.py:4180} INFO - Setting next_dagrun for example_trigger_target_dag to None, run_after=None
[2024-10-12T08:16:52.666+0000] {processor.py:208} INFO - Processing /home/vboxuser/airflow_venv/lib/python3.12/site-packages/airflow/example_dags/example_trigger_target_dag.py took 0.177 seconds
