[2024-10-12T07:09:26.979+0000] {processor.py:186} INFO - Started process (PID=11334) to work on /home/vboxuser/airflow_venv/lib/python3.12/site-packages/airflow/example_dags/example_trigger_controller_dag.py
[2024-10-12T07:09:26.980+0000] {processor.py:914} INFO - Processing file /home/vboxuser/airflow_venv/lib/python3.12/site-packages/airflow/example_dags/example_trigger_controller_dag.py for tasks to queue
[2024-10-12T07:09:26.983+0000] {logging_mixin.py:190} INFO - [2024-10-12T07:09:26.982+0000] {dagbag.py:588} INFO - Filling up the DagBag from /home/vboxuser/airflow_venv/lib/python3.12/site-packages/airflow/example_dags/example_trigger_controller_dag.py
[2024-10-12T07:09:26.993+0000] {processor.py:925} INFO - DAG(s) 'example_trigger_controller_dag' retrieved from /home/vboxuser/airflow_venv/lib/python3.12/site-packages/airflow/example_dags/example_trigger_controller_dag.py
[2024-10-12T07:09:27.135+0000] {logging_mixin.py:190} INFO - [2024-10-12T07:09:27.134+0000] {override.py:1901} INFO - Created Permission View: can delete on DAG:example_trigger_controller_dag
[2024-10-12T07:09:27.156+0000] {logging_mixin.py:190} INFO - [2024-10-12T07:09:27.156+0000] {override.py:1901} INFO - Created Permission View: can read on DAG:example_trigger_controller_dag
[2024-10-12T07:09:27.174+0000] {logging_mixin.py:190} INFO - [2024-10-12T07:09:27.173+0000] {override.py:1901} INFO - Created Permission View: can edit on DAG:example_trigger_controller_dag
[2024-10-12T07:09:27.201+0000] {logging_mixin.py:190} INFO - [2024-10-12T07:09:27.201+0000] {override.py:1901} INFO - Created Permission View: can delete on DAG Run:example_trigger_controller_dag
[2024-10-12T07:09:27.219+0000] {logging_mixin.py:190} INFO - [2024-10-12T07:09:27.218+0000] {override.py:1901} INFO - Created Permission View: can read on DAG Run:example_trigger_controller_dag
[2024-10-12T07:09:27.235+0000] {logging_mixin.py:190} INFO - [2024-10-12T07:09:27.234+0000] {override.py:1901} INFO - Created Permission View: menu access on DAG Run:example_trigger_controller_dag
[2024-10-12T07:09:27.251+0000] {logging_mixin.py:190} INFO - [2024-10-12T07:09:27.251+0000] {override.py:1901} INFO - Created Permission View: can create on DAG Run:example_trigger_controller_dag
[2024-10-12T07:09:27.252+0000] {logging_mixin.py:190} INFO - [2024-10-12T07:09:27.252+0000] {dag.py:3239} INFO - Sync 1 DAGs
[2024-10-12T07:09:27.264+0000] {logging_mixin.py:190} INFO - [2024-10-12T07:09:27.264+0000] {dag.py:3262} INFO - Creating ORM DAG for example_trigger_controller_dag
[2024-10-12T07:09:27.272+0000] {logging_mixin.py:190} INFO - [2024-10-12T07:09:27.272+0000] {dag.py:4180} INFO - Setting next_dagrun for example_trigger_controller_dag to 2021-01-01 00:00:00+00:00, run_after=2021-01-01 00:00:00+00:00
[2024-10-12T07:09:27.297+0000] {processor.py:208} INFO - Processing /home/vboxuser/airflow_venv/lib/python3.12/site-packages/airflow/example_dags/example_trigger_controller_dag.py took 0.326 seconds
[2024-10-12T07:10:39.325+0000] {processor.py:186} INFO - Started process (PID=11405) to work on /home/vboxuser/airflow_venv/lib/python3.12/site-packages/airflow/example_dags/example_trigger_controller_dag.py
[2024-10-12T07:10:39.327+0000] {processor.py:914} INFO - Processing file /home/vboxuser/airflow_venv/lib/python3.12/site-packages/airflow/example_dags/example_trigger_controller_dag.py for tasks to queue
[2024-10-12T07:10:39.330+0000] {logging_mixin.py:190} INFO - [2024-10-12T07:10:39.329+0000] {dagbag.py:588} INFO - Filling up the DagBag from /home/vboxuser/airflow_venv/lib/python3.12/site-packages/airflow/example_dags/example_trigger_controller_dag.py
[2024-10-12T07:10:39.337+0000] {processor.py:925} INFO - DAG(s) 'example_trigger_controller_dag' retrieved from /home/vboxuser/airflow_venv/lib/python3.12/site-packages/airflow/example_dags/example_trigger_controller_dag.py
[2024-10-12T07:10:39.354+0000] {logging_mixin.py:190} INFO - [2024-10-12T07:10:39.353+0000] {dag.py:3239} INFO - Sync 1 DAGs
[2024-10-12T07:10:39.375+0000] {logging_mixin.py:190} INFO - [2024-10-12T07:10:39.375+0000] {dag.py:4180} INFO - Setting next_dagrun for example_trigger_controller_dag to 2021-01-01 00:00:00+00:00, run_after=2021-01-01 00:00:00+00:00
[2024-10-12T07:10:39.407+0000] {processor.py:208} INFO - Processing /home/vboxuser/airflow_venv/lib/python3.12/site-packages/airflow/example_dags/example_trigger_controller_dag.py took 0.088 seconds
[2024-10-12T07:11:43.036+0000] {processor.py:186} INFO - Started process (PID=11463) to work on /home/vboxuser/airflow_venv/lib/python3.12/site-packages/airflow/example_dags/example_trigger_controller_dag.py
[2024-10-12T07:11:43.039+0000] {processor.py:914} INFO - Processing file /home/vboxuser/airflow_venv/lib/python3.12/site-packages/airflow/example_dags/example_trigger_controller_dag.py for tasks to queue
[2024-10-12T07:11:43.042+0000] {logging_mixin.py:190} INFO - [2024-10-12T07:11:43.042+0000] {dagbag.py:588} INFO - Filling up the DagBag from /home/vboxuser/airflow_venv/lib/python3.12/site-packages/airflow/example_dags/example_trigger_controller_dag.py
[2024-10-12T07:11:43.055+0000] {processor.py:925} INFO - DAG(s) 'example_trigger_controller_dag' retrieved from /home/vboxuser/airflow_venv/lib/python3.12/site-packages/airflow/example_dags/example_trigger_controller_dag.py
[2024-10-12T07:11:43.075+0000] {logging_mixin.py:190} INFO - [2024-10-12T07:11:43.075+0000] {dag.py:3239} INFO - Sync 1 DAGs
[2024-10-12T07:11:43.098+0000] {logging_mixin.py:190} INFO - [2024-10-12T07:11:43.098+0000] {dag.py:4180} INFO - Setting next_dagrun for example_trigger_controller_dag to 2021-01-01 00:00:00+00:00, run_after=2021-01-01 00:00:00+00:00
[2024-10-12T07:11:43.136+0000] {processor.py:208} INFO - Processing /home/vboxuser/airflow_venv/lib/python3.12/site-packages/airflow/example_dags/example_trigger_controller_dag.py took 0.107 seconds
[2024-10-12T07:12:44.938+0000] {processor.py:186} INFO - Started process (PID=11520) to work on /home/vboxuser/airflow_venv/lib/python3.12/site-packages/airflow/example_dags/example_trigger_controller_dag.py
[2024-10-12T07:12:44.943+0000] {processor.py:914} INFO - Processing file /home/vboxuser/airflow_venv/lib/python3.12/site-packages/airflow/example_dags/example_trigger_controller_dag.py for tasks to queue
[2024-10-12T07:12:44.946+0000] {logging_mixin.py:190} INFO - [2024-10-12T07:12:44.945+0000] {dagbag.py:588} INFO - Filling up the DagBag from /home/vboxuser/airflow_venv/lib/python3.12/site-packages/airflow/example_dags/example_trigger_controller_dag.py
[2024-10-12T07:12:44.957+0000] {processor.py:925} INFO - DAG(s) 'example_trigger_controller_dag' retrieved from /home/vboxuser/airflow_venv/lib/python3.12/site-packages/airflow/example_dags/example_trigger_controller_dag.py
[2024-10-12T07:12:44.986+0000] {logging_mixin.py:190} INFO - [2024-10-12T07:12:44.986+0000] {dag.py:3239} INFO - Sync 1 DAGs
[2024-10-12T07:12:45.014+0000] {logging_mixin.py:190} INFO - [2024-10-12T07:12:45.014+0000] {dag.py:4180} INFO - Setting next_dagrun for example_trigger_controller_dag to 2021-01-01 00:00:00+00:00, run_after=2021-01-01 00:00:00+00:00
[2024-10-12T07:12:45.047+0000] {processor.py:208} INFO - Processing /home/vboxuser/airflow_venv/lib/python3.12/site-packages/airflow/example_dags/example_trigger_controller_dag.py took 0.116 seconds
[2024-10-12T07:13:48.869+0000] {processor.py:186} INFO - Started process (PID=11656) to work on /home/vboxuser/airflow_venv/lib/python3.12/site-packages/airflow/example_dags/example_trigger_controller_dag.py
[2024-10-12T07:13:48.872+0000] {processor.py:914} INFO - Processing file /home/vboxuser/airflow_venv/lib/python3.12/site-packages/airflow/example_dags/example_trigger_controller_dag.py for tasks to queue
[2024-10-12T07:13:48.875+0000] {logging_mixin.py:190} INFO - [2024-10-12T07:13:48.875+0000] {dagbag.py:588} INFO - Filling up the DagBag from /home/vboxuser/airflow_venv/lib/python3.12/site-packages/airflow/example_dags/example_trigger_controller_dag.py
[2024-10-12T07:13:48.883+0000] {processor.py:925} INFO - DAG(s) 'example_trigger_controller_dag' retrieved from /home/vboxuser/airflow_venv/lib/python3.12/site-packages/airflow/example_dags/example_trigger_controller_dag.py
[2024-10-12T07:13:48.901+0000] {logging_mixin.py:190} INFO - [2024-10-12T07:13:48.901+0000] {dag.py:3239} INFO - Sync 1 DAGs
[2024-10-12T07:13:48.922+0000] {logging_mixin.py:190} INFO - [2024-10-12T07:13:48.922+0000] {dag.py:4180} INFO - Setting next_dagrun for example_trigger_controller_dag to 2021-01-01 00:00:00+00:00, run_after=2021-01-01 00:00:00+00:00
[2024-10-12T07:13:48.955+0000] {processor.py:208} INFO - Processing /home/vboxuser/airflow_venv/lib/python3.12/site-packages/airflow/example_dags/example_trigger_controller_dag.py took 0.094 seconds
[2024-10-12T07:14:57.377+0000] {processor.py:186} INFO - Started process (PID=11729) to work on /home/vboxuser/airflow_venv/lib/python3.12/site-packages/airflow/example_dags/example_trigger_controller_dag.py
[2024-10-12T07:14:57.383+0000] {processor.py:914} INFO - Processing file /home/vboxuser/airflow_venv/lib/python3.12/site-packages/airflow/example_dags/example_trigger_controller_dag.py for tasks to queue
[2024-10-12T07:14:57.387+0000] {logging_mixin.py:190} INFO - [2024-10-12T07:14:57.387+0000] {dagbag.py:588} INFO - Filling up the DagBag from /home/vboxuser/airflow_venv/lib/python3.12/site-packages/airflow/example_dags/example_trigger_controller_dag.py
[2024-10-12T07:14:57.396+0000] {processor.py:925} INFO - DAG(s) 'example_trigger_controller_dag' retrieved from /home/vboxuser/airflow_venv/lib/python3.12/site-packages/airflow/example_dags/example_trigger_controller_dag.py
[2024-10-12T07:14:57.413+0000] {logging_mixin.py:190} INFO - [2024-10-12T07:14:57.413+0000] {dag.py:3239} INFO - Sync 1 DAGs
[2024-10-12T07:14:57.625+0000] {logging_mixin.py:190} INFO - [2024-10-12T07:14:57.625+0000] {dag.py:4180} INFO - Setting next_dagrun for example_trigger_controller_dag to 2021-01-01 00:00:00+00:00, run_after=2021-01-01 00:00:00+00:00
[2024-10-12T07:14:57.662+0000] {processor.py:208} INFO - Processing /home/vboxuser/airflow_venv/lib/python3.12/site-packages/airflow/example_dags/example_trigger_controller_dag.py took 0.296 seconds
[2024-10-12T07:16:12.224+0000] {processor.py:186} INFO - Started process (PID=11798) to work on /home/vboxuser/airflow_venv/lib/python3.12/site-packages/airflow/example_dags/example_trigger_controller_dag.py
[2024-10-12T07:16:12.226+0000] {processor.py:914} INFO - Processing file /home/vboxuser/airflow_venv/lib/python3.12/site-packages/airflow/example_dags/example_trigger_controller_dag.py for tasks to queue
[2024-10-12T07:16:12.229+0000] {logging_mixin.py:190} INFO - [2024-10-12T07:16:12.229+0000] {dagbag.py:588} INFO - Filling up the DagBag from /home/vboxuser/airflow_venv/lib/python3.12/site-packages/airflow/example_dags/example_trigger_controller_dag.py
[2024-10-12T07:16:12.238+0000] {processor.py:925} INFO - DAG(s) 'example_trigger_controller_dag' retrieved from /home/vboxuser/airflow_venv/lib/python3.12/site-packages/airflow/example_dags/example_trigger_controller_dag.py
[2024-10-12T07:16:12.256+0000] {logging_mixin.py:190} INFO - [2024-10-12T07:16:12.256+0000] {dag.py:3239} INFO - Sync 1 DAGs
[2024-10-12T07:16:12.289+0000] {logging_mixin.py:190} INFO - [2024-10-12T07:16:12.289+0000] {dag.py:4180} INFO - Setting next_dagrun for example_trigger_controller_dag to 2021-01-01 00:00:00+00:00, run_after=2021-01-01 00:00:00+00:00
[2024-10-12T07:16:12.323+0000] {processor.py:208} INFO - Processing /home/vboxuser/airflow_venv/lib/python3.12/site-packages/airflow/example_dags/example_trigger_controller_dag.py took 0.107 seconds
[2024-10-12T07:17:13.317+0000] {processor.py:186} INFO - Started process (PID=11858) to work on /home/vboxuser/airflow_venv/lib/python3.12/site-packages/airflow/example_dags/example_trigger_controller_dag.py
[2024-10-12T07:17:13.319+0000] {processor.py:914} INFO - Processing file /home/vboxuser/airflow_venv/lib/python3.12/site-packages/airflow/example_dags/example_trigger_controller_dag.py for tasks to queue
[2024-10-12T07:17:13.322+0000] {logging_mixin.py:190} INFO - [2024-10-12T07:17:13.321+0000] {dagbag.py:588} INFO - Filling up the DagBag from /home/vboxuser/airflow_venv/lib/python3.12/site-packages/airflow/example_dags/example_trigger_controller_dag.py
[2024-10-12T07:17:13.332+0000] {processor.py:925} INFO - DAG(s) 'example_trigger_controller_dag' retrieved from /home/vboxuser/airflow_venv/lib/python3.12/site-packages/airflow/example_dags/example_trigger_controller_dag.py
[2024-10-12T07:17:13.351+0000] {logging_mixin.py:190} INFO - [2024-10-12T07:17:13.351+0000] {dag.py:3239} INFO - Sync 1 DAGs
[2024-10-12T07:17:13.373+0000] {logging_mixin.py:190} INFO - [2024-10-12T07:17:13.372+0000] {dag.py:4180} INFO - Setting next_dagrun for example_trigger_controller_dag to 2021-01-01 00:00:00+00:00, run_after=2021-01-01 00:00:00+00:00
[2024-10-12T07:17:13.409+0000] {processor.py:208} INFO - Processing /home/vboxuser/airflow_venv/lib/python3.12/site-packages/airflow/example_dags/example_trigger_controller_dag.py took 0.101 seconds
[2024-10-12T07:18:18.612+0000] {processor.py:186} INFO - Started process (PID=11917) to work on /home/vboxuser/airflow_venv/lib/python3.12/site-packages/airflow/example_dags/example_trigger_controller_dag.py
[2024-10-12T07:18:18.618+0000] {processor.py:914} INFO - Processing file /home/vboxuser/airflow_venv/lib/python3.12/site-packages/airflow/example_dags/example_trigger_controller_dag.py for tasks to queue
[2024-10-12T07:18:18.624+0000] {logging_mixin.py:190} INFO - [2024-10-12T07:18:18.623+0000] {dagbag.py:588} INFO - Filling up the DagBag from /home/vboxuser/airflow_venv/lib/python3.12/site-packages/airflow/example_dags/example_trigger_controller_dag.py
[2024-10-12T07:18:18.639+0000] {processor.py:925} INFO - DAG(s) 'example_trigger_controller_dag' retrieved from /home/vboxuser/airflow_venv/lib/python3.12/site-packages/airflow/example_dags/example_trigger_controller_dag.py
[2024-10-12T07:18:18.668+0000] {logging_mixin.py:190} INFO - [2024-10-12T07:18:18.667+0000] {dag.py:3239} INFO - Sync 1 DAGs
[2024-10-12T07:18:18.695+0000] {logging_mixin.py:190} INFO - [2024-10-12T07:18:18.695+0000] {dag.py:4180} INFO - Setting next_dagrun for example_trigger_controller_dag to 2021-01-01 00:00:00+00:00, run_after=2021-01-01 00:00:00+00:00
[2024-10-12T07:18:18.728+0000] {processor.py:208} INFO - Processing /home/vboxuser/airflow_venv/lib/python3.12/site-packages/airflow/example_dags/example_trigger_controller_dag.py took 0.130 seconds
[2024-10-12T07:19:20.249+0000] {processor.py:186} INFO - Started process (PID=11974) to work on /home/vboxuser/airflow_venv/lib/python3.12/site-packages/airflow/example_dags/example_trigger_controller_dag.py
[2024-10-12T07:19:20.252+0000] {processor.py:914} INFO - Processing file /home/vboxuser/airflow_venv/lib/python3.12/site-packages/airflow/example_dags/example_trigger_controller_dag.py for tasks to queue
[2024-10-12T07:19:20.256+0000] {logging_mixin.py:190} INFO - [2024-10-12T07:19:20.255+0000] {dagbag.py:588} INFO - Filling up the DagBag from /home/vboxuser/airflow_venv/lib/python3.12/site-packages/airflow/example_dags/example_trigger_controller_dag.py
[2024-10-12T07:19:20.265+0000] {processor.py:925} INFO - DAG(s) 'example_trigger_controller_dag' retrieved from /home/vboxuser/airflow_venv/lib/python3.12/site-packages/airflow/example_dags/example_trigger_controller_dag.py
[2024-10-12T07:19:20.283+0000] {logging_mixin.py:190} INFO - [2024-10-12T07:19:20.282+0000] {dag.py:3239} INFO - Sync 1 DAGs
[2024-10-12T07:19:20.306+0000] {logging_mixin.py:190} INFO - [2024-10-12T07:19:20.306+0000] {dag.py:4180} INFO - Setting next_dagrun for example_trigger_controller_dag to 2021-01-01 00:00:00+00:00, run_after=2021-01-01 00:00:00+00:00
[2024-10-12T07:19:20.341+0000] {processor.py:208} INFO - Processing /home/vboxuser/airflow_venv/lib/python3.12/site-packages/airflow/example_dags/example_trigger_controller_dag.py took 0.098 seconds
[2024-10-12T07:20:24.995+0000] {processor.py:186} INFO - Started process (PID=12037) to work on /home/vboxuser/airflow_venv/lib/python3.12/site-packages/airflow/example_dags/example_trigger_controller_dag.py
[2024-10-12T07:20:25.002+0000] {processor.py:914} INFO - Processing file /home/vboxuser/airflow_venv/lib/python3.12/site-packages/airflow/example_dags/example_trigger_controller_dag.py for tasks to queue
[2024-10-12T07:20:25.007+0000] {logging_mixin.py:190} INFO - [2024-10-12T07:20:25.006+0000] {dagbag.py:588} INFO - Filling up the DagBag from /home/vboxuser/airflow_venv/lib/python3.12/site-packages/airflow/example_dags/example_trigger_controller_dag.py
[2024-10-12T07:20:25.019+0000] {processor.py:925} INFO - DAG(s) 'example_trigger_controller_dag' retrieved from /home/vboxuser/airflow_venv/lib/python3.12/site-packages/airflow/example_dags/example_trigger_controller_dag.py
[2024-10-12T07:20:25.037+0000] {logging_mixin.py:190} INFO - [2024-10-12T07:20:25.037+0000] {dag.py:3239} INFO - Sync 1 DAGs
[2024-10-12T07:20:25.061+0000] {logging_mixin.py:190} INFO - [2024-10-12T07:20:25.060+0000] {dag.py:4180} INFO - Setting next_dagrun for example_trigger_controller_dag to 2021-01-01 00:00:00+00:00, run_after=2021-01-01 00:00:00+00:00
[2024-10-12T07:20:25.095+0000] {processor.py:208} INFO - Processing /home/vboxuser/airflow_venv/lib/python3.12/site-packages/airflow/example_dags/example_trigger_controller_dag.py took 0.109 seconds
[2024-10-12T07:21:31.706+0000] {processor.py:186} INFO - Started process (PID=12099) to work on /home/vboxuser/airflow_venv/lib/python3.12/site-packages/airflow/example_dags/example_trigger_controller_dag.py
[2024-10-12T07:21:31.710+0000] {processor.py:914} INFO - Processing file /home/vboxuser/airflow_venv/lib/python3.12/site-packages/airflow/example_dags/example_trigger_controller_dag.py for tasks to queue
[2024-10-12T07:21:31.714+0000] {logging_mixin.py:190} INFO - [2024-10-12T07:21:31.713+0000] {dagbag.py:588} INFO - Filling up the DagBag from /home/vboxuser/airflow_venv/lib/python3.12/site-packages/airflow/example_dags/example_trigger_controller_dag.py
[2024-10-12T07:21:31.723+0000] {processor.py:925} INFO - DAG(s) 'example_trigger_controller_dag' retrieved from /home/vboxuser/airflow_venv/lib/python3.12/site-packages/airflow/example_dags/example_trigger_controller_dag.py
[2024-10-12T07:21:31.739+0000] {logging_mixin.py:190} INFO - [2024-10-12T07:21:31.739+0000] {dag.py:3239} INFO - Sync 1 DAGs
[2024-10-12T07:21:31.760+0000] {logging_mixin.py:190} INFO - [2024-10-12T07:21:31.759+0000] {dag.py:4180} INFO - Setting next_dagrun for example_trigger_controller_dag to 2021-01-01 00:00:00+00:00, run_after=2021-01-01 00:00:00+00:00
[2024-10-12T07:21:31.790+0000] {processor.py:208} INFO - Processing /home/vboxuser/airflow_venv/lib/python3.12/site-packages/airflow/example_dags/example_trigger_controller_dag.py took 0.097 seconds
[2024-10-12T07:22:36.775+0000] {processor.py:186} INFO - Started process (PID=12158) to work on /home/vboxuser/airflow_venv/lib/python3.12/site-packages/airflow/example_dags/example_trigger_controller_dag.py
[2024-10-12T07:22:36.779+0000] {processor.py:914} INFO - Processing file /home/vboxuser/airflow_venv/lib/python3.12/site-packages/airflow/example_dags/example_trigger_controller_dag.py for tasks to queue
[2024-10-12T07:22:36.783+0000] {logging_mixin.py:190} INFO - [2024-10-12T07:22:36.782+0000] {dagbag.py:588} INFO - Filling up the DagBag from /home/vboxuser/airflow_venv/lib/python3.12/site-packages/airflow/example_dags/example_trigger_controller_dag.py
[2024-10-12T07:22:36.796+0000] {processor.py:925} INFO - DAG(s) 'example_trigger_controller_dag' retrieved from /home/vboxuser/airflow_venv/lib/python3.12/site-packages/airflow/example_dags/example_trigger_controller_dag.py
[2024-10-12T07:22:36.815+0000] {logging_mixin.py:190} INFO - [2024-10-12T07:22:36.814+0000] {dag.py:3239} INFO - Sync 1 DAGs
[2024-10-12T07:22:36.839+0000] {logging_mixin.py:190} INFO - [2024-10-12T07:22:36.839+0000] {dag.py:4180} INFO - Setting next_dagrun for example_trigger_controller_dag to 2021-01-01 00:00:00+00:00, run_after=2021-01-01 00:00:00+00:00
[2024-10-12T07:22:36.874+0000] {processor.py:208} INFO - Processing /home/vboxuser/airflow_venv/lib/python3.12/site-packages/airflow/example_dags/example_trigger_controller_dag.py took 0.108 seconds
[2024-10-12T07:23:50.698+0000] {processor.py:186} INFO - Started process (PID=12220) to work on /home/vboxuser/airflow_venv/lib/python3.12/site-packages/airflow/example_dags/example_trigger_controller_dag.py
[2024-10-12T07:23:50.703+0000] {processor.py:914} INFO - Processing file /home/vboxuser/airflow_venv/lib/python3.12/site-packages/airflow/example_dags/example_trigger_controller_dag.py for tasks to queue
[2024-10-12T07:23:50.706+0000] {logging_mixin.py:190} INFO - [2024-10-12T07:23:50.706+0000] {dagbag.py:588} INFO - Filling up the DagBag from /home/vboxuser/airflow_venv/lib/python3.12/site-packages/airflow/example_dags/example_trigger_controller_dag.py
[2024-10-12T07:23:50.716+0000] {processor.py:925} INFO - DAG(s) 'example_trigger_controller_dag' retrieved from /home/vboxuser/airflow_venv/lib/python3.12/site-packages/airflow/example_dags/example_trigger_controller_dag.py
[2024-10-12T07:23:50.741+0000] {logging_mixin.py:190} INFO - [2024-10-12T07:23:50.740+0000] {dag.py:3239} INFO - Sync 1 DAGs
[2024-10-12T07:23:50.763+0000] {logging_mixin.py:190} INFO - [2024-10-12T07:23:50.763+0000] {dag.py:4180} INFO - Setting next_dagrun for example_trigger_controller_dag to 2021-01-01 00:00:00+00:00, run_after=2021-01-01 00:00:00+00:00
[2024-10-12T07:23:50.798+0000] {processor.py:208} INFO - Processing /home/vboxuser/airflow_venv/lib/python3.12/site-packages/airflow/example_dags/example_trigger_controller_dag.py took 0.106 seconds
[2024-10-12T07:24:57.412+0000] {processor.py:186} INFO - Started process (PID=12281) to work on /home/vboxuser/airflow_venv/lib/python3.12/site-packages/airflow/example_dags/example_trigger_controller_dag.py
[2024-10-12T07:24:57.415+0000] {processor.py:914} INFO - Processing file /home/vboxuser/airflow_venv/lib/python3.12/site-packages/airflow/example_dags/example_trigger_controller_dag.py for tasks to queue
[2024-10-12T07:24:57.418+0000] {logging_mixin.py:190} INFO - [2024-10-12T07:24:57.417+0000] {dagbag.py:588} INFO - Filling up the DagBag from /home/vboxuser/airflow_venv/lib/python3.12/site-packages/airflow/example_dags/example_trigger_controller_dag.py
[2024-10-12T07:24:57.427+0000] {processor.py:925} INFO - DAG(s) 'example_trigger_controller_dag' retrieved from /home/vboxuser/airflow_venv/lib/python3.12/site-packages/airflow/example_dags/example_trigger_controller_dag.py
[2024-10-12T07:24:57.452+0000] {logging_mixin.py:190} INFO - [2024-10-12T07:24:57.452+0000] {dag.py:3239} INFO - Sync 1 DAGs
[2024-10-12T07:24:57.473+0000] {logging_mixin.py:190} INFO - [2024-10-12T07:24:57.472+0000] {dag.py:4180} INFO - Setting next_dagrun for example_trigger_controller_dag to 2021-01-01 00:00:00+00:00, run_after=2021-01-01 00:00:00+00:00
[2024-10-12T07:24:57.508+0000] {processor.py:208} INFO - Processing /home/vboxuser/airflow_venv/lib/python3.12/site-packages/airflow/example_dags/example_trigger_controller_dag.py took 0.104 seconds
[2024-10-12T07:26:05.797+0000] {processor.py:186} INFO - Started process (PID=12347) to work on /home/vboxuser/airflow_venv/lib/python3.12/site-packages/airflow/example_dags/example_trigger_controller_dag.py
[2024-10-12T07:26:05.799+0000] {processor.py:914} INFO - Processing file /home/vboxuser/airflow_venv/lib/python3.12/site-packages/airflow/example_dags/example_trigger_controller_dag.py for tasks to queue
[2024-10-12T07:26:05.802+0000] {logging_mixin.py:190} INFO - [2024-10-12T07:26:05.801+0000] {dagbag.py:588} INFO - Filling up the DagBag from /home/vboxuser/airflow_venv/lib/python3.12/site-packages/airflow/example_dags/example_trigger_controller_dag.py
[2024-10-12T07:26:05.811+0000] {processor.py:925} INFO - DAG(s) 'example_trigger_controller_dag' retrieved from /home/vboxuser/airflow_venv/lib/python3.12/site-packages/airflow/example_dags/example_trigger_controller_dag.py
[2024-10-12T07:26:05.834+0000] {logging_mixin.py:190} INFO - [2024-10-12T07:26:05.833+0000] {dag.py:3239} INFO - Sync 1 DAGs
[2024-10-12T07:26:05.865+0000] {logging_mixin.py:190} INFO - [2024-10-12T07:26:05.864+0000] {dag.py:4180} INFO - Setting next_dagrun for example_trigger_controller_dag to 2021-01-01 00:00:00+00:00, run_after=2021-01-01 00:00:00+00:00
[2024-10-12T07:26:05.908+0000] {processor.py:208} INFO - Processing /home/vboxuser/airflow_venv/lib/python3.12/site-packages/airflow/example_dags/example_trigger_controller_dag.py took 0.121 seconds
[2024-10-12T07:27:16.957+0000] {processor.py:186} INFO - Started process (PID=12409) to work on /home/vboxuser/airflow_venv/lib/python3.12/site-packages/airflow/example_dags/example_trigger_controller_dag.py
[2024-10-12T07:27:16.963+0000] {processor.py:914} INFO - Processing file /home/vboxuser/airflow_venv/lib/python3.12/site-packages/airflow/example_dags/example_trigger_controller_dag.py for tasks to queue
[2024-10-12T07:27:16.967+0000] {logging_mixin.py:190} INFO - [2024-10-12T07:27:16.966+0000] {dagbag.py:588} INFO - Filling up the DagBag from /home/vboxuser/airflow_venv/lib/python3.12/site-packages/airflow/example_dags/example_trigger_controller_dag.py
[2024-10-12T07:27:16.977+0000] {processor.py:925} INFO - DAG(s) 'example_trigger_controller_dag' retrieved from /home/vboxuser/airflow_venv/lib/python3.12/site-packages/airflow/example_dags/example_trigger_controller_dag.py
[2024-10-12T07:27:16.999+0000] {logging_mixin.py:190} INFO - [2024-10-12T07:27:16.998+0000] {dag.py:3239} INFO - Sync 1 DAGs
[2024-10-12T07:27:17.020+0000] {logging_mixin.py:190} INFO - [2024-10-12T07:27:17.019+0000] {dag.py:4180} INFO - Setting next_dagrun for example_trigger_controller_dag to 2021-01-01 00:00:00+00:00, run_after=2021-01-01 00:00:00+00:00
[2024-10-12T07:27:17.061+0000] {processor.py:208} INFO - Processing /home/vboxuser/airflow_venv/lib/python3.12/site-packages/airflow/example_dags/example_trigger_controller_dag.py took 0.120 seconds
[2024-10-12T07:28:30.554+0000] {processor.py:186} INFO - Started process (PID=12472) to work on /home/vboxuser/airflow_venv/lib/python3.12/site-packages/airflow/example_dags/example_trigger_controller_dag.py
[2024-10-12T07:28:30.557+0000] {processor.py:914} INFO - Processing file /home/vboxuser/airflow_venv/lib/python3.12/site-packages/airflow/example_dags/example_trigger_controller_dag.py for tasks to queue
[2024-10-12T07:28:30.560+0000] {logging_mixin.py:190} INFO - [2024-10-12T07:28:30.560+0000] {dagbag.py:588} INFO - Filling up the DagBag from /home/vboxuser/airflow_venv/lib/python3.12/site-packages/airflow/example_dags/example_trigger_controller_dag.py
[2024-10-12T07:28:30.573+0000] {processor.py:925} INFO - DAG(s) 'example_trigger_controller_dag' retrieved from /home/vboxuser/airflow_venv/lib/python3.12/site-packages/airflow/example_dags/example_trigger_controller_dag.py
[2024-10-12T07:28:30.591+0000] {logging_mixin.py:190} INFO - [2024-10-12T07:28:30.591+0000] {dag.py:3239} INFO - Sync 1 DAGs
[2024-10-12T07:28:30.612+0000] {logging_mixin.py:190} INFO - [2024-10-12T07:28:30.612+0000] {dag.py:4180} INFO - Setting next_dagrun for example_trigger_controller_dag to 2021-01-01 00:00:00+00:00, run_after=2021-01-01 00:00:00+00:00
[2024-10-12T07:28:30.646+0000] {processor.py:208} INFO - Processing /home/vboxuser/airflow_venv/lib/python3.12/site-packages/airflow/example_dags/example_trigger_controller_dag.py took 0.103 seconds
[2024-10-12T07:29:33.125+0000] {processor.py:186} INFO - Started process (PID=12528) to work on /home/vboxuser/airflow_venv/lib/python3.12/site-packages/airflow/example_dags/example_trigger_controller_dag.py
[2024-10-12T07:29:33.127+0000] {processor.py:914} INFO - Processing file /home/vboxuser/airflow_venv/lib/python3.12/site-packages/airflow/example_dags/example_trigger_controller_dag.py for tasks to queue
[2024-10-12T07:29:33.130+0000] {logging_mixin.py:190} INFO - [2024-10-12T07:29:33.129+0000] {dagbag.py:588} INFO - Filling up the DagBag from /home/vboxuser/airflow_venv/lib/python3.12/site-packages/airflow/example_dags/example_trigger_controller_dag.py
[2024-10-12T07:29:33.138+0000] {processor.py:925} INFO - DAG(s) 'example_trigger_controller_dag' retrieved from /home/vboxuser/airflow_venv/lib/python3.12/site-packages/airflow/example_dags/example_trigger_controller_dag.py
[2024-10-12T07:29:33.157+0000] {logging_mixin.py:190} INFO - [2024-10-12T07:29:33.157+0000] {dag.py:3239} INFO - Sync 1 DAGs
[2024-10-12T07:29:33.178+0000] {logging_mixin.py:190} INFO - [2024-10-12T07:29:33.177+0000] {dag.py:4180} INFO - Setting next_dagrun for example_trigger_controller_dag to 2021-01-01 00:00:00+00:00, run_after=2021-01-01 00:00:00+00:00
[2024-10-12T07:29:33.216+0000] {processor.py:208} INFO - Processing /home/vboxuser/airflow_venv/lib/python3.12/site-packages/airflow/example_dags/example_trigger_controller_dag.py took 0.099 seconds
[2024-10-12T07:30:46.432+0000] {processor.py:186} INFO - Started process (PID=12612) to work on /home/vboxuser/airflow_venv/lib/python3.12/site-packages/airflow/example_dags/example_trigger_controller_dag.py
[2024-10-12T07:30:46.437+0000] {processor.py:914} INFO - Processing file /home/vboxuser/airflow_venv/lib/python3.12/site-packages/airflow/example_dags/example_trigger_controller_dag.py for tasks to queue
[2024-10-12T07:30:46.442+0000] {logging_mixin.py:190} INFO - [2024-10-12T07:30:46.441+0000] {dagbag.py:588} INFO - Filling up the DagBag from /home/vboxuser/airflow_venv/lib/python3.12/site-packages/airflow/example_dags/example_trigger_controller_dag.py
[2024-10-12T07:30:46.461+0000] {processor.py:925} INFO - DAG(s) 'example_trigger_controller_dag' retrieved from /home/vboxuser/airflow_venv/lib/python3.12/site-packages/airflow/example_dags/example_trigger_controller_dag.py
[2024-10-12T07:30:46.479+0000] {logging_mixin.py:190} INFO - [2024-10-12T07:30:46.479+0000] {dag.py:3239} INFO - Sync 1 DAGs
[2024-10-12T07:30:46.501+0000] {logging_mixin.py:190} INFO - [2024-10-12T07:30:46.501+0000] {dag.py:4180} INFO - Setting next_dagrun for example_trigger_controller_dag to 2021-01-01 00:00:00+00:00, run_after=2021-01-01 00:00:00+00:00
[2024-10-12T07:30:46.556+0000] {processor.py:208} INFO - Processing /home/vboxuser/airflow_venv/lib/python3.12/site-packages/airflow/example_dags/example_trigger_controller_dag.py took 0.131 seconds
[2024-10-12T07:31:54.600+0000] {processor.py:186} INFO - Started process (PID=12682) to work on /home/vboxuser/airflow_venv/lib/python3.12/site-packages/airflow/example_dags/example_trigger_controller_dag.py
[2024-10-12T07:31:54.607+0000] {processor.py:914} INFO - Processing file /home/vboxuser/airflow_venv/lib/python3.12/site-packages/airflow/example_dags/example_trigger_controller_dag.py for tasks to queue
[2024-10-12T07:31:54.615+0000] {logging_mixin.py:190} INFO - [2024-10-12T07:31:54.614+0000] {dagbag.py:588} INFO - Filling up the DagBag from /home/vboxuser/airflow_venv/lib/python3.12/site-packages/airflow/example_dags/example_trigger_controller_dag.py
[2024-10-12T07:31:54.645+0000] {processor.py:925} INFO - DAG(s) 'example_trigger_controller_dag' retrieved from /home/vboxuser/airflow_venv/lib/python3.12/site-packages/airflow/example_dags/example_trigger_controller_dag.py
[2024-10-12T07:31:54.736+0000] {logging_mixin.py:190} INFO - [2024-10-12T07:31:54.735+0000] {dag.py:3239} INFO - Sync 1 DAGs
[2024-10-12T07:31:54.770+0000] {logging_mixin.py:190} INFO - [2024-10-12T07:31:54.770+0000] {dag.py:4180} INFO - Setting next_dagrun for example_trigger_controller_dag to 2021-01-01 00:00:00+00:00, run_after=2021-01-01 00:00:00+00:00
[2024-10-12T07:31:54.810+0000] {processor.py:208} INFO - Processing /home/vboxuser/airflow_venv/lib/python3.12/site-packages/airflow/example_dags/example_trigger_controller_dag.py took 0.222 seconds
[2024-10-12T07:32:57.737+0000] {processor.py:186} INFO - Started process (PID=12740) to work on /home/vboxuser/airflow_venv/lib/python3.12/site-packages/airflow/example_dags/example_trigger_controller_dag.py
[2024-10-12T07:32:57.739+0000] {processor.py:914} INFO - Processing file /home/vboxuser/airflow_venv/lib/python3.12/site-packages/airflow/example_dags/example_trigger_controller_dag.py for tasks to queue
[2024-10-12T07:32:57.742+0000] {logging_mixin.py:190} INFO - [2024-10-12T07:32:57.741+0000] {dagbag.py:588} INFO - Filling up the DagBag from /home/vboxuser/airflow_venv/lib/python3.12/site-packages/airflow/example_dags/example_trigger_controller_dag.py
[2024-10-12T07:32:57.754+0000] {processor.py:925} INFO - DAG(s) 'example_trigger_controller_dag' retrieved from /home/vboxuser/airflow_venv/lib/python3.12/site-packages/airflow/example_dags/example_trigger_controller_dag.py
[2024-10-12T07:32:57.779+0000] {logging_mixin.py:190} INFO - [2024-10-12T07:32:57.779+0000] {dag.py:3239} INFO - Sync 1 DAGs
[2024-10-12T07:32:57.800+0000] {logging_mixin.py:190} INFO - [2024-10-12T07:32:57.799+0000] {dag.py:4180} INFO - Setting next_dagrun for example_trigger_controller_dag to 2021-01-01 00:00:00+00:00, run_after=2021-01-01 00:00:00+00:00
[2024-10-12T07:32:57.836+0000] {processor.py:208} INFO - Processing /home/vboxuser/airflow_venv/lib/python3.12/site-packages/airflow/example_dags/example_trigger_controller_dag.py took 0.106 seconds
[2024-10-12T07:34:02.181+0000] {processor.py:186} INFO - Started process (PID=12799) to work on /home/vboxuser/airflow_venv/lib/python3.12/site-packages/airflow/example_dags/example_trigger_controller_dag.py
[2024-10-12T07:34:02.184+0000] {processor.py:914} INFO - Processing file /home/vboxuser/airflow_venv/lib/python3.12/site-packages/airflow/example_dags/example_trigger_controller_dag.py for tasks to queue
[2024-10-12T07:34:02.187+0000] {logging_mixin.py:190} INFO - [2024-10-12T07:34:02.186+0000] {dagbag.py:588} INFO - Filling up the DagBag from /home/vboxuser/airflow_venv/lib/python3.12/site-packages/airflow/example_dags/example_trigger_controller_dag.py
[2024-10-12T07:34:02.196+0000] {processor.py:925} INFO - DAG(s) 'example_trigger_controller_dag' retrieved from /home/vboxuser/airflow_venv/lib/python3.12/site-packages/airflow/example_dags/example_trigger_controller_dag.py
[2024-10-12T07:34:02.213+0000] {logging_mixin.py:190} INFO - [2024-10-12T07:34:02.213+0000] {dag.py:3239} INFO - Sync 1 DAGs
[2024-10-12T07:34:02.236+0000] {logging_mixin.py:190} INFO - [2024-10-12T07:34:02.236+0000] {dag.py:4180} INFO - Setting next_dagrun for example_trigger_controller_dag to 2021-01-01 00:00:00+00:00, run_after=2021-01-01 00:00:00+00:00
[2024-10-12T07:34:02.272+0000] {processor.py:208} INFO - Processing /home/vboxuser/airflow_venv/lib/python3.12/site-packages/airflow/example_dags/example_trigger_controller_dag.py took 0.101 seconds
[2024-10-12T07:35:02.706+0000] {processor.py:186} INFO - Started process (PID=12872) to work on /home/vboxuser/airflow_venv/lib/python3.12/site-packages/airflow/example_dags/example_trigger_controller_dag.py
[2024-10-12T07:35:02.710+0000] {processor.py:914} INFO - Processing file /home/vboxuser/airflow_venv/lib/python3.12/site-packages/airflow/example_dags/example_trigger_controller_dag.py for tasks to queue
[2024-10-12T07:35:02.716+0000] {logging_mixin.py:190} INFO - [2024-10-12T07:35:02.715+0000] {dagbag.py:588} INFO - Filling up the DagBag from /home/vboxuser/airflow_venv/lib/python3.12/site-packages/airflow/example_dags/example_trigger_controller_dag.py
[2024-10-12T07:35:02.728+0000] {processor.py:925} INFO - DAG(s) 'example_trigger_controller_dag' retrieved from /home/vboxuser/airflow_venv/lib/python3.12/site-packages/airflow/example_dags/example_trigger_controller_dag.py
[2024-10-12T07:35:02.753+0000] {logging_mixin.py:190} INFO - [2024-10-12T07:35:02.753+0000] {dag.py:3239} INFO - Sync 1 DAGs
[2024-10-12T07:35:02.781+0000] {logging_mixin.py:190} INFO - [2024-10-12T07:35:02.781+0000] {dag.py:4180} INFO - Setting next_dagrun for example_trigger_controller_dag to 2021-01-01 00:00:00+00:00, run_after=2021-01-01 00:00:00+00:00
[2024-10-12T07:35:02.829+0000] {processor.py:208} INFO - Processing /home/vboxuser/airflow_venv/lib/python3.12/site-packages/airflow/example_dags/example_trigger_controller_dag.py took 0.135 seconds
[2024-10-12T07:47:46.028+0000] {processor.py:186} INFO - Started process (PID=12943) to work on /home/vboxuser/airflow_venv/lib/python3.12/site-packages/airflow/example_dags/example_trigger_controller_dag.py
[2024-10-12T07:47:46.030+0000] {processor.py:914} INFO - Processing file /home/vboxuser/airflow_venv/lib/python3.12/site-packages/airflow/example_dags/example_trigger_controller_dag.py for tasks to queue
[2024-10-12T07:47:46.034+0000] {logging_mixin.py:190} INFO - [2024-10-12T07:47:46.033+0000] {dagbag.py:588} INFO - Filling up the DagBag from /home/vboxuser/airflow_venv/lib/python3.12/site-packages/airflow/example_dags/example_trigger_controller_dag.py
[2024-10-12T07:47:46.046+0000] {processor.py:925} INFO - DAG(s) 'example_trigger_controller_dag' retrieved from /home/vboxuser/airflow_venv/lib/python3.12/site-packages/airflow/example_dags/example_trigger_controller_dag.py
[2024-10-12T07:47:46.069+0000] {logging_mixin.py:190} INFO - [2024-10-12T07:47:46.069+0000] {dag.py:3239} INFO - Sync 1 DAGs
[2024-10-12T07:47:46.098+0000] {logging_mixin.py:190} INFO - [2024-10-12T07:47:46.097+0000] {dag.py:4180} INFO - Setting next_dagrun for example_trigger_controller_dag to 2021-01-01 00:00:00+00:00, run_after=2021-01-01 00:00:00+00:00
[2024-10-12T07:47:46.141+0000] {processor.py:208} INFO - Processing /home/vboxuser/airflow_venv/lib/python3.12/site-packages/airflow/example_dags/example_trigger_controller_dag.py took 0.127 seconds
[2024-10-12T07:48:55.757+0000] {processor.py:186} INFO - Started process (PID=13004) to work on /home/vboxuser/airflow_venv/lib/python3.12/site-packages/airflow/example_dags/example_trigger_controller_dag.py
[2024-10-12T07:48:55.761+0000] {processor.py:914} INFO - Processing file /home/vboxuser/airflow_venv/lib/python3.12/site-packages/airflow/example_dags/example_trigger_controller_dag.py for tasks to queue
[2024-10-12T07:48:55.765+0000] {logging_mixin.py:190} INFO - [2024-10-12T07:48:55.764+0000] {dagbag.py:588} INFO - Filling up the DagBag from /home/vboxuser/airflow_venv/lib/python3.12/site-packages/airflow/example_dags/example_trigger_controller_dag.py
[2024-10-12T07:48:55.781+0000] {processor.py:925} INFO - DAG(s) 'example_trigger_controller_dag' retrieved from /home/vboxuser/airflow_venv/lib/python3.12/site-packages/airflow/example_dags/example_trigger_controller_dag.py
[2024-10-12T07:48:55.808+0000] {logging_mixin.py:190} INFO - [2024-10-12T07:48:55.808+0000] {dag.py:3239} INFO - Sync 1 DAGs
[2024-10-12T07:48:55.839+0000] {logging_mixin.py:190} INFO - [2024-10-12T07:48:55.839+0000] {dag.py:4180} INFO - Setting next_dagrun for example_trigger_controller_dag to 2021-01-01 00:00:00+00:00, run_after=2021-01-01 00:00:00+00:00
[2024-10-12T07:48:55.888+0000] {processor.py:208} INFO - Processing /home/vboxuser/airflow_venv/lib/python3.12/site-packages/airflow/example_dags/example_trigger_controller_dag.py took 0.144 seconds
[2024-10-12T07:50:03.082+0000] {processor.py:186} INFO - Started process (PID=13063) to work on /home/vboxuser/airflow_venv/lib/python3.12/site-packages/airflow/example_dags/example_trigger_controller_dag.py
[2024-10-12T07:50:03.085+0000] {processor.py:914} INFO - Processing file /home/vboxuser/airflow_venv/lib/python3.12/site-packages/airflow/example_dags/example_trigger_controller_dag.py for tasks to queue
[2024-10-12T07:50:03.089+0000] {logging_mixin.py:190} INFO - [2024-10-12T07:50:03.089+0000] {dagbag.py:588} INFO - Filling up the DagBag from /home/vboxuser/airflow_venv/lib/python3.12/site-packages/airflow/example_dags/example_trigger_controller_dag.py
[2024-10-12T07:50:03.102+0000] {processor.py:925} INFO - DAG(s) 'example_trigger_controller_dag' retrieved from /home/vboxuser/airflow_venv/lib/python3.12/site-packages/airflow/example_dags/example_trigger_controller_dag.py
[2024-10-12T07:50:03.127+0000] {logging_mixin.py:190} INFO - [2024-10-12T07:50:03.126+0000] {dag.py:3239} INFO - Sync 1 DAGs
[2024-10-12T07:50:03.153+0000] {logging_mixin.py:190} INFO - [2024-10-12T07:50:03.153+0000] {dag.py:4180} INFO - Setting next_dagrun for example_trigger_controller_dag to 2021-01-01 00:00:00+00:00, run_after=2021-01-01 00:00:00+00:00
[2024-10-12T07:50:03.195+0000] {processor.py:208} INFO - Processing /home/vboxuser/airflow_venv/lib/python3.12/site-packages/airflow/example_dags/example_trigger_controller_dag.py took 0.122 seconds
[2024-10-12T07:51:11.952+0000] {processor.py:186} INFO - Started process (PID=13200) to work on /home/vboxuser/airflow_venv/lib/python3.12/site-packages/airflow/example_dags/example_trigger_controller_dag.py
[2024-10-12T07:51:11.956+0000] {processor.py:914} INFO - Processing file /home/vboxuser/airflow_venv/lib/python3.12/site-packages/airflow/example_dags/example_trigger_controller_dag.py for tasks to queue
[2024-10-12T07:51:11.961+0000] {logging_mixin.py:190} INFO - [2024-10-12T07:51:11.960+0000] {dagbag.py:588} INFO - Filling up the DagBag from /home/vboxuser/airflow_venv/lib/python3.12/site-packages/airflow/example_dags/example_trigger_controller_dag.py
[2024-10-12T07:51:11.977+0000] {processor.py:925} INFO - DAG(s) 'example_trigger_controller_dag' retrieved from /home/vboxuser/airflow_venv/lib/python3.12/site-packages/airflow/example_dags/example_trigger_controller_dag.py
[2024-10-12T07:51:12.002+0000] {logging_mixin.py:190} INFO - [2024-10-12T07:51:12.001+0000] {dag.py:3239} INFO - Sync 1 DAGs
[2024-10-12T07:51:12.033+0000] {logging_mixin.py:190} INFO - [2024-10-12T07:51:12.033+0000] {dag.py:4180} INFO - Setting next_dagrun for example_trigger_controller_dag to 2021-01-01 00:00:00+00:00, run_after=2021-01-01 00:00:00+00:00
[2024-10-12T07:51:12.086+0000] {processor.py:208} INFO - Processing /home/vboxuser/airflow_venv/lib/python3.12/site-packages/airflow/example_dags/example_trigger_controller_dag.py took 0.149 seconds
[2024-10-12T07:52:24.640+0000] {processor.py:186} INFO - Started process (PID=13275) to work on /home/vboxuser/airflow_venv/lib/python3.12/site-packages/airflow/example_dags/example_trigger_controller_dag.py
[2024-10-12T07:52:24.645+0000] {processor.py:914} INFO - Processing file /home/vboxuser/airflow_venv/lib/python3.12/site-packages/airflow/example_dags/example_trigger_controller_dag.py for tasks to queue
[2024-10-12T07:52:24.650+0000] {logging_mixin.py:190} INFO - [2024-10-12T07:52:24.649+0000] {dagbag.py:588} INFO - Filling up the DagBag from /home/vboxuser/airflow_venv/lib/python3.12/site-packages/airflow/example_dags/example_trigger_controller_dag.py
[2024-10-12T07:52:24.663+0000] {processor.py:925} INFO - DAG(s) 'example_trigger_controller_dag' retrieved from /home/vboxuser/airflow_venv/lib/python3.12/site-packages/airflow/example_dags/example_trigger_controller_dag.py
[2024-10-12T07:52:24.692+0000] {logging_mixin.py:190} INFO - [2024-10-12T07:52:24.691+0000] {dag.py:3239} INFO - Sync 1 DAGs
[2024-10-12T07:52:24.723+0000] {logging_mixin.py:190} INFO - [2024-10-12T07:52:24.723+0000] {dag.py:4180} INFO - Setting next_dagrun for example_trigger_controller_dag to 2021-01-01 00:00:00+00:00, run_after=2021-01-01 00:00:00+00:00
[2024-10-12T07:52:24.774+0000] {processor.py:208} INFO - Processing /home/vboxuser/airflow_venv/lib/python3.12/site-packages/airflow/example_dags/example_trigger_controller_dag.py took 0.144 seconds
[2024-10-12T07:53:29.665+0000] {processor.py:186} INFO - Started process (PID=13348) to work on /home/vboxuser/airflow_venv/lib/python3.12/site-packages/airflow/example_dags/example_trigger_controller_dag.py
[2024-10-12T07:53:29.670+0000] {processor.py:914} INFO - Processing file /home/vboxuser/airflow_venv/lib/python3.12/site-packages/airflow/example_dags/example_trigger_controller_dag.py for tasks to queue
[2024-10-12T07:53:29.674+0000] {logging_mixin.py:190} INFO - [2024-10-12T07:53:29.673+0000] {dagbag.py:588} INFO - Filling up the DagBag from /home/vboxuser/airflow_venv/lib/python3.12/site-packages/airflow/example_dags/example_trigger_controller_dag.py
[2024-10-12T07:53:29.687+0000] {processor.py:925} INFO - DAG(s) 'example_trigger_controller_dag' retrieved from /home/vboxuser/airflow_venv/lib/python3.12/site-packages/airflow/example_dags/example_trigger_controller_dag.py
[2024-10-12T07:53:29.710+0000] {logging_mixin.py:190} INFO - [2024-10-12T07:53:29.709+0000] {dag.py:3239} INFO - Sync 1 DAGs
[2024-10-12T07:53:29.737+0000] {logging_mixin.py:190} INFO - [2024-10-12T07:53:29.736+0000] {dag.py:4180} INFO - Setting next_dagrun for example_trigger_controller_dag to 2021-01-01 00:00:00+00:00, run_after=2021-01-01 00:00:00+00:00
[2024-10-12T07:53:29.777+0000] {processor.py:208} INFO - Processing /home/vboxuser/airflow_venv/lib/python3.12/site-packages/airflow/example_dags/example_trigger_controller_dag.py took 0.123 seconds
[2024-10-12T07:54:30.697+0000] {processor.py:186} INFO - Started process (PID=13404) to work on /home/vboxuser/airflow_venv/lib/python3.12/site-packages/airflow/example_dags/example_trigger_controller_dag.py
[2024-10-12T07:54:30.701+0000] {processor.py:914} INFO - Processing file /home/vboxuser/airflow_venv/lib/python3.12/site-packages/airflow/example_dags/example_trigger_controller_dag.py for tasks to queue
[2024-10-12T07:54:30.706+0000] {logging_mixin.py:190} INFO - [2024-10-12T07:54:30.705+0000] {dagbag.py:588} INFO - Filling up the DagBag from /home/vboxuser/airflow_venv/lib/python3.12/site-packages/airflow/example_dags/example_trigger_controller_dag.py
[2024-10-12T07:54:30.720+0000] {processor.py:925} INFO - DAG(s) 'example_trigger_controller_dag' retrieved from /home/vboxuser/airflow_venv/lib/python3.12/site-packages/airflow/example_dags/example_trigger_controller_dag.py
[2024-10-12T07:54:30.743+0000] {logging_mixin.py:190} INFO - [2024-10-12T07:54:30.743+0000] {dag.py:3239} INFO - Sync 1 DAGs
[2024-10-12T07:54:30.772+0000] {logging_mixin.py:190} INFO - [2024-10-12T07:54:30.772+0000] {dag.py:4180} INFO - Setting next_dagrun for example_trigger_controller_dag to 2021-01-01 00:00:00+00:00, run_after=2021-01-01 00:00:00+00:00
[2024-10-12T07:54:30.814+0000] {processor.py:208} INFO - Processing /home/vboxuser/airflow_venv/lib/python3.12/site-packages/airflow/example_dags/example_trigger_controller_dag.py took 0.129 seconds
[2024-10-12T07:55:32.039+0000] {processor.py:186} INFO - Started process (PID=13466) to work on /home/vboxuser/airflow_venv/lib/python3.12/site-packages/airflow/example_dags/example_trigger_controller_dag.py
[2024-10-12T07:55:32.044+0000] {processor.py:914} INFO - Processing file /home/vboxuser/airflow_venv/lib/python3.12/site-packages/airflow/example_dags/example_trigger_controller_dag.py for tasks to queue
[2024-10-12T07:55:32.048+0000] {logging_mixin.py:190} INFO - [2024-10-12T07:55:32.048+0000] {dagbag.py:588} INFO - Filling up the DagBag from /home/vboxuser/airflow_venv/lib/python3.12/site-packages/airflow/example_dags/example_trigger_controller_dag.py
[2024-10-12T07:55:32.060+0000] {processor.py:925} INFO - DAG(s) 'example_trigger_controller_dag' retrieved from /home/vboxuser/airflow_venv/lib/python3.12/site-packages/airflow/example_dags/example_trigger_controller_dag.py
[2024-10-12T07:55:32.085+0000] {logging_mixin.py:190} INFO - [2024-10-12T07:55:32.085+0000] {dag.py:3239} INFO - Sync 1 DAGs
[2024-10-12T07:55:32.113+0000] {logging_mixin.py:190} INFO - [2024-10-12T07:55:32.113+0000] {dag.py:4180} INFO - Setting next_dagrun for example_trigger_controller_dag to 2021-01-01 00:00:00+00:00, run_after=2021-01-01 00:00:00+00:00
[2024-10-12T07:55:32.150+0000] {processor.py:208} INFO - Processing /home/vboxuser/airflow_venv/lib/python3.12/site-packages/airflow/example_dags/example_trigger_controller_dag.py took 0.124 seconds
[2024-10-12T07:56:42.428+0000] {processor.py:186} INFO - Started process (PID=13530) to work on /home/vboxuser/airflow_venv/lib/python3.12/site-packages/airflow/example_dags/example_trigger_controller_dag.py
[2024-10-12T07:56:42.432+0000] {processor.py:914} INFO - Processing file /home/vboxuser/airflow_venv/lib/python3.12/site-packages/airflow/example_dags/example_trigger_controller_dag.py for tasks to queue
[2024-10-12T07:56:42.435+0000] {logging_mixin.py:190} INFO - [2024-10-12T07:56:42.434+0000] {dagbag.py:588} INFO - Filling up the DagBag from /home/vboxuser/airflow_venv/lib/python3.12/site-packages/airflow/example_dags/example_trigger_controller_dag.py
[2024-10-12T07:56:42.446+0000] {processor.py:925} INFO - DAG(s) 'example_trigger_controller_dag' retrieved from /home/vboxuser/airflow_venv/lib/python3.12/site-packages/airflow/example_dags/example_trigger_controller_dag.py
[2024-10-12T07:56:42.468+0000] {logging_mixin.py:190} INFO - [2024-10-12T07:56:42.467+0000] {dag.py:3239} INFO - Sync 1 DAGs
[2024-10-12T07:56:42.493+0000] {logging_mixin.py:190} INFO - [2024-10-12T07:56:42.493+0000] {dag.py:4180} INFO - Setting next_dagrun for example_trigger_controller_dag to 2021-01-01 00:00:00+00:00, run_after=2021-01-01 00:00:00+00:00
[2024-10-12T07:56:42.525+0000] {processor.py:208} INFO - Processing /home/vboxuser/airflow_venv/lib/python3.12/site-packages/airflow/example_dags/example_trigger_controller_dag.py took 0.104 seconds
[2024-10-12T07:57:49.181+0000] {processor.py:186} INFO - Started process (PID=13605) to work on /home/vboxuser/airflow_venv/lib/python3.12/site-packages/airflow/example_dags/example_trigger_controller_dag.py
[2024-10-12T07:57:49.187+0000] {processor.py:914} INFO - Processing file /home/vboxuser/airflow_venv/lib/python3.12/site-packages/airflow/example_dags/example_trigger_controller_dag.py for tasks to queue
[2024-10-12T07:57:49.191+0000] {logging_mixin.py:190} INFO - [2024-10-12T07:57:49.190+0000] {dagbag.py:588} INFO - Filling up the DagBag from /home/vboxuser/airflow_venv/lib/python3.12/site-packages/airflow/example_dags/example_trigger_controller_dag.py
[2024-10-12T07:57:49.204+0000] {processor.py:925} INFO - DAG(s) 'example_trigger_controller_dag' retrieved from /home/vboxuser/airflow_venv/lib/python3.12/site-packages/airflow/example_dags/example_trigger_controller_dag.py
[2024-10-12T07:57:49.225+0000] {logging_mixin.py:190} INFO - [2024-10-12T07:57:49.224+0000] {dag.py:3239} INFO - Sync 1 DAGs
[2024-10-12T07:57:49.246+0000] {logging_mixin.py:190} INFO - [2024-10-12T07:57:49.246+0000] {dag.py:4180} INFO - Setting next_dagrun for example_trigger_controller_dag to 2021-01-01 00:00:00+00:00, run_after=2021-01-01 00:00:00+00:00
[2024-10-12T07:57:49.279+0000] {processor.py:208} INFO - Processing /home/vboxuser/airflow_venv/lib/python3.12/site-packages/airflow/example_dags/example_trigger_controller_dag.py took 0.109 seconds
[2024-10-12T07:58:50.035+0000] {processor.py:186} INFO - Started process (PID=13663) to work on /home/vboxuser/airflow_venv/lib/python3.12/site-packages/airflow/example_dags/example_trigger_controller_dag.py
[2024-10-12T07:58:50.038+0000] {processor.py:914} INFO - Processing file /home/vboxuser/airflow_venv/lib/python3.12/site-packages/airflow/example_dags/example_trigger_controller_dag.py for tasks to queue
[2024-10-12T07:58:50.041+0000] {logging_mixin.py:190} INFO - [2024-10-12T07:58:50.040+0000] {dagbag.py:588} INFO - Filling up the DagBag from /home/vboxuser/airflow_venv/lib/python3.12/site-packages/airflow/example_dags/example_trigger_controller_dag.py
[2024-10-12T07:58:50.052+0000] {processor.py:925} INFO - DAG(s) 'example_trigger_controller_dag' retrieved from /home/vboxuser/airflow_venv/lib/python3.12/site-packages/airflow/example_dags/example_trigger_controller_dag.py
[2024-10-12T07:58:50.073+0000] {logging_mixin.py:190} INFO - [2024-10-12T07:58:50.072+0000] {dag.py:3239} INFO - Sync 1 DAGs
[2024-10-12T07:58:50.096+0000] {logging_mixin.py:190} INFO - [2024-10-12T07:58:50.095+0000] {dag.py:4180} INFO - Setting next_dagrun for example_trigger_controller_dag to 2021-01-01 00:00:00+00:00, run_after=2021-01-01 00:00:00+00:00
[2024-10-12T07:58:50.133+0000] {processor.py:208} INFO - Processing /home/vboxuser/airflow_venv/lib/python3.12/site-packages/airflow/example_dags/example_trigger_controller_dag.py took 0.107 seconds
[2024-10-12T07:59:51.885+0000] {processor.py:186} INFO - Started process (PID=13720) to work on /home/vboxuser/airflow_venv/lib/python3.12/site-packages/airflow/example_dags/example_trigger_controller_dag.py
[2024-10-12T07:59:51.888+0000] {processor.py:914} INFO - Processing file /home/vboxuser/airflow_venv/lib/python3.12/site-packages/airflow/example_dags/example_trigger_controller_dag.py for tasks to queue
[2024-10-12T07:59:51.892+0000] {logging_mixin.py:190} INFO - [2024-10-12T07:59:51.891+0000] {dagbag.py:588} INFO - Filling up the DagBag from /home/vboxuser/airflow_venv/lib/python3.12/site-packages/airflow/example_dags/example_trigger_controller_dag.py
[2024-10-12T07:59:51.903+0000] {processor.py:925} INFO - DAG(s) 'example_trigger_controller_dag' retrieved from /home/vboxuser/airflow_venv/lib/python3.12/site-packages/airflow/example_dags/example_trigger_controller_dag.py
[2024-10-12T07:59:51.926+0000] {logging_mixin.py:190} INFO - [2024-10-12T07:59:51.926+0000] {dag.py:3239} INFO - Sync 1 DAGs
[2024-10-12T07:59:51.959+0000] {logging_mixin.py:190} INFO - [2024-10-12T07:59:51.957+0000] {dag.py:4180} INFO - Setting next_dagrun for example_trigger_controller_dag to 2021-01-01 00:00:00+00:00, run_after=2021-01-01 00:00:00+00:00
[2024-10-12T07:59:52.003+0000] {processor.py:208} INFO - Processing /home/vboxuser/airflow_venv/lib/python3.12/site-packages/airflow/example_dags/example_trigger_controller_dag.py took 0.127 seconds
[2024-10-12T08:00:55.125+0000] {processor.py:186} INFO - Started process (PID=13782) to work on /home/vboxuser/airflow_venv/lib/python3.12/site-packages/airflow/example_dags/example_trigger_controller_dag.py
[2024-10-12T08:00:55.132+0000] {processor.py:914} INFO - Processing file /home/vboxuser/airflow_venv/lib/python3.12/site-packages/airflow/example_dags/example_trigger_controller_dag.py for tasks to queue
[2024-10-12T08:00:55.137+0000] {logging_mixin.py:190} INFO - [2024-10-12T08:00:55.136+0000] {dagbag.py:588} INFO - Filling up the DagBag from /home/vboxuser/airflow_venv/lib/python3.12/site-packages/airflow/example_dags/example_trigger_controller_dag.py
[2024-10-12T08:00:55.151+0000] {processor.py:925} INFO - DAG(s) 'example_trigger_controller_dag' retrieved from /home/vboxuser/airflow_venv/lib/python3.12/site-packages/airflow/example_dags/example_trigger_controller_dag.py
[2024-10-12T08:00:55.177+0000] {logging_mixin.py:190} INFO - [2024-10-12T08:00:55.177+0000] {dag.py:3239} INFO - Sync 1 DAGs
[2024-10-12T08:00:55.208+0000] {logging_mixin.py:190} INFO - [2024-10-12T08:00:55.208+0000] {dag.py:4180} INFO - Setting next_dagrun for example_trigger_controller_dag to 2021-01-01 00:00:00+00:00, run_after=2021-01-01 00:00:00+00:00
[2024-10-12T08:00:55.249+0000] {processor.py:208} INFO - Processing /home/vboxuser/airflow_venv/lib/python3.12/site-packages/airflow/example_dags/example_trigger_controller_dag.py took 0.139 seconds
[2024-10-12T08:02:04.629+0000] {processor.py:186} INFO - Started process (PID=13843) to work on /home/vboxuser/airflow_venv/lib/python3.12/site-packages/airflow/example_dags/example_trigger_controller_dag.py
[2024-10-12T08:02:04.634+0000] {processor.py:914} INFO - Processing file /home/vboxuser/airflow_venv/lib/python3.12/site-packages/airflow/example_dags/example_trigger_controller_dag.py for tasks to queue
[2024-10-12T08:02:04.639+0000] {logging_mixin.py:190} INFO - [2024-10-12T08:02:04.638+0000] {dagbag.py:588} INFO - Filling up the DagBag from /home/vboxuser/airflow_venv/lib/python3.12/site-packages/airflow/example_dags/example_trigger_controller_dag.py
[2024-10-12T08:02:04.652+0000] {processor.py:925} INFO - DAG(s) 'example_trigger_controller_dag' retrieved from /home/vboxuser/airflow_venv/lib/python3.12/site-packages/airflow/example_dags/example_trigger_controller_dag.py
[2024-10-12T08:02:04.683+0000] {logging_mixin.py:190} INFO - [2024-10-12T08:02:04.682+0000] {dag.py:3239} INFO - Sync 1 DAGs
[2024-10-12T08:02:04.718+0000] {logging_mixin.py:190} INFO - [2024-10-12T08:02:04.718+0000] {dag.py:4180} INFO - Setting next_dagrun for example_trigger_controller_dag to 2021-01-01 00:00:00+00:00, run_after=2021-01-01 00:00:00+00:00
[2024-10-12T08:02:04.774+0000] {processor.py:208} INFO - Processing /home/vboxuser/airflow_venv/lib/python3.12/site-packages/airflow/example_dags/example_trigger_controller_dag.py took 0.156 seconds
[2024-10-12T08:03:07.998+0000] {processor.py:186} INFO - Started process (PID=13902) to work on /home/vboxuser/airflow_venv/lib/python3.12/site-packages/airflow/example_dags/example_trigger_controller_dag.py
[2024-10-12T08:03:08.004+0000] {processor.py:914} INFO - Processing file /home/vboxuser/airflow_venv/lib/python3.12/site-packages/airflow/example_dags/example_trigger_controller_dag.py for tasks to queue
[2024-10-12T08:03:08.008+0000] {logging_mixin.py:190} INFO - [2024-10-12T08:03:08.008+0000] {dagbag.py:588} INFO - Filling up the DagBag from /home/vboxuser/airflow_venv/lib/python3.12/site-packages/airflow/example_dags/example_trigger_controller_dag.py
[2024-10-12T08:03:08.021+0000] {processor.py:925} INFO - DAG(s) 'example_trigger_controller_dag' retrieved from /home/vboxuser/airflow_venv/lib/python3.12/site-packages/airflow/example_dags/example_trigger_controller_dag.py
[2024-10-12T08:03:08.046+0000] {logging_mixin.py:190} INFO - [2024-10-12T08:03:08.045+0000] {dag.py:3239} INFO - Sync 1 DAGs
[2024-10-12T08:03:08.083+0000] {logging_mixin.py:190} INFO - [2024-10-12T08:03:08.083+0000] {dag.py:4180} INFO - Setting next_dagrun for example_trigger_controller_dag to 2021-01-01 00:00:00+00:00, run_after=2021-01-01 00:00:00+00:00
[2024-10-12T08:03:08.124+0000] {processor.py:208} INFO - Processing /home/vboxuser/airflow_venv/lib/python3.12/site-packages/airflow/example_dags/example_trigger_controller_dag.py took 0.136 seconds
[2024-10-12T08:04:15.746+0000] {processor.py:186} INFO - Started process (PID=13971) to work on /home/vboxuser/airflow_venv/lib/python3.12/site-packages/airflow/example_dags/example_trigger_controller_dag.py
[2024-10-12T08:04:15.753+0000] {processor.py:914} INFO - Processing file /home/vboxuser/airflow_venv/lib/python3.12/site-packages/airflow/example_dags/example_trigger_controller_dag.py for tasks to queue
[2024-10-12T08:04:15.761+0000] {logging_mixin.py:190} INFO - [2024-10-12T08:04:15.760+0000] {dagbag.py:588} INFO - Filling up the DagBag from /home/vboxuser/airflow_venv/lib/python3.12/site-packages/airflow/example_dags/example_trigger_controller_dag.py
[2024-10-12T08:04:15.778+0000] {processor.py:925} INFO - DAG(s) 'example_trigger_controller_dag' retrieved from /home/vboxuser/airflow_venv/lib/python3.12/site-packages/airflow/example_dags/example_trigger_controller_dag.py
[2024-10-12T08:04:15.812+0000] {logging_mixin.py:190} INFO - [2024-10-12T08:04:15.811+0000] {dag.py:3239} INFO - Sync 1 DAGs
[2024-10-12T08:04:15.843+0000] {logging_mixin.py:190} INFO - [2024-10-12T08:04:15.843+0000] {dag.py:4180} INFO - Setting next_dagrun for example_trigger_controller_dag to 2021-01-01 00:00:00+00:00, run_after=2021-01-01 00:00:00+00:00
[2024-10-12T08:04:15.887+0000] {processor.py:208} INFO - Processing /home/vboxuser/airflow_venv/lib/python3.12/site-packages/airflow/example_dags/example_trigger_controller_dag.py took 0.157 seconds
[2024-10-12T08:05:25.440+0000] {processor.py:186} INFO - Started process (PID=14038) to work on /home/vboxuser/airflow_venv/lib/python3.12/site-packages/airflow/example_dags/example_trigger_controller_dag.py
[2024-10-12T08:05:25.447+0000] {processor.py:914} INFO - Processing file /home/vboxuser/airflow_venv/lib/python3.12/site-packages/airflow/example_dags/example_trigger_controller_dag.py for tasks to queue
[2024-10-12T08:05:25.452+0000] {logging_mixin.py:190} INFO - [2024-10-12T08:05:25.451+0000] {dagbag.py:588} INFO - Filling up the DagBag from /home/vboxuser/airflow_venv/lib/python3.12/site-packages/airflow/example_dags/example_trigger_controller_dag.py
[2024-10-12T08:05:25.466+0000] {processor.py:925} INFO - DAG(s) 'example_trigger_controller_dag' retrieved from /home/vboxuser/airflow_venv/lib/python3.12/site-packages/airflow/example_dags/example_trigger_controller_dag.py
[2024-10-12T08:05:25.491+0000] {logging_mixin.py:190} INFO - [2024-10-12T08:05:25.491+0000] {dag.py:3239} INFO - Sync 1 DAGs
[2024-10-12T08:05:25.522+0000] {logging_mixin.py:190} INFO - [2024-10-12T08:05:25.521+0000] {dag.py:4180} INFO - Setting next_dagrun for example_trigger_controller_dag to 2021-01-01 00:00:00+00:00, run_after=2021-01-01 00:00:00+00:00
[2024-10-12T08:05:25.562+0000] {processor.py:208} INFO - Processing /home/vboxuser/airflow_venv/lib/python3.12/site-packages/airflow/example_dags/example_trigger_controller_dag.py took 0.133 seconds
[2024-10-12T08:06:38.948+0000] {processor.py:186} INFO - Started process (PID=14107) to work on /home/vboxuser/airflow_venv/lib/python3.12/site-packages/airflow/example_dags/example_trigger_controller_dag.py
[2024-10-12T08:06:38.955+0000] {processor.py:914} INFO - Processing file /home/vboxuser/airflow_venv/lib/python3.12/site-packages/airflow/example_dags/example_trigger_controller_dag.py for tasks to queue
[2024-10-12T08:06:38.962+0000] {logging_mixin.py:190} INFO - [2024-10-12T08:06:38.960+0000] {dagbag.py:588} INFO - Filling up the DagBag from /home/vboxuser/airflow_venv/lib/python3.12/site-packages/airflow/example_dags/example_trigger_controller_dag.py
[2024-10-12T08:06:38.977+0000] {processor.py:925} INFO - DAG(s) 'example_trigger_controller_dag' retrieved from /home/vboxuser/airflow_venv/lib/python3.12/site-packages/airflow/example_dags/example_trigger_controller_dag.py
[2024-10-12T08:06:39.011+0000] {logging_mixin.py:190} INFO - [2024-10-12T08:06:39.011+0000] {dag.py:3239} INFO - Sync 1 DAGs
[2024-10-12T08:06:39.058+0000] {logging_mixin.py:190} INFO - [2024-10-12T08:06:39.057+0000] {dag.py:4180} INFO - Setting next_dagrun for example_trigger_controller_dag to 2021-01-01 00:00:00+00:00, run_after=2021-01-01 00:00:00+00:00
[2024-10-12T08:06:39.115+0000] {processor.py:208} INFO - Processing /home/vboxuser/airflow_venv/lib/python3.12/site-packages/airflow/example_dags/example_trigger_controller_dag.py took 0.184 seconds
[2024-10-12T08:07:54.204+0000] {processor.py:186} INFO - Started process (PID=14176) to work on /home/vboxuser/airflow_venv/lib/python3.12/site-packages/airflow/example_dags/example_trigger_controller_dag.py
[2024-10-12T08:07:54.211+0000] {processor.py:914} INFO - Processing file /home/vboxuser/airflow_venv/lib/python3.12/site-packages/airflow/example_dags/example_trigger_controller_dag.py for tasks to queue
[2024-10-12T08:07:54.216+0000] {logging_mixin.py:190} INFO - [2024-10-12T08:07:54.215+0000] {dagbag.py:588} INFO - Filling up the DagBag from /home/vboxuser/airflow_venv/lib/python3.12/site-packages/airflow/example_dags/example_trigger_controller_dag.py
[2024-10-12T08:07:54.231+0000] {processor.py:925} INFO - DAG(s) 'example_trigger_controller_dag' retrieved from /home/vboxuser/airflow_venv/lib/python3.12/site-packages/airflow/example_dags/example_trigger_controller_dag.py
[2024-10-12T08:07:54.264+0000] {logging_mixin.py:190} INFO - [2024-10-12T08:07:54.264+0000] {dag.py:3239} INFO - Sync 1 DAGs
[2024-10-12T08:07:54.305+0000] {logging_mixin.py:190} INFO - [2024-10-12T08:07:54.305+0000] {dag.py:4180} INFO - Setting next_dagrun for example_trigger_controller_dag to 2021-01-01 00:00:00+00:00, run_after=2021-01-01 00:00:00+00:00
[2024-10-12T08:07:54.364+0000] {processor.py:208} INFO - Processing /home/vboxuser/airflow_venv/lib/python3.12/site-packages/airflow/example_dags/example_trigger_controller_dag.py took 0.172 seconds
[2024-10-12T08:09:08.763+0000] {processor.py:186} INFO - Started process (PID=14241) to work on /home/vboxuser/airflow_venv/lib/python3.12/site-packages/airflow/example_dags/example_trigger_controller_dag.py
[2024-10-12T08:09:08.769+0000] {processor.py:914} INFO - Processing file /home/vboxuser/airflow_venv/lib/python3.12/site-packages/airflow/example_dags/example_trigger_controller_dag.py for tasks to queue
[2024-10-12T08:09:08.774+0000] {logging_mixin.py:190} INFO - [2024-10-12T08:09:08.773+0000] {dagbag.py:588} INFO - Filling up the DagBag from /home/vboxuser/airflow_venv/lib/python3.12/site-packages/airflow/example_dags/example_trigger_controller_dag.py
[2024-10-12T08:09:08.792+0000] {processor.py:925} INFO - DAG(s) 'example_trigger_controller_dag' retrieved from /home/vboxuser/airflow_venv/lib/python3.12/site-packages/airflow/example_dags/example_trigger_controller_dag.py
[2024-10-12T08:09:08.829+0000] {logging_mixin.py:190} INFO - [2024-10-12T08:09:08.828+0000] {dag.py:3239} INFO - Sync 1 DAGs
[2024-10-12T08:09:08.873+0000] {logging_mixin.py:190} INFO - [2024-10-12T08:09:08.872+0000] {dag.py:4180} INFO - Setting next_dagrun for example_trigger_controller_dag to 2021-01-01 00:00:00+00:00, run_after=2021-01-01 00:00:00+00:00
[2024-10-12T08:09:08.922+0000] {processor.py:208} INFO - Processing /home/vboxuser/airflow_venv/lib/python3.12/site-packages/airflow/example_dags/example_trigger_controller_dag.py took 0.172 seconds
[2024-10-12T08:10:26.541+0000] {processor.py:186} INFO - Started process (PID=14307) to work on /home/vboxuser/airflow_venv/lib/python3.12/site-packages/airflow/example_dags/example_trigger_controller_dag.py
[2024-10-12T08:10:26.547+0000] {processor.py:914} INFO - Processing file /home/vboxuser/airflow_venv/lib/python3.12/site-packages/airflow/example_dags/example_trigger_controller_dag.py for tasks to queue
[2024-10-12T08:10:26.552+0000] {logging_mixin.py:190} INFO - [2024-10-12T08:10:26.551+0000] {dagbag.py:588} INFO - Filling up the DagBag from /home/vboxuser/airflow_venv/lib/python3.12/site-packages/airflow/example_dags/example_trigger_controller_dag.py
[2024-10-12T08:10:26.572+0000] {processor.py:925} INFO - DAG(s) 'example_trigger_controller_dag' retrieved from /home/vboxuser/airflow_venv/lib/python3.12/site-packages/airflow/example_dags/example_trigger_controller_dag.py
[2024-10-12T08:10:26.600+0000] {logging_mixin.py:190} INFO - [2024-10-12T08:10:26.600+0000] {dag.py:3239} INFO - Sync 1 DAGs
[2024-10-12T08:10:26.640+0000] {logging_mixin.py:190} INFO - [2024-10-12T08:10:26.640+0000] {dag.py:4180} INFO - Setting next_dagrun for example_trigger_controller_dag to 2021-01-01 00:00:00+00:00, run_after=2021-01-01 00:00:00+00:00
[2024-10-12T08:10:26.706+0000] {processor.py:208} INFO - Processing /home/vboxuser/airflow_venv/lib/python3.12/site-packages/airflow/example_dags/example_trigger_controller_dag.py took 0.181 seconds
[2024-10-12T08:11:36.693+0000] {processor.py:186} INFO - Started process (PID=14370) to work on /home/vboxuser/airflow_venv/lib/python3.12/site-packages/airflow/example_dags/example_trigger_controller_dag.py
[2024-10-12T08:11:36.700+0000] {processor.py:914} INFO - Processing file /home/vboxuser/airflow_venv/lib/python3.12/site-packages/airflow/example_dags/example_trigger_controller_dag.py for tasks to queue
[2024-10-12T08:11:36.705+0000] {logging_mixin.py:190} INFO - [2024-10-12T08:11:36.704+0000] {dagbag.py:588} INFO - Filling up the DagBag from /home/vboxuser/airflow_venv/lib/python3.12/site-packages/airflow/example_dags/example_trigger_controller_dag.py
[2024-10-12T08:11:36.719+0000] {processor.py:925} INFO - DAG(s) 'example_trigger_controller_dag' retrieved from /home/vboxuser/airflow_venv/lib/python3.12/site-packages/airflow/example_dags/example_trigger_controller_dag.py
[2024-10-12T08:11:36.740+0000] {logging_mixin.py:190} INFO - [2024-10-12T08:11:36.740+0000] {dag.py:3239} INFO - Sync 1 DAGs
[2024-10-12T08:11:36.766+0000] {logging_mixin.py:190} INFO - [2024-10-12T08:11:36.765+0000] {dag.py:4180} INFO - Setting next_dagrun for example_trigger_controller_dag to 2021-01-01 00:00:00+00:00, run_after=2021-01-01 00:00:00+00:00
[2024-10-12T08:11:36.814+0000] {processor.py:208} INFO - Processing /home/vboxuser/airflow_venv/lib/python3.12/site-packages/airflow/example_dags/example_trigger_controller_dag.py took 0.136 seconds
[2024-10-12T08:12:42.418+0000] {processor.py:186} INFO - Started process (PID=14430) to work on /home/vboxuser/airflow_venv/lib/python3.12/site-packages/airflow/example_dags/example_trigger_controller_dag.py
[2024-10-12T08:12:42.422+0000] {processor.py:914} INFO - Processing file /home/vboxuser/airflow_venv/lib/python3.12/site-packages/airflow/example_dags/example_trigger_controller_dag.py for tasks to queue
[2024-10-12T08:12:42.428+0000] {logging_mixin.py:190} INFO - [2024-10-12T08:12:42.427+0000] {dagbag.py:588} INFO - Filling up the DagBag from /home/vboxuser/airflow_venv/lib/python3.12/site-packages/airflow/example_dags/example_trigger_controller_dag.py
[2024-10-12T08:12:42.445+0000] {processor.py:925} INFO - DAG(s) 'example_trigger_controller_dag' retrieved from /home/vboxuser/airflow_venv/lib/python3.12/site-packages/airflow/example_dags/example_trigger_controller_dag.py
[2024-10-12T08:12:42.479+0000] {logging_mixin.py:190} INFO - [2024-10-12T08:12:42.478+0000] {dag.py:3239} INFO - Sync 1 DAGs
[2024-10-12T08:12:42.523+0000] {logging_mixin.py:190} INFO - [2024-10-12T08:12:42.523+0000] {dag.py:4180} INFO - Setting next_dagrun for example_trigger_controller_dag to 2021-01-01 00:00:00+00:00, run_after=2021-01-01 00:00:00+00:00
[2024-10-12T08:12:42.597+0000] {processor.py:208} INFO - Processing /home/vboxuser/airflow_venv/lib/python3.12/site-packages/airflow/example_dags/example_trigger_controller_dag.py took 0.193 seconds
[2024-10-12T08:13:53.792+0000] {processor.py:186} INFO - Started process (PID=14492) to work on /home/vboxuser/airflow_venv/lib/python3.12/site-packages/airflow/example_dags/example_trigger_controller_dag.py
[2024-10-12T08:13:53.799+0000] {processor.py:914} INFO - Processing file /home/vboxuser/airflow_venv/lib/python3.12/site-packages/airflow/example_dags/example_trigger_controller_dag.py for tasks to queue
[2024-10-12T08:13:53.806+0000] {logging_mixin.py:190} INFO - [2024-10-12T08:13:53.805+0000] {dagbag.py:588} INFO - Filling up the DagBag from /home/vboxuser/airflow_venv/lib/python3.12/site-packages/airflow/example_dags/example_trigger_controller_dag.py
[2024-10-12T08:13:53.821+0000] {processor.py:925} INFO - DAG(s) 'example_trigger_controller_dag' retrieved from /home/vboxuser/airflow_venv/lib/python3.12/site-packages/airflow/example_dags/example_trigger_controller_dag.py
[2024-10-12T08:13:53.849+0000] {logging_mixin.py:190} INFO - [2024-10-12T08:13:53.848+0000] {dag.py:3239} INFO - Sync 1 DAGs
[2024-10-12T08:13:53.890+0000] {logging_mixin.py:190} INFO - [2024-10-12T08:13:53.890+0000] {dag.py:4180} INFO - Setting next_dagrun for example_trigger_controller_dag to 2021-01-01 00:00:00+00:00, run_after=2021-01-01 00:00:00+00:00
[2024-10-12T08:13:53.950+0000] {processor.py:208} INFO - Processing /home/vboxuser/airflow_venv/lib/python3.12/site-packages/airflow/example_dags/example_trigger_controller_dag.py took 0.171 seconds
[2024-10-12T08:15:09.659+0000] {processor.py:186} INFO - Started process (PID=14558) to work on /home/vboxuser/airflow_venv/lib/python3.12/site-packages/airflow/example_dags/example_trigger_controller_dag.py
[2024-10-12T08:15:09.667+0000] {processor.py:914} INFO - Processing file /home/vboxuser/airflow_venv/lib/python3.12/site-packages/airflow/example_dags/example_trigger_controller_dag.py for tasks to queue
[2024-10-12T08:15:09.673+0000] {logging_mixin.py:190} INFO - [2024-10-12T08:15:09.671+0000] {dagbag.py:588} INFO - Filling up the DagBag from /home/vboxuser/airflow_venv/lib/python3.12/site-packages/airflow/example_dags/example_trigger_controller_dag.py
[2024-10-12T08:15:09.689+0000] {processor.py:925} INFO - DAG(s) 'example_trigger_controller_dag' retrieved from /home/vboxuser/airflow_venv/lib/python3.12/site-packages/airflow/example_dags/example_trigger_controller_dag.py
[2024-10-12T08:15:09.730+0000] {logging_mixin.py:190} INFO - [2024-10-12T08:15:09.730+0000] {dag.py:3239} INFO - Sync 1 DAGs
[2024-10-12T08:15:09.772+0000] {logging_mixin.py:190} INFO - [2024-10-12T08:15:09.771+0000] {dag.py:4180} INFO - Setting next_dagrun for example_trigger_controller_dag to 2021-01-01 00:00:00+00:00, run_after=2021-01-01 00:00:00+00:00
[2024-10-12T08:15:09.827+0000] {processor.py:208} INFO - Processing /home/vboxuser/airflow_venv/lib/python3.12/site-packages/airflow/example_dags/example_trigger_controller_dag.py took 0.180 seconds
[2024-10-12T08:16:23.592+0000] {processor.py:186} INFO - Started process (PID=14620) to work on /home/vboxuser/airflow_venv/lib/python3.12/site-packages/airflow/example_dags/example_trigger_controller_dag.py
[2024-10-12T08:16:23.600+0000] {processor.py:914} INFO - Processing file /home/vboxuser/airflow_venv/lib/python3.12/site-packages/airflow/example_dags/example_trigger_controller_dag.py for tasks to queue
[2024-10-12T08:16:23.605+0000] {logging_mixin.py:190} INFO - [2024-10-12T08:16:23.604+0000] {dagbag.py:588} INFO - Filling up the DagBag from /home/vboxuser/airflow_venv/lib/python3.12/site-packages/airflow/example_dags/example_trigger_controller_dag.py
[2024-10-12T08:16:23.626+0000] {processor.py:925} INFO - DAG(s) 'example_trigger_controller_dag' retrieved from /home/vboxuser/airflow_venv/lib/python3.12/site-packages/airflow/example_dags/example_trigger_controller_dag.py
[2024-10-12T08:16:23.656+0000] {logging_mixin.py:190} INFO - [2024-10-12T08:16:23.655+0000] {dag.py:3239} INFO - Sync 1 DAGs
[2024-10-12T08:16:23.686+0000] {logging_mixin.py:190} INFO - [2024-10-12T08:16:23.686+0000] {dag.py:4180} INFO - Setting next_dagrun for example_trigger_controller_dag to 2021-01-01 00:00:00+00:00, run_after=2021-01-01 00:00:00+00:00
[2024-10-12T08:16:23.732+0000] {processor.py:208} INFO - Processing /home/vboxuser/airflow_venv/lib/python3.12/site-packages/airflow/example_dags/example_trigger_controller_dag.py took 0.154 seconds
