[2024-10-12T07:08:45.145+0000] {processor.py:186} INFO - Started process (PID=11303) to work on /home/vboxuser/airflow_venv/lib/python3.12/site-packages/airflow/example_dags/example_dynamic_task_mapping_with_no_taskflow_operators.py
[2024-10-12T07:08:45.146+0000] {processor.py:914} INFO - Processing file /home/vboxuser/airflow_venv/lib/python3.12/site-packages/airflow/example_dags/example_dynamic_task_mapping_with_no_taskflow_operators.py for tasks to queue
[2024-10-12T07:08:45.149+0000] {logging_mixin.py:190} INFO - [2024-10-12T07:08:45.148+0000] {dagbag.py:588} INFO - Filling up the DagBag from /home/vboxuser/airflow_venv/lib/python3.12/site-packages/airflow/example_dags/example_dynamic_task_mapping_with_no_taskflow_operators.py
[2024-10-12T07:08:45.162+0000] {processor.py:925} INFO - DAG(s) 'example_dynamic_task_mapping_with_no_taskflow_operators' retrieved from /home/vboxuser/airflow_venv/lib/python3.12/site-packages/airflow/example_dags/example_dynamic_task_mapping_with_no_taskflow_operators.py
[2024-10-12T07:08:45.309+0000] {logging_mixin.py:190} INFO - [2024-10-12T07:08:45.308+0000] {override.py:1901} INFO - Created Permission View: can delete on DAG:example_dynamic_task_mapping_with_no_taskflow_operators
[2024-10-12T07:08:45.328+0000] {logging_mixin.py:190} INFO - [2024-10-12T07:08:45.328+0000] {override.py:1901} INFO - Created Permission View: can read on DAG:example_dynamic_task_mapping_with_no_taskflow_operators
[2024-10-12T07:08:45.345+0000] {logging_mixin.py:190} INFO - [2024-10-12T07:08:45.344+0000] {override.py:1901} INFO - Created Permission View: can edit on DAG:example_dynamic_task_mapping_with_no_taskflow_operators
[2024-10-12T07:08:45.373+0000] {logging_mixin.py:190} INFO - [2024-10-12T07:08:45.373+0000] {override.py:1901} INFO - Created Permission View: can delete on DAG Run:example_dynamic_task_mapping_with_no_taskflow_operators
[2024-10-12T07:08:45.390+0000] {logging_mixin.py:190} INFO - [2024-10-12T07:08:45.390+0000] {override.py:1901} INFO - Created Permission View: can read on DAG Run:example_dynamic_task_mapping_with_no_taskflow_operators
[2024-10-12T07:08:45.406+0000] {logging_mixin.py:190} INFO - [2024-10-12T07:08:45.405+0000] {override.py:1901} INFO - Created Permission View: menu access on DAG Run:example_dynamic_task_mapping_with_no_taskflow_operators
[2024-10-12T07:08:45.423+0000] {logging_mixin.py:190} INFO - [2024-10-12T07:08:45.422+0000] {override.py:1901} INFO - Created Permission View: can create on DAG Run:example_dynamic_task_mapping_with_no_taskflow_operators
[2024-10-12T07:08:45.423+0000] {logging_mixin.py:190} INFO - [2024-10-12T07:08:45.423+0000] {dag.py:3239} INFO - Sync 1 DAGs
[2024-10-12T07:08:45.439+0000] {logging_mixin.py:190} INFO - [2024-10-12T07:08:45.439+0000] {dag.py:3262} INFO - Creating ORM DAG for example_dynamic_task_mapping_with_no_taskflow_operators
[2024-10-12T07:08:45.442+0000] {logging_mixin.py:190} INFO - [2024-10-12T07:08:45.440+0000] {dag.py:4180} INFO - Setting next_dagrun for example_dynamic_task_mapping_with_no_taskflow_operators to None, run_after=None
[2024-10-12T07:08:45.485+0000] {processor.py:208} INFO - Processing /home/vboxuser/airflow_venv/lib/python3.12/site-packages/airflow/example_dags/example_dynamic_task_mapping_with_no_taskflow_operators.py took 0.351 seconds
[2024-10-12T07:09:56.267+0000] {processor.py:186} INFO - Started process (PID=11363) to work on /home/vboxuser/airflow_venv/lib/python3.12/site-packages/airflow/example_dags/example_dynamic_task_mapping_with_no_taskflow_operators.py
[2024-10-12T07:09:56.273+0000] {processor.py:914} INFO - Processing file /home/vboxuser/airflow_venv/lib/python3.12/site-packages/airflow/example_dags/example_dynamic_task_mapping_with_no_taskflow_operators.py for tasks to queue
[2024-10-12T07:09:56.276+0000] {logging_mixin.py:190} INFO - [2024-10-12T07:09:56.275+0000] {dagbag.py:588} INFO - Filling up the DagBag from /home/vboxuser/airflow_venv/lib/python3.12/site-packages/airflow/example_dags/example_dynamic_task_mapping_with_no_taskflow_operators.py
[2024-10-12T07:09:56.288+0000] {processor.py:925} INFO - DAG(s) 'example_dynamic_task_mapping_with_no_taskflow_operators' retrieved from /home/vboxuser/airflow_venv/lib/python3.12/site-packages/airflow/example_dags/example_dynamic_task_mapping_with_no_taskflow_operators.py
[2024-10-12T07:09:56.310+0000] {logging_mixin.py:190} INFO - [2024-10-12T07:09:56.310+0000] {dag.py:3239} INFO - Sync 1 DAGs
[2024-10-12T07:09:56.329+0000] {logging_mixin.py:190} INFO - [2024-10-12T07:09:56.329+0000] {dag.py:4180} INFO - Setting next_dagrun for example_dynamic_task_mapping_with_no_taskflow_operators to None, run_after=None
[2024-10-12T07:09:56.364+0000] {processor.py:208} INFO - Processing /home/vboxuser/airflow_venv/lib/python3.12/site-packages/airflow/example_dags/example_dynamic_task_mapping_with_no_taskflow_operators.py took 0.108 seconds
[2024-10-12T07:10:58.085+0000] {processor.py:186} INFO - Started process (PID=11423) to work on /home/vboxuser/airflow_venv/lib/python3.12/site-packages/airflow/example_dags/example_dynamic_task_mapping_with_no_taskflow_operators.py
[2024-10-12T07:10:58.087+0000] {processor.py:914} INFO - Processing file /home/vboxuser/airflow_venv/lib/python3.12/site-packages/airflow/example_dags/example_dynamic_task_mapping_with_no_taskflow_operators.py for tasks to queue
[2024-10-12T07:10:58.090+0000] {logging_mixin.py:190} INFO - [2024-10-12T07:10:58.090+0000] {dagbag.py:588} INFO - Filling up the DagBag from /home/vboxuser/airflow_venv/lib/python3.12/site-packages/airflow/example_dags/example_dynamic_task_mapping_with_no_taskflow_operators.py
[2024-10-12T07:10:58.104+0000] {processor.py:925} INFO - DAG(s) 'example_dynamic_task_mapping_with_no_taskflow_operators' retrieved from /home/vboxuser/airflow_venv/lib/python3.12/site-packages/airflow/example_dags/example_dynamic_task_mapping_with_no_taskflow_operators.py
[2024-10-12T07:10:58.131+0000] {logging_mixin.py:190} INFO - [2024-10-12T07:10:58.131+0000] {dag.py:3239} INFO - Sync 1 DAGs
[2024-10-12T07:10:58.144+0000] {logging_mixin.py:190} INFO - [2024-10-12T07:10:58.144+0000] {dag.py:4180} INFO - Setting next_dagrun for example_dynamic_task_mapping_with_no_taskflow_operators to None, run_after=None
[2024-10-12T07:10:58.177+0000] {processor.py:208} INFO - Processing /home/vboxuser/airflow_venv/lib/python3.12/site-packages/airflow/example_dags/example_dynamic_task_mapping_with_no_taskflow_operators.py took 0.101 seconds
[2024-10-12T07:12:06.240+0000] {processor.py:186} INFO - Started process (PID=11484) to work on /home/vboxuser/airflow_venv/lib/python3.12/site-packages/airflow/example_dags/example_dynamic_task_mapping_with_no_taskflow_operators.py
[2024-10-12T07:12:06.244+0000] {processor.py:914} INFO - Processing file /home/vboxuser/airflow_venv/lib/python3.12/site-packages/airflow/example_dags/example_dynamic_task_mapping_with_no_taskflow_operators.py for tasks to queue
[2024-10-12T07:12:06.248+0000] {logging_mixin.py:190} INFO - [2024-10-12T07:12:06.247+0000] {dagbag.py:588} INFO - Filling up the DagBag from /home/vboxuser/airflow_venv/lib/python3.12/site-packages/airflow/example_dags/example_dynamic_task_mapping_with_no_taskflow_operators.py
[2024-10-12T07:12:06.263+0000] {processor.py:925} INFO - DAG(s) 'example_dynamic_task_mapping_with_no_taskflow_operators' retrieved from /home/vboxuser/airflow_venv/lib/python3.12/site-packages/airflow/example_dags/example_dynamic_task_mapping_with_no_taskflow_operators.py
[2024-10-12T07:12:06.282+0000] {logging_mixin.py:190} INFO - [2024-10-12T07:12:06.282+0000] {dag.py:3239} INFO - Sync 1 DAGs
[2024-10-12T07:12:06.296+0000] {logging_mixin.py:190} INFO - [2024-10-12T07:12:06.295+0000] {dag.py:4180} INFO - Setting next_dagrun for example_dynamic_task_mapping_with_no_taskflow_operators to None, run_after=None
[2024-10-12T07:12:06.330+0000] {processor.py:208} INFO - Processing /home/vboxuser/airflow_venv/lib/python3.12/site-packages/airflow/example_dags/example_dynamic_task_mapping_with_no_taskflow_operators.py took 0.099 seconds
[2024-10-12T07:13:07.728+0000] {processor.py:186} INFO - Started process (PID=11541) to work on /home/vboxuser/airflow_venv/lib/python3.12/site-packages/airflow/example_dags/example_dynamic_task_mapping_with_no_taskflow_operators.py
[2024-10-12T07:13:07.730+0000] {processor.py:914} INFO - Processing file /home/vboxuser/airflow_venv/lib/python3.12/site-packages/airflow/example_dags/example_dynamic_task_mapping_with_no_taskflow_operators.py for tasks to queue
[2024-10-12T07:13:07.733+0000] {logging_mixin.py:190} INFO - [2024-10-12T07:13:07.732+0000] {dagbag.py:588} INFO - Filling up the DagBag from /home/vboxuser/airflow_venv/lib/python3.12/site-packages/airflow/example_dags/example_dynamic_task_mapping_with_no_taskflow_operators.py
[2024-10-12T07:13:07.743+0000] {processor.py:925} INFO - DAG(s) 'example_dynamic_task_mapping_with_no_taskflow_operators' retrieved from /home/vboxuser/airflow_venv/lib/python3.12/site-packages/airflow/example_dags/example_dynamic_task_mapping_with_no_taskflow_operators.py
[2024-10-12T07:13:07.760+0000] {logging_mixin.py:190} INFO - [2024-10-12T07:13:07.760+0000] {dag.py:3239} INFO - Sync 1 DAGs
[2024-10-12T07:13:07.776+0000] {logging_mixin.py:190} INFO - [2024-10-12T07:13:07.776+0000] {dag.py:4180} INFO - Setting next_dagrun for example_dynamic_task_mapping_with_no_taskflow_operators to None, run_after=None
[2024-10-12T07:13:07.811+0000] {processor.py:208} INFO - Processing /home/vboxuser/airflow_venv/lib/python3.12/site-packages/airflow/example_dags/example_dynamic_task_mapping_with_no_taskflow_operators.py took 0.090 seconds
[2024-10-12T07:14:12.328+0000] {processor.py:186} INFO - Started process (PID=11683) to work on /home/vboxuser/airflow_venv/lib/python3.12/site-packages/airflow/example_dags/example_dynamic_task_mapping_with_no_taskflow_operators.py
[2024-10-12T07:14:12.334+0000] {processor.py:914} INFO - Processing file /home/vboxuser/airflow_venv/lib/python3.12/site-packages/airflow/example_dags/example_dynamic_task_mapping_with_no_taskflow_operators.py for tasks to queue
[2024-10-12T07:14:12.337+0000] {logging_mixin.py:190} INFO - [2024-10-12T07:14:12.337+0000] {dagbag.py:588} INFO - Filling up the DagBag from /home/vboxuser/airflow_venv/lib/python3.12/site-packages/airflow/example_dags/example_dynamic_task_mapping_with_no_taskflow_operators.py
[2024-10-12T07:14:12.353+0000] {processor.py:925} INFO - DAG(s) 'example_dynamic_task_mapping_with_no_taskflow_operators' retrieved from /home/vboxuser/airflow_venv/lib/python3.12/site-packages/airflow/example_dags/example_dynamic_task_mapping_with_no_taskflow_operators.py
[2024-10-12T07:14:12.380+0000] {logging_mixin.py:190} INFO - [2024-10-12T07:14:12.380+0000] {dag.py:3239} INFO - Sync 1 DAGs
[2024-10-12T07:14:12.397+0000] {logging_mixin.py:190} INFO - [2024-10-12T07:14:12.397+0000] {dag.py:4180} INFO - Setting next_dagrun for example_dynamic_task_mapping_with_no_taskflow_operators to None, run_after=None
[2024-10-12T07:14:12.442+0000] {processor.py:208} INFO - Processing /home/vboxuser/airflow_venv/lib/python3.12/site-packages/airflow/example_dags/example_dynamic_task_mapping_with_no_taskflow_operators.py took 0.123 seconds
[2024-10-12T07:15:29.012+0000] {processor.py:186} INFO - Started process (PID=11759) to work on /home/vboxuser/airflow_venv/lib/python3.12/site-packages/airflow/example_dags/example_dynamic_task_mapping_with_no_taskflow_operators.py
[2024-10-12T07:15:29.014+0000] {processor.py:914} INFO - Processing file /home/vboxuser/airflow_venv/lib/python3.12/site-packages/airflow/example_dags/example_dynamic_task_mapping_with_no_taskflow_operators.py for tasks to queue
[2024-10-12T07:15:29.017+0000] {logging_mixin.py:190} INFO - [2024-10-12T07:15:29.016+0000] {dagbag.py:588} INFO - Filling up the DagBag from /home/vboxuser/airflow_venv/lib/python3.12/site-packages/airflow/example_dags/example_dynamic_task_mapping_with_no_taskflow_operators.py
[2024-10-12T07:15:29.166+0000] {processor.py:925} INFO - DAG(s) 'example_dynamic_task_mapping_with_no_taskflow_operators' retrieved from /home/vboxuser/airflow_venv/lib/python3.12/site-packages/airflow/example_dags/example_dynamic_task_mapping_with_no_taskflow_operators.py
[2024-10-12T07:15:29.177+0000] {logging_mixin.py:190} INFO - [2024-10-12T07:15:29.177+0000] {dag.py:3239} INFO - Sync 1 DAGs
[2024-10-12T07:15:29.188+0000] {logging_mixin.py:190} INFO - [2024-10-12T07:15:29.188+0000] {dag.py:4180} INFO - Setting next_dagrun for example_dynamic_task_mapping_with_no_taskflow_operators to None, run_after=None
[2024-10-12T07:15:29.218+0000] {processor.py:208} INFO - Processing /home/vboxuser/airflow_venv/lib/python3.12/site-packages/airflow/example_dags/example_dynamic_task_mapping_with_no_taskflow_operators.py took 0.215 seconds
[2024-10-12T07:16:32.592+0000] {processor.py:186} INFO - Started process (PID=11817) to work on /home/vboxuser/airflow_venv/lib/python3.12/site-packages/airflow/example_dags/example_dynamic_task_mapping_with_no_taskflow_operators.py
[2024-10-12T07:16:32.594+0000] {processor.py:914} INFO - Processing file /home/vboxuser/airflow_venv/lib/python3.12/site-packages/airflow/example_dags/example_dynamic_task_mapping_with_no_taskflow_operators.py for tasks to queue
[2024-10-12T07:16:32.597+0000] {logging_mixin.py:190} INFO - [2024-10-12T07:16:32.597+0000] {dagbag.py:588} INFO - Filling up the DagBag from /home/vboxuser/airflow_venv/lib/python3.12/site-packages/airflow/example_dags/example_dynamic_task_mapping_with_no_taskflow_operators.py
[2024-10-12T07:16:32.615+0000] {processor.py:925} INFO - DAG(s) 'example_dynamic_task_mapping_with_no_taskflow_operators' retrieved from /home/vboxuser/airflow_venv/lib/python3.12/site-packages/airflow/example_dags/example_dynamic_task_mapping_with_no_taskflow_operators.py
[2024-10-12T07:16:32.643+0000] {logging_mixin.py:190} INFO - [2024-10-12T07:16:32.643+0000] {dag.py:3239} INFO - Sync 1 DAGs
[2024-10-12T07:16:32.663+0000] {logging_mixin.py:190} INFO - [2024-10-12T07:16:32.663+0000] {dag.py:4180} INFO - Setting next_dagrun for example_dynamic_task_mapping_with_no_taskflow_operators to None, run_after=None
[2024-10-12T07:16:32.701+0000] {processor.py:208} INFO - Processing /home/vboxuser/airflow_venv/lib/python3.12/site-packages/airflow/example_dags/example_dynamic_task_mapping_with_no_taskflow_operators.py took 0.125 seconds
[2024-10-12T07:17:37.580+0000] {processor.py:186} INFO - Started process (PID=11880) to work on /home/vboxuser/airflow_venv/lib/python3.12/site-packages/airflow/example_dags/example_dynamic_task_mapping_with_no_taskflow_operators.py
[2024-10-12T07:17:37.582+0000] {processor.py:914} INFO - Processing file /home/vboxuser/airflow_venv/lib/python3.12/site-packages/airflow/example_dags/example_dynamic_task_mapping_with_no_taskflow_operators.py for tasks to queue
[2024-10-12T07:17:37.585+0000] {logging_mixin.py:190} INFO - [2024-10-12T07:17:37.584+0000] {dagbag.py:588} INFO - Filling up the DagBag from /home/vboxuser/airflow_venv/lib/python3.12/site-packages/airflow/example_dags/example_dynamic_task_mapping_with_no_taskflow_operators.py
[2024-10-12T07:17:37.596+0000] {processor.py:925} INFO - DAG(s) 'example_dynamic_task_mapping_with_no_taskflow_operators' retrieved from /home/vboxuser/airflow_venv/lib/python3.12/site-packages/airflow/example_dags/example_dynamic_task_mapping_with_no_taskflow_operators.py
[2024-10-12T07:17:37.614+0000] {logging_mixin.py:190} INFO - [2024-10-12T07:17:37.614+0000] {dag.py:3239} INFO - Sync 1 DAGs
[2024-10-12T07:17:37.629+0000] {logging_mixin.py:190} INFO - [2024-10-12T07:17:37.629+0000] {dag.py:4180} INFO - Setting next_dagrun for example_dynamic_task_mapping_with_no_taskflow_operators to None, run_after=None
[2024-10-12T07:17:37.663+0000] {processor.py:208} INFO - Processing /home/vboxuser/airflow_venv/lib/python3.12/site-packages/airflow/example_dags/example_dynamic_task_mapping_with_no_taskflow_operators.py took 0.090 seconds
[2024-10-12T07:18:38.404+0000] {processor.py:186} INFO - Started process (PID=11937) to work on /home/vboxuser/airflow_venv/lib/python3.12/site-packages/airflow/example_dags/example_dynamic_task_mapping_with_no_taskflow_operators.py
[2024-10-12T07:18:38.408+0000] {processor.py:914} INFO - Processing file /home/vboxuser/airflow_venv/lib/python3.12/site-packages/airflow/example_dags/example_dynamic_task_mapping_with_no_taskflow_operators.py for tasks to queue
[2024-10-12T07:18:38.411+0000] {logging_mixin.py:190} INFO - [2024-10-12T07:18:38.410+0000] {dagbag.py:588} INFO - Filling up the DagBag from /home/vboxuser/airflow_venv/lib/python3.12/site-packages/airflow/example_dags/example_dynamic_task_mapping_with_no_taskflow_operators.py
[2024-10-12T07:18:38.421+0000] {processor.py:925} INFO - DAG(s) 'example_dynamic_task_mapping_with_no_taskflow_operators' retrieved from /home/vboxuser/airflow_venv/lib/python3.12/site-packages/airflow/example_dags/example_dynamic_task_mapping_with_no_taskflow_operators.py
[2024-10-12T07:18:38.440+0000] {logging_mixin.py:190} INFO - [2024-10-12T07:18:38.440+0000] {dag.py:3239} INFO - Sync 1 DAGs
[2024-10-12T07:18:38.455+0000] {logging_mixin.py:190} INFO - [2024-10-12T07:18:38.455+0000] {dag.py:4180} INFO - Setting next_dagrun for example_dynamic_task_mapping_with_no_taskflow_operators to None, run_after=None
[2024-10-12T07:18:38.494+0000] {processor.py:208} INFO - Processing /home/vboxuser/airflow_venv/lib/python3.12/site-packages/airflow/example_dags/example_dynamic_task_mapping_with_no_taskflow_operators.py took 0.101 seconds
[2024-10-12T07:19:40.298+0000] {processor.py:186} INFO - Started process (PID=11994) to work on /home/vboxuser/airflow_venv/lib/python3.12/site-packages/airflow/example_dags/example_dynamic_task_mapping_with_no_taskflow_operators.py
[2024-10-12T07:19:40.305+0000] {processor.py:914} INFO - Processing file /home/vboxuser/airflow_venv/lib/python3.12/site-packages/airflow/example_dags/example_dynamic_task_mapping_with_no_taskflow_operators.py for tasks to queue
[2024-10-12T07:19:40.309+0000] {logging_mixin.py:190} INFO - [2024-10-12T07:19:40.308+0000] {dagbag.py:588} INFO - Filling up the DagBag from /home/vboxuser/airflow_venv/lib/python3.12/site-packages/airflow/example_dags/example_dynamic_task_mapping_with_no_taskflow_operators.py
[2024-10-12T07:19:40.323+0000] {processor.py:925} INFO - DAG(s) 'example_dynamic_task_mapping_with_no_taskflow_operators' retrieved from /home/vboxuser/airflow_venv/lib/python3.12/site-packages/airflow/example_dags/example_dynamic_task_mapping_with_no_taskflow_operators.py
[2024-10-12T07:19:40.343+0000] {logging_mixin.py:190} INFO - [2024-10-12T07:19:40.343+0000] {dag.py:3239} INFO - Sync 1 DAGs
[2024-10-12T07:19:40.362+0000] {logging_mixin.py:190} INFO - [2024-10-12T07:19:40.361+0000] {dag.py:4180} INFO - Setting next_dagrun for example_dynamic_task_mapping_with_no_taskflow_operators to None, run_after=None
[2024-10-12T07:19:40.396+0000] {processor.py:208} INFO - Processing /home/vboxuser/airflow_venv/lib/python3.12/site-packages/airflow/example_dags/example_dynamic_task_mapping_with_no_taskflow_operators.py took 0.108 seconds
[2024-10-12T07:20:47.581+0000] {processor.py:186} INFO - Started process (PID=12059) to work on /home/vboxuser/airflow_venv/lib/python3.12/site-packages/airflow/example_dags/example_dynamic_task_mapping_with_no_taskflow_operators.py
[2024-10-12T07:20:47.584+0000] {processor.py:914} INFO - Processing file /home/vboxuser/airflow_venv/lib/python3.12/site-packages/airflow/example_dags/example_dynamic_task_mapping_with_no_taskflow_operators.py for tasks to queue
[2024-10-12T07:20:47.587+0000] {logging_mixin.py:190} INFO - [2024-10-12T07:20:47.587+0000] {dagbag.py:588} INFO - Filling up the DagBag from /home/vboxuser/airflow_venv/lib/python3.12/site-packages/airflow/example_dags/example_dynamic_task_mapping_with_no_taskflow_operators.py
[2024-10-12T07:20:47.600+0000] {processor.py:925} INFO - DAG(s) 'example_dynamic_task_mapping_with_no_taskflow_operators' retrieved from /home/vboxuser/airflow_venv/lib/python3.12/site-packages/airflow/example_dags/example_dynamic_task_mapping_with_no_taskflow_operators.py
[2024-10-12T07:20:47.619+0000] {logging_mixin.py:190} INFO - [2024-10-12T07:20:47.619+0000] {dag.py:3239} INFO - Sync 1 DAGs
[2024-10-12T07:20:47.637+0000] {logging_mixin.py:190} INFO - [2024-10-12T07:20:47.636+0000] {dag.py:4180} INFO - Setting next_dagrun for example_dynamic_task_mapping_with_no_taskflow_operators to None, run_after=None
[2024-10-12T07:20:47.671+0000] {processor.py:208} INFO - Processing /home/vboxuser/airflow_venv/lib/python3.12/site-packages/airflow/example_dags/example_dynamic_task_mapping_with_no_taskflow_operators.py took 0.101 seconds
[2024-10-12T07:21:54.690+0000] {processor.py:186} INFO - Started process (PID=12119) to work on /home/vboxuser/airflow_venv/lib/python3.12/site-packages/airflow/example_dags/example_dynamic_task_mapping_with_no_taskflow_operators.py
[2024-10-12T07:21:54.696+0000] {processor.py:914} INFO - Processing file /home/vboxuser/airflow_venv/lib/python3.12/site-packages/airflow/example_dags/example_dynamic_task_mapping_with_no_taskflow_operators.py for tasks to queue
[2024-10-12T07:21:54.700+0000] {logging_mixin.py:190} INFO - [2024-10-12T07:21:54.699+0000] {dagbag.py:588} INFO - Filling up the DagBag from /home/vboxuser/airflow_venv/lib/python3.12/site-packages/airflow/example_dags/example_dynamic_task_mapping_with_no_taskflow_operators.py
[2024-10-12T07:21:54.710+0000] {processor.py:925} INFO - DAG(s) 'example_dynamic_task_mapping_with_no_taskflow_operators' retrieved from /home/vboxuser/airflow_venv/lib/python3.12/site-packages/airflow/example_dags/example_dynamic_task_mapping_with_no_taskflow_operators.py
[2024-10-12T07:21:54.729+0000] {logging_mixin.py:190} INFO - [2024-10-12T07:21:54.729+0000] {dag.py:3239} INFO - Sync 1 DAGs
[2024-10-12T07:21:54.743+0000] {logging_mixin.py:190} INFO - [2024-10-12T07:21:54.743+0000] {dag.py:4180} INFO - Setting next_dagrun for example_dynamic_task_mapping_with_no_taskflow_operators to None, run_after=None
[2024-10-12T07:21:54.772+0000] {processor.py:208} INFO - Processing /home/vboxuser/airflow_venv/lib/python3.12/site-packages/airflow/example_dags/example_dynamic_task_mapping_with_no_taskflow_operators.py took 0.090 seconds
[2024-10-12T07:23:02.852+0000] {processor.py:186} INFO - Started process (PID=12180) to work on /home/vboxuser/airflow_venv/lib/python3.12/site-packages/airflow/example_dags/example_dynamic_task_mapping_with_no_taskflow_operators.py
[2024-10-12T07:23:02.856+0000] {processor.py:914} INFO - Processing file /home/vboxuser/airflow_venv/lib/python3.12/site-packages/airflow/example_dags/example_dynamic_task_mapping_with_no_taskflow_operators.py for tasks to queue
[2024-10-12T07:23:02.865+0000] {logging_mixin.py:190} INFO - [2024-10-12T07:23:02.863+0000] {dagbag.py:588} INFO - Filling up the DagBag from /home/vboxuser/airflow_venv/lib/python3.12/site-packages/airflow/example_dags/example_dynamic_task_mapping_with_no_taskflow_operators.py
[2024-10-12T07:23:02.882+0000] {processor.py:925} INFO - DAG(s) 'example_dynamic_task_mapping_with_no_taskflow_operators' retrieved from /home/vboxuser/airflow_venv/lib/python3.12/site-packages/airflow/example_dags/example_dynamic_task_mapping_with_no_taskflow_operators.py
[2024-10-12T07:23:02.902+0000] {logging_mixin.py:190} INFO - [2024-10-12T07:23:02.901+0000] {dag.py:3239} INFO - Sync 1 DAGs
[2024-10-12T07:23:02.916+0000] {logging_mixin.py:190} INFO - [2024-10-12T07:23:02.916+0000] {dag.py:4180} INFO - Setting next_dagrun for example_dynamic_task_mapping_with_no_taskflow_operators to None, run_after=None
[2024-10-12T07:23:02.948+0000] {processor.py:208} INFO - Processing /home/vboxuser/airflow_venv/lib/python3.12/site-packages/airflow/example_dags/example_dynamic_task_mapping_with_no_taskflow_operators.py took 0.105 seconds
[2024-10-12T07:24:13.300+0000] {processor.py:186} INFO - Started process (PID=12242) to work on /home/vboxuser/airflow_venv/lib/python3.12/site-packages/airflow/example_dags/example_dynamic_task_mapping_with_no_taskflow_operators.py
[2024-10-12T07:24:13.303+0000] {processor.py:914} INFO - Processing file /home/vboxuser/airflow_venv/lib/python3.12/site-packages/airflow/example_dags/example_dynamic_task_mapping_with_no_taskflow_operators.py for tasks to queue
[2024-10-12T07:24:13.306+0000] {logging_mixin.py:190} INFO - [2024-10-12T07:24:13.305+0000] {dagbag.py:588} INFO - Filling up the DagBag from /home/vboxuser/airflow_venv/lib/python3.12/site-packages/airflow/example_dags/example_dynamic_task_mapping_with_no_taskflow_operators.py
[2024-10-12T07:24:13.318+0000] {processor.py:925} INFO - DAG(s) 'example_dynamic_task_mapping_with_no_taskflow_operators' retrieved from /home/vboxuser/airflow_venv/lib/python3.12/site-packages/airflow/example_dags/example_dynamic_task_mapping_with_no_taskflow_operators.py
[2024-10-12T07:24:13.342+0000] {logging_mixin.py:190} INFO - [2024-10-12T07:24:13.341+0000] {dag.py:3239} INFO - Sync 1 DAGs
[2024-10-12T07:24:13.360+0000] {logging_mixin.py:190} INFO - [2024-10-12T07:24:13.360+0000] {dag.py:4180} INFO - Setting next_dagrun for example_dynamic_task_mapping_with_no_taskflow_operators to None, run_after=None
[2024-10-12T07:24:13.393+0000] {processor.py:208} INFO - Processing /home/vboxuser/airflow_venv/lib/python3.12/site-packages/airflow/example_dags/example_dynamic_task_mapping_with_no_taskflow_operators.py took 0.104 seconds
[2024-10-12T07:25:20.030+0000] {processor.py:186} INFO - Started process (PID=12304) to work on /home/vboxuser/airflow_venv/lib/python3.12/site-packages/airflow/example_dags/example_dynamic_task_mapping_with_no_taskflow_operators.py
[2024-10-12T07:25:20.034+0000] {processor.py:914} INFO - Processing file /home/vboxuser/airflow_venv/lib/python3.12/site-packages/airflow/example_dags/example_dynamic_task_mapping_with_no_taskflow_operators.py for tasks to queue
[2024-10-12T07:25:20.037+0000] {logging_mixin.py:190} INFO - [2024-10-12T07:25:20.037+0000] {dagbag.py:588} INFO - Filling up the DagBag from /home/vboxuser/airflow_venv/lib/python3.12/site-packages/airflow/example_dags/example_dynamic_task_mapping_with_no_taskflow_operators.py
[2024-10-12T07:25:20.051+0000] {processor.py:925} INFO - DAG(s) 'example_dynamic_task_mapping_with_no_taskflow_operators' retrieved from /home/vboxuser/airflow_venv/lib/python3.12/site-packages/airflow/example_dags/example_dynamic_task_mapping_with_no_taskflow_operators.py
[2024-10-12T07:25:20.078+0000] {logging_mixin.py:190} INFO - [2024-10-12T07:25:20.078+0000] {dag.py:3239} INFO - Sync 1 DAGs
[2024-10-12T07:25:20.195+0000] {logging_mixin.py:190} INFO - [2024-10-12T07:25:20.195+0000] {dag.py:4180} INFO - Setting next_dagrun for example_dynamic_task_mapping_with_no_taskflow_operators to None, run_after=None
[2024-10-12T07:25:20.436+0000] {processor.py:208} INFO - Processing /home/vboxuser/airflow_venv/lib/python3.12/site-packages/airflow/example_dags/example_dynamic_task_mapping_with_no_taskflow_operators.py took 0.415 seconds
[2024-10-12T07:26:32.001+0000] {processor.py:186} INFO - Started process (PID=12370) to work on /home/vboxuser/airflow_venv/lib/python3.12/site-packages/airflow/example_dags/example_dynamic_task_mapping_with_no_taskflow_operators.py
[2024-10-12T07:26:32.004+0000] {processor.py:914} INFO - Processing file /home/vboxuser/airflow_venv/lib/python3.12/site-packages/airflow/example_dags/example_dynamic_task_mapping_with_no_taskflow_operators.py for tasks to queue
[2024-10-12T07:26:32.007+0000] {logging_mixin.py:190} INFO - [2024-10-12T07:26:32.006+0000] {dagbag.py:588} INFO - Filling up the DagBag from /home/vboxuser/airflow_venv/lib/python3.12/site-packages/airflow/example_dags/example_dynamic_task_mapping_with_no_taskflow_operators.py
[2024-10-12T07:26:32.018+0000] {processor.py:925} INFO - DAG(s) 'example_dynamic_task_mapping_with_no_taskflow_operators' retrieved from /home/vboxuser/airflow_venv/lib/python3.12/site-packages/airflow/example_dags/example_dynamic_task_mapping_with_no_taskflow_operators.py
[2024-10-12T07:26:32.038+0000] {logging_mixin.py:190} INFO - [2024-10-12T07:26:32.038+0000] {dag.py:3239} INFO - Sync 1 DAGs
[2024-10-12T07:26:32.055+0000] {logging_mixin.py:190} INFO - [2024-10-12T07:26:32.055+0000] {dag.py:4180} INFO - Setting next_dagrun for example_dynamic_task_mapping_with_no_taskflow_operators to None, run_after=None
[2024-10-12T07:26:32.100+0000] {processor.py:208} INFO - Processing /home/vboxuser/airflow_venv/lib/python3.12/site-packages/airflow/example_dags/example_dynamic_task_mapping_with_no_taskflow_operators.py took 0.108 seconds
[2024-10-12T07:27:46.182+0000] {processor.py:186} INFO - Started process (PID=12432) to work on /home/vboxuser/airflow_venv/lib/python3.12/site-packages/airflow/example_dags/example_dynamic_task_mapping_with_no_taskflow_operators.py
[2024-10-12T07:27:46.185+0000] {processor.py:914} INFO - Processing file /home/vboxuser/airflow_venv/lib/python3.12/site-packages/airflow/example_dags/example_dynamic_task_mapping_with_no_taskflow_operators.py for tasks to queue
[2024-10-12T07:27:46.189+0000] {logging_mixin.py:190} INFO - [2024-10-12T07:27:46.188+0000] {dagbag.py:588} INFO - Filling up the DagBag from /home/vboxuser/airflow_venv/lib/python3.12/site-packages/airflow/example_dags/example_dynamic_task_mapping_with_no_taskflow_operators.py
[2024-10-12T07:27:46.204+0000] {processor.py:925} INFO - DAG(s) 'example_dynamic_task_mapping_with_no_taskflow_operators' retrieved from /home/vboxuser/airflow_venv/lib/python3.12/site-packages/airflow/example_dags/example_dynamic_task_mapping_with_no_taskflow_operators.py
[2024-10-12T07:27:46.231+0000] {logging_mixin.py:190} INFO - [2024-10-12T07:27:46.230+0000] {dag.py:3239} INFO - Sync 1 DAGs
[2024-10-12T07:27:46.249+0000] {logging_mixin.py:190} INFO - [2024-10-12T07:27:46.249+0000] {dag.py:4180} INFO - Setting next_dagrun for example_dynamic_task_mapping_with_no_taskflow_operators to None, run_after=None
[2024-10-12T07:27:46.292+0000] {processor.py:208} INFO - Processing /home/vboxuser/airflow_venv/lib/python3.12/site-packages/airflow/example_dags/example_dynamic_task_mapping_with_no_taskflow_operators.py took 0.121 seconds
[2024-10-12T07:28:50.306+0000] {processor.py:186} INFO - Started process (PID=12490) to work on /home/vboxuser/airflow_venv/lib/python3.12/site-packages/airflow/example_dags/example_dynamic_task_mapping_with_no_taskflow_operators.py
[2024-10-12T07:28:50.312+0000] {processor.py:914} INFO - Processing file /home/vboxuser/airflow_venv/lib/python3.12/site-packages/airflow/example_dags/example_dynamic_task_mapping_with_no_taskflow_operators.py for tasks to queue
[2024-10-12T07:28:50.316+0000] {logging_mixin.py:190} INFO - [2024-10-12T07:28:50.315+0000] {dagbag.py:588} INFO - Filling up the DagBag from /home/vboxuser/airflow_venv/lib/python3.12/site-packages/airflow/example_dags/example_dynamic_task_mapping_with_no_taskflow_operators.py
[2024-10-12T07:28:50.332+0000] {processor.py:925} INFO - DAG(s) 'example_dynamic_task_mapping_with_no_taskflow_operators' retrieved from /home/vboxuser/airflow_venv/lib/python3.12/site-packages/airflow/example_dags/example_dynamic_task_mapping_with_no_taskflow_operators.py
[2024-10-12T07:28:50.355+0000] {logging_mixin.py:190} INFO - [2024-10-12T07:28:50.354+0000] {dag.py:3239} INFO - Sync 1 DAGs
[2024-10-12T07:28:50.372+0000] {logging_mixin.py:190} INFO - [2024-10-12T07:28:50.372+0000] {dag.py:4180} INFO - Setting next_dagrun for example_dynamic_task_mapping_with_no_taskflow_operators to None, run_after=None
[2024-10-12T07:28:50.403+0000] {processor.py:208} INFO - Processing /home/vboxuser/airflow_venv/lib/python3.12/site-packages/airflow/example_dags/example_dynamic_task_mapping_with_no_taskflow_operators.py took 0.107 seconds
[2024-10-12T07:29:59.390+0000] {processor.py:186} INFO - Started process (PID=12551) to work on /home/vboxuser/airflow_venv/lib/python3.12/site-packages/airflow/example_dags/example_dynamic_task_mapping_with_no_taskflow_operators.py
[2024-10-12T07:29:59.391+0000] {processor.py:914} INFO - Processing file /home/vboxuser/airflow_venv/lib/python3.12/site-packages/airflow/example_dags/example_dynamic_task_mapping_with_no_taskflow_operators.py for tasks to queue
[2024-10-12T07:29:59.396+0000] {logging_mixin.py:190} INFO - [2024-10-12T07:29:59.395+0000] {dagbag.py:588} INFO - Filling up the DagBag from /home/vboxuser/airflow_venv/lib/python3.12/site-packages/airflow/example_dags/example_dynamic_task_mapping_with_no_taskflow_operators.py
[2024-10-12T07:29:59.408+0000] {processor.py:925} INFO - DAG(s) 'example_dynamic_task_mapping_with_no_taskflow_operators' retrieved from /home/vboxuser/airflow_venv/lib/python3.12/site-packages/airflow/example_dags/example_dynamic_task_mapping_with_no_taskflow_operators.py
[2024-10-12T07:29:59.433+0000] {logging_mixin.py:190} INFO - [2024-10-12T07:29:59.432+0000] {dag.py:3239} INFO - Sync 1 DAGs
[2024-10-12T07:29:59.453+0000] {logging_mixin.py:190} INFO - [2024-10-12T07:29:59.452+0000] {dag.py:4180} INFO - Setting next_dagrun for example_dynamic_task_mapping_with_no_taskflow_operators to None, run_after=None
[2024-10-12T07:29:59.487+0000] {processor.py:208} INFO - Processing /home/vboxuser/airflow_venv/lib/python3.12/site-packages/airflow/example_dags/example_dynamic_task_mapping_with_no_taskflow_operators.py took 0.106 seconds
[2024-10-12T07:31:11.811+0000] {processor.py:186} INFO - Started process (PID=12634) to work on /home/vboxuser/airflow_venv/lib/python3.12/site-packages/airflow/example_dags/example_dynamic_task_mapping_with_no_taskflow_operators.py
[2024-10-12T07:31:11.818+0000] {processor.py:914} INFO - Processing file /home/vboxuser/airflow_venv/lib/python3.12/site-packages/airflow/example_dags/example_dynamic_task_mapping_with_no_taskflow_operators.py for tasks to queue
[2024-10-12T07:31:11.823+0000] {logging_mixin.py:190} INFO - [2024-10-12T07:31:11.822+0000] {dagbag.py:588} INFO - Filling up the DagBag from /home/vboxuser/airflow_venv/lib/python3.12/site-packages/airflow/example_dags/example_dynamic_task_mapping_with_no_taskflow_operators.py
[2024-10-12T07:31:11.838+0000] {processor.py:925} INFO - DAG(s) 'example_dynamic_task_mapping_with_no_taskflow_operators' retrieved from /home/vboxuser/airflow_venv/lib/python3.12/site-packages/airflow/example_dags/example_dynamic_task_mapping_with_no_taskflow_operators.py
[2024-10-12T07:31:11.861+0000] {logging_mixin.py:190} INFO - [2024-10-12T07:31:11.861+0000] {dag.py:3239} INFO - Sync 1 DAGs
[2024-10-12T07:31:11.878+0000] {logging_mixin.py:190} INFO - [2024-10-12T07:31:11.878+0000] {dag.py:4180} INFO - Setting next_dagrun for example_dynamic_task_mapping_with_no_taskflow_operators to None, run_after=None
[2024-10-12T07:31:11.916+0000] {processor.py:208} INFO - Processing /home/vboxuser/airflow_venv/lib/python3.12/site-packages/airflow/example_dags/example_dynamic_task_mapping_with_no_taskflow_operators.py took 0.116 seconds
[2024-10-12T07:32:18.186+0000] {processor.py:186} INFO - Started process (PID=12703) to work on /home/vboxuser/airflow_venv/lib/python3.12/site-packages/airflow/example_dags/example_dynamic_task_mapping_with_no_taskflow_operators.py
[2024-10-12T07:32:18.188+0000] {processor.py:914} INFO - Processing file /home/vboxuser/airflow_venv/lib/python3.12/site-packages/airflow/example_dags/example_dynamic_task_mapping_with_no_taskflow_operators.py for tasks to queue
[2024-10-12T07:32:18.190+0000] {logging_mixin.py:190} INFO - [2024-10-12T07:32:18.190+0000] {dagbag.py:588} INFO - Filling up the DagBag from /home/vboxuser/airflow_venv/lib/python3.12/site-packages/airflow/example_dags/example_dynamic_task_mapping_with_no_taskflow_operators.py
[2024-10-12T07:32:18.203+0000] {processor.py:925} INFO - DAG(s) 'example_dynamic_task_mapping_with_no_taskflow_operators' retrieved from /home/vboxuser/airflow_venv/lib/python3.12/site-packages/airflow/example_dags/example_dynamic_task_mapping_with_no_taskflow_operators.py
[2024-10-12T07:32:18.225+0000] {logging_mixin.py:190} INFO - [2024-10-12T07:32:18.224+0000] {dag.py:3239} INFO - Sync 1 DAGs
[2024-10-12T07:32:18.239+0000] {logging_mixin.py:190} INFO - [2024-10-12T07:32:18.239+0000] {dag.py:4180} INFO - Setting next_dagrun for example_dynamic_task_mapping_with_no_taskflow_operators to None, run_after=None
[2024-10-12T07:32:18.273+0000] {processor.py:208} INFO - Processing /home/vboxuser/airflow_venv/lib/python3.12/site-packages/airflow/example_dags/example_dynamic_task_mapping_with_no_taskflow_operators.py took 0.096 seconds
[2024-10-12T07:33:21.131+0000] {processor.py:186} INFO - Started process (PID=12761) to work on /home/vboxuser/airflow_venv/lib/python3.12/site-packages/airflow/example_dags/example_dynamic_task_mapping_with_no_taskflow_operators.py
[2024-10-12T07:33:21.133+0000] {processor.py:914} INFO - Processing file /home/vboxuser/airflow_venv/lib/python3.12/site-packages/airflow/example_dags/example_dynamic_task_mapping_with_no_taskflow_operators.py for tasks to queue
[2024-10-12T07:33:21.135+0000] {logging_mixin.py:190} INFO - [2024-10-12T07:33:21.135+0000] {dagbag.py:588} INFO - Filling up the DagBag from /home/vboxuser/airflow_venv/lib/python3.12/site-packages/airflow/example_dags/example_dynamic_task_mapping_with_no_taskflow_operators.py
[2024-10-12T07:33:21.146+0000] {processor.py:925} INFO - DAG(s) 'example_dynamic_task_mapping_with_no_taskflow_operators' retrieved from /home/vboxuser/airflow_venv/lib/python3.12/site-packages/airflow/example_dags/example_dynamic_task_mapping_with_no_taskflow_operators.py
[2024-10-12T07:33:21.166+0000] {logging_mixin.py:190} INFO - [2024-10-12T07:33:21.166+0000] {dag.py:3239} INFO - Sync 1 DAGs
[2024-10-12T07:33:21.180+0000] {logging_mixin.py:190} INFO - [2024-10-12T07:33:21.180+0000] {dag.py:4180} INFO - Setting next_dagrun for example_dynamic_task_mapping_with_no_taskflow_operators to None, run_after=None
[2024-10-12T07:33:21.213+0000] {processor.py:208} INFO - Processing /home/vboxuser/airflow_venv/lib/python3.12/site-packages/airflow/example_dags/example_dynamic_task_mapping_with_no_taskflow_operators.py took 0.089 seconds
[2024-10-12T07:34:23.082+0000] {processor.py:186} INFO - Started process (PID=12819) to work on /home/vboxuser/airflow_venv/lib/python3.12/site-packages/airflow/example_dags/example_dynamic_task_mapping_with_no_taskflow_operators.py
[2024-10-12T07:34:23.086+0000] {processor.py:914} INFO - Processing file /home/vboxuser/airflow_venv/lib/python3.12/site-packages/airflow/example_dags/example_dynamic_task_mapping_with_no_taskflow_operators.py for tasks to queue
[2024-10-12T07:34:23.090+0000] {logging_mixin.py:190} INFO - [2024-10-12T07:34:23.089+0000] {dagbag.py:588} INFO - Filling up the DagBag from /home/vboxuser/airflow_venv/lib/python3.12/site-packages/airflow/example_dags/example_dynamic_task_mapping_with_no_taskflow_operators.py
[2024-10-12T07:34:23.101+0000] {processor.py:925} INFO - DAG(s) 'example_dynamic_task_mapping_with_no_taskflow_operators' retrieved from /home/vboxuser/airflow_venv/lib/python3.12/site-packages/airflow/example_dags/example_dynamic_task_mapping_with_no_taskflow_operators.py
[2024-10-12T07:34:23.124+0000] {logging_mixin.py:190} INFO - [2024-10-12T07:34:23.123+0000] {dag.py:3239} INFO - Sync 1 DAGs
[2024-10-12T07:34:23.141+0000] {logging_mixin.py:190} INFO - [2024-10-12T07:34:23.140+0000] {dag.py:4180} INFO - Setting next_dagrun for example_dynamic_task_mapping_with_no_taskflow_operators to None, run_after=None
[2024-10-12T07:34:23.170+0000] {processor.py:208} INFO - Processing /home/vboxuser/airflow_venv/lib/python3.12/site-packages/airflow/example_dags/example_dynamic_task_mapping_with_no_taskflow_operators.py took 0.094 seconds
[2024-10-12T07:47:08.989+0000] {processor.py:186} INFO - Started process (PID=12912) to work on /home/vboxuser/airflow_venv/lib/python3.12/site-packages/airflow/example_dags/example_dynamic_task_mapping_with_no_taskflow_operators.py
[2024-10-12T07:47:08.993+0000] {processor.py:914} INFO - Processing file /home/vboxuser/airflow_venv/lib/python3.12/site-packages/airflow/example_dags/example_dynamic_task_mapping_with_no_taskflow_operators.py for tasks to queue
[2024-10-12T07:47:08.997+0000] {logging_mixin.py:190} INFO - [2024-10-12T07:47:08.997+0000] {dagbag.py:588} INFO - Filling up the DagBag from /home/vboxuser/airflow_venv/lib/python3.12/site-packages/airflow/example_dags/example_dynamic_task_mapping_with_no_taskflow_operators.py
[2024-10-12T07:47:09.015+0000] {processor.py:925} INFO - DAG(s) 'example_dynamic_task_mapping_with_no_taskflow_operators' retrieved from /home/vboxuser/airflow_venv/lib/python3.12/site-packages/airflow/example_dags/example_dynamic_task_mapping_with_no_taskflow_operators.py
[2024-10-12T07:47:09.041+0000] {logging_mixin.py:190} INFO - [2024-10-12T07:47:09.040+0000] {dag.py:3239} INFO - Sync 1 DAGs
[2024-10-12T07:47:09.062+0000] {logging_mixin.py:190} INFO - [2024-10-12T07:47:09.061+0000] {dag.py:4180} INFO - Setting next_dagrun for example_dynamic_task_mapping_with_no_taskflow_operators to None, run_after=None
[2024-10-12T07:47:09.106+0000] {processor.py:208} INFO - Processing /home/vboxuser/airflow_venv/lib/python3.12/site-packages/airflow/example_dags/example_dynamic_task_mapping_with_no_taskflow_operators.py took 0.129 seconds
[2024-10-12T07:48:11.047+0000] {processor.py:186} INFO - Started process (PID=12965) to work on /home/vboxuser/airflow_venv/lib/python3.12/site-packages/airflow/example_dags/example_dynamic_task_mapping_with_no_taskflow_operators.py
[2024-10-12T07:48:11.054+0000] {processor.py:914} INFO - Processing file /home/vboxuser/airflow_venv/lib/python3.12/site-packages/airflow/example_dags/example_dynamic_task_mapping_with_no_taskflow_operators.py for tasks to queue
[2024-10-12T07:48:11.060+0000] {logging_mixin.py:190} INFO - [2024-10-12T07:48:11.059+0000] {dagbag.py:588} INFO - Filling up the DagBag from /home/vboxuser/airflow_venv/lib/python3.12/site-packages/airflow/example_dags/example_dynamic_task_mapping_with_no_taskflow_operators.py
[2024-10-12T07:48:11.079+0000] {processor.py:925} INFO - DAG(s) 'example_dynamic_task_mapping_with_no_taskflow_operators' retrieved from /home/vboxuser/airflow_venv/lib/python3.12/site-packages/airflow/example_dags/example_dynamic_task_mapping_with_no_taskflow_operators.py
[2024-10-12T07:48:11.112+0000] {logging_mixin.py:190} INFO - [2024-10-12T07:48:11.111+0000] {dag.py:3239} INFO - Sync 1 DAGs
[2024-10-12T07:48:11.131+0000] {logging_mixin.py:190} INFO - [2024-10-12T07:48:11.131+0000] {dag.py:4180} INFO - Setting next_dagrun for example_dynamic_task_mapping_with_no_taskflow_operators to None, run_after=None
[2024-10-12T07:48:11.184+0000] {processor.py:208} INFO - Processing /home/vboxuser/airflow_venv/lib/python3.12/site-packages/airflow/example_dags/example_dynamic_task_mapping_with_no_taskflow_operators.py took 0.149 seconds
[2024-10-12T07:49:16.826+0000] {processor.py:186} INFO - Started process (PID=13024) to work on /home/vboxuser/airflow_venv/lib/python3.12/site-packages/airflow/example_dags/example_dynamic_task_mapping_with_no_taskflow_operators.py
[2024-10-12T07:49:16.829+0000] {processor.py:914} INFO - Processing file /home/vboxuser/airflow_venv/lib/python3.12/site-packages/airflow/example_dags/example_dynamic_task_mapping_with_no_taskflow_operators.py for tasks to queue
[2024-10-12T07:49:16.834+0000] {logging_mixin.py:190} INFO - [2024-10-12T07:49:16.833+0000] {dagbag.py:588} INFO - Filling up the DagBag from /home/vboxuser/airflow_venv/lib/python3.12/site-packages/airflow/example_dags/example_dynamic_task_mapping_with_no_taskflow_operators.py
[2024-10-12T07:49:16.851+0000] {processor.py:925} INFO - DAG(s) 'example_dynamic_task_mapping_with_no_taskflow_operators' retrieved from /home/vboxuser/airflow_venv/lib/python3.12/site-packages/airflow/example_dags/example_dynamic_task_mapping_with_no_taskflow_operators.py
[2024-10-12T07:49:16.876+0000] {logging_mixin.py:190} INFO - [2024-10-12T07:49:16.876+0000] {dag.py:3239} INFO - Sync 1 DAGs
[2024-10-12T07:49:16.901+0000] {logging_mixin.py:190} INFO - [2024-10-12T07:49:16.900+0000] {dag.py:4180} INFO - Setting next_dagrun for example_dynamic_task_mapping_with_no_taskflow_operators to None, run_after=None
[2024-10-12T07:49:16.948+0000] {processor.py:208} INFO - Processing /home/vboxuser/airflow_venv/lib/python3.12/site-packages/airflow/example_dags/example_dynamic_task_mapping_with_no_taskflow_operators.py took 0.133 seconds
[2024-10-12T07:50:27.442+0000] {processor.py:186} INFO - Started process (PID=13087) to work on /home/vboxuser/airflow_venv/lib/python3.12/site-packages/airflow/example_dags/example_dynamic_task_mapping_with_no_taskflow_operators.py
[2024-10-12T07:50:27.445+0000] {processor.py:914} INFO - Processing file /home/vboxuser/airflow_venv/lib/python3.12/site-packages/airflow/example_dags/example_dynamic_task_mapping_with_no_taskflow_operators.py for tasks to queue
[2024-10-12T07:50:27.450+0000] {logging_mixin.py:190} INFO - [2024-10-12T07:50:27.449+0000] {dagbag.py:588} INFO - Filling up the DagBag from /home/vboxuser/airflow_venv/lib/python3.12/site-packages/airflow/example_dags/example_dynamic_task_mapping_with_no_taskflow_operators.py
[2024-10-12T07:50:27.465+0000] {processor.py:925} INFO - DAG(s) 'example_dynamic_task_mapping_with_no_taskflow_operators' retrieved from /home/vboxuser/airflow_venv/lib/python3.12/site-packages/airflow/example_dags/example_dynamic_task_mapping_with_no_taskflow_operators.py
[2024-10-12T07:50:27.490+0000] {logging_mixin.py:190} INFO - [2024-10-12T07:50:27.490+0000] {dag.py:3239} INFO - Sync 1 DAGs
[2024-10-12T07:50:27.510+0000] {logging_mixin.py:190} INFO - [2024-10-12T07:50:27.510+0000] {dag.py:4180} INFO - Setting next_dagrun for example_dynamic_task_mapping_with_no_taskflow_operators to None, run_after=None
[2024-10-12T07:50:27.548+0000] {processor.py:208} INFO - Processing /home/vboxuser/airflow_venv/lib/python3.12/site-packages/airflow/example_dags/example_dynamic_task_mapping_with_no_taskflow_operators.py took 0.120 seconds
[2024-10-12T07:51:37.226+0000] {processor.py:186} INFO - Started process (PID=13222) to work on /home/vboxuser/airflow_venv/lib/python3.12/site-packages/airflow/example_dags/example_dynamic_task_mapping_with_no_taskflow_operators.py
[2024-10-12T07:51:37.231+0000] {processor.py:914} INFO - Processing file /home/vboxuser/airflow_venv/lib/python3.12/site-packages/airflow/example_dags/example_dynamic_task_mapping_with_no_taskflow_operators.py for tasks to queue
[2024-10-12T07:51:37.235+0000] {logging_mixin.py:190} INFO - [2024-10-12T07:51:37.234+0000] {dagbag.py:588} INFO - Filling up the DagBag from /home/vboxuser/airflow_venv/lib/python3.12/site-packages/airflow/example_dags/example_dynamic_task_mapping_with_no_taskflow_operators.py
[2024-10-12T07:51:37.253+0000] {processor.py:925} INFO - DAG(s) 'example_dynamic_task_mapping_with_no_taskflow_operators' retrieved from /home/vboxuser/airflow_venv/lib/python3.12/site-packages/airflow/example_dags/example_dynamic_task_mapping_with_no_taskflow_operators.py
[2024-10-12T07:51:37.283+0000] {logging_mixin.py:190} INFO - [2024-10-12T07:51:37.283+0000] {dag.py:3239} INFO - Sync 1 DAGs
[2024-10-12T07:51:37.303+0000] {logging_mixin.py:190} INFO - [2024-10-12T07:51:37.302+0000] {dag.py:4180} INFO - Setting next_dagrun for example_dynamic_task_mapping_with_no_taskflow_operators to None, run_after=None
[2024-10-12T07:51:37.368+0000] {processor.py:208} INFO - Processing /home/vboxuser/airflow_venv/lib/python3.12/site-packages/airflow/example_dags/example_dynamic_task_mapping_with_no_taskflow_operators.py took 0.155 seconds
[2024-10-12T07:52:48.488+0000] {processor.py:186} INFO - Started process (PID=13298) to work on /home/vboxuser/airflow_venv/lib/python3.12/site-packages/airflow/example_dags/example_dynamic_task_mapping_with_no_taskflow_operators.py
[2024-10-12T07:52:48.494+0000] {processor.py:914} INFO - Processing file /home/vboxuser/airflow_venv/lib/python3.12/site-packages/airflow/example_dags/example_dynamic_task_mapping_with_no_taskflow_operators.py for tasks to queue
[2024-10-12T07:52:48.499+0000] {logging_mixin.py:190} INFO - [2024-10-12T07:52:48.499+0000] {dagbag.py:588} INFO - Filling up the DagBag from /home/vboxuser/airflow_venv/lib/python3.12/site-packages/airflow/example_dags/example_dynamic_task_mapping_with_no_taskflow_operators.py
[2024-10-12T07:52:48.511+0000] {processor.py:925} INFO - DAG(s) 'example_dynamic_task_mapping_with_no_taskflow_operators' retrieved from /home/vboxuser/airflow_venv/lib/python3.12/site-packages/airflow/example_dags/example_dynamic_task_mapping_with_no_taskflow_operators.py
[2024-10-12T07:52:48.532+0000] {logging_mixin.py:190} INFO - [2024-10-12T07:52:48.531+0000] {dag.py:3239} INFO - Sync 1 DAGs
[2024-10-12T07:52:48.550+0000] {logging_mixin.py:190} INFO - [2024-10-12T07:52:48.550+0000] {dag.py:4180} INFO - Setting next_dagrun for example_dynamic_task_mapping_with_no_taskflow_operators to None, run_after=None
[2024-10-12T07:52:48.583+0000] {processor.py:208} INFO - Processing /home/vboxuser/airflow_venv/lib/python3.12/site-packages/airflow/example_dags/example_dynamic_task_mapping_with_no_taskflow_operators.py took 0.107 seconds
[2024-10-12T07:53:49.571+0000] {processor.py:186} INFO - Started process (PID=13367) to work on /home/vboxuser/airflow_venv/lib/python3.12/site-packages/airflow/example_dags/example_dynamic_task_mapping_with_no_taskflow_operators.py
[2024-10-12T07:53:49.574+0000] {processor.py:914} INFO - Processing file /home/vboxuser/airflow_venv/lib/python3.12/site-packages/airflow/example_dags/example_dynamic_task_mapping_with_no_taskflow_operators.py for tasks to queue
[2024-10-12T07:53:49.578+0000] {logging_mixin.py:190} INFO - [2024-10-12T07:53:49.577+0000] {dagbag.py:588} INFO - Filling up the DagBag from /home/vboxuser/airflow_venv/lib/python3.12/site-packages/airflow/example_dags/example_dynamic_task_mapping_with_no_taskflow_operators.py
[2024-10-12T07:53:49.592+0000] {processor.py:925} INFO - DAG(s) 'example_dynamic_task_mapping_with_no_taskflow_operators' retrieved from /home/vboxuser/airflow_venv/lib/python3.12/site-packages/airflow/example_dags/example_dynamic_task_mapping_with_no_taskflow_operators.py
[2024-10-12T07:53:49.618+0000] {logging_mixin.py:190} INFO - [2024-10-12T07:53:49.617+0000] {dag.py:3239} INFO - Sync 1 DAGs
[2024-10-12T07:53:49.639+0000] {logging_mixin.py:190} INFO - [2024-10-12T07:53:49.639+0000] {dag.py:4180} INFO - Setting next_dagrun for example_dynamic_task_mapping_with_no_taskflow_operators to None, run_after=None
[2024-10-12T07:53:49.697+0000] {processor.py:208} INFO - Processing /home/vboxuser/airflow_venv/lib/python3.12/site-packages/airflow/example_dags/example_dynamic_task_mapping_with_no_taskflow_operators.py took 0.138 seconds
[2024-10-12T07:54:52.658+0000] {processor.py:186} INFO - Started process (PID=13425) to work on /home/vboxuser/airflow_venv/lib/python3.12/site-packages/airflow/example_dags/example_dynamic_task_mapping_with_no_taskflow_operators.py
[2024-10-12T07:54:52.665+0000] {processor.py:914} INFO - Processing file /home/vboxuser/airflow_venv/lib/python3.12/site-packages/airflow/example_dags/example_dynamic_task_mapping_with_no_taskflow_operators.py for tasks to queue
[2024-10-12T07:54:52.674+0000] {logging_mixin.py:190} INFO - [2024-10-12T07:54:52.672+0000] {dagbag.py:588} INFO - Filling up the DagBag from /home/vboxuser/airflow_venv/lib/python3.12/site-packages/airflow/example_dags/example_dynamic_task_mapping_with_no_taskflow_operators.py
[2024-10-12T07:54:52.696+0000] {processor.py:925} INFO - DAG(s) 'example_dynamic_task_mapping_with_no_taskflow_operators' retrieved from /home/vboxuser/airflow_venv/lib/python3.12/site-packages/airflow/example_dags/example_dynamic_task_mapping_with_no_taskflow_operators.py
[2024-10-12T07:54:52.724+0000] {logging_mixin.py:190} INFO - [2024-10-12T07:54:52.724+0000] {dag.py:3239} INFO - Sync 1 DAGs
[2024-10-12T07:54:52.744+0000] {logging_mixin.py:190} INFO - [2024-10-12T07:54:52.743+0000] {dag.py:4180} INFO - Setting next_dagrun for example_dynamic_task_mapping_with_no_taskflow_operators to None, run_after=None
[2024-10-12T07:54:52.785+0000] {processor.py:208} INFO - Processing /home/vboxuser/airflow_venv/lib/python3.12/site-packages/airflow/example_dags/example_dynamic_task_mapping_with_no_taskflow_operators.py took 0.141 seconds
[2024-10-12T07:55:59.023+0000] {processor.py:186} INFO - Started process (PID=13492) to work on /home/vboxuser/airflow_venv/lib/python3.12/site-packages/airflow/example_dags/example_dynamic_task_mapping_with_no_taskflow_operators.py
[2024-10-12T07:55:59.027+0000] {processor.py:914} INFO - Processing file /home/vboxuser/airflow_venv/lib/python3.12/site-packages/airflow/example_dags/example_dynamic_task_mapping_with_no_taskflow_operators.py for tasks to queue
[2024-10-12T07:55:59.031+0000] {logging_mixin.py:190} INFO - [2024-10-12T07:55:59.030+0000] {dagbag.py:588} INFO - Filling up the DagBag from /home/vboxuser/airflow_venv/lib/python3.12/site-packages/airflow/example_dags/example_dynamic_task_mapping_with_no_taskflow_operators.py
[2024-10-12T07:55:59.046+0000] {processor.py:925} INFO - DAG(s) 'example_dynamic_task_mapping_with_no_taskflow_operators' retrieved from /home/vboxuser/airflow_venv/lib/python3.12/site-packages/airflow/example_dags/example_dynamic_task_mapping_with_no_taskflow_operators.py
[2024-10-12T07:55:59.064+0000] {logging_mixin.py:190} INFO - [2024-10-12T07:55:59.064+0000] {dag.py:3239} INFO - Sync 1 DAGs
[2024-10-12T07:55:59.079+0000] {logging_mixin.py:190} INFO - [2024-10-12T07:55:59.078+0000] {dag.py:4180} INFO - Setting next_dagrun for example_dynamic_task_mapping_with_no_taskflow_operators to None, run_after=None
[2024-10-12T07:55:59.107+0000] {processor.py:208} INFO - Processing /home/vboxuser/airflow_venv/lib/python3.12/site-packages/airflow/example_dags/example_dynamic_task_mapping_with_no_taskflow_operators.py took 0.096 seconds
[2024-10-12T07:57:05.017+0000] {processor.py:186} INFO - Started process (PID=13555) to work on /home/vboxuser/airflow_venv/lib/python3.12/site-packages/airflow/example_dags/example_dynamic_task_mapping_with_no_taskflow_operators.py
[2024-10-12T07:57:05.023+0000] {processor.py:914} INFO - Processing file /home/vboxuser/airflow_venv/lib/python3.12/site-packages/airflow/example_dags/example_dynamic_task_mapping_with_no_taskflow_operators.py for tasks to queue
[2024-10-12T07:57:05.027+0000] {logging_mixin.py:190} INFO - [2024-10-12T07:57:05.026+0000] {dagbag.py:588} INFO - Filling up the DagBag from /home/vboxuser/airflow_venv/lib/python3.12/site-packages/airflow/example_dags/example_dynamic_task_mapping_with_no_taskflow_operators.py
[2024-10-12T07:57:05.039+0000] {processor.py:925} INFO - DAG(s) 'example_dynamic_task_mapping_with_no_taskflow_operators' retrieved from /home/vboxuser/airflow_venv/lib/python3.12/site-packages/airflow/example_dags/example_dynamic_task_mapping_with_no_taskflow_operators.py
[2024-10-12T07:57:05.058+0000] {logging_mixin.py:190} INFO - [2024-10-12T07:57:05.057+0000] {dag.py:3239} INFO - Sync 1 DAGs
[2024-10-12T07:57:05.077+0000] {logging_mixin.py:190} INFO - [2024-10-12T07:57:05.077+0000] {dag.py:4180} INFO - Setting next_dagrun for example_dynamic_task_mapping_with_no_taskflow_operators to None, run_after=None
[2024-10-12T07:57:05.109+0000] {processor.py:208} INFO - Processing /home/vboxuser/airflow_venv/lib/python3.12/site-packages/airflow/example_dags/example_dynamic_task_mapping_with_no_taskflow_operators.py took 0.099 seconds
[2024-10-12T07:58:09.435+0000] {processor.py:186} INFO - Started process (PID=13625) to work on /home/vboxuser/airflow_venv/lib/python3.12/site-packages/airflow/example_dags/example_dynamic_task_mapping_with_no_taskflow_operators.py
[2024-10-12T07:58:09.454+0000] {processor.py:914} INFO - Processing file /home/vboxuser/airflow_venv/lib/python3.12/site-packages/airflow/example_dags/example_dynamic_task_mapping_with_no_taskflow_operators.py for tasks to queue
[2024-10-12T07:58:09.469+0000] {logging_mixin.py:190} INFO - [2024-10-12T07:58:09.468+0000] {dagbag.py:588} INFO - Filling up the DagBag from /home/vboxuser/airflow_venv/lib/python3.12/site-packages/airflow/example_dags/example_dynamic_task_mapping_with_no_taskflow_operators.py
[2024-10-12T07:58:09.544+0000] {processor.py:925} INFO - DAG(s) 'example_dynamic_task_mapping_with_no_taskflow_operators' retrieved from /home/vboxuser/airflow_venv/lib/python3.12/site-packages/airflow/example_dags/example_dynamic_task_mapping_with_no_taskflow_operators.py
[2024-10-12T07:58:09.626+0000] {logging_mixin.py:190} INFO - [2024-10-12T07:58:09.624+0000] {dag.py:3239} INFO - Sync 1 DAGs
[2024-10-12T07:58:09.669+0000] {logging_mixin.py:190} INFO - [2024-10-12T07:58:09.668+0000] {dag.py:4180} INFO - Setting next_dagrun for example_dynamic_task_mapping_with_no_taskflow_operators to None, run_after=None
[2024-10-12T07:58:09.703+0000] {processor.py:208} INFO - Processing /home/vboxuser/airflow_venv/lib/python3.12/site-packages/airflow/example_dags/example_dynamic_task_mapping_with_no_taskflow_operators.py took 0.312 seconds
[2024-10-12T07:59:08.747+0000] {processor.py:186} INFO - Started process (PID=13682) to work on /home/vboxuser/airflow_venv/lib/python3.12/site-packages/airflow/example_dags/example_dynamic_task_mapping_with_no_taskflow_operators.py
[2024-10-12T07:59:08.750+0000] {processor.py:914} INFO - Processing file /home/vboxuser/airflow_venv/lib/python3.12/site-packages/airflow/example_dags/example_dynamic_task_mapping_with_no_taskflow_operators.py for tasks to queue
[2024-10-12T07:59:08.755+0000] {logging_mixin.py:190} INFO - [2024-10-12T07:59:08.754+0000] {dagbag.py:588} INFO - Filling up the DagBag from /home/vboxuser/airflow_venv/lib/python3.12/site-packages/airflow/example_dags/example_dynamic_task_mapping_with_no_taskflow_operators.py
[2024-10-12T07:59:08.771+0000] {processor.py:925} INFO - DAG(s) 'example_dynamic_task_mapping_with_no_taskflow_operators' retrieved from /home/vboxuser/airflow_venv/lib/python3.12/site-packages/airflow/example_dags/example_dynamic_task_mapping_with_no_taskflow_operators.py
[2024-10-12T07:59:08.800+0000] {logging_mixin.py:190} INFO - [2024-10-12T07:59:08.800+0000] {dag.py:3239} INFO - Sync 1 DAGs
[2024-10-12T07:59:08.819+0000] {logging_mixin.py:190} INFO - [2024-10-12T07:59:08.818+0000] {dag.py:4180} INFO - Setting next_dagrun for example_dynamic_task_mapping_with_no_taskflow_operators to None, run_after=None
[2024-10-12T07:59:08.859+0000] {processor.py:208} INFO - Processing /home/vboxuser/airflow_venv/lib/python3.12/site-packages/airflow/example_dags/example_dynamic_task_mapping_with_no_taskflow_operators.py took 0.122 seconds
[2024-10-12T08:00:15.433+0000] {processor.py:186} INFO - Started process (PID=13741) to work on /home/vboxuser/airflow_venv/lib/python3.12/site-packages/airflow/example_dags/example_dynamic_task_mapping_with_no_taskflow_operators.py
[2024-10-12T08:00:15.439+0000] {processor.py:914} INFO - Processing file /home/vboxuser/airflow_venv/lib/python3.12/site-packages/airflow/example_dags/example_dynamic_task_mapping_with_no_taskflow_operators.py for tasks to queue
[2024-10-12T08:00:15.442+0000] {logging_mixin.py:190} INFO - [2024-10-12T08:00:15.442+0000] {dagbag.py:588} INFO - Filling up the DagBag from /home/vboxuser/airflow_venv/lib/python3.12/site-packages/airflow/example_dags/example_dynamic_task_mapping_with_no_taskflow_operators.py
[2024-10-12T08:00:15.458+0000] {processor.py:925} INFO - DAG(s) 'example_dynamic_task_mapping_with_no_taskflow_operators' retrieved from /home/vboxuser/airflow_venv/lib/python3.12/site-packages/airflow/example_dags/example_dynamic_task_mapping_with_no_taskflow_operators.py
[2024-10-12T08:00:15.484+0000] {logging_mixin.py:190} INFO - [2024-10-12T08:00:15.484+0000] {dag.py:3239} INFO - Sync 1 DAGs
[2024-10-12T08:00:15.504+0000] {logging_mixin.py:190} INFO - [2024-10-12T08:00:15.503+0000] {dag.py:4180} INFO - Setting next_dagrun for example_dynamic_task_mapping_with_no_taskflow_operators to None, run_after=None
[2024-10-12T08:00:15.544+0000] {processor.py:208} INFO - Processing /home/vboxuser/airflow_venv/lib/python3.12/site-packages/airflow/example_dags/example_dynamic_task_mapping_with_no_taskflow_operators.py took 0.120 seconds
[2024-10-12T08:01:17.387+0000] {processor.py:186} INFO - Started process (PID=13802) to work on /home/vboxuser/airflow_venv/lib/python3.12/site-packages/airflow/example_dags/example_dynamic_task_mapping_with_no_taskflow_operators.py
[2024-10-12T08:01:17.390+0000] {processor.py:914} INFO - Processing file /home/vboxuser/airflow_venv/lib/python3.12/site-packages/airflow/example_dags/example_dynamic_task_mapping_with_no_taskflow_operators.py for tasks to queue
[2024-10-12T08:01:17.394+0000] {logging_mixin.py:190} INFO - [2024-10-12T08:01:17.393+0000] {dagbag.py:588} INFO - Filling up the DagBag from /home/vboxuser/airflow_venv/lib/python3.12/site-packages/airflow/example_dags/example_dynamic_task_mapping_with_no_taskflow_operators.py
[2024-10-12T08:01:17.413+0000] {processor.py:925} INFO - DAG(s) 'example_dynamic_task_mapping_with_no_taskflow_operators' retrieved from /home/vboxuser/airflow_venv/lib/python3.12/site-packages/airflow/example_dags/example_dynamic_task_mapping_with_no_taskflow_operators.py
[2024-10-12T08:01:17.440+0000] {logging_mixin.py:190} INFO - [2024-10-12T08:01:17.439+0000] {dag.py:3239} INFO - Sync 1 DAGs
[2024-10-12T08:01:17.462+0000] {logging_mixin.py:190} INFO - [2024-10-12T08:01:17.462+0000] {dag.py:4180} INFO - Setting next_dagrun for example_dynamic_task_mapping_with_no_taskflow_operators to None, run_after=None
[2024-10-12T08:01:17.517+0000] {processor.py:208} INFO - Processing /home/vboxuser/airflow_venv/lib/python3.12/site-packages/airflow/example_dags/example_dynamic_task_mapping_with_no_taskflow_operators.py took 0.149 seconds
[2024-10-12T08:02:27.638+0000] {processor.py:186} INFO - Started process (PID=13863) to work on /home/vboxuser/airflow_venv/lib/python3.12/site-packages/airflow/example_dags/example_dynamic_task_mapping_with_no_taskflow_operators.py
[2024-10-12T08:02:27.644+0000] {processor.py:914} INFO - Processing file /home/vboxuser/airflow_venv/lib/python3.12/site-packages/airflow/example_dags/example_dynamic_task_mapping_with_no_taskflow_operators.py for tasks to queue
[2024-10-12T08:02:27.649+0000] {logging_mixin.py:190} INFO - [2024-10-12T08:02:27.648+0000] {dagbag.py:588} INFO - Filling up the DagBag from /home/vboxuser/airflow_venv/lib/python3.12/site-packages/airflow/example_dags/example_dynamic_task_mapping_with_no_taskflow_operators.py
[2024-10-12T08:02:27.667+0000] {processor.py:925} INFO - DAG(s) 'example_dynamic_task_mapping_with_no_taskflow_operators' retrieved from /home/vboxuser/airflow_venv/lib/python3.12/site-packages/airflow/example_dags/example_dynamic_task_mapping_with_no_taskflow_operators.py
[2024-10-12T08:02:27.691+0000] {logging_mixin.py:190} INFO - [2024-10-12T08:02:27.691+0000] {dag.py:3239} INFO - Sync 1 DAGs
[2024-10-12T08:02:27.711+0000] {logging_mixin.py:190} INFO - [2024-10-12T08:02:27.710+0000] {dag.py:4180} INFO - Setting next_dagrun for example_dynamic_task_mapping_with_no_taskflow_operators to None, run_after=None
[2024-10-12T08:02:27.750+0000] {processor.py:208} INFO - Processing /home/vboxuser/airflow_venv/lib/python3.12/site-packages/airflow/example_dags/example_dynamic_task_mapping_with_no_taskflow_operators.py took 0.124 seconds
[2024-10-12T08:03:30.083+0000] {processor.py:186} INFO - Started process (PID=13921) to work on /home/vboxuser/airflow_venv/lib/python3.12/site-packages/airflow/example_dags/example_dynamic_task_mapping_with_no_taskflow_operators.py
[2024-10-12T08:03:30.088+0000] {processor.py:914} INFO - Processing file /home/vboxuser/airflow_venv/lib/python3.12/site-packages/airflow/example_dags/example_dynamic_task_mapping_with_no_taskflow_operators.py for tasks to queue
[2024-10-12T08:03:30.091+0000] {logging_mixin.py:190} INFO - [2024-10-12T08:03:30.091+0000] {dagbag.py:588} INFO - Filling up the DagBag from /home/vboxuser/airflow_venv/lib/python3.12/site-packages/airflow/example_dags/example_dynamic_task_mapping_with_no_taskflow_operators.py
[2024-10-12T08:03:30.106+0000] {processor.py:925} INFO - DAG(s) 'example_dynamic_task_mapping_with_no_taskflow_operators' retrieved from /home/vboxuser/airflow_venv/lib/python3.12/site-packages/airflow/example_dags/example_dynamic_task_mapping_with_no_taskflow_operators.py
[2024-10-12T08:03:30.130+0000] {logging_mixin.py:190} INFO - [2024-10-12T08:03:30.129+0000] {dag.py:3239} INFO - Sync 1 DAGs
[2024-10-12T08:03:30.150+0000] {logging_mixin.py:190} INFO - [2024-10-12T08:03:30.149+0000] {dag.py:4180} INFO - Setting next_dagrun for example_dynamic_task_mapping_with_no_taskflow_operators to None, run_after=None
[2024-10-12T08:03:30.194+0000] {processor.py:208} INFO - Processing /home/vboxuser/airflow_venv/lib/python3.12/site-packages/airflow/example_dags/example_dynamic_task_mapping_with_no_taskflow_operators.py took 0.122 seconds
[2024-10-12T08:04:40.425+0000] {processor.py:186} INFO - Started process (PID=13995) to work on /home/vboxuser/airflow_venv/lib/python3.12/site-packages/airflow/example_dags/example_dynamic_task_mapping_with_no_taskflow_operators.py
[2024-10-12T08:04:40.431+0000] {processor.py:914} INFO - Processing file /home/vboxuser/airflow_venv/lib/python3.12/site-packages/airflow/example_dags/example_dynamic_task_mapping_with_no_taskflow_operators.py for tasks to queue
[2024-10-12T08:04:40.435+0000] {logging_mixin.py:190} INFO - [2024-10-12T08:04:40.435+0000] {dagbag.py:588} INFO - Filling up the DagBag from /home/vboxuser/airflow_venv/lib/python3.12/site-packages/airflow/example_dags/example_dynamic_task_mapping_with_no_taskflow_operators.py
[2024-10-12T08:04:40.448+0000] {processor.py:925} INFO - DAG(s) 'example_dynamic_task_mapping_with_no_taskflow_operators' retrieved from /home/vboxuser/airflow_venv/lib/python3.12/site-packages/airflow/example_dags/example_dynamic_task_mapping_with_no_taskflow_operators.py
[2024-10-12T08:04:40.471+0000] {logging_mixin.py:190} INFO - [2024-10-12T08:04:40.470+0000] {dag.py:3239} INFO - Sync 1 DAGs
[2024-10-12T08:04:40.487+0000] {logging_mixin.py:190} INFO - [2024-10-12T08:04:40.486+0000] {dag.py:4180} INFO - Setting next_dagrun for example_dynamic_task_mapping_with_no_taskflow_operators to None, run_after=None
[2024-10-12T08:04:40.524+0000] {processor.py:208} INFO - Processing /home/vboxuser/airflow_venv/lib/python3.12/site-packages/airflow/example_dags/example_dynamic_task_mapping_with_no_taskflow_operators.py took 0.110 seconds
[2024-10-12T08:05:48.438+0000] {processor.py:186} INFO - Started process (PID=14065) to work on /home/vboxuser/airflow_venv/lib/python3.12/site-packages/airflow/example_dags/example_dynamic_task_mapping_with_no_taskflow_operators.py
[2024-10-12T08:05:48.444+0000] {processor.py:914} INFO - Processing file /home/vboxuser/airflow_venv/lib/python3.12/site-packages/airflow/example_dags/example_dynamic_task_mapping_with_no_taskflow_operators.py for tasks to queue
[2024-10-12T08:05:48.449+0000] {logging_mixin.py:190} INFO - [2024-10-12T08:05:48.448+0000] {dagbag.py:588} INFO - Filling up the DagBag from /home/vboxuser/airflow_venv/lib/python3.12/site-packages/airflow/example_dags/example_dynamic_task_mapping_with_no_taskflow_operators.py
[2024-10-12T08:05:48.466+0000] {processor.py:925} INFO - DAG(s) 'example_dynamic_task_mapping_with_no_taskflow_operators' retrieved from /home/vboxuser/airflow_venv/lib/python3.12/site-packages/airflow/example_dags/example_dynamic_task_mapping_with_no_taskflow_operators.py
[2024-10-12T08:05:48.499+0000] {logging_mixin.py:190} INFO - [2024-10-12T08:05:48.499+0000] {dag.py:3239} INFO - Sync 1 DAGs
[2024-10-12T08:05:48.532+0000] {logging_mixin.py:190} INFO - [2024-10-12T08:05:48.531+0000] {dag.py:4180} INFO - Setting next_dagrun for example_dynamic_task_mapping_with_no_taskflow_operators to None, run_after=None
[2024-10-12T08:05:48.598+0000] {processor.py:208} INFO - Processing /home/vboxuser/airflow_venv/lib/python3.12/site-packages/airflow/example_dags/example_dynamic_task_mapping_with_no_taskflow_operators.py took 0.173 seconds
[2024-10-12T08:07:03.727+0000] {processor.py:186} INFO - Started process (PID=14130) to work on /home/vboxuser/airflow_venv/lib/python3.12/site-packages/airflow/example_dags/example_dynamic_task_mapping_with_no_taskflow_operators.py
[2024-10-12T08:07:03.735+0000] {processor.py:914} INFO - Processing file /home/vboxuser/airflow_venv/lib/python3.12/site-packages/airflow/example_dags/example_dynamic_task_mapping_with_no_taskflow_operators.py for tasks to queue
[2024-10-12T08:07:03.741+0000] {logging_mixin.py:190} INFO - [2024-10-12T08:07:03.740+0000] {dagbag.py:588} INFO - Filling up the DagBag from /home/vboxuser/airflow_venv/lib/python3.12/site-packages/airflow/example_dags/example_dynamic_task_mapping_with_no_taskflow_operators.py
[2024-10-12T08:07:03.763+0000] {processor.py:925} INFO - DAG(s) 'example_dynamic_task_mapping_with_no_taskflow_operators' retrieved from /home/vboxuser/airflow_venv/lib/python3.12/site-packages/airflow/example_dags/example_dynamic_task_mapping_with_no_taskflow_operators.py
[2024-10-12T08:07:03.803+0000] {logging_mixin.py:190} INFO - [2024-10-12T08:07:03.802+0000] {dag.py:3239} INFO - Sync 1 DAGs
[2024-10-12T08:07:03.843+0000] {logging_mixin.py:190} INFO - [2024-10-12T08:07:03.842+0000] {dag.py:4180} INFO - Setting next_dagrun for example_dynamic_task_mapping_with_no_taskflow_operators to None, run_after=None
[2024-10-12T08:07:03.899+0000] {processor.py:208} INFO - Processing /home/vboxuser/airflow_venv/lib/python3.12/site-packages/airflow/example_dags/example_dynamic_task_mapping_with_no_taskflow_operators.py took 0.189 seconds
[2024-10-12T08:08:17.447+0000] {processor.py:186} INFO - Started process (PID=14198) to work on /home/vboxuser/airflow_venv/lib/python3.12/site-packages/airflow/example_dags/example_dynamic_task_mapping_with_no_taskflow_operators.py
[2024-10-12T08:08:17.452+0000] {processor.py:914} INFO - Processing file /home/vboxuser/airflow_venv/lib/python3.12/site-packages/airflow/example_dags/example_dynamic_task_mapping_with_no_taskflow_operators.py for tasks to queue
[2024-10-12T08:08:17.460+0000] {logging_mixin.py:190} INFO - [2024-10-12T08:08:17.459+0000] {dagbag.py:588} INFO - Filling up the DagBag from /home/vboxuser/airflow_venv/lib/python3.12/site-packages/airflow/example_dags/example_dynamic_task_mapping_with_no_taskflow_operators.py
[2024-10-12T08:08:17.479+0000] {processor.py:925} INFO - DAG(s) 'example_dynamic_task_mapping_with_no_taskflow_operators' retrieved from /home/vboxuser/airflow_venv/lib/python3.12/site-packages/airflow/example_dags/example_dynamic_task_mapping_with_no_taskflow_operators.py
[2024-10-12T08:08:17.504+0000] {logging_mixin.py:190} INFO - [2024-10-12T08:08:17.504+0000] {dag.py:3239} INFO - Sync 1 DAGs
[2024-10-12T08:08:17.521+0000] {logging_mixin.py:190} INFO - [2024-10-12T08:08:17.520+0000] {dag.py:4180} INFO - Setting next_dagrun for example_dynamic_task_mapping_with_no_taskflow_operators to None, run_after=None
[2024-10-12T08:08:17.575+0000] {processor.py:208} INFO - Processing /home/vboxuser/airflow_venv/lib/python3.12/site-packages/airflow/example_dags/example_dynamic_task_mapping_with_no_taskflow_operators.py took 0.139 seconds
[2024-10-12T08:09:34.932+0000] {processor.py:186} INFO - Started process (PID=14262) to work on /home/vboxuser/airflow_venv/lib/python3.12/site-packages/airflow/example_dags/example_dynamic_task_mapping_with_no_taskflow_operators.py
[2024-10-12T08:09:34.939+0000] {processor.py:914} INFO - Processing file /home/vboxuser/airflow_venv/lib/python3.12/site-packages/airflow/example_dags/example_dynamic_task_mapping_with_no_taskflow_operators.py for tasks to queue
[2024-10-12T08:09:34.945+0000] {logging_mixin.py:190} INFO - [2024-10-12T08:09:34.944+0000] {dagbag.py:588} INFO - Filling up the DagBag from /home/vboxuser/airflow_venv/lib/python3.12/site-packages/airflow/example_dags/example_dynamic_task_mapping_with_no_taskflow_operators.py
[2024-10-12T08:09:34.965+0000] {processor.py:925} INFO - DAG(s) 'example_dynamic_task_mapping_with_no_taskflow_operators' retrieved from /home/vboxuser/airflow_venv/lib/python3.12/site-packages/airflow/example_dags/example_dynamic_task_mapping_with_no_taskflow_operators.py
[2024-10-12T08:09:35.002+0000] {logging_mixin.py:190} INFO - [2024-10-12T08:09:35.002+0000] {dag.py:3239} INFO - Sync 1 DAGs
[2024-10-12T08:09:35.033+0000] {logging_mixin.py:190} INFO - [2024-10-12T08:09:35.032+0000] {dag.py:4180} INFO - Setting next_dagrun for example_dynamic_task_mapping_with_no_taskflow_operators to None, run_after=None
[2024-10-12T08:09:35.095+0000] {processor.py:208} INFO - Processing /home/vboxuser/airflow_venv/lib/python3.12/site-packages/airflow/example_dags/example_dynamic_task_mapping_with_no_taskflow_operators.py took 0.172 seconds
[2024-10-12T08:10:51.950+0000] {processor.py:186} INFO - Started process (PID=14330) to work on /home/vboxuser/airflow_venv/lib/python3.12/site-packages/airflow/example_dags/example_dynamic_task_mapping_with_no_taskflow_operators.py
[2024-10-12T08:10:51.955+0000] {processor.py:914} INFO - Processing file /home/vboxuser/airflow_venv/lib/python3.12/site-packages/airflow/example_dags/example_dynamic_task_mapping_with_no_taskflow_operators.py for tasks to queue
[2024-10-12T08:10:51.961+0000] {logging_mixin.py:190} INFO - [2024-10-12T08:10:51.959+0000] {dagbag.py:588} INFO - Filling up the DagBag from /home/vboxuser/airflow_venv/lib/python3.12/site-packages/airflow/example_dags/example_dynamic_task_mapping_with_no_taskflow_operators.py
[2024-10-12T08:10:51.985+0000] {processor.py:925} INFO - DAG(s) 'example_dynamic_task_mapping_with_no_taskflow_operators' retrieved from /home/vboxuser/airflow_venv/lib/python3.12/site-packages/airflow/example_dags/example_dynamic_task_mapping_with_no_taskflow_operators.py
[2024-10-12T08:10:52.012+0000] {logging_mixin.py:190} INFO - [2024-10-12T08:10:52.012+0000] {dag.py:3239} INFO - Sync 1 DAGs
[2024-10-12T08:10:52.033+0000] {logging_mixin.py:190} INFO - [2024-10-12T08:10:52.033+0000] {dag.py:4180} INFO - Setting next_dagrun for example_dynamic_task_mapping_with_no_taskflow_operators to None, run_after=None
[2024-10-12T08:10:52.091+0000] {processor.py:208} INFO - Processing /home/vboxuser/airflow_venv/lib/python3.12/site-packages/airflow/example_dags/example_dynamic_task_mapping_with_no_taskflow_operators.py took 0.158 seconds
[2024-10-12T08:11:57.356+0000] {processor.py:186} INFO - Started process (PID=14390) to work on /home/vboxuser/airflow_venv/lib/python3.12/site-packages/airflow/example_dags/example_dynamic_task_mapping_with_no_taskflow_operators.py
[2024-10-12T08:11:57.361+0000] {processor.py:914} INFO - Processing file /home/vboxuser/airflow_venv/lib/python3.12/site-packages/airflow/example_dags/example_dynamic_task_mapping_with_no_taskflow_operators.py for tasks to queue
[2024-10-12T08:11:57.365+0000] {logging_mixin.py:190} INFO - [2024-10-12T08:11:57.365+0000] {dagbag.py:588} INFO - Filling up the DagBag from /home/vboxuser/airflow_venv/lib/python3.12/site-packages/airflow/example_dags/example_dynamic_task_mapping_with_no_taskflow_operators.py
[2024-10-12T08:11:57.384+0000] {processor.py:925} INFO - DAG(s) 'example_dynamic_task_mapping_with_no_taskflow_operators' retrieved from /home/vboxuser/airflow_venv/lib/python3.12/site-packages/airflow/example_dags/example_dynamic_task_mapping_with_no_taskflow_operators.py
[2024-10-12T08:11:57.420+0000] {logging_mixin.py:190} INFO - [2024-10-12T08:11:57.420+0000] {dag.py:3239} INFO - Sync 1 DAGs
[2024-10-12T08:11:57.450+0000] {logging_mixin.py:190} INFO - [2024-10-12T08:11:57.449+0000] {dag.py:4180} INFO - Setting next_dagrun for example_dynamic_task_mapping_with_no_taskflow_operators to None, run_after=None
[2024-10-12T08:11:57.515+0000] {processor.py:208} INFO - Processing /home/vboxuser/airflow_venv/lib/python3.12/site-packages/airflow/example_dags/example_dynamic_task_mapping_with_no_taskflow_operators.py took 0.173 seconds
[2024-10-12T08:13:07.427+0000] {processor.py:186} INFO - Started process (PID=14452) to work on /home/vboxuser/airflow_venv/lib/python3.12/site-packages/airflow/example_dags/example_dynamic_task_mapping_with_no_taskflow_operators.py
[2024-10-12T08:13:07.433+0000] {processor.py:914} INFO - Processing file /home/vboxuser/airflow_venv/lib/python3.12/site-packages/airflow/example_dags/example_dynamic_task_mapping_with_no_taskflow_operators.py for tasks to queue
[2024-10-12T08:13:07.437+0000] {logging_mixin.py:190} INFO - [2024-10-12T08:13:07.436+0000] {dagbag.py:588} INFO - Filling up the DagBag from /home/vboxuser/airflow_venv/lib/python3.12/site-packages/airflow/example_dags/example_dynamic_task_mapping_with_no_taskflow_operators.py
[2024-10-12T08:13:07.449+0000] {processor.py:925} INFO - DAG(s) 'example_dynamic_task_mapping_with_no_taskflow_operators' retrieved from /home/vboxuser/airflow_venv/lib/python3.12/site-packages/airflow/example_dags/example_dynamic_task_mapping_with_no_taskflow_operators.py
[2024-10-12T08:13:07.472+0000] {logging_mixin.py:190} INFO - [2024-10-12T08:13:07.472+0000] {dag.py:3239} INFO - Sync 1 DAGs
[2024-10-12T08:13:07.490+0000] {logging_mixin.py:190} INFO - [2024-10-12T08:13:07.490+0000] {dag.py:4180} INFO - Setting next_dagrun for example_dynamic_task_mapping_with_no_taskflow_operators to None, run_after=None
[2024-10-12T08:13:07.544+0000] {processor.py:208} INFO - Processing /home/vboxuser/airflow_venv/lib/python3.12/site-packages/airflow/example_dags/example_dynamic_task_mapping_with_no_taskflow_operators.py took 0.124 seconds
[2024-10-12T08:14:21.095+0000] {processor.py:186} INFO - Started process (PID=14514) to work on /home/vboxuser/airflow_venv/lib/python3.12/site-packages/airflow/example_dags/example_dynamic_task_mapping_with_no_taskflow_operators.py
[2024-10-12T08:14:21.102+0000] {processor.py:914} INFO - Processing file /home/vboxuser/airflow_venv/lib/python3.12/site-packages/airflow/example_dags/example_dynamic_task_mapping_with_no_taskflow_operators.py for tasks to queue
[2024-10-12T08:14:21.108+0000] {logging_mixin.py:190} INFO - [2024-10-12T08:14:21.107+0000] {dagbag.py:588} INFO - Filling up the DagBag from /home/vboxuser/airflow_venv/lib/python3.12/site-packages/airflow/example_dags/example_dynamic_task_mapping_with_no_taskflow_operators.py
[2024-10-12T08:14:21.126+0000] {processor.py:925} INFO - DAG(s) 'example_dynamic_task_mapping_with_no_taskflow_operators' retrieved from /home/vboxuser/airflow_venv/lib/python3.12/site-packages/airflow/example_dags/example_dynamic_task_mapping_with_no_taskflow_operators.py
[2024-10-12T08:14:21.157+0000] {logging_mixin.py:190} INFO - [2024-10-12T08:14:21.157+0000] {dag.py:3239} INFO - Sync 1 DAGs
[2024-10-12T08:14:21.185+0000] {logging_mixin.py:190} INFO - [2024-10-12T08:14:21.184+0000] {dag.py:4180} INFO - Setting next_dagrun for example_dynamic_task_mapping_with_no_taskflow_operators to None, run_after=None
[2024-10-12T08:14:21.245+0000] {processor.py:208} INFO - Processing /home/vboxuser/airflow_venv/lib/python3.12/site-packages/airflow/example_dags/example_dynamic_task_mapping_with_no_taskflow_operators.py took 0.164 seconds
[2024-10-12T08:15:36.250+0000] {processor.py:186} INFO - Started process (PID=14580) to work on /home/vboxuser/airflow_venv/lib/python3.12/site-packages/airflow/example_dags/example_dynamic_task_mapping_with_no_taskflow_operators.py
[2024-10-12T08:15:36.257+0000] {processor.py:914} INFO - Processing file /home/vboxuser/airflow_venv/lib/python3.12/site-packages/airflow/example_dags/example_dynamic_task_mapping_with_no_taskflow_operators.py for tasks to queue
[2024-10-12T08:15:36.262+0000] {logging_mixin.py:190} INFO - [2024-10-12T08:15:36.261+0000] {dagbag.py:588} INFO - Filling up the DagBag from /home/vboxuser/airflow_venv/lib/python3.12/site-packages/airflow/example_dags/example_dynamic_task_mapping_with_no_taskflow_operators.py
[2024-10-12T08:15:36.281+0000] {processor.py:925} INFO - DAG(s) 'example_dynamic_task_mapping_with_no_taskflow_operators' retrieved from /home/vboxuser/airflow_venv/lib/python3.12/site-packages/airflow/example_dags/example_dynamic_task_mapping_with_no_taskflow_operators.py
[2024-10-12T08:15:36.311+0000] {logging_mixin.py:190} INFO - [2024-10-12T08:15:36.311+0000] {dag.py:3239} INFO - Sync 1 DAGs
[2024-10-12T08:15:36.329+0000] {logging_mixin.py:190} INFO - [2024-10-12T08:15:36.328+0000] {dag.py:4180} INFO - Setting next_dagrun for example_dynamic_task_mapping_with_no_taskflow_operators to None, run_after=None
[2024-10-12T08:15:36.380+0000] {processor.py:208} INFO - Processing /home/vboxuser/airflow_venv/lib/python3.12/site-packages/airflow/example_dags/example_dynamic_task_mapping_with_no_taskflow_operators.py took 0.144 seconds
[2024-10-12T08:16:49.882+0000] {processor.py:186} INFO - Started process (PID=14643) to work on /home/vboxuser/airflow_venv/lib/python3.12/site-packages/airflow/example_dags/example_dynamic_task_mapping_with_no_taskflow_operators.py
[2024-10-12T08:16:49.889+0000] {processor.py:914} INFO - Processing file /home/vboxuser/airflow_venv/lib/python3.12/site-packages/airflow/example_dags/example_dynamic_task_mapping_with_no_taskflow_operators.py for tasks to queue
[2024-10-12T08:16:49.896+0000] {logging_mixin.py:190} INFO - [2024-10-12T08:16:49.895+0000] {dagbag.py:588} INFO - Filling up the DagBag from /home/vboxuser/airflow_venv/lib/python3.12/site-packages/airflow/example_dags/example_dynamic_task_mapping_with_no_taskflow_operators.py
[2024-10-12T08:16:49.920+0000] {processor.py:925} INFO - DAG(s) 'example_dynamic_task_mapping_with_no_taskflow_operators' retrieved from /home/vboxuser/airflow_venv/lib/python3.12/site-packages/airflow/example_dags/example_dynamic_task_mapping_with_no_taskflow_operators.py
[2024-10-12T08:16:49.948+0000] {logging_mixin.py:190} INFO - [2024-10-12T08:16:49.948+0000] {dag.py:3239} INFO - Sync 1 DAGs
[2024-10-12T08:16:49.966+0000] {logging_mixin.py:190} INFO - [2024-10-12T08:16:49.965+0000] {dag.py:4180} INFO - Setting next_dagrun for example_dynamic_task_mapping_with_no_taskflow_operators to None, run_after=None
[2024-10-12T08:16:50.023+0000] {processor.py:208} INFO - Processing /home/vboxuser/airflow_venv/lib/python3.12/site-packages/airflow/example_dags/example_dynamic_task_mapping_with_no_taskflow_operators.py took 0.149 seconds
