[2024-10-12T07:09:23.003+0000] {processor.py:186} INFO - Started process (PID=11331) to work on /home/vboxuser/airflow_venv/lib/python3.12/site-packages/airflow/example_dags/example_display_name.py
[2024-10-12T07:09:23.005+0000] {processor.py:914} INFO - Processing file /home/vboxuser/airflow_venv/lib/python3.12/site-packages/airflow/example_dags/example_display_name.py for tasks to queue
[2024-10-12T07:09:23.008+0000] {logging_mixin.py:190} INFO - [2024-10-12T07:09:23.007+0000] {dagbag.py:588} INFO - Filling up the DagBag from /home/vboxuser/airflow_venv/lib/python3.12/site-packages/airflow/example_dags/example_display_name.py
[2024-10-12T07:09:23.022+0000] {processor.py:925} INFO - DAG(s) 'example_display_name' retrieved from /home/vboxuser/airflow_venv/lib/python3.12/site-packages/airflow/example_dags/example_display_name.py
[2024-10-12T07:09:23.154+0000] {logging_mixin.py:190} INFO - [2024-10-12T07:09:23.153+0000] {override.py:1901} INFO - Created Permission View: can delete on DAG:example_display_name
[2024-10-12T07:09:23.172+0000] {logging_mixin.py:190} INFO - [2024-10-12T07:09:23.172+0000] {override.py:1901} INFO - Created Permission View: can read on DAG:example_display_name
[2024-10-12T07:09:23.190+0000] {logging_mixin.py:190} INFO - [2024-10-12T07:09:23.189+0000] {override.py:1901} INFO - Created Permission View: can edit on DAG:example_display_name
[2024-10-12T07:09:23.220+0000] {logging_mixin.py:190} INFO - [2024-10-12T07:09:23.220+0000] {override.py:1901} INFO - Created Permission View: can delete on DAG Run:example_display_name
[2024-10-12T07:09:23.237+0000] {logging_mixin.py:190} INFO - [2024-10-12T07:09:23.236+0000] {override.py:1901} INFO - Created Permission View: can read on DAG Run:example_display_name
[2024-10-12T07:09:23.254+0000] {logging_mixin.py:190} INFO - [2024-10-12T07:09:23.253+0000] {override.py:1901} INFO - Created Permission View: menu access on DAG Run:example_display_name
[2024-10-12T07:09:23.270+0000] {logging_mixin.py:190} INFO - [2024-10-12T07:09:23.270+0000] {override.py:1901} INFO - Created Permission View: can create on DAG Run:example_display_name
[2024-10-12T07:09:23.270+0000] {logging_mixin.py:190} INFO - [2024-10-12T07:09:23.270+0000] {dag.py:3239} INFO - Sync 1 DAGs
[2024-10-12T07:09:23.282+0000] {logging_mixin.py:190} INFO - [2024-10-12T07:09:23.282+0000] {dag.py:3262} INFO - Creating ORM DAG for example_display_name
[2024-10-12T07:09:23.283+0000] {logging_mixin.py:190} INFO - [2024-10-12T07:09:23.283+0000] {dag.py:4180} INFO - Setting next_dagrun for example_display_name to None, run_after=None
[2024-10-12T07:09:23.310+0000] {processor.py:208} INFO - Processing /home/vboxuser/airflow_venv/lib/python3.12/site-packages/airflow/example_dags/example_display_name.py took 0.316 seconds
[2024-10-12T07:10:35.739+0000] {processor.py:186} INFO - Started process (PID=11402) to work on /home/vboxuser/airflow_venv/lib/python3.12/site-packages/airflow/example_dags/example_display_name.py
[2024-10-12T07:10:35.742+0000] {processor.py:914} INFO - Processing file /home/vboxuser/airflow_venv/lib/python3.12/site-packages/airflow/example_dags/example_display_name.py for tasks to queue
[2024-10-12T07:10:35.746+0000] {logging_mixin.py:190} INFO - [2024-10-12T07:10:35.745+0000] {dagbag.py:588} INFO - Filling up the DagBag from /home/vboxuser/airflow_venv/lib/python3.12/site-packages/airflow/example_dags/example_display_name.py
[2024-10-12T07:10:35.759+0000] {processor.py:925} INFO - DAG(s) 'example_display_name' retrieved from /home/vboxuser/airflow_venv/lib/python3.12/site-packages/airflow/example_dags/example_display_name.py
[2024-10-12T07:10:35.778+0000] {logging_mixin.py:190} INFO - [2024-10-12T07:10:35.777+0000] {dag.py:3239} INFO - Sync 1 DAGs
[2024-10-12T07:10:35.791+0000] {logging_mixin.py:190} INFO - [2024-10-12T07:10:35.790+0000] {dag.py:4180} INFO - Setting next_dagrun for example_display_name to None, run_after=None
[2024-10-12T07:10:35.823+0000] {processor.py:208} INFO - Processing /home/vboxuser/airflow_venv/lib/python3.12/site-packages/airflow/example_dags/example_display_name.py took 0.094 seconds
[2024-10-12T07:11:39.866+0000] {processor.py:186} INFO - Started process (PID=11460) to work on /home/vboxuser/airflow_venv/lib/python3.12/site-packages/airflow/example_dags/example_display_name.py
[2024-10-12T07:11:39.871+0000] {processor.py:914} INFO - Processing file /home/vboxuser/airflow_venv/lib/python3.12/site-packages/airflow/example_dags/example_display_name.py for tasks to queue
[2024-10-12T07:11:39.875+0000] {logging_mixin.py:190} INFO - [2024-10-12T07:11:39.874+0000] {dagbag.py:588} INFO - Filling up the DagBag from /home/vboxuser/airflow_venv/lib/python3.12/site-packages/airflow/example_dags/example_display_name.py
[2024-10-12T07:11:39.890+0000] {processor.py:925} INFO - DAG(s) 'example_display_name' retrieved from /home/vboxuser/airflow_venv/lib/python3.12/site-packages/airflow/example_dags/example_display_name.py
[2024-10-12T07:11:39.913+0000] {logging_mixin.py:190} INFO - [2024-10-12T07:11:39.912+0000] {dag.py:3239} INFO - Sync 1 DAGs
[2024-10-12T07:11:39.928+0000] {logging_mixin.py:190} INFO - [2024-10-12T07:11:39.928+0000] {dag.py:4180} INFO - Setting next_dagrun for example_display_name to None, run_after=None
[2024-10-12T07:11:39.972+0000] {processor.py:208} INFO - Processing /home/vboxuser/airflow_venv/lib/python3.12/site-packages/airflow/example_dags/example_display_name.py took 0.117 seconds
[2024-10-12T07:12:41.794+0000] {processor.py:186} INFO - Started process (PID=11517) to work on /home/vboxuser/airflow_venv/lib/python3.12/site-packages/airflow/example_dags/example_display_name.py
[2024-10-12T07:12:41.799+0000] {processor.py:914} INFO - Processing file /home/vboxuser/airflow_venv/lib/python3.12/site-packages/airflow/example_dags/example_display_name.py for tasks to queue
[2024-10-12T07:12:41.802+0000] {logging_mixin.py:190} INFO - [2024-10-12T07:12:41.801+0000] {dagbag.py:588} INFO - Filling up the DagBag from /home/vboxuser/airflow_venv/lib/python3.12/site-packages/airflow/example_dags/example_display_name.py
[2024-10-12T07:12:41.812+0000] {processor.py:925} INFO - DAG(s) 'example_display_name' retrieved from /home/vboxuser/airflow_venv/lib/python3.12/site-packages/airflow/example_dags/example_display_name.py
[2024-10-12T07:12:41.832+0000] {logging_mixin.py:190} INFO - [2024-10-12T07:12:41.832+0000] {dag.py:3239} INFO - Sync 1 DAGs
[2024-10-12T07:12:41.845+0000] {logging_mixin.py:190} INFO - [2024-10-12T07:12:41.844+0000] {dag.py:4180} INFO - Setting next_dagrun for example_display_name to None, run_after=None
[2024-10-12T07:12:41.876+0000] {processor.py:208} INFO - Processing /home/vboxuser/airflow_venv/lib/python3.12/site-packages/airflow/example_dags/example_display_name.py took 0.089 seconds
[2024-10-12T07:13:46.166+0000] {processor.py:186} INFO - Started process (PID=11653) to work on /home/vboxuser/airflow_venv/lib/python3.12/site-packages/airflow/example_dags/example_display_name.py
[2024-10-12T07:13:46.168+0000] {processor.py:914} INFO - Processing file /home/vboxuser/airflow_venv/lib/python3.12/site-packages/airflow/example_dags/example_display_name.py for tasks to queue
[2024-10-12T07:13:46.170+0000] {logging_mixin.py:190} INFO - [2024-10-12T07:13:46.170+0000] {dagbag.py:588} INFO - Filling up the DagBag from /home/vboxuser/airflow_venv/lib/python3.12/site-packages/airflow/example_dags/example_display_name.py
[2024-10-12T07:13:46.180+0000] {processor.py:925} INFO - DAG(s) 'example_display_name' retrieved from /home/vboxuser/airflow_venv/lib/python3.12/site-packages/airflow/example_dags/example_display_name.py
[2024-10-12T07:13:46.199+0000] {logging_mixin.py:190} INFO - [2024-10-12T07:13:46.199+0000] {dag.py:3239} INFO - Sync 1 DAGs
[2024-10-12T07:13:46.212+0000] {logging_mixin.py:190} INFO - [2024-10-12T07:13:46.212+0000] {dag.py:4180} INFO - Setting next_dagrun for example_display_name to None, run_after=None
[2024-10-12T07:13:46.245+0000] {processor.py:208} INFO - Processing /home/vboxuser/airflow_venv/lib/python3.12/site-packages/airflow/example_dags/example_display_name.py took 0.091 seconds
[2024-10-12T07:14:53.146+0000] {processor.py:186} INFO - Started process (PID=11718) to work on /home/vboxuser/airflow_venv/lib/python3.12/site-packages/airflow/example_dags/example_display_name.py
[2024-10-12T07:14:53.148+0000] {processor.py:914} INFO - Processing file /home/vboxuser/airflow_venv/lib/python3.12/site-packages/airflow/example_dags/example_display_name.py for tasks to queue
[2024-10-12T07:14:53.152+0000] {logging_mixin.py:190} INFO - [2024-10-12T07:14:53.151+0000] {dagbag.py:588} INFO - Filling up the DagBag from /home/vboxuser/airflow_venv/lib/python3.12/site-packages/airflow/example_dags/example_display_name.py
[2024-10-12T07:14:53.165+0000] {processor.py:925} INFO - DAG(s) 'example_display_name' retrieved from /home/vboxuser/airflow_venv/lib/python3.12/site-packages/airflow/example_dags/example_display_name.py
[2024-10-12T07:14:53.183+0000] {logging_mixin.py:190} INFO - [2024-10-12T07:14:53.182+0000] {dag.py:3239} INFO - Sync 1 DAGs
[2024-10-12T07:14:53.197+0000] {logging_mixin.py:190} INFO - [2024-10-12T07:14:53.196+0000] {dag.py:4180} INFO - Setting next_dagrun for example_display_name to None, run_after=None
[2024-10-12T07:14:53.360+0000] {processor.py:208} INFO - Processing /home/vboxuser/airflow_venv/lib/python3.12/site-packages/airflow/example_dags/example_display_name.py took 0.226 seconds
[2024-10-12T07:16:09.519+0000] {processor.py:186} INFO - Started process (PID=11795) to work on /home/vboxuser/airflow_venv/lib/python3.12/site-packages/airflow/example_dags/example_display_name.py
[2024-10-12T07:16:09.524+0000] {processor.py:914} INFO - Processing file /home/vboxuser/airflow_venv/lib/python3.12/site-packages/airflow/example_dags/example_display_name.py for tasks to queue
[2024-10-12T07:16:09.526+0000] {logging_mixin.py:190} INFO - [2024-10-12T07:16:09.526+0000] {dagbag.py:588} INFO - Filling up the DagBag from /home/vboxuser/airflow_venv/lib/python3.12/site-packages/airflow/example_dags/example_display_name.py
[2024-10-12T07:16:09.538+0000] {processor.py:925} INFO - DAG(s) 'example_display_name' retrieved from /home/vboxuser/airflow_venv/lib/python3.12/site-packages/airflow/example_dags/example_display_name.py
[2024-10-12T07:16:09.561+0000] {logging_mixin.py:190} INFO - [2024-10-12T07:16:09.561+0000] {dag.py:3239} INFO - Sync 1 DAGs
[2024-10-12T07:16:09.576+0000] {logging_mixin.py:190} INFO - [2024-10-12T07:16:09.576+0000] {dag.py:4180} INFO - Setting next_dagrun for example_display_name to None, run_after=None
[2024-10-12T07:16:09.608+0000] {processor.py:208} INFO - Processing /home/vboxuser/airflow_venv/lib/python3.12/site-packages/airflow/example_dags/example_display_name.py took 0.096 seconds
[2024-10-12T07:17:09.605+0000] {processor.py:186} INFO - Started process (PID=11855) to work on /home/vboxuser/airflow_venv/lib/python3.12/site-packages/airflow/example_dags/example_display_name.py
[2024-10-12T07:17:09.607+0000] {processor.py:914} INFO - Processing file /home/vboxuser/airflow_venv/lib/python3.12/site-packages/airflow/example_dags/example_display_name.py for tasks to queue
[2024-10-12T07:17:09.610+0000] {logging_mixin.py:190} INFO - [2024-10-12T07:17:09.610+0000] {dagbag.py:588} INFO - Filling up the DagBag from /home/vboxuser/airflow_venv/lib/python3.12/site-packages/airflow/example_dags/example_display_name.py
[2024-10-12T07:17:09.621+0000] {processor.py:925} INFO - DAG(s) 'example_display_name' retrieved from /home/vboxuser/airflow_venv/lib/python3.12/site-packages/airflow/example_dags/example_display_name.py
[2024-10-12T07:17:09.639+0000] {logging_mixin.py:190} INFO - [2024-10-12T07:17:09.638+0000] {dag.py:3239} INFO - Sync 1 DAGs
[2024-10-12T07:17:09.655+0000] {logging_mixin.py:190} INFO - [2024-10-12T07:17:09.654+0000] {dag.py:4180} INFO - Setting next_dagrun for example_display_name to None, run_after=None
[2024-10-12T07:17:09.692+0000] {processor.py:208} INFO - Processing /home/vboxuser/airflow_venv/lib/python3.12/site-packages/airflow/example_dags/example_display_name.py took 0.096 seconds
[2024-10-12T07:18:15.132+0000] {processor.py:186} INFO - Started process (PID=11914) to work on /home/vboxuser/airflow_venv/lib/python3.12/site-packages/airflow/example_dags/example_display_name.py
[2024-10-12T07:18:15.136+0000] {processor.py:914} INFO - Processing file /home/vboxuser/airflow_venv/lib/python3.12/site-packages/airflow/example_dags/example_display_name.py for tasks to queue
[2024-10-12T07:18:15.140+0000] {logging_mixin.py:190} INFO - [2024-10-12T07:18:15.140+0000] {dagbag.py:588} INFO - Filling up the DagBag from /home/vboxuser/airflow_venv/lib/python3.12/site-packages/airflow/example_dags/example_display_name.py
[2024-10-12T07:18:15.154+0000] {processor.py:925} INFO - DAG(s) 'example_display_name' retrieved from /home/vboxuser/airflow_venv/lib/python3.12/site-packages/airflow/example_dags/example_display_name.py
[2024-10-12T07:18:15.171+0000] {logging_mixin.py:190} INFO - [2024-10-12T07:18:15.171+0000] {dag.py:3239} INFO - Sync 1 DAGs
[2024-10-12T07:18:15.186+0000] {logging_mixin.py:190} INFO - [2024-10-12T07:18:15.186+0000] {dag.py:4180} INFO - Setting next_dagrun for example_display_name to None, run_after=None
[2024-10-12T07:18:15.219+0000] {processor.py:208} INFO - Processing /home/vboxuser/airflow_venv/lib/python3.12/site-packages/airflow/example_dags/example_display_name.py took 0.099 seconds
[2024-10-12T07:19:16.499+0000] {processor.py:186} INFO - Started process (PID=11971) to work on /home/vboxuser/airflow_venv/lib/python3.12/site-packages/airflow/example_dags/example_display_name.py
[2024-10-12T07:19:16.505+0000] {processor.py:914} INFO - Processing file /home/vboxuser/airflow_venv/lib/python3.12/site-packages/airflow/example_dags/example_display_name.py for tasks to queue
[2024-10-12T07:19:16.507+0000] {logging_mixin.py:190} INFO - [2024-10-12T07:19:16.507+0000] {dagbag.py:588} INFO - Filling up the DagBag from /home/vboxuser/airflow_venv/lib/python3.12/site-packages/airflow/example_dags/example_display_name.py
[2024-10-12T07:19:16.523+0000] {processor.py:925} INFO - DAG(s) 'example_display_name' retrieved from /home/vboxuser/airflow_venv/lib/python3.12/site-packages/airflow/example_dags/example_display_name.py
[2024-10-12T07:19:16.545+0000] {logging_mixin.py:190} INFO - [2024-10-12T07:19:16.545+0000] {dag.py:3239} INFO - Sync 1 DAGs
[2024-10-12T07:19:16.561+0000] {logging_mixin.py:190} INFO - [2024-10-12T07:19:16.561+0000] {dag.py:4180} INFO - Setting next_dagrun for example_display_name to None, run_after=None
[2024-10-12T07:19:16.598+0000] {processor.py:208} INFO - Processing /home/vboxuser/airflow_venv/lib/python3.12/site-packages/airflow/example_dags/example_display_name.py took 0.108 seconds
[2024-10-12T07:20:22.174+0000] {processor.py:186} INFO - Started process (PID=12034) to work on /home/vboxuser/airflow_venv/lib/python3.12/site-packages/airflow/example_dags/example_display_name.py
[2024-10-12T07:20:22.181+0000] {processor.py:914} INFO - Processing file /home/vboxuser/airflow_venv/lib/python3.12/site-packages/airflow/example_dags/example_display_name.py for tasks to queue
[2024-10-12T07:20:22.184+0000] {logging_mixin.py:190} INFO - [2024-10-12T07:20:22.183+0000] {dagbag.py:588} INFO - Filling up the DagBag from /home/vboxuser/airflow_venv/lib/python3.12/site-packages/airflow/example_dags/example_display_name.py
[2024-10-12T07:20:22.193+0000] {processor.py:925} INFO - DAG(s) 'example_display_name' retrieved from /home/vboxuser/airflow_venv/lib/python3.12/site-packages/airflow/example_dags/example_display_name.py
[2024-10-12T07:20:22.209+0000] {logging_mixin.py:190} INFO - [2024-10-12T07:20:22.209+0000] {dag.py:3239} INFO - Sync 1 DAGs
[2024-10-12T07:20:22.222+0000] {logging_mixin.py:190} INFO - [2024-10-12T07:20:22.222+0000] {dag.py:4180} INFO - Setting next_dagrun for example_display_name to None, run_after=None
[2024-10-12T07:20:22.257+0000] {processor.py:208} INFO - Processing /home/vboxuser/airflow_venv/lib/python3.12/site-packages/airflow/example_dags/example_display_name.py took 0.091 seconds
[2024-10-12T07:21:28.257+0000] {processor.py:186} INFO - Started process (PID=12096) to work on /home/vboxuser/airflow_venv/lib/python3.12/site-packages/airflow/example_dags/example_display_name.py
[2024-10-12T07:21:28.258+0000] {processor.py:914} INFO - Processing file /home/vboxuser/airflow_venv/lib/python3.12/site-packages/airflow/example_dags/example_display_name.py for tasks to queue
[2024-10-12T07:21:28.261+0000] {logging_mixin.py:190} INFO - [2024-10-12T07:21:28.261+0000] {dagbag.py:588} INFO - Filling up the DagBag from /home/vboxuser/airflow_venv/lib/python3.12/site-packages/airflow/example_dags/example_display_name.py
[2024-10-12T07:21:28.273+0000] {processor.py:925} INFO - DAG(s) 'example_display_name' retrieved from /home/vboxuser/airflow_venv/lib/python3.12/site-packages/airflow/example_dags/example_display_name.py
[2024-10-12T07:21:28.292+0000] {logging_mixin.py:190} INFO - [2024-10-12T07:21:28.292+0000] {dag.py:3239} INFO - Sync 1 DAGs
[2024-10-12T07:21:28.306+0000] {logging_mixin.py:190} INFO - [2024-10-12T07:21:28.305+0000] {dag.py:4180} INFO - Setting next_dagrun for example_display_name to None, run_after=None
[2024-10-12T07:21:28.345+0000] {processor.py:208} INFO - Processing /home/vboxuser/airflow_venv/lib/python3.12/site-packages/airflow/example_dags/example_display_name.py took 0.095 seconds
[2024-10-12T07:22:33.267+0000] {processor.py:186} INFO - Started process (PID=12155) to work on /home/vboxuser/airflow_venv/lib/python3.12/site-packages/airflow/example_dags/example_display_name.py
[2024-10-12T07:22:33.273+0000] {processor.py:914} INFO - Processing file /home/vboxuser/airflow_venv/lib/python3.12/site-packages/airflow/example_dags/example_display_name.py for tasks to queue
[2024-10-12T07:22:33.276+0000] {logging_mixin.py:190} INFO - [2024-10-12T07:22:33.275+0000] {dagbag.py:588} INFO - Filling up the DagBag from /home/vboxuser/airflow_venv/lib/python3.12/site-packages/airflow/example_dags/example_display_name.py
[2024-10-12T07:22:33.287+0000] {processor.py:925} INFO - DAG(s) 'example_display_name' retrieved from /home/vboxuser/airflow_venv/lib/python3.12/site-packages/airflow/example_dags/example_display_name.py
[2024-10-12T07:22:33.316+0000] {logging_mixin.py:190} INFO - [2024-10-12T07:22:33.315+0000] {dag.py:3239} INFO - Sync 1 DAGs
[2024-10-12T07:22:33.334+0000] {logging_mixin.py:190} INFO - [2024-10-12T07:22:33.334+0000] {dag.py:4180} INFO - Setting next_dagrun for example_display_name to None, run_after=None
[2024-10-12T07:22:33.378+0000] {processor.py:208} INFO - Processing /home/vboxuser/airflow_venv/lib/python3.12/site-packages/airflow/example_dags/example_display_name.py took 0.119 seconds
[2024-10-12T07:23:46.851+0000] {processor.py:186} INFO - Started process (PID=12217) to work on /home/vboxuser/airflow_venv/lib/python3.12/site-packages/airflow/example_dags/example_display_name.py
[2024-10-12T07:23:46.853+0000] {processor.py:914} INFO - Processing file /home/vboxuser/airflow_venv/lib/python3.12/site-packages/airflow/example_dags/example_display_name.py for tasks to queue
[2024-10-12T07:23:46.857+0000] {logging_mixin.py:190} INFO - [2024-10-12T07:23:46.856+0000] {dagbag.py:588} INFO - Filling up the DagBag from /home/vboxuser/airflow_venv/lib/python3.12/site-packages/airflow/example_dags/example_display_name.py
[2024-10-12T07:23:46.867+0000] {processor.py:925} INFO - DAG(s) 'example_display_name' retrieved from /home/vboxuser/airflow_venv/lib/python3.12/site-packages/airflow/example_dags/example_display_name.py
[2024-10-12T07:23:46.887+0000] {logging_mixin.py:190} INFO - [2024-10-12T07:23:46.886+0000] {dag.py:3239} INFO - Sync 1 DAGs
[2024-10-12T07:23:46.902+0000] {logging_mixin.py:190} INFO - [2024-10-12T07:23:46.901+0000] {dag.py:4180} INFO - Setting next_dagrun for example_display_name to None, run_after=None
[2024-10-12T07:23:46.940+0000] {processor.py:208} INFO - Processing /home/vboxuser/airflow_venv/lib/python3.12/site-packages/airflow/example_dags/example_display_name.py took 0.096 seconds
[2024-10-12T07:24:54.322+0000] {processor.py:186} INFO - Started process (PID=12278) to work on /home/vboxuser/airflow_venv/lib/python3.12/site-packages/airflow/example_dags/example_display_name.py
[2024-10-12T07:24:54.324+0000] {processor.py:914} INFO - Processing file /home/vboxuser/airflow_venv/lib/python3.12/site-packages/airflow/example_dags/example_display_name.py for tasks to queue
[2024-10-12T07:24:54.328+0000] {logging_mixin.py:190} INFO - [2024-10-12T07:24:54.327+0000] {dagbag.py:588} INFO - Filling up the DagBag from /home/vboxuser/airflow_venv/lib/python3.12/site-packages/airflow/example_dags/example_display_name.py
[2024-10-12T07:24:54.339+0000] {processor.py:925} INFO - DAG(s) 'example_display_name' retrieved from /home/vboxuser/airflow_venv/lib/python3.12/site-packages/airflow/example_dags/example_display_name.py
[2024-10-12T07:24:54.369+0000] {logging_mixin.py:190} INFO - [2024-10-12T07:24:54.369+0000] {dag.py:3239} INFO - Sync 1 DAGs
[2024-10-12T07:24:54.385+0000] {logging_mixin.py:190} INFO - [2024-10-12T07:24:54.385+0000] {dag.py:4180} INFO - Setting next_dagrun for example_display_name to None, run_after=None
[2024-10-12T07:24:54.420+0000] {processor.py:208} INFO - Processing /home/vboxuser/airflow_venv/lib/python3.12/site-packages/airflow/example_dags/example_display_name.py took 0.108 seconds
[2024-10-12T07:26:02.143+0000] {processor.py:186} INFO - Started process (PID=12343) to work on /home/vboxuser/airflow_venv/lib/python3.12/site-packages/airflow/example_dags/example_display_name.py
[2024-10-12T07:26:02.146+0000] {processor.py:914} INFO - Processing file /home/vboxuser/airflow_venv/lib/python3.12/site-packages/airflow/example_dags/example_display_name.py for tasks to queue
[2024-10-12T07:26:02.150+0000] {logging_mixin.py:190} INFO - [2024-10-12T07:26:02.149+0000] {dagbag.py:588} INFO - Filling up the DagBag from /home/vboxuser/airflow_venv/lib/python3.12/site-packages/airflow/example_dags/example_display_name.py
[2024-10-12T07:26:02.161+0000] {processor.py:925} INFO - DAG(s) 'example_display_name' retrieved from /home/vboxuser/airflow_venv/lib/python3.12/site-packages/airflow/example_dags/example_display_name.py
[2024-10-12T07:26:02.182+0000] {logging_mixin.py:190} INFO - [2024-10-12T07:26:02.182+0000] {dag.py:3239} INFO - Sync 1 DAGs
[2024-10-12T07:26:02.199+0000] {logging_mixin.py:190} INFO - [2024-10-12T07:26:02.199+0000] {dag.py:4180} INFO - Setting next_dagrun for example_display_name to None, run_after=None
[2024-10-12T07:26:02.233+0000] {processor.py:208} INFO - Processing /home/vboxuser/airflow_venv/lib/python3.12/site-packages/airflow/example_dags/example_display_name.py took 0.099 seconds
[2024-10-12T07:27:14.246+0000] {processor.py:186} INFO - Started process (PID=12406) to work on /home/vboxuser/airflow_venv/lib/python3.12/site-packages/airflow/example_dags/example_display_name.py
[2024-10-12T07:27:14.247+0000] {processor.py:914} INFO - Processing file /home/vboxuser/airflow_venv/lib/python3.12/site-packages/airflow/example_dags/example_display_name.py for tasks to queue
[2024-10-12T07:27:14.251+0000] {logging_mixin.py:190} INFO - [2024-10-12T07:27:14.250+0000] {dagbag.py:588} INFO - Filling up the DagBag from /home/vboxuser/airflow_venv/lib/python3.12/site-packages/airflow/example_dags/example_display_name.py
[2024-10-12T07:27:14.265+0000] {processor.py:925} INFO - DAG(s) 'example_display_name' retrieved from /home/vboxuser/airflow_venv/lib/python3.12/site-packages/airflow/example_dags/example_display_name.py
[2024-10-12T07:27:14.291+0000] {logging_mixin.py:190} INFO - [2024-10-12T07:27:14.291+0000] {dag.py:3239} INFO - Sync 1 DAGs
[2024-10-12T07:27:14.311+0000] {logging_mixin.py:190} INFO - [2024-10-12T07:27:14.311+0000] {dag.py:4180} INFO - Setting next_dagrun for example_display_name to None, run_after=None
[2024-10-12T07:27:14.350+0000] {processor.py:208} INFO - Processing /home/vboxuser/airflow_venv/lib/python3.12/site-packages/airflow/example_dags/example_display_name.py took 0.111 seconds
[2024-10-12T07:28:28.557+0000] {processor.py:186} INFO - Started process (PID=12469) to work on /home/vboxuser/airflow_venv/lib/python3.12/site-packages/airflow/example_dags/example_display_name.py
[2024-10-12T07:28:28.559+0000] {processor.py:914} INFO - Processing file /home/vboxuser/airflow_venv/lib/python3.12/site-packages/airflow/example_dags/example_display_name.py for tasks to queue
[2024-10-12T07:28:28.562+0000] {logging_mixin.py:190} INFO - [2024-10-12T07:28:28.562+0000] {dagbag.py:588} INFO - Filling up the DagBag from /home/vboxuser/airflow_venv/lib/python3.12/site-packages/airflow/example_dags/example_display_name.py
[2024-10-12T07:28:28.572+0000] {processor.py:925} INFO - DAG(s) 'example_display_name' retrieved from /home/vboxuser/airflow_venv/lib/python3.12/site-packages/airflow/example_dags/example_display_name.py
[2024-10-12T07:28:28.591+0000] {logging_mixin.py:190} INFO - [2024-10-12T07:28:28.591+0000] {dag.py:3239} INFO - Sync 1 DAGs
[2024-10-12T07:28:28.607+0000] {logging_mixin.py:190} INFO - [2024-10-12T07:28:28.607+0000] {dag.py:4180} INFO - Setting next_dagrun for example_display_name to None, run_after=None
[2024-10-12T07:28:28.643+0000] {processor.py:208} INFO - Processing /home/vboxuser/airflow_venv/lib/python3.12/site-packages/airflow/example_dags/example_display_name.py took 0.095 seconds
[2024-10-12T07:29:30.107+0000] {processor.py:186} INFO - Started process (PID=12525) to work on /home/vboxuser/airflow_venv/lib/python3.12/site-packages/airflow/example_dags/example_display_name.py
[2024-10-12T07:29:30.110+0000] {processor.py:914} INFO - Processing file /home/vboxuser/airflow_venv/lib/python3.12/site-packages/airflow/example_dags/example_display_name.py for tasks to queue
[2024-10-12T07:29:30.113+0000] {logging_mixin.py:190} INFO - [2024-10-12T07:29:30.113+0000] {dagbag.py:588} INFO - Filling up the DagBag from /home/vboxuser/airflow_venv/lib/python3.12/site-packages/airflow/example_dags/example_display_name.py
[2024-10-12T07:29:30.127+0000] {processor.py:925} INFO - DAG(s) 'example_display_name' retrieved from /home/vboxuser/airflow_venv/lib/python3.12/site-packages/airflow/example_dags/example_display_name.py
[2024-10-12T07:29:30.152+0000] {logging_mixin.py:190} INFO - [2024-10-12T07:29:30.151+0000] {dag.py:3239} INFO - Sync 1 DAGs
[2024-10-12T07:29:30.171+0000] {logging_mixin.py:190} INFO - [2024-10-12T07:29:30.169+0000] {dag.py:4180} INFO - Setting next_dagrun for example_display_name to None, run_after=None
[2024-10-12T07:29:30.212+0000] {processor.py:208} INFO - Processing /home/vboxuser/airflow_venv/lib/python3.12/site-packages/airflow/example_dags/example_display_name.py took 0.114 seconds
[2024-10-12T07:30:43.237+0000] {processor.py:186} INFO - Started process (PID=12609) to work on /home/vboxuser/airflow_venv/lib/python3.12/site-packages/airflow/example_dags/example_display_name.py
[2024-10-12T07:30:43.240+0000] {processor.py:914} INFO - Processing file /home/vboxuser/airflow_venv/lib/python3.12/site-packages/airflow/example_dags/example_display_name.py for tasks to queue
[2024-10-12T07:30:43.243+0000] {logging_mixin.py:190} INFO - [2024-10-12T07:30:43.242+0000] {dagbag.py:588} INFO - Filling up the DagBag from /home/vboxuser/airflow_venv/lib/python3.12/site-packages/airflow/example_dags/example_display_name.py
[2024-10-12T07:30:43.253+0000] {processor.py:925} INFO - DAG(s) 'example_display_name' retrieved from /home/vboxuser/airflow_venv/lib/python3.12/site-packages/airflow/example_dags/example_display_name.py
[2024-10-12T07:30:43.270+0000] {logging_mixin.py:190} INFO - [2024-10-12T07:30:43.270+0000] {dag.py:3239} INFO - Sync 1 DAGs
[2024-10-12T07:30:43.285+0000] {logging_mixin.py:190} INFO - [2024-10-12T07:30:43.285+0000] {dag.py:4180} INFO - Setting next_dagrun for example_display_name to None, run_after=None
[2024-10-12T07:30:43.318+0000] {processor.py:208} INFO - Processing /home/vboxuser/airflow_venv/lib/python3.12/site-packages/airflow/example_dags/example_display_name.py took 0.088 seconds
[2024-10-12T07:31:51.742+0000] {processor.py:186} INFO - Started process (PID=12679) to work on /home/vboxuser/airflow_venv/lib/python3.12/site-packages/airflow/example_dags/example_display_name.py
[2024-10-12T07:31:51.744+0000] {processor.py:914} INFO - Processing file /home/vboxuser/airflow_venv/lib/python3.12/site-packages/airflow/example_dags/example_display_name.py for tasks to queue
[2024-10-12T07:31:51.748+0000] {logging_mixin.py:190} INFO - [2024-10-12T07:31:51.747+0000] {dagbag.py:588} INFO - Filling up the DagBag from /home/vboxuser/airflow_venv/lib/python3.12/site-packages/airflow/example_dags/example_display_name.py
[2024-10-12T07:31:51.759+0000] {processor.py:925} INFO - DAG(s) 'example_display_name' retrieved from /home/vboxuser/airflow_venv/lib/python3.12/site-packages/airflow/example_dags/example_display_name.py
[2024-10-12T07:31:51.779+0000] {logging_mixin.py:190} INFO - [2024-10-12T07:31:51.779+0000] {dag.py:3239} INFO - Sync 1 DAGs
[2024-10-12T07:31:51.800+0000] {logging_mixin.py:190} INFO - [2024-10-12T07:31:51.799+0000] {dag.py:4180} INFO - Setting next_dagrun for example_display_name to None, run_after=None
[2024-10-12T07:31:51.844+0000] {processor.py:208} INFO - Processing /home/vboxuser/airflow_venv/lib/python3.12/site-packages/airflow/example_dags/example_display_name.py took 0.110 seconds
[2024-10-12T07:32:55.003+0000] {processor.py:186} INFO - Started process (PID=12737) to work on /home/vboxuser/airflow_venv/lib/python3.12/site-packages/airflow/example_dags/example_display_name.py
[2024-10-12T07:32:55.005+0000] {processor.py:914} INFO - Processing file /home/vboxuser/airflow_venv/lib/python3.12/site-packages/airflow/example_dags/example_display_name.py for tasks to queue
[2024-10-12T07:32:55.009+0000] {logging_mixin.py:190} INFO - [2024-10-12T07:32:55.009+0000] {dagbag.py:588} INFO - Filling up the DagBag from /home/vboxuser/airflow_venv/lib/python3.12/site-packages/airflow/example_dags/example_display_name.py
[2024-10-12T07:32:55.025+0000] {processor.py:925} INFO - DAG(s) 'example_display_name' retrieved from /home/vboxuser/airflow_venv/lib/python3.12/site-packages/airflow/example_dags/example_display_name.py
[2024-10-12T07:32:55.053+0000] {logging_mixin.py:190} INFO - [2024-10-12T07:32:55.052+0000] {dag.py:3239} INFO - Sync 1 DAGs
[2024-10-12T07:32:55.065+0000] {logging_mixin.py:190} INFO - [2024-10-12T07:32:55.065+0000] {dag.py:4180} INFO - Setting next_dagrun for example_display_name to None, run_after=None
[2024-10-12T07:32:55.100+0000] {processor.py:208} INFO - Processing /home/vboxuser/airflow_venv/lib/python3.12/site-packages/airflow/example_dags/example_display_name.py took 0.106 seconds
[2024-10-12T07:33:59.221+0000] {processor.py:186} INFO - Started process (PID=12796) to work on /home/vboxuser/airflow_venv/lib/python3.12/site-packages/airflow/example_dags/example_display_name.py
[2024-10-12T07:33:59.224+0000] {processor.py:914} INFO - Processing file /home/vboxuser/airflow_venv/lib/python3.12/site-packages/airflow/example_dags/example_display_name.py for tasks to queue
[2024-10-12T07:33:59.227+0000] {logging_mixin.py:190} INFO - [2024-10-12T07:33:59.227+0000] {dagbag.py:588} INFO - Filling up the DagBag from /home/vboxuser/airflow_venv/lib/python3.12/site-packages/airflow/example_dags/example_display_name.py
[2024-10-12T07:33:59.240+0000] {processor.py:925} INFO - DAG(s) 'example_display_name' retrieved from /home/vboxuser/airflow_venv/lib/python3.12/site-packages/airflow/example_dags/example_display_name.py
[2024-10-12T07:33:59.263+0000] {logging_mixin.py:190} INFO - [2024-10-12T07:33:59.262+0000] {dag.py:3239} INFO - Sync 1 DAGs
[2024-10-12T07:33:59.279+0000] {logging_mixin.py:190} INFO - [2024-10-12T07:33:59.279+0000] {dag.py:4180} INFO - Setting next_dagrun for example_display_name to None, run_after=None
[2024-10-12T07:33:59.311+0000] {processor.py:208} INFO - Processing /home/vboxuser/airflow_venv/lib/python3.12/site-packages/airflow/example_dags/example_display_name.py took 0.100 seconds
[2024-10-12T07:34:58.608+0000] {processor.py:186} INFO - Started process (PID=12864) to work on /home/vboxuser/airflow_venv/lib/python3.12/site-packages/airflow/example_dags/example_display_name.py
[2024-10-12T07:34:58.611+0000] {processor.py:914} INFO - Processing file /home/vboxuser/airflow_venv/lib/python3.12/site-packages/airflow/example_dags/example_display_name.py for tasks to queue
[2024-10-12T07:34:58.614+0000] {logging_mixin.py:190} INFO - [2024-10-12T07:34:58.613+0000] {dagbag.py:588} INFO - Filling up the DagBag from /home/vboxuser/airflow_venv/lib/python3.12/site-packages/airflow/example_dags/example_display_name.py
[2024-10-12T07:34:58.626+0000] {processor.py:925} INFO - DAG(s) 'example_display_name' retrieved from /home/vboxuser/airflow_venv/lib/python3.12/site-packages/airflow/example_dags/example_display_name.py
[2024-10-12T07:34:58.656+0000] {logging_mixin.py:190} INFO - [2024-10-12T07:34:58.655+0000] {dag.py:3239} INFO - Sync 1 DAGs
[2024-10-12T07:34:58.679+0000] {logging_mixin.py:190} INFO - [2024-10-12T07:34:58.679+0000] {dag.py:4180} INFO - Setting next_dagrun for example_display_name to None, run_after=None
[2024-10-12T07:34:58.723+0000] {processor.py:208} INFO - Processing /home/vboxuser/airflow_venv/lib/python3.12/site-packages/airflow/example_dags/example_display_name.py took 0.124 seconds
[2024-10-12T07:47:42.062+0000] {processor.py:186} INFO - Started process (PID=12940) to work on /home/vboxuser/airflow_venv/lib/python3.12/site-packages/airflow/example_dags/example_display_name.py
[2024-10-12T07:47:42.067+0000] {processor.py:914} INFO - Processing file /home/vboxuser/airflow_venv/lib/python3.12/site-packages/airflow/example_dags/example_display_name.py for tasks to queue
[2024-10-12T07:47:42.071+0000] {logging_mixin.py:190} INFO - [2024-10-12T07:47:42.070+0000] {dagbag.py:588} INFO - Filling up the DagBag from /home/vboxuser/airflow_venv/lib/python3.12/site-packages/airflow/example_dags/example_display_name.py
[2024-10-12T07:47:42.087+0000] {processor.py:925} INFO - DAG(s) 'example_display_name' retrieved from /home/vboxuser/airflow_venv/lib/python3.12/site-packages/airflow/example_dags/example_display_name.py
[2024-10-12T07:47:42.114+0000] {logging_mixin.py:190} INFO - [2024-10-12T07:47:42.113+0000] {dag.py:3239} INFO - Sync 1 DAGs
[2024-10-12T07:47:42.133+0000] {logging_mixin.py:190} INFO - [2024-10-12T07:47:42.133+0000] {dag.py:4180} INFO - Setting next_dagrun for example_display_name to None, run_after=None
[2024-10-12T07:47:42.181+0000] {processor.py:208} INFO - Processing /home/vboxuser/airflow_venv/lib/python3.12/site-packages/airflow/example_dags/example_display_name.py took 0.130 seconds
[2024-10-12T07:48:51.846+0000] {processor.py:186} INFO - Started process (PID=13001) to work on /home/vboxuser/airflow_venv/lib/python3.12/site-packages/airflow/example_dags/example_display_name.py
[2024-10-12T07:48:51.851+0000] {processor.py:914} INFO - Processing file /home/vboxuser/airflow_venv/lib/python3.12/site-packages/airflow/example_dags/example_display_name.py for tasks to queue
[2024-10-12T07:48:51.857+0000] {logging_mixin.py:190} INFO - [2024-10-12T07:48:51.856+0000] {dagbag.py:588} INFO - Filling up the DagBag from /home/vboxuser/airflow_venv/lib/python3.12/site-packages/airflow/example_dags/example_display_name.py
[2024-10-12T07:48:51.871+0000] {processor.py:925} INFO - DAG(s) 'example_display_name' retrieved from /home/vboxuser/airflow_venv/lib/python3.12/site-packages/airflow/example_dags/example_display_name.py
[2024-10-12T07:48:51.897+0000] {logging_mixin.py:190} INFO - [2024-10-12T07:48:51.896+0000] {dag.py:3239} INFO - Sync 1 DAGs
[2024-10-12T07:48:51.921+0000] {logging_mixin.py:190} INFO - [2024-10-12T07:48:51.920+0000] {dag.py:4180} INFO - Setting next_dagrun for example_display_name to None, run_after=None
[2024-10-12T07:48:51.971+0000] {processor.py:208} INFO - Processing /home/vboxuser/airflow_venv/lib/python3.12/site-packages/airflow/example_dags/example_display_name.py took 0.138 seconds
[2024-10-12T07:50:00.116+0000] {processor.py:186} INFO - Started process (PID=13060) to work on /home/vboxuser/airflow_venv/lib/python3.12/site-packages/airflow/example_dags/example_display_name.py
[2024-10-12T07:50:00.121+0000] {processor.py:914} INFO - Processing file /home/vboxuser/airflow_venv/lib/python3.12/site-packages/airflow/example_dags/example_display_name.py for tasks to queue
[2024-10-12T07:50:00.128+0000] {logging_mixin.py:190} INFO - [2024-10-12T07:50:00.126+0000] {dagbag.py:588} INFO - Filling up the DagBag from /home/vboxuser/airflow_venv/lib/python3.12/site-packages/airflow/example_dags/example_display_name.py
[2024-10-12T07:50:00.144+0000] {processor.py:925} INFO - DAG(s) 'example_display_name' retrieved from /home/vboxuser/airflow_venv/lib/python3.12/site-packages/airflow/example_dags/example_display_name.py
[2024-10-12T07:50:00.167+0000] {logging_mixin.py:190} INFO - [2024-10-12T07:50:00.167+0000] {dag.py:3239} INFO - Sync 1 DAGs
[2024-10-12T07:50:00.184+0000] {logging_mixin.py:190} INFO - [2024-10-12T07:50:00.184+0000] {dag.py:4180} INFO - Setting next_dagrun for example_display_name to None, run_after=None
[2024-10-12T07:50:00.235+0000] {processor.py:208} INFO - Processing /home/vboxuser/airflow_venv/lib/python3.12/site-packages/airflow/example_dags/example_display_name.py took 0.136 seconds
[2024-10-12T07:51:08.930+0000] {processor.py:186} INFO - Started process (PID=13197) to work on /home/vboxuser/airflow_venv/lib/python3.12/site-packages/airflow/example_dags/example_display_name.py
[2024-10-12T07:51:08.935+0000] {processor.py:914} INFO - Processing file /home/vboxuser/airflow_venv/lib/python3.12/site-packages/airflow/example_dags/example_display_name.py for tasks to queue
[2024-10-12T07:51:08.941+0000] {logging_mixin.py:190} INFO - [2024-10-12T07:51:08.939+0000] {dagbag.py:588} INFO - Filling up the DagBag from /home/vboxuser/airflow_venv/lib/python3.12/site-packages/airflow/example_dags/example_display_name.py
[2024-10-12T07:51:08.959+0000] {processor.py:925} INFO - DAG(s) 'example_display_name' retrieved from /home/vboxuser/airflow_venv/lib/python3.12/site-packages/airflow/example_dags/example_display_name.py
[2024-10-12T07:51:08.992+0000] {logging_mixin.py:190} INFO - [2024-10-12T07:51:08.991+0000] {dag.py:3239} INFO - Sync 1 DAGs
[2024-10-12T07:51:09.018+0000] {logging_mixin.py:190} INFO - [2024-10-12T07:51:09.017+0000] {dag.py:4180} INFO - Setting next_dagrun for example_display_name to None, run_after=None
[2024-10-12T07:51:09.073+0000] {processor.py:208} INFO - Processing /home/vboxuser/airflow_venv/lib/python3.12/site-packages/airflow/example_dags/example_display_name.py took 0.160 seconds
[2024-10-12T07:52:20.831+0000] {processor.py:186} INFO - Started process (PID=13272) to work on /home/vboxuser/airflow_venv/lib/python3.12/site-packages/airflow/example_dags/example_display_name.py
[2024-10-12T07:52:20.837+0000] {processor.py:914} INFO - Processing file /home/vboxuser/airflow_venv/lib/python3.12/site-packages/airflow/example_dags/example_display_name.py for tasks to queue
[2024-10-12T07:52:20.840+0000] {logging_mixin.py:190} INFO - [2024-10-12T07:52:20.840+0000] {dagbag.py:588} INFO - Filling up the DagBag from /home/vboxuser/airflow_venv/lib/python3.12/site-packages/airflow/example_dags/example_display_name.py
[2024-10-12T07:52:20.850+0000] {processor.py:925} INFO - DAG(s) 'example_display_name' retrieved from /home/vboxuser/airflow_venv/lib/python3.12/site-packages/airflow/example_dags/example_display_name.py
[2024-10-12T07:52:20.869+0000] {logging_mixin.py:190} INFO - [2024-10-12T07:52:20.868+0000] {dag.py:3239} INFO - Sync 1 DAGs
[2024-10-12T07:52:20.882+0000] {logging_mixin.py:190} INFO - [2024-10-12T07:52:20.882+0000] {dag.py:4180} INFO - Setting next_dagrun for example_display_name to None, run_after=None
[2024-10-12T07:52:20.912+0000] {processor.py:208} INFO - Processing /home/vboxuser/airflow_venv/lib/python3.12/site-packages/airflow/example_dags/example_display_name.py took 0.091 seconds
[2024-10-12T07:53:27.748+0000] {processor.py:186} INFO - Started process (PID=13345) to work on /home/vboxuser/airflow_venv/lib/python3.12/site-packages/airflow/example_dags/example_display_name.py
[2024-10-12T07:53:27.753+0000] {processor.py:914} INFO - Processing file /home/vboxuser/airflow_venv/lib/python3.12/site-packages/airflow/example_dags/example_display_name.py for tasks to queue
[2024-10-12T07:53:27.758+0000] {logging_mixin.py:190} INFO - [2024-10-12T07:53:27.757+0000] {dagbag.py:588} INFO - Filling up the DagBag from /home/vboxuser/airflow_venv/lib/python3.12/site-packages/airflow/example_dags/example_display_name.py
[2024-10-12T07:53:27.773+0000] {processor.py:925} INFO - DAG(s) 'example_display_name' retrieved from /home/vboxuser/airflow_venv/lib/python3.12/site-packages/airflow/example_dags/example_display_name.py
[2024-10-12T07:53:27.804+0000] {logging_mixin.py:190} INFO - [2024-10-12T07:53:27.803+0000] {dag.py:3239} INFO - Sync 1 DAGs
[2024-10-12T07:53:27.826+0000] {logging_mixin.py:190} INFO - [2024-10-12T07:53:27.825+0000] {dag.py:4180} INFO - Setting next_dagrun for example_display_name to None, run_after=None
[2024-10-12T07:53:27.875+0000] {processor.py:208} INFO - Processing /home/vboxuser/airflow_venv/lib/python3.12/site-packages/airflow/example_dags/example_display_name.py took 0.139 seconds
[2024-10-12T07:54:27.569+0000] {processor.py:186} INFO - Started process (PID=13401) to work on /home/vboxuser/airflow_venv/lib/python3.12/site-packages/airflow/example_dags/example_display_name.py
[2024-10-12T07:54:27.575+0000] {processor.py:914} INFO - Processing file /home/vboxuser/airflow_venv/lib/python3.12/site-packages/airflow/example_dags/example_display_name.py for tasks to queue
[2024-10-12T07:54:27.579+0000] {logging_mixin.py:190} INFO - [2024-10-12T07:54:27.578+0000] {dagbag.py:588} INFO - Filling up the DagBag from /home/vboxuser/airflow_venv/lib/python3.12/site-packages/airflow/example_dags/example_display_name.py
[2024-10-12T07:54:27.592+0000] {processor.py:925} INFO - DAG(s) 'example_display_name' retrieved from /home/vboxuser/airflow_venv/lib/python3.12/site-packages/airflow/example_dags/example_display_name.py
[2024-10-12T07:54:27.620+0000] {logging_mixin.py:190} INFO - [2024-10-12T07:54:27.620+0000] {dag.py:3239} INFO - Sync 1 DAGs
[2024-10-12T07:54:27.643+0000] {logging_mixin.py:190} INFO - [2024-10-12T07:54:27.643+0000] {dag.py:4180} INFO - Setting next_dagrun for example_display_name to None, run_after=None
[2024-10-12T07:54:27.688+0000] {processor.py:208} INFO - Processing /home/vboxuser/airflow_venv/lib/python3.12/site-packages/airflow/example_dags/example_display_name.py took 0.130 seconds
[2024-10-12T07:55:29.198+0000] {processor.py:186} INFO - Started process (PID=13463) to work on /home/vboxuser/airflow_venv/lib/python3.12/site-packages/airflow/example_dags/example_display_name.py
[2024-10-12T07:55:29.200+0000] {processor.py:914} INFO - Processing file /home/vboxuser/airflow_venv/lib/python3.12/site-packages/airflow/example_dags/example_display_name.py for tasks to queue
[2024-10-12T07:55:29.204+0000] {logging_mixin.py:190} INFO - [2024-10-12T07:55:29.203+0000] {dagbag.py:588} INFO - Filling up the DagBag from /home/vboxuser/airflow_venv/lib/python3.12/site-packages/airflow/example_dags/example_display_name.py
[2024-10-12T07:55:29.217+0000] {processor.py:925} INFO - DAG(s) 'example_display_name' retrieved from /home/vboxuser/airflow_venv/lib/python3.12/site-packages/airflow/example_dags/example_display_name.py
[2024-10-12T07:55:29.243+0000] {logging_mixin.py:190} INFO - [2024-10-12T07:55:29.243+0000] {dag.py:3239} INFO - Sync 1 DAGs
[2024-10-12T07:55:29.266+0000] {logging_mixin.py:190} INFO - [2024-10-12T07:55:29.265+0000] {dag.py:4180} INFO - Setting next_dagrun for example_display_name to None, run_after=None
[2024-10-12T07:55:29.307+0000] {processor.py:208} INFO - Processing /home/vboxuser/airflow_venv/lib/python3.12/site-packages/airflow/example_dags/example_display_name.py took 0.119 seconds
[2024-10-12T07:56:38.807+0000] {processor.py:186} INFO - Started process (PID=13526) to work on /home/vboxuser/airflow_venv/lib/python3.12/site-packages/airflow/example_dags/example_display_name.py
[2024-10-12T07:56:38.809+0000] {processor.py:914} INFO - Processing file /home/vboxuser/airflow_venv/lib/python3.12/site-packages/airflow/example_dags/example_display_name.py for tasks to queue
[2024-10-12T07:56:38.812+0000] {logging_mixin.py:190} INFO - [2024-10-12T07:56:38.812+0000] {dagbag.py:588} INFO - Filling up the DagBag from /home/vboxuser/airflow_venv/lib/python3.12/site-packages/airflow/example_dags/example_display_name.py
[2024-10-12T07:56:38.823+0000] {processor.py:925} INFO - DAG(s) 'example_display_name' retrieved from /home/vboxuser/airflow_venv/lib/python3.12/site-packages/airflow/example_dags/example_display_name.py
[2024-10-12T07:56:38.842+0000] {logging_mixin.py:190} INFO - [2024-10-12T07:56:38.841+0000] {dag.py:3239} INFO - Sync 1 DAGs
[2024-10-12T07:56:38.856+0000] {logging_mixin.py:190} INFO - [2024-10-12T07:56:38.856+0000] {dag.py:4180} INFO - Setting next_dagrun for example_display_name to None, run_after=None
[2024-10-12T07:56:38.888+0000] {processor.py:208} INFO - Processing /home/vboxuser/airflow_venv/lib/python3.12/site-packages/airflow/example_dags/example_display_name.py took 0.090 seconds
[2024-10-12T07:57:45.509+0000] {processor.py:186} INFO - Started process (PID=13602) to work on /home/vboxuser/airflow_venv/lib/python3.12/site-packages/airflow/example_dags/example_display_name.py
[2024-10-12T07:57:45.514+0000] {processor.py:914} INFO - Processing file /home/vboxuser/airflow_venv/lib/python3.12/site-packages/airflow/example_dags/example_display_name.py for tasks to queue
[2024-10-12T07:57:45.517+0000] {logging_mixin.py:190} INFO - [2024-10-12T07:57:45.516+0000] {dagbag.py:588} INFO - Filling up the DagBag from /home/vboxuser/airflow_venv/lib/python3.12/site-packages/airflow/example_dags/example_display_name.py
[2024-10-12T07:57:45.529+0000] {processor.py:925} INFO - DAG(s) 'example_display_name' retrieved from /home/vboxuser/airflow_venv/lib/python3.12/site-packages/airflow/example_dags/example_display_name.py
[2024-10-12T07:57:45.547+0000] {logging_mixin.py:190} INFO - [2024-10-12T07:57:45.547+0000] {dag.py:3239} INFO - Sync 1 DAGs
[2024-10-12T07:57:45.564+0000] {logging_mixin.py:190} INFO - [2024-10-12T07:57:45.563+0000] {dag.py:4180} INFO - Setting next_dagrun for example_display_name to None, run_after=None
[2024-10-12T07:57:45.596+0000] {processor.py:208} INFO - Processing /home/vboxuser/airflow_venv/lib/python3.12/site-packages/airflow/example_dags/example_display_name.py took 0.094 seconds
[2024-10-12T07:58:47.279+0000] {processor.py:186} INFO - Started process (PID=13660) to work on /home/vboxuser/airflow_venv/lib/python3.12/site-packages/airflow/example_dags/example_display_name.py
[2024-10-12T07:58:47.285+0000] {processor.py:914} INFO - Processing file /home/vboxuser/airflow_venv/lib/python3.12/site-packages/airflow/example_dags/example_display_name.py for tasks to queue
[2024-10-12T07:58:47.290+0000] {logging_mixin.py:190} INFO - [2024-10-12T07:58:47.289+0000] {dagbag.py:588} INFO - Filling up the DagBag from /home/vboxuser/airflow_venv/lib/python3.12/site-packages/airflow/example_dags/example_display_name.py
[2024-10-12T07:58:47.306+0000] {processor.py:925} INFO - DAG(s) 'example_display_name' retrieved from /home/vboxuser/airflow_venv/lib/python3.12/site-packages/airflow/example_dags/example_display_name.py
[2024-10-12T07:58:47.325+0000] {logging_mixin.py:190} INFO - [2024-10-12T07:58:47.325+0000] {dag.py:3239} INFO - Sync 1 DAGs
[2024-10-12T07:58:47.339+0000] {logging_mixin.py:190} INFO - [2024-10-12T07:58:47.339+0000] {dag.py:4180} INFO - Setting next_dagrun for example_display_name to None, run_after=None
[2024-10-12T07:58:47.370+0000] {processor.py:208} INFO - Processing /home/vboxuser/airflow_venv/lib/python3.12/site-packages/airflow/example_dags/example_display_name.py took 0.101 seconds
[2024-10-12T07:59:48.434+0000] {processor.py:186} INFO - Started process (PID=13717) to work on /home/vboxuser/airflow_venv/lib/python3.12/site-packages/airflow/example_dags/example_display_name.py
[2024-10-12T07:59:48.437+0000] {processor.py:914} INFO - Processing file /home/vboxuser/airflow_venv/lib/python3.12/site-packages/airflow/example_dags/example_display_name.py for tasks to queue
[2024-10-12T07:59:48.440+0000] {logging_mixin.py:190} INFO - [2024-10-12T07:59:48.439+0000] {dagbag.py:588} INFO - Filling up the DagBag from /home/vboxuser/airflow_venv/lib/python3.12/site-packages/airflow/example_dags/example_display_name.py
[2024-10-12T07:59:48.453+0000] {processor.py:925} INFO - DAG(s) 'example_display_name' retrieved from /home/vboxuser/airflow_venv/lib/python3.12/site-packages/airflow/example_dags/example_display_name.py
[2024-10-12T07:59:48.478+0000] {logging_mixin.py:190} INFO - [2024-10-12T07:59:48.477+0000] {dag.py:3239} INFO - Sync 1 DAGs
[2024-10-12T07:59:48.496+0000] {logging_mixin.py:190} INFO - [2024-10-12T07:59:48.496+0000] {dag.py:4180} INFO - Setting next_dagrun for example_display_name to None, run_after=None
[2024-10-12T07:59:48.539+0000] {processor.py:208} INFO - Processing /home/vboxuser/airflow_venv/lib/python3.12/site-packages/airflow/example_dags/example_display_name.py took 0.113 seconds
[2024-10-12T08:00:52.155+0000] {processor.py:186} INFO - Started process (PID=13779) to work on /home/vboxuser/airflow_venv/lib/python3.12/site-packages/airflow/example_dags/example_display_name.py
[2024-10-12T08:00:52.160+0000] {processor.py:914} INFO - Processing file /home/vboxuser/airflow_venv/lib/python3.12/site-packages/airflow/example_dags/example_display_name.py for tasks to queue
[2024-10-12T08:00:52.165+0000] {logging_mixin.py:190} INFO - [2024-10-12T08:00:52.164+0000] {dagbag.py:588} INFO - Filling up the DagBag from /home/vboxuser/airflow_venv/lib/python3.12/site-packages/airflow/example_dags/example_display_name.py
[2024-10-12T08:00:52.180+0000] {processor.py:925} INFO - DAG(s) 'example_display_name' retrieved from /home/vboxuser/airflow_venv/lib/python3.12/site-packages/airflow/example_dags/example_display_name.py
[2024-10-12T08:00:52.205+0000] {logging_mixin.py:190} INFO - [2024-10-12T08:00:52.204+0000] {dag.py:3239} INFO - Sync 1 DAGs
[2024-10-12T08:00:52.221+0000] {logging_mixin.py:190} INFO - [2024-10-12T08:00:52.221+0000] {dag.py:4180} INFO - Setting next_dagrun for example_display_name to None, run_after=None
[2024-10-12T08:00:52.258+0000] {processor.py:208} INFO - Processing /home/vboxuser/airflow_venv/lib/python3.12/site-packages/airflow/example_dags/example_display_name.py took 0.111 seconds
[2024-10-12T08:02:02.096+0000] {processor.py:186} INFO - Started process (PID=13840) to work on /home/vboxuser/airflow_venv/lib/python3.12/site-packages/airflow/example_dags/example_display_name.py
[2024-10-12T08:02:02.102+0000] {processor.py:914} INFO - Processing file /home/vboxuser/airflow_venv/lib/python3.12/site-packages/airflow/example_dags/example_display_name.py for tasks to queue
[2024-10-12T08:02:02.107+0000] {logging_mixin.py:190} INFO - [2024-10-12T08:02:02.106+0000] {dagbag.py:588} INFO - Filling up the DagBag from /home/vboxuser/airflow_venv/lib/python3.12/site-packages/airflow/example_dags/example_display_name.py
[2024-10-12T08:02:02.123+0000] {processor.py:925} INFO - DAG(s) 'example_display_name' retrieved from /home/vboxuser/airflow_venv/lib/python3.12/site-packages/airflow/example_dags/example_display_name.py
[2024-10-12T08:02:02.149+0000] {logging_mixin.py:190} INFO - [2024-10-12T08:02:02.149+0000] {dag.py:3239} INFO - Sync 1 DAGs
[2024-10-12T08:02:02.171+0000] {logging_mixin.py:190} INFO - [2024-10-12T08:02:02.170+0000] {dag.py:4180} INFO - Setting next_dagrun for example_display_name to None, run_after=None
[2024-10-12T08:02:02.208+0000] {processor.py:208} INFO - Processing /home/vboxuser/airflow_venv/lib/python3.12/site-packages/airflow/example_dags/example_display_name.py took 0.121 seconds
[2024-10-12T08:03:04.789+0000] {processor.py:186} INFO - Started process (PID=13899) to work on /home/vboxuser/airflow_venv/lib/python3.12/site-packages/airflow/example_dags/example_display_name.py
[2024-10-12T08:03:04.794+0000] {processor.py:914} INFO - Processing file /home/vboxuser/airflow_venv/lib/python3.12/site-packages/airflow/example_dags/example_display_name.py for tasks to queue
[2024-10-12T08:03:04.798+0000] {logging_mixin.py:190} INFO - [2024-10-12T08:03:04.797+0000] {dagbag.py:588} INFO - Filling up the DagBag from /home/vboxuser/airflow_venv/lib/python3.12/site-packages/airflow/example_dags/example_display_name.py
[2024-10-12T08:03:04.810+0000] {processor.py:925} INFO - DAG(s) 'example_display_name' retrieved from /home/vboxuser/airflow_venv/lib/python3.12/site-packages/airflow/example_dags/example_display_name.py
[2024-10-12T08:03:04.842+0000] {logging_mixin.py:190} INFO - [2024-10-12T08:03:04.842+0000] {dag.py:3239} INFO - Sync 1 DAGs
[2024-10-12T08:03:04.864+0000] {logging_mixin.py:190} INFO - [2024-10-12T08:03:04.864+0000] {dag.py:4180} INFO - Setting next_dagrun for example_display_name to None, run_after=None
[2024-10-12T08:03:04.906+0000] {processor.py:208} INFO - Processing /home/vboxuser/airflow_venv/lib/python3.12/site-packages/airflow/example_dags/example_display_name.py took 0.125 seconds
[2024-10-12T08:04:12.541+0000] {processor.py:186} INFO - Started process (PID=13968) to work on /home/vboxuser/airflow_venv/lib/python3.12/site-packages/airflow/example_dags/example_display_name.py
[2024-10-12T08:04:12.545+0000] {processor.py:914} INFO - Processing file /home/vboxuser/airflow_venv/lib/python3.12/site-packages/airflow/example_dags/example_display_name.py for tasks to queue
[2024-10-12T08:04:12.549+0000] {logging_mixin.py:190} INFO - [2024-10-12T08:04:12.548+0000] {dagbag.py:588} INFO - Filling up the DagBag from /home/vboxuser/airflow_venv/lib/python3.12/site-packages/airflow/example_dags/example_display_name.py
[2024-10-12T08:04:12.562+0000] {processor.py:925} INFO - DAG(s) 'example_display_name' retrieved from /home/vboxuser/airflow_venv/lib/python3.12/site-packages/airflow/example_dags/example_display_name.py
[2024-10-12T08:04:12.587+0000] {logging_mixin.py:190} INFO - [2024-10-12T08:04:12.587+0000] {dag.py:3239} INFO - Sync 1 DAGs
[2024-10-12T08:04:12.605+0000] {logging_mixin.py:190} INFO - [2024-10-12T08:04:12.605+0000] {dag.py:4180} INFO - Setting next_dagrun for example_display_name to None, run_after=None
[2024-10-12T08:04:12.644+0000] {processor.py:208} INFO - Processing /home/vboxuser/airflow_venv/lib/python3.12/site-packages/airflow/example_dags/example_display_name.py took 0.116 seconds
[2024-10-12T08:05:21.966+0000] {processor.py:186} INFO - Started process (PID=14033) to work on /home/vboxuser/airflow_venv/lib/python3.12/site-packages/airflow/example_dags/example_display_name.py
[2024-10-12T08:05:21.972+0000] {processor.py:914} INFO - Processing file /home/vboxuser/airflow_venv/lib/python3.12/site-packages/airflow/example_dags/example_display_name.py for tasks to queue
[2024-10-12T08:05:21.976+0000] {logging_mixin.py:190} INFO - [2024-10-12T08:05:21.976+0000] {dagbag.py:588} INFO - Filling up the DagBag from /home/vboxuser/airflow_venv/lib/python3.12/site-packages/airflow/example_dags/example_display_name.py
[2024-10-12T08:05:21.993+0000] {processor.py:925} INFO - DAG(s) 'example_display_name' retrieved from /home/vboxuser/airflow_venv/lib/python3.12/site-packages/airflow/example_dags/example_display_name.py
[2024-10-12T08:05:22.023+0000] {logging_mixin.py:190} INFO - [2024-10-12T08:05:22.022+0000] {dag.py:3239} INFO - Sync 1 DAGs
[2024-10-12T08:05:22.045+0000] {logging_mixin.py:190} INFO - [2024-10-12T08:05:22.044+0000] {dag.py:4180} INFO - Setting next_dagrun for example_display_name to None, run_after=None
[2024-10-12T08:05:22.085+0000] {processor.py:208} INFO - Processing /home/vboxuser/airflow_venv/lib/python3.12/site-packages/airflow/example_dags/example_display_name.py took 0.130 seconds
[2024-10-12T08:06:35.504+0000] {processor.py:186} INFO - Started process (PID=14104) to work on /home/vboxuser/airflow_venv/lib/python3.12/site-packages/airflow/example_dags/example_display_name.py
[2024-10-12T08:06:35.514+0000] {processor.py:914} INFO - Processing file /home/vboxuser/airflow_venv/lib/python3.12/site-packages/airflow/example_dags/example_display_name.py for tasks to queue
[2024-10-12T08:06:35.524+0000] {logging_mixin.py:190} INFO - [2024-10-12T08:06:35.522+0000] {dagbag.py:588} INFO - Filling up the DagBag from /home/vboxuser/airflow_venv/lib/python3.12/site-packages/airflow/example_dags/example_display_name.py
[2024-10-12T08:06:35.554+0000] {processor.py:925} INFO - DAG(s) 'example_display_name' retrieved from /home/vboxuser/airflow_venv/lib/python3.12/site-packages/airflow/example_dags/example_display_name.py
[2024-10-12T08:06:35.628+0000] {logging_mixin.py:190} INFO - [2024-10-12T08:06:35.627+0000] {dag.py:3239} INFO - Sync 1 DAGs
[2024-10-12T08:06:35.673+0000] {logging_mixin.py:190} INFO - [2024-10-12T08:06:35.672+0000] {dag.py:4180} INFO - Setting next_dagrun for example_display_name to None, run_after=None
[2024-10-12T08:06:35.749+0000] {processor.py:208} INFO - Processing /home/vboxuser/airflow_venv/lib/python3.12/site-packages/airflow/example_dags/example_display_name.py took 0.272 seconds
[2024-10-12T08:07:50.775+0000] {processor.py:186} INFO - Started process (PID=14173) to work on /home/vboxuser/airflow_venv/lib/python3.12/site-packages/airflow/example_dags/example_display_name.py
[2024-10-12T08:07:50.780+0000] {processor.py:914} INFO - Processing file /home/vboxuser/airflow_venv/lib/python3.12/site-packages/airflow/example_dags/example_display_name.py for tasks to queue
[2024-10-12T08:07:50.786+0000] {logging_mixin.py:190} INFO - [2024-10-12T08:07:50.786+0000] {dagbag.py:588} INFO - Filling up the DagBag from /home/vboxuser/airflow_venv/lib/python3.12/site-packages/airflow/example_dags/example_display_name.py
[2024-10-12T08:07:50.800+0000] {processor.py:925} INFO - DAG(s) 'example_display_name' retrieved from /home/vboxuser/airflow_venv/lib/python3.12/site-packages/airflow/example_dags/example_display_name.py
[2024-10-12T08:07:50.833+0000] {logging_mixin.py:190} INFO - [2024-10-12T08:07:50.833+0000] {dag.py:3239} INFO - Sync 1 DAGs
[2024-10-12T08:07:50.860+0000] {logging_mixin.py:190} INFO - [2024-10-12T08:07:50.860+0000] {dag.py:4180} INFO - Setting next_dagrun for example_display_name to None, run_after=None
[2024-10-12T08:07:50.919+0000] {processor.py:208} INFO - Processing /home/vboxuser/airflow_venv/lib/python3.12/site-packages/airflow/example_dags/example_display_name.py took 0.153 seconds
[2024-10-12T08:09:04.693+0000] {processor.py:186} INFO - Started process (PID=14238) to work on /home/vboxuser/airflow_venv/lib/python3.12/site-packages/airflow/example_dags/example_display_name.py
[2024-10-12T08:09:04.697+0000] {processor.py:914} INFO - Processing file /home/vboxuser/airflow_venv/lib/python3.12/site-packages/airflow/example_dags/example_display_name.py for tasks to queue
[2024-10-12T08:09:04.702+0000] {logging_mixin.py:190} INFO - [2024-10-12T08:09:04.701+0000] {dagbag.py:588} INFO - Filling up the DagBag from /home/vboxuser/airflow_venv/lib/python3.12/site-packages/airflow/example_dags/example_display_name.py
[2024-10-12T08:09:04.722+0000] {processor.py:925} INFO - DAG(s) 'example_display_name' retrieved from /home/vboxuser/airflow_venv/lib/python3.12/site-packages/airflow/example_dags/example_display_name.py
[2024-10-12T08:09:04.761+0000] {logging_mixin.py:190} INFO - [2024-10-12T08:09:04.760+0000] {dag.py:3239} INFO - Sync 1 DAGs
[2024-10-12T08:09:04.787+0000] {logging_mixin.py:190} INFO - [2024-10-12T08:09:04.787+0000] {dag.py:4180} INFO - Setting next_dagrun for example_display_name to None, run_after=None
[2024-10-12T08:09:04.853+0000] {processor.py:208} INFO - Processing /home/vboxuser/airflow_venv/lib/python3.12/site-packages/airflow/example_dags/example_display_name.py took 0.174 seconds
[2024-10-12T08:10:23.312+0000] {processor.py:186} INFO - Started process (PID=14304) to work on /home/vboxuser/airflow_venv/lib/python3.12/site-packages/airflow/example_dags/example_display_name.py
[2024-10-12T08:10:23.318+0000] {processor.py:914} INFO - Processing file /home/vboxuser/airflow_venv/lib/python3.12/site-packages/airflow/example_dags/example_display_name.py for tasks to queue
[2024-10-12T08:10:23.322+0000] {logging_mixin.py:190} INFO - [2024-10-12T08:10:23.321+0000] {dagbag.py:588} INFO - Filling up the DagBag from /home/vboxuser/airflow_venv/lib/python3.12/site-packages/airflow/example_dags/example_display_name.py
[2024-10-12T08:10:23.340+0000] {processor.py:925} INFO - DAG(s) 'example_display_name' retrieved from /home/vboxuser/airflow_venv/lib/python3.12/site-packages/airflow/example_dags/example_display_name.py
[2024-10-12T08:10:23.374+0000] {logging_mixin.py:190} INFO - [2024-10-12T08:10:23.373+0000] {dag.py:3239} INFO - Sync 1 DAGs
[2024-10-12T08:10:23.406+0000] {logging_mixin.py:190} INFO - [2024-10-12T08:10:23.406+0000] {dag.py:4180} INFO - Setting next_dagrun for example_display_name to None, run_after=None
[2024-10-12T08:10:23.468+0000] {processor.py:208} INFO - Processing /home/vboxuser/airflow_venv/lib/python3.12/site-packages/airflow/example_dags/example_display_name.py took 0.168 seconds
[2024-10-12T08:11:33.406+0000] {processor.py:186} INFO - Started process (PID=14367) to work on /home/vboxuser/airflow_venv/lib/python3.12/site-packages/airflow/example_dags/example_display_name.py
[2024-10-12T08:11:33.414+0000] {processor.py:914} INFO - Processing file /home/vboxuser/airflow_venv/lib/python3.12/site-packages/airflow/example_dags/example_display_name.py for tasks to queue
[2024-10-12T08:11:33.421+0000] {logging_mixin.py:190} INFO - [2024-10-12T08:11:33.420+0000] {dagbag.py:588} INFO - Filling up the DagBag from /home/vboxuser/airflow_venv/lib/python3.12/site-packages/airflow/example_dags/example_display_name.py
[2024-10-12T08:11:33.436+0000] {processor.py:925} INFO - DAG(s) 'example_display_name' retrieved from /home/vboxuser/airflow_venv/lib/python3.12/site-packages/airflow/example_dags/example_display_name.py
[2024-10-12T08:11:33.460+0000] {logging_mixin.py:190} INFO - [2024-10-12T08:11:33.460+0000] {dag.py:3239} INFO - Sync 1 DAGs
[2024-10-12T08:11:33.483+0000] {logging_mixin.py:190} INFO - [2024-10-12T08:11:33.483+0000] {dag.py:4180} INFO - Setting next_dagrun for example_display_name to None, run_after=None
[2024-10-12T08:11:33.546+0000] {processor.py:208} INFO - Processing /home/vboxuser/airflow_venv/lib/python3.12/site-packages/airflow/example_dags/example_display_name.py took 0.158 seconds
[2024-10-12T08:12:38.482+0000] {processor.py:186} INFO - Started process (PID=14426) to work on /home/vboxuser/airflow_venv/lib/python3.12/site-packages/airflow/example_dags/example_display_name.py
[2024-10-12T08:12:38.488+0000] {processor.py:914} INFO - Processing file /home/vboxuser/airflow_venv/lib/python3.12/site-packages/airflow/example_dags/example_display_name.py for tasks to queue
[2024-10-12T08:12:38.492+0000] {logging_mixin.py:190} INFO - [2024-10-12T08:12:38.492+0000] {dagbag.py:588} INFO - Filling up the DagBag from /home/vboxuser/airflow_venv/lib/python3.12/site-packages/airflow/example_dags/example_display_name.py
[2024-10-12T08:12:38.510+0000] {processor.py:925} INFO - DAG(s) 'example_display_name' retrieved from /home/vboxuser/airflow_venv/lib/python3.12/site-packages/airflow/example_dags/example_display_name.py
[2024-10-12T08:12:38.542+0000] {logging_mixin.py:190} INFO - [2024-10-12T08:12:38.541+0000] {dag.py:3239} INFO - Sync 1 DAGs
[2024-10-12T08:12:38.566+0000] {logging_mixin.py:190} INFO - [2024-10-12T08:12:38.566+0000] {dag.py:4180} INFO - Setting next_dagrun for example_display_name to None, run_after=None
[2024-10-12T08:12:38.617+0000] {processor.py:208} INFO - Processing /home/vboxuser/airflow_venv/lib/python3.12/site-packages/airflow/example_dags/example_display_name.py took 0.145 seconds
[2024-10-12T08:13:50.373+0000] {processor.py:186} INFO - Started process (PID=14489) to work on /home/vboxuser/airflow_venv/lib/python3.12/site-packages/airflow/example_dags/example_display_name.py
[2024-10-12T08:13:50.378+0000] {processor.py:914} INFO - Processing file /home/vboxuser/airflow_venv/lib/python3.12/site-packages/airflow/example_dags/example_display_name.py for tasks to queue
[2024-10-12T08:13:50.384+0000] {logging_mixin.py:190} INFO - [2024-10-12T08:13:50.383+0000] {dagbag.py:588} INFO - Filling up the DagBag from /home/vboxuser/airflow_venv/lib/python3.12/site-packages/airflow/example_dags/example_display_name.py
[2024-10-12T08:13:50.398+0000] {processor.py:925} INFO - DAG(s) 'example_display_name' retrieved from /home/vboxuser/airflow_venv/lib/python3.12/site-packages/airflow/example_dags/example_display_name.py
[2024-10-12T08:13:50.421+0000] {logging_mixin.py:190} INFO - [2024-10-12T08:13:50.421+0000] {dag.py:3239} INFO - Sync 1 DAGs
[2024-10-12T08:13:50.439+0000] {logging_mixin.py:190} INFO - [2024-10-12T08:13:50.439+0000] {dag.py:4180} INFO - Setting next_dagrun for example_display_name to None, run_after=None
[2024-10-12T08:13:50.490+0000] {processor.py:208} INFO - Processing /home/vboxuser/airflow_venv/lib/python3.12/site-packages/airflow/example_dags/example_display_name.py took 0.132 seconds
[2024-10-12T08:15:05.661+0000] {processor.py:186} INFO - Started process (PID=14555) to work on /home/vboxuser/airflow_venv/lib/python3.12/site-packages/airflow/example_dags/example_display_name.py
[2024-10-12T08:15:05.668+0000] {processor.py:914} INFO - Processing file /home/vboxuser/airflow_venv/lib/python3.12/site-packages/airflow/example_dags/example_display_name.py for tasks to queue
[2024-10-12T08:15:05.675+0000] {logging_mixin.py:190} INFO - [2024-10-12T08:15:05.674+0000] {dagbag.py:588} INFO - Filling up the DagBag from /home/vboxuser/airflow_venv/lib/python3.12/site-packages/airflow/example_dags/example_display_name.py
[2024-10-12T08:15:05.695+0000] {processor.py:925} INFO - DAG(s) 'example_display_name' retrieved from /home/vboxuser/airflow_venv/lib/python3.12/site-packages/airflow/example_dags/example_display_name.py
[2024-10-12T08:15:05.728+0000] {logging_mixin.py:190} INFO - [2024-10-12T08:15:05.727+0000] {dag.py:3239} INFO - Sync 1 DAGs
[2024-10-12T08:15:05.755+0000] {logging_mixin.py:190} INFO - [2024-10-12T08:15:05.755+0000] {dag.py:4180} INFO - Setting next_dagrun for example_display_name to None, run_after=None
[2024-10-12T08:15:05.814+0000] {processor.py:208} INFO - Processing /home/vboxuser/airflow_venv/lib/python3.12/site-packages/airflow/example_dags/example_display_name.py took 0.171 seconds
[2024-10-12T08:16:20.373+0000] {processor.py:186} INFO - Started process (PID=14617) to work on /home/vboxuser/airflow_venv/lib/python3.12/site-packages/airflow/example_dags/example_display_name.py
[2024-10-12T08:16:20.380+0000] {processor.py:914} INFO - Processing file /home/vboxuser/airflow_venv/lib/python3.12/site-packages/airflow/example_dags/example_display_name.py for tasks to queue
[2024-10-12T08:16:20.387+0000] {logging_mixin.py:190} INFO - [2024-10-12T08:16:20.386+0000] {dagbag.py:588} INFO - Filling up the DagBag from /home/vboxuser/airflow_venv/lib/python3.12/site-packages/airflow/example_dags/example_display_name.py
[2024-10-12T08:16:20.407+0000] {processor.py:925} INFO - DAG(s) 'example_display_name' retrieved from /home/vboxuser/airflow_venv/lib/python3.12/site-packages/airflow/example_dags/example_display_name.py
[2024-10-12T08:16:20.441+0000] {logging_mixin.py:190} INFO - [2024-10-12T08:16:20.440+0000] {dag.py:3239} INFO - Sync 1 DAGs
[2024-10-12T08:16:20.469+0000] {logging_mixin.py:190} INFO - [2024-10-12T08:16:20.469+0000] {dag.py:4180} INFO - Setting next_dagrun for example_display_name to None, run_after=None
[2024-10-12T08:16:20.532+0000] {processor.py:208} INFO - Processing /home/vboxuser/airflow_venv/lib/python3.12/site-packages/airflow/example_dags/example_display_name.py took 0.176 seconds
