[2024-10-12T07:09:12.108+0000] {processor.py:186} INFO - Started process (PID=11322) to work on /home/vboxuser/airflow_venv/lib/python3.12/site-packages/airflow/example_dags/example_short_circuit_decorator.py
[2024-10-12T07:09:12.108+0000] {processor.py:914} INFO - Processing file /home/vboxuser/airflow_venv/lib/python3.12/site-packages/airflow/example_dags/example_short_circuit_decorator.py for tasks to queue
[2024-10-12T07:09:12.110+0000] {logging_mixin.py:190} INFO - [2024-10-12T07:09:12.110+0000] {dagbag.py:588} INFO - Filling up the DagBag from /home/vboxuser/airflow_venv/lib/python3.12/site-packages/airflow/example_dags/example_short_circuit_decorator.py
[2024-10-12T07:09:12.122+0000] {processor.py:925} INFO - DAG(s) 'example_short_circuit_decorator' retrieved from /home/vboxuser/airflow_venv/lib/python3.12/site-packages/airflow/example_dags/example_short_circuit_decorator.py
[2024-10-12T07:09:12.262+0000] {logging_mixin.py:190} INFO - [2024-10-12T07:09:12.261+0000] {override.py:1901} INFO - Created Permission View: can delete on DAG:example_short_circuit_decorator
[2024-10-12T07:09:12.283+0000] {logging_mixin.py:190} INFO - [2024-10-12T07:09:12.282+0000] {override.py:1901} INFO - Created Permission View: can read on DAG:example_short_circuit_decorator
[2024-10-12T07:09:12.301+0000] {logging_mixin.py:190} INFO - [2024-10-12T07:09:12.301+0000] {override.py:1901} INFO - Created Permission View: can edit on DAG:example_short_circuit_decorator
[2024-10-12T07:09:12.332+0000] {logging_mixin.py:190} INFO - [2024-10-12T07:09:12.331+0000] {override.py:1901} INFO - Created Permission View: can delete on DAG Run:example_short_circuit_decorator
[2024-10-12T07:09:12.351+0000] {logging_mixin.py:190} INFO - [2024-10-12T07:09:12.350+0000] {override.py:1901} INFO - Created Permission View: can read on DAG Run:example_short_circuit_decorator
[2024-10-12T07:09:12.369+0000] {logging_mixin.py:190} INFO - [2024-10-12T07:09:12.368+0000] {override.py:1901} INFO - Created Permission View: menu access on DAG Run:example_short_circuit_decorator
[2024-10-12T07:09:12.389+0000] {logging_mixin.py:190} INFO - [2024-10-12T07:09:12.389+0000] {override.py:1901} INFO - Created Permission View: can create on DAG Run:example_short_circuit_decorator
[2024-10-12T07:09:12.390+0000] {logging_mixin.py:190} INFO - [2024-10-12T07:09:12.390+0000] {dag.py:3239} INFO - Sync 1 DAGs
[2024-10-12T07:09:12.403+0000] {logging_mixin.py:190} INFO - [2024-10-12T07:09:12.402+0000] {dag.py:3262} INFO - Creating ORM DAG for example_short_circuit_decorator
[2024-10-12T07:09:12.403+0000] {logging_mixin.py:190} INFO - [2024-10-12T07:09:12.403+0000] {dag.py:4180} INFO - Setting next_dagrun for example_short_circuit_decorator to None, run_after=None
[2024-10-12T07:09:12.434+0000] {processor.py:208} INFO - Processing /home/vboxuser/airflow_venv/lib/python3.12/site-packages/airflow/example_dags/example_short_circuit_decorator.py took 0.333 seconds
[2024-10-12T07:10:18.781+0000] {processor.py:186} INFO - Started process (PID=11385) to work on /home/vboxuser/airflow_venv/lib/python3.12/site-packages/airflow/example_dags/example_short_circuit_decorator.py
[2024-10-12T07:10:18.784+0000] {processor.py:914} INFO - Processing file /home/vboxuser/airflow_venv/lib/python3.12/site-packages/airflow/example_dags/example_short_circuit_decorator.py for tasks to queue
[2024-10-12T07:10:18.787+0000] {logging_mixin.py:190} INFO - [2024-10-12T07:10:18.786+0000] {dagbag.py:588} INFO - Filling up the DagBag from /home/vboxuser/airflow_venv/lib/python3.12/site-packages/airflow/example_dags/example_short_circuit_decorator.py
[2024-10-12T07:10:18.803+0000] {processor.py:925} INFO - DAG(s) 'example_short_circuit_decorator' retrieved from /home/vboxuser/airflow_venv/lib/python3.12/site-packages/airflow/example_dags/example_short_circuit_decorator.py
[2024-10-12T07:10:18.828+0000] {logging_mixin.py:190} INFO - [2024-10-12T07:10:18.828+0000] {dag.py:3239} INFO - Sync 1 DAGs
[2024-10-12T07:10:18.844+0000] {logging_mixin.py:190} INFO - [2024-10-12T07:10:18.844+0000] {dag.py:4180} INFO - Setting next_dagrun for example_short_circuit_decorator to None, run_after=None
[2024-10-12T07:10:18.880+0000] {processor.py:208} INFO - Processing /home/vboxuser/airflow_venv/lib/python3.12/site-packages/airflow/example_dags/example_short_circuit_decorator.py took 0.108 seconds
[2024-10-12T07:11:21.488+0000] {processor.py:186} INFO - Started process (PID=11442) to work on /home/vboxuser/airflow_venv/lib/python3.12/site-packages/airflow/example_dags/example_short_circuit_decorator.py
[2024-10-12T07:11:21.491+0000] {processor.py:914} INFO - Processing file /home/vboxuser/airflow_venv/lib/python3.12/site-packages/airflow/example_dags/example_short_circuit_decorator.py for tasks to queue
[2024-10-12T07:11:21.494+0000] {logging_mixin.py:190} INFO - [2024-10-12T07:11:21.493+0000] {dagbag.py:588} INFO - Filling up the DagBag from /home/vboxuser/airflow_venv/lib/python3.12/site-packages/airflow/example_dags/example_short_circuit_decorator.py
[2024-10-12T07:11:21.509+0000] {processor.py:925} INFO - DAG(s) 'example_short_circuit_decorator' retrieved from /home/vboxuser/airflow_venv/lib/python3.12/site-packages/airflow/example_dags/example_short_circuit_decorator.py
[2024-10-12T07:11:21.530+0000] {logging_mixin.py:190} INFO - [2024-10-12T07:11:21.530+0000] {dag.py:3239} INFO - Sync 1 DAGs
[2024-10-12T07:11:21.543+0000] {logging_mixin.py:190} INFO - [2024-10-12T07:11:21.543+0000] {dag.py:4180} INFO - Setting next_dagrun for example_short_circuit_decorator to None, run_after=None
[2024-10-12T07:11:21.579+0000] {processor.py:208} INFO - Processing /home/vboxuser/airflow_venv/lib/python3.12/site-packages/airflow/example_dags/example_short_circuit_decorator.py took 0.098 seconds
[2024-10-12T07:12:26.094+0000] {processor.py:186} INFO - Started process (PID=11503) to work on /home/vboxuser/airflow_venv/lib/python3.12/site-packages/airflow/example_dags/example_short_circuit_decorator.py
[2024-10-12T07:12:26.098+0000] {processor.py:914} INFO - Processing file /home/vboxuser/airflow_venv/lib/python3.12/site-packages/airflow/example_dags/example_short_circuit_decorator.py for tasks to queue
[2024-10-12T07:12:26.101+0000] {logging_mixin.py:190} INFO - [2024-10-12T07:12:26.101+0000] {dagbag.py:588} INFO - Filling up the DagBag from /home/vboxuser/airflow_venv/lib/python3.12/site-packages/airflow/example_dags/example_short_circuit_decorator.py
[2024-10-12T07:12:26.114+0000] {processor.py:925} INFO - DAG(s) 'example_short_circuit_decorator' retrieved from /home/vboxuser/airflow_venv/lib/python3.12/site-packages/airflow/example_dags/example_short_circuit_decorator.py
[2024-10-12T07:12:26.138+0000] {logging_mixin.py:190} INFO - [2024-10-12T07:12:26.138+0000] {dag.py:3239} INFO - Sync 1 DAGs
[2024-10-12T07:12:26.156+0000] {logging_mixin.py:190} INFO - [2024-10-12T07:12:26.156+0000] {dag.py:4180} INFO - Setting next_dagrun for example_short_circuit_decorator to None, run_after=None
[2024-10-12T07:12:26.200+0000] {processor.py:208} INFO - Processing /home/vboxuser/airflow_venv/lib/python3.12/site-packages/airflow/example_dags/example_short_circuit_decorator.py took 0.112 seconds
[2024-10-12T07:13:28.539+0000] {processor.py:186} INFO - Started process (PID=11588) to work on /home/vboxuser/airflow_venv/lib/python3.12/site-packages/airflow/example_dags/example_short_circuit_decorator.py
[2024-10-12T07:13:28.545+0000] {processor.py:914} INFO - Processing file /home/vboxuser/airflow_venv/lib/python3.12/site-packages/airflow/example_dags/example_short_circuit_decorator.py for tasks to queue
[2024-10-12T07:13:28.550+0000] {logging_mixin.py:190} INFO - [2024-10-12T07:13:28.549+0000] {dagbag.py:588} INFO - Filling up the DagBag from /home/vboxuser/airflow_venv/lib/python3.12/site-packages/airflow/example_dags/example_short_circuit_decorator.py
[2024-10-12T07:13:28.565+0000] {processor.py:925} INFO - DAG(s) 'example_short_circuit_decorator' retrieved from /home/vboxuser/airflow_venv/lib/python3.12/site-packages/airflow/example_dags/example_short_circuit_decorator.py
[2024-10-12T07:13:28.593+0000] {logging_mixin.py:190} INFO - [2024-10-12T07:13:28.593+0000] {dag.py:3239} INFO - Sync 1 DAGs
[2024-10-12T07:13:28.611+0000] {logging_mixin.py:190} INFO - [2024-10-12T07:13:28.610+0000] {dag.py:4180} INFO - Setting next_dagrun for example_short_circuit_decorator to None, run_after=None
[2024-10-12T07:13:28.656+0000] {processor.py:208} INFO - Processing /home/vboxuser/airflow_venv/lib/python3.12/site-packages/airflow/example_dags/example_short_circuit_decorator.py took 0.129 seconds
[2024-10-12T07:14:33.446+0000] {processor.py:186} INFO - Started process (PID=11702) to work on /home/vboxuser/airflow_venv/lib/python3.12/site-packages/airflow/example_dags/example_short_circuit_decorator.py
[2024-10-12T07:14:33.451+0000] {processor.py:914} INFO - Processing file /home/vboxuser/airflow_venv/lib/python3.12/site-packages/airflow/example_dags/example_short_circuit_decorator.py for tasks to queue
[2024-10-12T07:14:33.454+0000] {logging_mixin.py:190} INFO - [2024-10-12T07:14:33.454+0000] {dagbag.py:588} INFO - Filling up the DagBag from /home/vboxuser/airflow_venv/lib/python3.12/site-packages/airflow/example_dags/example_short_circuit_decorator.py
[2024-10-12T07:14:33.466+0000] {processor.py:925} INFO - DAG(s) 'example_short_circuit_decorator' retrieved from /home/vboxuser/airflow_venv/lib/python3.12/site-packages/airflow/example_dags/example_short_circuit_decorator.py
[2024-10-12T07:14:33.491+0000] {logging_mixin.py:190} INFO - [2024-10-12T07:14:33.490+0000] {dag.py:3239} INFO - Sync 1 DAGs
[2024-10-12T07:14:33.511+0000] {logging_mixin.py:190} INFO - [2024-10-12T07:14:33.511+0000] {dag.py:4180} INFO - Setting next_dagrun for example_short_circuit_decorator to None, run_after=None
[2024-10-12T07:14:33.681+0000] {processor.py:208} INFO - Processing /home/vboxuser/airflow_venv/lib/python3.12/site-packages/airflow/example_dags/example_short_circuit_decorator.py took 0.246 seconds
[2024-10-12T07:15:50.351+0000] {processor.py:186} INFO - Started process (PID=11778) to work on /home/vboxuser/airflow_venv/lib/python3.12/site-packages/airflow/example_dags/example_short_circuit_decorator.py
[2024-10-12T07:15:50.354+0000] {processor.py:914} INFO - Processing file /home/vboxuser/airflow_venv/lib/python3.12/site-packages/airflow/example_dags/example_short_circuit_decorator.py for tasks to queue
[2024-10-12T07:15:50.358+0000] {logging_mixin.py:190} INFO - [2024-10-12T07:15:50.357+0000] {dagbag.py:588} INFO - Filling up the DagBag from /home/vboxuser/airflow_venv/lib/python3.12/site-packages/airflow/example_dags/example_short_circuit_decorator.py
[2024-10-12T07:15:50.370+0000] {processor.py:925} INFO - DAG(s) 'example_short_circuit_decorator' retrieved from /home/vboxuser/airflow_venv/lib/python3.12/site-packages/airflow/example_dags/example_short_circuit_decorator.py
[2024-10-12T07:15:50.392+0000] {logging_mixin.py:190} INFO - [2024-10-12T07:15:50.392+0000] {dag.py:3239} INFO - Sync 1 DAGs
[2024-10-12T07:15:50.407+0000] {logging_mixin.py:190} INFO - [2024-10-12T07:15:50.406+0000] {dag.py:4180} INFO - Setting next_dagrun for example_short_circuit_decorator to None, run_after=None
[2024-10-12T07:15:50.440+0000] {processor.py:208} INFO - Processing /home/vboxuser/airflow_venv/lib/python3.12/site-packages/airflow/example_dags/example_short_circuit_decorator.py took 0.102 seconds
[2024-10-12T07:16:53.026+0000] {processor.py:186} INFO - Started process (PID=11836) to work on /home/vboxuser/airflow_venv/lib/python3.12/site-packages/airflow/example_dags/example_short_circuit_decorator.py
[2024-10-12T07:16:53.028+0000] {processor.py:914} INFO - Processing file /home/vboxuser/airflow_venv/lib/python3.12/site-packages/airflow/example_dags/example_short_circuit_decorator.py for tasks to queue
[2024-10-12T07:16:53.031+0000] {logging_mixin.py:190} INFO - [2024-10-12T07:16:53.030+0000] {dagbag.py:588} INFO - Filling up the DagBag from /home/vboxuser/airflow_venv/lib/python3.12/site-packages/airflow/example_dags/example_short_circuit_decorator.py
[2024-10-12T07:16:53.046+0000] {processor.py:925} INFO - DAG(s) 'example_short_circuit_decorator' retrieved from /home/vboxuser/airflow_venv/lib/python3.12/site-packages/airflow/example_dags/example_short_circuit_decorator.py
[2024-10-12T07:16:53.070+0000] {logging_mixin.py:190} INFO - [2024-10-12T07:16:53.069+0000] {dag.py:3239} INFO - Sync 1 DAGs
[2024-10-12T07:16:53.084+0000] {logging_mixin.py:190} INFO - [2024-10-12T07:16:53.084+0000] {dag.py:4180} INFO - Setting next_dagrun for example_short_circuit_decorator to None, run_after=None
[2024-10-12T07:16:53.119+0000] {processor.py:208} INFO - Processing /home/vboxuser/airflow_venv/lib/python3.12/site-packages/airflow/example_dags/example_short_circuit_decorator.py took 0.102 seconds
[2024-10-12T07:17:59.199+0000] {processor.py:186} INFO - Started process (PID=11899) to work on /home/vboxuser/airflow_venv/lib/python3.12/site-packages/airflow/example_dags/example_short_circuit_decorator.py
[2024-10-12T07:17:59.201+0000] {processor.py:914} INFO - Processing file /home/vboxuser/airflow_venv/lib/python3.12/site-packages/airflow/example_dags/example_short_circuit_decorator.py for tasks to queue
[2024-10-12T07:17:59.204+0000] {logging_mixin.py:190} INFO - [2024-10-12T07:17:59.204+0000] {dagbag.py:588} INFO - Filling up the DagBag from /home/vboxuser/airflow_venv/lib/python3.12/site-packages/airflow/example_dags/example_short_circuit_decorator.py
[2024-10-12T07:17:59.220+0000] {processor.py:925} INFO - DAG(s) 'example_short_circuit_decorator' retrieved from /home/vboxuser/airflow_venv/lib/python3.12/site-packages/airflow/example_dags/example_short_circuit_decorator.py
[2024-10-12T07:17:59.243+0000] {logging_mixin.py:190} INFO - [2024-10-12T07:17:59.243+0000] {dag.py:3239} INFO - Sync 1 DAGs
[2024-10-12T07:17:59.260+0000] {logging_mixin.py:190} INFO - [2024-10-12T07:17:59.260+0000] {dag.py:4180} INFO - Setting next_dagrun for example_short_circuit_decorator to None, run_after=None
[2024-10-12T07:17:59.297+0000] {processor.py:208} INFO - Processing /home/vboxuser/airflow_venv/lib/python3.12/site-packages/airflow/example_dags/example_short_circuit_decorator.py took 0.113 seconds
[2024-10-12T07:18:58.820+0000] {processor.py:186} INFO - Started process (PID=11956) to work on /home/vboxuser/airflow_venv/lib/python3.12/site-packages/airflow/example_dags/example_short_circuit_decorator.py
[2024-10-12T07:18:58.822+0000] {processor.py:914} INFO - Processing file /home/vboxuser/airflow_venv/lib/python3.12/site-packages/airflow/example_dags/example_short_circuit_decorator.py for tasks to queue
[2024-10-12T07:18:58.826+0000] {logging_mixin.py:190} INFO - [2024-10-12T07:18:58.826+0000] {dagbag.py:588} INFO - Filling up the DagBag from /home/vboxuser/airflow_venv/lib/python3.12/site-packages/airflow/example_dags/example_short_circuit_decorator.py
[2024-10-12T07:18:58.839+0000] {processor.py:925} INFO - DAG(s) 'example_short_circuit_decorator' retrieved from /home/vboxuser/airflow_venv/lib/python3.12/site-packages/airflow/example_dags/example_short_circuit_decorator.py
[2024-10-12T07:18:58.860+0000] {logging_mixin.py:190} INFO - [2024-10-12T07:18:58.859+0000] {dag.py:3239} INFO - Sync 1 DAGs
[2024-10-12T07:18:58.874+0000] {logging_mixin.py:190} INFO - [2024-10-12T07:18:58.874+0000] {dag.py:4180} INFO - Setting next_dagrun for example_short_circuit_decorator to None, run_after=None
[2024-10-12T07:18:58.925+0000] {processor.py:208} INFO - Processing /home/vboxuser/airflow_venv/lib/python3.12/site-packages/airflow/example_dags/example_short_circuit_decorator.py took 0.112 seconds
[2024-10-12T07:20:02.530+0000] {processor.py:186} INFO - Started process (PID=12013) to work on /home/vboxuser/airflow_venv/lib/python3.12/site-packages/airflow/example_dags/example_short_circuit_decorator.py
[2024-10-12T07:20:02.533+0000] {processor.py:914} INFO - Processing file /home/vboxuser/airflow_venv/lib/python3.12/site-packages/airflow/example_dags/example_short_circuit_decorator.py for tasks to queue
[2024-10-12T07:20:02.537+0000] {logging_mixin.py:190} INFO - [2024-10-12T07:20:02.537+0000] {dagbag.py:588} INFO - Filling up the DagBag from /home/vboxuser/airflow_venv/lib/python3.12/site-packages/airflow/example_dags/example_short_circuit_decorator.py
[2024-10-12T07:20:02.552+0000] {processor.py:925} INFO - DAG(s) 'example_short_circuit_decorator' retrieved from /home/vboxuser/airflow_venv/lib/python3.12/site-packages/airflow/example_dags/example_short_circuit_decorator.py
[2024-10-12T07:20:02.572+0000] {logging_mixin.py:190} INFO - [2024-10-12T07:20:02.572+0000] {dag.py:3239} INFO - Sync 1 DAGs
[2024-10-12T07:20:02.586+0000] {logging_mixin.py:190} INFO - [2024-10-12T07:20:02.586+0000] {dag.py:4180} INFO - Setting next_dagrun for example_short_circuit_decorator to None, run_after=None
[2024-10-12T07:20:02.617+0000] {processor.py:208} INFO - Processing /home/vboxuser/airflow_venv/lib/python3.12/site-packages/airflow/example_dags/example_short_circuit_decorator.py took 0.103 seconds
[2024-10-12T07:21:10.629+0000] {processor.py:186} INFO - Started process (PID=12079) to work on /home/vboxuser/airflow_venv/lib/python3.12/site-packages/airflow/example_dags/example_short_circuit_decorator.py
[2024-10-12T07:21:10.631+0000] {processor.py:914} INFO - Processing file /home/vboxuser/airflow_venv/lib/python3.12/site-packages/airflow/example_dags/example_short_circuit_decorator.py for tasks to queue
[2024-10-12T07:21:10.634+0000] {logging_mixin.py:190} INFO - [2024-10-12T07:21:10.633+0000] {dagbag.py:588} INFO - Filling up the DagBag from /home/vboxuser/airflow_venv/lib/python3.12/site-packages/airflow/example_dags/example_short_circuit_decorator.py
[2024-10-12T07:21:10.647+0000] {processor.py:925} INFO - DAG(s) 'example_short_circuit_decorator' retrieved from /home/vboxuser/airflow_venv/lib/python3.12/site-packages/airflow/example_dags/example_short_circuit_decorator.py
[2024-10-12T07:21:10.680+0000] {logging_mixin.py:190} INFO - [2024-10-12T07:21:10.680+0000] {dag.py:3239} INFO - Sync 1 DAGs
[2024-10-12T07:21:10.701+0000] {logging_mixin.py:190} INFO - [2024-10-12T07:21:10.701+0000] {dag.py:4180} INFO - Setting next_dagrun for example_short_circuit_decorator to None, run_after=None
[2024-10-12T07:21:10.738+0000] {processor.py:208} INFO - Processing /home/vboxuser/airflow_venv/lib/python3.12/site-packages/airflow/example_dags/example_short_circuit_decorator.py took 0.118 seconds
[2024-10-12T07:22:16.826+0000] {processor.py:186} INFO - Started process (PID=12139) to work on /home/vboxuser/airflow_venv/lib/python3.12/site-packages/airflow/example_dags/example_short_circuit_decorator.py
[2024-10-12T07:22:16.829+0000] {processor.py:914} INFO - Processing file /home/vboxuser/airflow_venv/lib/python3.12/site-packages/airflow/example_dags/example_short_circuit_decorator.py for tasks to queue
[2024-10-12T07:22:16.833+0000] {logging_mixin.py:190} INFO - [2024-10-12T07:22:16.832+0000] {dagbag.py:588} INFO - Filling up the DagBag from /home/vboxuser/airflow_venv/lib/python3.12/site-packages/airflow/example_dags/example_short_circuit_decorator.py
[2024-10-12T07:22:16.850+0000] {processor.py:925} INFO - DAG(s) 'example_short_circuit_decorator' retrieved from /home/vboxuser/airflow_venv/lib/python3.12/site-packages/airflow/example_dags/example_short_circuit_decorator.py
[2024-10-12T07:22:16.874+0000] {logging_mixin.py:190} INFO - [2024-10-12T07:22:16.874+0000] {dag.py:3239} INFO - Sync 1 DAGs
[2024-10-12T07:22:16.892+0000] {logging_mixin.py:190} INFO - [2024-10-12T07:22:16.891+0000] {dag.py:4180} INFO - Setting next_dagrun for example_short_circuit_decorator to None, run_after=None
[2024-10-12T07:22:16.930+0000] {processor.py:208} INFO - Processing /home/vboxuser/airflow_venv/lib/python3.12/site-packages/airflow/example_dags/example_short_circuit_decorator.py took 0.113 seconds
[2024-10-12T07:23:26.685+0000] {processor.py:186} INFO - Started process (PID=12199) to work on /home/vboxuser/airflow_venv/lib/python3.12/site-packages/airflow/example_dags/example_short_circuit_decorator.py
[2024-10-12T07:23:26.687+0000] {processor.py:914} INFO - Processing file /home/vboxuser/airflow_venv/lib/python3.12/site-packages/airflow/example_dags/example_short_circuit_decorator.py for tasks to queue
[2024-10-12T07:23:26.690+0000] {logging_mixin.py:190} INFO - [2024-10-12T07:23:26.689+0000] {dagbag.py:588} INFO - Filling up the DagBag from /home/vboxuser/airflow_venv/lib/python3.12/site-packages/airflow/example_dags/example_short_circuit_decorator.py
[2024-10-12T07:23:26.705+0000] {processor.py:925} INFO - DAG(s) 'example_short_circuit_decorator' retrieved from /home/vboxuser/airflow_venv/lib/python3.12/site-packages/airflow/example_dags/example_short_circuit_decorator.py
[2024-10-12T07:23:26.730+0000] {logging_mixin.py:190} INFO - [2024-10-12T07:23:26.730+0000] {dag.py:3239} INFO - Sync 1 DAGs
[2024-10-12T07:23:26.744+0000] {logging_mixin.py:190} INFO - [2024-10-12T07:23:26.743+0000] {dag.py:4180} INFO - Setting next_dagrun for example_short_circuit_decorator to None, run_after=None
[2024-10-12T07:23:26.777+0000] {processor.py:208} INFO - Processing /home/vboxuser/airflow_venv/lib/python3.12/site-packages/airflow/example_dags/example_short_circuit_decorator.py took 0.105 seconds
[2024-10-12T07:24:36.447+0000] {processor.py:186} INFO - Started process (PID=12261) to work on /home/vboxuser/airflow_venv/lib/python3.12/site-packages/airflow/example_dags/example_short_circuit_decorator.py
[2024-10-12T07:24:36.452+0000] {processor.py:914} INFO - Processing file /home/vboxuser/airflow_venv/lib/python3.12/site-packages/airflow/example_dags/example_short_circuit_decorator.py for tasks to queue
[2024-10-12T07:24:36.456+0000] {logging_mixin.py:190} INFO - [2024-10-12T07:24:36.455+0000] {dagbag.py:588} INFO - Filling up the DagBag from /home/vboxuser/airflow_venv/lib/python3.12/site-packages/airflow/example_dags/example_short_circuit_decorator.py
[2024-10-12T07:24:36.474+0000] {processor.py:925} INFO - DAG(s) 'example_short_circuit_decorator' retrieved from /home/vboxuser/airflow_venv/lib/python3.12/site-packages/airflow/example_dags/example_short_circuit_decorator.py
[2024-10-12T07:24:36.497+0000] {logging_mixin.py:190} INFO - [2024-10-12T07:24:36.497+0000] {dag.py:3239} INFO - Sync 1 DAGs
[2024-10-12T07:24:36.512+0000] {logging_mixin.py:190} INFO - [2024-10-12T07:24:36.512+0000] {dag.py:4180} INFO - Setting next_dagrun for example_short_circuit_decorator to None, run_after=None
[2024-10-12T07:24:36.556+0000] {processor.py:208} INFO - Processing /home/vboxuser/airflow_venv/lib/python3.12/site-packages/airflow/example_dags/example_short_circuit_decorator.py took 0.118 seconds
[2024-10-12T07:25:43.100+0000] {processor.py:186} INFO - Started process (PID=12325) to work on /home/vboxuser/airflow_venv/lib/python3.12/site-packages/airflow/example_dags/example_short_circuit_decorator.py
[2024-10-12T07:25:43.103+0000] {processor.py:914} INFO - Processing file /home/vboxuser/airflow_venv/lib/python3.12/site-packages/airflow/example_dags/example_short_circuit_decorator.py for tasks to queue
[2024-10-12T07:25:43.107+0000] {logging_mixin.py:190} INFO - [2024-10-12T07:25:43.107+0000] {dagbag.py:588} INFO - Filling up the DagBag from /home/vboxuser/airflow_venv/lib/python3.12/site-packages/airflow/example_dags/example_short_circuit_decorator.py
[2024-10-12T07:25:43.131+0000] {processor.py:925} INFO - DAG(s) 'example_short_circuit_decorator' retrieved from /home/vboxuser/airflow_venv/lib/python3.12/site-packages/airflow/example_dags/example_short_circuit_decorator.py
[2024-10-12T07:25:43.165+0000] {logging_mixin.py:190} INFO - [2024-10-12T07:25:43.165+0000] {dag.py:3239} INFO - Sync 1 DAGs
[2024-10-12T07:25:43.183+0000] {logging_mixin.py:190} INFO - [2024-10-12T07:25:43.183+0000] {dag.py:4180} INFO - Setting next_dagrun for example_short_circuit_decorator to None, run_after=None
[2024-10-12T07:25:43.223+0000] {processor.py:208} INFO - Processing /home/vboxuser/airflow_venv/lib/python3.12/site-packages/airflow/example_dags/example_short_circuit_decorator.py took 0.142 seconds
[2024-10-12T07:26:54.507+0000] {processor.py:186} INFO - Started process (PID=12389) to work on /home/vboxuser/airflow_venv/lib/python3.12/site-packages/airflow/example_dags/example_short_circuit_decorator.py
[2024-10-12T07:26:54.510+0000] {processor.py:914} INFO - Processing file /home/vboxuser/airflow_venv/lib/python3.12/site-packages/airflow/example_dags/example_short_circuit_decorator.py for tasks to queue
[2024-10-12T07:26:54.515+0000] {logging_mixin.py:190} INFO - [2024-10-12T07:26:54.514+0000] {dagbag.py:588} INFO - Filling up the DagBag from /home/vboxuser/airflow_venv/lib/python3.12/site-packages/airflow/example_dags/example_short_circuit_decorator.py
[2024-10-12T07:26:54.530+0000] {processor.py:925} INFO - DAG(s) 'example_short_circuit_decorator' retrieved from /home/vboxuser/airflow_venv/lib/python3.12/site-packages/airflow/example_dags/example_short_circuit_decorator.py
[2024-10-12T07:26:54.555+0000] {logging_mixin.py:190} INFO - [2024-10-12T07:26:54.553+0000] {dag.py:3239} INFO - Sync 1 DAGs
[2024-10-12T07:26:54.571+0000] {logging_mixin.py:190} INFO - [2024-10-12T07:26:54.571+0000] {dag.py:4180} INFO - Setting next_dagrun for example_short_circuit_decorator to None, run_after=None
[2024-10-12T07:26:54.612+0000] {processor.py:208} INFO - Processing /home/vboxuser/airflow_venv/lib/python3.12/site-packages/airflow/example_dags/example_short_circuit_decorator.py took 0.114 seconds
[2024-10-12T07:28:09.233+0000] {processor.py:186} INFO - Started process (PID=12451) to work on /home/vboxuser/airflow_venv/lib/python3.12/site-packages/airflow/example_dags/example_short_circuit_decorator.py
[2024-10-12T07:28:09.235+0000] {processor.py:914} INFO - Processing file /home/vboxuser/airflow_venv/lib/python3.12/site-packages/airflow/example_dags/example_short_circuit_decorator.py for tasks to queue
[2024-10-12T07:28:09.240+0000] {logging_mixin.py:190} INFO - [2024-10-12T07:28:09.240+0000] {dagbag.py:588} INFO - Filling up the DagBag from /home/vboxuser/airflow_venv/lib/python3.12/site-packages/airflow/example_dags/example_short_circuit_decorator.py
[2024-10-12T07:28:09.256+0000] {processor.py:925} INFO - DAG(s) 'example_short_circuit_decorator' retrieved from /home/vboxuser/airflow_venv/lib/python3.12/site-packages/airflow/example_dags/example_short_circuit_decorator.py
[2024-10-12T07:28:09.282+0000] {logging_mixin.py:190} INFO - [2024-10-12T07:28:09.281+0000] {dag.py:3239} INFO - Sync 1 DAGs
[2024-10-12T07:28:09.299+0000] {logging_mixin.py:190} INFO - [2024-10-12T07:28:09.298+0000] {dag.py:4180} INFO - Setting next_dagrun for example_short_circuit_decorator to None, run_after=None
[2024-10-12T07:28:09.338+0000] {processor.py:208} INFO - Processing /home/vboxuser/airflow_venv/lib/python3.12/site-packages/airflow/example_dags/example_short_circuit_decorator.py took 0.114 seconds
[2024-10-12T07:29:12.169+0000] {processor.py:186} INFO - Started process (PID=12509) to work on /home/vboxuser/airflow_venv/lib/python3.12/site-packages/airflow/example_dags/example_short_circuit_decorator.py
[2024-10-12T07:29:12.173+0000] {processor.py:914} INFO - Processing file /home/vboxuser/airflow_venv/lib/python3.12/site-packages/airflow/example_dags/example_short_circuit_decorator.py for tasks to queue
[2024-10-12T07:29:12.178+0000] {logging_mixin.py:190} INFO - [2024-10-12T07:29:12.177+0000] {dagbag.py:588} INFO - Filling up the DagBag from /home/vboxuser/airflow_venv/lib/python3.12/site-packages/airflow/example_dags/example_short_circuit_decorator.py
[2024-10-12T07:29:12.199+0000] {processor.py:925} INFO - DAG(s) 'example_short_circuit_decorator' retrieved from /home/vboxuser/airflow_venv/lib/python3.12/site-packages/airflow/example_dags/example_short_circuit_decorator.py
[2024-10-12T07:29:12.236+0000] {logging_mixin.py:190} INFO - [2024-10-12T07:29:12.236+0000] {dag.py:3239} INFO - Sync 1 DAGs
[2024-10-12T07:29:12.264+0000] {logging_mixin.py:190} INFO - [2024-10-12T07:29:12.263+0000] {dag.py:4180} INFO - Setting next_dagrun for example_short_circuit_decorator to None, run_after=None
[2024-10-12T07:29:12.328+0000] {processor.py:208} INFO - Processing /home/vboxuser/airflow_venv/lib/python3.12/site-packages/airflow/example_dags/example_short_circuit_decorator.py took 0.172 seconds
[2024-10-12T07:30:22.806+0000] {processor.py:186} INFO - Started process (PID=12590) to work on /home/vboxuser/airflow_venv/lib/python3.12/site-packages/airflow/example_dags/example_short_circuit_decorator.py
[2024-10-12T07:30:22.809+0000] {processor.py:914} INFO - Processing file /home/vboxuser/airflow_venv/lib/python3.12/site-packages/airflow/example_dags/example_short_circuit_decorator.py for tasks to queue
[2024-10-12T07:30:22.812+0000] {logging_mixin.py:190} INFO - [2024-10-12T07:30:22.811+0000] {dagbag.py:588} INFO - Filling up the DagBag from /home/vboxuser/airflow_venv/lib/python3.12/site-packages/airflow/example_dags/example_short_circuit_decorator.py
[2024-10-12T07:30:22.854+0000] {processor.py:925} INFO - DAG(s) 'example_short_circuit_decorator' retrieved from /home/vboxuser/airflow_venv/lib/python3.12/site-packages/airflow/example_dags/example_short_circuit_decorator.py
[2024-10-12T07:30:22.875+0000] {logging_mixin.py:190} INFO - [2024-10-12T07:30:22.875+0000] {dag.py:3239} INFO - Sync 1 DAGs
[2024-10-12T07:30:22.898+0000] {logging_mixin.py:190} INFO - [2024-10-12T07:30:22.898+0000] {dag.py:4180} INFO - Setting next_dagrun for example_short_circuit_decorator to None, run_after=None
[2024-10-12T07:30:22.936+0000] {processor.py:208} INFO - Processing /home/vboxuser/airflow_venv/lib/python3.12/site-packages/airflow/example_dags/example_short_circuit_decorator.py took 0.151 seconds
[2024-10-12T07:31:33.720+0000] {processor.py:186} INFO - Started process (PID=12654) to work on /home/vboxuser/airflow_venv/lib/python3.12/site-packages/airflow/example_dags/example_short_circuit_decorator.py
[2024-10-12T07:31:33.725+0000] {processor.py:914} INFO - Processing file /home/vboxuser/airflow_venv/lib/python3.12/site-packages/airflow/example_dags/example_short_circuit_decorator.py for tasks to queue
[2024-10-12T07:31:33.728+0000] {logging_mixin.py:190} INFO - [2024-10-12T07:31:33.727+0000] {dagbag.py:588} INFO - Filling up the DagBag from /home/vboxuser/airflow_venv/lib/python3.12/site-packages/airflow/example_dags/example_short_circuit_decorator.py
[2024-10-12T07:31:33.741+0000] {processor.py:925} INFO - DAG(s) 'example_short_circuit_decorator' retrieved from /home/vboxuser/airflow_venv/lib/python3.12/site-packages/airflow/example_dags/example_short_circuit_decorator.py
[2024-10-12T07:31:33.767+0000] {logging_mixin.py:190} INFO - [2024-10-12T07:31:33.766+0000] {dag.py:3239} INFO - Sync 1 DAGs
[2024-10-12T07:31:33.783+0000] {logging_mixin.py:190} INFO - [2024-10-12T07:31:33.783+0000] {dag.py:4180} INFO - Setting next_dagrun for example_short_circuit_decorator to None, run_after=None
[2024-10-12T07:31:33.821+0000] {processor.py:208} INFO - Processing /home/vboxuser/airflow_venv/lib/python3.12/site-packages/airflow/example_dags/example_short_circuit_decorator.py took 0.109 seconds
[2024-10-12T07:32:38.148+0000] {processor.py:186} INFO - Started process (PID=12722) to work on /home/vboxuser/airflow_venv/lib/python3.12/site-packages/airflow/example_dags/example_short_circuit_decorator.py
[2024-10-12T07:32:38.151+0000] {processor.py:914} INFO - Processing file /home/vboxuser/airflow_venv/lib/python3.12/site-packages/airflow/example_dags/example_short_circuit_decorator.py for tasks to queue
[2024-10-12T07:32:38.156+0000] {logging_mixin.py:190} INFO - [2024-10-12T07:32:38.154+0000] {dagbag.py:588} INFO - Filling up the DagBag from /home/vboxuser/airflow_venv/lib/python3.12/site-packages/airflow/example_dags/example_short_circuit_decorator.py
[2024-10-12T07:32:38.175+0000] {processor.py:925} INFO - DAG(s) 'example_short_circuit_decorator' retrieved from /home/vboxuser/airflow_venv/lib/python3.12/site-packages/airflow/example_dags/example_short_circuit_decorator.py
[2024-10-12T07:32:38.198+0000] {logging_mixin.py:190} INFO - [2024-10-12T07:32:38.198+0000] {dag.py:3239} INFO - Sync 1 DAGs
[2024-10-12T07:32:38.212+0000] {logging_mixin.py:190} INFO - [2024-10-12T07:32:38.212+0000] {dag.py:4180} INFO - Setting next_dagrun for example_short_circuit_decorator to None, run_after=None
[2024-10-12T07:32:38.251+0000] {processor.py:208} INFO - Processing /home/vboxuser/airflow_venv/lib/python3.12/site-packages/airflow/example_dags/example_short_circuit_decorator.py took 0.113 seconds
[2024-10-12T07:33:42.565+0000] {processor.py:186} INFO - Started process (PID=12780) to work on /home/vboxuser/airflow_venv/lib/python3.12/site-packages/airflow/example_dags/example_short_circuit_decorator.py
[2024-10-12T07:33:42.571+0000] {processor.py:914} INFO - Processing file /home/vboxuser/airflow_venv/lib/python3.12/site-packages/airflow/example_dags/example_short_circuit_decorator.py for tasks to queue
[2024-10-12T07:33:42.579+0000] {logging_mixin.py:190} INFO - [2024-10-12T07:33:42.578+0000] {dagbag.py:588} INFO - Filling up the DagBag from /home/vboxuser/airflow_venv/lib/python3.12/site-packages/airflow/example_dags/example_short_circuit_decorator.py
[2024-10-12T07:33:42.604+0000] {processor.py:925} INFO - DAG(s) 'example_short_circuit_decorator' retrieved from /home/vboxuser/airflow_venv/lib/python3.12/site-packages/airflow/example_dags/example_short_circuit_decorator.py
[2024-10-12T07:33:42.647+0000] {logging_mixin.py:190} INFO - [2024-10-12T07:33:42.647+0000] {dag.py:3239} INFO - Sync 1 DAGs
[2024-10-12T07:33:42.674+0000] {logging_mixin.py:190} INFO - [2024-10-12T07:33:42.673+0000] {dag.py:4180} INFO - Setting next_dagrun for example_short_circuit_decorator to None, run_after=None
[2024-10-12T07:33:42.711+0000] {processor.py:208} INFO - Processing /home/vboxuser/airflow_venv/lib/python3.12/site-packages/airflow/example_dags/example_short_circuit_decorator.py took 0.158 seconds
[2024-10-12T07:34:42.739+0000] {processor.py:186} INFO - Started process (PID=12839) to work on /home/vboxuser/airflow_venv/lib/python3.12/site-packages/airflow/example_dags/example_short_circuit_decorator.py
[2024-10-12T07:34:42.742+0000] {processor.py:914} INFO - Processing file /home/vboxuser/airflow_venv/lib/python3.12/site-packages/airflow/example_dags/example_short_circuit_decorator.py for tasks to queue
[2024-10-12T07:34:42.746+0000] {logging_mixin.py:190} INFO - [2024-10-12T07:34:42.745+0000] {dagbag.py:588} INFO - Filling up the DagBag from /home/vboxuser/airflow_venv/lib/python3.12/site-packages/airflow/example_dags/example_short_circuit_decorator.py
[2024-10-12T07:34:42.762+0000] {processor.py:925} INFO - DAG(s) 'example_short_circuit_decorator' retrieved from /home/vboxuser/airflow_venv/lib/python3.12/site-packages/airflow/example_dags/example_short_circuit_decorator.py
[2024-10-12T07:34:42.789+0000] {logging_mixin.py:190} INFO - [2024-10-12T07:34:42.789+0000] {dag.py:3239} INFO - Sync 1 DAGs
[2024-10-12T07:34:42.805+0000] {logging_mixin.py:190} INFO - [2024-10-12T07:34:42.804+0000] {dag.py:4180} INFO - Setting next_dagrun for example_short_circuit_decorator to None, run_after=None
[2024-10-12T07:34:42.839+0000] {processor.py:208} INFO - Processing /home/vboxuser/airflow_venv/lib/python3.12/site-packages/airflow/example_dags/example_short_circuit_decorator.py took 0.108 seconds
[2024-10-12T07:47:31.505+0000] {processor.py:186} INFO - Started process (PID=12931) to work on /home/vboxuser/airflow_venv/lib/python3.12/site-packages/airflow/example_dags/example_short_circuit_decorator.py
[2024-10-12T07:47:31.509+0000] {processor.py:914} INFO - Processing file /home/vboxuser/airflow_venv/lib/python3.12/site-packages/airflow/example_dags/example_short_circuit_decorator.py for tasks to queue
[2024-10-12T07:47:31.516+0000] {logging_mixin.py:190} INFO - [2024-10-12T07:47:31.514+0000] {dagbag.py:588} INFO - Filling up the DagBag from /home/vboxuser/airflow_venv/lib/python3.12/site-packages/airflow/example_dags/example_short_circuit_decorator.py
[2024-10-12T07:47:31.534+0000] {processor.py:925} INFO - DAG(s) 'example_short_circuit_decorator' retrieved from /home/vboxuser/airflow_venv/lib/python3.12/site-packages/airflow/example_dags/example_short_circuit_decorator.py
[2024-10-12T07:47:31.567+0000] {logging_mixin.py:190} INFO - [2024-10-12T07:47:31.567+0000] {dag.py:3239} INFO - Sync 1 DAGs
[2024-10-12T07:47:31.589+0000] {logging_mixin.py:190} INFO - [2024-10-12T07:47:31.588+0000] {dag.py:4180} INFO - Setting next_dagrun for example_short_circuit_decorator to None, run_after=None
[2024-10-12T07:47:31.636+0000] {processor.py:208} INFO - Processing /home/vboxuser/airflow_venv/lib/python3.12/site-packages/airflow/example_dags/example_short_circuit_decorator.py took 0.142 seconds
[2024-10-12T07:48:41.773+0000] {processor.py:186} INFO - Started process (PID=12992) to work on /home/vboxuser/airflow_venv/lib/python3.12/site-packages/airflow/example_dags/example_short_circuit_decorator.py
[2024-10-12T07:48:41.775+0000] {processor.py:914} INFO - Processing file /home/vboxuser/airflow_venv/lib/python3.12/site-packages/airflow/example_dags/example_short_circuit_decorator.py for tasks to queue
[2024-10-12T07:48:41.779+0000] {logging_mixin.py:190} INFO - [2024-10-12T07:48:41.778+0000] {dagbag.py:588} INFO - Filling up the DagBag from /home/vboxuser/airflow_venv/lib/python3.12/site-packages/airflow/example_dags/example_short_circuit_decorator.py
[2024-10-12T07:48:41.795+0000] {processor.py:925} INFO - DAG(s) 'example_short_circuit_decorator' retrieved from /home/vboxuser/airflow_venv/lib/python3.12/site-packages/airflow/example_dags/example_short_circuit_decorator.py
[2024-10-12T07:48:41.822+0000] {logging_mixin.py:190} INFO - [2024-10-12T07:48:41.822+0000] {dag.py:3239} INFO - Sync 1 DAGs
[2024-10-12T07:48:41.839+0000] {logging_mixin.py:190} INFO - [2024-10-12T07:48:41.838+0000] {dag.py:4180} INFO - Setting next_dagrun for example_short_circuit_decorator to None, run_after=None
[2024-10-12T07:48:41.885+0000] {processor.py:208} INFO - Processing /home/vboxuser/airflow_venv/lib/python3.12/site-packages/airflow/example_dags/example_short_circuit_decorator.py took 0.121 seconds
[2024-10-12T07:49:49.639+0000] {processor.py:186} INFO - Started process (PID=13051) to work on /home/vboxuser/airflow_venv/lib/python3.12/site-packages/airflow/example_dags/example_short_circuit_decorator.py
[2024-10-12T07:49:49.641+0000] {processor.py:914} INFO - Processing file /home/vboxuser/airflow_venv/lib/python3.12/site-packages/airflow/example_dags/example_short_circuit_decorator.py for tasks to queue
[2024-10-12T07:49:49.645+0000] {logging_mixin.py:190} INFO - [2024-10-12T07:49:49.644+0000] {dagbag.py:588} INFO - Filling up the DagBag from /home/vboxuser/airflow_venv/lib/python3.12/site-packages/airflow/example_dags/example_short_circuit_decorator.py
[2024-10-12T07:49:49.663+0000] {processor.py:925} INFO - DAG(s) 'example_short_circuit_decorator' retrieved from /home/vboxuser/airflow_venv/lib/python3.12/site-packages/airflow/example_dags/example_short_circuit_decorator.py
[2024-10-12T07:49:49.697+0000] {logging_mixin.py:190} INFO - [2024-10-12T07:49:49.696+0000] {dag.py:3239} INFO - Sync 1 DAGs
[2024-10-12T07:49:49.729+0000] {logging_mixin.py:190} INFO - [2024-10-12T07:49:49.729+0000] {dag.py:4180} INFO - Setting next_dagrun for example_short_circuit_decorator to None, run_after=None
[2024-10-12T07:49:49.794+0000] {processor.py:208} INFO - Processing /home/vboxuser/airflow_venv/lib/python3.12/site-packages/airflow/example_dags/example_short_circuit_decorator.py took 0.168 seconds
[2024-10-12T07:50:57.776+0000] {processor.py:186} INFO - Started process (PID=13184) to work on /home/vboxuser/airflow_venv/lib/python3.12/site-packages/airflow/example_dags/example_short_circuit_decorator.py
[2024-10-12T07:50:57.779+0000] {processor.py:914} INFO - Processing file /home/vboxuser/airflow_venv/lib/python3.12/site-packages/airflow/example_dags/example_short_circuit_decorator.py for tasks to queue
[2024-10-12T07:50:57.783+0000] {logging_mixin.py:190} INFO - [2024-10-12T07:50:57.782+0000] {dagbag.py:588} INFO - Filling up the DagBag from /home/vboxuser/airflow_venv/lib/python3.12/site-packages/airflow/example_dags/example_short_circuit_decorator.py
[2024-10-12T07:50:57.805+0000] {processor.py:925} INFO - DAG(s) 'example_short_circuit_decorator' retrieved from /home/vboxuser/airflow_venv/lib/python3.12/site-packages/airflow/example_dags/example_short_circuit_decorator.py
[2024-10-12T07:50:57.832+0000] {logging_mixin.py:190} INFO - [2024-10-12T07:50:57.831+0000] {dag.py:3239} INFO - Sync 1 DAGs
[2024-10-12T07:50:57.849+0000] {logging_mixin.py:190} INFO - [2024-10-12T07:50:57.849+0000] {dag.py:4180} INFO - Setting next_dagrun for example_short_circuit_decorator to None, run_after=None
[2024-10-12T07:50:57.897+0000] {processor.py:208} INFO - Processing /home/vboxuser/airflow_venv/lib/python3.12/site-packages/airflow/example_dags/example_short_circuit_decorator.py took 0.134 seconds
[2024-10-12T07:52:10.158+0000] {processor.py:186} INFO - Started process (PID=13254) to work on /home/vboxuser/airflow_venv/lib/python3.12/site-packages/airflow/example_dags/example_short_circuit_decorator.py
[2024-10-12T07:52:10.160+0000] {processor.py:914} INFO - Processing file /home/vboxuser/airflow_venv/lib/python3.12/site-packages/airflow/example_dags/example_short_circuit_decorator.py for tasks to queue
[2024-10-12T07:52:10.163+0000] {logging_mixin.py:190} INFO - [2024-10-12T07:52:10.162+0000] {dagbag.py:588} INFO - Filling up the DagBag from /home/vboxuser/airflow_venv/lib/python3.12/site-packages/airflow/example_dags/example_short_circuit_decorator.py
[2024-10-12T07:52:10.178+0000] {processor.py:925} INFO - DAG(s) 'example_short_circuit_decorator' retrieved from /home/vboxuser/airflow_venv/lib/python3.12/site-packages/airflow/example_dags/example_short_circuit_decorator.py
[2024-10-12T07:52:10.203+0000] {logging_mixin.py:190} INFO - [2024-10-12T07:52:10.203+0000] {dag.py:3239} INFO - Sync 1 DAGs
[2024-10-12T07:52:10.219+0000] {logging_mixin.py:190} INFO - [2024-10-12T07:52:10.219+0000] {dag.py:4180} INFO - Setting next_dagrun for example_short_circuit_decorator to None, run_after=None
[2024-10-12T07:52:10.252+0000] {processor.py:208} INFO - Processing /home/vboxuser/airflow_venv/lib/python3.12/site-packages/airflow/example_dags/example_short_circuit_decorator.py took 0.101 seconds
[2024-10-12T07:53:17.798+0000] {processor.py:186} INFO - Started process (PID=13336) to work on /home/vboxuser/airflow_venv/lib/python3.12/site-packages/airflow/example_dags/example_short_circuit_decorator.py
[2024-10-12T07:53:17.806+0000] {processor.py:914} INFO - Processing file /home/vboxuser/airflow_venv/lib/python3.12/site-packages/airflow/example_dags/example_short_circuit_decorator.py for tasks to queue
[2024-10-12T07:53:17.813+0000] {logging_mixin.py:190} INFO - [2024-10-12T07:53:17.812+0000] {dagbag.py:588} INFO - Filling up the DagBag from /home/vboxuser/airflow_venv/lib/python3.12/site-packages/airflow/example_dags/example_short_circuit_decorator.py
[2024-10-12T07:53:17.833+0000] {processor.py:925} INFO - DAG(s) 'example_short_circuit_decorator' retrieved from /home/vboxuser/airflow_venv/lib/python3.12/site-packages/airflow/example_dags/example_short_circuit_decorator.py
[2024-10-12T07:53:17.860+0000] {logging_mixin.py:190} INFO - [2024-10-12T07:53:17.859+0000] {dag.py:3239} INFO - Sync 1 DAGs
[2024-10-12T07:53:17.877+0000] {logging_mixin.py:190} INFO - [2024-10-12T07:53:17.877+0000] {dag.py:4180} INFO - Setting next_dagrun for example_short_circuit_decorator to None, run_after=None
[2024-10-12T07:53:17.910+0000] {processor.py:208} INFO - Processing /home/vboxuser/airflow_venv/lib/python3.12/site-packages/airflow/example_dags/example_short_circuit_decorator.py took 0.139 seconds
[2024-10-12T07:54:17.095+0000] {processor.py:186} INFO - Started process (PID=13392) to work on /home/vboxuser/airflow_venv/lib/python3.12/site-packages/airflow/example_dags/example_short_circuit_decorator.py
[2024-10-12T07:54:17.102+0000] {processor.py:914} INFO - Processing file /home/vboxuser/airflow_venv/lib/python3.12/site-packages/airflow/example_dags/example_short_circuit_decorator.py for tasks to queue
[2024-10-12T07:54:17.106+0000] {logging_mixin.py:190} INFO - [2024-10-12T07:54:17.105+0000] {dagbag.py:588} INFO - Filling up the DagBag from /home/vboxuser/airflow_venv/lib/python3.12/site-packages/airflow/example_dags/example_short_circuit_decorator.py
[2024-10-12T07:54:17.123+0000] {processor.py:925} INFO - DAG(s) 'example_short_circuit_decorator' retrieved from /home/vboxuser/airflow_venv/lib/python3.12/site-packages/airflow/example_dags/example_short_circuit_decorator.py
[2024-10-12T07:54:17.157+0000] {logging_mixin.py:190} INFO - [2024-10-12T07:54:17.157+0000] {dag.py:3239} INFO - Sync 1 DAGs
[2024-10-12T07:54:17.177+0000] {logging_mixin.py:190} INFO - [2024-10-12T07:54:17.177+0000] {dag.py:4180} INFO - Setting next_dagrun for example_short_circuit_decorator to None, run_after=None
[2024-10-12T07:54:17.215+0000] {processor.py:208} INFO - Processing /home/vboxuser/airflow_venv/lib/python3.12/site-packages/airflow/example_dags/example_short_circuit_decorator.py took 0.132 seconds
[2024-10-12T07:55:19.940+0000] {processor.py:186} INFO - Started process (PID=13454) to work on /home/vboxuser/airflow_venv/lib/python3.12/site-packages/airflow/example_dags/example_short_circuit_decorator.py
[2024-10-12T07:55:19.943+0000] {processor.py:914} INFO - Processing file /home/vboxuser/airflow_venv/lib/python3.12/site-packages/airflow/example_dags/example_short_circuit_decorator.py for tasks to queue
[2024-10-12T07:55:19.947+0000] {logging_mixin.py:190} INFO - [2024-10-12T07:55:19.946+0000] {dagbag.py:588} INFO - Filling up the DagBag from /home/vboxuser/airflow_venv/lib/python3.12/site-packages/airflow/example_dags/example_short_circuit_decorator.py
[2024-10-12T07:55:19.965+0000] {processor.py:925} INFO - DAG(s) 'example_short_circuit_decorator' retrieved from /home/vboxuser/airflow_venv/lib/python3.12/site-packages/airflow/example_dags/example_short_circuit_decorator.py
[2024-10-12T07:55:19.992+0000] {logging_mixin.py:190} INFO - [2024-10-12T07:55:19.992+0000] {dag.py:3239} INFO - Sync 1 DAGs
[2024-10-12T07:55:20.012+0000] {logging_mixin.py:190} INFO - [2024-10-12T07:55:20.011+0000] {dag.py:4180} INFO - Setting next_dagrun for example_short_circuit_decorator to None, run_after=None
[2024-10-12T07:55:20.052+0000] {processor.py:208} INFO - Processing /home/vboxuser/airflow_venv/lib/python3.12/site-packages/airflow/example_dags/example_short_circuit_decorator.py took 0.122 seconds
[2024-10-12T07:56:26.856+0000] {processor.py:186} INFO - Started process (PID=13517) to work on /home/vboxuser/airflow_venv/lib/python3.12/site-packages/airflow/example_dags/example_short_circuit_decorator.py
[2024-10-12T07:56:26.858+0000] {processor.py:914} INFO - Processing file /home/vboxuser/airflow_venv/lib/python3.12/site-packages/airflow/example_dags/example_short_circuit_decorator.py for tasks to queue
[2024-10-12T07:56:26.861+0000] {logging_mixin.py:190} INFO - [2024-10-12T07:56:26.860+0000] {dagbag.py:588} INFO - Filling up the DagBag from /home/vboxuser/airflow_venv/lib/python3.12/site-packages/airflow/example_dags/example_short_circuit_decorator.py
[2024-10-12T07:56:26.875+0000] {processor.py:925} INFO - DAG(s) 'example_short_circuit_decorator' retrieved from /home/vboxuser/airflow_venv/lib/python3.12/site-packages/airflow/example_dags/example_short_circuit_decorator.py
[2024-10-12T07:56:26.901+0000] {logging_mixin.py:190} INFO - [2024-10-12T07:56:26.901+0000] {dag.py:3239} INFO - Sync 1 DAGs
[2024-10-12T07:56:26.917+0000] {logging_mixin.py:190} INFO - [2024-10-12T07:56:26.917+0000] {dag.py:4180} INFO - Setting next_dagrun for example_short_circuit_decorator to None, run_after=None
[2024-10-12T07:56:26.954+0000] {processor.py:208} INFO - Processing /home/vboxuser/airflow_venv/lib/python3.12/site-packages/airflow/example_dags/example_short_circuit_decorator.py took 0.107 seconds
[2024-10-12T07:57:36.207+0000] {processor.py:186} INFO - Started process (PID=13592) to work on /home/vboxuser/airflow_venv/lib/python3.12/site-packages/airflow/example_dags/example_short_circuit_decorator.py
[2024-10-12T07:57:36.210+0000] {processor.py:914} INFO - Processing file /home/vboxuser/airflow_venv/lib/python3.12/site-packages/airflow/example_dags/example_short_circuit_decorator.py for tasks to queue
[2024-10-12T07:57:36.214+0000] {logging_mixin.py:190} INFO - [2024-10-12T07:57:36.213+0000] {dagbag.py:588} INFO - Filling up the DagBag from /home/vboxuser/airflow_venv/lib/python3.12/site-packages/airflow/example_dags/example_short_circuit_decorator.py
[2024-10-12T07:57:36.231+0000] {processor.py:925} INFO - DAG(s) 'example_short_circuit_decorator' retrieved from /home/vboxuser/airflow_venv/lib/python3.12/site-packages/airflow/example_dags/example_short_circuit_decorator.py
[2024-10-12T07:57:36.252+0000] {logging_mixin.py:190} INFO - [2024-10-12T07:57:36.252+0000] {dag.py:3239} INFO - Sync 1 DAGs
[2024-10-12T07:57:36.266+0000] {logging_mixin.py:190} INFO - [2024-10-12T07:57:36.266+0000] {dag.py:4180} INFO - Setting next_dagrun for example_short_circuit_decorator to None, run_after=None
[2024-10-12T07:57:36.300+0000] {processor.py:208} INFO - Processing /home/vboxuser/airflow_venv/lib/python3.12/site-packages/airflow/example_dags/example_short_circuit_decorator.py took 0.103 seconds
[2024-10-12T07:58:37.958+0000] {processor.py:186} INFO - Started process (PID=13651) to work on /home/vboxuser/airflow_venv/lib/python3.12/site-packages/airflow/example_dags/example_short_circuit_decorator.py
[2024-10-12T07:58:37.961+0000] {processor.py:914} INFO - Processing file /home/vboxuser/airflow_venv/lib/python3.12/site-packages/airflow/example_dags/example_short_circuit_decorator.py for tasks to queue
[2024-10-12T07:58:37.965+0000] {logging_mixin.py:190} INFO - [2024-10-12T07:58:37.964+0000] {dagbag.py:588} INFO - Filling up the DagBag from /home/vboxuser/airflow_venv/lib/python3.12/site-packages/airflow/example_dags/example_short_circuit_decorator.py
[2024-10-12T07:58:37.986+0000] {processor.py:925} INFO - DAG(s) 'example_short_circuit_decorator' retrieved from /home/vboxuser/airflow_venv/lib/python3.12/site-packages/airflow/example_dags/example_short_circuit_decorator.py
[2024-10-12T07:58:38.011+0000] {logging_mixin.py:190} INFO - [2024-10-12T07:58:38.011+0000] {dag.py:3239} INFO - Sync 1 DAGs
[2024-10-12T07:58:38.025+0000] {logging_mixin.py:190} INFO - [2024-10-12T07:58:38.024+0000] {dag.py:4180} INFO - Setting next_dagrun for example_short_circuit_decorator to None, run_after=None
[2024-10-12T07:58:38.056+0000] {processor.py:208} INFO - Processing /home/vboxuser/airflow_venv/lib/python3.12/site-packages/airflow/example_dags/example_short_circuit_decorator.py took 0.110 seconds
[2024-10-12T07:59:38.182+0000] {processor.py:186} INFO - Started process (PID=13708) to work on /home/vboxuser/airflow_venv/lib/python3.12/site-packages/airflow/example_dags/example_short_circuit_decorator.py
[2024-10-12T07:59:38.186+0000] {processor.py:914} INFO - Processing file /home/vboxuser/airflow_venv/lib/python3.12/site-packages/airflow/example_dags/example_short_circuit_decorator.py for tasks to queue
[2024-10-12T07:59:38.192+0000] {logging_mixin.py:190} INFO - [2024-10-12T07:59:38.191+0000] {dagbag.py:588} INFO - Filling up the DagBag from /home/vboxuser/airflow_venv/lib/python3.12/site-packages/airflow/example_dags/example_short_circuit_decorator.py
[2024-10-12T07:59:38.212+0000] {processor.py:925} INFO - DAG(s) 'example_short_circuit_decorator' retrieved from /home/vboxuser/airflow_venv/lib/python3.12/site-packages/airflow/example_dags/example_short_circuit_decorator.py
[2024-10-12T07:59:38.245+0000] {logging_mixin.py:190} INFO - [2024-10-12T07:59:38.245+0000] {dag.py:3239} INFO - Sync 1 DAGs
[2024-10-12T07:59:38.269+0000] {logging_mixin.py:190} INFO - [2024-10-12T07:59:38.269+0000] {dag.py:4180} INFO - Setting next_dagrun for example_short_circuit_decorator to None, run_after=None
[2024-10-12T07:59:38.312+0000] {processor.py:208} INFO - Processing /home/vboxuser/airflow_venv/lib/python3.12/site-packages/airflow/example_dags/example_short_circuit_decorator.py took 0.147 seconds
[2024-10-12T08:00:43.014+0000] {processor.py:186} INFO - Started process (PID=13770) to work on /home/vboxuser/airflow_venv/lib/python3.12/site-packages/airflow/example_dags/example_short_circuit_decorator.py
[2024-10-12T08:00:43.018+0000] {processor.py:914} INFO - Processing file /home/vboxuser/airflow_venv/lib/python3.12/site-packages/airflow/example_dags/example_short_circuit_decorator.py for tasks to queue
[2024-10-12T08:00:43.023+0000] {logging_mixin.py:190} INFO - [2024-10-12T08:00:43.022+0000] {dagbag.py:588} INFO - Filling up the DagBag from /home/vboxuser/airflow_venv/lib/python3.12/site-packages/airflow/example_dags/example_short_circuit_decorator.py
[2024-10-12T08:00:43.040+0000] {processor.py:925} INFO - DAG(s) 'example_short_circuit_decorator' retrieved from /home/vboxuser/airflow_venv/lib/python3.12/site-packages/airflow/example_dags/example_short_circuit_decorator.py
[2024-10-12T08:00:43.068+0000] {logging_mixin.py:190} INFO - [2024-10-12T08:00:43.067+0000] {dag.py:3239} INFO - Sync 1 DAGs
[2024-10-12T08:00:43.084+0000] {logging_mixin.py:190} INFO - [2024-10-12T08:00:43.084+0000] {dag.py:4180} INFO - Setting next_dagrun for example_short_circuit_decorator to None, run_after=None
[2024-10-12T08:00:43.122+0000] {processor.py:208} INFO - Processing /home/vboxuser/airflow_venv/lib/python3.12/site-packages/airflow/example_dags/example_short_circuit_decorator.py took 0.117 seconds
[2024-10-12T08:01:52.238+0000] {processor.py:186} INFO - Started process (PID=13831) to work on /home/vboxuser/airflow_venv/lib/python3.12/site-packages/airflow/example_dags/example_short_circuit_decorator.py
[2024-10-12T08:01:52.242+0000] {processor.py:914} INFO - Processing file /home/vboxuser/airflow_venv/lib/python3.12/site-packages/airflow/example_dags/example_short_circuit_decorator.py for tasks to queue
[2024-10-12T08:01:52.246+0000] {logging_mixin.py:190} INFO - [2024-10-12T08:01:52.245+0000] {dagbag.py:588} INFO - Filling up the DagBag from /home/vboxuser/airflow_venv/lib/python3.12/site-packages/airflow/example_dags/example_short_circuit_decorator.py
[2024-10-12T08:01:52.264+0000] {processor.py:925} INFO - DAG(s) 'example_short_circuit_decorator' retrieved from /home/vboxuser/airflow_venv/lib/python3.12/site-packages/airflow/example_dags/example_short_circuit_decorator.py
[2024-10-12T08:01:52.297+0000] {logging_mixin.py:190} INFO - [2024-10-12T08:01:52.296+0000] {dag.py:3239} INFO - Sync 1 DAGs
[2024-10-12T08:01:52.315+0000] {logging_mixin.py:190} INFO - [2024-10-12T08:01:52.315+0000] {dag.py:4180} INFO - Setting next_dagrun for example_short_circuit_decorator to None, run_after=None
[2024-10-12T08:01:52.353+0000] {processor.py:208} INFO - Processing /home/vboxuser/airflow_venv/lib/python3.12/site-packages/airflow/example_dags/example_short_circuit_decorator.py took 0.125 seconds
[2024-10-12T08:02:54.975+0000] {processor.py:186} INFO - Started process (PID=13889) to work on /home/vboxuser/airflow_venv/lib/python3.12/site-packages/airflow/example_dags/example_short_circuit_decorator.py
[2024-10-12T08:02:54.977+0000] {processor.py:914} INFO - Processing file /home/vboxuser/airflow_venv/lib/python3.12/site-packages/airflow/example_dags/example_short_circuit_decorator.py for tasks to queue
[2024-10-12T08:02:54.981+0000] {logging_mixin.py:190} INFO - [2024-10-12T08:02:54.980+0000] {dagbag.py:588} INFO - Filling up the DagBag from /home/vboxuser/airflow_venv/lib/python3.12/site-packages/airflow/example_dags/example_short_circuit_decorator.py
[2024-10-12T08:02:54.997+0000] {processor.py:925} INFO - DAG(s) 'example_short_circuit_decorator' retrieved from /home/vboxuser/airflow_venv/lib/python3.12/site-packages/airflow/example_dags/example_short_circuit_decorator.py
[2024-10-12T08:02:55.024+0000] {logging_mixin.py:190} INFO - [2024-10-12T08:02:55.024+0000] {dag.py:3239} INFO - Sync 1 DAGs
[2024-10-12T08:02:55.042+0000] {logging_mixin.py:190} INFO - [2024-10-12T08:02:55.042+0000] {dag.py:4180} INFO - Setting next_dagrun for example_short_circuit_decorator to None, run_after=None
[2024-10-12T08:02:55.086+0000] {processor.py:208} INFO - Processing /home/vboxuser/airflow_venv/lib/python3.12/site-packages/airflow/example_dags/example_short_circuit_decorator.py took 0.124 seconds
[2024-10-12T08:04:02.307+0000] {processor.py:186} INFO - Started process (PID=13959) to work on /home/vboxuser/airflow_venv/lib/python3.12/site-packages/airflow/example_dags/example_short_circuit_decorator.py
[2024-10-12T08:04:02.309+0000] {processor.py:914} INFO - Processing file /home/vboxuser/airflow_venv/lib/python3.12/site-packages/airflow/example_dags/example_short_circuit_decorator.py for tasks to queue
[2024-10-12T08:04:02.313+0000] {logging_mixin.py:190} INFO - [2024-10-12T08:04:02.312+0000] {dagbag.py:588} INFO - Filling up the DagBag from /home/vboxuser/airflow_venv/lib/python3.12/site-packages/airflow/example_dags/example_short_circuit_decorator.py
[2024-10-12T08:04:02.332+0000] {processor.py:925} INFO - DAG(s) 'example_short_circuit_decorator' retrieved from /home/vboxuser/airflow_venv/lib/python3.12/site-packages/airflow/example_dags/example_short_circuit_decorator.py
[2024-10-12T08:04:02.365+0000] {logging_mixin.py:190} INFO - [2024-10-12T08:04:02.365+0000] {dag.py:3239} INFO - Sync 1 DAGs
[2024-10-12T08:04:02.383+0000] {logging_mixin.py:190} INFO - [2024-10-12T08:04:02.383+0000] {dag.py:4180} INFO - Setting next_dagrun for example_short_circuit_decorator to None, run_after=None
[2024-10-12T08:04:02.427+0000] {processor.py:208} INFO - Processing /home/vboxuser/airflow_venv/lib/python3.12/site-packages/airflow/example_dags/example_short_circuit_decorator.py took 0.130 seconds
[2024-10-12T08:05:11.589+0000] {processor.py:186} INFO - Started process (PID=14024) to work on /home/vboxuser/airflow_venv/lib/python3.12/site-packages/airflow/example_dags/example_short_circuit_decorator.py
[2024-10-12T08:05:11.594+0000] {processor.py:914} INFO - Processing file /home/vboxuser/airflow_venv/lib/python3.12/site-packages/airflow/example_dags/example_short_circuit_decorator.py for tasks to queue
[2024-10-12T08:05:11.598+0000] {logging_mixin.py:190} INFO - [2024-10-12T08:05:11.597+0000] {dagbag.py:588} INFO - Filling up the DagBag from /home/vboxuser/airflow_venv/lib/python3.12/site-packages/airflow/example_dags/example_short_circuit_decorator.py
[2024-10-12T08:05:11.615+0000] {processor.py:925} INFO - DAG(s) 'example_short_circuit_decorator' retrieved from /home/vboxuser/airflow_venv/lib/python3.12/site-packages/airflow/example_dags/example_short_circuit_decorator.py
[2024-10-12T08:05:11.644+0000] {logging_mixin.py:190} INFO - [2024-10-12T08:05:11.644+0000] {dag.py:3239} INFO - Sync 1 DAGs
[2024-10-12T08:05:11.662+0000] {logging_mixin.py:190} INFO - [2024-10-12T08:05:11.662+0000] {dag.py:4180} INFO - Setting next_dagrun for example_short_circuit_decorator to None, run_after=None
[2024-10-12T08:05:11.703+0000] {processor.py:208} INFO - Processing /home/vboxuser/airflow_venv/lib/python3.12/site-packages/airflow/example_dags/example_short_circuit_decorator.py took 0.122 seconds
[2024-10-12T08:06:24.022+0000] {processor.py:186} INFO - Started process (PID=14095) to work on /home/vboxuser/airflow_venv/lib/python3.12/site-packages/airflow/example_dags/example_short_circuit_decorator.py
[2024-10-12T08:06:24.026+0000] {processor.py:914} INFO - Processing file /home/vboxuser/airflow_venv/lib/python3.12/site-packages/airflow/example_dags/example_short_circuit_decorator.py for tasks to queue
[2024-10-12T08:06:24.032+0000] {logging_mixin.py:190} INFO - [2024-10-12T08:06:24.031+0000] {dagbag.py:588} INFO - Filling up the DagBag from /home/vboxuser/airflow_venv/lib/python3.12/site-packages/airflow/example_dags/example_short_circuit_decorator.py
[2024-10-12T08:06:24.057+0000] {processor.py:925} INFO - DAG(s) 'example_short_circuit_decorator' retrieved from /home/vboxuser/airflow_venv/lib/python3.12/site-packages/airflow/example_dags/example_short_circuit_decorator.py
[2024-10-12T08:06:24.114+0000] {logging_mixin.py:190} INFO - [2024-10-12T08:06:24.113+0000] {dag.py:3239} INFO - Sync 1 DAGs
[2024-10-12T08:06:24.180+0000] {logging_mixin.py:190} INFO - [2024-10-12T08:06:24.179+0000] {dag.py:4180} INFO - Setting next_dagrun for example_short_circuit_decorator to None, run_after=None
[2024-10-12T08:06:24.325+0000] {processor.py:208} INFO - Processing /home/vboxuser/airflow_venv/lib/python3.12/site-packages/airflow/example_dags/example_short_circuit_decorator.py took 0.317 seconds
[2024-10-12T08:07:40.967+0000] {processor.py:186} INFO - Started process (PID=14164) to work on /home/vboxuser/airflow_venv/lib/python3.12/site-packages/airflow/example_dags/example_short_circuit_decorator.py
[2024-10-12T08:07:40.971+0000] {processor.py:914} INFO - Processing file /home/vboxuser/airflow_venv/lib/python3.12/site-packages/airflow/example_dags/example_short_circuit_decorator.py for tasks to queue
[2024-10-12T08:07:40.976+0000] {logging_mixin.py:190} INFO - [2024-10-12T08:07:40.976+0000] {dagbag.py:588} INFO - Filling up the DagBag from /home/vboxuser/airflow_venv/lib/python3.12/site-packages/airflow/example_dags/example_short_circuit_decorator.py
[2024-10-12T08:07:40.993+0000] {processor.py:925} INFO - DAG(s) 'example_short_circuit_decorator' retrieved from /home/vboxuser/airflow_venv/lib/python3.12/site-packages/airflow/example_dags/example_short_circuit_decorator.py
[2024-10-12T08:07:41.031+0000] {logging_mixin.py:190} INFO - [2024-10-12T08:07:41.029+0000] {dag.py:3239} INFO - Sync 1 DAGs
[2024-10-12T08:07:41.062+0000] {logging_mixin.py:190} INFO - [2024-10-12T08:07:41.061+0000] {dag.py:4180} INFO - Setting next_dagrun for example_short_circuit_decorator to None, run_after=None
[2024-10-12T08:07:41.120+0000] {processor.py:208} INFO - Processing /home/vboxuser/airflow_venv/lib/python3.12/site-packages/airflow/example_dags/example_short_circuit_decorator.py took 0.170 seconds
[2024-10-12T08:08:54.535+0000] {processor.py:186} INFO - Started process (PID=14229) to work on /home/vboxuser/airflow_venv/lib/python3.12/site-packages/airflow/example_dags/example_short_circuit_decorator.py
[2024-10-12T08:08:54.542+0000] {processor.py:914} INFO - Processing file /home/vboxuser/airflow_venv/lib/python3.12/site-packages/airflow/example_dags/example_short_circuit_decorator.py for tasks to queue
[2024-10-12T08:08:54.550+0000] {logging_mixin.py:190} INFO - [2024-10-12T08:08:54.549+0000] {dagbag.py:588} INFO - Filling up the DagBag from /home/vboxuser/airflow_venv/lib/python3.12/site-packages/airflow/example_dags/example_short_circuit_decorator.py
[2024-10-12T08:08:54.573+0000] {processor.py:925} INFO - DAG(s) 'example_short_circuit_decorator' retrieved from /home/vboxuser/airflow_venv/lib/python3.12/site-packages/airflow/example_dags/example_short_circuit_decorator.py
[2024-10-12T08:08:54.610+0000] {logging_mixin.py:190} INFO - [2024-10-12T08:08:54.610+0000] {dag.py:3239} INFO - Sync 1 DAGs
[2024-10-12T08:08:54.637+0000] {logging_mixin.py:190} INFO - [2024-10-12T08:08:54.637+0000] {dag.py:4180} INFO - Setting next_dagrun for example_short_circuit_decorator to None, run_after=None
[2024-10-12T08:08:54.706+0000] {processor.py:208} INFO - Processing /home/vboxuser/airflow_venv/lib/python3.12/site-packages/airflow/example_dags/example_short_circuit_decorator.py took 0.186 seconds
[2024-10-12T08:10:13.014+0000] {processor.py:186} INFO - Started process (PID=14295) to work on /home/vboxuser/airflow_venv/lib/python3.12/site-packages/airflow/example_dags/example_short_circuit_decorator.py
[2024-10-12T08:10:13.018+0000] {processor.py:914} INFO - Processing file /home/vboxuser/airflow_venv/lib/python3.12/site-packages/airflow/example_dags/example_short_circuit_decorator.py for tasks to queue
[2024-10-12T08:10:13.024+0000] {logging_mixin.py:190} INFO - [2024-10-12T08:10:13.023+0000] {dagbag.py:588} INFO - Filling up the DagBag from /home/vboxuser/airflow_venv/lib/python3.12/site-packages/airflow/example_dags/example_short_circuit_decorator.py
[2024-10-12T08:10:13.055+0000] {processor.py:925} INFO - DAG(s) 'example_short_circuit_decorator' retrieved from /home/vboxuser/airflow_venv/lib/python3.12/site-packages/airflow/example_dags/example_short_circuit_decorator.py
[2024-10-12T08:10:13.090+0000] {logging_mixin.py:190} INFO - [2024-10-12T08:10:13.090+0000] {dag.py:3239} INFO - Sync 1 DAGs
[2024-10-12T08:10:13.110+0000] {logging_mixin.py:190} INFO - [2024-10-12T08:10:13.110+0000] {dag.py:4180} INFO - Setting next_dagrun for example_short_circuit_decorator to None, run_after=None
[2024-10-12T08:10:13.163+0000] {processor.py:208} INFO - Processing /home/vboxuser/airflow_venv/lib/python3.12/site-packages/airflow/example_dags/example_short_circuit_decorator.py took 0.164 seconds
[2024-10-12T08:11:24.009+0000] {processor.py:186} INFO - Started process (PID=14358) to work on /home/vboxuser/airflow_venv/lib/python3.12/site-packages/airflow/example_dags/example_short_circuit_decorator.py
[2024-10-12T08:11:24.013+0000] {processor.py:914} INFO - Processing file /home/vboxuser/airflow_venv/lib/python3.12/site-packages/airflow/example_dags/example_short_circuit_decorator.py for tasks to queue
[2024-10-12T08:11:24.018+0000] {logging_mixin.py:190} INFO - [2024-10-12T08:11:24.017+0000] {dagbag.py:588} INFO - Filling up the DagBag from /home/vboxuser/airflow_venv/lib/python3.12/site-packages/airflow/example_dags/example_short_circuit_decorator.py
[2024-10-12T08:11:24.045+0000] {processor.py:925} INFO - DAG(s) 'example_short_circuit_decorator' retrieved from /home/vboxuser/airflow_venv/lib/python3.12/site-packages/airflow/example_dags/example_short_circuit_decorator.py
[2024-10-12T08:11:24.079+0000] {logging_mixin.py:190} INFO - [2024-10-12T08:11:24.079+0000] {dag.py:3239} INFO - Sync 1 DAGs
[2024-10-12T08:11:24.096+0000] {logging_mixin.py:190} INFO - [2024-10-12T08:11:24.096+0000] {dag.py:4180} INFO - Setting next_dagrun for example_short_circuit_decorator to None, run_after=None
[2024-10-12T08:11:24.146+0000] {processor.py:208} INFO - Processing /home/vboxuser/airflow_venv/lib/python3.12/site-packages/airflow/example_dags/example_short_circuit_decorator.py took 0.149 seconds
[2024-10-12T08:12:28.112+0000] {processor.py:186} INFO - Started process (PID=14417) to work on /home/vboxuser/airflow_venv/lib/python3.12/site-packages/airflow/example_dags/example_short_circuit_decorator.py
[2024-10-12T08:12:28.119+0000] {processor.py:914} INFO - Processing file /home/vboxuser/airflow_venv/lib/python3.12/site-packages/airflow/example_dags/example_short_circuit_decorator.py for tasks to queue
[2024-10-12T08:12:28.123+0000] {logging_mixin.py:190} INFO - [2024-10-12T08:12:28.123+0000] {dagbag.py:588} INFO - Filling up the DagBag from /home/vboxuser/airflow_venv/lib/python3.12/site-packages/airflow/example_dags/example_short_circuit_decorator.py
[2024-10-12T08:12:28.147+0000] {processor.py:925} INFO - DAG(s) 'example_short_circuit_decorator' retrieved from /home/vboxuser/airflow_venv/lib/python3.12/site-packages/airflow/example_dags/example_short_circuit_decorator.py
[2024-10-12T08:12:28.193+0000] {logging_mixin.py:190} INFO - [2024-10-12T08:12:28.192+0000] {dag.py:3239} INFO - Sync 1 DAGs
[2024-10-12T08:12:28.222+0000] {logging_mixin.py:190} INFO - [2024-10-12T08:12:28.221+0000] {dag.py:4180} INFO - Setting next_dagrun for example_short_circuit_decorator to None, run_after=None
[2024-10-12T08:12:28.279+0000] {processor.py:208} INFO - Processing /home/vboxuser/airflow_venv/lib/python3.12/site-packages/airflow/example_dags/example_short_circuit_decorator.py took 0.182 seconds
[2024-10-12T08:13:40.229+0000] {processor.py:186} INFO - Started process (PID=14480) to work on /home/vboxuser/airflow_venv/lib/python3.12/site-packages/airflow/example_dags/example_short_circuit_decorator.py
[2024-10-12T08:13:40.237+0000] {processor.py:914} INFO - Processing file /home/vboxuser/airflow_venv/lib/python3.12/site-packages/airflow/example_dags/example_short_circuit_decorator.py for tasks to queue
[2024-10-12T08:13:40.243+0000] {logging_mixin.py:190} INFO - [2024-10-12T08:13:40.242+0000] {dagbag.py:588} INFO - Filling up the DagBag from /home/vboxuser/airflow_venv/lib/python3.12/site-packages/airflow/example_dags/example_short_circuit_decorator.py
[2024-10-12T08:13:40.269+0000] {processor.py:925} INFO - DAG(s) 'example_short_circuit_decorator' retrieved from /home/vboxuser/airflow_venv/lib/python3.12/site-packages/airflow/example_dags/example_short_circuit_decorator.py
[2024-10-12T08:13:40.311+0000] {logging_mixin.py:190} INFO - [2024-10-12T08:13:40.310+0000] {dag.py:3239} INFO - Sync 1 DAGs
[2024-10-12T08:13:40.339+0000] {logging_mixin.py:190} INFO - [2024-10-12T08:13:40.338+0000] {dag.py:4180} INFO - Setting next_dagrun for example_short_circuit_decorator to None, run_after=None
[2024-10-12T08:13:40.387+0000] {processor.py:208} INFO - Processing /home/vboxuser/airflow_venv/lib/python3.12/site-packages/airflow/example_dags/example_short_circuit_decorator.py took 0.171 seconds
[2024-10-12T08:14:56.310+0000] {processor.py:186} INFO - Started process (PID=14543) to work on /home/vboxuser/airflow_venv/lib/python3.12/site-packages/airflow/example_dags/example_short_circuit_decorator.py
[2024-10-12T08:14:56.316+0000] {processor.py:914} INFO - Processing file /home/vboxuser/airflow_venv/lib/python3.12/site-packages/airflow/example_dags/example_short_circuit_decorator.py for tasks to queue
[2024-10-12T08:14:56.325+0000] {logging_mixin.py:190} INFO - [2024-10-12T08:14:56.324+0000] {dagbag.py:588} INFO - Filling up the DagBag from /home/vboxuser/airflow_venv/lib/python3.12/site-packages/airflow/example_dags/example_short_circuit_decorator.py
[2024-10-12T08:14:56.354+0000] {processor.py:925} INFO - DAG(s) 'example_short_circuit_decorator' retrieved from /home/vboxuser/airflow_venv/lib/python3.12/site-packages/airflow/example_dags/example_short_circuit_decorator.py
[2024-10-12T08:14:56.380+0000] {logging_mixin.py:190} INFO - [2024-10-12T08:14:56.380+0000] {dag.py:3239} INFO - Sync 1 DAGs
[2024-10-12T08:14:56.399+0000] {logging_mixin.py:190} INFO - [2024-10-12T08:14:56.399+0000] {dag.py:4180} INFO - Setting next_dagrun for example_short_circuit_decorator to None, run_after=None
[2024-10-12T08:14:56.451+0000] {processor.py:208} INFO - Processing /home/vboxuser/airflow_venv/lib/python3.12/site-packages/airflow/example_dags/example_short_circuit_decorator.py took 0.151 seconds
[2024-10-12T08:16:09.700+0000] {processor.py:186} INFO - Started process (PID=14608) to work on /home/vboxuser/airflow_venv/lib/python3.12/site-packages/airflow/example_dags/example_short_circuit_decorator.py
[2024-10-12T08:16:09.707+0000] {processor.py:914} INFO - Processing file /home/vboxuser/airflow_venv/lib/python3.12/site-packages/airflow/example_dags/example_short_circuit_decorator.py for tasks to queue
[2024-10-12T08:16:09.711+0000] {logging_mixin.py:190} INFO - [2024-10-12T08:16:09.710+0000] {dagbag.py:588} INFO - Filling up the DagBag from /home/vboxuser/airflow_venv/lib/python3.12/site-packages/airflow/example_dags/example_short_circuit_decorator.py
[2024-10-12T08:16:09.734+0000] {processor.py:925} INFO - DAG(s) 'example_short_circuit_decorator' retrieved from /home/vboxuser/airflow_venv/lib/python3.12/site-packages/airflow/example_dags/example_short_circuit_decorator.py
[2024-10-12T08:16:09.767+0000] {logging_mixin.py:190} INFO - [2024-10-12T08:16:09.767+0000] {dag.py:3239} INFO - Sync 1 DAGs
[2024-10-12T08:16:09.784+0000] {logging_mixin.py:190} INFO - [2024-10-12T08:16:09.784+0000] {dag.py:4180} INFO - Setting next_dagrun for example_short_circuit_decorator to None, run_after=None
[2024-10-12T08:16:09.848+0000] {processor.py:208} INFO - Processing /home/vboxuser/airflow_venv/lib/python3.12/site-packages/airflow/example_dags/example_short_circuit_decorator.py took 0.162 seconds
[2024-10-12T08:22:56.873+0000] {processor.py:186} INFO - Started process (PID=14681) to work on /home/vboxuser/airflow_venv/lib/python3.12/site-packages/airflow/example_dags/example_short_circuit_decorator.py
[2024-10-12T08:22:56.876+0000] {processor.py:914} INFO - Processing file /home/vboxuser/airflow_venv/lib/python3.12/site-packages/airflow/example_dags/example_short_circuit_decorator.py for tasks to queue
[2024-10-12T08:22:56.881+0000] {logging_mixin.py:190} INFO - [2024-10-12T08:22:56.880+0000] {dagbag.py:588} INFO - Filling up the DagBag from /home/vboxuser/airflow_venv/lib/python3.12/site-packages/airflow/example_dags/example_short_circuit_decorator.py
[2024-10-12T08:22:56.918+0000] {processor.py:925} INFO - DAG(s) 'example_short_circuit_decorator' retrieved from /home/vboxuser/airflow_venv/lib/python3.12/site-packages/airflow/example_dags/example_short_circuit_decorator.py
[2024-10-12T08:22:56.994+0000] {logging_mixin.py:190} INFO - [2024-10-12T08:22:56.993+0000] {dag.py:3239} INFO - Sync 1 DAGs
[2024-10-12T08:22:57.149+0000] {logging_mixin.py:190} INFO - [2024-10-12T08:22:57.147+0000] {dag.py:4180} INFO - Setting next_dagrun for example_short_circuit_decorator to None, run_after=None
[2024-10-12T08:22:57.264+0000] {processor.py:208} INFO - Processing /home/vboxuser/airflow_venv/lib/python3.12/site-packages/airflow/example_dags/example_short_circuit_decorator.py took 0.412 seconds
