[2024-10-12T07:09:04.174+0000] {processor.py:186} INFO - Started process (PID=11316) to work on /home/vboxuser/airflow_venv/lib/python3.12/site-packages/airflow/example_dags/example_external_task_marker_dag.py
[2024-10-12T07:09:04.175+0000] {processor.py:914} INFO - Processing file /home/vboxuser/airflow_venv/lib/python3.12/site-packages/airflow/example_dags/example_external_task_marker_dag.py for tasks to queue
[2024-10-12T07:09:04.177+0000] {logging_mixin.py:190} INFO - [2024-10-12T07:09:04.177+0000] {dagbag.py:588} INFO - Filling up the DagBag from /home/vboxuser/airflow_venv/lib/python3.12/site-packages/airflow/example_dags/example_external_task_marker_dag.py
[2024-10-12T07:09:04.187+0000] {processor.py:925} INFO - DAG(s) 'example_external_task_marker_child', 'example_external_task_marker_parent' retrieved from /home/vboxuser/airflow_venv/lib/python3.12/site-packages/airflow/example_dags/example_external_task_marker_dag.py
[2024-10-12T07:09:04.334+0000] {logging_mixin.py:190} INFO - [2024-10-12T07:09:04.334+0000] {override.py:1901} INFO - Created Permission View: can delete on DAG:example_external_task_marker_child
[2024-10-12T07:09:04.352+0000] {logging_mixin.py:190} INFO - [2024-10-12T07:09:04.352+0000] {override.py:1901} INFO - Created Permission View: can read on DAG:example_external_task_marker_child
[2024-10-12T07:09:04.366+0000] {logging_mixin.py:190} INFO - [2024-10-12T07:09:04.366+0000] {override.py:1901} INFO - Created Permission View: can edit on DAG:example_external_task_marker_child
[2024-10-12T07:09:04.394+0000] {logging_mixin.py:190} INFO - [2024-10-12T07:09:04.394+0000] {override.py:1901} INFO - Created Permission View: can delete on DAG Run:example_external_task_marker_child
[2024-10-12T07:09:04.413+0000] {logging_mixin.py:190} INFO - [2024-10-12T07:09:04.413+0000] {override.py:1901} INFO - Created Permission View: can read on DAG Run:example_external_task_marker_child
[2024-10-12T07:09:04.430+0000] {logging_mixin.py:190} INFO - [2024-10-12T07:09:04.430+0000] {override.py:1901} INFO - Created Permission View: menu access on DAG Run:example_external_task_marker_child
[2024-10-12T07:09:04.447+0000] {logging_mixin.py:190} INFO - [2024-10-12T07:09:04.446+0000] {override.py:1901} INFO - Created Permission View: can create on DAG Run:example_external_task_marker_child
[2024-10-12T07:09:04.481+0000] {logging_mixin.py:190} INFO - [2024-10-12T07:09:04.480+0000] {override.py:1901} INFO - Created Permission View: can delete on DAG:example_external_task_marker_parent
[2024-10-12T07:09:04.498+0000] {logging_mixin.py:190} INFO - [2024-10-12T07:09:04.498+0000] {override.py:1901} INFO - Created Permission View: can read on DAG:example_external_task_marker_parent
[2024-10-12T07:09:04.514+0000] {logging_mixin.py:190} INFO - [2024-10-12T07:09:04.514+0000] {override.py:1901} INFO - Created Permission View: can edit on DAG:example_external_task_marker_parent
[2024-10-12T07:09:04.540+0000] {logging_mixin.py:190} INFO - [2024-10-12T07:09:04.540+0000] {override.py:1901} INFO - Created Permission View: can delete on DAG Run:example_external_task_marker_parent
[2024-10-12T07:09:04.556+0000] {logging_mixin.py:190} INFO - [2024-10-12T07:09:04.556+0000] {override.py:1901} INFO - Created Permission View: can read on DAG Run:example_external_task_marker_parent
[2024-10-12T07:09:04.574+0000] {logging_mixin.py:190} INFO - [2024-10-12T07:09:04.574+0000] {override.py:1901} INFO - Created Permission View: menu access on DAG Run:example_external_task_marker_parent
[2024-10-12T07:09:04.595+0000] {logging_mixin.py:190} INFO - [2024-10-12T07:09:04.594+0000] {override.py:1901} INFO - Created Permission View: can create on DAG Run:example_external_task_marker_parent
[2024-10-12T07:09:04.595+0000] {logging_mixin.py:190} INFO - [2024-10-12T07:09:04.595+0000] {dag.py:3239} INFO - Sync 2 DAGs
[2024-10-12T07:09:04.608+0000] {logging_mixin.py:190} INFO - [2024-10-12T07:09:04.608+0000] {dag.py:3262} INFO - Creating ORM DAG for example_external_task_marker_child
[2024-10-12T07:09:04.609+0000] {logging_mixin.py:190} INFO - [2024-10-12T07:09:04.609+0000] {dag.py:3262} INFO - Creating ORM DAG for example_external_task_marker_parent
[2024-10-12T07:09:04.609+0000] {logging_mixin.py:190} INFO - [2024-10-12T07:09:04.609+0000] {dag.py:4180} INFO - Setting next_dagrun for example_external_task_marker_child to None, run_after=None
[2024-10-12T07:09:04.610+0000] {logging_mixin.py:190} INFO - [2024-10-12T07:09:04.610+0000] {dag.py:4180} INFO - Setting next_dagrun for example_external_task_marker_parent to None, run_after=None
[2024-10-12T07:09:04.642+0000] {processor.py:208} INFO - Processing /home/vboxuser/airflow_venv/lib/python3.12/site-packages/airflow/example_dags/example_external_task_marker_dag.py took 0.475 seconds
[2024-10-12T07:10:12.001+0000] {processor.py:186} INFO - Started process (PID=11379) to work on /home/vboxuser/airflow_venv/lib/python3.12/site-packages/airflow/example_dags/example_external_task_marker_dag.py
[2024-10-12T07:10:12.005+0000] {processor.py:914} INFO - Processing file /home/vboxuser/airflow_venv/lib/python3.12/site-packages/airflow/example_dags/example_external_task_marker_dag.py for tasks to queue
[2024-10-12T07:10:12.008+0000] {logging_mixin.py:190} INFO - [2024-10-12T07:10:12.008+0000] {dagbag.py:588} INFO - Filling up the DagBag from /home/vboxuser/airflow_venv/lib/python3.12/site-packages/airflow/example_dags/example_external_task_marker_dag.py
[2024-10-12T07:10:12.022+0000] {processor.py:925} INFO - DAG(s) 'example_external_task_marker_child', 'example_external_task_marker_parent' retrieved from /home/vboxuser/airflow_venv/lib/python3.12/site-packages/airflow/example_dags/example_external_task_marker_dag.py
[2024-10-12T07:10:12.047+0000] {logging_mixin.py:190} INFO - [2024-10-12T07:10:12.047+0000] {dag.py:3239} INFO - Sync 2 DAGs
[2024-10-12T07:10:12.066+0000] {logging_mixin.py:190} INFO - [2024-10-12T07:10:12.065+0000] {dag.py:4180} INFO - Setting next_dagrun for example_external_task_marker_child to None, run_after=None
[2024-10-12T07:10:12.072+0000] {logging_mixin.py:190} INFO - [2024-10-12T07:10:12.071+0000] {dag.py:4180} INFO - Setting next_dagrun for example_external_task_marker_parent to None, run_after=None
[2024-10-12T07:10:12.113+0000] {processor.py:208} INFO - Processing /home/vboxuser/airflow_venv/lib/python3.12/site-packages/airflow/example_dags/example_external_task_marker_dag.py took 0.119 seconds
[2024-10-12T07:11:13.555+0000] {processor.py:186} INFO - Started process (PID=11436) to work on /home/vboxuser/airflow_venv/lib/python3.12/site-packages/airflow/example_dags/example_external_task_marker_dag.py
[2024-10-12T07:11:13.558+0000] {processor.py:914} INFO - Processing file /home/vboxuser/airflow_venv/lib/python3.12/site-packages/airflow/example_dags/example_external_task_marker_dag.py for tasks to queue
[2024-10-12T07:11:13.561+0000] {logging_mixin.py:190} INFO - [2024-10-12T07:11:13.560+0000] {dagbag.py:588} INFO - Filling up the DagBag from /home/vboxuser/airflow_venv/lib/python3.12/site-packages/airflow/example_dags/example_external_task_marker_dag.py
[2024-10-12T07:11:13.575+0000] {processor.py:925} INFO - DAG(s) 'example_external_task_marker_parent', 'example_external_task_marker_child' retrieved from /home/vboxuser/airflow_venv/lib/python3.12/site-packages/airflow/example_dags/example_external_task_marker_dag.py
[2024-10-12T07:11:13.600+0000] {logging_mixin.py:190} INFO - [2024-10-12T07:11:13.600+0000] {dag.py:3239} INFO - Sync 2 DAGs
[2024-10-12T07:11:13.614+0000] {logging_mixin.py:190} INFO - [2024-10-12T07:11:13.614+0000] {dag.py:4180} INFO - Setting next_dagrun for example_external_task_marker_child to None, run_after=None
[2024-10-12T07:11:13.618+0000] {logging_mixin.py:190} INFO - [2024-10-12T07:11:13.618+0000] {dag.py:4180} INFO - Setting next_dagrun for example_external_task_marker_parent to None, run_after=None
[2024-10-12T07:11:13.650+0000] {processor.py:208} INFO - Processing /home/vboxuser/airflow_venv/lib/python3.12/site-packages/airflow/example_dags/example_external_task_marker_dag.py took 0.105 seconds
[2024-10-12T07:12:19.653+0000] {processor.py:186} INFO - Started process (PID=11497) to work on /home/vboxuser/airflow_venv/lib/python3.12/site-packages/airflow/example_dags/example_external_task_marker_dag.py
[2024-10-12T07:12:19.657+0000] {processor.py:914} INFO - Processing file /home/vboxuser/airflow_venv/lib/python3.12/site-packages/airflow/example_dags/example_external_task_marker_dag.py for tasks to queue
[2024-10-12T07:12:19.662+0000] {logging_mixin.py:190} INFO - [2024-10-12T07:12:19.661+0000] {dagbag.py:588} INFO - Filling up the DagBag from /home/vboxuser/airflow_venv/lib/python3.12/site-packages/airflow/example_dags/example_external_task_marker_dag.py
[2024-10-12T07:12:19.677+0000] {processor.py:925} INFO - DAG(s) 'example_external_task_marker_parent', 'example_external_task_marker_child' retrieved from /home/vboxuser/airflow_venv/lib/python3.12/site-packages/airflow/example_dags/example_external_task_marker_dag.py
[2024-10-12T07:12:19.698+0000] {logging_mixin.py:190} INFO - [2024-10-12T07:12:19.698+0000] {dag.py:3239} INFO - Sync 2 DAGs
[2024-10-12T07:12:19.711+0000] {logging_mixin.py:190} INFO - [2024-10-12T07:12:19.711+0000] {dag.py:4180} INFO - Setting next_dagrun for example_external_task_marker_child to None, run_after=None
[2024-10-12T07:12:19.716+0000] {logging_mixin.py:190} INFO - [2024-10-12T07:12:19.716+0000] {dag.py:4180} INFO - Setting next_dagrun for example_external_task_marker_parent to None, run_after=None
[2024-10-12T07:12:19.753+0000] {processor.py:208} INFO - Processing /home/vboxuser/airflow_venv/lib/python3.12/site-packages/airflow/example_dags/example_external_task_marker_dag.py took 0.113 seconds
[2024-10-12T07:13:22.430+0000] {processor.py:186} INFO - Started process (PID=11569) to work on /home/vboxuser/airflow_venv/lib/python3.12/site-packages/airflow/example_dags/example_external_task_marker_dag.py
[2024-10-12T07:13:22.432+0000] {processor.py:914} INFO - Processing file /home/vboxuser/airflow_venv/lib/python3.12/site-packages/airflow/example_dags/example_external_task_marker_dag.py for tasks to queue
[2024-10-12T07:13:22.437+0000] {logging_mixin.py:190} INFO - [2024-10-12T07:13:22.436+0000] {dagbag.py:588} INFO - Filling up the DagBag from /home/vboxuser/airflow_venv/lib/python3.12/site-packages/airflow/example_dags/example_external_task_marker_dag.py
[2024-10-12T07:13:22.450+0000] {processor.py:925} INFO - DAG(s) 'example_external_task_marker_parent', 'example_external_task_marker_child' retrieved from /home/vboxuser/airflow_venv/lib/python3.12/site-packages/airflow/example_dags/example_external_task_marker_dag.py
[2024-10-12T07:13:22.471+0000] {logging_mixin.py:190} INFO - [2024-10-12T07:13:22.471+0000] {dag.py:3239} INFO - Sync 2 DAGs
[2024-10-12T07:13:22.485+0000] {logging_mixin.py:190} INFO - [2024-10-12T07:13:22.485+0000] {dag.py:4180} INFO - Setting next_dagrun for example_external_task_marker_child to None, run_after=None
[2024-10-12T07:13:22.489+0000] {logging_mixin.py:190} INFO - [2024-10-12T07:13:22.489+0000] {dag.py:4180} INFO - Setting next_dagrun for example_external_task_marker_parent to None, run_after=None
[2024-10-12T07:13:22.525+0000] {processor.py:208} INFO - Processing /home/vboxuser/airflow_venv/lib/python3.12/site-packages/airflow/example_dags/example_external_task_marker_dag.py took 0.107 seconds
[2024-10-12T07:14:27.191+0000] {processor.py:186} INFO - Started process (PID=11696) to work on /home/vboxuser/airflow_venv/lib/python3.12/site-packages/airflow/example_dags/example_external_task_marker_dag.py
[2024-10-12T07:14:27.194+0000] {processor.py:914} INFO - Processing file /home/vboxuser/airflow_venv/lib/python3.12/site-packages/airflow/example_dags/example_external_task_marker_dag.py for tasks to queue
[2024-10-12T07:14:27.197+0000] {logging_mixin.py:190} INFO - [2024-10-12T07:14:27.197+0000] {dagbag.py:588} INFO - Filling up the DagBag from /home/vboxuser/airflow_venv/lib/python3.12/site-packages/airflow/example_dags/example_external_task_marker_dag.py
[2024-10-12T07:14:27.211+0000] {processor.py:925} INFO - DAG(s) 'example_external_task_marker_child', 'example_external_task_marker_parent' retrieved from /home/vboxuser/airflow_venv/lib/python3.12/site-packages/airflow/example_dags/example_external_task_marker_dag.py
[2024-10-12T07:14:27.239+0000] {logging_mixin.py:190} INFO - [2024-10-12T07:14:27.239+0000] {dag.py:3239} INFO - Sync 2 DAGs
[2024-10-12T07:14:27.260+0000] {logging_mixin.py:190} INFO - [2024-10-12T07:14:27.259+0000] {dag.py:4180} INFO - Setting next_dagrun for example_external_task_marker_child to None, run_after=None
[2024-10-12T07:14:27.264+0000] {logging_mixin.py:190} INFO - [2024-10-12T07:14:27.264+0000] {dag.py:4180} INFO - Setting next_dagrun for example_external_task_marker_parent to None, run_after=None
[2024-10-12T07:14:27.300+0000] {processor.py:208} INFO - Processing /home/vboxuser/airflow_venv/lib/python3.12/site-packages/airflow/example_dags/example_external_task_marker_dag.py took 0.117 seconds
[2024-10-12T07:15:43.234+0000] {processor.py:186} INFO - Started process (PID=11772) to work on /home/vboxuser/airflow_venv/lib/python3.12/site-packages/airflow/example_dags/example_external_task_marker_dag.py
[2024-10-12T07:15:43.236+0000] {processor.py:914} INFO - Processing file /home/vboxuser/airflow_venv/lib/python3.12/site-packages/airflow/example_dags/example_external_task_marker_dag.py for tasks to queue
[2024-10-12T07:15:43.239+0000] {logging_mixin.py:190} INFO - [2024-10-12T07:15:43.238+0000] {dagbag.py:588} INFO - Filling up the DagBag from /home/vboxuser/airflow_venv/lib/python3.12/site-packages/airflow/example_dags/example_external_task_marker_dag.py
[2024-10-12T07:15:43.251+0000] {processor.py:925} INFO - DAG(s) 'example_external_task_marker_parent', 'example_external_task_marker_child' retrieved from /home/vboxuser/airflow_venv/lib/python3.12/site-packages/airflow/example_dags/example_external_task_marker_dag.py
[2024-10-12T07:15:43.275+0000] {logging_mixin.py:190} INFO - [2024-10-12T07:15:43.275+0000] {dag.py:3239} INFO - Sync 2 DAGs
[2024-10-12T07:15:43.289+0000] {logging_mixin.py:190} INFO - [2024-10-12T07:15:43.289+0000] {dag.py:4180} INFO - Setting next_dagrun for example_external_task_marker_child to None, run_after=None
[2024-10-12T07:15:43.294+0000] {logging_mixin.py:190} INFO - [2024-10-12T07:15:43.294+0000] {dag.py:4180} INFO - Setting next_dagrun for example_external_task_marker_parent to None, run_after=None
[2024-10-12T07:15:43.328+0000] {processor.py:208} INFO - Processing /home/vboxuser/airflow_venv/lib/python3.12/site-packages/airflow/example_dags/example_external_task_marker_dag.py took 0.100 seconds
[2024-10-12T07:16:46.210+0000] {processor.py:186} INFO - Started process (PID=11830) to work on /home/vboxuser/airflow_venv/lib/python3.12/site-packages/airflow/example_dags/example_external_task_marker_dag.py
[2024-10-12T07:16:46.215+0000] {processor.py:914} INFO - Processing file /home/vboxuser/airflow_venv/lib/python3.12/site-packages/airflow/example_dags/example_external_task_marker_dag.py for tasks to queue
[2024-10-12T07:16:46.220+0000] {logging_mixin.py:190} INFO - [2024-10-12T07:16:46.219+0000] {dagbag.py:588} INFO - Filling up the DagBag from /home/vboxuser/airflow_venv/lib/python3.12/site-packages/airflow/example_dags/example_external_task_marker_dag.py
[2024-10-12T07:16:46.233+0000] {processor.py:925} INFO - DAG(s) 'example_external_task_marker_child', 'example_external_task_marker_parent' retrieved from /home/vboxuser/airflow_venv/lib/python3.12/site-packages/airflow/example_dags/example_external_task_marker_dag.py
[2024-10-12T07:16:46.254+0000] {logging_mixin.py:190} INFO - [2024-10-12T07:16:46.254+0000] {dag.py:3239} INFO - Sync 2 DAGs
[2024-10-12T07:16:46.269+0000] {logging_mixin.py:190} INFO - [2024-10-12T07:16:46.268+0000] {dag.py:4180} INFO - Setting next_dagrun for example_external_task_marker_child to None, run_after=None
[2024-10-12T07:16:46.274+0000] {logging_mixin.py:190} INFO - [2024-10-12T07:16:46.274+0000] {dag.py:4180} INFO - Setting next_dagrun for example_external_task_marker_parent to None, run_after=None
[2024-10-12T07:16:46.307+0000] {processor.py:208} INFO - Processing /home/vboxuser/airflow_venv/lib/python3.12/site-packages/airflow/example_dags/example_external_task_marker_dag.py took 0.106 seconds
[2024-10-12T07:17:52.601+0000] {processor.py:186} INFO - Started process (PID=11893) to work on /home/vboxuser/airflow_venv/lib/python3.12/site-packages/airflow/example_dags/example_external_task_marker_dag.py
[2024-10-12T07:17:52.603+0000] {processor.py:914} INFO - Processing file /home/vboxuser/airflow_venv/lib/python3.12/site-packages/airflow/example_dags/example_external_task_marker_dag.py for tasks to queue
[2024-10-12T07:17:52.606+0000] {logging_mixin.py:190} INFO - [2024-10-12T07:17:52.606+0000] {dagbag.py:588} INFO - Filling up the DagBag from /home/vboxuser/airflow_venv/lib/python3.12/site-packages/airflow/example_dags/example_external_task_marker_dag.py
[2024-10-12T07:17:52.617+0000] {processor.py:925} INFO - DAG(s) 'example_external_task_marker_parent', 'example_external_task_marker_child' retrieved from /home/vboxuser/airflow_venv/lib/python3.12/site-packages/airflow/example_dags/example_external_task_marker_dag.py
[2024-10-12T07:17:52.638+0000] {logging_mixin.py:190} INFO - [2024-10-12T07:17:52.638+0000] {dag.py:3239} INFO - Sync 2 DAGs
[2024-10-12T07:17:52.652+0000] {logging_mixin.py:190} INFO - [2024-10-12T07:17:52.652+0000] {dag.py:4180} INFO - Setting next_dagrun for example_external_task_marker_child to None, run_after=None
[2024-10-12T07:17:52.657+0000] {logging_mixin.py:190} INFO - [2024-10-12T07:17:52.657+0000] {dag.py:4180} INFO - Setting next_dagrun for example_external_task_marker_parent to None, run_after=None
[2024-10-12T07:17:52.691+0000] {processor.py:208} INFO - Processing /home/vboxuser/airflow_venv/lib/python3.12/site-packages/airflow/example_dags/example_external_task_marker_dag.py took 0.097 seconds
[2024-10-12T07:18:52.390+0000] {processor.py:186} INFO - Started process (PID=11950) to work on /home/vboxuser/airflow_venv/lib/python3.12/site-packages/airflow/example_dags/example_external_task_marker_dag.py
[2024-10-12T07:18:52.393+0000] {processor.py:914} INFO - Processing file /home/vboxuser/airflow_venv/lib/python3.12/site-packages/airflow/example_dags/example_external_task_marker_dag.py for tasks to queue
[2024-10-12T07:18:52.398+0000] {logging_mixin.py:190} INFO - [2024-10-12T07:18:52.397+0000] {dagbag.py:588} INFO - Filling up the DagBag from /home/vboxuser/airflow_venv/lib/python3.12/site-packages/airflow/example_dags/example_external_task_marker_dag.py
[2024-10-12T07:18:52.413+0000] {processor.py:925} INFO - DAG(s) 'example_external_task_marker_child', 'example_external_task_marker_parent' retrieved from /home/vboxuser/airflow_venv/lib/python3.12/site-packages/airflow/example_dags/example_external_task_marker_dag.py
[2024-10-12T07:18:52.434+0000] {logging_mixin.py:190} INFO - [2024-10-12T07:18:52.434+0000] {dag.py:3239} INFO - Sync 2 DAGs
[2024-10-12T07:18:52.448+0000] {logging_mixin.py:190} INFO - [2024-10-12T07:18:52.447+0000] {dag.py:4180} INFO - Setting next_dagrun for example_external_task_marker_child to None, run_after=None
[2024-10-12T07:18:52.451+0000] {logging_mixin.py:190} INFO - [2024-10-12T07:18:52.451+0000] {dag.py:4180} INFO - Setting next_dagrun for example_external_task_marker_parent to None, run_after=None
[2024-10-12T07:18:52.494+0000] {processor.py:208} INFO - Processing /home/vboxuser/airflow_venv/lib/python3.12/site-packages/airflow/example_dags/example_external_task_marker_dag.py took 0.118 seconds
[2024-10-12T07:19:55.487+0000] {processor.py:186} INFO - Started process (PID=12007) to work on /home/vboxuser/airflow_venv/lib/python3.12/site-packages/airflow/example_dags/example_external_task_marker_dag.py
[2024-10-12T07:19:55.490+0000] {processor.py:914} INFO - Processing file /home/vboxuser/airflow_venv/lib/python3.12/site-packages/airflow/example_dags/example_external_task_marker_dag.py for tasks to queue
[2024-10-12T07:19:55.493+0000] {logging_mixin.py:190} INFO - [2024-10-12T07:19:55.493+0000] {dagbag.py:588} INFO - Filling up the DagBag from /home/vboxuser/airflow_venv/lib/python3.12/site-packages/airflow/example_dags/example_external_task_marker_dag.py
[2024-10-12T07:19:55.505+0000] {processor.py:925} INFO - DAG(s) 'example_external_task_marker_child', 'example_external_task_marker_parent' retrieved from /home/vboxuser/airflow_venv/lib/python3.12/site-packages/airflow/example_dags/example_external_task_marker_dag.py
[2024-10-12T07:19:55.528+0000] {logging_mixin.py:190} INFO - [2024-10-12T07:19:55.527+0000] {dag.py:3239} INFO - Sync 2 DAGs
[2024-10-12T07:19:55.547+0000] {logging_mixin.py:190} INFO - [2024-10-12T07:19:55.546+0000] {dag.py:4180} INFO - Setting next_dagrun for example_external_task_marker_child to None, run_after=None
[2024-10-12T07:19:55.551+0000] {logging_mixin.py:190} INFO - [2024-10-12T07:19:55.550+0000] {dag.py:4180} INFO - Setting next_dagrun for example_external_task_marker_parent to None, run_after=None
[2024-10-12T07:19:55.583+0000] {processor.py:208} INFO - Processing /home/vboxuser/airflow_venv/lib/python3.12/site-packages/airflow/example_dags/example_external_task_marker_dag.py took 0.108 seconds
[2024-10-12T07:21:03.915+0000] {processor.py:186} INFO - Started process (PID=12072) to work on /home/vboxuser/airflow_venv/lib/python3.12/site-packages/airflow/example_dags/example_external_task_marker_dag.py
[2024-10-12T07:21:03.917+0000] {processor.py:914} INFO - Processing file /home/vboxuser/airflow_venv/lib/python3.12/site-packages/airflow/example_dags/example_external_task_marker_dag.py for tasks to queue
[2024-10-12T07:21:03.920+0000] {logging_mixin.py:190} INFO - [2024-10-12T07:21:03.920+0000] {dagbag.py:588} INFO - Filling up the DagBag from /home/vboxuser/airflow_venv/lib/python3.12/site-packages/airflow/example_dags/example_external_task_marker_dag.py
[2024-10-12T07:21:03.931+0000] {processor.py:925} INFO - DAG(s) 'example_external_task_marker_child', 'example_external_task_marker_parent' retrieved from /home/vboxuser/airflow_venv/lib/python3.12/site-packages/airflow/example_dags/example_external_task_marker_dag.py
[2024-10-12T07:21:03.952+0000] {logging_mixin.py:190} INFO - [2024-10-12T07:21:03.952+0000] {dag.py:3239} INFO - Sync 2 DAGs
[2024-10-12T07:21:03.969+0000] {logging_mixin.py:190} INFO - [2024-10-12T07:21:03.968+0000] {dag.py:4180} INFO - Setting next_dagrun for example_external_task_marker_child to None, run_after=None
[2024-10-12T07:21:03.973+0000] {logging_mixin.py:190} INFO - [2024-10-12T07:21:03.972+0000] {dag.py:4180} INFO - Setting next_dagrun for example_external_task_marker_parent to None, run_after=None
[2024-10-12T07:21:04.009+0000] {processor.py:208} INFO - Processing /home/vboxuser/airflow_venv/lib/python3.12/site-packages/airflow/example_dags/example_external_task_marker_dag.py took 0.107 seconds
[2024-10-12T07:22:09.872+0000] {processor.py:186} INFO - Started process (PID=12133) to work on /home/vboxuser/airflow_venv/lib/python3.12/site-packages/airflow/example_dags/example_external_task_marker_dag.py
[2024-10-12T07:22:09.875+0000] {processor.py:914} INFO - Processing file /home/vboxuser/airflow_venv/lib/python3.12/site-packages/airflow/example_dags/example_external_task_marker_dag.py for tasks to queue
[2024-10-12T07:22:09.878+0000] {logging_mixin.py:190} INFO - [2024-10-12T07:22:09.877+0000] {dagbag.py:588} INFO - Filling up the DagBag from /home/vboxuser/airflow_venv/lib/python3.12/site-packages/airflow/example_dags/example_external_task_marker_dag.py
[2024-10-12T07:22:09.891+0000] {processor.py:925} INFO - DAG(s) 'example_external_task_marker_parent', 'example_external_task_marker_child' retrieved from /home/vboxuser/airflow_venv/lib/python3.12/site-packages/airflow/example_dags/example_external_task_marker_dag.py
[2024-10-12T07:22:09.923+0000] {logging_mixin.py:190} INFO - [2024-10-12T07:22:09.922+0000] {dag.py:3239} INFO - Sync 2 DAGs
[2024-10-12T07:22:09.939+0000] {logging_mixin.py:190} INFO - [2024-10-12T07:22:09.939+0000] {dag.py:4180} INFO - Setting next_dagrun for example_external_task_marker_child to None, run_after=None
[2024-10-12T07:22:09.943+0000] {logging_mixin.py:190} INFO - [2024-10-12T07:22:09.942+0000] {dag.py:4180} INFO - Setting next_dagrun for example_external_task_marker_parent to None, run_after=None
[2024-10-12T07:22:09.975+0000] {processor.py:208} INFO - Processing /home/vboxuser/airflow_venv/lib/python3.12/site-packages/airflow/example_dags/example_external_task_marker_dag.py took 0.112 seconds
[2024-10-12T07:23:19.462+0000] {processor.py:186} INFO - Started process (PID=12193) to work on /home/vboxuser/airflow_venv/lib/python3.12/site-packages/airflow/example_dags/example_external_task_marker_dag.py
[2024-10-12T07:23:19.467+0000] {processor.py:914} INFO - Processing file /home/vboxuser/airflow_venv/lib/python3.12/site-packages/airflow/example_dags/example_external_task_marker_dag.py for tasks to queue
[2024-10-12T07:23:19.469+0000] {logging_mixin.py:190} INFO - [2024-10-12T07:23:19.469+0000] {dagbag.py:588} INFO - Filling up the DagBag from /home/vboxuser/airflow_venv/lib/python3.12/site-packages/airflow/example_dags/example_external_task_marker_dag.py
[2024-10-12T07:23:19.480+0000] {processor.py:925} INFO - DAG(s) 'example_external_task_marker_child', 'example_external_task_marker_parent' retrieved from /home/vboxuser/airflow_venv/lib/python3.12/site-packages/airflow/example_dags/example_external_task_marker_dag.py
[2024-10-12T07:23:19.507+0000] {logging_mixin.py:190} INFO - [2024-10-12T07:23:19.507+0000] {dag.py:3239} INFO - Sync 2 DAGs
[2024-10-12T07:23:19.524+0000] {logging_mixin.py:190} INFO - [2024-10-12T07:23:19.524+0000] {dag.py:4180} INFO - Setting next_dagrun for example_external_task_marker_child to None, run_after=None
[2024-10-12T07:23:19.528+0000] {logging_mixin.py:190} INFO - [2024-10-12T07:23:19.527+0000] {dag.py:4180} INFO - Setting next_dagrun for example_external_task_marker_parent to None, run_after=None
[2024-10-12T07:23:19.560+0000] {processor.py:208} INFO - Processing /home/vboxuser/airflow_venv/lib/python3.12/site-packages/airflow/example_dags/example_external_task_marker_dag.py took 0.104 seconds
[2024-10-12T07:24:28.812+0000] {processor.py:186} INFO - Started process (PID=12255) to work on /home/vboxuser/airflow_venv/lib/python3.12/site-packages/airflow/example_dags/example_external_task_marker_dag.py
[2024-10-12T07:24:28.815+0000] {processor.py:914} INFO - Processing file /home/vboxuser/airflow_venv/lib/python3.12/site-packages/airflow/example_dags/example_external_task_marker_dag.py for tasks to queue
[2024-10-12T07:24:28.818+0000] {logging_mixin.py:190} INFO - [2024-10-12T07:24:28.817+0000] {dagbag.py:588} INFO - Filling up the DagBag from /home/vboxuser/airflow_venv/lib/python3.12/site-packages/airflow/example_dags/example_external_task_marker_dag.py
[2024-10-12T07:24:28.834+0000] {processor.py:925} INFO - DAG(s) 'example_external_task_marker_parent', 'example_external_task_marker_child' retrieved from /home/vboxuser/airflow_venv/lib/python3.12/site-packages/airflow/example_dags/example_external_task_marker_dag.py
[2024-10-12T07:24:28.859+0000] {logging_mixin.py:190} INFO - [2024-10-12T07:24:28.859+0000] {dag.py:3239} INFO - Sync 2 DAGs
[2024-10-12T07:24:28.874+0000] {logging_mixin.py:190} INFO - [2024-10-12T07:24:28.873+0000] {dag.py:4180} INFO - Setting next_dagrun for example_external_task_marker_child to None, run_after=None
[2024-10-12T07:24:28.877+0000] {logging_mixin.py:190} INFO - [2024-10-12T07:24:28.877+0000] {dag.py:4180} INFO - Setting next_dagrun for example_external_task_marker_parent to None, run_after=None
[2024-10-12T07:24:28.908+0000] {processor.py:208} INFO - Processing /home/vboxuser/airflow_venv/lib/python3.12/site-packages/airflow/example_dags/example_external_task_marker_dag.py took 0.106 seconds
[2024-10-12T07:25:36.524+0000] {processor.py:186} INFO - Started process (PID=12319) to work on /home/vboxuser/airflow_venv/lib/python3.12/site-packages/airflow/example_dags/example_external_task_marker_dag.py
[2024-10-12T07:25:36.527+0000] {processor.py:914} INFO - Processing file /home/vboxuser/airflow_venv/lib/python3.12/site-packages/airflow/example_dags/example_external_task_marker_dag.py for tasks to queue
[2024-10-12T07:25:36.530+0000] {logging_mixin.py:190} INFO - [2024-10-12T07:25:36.530+0000] {dagbag.py:588} INFO - Filling up the DagBag from /home/vboxuser/airflow_venv/lib/python3.12/site-packages/airflow/example_dags/example_external_task_marker_dag.py
[2024-10-12T07:25:36.540+0000] {processor.py:925} INFO - DAG(s) 'example_external_task_marker_parent', 'example_external_task_marker_child' retrieved from /home/vboxuser/airflow_venv/lib/python3.12/site-packages/airflow/example_dags/example_external_task_marker_dag.py
[2024-10-12T07:25:36.567+0000] {logging_mixin.py:190} INFO - [2024-10-12T07:25:36.566+0000] {dag.py:3239} INFO - Sync 2 DAGs
[2024-10-12T07:25:36.583+0000] {logging_mixin.py:190} INFO - [2024-10-12T07:25:36.583+0000] {dag.py:4180} INFO - Setting next_dagrun for example_external_task_marker_child to None, run_after=None
[2024-10-12T07:25:36.587+0000] {logging_mixin.py:190} INFO - [2024-10-12T07:25:36.587+0000] {dag.py:4180} INFO - Setting next_dagrun for example_external_task_marker_parent to None, run_after=None
[2024-10-12T07:25:36.621+0000] {processor.py:208} INFO - Processing /home/vboxuser/airflow_venv/lib/python3.12/site-packages/airflow/example_dags/example_external_task_marker_dag.py took 0.107 seconds
[2024-10-12T07:26:46.945+0000] {processor.py:186} INFO - Started process (PID=12383) to work on /home/vboxuser/airflow_venv/lib/python3.12/site-packages/airflow/example_dags/example_external_task_marker_dag.py
[2024-10-12T07:26:46.951+0000] {processor.py:914} INFO - Processing file /home/vboxuser/airflow_venv/lib/python3.12/site-packages/airflow/example_dags/example_external_task_marker_dag.py for tasks to queue
[2024-10-12T07:26:46.955+0000] {logging_mixin.py:190} INFO - [2024-10-12T07:26:46.954+0000] {dagbag.py:588} INFO - Filling up the DagBag from /home/vboxuser/airflow_venv/lib/python3.12/site-packages/airflow/example_dags/example_external_task_marker_dag.py
[2024-10-12T07:26:46.966+0000] {processor.py:925} INFO - DAG(s) 'example_external_task_marker_child', 'example_external_task_marker_parent' retrieved from /home/vboxuser/airflow_venv/lib/python3.12/site-packages/airflow/example_dags/example_external_task_marker_dag.py
[2024-10-12T07:26:46.988+0000] {logging_mixin.py:190} INFO - [2024-10-12T07:26:46.988+0000] {dag.py:3239} INFO - Sync 2 DAGs
[2024-10-12T07:26:47.005+0000] {logging_mixin.py:190} INFO - [2024-10-12T07:26:47.004+0000] {dag.py:4180} INFO - Setting next_dagrun for example_external_task_marker_child to None, run_after=None
[2024-10-12T07:26:47.008+0000] {logging_mixin.py:190} INFO - [2024-10-12T07:26:47.008+0000] {dag.py:4180} INFO - Setting next_dagrun for example_external_task_marker_parent to None, run_after=None
[2024-10-12T07:26:47.047+0000] {processor.py:208} INFO - Processing /home/vboxuser/airflow_venv/lib/python3.12/site-packages/airflow/example_dags/example_external_task_marker_dag.py took 0.109 seconds
[2024-10-12T07:28:01.376+0000] {processor.py:186} INFO - Started process (PID=12445) to work on /home/vboxuser/airflow_venv/lib/python3.12/site-packages/airflow/example_dags/example_external_task_marker_dag.py
[2024-10-12T07:28:01.381+0000] {processor.py:914} INFO - Processing file /home/vboxuser/airflow_venv/lib/python3.12/site-packages/airflow/example_dags/example_external_task_marker_dag.py for tasks to queue
[2024-10-12T07:28:01.387+0000] {logging_mixin.py:190} INFO - [2024-10-12T07:28:01.386+0000] {dagbag.py:588} INFO - Filling up the DagBag from /home/vboxuser/airflow_venv/lib/python3.12/site-packages/airflow/example_dags/example_external_task_marker_dag.py
[2024-10-12T07:28:01.402+0000] {processor.py:925} INFO - DAG(s) 'example_external_task_marker_parent', 'example_external_task_marker_child' retrieved from /home/vboxuser/airflow_venv/lib/python3.12/site-packages/airflow/example_dags/example_external_task_marker_dag.py
[2024-10-12T07:28:01.428+0000] {logging_mixin.py:190} INFO - [2024-10-12T07:28:01.428+0000] {dag.py:3239} INFO - Sync 2 DAGs
[2024-10-12T07:28:01.450+0000] {logging_mixin.py:190} INFO - [2024-10-12T07:28:01.449+0000] {dag.py:4180} INFO - Setting next_dagrun for example_external_task_marker_child to None, run_after=None
[2024-10-12T07:28:01.455+0000] {logging_mixin.py:190} INFO - [2024-10-12T07:28:01.455+0000] {dag.py:4180} INFO - Setting next_dagrun for example_external_task_marker_parent to None, run_after=None
[2024-10-12T07:28:01.495+0000] {processor.py:208} INFO - Processing /home/vboxuser/airflow_venv/lib/python3.12/site-packages/airflow/example_dags/example_external_task_marker_dag.py took 0.131 seconds
[2024-10-12T07:29:04.363+0000] {processor.py:186} INFO - Started process (PID=12503) to work on /home/vboxuser/airflow_venv/lib/python3.12/site-packages/airflow/example_dags/example_external_task_marker_dag.py
[2024-10-12T07:29:04.367+0000] {processor.py:914} INFO - Processing file /home/vboxuser/airflow_venv/lib/python3.12/site-packages/airflow/example_dags/example_external_task_marker_dag.py for tasks to queue
[2024-10-12T07:29:04.371+0000] {logging_mixin.py:190} INFO - [2024-10-12T07:29:04.371+0000] {dagbag.py:588} INFO - Filling up the DagBag from /home/vboxuser/airflow_venv/lib/python3.12/site-packages/airflow/example_dags/example_external_task_marker_dag.py
[2024-10-12T07:29:04.382+0000] {processor.py:925} INFO - DAG(s) 'example_external_task_marker_parent', 'example_external_task_marker_child' retrieved from /home/vboxuser/airflow_venv/lib/python3.12/site-packages/airflow/example_dags/example_external_task_marker_dag.py
[2024-10-12T07:29:04.408+0000] {logging_mixin.py:190} INFO - [2024-10-12T07:29:04.407+0000] {dag.py:3239} INFO - Sync 2 DAGs
[2024-10-12T07:29:04.425+0000] {logging_mixin.py:190} INFO - [2024-10-12T07:29:04.424+0000] {dag.py:4180} INFO - Setting next_dagrun for example_external_task_marker_child to None, run_after=None
[2024-10-12T07:29:04.429+0000] {logging_mixin.py:190} INFO - [2024-10-12T07:29:04.429+0000] {dag.py:4180} INFO - Setting next_dagrun for example_external_task_marker_parent to None, run_after=None
[2024-10-12T07:29:04.461+0000] {processor.py:208} INFO - Processing /home/vboxuser/airflow_venv/lib/python3.12/site-packages/airflow/example_dags/example_external_task_marker_dag.py took 0.106 seconds
[2024-10-12T07:30:15.121+0000] {processor.py:186} INFO - Started process (PID=12583) to work on /home/vboxuser/airflow_venv/lib/python3.12/site-packages/airflow/example_dags/example_external_task_marker_dag.py
[2024-10-12T07:30:15.125+0000] {processor.py:914} INFO - Processing file /home/vboxuser/airflow_venv/lib/python3.12/site-packages/airflow/example_dags/example_external_task_marker_dag.py for tasks to queue
[2024-10-12T07:30:15.131+0000] {logging_mixin.py:190} INFO - [2024-10-12T07:30:15.130+0000] {dagbag.py:588} INFO - Filling up the DagBag from /home/vboxuser/airflow_venv/lib/python3.12/site-packages/airflow/example_dags/example_external_task_marker_dag.py
[2024-10-12T07:30:15.142+0000] {processor.py:925} INFO - DAG(s) 'example_external_task_marker_parent', 'example_external_task_marker_child' retrieved from /home/vboxuser/airflow_venv/lib/python3.12/site-packages/airflow/example_dags/example_external_task_marker_dag.py
[2024-10-12T07:30:15.171+0000] {logging_mixin.py:190} INFO - [2024-10-12T07:30:15.171+0000] {dag.py:3239} INFO - Sync 2 DAGs
[2024-10-12T07:30:15.217+0000] {logging_mixin.py:190} INFO - [2024-10-12T07:30:15.217+0000] {dag.py:4180} INFO - Setting next_dagrun for example_external_task_marker_child to None, run_after=None
[2024-10-12T07:30:15.222+0000] {logging_mixin.py:190} INFO - [2024-10-12T07:30:15.222+0000] {dag.py:4180} INFO - Setting next_dagrun for example_external_task_marker_parent to None, run_after=None
[2024-10-12T07:30:15.257+0000] {processor.py:208} INFO - Processing /home/vboxuser/airflow_venv/lib/python3.12/site-packages/airflow/example_dags/example_external_task_marker_dag.py took 0.147 seconds
[2024-10-12T07:31:27.227+0000] {processor.py:186} INFO - Started process (PID=12647) to work on /home/vboxuser/airflow_venv/lib/python3.12/site-packages/airflow/example_dags/example_external_task_marker_dag.py
[2024-10-12T07:31:27.230+0000] {processor.py:914} INFO - Processing file /home/vboxuser/airflow_venv/lib/python3.12/site-packages/airflow/example_dags/example_external_task_marker_dag.py for tasks to queue
[2024-10-12T07:31:27.233+0000] {logging_mixin.py:190} INFO - [2024-10-12T07:31:27.232+0000] {dagbag.py:588} INFO - Filling up the DagBag from /home/vboxuser/airflow_venv/lib/python3.12/site-packages/airflow/example_dags/example_external_task_marker_dag.py
[2024-10-12T07:31:27.245+0000] {processor.py:925} INFO - DAG(s) 'example_external_task_marker_child', 'example_external_task_marker_parent' retrieved from /home/vboxuser/airflow_venv/lib/python3.12/site-packages/airflow/example_dags/example_external_task_marker_dag.py
[2024-10-12T07:31:27.265+0000] {logging_mixin.py:190} INFO - [2024-10-12T07:31:27.265+0000] {dag.py:3239} INFO - Sync 2 DAGs
[2024-10-12T07:31:27.278+0000] {logging_mixin.py:190} INFO - [2024-10-12T07:31:27.278+0000] {dag.py:4180} INFO - Setting next_dagrun for example_external_task_marker_child to None, run_after=None
[2024-10-12T07:31:27.282+0000] {logging_mixin.py:190} INFO - [2024-10-12T07:31:27.282+0000] {dag.py:4180} INFO - Setting next_dagrun for example_external_task_marker_parent to None, run_after=None
[2024-10-12T07:31:27.319+0000] {processor.py:208} INFO - Processing /home/vboxuser/airflow_venv/lib/python3.12/site-packages/airflow/example_dags/example_external_task_marker_dag.py took 0.100 seconds
[2024-10-12T07:32:32.279+0000] {processor.py:186} INFO - Started process (PID=12716) to work on /home/vboxuser/airflow_venv/lib/python3.12/site-packages/airflow/example_dags/example_external_task_marker_dag.py
[2024-10-12T07:32:32.283+0000] {processor.py:914} INFO - Processing file /home/vboxuser/airflow_venv/lib/python3.12/site-packages/airflow/example_dags/example_external_task_marker_dag.py for tasks to queue
[2024-10-12T07:32:32.286+0000] {logging_mixin.py:190} INFO - [2024-10-12T07:32:32.286+0000] {dagbag.py:588} INFO - Filling up the DagBag from /home/vboxuser/airflow_venv/lib/python3.12/site-packages/airflow/example_dags/example_external_task_marker_dag.py
[2024-10-12T07:32:32.297+0000] {processor.py:925} INFO - DAG(s) 'example_external_task_marker_parent', 'example_external_task_marker_child' retrieved from /home/vboxuser/airflow_venv/lib/python3.12/site-packages/airflow/example_dags/example_external_task_marker_dag.py
[2024-10-12T07:32:32.321+0000] {logging_mixin.py:190} INFO - [2024-10-12T07:32:32.321+0000] {dag.py:3239} INFO - Sync 2 DAGs
[2024-10-12T07:32:32.340+0000] {logging_mixin.py:190} INFO - [2024-10-12T07:32:32.340+0000] {dag.py:4180} INFO - Setting next_dagrun for example_external_task_marker_child to None, run_after=None
[2024-10-12T07:32:32.345+0000] {logging_mixin.py:190} INFO - [2024-10-12T07:32:32.345+0000] {dag.py:4180} INFO - Setting next_dagrun for example_external_task_marker_parent to None, run_after=None
[2024-10-12T07:32:32.378+0000] {processor.py:208} INFO - Processing /home/vboxuser/airflow_venv/lib/python3.12/site-packages/airflow/example_dags/example_external_task_marker_dag.py took 0.107 seconds
[2024-10-12T07:33:34.751+0000] {processor.py:186} INFO - Started process (PID=12774) to work on /home/vboxuser/airflow_venv/lib/python3.12/site-packages/airflow/example_dags/example_external_task_marker_dag.py
[2024-10-12T07:33:34.755+0000] {processor.py:914} INFO - Processing file /home/vboxuser/airflow_venv/lib/python3.12/site-packages/airflow/example_dags/example_external_task_marker_dag.py for tasks to queue
[2024-10-12T07:33:34.757+0000] {logging_mixin.py:190} INFO - [2024-10-12T07:33:34.757+0000] {dagbag.py:588} INFO - Filling up the DagBag from /home/vboxuser/airflow_venv/lib/python3.12/site-packages/airflow/example_dags/example_external_task_marker_dag.py
[2024-10-12T07:33:34.767+0000] {processor.py:925} INFO - DAG(s) 'example_external_task_marker_child', 'example_external_task_marker_parent' retrieved from /home/vboxuser/airflow_venv/lib/python3.12/site-packages/airflow/example_dags/example_external_task_marker_dag.py
[2024-10-12T07:33:34.787+0000] {logging_mixin.py:190} INFO - [2024-10-12T07:33:34.787+0000] {dag.py:3239} INFO - Sync 2 DAGs
[2024-10-12T07:33:34.801+0000] {logging_mixin.py:190} INFO - [2024-10-12T07:33:34.800+0000] {dag.py:4180} INFO - Setting next_dagrun for example_external_task_marker_child to None, run_after=None
[2024-10-12T07:33:34.804+0000] {logging_mixin.py:190} INFO - [2024-10-12T07:33:34.804+0000] {dag.py:4180} INFO - Setting next_dagrun for example_external_task_marker_parent to None, run_after=None
[2024-10-12T07:33:34.837+0000] {processor.py:208} INFO - Processing /home/vboxuser/airflow_venv/lib/python3.12/site-packages/airflow/example_dags/example_external_task_marker_dag.py took 0.093 seconds
[2024-10-12T07:34:37.078+0000] {processor.py:186} INFO - Started process (PID=12832) to work on /home/vboxuser/airflow_venv/lib/python3.12/site-packages/airflow/example_dags/example_external_task_marker_dag.py
[2024-10-12T07:34:37.082+0000] {processor.py:914} INFO - Processing file /home/vboxuser/airflow_venv/lib/python3.12/site-packages/airflow/example_dags/example_external_task_marker_dag.py for tasks to queue
[2024-10-12T07:34:37.090+0000] {logging_mixin.py:190} INFO - [2024-10-12T07:34:37.088+0000] {dagbag.py:588} INFO - Filling up the DagBag from /home/vboxuser/airflow_venv/lib/python3.12/site-packages/airflow/example_dags/example_external_task_marker_dag.py
[2024-10-12T07:34:37.109+0000] {processor.py:925} INFO - DAG(s) 'example_external_task_marker_parent', 'example_external_task_marker_child' retrieved from /home/vboxuser/airflow_venv/lib/python3.12/site-packages/airflow/example_dags/example_external_task_marker_dag.py
[2024-10-12T07:34:37.130+0000] {logging_mixin.py:190} INFO - [2024-10-12T07:34:37.130+0000] {dag.py:3239} INFO - Sync 2 DAGs
[2024-10-12T07:34:37.145+0000] {logging_mixin.py:190} INFO - [2024-10-12T07:34:37.145+0000] {dag.py:4180} INFO - Setting next_dagrun for example_external_task_marker_child to None, run_after=None
[2024-10-12T07:34:37.150+0000] {logging_mixin.py:190} INFO - [2024-10-12T07:34:37.150+0000] {dag.py:4180} INFO - Setting next_dagrun for example_external_task_marker_parent to None, run_after=None
[2024-10-12T07:34:37.181+0000] {processor.py:208} INFO - Processing /home/vboxuser/airflow_venv/lib/python3.12/site-packages/airflow/example_dags/example_external_task_marker_dag.py took 0.120 seconds
[2024-10-12T07:47:24.641+0000] {processor.py:186} INFO - Started process (PID=12925) to work on /home/vboxuser/airflow_venv/lib/python3.12/site-packages/airflow/example_dags/example_external_task_marker_dag.py
[2024-10-12T07:47:24.644+0000] {processor.py:914} INFO - Processing file /home/vboxuser/airflow_venv/lib/python3.12/site-packages/airflow/example_dags/example_external_task_marker_dag.py for tasks to queue
[2024-10-12T07:47:24.649+0000] {logging_mixin.py:190} INFO - [2024-10-12T07:47:24.648+0000] {dagbag.py:588} INFO - Filling up the DagBag from /home/vboxuser/airflow_venv/lib/python3.12/site-packages/airflow/example_dags/example_external_task_marker_dag.py
[2024-10-12T07:47:24.667+0000] {processor.py:925} INFO - DAG(s) 'example_external_task_marker_parent', 'example_external_task_marker_child' retrieved from /home/vboxuser/airflow_venv/lib/python3.12/site-packages/airflow/example_dags/example_external_task_marker_dag.py
[2024-10-12T07:47:24.698+0000] {logging_mixin.py:190} INFO - [2024-10-12T07:47:24.698+0000] {dag.py:3239} INFO - Sync 2 DAGs
[2024-10-12T07:47:24.722+0000] {logging_mixin.py:190} INFO - [2024-10-12T07:47:24.721+0000] {dag.py:4180} INFO - Setting next_dagrun for example_external_task_marker_child to None, run_after=None
[2024-10-12T07:47:24.726+0000] {logging_mixin.py:190} INFO - [2024-10-12T07:47:24.726+0000] {dag.py:4180} INFO - Setting next_dagrun for example_external_task_marker_parent to None, run_after=None
[2024-10-12T07:47:24.761+0000] {processor.py:208} INFO - Processing /home/vboxuser/airflow_venv/lib/python3.12/site-packages/airflow/example_dags/example_external_task_marker_dag.py took 0.133 seconds
[2024-10-12T07:48:26.932+0000] {processor.py:186} INFO - Started process (PID=12978) to work on /home/vboxuser/airflow_venv/lib/python3.12/site-packages/airflow/example_dags/example_external_task_marker_dag.py
[2024-10-12T07:48:26.935+0000] {processor.py:914} INFO - Processing file /home/vboxuser/airflow_venv/lib/python3.12/site-packages/airflow/example_dags/example_external_task_marker_dag.py for tasks to queue
[2024-10-12T07:48:26.940+0000] {logging_mixin.py:190} INFO - [2024-10-12T07:48:26.939+0000] {dagbag.py:588} INFO - Filling up the DagBag from /home/vboxuser/airflow_venv/lib/python3.12/site-packages/airflow/example_dags/example_external_task_marker_dag.py
[2024-10-12T07:48:26.959+0000] {processor.py:925} INFO - DAG(s) 'example_external_task_marker_child', 'example_external_task_marker_parent' retrieved from /home/vboxuser/airflow_venv/lib/python3.12/site-packages/airflow/example_dags/example_external_task_marker_dag.py
[2024-10-12T07:48:26.992+0000] {logging_mixin.py:190} INFO - [2024-10-12T07:48:26.991+0000] {dag.py:3239} INFO - Sync 2 DAGs
[2024-10-12T07:48:27.011+0000] {logging_mixin.py:190} INFO - [2024-10-12T07:48:27.011+0000] {dag.py:4180} INFO - Setting next_dagrun for example_external_task_marker_child to None, run_after=None
[2024-10-12T07:48:27.015+0000] {logging_mixin.py:190} INFO - [2024-10-12T07:48:27.015+0000] {dag.py:4180} INFO - Setting next_dagrun for example_external_task_marker_parent to None, run_after=None
[2024-10-12T07:48:27.067+0000] {processor.py:208} INFO - Processing /home/vboxuser/airflow_venv/lib/python3.12/site-packages/airflow/example_dags/example_external_task_marker_dag.py took 0.153 seconds
[2024-10-12T07:49:32.367+0000] {processor.py:186} INFO - Started process (PID=13037) to work on /home/vboxuser/airflow_venv/lib/python3.12/site-packages/airflow/example_dags/example_external_task_marker_dag.py
[2024-10-12T07:49:32.372+0000] {processor.py:914} INFO - Processing file /home/vboxuser/airflow_venv/lib/python3.12/site-packages/airflow/example_dags/example_external_task_marker_dag.py for tasks to queue
[2024-10-12T07:49:32.376+0000] {logging_mixin.py:190} INFO - [2024-10-12T07:49:32.375+0000] {dagbag.py:588} INFO - Filling up the DagBag from /home/vboxuser/airflow_venv/lib/python3.12/site-packages/airflow/example_dags/example_external_task_marker_dag.py
[2024-10-12T07:49:32.390+0000] {processor.py:925} INFO - DAG(s) 'example_external_task_marker_parent', 'example_external_task_marker_child' retrieved from /home/vboxuser/airflow_venv/lib/python3.12/site-packages/airflow/example_dags/example_external_task_marker_dag.py
[2024-10-12T07:49:32.423+0000] {logging_mixin.py:190} INFO - [2024-10-12T07:49:32.423+0000] {dag.py:3239} INFO - Sync 2 DAGs
[2024-10-12T07:49:32.444+0000] {logging_mixin.py:190} INFO - [2024-10-12T07:49:32.444+0000] {dag.py:4180} INFO - Setting next_dagrun for example_external_task_marker_child to None, run_after=None
[2024-10-12T07:49:32.450+0000] {logging_mixin.py:190} INFO - [2024-10-12T07:49:32.450+0000] {dag.py:4180} INFO - Setting next_dagrun for example_external_task_marker_parent to None, run_after=None
[2024-10-12T07:49:32.492+0000] {processor.py:208} INFO - Processing /home/vboxuser/airflow_venv/lib/python3.12/site-packages/airflow/example_dags/example_external_task_marker_dag.py took 0.141 seconds
[2024-10-12T07:50:42.131+0000] {processor.py:186} INFO - Started process (PID=13118) to work on /home/vboxuser/airflow_venv/lib/python3.12/site-packages/airflow/example_dags/example_external_task_marker_dag.py
[2024-10-12T07:50:42.134+0000] {processor.py:914} INFO - Processing file /home/vboxuser/airflow_venv/lib/python3.12/site-packages/airflow/example_dags/example_external_task_marker_dag.py for tasks to queue
[2024-10-12T07:50:42.136+0000] {logging_mixin.py:190} INFO - [2024-10-12T07:50:42.136+0000] {dagbag.py:588} INFO - Filling up the DagBag from /home/vboxuser/airflow_venv/lib/python3.12/site-packages/airflow/example_dags/example_external_task_marker_dag.py
[2024-10-12T07:50:42.147+0000] {processor.py:925} INFO - DAG(s) 'example_external_task_marker_parent', 'example_external_task_marker_child' retrieved from /home/vboxuser/airflow_venv/lib/python3.12/site-packages/airflow/example_dags/example_external_task_marker_dag.py
[2024-10-12T07:50:42.172+0000] {logging_mixin.py:190} INFO - [2024-10-12T07:50:42.172+0000] {dag.py:3239} INFO - Sync 2 DAGs
[2024-10-12T07:50:42.186+0000] {logging_mixin.py:190} INFO - [2024-10-12T07:50:42.186+0000] {dag.py:4180} INFO - Setting next_dagrun for example_external_task_marker_child to None, run_after=None
[2024-10-12T07:50:42.189+0000] {logging_mixin.py:190} INFO - [2024-10-12T07:50:42.189+0000] {dag.py:4180} INFO - Setting next_dagrun for example_external_task_marker_parent to None, run_after=None
[2024-10-12T07:50:42.223+0000] {processor.py:208} INFO - Processing /home/vboxuser/airflow_venv/lib/python3.12/site-packages/airflow/example_dags/example_external_task_marker_dag.py took 0.107 seconds
[2024-10-12T07:51:52.053+0000] {processor.py:186} INFO - Started process (PID=13238) to work on /home/vboxuser/airflow_venv/lib/python3.12/site-packages/airflow/example_dags/example_external_task_marker_dag.py
[2024-10-12T07:51:52.058+0000] {processor.py:914} INFO - Processing file /home/vboxuser/airflow_venv/lib/python3.12/site-packages/airflow/example_dags/example_external_task_marker_dag.py for tasks to queue
[2024-10-12T07:51:52.062+0000] {logging_mixin.py:190} INFO - [2024-10-12T07:51:52.062+0000] {dagbag.py:588} INFO - Filling up the DagBag from /home/vboxuser/airflow_venv/lib/python3.12/site-packages/airflow/example_dags/example_external_task_marker_dag.py
[2024-10-12T07:51:52.082+0000] {processor.py:925} INFO - DAG(s) 'example_external_task_marker_child', 'example_external_task_marker_parent' retrieved from /home/vboxuser/airflow_venv/lib/python3.12/site-packages/airflow/example_dags/example_external_task_marker_dag.py
[2024-10-12T07:51:52.114+0000] {logging_mixin.py:190} INFO - [2024-10-12T07:51:52.113+0000] {dag.py:3239} INFO - Sync 2 DAGs
[2024-10-12T07:51:52.136+0000] {logging_mixin.py:190} INFO - [2024-10-12T07:51:52.136+0000] {dag.py:4180} INFO - Setting next_dagrun for example_external_task_marker_child to None, run_after=None
[2024-10-12T07:51:52.141+0000] {logging_mixin.py:190} INFO - [2024-10-12T07:51:52.141+0000] {dag.py:4180} INFO - Setting next_dagrun for example_external_task_marker_parent to None, run_after=None
[2024-10-12T07:51:52.196+0000] {processor.py:208} INFO - Processing /home/vboxuser/airflow_venv/lib/python3.12/site-packages/airflow/example_dags/example_external_task_marker_dag.py took 0.156 seconds
[2024-10-12T07:53:02.143+0000] {processor.py:186} INFO - Started process (PID=13315) to work on /home/vboxuser/airflow_venv/lib/python3.12/site-packages/airflow/example_dags/example_external_task_marker_dag.py
[2024-10-12T07:53:02.154+0000] {processor.py:914} INFO - Processing file /home/vboxuser/airflow_venv/lib/python3.12/site-packages/airflow/example_dags/example_external_task_marker_dag.py for tasks to queue
[2024-10-12T07:53:02.157+0000] {logging_mixin.py:190} INFO - [2024-10-12T07:53:02.157+0000] {dagbag.py:588} INFO - Filling up the DagBag from /home/vboxuser/airflow_venv/lib/python3.12/site-packages/airflow/example_dags/example_external_task_marker_dag.py
[2024-10-12T07:53:02.170+0000] {processor.py:925} INFO - DAG(s) 'example_external_task_marker_parent', 'example_external_task_marker_child' retrieved from /home/vboxuser/airflow_venv/lib/python3.12/site-packages/airflow/example_dags/example_external_task_marker_dag.py
[2024-10-12T07:53:02.197+0000] {logging_mixin.py:190} INFO - [2024-10-12T07:53:02.197+0000] {dag.py:3239} INFO - Sync 2 DAGs
[2024-10-12T07:53:02.214+0000] {logging_mixin.py:190} INFO - [2024-10-12T07:53:02.213+0000] {dag.py:4180} INFO - Setting next_dagrun for example_external_task_marker_child to None, run_after=None
[2024-10-12T07:53:02.220+0000] {logging_mixin.py:190} INFO - [2024-10-12T07:53:02.220+0000] {dag.py:4180} INFO - Setting next_dagrun for example_external_task_marker_parent to None, run_after=None
[2024-10-12T07:53:02.274+0000] {processor.py:208} INFO - Processing /home/vboxuser/airflow_venv/lib/python3.12/site-packages/airflow/example_dags/example_external_task_marker_dag.py took 0.153 seconds
[2024-10-12T07:54:03.882+0000] {processor.py:186} INFO - Started process (PID=13380) to work on /home/vboxuser/airflow_venv/lib/python3.12/site-packages/airflow/example_dags/example_external_task_marker_dag.py
[2024-10-12T07:54:03.888+0000] {processor.py:914} INFO - Processing file /home/vboxuser/airflow_venv/lib/python3.12/site-packages/airflow/example_dags/example_external_task_marker_dag.py for tasks to queue
[2024-10-12T07:54:03.893+0000] {logging_mixin.py:190} INFO - [2024-10-12T07:54:03.892+0000] {dagbag.py:588} INFO - Filling up the DagBag from /home/vboxuser/airflow_venv/lib/python3.12/site-packages/airflow/example_dags/example_external_task_marker_dag.py
[2024-10-12T07:54:03.911+0000] {processor.py:925} INFO - DAG(s) 'example_external_task_marker_child', 'example_external_task_marker_parent' retrieved from /home/vboxuser/airflow_venv/lib/python3.12/site-packages/airflow/example_dags/example_external_task_marker_dag.py
[2024-10-12T07:54:03.942+0000] {logging_mixin.py:190} INFO - [2024-10-12T07:54:03.941+0000] {dag.py:3239} INFO - Sync 2 DAGs
[2024-10-12T07:54:03.961+0000] {logging_mixin.py:190} INFO - [2024-10-12T07:54:03.961+0000] {dag.py:4180} INFO - Setting next_dagrun for example_external_task_marker_child to None, run_after=None
[2024-10-12T07:54:03.968+0000] {logging_mixin.py:190} INFO - [2024-10-12T07:54:03.967+0000] {dag.py:4180} INFO - Setting next_dagrun for example_external_task_marker_parent to None, run_after=None
[2024-10-12T07:54:04.015+0000] {processor.py:208} INFO - Processing /home/vboxuser/airflow_venv/lib/python3.12/site-packages/airflow/example_dags/example_external_task_marker_dag.py took 0.144 seconds
[2024-10-12T07:55:07.023+0000] {processor.py:186} INFO - Started process (PID=13442) to work on /home/vboxuser/airflow_venv/lib/python3.12/site-packages/airflow/example_dags/example_external_task_marker_dag.py
[2024-10-12T07:55:07.029+0000] {processor.py:914} INFO - Processing file /home/vboxuser/airflow_venv/lib/python3.12/site-packages/airflow/example_dags/example_external_task_marker_dag.py for tasks to queue
[2024-10-12T07:55:07.033+0000] {logging_mixin.py:190} INFO - [2024-10-12T07:55:07.032+0000] {dagbag.py:588} INFO - Filling up the DagBag from /home/vboxuser/airflow_venv/lib/python3.12/site-packages/airflow/example_dags/example_external_task_marker_dag.py
[2024-10-12T07:55:07.051+0000] {processor.py:925} INFO - DAG(s) 'example_external_task_marker_parent', 'example_external_task_marker_child' retrieved from /home/vboxuser/airflow_venv/lib/python3.12/site-packages/airflow/example_dags/example_external_task_marker_dag.py
[2024-10-12T07:55:07.080+0000] {logging_mixin.py:190} INFO - [2024-10-12T07:55:07.080+0000] {dag.py:3239} INFO - Sync 2 DAGs
[2024-10-12T07:55:07.098+0000] {logging_mixin.py:190} INFO - [2024-10-12T07:55:07.097+0000] {dag.py:4180} INFO - Setting next_dagrun for example_external_task_marker_child to None, run_after=None
[2024-10-12T07:55:07.102+0000] {logging_mixin.py:190} INFO - [2024-10-12T07:55:07.102+0000] {dag.py:4180} INFO - Setting next_dagrun for example_external_task_marker_parent to None, run_after=None
[2024-10-12T07:55:07.144+0000] {processor.py:208} INFO - Processing /home/vboxuser/airflow_venv/lib/python3.12/site-packages/airflow/example_dags/example_external_task_marker_dag.py took 0.133 seconds
[2024-10-12T07:56:13.118+0000] {processor.py:186} INFO - Started process (PID=13505) to work on /home/vboxuser/airflow_venv/lib/python3.12/site-packages/airflow/example_dags/example_external_task_marker_dag.py
[2024-10-12T07:56:13.120+0000] {processor.py:914} INFO - Processing file /home/vboxuser/airflow_venv/lib/python3.12/site-packages/airflow/example_dags/example_external_task_marker_dag.py for tasks to queue
[2024-10-12T07:56:13.122+0000] {logging_mixin.py:190} INFO - [2024-10-12T07:56:13.122+0000] {dagbag.py:588} INFO - Filling up the DagBag from /home/vboxuser/airflow_venv/lib/python3.12/site-packages/airflow/example_dags/example_external_task_marker_dag.py
[2024-10-12T07:56:13.133+0000] {processor.py:925} INFO - DAG(s) 'example_external_task_marker_child', 'example_external_task_marker_parent' retrieved from /home/vboxuser/airflow_venv/lib/python3.12/site-packages/airflow/example_dags/example_external_task_marker_dag.py
[2024-10-12T07:56:13.154+0000] {logging_mixin.py:190} INFO - [2024-10-12T07:56:13.154+0000] {dag.py:3239} INFO - Sync 2 DAGs
[2024-10-12T07:56:13.168+0000] {logging_mixin.py:190} INFO - [2024-10-12T07:56:13.168+0000] {dag.py:4180} INFO - Setting next_dagrun for example_external_task_marker_child to None, run_after=None
[2024-10-12T07:56:13.171+0000] {logging_mixin.py:190} INFO - [2024-10-12T07:56:13.171+0000] {dag.py:4180} INFO - Setting next_dagrun for example_external_task_marker_parent to None, run_after=None
[2024-10-12T07:56:13.202+0000] {processor.py:208} INFO - Processing /home/vboxuser/airflow_venv/lib/python3.12/site-packages/airflow/example_dags/example_external_task_marker_dag.py took 0.091 seconds
[2024-10-12T07:57:19.625+0000] {processor.py:186} INFO - Started process (PID=13578) to work on /home/vboxuser/airflow_venv/lib/python3.12/site-packages/airflow/example_dags/example_external_task_marker_dag.py
[2024-10-12T07:57:19.628+0000] {processor.py:914} INFO - Processing file /home/vboxuser/airflow_venv/lib/python3.12/site-packages/airflow/example_dags/example_external_task_marker_dag.py for tasks to queue
[2024-10-12T07:57:19.632+0000] {logging_mixin.py:190} INFO - [2024-10-12T07:57:19.631+0000] {dagbag.py:588} INFO - Filling up the DagBag from /home/vboxuser/airflow_venv/lib/python3.12/site-packages/airflow/example_dags/example_external_task_marker_dag.py
[2024-10-12T07:57:19.642+0000] {processor.py:925} INFO - DAG(s) 'example_external_task_marker_parent', 'example_external_task_marker_child' retrieved from /home/vboxuser/airflow_venv/lib/python3.12/site-packages/airflow/example_dags/example_external_task_marker_dag.py
[2024-10-12T07:57:19.665+0000] {logging_mixin.py:190} INFO - [2024-10-12T07:57:19.664+0000] {dag.py:3239} INFO - Sync 2 DAGs
[2024-10-12T07:57:19.678+0000] {logging_mixin.py:190} INFO - [2024-10-12T07:57:19.678+0000] {dag.py:4180} INFO - Setting next_dagrun for example_external_task_marker_child to None, run_after=None
[2024-10-12T07:57:19.682+0000] {logging_mixin.py:190} INFO - [2024-10-12T07:57:19.682+0000] {dag.py:4180} INFO - Setting next_dagrun for example_external_task_marker_parent to None, run_after=None
[2024-10-12T07:57:19.715+0000] {processor.py:208} INFO - Processing /home/vboxuser/airflow_venv/lib/python3.12/site-packages/airflow/example_dags/example_external_task_marker_dag.py took 0.098 seconds
[2024-10-12T07:58:24.325+0000] {processor.py:186} INFO - Started process (PID=13639) to work on /home/vboxuser/airflow_venv/lib/python3.12/site-packages/airflow/example_dags/example_external_task_marker_dag.py
[2024-10-12T07:58:24.331+0000] {processor.py:914} INFO - Processing file /home/vboxuser/airflow_venv/lib/python3.12/site-packages/airflow/example_dags/example_external_task_marker_dag.py for tasks to queue
[2024-10-12T07:58:24.336+0000] {logging_mixin.py:190} INFO - [2024-10-12T07:58:24.335+0000] {dagbag.py:588} INFO - Filling up the DagBag from /home/vboxuser/airflow_venv/lib/python3.12/site-packages/airflow/example_dags/example_external_task_marker_dag.py
[2024-10-12T07:58:24.350+0000] {processor.py:925} INFO - DAG(s) 'example_external_task_marker_child', 'example_external_task_marker_parent' retrieved from /home/vboxuser/airflow_venv/lib/python3.12/site-packages/airflow/example_dags/example_external_task_marker_dag.py
[2024-10-12T07:58:24.372+0000] {logging_mixin.py:190} INFO - [2024-10-12T07:58:24.372+0000] {dag.py:3239} INFO - Sync 2 DAGs
[2024-10-12T07:58:24.387+0000] {logging_mixin.py:190} INFO - [2024-10-12T07:58:24.387+0000] {dag.py:4180} INFO - Setting next_dagrun for example_external_task_marker_child to None, run_after=None
[2024-10-12T07:58:24.390+0000] {logging_mixin.py:190} INFO - [2024-10-12T07:58:24.390+0000] {dag.py:4180} INFO - Setting next_dagrun for example_external_task_marker_parent to None, run_after=None
[2024-10-12T07:58:24.424+0000] {processor.py:208} INFO - Processing /home/vboxuser/airflow_venv/lib/python3.12/site-packages/airflow/example_dags/example_external_task_marker_dag.py took 0.109 seconds
[2024-10-12T07:59:24.103+0000] {processor.py:186} INFO - Started process (PID=13695) to work on /home/vboxuser/airflow_venv/lib/python3.12/site-packages/airflow/example_dags/example_external_task_marker_dag.py
[2024-10-12T07:59:24.109+0000] {processor.py:914} INFO - Processing file /home/vboxuser/airflow_venv/lib/python3.12/site-packages/airflow/example_dags/example_external_task_marker_dag.py for tasks to queue
[2024-10-12T07:59:24.112+0000] {logging_mixin.py:190} INFO - [2024-10-12T07:59:24.112+0000] {dagbag.py:588} INFO - Filling up the DagBag from /home/vboxuser/airflow_venv/lib/python3.12/site-packages/airflow/example_dags/example_external_task_marker_dag.py
[2024-10-12T07:59:24.124+0000] {processor.py:925} INFO - DAG(s) 'example_external_task_marker_parent', 'example_external_task_marker_child' retrieved from /home/vboxuser/airflow_venv/lib/python3.12/site-packages/airflow/example_dags/example_external_task_marker_dag.py
[2024-10-12T07:59:24.156+0000] {logging_mixin.py:190} INFO - [2024-10-12T07:59:24.155+0000] {dag.py:3239} INFO - Sync 2 DAGs
[2024-10-12T07:59:24.178+0000] {logging_mixin.py:190} INFO - [2024-10-12T07:59:24.178+0000] {dag.py:4180} INFO - Setting next_dagrun for example_external_task_marker_child to None, run_after=None
[2024-10-12T07:59:24.184+0000] {logging_mixin.py:190} INFO - [2024-10-12T07:59:24.183+0000] {dag.py:4180} INFO - Setting next_dagrun for example_external_task_marker_parent to None, run_after=None
[2024-10-12T07:59:24.224+0000] {processor.py:208} INFO - Processing /home/vboxuser/airflow_venv/lib/python3.12/site-packages/airflow/example_dags/example_external_task_marker_dag.py took 0.129 seconds
[2024-10-12T08:00:29.931+0000] {processor.py:186} INFO - Started process (PID=13758) to work on /home/vboxuser/airflow_venv/lib/python3.12/site-packages/airflow/example_dags/example_external_task_marker_dag.py
[2024-10-12T08:00:29.935+0000] {processor.py:914} INFO - Processing file /home/vboxuser/airflow_venv/lib/python3.12/site-packages/airflow/example_dags/example_external_task_marker_dag.py for tasks to queue
[2024-10-12T08:00:29.938+0000] {logging_mixin.py:190} INFO - [2024-10-12T08:00:29.938+0000] {dagbag.py:588} INFO - Filling up the DagBag from /home/vboxuser/airflow_venv/lib/python3.12/site-packages/airflow/example_dags/example_external_task_marker_dag.py
[2024-10-12T08:00:29.950+0000] {processor.py:925} INFO - DAG(s) 'example_external_task_marker_child', 'example_external_task_marker_parent' retrieved from /home/vboxuser/airflow_venv/lib/python3.12/site-packages/airflow/example_dags/example_external_task_marker_dag.py
[2024-10-12T08:00:29.975+0000] {logging_mixin.py:190} INFO - [2024-10-12T08:00:29.975+0000] {dag.py:3239} INFO - Sync 2 DAGs
[2024-10-12T08:00:29.991+0000] {logging_mixin.py:190} INFO - [2024-10-12T08:00:29.990+0000] {dag.py:4180} INFO - Setting next_dagrun for example_external_task_marker_child to None, run_after=None
[2024-10-12T08:00:29.994+0000] {logging_mixin.py:190} INFO - [2024-10-12T08:00:29.994+0000] {dag.py:4180} INFO - Setting next_dagrun for example_external_task_marker_parent to None, run_after=None
[2024-10-12T08:00:30.033+0000] {processor.py:208} INFO - Processing /home/vboxuser/airflow_venv/lib/python3.12/site-packages/airflow/example_dags/example_external_task_marker_dag.py took 0.110 seconds
[2024-10-12T08:01:33.981+0000] {processor.py:186} INFO - Started process (PID=13815) to work on /home/vboxuser/airflow_venv/lib/python3.12/site-packages/airflow/example_dags/example_external_task_marker_dag.py
[2024-10-12T08:01:33.983+0000] {processor.py:914} INFO - Processing file /home/vboxuser/airflow_venv/lib/python3.12/site-packages/airflow/example_dags/example_external_task_marker_dag.py for tasks to queue
[2024-10-12T08:01:33.987+0000] {logging_mixin.py:190} INFO - [2024-10-12T08:01:33.986+0000] {dagbag.py:588} INFO - Filling up the DagBag from /home/vboxuser/airflow_venv/lib/python3.12/site-packages/airflow/example_dags/example_external_task_marker_dag.py
[2024-10-12T08:01:33.999+0000] {processor.py:925} INFO - DAG(s) 'example_external_task_marker_child', 'example_external_task_marker_parent' retrieved from /home/vboxuser/airflow_venv/lib/python3.12/site-packages/airflow/example_dags/example_external_task_marker_dag.py
[2024-10-12T08:01:34.029+0000] {logging_mixin.py:190} INFO - [2024-10-12T08:01:34.029+0000] {dag.py:3239} INFO - Sync 2 DAGs
[2024-10-12T08:01:34.053+0000] {logging_mixin.py:190} INFO - [2024-10-12T08:01:34.052+0000] {dag.py:4180} INFO - Setting next_dagrun for example_external_task_marker_child to None, run_after=None
[2024-10-12T08:01:34.057+0000] {logging_mixin.py:190} INFO - [2024-10-12T08:01:34.057+0000] {dag.py:4180} INFO - Setting next_dagrun for example_external_task_marker_parent to None, run_after=None
[2024-10-12T08:01:34.105+0000] {processor.py:208} INFO - Processing /home/vboxuser/airflow_venv/lib/python3.12/site-packages/airflow/example_dags/example_external_task_marker_dag.py took 0.135 seconds
[2024-10-12T08:02:42.886+0000] {processor.py:186} INFO - Started process (PID=13876) to work on /home/vboxuser/airflow_venv/lib/python3.12/site-packages/airflow/example_dags/example_external_task_marker_dag.py
[2024-10-12T08:02:42.890+0000] {processor.py:914} INFO - Processing file /home/vboxuser/airflow_venv/lib/python3.12/site-packages/airflow/example_dags/example_external_task_marker_dag.py for tasks to queue
[2024-10-12T08:02:42.894+0000] {logging_mixin.py:190} INFO - [2024-10-12T08:02:42.893+0000] {dagbag.py:588} INFO - Filling up the DagBag from /home/vboxuser/airflow_venv/lib/python3.12/site-packages/airflow/example_dags/example_external_task_marker_dag.py
[2024-10-12T08:02:42.912+0000] {processor.py:925} INFO - DAG(s) 'example_external_task_marker_parent', 'example_external_task_marker_child' retrieved from /home/vboxuser/airflow_venv/lib/python3.12/site-packages/airflow/example_dags/example_external_task_marker_dag.py
[2024-10-12T08:02:42.944+0000] {logging_mixin.py:190} INFO - [2024-10-12T08:02:42.944+0000] {dag.py:3239} INFO - Sync 2 DAGs
[2024-10-12T08:02:42.962+0000] {logging_mixin.py:190} INFO - [2024-10-12T08:02:42.962+0000] {dag.py:4180} INFO - Setting next_dagrun for example_external_task_marker_child to None, run_after=None
[2024-10-12T08:02:42.967+0000] {logging_mixin.py:190} INFO - [2024-10-12T08:02:42.967+0000] {dag.py:4180} INFO - Setting next_dagrun for example_external_task_marker_parent to None, run_after=None
[2024-10-12T08:02:43.008+0000] {processor.py:208} INFO - Processing /home/vboxuser/airflow_venv/lib/python3.12/site-packages/airflow/example_dags/example_external_task_marker_dag.py took 0.132 seconds
[2024-10-12T08:03:45.517+0000] {processor.py:186} INFO - Started process (PID=13934) to work on /home/vboxuser/airflow_venv/lib/python3.12/site-packages/airflow/example_dags/example_external_task_marker_dag.py
[2024-10-12T08:03:45.519+0000] {processor.py:914} INFO - Processing file /home/vboxuser/airflow_venv/lib/python3.12/site-packages/airflow/example_dags/example_external_task_marker_dag.py for tasks to queue
[2024-10-12T08:03:45.524+0000] {logging_mixin.py:190} INFO - [2024-10-12T08:03:45.523+0000] {dagbag.py:588} INFO - Filling up the DagBag from /home/vboxuser/airflow_venv/lib/python3.12/site-packages/airflow/example_dags/example_external_task_marker_dag.py
[2024-10-12T08:03:45.539+0000] {processor.py:925} INFO - DAG(s) 'example_external_task_marker_parent', 'example_external_task_marker_child' retrieved from /home/vboxuser/airflow_venv/lib/python3.12/site-packages/airflow/example_dags/example_external_task_marker_dag.py
[2024-10-12T08:03:45.567+0000] {logging_mixin.py:190} INFO - [2024-10-12T08:03:45.566+0000] {dag.py:3239} INFO - Sync 2 DAGs
[2024-10-12T08:03:45.586+0000] {logging_mixin.py:190} INFO - [2024-10-12T08:03:45.586+0000] {dag.py:4180} INFO - Setting next_dagrun for example_external_task_marker_child to None, run_after=None
[2024-10-12T08:03:45.591+0000] {logging_mixin.py:190} INFO - [2024-10-12T08:03:45.591+0000] {dag.py:4180} INFO - Setting next_dagrun for example_external_task_marker_parent to None, run_after=None
[2024-10-12T08:03:45.634+0000] {processor.py:208} INFO - Processing /home/vboxuser/airflow_venv/lib/python3.12/site-packages/airflow/example_dags/example_external_task_marker_dag.py took 0.127 seconds
[2024-10-12T08:04:54.821+0000] {processor.py:186} INFO - Started process (PID=14008) to work on /home/vboxuser/airflow_venv/lib/python3.12/site-packages/airflow/example_dags/example_external_task_marker_dag.py
[2024-10-12T08:04:54.823+0000] {processor.py:914} INFO - Processing file /home/vboxuser/airflow_venv/lib/python3.12/site-packages/airflow/example_dags/example_external_task_marker_dag.py for tasks to queue
[2024-10-12T08:04:54.826+0000] {logging_mixin.py:190} INFO - [2024-10-12T08:04:54.825+0000] {dagbag.py:588} INFO - Filling up the DagBag from /home/vboxuser/airflow_venv/lib/python3.12/site-packages/airflow/example_dags/example_external_task_marker_dag.py
[2024-10-12T08:04:54.837+0000] {processor.py:925} INFO - DAG(s) 'example_external_task_marker_parent', 'example_external_task_marker_child' retrieved from /home/vboxuser/airflow_venv/lib/python3.12/site-packages/airflow/example_dags/example_external_task_marker_dag.py
[2024-10-12T08:04:54.870+0000] {logging_mixin.py:190} INFO - [2024-10-12T08:04:54.869+0000] {dag.py:3239} INFO - Sync 2 DAGs
[2024-10-12T08:04:54.897+0000] {logging_mixin.py:190} INFO - [2024-10-12T08:04:54.897+0000] {dag.py:4180} INFO - Setting next_dagrun for example_external_task_marker_child to None, run_after=None
[2024-10-12T08:04:54.903+0000] {logging_mixin.py:190} INFO - [2024-10-12T08:04:54.902+0000] {dag.py:4180} INFO - Setting next_dagrun for example_external_task_marker_parent to None, run_after=None
[2024-10-12T08:04:54.945+0000] {processor.py:208} INFO - Processing /home/vboxuser/airflow_venv/lib/python3.12/site-packages/airflow/example_dags/example_external_task_marker_dag.py took 0.135 seconds
[2024-10-12T08:06:05.510+0000] {processor.py:186} INFO - Started process (PID=14078) to work on /home/vboxuser/airflow_venv/lib/python3.12/site-packages/airflow/example_dags/example_external_task_marker_dag.py
[2024-10-12T08:06:05.516+0000] {processor.py:914} INFO - Processing file /home/vboxuser/airflow_venv/lib/python3.12/site-packages/airflow/example_dags/example_external_task_marker_dag.py for tasks to queue
[2024-10-12T08:06:05.523+0000] {logging_mixin.py:190} INFO - [2024-10-12T08:06:05.522+0000] {dagbag.py:588} INFO - Filling up the DagBag from /home/vboxuser/airflow_venv/lib/python3.12/site-packages/airflow/example_dags/example_external_task_marker_dag.py
[2024-10-12T08:06:05.552+0000] {processor.py:925} INFO - DAG(s) 'example_external_task_marker_parent', 'example_external_task_marker_child' retrieved from /home/vboxuser/airflow_venv/lib/python3.12/site-packages/airflow/example_dags/example_external_task_marker_dag.py
[2024-10-12T08:06:05.627+0000] {logging_mixin.py:190} INFO - [2024-10-12T08:06:05.626+0000] {dag.py:3239} INFO - Sync 2 DAGs
[2024-10-12T08:06:05.663+0000] {logging_mixin.py:190} INFO - [2024-10-12T08:06:05.662+0000] {dag.py:4180} INFO - Setting next_dagrun for example_external_task_marker_child to None, run_after=None
[2024-10-12T08:06:05.670+0000] {logging_mixin.py:190} INFO - [2024-10-12T08:06:05.670+0000] {dag.py:4180} INFO - Setting next_dagrun for example_external_task_marker_parent to None, run_after=None
[2024-10-12T08:06:05.724+0000] {processor.py:208} INFO - Processing /home/vboxuser/airflow_venv/lib/python3.12/site-packages/airflow/example_dags/example_external_task_marker_dag.py took 0.236 seconds
[2024-10-12T08:07:20.600+0000] {processor.py:186} INFO - Started process (PID=14143) to work on /home/vboxuser/airflow_venv/lib/python3.12/site-packages/airflow/example_dags/example_external_task_marker_dag.py
[2024-10-12T08:07:20.606+0000] {processor.py:914} INFO - Processing file /home/vboxuser/airflow_venv/lib/python3.12/site-packages/airflow/example_dags/example_external_task_marker_dag.py for tasks to queue
[2024-10-12T08:07:20.614+0000] {logging_mixin.py:190} INFO - [2024-10-12T08:07:20.612+0000] {dagbag.py:588} INFO - Filling up the DagBag from /home/vboxuser/airflow_venv/lib/python3.12/site-packages/airflow/example_dags/example_external_task_marker_dag.py
[2024-10-12T08:07:20.633+0000] {processor.py:925} INFO - DAG(s) 'example_external_task_marker_child', 'example_external_task_marker_parent' retrieved from /home/vboxuser/airflow_venv/lib/python3.12/site-packages/airflow/example_dags/example_external_task_marker_dag.py
[2024-10-12T08:07:20.679+0000] {logging_mixin.py:190} INFO - [2024-10-12T08:07:20.678+0000] {dag.py:3239} INFO - Sync 2 DAGs
[2024-10-12T08:07:20.705+0000] {logging_mixin.py:190} INFO - [2024-10-12T08:07:20.704+0000] {dag.py:4180} INFO - Setting next_dagrun for example_external_task_marker_child to None, run_after=None
[2024-10-12T08:07:20.712+0000] {logging_mixin.py:190} INFO - [2024-10-12T08:07:20.712+0000] {dag.py:4180} INFO - Setting next_dagrun for example_external_task_marker_parent to None, run_after=None
[2024-10-12T08:07:20.763+0000] {processor.py:208} INFO - Processing /home/vboxuser/airflow_venv/lib/python3.12/site-packages/airflow/example_dags/example_external_task_marker_dag.py took 0.182 seconds
[2024-10-12T08:08:34.265+0000] {processor.py:186} INFO - Started process (PID=14211) to work on /home/vboxuser/airflow_venv/lib/python3.12/site-packages/airflow/example_dags/example_external_task_marker_dag.py
[2024-10-12T08:08:34.270+0000] {processor.py:914} INFO - Processing file /home/vboxuser/airflow_venv/lib/python3.12/site-packages/airflow/example_dags/example_external_task_marker_dag.py for tasks to queue
[2024-10-12T08:08:34.276+0000] {logging_mixin.py:190} INFO - [2024-10-12T08:08:34.275+0000] {dagbag.py:588} INFO - Filling up the DagBag from /home/vboxuser/airflow_venv/lib/python3.12/site-packages/airflow/example_dags/example_external_task_marker_dag.py
[2024-10-12T08:08:34.297+0000] {processor.py:925} INFO - DAG(s) 'example_external_task_marker_parent', 'example_external_task_marker_child' retrieved from /home/vboxuser/airflow_venv/lib/python3.12/site-packages/airflow/example_dags/example_external_task_marker_dag.py
[2024-10-12T08:08:34.335+0000] {logging_mixin.py:190} INFO - [2024-10-12T08:08:34.335+0000] {dag.py:3239} INFO - Sync 2 DAGs
[2024-10-12T08:08:34.362+0000] {logging_mixin.py:190} INFO - [2024-10-12T08:08:34.362+0000] {dag.py:4180} INFO - Setting next_dagrun for example_external_task_marker_child to None, run_after=None
[2024-10-12T08:08:34.369+0000] {logging_mixin.py:190} INFO - [2024-10-12T08:08:34.368+0000] {dag.py:4180} INFO - Setting next_dagrun for example_external_task_marker_parent to None, run_after=None
[2024-10-12T08:08:34.429+0000] {processor.py:208} INFO - Processing /home/vboxuser/airflow_venv/lib/python3.12/site-packages/airflow/example_dags/example_external_task_marker_dag.py took 0.182 seconds
[2024-10-12T08:09:51.194+0000] {processor.py:186} INFO - Started process (PID=14275) to work on /home/vboxuser/airflow_venv/lib/python3.12/site-packages/airflow/example_dags/example_external_task_marker_dag.py
[2024-10-12T08:09:51.201+0000] {processor.py:914} INFO - Processing file /home/vboxuser/airflow_venv/lib/python3.12/site-packages/airflow/example_dags/example_external_task_marker_dag.py for tasks to queue
[2024-10-12T08:09:51.205+0000] {logging_mixin.py:190} INFO - [2024-10-12T08:09:51.204+0000] {dagbag.py:588} INFO - Filling up the DagBag from /home/vboxuser/airflow_venv/lib/python3.12/site-packages/airflow/example_dags/example_external_task_marker_dag.py
[2024-10-12T08:09:51.223+0000] {processor.py:925} INFO - DAG(s) 'example_external_task_marker_child', 'example_external_task_marker_parent' retrieved from /home/vboxuser/airflow_venv/lib/python3.12/site-packages/airflow/example_dags/example_external_task_marker_dag.py
[2024-10-12T08:09:51.262+0000] {logging_mixin.py:190} INFO - [2024-10-12T08:09:51.261+0000] {dag.py:3239} INFO - Sync 2 DAGs
[2024-10-12T08:09:51.290+0000] {logging_mixin.py:190} INFO - [2024-10-12T08:09:51.289+0000] {dag.py:4180} INFO - Setting next_dagrun for example_external_task_marker_child to None, run_after=None
[2024-10-12T08:09:51.297+0000] {logging_mixin.py:190} INFO - [2024-10-12T08:09:51.296+0000] {dag.py:4180} INFO - Setting next_dagrun for example_external_task_marker_parent to None, run_after=None
[2024-10-12T08:09:51.350+0000] {processor.py:208} INFO - Processing /home/vboxuser/airflow_venv/lib/python3.12/site-packages/airflow/example_dags/example_external_task_marker_dag.py took 0.168 seconds
[2024-10-12T08:11:05.888+0000] {processor.py:186} INFO - Started process (PID=14343) to work on /home/vboxuser/airflow_venv/lib/python3.12/site-packages/airflow/example_dags/example_external_task_marker_dag.py
[2024-10-12T08:11:05.895+0000] {processor.py:914} INFO - Processing file /home/vboxuser/airflow_venv/lib/python3.12/site-packages/airflow/example_dags/example_external_task_marker_dag.py for tasks to queue
[2024-10-12T08:11:05.900+0000] {logging_mixin.py:190} INFO - [2024-10-12T08:11:05.900+0000] {dagbag.py:588} INFO - Filling up the DagBag from /home/vboxuser/airflow_venv/lib/python3.12/site-packages/airflow/example_dags/example_external_task_marker_dag.py
[2024-10-12T08:11:05.919+0000] {processor.py:925} INFO - DAG(s) 'example_external_task_marker_child', 'example_external_task_marker_parent' retrieved from /home/vboxuser/airflow_venv/lib/python3.12/site-packages/airflow/example_dags/example_external_task_marker_dag.py
[2024-10-12T08:11:05.958+0000] {logging_mixin.py:190} INFO - [2024-10-12T08:11:05.958+0000] {dag.py:3239} INFO - Sync 2 DAGs
[2024-10-12T08:11:05.979+0000] {logging_mixin.py:190} INFO - [2024-10-12T08:11:05.979+0000] {dag.py:4180} INFO - Setting next_dagrun for example_external_task_marker_child to None, run_after=None
[2024-10-12T08:11:05.984+0000] {logging_mixin.py:190} INFO - [2024-10-12T08:11:05.984+0000] {dag.py:4180} INFO - Setting next_dagrun for example_external_task_marker_parent to None, run_after=None
[2024-10-12T08:11:06.045+0000] {processor.py:208} INFO - Processing /home/vboxuser/airflow_venv/lib/python3.12/site-packages/airflow/example_dags/example_external_task_marker_dag.py took 0.171 seconds
[2024-10-12T08:12:12.039+0000] {processor.py:186} INFO - Started process (PID=14403) to work on /home/vboxuser/airflow_venv/lib/python3.12/site-packages/airflow/example_dags/example_external_task_marker_dag.py
[2024-10-12T08:12:12.046+0000] {processor.py:914} INFO - Processing file /home/vboxuser/airflow_venv/lib/python3.12/site-packages/airflow/example_dags/example_external_task_marker_dag.py for tasks to queue
[2024-10-12T08:12:12.053+0000] {logging_mixin.py:190} INFO - [2024-10-12T08:12:12.052+0000] {dagbag.py:588} INFO - Filling up the DagBag from /home/vboxuser/airflow_venv/lib/python3.12/site-packages/airflow/example_dags/example_external_task_marker_dag.py
[2024-10-12T08:12:12.081+0000] {processor.py:925} INFO - DAG(s) 'example_external_task_marker_parent', 'example_external_task_marker_child' retrieved from /home/vboxuser/airflow_venv/lib/python3.12/site-packages/airflow/example_dags/example_external_task_marker_dag.py
[2024-10-12T08:12:12.118+0000] {logging_mixin.py:190} INFO - [2024-10-12T08:12:12.118+0000] {dag.py:3239} INFO - Sync 2 DAGs
[2024-10-12T08:12:12.152+0000] {logging_mixin.py:190} INFO - [2024-10-12T08:12:12.151+0000] {dag.py:4180} INFO - Setting next_dagrun for example_external_task_marker_child to None, run_after=None
[2024-10-12T08:12:12.159+0000] {logging_mixin.py:190} INFO - [2024-10-12T08:12:12.159+0000] {dag.py:4180} INFO - Setting next_dagrun for example_external_task_marker_parent to None, run_after=None
[2024-10-12T08:12:12.212+0000] {processor.py:208} INFO - Processing /home/vboxuser/airflow_venv/lib/python3.12/site-packages/airflow/example_dags/example_external_task_marker_dag.py took 0.193 seconds
[2024-10-12T08:13:21.985+0000] {processor.py:186} INFO - Started process (PID=14465) to work on /home/vboxuser/airflow_venv/lib/python3.12/site-packages/airflow/example_dags/example_external_task_marker_dag.py
[2024-10-12T08:13:21.990+0000] {processor.py:914} INFO - Processing file /home/vboxuser/airflow_venv/lib/python3.12/site-packages/airflow/example_dags/example_external_task_marker_dag.py for tasks to queue
[2024-10-12T08:13:21.994+0000] {logging_mixin.py:190} INFO - [2024-10-12T08:13:21.994+0000] {dagbag.py:588} INFO - Filling up the DagBag from /home/vboxuser/airflow_venv/lib/python3.12/site-packages/airflow/example_dags/example_external_task_marker_dag.py
[2024-10-12T08:13:22.012+0000] {processor.py:925} INFO - DAG(s) 'example_external_task_marker_child', 'example_external_task_marker_parent' retrieved from /home/vboxuser/airflow_venv/lib/python3.12/site-packages/airflow/example_dags/example_external_task_marker_dag.py
[2024-10-12T08:13:22.044+0000] {logging_mixin.py:190} INFO - [2024-10-12T08:13:22.044+0000] {dag.py:3239} INFO - Sync 2 DAGs
[2024-10-12T08:13:22.063+0000] {logging_mixin.py:190} INFO - [2024-10-12T08:13:22.062+0000] {dag.py:4180} INFO - Setting next_dagrun for example_external_task_marker_child to None, run_after=None
[2024-10-12T08:13:22.067+0000] {logging_mixin.py:190} INFO - [2024-10-12T08:13:22.066+0000] {dag.py:4180} INFO - Setting next_dagrun for example_external_task_marker_parent to None, run_after=None
[2024-10-12T08:13:22.113+0000] {processor.py:208} INFO - Processing /home/vboxuser/airflow_venv/lib/python3.12/site-packages/airflow/example_dags/example_external_task_marker_dag.py took 0.144 seconds
[2024-10-12T08:14:36.413+0000] {processor.py:186} INFO - Started process (PID=14527) to work on /home/vboxuser/airflow_venv/lib/python3.12/site-packages/airflow/example_dags/example_external_task_marker_dag.py
[2024-10-12T08:14:36.419+0000] {processor.py:914} INFO - Processing file /home/vboxuser/airflow_venv/lib/python3.12/site-packages/airflow/example_dags/example_external_task_marker_dag.py for tasks to queue
[2024-10-12T08:14:36.423+0000] {logging_mixin.py:190} INFO - [2024-10-12T08:14:36.422+0000] {dagbag.py:588} INFO - Filling up the DagBag from /home/vboxuser/airflow_venv/lib/python3.12/site-packages/airflow/example_dags/example_external_task_marker_dag.py
[2024-10-12T08:14:36.442+0000] {processor.py:925} INFO - DAG(s) 'example_external_task_marker_child', 'example_external_task_marker_parent' retrieved from /home/vboxuser/airflow_venv/lib/python3.12/site-packages/airflow/example_dags/example_external_task_marker_dag.py
[2024-10-12T08:14:36.469+0000] {logging_mixin.py:190} INFO - [2024-10-12T08:14:36.468+0000] {dag.py:3239} INFO - Sync 2 DAGs
[2024-10-12T08:14:36.486+0000] {logging_mixin.py:190} INFO - [2024-10-12T08:14:36.486+0000] {dag.py:4180} INFO - Setting next_dagrun for example_external_task_marker_child to None, run_after=None
[2024-10-12T08:14:36.490+0000] {logging_mixin.py:190} INFO - [2024-10-12T08:14:36.490+0000] {dag.py:4180} INFO - Setting next_dagrun for example_external_task_marker_parent to None, run_after=None
[2024-10-12T08:14:36.532+0000] {processor.py:208} INFO - Processing /home/vboxuser/airflow_venv/lib/python3.12/site-packages/airflow/example_dags/example_external_task_marker_dag.py took 0.128 seconds
[2024-10-12T08:15:51.625+0000] {processor.py:186} INFO - Started process (PID=14593) to work on /home/vboxuser/airflow_venv/lib/python3.12/site-packages/airflow/example_dags/example_external_task_marker_dag.py
[2024-10-12T08:15:51.632+0000] {processor.py:914} INFO - Processing file /home/vboxuser/airflow_venv/lib/python3.12/site-packages/airflow/example_dags/example_external_task_marker_dag.py for tasks to queue
[2024-10-12T08:15:51.638+0000] {logging_mixin.py:190} INFO - [2024-10-12T08:15:51.637+0000] {dagbag.py:588} INFO - Filling up the DagBag from /home/vboxuser/airflow_venv/lib/python3.12/site-packages/airflow/example_dags/example_external_task_marker_dag.py
[2024-10-12T08:15:51.662+0000] {processor.py:925} INFO - DAG(s) 'example_external_task_marker_parent', 'example_external_task_marker_child' retrieved from /home/vboxuser/airflow_venv/lib/python3.12/site-packages/airflow/example_dags/example_external_task_marker_dag.py
[2024-10-12T08:15:51.695+0000] {logging_mixin.py:190} INFO - [2024-10-12T08:15:51.695+0000] {dag.py:3239} INFO - Sync 2 DAGs
[2024-10-12T08:15:51.715+0000] {logging_mixin.py:190} INFO - [2024-10-12T08:15:51.715+0000] {dag.py:4180} INFO - Setting next_dagrun for example_external_task_marker_child to None, run_after=None
[2024-10-12T08:15:51.720+0000] {logging_mixin.py:190} INFO - [2024-10-12T08:15:51.720+0000] {dag.py:4180} INFO - Setting next_dagrun for example_external_task_marker_parent to None, run_after=None
[2024-10-12T08:15:51.769+0000] {processor.py:208} INFO - Processing /home/vboxuser/airflow_venv/lib/python3.12/site-packages/airflow/example_dags/example_external_task_marker_dag.py took 0.159 seconds
[2024-10-12T08:17:04.558+0000] {processor.py:186} INFO - Started process (PID=14659) to work on /home/vboxuser/airflow_venv/lib/python3.12/site-packages/airflow/example_dags/example_external_task_marker_dag.py
[2024-10-12T08:17:04.565+0000] {processor.py:914} INFO - Processing file /home/vboxuser/airflow_venv/lib/python3.12/site-packages/airflow/example_dags/example_external_task_marker_dag.py for tasks to queue
[2024-10-12T08:17:04.571+0000] {logging_mixin.py:190} INFO - [2024-10-12T08:17:04.570+0000] {dagbag.py:588} INFO - Filling up the DagBag from /home/vboxuser/airflow_venv/lib/python3.12/site-packages/airflow/example_dags/example_external_task_marker_dag.py
[2024-10-12T08:17:04.592+0000] {processor.py:925} INFO - DAG(s) 'example_external_task_marker_parent', 'example_external_task_marker_child' retrieved from /home/vboxuser/airflow_venv/lib/python3.12/site-packages/airflow/example_dags/example_external_task_marker_dag.py
[2024-10-12T08:17:04.632+0000] {logging_mixin.py:190} INFO - [2024-10-12T08:17:04.632+0000] {dag.py:3239} INFO - Sync 2 DAGs
[2024-10-12T08:17:04.651+0000] {logging_mixin.py:190} INFO - [2024-10-12T08:17:04.651+0000] {dag.py:4180} INFO - Setting next_dagrun for example_external_task_marker_child to None, run_after=None
[2024-10-12T08:17:04.657+0000] {logging_mixin.py:190} INFO - [2024-10-12T08:17:04.657+0000] {dag.py:4180} INFO - Setting next_dagrun for example_external_task_marker_parent to None, run_after=None
[2024-10-12T08:17:04.715+0000] {processor.py:208} INFO - Processing /home/vboxuser/airflow_venv/lib/python3.12/site-packages/airflow/example_dags/example_external_task_marker_dag.py took 0.172 seconds
