[2024-10-12T07:09:17.584+0000] {processor.py:186} INFO - Started process (PID=11327) to work on /home/vboxuser/airflow_venv/lib/python3.12/site-packages/airflow/example_dags/example_task_group_decorator.py
[2024-10-12T07:09:17.585+0000] {processor.py:914} INFO - Processing file /home/vboxuser/airflow_venv/lib/python3.12/site-packages/airflow/example_dags/example_task_group_decorator.py for tasks to queue
[2024-10-12T07:09:17.595+0000] {logging_mixin.py:190} INFO - [2024-10-12T07:09:17.593+0000] {dagbag.py:588} INFO - Filling up the DagBag from /home/vboxuser/airflow_venv/lib/python3.12/site-packages/airflow/example_dags/example_task_group_decorator.py
[2024-10-12T07:09:17.641+0000] {processor.py:925} INFO - DAG(s) 'example_task_group_decorator' retrieved from /home/vboxuser/airflow_venv/lib/python3.12/site-packages/airflow/example_dags/example_task_group_decorator.py
[2024-10-12T07:09:17.799+0000] {logging_mixin.py:190} INFO - [2024-10-12T07:09:17.798+0000] {override.py:1901} INFO - Created Permission View: can delete on DAG:example_task_group_decorator
[2024-10-12T07:09:17.824+0000] {logging_mixin.py:190} INFO - [2024-10-12T07:09:17.822+0000] {override.py:1901} INFO - Created Permission View: can read on DAG:example_task_group_decorator
[2024-10-12T07:09:17.843+0000] {logging_mixin.py:190} INFO - [2024-10-12T07:09:17.842+0000] {override.py:1901} INFO - Created Permission View: can edit on DAG:example_task_group_decorator
[2024-10-12T07:09:17.879+0000] {logging_mixin.py:190} INFO - [2024-10-12T07:09:17.879+0000] {override.py:1901} INFO - Created Permission View: can delete on DAG Run:example_task_group_decorator
[2024-10-12T07:09:17.896+0000] {logging_mixin.py:190} INFO - [2024-10-12T07:09:17.896+0000] {override.py:1901} INFO - Created Permission View: can read on DAG Run:example_task_group_decorator
[2024-10-12T07:09:17.912+0000] {logging_mixin.py:190} INFO - [2024-10-12T07:09:17.912+0000] {override.py:1901} INFO - Created Permission View: menu access on DAG Run:example_task_group_decorator
[2024-10-12T07:09:17.932+0000] {logging_mixin.py:190} INFO - [2024-10-12T07:09:17.932+0000] {override.py:1901} INFO - Created Permission View: can create on DAG Run:example_task_group_decorator
[2024-10-12T07:09:17.933+0000] {logging_mixin.py:190} INFO - [2024-10-12T07:09:17.933+0000] {dag.py:3239} INFO - Sync 1 DAGs
[2024-10-12T07:09:17.945+0000] {logging_mixin.py:190} INFO - [2024-10-12T07:09:17.945+0000] {dag.py:3262} INFO - Creating ORM DAG for example_task_group_decorator
[2024-10-12T07:09:17.946+0000] {logging_mixin.py:190} INFO - [2024-10-12T07:09:17.946+0000] {dag.py:4180} INFO - Setting next_dagrun for example_task_group_decorator to None, run_after=None
[2024-10-12T07:09:17.977+0000] {processor.py:208} INFO - Processing /home/vboxuser/airflow_venv/lib/python3.12/site-packages/airflow/example_dags/example_task_group_decorator.py took 0.409 seconds
[2024-10-12T07:10:31.286+0000] {processor.py:186} INFO - Started process (PID=11398) to work on /home/vboxuser/airflow_venv/lib/python3.12/site-packages/airflow/example_dags/example_task_group_decorator.py
[2024-10-12T07:10:31.289+0000] {processor.py:914} INFO - Processing file /home/vboxuser/airflow_venv/lib/python3.12/site-packages/airflow/example_dags/example_task_group_decorator.py for tasks to queue
[2024-10-12T07:10:31.293+0000] {logging_mixin.py:190} INFO - [2024-10-12T07:10:31.292+0000] {dagbag.py:588} INFO - Filling up the DagBag from /home/vboxuser/airflow_venv/lib/python3.12/site-packages/airflow/example_dags/example_task_group_decorator.py
[2024-10-12T07:10:31.311+0000] {processor.py:925} INFO - DAG(s) 'example_task_group_decorator' retrieved from /home/vboxuser/airflow_venv/lib/python3.12/site-packages/airflow/example_dags/example_task_group_decorator.py
[2024-10-12T07:10:31.331+0000] {logging_mixin.py:190} INFO - [2024-10-12T07:10:31.331+0000] {dag.py:3239} INFO - Sync 1 DAGs
[2024-10-12T07:10:31.344+0000] {logging_mixin.py:190} INFO - [2024-10-12T07:10:31.343+0000] {dag.py:4180} INFO - Setting next_dagrun for example_task_group_decorator to None, run_after=None
[2024-10-12T07:10:31.379+0000] {processor.py:208} INFO - Processing /home/vboxuser/airflow_venv/lib/python3.12/site-packages/airflow/example_dags/example_task_group_decorator.py took 0.101 seconds
[2024-10-12T07:11:34.793+0000] {processor.py:186} INFO - Started process (PID=11455) to work on /home/vboxuser/airflow_venv/lib/python3.12/site-packages/airflow/example_dags/example_task_group_decorator.py
[2024-10-12T07:11:34.797+0000] {processor.py:914} INFO - Processing file /home/vboxuser/airflow_venv/lib/python3.12/site-packages/airflow/example_dags/example_task_group_decorator.py for tasks to queue
[2024-10-12T07:11:34.801+0000] {logging_mixin.py:190} INFO - [2024-10-12T07:11:34.800+0000] {dagbag.py:588} INFO - Filling up the DagBag from /home/vboxuser/airflow_venv/lib/python3.12/site-packages/airflow/example_dags/example_task_group_decorator.py
[2024-10-12T07:11:34.822+0000] {processor.py:925} INFO - DAG(s) 'example_task_group_decorator' retrieved from /home/vboxuser/airflow_venv/lib/python3.12/site-packages/airflow/example_dags/example_task_group_decorator.py
[2024-10-12T07:11:34.845+0000] {logging_mixin.py:190} INFO - [2024-10-12T07:11:34.844+0000] {dag.py:3239} INFO - Sync 1 DAGs
[2024-10-12T07:11:34.861+0000] {logging_mixin.py:190} INFO - [2024-10-12T07:11:34.860+0000] {dag.py:4180} INFO - Setting next_dagrun for example_task_group_decorator to None, run_after=None
[2024-10-12T07:11:34.894+0000] {processor.py:208} INFO - Processing /home/vboxuser/airflow_venv/lib/python3.12/site-packages/airflow/example_dags/example_task_group_decorator.py took 0.111 seconds
[2024-10-12T07:12:36.559+0000] {processor.py:186} INFO - Started process (PID=11513) to work on /home/vboxuser/airflow_venv/lib/python3.12/site-packages/airflow/example_dags/example_task_group_decorator.py
[2024-10-12T07:12:36.561+0000] {processor.py:914} INFO - Processing file /home/vboxuser/airflow_venv/lib/python3.12/site-packages/airflow/example_dags/example_task_group_decorator.py for tasks to queue
[2024-10-12T07:12:36.565+0000] {logging_mixin.py:190} INFO - [2024-10-12T07:12:36.564+0000] {dagbag.py:588} INFO - Filling up the DagBag from /home/vboxuser/airflow_venv/lib/python3.12/site-packages/airflow/example_dags/example_task_group_decorator.py
[2024-10-12T07:12:36.593+0000] {processor.py:925} INFO - DAG(s) 'example_task_group_decorator' retrieved from /home/vboxuser/airflow_venv/lib/python3.12/site-packages/airflow/example_dags/example_task_group_decorator.py
[2024-10-12T07:12:36.617+0000] {logging_mixin.py:190} INFO - [2024-10-12T07:12:36.617+0000] {dag.py:3239} INFO - Sync 1 DAGs
[2024-10-12T07:12:36.633+0000] {logging_mixin.py:190} INFO - [2024-10-12T07:12:36.633+0000] {dag.py:4180} INFO - Setting next_dagrun for example_task_group_decorator to None, run_after=None
[2024-10-12T07:12:36.668+0000] {processor.py:208} INFO - Processing /home/vboxuser/airflow_venv/lib/python3.12/site-packages/airflow/example_dags/example_task_group_decorator.py took 0.121 seconds
[2024-10-12T07:13:40.961+0000] {processor.py:186} INFO - Started process (PID=11649) to work on /home/vboxuser/airflow_venv/lib/python3.12/site-packages/airflow/example_dags/example_task_group_decorator.py
[2024-10-12T07:13:40.964+0000] {processor.py:914} INFO - Processing file /home/vboxuser/airflow_venv/lib/python3.12/site-packages/airflow/example_dags/example_task_group_decorator.py for tasks to queue
[2024-10-12T07:13:40.967+0000] {logging_mixin.py:190} INFO - [2024-10-12T07:13:40.966+0000] {dagbag.py:588} INFO - Filling up the DagBag from /home/vboxuser/airflow_venv/lib/python3.12/site-packages/airflow/example_dags/example_task_group_decorator.py
[2024-10-12T07:13:40.986+0000] {processor.py:925} INFO - DAG(s) 'example_task_group_decorator' retrieved from /home/vboxuser/airflow_venv/lib/python3.12/site-packages/airflow/example_dags/example_task_group_decorator.py
[2024-10-12T07:13:41.009+0000] {logging_mixin.py:190} INFO - [2024-10-12T07:13:41.008+0000] {dag.py:3239} INFO - Sync 1 DAGs
[2024-10-12T07:13:41.021+0000] {logging_mixin.py:190} INFO - [2024-10-12T07:13:41.021+0000] {dag.py:4180} INFO - Setting next_dagrun for example_task_group_decorator to None, run_after=None
[2024-10-12T07:13:41.052+0000] {processor.py:208} INFO - Processing /home/vboxuser/airflow_venv/lib/python3.12/site-packages/airflow/example_dags/example_task_group_decorator.py took 0.098 seconds
[2024-10-12T07:14:47.843+0000] {processor.py:186} INFO - Started process (PID=11714) to work on /home/vboxuser/airflow_venv/lib/python3.12/site-packages/airflow/example_dags/example_task_group_decorator.py
[2024-10-12T07:14:47.845+0000] {processor.py:914} INFO - Processing file /home/vboxuser/airflow_venv/lib/python3.12/site-packages/airflow/example_dags/example_task_group_decorator.py for tasks to queue
[2024-10-12T07:14:47.848+0000] {logging_mixin.py:190} INFO - [2024-10-12T07:14:47.847+0000] {dagbag.py:588} INFO - Filling up the DagBag from /home/vboxuser/airflow_venv/lib/python3.12/site-packages/airflow/example_dags/example_task_group_decorator.py
[2024-10-12T07:14:47.864+0000] {processor.py:925} INFO - DAG(s) 'example_task_group_decorator' retrieved from /home/vboxuser/airflow_venv/lib/python3.12/site-packages/airflow/example_dags/example_task_group_decorator.py
[2024-10-12T07:14:47.891+0000] {logging_mixin.py:190} INFO - [2024-10-12T07:14:47.891+0000] {dag.py:3239} INFO - Sync 1 DAGs
[2024-10-12T07:14:48.032+0000] {logging_mixin.py:190} INFO - [2024-10-12T07:14:48.032+0000] {dag.py:4180} INFO - Setting next_dagrun for example_task_group_decorator to None, run_after=None
[2024-10-12T07:14:48.068+0000] {processor.py:208} INFO - Processing /home/vboxuser/airflow_venv/lib/python3.12/site-packages/airflow/example_dags/example_task_group_decorator.py took 0.233 seconds
[2024-10-12T07:16:04.957+0000] {processor.py:186} INFO - Started process (PID=11791) to work on /home/vboxuser/airflow_venv/lib/python3.12/site-packages/airflow/example_dags/example_task_group_decorator.py
[2024-10-12T07:16:04.959+0000] {processor.py:914} INFO - Processing file /home/vboxuser/airflow_venv/lib/python3.12/site-packages/airflow/example_dags/example_task_group_decorator.py for tasks to queue
[2024-10-12T07:16:04.964+0000] {logging_mixin.py:190} INFO - [2024-10-12T07:16:04.963+0000] {dagbag.py:588} INFO - Filling up the DagBag from /home/vboxuser/airflow_venv/lib/python3.12/site-packages/airflow/example_dags/example_task_group_decorator.py
[2024-10-12T07:16:04.990+0000] {processor.py:925} INFO - DAG(s) 'example_task_group_decorator' retrieved from /home/vboxuser/airflow_venv/lib/python3.12/site-packages/airflow/example_dags/example_task_group_decorator.py
[2024-10-12T07:16:05.012+0000] {logging_mixin.py:190} INFO - [2024-10-12T07:16:05.012+0000] {dag.py:3239} INFO - Sync 1 DAGs
[2024-10-12T07:16:05.026+0000] {logging_mixin.py:190} INFO - [2024-10-12T07:16:05.026+0000] {dag.py:4180} INFO - Setting next_dagrun for example_task_group_decorator to None, run_after=None
[2024-10-12T07:16:05.061+0000] {processor.py:208} INFO - Processing /home/vboxuser/airflow_venv/lib/python3.12/site-packages/airflow/example_dags/example_task_group_decorator.py took 0.113 seconds
[2024-10-12T07:17:05.585+0000] {processor.py:186} INFO - Started process (PID=11850) to work on /home/vboxuser/airflow_venv/lib/python3.12/site-packages/airflow/example_dags/example_task_group_decorator.py
[2024-10-12T07:17:05.588+0000] {processor.py:914} INFO - Processing file /home/vboxuser/airflow_venv/lib/python3.12/site-packages/airflow/example_dags/example_task_group_decorator.py for tasks to queue
[2024-10-12T07:17:05.592+0000] {logging_mixin.py:190} INFO - [2024-10-12T07:17:05.591+0000] {dagbag.py:588} INFO - Filling up the DagBag from /home/vboxuser/airflow_venv/lib/python3.12/site-packages/airflow/example_dags/example_task_group_decorator.py
[2024-10-12T07:17:05.614+0000] {processor.py:925} INFO - DAG(s) 'example_task_group_decorator' retrieved from /home/vboxuser/airflow_venv/lib/python3.12/site-packages/airflow/example_dags/example_task_group_decorator.py
[2024-10-12T07:17:05.650+0000] {logging_mixin.py:190} INFO - [2024-10-12T07:17:05.650+0000] {dag.py:3239} INFO - Sync 1 DAGs
[2024-10-12T07:17:05.664+0000] {logging_mixin.py:190} INFO - [2024-10-12T07:17:05.664+0000] {dag.py:4180} INFO - Setting next_dagrun for example_task_group_decorator to None, run_after=None
[2024-10-12T07:17:05.697+0000] {processor.py:208} INFO - Processing /home/vboxuser/airflow_venv/lib/python3.12/site-packages/airflow/example_dags/example_task_group_decorator.py took 0.121 seconds
[2024-10-12T07:18:10.784+0000] {processor.py:186} INFO - Started process (PID=11910) to work on /home/vboxuser/airflow_venv/lib/python3.12/site-packages/airflow/example_dags/example_task_group_decorator.py
[2024-10-12T07:18:10.789+0000] {processor.py:914} INFO - Processing file /home/vboxuser/airflow_venv/lib/python3.12/site-packages/airflow/example_dags/example_task_group_decorator.py for tasks to queue
[2024-10-12T07:18:10.793+0000] {logging_mixin.py:190} INFO - [2024-10-12T07:18:10.792+0000] {dagbag.py:588} INFO - Filling up the DagBag from /home/vboxuser/airflow_venv/lib/python3.12/site-packages/airflow/example_dags/example_task_group_decorator.py
[2024-10-12T07:18:10.841+0000] {processor.py:925} INFO - DAG(s) 'example_task_group_decorator' retrieved from /home/vboxuser/airflow_venv/lib/python3.12/site-packages/airflow/example_dags/example_task_group_decorator.py
[2024-10-12T07:18:10.883+0000] {logging_mixin.py:190} INFO - [2024-10-12T07:18:10.883+0000] {dag.py:3239} INFO - Sync 1 DAGs
[2024-10-12T07:18:10.910+0000] {logging_mixin.py:190} INFO - [2024-10-12T07:18:10.910+0000] {dag.py:4180} INFO - Setting next_dagrun for example_task_group_decorator to None, run_after=None
[2024-10-12T07:18:10.950+0000] {processor.py:208} INFO - Processing /home/vboxuser/airflow_venv/lib/python3.12/site-packages/airflow/example_dags/example_task_group_decorator.py took 0.178 seconds
[2024-10-12T07:19:11.333+0000] {processor.py:186} INFO - Started process (PID=11967) to work on /home/vboxuser/airflow_venv/lib/python3.12/site-packages/airflow/example_dags/example_task_group_decorator.py
[2024-10-12T07:19:11.335+0000] {processor.py:914} INFO - Processing file /home/vboxuser/airflow_venv/lib/python3.12/site-packages/airflow/example_dags/example_task_group_decorator.py for tasks to queue
[2024-10-12T07:19:11.338+0000] {logging_mixin.py:190} INFO - [2024-10-12T07:19:11.338+0000] {dagbag.py:588} INFO - Filling up the DagBag from /home/vboxuser/airflow_venv/lib/python3.12/site-packages/airflow/example_dags/example_task_group_decorator.py
[2024-10-12T07:19:11.358+0000] {processor.py:925} INFO - DAG(s) 'example_task_group_decorator' retrieved from /home/vboxuser/airflow_venv/lib/python3.12/site-packages/airflow/example_dags/example_task_group_decorator.py
[2024-10-12T07:19:11.382+0000] {logging_mixin.py:190} INFO - [2024-10-12T07:19:11.382+0000] {dag.py:3239} INFO - Sync 1 DAGs
[2024-10-12T07:19:11.397+0000] {logging_mixin.py:190} INFO - [2024-10-12T07:19:11.397+0000] {dag.py:4180} INFO - Setting next_dagrun for example_task_group_decorator to None, run_after=None
[2024-10-12T07:19:11.431+0000] {processor.py:208} INFO - Processing /home/vboxuser/airflow_venv/lib/python3.12/site-packages/airflow/example_dags/example_task_group_decorator.py took 0.108 seconds
[2024-10-12T07:20:17.930+0000] {processor.py:186} INFO - Started process (PID=12030) to work on /home/vboxuser/airflow_venv/lib/python3.12/site-packages/airflow/example_dags/example_task_group_decorator.py
[2024-10-12T07:20:17.932+0000] {processor.py:914} INFO - Processing file /home/vboxuser/airflow_venv/lib/python3.12/site-packages/airflow/example_dags/example_task_group_decorator.py for tasks to queue
[2024-10-12T07:20:17.934+0000] {logging_mixin.py:190} INFO - [2024-10-12T07:20:17.934+0000] {dagbag.py:588} INFO - Filling up the DagBag from /home/vboxuser/airflow_venv/lib/python3.12/site-packages/airflow/example_dags/example_task_group_decorator.py
[2024-10-12T07:20:17.954+0000] {processor.py:925} INFO - DAG(s) 'example_task_group_decorator' retrieved from /home/vboxuser/airflow_venv/lib/python3.12/site-packages/airflow/example_dags/example_task_group_decorator.py
[2024-10-12T07:20:17.977+0000] {logging_mixin.py:190} INFO - [2024-10-12T07:20:17.977+0000] {dag.py:3239} INFO - Sync 1 DAGs
[2024-10-12T07:20:17.991+0000] {logging_mixin.py:190} INFO - [2024-10-12T07:20:17.991+0000] {dag.py:4180} INFO - Setting next_dagrun for example_task_group_decorator to None, run_after=None
[2024-10-12T07:20:18.023+0000] {processor.py:208} INFO - Processing /home/vboxuser/airflow_venv/lib/python3.12/site-packages/airflow/example_dags/example_task_group_decorator.py took 0.103 seconds
[2024-10-12T07:21:24.111+0000] {processor.py:186} INFO - Started process (PID=12092) to work on /home/vboxuser/airflow_venv/lib/python3.12/site-packages/airflow/example_dags/example_task_group_decorator.py
[2024-10-12T07:21:24.113+0000] {processor.py:914} INFO - Processing file /home/vboxuser/airflow_venv/lib/python3.12/site-packages/airflow/example_dags/example_task_group_decorator.py for tasks to queue
[2024-10-12T07:21:24.115+0000] {logging_mixin.py:190} INFO - [2024-10-12T07:21:24.115+0000] {dagbag.py:588} INFO - Filling up the DagBag from /home/vboxuser/airflow_venv/lib/python3.12/site-packages/airflow/example_dags/example_task_group_decorator.py
[2024-10-12T07:21:24.132+0000] {processor.py:925} INFO - DAG(s) 'example_task_group_decorator' retrieved from /home/vboxuser/airflow_venv/lib/python3.12/site-packages/airflow/example_dags/example_task_group_decorator.py
[2024-10-12T07:21:24.157+0000] {logging_mixin.py:190} INFO - [2024-10-12T07:21:24.156+0000] {dag.py:3239} INFO - Sync 1 DAGs
[2024-10-12T07:21:24.172+0000] {logging_mixin.py:190} INFO - [2024-10-12T07:21:24.171+0000] {dag.py:4180} INFO - Setting next_dagrun for example_task_group_decorator to None, run_after=None
[2024-10-12T07:21:24.204+0000] {processor.py:208} INFO - Processing /home/vboxuser/airflow_venv/lib/python3.12/site-packages/airflow/example_dags/example_task_group_decorator.py took 0.100 seconds
[2024-10-12T07:22:28.992+0000] {processor.py:186} INFO - Started process (PID=12151) to work on /home/vboxuser/airflow_venv/lib/python3.12/site-packages/airflow/example_dags/example_task_group_decorator.py
[2024-10-12T07:22:28.994+0000] {processor.py:914} INFO - Processing file /home/vboxuser/airflow_venv/lib/python3.12/site-packages/airflow/example_dags/example_task_group_decorator.py for tasks to queue
[2024-10-12T07:22:28.998+0000] {logging_mixin.py:190} INFO - [2024-10-12T07:22:28.997+0000] {dagbag.py:588} INFO - Filling up the DagBag from /home/vboxuser/airflow_venv/lib/python3.12/site-packages/airflow/example_dags/example_task_group_decorator.py
[2024-10-12T07:22:29.016+0000] {processor.py:925} INFO - DAG(s) 'example_task_group_decorator' retrieved from /home/vboxuser/airflow_venv/lib/python3.12/site-packages/airflow/example_dags/example_task_group_decorator.py
[2024-10-12T07:22:29.039+0000] {logging_mixin.py:190} INFO - [2024-10-12T07:22:29.039+0000] {dag.py:3239} INFO - Sync 1 DAGs
[2024-10-12T07:22:29.054+0000] {logging_mixin.py:190} INFO - [2024-10-12T07:22:29.054+0000] {dag.py:4180} INFO - Setting next_dagrun for example_task_group_decorator to None, run_after=None
[2024-10-12T07:22:29.093+0000] {processor.py:208} INFO - Processing /home/vboxuser/airflow_venv/lib/python3.12/site-packages/airflow/example_dags/example_task_group_decorator.py took 0.110 seconds
[2024-10-12T07:23:41.663+0000] {processor.py:186} INFO - Started process (PID=12213) to work on /home/vboxuser/airflow_venv/lib/python3.12/site-packages/airflow/example_dags/example_task_group_decorator.py
[2024-10-12T07:23:41.666+0000] {processor.py:914} INFO - Processing file /home/vboxuser/airflow_venv/lib/python3.12/site-packages/airflow/example_dags/example_task_group_decorator.py for tasks to queue
[2024-10-12T07:23:41.669+0000] {logging_mixin.py:190} INFO - [2024-10-12T07:23:41.669+0000] {dagbag.py:588} INFO - Filling up the DagBag from /home/vboxuser/airflow_venv/lib/python3.12/site-packages/airflow/example_dags/example_task_group_decorator.py
[2024-10-12T07:23:41.698+0000] {processor.py:925} INFO - DAG(s) 'example_task_group_decorator' retrieved from /home/vboxuser/airflow_venv/lib/python3.12/site-packages/airflow/example_dags/example_task_group_decorator.py
[2024-10-12T07:23:41.720+0000] {logging_mixin.py:190} INFO - [2024-10-12T07:23:41.720+0000] {dag.py:3239} INFO - Sync 1 DAGs
[2024-10-12T07:23:41.734+0000] {logging_mixin.py:190} INFO - [2024-10-12T07:23:41.734+0000] {dag.py:4180} INFO - Setting next_dagrun for example_task_group_decorator to None, run_after=None
[2024-10-12T07:23:41.766+0000] {processor.py:208} INFO - Processing /home/vboxuser/airflow_venv/lib/python3.12/site-packages/airflow/example_dags/example_task_group_decorator.py took 0.115 seconds
[2024-10-12T07:24:49.757+0000] {processor.py:186} INFO - Started process (PID=12274) to work on /home/vboxuser/airflow_venv/lib/python3.12/site-packages/airflow/example_dags/example_task_group_decorator.py
[2024-10-12T07:24:49.764+0000] {processor.py:914} INFO - Processing file /home/vboxuser/airflow_venv/lib/python3.12/site-packages/airflow/example_dags/example_task_group_decorator.py for tasks to queue
[2024-10-12T07:24:49.771+0000] {logging_mixin.py:190} INFO - [2024-10-12T07:24:49.770+0000] {dagbag.py:588} INFO - Filling up the DagBag from /home/vboxuser/airflow_venv/lib/python3.12/site-packages/airflow/example_dags/example_task_group_decorator.py
[2024-10-12T07:24:49.787+0000] {processor.py:925} INFO - DAG(s) 'example_task_group_decorator' retrieved from /home/vboxuser/airflow_venv/lib/python3.12/site-packages/airflow/example_dags/example_task_group_decorator.py
[2024-10-12T07:24:49.808+0000] {logging_mixin.py:190} INFO - [2024-10-12T07:24:49.808+0000] {dag.py:3239} INFO - Sync 1 DAGs
[2024-10-12T07:24:49.822+0000] {logging_mixin.py:190} INFO - [2024-10-12T07:24:49.821+0000] {dag.py:4180} INFO - Setting next_dagrun for example_task_group_decorator to None, run_after=None
[2024-10-12T07:24:49.857+0000] {processor.py:208} INFO - Processing /home/vboxuser/airflow_venv/lib/python3.12/site-packages/airflow/example_dags/example_task_group_decorator.py took 0.109 seconds
[2024-10-12T07:25:58.041+0000] {processor.py:186} INFO - Started process (PID=12339) to work on /home/vboxuser/airflow_venv/lib/python3.12/site-packages/airflow/example_dags/example_task_group_decorator.py
[2024-10-12T07:25:58.044+0000] {processor.py:914} INFO - Processing file /home/vboxuser/airflow_venv/lib/python3.12/site-packages/airflow/example_dags/example_task_group_decorator.py for tasks to queue
[2024-10-12T07:25:58.047+0000] {logging_mixin.py:190} INFO - [2024-10-12T07:25:58.046+0000] {dagbag.py:588} INFO - Filling up the DagBag from /home/vboxuser/airflow_venv/lib/python3.12/site-packages/airflow/example_dags/example_task_group_decorator.py
[2024-10-12T07:25:58.071+0000] {processor.py:925} INFO - DAG(s) 'example_task_group_decorator' retrieved from /home/vboxuser/airflow_venv/lib/python3.12/site-packages/airflow/example_dags/example_task_group_decorator.py
[2024-10-12T07:25:58.101+0000] {logging_mixin.py:190} INFO - [2024-10-12T07:25:58.100+0000] {dag.py:3239} INFO - Sync 1 DAGs
[2024-10-12T07:25:58.118+0000] {logging_mixin.py:190} INFO - [2024-10-12T07:25:58.118+0000] {dag.py:4180} INFO - Setting next_dagrun for example_task_group_decorator to None, run_after=None
[2024-10-12T07:25:58.156+0000] {processor.py:208} INFO - Processing /home/vboxuser/airflow_venv/lib/python3.12/site-packages/airflow/example_dags/example_task_group_decorator.py took 0.123 seconds
[2024-10-12T07:27:08.894+0000] {processor.py:186} INFO - Started process (PID=12402) to work on /home/vboxuser/airflow_venv/lib/python3.12/site-packages/airflow/example_dags/example_task_group_decorator.py
[2024-10-12T07:27:08.899+0000] {processor.py:914} INFO - Processing file /home/vboxuser/airflow_venv/lib/python3.12/site-packages/airflow/example_dags/example_task_group_decorator.py for tasks to queue
[2024-10-12T07:27:08.903+0000] {logging_mixin.py:190} INFO - [2024-10-12T07:27:08.903+0000] {dagbag.py:588} INFO - Filling up the DagBag from /home/vboxuser/airflow_venv/lib/python3.12/site-packages/airflow/example_dags/example_task_group_decorator.py
[2024-10-12T07:27:08.924+0000] {processor.py:925} INFO - DAG(s) 'example_task_group_decorator' retrieved from /home/vboxuser/airflow_venv/lib/python3.12/site-packages/airflow/example_dags/example_task_group_decorator.py
[2024-10-12T07:27:08.949+0000] {logging_mixin.py:190} INFO - [2024-10-12T07:27:08.949+0000] {dag.py:3239} INFO - Sync 1 DAGs
[2024-10-12T07:27:08.964+0000] {logging_mixin.py:190} INFO - [2024-10-12T07:27:08.964+0000] {dag.py:4180} INFO - Setting next_dagrun for example_task_group_decorator to None, run_after=None
[2024-10-12T07:27:09.003+0000] {processor.py:208} INFO - Processing /home/vboxuser/airflow_venv/lib/python3.12/site-packages/airflow/example_dags/example_task_group_decorator.py took 0.118 seconds
[2024-10-12T07:28:24.831+0000] {processor.py:186} INFO - Started process (PID=12465) to work on /home/vboxuser/airflow_venv/lib/python3.12/site-packages/airflow/example_dags/example_task_group_decorator.py
[2024-10-12T07:28:24.836+0000] {processor.py:914} INFO - Processing file /home/vboxuser/airflow_venv/lib/python3.12/site-packages/airflow/example_dags/example_task_group_decorator.py for tasks to queue
[2024-10-12T07:28:24.838+0000] {logging_mixin.py:190} INFO - [2024-10-12T07:28:24.838+0000] {dagbag.py:588} INFO - Filling up the DagBag from /home/vboxuser/airflow_venv/lib/python3.12/site-packages/airflow/example_dags/example_task_group_decorator.py
[2024-10-12T07:28:24.857+0000] {processor.py:925} INFO - DAG(s) 'example_task_group_decorator' retrieved from /home/vboxuser/airflow_venv/lib/python3.12/site-packages/airflow/example_dags/example_task_group_decorator.py
[2024-10-12T07:28:24.879+0000] {logging_mixin.py:190} INFO - [2024-10-12T07:28:24.878+0000] {dag.py:3239} INFO - Sync 1 DAGs
[2024-10-12T07:28:24.892+0000] {logging_mixin.py:190} INFO - [2024-10-12T07:28:24.892+0000] {dag.py:4180} INFO - Setting next_dagrun for example_task_group_decorator to None, run_after=None
[2024-10-12T07:28:24.923+0000] {processor.py:208} INFO - Processing /home/vboxuser/airflow_venv/lib/python3.12/site-packages/airflow/example_dags/example_task_group_decorator.py took 0.102 seconds
[2024-10-12T07:29:25.481+0000] {processor.py:186} INFO - Started process (PID=12521) to work on /home/vboxuser/airflow_venv/lib/python3.12/site-packages/airflow/example_dags/example_task_group_decorator.py
[2024-10-12T07:29:25.485+0000] {processor.py:914} INFO - Processing file /home/vboxuser/airflow_venv/lib/python3.12/site-packages/airflow/example_dags/example_task_group_decorator.py for tasks to queue
[2024-10-12T07:29:25.490+0000] {logging_mixin.py:190} INFO - [2024-10-12T07:29:25.489+0000] {dagbag.py:588} INFO - Filling up the DagBag from /home/vboxuser/airflow_venv/lib/python3.12/site-packages/airflow/example_dags/example_task_group_decorator.py
[2024-10-12T07:29:25.509+0000] {processor.py:925} INFO - DAG(s) 'example_task_group_decorator' retrieved from /home/vboxuser/airflow_venv/lib/python3.12/site-packages/airflow/example_dags/example_task_group_decorator.py
[2024-10-12T07:29:25.534+0000] {logging_mixin.py:190} INFO - [2024-10-12T07:29:25.534+0000] {dag.py:3239} INFO - Sync 1 DAGs
[2024-10-12T07:29:25.554+0000] {logging_mixin.py:190} INFO - [2024-10-12T07:29:25.553+0000] {dag.py:4180} INFO - Setting next_dagrun for example_task_group_decorator to None, run_after=None
[2024-10-12T07:29:25.589+0000] {processor.py:208} INFO - Processing /home/vboxuser/airflow_venv/lib/python3.12/site-packages/airflow/example_dags/example_task_group_decorator.py took 0.119 seconds
[2024-10-12T07:30:38.817+0000] {processor.py:186} INFO - Started process (PID=12605) to work on /home/vboxuser/airflow_venv/lib/python3.12/site-packages/airflow/example_dags/example_task_group_decorator.py
[2024-10-12T07:30:38.819+0000] {processor.py:914} INFO - Processing file /home/vboxuser/airflow_venv/lib/python3.12/site-packages/airflow/example_dags/example_task_group_decorator.py for tasks to queue
[2024-10-12T07:30:38.824+0000] {logging_mixin.py:190} INFO - [2024-10-12T07:30:38.822+0000] {dagbag.py:588} INFO - Filling up the DagBag from /home/vboxuser/airflow_venv/lib/python3.12/site-packages/airflow/example_dags/example_task_group_decorator.py
[2024-10-12T07:30:38.894+0000] {processor.py:925} INFO - DAG(s) 'example_task_group_decorator' retrieved from /home/vboxuser/airflow_venv/lib/python3.12/site-packages/airflow/example_dags/example_task_group_decorator.py
[2024-10-12T07:30:38.925+0000] {logging_mixin.py:190} INFO - [2024-10-12T07:30:38.924+0000] {dag.py:3239} INFO - Sync 1 DAGs
[2024-10-12T07:30:38.938+0000] {logging_mixin.py:190} INFO - [2024-10-12T07:30:38.938+0000] {dag.py:4180} INFO - Setting next_dagrun for example_task_group_decorator to None, run_after=None
[2024-10-12T07:30:38.979+0000] {processor.py:208} INFO - Processing /home/vboxuser/airflow_venv/lib/python3.12/site-packages/airflow/example_dags/example_task_group_decorator.py took 0.173 seconds
[2024-10-12T07:31:46.834+0000] {processor.py:186} INFO - Started process (PID=12675) to work on /home/vboxuser/airflow_venv/lib/python3.12/site-packages/airflow/example_dags/example_task_group_decorator.py
[2024-10-12T07:31:46.837+0000] {processor.py:914} INFO - Processing file /home/vboxuser/airflow_venv/lib/python3.12/site-packages/airflow/example_dags/example_task_group_decorator.py for tasks to queue
[2024-10-12T07:31:46.840+0000] {logging_mixin.py:190} INFO - [2024-10-12T07:31:46.839+0000] {dagbag.py:588} INFO - Filling up the DagBag from /home/vboxuser/airflow_venv/lib/python3.12/site-packages/airflow/example_dags/example_task_group_decorator.py
[2024-10-12T07:31:46.863+0000] {processor.py:925} INFO - DAG(s) 'example_task_group_decorator' retrieved from /home/vboxuser/airflow_venv/lib/python3.12/site-packages/airflow/example_dags/example_task_group_decorator.py
[2024-10-12T07:31:46.886+0000] {logging_mixin.py:190} INFO - [2024-10-12T07:31:46.885+0000] {dag.py:3239} INFO - Sync 1 DAGs
[2024-10-12T07:31:46.903+0000] {logging_mixin.py:190} INFO - [2024-10-12T07:31:46.903+0000] {dag.py:4180} INFO - Setting next_dagrun for example_task_group_decorator to None, run_after=None
[2024-10-12T07:31:46.937+0000] {processor.py:208} INFO - Processing /home/vboxuser/airflow_venv/lib/python3.12/site-packages/airflow/example_dags/example_task_group_decorator.py took 0.110 seconds
[2024-10-12T07:32:50.503+0000] {processor.py:186} INFO - Started process (PID=12733) to work on /home/vboxuser/airflow_venv/lib/python3.12/site-packages/airflow/example_dags/example_task_group_decorator.py
[2024-10-12T07:32:50.506+0000] {processor.py:914} INFO - Processing file /home/vboxuser/airflow_venv/lib/python3.12/site-packages/airflow/example_dags/example_task_group_decorator.py for tasks to queue
[2024-10-12T07:32:50.510+0000] {logging_mixin.py:190} INFO - [2024-10-12T07:32:50.509+0000] {dagbag.py:588} INFO - Filling up the DagBag from /home/vboxuser/airflow_venv/lib/python3.12/site-packages/airflow/example_dags/example_task_group_decorator.py
[2024-10-12T07:32:50.534+0000] {processor.py:925} INFO - DAG(s) 'example_task_group_decorator' retrieved from /home/vboxuser/airflow_venv/lib/python3.12/site-packages/airflow/example_dags/example_task_group_decorator.py
[2024-10-12T07:32:50.560+0000] {logging_mixin.py:190} INFO - [2024-10-12T07:32:50.559+0000] {dag.py:3239} INFO - Sync 1 DAGs
[2024-10-12T07:32:50.574+0000] {logging_mixin.py:190} INFO - [2024-10-12T07:32:50.574+0000] {dag.py:4180} INFO - Setting next_dagrun for example_task_group_decorator to None, run_after=None
[2024-10-12T07:32:50.605+0000] {processor.py:208} INFO - Processing /home/vboxuser/airflow_venv/lib/python3.12/site-packages/airflow/example_dags/example_task_group_decorator.py took 0.112 seconds
[2024-10-12T07:33:55.064+0000] {processor.py:186} INFO - Started process (PID=12791) to work on /home/vboxuser/airflow_venv/lib/python3.12/site-packages/airflow/example_dags/example_task_group_decorator.py
[2024-10-12T07:33:55.067+0000] {processor.py:914} INFO - Processing file /home/vboxuser/airflow_venv/lib/python3.12/site-packages/airflow/example_dags/example_task_group_decorator.py for tasks to queue
[2024-10-12T07:33:55.072+0000] {logging_mixin.py:190} INFO - [2024-10-12T07:33:55.071+0000] {dagbag.py:588} INFO - Filling up the DagBag from /home/vboxuser/airflow_venv/lib/python3.12/site-packages/airflow/example_dags/example_task_group_decorator.py
[2024-10-12T07:33:55.093+0000] {processor.py:925} INFO - DAG(s) 'example_task_group_decorator' retrieved from /home/vboxuser/airflow_venv/lib/python3.12/site-packages/airflow/example_dags/example_task_group_decorator.py
[2024-10-12T07:33:55.116+0000] {logging_mixin.py:190} INFO - [2024-10-12T07:33:55.115+0000] {dag.py:3239} INFO - Sync 1 DAGs
[2024-10-12T07:33:55.129+0000] {logging_mixin.py:190} INFO - [2024-10-12T07:33:55.129+0000] {dag.py:4180} INFO - Setting next_dagrun for example_task_group_decorator to None, run_after=None
[2024-10-12T07:33:55.161+0000] {processor.py:208} INFO - Processing /home/vboxuser/airflow_venv/lib/python3.12/site-packages/airflow/example_dags/example_task_group_decorator.py took 0.108 seconds
[2024-10-12T07:34:54.595+0000] {processor.py:186} INFO - Started process (PID=12860) to work on /home/vboxuser/airflow_venv/lib/python3.12/site-packages/airflow/example_dags/example_task_group_decorator.py
[2024-10-12T07:34:54.597+0000] {processor.py:914} INFO - Processing file /home/vboxuser/airflow_venv/lib/python3.12/site-packages/airflow/example_dags/example_task_group_decorator.py for tasks to queue
[2024-10-12T07:34:54.600+0000] {logging_mixin.py:190} INFO - [2024-10-12T07:34:54.600+0000] {dagbag.py:588} INFO - Filling up the DagBag from /home/vboxuser/airflow_venv/lib/python3.12/site-packages/airflow/example_dags/example_task_group_decorator.py
[2024-10-12T07:34:54.619+0000] {processor.py:925} INFO - DAG(s) 'example_task_group_decorator' retrieved from /home/vboxuser/airflow_venv/lib/python3.12/site-packages/airflow/example_dags/example_task_group_decorator.py
[2024-10-12T07:34:54.644+0000] {logging_mixin.py:190} INFO - [2024-10-12T07:34:54.644+0000] {dag.py:3239} INFO - Sync 1 DAGs
[2024-10-12T07:34:54.661+0000] {logging_mixin.py:190} INFO - [2024-10-12T07:34:54.660+0000] {dag.py:4180} INFO - Setting next_dagrun for example_task_group_decorator to None, run_after=None
[2024-10-12T07:34:54.711+0000] {processor.py:208} INFO - Processing /home/vboxuser/airflow_venv/lib/python3.12/site-packages/airflow/example_dags/example_task_group_decorator.py took 0.123 seconds
[2024-10-12T07:47:36.854+0000] {processor.py:186} INFO - Started process (PID=12936) to work on /home/vboxuser/airflow_venv/lib/python3.12/site-packages/airflow/example_dags/example_task_group_decorator.py
[2024-10-12T07:47:36.858+0000] {processor.py:914} INFO - Processing file /home/vboxuser/airflow_venv/lib/python3.12/site-packages/airflow/example_dags/example_task_group_decorator.py for tasks to queue
[2024-10-12T07:47:36.861+0000] {logging_mixin.py:190} INFO - [2024-10-12T07:47:36.861+0000] {dagbag.py:588} INFO - Filling up the DagBag from /home/vboxuser/airflow_venv/lib/python3.12/site-packages/airflow/example_dags/example_task_group_decorator.py
[2024-10-12T07:47:36.892+0000] {processor.py:925} INFO - DAG(s) 'example_task_group_decorator' retrieved from /home/vboxuser/airflow_venv/lib/python3.12/site-packages/airflow/example_dags/example_task_group_decorator.py
[2024-10-12T07:47:36.922+0000] {logging_mixin.py:190} INFO - [2024-10-12T07:47:36.922+0000] {dag.py:3239} INFO - Sync 1 DAGs
[2024-10-12T07:47:36.944+0000] {logging_mixin.py:190} INFO - [2024-10-12T07:47:36.943+0000] {dag.py:4180} INFO - Setting next_dagrun for example_task_group_decorator to None, run_after=None
[2024-10-12T07:47:36.993+0000] {processor.py:208} INFO - Processing /home/vboxuser/airflow_venv/lib/python3.12/site-packages/airflow/example_dags/example_task_group_decorator.py took 0.149 seconds
[2024-10-12T07:48:47.998+0000] {processor.py:186} INFO - Started process (PID=12997) to work on /home/vboxuser/airflow_venv/lib/python3.12/site-packages/airflow/example_dags/example_task_group_decorator.py
[2024-10-12T07:48:48.000+0000] {processor.py:914} INFO - Processing file /home/vboxuser/airflow_venv/lib/python3.12/site-packages/airflow/example_dags/example_task_group_decorator.py for tasks to queue
[2024-10-12T07:48:48.005+0000] {logging_mixin.py:190} INFO - [2024-10-12T07:48:48.004+0000] {dagbag.py:588} INFO - Filling up the DagBag from /home/vboxuser/airflow_venv/lib/python3.12/site-packages/airflow/example_dags/example_task_group_decorator.py
[2024-10-12T07:48:48.034+0000] {processor.py:925} INFO - DAG(s) 'example_task_group_decorator' retrieved from /home/vboxuser/airflow_venv/lib/python3.12/site-packages/airflow/example_dags/example_task_group_decorator.py
[2024-10-12T07:48:48.068+0000] {logging_mixin.py:190} INFO - [2024-10-12T07:48:48.067+0000] {dag.py:3239} INFO - Sync 1 DAGs
[2024-10-12T07:48:48.092+0000] {logging_mixin.py:190} INFO - [2024-10-12T07:48:48.092+0000] {dag.py:4180} INFO - Setting next_dagrun for example_task_group_decorator to None, run_after=None
[2024-10-12T07:48:48.136+0000] {processor.py:208} INFO - Processing /home/vboxuser/airflow_venv/lib/python3.12/site-packages/airflow/example_dags/example_task_group_decorator.py took 0.150 seconds
[2024-10-12T07:49:54.911+0000] {processor.py:186} INFO - Started process (PID=13056) to work on /home/vboxuser/airflow_venv/lib/python3.12/site-packages/airflow/example_dags/example_task_group_decorator.py
[2024-10-12T07:49:54.914+0000] {processor.py:914} INFO - Processing file /home/vboxuser/airflow_venv/lib/python3.12/site-packages/airflow/example_dags/example_task_group_decorator.py for tasks to queue
[2024-10-12T07:49:54.918+0000] {logging_mixin.py:190} INFO - [2024-10-12T07:49:54.917+0000] {dagbag.py:588} INFO - Filling up the DagBag from /home/vboxuser/airflow_venv/lib/python3.12/site-packages/airflow/example_dags/example_task_group_decorator.py
[2024-10-12T07:49:54.941+0000] {processor.py:925} INFO - DAG(s) 'example_task_group_decorator' retrieved from /home/vboxuser/airflow_venv/lib/python3.12/site-packages/airflow/example_dags/example_task_group_decorator.py
[2024-10-12T07:49:54.973+0000] {logging_mixin.py:190} INFO - [2024-10-12T07:49:54.973+0000] {dag.py:3239} INFO - Sync 1 DAGs
[2024-10-12T07:49:54.991+0000] {logging_mixin.py:190} INFO - [2024-10-12T07:49:54.990+0000] {dag.py:4180} INFO - Setting next_dagrun for example_task_group_decorator to None, run_after=None
[2024-10-12T07:49:55.029+0000] {processor.py:208} INFO - Processing /home/vboxuser/airflow_venv/lib/python3.12/site-packages/airflow/example_dags/example_task_group_decorator.py took 0.129 seconds
[2024-10-12T07:51:04.186+0000] {processor.py:186} INFO - Started process (PID=13189) to work on /home/vboxuser/airflow_venv/lib/python3.12/site-packages/airflow/example_dags/example_task_group_decorator.py
[2024-10-12T07:51:04.189+0000] {processor.py:914} INFO - Processing file /home/vboxuser/airflow_venv/lib/python3.12/site-packages/airflow/example_dags/example_task_group_decorator.py for tasks to queue
[2024-10-12T07:51:04.193+0000] {logging_mixin.py:190} INFO - [2024-10-12T07:51:04.193+0000] {dagbag.py:588} INFO - Filling up the DagBag from /home/vboxuser/airflow_venv/lib/python3.12/site-packages/airflow/example_dags/example_task_group_decorator.py
[2024-10-12T07:51:04.222+0000] {processor.py:925} INFO - DAG(s) 'example_task_group_decorator' retrieved from /home/vboxuser/airflow_venv/lib/python3.12/site-packages/airflow/example_dags/example_task_group_decorator.py
[2024-10-12T07:51:04.256+0000] {logging_mixin.py:190} INFO - [2024-10-12T07:51:04.255+0000] {dag.py:3239} INFO - Sync 1 DAGs
[2024-10-12T07:51:04.275+0000] {logging_mixin.py:190} INFO - [2024-10-12T07:51:04.275+0000] {dag.py:4180} INFO - Setting next_dagrun for example_task_group_decorator to None, run_after=None
[2024-10-12T07:51:04.324+0000] {processor.py:208} INFO - Processing /home/vboxuser/airflow_venv/lib/python3.12/site-packages/airflow/example_dags/example_task_group_decorator.py took 0.149 seconds
[2024-10-12T07:52:15.583+0000] {processor.py:186} INFO - Started process (PID=13263) to work on /home/vboxuser/airflow_venv/lib/python3.12/site-packages/airflow/example_dags/example_task_group_decorator.py
[2024-10-12T07:52:15.585+0000] {processor.py:914} INFO - Processing file /home/vboxuser/airflow_venv/lib/python3.12/site-packages/airflow/example_dags/example_task_group_decorator.py for tasks to queue
[2024-10-12T07:52:15.588+0000] {logging_mixin.py:190} INFO - [2024-10-12T07:52:15.588+0000] {dagbag.py:588} INFO - Filling up the DagBag from /home/vboxuser/airflow_venv/lib/python3.12/site-packages/airflow/example_dags/example_task_group_decorator.py
[2024-10-12T07:52:15.608+0000] {processor.py:925} INFO - DAG(s) 'example_task_group_decorator' retrieved from /home/vboxuser/airflow_venv/lib/python3.12/site-packages/airflow/example_dags/example_task_group_decorator.py
[2024-10-12T07:52:15.638+0000] {logging_mixin.py:190} INFO - [2024-10-12T07:52:15.637+0000] {dag.py:3239} INFO - Sync 1 DAGs
[2024-10-12T07:52:15.653+0000] {logging_mixin.py:190} INFO - [2024-10-12T07:52:15.653+0000] {dag.py:4180} INFO - Setting next_dagrun for example_task_group_decorator to None, run_after=None
[2024-10-12T07:52:15.693+0000] {processor.py:208} INFO - Processing /home/vboxuser/airflow_venv/lib/python3.12/site-packages/airflow/example_dags/example_task_group_decorator.py took 0.119 seconds
[2024-10-12T07:53:23.067+0000] {processor.py:186} INFO - Started process (PID=13341) to work on /home/vboxuser/airflow_venv/lib/python3.12/site-packages/airflow/example_dags/example_task_group_decorator.py
[2024-10-12T07:53:23.073+0000] {processor.py:914} INFO - Processing file /home/vboxuser/airflow_venv/lib/python3.12/site-packages/airflow/example_dags/example_task_group_decorator.py for tasks to queue
[2024-10-12T07:53:23.078+0000] {logging_mixin.py:190} INFO - [2024-10-12T07:53:23.077+0000] {dagbag.py:588} INFO - Filling up the DagBag from /home/vboxuser/airflow_venv/lib/python3.12/site-packages/airflow/example_dags/example_task_group_decorator.py
[2024-10-12T07:53:23.105+0000] {processor.py:925} INFO - DAG(s) 'example_task_group_decorator' retrieved from /home/vboxuser/airflow_venv/lib/python3.12/site-packages/airflow/example_dags/example_task_group_decorator.py
[2024-10-12T07:53:23.138+0000] {logging_mixin.py:190} INFO - [2024-10-12T07:53:23.137+0000] {dag.py:3239} INFO - Sync 1 DAGs
[2024-10-12T07:53:23.161+0000] {logging_mixin.py:190} INFO - [2024-10-12T07:53:23.160+0000] {dag.py:4180} INFO - Setting next_dagrun for example_task_group_decorator to None, run_after=None
[2024-10-12T07:53:23.204+0000] {processor.py:208} INFO - Processing /home/vboxuser/airflow_venv/lib/python3.12/site-packages/airflow/example_dags/example_task_group_decorator.py took 0.149 seconds
[2024-10-12T07:54:22.435+0000] {processor.py:186} INFO - Started process (PID=13397) to work on /home/vboxuser/airflow_venv/lib/python3.12/site-packages/airflow/example_dags/example_task_group_decorator.py
[2024-10-12T07:54:22.440+0000] {processor.py:914} INFO - Processing file /home/vboxuser/airflow_venv/lib/python3.12/site-packages/airflow/example_dags/example_task_group_decorator.py for tasks to queue
[2024-10-12T07:54:22.444+0000] {logging_mixin.py:190} INFO - [2024-10-12T07:54:22.443+0000] {dagbag.py:588} INFO - Filling up the DagBag from /home/vboxuser/airflow_venv/lib/python3.12/site-packages/airflow/example_dags/example_task_group_decorator.py
[2024-10-12T07:54:22.465+0000] {processor.py:925} INFO - DAG(s) 'example_task_group_decorator' retrieved from /home/vboxuser/airflow_venv/lib/python3.12/site-packages/airflow/example_dags/example_task_group_decorator.py
[2024-10-12T07:54:22.492+0000] {logging_mixin.py:190} INFO - [2024-10-12T07:54:22.492+0000] {dag.py:3239} INFO - Sync 1 DAGs
[2024-10-12T07:54:22.509+0000] {logging_mixin.py:190} INFO - [2024-10-12T07:54:22.509+0000] {dag.py:4180} INFO - Setting next_dagrun for example_task_group_decorator to None, run_after=None
[2024-10-12T07:54:22.549+0000] {processor.py:208} INFO - Processing /home/vboxuser/airflow_venv/lib/python3.12/site-packages/airflow/example_dags/example_task_group_decorator.py took 0.123 seconds
[2024-10-12T07:55:25.199+0000] {processor.py:186} INFO - Started process (PID=13459) to work on /home/vboxuser/airflow_venv/lib/python3.12/site-packages/airflow/example_dags/example_task_group_decorator.py
[2024-10-12T07:55:25.202+0000] {processor.py:914} INFO - Processing file /home/vboxuser/airflow_venv/lib/python3.12/site-packages/airflow/example_dags/example_task_group_decorator.py for tasks to queue
[2024-10-12T07:55:25.206+0000] {logging_mixin.py:190} INFO - [2024-10-12T07:55:25.205+0000] {dagbag.py:588} INFO - Filling up the DagBag from /home/vboxuser/airflow_venv/lib/python3.12/site-packages/airflow/example_dags/example_task_group_decorator.py
[2024-10-12T07:55:25.226+0000] {processor.py:925} INFO - DAG(s) 'example_task_group_decorator' retrieved from /home/vboxuser/airflow_venv/lib/python3.12/site-packages/airflow/example_dags/example_task_group_decorator.py
[2024-10-12T07:55:25.251+0000] {logging_mixin.py:190} INFO - [2024-10-12T07:55:25.251+0000] {dag.py:3239} INFO - Sync 1 DAGs
[2024-10-12T07:55:25.269+0000] {logging_mixin.py:190} INFO - [2024-10-12T07:55:25.268+0000] {dag.py:4180} INFO - Setting next_dagrun for example_task_group_decorator to None, run_after=None
[2024-10-12T07:55:25.314+0000] {processor.py:208} INFO - Processing /home/vboxuser/airflow_venv/lib/python3.12/site-packages/airflow/example_dags/example_task_group_decorator.py took 0.125 seconds
[2024-10-12T07:56:33.569+0000] {processor.py:186} INFO - Started process (PID=13522) to work on /home/vboxuser/airflow_venv/lib/python3.12/site-packages/airflow/example_dags/example_task_group_decorator.py
[2024-10-12T07:56:33.574+0000] {processor.py:914} INFO - Processing file /home/vboxuser/airflow_venv/lib/python3.12/site-packages/airflow/example_dags/example_task_group_decorator.py for tasks to queue
[2024-10-12T07:56:33.579+0000] {logging_mixin.py:190} INFO - [2024-10-12T07:56:33.578+0000] {dagbag.py:588} INFO - Filling up the DagBag from /home/vboxuser/airflow_venv/lib/python3.12/site-packages/airflow/example_dags/example_task_group_decorator.py
[2024-10-12T07:56:33.598+0000] {processor.py:925} INFO - DAG(s) 'example_task_group_decorator' retrieved from /home/vboxuser/airflow_venv/lib/python3.12/site-packages/airflow/example_dags/example_task_group_decorator.py
[2024-10-12T07:56:33.626+0000] {logging_mixin.py:190} INFO - [2024-10-12T07:56:33.626+0000] {dag.py:3239} INFO - Sync 1 DAGs
[2024-10-12T07:56:33.645+0000] {logging_mixin.py:190} INFO - [2024-10-12T07:56:33.645+0000] {dag.py:4180} INFO - Setting next_dagrun for example_task_group_decorator to None, run_after=None
[2024-10-12T07:56:33.724+0000] {processor.py:208} INFO - Processing /home/vboxuser/airflow_venv/lib/python3.12/site-packages/airflow/example_dags/example_task_group_decorator.py took 0.165 seconds
[2024-10-12T07:57:41.500+0000] {processor.py:186} INFO - Started process (PID=13597) to work on /home/vboxuser/airflow_venv/lib/python3.12/site-packages/airflow/example_dags/example_task_group_decorator.py
[2024-10-12T07:57:41.505+0000] {processor.py:914} INFO - Processing file /home/vboxuser/airflow_venv/lib/python3.12/site-packages/airflow/example_dags/example_task_group_decorator.py for tasks to queue
[2024-10-12T07:57:41.509+0000] {logging_mixin.py:190} INFO - [2024-10-12T07:57:41.508+0000] {dagbag.py:588} INFO - Filling up the DagBag from /home/vboxuser/airflow_venv/lib/python3.12/site-packages/airflow/example_dags/example_task_group_decorator.py
[2024-10-12T07:57:41.534+0000] {processor.py:925} INFO - DAG(s) 'example_task_group_decorator' retrieved from /home/vboxuser/airflow_venv/lib/python3.12/site-packages/airflow/example_dags/example_task_group_decorator.py
[2024-10-12T07:57:41.567+0000] {logging_mixin.py:190} INFO - [2024-10-12T07:57:41.566+0000] {dag.py:3239} INFO - Sync 1 DAGs
[2024-10-12T07:57:41.587+0000] {logging_mixin.py:190} INFO - [2024-10-12T07:57:41.587+0000] {dag.py:4180} INFO - Setting next_dagrun for example_task_group_decorator to None, run_after=None
[2024-10-12T07:57:41.641+0000] {processor.py:208} INFO - Processing /home/vboxuser/airflow_venv/lib/python3.12/site-packages/airflow/example_dags/example_task_group_decorator.py took 0.149 seconds
[2024-10-12T07:58:43.536+0000] {processor.py:186} INFO - Started process (PID=13656) to work on /home/vboxuser/airflow_venv/lib/python3.12/site-packages/airflow/example_dags/example_task_group_decorator.py
[2024-10-12T07:58:43.540+0000] {processor.py:914} INFO - Processing file /home/vboxuser/airflow_venv/lib/python3.12/site-packages/airflow/example_dags/example_task_group_decorator.py for tasks to queue
[2024-10-12T07:58:43.544+0000] {logging_mixin.py:190} INFO - [2024-10-12T07:58:43.543+0000] {dagbag.py:588} INFO - Filling up the DagBag from /home/vboxuser/airflow_venv/lib/python3.12/site-packages/airflow/example_dags/example_task_group_decorator.py
[2024-10-12T07:58:43.566+0000] {processor.py:925} INFO - DAG(s) 'example_task_group_decorator' retrieved from /home/vboxuser/airflow_venv/lib/python3.12/site-packages/airflow/example_dags/example_task_group_decorator.py
[2024-10-12T07:58:43.592+0000] {logging_mixin.py:190} INFO - [2024-10-12T07:58:43.591+0000] {dag.py:3239} INFO - Sync 1 DAGs
[2024-10-12T07:58:43.606+0000] {logging_mixin.py:190} INFO - [2024-10-12T07:58:43.605+0000] {dag.py:4180} INFO - Setting next_dagrun for example_task_group_decorator to None, run_after=None
[2024-10-12T07:58:43.637+0000] {processor.py:208} INFO - Processing /home/vboxuser/airflow_venv/lib/python3.12/site-packages/airflow/example_dags/example_task_group_decorator.py took 0.110 seconds
[2024-10-12T07:59:43.958+0000] {processor.py:186} INFO - Started process (PID=13713) to work on /home/vboxuser/airflow_venv/lib/python3.12/site-packages/airflow/example_dags/example_task_group_decorator.py
[2024-10-12T07:59:43.960+0000] {processor.py:914} INFO - Processing file /home/vboxuser/airflow_venv/lib/python3.12/site-packages/airflow/example_dags/example_task_group_decorator.py for tasks to queue
[2024-10-12T07:59:43.964+0000] {logging_mixin.py:190} INFO - [2024-10-12T07:59:43.963+0000] {dagbag.py:588} INFO - Filling up the DagBag from /home/vboxuser/airflow_venv/lib/python3.12/site-packages/airflow/example_dags/example_task_group_decorator.py
[2024-10-12T07:59:43.987+0000] {processor.py:925} INFO - DAG(s) 'example_task_group_decorator' retrieved from /home/vboxuser/airflow_venv/lib/python3.12/site-packages/airflow/example_dags/example_task_group_decorator.py
[2024-10-12T07:59:44.016+0000] {logging_mixin.py:190} INFO - [2024-10-12T07:59:44.015+0000] {dag.py:3239} INFO - Sync 1 DAGs
[2024-10-12T07:59:44.038+0000] {logging_mixin.py:190} INFO - [2024-10-12T07:59:44.037+0000] {dag.py:4180} INFO - Setting next_dagrun for example_task_group_decorator to None, run_after=None
[2024-10-12T07:59:44.083+0000] {processor.py:208} INFO - Processing /home/vboxuser/airflow_venv/lib/python3.12/site-packages/airflow/example_dags/example_task_group_decorator.py took 0.138 seconds
[2024-10-12T08:00:48.148+0000] {processor.py:186} INFO - Started process (PID=13775) to work on /home/vboxuser/airflow_venv/lib/python3.12/site-packages/airflow/example_dags/example_task_group_decorator.py
[2024-10-12T08:00:48.150+0000] {processor.py:914} INFO - Processing file /home/vboxuser/airflow_venv/lib/python3.12/site-packages/airflow/example_dags/example_task_group_decorator.py for tasks to queue
[2024-10-12T08:00:48.153+0000] {logging_mixin.py:190} INFO - [2024-10-12T08:00:48.152+0000] {dagbag.py:588} INFO - Filling up the DagBag from /home/vboxuser/airflow_venv/lib/python3.12/site-packages/airflow/example_dags/example_task_group_decorator.py
[2024-10-12T08:00:48.173+0000] {processor.py:925} INFO - DAG(s) 'example_task_group_decorator' retrieved from /home/vboxuser/airflow_venv/lib/python3.12/site-packages/airflow/example_dags/example_task_group_decorator.py
[2024-10-12T08:00:48.197+0000] {logging_mixin.py:190} INFO - [2024-10-12T08:00:48.197+0000] {dag.py:3239} INFO - Sync 1 DAGs
[2024-10-12T08:00:48.214+0000] {logging_mixin.py:190} INFO - [2024-10-12T08:00:48.214+0000] {dag.py:4180} INFO - Setting next_dagrun for example_task_group_decorator to None, run_after=None
[2024-10-12T08:00:48.255+0000] {processor.py:208} INFO - Processing /home/vboxuser/airflow_venv/lib/python3.12/site-packages/airflow/example_dags/example_task_group_decorator.py took 0.117 seconds
[2024-10-12T08:01:57.562+0000] {processor.py:186} INFO - Started process (PID=13836) to work on /home/vboxuser/airflow_venv/lib/python3.12/site-packages/airflow/example_dags/example_task_group_decorator.py
[2024-10-12T08:01:57.564+0000] {processor.py:914} INFO - Processing file /home/vboxuser/airflow_venv/lib/python3.12/site-packages/airflow/example_dags/example_task_group_decorator.py for tasks to queue
[2024-10-12T08:01:57.568+0000] {logging_mixin.py:190} INFO - [2024-10-12T08:01:57.567+0000] {dagbag.py:588} INFO - Filling up the DagBag from /home/vboxuser/airflow_venv/lib/python3.12/site-packages/airflow/example_dags/example_task_group_decorator.py
[2024-10-12T08:01:57.591+0000] {processor.py:925} INFO - DAG(s) 'example_task_group_decorator' retrieved from /home/vboxuser/airflow_venv/lib/python3.12/site-packages/airflow/example_dags/example_task_group_decorator.py
[2024-10-12T08:01:57.618+0000] {logging_mixin.py:190} INFO - [2024-10-12T08:01:57.618+0000] {dag.py:3239} INFO - Sync 1 DAGs
[2024-10-12T08:01:57.634+0000] {logging_mixin.py:190} INFO - [2024-10-12T08:01:57.634+0000] {dag.py:4180} INFO - Setting next_dagrun for example_task_group_decorator to None, run_after=None
[2024-10-12T08:01:57.671+0000] {processor.py:208} INFO - Processing /home/vboxuser/airflow_venv/lib/python3.12/site-packages/airflow/example_dags/example_task_group_decorator.py took 0.119 seconds
[2024-10-12T08:03:00.312+0000] {processor.py:186} INFO - Started process (PID=13895) to work on /home/vboxuser/airflow_venv/lib/python3.12/site-packages/airflow/example_dags/example_task_group_decorator.py
[2024-10-12T08:03:00.318+0000] {processor.py:914} INFO - Processing file /home/vboxuser/airflow_venv/lib/python3.12/site-packages/airflow/example_dags/example_task_group_decorator.py for tasks to queue
[2024-10-12T08:03:00.325+0000] {logging_mixin.py:190} INFO - [2024-10-12T08:03:00.324+0000] {dagbag.py:588} INFO - Filling up the DagBag from /home/vboxuser/airflow_venv/lib/python3.12/site-packages/airflow/example_dags/example_task_group_decorator.py
[2024-10-12T08:03:00.355+0000] {processor.py:925} INFO - DAG(s) 'example_task_group_decorator' retrieved from /home/vboxuser/airflow_venv/lib/python3.12/site-packages/airflow/example_dags/example_task_group_decorator.py
[2024-10-12T08:03:00.386+0000] {logging_mixin.py:190} INFO - [2024-10-12T08:03:00.386+0000] {dag.py:3239} INFO - Sync 1 DAGs
[2024-10-12T08:03:00.407+0000] {logging_mixin.py:190} INFO - [2024-10-12T08:03:00.407+0000] {dag.py:4180} INFO - Setting next_dagrun for example_task_group_decorator to None, run_after=None
[2024-10-12T08:03:00.448+0000] {processor.py:208} INFO - Processing /home/vboxuser/airflow_venv/lib/python3.12/site-packages/airflow/example_dags/example_task_group_decorator.py took 0.150 seconds
[2024-10-12T08:04:07.546+0000] {processor.py:186} INFO - Started process (PID=13964) to work on /home/vboxuser/airflow_venv/lib/python3.12/site-packages/airflow/example_dags/example_task_group_decorator.py
[2024-10-12T08:04:07.550+0000] {processor.py:914} INFO - Processing file /home/vboxuser/airflow_venv/lib/python3.12/site-packages/airflow/example_dags/example_task_group_decorator.py for tasks to queue
[2024-10-12T08:04:07.554+0000] {logging_mixin.py:190} INFO - [2024-10-12T08:04:07.554+0000] {dagbag.py:588} INFO - Filling up the DagBag from /home/vboxuser/airflow_venv/lib/python3.12/site-packages/airflow/example_dags/example_task_group_decorator.py
[2024-10-12T08:04:07.580+0000] {processor.py:925} INFO - DAG(s) 'example_task_group_decorator' retrieved from /home/vboxuser/airflow_venv/lib/python3.12/site-packages/airflow/example_dags/example_task_group_decorator.py
[2024-10-12T08:04:07.606+0000] {logging_mixin.py:190} INFO - [2024-10-12T08:04:07.606+0000] {dag.py:3239} INFO - Sync 1 DAGs
[2024-10-12T08:04:07.623+0000] {logging_mixin.py:190} INFO - [2024-10-12T08:04:07.623+0000] {dag.py:4180} INFO - Setting next_dagrun for example_task_group_decorator to None, run_after=None
[2024-10-12T08:04:07.665+0000] {processor.py:208} INFO - Processing /home/vboxuser/airflow_venv/lib/python3.12/site-packages/airflow/example_dags/example_task_group_decorator.py took 0.131 seconds
[2024-10-12T08:05:16.804+0000] {processor.py:186} INFO - Started process (PID=14029) to work on /home/vboxuser/airflow_venv/lib/python3.12/site-packages/airflow/example_dags/example_task_group_decorator.py
[2024-10-12T08:05:16.806+0000] {processor.py:914} INFO - Processing file /home/vboxuser/airflow_venv/lib/python3.12/site-packages/airflow/example_dags/example_task_group_decorator.py for tasks to queue
[2024-10-12T08:05:16.809+0000] {logging_mixin.py:190} INFO - [2024-10-12T08:05:16.808+0000] {dagbag.py:588} INFO - Filling up the DagBag from /home/vboxuser/airflow_venv/lib/python3.12/site-packages/airflow/example_dags/example_task_group_decorator.py
[2024-10-12T08:05:16.832+0000] {processor.py:925} INFO - DAG(s) 'example_task_group_decorator' retrieved from /home/vboxuser/airflow_venv/lib/python3.12/site-packages/airflow/example_dags/example_task_group_decorator.py
[2024-10-12T08:05:16.862+0000] {logging_mixin.py:190} INFO - [2024-10-12T08:05:16.862+0000] {dag.py:3239} INFO - Sync 1 DAGs
[2024-10-12T08:05:16.880+0000] {logging_mixin.py:190} INFO - [2024-10-12T08:05:16.880+0000] {dag.py:4180} INFO - Setting next_dagrun for example_task_group_decorator to None, run_after=None
[2024-10-12T08:05:16.924+0000] {processor.py:208} INFO - Processing /home/vboxuser/airflow_venv/lib/python3.12/site-packages/airflow/example_dags/example_task_group_decorator.py took 0.130 seconds
[2024-10-12T08:06:30.055+0000] {processor.py:186} INFO - Started process (PID=14100) to work on /home/vboxuser/airflow_venv/lib/python3.12/site-packages/airflow/example_dags/example_task_group_decorator.py
[2024-10-12T08:06:30.061+0000] {processor.py:914} INFO - Processing file /home/vboxuser/airflow_venv/lib/python3.12/site-packages/airflow/example_dags/example_task_group_decorator.py for tasks to queue
[2024-10-12T08:06:30.071+0000] {logging_mixin.py:190} INFO - [2024-10-12T08:06:30.070+0000] {dagbag.py:588} INFO - Filling up the DagBag from /home/vboxuser/airflow_venv/lib/python3.12/site-packages/airflow/example_dags/example_task_group_decorator.py
[2024-10-12T08:06:30.110+0000] {processor.py:925} INFO - DAG(s) 'example_task_group_decorator' retrieved from /home/vboxuser/airflow_venv/lib/python3.12/site-packages/airflow/example_dags/example_task_group_decorator.py
[2024-10-12T08:06:30.185+0000] {logging_mixin.py:190} INFO - [2024-10-12T08:06:30.185+0000] {dag.py:3239} INFO - Sync 1 DAGs
[2024-10-12T08:06:30.225+0000] {logging_mixin.py:190} INFO - [2024-10-12T08:06:30.225+0000] {dag.py:4180} INFO - Setting next_dagrun for example_task_group_decorator to None, run_after=None
[2024-10-12T08:06:30.298+0000] {processor.py:208} INFO - Processing /home/vboxuser/airflow_venv/lib/python3.12/site-packages/airflow/example_dags/example_task_group_decorator.py took 0.269 seconds
[2024-10-12T08:07:46.783+0000] {processor.py:186} INFO - Started process (PID=14169) to work on /home/vboxuser/airflow_venv/lib/python3.12/site-packages/airflow/example_dags/example_task_group_decorator.py
[2024-10-12T08:07:46.789+0000] {processor.py:914} INFO - Processing file /home/vboxuser/airflow_venv/lib/python3.12/site-packages/airflow/example_dags/example_task_group_decorator.py for tasks to queue
[2024-10-12T08:07:46.795+0000] {logging_mixin.py:190} INFO - [2024-10-12T08:07:46.794+0000] {dagbag.py:588} INFO - Filling up the DagBag from /home/vboxuser/airflow_venv/lib/python3.12/site-packages/airflow/example_dags/example_task_group_decorator.py
[2024-10-12T08:07:46.819+0000] {processor.py:925} INFO - DAG(s) 'example_task_group_decorator' retrieved from /home/vboxuser/airflow_venv/lib/python3.12/site-packages/airflow/example_dags/example_task_group_decorator.py
[2024-10-12T08:07:46.846+0000] {logging_mixin.py:190} INFO - [2024-10-12T08:07:46.846+0000] {dag.py:3239} INFO - Sync 1 DAGs
[2024-10-12T08:07:46.863+0000] {logging_mixin.py:190} INFO - [2024-10-12T08:07:46.863+0000] {dag.py:4180} INFO - Setting next_dagrun for example_task_group_decorator to None, run_after=None
[2024-10-12T08:07:46.908+0000] {processor.py:208} INFO - Processing /home/vboxuser/airflow_venv/lib/python3.12/site-packages/airflow/example_dags/example_task_group_decorator.py took 0.143 seconds
[2024-10-12T08:09:00.703+0000] {processor.py:186} INFO - Started process (PID=14234) to work on /home/vboxuser/airflow_venv/lib/python3.12/site-packages/airflow/example_dags/example_task_group_decorator.py
[2024-10-12T08:09:00.710+0000] {processor.py:914} INFO - Processing file /home/vboxuser/airflow_venv/lib/python3.12/site-packages/airflow/example_dags/example_task_group_decorator.py for tasks to queue
[2024-10-12T08:09:00.715+0000] {logging_mixin.py:190} INFO - [2024-10-12T08:09:00.714+0000] {dagbag.py:588} INFO - Filling up the DagBag from /home/vboxuser/airflow_venv/lib/python3.12/site-packages/airflow/example_dags/example_task_group_decorator.py
[2024-10-12T08:09:00.752+0000] {processor.py:925} INFO - DAG(s) 'example_task_group_decorator' retrieved from /home/vboxuser/airflow_venv/lib/python3.12/site-packages/airflow/example_dags/example_task_group_decorator.py
[2024-10-12T08:09:00.796+0000] {logging_mixin.py:190} INFO - [2024-10-12T08:09:00.795+0000] {dag.py:3239} INFO - Sync 1 DAGs
[2024-10-12T08:09:00.825+0000] {logging_mixin.py:190} INFO - [2024-10-12T08:09:00.824+0000] {dag.py:4180} INFO - Setting next_dagrun for example_task_group_decorator to None, run_after=None
[2024-10-12T08:09:00.898+0000] {processor.py:208} INFO - Processing /home/vboxuser/airflow_venv/lib/python3.12/site-packages/airflow/example_dags/example_task_group_decorator.py took 0.214 seconds
[2024-10-12T08:10:18.566+0000] {processor.py:186} INFO - Started process (PID=14300) to work on /home/vboxuser/airflow_venv/lib/python3.12/site-packages/airflow/example_dags/example_task_group_decorator.py
[2024-10-12T08:10:18.573+0000] {processor.py:914} INFO - Processing file /home/vboxuser/airflow_venv/lib/python3.12/site-packages/airflow/example_dags/example_task_group_decorator.py for tasks to queue
[2024-10-12T08:10:18.578+0000] {logging_mixin.py:190} INFO - [2024-10-12T08:10:18.577+0000] {dagbag.py:588} INFO - Filling up the DagBag from /home/vboxuser/airflow_venv/lib/python3.12/site-packages/airflow/example_dags/example_task_group_decorator.py
[2024-10-12T08:10:18.606+0000] {processor.py:925} INFO - DAG(s) 'example_task_group_decorator' retrieved from /home/vboxuser/airflow_venv/lib/python3.12/site-packages/airflow/example_dags/example_task_group_decorator.py
[2024-10-12T08:10:18.633+0000] {logging_mixin.py:190} INFO - [2024-10-12T08:10:18.633+0000] {dag.py:3239} INFO - Sync 1 DAGs
[2024-10-12T08:10:18.651+0000] {logging_mixin.py:190} INFO - [2024-10-12T08:10:18.650+0000] {dag.py:4180} INFO - Setting next_dagrun for example_task_group_decorator to None, run_after=None
[2024-10-12T08:10:18.695+0000] {processor.py:208} INFO - Processing /home/vboxuser/airflow_venv/lib/python3.12/site-packages/airflow/example_dags/example_task_group_decorator.py took 0.139 seconds
[2024-10-12T08:11:29.402+0000] {processor.py:186} INFO - Started process (PID=14363) to work on /home/vboxuser/airflow_venv/lib/python3.12/site-packages/airflow/example_dags/example_task_group_decorator.py
[2024-10-12T08:11:29.410+0000] {processor.py:914} INFO - Processing file /home/vboxuser/airflow_venv/lib/python3.12/site-packages/airflow/example_dags/example_task_group_decorator.py for tasks to queue
[2024-10-12T08:11:29.418+0000] {logging_mixin.py:190} INFO - [2024-10-12T08:11:29.417+0000] {dagbag.py:588} INFO - Filling up the DagBag from /home/vboxuser/airflow_venv/lib/python3.12/site-packages/airflow/example_dags/example_task_group_decorator.py
[2024-10-12T08:11:29.456+0000] {processor.py:925} INFO - DAG(s) 'example_task_group_decorator' retrieved from /home/vboxuser/airflow_venv/lib/python3.12/site-packages/airflow/example_dags/example_task_group_decorator.py
[2024-10-12T08:11:29.486+0000] {logging_mixin.py:190} INFO - [2024-10-12T08:11:29.485+0000] {dag.py:3239} INFO - Sync 1 DAGs
[2024-10-12T08:11:29.505+0000] {logging_mixin.py:190} INFO - [2024-10-12T08:11:29.504+0000] {dag.py:4180} INFO - Setting next_dagrun for example_task_group_decorator to None, run_after=None
[2024-10-12T08:11:29.571+0000] {processor.py:208} INFO - Processing /home/vboxuser/airflow_venv/lib/python3.12/site-packages/airflow/example_dags/example_task_group_decorator.py took 0.183 seconds
[2024-10-12T08:12:33.465+0000] {processor.py:186} INFO - Started process (PID=14422) to work on /home/vboxuser/airflow_venv/lib/python3.12/site-packages/airflow/example_dags/example_task_group_decorator.py
[2024-10-12T08:12:33.466+0000] {processor.py:914} INFO - Processing file /home/vboxuser/airflow_venv/lib/python3.12/site-packages/airflow/example_dags/example_task_group_decorator.py for tasks to queue
[2024-10-12T08:12:33.471+0000] {logging_mixin.py:190} INFO - [2024-10-12T08:12:33.470+0000] {dagbag.py:588} INFO - Filling up the DagBag from /home/vboxuser/airflow_venv/lib/python3.12/site-packages/airflow/example_dags/example_task_group_decorator.py
[2024-10-12T08:12:33.498+0000] {processor.py:925} INFO - DAG(s) 'example_task_group_decorator' retrieved from /home/vboxuser/airflow_venv/lib/python3.12/site-packages/airflow/example_dags/example_task_group_decorator.py
[2024-10-12T08:12:33.536+0000] {logging_mixin.py:190} INFO - [2024-10-12T08:12:33.536+0000] {dag.py:3239} INFO - Sync 1 DAGs
[2024-10-12T08:12:33.563+0000] {logging_mixin.py:190} INFO - [2024-10-12T08:12:33.562+0000] {dag.py:4180} INFO - Setting next_dagrun for example_task_group_decorator to None, run_after=None
[2024-10-12T08:12:33.629+0000] {processor.py:208} INFO - Processing /home/vboxuser/airflow_venv/lib/python3.12/site-packages/airflow/example_dags/example_task_group_decorator.py took 0.179 seconds
[2024-10-12T08:13:45.780+0000] {processor.py:186} INFO - Started process (PID=14485) to work on /home/vboxuser/airflow_venv/lib/python3.12/site-packages/airflow/example_dags/example_task_group_decorator.py
[2024-10-12T08:13:45.787+0000] {processor.py:914} INFO - Processing file /home/vboxuser/airflow_venv/lib/python3.12/site-packages/airflow/example_dags/example_task_group_decorator.py for tasks to queue
[2024-10-12T08:13:45.793+0000] {logging_mixin.py:190} INFO - [2024-10-12T08:13:45.793+0000] {dagbag.py:588} INFO - Filling up the DagBag from /home/vboxuser/airflow_venv/lib/python3.12/site-packages/airflow/example_dags/example_task_group_decorator.py
[2024-10-12T08:13:45.824+0000] {processor.py:925} INFO - DAG(s) 'example_task_group_decorator' retrieved from /home/vboxuser/airflow_venv/lib/python3.12/site-packages/airflow/example_dags/example_task_group_decorator.py
[2024-10-12T08:13:45.853+0000] {logging_mixin.py:190} INFO - [2024-10-12T08:13:45.852+0000] {dag.py:3239} INFO - Sync 1 DAGs
[2024-10-12T08:13:45.872+0000] {logging_mixin.py:190} INFO - [2024-10-12T08:13:45.871+0000] {dag.py:4180} INFO - Setting next_dagrun for example_task_group_decorator to None, run_after=None
[2024-10-12T08:13:45.927+0000] {processor.py:208} INFO - Processing /home/vboxuser/airflow_venv/lib/python3.12/site-packages/airflow/example_dags/example_task_group_decorator.py took 0.156 seconds
[2024-10-12T08:15:01.187+0000] {processor.py:186} INFO - Started process (PID=14548) to work on /home/vboxuser/airflow_venv/lib/python3.12/site-packages/airflow/example_dags/example_task_group_decorator.py
[2024-10-12T08:15:01.193+0000] {processor.py:914} INFO - Processing file /home/vboxuser/airflow_venv/lib/python3.12/site-packages/airflow/example_dags/example_task_group_decorator.py for tasks to queue
[2024-10-12T08:15:01.196+0000] {logging_mixin.py:190} INFO - [2024-10-12T08:15:01.195+0000] {dagbag.py:588} INFO - Filling up the DagBag from /home/vboxuser/airflow_venv/lib/python3.12/site-packages/airflow/example_dags/example_task_group_decorator.py
[2024-10-12T08:15:01.220+0000] {processor.py:925} INFO - DAG(s) 'example_task_group_decorator' retrieved from /home/vboxuser/airflow_venv/lib/python3.12/site-packages/airflow/example_dags/example_task_group_decorator.py
[2024-10-12T08:15:01.255+0000] {logging_mixin.py:190} INFO - [2024-10-12T08:15:01.254+0000] {dag.py:3239} INFO - Sync 1 DAGs
[2024-10-12T08:15:01.281+0000] {logging_mixin.py:190} INFO - [2024-10-12T08:15:01.281+0000] {dag.py:4180} INFO - Setting next_dagrun for example_task_group_decorator to None, run_after=None
[2024-10-12T08:15:01.344+0000] {processor.py:208} INFO - Processing /home/vboxuser/airflow_venv/lib/python3.12/site-packages/airflow/example_dags/example_task_group_decorator.py took 0.170 seconds
[2024-10-12T08:16:14.996+0000] {processor.py:186} INFO - Started process (PID=14613) to work on /home/vboxuser/airflow_venv/lib/python3.12/site-packages/airflow/example_dags/example_task_group_decorator.py
[2024-10-12T08:16:15.003+0000] {processor.py:914} INFO - Processing file /home/vboxuser/airflow_venv/lib/python3.12/site-packages/airflow/example_dags/example_task_group_decorator.py for tasks to queue
[2024-10-12T08:16:15.008+0000] {logging_mixin.py:190} INFO - [2024-10-12T08:16:15.007+0000] {dagbag.py:588} INFO - Filling up the DagBag from /home/vboxuser/airflow_venv/lib/python3.12/site-packages/airflow/example_dags/example_task_group_decorator.py
[2024-10-12T08:16:15.039+0000] {processor.py:925} INFO - DAG(s) 'example_task_group_decorator' retrieved from /home/vboxuser/airflow_venv/lib/python3.12/site-packages/airflow/example_dags/example_task_group_decorator.py
[2024-10-12T08:16:15.067+0000] {logging_mixin.py:190} INFO - [2024-10-12T08:16:15.067+0000] {dag.py:3239} INFO - Sync 1 DAGs
[2024-10-12T08:16:15.085+0000] {logging_mixin.py:190} INFO - [2024-10-12T08:16:15.084+0000] {dag.py:4180} INFO - Setting next_dagrun for example_task_group_decorator to None, run_after=None
[2024-10-12T08:16:15.128+0000] {processor.py:208} INFO - Processing /home/vboxuser/airflow_venv/lib/python3.12/site-packages/airflow/example_dags/example_task_group_decorator.py took 0.147 seconds
[2024-10-12T08:23:02.454+0000] {processor.py:186} INFO - Started process (PID=14692) to work on /home/vboxuser/airflow_venv/lib/python3.12/site-packages/airflow/example_dags/example_task_group_decorator.py
[2024-10-12T08:23:02.456+0000] {processor.py:914} INFO - Processing file /home/vboxuser/airflow_venv/lib/python3.12/site-packages/airflow/example_dags/example_task_group_decorator.py for tasks to queue
[2024-10-12T08:23:02.458+0000] {logging_mixin.py:190} INFO - [2024-10-12T08:23:02.458+0000] {dagbag.py:588} INFO - Filling up the DagBag from /home/vboxuser/airflow_venv/lib/python3.12/site-packages/airflow/example_dags/example_task_group_decorator.py
[2024-10-12T08:23:02.469+0000] {processor.py:925} INFO - DAG(s) 'example_task_group_decorator' retrieved from /home/vboxuser/airflow_venv/lib/python3.12/site-packages/airflow/example_dags/example_task_group_decorator.py
[2024-10-12T08:23:02.483+0000] {logging_mixin.py:190} INFO - [2024-10-12T08:23:02.483+0000] {dag.py:3239} INFO - Sync 1 DAGs
[2024-10-12T08:23:02.494+0000] {logging_mixin.py:190} INFO - [2024-10-12T08:23:02.493+0000] {dag.py:4180} INFO - Setting next_dagrun for example_task_group_decorator to None, run_after=None
[2024-10-12T08:23:02.515+0000] {processor.py:208} INFO - Processing /home/vboxuser/airflow_venv/lib/python3.12/site-packages/airflow/example_dags/example_task_group_decorator.py took 0.066 seconds
