[2024-10-12T07:08:50.648+0000] {processor.py:186} INFO - Started process (PID=11307) to work on /home/vboxuser/airflow_venv/lib/python3.12/site-packages/airflow/example_dags/example_xcom.py
[2024-10-12T07:08:50.650+0000] {processor.py:914} INFO - Processing file /home/vboxuser/airflow_venv/lib/python3.12/site-packages/airflow/example_dags/example_xcom.py for tasks to queue
[2024-10-12T07:08:50.653+0000] {logging_mixin.py:190} INFO - [2024-10-12T07:08:50.652+0000] {dagbag.py:588} INFO - Filling up the DagBag from /home/vboxuser/airflow_venv/lib/python3.12/site-packages/airflow/example_dags/example_xcom.py
[2024-10-12T07:08:50.672+0000] {processor.py:925} INFO - DAG(s) 'example_xcom' retrieved from /home/vboxuser/airflow_venv/lib/python3.12/site-packages/airflow/example_dags/example_xcom.py
[2024-10-12T07:08:50.840+0000] {logging_mixin.py:190} INFO - [2024-10-12T07:08:50.839+0000] {override.py:1901} INFO - Created Permission View: can delete on DAG:example_xcom
[2024-10-12T07:08:50.867+0000] {logging_mixin.py:190} INFO - [2024-10-12T07:08:50.867+0000] {override.py:1901} INFO - Created Permission View: can read on DAG:example_xcom
[2024-10-12T07:08:50.886+0000] {logging_mixin.py:190} INFO - [2024-10-12T07:08:50.885+0000] {override.py:1901} INFO - Created Permission View: can edit on DAG:example_xcom
[2024-10-12T07:08:50.919+0000] {logging_mixin.py:190} INFO - [2024-10-12T07:08:50.919+0000] {override.py:1901} INFO - Created Permission View: can delete on DAG Run:example_xcom
[2024-10-12T07:08:50.940+0000] {logging_mixin.py:190} INFO - [2024-10-12T07:08:50.940+0000] {override.py:1901} INFO - Created Permission View: can read on DAG Run:example_xcom
[2024-10-12T07:08:50.967+0000] {logging_mixin.py:190} INFO - [2024-10-12T07:08:50.967+0000] {override.py:1901} INFO - Created Permission View: menu access on DAG Run:example_xcom
[2024-10-12T07:08:50.989+0000] {logging_mixin.py:190} INFO - [2024-10-12T07:08:50.988+0000] {override.py:1901} INFO - Created Permission View: can create on DAG Run:example_xcom
[2024-10-12T07:08:50.989+0000] {logging_mixin.py:190} INFO - [2024-10-12T07:08:50.989+0000] {dag.py:3239} INFO - Sync 1 DAGs
[2024-10-12T07:08:51.008+0000] {logging_mixin.py:190} INFO - [2024-10-12T07:08:51.008+0000] {dag.py:3262} INFO - Creating ORM DAG for example_xcom
[2024-10-12T07:08:51.019+0000] {logging_mixin.py:190} INFO - [2024-10-12T07:08:51.019+0000] {dag.py:4180} INFO - Setting next_dagrun for example_xcom to 2021-01-01 00:00:00+00:00, run_after=2021-01-01 00:00:00+00:00
[2024-10-12T07:08:51.057+0000] {processor.py:208} INFO - Processing /home/vboxuser/airflow_venv/lib/python3.12/site-packages/airflow/example_dags/example_xcom.py took 0.421 seconds
[2024-10-12T07:10:00.354+0000] {processor.py:186} INFO - Started process (PID=11367) to work on /home/vboxuser/airflow_venv/lib/python3.12/site-packages/airflow/example_dags/example_xcom.py
[2024-10-12T07:10:00.360+0000] {processor.py:914} INFO - Processing file /home/vboxuser/airflow_venv/lib/python3.12/site-packages/airflow/example_dags/example_xcom.py for tasks to queue
[2024-10-12T07:10:00.363+0000] {logging_mixin.py:190} INFO - [2024-10-12T07:10:00.362+0000] {dagbag.py:588} INFO - Filling up the DagBag from /home/vboxuser/airflow_venv/lib/python3.12/site-packages/airflow/example_dags/example_xcom.py
[2024-10-12T07:10:00.379+0000] {processor.py:925} INFO - DAG(s) 'example_xcom' retrieved from /home/vboxuser/airflow_venv/lib/python3.12/site-packages/airflow/example_dags/example_xcom.py
[2024-10-12T07:10:00.408+0000] {logging_mixin.py:190} INFO - [2024-10-12T07:10:00.408+0000] {dag.py:3239} INFO - Sync 1 DAGs
[2024-10-12T07:10:00.438+0000] {logging_mixin.py:190} INFO - [2024-10-12T07:10:00.438+0000] {dag.py:4180} INFO - Setting next_dagrun for example_xcom to 2021-01-01 00:00:00+00:00, run_after=2021-01-01 00:00:00+00:00
[2024-10-12T07:10:00.481+0000] {processor.py:208} INFO - Processing /home/vboxuser/airflow_venv/lib/python3.12/site-packages/airflow/example_dags/example_xcom.py took 0.141 seconds
[2024-10-12T07:11:01.962+0000] {processor.py:186} INFO - Started process (PID=11427) to work on /home/vboxuser/airflow_venv/lib/python3.12/site-packages/airflow/example_dags/example_xcom.py
[2024-10-12T07:11:01.964+0000] {processor.py:914} INFO - Processing file /home/vboxuser/airflow_venv/lib/python3.12/site-packages/airflow/example_dags/example_xcom.py for tasks to queue
[2024-10-12T07:11:01.967+0000] {logging_mixin.py:190} INFO - [2024-10-12T07:11:01.967+0000] {dagbag.py:588} INFO - Filling up the DagBag from /home/vboxuser/airflow_venv/lib/python3.12/site-packages/airflow/example_dags/example_xcom.py
[2024-10-12T07:11:01.980+0000] {processor.py:925} INFO - DAG(s) 'example_xcom' retrieved from /home/vboxuser/airflow_venv/lib/python3.12/site-packages/airflow/example_dags/example_xcom.py
[2024-10-12T07:11:02.003+0000] {logging_mixin.py:190} INFO - [2024-10-12T07:11:02.002+0000] {dag.py:3239} INFO - Sync 1 DAGs
[2024-10-12T07:11:02.032+0000] {logging_mixin.py:190} INFO - [2024-10-12T07:11:02.031+0000] {dag.py:4180} INFO - Setting next_dagrun for example_xcom to 2021-01-01 00:00:00+00:00, run_after=2021-01-01 00:00:00+00:00
[2024-10-12T07:11:02.071+0000] {processor.py:208} INFO - Processing /home/vboxuser/airflow_venv/lib/python3.12/site-packages/airflow/example_dags/example_xcom.py took 0.116 seconds
[2024-10-12T07:12:10.233+0000] {processor.py:186} INFO - Started process (PID=11488) to work on /home/vboxuser/airflow_venv/lib/python3.12/site-packages/airflow/example_dags/example_xcom.py
[2024-10-12T07:12:10.235+0000] {processor.py:914} INFO - Processing file /home/vboxuser/airflow_venv/lib/python3.12/site-packages/airflow/example_dags/example_xcom.py for tasks to queue
[2024-10-12T07:12:10.237+0000] {logging_mixin.py:190} INFO - [2024-10-12T07:12:10.237+0000] {dagbag.py:588} INFO - Filling up the DagBag from /home/vboxuser/airflow_venv/lib/python3.12/site-packages/airflow/example_dags/example_xcom.py
[2024-10-12T07:12:10.248+0000] {processor.py:925} INFO - DAG(s) 'example_xcom' retrieved from /home/vboxuser/airflow_venv/lib/python3.12/site-packages/airflow/example_dags/example_xcom.py
[2024-10-12T07:12:10.269+0000] {logging_mixin.py:190} INFO - [2024-10-12T07:12:10.269+0000] {dag.py:3239} INFO - Sync 1 DAGs
[2024-10-12T07:12:10.291+0000] {logging_mixin.py:190} INFO - [2024-10-12T07:12:10.291+0000] {dag.py:4180} INFO - Setting next_dagrun for example_xcom to 2021-01-01 00:00:00+00:00, run_after=2021-01-01 00:00:00+00:00
[2024-10-12T07:12:10.327+0000] {processor.py:208} INFO - Processing /home/vboxuser/airflow_venv/lib/python3.12/site-packages/airflow/example_dags/example_xcom.py took 0.101 seconds
[2024-10-12T07:13:11.926+0000] {processor.py:186} INFO - Started process (PID=11545) to work on /home/vboxuser/airflow_venv/lib/python3.12/site-packages/airflow/example_dags/example_xcom.py
[2024-10-12T07:13:11.928+0000] {processor.py:914} INFO - Processing file /home/vboxuser/airflow_venv/lib/python3.12/site-packages/airflow/example_dags/example_xcom.py for tasks to queue
[2024-10-12T07:13:11.931+0000] {logging_mixin.py:190} INFO - [2024-10-12T07:13:11.930+0000] {dagbag.py:588} INFO - Filling up the DagBag from /home/vboxuser/airflow_venv/lib/python3.12/site-packages/airflow/example_dags/example_xcom.py
[2024-10-12T07:13:11.946+0000] {processor.py:925} INFO - DAG(s) 'example_xcom' retrieved from /home/vboxuser/airflow_venv/lib/python3.12/site-packages/airflow/example_dags/example_xcom.py
[2024-10-12T07:13:11.971+0000] {logging_mixin.py:190} INFO - [2024-10-12T07:13:11.970+0000] {dag.py:3239} INFO - Sync 1 DAGs
[2024-10-12T07:13:11.999+0000] {logging_mixin.py:190} INFO - [2024-10-12T07:13:11.998+0000] {dag.py:4180} INFO - Setting next_dagrun for example_xcom to 2021-01-01 00:00:00+00:00, run_after=2021-01-01 00:00:00+00:00
[2024-10-12T07:13:12.033+0000] {processor.py:208} INFO - Processing /home/vboxuser/airflow_venv/lib/python3.12/site-packages/airflow/example_dags/example_xcom.py took 0.116 seconds
[2024-10-12T07:14:16.898+0000] {processor.py:186} INFO - Started process (PID=11687) to work on /home/vboxuser/airflow_venv/lib/python3.12/site-packages/airflow/example_dags/example_xcom.py
[2024-10-12T07:14:16.901+0000] {processor.py:914} INFO - Processing file /home/vboxuser/airflow_venv/lib/python3.12/site-packages/airflow/example_dags/example_xcom.py for tasks to queue
[2024-10-12T07:14:16.905+0000] {logging_mixin.py:190} INFO - [2024-10-12T07:14:16.904+0000] {dagbag.py:588} INFO - Filling up the DagBag from /home/vboxuser/airflow_venv/lib/python3.12/site-packages/airflow/example_dags/example_xcom.py
[2024-10-12T07:14:16.918+0000] {processor.py:925} INFO - DAG(s) 'example_xcom' retrieved from /home/vboxuser/airflow_venv/lib/python3.12/site-packages/airflow/example_dags/example_xcom.py
[2024-10-12T07:14:16.948+0000] {logging_mixin.py:190} INFO - [2024-10-12T07:14:16.947+0000] {dag.py:3239} INFO - Sync 1 DAGs
[2024-10-12T07:14:16.990+0000] {logging_mixin.py:190} INFO - [2024-10-12T07:14:16.989+0000] {dag.py:4180} INFO - Setting next_dagrun for example_xcom to 2021-01-01 00:00:00+00:00, run_after=2021-01-01 00:00:00+00:00
[2024-10-12T07:14:17.031+0000] {processor.py:208} INFO - Processing /home/vboxuser/airflow_venv/lib/python3.12/site-packages/airflow/example_dags/example_xcom.py took 0.141 seconds
[2024-10-12T07:15:32.853+0000] {processor.py:186} INFO - Started process (PID=11763) to work on /home/vboxuser/airflow_venv/lib/python3.12/site-packages/airflow/example_dags/example_xcom.py
[2024-10-12T07:15:32.856+0000] {processor.py:914} INFO - Processing file /home/vboxuser/airflow_venv/lib/python3.12/site-packages/airflow/example_dags/example_xcom.py for tasks to queue
[2024-10-12T07:15:32.859+0000] {logging_mixin.py:190} INFO - [2024-10-12T07:15:32.858+0000] {dagbag.py:588} INFO - Filling up the DagBag from /home/vboxuser/airflow_venv/lib/python3.12/site-packages/airflow/example_dags/example_xcom.py
[2024-10-12T07:15:33.010+0000] {processor.py:925} INFO - DAG(s) 'example_xcom' retrieved from /home/vboxuser/airflow_venv/lib/python3.12/site-packages/airflow/example_dags/example_xcom.py
[2024-10-12T07:15:33.023+0000] {logging_mixin.py:190} INFO - [2024-10-12T07:15:33.023+0000] {dag.py:3239} INFO - Sync 1 DAGs
[2024-10-12T07:15:33.040+0000] {logging_mixin.py:190} INFO - [2024-10-12T07:15:33.040+0000] {dag.py:4180} INFO - Setting next_dagrun for example_xcom to 2021-01-01 00:00:00+00:00, run_after=2021-01-01 00:00:00+00:00
[2024-10-12T07:15:33.074+0000] {processor.py:208} INFO - Processing /home/vboxuser/airflow_venv/lib/python3.12/site-packages/airflow/example_dags/example_xcom.py took 0.230 seconds
[2024-10-12T07:16:36.772+0000] {processor.py:186} INFO - Started process (PID=11821) to work on /home/vboxuser/airflow_venv/lib/python3.12/site-packages/airflow/example_dags/example_xcom.py
[2024-10-12T07:16:36.776+0000] {processor.py:914} INFO - Processing file /home/vboxuser/airflow_venv/lib/python3.12/site-packages/airflow/example_dags/example_xcom.py for tasks to queue
[2024-10-12T07:16:36.779+0000] {logging_mixin.py:190} INFO - [2024-10-12T07:16:36.778+0000] {dagbag.py:588} INFO - Filling up the DagBag from /home/vboxuser/airflow_venv/lib/python3.12/site-packages/airflow/example_dags/example_xcom.py
[2024-10-12T07:16:36.790+0000] {processor.py:925} INFO - DAG(s) 'example_xcom' retrieved from /home/vboxuser/airflow_venv/lib/python3.12/site-packages/airflow/example_dags/example_xcom.py
[2024-10-12T07:16:36.808+0000] {logging_mixin.py:190} INFO - [2024-10-12T07:16:36.807+0000] {dag.py:3239} INFO - Sync 1 DAGs
[2024-10-12T07:16:36.833+0000] {logging_mixin.py:190} INFO - [2024-10-12T07:16:36.833+0000] {dag.py:4180} INFO - Setting next_dagrun for example_xcom to 2021-01-01 00:00:00+00:00, run_after=2021-01-01 00:00:00+00:00
[2024-10-12T07:16:36.868+0000] {processor.py:208} INFO - Processing /home/vboxuser/airflow_venv/lib/python3.12/site-packages/airflow/example_dags/example_xcom.py took 0.106 seconds
[2024-10-12T07:17:42.261+0000] {processor.py:186} INFO - Started process (PID=11884) to work on /home/vboxuser/airflow_venv/lib/python3.12/site-packages/airflow/example_dags/example_xcom.py
[2024-10-12T07:17:42.264+0000] {processor.py:914} INFO - Processing file /home/vboxuser/airflow_venv/lib/python3.12/site-packages/airflow/example_dags/example_xcom.py for tasks to queue
[2024-10-12T07:17:42.267+0000] {logging_mixin.py:190} INFO - [2024-10-12T07:17:42.266+0000] {dagbag.py:588} INFO - Filling up the DagBag from /home/vboxuser/airflow_venv/lib/python3.12/site-packages/airflow/example_dags/example_xcom.py
[2024-10-12T07:17:42.280+0000] {processor.py:925} INFO - DAG(s) 'example_xcom' retrieved from /home/vboxuser/airflow_venv/lib/python3.12/site-packages/airflow/example_dags/example_xcom.py
[2024-10-12T07:17:42.311+0000] {logging_mixin.py:190} INFO - [2024-10-12T07:17:42.310+0000] {dag.py:3239} INFO - Sync 1 DAGs
[2024-10-12T07:17:42.333+0000] {logging_mixin.py:190} INFO - [2024-10-12T07:17:42.332+0000] {dag.py:4180} INFO - Setting next_dagrun for example_xcom to 2021-01-01 00:00:00+00:00, run_after=2021-01-01 00:00:00+00:00
[2024-10-12T07:17:42.369+0000] {processor.py:208} INFO - Processing /home/vboxuser/airflow_venv/lib/python3.12/site-packages/airflow/example_dags/example_xcom.py took 0.114 seconds
[2024-10-12T07:18:43.377+0000] {processor.py:186} INFO - Started process (PID=11941) to work on /home/vboxuser/airflow_venv/lib/python3.12/site-packages/airflow/example_dags/example_xcom.py
[2024-10-12T07:18:43.380+0000] {processor.py:914} INFO - Processing file /home/vboxuser/airflow_venv/lib/python3.12/site-packages/airflow/example_dags/example_xcom.py for tasks to queue
[2024-10-12T07:18:43.385+0000] {logging_mixin.py:190} INFO - [2024-10-12T07:18:43.384+0000] {dagbag.py:588} INFO - Filling up the DagBag from /home/vboxuser/airflow_venv/lib/python3.12/site-packages/airflow/example_dags/example_xcom.py
[2024-10-12T07:18:43.397+0000] {processor.py:925} INFO - DAG(s) 'example_xcom' retrieved from /home/vboxuser/airflow_venv/lib/python3.12/site-packages/airflow/example_dags/example_xcom.py
[2024-10-12T07:18:43.416+0000] {logging_mixin.py:190} INFO - [2024-10-12T07:18:43.416+0000] {dag.py:3239} INFO - Sync 1 DAGs
[2024-10-12T07:18:43.439+0000] {logging_mixin.py:190} INFO - [2024-10-12T07:18:43.438+0000] {dag.py:4180} INFO - Setting next_dagrun for example_xcom to 2021-01-01 00:00:00+00:00, run_after=2021-01-01 00:00:00+00:00
[2024-10-12T07:18:43.473+0000] {processor.py:208} INFO - Processing /home/vboxuser/airflow_venv/lib/python3.12/site-packages/airflow/example_dags/example_xcom.py took 0.107 seconds
[2024-10-12T07:19:45.431+0000] {processor.py:186} INFO - Started process (PID=11998) to work on /home/vboxuser/airflow_venv/lib/python3.12/site-packages/airflow/example_dags/example_xcom.py
[2024-10-12T07:19:45.434+0000] {processor.py:914} INFO - Processing file /home/vboxuser/airflow_venv/lib/python3.12/site-packages/airflow/example_dags/example_xcom.py for tasks to queue
[2024-10-12T07:19:45.438+0000] {logging_mixin.py:190} INFO - [2024-10-12T07:19:45.437+0000] {dagbag.py:588} INFO - Filling up the DagBag from /home/vboxuser/airflow_venv/lib/python3.12/site-packages/airflow/example_dags/example_xcom.py
[2024-10-12T07:19:45.451+0000] {processor.py:925} INFO - DAG(s) 'example_xcom' retrieved from /home/vboxuser/airflow_venv/lib/python3.12/site-packages/airflow/example_dags/example_xcom.py
[2024-10-12T07:19:45.471+0000] {logging_mixin.py:190} INFO - [2024-10-12T07:19:45.470+0000] {dag.py:3239} INFO - Sync 1 DAGs
[2024-10-12T07:19:45.492+0000] {logging_mixin.py:190} INFO - [2024-10-12T07:19:45.492+0000] {dag.py:4180} INFO - Setting next_dagrun for example_xcom to 2021-01-01 00:00:00+00:00, run_after=2021-01-01 00:00:00+00:00
[2024-10-12T07:19:45.526+0000] {processor.py:208} INFO - Processing /home/vboxuser/airflow_venv/lib/python3.12/site-packages/airflow/example_dags/example_xcom.py took 0.108 seconds
[2024-10-12T07:20:52.340+0000] {processor.py:186} INFO - Started process (PID=12063) to work on /home/vboxuser/airflow_venv/lib/python3.12/site-packages/airflow/example_dags/example_xcom.py
[2024-10-12T07:20:52.343+0000] {processor.py:914} INFO - Processing file /home/vboxuser/airflow_venv/lib/python3.12/site-packages/airflow/example_dags/example_xcom.py for tasks to queue
[2024-10-12T07:20:52.345+0000] {logging_mixin.py:190} INFO - [2024-10-12T07:20:52.345+0000] {dagbag.py:588} INFO - Filling up the DagBag from /home/vboxuser/airflow_venv/lib/python3.12/site-packages/airflow/example_dags/example_xcom.py
[2024-10-12T07:20:52.360+0000] {processor.py:925} INFO - DAG(s) 'example_xcom' retrieved from /home/vboxuser/airflow_venv/lib/python3.12/site-packages/airflow/example_dags/example_xcom.py
[2024-10-12T07:20:52.388+0000] {logging_mixin.py:190} INFO - [2024-10-12T07:20:52.388+0000] {dag.py:3239} INFO - Sync 1 DAGs
[2024-10-12T07:20:52.409+0000] {logging_mixin.py:190} INFO - [2024-10-12T07:20:52.409+0000] {dag.py:4180} INFO - Setting next_dagrun for example_xcom to 2021-01-01 00:00:00+00:00, run_after=2021-01-01 00:00:00+00:00
[2024-10-12T07:20:52.444+0000] {processor.py:208} INFO - Processing /home/vboxuser/airflow_venv/lib/python3.12/site-packages/airflow/example_dags/example_xcom.py took 0.113 seconds
[2024-10-12T07:21:58.714+0000] {processor.py:186} INFO - Started process (PID=12123) to work on /home/vboxuser/airflow_venv/lib/python3.12/site-packages/airflow/example_dags/example_xcom.py
[2024-10-12T07:21:58.718+0000] {processor.py:914} INFO - Processing file /home/vboxuser/airflow_venv/lib/python3.12/site-packages/airflow/example_dags/example_xcom.py for tasks to queue
[2024-10-12T07:21:58.723+0000] {logging_mixin.py:190} INFO - [2024-10-12T07:21:58.722+0000] {dagbag.py:588} INFO - Filling up the DagBag from /home/vboxuser/airflow_venv/lib/python3.12/site-packages/airflow/example_dags/example_xcom.py
[2024-10-12T07:21:58.744+0000] {processor.py:925} INFO - DAG(s) 'example_xcom' retrieved from /home/vboxuser/airflow_venv/lib/python3.12/site-packages/airflow/example_dags/example_xcom.py
[2024-10-12T07:21:58.763+0000] {logging_mixin.py:190} INFO - [2024-10-12T07:21:58.763+0000] {dag.py:3239} INFO - Sync 1 DAGs
[2024-10-12T07:21:58.785+0000] {logging_mixin.py:190} INFO - [2024-10-12T07:21:58.785+0000] {dag.py:4180} INFO - Setting next_dagrun for example_xcom to 2021-01-01 00:00:00+00:00, run_after=2021-01-01 00:00:00+00:00
[2024-10-12T07:21:58.817+0000] {processor.py:208} INFO - Processing /home/vboxuser/airflow_venv/lib/python3.12/site-packages/airflow/example_dags/example_xcom.py took 0.114 seconds
[2024-10-12T07:23:07.938+0000] {processor.py:186} INFO - Started process (PID=12184) to work on /home/vboxuser/airflow_venv/lib/python3.12/site-packages/airflow/example_dags/example_xcom.py
[2024-10-12T07:23:07.941+0000] {processor.py:914} INFO - Processing file /home/vboxuser/airflow_venv/lib/python3.12/site-packages/airflow/example_dags/example_xcom.py for tasks to queue
[2024-10-12T07:23:07.947+0000] {logging_mixin.py:190} INFO - [2024-10-12T07:23:07.946+0000] {dagbag.py:588} INFO - Filling up the DagBag from /home/vboxuser/airflow_venv/lib/python3.12/site-packages/airflow/example_dags/example_xcom.py
[2024-10-12T07:23:07.959+0000] {processor.py:925} INFO - DAG(s) 'example_xcom' retrieved from /home/vboxuser/airflow_venv/lib/python3.12/site-packages/airflow/example_dags/example_xcom.py
[2024-10-12T07:23:07.980+0000] {logging_mixin.py:190} INFO - [2024-10-12T07:23:07.980+0000] {dag.py:3239} INFO - Sync 1 DAGs
[2024-10-12T07:23:08.008+0000] {logging_mixin.py:190} INFO - [2024-10-12T07:23:08.008+0000] {dag.py:4180} INFO - Setting next_dagrun for example_xcom to 2021-01-01 00:00:00+00:00, run_after=2021-01-01 00:00:00+00:00
[2024-10-12T07:23:08.052+0000] {processor.py:208} INFO - Processing /home/vboxuser/airflow_venv/lib/python3.12/site-packages/airflow/example_dags/example_xcom.py took 0.124 seconds
[2024-10-12T07:24:18.521+0000] {processor.py:186} INFO - Started process (PID=12246) to work on /home/vboxuser/airflow_venv/lib/python3.12/site-packages/airflow/example_dags/example_xcom.py
[2024-10-12T07:24:18.525+0000] {processor.py:914} INFO - Processing file /home/vboxuser/airflow_venv/lib/python3.12/site-packages/airflow/example_dags/example_xcom.py for tasks to queue
[2024-10-12T07:24:18.527+0000] {logging_mixin.py:190} INFO - [2024-10-12T07:24:18.527+0000] {dagbag.py:588} INFO - Filling up the DagBag from /home/vboxuser/airflow_venv/lib/python3.12/site-packages/airflow/example_dags/example_xcom.py
[2024-10-12T07:24:18.544+0000] {processor.py:925} INFO - DAG(s) 'example_xcom' retrieved from /home/vboxuser/airflow_venv/lib/python3.12/site-packages/airflow/example_dags/example_xcom.py
[2024-10-12T07:24:18.565+0000] {logging_mixin.py:190} INFO - [2024-10-12T07:24:18.564+0000] {dag.py:3239} INFO - Sync 1 DAGs
[2024-10-12T07:24:18.585+0000] {logging_mixin.py:190} INFO - [2024-10-12T07:24:18.584+0000] {dag.py:4180} INFO - Setting next_dagrun for example_xcom to 2021-01-01 00:00:00+00:00, run_after=2021-01-01 00:00:00+00:00
[2024-10-12T07:24:18.625+0000] {processor.py:208} INFO - Processing /home/vboxuser/airflow_venv/lib/python3.12/site-packages/airflow/example_dags/example_xcom.py took 0.114 seconds
[2024-10-12T07:25:25.055+0000] {processor.py:186} INFO - Started process (PID=12308) to work on /home/vboxuser/airflow_venv/lib/python3.12/site-packages/airflow/example_dags/example_xcom.py
[2024-10-12T07:25:25.057+0000] {processor.py:914} INFO - Processing file /home/vboxuser/airflow_venv/lib/python3.12/site-packages/airflow/example_dags/example_xcom.py for tasks to queue
[2024-10-12T07:25:25.060+0000] {logging_mixin.py:190} INFO - [2024-10-12T07:25:25.059+0000] {dagbag.py:588} INFO - Filling up the DagBag from /home/vboxuser/airflow_venv/lib/python3.12/site-packages/airflow/example_dags/example_xcom.py
[2024-10-12T07:25:25.071+0000] {processor.py:925} INFO - DAG(s) 'example_xcom' retrieved from /home/vboxuser/airflow_venv/lib/python3.12/site-packages/airflow/example_dags/example_xcom.py
[2024-10-12T07:25:25.091+0000] {logging_mixin.py:190} INFO - [2024-10-12T07:25:25.090+0000] {dag.py:3239} INFO - Sync 1 DAGs
[2024-10-12T07:25:25.112+0000] {logging_mixin.py:190} INFO - [2024-10-12T07:25:25.111+0000] {dag.py:4180} INFO - Setting next_dagrun for example_xcom to 2021-01-01 00:00:00+00:00, run_after=2021-01-01 00:00:00+00:00
[2024-10-12T07:25:25.144+0000] {processor.py:208} INFO - Processing /home/vboxuser/airflow_venv/lib/python3.12/site-packages/airflow/example_dags/example_xcom.py took 0.112 seconds
[2024-10-12T07:26:36.577+0000] {processor.py:186} INFO - Started process (PID=12374) to work on /home/vboxuser/airflow_venv/lib/python3.12/site-packages/airflow/example_dags/example_xcom.py
[2024-10-12T07:26:36.582+0000] {processor.py:914} INFO - Processing file /home/vboxuser/airflow_venv/lib/python3.12/site-packages/airflow/example_dags/example_xcom.py for tasks to queue
[2024-10-12T07:26:36.586+0000] {logging_mixin.py:190} INFO - [2024-10-12T07:26:36.585+0000] {dagbag.py:588} INFO - Filling up the DagBag from /home/vboxuser/airflow_venv/lib/python3.12/site-packages/airflow/example_dags/example_xcom.py
[2024-10-12T07:26:36.606+0000] {processor.py:925} INFO - DAG(s) 'example_xcom' retrieved from /home/vboxuser/airflow_venv/lib/python3.12/site-packages/airflow/example_dags/example_xcom.py
[2024-10-12T07:26:36.634+0000] {logging_mixin.py:190} INFO - [2024-10-12T07:26:36.634+0000] {dag.py:3239} INFO - Sync 1 DAGs
[2024-10-12T07:26:36.666+0000] {logging_mixin.py:190} INFO - [2024-10-12T07:26:36.665+0000] {dag.py:4180} INFO - Setting next_dagrun for example_xcom to 2021-01-01 00:00:00+00:00, run_after=2021-01-01 00:00:00+00:00
[2024-10-12T07:26:36.711+0000] {processor.py:208} INFO - Processing /home/vboxuser/airflow_venv/lib/python3.12/site-packages/airflow/example_dags/example_xcom.py took 0.151 seconds
[2024-10-12T07:27:50.761+0000] {processor.py:186} INFO - Started process (PID=12436) to work on /home/vboxuser/airflow_venv/lib/python3.12/site-packages/airflow/example_dags/example_xcom.py
[2024-10-12T07:27:50.763+0000] {processor.py:914} INFO - Processing file /home/vboxuser/airflow_venv/lib/python3.12/site-packages/airflow/example_dags/example_xcom.py for tasks to queue
[2024-10-12T07:27:50.767+0000] {logging_mixin.py:190} INFO - [2024-10-12T07:27:50.766+0000] {dagbag.py:588} INFO - Filling up the DagBag from /home/vboxuser/airflow_venv/lib/python3.12/site-packages/airflow/example_dags/example_xcom.py
[2024-10-12T07:27:50.786+0000] {processor.py:925} INFO - DAG(s) 'example_xcom' retrieved from /home/vboxuser/airflow_venv/lib/python3.12/site-packages/airflow/example_dags/example_xcom.py
[2024-10-12T07:27:50.813+0000] {logging_mixin.py:190} INFO - [2024-10-12T07:27:50.813+0000] {dag.py:3239} INFO - Sync 1 DAGs
[2024-10-12T07:27:50.845+0000] {logging_mixin.py:190} INFO - [2024-10-12T07:27:50.844+0000] {dag.py:4180} INFO - Setting next_dagrun for example_xcom to 2021-01-01 00:00:00+00:00, run_after=2021-01-01 00:00:00+00:00
[2024-10-12T07:27:50.887+0000] {processor.py:208} INFO - Processing /home/vboxuser/airflow_venv/lib/python3.12/site-packages/airflow/example_dags/example_xcom.py took 0.136 seconds
[2024-10-12T07:28:54.941+0000] {processor.py:186} INFO - Started process (PID=12494) to work on /home/vboxuser/airflow_venv/lib/python3.12/site-packages/airflow/example_dags/example_xcom.py
[2024-10-12T07:28:54.944+0000] {processor.py:914} INFO - Processing file /home/vboxuser/airflow_venv/lib/python3.12/site-packages/airflow/example_dags/example_xcom.py for tasks to queue
[2024-10-12T07:28:54.947+0000] {logging_mixin.py:190} INFO - [2024-10-12T07:28:54.946+0000] {dagbag.py:588} INFO - Filling up the DagBag from /home/vboxuser/airflow_venv/lib/python3.12/site-packages/airflow/example_dags/example_xcom.py
[2024-10-12T07:28:54.959+0000] {processor.py:925} INFO - DAG(s) 'example_xcom' retrieved from /home/vboxuser/airflow_venv/lib/python3.12/site-packages/airflow/example_dags/example_xcom.py
[2024-10-12T07:28:54.979+0000] {logging_mixin.py:190} INFO - [2024-10-12T07:28:54.979+0000] {dag.py:3239} INFO - Sync 1 DAGs
[2024-10-12T07:28:54.999+0000] {logging_mixin.py:190} INFO - [2024-10-12T07:28:54.999+0000] {dag.py:4180} INFO - Setting next_dagrun for example_xcom to 2021-01-01 00:00:00+00:00, run_after=2021-01-01 00:00:00+00:00
[2024-10-12T07:28:55.031+0000] {processor.py:208} INFO - Processing /home/vboxuser/airflow_venv/lib/python3.12/site-packages/airflow/example_dags/example_xcom.py took 0.097 seconds
[2024-10-12T07:30:03.615+0000] {processor.py:186} INFO - Started process (PID=12566) to work on /home/vboxuser/airflow_venv/lib/python3.12/site-packages/airflow/example_dags/example_xcom.py
[2024-10-12T07:30:03.619+0000] {processor.py:914} INFO - Processing file /home/vboxuser/airflow_venv/lib/python3.12/site-packages/airflow/example_dags/example_xcom.py for tasks to queue
[2024-10-12T07:30:03.625+0000] {logging_mixin.py:190} INFO - [2024-10-12T07:30:03.624+0000] {dagbag.py:588} INFO - Filling up the DagBag from /home/vboxuser/airflow_venv/lib/python3.12/site-packages/airflow/example_dags/example_xcom.py
[2024-10-12T07:30:03.650+0000] {processor.py:925} INFO - DAG(s) 'example_xcom' retrieved from /home/vboxuser/airflow_venv/lib/python3.12/site-packages/airflow/example_dags/example_xcom.py
[2024-10-12T07:30:03.697+0000] {logging_mixin.py:190} INFO - [2024-10-12T07:30:03.696+0000] {dag.py:3239} INFO - Sync 1 DAGs
[2024-10-12T07:30:03.740+0000] {logging_mixin.py:190} INFO - [2024-10-12T07:30:03.739+0000] {dag.py:4180} INFO - Setting next_dagrun for example_xcom to 2021-01-01 00:00:00+00:00, run_after=2021-01-01 00:00:00+00:00
[2024-10-12T07:30:03.799+0000] {processor.py:208} INFO - Processing /home/vboxuser/airflow_venv/lib/python3.12/site-packages/airflow/example_dags/example_xcom.py took 0.198 seconds
[2024-10-12T07:31:16.765+0000] {processor.py:186} INFO - Started process (PID=12638) to work on /home/vboxuser/airflow_venv/lib/python3.12/site-packages/airflow/example_dags/example_xcom.py
[2024-10-12T07:31:16.768+0000] {processor.py:914} INFO - Processing file /home/vboxuser/airflow_venv/lib/python3.12/site-packages/airflow/example_dags/example_xcom.py for tasks to queue
[2024-10-12T07:31:16.773+0000] {logging_mixin.py:190} INFO - [2024-10-12T07:31:16.772+0000] {dagbag.py:588} INFO - Filling up the DagBag from /home/vboxuser/airflow_venv/lib/python3.12/site-packages/airflow/example_dags/example_xcom.py
[2024-10-12T07:31:16.788+0000] {processor.py:925} INFO - DAG(s) 'example_xcom' retrieved from /home/vboxuser/airflow_venv/lib/python3.12/site-packages/airflow/example_dags/example_xcom.py
[2024-10-12T07:31:16.806+0000] {logging_mixin.py:190} INFO - [2024-10-12T07:31:16.806+0000] {dag.py:3239} INFO - Sync 1 DAGs
[2024-10-12T07:31:16.827+0000] {logging_mixin.py:190} INFO - [2024-10-12T07:31:16.827+0000] {dag.py:4180} INFO - Setting next_dagrun for example_xcom to 2021-01-01 00:00:00+00:00, run_after=2021-01-01 00:00:00+00:00
[2024-10-12T07:31:16.864+0000] {processor.py:208} INFO - Processing /home/vboxuser/airflow_venv/lib/python3.12/site-packages/airflow/example_dags/example_xcom.py took 0.111 seconds
[2024-10-12T07:32:22.250+0000] {processor.py:186} INFO - Started process (PID=12707) to work on /home/vboxuser/airflow_venv/lib/python3.12/site-packages/airflow/example_dags/example_xcom.py
[2024-10-12T07:32:22.254+0000] {processor.py:914} INFO - Processing file /home/vboxuser/airflow_venv/lib/python3.12/site-packages/airflow/example_dags/example_xcom.py for tasks to queue
[2024-10-12T07:32:22.257+0000] {logging_mixin.py:190} INFO - [2024-10-12T07:32:22.256+0000] {dagbag.py:588} INFO - Filling up the DagBag from /home/vboxuser/airflow_venv/lib/python3.12/site-packages/airflow/example_dags/example_xcom.py
[2024-10-12T07:32:22.277+0000] {processor.py:925} INFO - DAG(s) 'example_xcom' retrieved from /home/vboxuser/airflow_venv/lib/python3.12/site-packages/airflow/example_dags/example_xcom.py
[2024-10-12T07:32:22.305+0000] {logging_mixin.py:190} INFO - [2024-10-12T07:32:22.305+0000] {dag.py:3239} INFO - Sync 1 DAGs
[2024-10-12T07:32:22.327+0000] {logging_mixin.py:190} INFO - [2024-10-12T07:32:22.327+0000] {dag.py:4180} INFO - Setting next_dagrun for example_xcom to 2021-01-01 00:00:00+00:00, run_after=2021-01-01 00:00:00+00:00
[2024-10-12T07:32:22.363+0000] {processor.py:208} INFO - Processing /home/vboxuser/airflow_venv/lib/python3.12/site-packages/airflow/example_dags/example_xcom.py took 0.121 seconds
[2024-10-12T07:33:25.540+0000] {processor.py:186} INFO - Started process (PID=12765) to work on /home/vboxuser/airflow_venv/lib/python3.12/site-packages/airflow/example_dags/example_xcom.py
[2024-10-12T07:33:25.543+0000] {processor.py:914} INFO - Processing file /home/vboxuser/airflow_venv/lib/python3.12/site-packages/airflow/example_dags/example_xcom.py for tasks to queue
[2024-10-12T07:33:25.547+0000] {logging_mixin.py:190} INFO - [2024-10-12T07:33:25.546+0000] {dagbag.py:588} INFO - Filling up the DagBag from /home/vboxuser/airflow_venv/lib/python3.12/site-packages/airflow/example_dags/example_xcom.py
[2024-10-12T07:33:25.560+0000] {processor.py:925} INFO - DAG(s) 'example_xcom' retrieved from /home/vboxuser/airflow_venv/lib/python3.12/site-packages/airflow/example_dags/example_xcom.py
[2024-10-12T07:33:25.579+0000] {logging_mixin.py:190} INFO - [2024-10-12T07:33:25.579+0000] {dag.py:3239} INFO - Sync 1 DAGs
[2024-10-12T07:33:25.602+0000] {logging_mixin.py:190} INFO - [2024-10-12T07:33:25.601+0000] {dag.py:4180} INFO - Setting next_dagrun for example_xcom to 2021-01-01 00:00:00+00:00, run_after=2021-01-01 00:00:00+00:00
[2024-10-12T07:33:25.634+0000] {processor.py:208} INFO - Processing /home/vboxuser/airflow_venv/lib/python3.12/site-packages/airflow/example_dags/example_xcom.py took 0.103 seconds
[2024-10-12T07:34:27.481+0000] {processor.py:186} INFO - Started process (PID=12823) to work on /home/vboxuser/airflow_venv/lib/python3.12/site-packages/airflow/example_dags/example_xcom.py
[2024-10-12T07:34:27.487+0000] {processor.py:914} INFO - Processing file /home/vboxuser/airflow_venv/lib/python3.12/site-packages/airflow/example_dags/example_xcom.py for tasks to queue
[2024-10-12T07:34:27.490+0000] {logging_mixin.py:190} INFO - [2024-10-12T07:34:27.490+0000] {dagbag.py:588} INFO - Filling up the DagBag from /home/vboxuser/airflow_venv/lib/python3.12/site-packages/airflow/example_dags/example_xcom.py
[2024-10-12T07:34:27.503+0000] {processor.py:925} INFO - DAG(s) 'example_xcom' retrieved from /home/vboxuser/airflow_venv/lib/python3.12/site-packages/airflow/example_dags/example_xcom.py
[2024-10-12T07:34:27.525+0000] {logging_mixin.py:190} INFO - [2024-10-12T07:34:27.525+0000] {dag.py:3239} INFO - Sync 1 DAGs
[2024-10-12T07:34:27.545+0000] {logging_mixin.py:190} INFO - [2024-10-12T07:34:27.544+0000] {dag.py:4180} INFO - Setting next_dagrun for example_xcom to 2021-01-01 00:00:00+00:00, run_after=2021-01-01 00:00:00+00:00
[2024-10-12T07:34:27.581+0000] {processor.py:208} INFO - Processing /home/vboxuser/airflow_venv/lib/python3.12/site-packages/airflow/example_dags/example_xcom.py took 0.110 seconds
[2024-10-12T07:47:14.123+0000] {processor.py:186} INFO - Started process (PID=12916) to work on /home/vboxuser/airflow_venv/lib/python3.12/site-packages/airflow/example_dags/example_xcom.py
[2024-10-12T07:47:14.129+0000] {processor.py:914} INFO - Processing file /home/vboxuser/airflow_venv/lib/python3.12/site-packages/airflow/example_dags/example_xcom.py for tasks to queue
[2024-10-12T07:47:14.133+0000] {logging_mixin.py:190} INFO - [2024-10-12T07:47:14.132+0000] {dagbag.py:588} INFO - Filling up the DagBag from /home/vboxuser/airflow_venv/lib/python3.12/site-packages/airflow/example_dags/example_xcom.py
[2024-10-12T07:47:14.154+0000] {processor.py:925} INFO - DAG(s) 'example_xcom' retrieved from /home/vboxuser/airflow_venv/lib/python3.12/site-packages/airflow/example_dags/example_xcom.py
[2024-10-12T07:47:14.183+0000] {logging_mixin.py:190} INFO - [2024-10-12T07:47:14.183+0000] {dag.py:3239} INFO - Sync 1 DAGs
[2024-10-12T07:47:14.215+0000] {logging_mixin.py:190} INFO - [2024-10-12T07:47:14.214+0000] {dag.py:4180} INFO - Setting next_dagrun for example_xcom to 2021-01-01 00:00:00+00:00, run_after=2021-01-01 00:00:00+00:00
[2024-10-12T07:47:14.264+0000] {processor.py:208} INFO - Processing /home/vboxuser/airflow_venv/lib/python3.12/site-packages/airflow/example_dags/example_xcom.py took 0.154 seconds
[2024-10-12T07:48:16.364+0000] {processor.py:186} INFO - Started process (PID=12969) to work on /home/vboxuser/airflow_venv/lib/python3.12/site-packages/airflow/example_dags/example_xcom.py
[2024-10-12T07:48:16.369+0000] {processor.py:914} INFO - Processing file /home/vboxuser/airflow_venv/lib/python3.12/site-packages/airflow/example_dags/example_xcom.py for tasks to queue
[2024-10-12T07:48:16.373+0000] {logging_mixin.py:190} INFO - [2024-10-12T07:48:16.372+0000] {dagbag.py:588} INFO - Filling up the DagBag from /home/vboxuser/airflow_venv/lib/python3.12/site-packages/airflow/example_dags/example_xcom.py
[2024-10-12T07:48:16.391+0000] {processor.py:925} INFO - DAG(s) 'example_xcom' retrieved from /home/vboxuser/airflow_venv/lib/python3.12/site-packages/airflow/example_dags/example_xcom.py
[2024-10-12T07:48:16.420+0000] {logging_mixin.py:190} INFO - [2024-10-12T07:48:16.420+0000] {dag.py:3239} INFO - Sync 1 DAGs
[2024-10-12T07:48:16.453+0000] {logging_mixin.py:190} INFO - [2024-10-12T07:48:16.452+0000] {dag.py:4180} INFO - Setting next_dagrun for example_xcom to 2021-01-01 00:00:00+00:00, run_after=2021-01-01 00:00:00+00:00
[2024-10-12T07:48:16.492+0000] {processor.py:208} INFO - Processing /home/vboxuser/airflow_venv/lib/python3.12/site-packages/airflow/example_dags/example_xcom.py took 0.141 seconds
[2024-10-12T07:49:21.940+0000] {processor.py:186} INFO - Started process (PID=13028) to work on /home/vboxuser/airflow_venv/lib/python3.12/site-packages/airflow/example_dags/example_xcom.py
[2024-10-12T07:49:21.944+0000] {processor.py:914} INFO - Processing file /home/vboxuser/airflow_venv/lib/python3.12/site-packages/airflow/example_dags/example_xcom.py for tasks to queue
[2024-10-12T07:49:21.950+0000] {logging_mixin.py:190} INFO - [2024-10-12T07:49:21.949+0000] {dagbag.py:588} INFO - Filling up the DagBag from /home/vboxuser/airflow_venv/lib/python3.12/site-packages/airflow/example_dags/example_xcom.py
[2024-10-12T07:49:21.969+0000] {processor.py:925} INFO - DAG(s) 'example_xcom' retrieved from /home/vboxuser/airflow_venv/lib/python3.12/site-packages/airflow/example_dags/example_xcom.py
[2024-10-12T07:49:21.997+0000] {logging_mixin.py:190} INFO - [2024-10-12T07:49:21.997+0000] {dag.py:3239} INFO - Sync 1 DAGs
[2024-10-12T07:49:22.028+0000] {logging_mixin.py:190} INFO - [2024-10-12T07:49:22.028+0000] {dag.py:4180} INFO - Setting next_dagrun for example_xcom to 2021-01-01 00:00:00+00:00, run_after=2021-01-01 00:00:00+00:00
[2024-10-12T07:49:22.080+0000] {processor.py:208} INFO - Processing /home/vboxuser/airflow_venv/lib/python3.12/site-packages/airflow/example_dags/example_xcom.py took 0.151 seconds
[2024-10-12T07:50:31.493+0000] {processor.py:186} INFO - Started process (PID=13091) to work on /home/vboxuser/airflow_venv/lib/python3.12/site-packages/airflow/example_dags/example_xcom.py
[2024-10-12T07:50:31.495+0000] {processor.py:914} INFO - Processing file /home/vboxuser/airflow_venv/lib/python3.12/site-packages/airflow/example_dags/example_xcom.py for tasks to queue
[2024-10-12T07:50:31.500+0000] {logging_mixin.py:190} INFO - [2024-10-12T07:50:31.499+0000] {dagbag.py:588} INFO - Filling up the DagBag from /home/vboxuser/airflow_venv/lib/python3.12/site-packages/airflow/example_dags/example_xcom.py
[2024-10-12T07:50:31.514+0000] {processor.py:925} INFO - DAG(s) 'example_xcom' retrieved from /home/vboxuser/airflow_venv/lib/python3.12/site-packages/airflow/example_dags/example_xcom.py
[2024-10-12T07:50:31.534+0000] {logging_mixin.py:190} INFO - [2024-10-12T07:50:31.534+0000] {dag.py:3239} INFO - Sync 1 DAGs
[2024-10-12T07:50:31.562+0000] {logging_mixin.py:190} INFO - [2024-10-12T07:50:31.561+0000] {dag.py:4180} INFO - Setting next_dagrun for example_xcom to 2021-01-01 00:00:00+00:00, run_after=2021-01-01 00:00:00+00:00
[2024-10-12T07:50:31.595+0000] {processor.py:208} INFO - Processing /home/vboxuser/airflow_venv/lib/python3.12/site-packages/airflow/example_dags/example_xcom.py took 0.114 seconds
[2024-10-12T07:51:40.799+0000] {processor.py:186} INFO - Started process (PID=13226) to work on /home/vboxuser/airflow_venv/lib/python3.12/site-packages/airflow/example_dags/example_xcom.py
[2024-10-12T07:51:40.801+0000] {processor.py:914} INFO - Processing file /home/vboxuser/airflow_venv/lib/python3.12/site-packages/airflow/example_dags/example_xcom.py for tasks to queue
[2024-10-12T07:51:40.804+0000] {logging_mixin.py:190} INFO - [2024-10-12T07:51:40.803+0000] {dagbag.py:588} INFO - Filling up the DagBag from /home/vboxuser/airflow_venv/lib/python3.12/site-packages/airflow/example_dags/example_xcom.py
[2024-10-12T07:51:40.816+0000] {processor.py:925} INFO - DAG(s) 'example_xcom' retrieved from /home/vboxuser/airflow_venv/lib/python3.12/site-packages/airflow/example_dags/example_xcom.py
[2024-10-12T07:51:40.838+0000] {logging_mixin.py:190} INFO - [2024-10-12T07:51:40.837+0000] {dag.py:3239} INFO - Sync 1 DAGs
[2024-10-12T07:51:40.861+0000] {logging_mixin.py:190} INFO - [2024-10-12T07:51:40.861+0000] {dag.py:4180} INFO - Setting next_dagrun for example_xcom to 2021-01-01 00:00:00+00:00, run_after=2021-01-01 00:00:00+00:00
[2024-10-12T07:51:40.896+0000] {processor.py:208} INFO - Processing /home/vboxuser/airflow_venv/lib/python3.12/site-packages/airflow/example_dags/example_xcom.py took 0.105 seconds
[2024-10-12T07:52:52.448+0000] {processor.py:186} INFO - Started process (PID=13302) to work on /home/vboxuser/airflow_venv/lib/python3.12/site-packages/airflow/example_dags/example_xcom.py
[2024-10-12T07:52:52.451+0000] {processor.py:914} INFO - Processing file /home/vboxuser/airflow_venv/lib/python3.12/site-packages/airflow/example_dags/example_xcom.py for tasks to queue
[2024-10-12T07:52:52.455+0000] {logging_mixin.py:190} INFO - [2024-10-12T07:52:52.454+0000] {dagbag.py:588} INFO - Filling up the DagBag from /home/vboxuser/airflow_venv/lib/python3.12/site-packages/airflow/example_dags/example_xcom.py
[2024-10-12T07:52:52.475+0000] {processor.py:925} INFO - DAG(s) 'example_xcom' retrieved from /home/vboxuser/airflow_venv/lib/python3.12/site-packages/airflow/example_dags/example_xcom.py
[2024-10-12T07:52:52.535+0000] {logging_mixin.py:190} INFO - [2024-10-12T07:52:52.530+0000] {dag.py:3239} INFO - Sync 1 DAGs
[2024-10-12T07:52:52.611+0000] {logging_mixin.py:190} INFO - [2024-10-12T07:52:52.609+0000] {dag.py:4180} INFO - Setting next_dagrun for example_xcom to 2021-01-01 00:00:00+00:00, run_after=2021-01-01 00:00:00+00:00
[2024-10-12T07:52:52.670+0000] {processor.py:208} INFO - Processing /home/vboxuser/airflow_venv/lib/python3.12/site-packages/airflow/example_dags/example_xcom.py took 0.234 seconds
[2024-10-12T07:53:53.844+0000] {processor.py:186} INFO - Started process (PID=13371) to work on /home/vboxuser/airflow_venv/lib/python3.12/site-packages/airflow/example_dags/example_xcom.py
[2024-10-12T07:53:53.850+0000] {processor.py:914} INFO - Processing file /home/vboxuser/airflow_venv/lib/python3.12/site-packages/airflow/example_dags/example_xcom.py for tasks to queue
[2024-10-12T07:53:53.854+0000] {logging_mixin.py:190} INFO - [2024-10-12T07:53:53.853+0000] {dagbag.py:588} INFO - Filling up the DagBag from /home/vboxuser/airflow_venv/lib/python3.12/site-packages/airflow/example_dags/example_xcom.py
[2024-10-12T07:53:53.869+0000] {processor.py:925} INFO - DAG(s) 'example_xcom' retrieved from /home/vboxuser/airflow_venv/lib/python3.12/site-packages/airflow/example_dags/example_xcom.py
[2024-10-12T07:53:53.896+0000] {logging_mixin.py:190} INFO - [2024-10-12T07:53:53.895+0000] {dag.py:3239} INFO - Sync 1 DAGs
[2024-10-12T07:53:53.935+0000] {logging_mixin.py:190} INFO - [2024-10-12T07:53:53.935+0000] {dag.py:4180} INFO - Setting next_dagrun for example_xcom to 2021-01-01 00:00:00+00:00, run_after=2021-01-01 00:00:00+00:00
[2024-10-12T07:53:53.975+0000] {processor.py:208} INFO - Processing /home/vboxuser/airflow_venv/lib/python3.12/site-packages/airflow/example_dags/example_xcom.py took 0.140 seconds
[2024-10-12T07:54:57.674+0000] {processor.py:186} INFO - Started process (PID=13429) to work on /home/vboxuser/airflow_venv/lib/python3.12/site-packages/airflow/example_dags/example_xcom.py
[2024-10-12T07:54:57.679+0000] {processor.py:914} INFO - Processing file /home/vboxuser/airflow_venv/lib/python3.12/site-packages/airflow/example_dags/example_xcom.py for tasks to queue
[2024-10-12T07:54:57.683+0000] {logging_mixin.py:190} INFO - [2024-10-12T07:54:57.682+0000] {dagbag.py:588} INFO - Filling up the DagBag from /home/vboxuser/airflow_venv/lib/python3.12/site-packages/airflow/example_dags/example_xcom.py
[2024-10-12T07:54:57.701+0000] {processor.py:925} INFO - DAG(s) 'example_xcom' retrieved from /home/vboxuser/airflow_venv/lib/python3.12/site-packages/airflow/example_dags/example_xcom.py
[2024-10-12T07:54:57.727+0000] {logging_mixin.py:190} INFO - [2024-10-12T07:54:57.727+0000] {dag.py:3239} INFO - Sync 1 DAGs
[2024-10-12T07:54:57.757+0000] {logging_mixin.py:190} INFO - [2024-10-12T07:54:57.756+0000] {dag.py:4180} INFO - Setting next_dagrun for example_xcom to 2021-01-01 00:00:00+00:00, run_after=2021-01-01 00:00:00+00:00
[2024-10-12T07:54:57.797+0000] {processor.py:208} INFO - Processing /home/vboxuser/airflow_venv/lib/python3.12/site-packages/airflow/example_dags/example_xcom.py took 0.139 seconds
[2024-10-12T07:56:02.839+0000] {processor.py:186} INFO - Started process (PID=13496) to work on /home/vboxuser/airflow_venv/lib/python3.12/site-packages/airflow/example_dags/example_xcom.py
[2024-10-12T07:56:02.842+0000] {processor.py:914} INFO - Processing file /home/vboxuser/airflow_venv/lib/python3.12/site-packages/airflow/example_dags/example_xcom.py for tasks to queue
[2024-10-12T07:56:02.845+0000] {logging_mixin.py:190} INFO - [2024-10-12T07:56:02.845+0000] {dagbag.py:588} INFO - Filling up the DagBag from /home/vboxuser/airflow_venv/lib/python3.12/site-packages/airflow/example_dags/example_xcom.py
[2024-10-12T07:56:02.857+0000] {processor.py:925} INFO - DAG(s) 'example_xcom' retrieved from /home/vboxuser/airflow_venv/lib/python3.12/site-packages/airflow/example_dags/example_xcom.py
[2024-10-12T07:56:02.875+0000] {logging_mixin.py:190} INFO - [2024-10-12T07:56:02.875+0000] {dag.py:3239} INFO - Sync 1 DAGs
[2024-10-12T07:56:02.895+0000] {logging_mixin.py:190} INFO - [2024-10-12T07:56:02.894+0000] {dag.py:4180} INFO - Setting next_dagrun for example_xcom to 2021-01-01 00:00:00+00:00, run_after=2021-01-01 00:00:00+00:00
[2024-10-12T07:56:02.930+0000] {processor.py:208} INFO - Processing /home/vboxuser/airflow_venv/lib/python3.12/site-packages/airflow/example_dags/example_xcom.py took 0.100 seconds
[2024-10-12T07:57:09.047+0000] {processor.py:186} INFO - Started process (PID=13559) to work on /home/vboxuser/airflow_venv/lib/python3.12/site-packages/airflow/example_dags/example_xcom.py
[2024-10-12T07:57:09.050+0000] {processor.py:914} INFO - Processing file /home/vboxuser/airflow_venv/lib/python3.12/site-packages/airflow/example_dags/example_xcom.py for tasks to queue
[2024-10-12T07:57:09.054+0000] {logging_mixin.py:190} INFO - [2024-10-12T07:57:09.052+0000] {dagbag.py:588} INFO - Filling up the DagBag from /home/vboxuser/airflow_venv/lib/python3.12/site-packages/airflow/example_dags/example_xcom.py
[2024-10-12T07:57:09.067+0000] {processor.py:925} INFO - DAG(s) 'example_xcom' retrieved from /home/vboxuser/airflow_venv/lib/python3.12/site-packages/airflow/example_dags/example_xcom.py
[2024-10-12T07:57:09.094+0000] {logging_mixin.py:190} INFO - [2024-10-12T07:57:09.094+0000] {dag.py:3239} INFO - Sync 1 DAGs
[2024-10-12T07:57:09.123+0000] {logging_mixin.py:190} INFO - [2024-10-12T07:57:09.122+0000] {dag.py:4180} INFO - Setting next_dagrun for example_xcom to 2021-01-01 00:00:00+00:00, run_after=2021-01-01 00:00:00+00:00
[2024-10-12T07:57:09.163+0000] {processor.py:208} INFO - Processing /home/vboxuser/airflow_venv/lib/python3.12/site-packages/airflow/example_dags/example_xcom.py took 0.123 seconds
[2024-10-12T07:58:14.791+0000] {processor.py:186} INFO - Started process (PID=13629) to work on /home/vboxuser/airflow_venv/lib/python3.12/site-packages/airflow/example_dags/example_xcom.py
[2024-10-12T07:58:14.796+0000] {processor.py:914} INFO - Processing file /home/vboxuser/airflow_venv/lib/python3.12/site-packages/airflow/example_dags/example_xcom.py for tasks to queue
[2024-10-12T07:58:14.800+0000] {logging_mixin.py:190} INFO - [2024-10-12T07:58:14.799+0000] {dagbag.py:588} INFO - Filling up the DagBag from /home/vboxuser/airflow_venv/lib/python3.12/site-packages/airflow/example_dags/example_xcom.py
[2024-10-12T07:58:14.813+0000] {processor.py:925} INFO - DAG(s) 'example_xcom' retrieved from /home/vboxuser/airflow_venv/lib/python3.12/site-packages/airflow/example_dags/example_xcom.py
[2024-10-12T07:58:14.833+0000] {logging_mixin.py:190} INFO - [2024-10-12T07:58:14.833+0000] {dag.py:3239} INFO - Sync 1 DAGs
[2024-10-12T07:58:14.854+0000] {logging_mixin.py:190} INFO - [2024-10-12T07:58:14.853+0000] {dag.py:4180} INFO - Setting next_dagrun for example_xcom to 2021-01-01 00:00:00+00:00, run_after=2021-01-01 00:00:00+00:00
[2024-10-12T07:58:14.915+0000] {processor.py:208} INFO - Processing /home/vboxuser/airflow_venv/lib/python3.12/site-packages/airflow/example_dags/example_xcom.py took 0.132 seconds
[2024-10-12T07:59:13.835+0000] {processor.py:186} INFO - Started process (PID=13686) to work on /home/vboxuser/airflow_venv/lib/python3.12/site-packages/airflow/example_dags/example_xcom.py
[2024-10-12T07:59:13.837+0000] {processor.py:914} INFO - Processing file /home/vboxuser/airflow_venv/lib/python3.12/site-packages/airflow/example_dags/example_xcom.py for tasks to queue
[2024-10-12T07:59:13.841+0000] {logging_mixin.py:190} INFO - [2024-10-12T07:59:13.840+0000] {dagbag.py:588} INFO - Filling up the DagBag from /home/vboxuser/airflow_venv/lib/python3.12/site-packages/airflow/example_dags/example_xcom.py
[2024-10-12T07:59:13.854+0000] {processor.py:925} INFO - DAG(s) 'example_xcom' retrieved from /home/vboxuser/airflow_venv/lib/python3.12/site-packages/airflow/example_dags/example_xcom.py
[2024-10-12T07:59:13.876+0000] {logging_mixin.py:190} INFO - [2024-10-12T07:59:13.876+0000] {dag.py:3239} INFO - Sync 1 DAGs
[2024-10-12T07:59:13.903+0000] {logging_mixin.py:190} INFO - [2024-10-12T07:59:13.903+0000] {dag.py:4180} INFO - Setting next_dagrun for example_xcom to 2021-01-01 00:00:00+00:00, run_after=2021-01-01 00:00:00+00:00
[2024-10-12T07:59:13.948+0000] {processor.py:208} INFO - Processing /home/vboxuser/airflow_venv/lib/python3.12/site-packages/airflow/example_dags/example_xcom.py took 0.121 seconds
[2024-10-12T08:00:19.424+0000] {processor.py:186} INFO - Started process (PID=13745) to work on /home/vboxuser/airflow_venv/lib/python3.12/site-packages/airflow/example_dags/example_xcom.py
[2024-10-12T08:00:19.426+0000] {processor.py:914} INFO - Processing file /home/vboxuser/airflow_venv/lib/python3.12/site-packages/airflow/example_dags/example_xcom.py for tasks to queue
[2024-10-12T08:00:19.429+0000] {logging_mixin.py:190} INFO - [2024-10-12T08:00:19.429+0000] {dagbag.py:588} INFO - Filling up the DagBag from /home/vboxuser/airflow_venv/lib/python3.12/site-packages/airflow/example_dags/example_xcom.py
[2024-10-12T08:00:19.445+0000] {processor.py:925} INFO - DAG(s) 'example_xcom' retrieved from /home/vboxuser/airflow_venv/lib/python3.12/site-packages/airflow/example_dags/example_xcom.py
[2024-10-12T08:00:19.472+0000] {logging_mixin.py:190} INFO - [2024-10-12T08:00:19.472+0000] {dag.py:3239} INFO - Sync 1 DAGs
[2024-10-12T08:00:19.509+0000] {logging_mixin.py:190} INFO - [2024-10-12T08:00:19.509+0000] {dag.py:4180} INFO - Setting next_dagrun for example_xcom to 2021-01-01 00:00:00+00:00, run_after=2021-01-01 00:00:00+00:00
[2024-10-12T08:00:19.556+0000] {processor.py:208} INFO - Processing /home/vboxuser/airflow_venv/lib/python3.12/site-packages/airflow/example_dags/example_xcom.py took 0.143 seconds
[2024-10-12T08:01:22.663+0000] {processor.py:186} INFO - Started process (PID=13806) to work on /home/vboxuser/airflow_venv/lib/python3.12/site-packages/airflow/example_dags/example_xcom.py
[2024-10-12T08:01:22.666+0000] {processor.py:914} INFO - Processing file /home/vboxuser/airflow_venv/lib/python3.12/site-packages/airflow/example_dags/example_xcom.py for tasks to queue
[2024-10-12T08:01:22.670+0000] {logging_mixin.py:190} INFO - [2024-10-12T08:01:22.670+0000] {dagbag.py:588} INFO - Filling up the DagBag from /home/vboxuser/airflow_venv/lib/python3.12/site-packages/airflow/example_dags/example_xcom.py
[2024-10-12T08:01:22.687+0000] {processor.py:925} INFO - DAG(s) 'example_xcom' retrieved from /home/vboxuser/airflow_venv/lib/python3.12/site-packages/airflow/example_dags/example_xcom.py
[2024-10-12T08:01:22.717+0000] {logging_mixin.py:190} INFO - [2024-10-12T08:01:22.717+0000] {dag.py:3239} INFO - Sync 1 DAGs
[2024-10-12T08:01:22.751+0000] {logging_mixin.py:190} INFO - [2024-10-12T08:01:22.751+0000] {dag.py:4180} INFO - Setting next_dagrun for example_xcom to 2021-01-01 00:00:00+00:00, run_after=2021-01-01 00:00:00+00:00
[2024-10-12T08:01:22.802+0000] {processor.py:208} INFO - Processing /home/vboxuser/airflow_venv/lib/python3.12/site-packages/airflow/example_dags/example_xcom.py took 0.150 seconds
[2024-10-12T08:02:32.708+0000] {processor.py:186} INFO - Started process (PID=13867) to work on /home/vboxuser/airflow_venv/lib/python3.12/site-packages/airflow/example_dags/example_xcom.py
[2024-10-12T08:02:32.711+0000] {processor.py:914} INFO - Processing file /home/vboxuser/airflow_venv/lib/python3.12/site-packages/airflow/example_dags/example_xcom.py for tasks to queue
[2024-10-12T08:02:32.717+0000] {logging_mixin.py:190} INFO - [2024-10-12T08:02:32.716+0000] {dagbag.py:588} INFO - Filling up the DagBag from /home/vboxuser/airflow_venv/lib/python3.12/site-packages/airflow/example_dags/example_xcom.py
[2024-10-12T08:02:32.734+0000] {processor.py:925} INFO - DAG(s) 'example_xcom' retrieved from /home/vboxuser/airflow_venv/lib/python3.12/site-packages/airflow/example_dags/example_xcom.py
[2024-10-12T08:02:32.760+0000] {logging_mixin.py:190} INFO - [2024-10-12T08:02:32.760+0000] {dag.py:3239} INFO - Sync 1 DAGs
[2024-10-12T08:02:32.787+0000] {logging_mixin.py:190} INFO - [2024-10-12T08:02:32.786+0000] {dag.py:4180} INFO - Setting next_dagrun for example_xcom to 2021-01-01 00:00:00+00:00, run_after=2021-01-01 00:00:00+00:00
[2024-10-12T08:02:32.840+0000] {processor.py:208} INFO - Processing /home/vboxuser/airflow_venv/lib/python3.12/site-packages/airflow/example_dags/example_xcom.py took 0.144 seconds
[2024-10-12T08:03:35.210+0000] {processor.py:186} INFO - Started process (PID=13925) to work on /home/vboxuser/airflow_venv/lib/python3.12/site-packages/airflow/example_dags/example_xcom.py
[2024-10-12T08:03:35.214+0000] {processor.py:914} INFO - Processing file /home/vboxuser/airflow_venv/lib/python3.12/site-packages/airflow/example_dags/example_xcom.py for tasks to queue
[2024-10-12T08:03:35.218+0000] {logging_mixin.py:190} INFO - [2024-10-12T08:03:35.217+0000] {dagbag.py:588} INFO - Filling up the DagBag from /home/vboxuser/airflow_venv/lib/python3.12/site-packages/airflow/example_dags/example_xcom.py
[2024-10-12T08:03:35.236+0000] {processor.py:925} INFO - DAG(s) 'example_xcom' retrieved from /home/vboxuser/airflow_venv/lib/python3.12/site-packages/airflow/example_dags/example_xcom.py
[2024-10-12T08:03:35.263+0000] {logging_mixin.py:190} INFO - [2024-10-12T08:03:35.263+0000] {dag.py:3239} INFO - Sync 1 DAGs
[2024-10-12T08:03:35.288+0000] {logging_mixin.py:190} INFO - [2024-10-12T08:03:35.288+0000] {dag.py:4180} INFO - Setting next_dagrun for example_xcom to 2021-01-01 00:00:00+00:00, run_after=2021-01-01 00:00:00+00:00
[2024-10-12T08:03:35.329+0000] {processor.py:208} INFO - Processing /home/vboxuser/airflow_venv/lib/python3.12/site-packages/airflow/example_dags/example_xcom.py took 0.129 seconds
[2024-10-12T08:04:44.403+0000] {processor.py:186} INFO - Started process (PID=13999) to work on /home/vboxuser/airflow_venv/lib/python3.12/site-packages/airflow/example_dags/example_xcom.py
[2024-10-12T08:04:44.409+0000] {processor.py:914} INFO - Processing file /home/vboxuser/airflow_venv/lib/python3.12/site-packages/airflow/example_dags/example_xcom.py for tasks to queue
[2024-10-12T08:04:44.415+0000] {logging_mixin.py:190} INFO - [2024-10-12T08:04:44.414+0000] {dagbag.py:588} INFO - Filling up the DagBag from /home/vboxuser/airflow_venv/lib/python3.12/site-packages/airflow/example_dags/example_xcom.py
[2024-10-12T08:04:44.433+0000] {processor.py:925} INFO - DAG(s) 'example_xcom' retrieved from /home/vboxuser/airflow_venv/lib/python3.12/site-packages/airflow/example_dags/example_xcom.py
[2024-10-12T08:04:44.459+0000] {logging_mixin.py:190} INFO - [2024-10-12T08:04:44.459+0000] {dag.py:3239} INFO - Sync 1 DAGs
[2024-10-12T08:04:44.484+0000] {logging_mixin.py:190} INFO - [2024-10-12T08:04:44.484+0000] {dag.py:4180} INFO - Setting next_dagrun for example_xcom to 2021-01-01 00:00:00+00:00, run_after=2021-01-01 00:00:00+00:00
[2024-10-12T08:04:44.521+0000] {processor.py:208} INFO - Processing /home/vboxuser/airflow_venv/lib/python3.12/site-packages/airflow/example_dags/example_xcom.py took 0.129 seconds
[2024-10-12T08:05:53.564+0000] {processor.py:186} INFO - Started process (PID=14069) to work on /home/vboxuser/airflow_venv/lib/python3.12/site-packages/airflow/example_dags/example_xcom.py
[2024-10-12T08:05:53.570+0000] {processor.py:914} INFO - Processing file /home/vboxuser/airflow_venv/lib/python3.12/site-packages/airflow/example_dags/example_xcom.py for tasks to queue
[2024-10-12T08:05:53.576+0000] {logging_mixin.py:190} INFO - [2024-10-12T08:05:53.575+0000] {dagbag.py:588} INFO - Filling up the DagBag from /home/vboxuser/airflow_venv/lib/python3.12/site-packages/airflow/example_dags/example_xcom.py
[2024-10-12T08:05:53.605+0000] {processor.py:925} INFO - DAG(s) 'example_xcom' retrieved from /home/vboxuser/airflow_venv/lib/python3.12/site-packages/airflow/example_dags/example_xcom.py
[2024-10-12T08:05:53.646+0000] {logging_mixin.py:190} INFO - [2024-10-12T08:05:53.646+0000] {dag.py:3239} INFO - Sync 1 DAGs
[2024-10-12T08:05:53.688+0000] {logging_mixin.py:190} INFO - [2024-10-12T08:05:53.688+0000] {dag.py:4180} INFO - Setting next_dagrun for example_xcom to 2021-01-01 00:00:00+00:00, run_after=2021-01-01 00:00:00+00:00
[2024-10-12T08:05:53.748+0000] {processor.py:208} INFO - Processing /home/vboxuser/airflow_venv/lib/python3.12/site-packages/airflow/example_dags/example_xcom.py took 0.205 seconds
[2024-10-12T08:07:08.856+0000] {processor.py:186} INFO - Started process (PID=14134) to work on /home/vboxuser/airflow_venv/lib/python3.12/site-packages/airflow/example_dags/example_xcom.py
[2024-10-12T08:07:08.862+0000] {processor.py:914} INFO - Processing file /home/vboxuser/airflow_venv/lib/python3.12/site-packages/airflow/example_dags/example_xcom.py for tasks to queue
[2024-10-12T08:07:08.869+0000] {logging_mixin.py:190} INFO - [2024-10-12T08:07:08.868+0000] {dagbag.py:588} INFO - Filling up the DagBag from /home/vboxuser/airflow_venv/lib/python3.12/site-packages/airflow/example_dags/example_xcom.py
[2024-10-12T08:07:08.924+0000] {processor.py:925} INFO - DAG(s) 'example_xcom' retrieved from /home/vboxuser/airflow_venv/lib/python3.12/site-packages/airflow/example_dags/example_xcom.py
[2024-10-12T08:07:08.994+0000] {logging_mixin.py:190} INFO - [2024-10-12T08:07:08.994+0000] {dag.py:3239} INFO - Sync 1 DAGs
[2024-10-12T08:07:09.069+0000] {logging_mixin.py:190} INFO - [2024-10-12T08:07:09.069+0000] {dag.py:4180} INFO - Setting next_dagrun for example_xcom to 2021-01-01 00:00:00+00:00, run_after=2021-01-01 00:00:00+00:00
[2024-10-12T08:07:09.164+0000] {processor.py:208} INFO - Processing /home/vboxuser/airflow_venv/lib/python3.12/site-packages/airflow/example_dags/example_xcom.py took 0.322 seconds
[2024-10-12T08:08:22.412+0000] {processor.py:186} INFO - Started process (PID=14202) to work on /home/vboxuser/airflow_venv/lib/python3.12/site-packages/airflow/example_dags/example_xcom.py
[2024-10-12T08:08:22.420+0000] {processor.py:914} INFO - Processing file /home/vboxuser/airflow_venv/lib/python3.12/site-packages/airflow/example_dags/example_xcom.py for tasks to queue
[2024-10-12T08:08:22.427+0000] {logging_mixin.py:190} INFO - [2024-10-12T08:08:22.426+0000] {dagbag.py:588} INFO - Filling up the DagBag from /home/vboxuser/airflow_venv/lib/python3.12/site-packages/airflow/example_dags/example_xcom.py
[2024-10-12T08:08:22.455+0000] {processor.py:925} INFO - DAG(s) 'example_xcom' retrieved from /home/vboxuser/airflow_venv/lib/python3.12/site-packages/airflow/example_dags/example_xcom.py
[2024-10-12T08:08:22.493+0000] {logging_mixin.py:190} INFO - [2024-10-12T08:08:22.492+0000] {dag.py:3239} INFO - Sync 1 DAGs
[2024-10-12T08:08:22.538+0000] {logging_mixin.py:190} INFO - [2024-10-12T08:08:22.537+0000] {dag.py:4180} INFO - Setting next_dagrun for example_xcom to 2021-01-01 00:00:00+00:00, run_after=2021-01-01 00:00:00+00:00
[2024-10-12T08:08:22.603+0000] {processor.py:208} INFO - Processing /home/vboxuser/airflow_venv/lib/python3.12/site-packages/airflow/example_dags/example_xcom.py took 0.205 seconds
[2024-10-12T08:09:40.402+0000] {processor.py:186} INFO - Started process (PID=14266) to work on /home/vboxuser/airflow_venv/lib/python3.12/site-packages/airflow/example_dags/example_xcom.py
[2024-10-12T08:09:40.409+0000] {processor.py:914} INFO - Processing file /home/vboxuser/airflow_venv/lib/python3.12/site-packages/airflow/example_dags/example_xcom.py for tasks to queue
[2024-10-12T08:09:40.414+0000] {logging_mixin.py:190} INFO - [2024-10-12T08:09:40.413+0000] {dagbag.py:588} INFO - Filling up the DagBag from /home/vboxuser/airflow_venv/lib/python3.12/site-packages/airflow/example_dags/example_xcom.py
[2024-10-12T08:09:40.438+0000] {processor.py:925} INFO - DAG(s) 'example_xcom' retrieved from /home/vboxuser/airflow_venv/lib/python3.12/site-packages/airflow/example_dags/example_xcom.py
[2024-10-12T08:09:40.467+0000] {logging_mixin.py:190} INFO - [2024-10-12T08:09:40.466+0000] {dag.py:3239} INFO - Sync 1 DAGs
[2024-10-12T08:09:40.509+0000] {logging_mixin.py:190} INFO - [2024-10-12T08:09:40.508+0000] {dag.py:4180} INFO - Setting next_dagrun for example_xcom to 2021-01-01 00:00:00+00:00, run_after=2021-01-01 00:00:00+00:00
[2024-10-12T08:09:40.567+0000] {processor.py:208} INFO - Processing /home/vboxuser/airflow_venv/lib/python3.12/site-packages/airflow/example_dags/example_xcom.py took 0.177 seconds
[2024-10-12T08:10:55.965+0000] {processor.py:186} INFO - Started process (PID=14334) to work on /home/vboxuser/airflow_venv/lib/python3.12/site-packages/airflow/example_dags/example_xcom.py
[2024-10-12T08:10:55.973+0000] {processor.py:914} INFO - Processing file /home/vboxuser/airflow_venv/lib/python3.12/site-packages/airflow/example_dags/example_xcom.py for tasks to queue
[2024-10-12T08:10:55.978+0000] {logging_mixin.py:190} INFO - [2024-10-12T08:10:55.978+0000] {dagbag.py:588} INFO - Filling up the DagBag from /home/vboxuser/airflow_venv/lib/python3.12/site-packages/airflow/example_dags/example_xcom.py
[2024-10-12T08:10:55.999+0000] {processor.py:925} INFO - DAG(s) 'example_xcom' retrieved from /home/vboxuser/airflow_venv/lib/python3.12/site-packages/airflow/example_dags/example_xcom.py
[2024-10-12T08:10:56.022+0000] {logging_mixin.py:190} INFO - [2024-10-12T08:10:56.022+0000] {dag.py:3239} INFO - Sync 1 DAGs
[2024-10-12T08:10:56.047+0000] {logging_mixin.py:190} INFO - [2024-10-12T08:10:56.046+0000] {dag.py:4180} INFO - Setting next_dagrun for example_xcom to 2021-01-01 00:00:00+00:00, run_after=2021-01-01 00:00:00+00:00
[2024-10-12T08:10:56.086+0000] {processor.py:208} INFO - Processing /home/vboxuser/airflow_venv/lib/python3.12/site-packages/airflow/example_dags/example_xcom.py took 0.141 seconds
[2024-10-12T08:12:01.901+0000] {processor.py:186} INFO - Started process (PID=14394) to work on /home/vboxuser/airflow_venv/lib/python3.12/site-packages/airflow/example_dags/example_xcom.py
[2024-10-12T08:12:01.907+0000] {processor.py:914} INFO - Processing file /home/vboxuser/airflow_venv/lib/python3.12/site-packages/airflow/example_dags/example_xcom.py for tasks to queue
[2024-10-12T08:12:01.911+0000] {logging_mixin.py:190} INFO - [2024-10-12T08:12:01.910+0000] {dagbag.py:588} INFO - Filling up the DagBag from /home/vboxuser/airflow_venv/lib/python3.12/site-packages/airflow/example_dags/example_xcom.py
[2024-10-12T08:12:01.928+0000] {processor.py:925} INFO - DAG(s) 'example_xcom' retrieved from /home/vboxuser/airflow_venv/lib/python3.12/site-packages/airflow/example_dags/example_xcom.py
[2024-10-12T08:12:01.951+0000] {logging_mixin.py:190} INFO - [2024-10-12T08:12:01.951+0000] {dag.py:3239} INFO - Sync 1 DAGs
[2024-10-12T08:12:01.979+0000] {logging_mixin.py:190} INFO - [2024-10-12T08:12:01.979+0000] {dag.py:4180} INFO - Setting next_dagrun for example_xcom to 2021-01-01 00:00:00+00:00, run_after=2021-01-01 00:00:00+00:00
[2024-10-12T08:12:02.028+0000] {processor.py:208} INFO - Processing /home/vboxuser/airflow_venv/lib/python3.12/site-packages/airflow/example_dags/example_xcom.py took 0.139 seconds
[2024-10-12T08:13:11.255+0000] {processor.py:186} INFO - Started process (PID=14456) to work on /home/vboxuser/airflow_venv/lib/python3.12/site-packages/airflow/example_dags/example_xcom.py
[2024-10-12T08:13:11.265+0000] {processor.py:914} INFO - Processing file /home/vboxuser/airflow_venv/lib/python3.12/site-packages/airflow/example_dags/example_xcom.py for tasks to queue
[2024-10-12T08:13:11.271+0000] {logging_mixin.py:190} INFO - [2024-10-12T08:13:11.270+0000] {dagbag.py:588} INFO - Filling up the DagBag from /home/vboxuser/airflow_venv/lib/python3.12/site-packages/airflow/example_dags/example_xcom.py
[2024-10-12T08:13:11.291+0000] {processor.py:925} INFO - DAG(s) 'example_xcom' retrieved from /home/vboxuser/airflow_venv/lib/python3.12/site-packages/airflow/example_dags/example_xcom.py
[2024-10-12T08:13:11.316+0000] {logging_mixin.py:190} INFO - [2024-10-12T08:13:11.316+0000] {dag.py:3239} INFO - Sync 1 DAGs
[2024-10-12T08:13:11.362+0000] {logging_mixin.py:190} INFO - [2024-10-12T08:13:11.362+0000] {dag.py:4180} INFO - Setting next_dagrun for example_xcom to 2021-01-01 00:00:00+00:00, run_after=2021-01-01 00:00:00+00:00
[2024-10-12T08:13:11.426+0000] {processor.py:208} INFO - Processing /home/vboxuser/airflow_venv/lib/python3.12/site-packages/airflow/example_dags/example_xcom.py took 0.187 seconds
[2024-10-12T08:14:25.604+0000] {processor.py:186} INFO - Started process (PID=14518) to work on /home/vboxuser/airflow_venv/lib/python3.12/site-packages/airflow/example_dags/example_xcom.py
[2024-10-12T08:14:25.611+0000] {processor.py:914} INFO - Processing file /home/vboxuser/airflow_venv/lib/python3.12/site-packages/airflow/example_dags/example_xcom.py for tasks to queue
[2024-10-12T08:14:25.617+0000] {logging_mixin.py:190} INFO - [2024-10-12T08:14:25.615+0000] {dagbag.py:588} INFO - Filling up the DagBag from /home/vboxuser/airflow_venv/lib/python3.12/site-packages/airflow/example_dags/example_xcom.py
[2024-10-12T08:14:25.634+0000] {processor.py:925} INFO - DAG(s) 'example_xcom' retrieved from /home/vboxuser/airflow_venv/lib/python3.12/site-packages/airflow/example_dags/example_xcom.py
[2024-10-12T08:14:25.674+0000] {logging_mixin.py:190} INFO - [2024-10-12T08:14:25.674+0000] {dag.py:3239} INFO - Sync 1 DAGs
[2024-10-12T08:14:25.709+0000] {logging_mixin.py:190} INFO - [2024-10-12T08:14:25.709+0000] {dag.py:4180} INFO - Setting next_dagrun for example_xcom to 2021-01-01 00:00:00+00:00, run_after=2021-01-01 00:00:00+00:00
[2024-10-12T08:14:25.766+0000] {processor.py:208} INFO - Processing /home/vboxuser/airflow_venv/lib/python3.12/site-packages/airflow/example_dags/example_xcom.py took 0.177 seconds
[2024-10-12T08:15:41.371+0000] {processor.py:186} INFO - Started process (PID=14584) to work on /home/vboxuser/airflow_venv/lib/python3.12/site-packages/airflow/example_dags/example_xcom.py
[2024-10-12T08:15:41.379+0000] {processor.py:914} INFO - Processing file /home/vboxuser/airflow_venv/lib/python3.12/site-packages/airflow/example_dags/example_xcom.py for tasks to queue
[2024-10-12T08:15:41.384+0000] {logging_mixin.py:190} INFO - [2024-10-12T08:15:41.384+0000] {dagbag.py:588} INFO - Filling up the DagBag from /home/vboxuser/airflow_venv/lib/python3.12/site-packages/airflow/example_dags/example_xcom.py
[2024-10-12T08:15:41.408+0000] {processor.py:925} INFO - DAG(s) 'example_xcom' retrieved from /home/vboxuser/airflow_venv/lib/python3.12/site-packages/airflow/example_dags/example_xcom.py
[2024-10-12T08:15:41.447+0000] {logging_mixin.py:190} INFO - [2024-10-12T08:15:41.446+0000] {dag.py:3239} INFO - Sync 1 DAGs
[2024-10-12T08:15:41.487+0000] {logging_mixin.py:190} INFO - [2024-10-12T08:15:41.486+0000] {dag.py:4180} INFO - Setting next_dagrun for example_xcom to 2021-01-01 00:00:00+00:00, run_after=2021-01-01 00:00:00+00:00
[2024-10-12T08:15:41.548+0000] {processor.py:208} INFO - Processing /home/vboxuser/airflow_venv/lib/python3.12/site-packages/airflow/example_dags/example_xcom.py took 0.190 seconds
[2024-10-12T08:16:53.854+0000] {processor.py:186} INFO - Started process (PID=14647) to work on /home/vboxuser/airflow_venv/lib/python3.12/site-packages/airflow/example_dags/example_xcom.py
[2024-10-12T08:16:53.861+0000] {processor.py:914} INFO - Processing file /home/vboxuser/airflow_venv/lib/python3.12/site-packages/airflow/example_dags/example_xcom.py for tasks to queue
[2024-10-12T08:16:53.866+0000] {logging_mixin.py:190} INFO - [2024-10-12T08:16:53.866+0000] {dagbag.py:588} INFO - Filling up the DagBag from /home/vboxuser/airflow_venv/lib/python3.12/site-packages/airflow/example_dags/example_xcom.py
[2024-10-12T08:16:53.888+0000] {processor.py:925} INFO - DAG(s) 'example_xcom' retrieved from /home/vboxuser/airflow_venv/lib/python3.12/site-packages/airflow/example_dags/example_xcom.py
[2024-10-12T08:16:53.924+0000] {logging_mixin.py:190} INFO - [2024-10-12T08:16:53.923+0000] {dag.py:3239} INFO - Sync 1 DAGs
[2024-10-12T08:16:53.967+0000] {logging_mixin.py:190} INFO - [2024-10-12T08:16:53.966+0000] {dag.py:4180} INFO - Setting next_dagrun for example_xcom to 2021-01-01 00:00:00+00:00, run_after=2021-01-01 00:00:00+00:00
[2024-10-12T08:16:54.031+0000] {processor.py:208} INFO - Processing /home/vboxuser/airflow_venv/lib/python3.12/site-packages/airflow/example_dags/example_xcom.py took 0.192 seconds
