[2024-10-12T07:08:55.345+0000] {processor.py:186} INFO - Started process (PID=11310) to work on /home/vboxuser/airflow_venv/lib/python3.12/site-packages/airflow/example_dags/example_xcomargs.py
[2024-10-12T07:08:55.346+0000] {processor.py:914} INFO - Processing file /home/vboxuser/airflow_venv/lib/python3.12/site-packages/airflow/example_dags/example_xcomargs.py for tasks to queue
[2024-10-12T07:08:55.352+0000] {logging_mixin.py:190} INFO - [2024-10-12T07:08:55.351+0000] {dagbag.py:588} INFO - Filling up the DagBag from /home/vboxuser/airflow_venv/lib/python3.12/site-packages/airflow/example_dags/example_xcomargs.py
[2024-10-12T07:08:55.368+0000] {processor.py:925} INFO - DAG(s) 'example_xcom_args', 'example_xcom_args_with_operators' retrieved from /home/vboxuser/airflow_venv/lib/python3.12/site-packages/airflow/example_dags/example_xcomargs.py
[2024-10-12T07:08:55.553+0000] {logging_mixin.py:190} INFO - [2024-10-12T07:08:55.552+0000] {override.py:1901} INFO - Created Permission View: can delete on DAG:example_xcom_args
[2024-10-12T07:08:55.579+0000] {logging_mixin.py:190} INFO - [2024-10-12T07:08:55.578+0000] {override.py:1901} INFO - Created Permission View: can read on DAG:example_xcom_args
[2024-10-12T07:08:55.599+0000] {logging_mixin.py:190} INFO - [2024-10-12T07:08:55.599+0000] {override.py:1901} INFO - Created Permission View: can edit on DAG:example_xcom_args
[2024-10-12T07:08:55.636+0000] {logging_mixin.py:190} INFO - [2024-10-12T07:08:55.635+0000] {override.py:1901} INFO - Created Permission View: can delete on DAG Run:example_xcom_args
[2024-10-12T07:08:55.657+0000] {logging_mixin.py:190} INFO - [2024-10-12T07:08:55.657+0000] {override.py:1901} INFO - Created Permission View: can read on DAG Run:example_xcom_args
[2024-10-12T07:08:55.679+0000] {logging_mixin.py:190} INFO - [2024-10-12T07:08:55.678+0000] {override.py:1901} INFO - Created Permission View: menu access on DAG Run:example_xcom_args
[2024-10-12T07:08:55.698+0000] {logging_mixin.py:190} INFO - [2024-10-12T07:08:55.698+0000] {override.py:1901} INFO - Created Permission View: can create on DAG Run:example_xcom_args
[2024-10-12T07:08:55.743+0000] {logging_mixin.py:190} INFO - [2024-10-12T07:08:55.742+0000] {override.py:1901} INFO - Created Permission View: can delete on DAG:example_xcom_args_with_operators
[2024-10-12T07:08:55.765+0000] {logging_mixin.py:190} INFO - [2024-10-12T07:08:55.765+0000] {override.py:1901} INFO - Created Permission View: can read on DAG:example_xcom_args_with_operators
[2024-10-12T07:08:55.787+0000] {logging_mixin.py:190} INFO - [2024-10-12T07:08:55.786+0000] {override.py:1901} INFO - Created Permission View: can edit on DAG:example_xcom_args_with_operators
[2024-10-12T07:08:55.829+0000] {logging_mixin.py:190} INFO - [2024-10-12T07:08:55.828+0000] {override.py:1901} INFO - Created Permission View: can delete on DAG Run:example_xcom_args_with_operators
[2024-10-12T07:08:55.854+0000] {logging_mixin.py:190} INFO - [2024-10-12T07:08:55.853+0000] {override.py:1901} INFO - Created Permission View: can read on DAG Run:example_xcom_args_with_operators
[2024-10-12T07:08:55.877+0000] {logging_mixin.py:190} INFO - [2024-10-12T07:08:55.876+0000] {override.py:1901} INFO - Created Permission View: menu access on DAG Run:example_xcom_args_with_operators
[2024-10-12T07:08:55.896+0000] {logging_mixin.py:190} INFO - [2024-10-12T07:08:55.896+0000] {override.py:1901} INFO - Created Permission View: can create on DAG Run:example_xcom_args_with_operators
[2024-10-12T07:08:55.897+0000] {logging_mixin.py:190} INFO - [2024-10-12T07:08:55.897+0000] {dag.py:3239} INFO - Sync 2 DAGs
[2024-10-12T07:08:55.912+0000] {logging_mixin.py:190} INFO - [2024-10-12T07:08:55.912+0000] {dag.py:3262} INFO - Creating ORM DAG for example_xcom_args
[2024-10-12T07:08:55.913+0000] {logging_mixin.py:190} INFO - [2024-10-12T07:08:55.912+0000] {dag.py:3262} INFO - Creating ORM DAG for example_xcom_args_with_operators
[2024-10-12T07:08:55.913+0000] {logging_mixin.py:190} INFO - [2024-10-12T07:08:55.913+0000] {dag.py:4180} INFO - Setting next_dagrun for example_xcom_args to None, run_after=None
[2024-10-12T07:08:55.914+0000] {logging_mixin.py:190} INFO - [2024-10-12T07:08:55.914+0000] {dag.py:4180} INFO - Setting next_dagrun for example_xcom_args_with_operators to None, run_after=None
[2024-10-12T07:08:55.952+0000] {processor.py:208} INFO - Processing /home/vboxuser/airflow_venv/lib/python3.12/site-packages/airflow/example_dags/example_xcomargs.py took 0.615 seconds
[2024-10-12T07:10:04.308+0000] {processor.py:186} INFO - Started process (PID=11370) to work on /home/vboxuser/airflow_venv/lib/python3.12/site-packages/airflow/example_dags/example_xcomargs.py
[2024-10-12T07:10:04.316+0000] {processor.py:914} INFO - Processing file /home/vboxuser/airflow_venv/lib/python3.12/site-packages/airflow/example_dags/example_xcomargs.py for tasks to queue
[2024-10-12T07:10:04.321+0000] {logging_mixin.py:190} INFO - [2024-10-12T07:10:04.320+0000] {dagbag.py:588} INFO - Filling up the DagBag from /home/vboxuser/airflow_venv/lib/python3.12/site-packages/airflow/example_dags/example_xcomargs.py
[2024-10-12T07:10:04.336+0000] {processor.py:925} INFO - DAG(s) 'example_xcom_args', 'example_xcom_args_with_operators' retrieved from /home/vboxuser/airflow_venv/lib/python3.12/site-packages/airflow/example_dags/example_xcomargs.py
[2024-10-12T07:10:04.359+0000] {logging_mixin.py:190} INFO - [2024-10-12T07:10:04.358+0000] {dag.py:3239} INFO - Sync 2 DAGs
[2024-10-12T07:10:04.378+0000] {logging_mixin.py:190} INFO - [2024-10-12T07:10:04.378+0000] {dag.py:4180} INFO - Setting next_dagrun for example_xcom_args to None, run_after=None
[2024-10-12T07:10:04.387+0000] {logging_mixin.py:190} INFO - [2024-10-12T07:10:04.387+0000] {dag.py:4180} INFO - Setting next_dagrun for example_xcom_args_with_operators to None, run_after=None
[2024-10-12T07:10:04.449+0000] {processor.py:208} INFO - Processing /home/vboxuser/airflow_venv/lib/python3.12/site-packages/airflow/example_dags/example_xcomargs.py took 0.150 seconds
[2024-10-12T07:11:05.773+0000] {processor.py:186} INFO - Started process (PID=11430) to work on /home/vboxuser/airflow_venv/lib/python3.12/site-packages/airflow/example_dags/example_xcomargs.py
[2024-10-12T07:11:05.775+0000] {processor.py:914} INFO - Processing file /home/vboxuser/airflow_venv/lib/python3.12/site-packages/airflow/example_dags/example_xcomargs.py for tasks to queue
[2024-10-12T07:11:05.780+0000] {logging_mixin.py:190} INFO - [2024-10-12T07:11:05.779+0000] {dagbag.py:588} INFO - Filling up the DagBag from /home/vboxuser/airflow_venv/lib/python3.12/site-packages/airflow/example_dags/example_xcomargs.py
[2024-10-12T07:11:05.798+0000] {processor.py:925} INFO - DAG(s) 'example_xcom_args_with_operators', 'example_xcom_args' retrieved from /home/vboxuser/airflow_venv/lib/python3.12/site-packages/airflow/example_dags/example_xcomargs.py
[2024-10-12T07:11:05.818+0000] {logging_mixin.py:190} INFO - [2024-10-12T07:11:05.818+0000] {dag.py:3239} INFO - Sync 2 DAGs
[2024-10-12T07:11:05.832+0000] {logging_mixin.py:190} INFO - [2024-10-12T07:11:05.832+0000] {dag.py:4180} INFO - Setting next_dagrun for example_xcom_args to None, run_after=None
[2024-10-12T07:11:05.835+0000] {logging_mixin.py:190} INFO - [2024-10-12T07:11:05.835+0000] {dag.py:4180} INFO - Setting next_dagrun for example_xcom_args_with_operators to None, run_after=None
[2024-10-12T07:11:05.869+0000] {processor.py:208} INFO - Processing /home/vboxuser/airflow_venv/lib/python3.12/site-packages/airflow/example_dags/example_xcomargs.py took 0.104 seconds
[2024-10-12T07:12:14.057+0000] {processor.py:186} INFO - Started process (PID=11491) to work on /home/vboxuser/airflow_venv/lib/python3.12/site-packages/airflow/example_dags/example_xcomargs.py
[2024-10-12T07:12:14.062+0000] {processor.py:914} INFO - Processing file /home/vboxuser/airflow_venv/lib/python3.12/site-packages/airflow/example_dags/example_xcomargs.py for tasks to queue
[2024-10-12T07:12:14.066+0000] {logging_mixin.py:190} INFO - [2024-10-12T07:12:14.065+0000] {dagbag.py:588} INFO - Filling up the DagBag from /home/vboxuser/airflow_venv/lib/python3.12/site-packages/airflow/example_dags/example_xcomargs.py
[2024-10-12T07:12:14.081+0000] {processor.py:925} INFO - DAG(s) 'example_xcom_args_with_operators', 'example_xcom_args' retrieved from /home/vboxuser/airflow_venv/lib/python3.12/site-packages/airflow/example_dags/example_xcomargs.py
[2024-10-12T07:12:14.103+0000] {logging_mixin.py:190} INFO - [2024-10-12T07:12:14.102+0000] {dag.py:3239} INFO - Sync 2 DAGs
[2024-10-12T07:12:14.117+0000] {logging_mixin.py:190} INFO - [2024-10-12T07:12:14.117+0000] {dag.py:4180} INFO - Setting next_dagrun for example_xcom_args to None, run_after=None
[2024-10-12T07:12:14.122+0000] {logging_mixin.py:190} INFO - [2024-10-12T07:12:14.122+0000] {dag.py:4180} INFO - Setting next_dagrun for example_xcom_args_with_operators to None, run_after=None
[2024-10-12T07:12:14.154+0000] {processor.py:208} INFO - Processing /home/vboxuser/airflow_venv/lib/python3.12/site-packages/airflow/example_dags/example_xcomargs.py took 0.106 seconds
[2024-10-12T07:13:15.539+0000] {processor.py:186} INFO - Started process (PID=11549) to work on /home/vboxuser/airflow_venv/lib/python3.12/site-packages/airflow/example_dags/example_xcomargs.py
[2024-10-12T07:13:15.542+0000] {processor.py:914} INFO - Processing file /home/vboxuser/airflow_venv/lib/python3.12/site-packages/airflow/example_dags/example_xcomargs.py for tasks to queue
[2024-10-12T07:13:15.545+0000] {logging_mixin.py:190} INFO - [2024-10-12T07:13:15.545+0000] {dagbag.py:588} INFO - Filling up the DagBag from /home/vboxuser/airflow_venv/lib/python3.12/site-packages/airflow/example_dags/example_xcomargs.py
[2024-10-12T07:13:15.561+0000] {processor.py:925} INFO - DAG(s) 'example_xcom_args', 'example_xcom_args_with_operators' retrieved from /home/vboxuser/airflow_venv/lib/python3.12/site-packages/airflow/example_dags/example_xcomargs.py
[2024-10-12T07:13:15.581+0000] {logging_mixin.py:190} INFO - [2024-10-12T07:13:15.581+0000] {dag.py:3239} INFO - Sync 2 DAGs
[2024-10-12T07:13:15.595+0000] {logging_mixin.py:190} INFO - [2024-10-12T07:13:15.595+0000] {dag.py:4180} INFO - Setting next_dagrun for example_xcom_args to None, run_after=None
[2024-10-12T07:13:15.598+0000] {logging_mixin.py:190} INFO - [2024-10-12T07:13:15.598+0000] {dag.py:4180} INFO - Setting next_dagrun for example_xcom_args_with_operators to None, run_after=None
[2024-10-12T07:13:15.630+0000] {processor.py:208} INFO - Processing /home/vboxuser/airflow_venv/lib/python3.12/site-packages/airflow/example_dags/example_xcomargs.py took 0.097 seconds
[2024-10-12T07:14:20.919+0000] {processor.py:186} INFO - Started process (PID=11690) to work on /home/vboxuser/airflow_venv/lib/python3.12/site-packages/airflow/example_dags/example_xcomargs.py
[2024-10-12T07:14:20.923+0000] {processor.py:914} INFO - Processing file /home/vboxuser/airflow_venv/lib/python3.12/site-packages/airflow/example_dags/example_xcomargs.py for tasks to queue
[2024-10-12T07:14:20.929+0000] {logging_mixin.py:190} INFO - [2024-10-12T07:14:20.928+0000] {dagbag.py:588} INFO - Filling up the DagBag from /home/vboxuser/airflow_venv/lib/python3.12/site-packages/airflow/example_dags/example_xcomargs.py
[2024-10-12T07:14:20.950+0000] {processor.py:925} INFO - DAG(s) 'example_xcom_args', 'example_xcom_args_with_operators' retrieved from /home/vboxuser/airflow_venv/lib/python3.12/site-packages/airflow/example_dags/example_xcomargs.py
[2024-10-12T07:14:20.982+0000] {logging_mixin.py:190} INFO - [2024-10-12T07:14:20.982+0000] {dag.py:3239} INFO - Sync 2 DAGs
[2024-10-12T07:14:21.999+0000] {logging_mixin.py:190} INFO - [2024-10-12T07:14:20.999+0000] {dag.py:4180} INFO - Setting next_dagrun for example_xcom_args to None, run_after=None
[2024-10-12T07:14:21.003+0000] {logging_mixin.py:190} INFO - [2024-10-12T07:14:21.003+0000] {dag.py:4180} INFO - Setting next_dagrun for example_xcom_args_with_operators to None, run_after=None
[2024-10-12T07:14:21.045+0000] {processor.py:208} INFO - Processing /home/vboxuser/airflow_venv/lib/python3.12/site-packages/airflow/example_dags/example_xcomargs.py took 0.140 seconds
[2024-10-12T07:15:36.801+0000] {processor.py:186} INFO - Started process (PID=11766) to work on /home/vboxuser/airflow_venv/lib/python3.12/site-packages/airflow/example_dags/example_xcomargs.py
[2024-10-12T07:15:36.803+0000] {processor.py:914} INFO - Processing file /home/vboxuser/airflow_venv/lib/python3.12/site-packages/airflow/example_dags/example_xcomargs.py for tasks to queue
[2024-10-12T07:15:36.807+0000] {logging_mixin.py:190} INFO - [2024-10-12T07:15:36.806+0000] {dagbag.py:588} INFO - Filling up the DagBag from /home/vboxuser/airflow_venv/lib/python3.12/site-packages/airflow/example_dags/example_xcomargs.py
[2024-10-12T07:15:36.818+0000] {processor.py:925} INFO - DAG(s) 'example_xcom_args', 'example_xcom_args_with_operators' retrieved from /home/vboxuser/airflow_venv/lib/python3.12/site-packages/airflow/example_dags/example_xcomargs.py
[2024-10-12T07:15:36.841+0000] {logging_mixin.py:190} INFO - [2024-10-12T07:15:36.841+0000] {dag.py:3239} INFO - Sync 2 DAGs
[2024-10-12T07:15:36.859+0000] {logging_mixin.py:190} INFO - [2024-10-12T07:15:36.858+0000] {dag.py:4180} INFO - Setting next_dagrun for example_xcom_args to None, run_after=None
[2024-10-12T07:15:36.862+0000] {logging_mixin.py:190} INFO - [2024-10-12T07:15:36.862+0000] {dag.py:4180} INFO - Setting next_dagrun for example_xcom_args_with_operators to None, run_after=None
[2024-10-12T07:15:36.896+0000] {processor.py:208} INFO - Processing /home/vboxuser/airflow_venv/lib/python3.12/site-packages/airflow/example_dags/example_xcomargs.py took 0.104 seconds
[2024-10-12T07:16:39.658+0000] {processor.py:186} INFO - Started process (PID=11824) to work on /home/vboxuser/airflow_venv/lib/python3.12/site-packages/airflow/example_dags/example_xcomargs.py
[2024-10-12T07:16:39.665+0000] {processor.py:914} INFO - Processing file /home/vboxuser/airflow_venv/lib/python3.12/site-packages/airflow/example_dags/example_xcomargs.py for tasks to queue
[2024-10-12T07:16:39.670+0000] {logging_mixin.py:190} INFO - [2024-10-12T07:16:39.669+0000] {dagbag.py:588} INFO - Filling up the DagBag from /home/vboxuser/airflow_venv/lib/python3.12/site-packages/airflow/example_dags/example_xcomargs.py
[2024-10-12T07:16:39.689+0000] {processor.py:925} INFO - DAG(s) 'example_xcom_args_with_operators', 'example_xcom_args' retrieved from /home/vboxuser/airflow_venv/lib/python3.12/site-packages/airflow/example_dags/example_xcomargs.py
[2024-10-12T07:16:39.712+0000] {logging_mixin.py:190} INFO - [2024-10-12T07:16:39.712+0000] {dag.py:3239} INFO - Sync 2 DAGs
[2024-10-12T07:16:39.727+0000] {logging_mixin.py:190} INFO - [2024-10-12T07:16:39.726+0000] {dag.py:4180} INFO - Setting next_dagrun for example_xcom_args to None, run_after=None
[2024-10-12T07:16:39.730+0000] {logging_mixin.py:190} INFO - [2024-10-12T07:16:39.730+0000] {dag.py:4180} INFO - Setting next_dagrun for example_xcom_args_with_operators to None, run_after=None
[2024-10-12T07:16:39.761+0000] {processor.py:208} INFO - Processing /home/vboxuser/airflow_venv/lib/python3.12/site-packages/airflow/example_dags/example_xcomargs.py took 0.113 seconds
[2024-10-12T07:17:45.319+0000] {processor.py:186} INFO - Started process (PID=11887) to work on /home/vboxuser/airflow_venv/lib/python3.12/site-packages/airflow/example_dags/example_xcomargs.py
[2024-10-12T07:17:45.321+0000] {processor.py:914} INFO - Processing file /home/vboxuser/airflow_venv/lib/python3.12/site-packages/airflow/example_dags/example_xcomargs.py for tasks to queue
[2024-10-12T07:17:45.325+0000] {logging_mixin.py:190} INFO - [2024-10-12T07:17:45.325+0000] {dagbag.py:588} INFO - Filling up the DagBag from /home/vboxuser/airflow_venv/lib/python3.12/site-packages/airflow/example_dags/example_xcomargs.py
[2024-10-12T07:17:45.339+0000] {processor.py:925} INFO - DAG(s) 'example_xcom_args', 'example_xcom_args_with_operators' retrieved from /home/vboxuser/airflow_venv/lib/python3.12/site-packages/airflow/example_dags/example_xcomargs.py
[2024-10-12T07:17:45.360+0000] {logging_mixin.py:190} INFO - [2024-10-12T07:17:45.360+0000] {dag.py:3239} INFO - Sync 2 DAGs
[2024-10-12T07:17:45.375+0000] {logging_mixin.py:190} INFO - [2024-10-12T07:17:45.374+0000] {dag.py:4180} INFO - Setting next_dagrun for example_xcom_args to None, run_after=None
[2024-10-12T07:17:45.378+0000] {logging_mixin.py:190} INFO - [2024-10-12T07:17:45.378+0000] {dag.py:4180} INFO - Setting next_dagrun for example_xcom_args_with_operators to None, run_after=None
[2024-10-12T07:17:45.409+0000] {processor.py:208} INFO - Processing /home/vboxuser/airflow_venv/lib/python3.12/site-packages/airflow/example_dags/example_xcomargs.py took 0.097 seconds
[2024-10-12T07:18:45.999+0000] {processor.py:186} INFO - Started process (PID=11944) to work on /home/vboxuser/airflow_venv/lib/python3.12/site-packages/airflow/example_dags/example_xcomargs.py
[2024-10-12T07:18:46.002+0000] {processor.py:914} INFO - Processing file /home/vboxuser/airflow_venv/lib/python3.12/site-packages/airflow/example_dags/example_xcomargs.py for tasks to queue
[2024-10-12T07:18:46.006+0000] {logging_mixin.py:190} INFO - [2024-10-12T07:18:46.005+0000] {dagbag.py:588} INFO - Filling up the DagBag from /home/vboxuser/airflow_venv/lib/python3.12/site-packages/airflow/example_dags/example_xcomargs.py
[2024-10-12T07:18:46.027+0000] {processor.py:925} INFO - DAG(s) 'example_xcom_args_with_operators', 'example_xcom_args' retrieved from /home/vboxuser/airflow_venv/lib/python3.12/site-packages/airflow/example_dags/example_xcomargs.py
[2024-10-12T07:18:46.048+0000] {logging_mixin.py:190} INFO - [2024-10-12T07:18:46.048+0000] {dag.py:3239} INFO - Sync 2 DAGs
[2024-10-12T07:18:46.063+0000] {logging_mixin.py:190} INFO - [2024-10-12T07:18:46.063+0000] {dag.py:4180} INFO - Setting next_dagrun for example_xcom_args to None, run_after=None
[2024-10-12T07:18:46.066+0000] {logging_mixin.py:190} INFO - [2024-10-12T07:18:46.066+0000] {dag.py:4180} INFO - Setting next_dagrun for example_xcom_args_with_operators to None, run_after=None
[2024-10-12T07:18:46.098+0000] {processor.py:208} INFO - Processing /home/vboxuser/airflow_venv/lib/python3.12/site-packages/airflow/example_dags/example_xcomargs.py took 0.111 seconds
[2024-10-12T07:19:48.295+0000] {processor.py:186} INFO - Started process (PID=12001) to work on /home/vboxuser/airflow_venv/lib/python3.12/site-packages/airflow/example_dags/example_xcomargs.py
[2024-10-12T07:19:48.297+0000] {processor.py:914} INFO - Processing file /home/vboxuser/airflow_venv/lib/python3.12/site-packages/airflow/example_dags/example_xcomargs.py for tasks to queue
[2024-10-12T07:19:48.300+0000] {logging_mixin.py:190} INFO - [2024-10-12T07:19:48.299+0000] {dagbag.py:588} INFO - Filling up the DagBag from /home/vboxuser/airflow_venv/lib/python3.12/site-packages/airflow/example_dags/example_xcomargs.py
[2024-10-12T07:19:48.313+0000] {processor.py:925} INFO - DAG(s) 'example_xcom_args', 'example_xcom_args_with_operators' retrieved from /home/vboxuser/airflow_venv/lib/python3.12/site-packages/airflow/example_dags/example_xcomargs.py
[2024-10-12T07:19:48.339+0000] {logging_mixin.py:190} INFO - [2024-10-12T07:19:48.339+0000] {dag.py:3239} INFO - Sync 2 DAGs
[2024-10-12T07:19:48.360+0000] {logging_mixin.py:190} INFO - [2024-10-12T07:19:48.359+0000] {dag.py:4180} INFO - Setting next_dagrun for example_xcom_args to None, run_after=None
[2024-10-12T07:19:48.364+0000] {logging_mixin.py:190} INFO - [2024-10-12T07:19:48.364+0000] {dag.py:4180} INFO - Setting next_dagrun for example_xcom_args_with_operators to None, run_after=None
[2024-10-12T07:19:48.401+0000] {processor.py:208} INFO - Processing /home/vboxuser/airflow_venv/lib/python3.12/site-packages/airflow/example_dags/example_xcomargs.py took 0.114 seconds
[2024-10-12T07:20:56.234+0000] {processor.py:186} INFO - Started process (PID=12066) to work on /home/vboxuser/airflow_venv/lib/python3.12/site-packages/airflow/example_dags/example_xcomargs.py
[2024-10-12T07:20:56.237+0000] {processor.py:914} INFO - Processing file /home/vboxuser/airflow_venv/lib/python3.12/site-packages/airflow/example_dags/example_xcomargs.py for tasks to queue
[2024-10-12T07:20:56.241+0000] {logging_mixin.py:190} INFO - [2024-10-12T07:20:56.240+0000] {dagbag.py:588} INFO - Filling up the DagBag from /home/vboxuser/airflow_venv/lib/python3.12/site-packages/airflow/example_dags/example_xcomargs.py
[2024-10-12T07:20:56.259+0000] {processor.py:925} INFO - DAG(s) 'example_xcom_args', 'example_xcom_args_with_operators' retrieved from /home/vboxuser/airflow_venv/lib/python3.12/site-packages/airflow/example_dags/example_xcomargs.py
[2024-10-12T07:20:56.280+0000] {logging_mixin.py:190} INFO - [2024-10-12T07:20:56.280+0000] {dag.py:3239} INFO - Sync 2 DAGs
[2024-10-12T07:20:56.301+0000] {logging_mixin.py:190} INFO - [2024-10-12T07:20:56.300+0000] {dag.py:4180} INFO - Setting next_dagrun for example_xcom_args to None, run_after=None
[2024-10-12T07:20:56.305+0000] {logging_mixin.py:190} INFO - [2024-10-12T07:20:56.305+0000] {dag.py:4180} INFO - Setting next_dagrun for example_xcom_args_with_operators to None, run_after=None
[2024-10-12T07:20:56.340+0000] {processor.py:208} INFO - Processing /home/vboxuser/airflow_venv/lib/python3.12/site-packages/airflow/example_dags/example_xcomargs.py took 0.116 seconds
[2024-10-12T07:22:02.696+0000] {processor.py:186} INFO - Started process (PID=12127) to work on /home/vboxuser/airflow_venv/lib/python3.12/site-packages/airflow/example_dags/example_xcomargs.py
[2024-10-12T07:22:02.699+0000] {processor.py:914} INFO - Processing file /home/vboxuser/airflow_venv/lib/python3.12/site-packages/airflow/example_dags/example_xcomargs.py for tasks to queue
[2024-10-12T07:22:02.702+0000] {logging_mixin.py:190} INFO - [2024-10-12T07:22:02.701+0000] {dagbag.py:588} INFO - Filling up the DagBag from /home/vboxuser/airflow_venv/lib/python3.12/site-packages/airflow/example_dags/example_xcomargs.py
[2024-10-12T07:22:02.715+0000] {processor.py:925} INFO - DAG(s) 'example_xcom_args', 'example_xcom_args_with_operators' retrieved from /home/vboxuser/airflow_venv/lib/python3.12/site-packages/airflow/example_dags/example_xcomargs.py
[2024-10-12T07:22:02.739+0000] {logging_mixin.py:190} INFO - [2024-10-12T07:22:02.739+0000] {dag.py:3239} INFO - Sync 2 DAGs
[2024-10-12T07:22:02.756+0000] {logging_mixin.py:190} INFO - [2024-10-12T07:22:02.755+0000] {dag.py:4180} INFO - Setting next_dagrun for example_xcom_args to None, run_after=None
[2024-10-12T07:22:02.759+0000] {logging_mixin.py:190} INFO - [2024-10-12T07:22:02.759+0000] {dag.py:4180} INFO - Setting next_dagrun for example_xcom_args_with_operators to None, run_after=None
[2024-10-12T07:22:02.791+0000] {processor.py:208} INFO - Processing /home/vboxuser/airflow_venv/lib/python3.12/site-packages/airflow/example_dags/example_xcomargs.py took 0.106 seconds
[2024-10-12T07:23:11.920+0000] {processor.py:186} INFO - Started process (PID=12187) to work on /home/vboxuser/airflow_venv/lib/python3.12/site-packages/airflow/example_dags/example_xcomargs.py
[2024-10-12T07:23:11.923+0000] {processor.py:914} INFO - Processing file /home/vboxuser/airflow_venv/lib/python3.12/site-packages/airflow/example_dags/example_xcomargs.py for tasks to queue
[2024-10-12T07:23:11.927+0000] {logging_mixin.py:190} INFO - [2024-10-12T07:23:11.926+0000] {dagbag.py:588} INFO - Filling up the DagBag from /home/vboxuser/airflow_venv/lib/python3.12/site-packages/airflow/example_dags/example_xcomargs.py
[2024-10-12T07:23:11.943+0000] {processor.py:925} INFO - DAG(s) 'example_xcom_args_with_operators', 'example_xcom_args' retrieved from /home/vboxuser/airflow_venv/lib/python3.12/site-packages/airflow/example_dags/example_xcomargs.py
[2024-10-12T07:23:11.967+0000] {logging_mixin.py:190} INFO - [2024-10-12T07:23:11.967+0000] {dag.py:3239} INFO - Sync 2 DAGs
[2024-10-12T07:23:11.981+0000] {logging_mixin.py:190} INFO - [2024-10-12T07:23:11.981+0000] {dag.py:4180} INFO - Setting next_dagrun for example_xcom_args to None, run_after=None
[2024-10-12T07:23:11.984+0000] {logging_mixin.py:190} INFO - [2024-10-12T07:23:11.984+0000] {dag.py:4180} INFO - Setting next_dagrun for example_xcom_args_with_operators to None, run_after=None
[2024-10-12T07:23:12.021+0000] {processor.py:208} INFO - Processing /home/vboxuser/airflow_venv/lib/python3.12/site-packages/airflow/example_dags/example_xcomargs.py took 0.111 seconds
[2024-10-12T07:24:22.322+0000] {processor.py:186} INFO - Started process (PID=12249) to work on /home/vboxuser/airflow_venv/lib/python3.12/site-packages/airflow/example_dags/example_xcomargs.py
[2024-10-12T07:24:22.325+0000] {processor.py:914} INFO - Processing file /home/vboxuser/airflow_venv/lib/python3.12/site-packages/airflow/example_dags/example_xcomargs.py for tasks to queue
[2024-10-12T07:24:22.330+0000] {logging_mixin.py:190} INFO - [2024-10-12T07:24:22.329+0000] {dagbag.py:588} INFO - Filling up the DagBag from /home/vboxuser/airflow_venv/lib/python3.12/site-packages/airflow/example_dags/example_xcomargs.py
[2024-10-12T07:24:22.344+0000] {processor.py:925} INFO - DAG(s) 'example_xcom_args', 'example_xcom_args_with_operators' retrieved from /home/vboxuser/airflow_venv/lib/python3.12/site-packages/airflow/example_dags/example_xcomargs.py
[2024-10-12T07:24:22.367+0000] {logging_mixin.py:190} INFO - [2024-10-12T07:24:22.366+0000] {dag.py:3239} INFO - Sync 2 DAGs
[2024-10-12T07:24:22.383+0000] {logging_mixin.py:190} INFO - [2024-10-12T07:24:22.382+0000] {dag.py:4180} INFO - Setting next_dagrun for example_xcom_args to None, run_after=None
[2024-10-12T07:24:22.387+0000] {logging_mixin.py:190} INFO - [2024-10-12T07:24:22.386+0000] {dag.py:4180} INFO - Setting next_dagrun for example_xcom_args_with_operators to None, run_after=None
[2024-10-12T07:24:22.421+0000] {processor.py:208} INFO - Processing /home/vboxuser/airflow_venv/lib/python3.12/site-packages/airflow/example_dags/example_xcomargs.py took 0.110 seconds
[2024-10-12T07:25:29.130+0000] {processor.py:186} INFO - Started process (PID=12313) to work on /home/vboxuser/airflow_venv/lib/python3.12/site-packages/airflow/example_dags/example_xcomargs.py
[2024-10-12T07:25:29.135+0000] {processor.py:914} INFO - Processing file /home/vboxuser/airflow_venv/lib/python3.12/site-packages/airflow/example_dags/example_xcomargs.py for tasks to queue
[2024-10-12T07:25:29.138+0000] {logging_mixin.py:190} INFO - [2024-10-12T07:25:29.138+0000] {dagbag.py:588} INFO - Filling up the DagBag from /home/vboxuser/airflow_venv/lib/python3.12/site-packages/airflow/example_dags/example_xcomargs.py
[2024-10-12T07:25:29.153+0000] {processor.py:925} INFO - DAG(s) 'example_xcom_args', 'example_xcom_args_with_operators' retrieved from /home/vboxuser/airflow_venv/lib/python3.12/site-packages/airflow/example_dags/example_xcomargs.py
[2024-10-12T07:25:29.183+0000] {logging_mixin.py:190} INFO - [2024-10-12T07:25:29.183+0000] {dag.py:3239} INFO - Sync 2 DAGs
[2024-10-12T07:25:29.203+0000] {logging_mixin.py:190} INFO - [2024-10-12T07:25:29.202+0000] {dag.py:4180} INFO - Setting next_dagrun for example_xcom_args to None, run_after=None
[2024-10-12T07:25:29.209+0000] {logging_mixin.py:190} INFO - [2024-10-12T07:25:29.208+0000] {dag.py:4180} INFO - Setting next_dagrun for example_xcom_args_with_operators to None, run_after=None
[2024-10-12T07:25:29.247+0000] {processor.py:208} INFO - Processing /home/vboxuser/airflow_venv/lib/python3.12/site-packages/airflow/example_dags/example_xcomargs.py took 0.173 seconds
[2024-10-12T07:26:40.078+0000] {processor.py:186} INFO - Started process (PID=12377) to work on /home/vboxuser/airflow_venv/lib/python3.12/site-packages/airflow/example_dags/example_xcomargs.py
[2024-10-12T07:26:40.081+0000] {processor.py:914} INFO - Processing file /home/vboxuser/airflow_venv/lib/python3.12/site-packages/airflow/example_dags/example_xcomargs.py for tasks to queue
[2024-10-12T07:26:40.085+0000] {logging_mixin.py:190} INFO - [2024-10-12T07:26:40.084+0000] {dagbag.py:588} INFO - Filling up the DagBag from /home/vboxuser/airflow_venv/lib/python3.12/site-packages/airflow/example_dags/example_xcomargs.py
[2024-10-12T07:26:40.102+0000] {processor.py:925} INFO - DAG(s) 'example_xcom_args_with_operators', 'example_xcom_args' retrieved from /home/vboxuser/airflow_venv/lib/python3.12/site-packages/airflow/example_dags/example_xcomargs.py
[2024-10-12T07:26:40.132+0000] {logging_mixin.py:190} INFO - [2024-10-12T07:26:40.132+0000] {dag.py:3239} INFO - Sync 2 DAGs
[2024-10-12T07:26:40.153+0000] {logging_mixin.py:190} INFO - [2024-10-12T07:26:40.152+0000] {dag.py:4180} INFO - Setting next_dagrun for example_xcom_args to None, run_after=None
[2024-10-12T07:26:40.157+0000] {logging_mixin.py:190} INFO - [2024-10-12T07:26:40.157+0000] {dag.py:4180} INFO - Setting next_dagrun for example_xcom_args_with_operators to None, run_after=None
[2024-10-12T07:26:40.210+0000] {processor.py:208} INFO - Processing /home/vboxuser/airflow_venv/lib/python3.12/site-packages/airflow/example_dags/example_xcomargs.py took 0.142 seconds
[2024-10-12T07:27:54.700+0000] {processor.py:186} INFO - Started process (PID=12439) to work on /home/vboxuser/airflow_venv/lib/python3.12/site-packages/airflow/example_dags/example_xcomargs.py
[2024-10-12T07:27:54.708+0000] {processor.py:914} INFO - Processing file /home/vboxuser/airflow_venv/lib/python3.12/site-packages/airflow/example_dags/example_xcomargs.py for tasks to queue
[2024-10-12T07:27:54.713+0000] {logging_mixin.py:190} INFO - [2024-10-12T07:27:54.712+0000] {dagbag.py:588} INFO - Filling up the DagBag from /home/vboxuser/airflow_venv/lib/python3.12/site-packages/airflow/example_dags/example_xcomargs.py
[2024-10-12T07:27:54.731+0000] {processor.py:925} INFO - DAG(s) 'example_xcom_args_with_operators', 'example_xcom_args' retrieved from /home/vboxuser/airflow_venv/lib/python3.12/site-packages/airflow/example_dags/example_xcomargs.py
[2024-10-12T07:27:54.760+0000] {logging_mixin.py:190} INFO - [2024-10-12T07:27:54.760+0000] {dag.py:3239} INFO - Sync 2 DAGs
[2024-10-12T07:27:54.780+0000] {logging_mixin.py:190} INFO - [2024-10-12T07:27:54.780+0000] {dag.py:4180} INFO - Setting next_dagrun for example_xcom_args to None, run_after=None
[2024-10-12T07:27:54.787+0000] {logging_mixin.py:190} INFO - [2024-10-12T07:27:54.786+0000] {dag.py:4180} INFO - Setting next_dagrun for example_xcom_args_with_operators to None, run_after=None
[2024-10-12T07:27:54.836+0000] {processor.py:208} INFO - Processing /home/vboxuser/airflow_venv/lib/python3.12/site-packages/airflow/example_dags/example_xcomargs.py took 0.156 seconds
[2024-10-12T07:28:57.888+0000] {processor.py:186} INFO - Started process (PID=12497) to work on /home/vboxuser/airflow_venv/lib/python3.12/site-packages/airflow/example_dags/example_xcomargs.py
[2024-10-12T07:28:57.890+0000] {processor.py:914} INFO - Processing file /home/vboxuser/airflow_venv/lib/python3.12/site-packages/airflow/example_dags/example_xcomargs.py for tasks to queue
[2024-10-12T07:28:57.893+0000] {logging_mixin.py:190} INFO - [2024-10-12T07:28:57.893+0000] {dagbag.py:588} INFO - Filling up the DagBag from /home/vboxuser/airflow_venv/lib/python3.12/site-packages/airflow/example_dags/example_xcomargs.py
[2024-10-12T07:28:57.905+0000] {processor.py:925} INFO - DAG(s) 'example_xcom_args_with_operators', 'example_xcom_args' retrieved from /home/vboxuser/airflow_venv/lib/python3.12/site-packages/airflow/example_dags/example_xcomargs.py
[2024-10-12T07:28:57.926+0000] {logging_mixin.py:190} INFO - [2024-10-12T07:28:57.926+0000] {dag.py:3239} INFO - Sync 2 DAGs
[2024-10-12T07:28:57.944+0000] {logging_mixin.py:190} INFO - [2024-10-12T07:28:57.944+0000] {dag.py:4180} INFO - Setting next_dagrun for example_xcom_args to None, run_after=None
[2024-10-12T07:28:57.947+0000] {logging_mixin.py:190} INFO - [2024-10-12T07:28:57.947+0000] {dag.py:4180} INFO - Setting next_dagrun for example_xcom_args_with_operators to None, run_after=None
[2024-10-12T07:28:57.978+0000] {processor.py:208} INFO - Processing /home/vboxuser/airflow_venv/lib/python3.12/site-packages/airflow/example_dags/example_xcomargs.py took 0.098 seconds
[2024-10-12T07:30:07.299+0000] {processor.py:186} INFO - Started process (PID=12573) to work on /home/vboxuser/airflow_venv/lib/python3.12/site-packages/airflow/example_dags/example_xcomargs.py
[2024-10-12T07:30:07.302+0000] {processor.py:914} INFO - Processing file /home/vboxuser/airflow_venv/lib/python3.12/site-packages/airflow/example_dags/example_xcomargs.py for tasks to queue
[2024-10-12T07:30:07.305+0000] {logging_mixin.py:190} INFO - [2024-10-12T07:30:07.304+0000] {dagbag.py:588} INFO - Filling up the DagBag from /home/vboxuser/airflow_venv/lib/python3.12/site-packages/airflow/example_dags/example_xcomargs.py
[2024-10-12T07:30:07.323+0000] {processor.py:925} INFO - DAG(s) 'example_xcom_args', 'example_xcom_args_with_operators' retrieved from /home/vboxuser/airflow_venv/lib/python3.12/site-packages/airflow/example_dags/example_xcomargs.py
[2024-10-12T07:30:07.352+0000] {logging_mixin.py:190} INFO - [2024-10-12T07:30:07.352+0000] {dag.py:3239} INFO - Sync 2 DAGs
[2024-10-12T07:30:07.372+0000] {logging_mixin.py:190} INFO - [2024-10-12T07:30:07.372+0000] {dag.py:4180} INFO - Setting next_dagrun for example_xcom_args to None, run_after=None
[2024-10-12T07:30:07.376+0000] {logging_mixin.py:190} INFO - [2024-10-12T07:30:07.376+0000] {dag.py:4180} INFO - Setting next_dagrun for example_xcom_args_with_operators to None, run_after=None
[2024-10-12T07:30:07.414+0000] {processor.py:208} INFO - Processing /home/vboxuser/airflow_venv/lib/python3.12/site-packages/airflow/example_dags/example_xcomargs.py took 0.124 seconds
[2024-10-12T07:31:20.102+0000] {processor.py:186} INFO - Started process (PID=12641) to work on /home/vboxuser/airflow_venv/lib/python3.12/site-packages/airflow/example_dags/example_xcomargs.py
[2024-10-12T07:31:20.105+0000] {processor.py:914} INFO - Processing file /home/vboxuser/airflow_venv/lib/python3.12/site-packages/airflow/example_dags/example_xcomargs.py for tasks to queue
[2024-10-12T07:31:20.108+0000] {logging_mixin.py:190} INFO - [2024-10-12T07:31:20.107+0000] {dagbag.py:588} INFO - Filling up the DagBag from /home/vboxuser/airflow_venv/lib/python3.12/site-packages/airflow/example_dags/example_xcomargs.py
[2024-10-12T07:31:20.129+0000] {processor.py:925} INFO - DAG(s) 'example_xcom_args', 'example_xcom_args_with_operators' retrieved from /home/vboxuser/airflow_venv/lib/python3.12/site-packages/airflow/example_dags/example_xcomargs.py
[2024-10-12T07:31:20.161+0000] {logging_mixin.py:190} INFO - [2024-10-12T07:31:20.161+0000] {dag.py:3239} INFO - Sync 2 DAGs
[2024-10-12T07:31:20.182+0000] {logging_mixin.py:190} INFO - [2024-10-12T07:31:20.182+0000] {dag.py:4180} INFO - Setting next_dagrun for example_xcom_args to None, run_after=None
[2024-10-12T07:31:20.186+0000] {logging_mixin.py:190} INFO - [2024-10-12T07:31:20.186+0000] {dag.py:4180} INFO - Setting next_dagrun for example_xcom_args_with_operators to None, run_after=None
[2024-10-12T07:31:20.226+0000] {processor.py:208} INFO - Processing /home/vboxuser/airflow_venv/lib/python3.12/site-packages/airflow/example_dags/example_xcomargs.py took 0.132 seconds
[2024-10-12T07:32:26.136+0000] {processor.py:186} INFO - Started process (PID=12710) to work on /home/vboxuser/airflow_venv/lib/python3.12/site-packages/airflow/example_dags/example_xcomargs.py
[2024-10-12T07:32:26.140+0000] {processor.py:914} INFO - Processing file /home/vboxuser/airflow_venv/lib/python3.12/site-packages/airflow/example_dags/example_xcomargs.py for tasks to queue
[2024-10-12T07:32:26.145+0000] {logging_mixin.py:190} INFO - [2024-10-12T07:32:26.144+0000] {dagbag.py:588} INFO - Filling up the DagBag from /home/vboxuser/airflow_venv/lib/python3.12/site-packages/airflow/example_dags/example_xcomargs.py
[2024-10-12T07:32:26.167+0000] {processor.py:925} INFO - DAG(s) 'example_xcom_args', 'example_xcom_args_with_operators' retrieved from /home/vboxuser/airflow_venv/lib/python3.12/site-packages/airflow/example_dags/example_xcomargs.py
[2024-10-12T07:32:26.188+0000] {logging_mixin.py:190} INFO - [2024-10-12T07:32:26.188+0000] {dag.py:3239} INFO - Sync 2 DAGs
[2024-10-12T07:32:26.202+0000] {logging_mixin.py:190} INFO - [2024-10-12T07:32:26.202+0000] {dag.py:4180} INFO - Setting next_dagrun for example_xcom_args to None, run_after=None
[2024-10-12T07:32:26.206+0000] {logging_mixin.py:190} INFO - [2024-10-12T07:32:26.205+0000] {dag.py:4180} INFO - Setting next_dagrun for example_xcom_args_with_operators to None, run_after=None
[2024-10-12T07:32:26.237+0000] {processor.py:208} INFO - Processing /home/vboxuser/airflow_venv/lib/python3.12/site-packages/airflow/example_dags/example_xcomargs.py took 0.110 seconds
[2024-10-12T07:33:28.338+0000] {processor.py:186} INFO - Started process (PID=12768) to work on /home/vboxuser/airflow_venv/lib/python3.12/site-packages/airflow/example_dags/example_xcomargs.py
[2024-10-12T07:33:28.341+0000] {processor.py:914} INFO - Processing file /home/vboxuser/airflow_venv/lib/python3.12/site-packages/airflow/example_dags/example_xcomargs.py for tasks to queue
[2024-10-12T07:33:28.344+0000] {logging_mixin.py:190} INFO - [2024-10-12T07:33:28.343+0000] {dagbag.py:588} INFO - Filling up the DagBag from /home/vboxuser/airflow_venv/lib/python3.12/site-packages/airflow/example_dags/example_xcomargs.py
[2024-10-12T07:33:28.360+0000] {processor.py:925} INFO - DAG(s) 'example_xcom_args_with_operators', 'example_xcom_args' retrieved from /home/vboxuser/airflow_venv/lib/python3.12/site-packages/airflow/example_dags/example_xcomargs.py
[2024-10-12T07:33:28.383+0000] {logging_mixin.py:190} INFO - [2024-10-12T07:33:28.382+0000] {dag.py:3239} INFO - Sync 2 DAGs
[2024-10-12T07:33:28.398+0000] {logging_mixin.py:190} INFO - [2024-10-12T07:33:28.398+0000] {dag.py:4180} INFO - Setting next_dagrun for example_xcom_args to None, run_after=None
[2024-10-12T07:33:28.401+0000] {logging_mixin.py:190} INFO - [2024-10-12T07:33:28.401+0000] {dag.py:4180} INFO - Setting next_dagrun for example_xcom_args_with_operators to None, run_after=None
[2024-10-12T07:33:28.438+0000] {processor.py:208} INFO - Processing /home/vboxuser/airflow_venv/lib/python3.12/site-packages/airflow/example_dags/example_xcomargs.py took 0.108 seconds
[2024-10-12T07:34:31.186+0000] {processor.py:186} INFO - Started process (PID=12826) to work on /home/vboxuser/airflow_venv/lib/python3.12/site-packages/airflow/example_dags/example_xcomargs.py
[2024-10-12T07:34:31.191+0000] {processor.py:914} INFO - Processing file /home/vboxuser/airflow_venv/lib/python3.12/site-packages/airflow/example_dags/example_xcomargs.py for tasks to queue
[2024-10-12T07:34:31.196+0000] {logging_mixin.py:190} INFO - [2024-10-12T07:34:31.195+0000] {dagbag.py:588} INFO - Filling up the DagBag from /home/vboxuser/airflow_venv/lib/python3.12/site-packages/airflow/example_dags/example_xcomargs.py
[2024-10-12T07:34:31.213+0000] {processor.py:925} INFO - DAG(s) 'example_xcom_args', 'example_xcom_args_with_operators' retrieved from /home/vboxuser/airflow_venv/lib/python3.12/site-packages/airflow/example_dags/example_xcomargs.py
[2024-10-12T07:34:31.236+0000] {logging_mixin.py:190} INFO - [2024-10-12T07:34:31.236+0000] {dag.py:3239} INFO - Sync 2 DAGs
[2024-10-12T07:34:31.250+0000] {logging_mixin.py:190} INFO - [2024-10-12T07:34:31.249+0000] {dag.py:4180} INFO - Setting next_dagrun for example_xcom_args to None, run_after=None
[2024-10-12T07:34:31.253+0000] {logging_mixin.py:190} INFO - [2024-10-12T07:34:31.253+0000] {dag.py:4180} INFO - Setting next_dagrun for example_xcom_args_with_operators to None, run_after=None
[2024-10-12T07:34:31.290+0000] {processor.py:208} INFO - Processing /home/vboxuser/airflow_venv/lib/python3.12/site-packages/airflow/example_dags/example_xcomargs.py took 0.121 seconds
[2024-10-12T07:47:18.103+0000] {processor.py:186} INFO - Started process (PID=12919) to work on /home/vboxuser/airflow_venv/lib/python3.12/site-packages/airflow/example_dags/example_xcomargs.py
[2024-10-12T07:47:18.106+0000] {processor.py:914} INFO - Processing file /home/vboxuser/airflow_venv/lib/python3.12/site-packages/airflow/example_dags/example_xcomargs.py for tasks to queue
[2024-10-12T07:47:18.112+0000] {logging_mixin.py:190} INFO - [2024-10-12T07:47:18.110+0000] {dagbag.py:588} INFO - Filling up the DagBag from /home/vboxuser/airflow_venv/lib/python3.12/site-packages/airflow/example_dags/example_xcomargs.py
[2024-10-12T07:47:18.139+0000] {processor.py:925} INFO - DAG(s) 'example_xcom_args_with_operators', 'example_xcom_args' retrieved from /home/vboxuser/airflow_venv/lib/python3.12/site-packages/airflow/example_dags/example_xcomargs.py
[2024-10-12T07:47:18.167+0000] {logging_mixin.py:190} INFO - [2024-10-12T07:47:18.167+0000] {dag.py:3239} INFO - Sync 2 DAGs
[2024-10-12T07:47:18.186+0000] {logging_mixin.py:190} INFO - [2024-10-12T07:47:18.185+0000] {dag.py:4180} INFO - Setting next_dagrun for example_xcom_args to None, run_after=None
[2024-10-12T07:47:18.190+0000] {logging_mixin.py:190} INFO - [2024-10-12T07:47:18.190+0000] {dag.py:4180} INFO - Setting next_dagrun for example_xcom_args_with_operators to None, run_after=None
[2024-10-12T07:47:18.230+0000] {processor.py:208} INFO - Processing /home/vboxuser/airflow_venv/lib/python3.12/site-packages/airflow/example_dags/example_xcomargs.py took 0.141 seconds
[2024-10-12T07:48:20.283+0000] {processor.py:186} INFO - Started process (PID=12972) to work on /home/vboxuser/airflow_venv/lib/python3.12/site-packages/airflow/example_dags/example_xcomargs.py
[2024-10-12T07:48:20.289+0000] {processor.py:914} INFO - Processing file /home/vboxuser/airflow_venv/lib/python3.12/site-packages/airflow/example_dags/example_xcomargs.py for tasks to queue
[2024-10-12T07:48:20.294+0000] {logging_mixin.py:190} INFO - [2024-10-12T07:48:20.293+0000] {dagbag.py:588} INFO - Filling up the DagBag from /home/vboxuser/airflow_venv/lib/python3.12/site-packages/airflow/example_dags/example_xcomargs.py
[2024-10-12T07:48:20.316+0000] {processor.py:925} INFO - DAG(s) 'example_xcom_args_with_operators', 'example_xcom_args' retrieved from /home/vboxuser/airflow_venv/lib/python3.12/site-packages/airflow/example_dags/example_xcomargs.py
[2024-10-12T07:48:20.349+0000] {logging_mixin.py:190} INFO - [2024-10-12T07:48:20.348+0000] {dag.py:3239} INFO - Sync 2 DAGs
[2024-10-12T07:48:20.368+0000] {logging_mixin.py:190} INFO - [2024-10-12T07:48:20.367+0000] {dag.py:4180} INFO - Setting next_dagrun for example_xcom_args to None, run_after=None
[2024-10-12T07:48:20.373+0000] {logging_mixin.py:190} INFO - [2024-10-12T07:48:20.372+0000] {dag.py:4180} INFO - Setting next_dagrun for example_xcom_args_with_operators to None, run_after=None
[2024-10-12T07:48:20.413+0000] {processor.py:208} INFO - Processing /home/vboxuser/airflow_venv/lib/python3.12/site-packages/airflow/example_dags/example_xcomargs.py took 0.142 seconds
[2024-10-12T07:49:25.008+0000] {processor.py:186} INFO - Started process (PID=13031) to work on /home/vboxuser/airflow_venv/lib/python3.12/site-packages/airflow/example_dags/example_xcomargs.py
[2024-10-12T07:49:25.012+0000] {processor.py:914} INFO - Processing file /home/vboxuser/airflow_venv/lib/python3.12/site-packages/airflow/example_dags/example_xcomargs.py for tasks to queue
[2024-10-12T07:49:25.016+0000] {logging_mixin.py:190} INFO - [2024-10-12T07:49:25.015+0000] {dagbag.py:588} INFO - Filling up the DagBag from /home/vboxuser/airflow_venv/lib/python3.12/site-packages/airflow/example_dags/example_xcomargs.py
[2024-10-12T07:49:25.038+0000] {processor.py:925} INFO - DAG(s) 'example_xcom_args_with_operators', 'example_xcom_args' retrieved from /home/vboxuser/airflow_venv/lib/python3.12/site-packages/airflow/example_dags/example_xcomargs.py
[2024-10-12T07:49:25.067+0000] {logging_mixin.py:190} INFO - [2024-10-12T07:49:25.067+0000] {dag.py:3239} INFO - Sync 2 DAGs
[2024-10-12T07:49:25.087+0000] {logging_mixin.py:190} INFO - [2024-10-12T07:49:25.087+0000] {dag.py:4180} INFO - Setting next_dagrun for example_xcom_args to None, run_after=None
[2024-10-12T07:49:25.092+0000] {logging_mixin.py:190} INFO - [2024-10-12T07:49:25.092+0000] {dag.py:4180} INFO - Setting next_dagrun for example_xcom_args_with_operators to None, run_after=None
[2024-10-12T07:49:25.131+0000] {processor.py:208} INFO - Processing /home/vboxuser/airflow_venv/lib/python3.12/site-packages/airflow/example_dags/example_xcomargs.py took 0.134 seconds
[2024-10-12T07:50:35.382+0000] {processor.py:186} INFO - Started process (PID=13112) to work on /home/vboxuser/airflow_venv/lib/python3.12/site-packages/airflow/example_dags/example_xcomargs.py
[2024-10-12T07:50:35.385+0000] {processor.py:914} INFO - Processing file /home/vboxuser/airflow_venv/lib/python3.12/site-packages/airflow/example_dags/example_xcomargs.py for tasks to queue
[2024-10-12T07:50:35.389+0000] {logging_mixin.py:190} INFO - [2024-10-12T07:50:35.388+0000] {dagbag.py:588} INFO - Filling up the DagBag from /home/vboxuser/airflow_venv/lib/python3.12/site-packages/airflow/example_dags/example_xcomargs.py
[2024-10-12T07:50:35.404+0000] {processor.py:925} INFO - DAG(s) 'example_xcom_args_with_operators', 'example_xcom_args' retrieved from /home/vboxuser/airflow_venv/lib/python3.12/site-packages/airflow/example_dags/example_xcomargs.py
[2024-10-12T07:50:35.428+0000] {logging_mixin.py:190} INFO - [2024-10-12T07:50:35.428+0000] {dag.py:3239} INFO - Sync 2 DAGs
[2024-10-12T07:50:35.444+0000] {logging_mixin.py:190} INFO - [2024-10-12T07:50:35.444+0000] {dag.py:4180} INFO - Setting next_dagrun for example_xcom_args to None, run_after=None
[2024-10-12T07:50:35.448+0000] {logging_mixin.py:190} INFO - [2024-10-12T07:50:35.448+0000] {dag.py:4180} INFO - Setting next_dagrun for example_xcom_args_with_operators to None, run_after=None
[2024-10-12T07:50:35.485+0000] {processor.py:208} INFO - Processing /home/vboxuser/airflow_venv/lib/python3.12/site-packages/airflow/example_dags/example_xcomargs.py took 0.113 seconds
[2024-10-12T07:51:44.622+0000] {processor.py:186} INFO - Started process (PID=13230) to work on /home/vboxuser/airflow_venv/lib/python3.12/site-packages/airflow/example_dags/example_xcomargs.py
[2024-10-12T07:51:44.626+0000] {processor.py:914} INFO - Processing file /home/vboxuser/airflow_venv/lib/python3.12/site-packages/airflow/example_dags/example_xcomargs.py for tasks to queue
[2024-10-12T07:51:44.631+0000] {logging_mixin.py:190} INFO - [2024-10-12T07:51:44.630+0000] {dagbag.py:588} INFO - Filling up the DagBag from /home/vboxuser/airflow_venv/lib/python3.12/site-packages/airflow/example_dags/example_xcomargs.py
[2024-10-12T07:51:44.646+0000] {processor.py:925} INFO - DAG(s) 'example_xcom_args_with_operators', 'example_xcom_args' retrieved from /home/vboxuser/airflow_venv/lib/python3.12/site-packages/airflow/example_dags/example_xcomargs.py
[2024-10-12T07:51:44.681+0000] {logging_mixin.py:190} INFO - [2024-10-12T07:51:44.680+0000] {dag.py:3239} INFO - Sync 2 DAGs
[2024-10-12T07:51:44.698+0000] {logging_mixin.py:190} INFO - [2024-10-12T07:51:44.697+0000] {dag.py:4180} INFO - Setting next_dagrun for example_xcom_args to None, run_after=None
[2024-10-12T07:51:44.701+0000] {logging_mixin.py:190} INFO - [2024-10-12T07:51:44.701+0000] {dag.py:4180} INFO - Setting next_dagrun for example_xcom_args_with_operators to None, run_after=None
[2024-10-12T07:51:44.733+0000] {processor.py:208} INFO - Processing /home/vboxuser/airflow_venv/lib/python3.12/site-packages/airflow/example_dags/example_xcomargs.py took 0.119 seconds
[2024-10-12T07:52:55.940+0000] {processor.py:186} INFO - Started process (PID=13306) to work on /home/vboxuser/airflow_venv/lib/python3.12/site-packages/airflow/example_dags/example_xcomargs.py
[2024-10-12T07:52:55.946+0000] {processor.py:914} INFO - Processing file /home/vboxuser/airflow_venv/lib/python3.12/site-packages/airflow/example_dags/example_xcomargs.py for tasks to queue
[2024-10-12T07:52:55.951+0000] {logging_mixin.py:190} INFO - [2024-10-12T07:52:55.950+0000] {dagbag.py:588} INFO - Filling up the DagBag from /home/vboxuser/airflow_venv/lib/python3.12/site-packages/airflow/example_dags/example_xcomargs.py
[2024-10-12T07:52:55.968+0000] {processor.py:925} INFO - DAG(s) 'example_xcom_args_with_operators', 'example_xcom_args' retrieved from /home/vboxuser/airflow_venv/lib/python3.12/site-packages/airflow/example_dags/example_xcomargs.py
[2024-10-12T07:52:55.994+0000] {logging_mixin.py:190} INFO - [2024-10-12T07:52:55.993+0000] {dag.py:3239} INFO - Sync 2 DAGs
[2024-10-12T07:52:56.010+0000] {logging_mixin.py:190} INFO - [2024-10-12T07:52:56.010+0000] {dag.py:4180} INFO - Setting next_dagrun for example_xcom_args to None, run_after=None
[2024-10-12T07:52:56.014+0000] {logging_mixin.py:190} INFO - [2024-10-12T07:52:56.014+0000] {dag.py:4180} INFO - Setting next_dagrun for example_xcom_args_with_operators to None, run_after=None
[2024-10-12T07:52:56.065+0000] {processor.py:208} INFO - Processing /home/vboxuser/airflow_venv/lib/python3.12/site-packages/airflow/example_dags/example_xcomargs.py took 0.134 seconds
[2024-10-12T07:53:57.006+0000] {processor.py:186} INFO - Started process (PID=13374) to work on /home/vboxuser/airflow_venv/lib/python3.12/site-packages/airflow/example_dags/example_xcomargs.py
[2024-10-12T07:53:57.009+0000] {processor.py:914} INFO - Processing file /home/vboxuser/airflow_venv/lib/python3.12/site-packages/airflow/example_dags/example_xcomargs.py for tasks to queue
[2024-10-12T07:53:57.013+0000] {logging_mixin.py:190} INFO - [2024-10-12T07:53:57.012+0000] {dagbag.py:588} INFO - Filling up the DagBag from /home/vboxuser/airflow_venv/lib/python3.12/site-packages/airflow/example_dags/example_xcomargs.py
[2024-10-12T07:53:57.032+0000] {processor.py:925} INFO - DAG(s) 'example_xcom_args_with_operators', 'example_xcom_args' retrieved from /home/vboxuser/airflow_venv/lib/python3.12/site-packages/airflow/example_dags/example_xcomargs.py
[2024-10-12T07:53:57.063+0000] {logging_mixin.py:190} INFO - [2024-10-12T07:53:57.062+0000] {dag.py:3239} INFO - Sync 2 DAGs
[2024-10-12T07:53:57.081+0000] {logging_mixin.py:190} INFO - [2024-10-12T07:53:57.081+0000] {dag.py:4180} INFO - Setting next_dagrun for example_xcom_args to None, run_after=None
[2024-10-12T07:53:57.086+0000] {logging_mixin.py:190} INFO - [2024-10-12T07:53:57.086+0000] {dag.py:4180} INFO - Setting next_dagrun for example_xcom_args_with_operators to None, run_after=None
[2024-10-12T07:53:57.122+0000] {processor.py:208} INFO - Processing /home/vboxuser/airflow_venv/lib/python3.12/site-packages/airflow/example_dags/example_xcomargs.py took 0.127 seconds
[2024-10-12T07:55:00.092+0000] {processor.py:186} INFO - Started process (PID=13432) to work on /home/vboxuser/airflow_venv/lib/python3.12/site-packages/airflow/example_dags/example_xcomargs.py
[2024-10-12T07:55:00.095+0000] {processor.py:914} INFO - Processing file /home/vboxuser/airflow_venv/lib/python3.12/site-packages/airflow/example_dags/example_xcomargs.py for tasks to queue
[2024-10-12T07:55:00.099+0000] {logging_mixin.py:190} INFO - [2024-10-12T07:55:00.098+0000] {dagbag.py:588} INFO - Filling up the DagBag from /home/vboxuser/airflow_venv/lib/python3.12/site-packages/airflow/example_dags/example_xcomargs.py
[2024-10-12T07:55:00.116+0000] {processor.py:925} INFO - DAG(s) 'example_xcom_args_with_operators', 'example_xcom_args' retrieved from /home/vboxuser/airflow_venv/lib/python3.12/site-packages/airflow/example_dags/example_xcomargs.py
[2024-10-12T07:55:00.143+0000] {logging_mixin.py:190} INFO - [2024-10-12T07:55:00.142+0000] {dag.py:3239} INFO - Sync 2 DAGs
[2024-10-12T07:55:00.161+0000] {logging_mixin.py:190} INFO - [2024-10-12T07:55:00.161+0000] {dag.py:4180} INFO - Setting next_dagrun for example_xcom_args to None, run_after=None
[2024-10-12T07:55:00.167+0000] {logging_mixin.py:190} INFO - [2024-10-12T07:55:00.167+0000] {dag.py:4180} INFO - Setting next_dagrun for example_xcom_args_with_operators to None, run_after=None
[2024-10-12T07:55:00.203+0000] {processor.py:208} INFO - Processing /home/vboxuser/airflow_venv/lib/python3.12/site-packages/airflow/example_dags/example_xcomargs.py took 0.122 seconds
[2024-10-12T07:56:06.168+0000] {processor.py:186} INFO - Started process (PID=13499) to work on /home/vboxuser/airflow_venv/lib/python3.12/site-packages/airflow/example_dags/example_xcomargs.py
[2024-10-12T07:56:06.170+0000] {processor.py:914} INFO - Processing file /home/vboxuser/airflow_venv/lib/python3.12/site-packages/airflow/example_dags/example_xcomargs.py for tasks to queue
[2024-10-12T07:56:06.173+0000] {logging_mixin.py:190} INFO - [2024-10-12T07:56:06.172+0000] {dagbag.py:588} INFO - Filling up the DagBag from /home/vboxuser/airflow_venv/lib/python3.12/site-packages/airflow/example_dags/example_xcomargs.py
[2024-10-12T07:56:06.187+0000] {processor.py:925} INFO - DAG(s) 'example_xcom_args', 'example_xcom_args_with_operators' retrieved from /home/vboxuser/airflow_venv/lib/python3.12/site-packages/airflow/example_dags/example_xcomargs.py
[2024-10-12T07:56:06.209+0000] {logging_mixin.py:190} INFO - [2024-10-12T07:56:06.209+0000] {dag.py:3239} INFO - Sync 2 DAGs
[2024-10-12T07:56:06.225+0000] {logging_mixin.py:190} INFO - [2024-10-12T07:56:06.225+0000] {dag.py:4180} INFO - Setting next_dagrun for example_xcom_args to None, run_after=None
[2024-10-12T07:56:06.229+0000] {logging_mixin.py:190} INFO - [2024-10-12T07:56:06.228+0000] {dag.py:4180} INFO - Setting next_dagrun for example_xcom_args_with_operators to None, run_after=None
[2024-10-12T07:56:06.259+0000] {processor.py:208} INFO - Processing /home/vboxuser/airflow_venv/lib/python3.12/site-packages/airflow/example_dags/example_xcomargs.py took 0.099 seconds
[2024-10-12T07:57:12.905+0000] {processor.py:186} INFO - Started process (PID=13569) to work on /home/vboxuser/airflow_venv/lib/python3.12/site-packages/airflow/example_dags/example_xcomargs.py
[2024-10-12T07:57:12.908+0000] {processor.py:914} INFO - Processing file /home/vboxuser/airflow_venv/lib/python3.12/site-packages/airflow/example_dags/example_xcomargs.py for tasks to queue
[2024-10-12T07:57:12.912+0000] {logging_mixin.py:190} INFO - [2024-10-12T07:57:12.911+0000] {dagbag.py:588} INFO - Filling up the DagBag from /home/vboxuser/airflow_venv/lib/python3.12/site-packages/airflow/example_dags/example_xcomargs.py
[2024-10-12T07:57:12.928+0000] {processor.py:925} INFO - DAG(s) 'example_xcom_args_with_operators', 'example_xcom_args' retrieved from /home/vboxuser/airflow_venv/lib/python3.12/site-packages/airflow/example_dags/example_xcomargs.py
[2024-10-12T07:57:12.961+0000] {logging_mixin.py:190} INFO - [2024-10-12T07:57:12.960+0000] {dag.py:3239} INFO - Sync 2 DAGs
[2024-10-12T07:57:12.994+0000] {logging_mixin.py:190} INFO - [2024-10-12T07:57:12.993+0000] {dag.py:4180} INFO - Setting next_dagrun for example_xcom_args to None, run_after=None
[2024-10-12T07:57:13.001+0000] {logging_mixin.py:190} INFO - [2024-10-12T07:57:13.001+0000] {dag.py:4180} INFO - Setting next_dagrun for example_xcom_args_with_operators to None, run_after=None
[2024-10-12T07:57:13.037+0000] {processor.py:208} INFO - Processing /home/vboxuser/airflow_venv/lib/python3.12/site-packages/airflow/example_dags/example_xcomargs.py took 0.140 seconds
[2024-10-12T07:58:17.502+0000] {processor.py:186} INFO - Started process (PID=13632) to work on /home/vboxuser/airflow_venv/lib/python3.12/site-packages/airflow/example_dags/example_xcomargs.py
[2024-10-12T07:58:17.508+0000] {processor.py:914} INFO - Processing file /home/vboxuser/airflow_venv/lib/python3.12/site-packages/airflow/example_dags/example_xcomargs.py for tasks to queue
[2024-10-12T07:58:17.513+0000] {logging_mixin.py:190} INFO - [2024-10-12T07:58:17.512+0000] {dagbag.py:588} INFO - Filling up the DagBag from /home/vboxuser/airflow_venv/lib/python3.12/site-packages/airflow/example_dags/example_xcomargs.py
[2024-10-12T07:58:17.526+0000] {processor.py:925} INFO - DAG(s) 'example_xcom_args_with_operators', 'example_xcom_args' retrieved from /home/vboxuser/airflow_venv/lib/python3.12/site-packages/airflow/example_dags/example_xcomargs.py
[2024-10-12T07:58:17.548+0000] {logging_mixin.py:190} INFO - [2024-10-12T07:58:17.548+0000] {dag.py:3239} INFO - Sync 2 DAGs
[2024-10-12T07:58:17.566+0000] {logging_mixin.py:190} INFO - [2024-10-12T07:58:17.566+0000] {dag.py:4180} INFO - Setting next_dagrun for example_xcom_args to None, run_after=None
[2024-10-12T07:58:17.571+0000] {logging_mixin.py:190} INFO - [2024-10-12T07:58:17.571+0000] {dag.py:4180} INFO - Setting next_dagrun for example_xcom_args_with_operators to None, run_after=None
[2024-10-12T07:58:17.602+0000] {processor.py:208} INFO - Processing /home/vboxuser/airflow_venv/lib/python3.12/site-packages/airflow/example_dags/example_xcomargs.py took 0.115 seconds
[2024-10-12T07:59:16.627+0000] {processor.py:186} INFO - Started process (PID=13689) to work on /home/vboxuser/airflow_venv/lib/python3.12/site-packages/airflow/example_dags/example_xcomargs.py
[2024-10-12T07:59:16.633+0000] {processor.py:914} INFO - Processing file /home/vboxuser/airflow_venv/lib/python3.12/site-packages/airflow/example_dags/example_xcomargs.py for tasks to queue
[2024-10-12T07:59:16.638+0000] {logging_mixin.py:190} INFO - [2024-10-12T07:59:16.637+0000] {dagbag.py:588} INFO - Filling up the DagBag from /home/vboxuser/airflow_venv/lib/python3.12/site-packages/airflow/example_dags/example_xcomargs.py
[2024-10-12T07:59:16.658+0000] {processor.py:925} INFO - DAG(s) 'example_xcom_args', 'example_xcom_args_with_operators' retrieved from /home/vboxuser/airflow_venv/lib/python3.12/site-packages/airflow/example_dags/example_xcomargs.py
[2024-10-12T07:59:16.687+0000] {logging_mixin.py:190} INFO - [2024-10-12T07:59:16.687+0000] {dag.py:3239} INFO - Sync 2 DAGs
[2024-10-12T07:59:16.703+0000] {logging_mixin.py:190} INFO - [2024-10-12T07:59:16.703+0000] {dag.py:4180} INFO - Setting next_dagrun for example_xcom_args to None, run_after=None
[2024-10-12T07:59:16.707+0000] {logging_mixin.py:190} INFO - [2024-10-12T07:59:16.707+0000] {dag.py:4180} INFO - Setting next_dagrun for example_xcom_args_with_operators to None, run_after=None
[2024-10-12T07:59:16.744+0000] {processor.py:208} INFO - Processing /home/vboxuser/airflow_venv/lib/python3.12/site-packages/airflow/example_dags/example_xcomargs.py took 0.131 seconds
[2024-10-12T08:00:23.261+0000] {processor.py:186} INFO - Started process (PID=13752) to work on /home/vboxuser/airflow_venv/lib/python3.12/site-packages/airflow/example_dags/example_xcomargs.py
[2024-10-12T08:00:23.266+0000] {processor.py:914} INFO - Processing file /home/vboxuser/airflow_venv/lib/python3.12/site-packages/airflow/example_dags/example_xcomargs.py for tasks to queue
[2024-10-12T08:00:23.270+0000] {logging_mixin.py:190} INFO - [2024-10-12T08:00:23.269+0000] {dagbag.py:588} INFO - Filling up the DagBag from /home/vboxuser/airflow_venv/lib/python3.12/site-packages/airflow/example_dags/example_xcomargs.py
[2024-10-12T08:00:23.293+0000] {processor.py:925} INFO - DAG(s) 'example_xcom_args_with_operators', 'example_xcom_args' retrieved from /home/vboxuser/airflow_venv/lib/python3.12/site-packages/airflow/example_dags/example_xcomargs.py
[2024-10-12T08:00:23.324+0000] {logging_mixin.py:190} INFO - [2024-10-12T08:00:23.324+0000] {dag.py:3239} INFO - Sync 2 DAGs
[2024-10-12T08:00:23.343+0000] {logging_mixin.py:190} INFO - [2024-10-12T08:00:23.343+0000] {dag.py:4180} INFO - Setting next_dagrun for example_xcom_args to None, run_after=None
[2024-10-12T08:00:23.348+0000] {logging_mixin.py:190} INFO - [2024-10-12T08:00:23.347+0000] {dag.py:4180} INFO - Setting next_dagrun for example_xcom_args_with_operators to None, run_after=None
[2024-10-12T08:00:23.392+0000] {processor.py:208} INFO - Processing /home/vboxuser/airflow_venv/lib/python3.12/site-packages/airflow/example_dags/example_xcomargs.py took 0.142 seconds
[2024-10-12T08:01:26.435+0000] {processor.py:186} INFO - Started process (PID=13809) to work on /home/vboxuser/airflow_venv/lib/python3.12/site-packages/airflow/example_dags/example_xcomargs.py
[2024-10-12T08:01:26.440+0000] {processor.py:914} INFO - Processing file /home/vboxuser/airflow_venv/lib/python3.12/site-packages/airflow/example_dags/example_xcomargs.py for tasks to queue
[2024-10-12T08:01:26.444+0000] {logging_mixin.py:190} INFO - [2024-10-12T08:01:26.443+0000] {dagbag.py:588} INFO - Filling up the DagBag from /home/vboxuser/airflow_venv/lib/python3.12/site-packages/airflow/example_dags/example_xcomargs.py
[2024-10-12T08:01:26.461+0000] {processor.py:925} INFO - DAG(s) 'example_xcom_args_with_operators', 'example_xcom_args' retrieved from /home/vboxuser/airflow_venv/lib/python3.12/site-packages/airflow/example_dags/example_xcomargs.py
[2024-10-12T08:01:26.493+0000] {logging_mixin.py:190} INFO - [2024-10-12T08:01:26.492+0000] {dag.py:3239} INFO - Sync 2 DAGs
[2024-10-12T08:01:26.515+0000] {logging_mixin.py:190} INFO - [2024-10-12T08:01:26.514+0000] {dag.py:4180} INFO - Setting next_dagrun for example_xcom_args to None, run_after=None
[2024-10-12T08:01:26.519+0000] {logging_mixin.py:190} INFO - [2024-10-12T08:01:26.519+0000] {dag.py:4180} INFO - Setting next_dagrun for example_xcom_args_with_operators to None, run_after=None
[2024-10-12T08:01:26.559+0000] {processor.py:208} INFO - Processing /home/vboxuser/airflow_venv/lib/python3.12/site-packages/airflow/example_dags/example_xcomargs.py took 0.135 seconds
[2024-10-12T08:02:36.224+0000] {processor.py:186} INFO - Started process (PID=13870) to work on /home/vboxuser/airflow_venv/lib/python3.12/site-packages/airflow/example_dags/example_xcomargs.py
[2024-10-12T08:02:36.229+0000] {processor.py:914} INFO - Processing file /home/vboxuser/airflow_venv/lib/python3.12/site-packages/airflow/example_dags/example_xcomargs.py for tasks to queue
[2024-10-12T08:02:36.234+0000] {logging_mixin.py:190} INFO - [2024-10-12T08:02:36.233+0000] {dagbag.py:588} INFO - Filling up the DagBag from /home/vboxuser/airflow_venv/lib/python3.12/site-packages/airflow/example_dags/example_xcomargs.py
[2024-10-12T08:02:36.250+0000] {processor.py:925} INFO - DAG(s) 'example_xcom_args_with_operators', 'example_xcom_args' retrieved from /home/vboxuser/airflow_venv/lib/python3.12/site-packages/airflow/example_dags/example_xcomargs.py
[2024-10-12T08:02:36.275+0000] {logging_mixin.py:190} INFO - [2024-10-12T08:02:36.274+0000] {dag.py:3239} INFO - Sync 2 DAGs
[2024-10-12T08:02:36.292+0000] {logging_mixin.py:190} INFO - [2024-10-12T08:02:36.292+0000] {dag.py:4180} INFO - Setting next_dagrun for example_xcom_args to None, run_after=None
[2024-10-12T08:02:36.296+0000] {logging_mixin.py:190} INFO - [2024-10-12T08:02:36.296+0000] {dag.py:4180} INFO - Setting next_dagrun for example_xcom_args_with_operators to None, run_after=None
[2024-10-12T08:02:36.335+0000] {processor.py:208} INFO - Processing /home/vboxuser/airflow_venv/lib/python3.12/site-packages/airflow/example_dags/example_xcomargs.py took 0.121 seconds
[2024-10-12T08:03:37.994+0000] {processor.py:186} INFO - Started process (PID=13928) to work on /home/vboxuser/airflow_venv/lib/python3.12/site-packages/airflow/example_dags/example_xcomargs.py
[2024-10-12T08:03:37.997+0000] {processor.py:914} INFO - Processing file /home/vboxuser/airflow_venv/lib/python3.12/site-packages/airflow/example_dags/example_xcomargs.py for tasks to queue
[2024-10-12T08:03:38.002+0000] {logging_mixin.py:190} INFO - [2024-10-12T08:03:38.001+0000] {dagbag.py:588} INFO - Filling up the DagBag from /home/vboxuser/airflow_venv/lib/python3.12/site-packages/airflow/example_dags/example_xcomargs.py
[2024-10-12T08:03:38.027+0000] {processor.py:925} INFO - DAG(s) 'example_xcom_args', 'example_xcom_args_with_operators' retrieved from /home/vboxuser/airflow_venv/lib/python3.12/site-packages/airflow/example_dags/example_xcomargs.py
[2024-10-12T08:03:38.059+0000] {logging_mixin.py:190} INFO - [2024-10-12T08:03:38.059+0000] {dag.py:3239} INFO - Sync 2 DAGs
[2024-10-12T08:03:38.076+0000] {logging_mixin.py:190} INFO - [2024-10-12T08:03:38.076+0000] {dag.py:4180} INFO - Setting next_dagrun for example_xcom_args to None, run_after=None
[2024-10-12T08:03:38.081+0000] {logging_mixin.py:190} INFO - [2024-10-12T08:03:38.081+0000] {dag.py:4180} INFO - Setting next_dagrun for example_xcom_args_with_operators to None, run_after=None
[2024-10-12T08:03:38.120+0000] {processor.py:208} INFO - Processing /home/vboxuser/airflow_venv/lib/python3.12/site-packages/airflow/example_dags/example_xcomargs.py took 0.135 seconds
[2024-10-12T08:04:48.245+0000] {processor.py:186} INFO - Started process (PID=14002) to work on /home/vboxuser/airflow_venv/lib/python3.12/site-packages/airflow/example_dags/example_xcomargs.py
[2024-10-12T08:04:48.247+0000] {processor.py:914} INFO - Processing file /home/vboxuser/airflow_venv/lib/python3.12/site-packages/airflow/example_dags/example_xcomargs.py for tasks to queue
[2024-10-12T08:04:48.251+0000] {logging_mixin.py:190} INFO - [2024-10-12T08:04:48.250+0000] {dagbag.py:588} INFO - Filling up the DagBag from /home/vboxuser/airflow_venv/lib/python3.12/site-packages/airflow/example_dags/example_xcomargs.py
[2024-10-12T08:04:48.267+0000] {processor.py:925} INFO - DAG(s) 'example_xcom_args', 'example_xcom_args_with_operators' retrieved from /home/vboxuser/airflow_venv/lib/python3.12/site-packages/airflow/example_dags/example_xcomargs.py
[2024-10-12T08:04:48.293+0000] {logging_mixin.py:190} INFO - [2024-10-12T08:04:48.293+0000] {dag.py:3239} INFO - Sync 2 DAGs
[2024-10-12T08:04:48.313+0000] {logging_mixin.py:190} INFO - [2024-10-12T08:04:48.312+0000] {dag.py:4180} INFO - Setting next_dagrun for example_xcom_args to None, run_after=None
[2024-10-12T08:04:48.318+0000] {logging_mixin.py:190} INFO - [2024-10-12T08:04:48.318+0000] {dag.py:4180} INFO - Setting next_dagrun for example_xcom_args_with_operators to None, run_after=None
[2024-10-12T08:04:48.358+0000] {processor.py:208} INFO - Processing /home/vboxuser/airflow_venv/lib/python3.12/site-packages/airflow/example_dags/example_xcomargs.py took 0.124 seconds
[2024-10-12T08:05:57.806+0000] {processor.py:186} INFO - Started process (PID=14072) to work on /home/vboxuser/airflow_venv/lib/python3.12/site-packages/airflow/example_dags/example_xcomargs.py
[2024-10-12T08:05:57.811+0000] {processor.py:914} INFO - Processing file /home/vboxuser/airflow_venv/lib/python3.12/site-packages/airflow/example_dags/example_xcomargs.py for tasks to queue
[2024-10-12T08:05:57.818+0000] {logging_mixin.py:190} INFO - [2024-10-12T08:05:57.817+0000] {dagbag.py:588} INFO - Filling up the DagBag from /home/vboxuser/airflow_venv/lib/python3.12/site-packages/airflow/example_dags/example_xcomargs.py
[2024-10-12T08:05:57.852+0000] {processor.py:925} INFO - DAG(s) 'example_xcom_args', 'example_xcom_args_with_operators' retrieved from /home/vboxuser/airflow_venv/lib/python3.12/site-packages/airflow/example_dags/example_xcomargs.py
[2024-10-12T08:05:57.910+0000] {logging_mixin.py:190} INFO - [2024-10-12T08:05:57.909+0000] {dag.py:3239} INFO - Sync 2 DAGs
[2024-10-12T08:05:57.939+0000] {logging_mixin.py:190} INFO - [2024-10-12T08:05:57.938+0000] {dag.py:4180} INFO - Setting next_dagrun for example_xcom_args to None, run_after=None
[2024-10-12T08:05:57.946+0000] {logging_mixin.py:190} INFO - [2024-10-12T08:05:57.945+0000] {dag.py:4180} INFO - Setting next_dagrun for example_xcom_args_with_operators to None, run_after=None
[2024-10-12T08:05:57.999+0000] {processor.py:208} INFO - Processing /home/vboxuser/airflow_venv/lib/python3.12/site-packages/airflow/example_dags/example_xcomargs.py took 0.212 seconds
[2024-10-12T08:07:12.850+0000] {processor.py:186} INFO - Started process (PID=14137) to work on /home/vboxuser/airflow_venv/lib/python3.12/site-packages/airflow/example_dags/example_xcomargs.py
[2024-10-12T08:07:12.856+0000] {processor.py:914} INFO - Processing file /home/vboxuser/airflow_venv/lib/python3.12/site-packages/airflow/example_dags/example_xcomargs.py for tasks to queue
[2024-10-12T08:07:12.861+0000] {logging_mixin.py:190} INFO - [2024-10-12T08:07:12.860+0000] {dagbag.py:588} INFO - Filling up the DagBag from /home/vboxuser/airflow_venv/lib/python3.12/site-packages/airflow/example_dags/example_xcomargs.py
[2024-10-12T08:07:12.888+0000] {processor.py:925} INFO - DAG(s) 'example_xcom_args_with_operators', 'example_xcom_args' retrieved from /home/vboxuser/airflow_venv/lib/python3.12/site-packages/airflow/example_dags/example_xcomargs.py
[2024-10-12T08:07:12.929+0000] {logging_mixin.py:190} INFO - [2024-10-12T08:07:12.929+0000] {dag.py:3239} INFO - Sync 2 DAGs
[2024-10-12T08:07:12.962+0000] {logging_mixin.py:190} INFO - [2024-10-12T08:07:12.961+0000] {dag.py:4180} INFO - Setting next_dagrun for example_xcom_args to None, run_after=None
[2024-10-12T08:07:12.968+0000] {logging_mixin.py:190} INFO - [2024-10-12T08:07:12.968+0000] {dag.py:4180} INFO - Setting next_dagrun for example_xcom_args_with_operators to None, run_after=None
[2024-10-12T08:07:13.017+0000] {processor.py:208} INFO - Processing /home/vboxuser/airflow_venv/lib/python3.12/site-packages/airflow/example_dags/example_xcomargs.py took 0.180 seconds
[2024-10-12T08:08:26.596+0000] {processor.py:186} INFO - Started process (PID=14205) to work on /home/vboxuser/airflow_venv/lib/python3.12/site-packages/airflow/example_dags/example_xcomargs.py
[2024-10-12T08:08:26.602+0000] {processor.py:914} INFO - Processing file /home/vboxuser/airflow_venv/lib/python3.12/site-packages/airflow/example_dags/example_xcomargs.py for tasks to queue
[2024-10-12T08:08:26.609+0000] {logging_mixin.py:190} INFO - [2024-10-12T08:08:26.608+0000] {dagbag.py:588} INFO - Filling up the DagBag from /home/vboxuser/airflow_venv/lib/python3.12/site-packages/airflow/example_dags/example_xcomargs.py
[2024-10-12T08:08:26.635+0000] {processor.py:925} INFO - DAG(s) 'example_xcom_args_with_operators', 'example_xcom_args' retrieved from /home/vboxuser/airflow_venv/lib/python3.12/site-packages/airflow/example_dags/example_xcomargs.py
[2024-10-12T08:08:26.680+0000] {logging_mixin.py:190} INFO - [2024-10-12T08:08:26.680+0000] {dag.py:3239} INFO - Sync 2 DAGs
[2024-10-12T08:08:26.717+0000] {logging_mixin.py:190} INFO - [2024-10-12T08:08:26.716+0000] {dag.py:4180} INFO - Setting next_dagrun for example_xcom_args to None, run_after=None
[2024-10-12T08:08:26.724+0000] {logging_mixin.py:190} INFO - [2024-10-12T08:08:26.724+0000] {dag.py:4180} INFO - Setting next_dagrun for example_xcom_args_with_operators to None, run_after=None
[2024-10-12T08:08:26.789+0000] {processor.py:208} INFO - Processing /home/vboxuser/airflow_venv/lib/python3.12/site-packages/airflow/example_dags/example_xcomargs.py took 0.210 seconds
[2024-10-12T08:09:43.899+0000] {processor.py:186} INFO - Started process (PID=14269) to work on /home/vboxuser/airflow_venv/lib/python3.12/site-packages/airflow/example_dags/example_xcomargs.py
[2024-10-12T08:09:43.906+0000] {processor.py:914} INFO - Processing file /home/vboxuser/airflow_venv/lib/python3.12/site-packages/airflow/example_dags/example_xcomargs.py for tasks to queue
[2024-10-12T08:09:43.911+0000] {logging_mixin.py:190} INFO - [2024-10-12T08:09:43.910+0000] {dagbag.py:588} INFO - Filling up the DagBag from /home/vboxuser/airflow_venv/lib/python3.12/site-packages/airflow/example_dags/example_xcomargs.py
[2024-10-12T08:09:43.934+0000] {processor.py:925} INFO - DAG(s) 'example_xcom_args_with_operators', 'example_xcom_args' retrieved from /home/vboxuser/airflow_venv/lib/python3.12/site-packages/airflow/example_dags/example_xcomargs.py
[2024-10-12T08:09:43.960+0000] {logging_mixin.py:190} INFO - [2024-10-12T08:09:43.960+0000] {dag.py:3239} INFO - Sync 2 DAGs
[2024-10-12T08:09:43.984+0000] {logging_mixin.py:190} INFO - [2024-10-12T08:09:43.984+0000] {dag.py:4180} INFO - Setting next_dagrun for example_xcom_args to None, run_after=None
[2024-10-12T08:09:43.991+0000] {logging_mixin.py:190} INFO - [2024-10-12T08:09:43.991+0000] {dag.py:4180} INFO - Setting next_dagrun for example_xcom_args_with_operators to None, run_after=None
[2024-10-12T08:09:44.049+0000] {processor.py:208} INFO - Processing /home/vboxuser/airflow_venv/lib/python3.12/site-packages/airflow/example_dags/example_xcomargs.py took 0.165 seconds
[2024-10-12T08:10:59.196+0000] {processor.py:186} INFO - Started process (PID=14337) to work on /home/vboxuser/airflow_venv/lib/python3.12/site-packages/airflow/example_dags/example_xcomargs.py
[2024-10-12T08:10:59.201+0000] {processor.py:914} INFO - Processing file /home/vboxuser/airflow_venv/lib/python3.12/site-packages/airflow/example_dags/example_xcomargs.py for tasks to queue
[2024-10-12T08:10:59.208+0000] {logging_mixin.py:190} INFO - [2024-10-12T08:10:59.206+0000] {dagbag.py:588} INFO - Filling up the DagBag from /home/vboxuser/airflow_venv/lib/python3.12/site-packages/airflow/example_dags/example_xcomargs.py
[2024-10-12T08:10:59.231+0000] {processor.py:925} INFO - DAG(s) 'example_xcom_args_with_operators', 'example_xcom_args' retrieved from /home/vboxuser/airflow_venv/lib/python3.12/site-packages/airflow/example_dags/example_xcomargs.py
[2024-10-12T08:10:59.269+0000] {logging_mixin.py:190} INFO - [2024-10-12T08:10:59.269+0000] {dag.py:3239} INFO - Sync 2 DAGs
[2024-10-12T08:10:59.297+0000] {logging_mixin.py:190} INFO - [2024-10-12T08:10:59.297+0000] {dag.py:4180} INFO - Setting next_dagrun for example_xcom_args to None, run_after=None
[2024-10-12T08:10:59.304+0000] {logging_mixin.py:190} INFO - [2024-10-12T08:10:59.304+0000] {dag.py:4180} INFO - Setting next_dagrun for example_xcom_args_with_operators to None, run_after=None
[2024-10-12T08:10:59.356+0000] {processor.py:208} INFO - Processing /home/vboxuser/airflow_venv/lib/python3.12/site-packages/airflow/example_dags/example_xcomargs.py took 0.173 seconds
[2024-10-12T08:12:05.349+0000] {processor.py:186} INFO - Started process (PID=14397) to work on /home/vboxuser/airflow_venv/lib/python3.12/site-packages/airflow/example_dags/example_xcomargs.py
[2024-10-12T08:12:05.353+0000] {processor.py:914} INFO - Processing file /home/vboxuser/airflow_venv/lib/python3.12/site-packages/airflow/example_dags/example_xcomargs.py for tasks to queue
[2024-10-12T08:12:05.358+0000] {logging_mixin.py:190} INFO - [2024-10-12T08:12:05.357+0000] {dagbag.py:588} INFO - Filling up the DagBag from /home/vboxuser/airflow_venv/lib/python3.12/site-packages/airflow/example_dags/example_xcomargs.py
[2024-10-12T08:12:05.379+0000] {processor.py:925} INFO - DAG(s) 'example_xcom_args', 'example_xcom_args_with_operators' retrieved from /home/vboxuser/airflow_venv/lib/python3.12/site-packages/airflow/example_dags/example_xcomargs.py
[2024-10-12T08:12:05.416+0000] {logging_mixin.py:190} INFO - [2024-10-12T08:12:05.416+0000] {dag.py:3239} INFO - Sync 2 DAGs
[2024-10-12T08:12:05.440+0000] {logging_mixin.py:190} INFO - [2024-10-12T08:12:05.440+0000] {dag.py:4180} INFO - Setting next_dagrun for example_xcom_args to None, run_after=None
[2024-10-12T08:12:05.445+0000] {logging_mixin.py:190} INFO - [2024-10-12T08:12:05.445+0000] {dag.py:4180} INFO - Setting next_dagrun for example_xcom_args_with_operators to None, run_after=None
[2024-10-12T08:12:05.487+0000] {processor.py:208} INFO - Processing /home/vboxuser/airflow_venv/lib/python3.12/site-packages/airflow/example_dags/example_xcomargs.py took 0.150 seconds
[2024-10-12T08:13:15.228+0000] {processor.py:186} INFO - Started process (PID=14459) to work on /home/vboxuser/airflow_venv/lib/python3.12/site-packages/airflow/example_dags/example_xcomargs.py
[2024-10-12T08:13:15.232+0000] {processor.py:914} INFO - Processing file /home/vboxuser/airflow_venv/lib/python3.12/site-packages/airflow/example_dags/example_xcomargs.py for tasks to queue
[2024-10-12T08:13:15.237+0000] {logging_mixin.py:190} INFO - [2024-10-12T08:13:15.236+0000] {dagbag.py:588} INFO - Filling up the DagBag from /home/vboxuser/airflow_venv/lib/python3.12/site-packages/airflow/example_dags/example_xcomargs.py
[2024-10-12T08:13:15.262+0000] {processor.py:925} INFO - DAG(s) 'example_xcom_args', 'example_xcom_args_with_operators' retrieved from /home/vboxuser/airflow_venv/lib/python3.12/site-packages/airflow/example_dags/example_xcomargs.py
[2024-10-12T08:13:15.303+0000] {logging_mixin.py:190} INFO - [2024-10-12T08:13:15.303+0000] {dag.py:3239} INFO - Sync 2 DAGs
[2024-10-12T08:13:15.332+0000] {logging_mixin.py:190} INFO - [2024-10-12T08:13:15.331+0000] {dag.py:4180} INFO - Setting next_dagrun for example_xcom_args to None, run_after=None
[2024-10-12T08:13:15.339+0000] {logging_mixin.py:190} INFO - [2024-10-12T08:13:15.339+0000] {dag.py:4180} INFO - Setting next_dagrun for example_xcom_args_with_operators to None, run_after=None
[2024-10-12T08:13:15.390+0000] {processor.py:208} INFO - Processing /home/vboxuser/airflow_venv/lib/python3.12/site-packages/airflow/example_dags/example_xcomargs.py took 0.175 seconds
[2024-10-12T08:14:29.673+0000] {processor.py:186} INFO - Started process (PID=14521) to work on /home/vboxuser/airflow_venv/lib/python3.12/site-packages/airflow/example_dags/example_xcomargs.py
[2024-10-12T08:14:29.676+0000] {processor.py:914} INFO - Processing file /home/vboxuser/airflow_venv/lib/python3.12/site-packages/airflow/example_dags/example_xcomargs.py for tasks to queue
[2024-10-12T08:14:29.681+0000] {logging_mixin.py:190} INFO - [2024-10-12T08:14:29.680+0000] {dagbag.py:588} INFO - Filling up the DagBag from /home/vboxuser/airflow_venv/lib/python3.12/site-packages/airflow/example_dags/example_xcomargs.py
[2024-10-12T08:14:29.705+0000] {processor.py:925} INFO - DAG(s) 'example_xcom_args', 'example_xcom_args_with_operators' retrieved from /home/vboxuser/airflow_venv/lib/python3.12/site-packages/airflow/example_dags/example_xcomargs.py
[2024-10-12T08:14:29.740+0000] {logging_mixin.py:190} INFO - [2024-10-12T08:14:29.739+0000] {dag.py:3239} INFO - Sync 2 DAGs
[2024-10-12T08:14:29.758+0000] {logging_mixin.py:190} INFO - [2024-10-12T08:14:29.758+0000] {dag.py:4180} INFO - Setting next_dagrun for example_xcom_args to None, run_after=None
[2024-10-12T08:14:29.762+0000] {logging_mixin.py:190} INFO - [2024-10-12T08:14:29.762+0000] {dag.py:4180} INFO - Setting next_dagrun for example_xcom_args_with_operators to None, run_after=None
[2024-10-12T08:14:29.808+0000] {processor.py:208} INFO - Processing /home/vboxuser/airflow_venv/lib/python3.12/site-packages/airflow/example_dags/example_xcomargs.py took 0.150 seconds
[2024-10-12T08:15:44.086+0000] {processor.py:186} INFO - Started process (PID=14587) to work on /home/vboxuser/airflow_venv/lib/python3.12/site-packages/airflow/example_dags/example_xcomargs.py
[2024-10-12T08:15:44.093+0000] {processor.py:914} INFO - Processing file /home/vboxuser/airflow_venv/lib/python3.12/site-packages/airflow/example_dags/example_xcomargs.py for tasks to queue
[2024-10-12T08:15:44.100+0000] {logging_mixin.py:190} INFO - [2024-10-12T08:15:44.099+0000] {dagbag.py:588} INFO - Filling up the DagBag from /home/vboxuser/airflow_venv/lib/python3.12/site-packages/airflow/example_dags/example_xcomargs.py
[2024-10-12T08:15:44.125+0000] {processor.py:925} INFO - DAG(s) 'example_xcom_args_with_operators', 'example_xcom_args' retrieved from /home/vboxuser/airflow_venv/lib/python3.12/site-packages/airflow/example_dags/example_xcomargs.py
[2024-10-12T08:15:44.163+0000] {logging_mixin.py:190} INFO - [2024-10-12T08:15:44.163+0000] {dag.py:3239} INFO - Sync 2 DAGs
[2024-10-12T08:15:44.192+0000] {logging_mixin.py:190} INFO - [2024-10-12T08:15:44.192+0000] {dag.py:4180} INFO - Setting next_dagrun for example_xcom_args to None, run_after=None
[2024-10-12T08:15:44.199+0000] {logging_mixin.py:190} INFO - [2024-10-12T08:15:44.199+0000] {dag.py:4180} INFO - Setting next_dagrun for example_xcom_args_with_operators to None, run_after=None
[2024-10-12T08:15:44.253+0000] {processor.py:208} INFO - Processing /home/vboxuser/airflow_venv/lib/python3.12/site-packages/airflow/example_dags/example_xcomargs.py took 0.181 seconds
[2024-10-12T08:16:57.118+0000] {processor.py:186} INFO - Started process (PID=14650) to work on /home/vboxuser/airflow_venv/lib/python3.12/site-packages/airflow/example_dags/example_xcomargs.py
[2024-10-12T08:16:57.125+0000] {processor.py:914} INFO - Processing file /home/vboxuser/airflow_venv/lib/python3.12/site-packages/airflow/example_dags/example_xcomargs.py for tasks to queue
[2024-10-12T08:16:57.130+0000] {logging_mixin.py:190} INFO - [2024-10-12T08:16:57.129+0000] {dagbag.py:588} INFO - Filling up the DagBag from /home/vboxuser/airflow_venv/lib/python3.12/site-packages/airflow/example_dags/example_xcomargs.py
[2024-10-12T08:16:57.164+0000] {processor.py:925} INFO - DAG(s) 'example_xcom_args_with_operators', 'example_xcom_args' retrieved from /home/vboxuser/airflow_venv/lib/python3.12/site-packages/airflow/example_dags/example_xcomargs.py
[2024-10-12T08:16:57.208+0000] {logging_mixin.py:190} INFO - [2024-10-12T08:16:57.208+0000] {dag.py:3239} INFO - Sync 2 DAGs
[2024-10-12T08:16:57.241+0000] {logging_mixin.py:190} INFO - [2024-10-12T08:16:57.240+0000] {dag.py:4180} INFO - Setting next_dagrun for example_xcom_args to None, run_after=None
[2024-10-12T08:16:57.248+0000] {logging_mixin.py:190} INFO - [2024-10-12T08:16:57.248+0000] {dag.py:4180} INFO - Setting next_dagrun for example_xcom_args_with_operators to None, run_after=None
[2024-10-12T08:16:57.309+0000] {processor.py:208} INFO - Processing /home/vboxuser/airflow_venv/lib/python3.12/site-packages/airflow/example_dags/example_xcomargs.py took 0.209 seconds
