[2024-10-12T07:09:16.098+0000] {processor.py:186} INFO - Started process (PID=11326) to work on /home/vboxuser/airflow_venv/lib/python3.12/site-packages/airflow/example_dags/example_setup_teardown_taskflow.py
[2024-10-12T07:09:16.100+0000] {processor.py:914} INFO - Processing file /home/vboxuser/airflow_venv/lib/python3.12/site-packages/airflow/example_dags/example_setup_teardown_taskflow.py for tasks to queue
[2024-10-12T07:09:16.103+0000] {logging_mixin.py:190} INFO - [2024-10-12T07:09:16.103+0000] {dagbag.py:588} INFO - Filling up the DagBag from /home/vboxuser/airflow_venv/lib/python3.12/site-packages/airflow/example_dags/example_setup_teardown_taskflow.py
[2024-10-12T07:09:16.121+0000] {processor.py:925} INFO - DAG(s) 'example_setup_teardown_taskflow' retrieved from /home/vboxuser/airflow_venv/lib/python3.12/site-packages/airflow/example_dags/example_setup_teardown_taskflow.py
[2024-10-12T07:09:16.256+0000] {logging_mixin.py:190} INFO - [2024-10-12T07:09:16.256+0000] {override.py:1901} INFO - Created Permission View: can delete on DAG:example_setup_teardown_taskflow
[2024-10-12T07:09:16.277+0000] {logging_mixin.py:190} INFO - [2024-10-12T07:09:16.277+0000] {override.py:1901} INFO - Created Permission View: can read on DAG:example_setup_teardown_taskflow
[2024-10-12T07:09:16.294+0000] {logging_mixin.py:190} INFO - [2024-10-12T07:09:16.293+0000] {override.py:1901} INFO - Created Permission View: can edit on DAG:example_setup_teardown_taskflow
[2024-10-12T07:09:16.321+0000] {logging_mixin.py:190} INFO - [2024-10-12T07:09:16.321+0000] {override.py:1901} INFO - Created Permission View: can delete on DAG Run:example_setup_teardown_taskflow
[2024-10-12T07:09:16.338+0000] {logging_mixin.py:190} INFO - [2024-10-12T07:09:16.337+0000] {override.py:1901} INFO - Created Permission View: can read on DAG Run:example_setup_teardown_taskflow
[2024-10-12T07:09:16.353+0000] {logging_mixin.py:190} INFO - [2024-10-12T07:09:16.352+0000] {override.py:1901} INFO - Created Permission View: menu access on DAG Run:example_setup_teardown_taskflow
[2024-10-12T07:09:16.370+0000] {logging_mixin.py:190} INFO - [2024-10-12T07:09:16.369+0000] {override.py:1901} INFO - Created Permission View: can create on DAG Run:example_setup_teardown_taskflow
[2024-10-12T07:09:16.370+0000] {logging_mixin.py:190} INFO - [2024-10-12T07:09:16.370+0000] {dag.py:3239} INFO - Sync 1 DAGs
[2024-10-12T07:09:16.382+0000] {logging_mixin.py:190} INFO - [2024-10-12T07:09:16.382+0000] {dag.py:3262} INFO - Creating ORM DAG for example_setup_teardown_taskflow
[2024-10-12T07:09:16.383+0000] {logging_mixin.py:190} INFO - [2024-10-12T07:09:16.383+0000] {dag.py:4180} INFO - Setting next_dagrun for example_setup_teardown_taskflow to None, run_after=None
[2024-10-12T07:09:16.412+0000] {processor.py:208} INFO - Processing /home/vboxuser/airflow_venv/lib/python3.12/site-packages/airflow/example_dags/example_setup_teardown_taskflow.py took 0.326 seconds
[2024-10-12T07:10:30.459+0000] {processor.py:186} INFO - Started process (PID=11397) to work on /home/vboxuser/airflow_venv/lib/python3.12/site-packages/airflow/example_dags/example_setup_teardown_taskflow.py
[2024-10-12T07:10:30.463+0000] {processor.py:914} INFO - Processing file /home/vboxuser/airflow_venv/lib/python3.12/site-packages/airflow/example_dags/example_setup_teardown_taskflow.py for tasks to queue
[2024-10-12T07:10:30.465+0000] {logging_mixin.py:190} INFO - [2024-10-12T07:10:30.465+0000] {dagbag.py:588} INFO - Filling up the DagBag from /home/vboxuser/airflow_venv/lib/python3.12/site-packages/airflow/example_dags/example_setup_teardown_taskflow.py
[2024-10-12T07:10:30.480+0000] {processor.py:925} INFO - DAG(s) 'example_setup_teardown_taskflow' retrieved from /home/vboxuser/airflow_venv/lib/python3.12/site-packages/airflow/example_dags/example_setup_teardown_taskflow.py
[2024-10-12T07:10:30.511+0000] {logging_mixin.py:190} INFO - [2024-10-12T07:10:30.511+0000] {dag.py:3239} INFO - Sync 1 DAGs
[2024-10-12T07:10:30.526+0000] {logging_mixin.py:190} INFO - [2024-10-12T07:10:30.525+0000] {dag.py:4180} INFO - Setting next_dagrun for example_setup_teardown_taskflow to None, run_after=None
[2024-10-12T07:10:30.565+0000] {processor.py:208} INFO - Processing /home/vboxuser/airflow_venv/lib/python3.12/site-packages/airflow/example_dags/example_setup_teardown_taskflow.py took 0.116 seconds
[2024-10-12T07:11:33.481+0000] {processor.py:186} INFO - Started process (PID=11454) to work on /home/vboxuser/airflow_venv/lib/python3.12/site-packages/airflow/example_dags/example_setup_teardown_taskflow.py
[2024-10-12T07:11:33.483+0000] {processor.py:914} INFO - Processing file /home/vboxuser/airflow_venv/lib/python3.12/site-packages/airflow/example_dags/example_setup_teardown_taskflow.py for tasks to queue
[2024-10-12T07:11:33.485+0000] {logging_mixin.py:190} INFO - [2024-10-12T07:11:33.485+0000] {dagbag.py:588} INFO - Filling up the DagBag from /home/vboxuser/airflow_venv/lib/python3.12/site-packages/airflow/example_dags/example_setup_teardown_taskflow.py
[2024-10-12T07:11:33.499+0000] {processor.py:925} INFO - DAG(s) 'example_setup_teardown_taskflow' retrieved from /home/vboxuser/airflow_venv/lib/python3.12/site-packages/airflow/example_dags/example_setup_teardown_taskflow.py
[2024-10-12T07:11:33.519+0000] {logging_mixin.py:190} INFO - [2024-10-12T07:11:33.519+0000] {dag.py:3239} INFO - Sync 1 DAGs
[2024-10-12T07:11:33.533+0000] {logging_mixin.py:190} INFO - [2024-10-12T07:11:33.533+0000] {dag.py:4180} INFO - Setting next_dagrun for example_setup_teardown_taskflow to None, run_after=None
[2024-10-12T07:11:33.571+0000] {processor.py:208} INFO - Processing /home/vboxuser/airflow_venv/lib/python3.12/site-packages/airflow/example_dags/example_setup_teardown_taskflow.py took 0.100 seconds
[2024-10-12T07:12:35.935+0000] {processor.py:186} INFO - Started process (PID=11512) to work on /home/vboxuser/airflow_venv/lib/python3.12/site-packages/airflow/example_dags/example_setup_teardown_taskflow.py
[2024-10-12T07:12:35.938+0000] {processor.py:914} INFO - Processing file /home/vboxuser/airflow_venv/lib/python3.12/site-packages/airflow/example_dags/example_setup_teardown_taskflow.py for tasks to queue
[2024-10-12T07:12:35.940+0000] {logging_mixin.py:190} INFO - [2024-10-12T07:12:35.939+0000] {dagbag.py:588} INFO - Filling up the DagBag from /home/vboxuser/airflow_venv/lib/python3.12/site-packages/airflow/example_dags/example_setup_teardown_taskflow.py
[2024-10-12T07:12:35.957+0000] {processor.py:925} INFO - DAG(s) 'example_setup_teardown_taskflow' retrieved from /home/vboxuser/airflow_venv/lib/python3.12/site-packages/airflow/example_dags/example_setup_teardown_taskflow.py
[2024-10-12T07:12:35.977+0000] {logging_mixin.py:190} INFO - [2024-10-12T07:12:35.976+0000] {dag.py:3239} INFO - Sync 1 DAGs
[2024-10-12T07:12:35.990+0000] {logging_mixin.py:190} INFO - [2024-10-12T07:12:35.990+0000] {dag.py:4180} INFO - Setting next_dagrun for example_setup_teardown_taskflow to None, run_after=None
[2024-10-12T07:12:36.025+0000] {processor.py:208} INFO - Processing /home/vboxuser/airflow_venv/lib/python3.12/site-packages/airflow/example_dags/example_setup_teardown_taskflow.py took 0.098 seconds
[2024-10-12T07:13:39.652+0000] {processor.py:186} INFO - Started process (PID=11648) to work on /home/vboxuser/airflow_venv/lib/python3.12/site-packages/airflow/example_dags/example_setup_teardown_taskflow.py
[2024-10-12T07:13:39.655+0000] {processor.py:914} INFO - Processing file /home/vboxuser/airflow_venv/lib/python3.12/site-packages/airflow/example_dags/example_setup_teardown_taskflow.py for tasks to queue
[2024-10-12T07:13:39.659+0000] {logging_mixin.py:190} INFO - [2024-10-12T07:13:39.658+0000] {dagbag.py:588} INFO - Filling up the DagBag from /home/vboxuser/airflow_venv/lib/python3.12/site-packages/airflow/example_dags/example_setup_teardown_taskflow.py
[2024-10-12T07:13:39.682+0000] {processor.py:925} INFO - DAG(s) 'example_setup_teardown_taskflow' retrieved from /home/vboxuser/airflow_venv/lib/python3.12/site-packages/airflow/example_dags/example_setup_teardown_taskflow.py
[2024-10-12T07:13:39.708+0000] {logging_mixin.py:190} INFO - [2024-10-12T07:13:39.708+0000] {dag.py:3239} INFO - Sync 1 DAGs
[2024-10-12T07:13:39.722+0000] {logging_mixin.py:190} INFO - [2024-10-12T07:13:39.721+0000] {dag.py:4180} INFO - Setting next_dagrun for example_setup_teardown_taskflow to None, run_after=None
[2024-10-12T07:13:39.759+0000] {processor.py:208} INFO - Processing /home/vboxuser/airflow_venv/lib/python3.12/site-packages/airflow/example_dags/example_setup_teardown_taskflow.py took 0.115 seconds
[2024-10-12T07:14:46.463+0000] {processor.py:186} INFO - Started process (PID=11713) to work on /home/vboxuser/airflow_venv/lib/python3.12/site-packages/airflow/example_dags/example_setup_teardown_taskflow.py
[2024-10-12T07:14:46.468+0000] {processor.py:914} INFO - Processing file /home/vboxuser/airflow_venv/lib/python3.12/site-packages/airflow/example_dags/example_setup_teardown_taskflow.py for tasks to queue
[2024-10-12T07:14:46.470+0000] {logging_mixin.py:190} INFO - [2024-10-12T07:14:46.470+0000] {dagbag.py:588} INFO - Filling up the DagBag from /home/vboxuser/airflow_venv/lib/python3.12/site-packages/airflow/example_dags/example_setup_teardown_taskflow.py
[2024-10-12T07:14:46.482+0000] {processor.py:925} INFO - DAG(s) 'example_setup_teardown_taskflow' retrieved from /home/vboxuser/airflow_venv/lib/python3.12/site-packages/airflow/example_dags/example_setup_teardown_taskflow.py
[2024-10-12T07:14:46.505+0000] {logging_mixin.py:190} INFO - [2024-10-12T07:14:46.505+0000] {dag.py:3239} INFO - Sync 1 DAGs
[2024-10-12T07:14:46.521+0000] {logging_mixin.py:190} INFO - [2024-10-12T07:14:46.520+0000] {dag.py:4180} INFO - Setting next_dagrun for example_setup_teardown_taskflow to None, run_after=None
[2024-10-12T07:14:46.686+0000] {processor.py:208} INFO - Processing /home/vboxuser/airflow_venv/lib/python3.12/site-packages/airflow/example_dags/example_setup_teardown_taskflow.py took 0.229 seconds
[2024-10-12T07:16:04.226+0000] {processor.py:186} INFO - Started process (PID=11790) to work on /home/vboxuser/airflow_venv/lib/python3.12/site-packages/airflow/example_dags/example_setup_teardown_taskflow.py
[2024-10-12T07:16:04.230+0000] {processor.py:914} INFO - Processing file /home/vboxuser/airflow_venv/lib/python3.12/site-packages/airflow/example_dags/example_setup_teardown_taskflow.py for tasks to queue
[2024-10-12T07:16:04.234+0000] {logging_mixin.py:190} INFO - [2024-10-12T07:16:04.233+0000] {dagbag.py:588} INFO - Filling up the DagBag from /home/vboxuser/airflow_venv/lib/python3.12/site-packages/airflow/example_dags/example_setup_teardown_taskflow.py
[2024-10-12T07:16:04.249+0000] {processor.py:925} INFO - DAG(s) 'example_setup_teardown_taskflow' retrieved from /home/vboxuser/airflow_venv/lib/python3.12/site-packages/airflow/example_dags/example_setup_teardown_taskflow.py
[2024-10-12T07:16:04.273+0000] {logging_mixin.py:190} INFO - [2024-10-12T07:16:04.272+0000] {dag.py:3239} INFO - Sync 1 DAGs
[2024-10-12T07:16:04.288+0000] {logging_mixin.py:190} INFO - [2024-10-12T07:16:04.288+0000] {dag.py:4180} INFO - Setting next_dagrun for example_setup_teardown_taskflow to None, run_after=None
[2024-10-12T07:16:04.328+0000] {processor.py:208} INFO - Processing /home/vboxuser/airflow_venv/lib/python3.12/site-packages/airflow/example_dags/example_setup_teardown_taskflow.py took 0.118 seconds
[2024-10-12T07:17:04.341+0000] {processor.py:186} INFO - Started process (PID=11849) to work on /home/vboxuser/airflow_venv/lib/python3.12/site-packages/airflow/example_dags/example_setup_teardown_taskflow.py
[2024-10-12T07:17:04.344+0000] {processor.py:914} INFO - Processing file /home/vboxuser/airflow_venv/lib/python3.12/site-packages/airflow/example_dags/example_setup_teardown_taskflow.py for tasks to queue
[2024-10-12T07:17:04.347+0000] {logging_mixin.py:190} INFO - [2024-10-12T07:17:04.346+0000] {dagbag.py:588} INFO - Filling up the DagBag from /home/vboxuser/airflow_venv/lib/python3.12/site-packages/airflow/example_dags/example_setup_teardown_taskflow.py
[2024-10-12T07:17:04.359+0000] {processor.py:925} INFO - DAG(s) 'example_setup_teardown_taskflow' retrieved from /home/vboxuser/airflow_venv/lib/python3.12/site-packages/airflow/example_dags/example_setup_teardown_taskflow.py
[2024-10-12T07:17:04.380+0000] {logging_mixin.py:190} INFO - [2024-10-12T07:17:04.380+0000] {dag.py:3239} INFO - Sync 1 DAGs
[2024-10-12T07:17:04.394+0000] {logging_mixin.py:190} INFO - [2024-10-12T07:17:04.394+0000] {dag.py:4180} INFO - Setting next_dagrun for example_setup_teardown_taskflow to None, run_after=None
[2024-10-12T07:17:04.426+0000] {processor.py:208} INFO - Processing /home/vboxuser/airflow_venv/lib/python3.12/site-packages/airflow/example_dags/example_setup_teardown_taskflow.py took 0.091 seconds
[2024-10-12T07:18:09.468+0000] {processor.py:186} INFO - Started process (PID=11909) to work on /home/vboxuser/airflow_venv/lib/python3.12/site-packages/airflow/example_dags/example_setup_teardown_taskflow.py
[2024-10-12T07:18:09.474+0000] {processor.py:914} INFO - Processing file /home/vboxuser/airflow_venv/lib/python3.12/site-packages/airflow/example_dags/example_setup_teardown_taskflow.py for tasks to queue
[2024-10-12T07:18:09.478+0000] {logging_mixin.py:190} INFO - [2024-10-12T07:18:09.478+0000] {dagbag.py:588} INFO - Filling up the DagBag from /home/vboxuser/airflow_venv/lib/python3.12/site-packages/airflow/example_dags/example_setup_teardown_taskflow.py
[2024-10-12T07:18:09.503+0000] {processor.py:925} INFO - DAG(s) 'example_setup_teardown_taskflow' retrieved from /home/vboxuser/airflow_venv/lib/python3.12/site-packages/airflow/example_dags/example_setup_teardown_taskflow.py
[2024-10-12T07:18:09.530+0000] {logging_mixin.py:190} INFO - [2024-10-12T07:18:09.530+0000] {dag.py:3239} INFO - Sync 1 DAGs
[2024-10-12T07:18:09.545+0000] {logging_mixin.py:190} INFO - [2024-10-12T07:18:09.545+0000] {dag.py:4180} INFO - Setting next_dagrun for example_setup_teardown_taskflow to None, run_after=None
[2024-10-12T07:18:09.579+0000] {processor.py:208} INFO - Processing /home/vboxuser/airflow_venv/lib/python3.12/site-packages/airflow/example_dags/example_setup_teardown_taskflow.py took 0.123 seconds
[2024-10-12T07:19:10.031+0000] {processor.py:186} INFO - Started process (PID=11966) to work on /home/vboxuser/airflow_venv/lib/python3.12/site-packages/airflow/example_dags/example_setup_teardown_taskflow.py
[2024-10-12T07:19:10.032+0000] {processor.py:914} INFO - Processing file /home/vboxuser/airflow_venv/lib/python3.12/site-packages/airflow/example_dags/example_setup_teardown_taskflow.py for tasks to queue
[2024-10-12T07:19:10.036+0000] {logging_mixin.py:190} INFO - [2024-10-12T07:19:10.035+0000] {dagbag.py:588} INFO - Filling up the DagBag from /home/vboxuser/airflow_venv/lib/python3.12/site-packages/airflow/example_dags/example_setup_teardown_taskflow.py
[2024-10-12T07:19:10.048+0000] {processor.py:925} INFO - DAG(s) 'example_setup_teardown_taskflow' retrieved from /home/vboxuser/airflow_venv/lib/python3.12/site-packages/airflow/example_dags/example_setup_teardown_taskflow.py
[2024-10-12T07:19:10.072+0000] {logging_mixin.py:190} INFO - [2024-10-12T07:19:10.071+0000] {dag.py:3239} INFO - Sync 1 DAGs
[2024-10-12T07:19:10.087+0000] {logging_mixin.py:190} INFO - [2024-10-12T07:19:10.087+0000] {dag.py:4180} INFO - Setting next_dagrun for example_setup_teardown_taskflow to None, run_after=None
[2024-10-12T07:19:10.138+0000] {processor.py:208} INFO - Processing /home/vboxuser/airflow_venv/lib/python3.12/site-packages/airflow/example_dags/example_setup_teardown_taskflow.py took 0.115 seconds
[2024-10-12T07:20:16.663+0000] {processor.py:186} INFO - Started process (PID=12029) to work on /home/vboxuser/airflow_venv/lib/python3.12/site-packages/airflow/example_dags/example_setup_teardown_taskflow.py
[2024-10-12T07:20:16.666+0000] {processor.py:914} INFO - Processing file /home/vboxuser/airflow_venv/lib/python3.12/site-packages/airflow/example_dags/example_setup_teardown_taskflow.py for tasks to queue
[2024-10-12T07:20:16.669+0000] {logging_mixin.py:190} INFO - [2024-10-12T07:20:16.668+0000] {dagbag.py:588} INFO - Filling up the DagBag from /home/vboxuser/airflow_venv/lib/python3.12/site-packages/airflow/example_dags/example_setup_teardown_taskflow.py
[2024-10-12T07:20:16.682+0000] {processor.py:925} INFO - DAG(s) 'example_setup_teardown_taskflow' retrieved from /home/vboxuser/airflow_venv/lib/python3.12/site-packages/airflow/example_dags/example_setup_teardown_taskflow.py
[2024-10-12T07:20:16.704+0000] {logging_mixin.py:190} INFO - [2024-10-12T07:20:16.704+0000] {dag.py:3239} INFO - Sync 1 DAGs
[2024-10-12T07:20:16.722+0000] {logging_mixin.py:190} INFO - [2024-10-12T07:20:16.722+0000] {dag.py:4180} INFO - Setting next_dagrun for example_setup_teardown_taskflow to None, run_after=None
[2024-10-12T07:20:16.756+0000] {processor.py:208} INFO - Processing /home/vboxuser/airflow_venv/lib/python3.12/site-packages/airflow/example_dags/example_setup_teardown_taskflow.py took 0.104 seconds
[2024-10-12T07:21:23.518+0000] {processor.py:186} INFO - Started process (PID=12091) to work on /home/vboxuser/airflow_venv/lib/python3.12/site-packages/airflow/example_dags/example_setup_teardown_taskflow.py
[2024-10-12T07:21:23.523+0000] {processor.py:914} INFO - Processing file /home/vboxuser/airflow_venv/lib/python3.12/site-packages/airflow/example_dags/example_setup_teardown_taskflow.py for tasks to queue
[2024-10-12T07:21:23.526+0000] {logging_mixin.py:190} INFO - [2024-10-12T07:21:23.525+0000] {dagbag.py:588} INFO - Filling up the DagBag from /home/vboxuser/airflow_venv/lib/python3.12/site-packages/airflow/example_dags/example_setup_teardown_taskflow.py
[2024-10-12T07:21:23.540+0000] {processor.py:925} INFO - DAG(s) 'example_setup_teardown_taskflow' retrieved from /home/vboxuser/airflow_venv/lib/python3.12/site-packages/airflow/example_dags/example_setup_teardown_taskflow.py
[2024-10-12T07:21:23.568+0000] {logging_mixin.py:190} INFO - [2024-10-12T07:21:23.568+0000] {dag.py:3239} INFO - Sync 1 DAGs
[2024-10-12T07:21:23.582+0000] {logging_mixin.py:190} INFO - [2024-10-12T07:21:23.582+0000] {dag.py:4180} INFO - Setting next_dagrun for example_setup_teardown_taskflow to None, run_after=None
[2024-10-12T07:21:23.616+0000] {processor.py:208} INFO - Processing /home/vboxuser/airflow_venv/lib/python3.12/site-packages/airflow/example_dags/example_setup_teardown_taskflow.py took 0.106 seconds
[2024-10-12T07:22:28.544+0000] {processor.py:186} INFO - Started process (PID=12150) to work on /home/vboxuser/airflow_venv/lib/python3.12/site-packages/airflow/example_dags/example_setup_teardown_taskflow.py
[2024-10-12T07:22:28.546+0000] {processor.py:914} INFO - Processing file /home/vboxuser/airflow_venv/lib/python3.12/site-packages/airflow/example_dags/example_setup_teardown_taskflow.py for tasks to queue
[2024-10-12T07:22:28.549+0000] {logging_mixin.py:190} INFO - [2024-10-12T07:22:28.549+0000] {dagbag.py:588} INFO - Filling up the DagBag from /home/vboxuser/airflow_venv/lib/python3.12/site-packages/airflow/example_dags/example_setup_teardown_taskflow.py
[2024-10-12T07:22:28.567+0000] {processor.py:925} INFO - DAG(s) 'example_setup_teardown_taskflow' retrieved from /home/vboxuser/airflow_venv/lib/python3.12/site-packages/airflow/example_dags/example_setup_teardown_taskflow.py
[2024-10-12T07:22:28.590+0000] {logging_mixin.py:190} INFO - [2024-10-12T07:22:28.590+0000] {dag.py:3239} INFO - Sync 1 DAGs
[2024-10-12T07:22:28.608+0000] {logging_mixin.py:190} INFO - [2024-10-12T07:22:28.607+0000] {dag.py:4180} INFO - Setting next_dagrun for example_setup_teardown_taskflow to None, run_after=None
[2024-10-12T07:22:28.642+0000] {processor.py:208} INFO - Processing /home/vboxuser/airflow_venv/lib/python3.12/site-packages/airflow/example_dags/example_setup_teardown_taskflow.py took 0.107 seconds
[2024-10-12T07:23:41.228+0000] {processor.py:186} INFO - Started process (PID=12212) to work on /home/vboxuser/airflow_venv/lib/python3.12/site-packages/airflow/example_dags/example_setup_teardown_taskflow.py
[2024-10-12T07:23:41.231+0000] {processor.py:914} INFO - Processing file /home/vboxuser/airflow_venv/lib/python3.12/site-packages/airflow/example_dags/example_setup_teardown_taskflow.py for tasks to queue
[2024-10-12T07:23:41.234+0000] {logging_mixin.py:190} INFO - [2024-10-12T07:23:41.233+0000] {dagbag.py:588} INFO - Filling up the DagBag from /home/vboxuser/airflow_venv/lib/python3.12/site-packages/airflow/example_dags/example_setup_teardown_taskflow.py
[2024-10-12T07:23:41.250+0000] {processor.py:925} INFO - DAG(s) 'example_setup_teardown_taskflow' retrieved from /home/vboxuser/airflow_venv/lib/python3.12/site-packages/airflow/example_dags/example_setup_teardown_taskflow.py
[2024-10-12T07:23:41.279+0000] {logging_mixin.py:190} INFO - [2024-10-12T07:23:41.279+0000] {dag.py:3239} INFO - Sync 1 DAGs
[2024-10-12T07:23:41.293+0000] {logging_mixin.py:190} INFO - [2024-10-12T07:23:41.293+0000] {dag.py:4180} INFO - Setting next_dagrun for example_setup_teardown_taskflow to None, run_after=None
[2024-10-12T07:23:41.328+0000] {processor.py:208} INFO - Processing /home/vboxuser/airflow_venv/lib/python3.12/site-packages/airflow/example_dags/example_setup_teardown_taskflow.py took 0.109 seconds
[2024-10-12T07:24:49.281+0000] {processor.py:186} INFO - Started process (PID=12273) to work on /home/vboxuser/airflow_venv/lib/python3.12/site-packages/airflow/example_dags/example_setup_teardown_taskflow.py
[2024-10-12T07:24:49.286+0000] {processor.py:914} INFO - Processing file /home/vboxuser/airflow_venv/lib/python3.12/site-packages/airflow/example_dags/example_setup_teardown_taskflow.py for tasks to queue
[2024-10-12T07:24:49.290+0000] {logging_mixin.py:190} INFO - [2024-10-12T07:24:49.289+0000] {dagbag.py:588} INFO - Filling up the DagBag from /home/vboxuser/airflow_venv/lib/python3.12/site-packages/airflow/example_dags/example_setup_teardown_taskflow.py
[2024-10-12T07:24:49.309+0000] {processor.py:925} INFO - DAG(s) 'example_setup_teardown_taskflow' retrieved from /home/vboxuser/airflow_venv/lib/python3.12/site-packages/airflow/example_dags/example_setup_teardown_taskflow.py
[2024-10-12T07:24:49.335+0000] {logging_mixin.py:190} INFO - [2024-10-12T07:24:49.335+0000] {dag.py:3239} INFO - Sync 1 DAGs
[2024-10-12T07:24:49.350+0000] {logging_mixin.py:190} INFO - [2024-10-12T07:24:49.350+0000] {dag.py:4180} INFO - Setting next_dagrun for example_setup_teardown_taskflow to None, run_after=None
[2024-10-12T07:24:49.386+0000] {processor.py:208} INFO - Processing /home/vboxuser/airflow_venv/lib/python3.12/site-packages/airflow/example_dags/example_setup_teardown_taskflow.py took 0.111 seconds
[2024-10-12T07:25:56.789+0000] {processor.py:186} INFO - Started process (PID=12338) to work on /home/vboxuser/airflow_venv/lib/python3.12/site-packages/airflow/example_dags/example_setup_teardown_taskflow.py
[2024-10-12T07:25:56.793+0000] {processor.py:914} INFO - Processing file /home/vboxuser/airflow_venv/lib/python3.12/site-packages/airflow/example_dags/example_setup_teardown_taskflow.py for tasks to queue
[2024-10-12T07:25:56.798+0000] {logging_mixin.py:190} INFO - [2024-10-12T07:25:56.797+0000] {dagbag.py:588} INFO - Filling up the DagBag from /home/vboxuser/airflow_venv/lib/python3.12/site-packages/airflow/example_dags/example_setup_teardown_taskflow.py
[2024-10-12T07:25:56.823+0000] {processor.py:925} INFO - DAG(s) 'example_setup_teardown_taskflow' retrieved from /home/vboxuser/airflow_venv/lib/python3.12/site-packages/airflow/example_dags/example_setup_teardown_taskflow.py
[2024-10-12T07:25:56.845+0000] {logging_mixin.py:190} INFO - [2024-10-12T07:25:56.844+0000] {dag.py:3239} INFO - Sync 1 DAGs
[2024-10-12T07:25:56.860+0000] {logging_mixin.py:190} INFO - [2024-10-12T07:25:56.860+0000] {dag.py:4180} INFO - Setting next_dagrun for example_setup_teardown_taskflow to None, run_after=None
[2024-10-12T07:25:56.893+0000] {processor.py:208} INFO - Processing /home/vboxuser/airflow_venv/lib/python3.12/site-packages/airflow/example_dags/example_setup_teardown_taskflow.py took 0.116 seconds
[2024-10-12T07:27:07.631+0000] {processor.py:186} INFO - Started process (PID=12401) to work on /home/vboxuser/airflow_venv/lib/python3.12/site-packages/airflow/example_dags/example_setup_teardown_taskflow.py
[2024-10-12T07:27:07.634+0000] {processor.py:914} INFO - Processing file /home/vboxuser/airflow_venv/lib/python3.12/site-packages/airflow/example_dags/example_setup_teardown_taskflow.py for tasks to queue
[2024-10-12T07:27:07.637+0000] {logging_mixin.py:190} INFO - [2024-10-12T07:27:07.637+0000] {dagbag.py:588} INFO - Filling up the DagBag from /home/vboxuser/airflow_venv/lib/python3.12/site-packages/airflow/example_dags/example_setup_teardown_taskflow.py
[2024-10-12T07:27:07.654+0000] {processor.py:925} INFO - DAG(s) 'example_setup_teardown_taskflow' retrieved from /home/vboxuser/airflow_venv/lib/python3.12/site-packages/airflow/example_dags/example_setup_teardown_taskflow.py
[2024-10-12T07:27:07.678+0000] {logging_mixin.py:190} INFO - [2024-10-12T07:27:07.678+0000] {dag.py:3239} INFO - Sync 1 DAGs
[2024-10-12T07:27:07.697+0000] {logging_mixin.py:190} INFO - [2024-10-12T07:27:07.697+0000] {dag.py:4180} INFO - Setting next_dagrun for example_setup_teardown_taskflow to None, run_after=None
[2024-10-12T07:27:07.739+0000] {processor.py:208} INFO - Processing /home/vboxuser/airflow_venv/lib/python3.12/site-packages/airflow/example_dags/example_setup_teardown_taskflow.py took 0.116 seconds
[2024-10-12T07:28:24.504+0000] {processor.py:186} INFO - Started process (PID=12464) to work on /home/vboxuser/airflow_venv/lib/python3.12/site-packages/airflow/example_dags/example_setup_teardown_taskflow.py
[2024-10-12T07:28:24.509+0000] {processor.py:914} INFO - Processing file /home/vboxuser/airflow_venv/lib/python3.12/site-packages/airflow/example_dags/example_setup_teardown_taskflow.py for tasks to queue
[2024-10-12T07:28:24.517+0000] {logging_mixin.py:190} INFO - [2024-10-12T07:28:24.515+0000] {dagbag.py:588} INFO - Filling up the DagBag from /home/vboxuser/airflow_venv/lib/python3.12/site-packages/airflow/example_dags/example_setup_teardown_taskflow.py
[2024-10-12T07:28:24.555+0000] {processor.py:925} INFO - DAG(s) 'example_setup_teardown_taskflow' retrieved from /home/vboxuser/airflow_venv/lib/python3.12/site-packages/airflow/example_dags/example_setup_teardown_taskflow.py
[2024-10-12T07:28:24.577+0000] {logging_mixin.py:190} INFO - [2024-10-12T07:28:24.577+0000] {dag.py:3239} INFO - Sync 1 DAGs
[2024-10-12T07:28:24.592+0000] {logging_mixin.py:190} INFO - [2024-10-12T07:28:24.592+0000] {dag.py:4180} INFO - Setting next_dagrun for example_setup_teardown_taskflow to None, run_after=None
[2024-10-12T07:28:24.629+0000] {processor.py:208} INFO - Processing /home/vboxuser/airflow_venv/lib/python3.12/site-packages/airflow/example_dags/example_setup_teardown_taskflow.py took 0.135 seconds
[2024-10-12T07:29:24.200+0000] {processor.py:186} INFO - Started process (PID=12520) to work on /home/vboxuser/airflow_venv/lib/python3.12/site-packages/airflow/example_dags/example_setup_teardown_taskflow.py
[2024-10-12T07:29:24.204+0000] {processor.py:914} INFO - Processing file /home/vboxuser/airflow_venv/lib/python3.12/site-packages/airflow/example_dags/example_setup_teardown_taskflow.py for tasks to queue
[2024-10-12T07:29:24.207+0000] {logging_mixin.py:190} INFO - [2024-10-12T07:29:24.207+0000] {dagbag.py:588} INFO - Filling up the DagBag from /home/vboxuser/airflow_venv/lib/python3.12/site-packages/airflow/example_dags/example_setup_teardown_taskflow.py
[2024-10-12T07:29:24.224+0000] {processor.py:925} INFO - DAG(s) 'example_setup_teardown_taskflow' retrieved from /home/vboxuser/airflow_venv/lib/python3.12/site-packages/airflow/example_dags/example_setup_teardown_taskflow.py
[2024-10-12T07:29:24.254+0000] {logging_mixin.py:190} INFO - [2024-10-12T07:29:24.254+0000] {dag.py:3239} INFO - Sync 1 DAGs
[2024-10-12T07:29:24.273+0000] {logging_mixin.py:190} INFO - [2024-10-12T07:29:24.273+0000] {dag.py:4180} INFO - Setting next_dagrun for example_setup_teardown_taskflow to None, run_after=None
[2024-10-12T07:29:24.315+0000] {processor.py:208} INFO - Processing /home/vboxuser/airflow_venv/lib/python3.12/site-packages/airflow/example_dags/example_setup_teardown_taskflow.py took 0.126 seconds
[2024-10-12T07:30:37.538+0000] {processor.py:186} INFO - Started process (PID=12604) to work on /home/vboxuser/airflow_venv/lib/python3.12/site-packages/airflow/example_dags/example_setup_teardown_taskflow.py
[2024-10-12T07:30:37.545+0000] {processor.py:914} INFO - Processing file /home/vboxuser/airflow_venv/lib/python3.12/site-packages/airflow/example_dags/example_setup_teardown_taskflow.py for tasks to queue
[2024-10-12T07:30:37.565+0000] {logging_mixin.py:190} INFO - [2024-10-12T07:30:37.565+0000] {dagbag.py:588} INFO - Filling up the DagBag from /home/vboxuser/airflow_venv/lib/python3.12/site-packages/airflow/example_dags/example_setup_teardown_taskflow.py
[2024-10-12T07:30:37.582+0000] {processor.py:925} INFO - DAG(s) 'example_setup_teardown_taskflow' retrieved from /home/vboxuser/airflow_venv/lib/python3.12/site-packages/airflow/example_dags/example_setup_teardown_taskflow.py
[2024-10-12T07:30:37.603+0000] {logging_mixin.py:190} INFO - [2024-10-12T07:30:37.603+0000] {dag.py:3239} INFO - Sync 1 DAGs
[2024-10-12T07:30:37.619+0000] {logging_mixin.py:190} INFO - [2024-10-12T07:30:37.619+0000] {dag.py:4180} INFO - Setting next_dagrun for example_setup_teardown_taskflow to None, run_after=None
[2024-10-12T07:30:37.653+0000] {processor.py:208} INFO - Processing /home/vboxuser/airflow_venv/lib/python3.12/site-packages/airflow/example_dags/example_setup_teardown_taskflow.py took 0.168 seconds
[2024-10-12T07:31:45.569+0000] {processor.py:186} INFO - Started process (PID=12673) to work on /home/vboxuser/airflow_venv/lib/python3.12/site-packages/airflow/example_dags/example_setup_teardown_taskflow.py
[2024-10-12T07:31:45.574+0000] {processor.py:914} INFO - Processing file /home/vboxuser/airflow_venv/lib/python3.12/site-packages/airflow/example_dags/example_setup_teardown_taskflow.py for tasks to queue
[2024-10-12T07:31:45.577+0000] {logging_mixin.py:190} INFO - [2024-10-12T07:31:45.576+0000] {dagbag.py:588} INFO - Filling up the DagBag from /home/vboxuser/airflow_venv/lib/python3.12/site-packages/airflow/example_dags/example_setup_teardown_taskflow.py
[2024-10-12T07:31:45.593+0000] {processor.py:925} INFO - DAG(s) 'example_setup_teardown_taskflow' retrieved from /home/vboxuser/airflow_venv/lib/python3.12/site-packages/airflow/example_dags/example_setup_teardown_taskflow.py
[2024-10-12T07:31:45.614+0000] {logging_mixin.py:190} INFO - [2024-10-12T07:31:45.614+0000] {dag.py:3239} INFO - Sync 1 DAGs
[2024-10-12T07:31:45.631+0000] {logging_mixin.py:190} INFO - [2024-10-12T07:31:45.631+0000] {dag.py:4180} INFO - Setting next_dagrun for example_setup_teardown_taskflow to None, run_after=None
[2024-10-12T07:31:45.672+0000] {processor.py:208} INFO - Processing /home/vboxuser/airflow_venv/lib/python3.12/site-packages/airflow/example_dags/example_setup_teardown_taskflow.py took 0.115 seconds
[2024-10-12T07:32:49.745+0000] {processor.py:186} INFO - Started process (PID=12732) to work on /home/vboxuser/airflow_venv/lib/python3.12/site-packages/airflow/example_dags/example_setup_teardown_taskflow.py
[2024-10-12T07:32:49.747+0000] {processor.py:914} INFO - Processing file /home/vboxuser/airflow_venv/lib/python3.12/site-packages/airflow/example_dags/example_setup_teardown_taskflow.py for tasks to queue
[2024-10-12T07:32:49.749+0000] {logging_mixin.py:190} INFO - [2024-10-12T07:32:49.749+0000] {dagbag.py:588} INFO - Filling up the DagBag from /home/vboxuser/airflow_venv/lib/python3.12/site-packages/airflow/example_dags/example_setup_teardown_taskflow.py
[2024-10-12T07:32:49.765+0000] {processor.py:925} INFO - DAG(s) 'example_setup_teardown_taskflow' retrieved from /home/vboxuser/airflow_venv/lib/python3.12/site-packages/airflow/example_dags/example_setup_teardown_taskflow.py
[2024-10-12T07:32:49.791+0000] {logging_mixin.py:190} INFO - [2024-10-12T07:32:49.790+0000] {dag.py:3239} INFO - Sync 1 DAGs
[2024-10-12T07:32:49.809+0000] {logging_mixin.py:190} INFO - [2024-10-12T07:32:49.809+0000] {dag.py:4180} INFO - Setting next_dagrun for example_setup_teardown_taskflow to None, run_after=None
[2024-10-12T07:32:49.843+0000] {processor.py:208} INFO - Processing /home/vboxuser/airflow_venv/lib/python3.12/site-packages/airflow/example_dags/example_setup_teardown_taskflow.py took 0.107 seconds
[2024-10-12T07:33:53.764+0000] {processor.py:186} INFO - Started process (PID=12790) to work on /home/vboxuser/airflow_venv/lib/python3.12/site-packages/airflow/example_dags/example_setup_teardown_taskflow.py
[2024-10-12T07:33:53.768+0000] {processor.py:914} INFO - Processing file /home/vboxuser/airflow_venv/lib/python3.12/site-packages/airflow/example_dags/example_setup_teardown_taskflow.py for tasks to queue
[2024-10-12T07:33:53.772+0000] {logging_mixin.py:190} INFO - [2024-10-12T07:33:53.771+0000] {dagbag.py:588} INFO - Filling up the DagBag from /home/vboxuser/airflow_venv/lib/python3.12/site-packages/airflow/example_dags/example_setup_teardown_taskflow.py
[2024-10-12T07:33:53.788+0000] {processor.py:925} INFO - DAG(s) 'example_setup_teardown_taskflow' retrieved from /home/vboxuser/airflow_venv/lib/python3.12/site-packages/airflow/example_dags/example_setup_teardown_taskflow.py
[2024-10-12T07:33:53.809+0000] {logging_mixin.py:190} INFO - [2024-10-12T07:33:53.809+0000] {dag.py:3239} INFO - Sync 1 DAGs
[2024-10-12T07:33:53.824+0000] {logging_mixin.py:190} INFO - [2024-10-12T07:33:53.823+0000] {dag.py:4180} INFO - Setting next_dagrun for example_setup_teardown_taskflow to None, run_after=None
[2024-10-12T07:33:53.855+0000] {processor.py:208} INFO - Processing /home/vboxuser/airflow_venv/lib/python3.12/site-packages/airflow/example_dags/example_setup_teardown_taskflow.py took 0.099 seconds
[2024-10-12T07:34:53.267+0000] {processor.py:186} INFO - Started process (PID=12859) to work on /home/vboxuser/airflow_venv/lib/python3.12/site-packages/airflow/example_dags/example_setup_teardown_taskflow.py
[2024-10-12T07:34:53.269+0000] {processor.py:914} INFO - Processing file /home/vboxuser/airflow_venv/lib/python3.12/site-packages/airflow/example_dags/example_setup_teardown_taskflow.py for tasks to queue
[2024-10-12T07:34:53.272+0000] {logging_mixin.py:190} INFO - [2024-10-12T07:34:53.271+0000] {dagbag.py:588} INFO - Filling up the DagBag from /home/vboxuser/airflow_venv/lib/python3.12/site-packages/airflow/example_dags/example_setup_teardown_taskflow.py
[2024-10-12T07:34:53.286+0000] {processor.py:925} INFO - DAG(s) 'example_setup_teardown_taskflow' retrieved from /home/vboxuser/airflow_venv/lib/python3.12/site-packages/airflow/example_dags/example_setup_teardown_taskflow.py
[2024-10-12T07:34:53.333+0000] {logging_mixin.py:190} INFO - [2024-10-12T07:34:53.332+0000] {dag.py:3239} INFO - Sync 1 DAGs
[2024-10-12T07:34:53.356+0000] {logging_mixin.py:190} INFO - [2024-10-12T07:34:53.355+0000] {dag.py:4180} INFO - Setting next_dagrun for example_setup_teardown_taskflow to None, run_after=None
[2024-10-12T07:34:53.396+0000] {processor.py:208} INFO - Processing /home/vboxuser/airflow_venv/lib/python3.12/site-packages/airflow/example_dags/example_setup_teardown_taskflow.py took 0.136 seconds
[2024-10-12T07:47:35.605+0000] {processor.py:186} INFO - Started process (PID=12935) to work on /home/vboxuser/airflow_venv/lib/python3.12/site-packages/airflow/example_dags/example_setup_teardown_taskflow.py
[2024-10-12T07:47:35.608+0000] {processor.py:914} INFO - Processing file /home/vboxuser/airflow_venv/lib/python3.12/site-packages/airflow/example_dags/example_setup_teardown_taskflow.py for tasks to queue
[2024-10-12T07:47:35.612+0000] {logging_mixin.py:190} INFO - [2024-10-12T07:47:35.611+0000] {dagbag.py:588} INFO - Filling up the DagBag from /home/vboxuser/airflow_venv/lib/python3.12/site-packages/airflow/example_dags/example_setup_teardown_taskflow.py
[2024-10-12T07:47:35.629+0000] {processor.py:925} INFO - DAG(s) 'example_setup_teardown_taskflow' retrieved from /home/vboxuser/airflow_venv/lib/python3.12/site-packages/airflow/example_dags/example_setup_teardown_taskflow.py
[2024-10-12T07:47:35.658+0000] {logging_mixin.py:190} INFO - [2024-10-12T07:47:35.658+0000] {dag.py:3239} INFO - Sync 1 DAGs
[2024-10-12T07:47:35.681+0000] {logging_mixin.py:190} INFO - [2024-10-12T07:47:35.681+0000] {dag.py:4180} INFO - Setting next_dagrun for example_setup_teardown_taskflow to None, run_after=None
[2024-10-12T07:47:35.732+0000] {processor.py:208} INFO - Processing /home/vboxuser/airflow_venv/lib/python3.12/site-packages/airflow/example_dags/example_setup_teardown_taskflow.py took 0.139 seconds
[2024-10-12T07:48:46.734+0000] {processor.py:186} INFO - Started process (PID=12996) to work on /home/vboxuser/airflow_venv/lib/python3.12/site-packages/airflow/example_dags/example_setup_teardown_taskflow.py
[2024-10-12T07:48:46.736+0000] {processor.py:914} INFO - Processing file /home/vboxuser/airflow_venv/lib/python3.12/site-packages/airflow/example_dags/example_setup_teardown_taskflow.py for tasks to queue
[2024-10-12T07:48:46.740+0000] {logging_mixin.py:190} INFO - [2024-10-12T07:48:46.739+0000] {dagbag.py:588} INFO - Filling up the DagBag from /home/vboxuser/airflow_venv/lib/python3.12/site-packages/airflow/example_dags/example_setup_teardown_taskflow.py
[2024-10-12T07:48:46.760+0000] {processor.py:925} INFO - DAG(s) 'example_setup_teardown_taskflow' retrieved from /home/vboxuser/airflow_venv/lib/python3.12/site-packages/airflow/example_dags/example_setup_teardown_taskflow.py
[2024-10-12T07:48:46.795+0000] {logging_mixin.py:190} INFO - [2024-10-12T07:48:46.794+0000] {dag.py:3239} INFO - Sync 1 DAGs
[2024-10-12T07:48:46.816+0000] {logging_mixin.py:190} INFO - [2024-10-12T07:48:46.816+0000] {dag.py:4180} INFO - Setting next_dagrun for example_setup_teardown_taskflow to None, run_after=None
[2024-10-12T07:48:46.857+0000] {processor.py:208} INFO - Processing /home/vboxuser/airflow_venv/lib/python3.12/site-packages/airflow/example_dags/example_setup_teardown_taskflow.py took 0.136 seconds
[2024-10-12T07:49:53.637+0000] {processor.py:186} INFO - Started process (PID=13055) to work on /home/vboxuser/airflow_venv/lib/python3.12/site-packages/airflow/example_dags/example_setup_teardown_taskflow.py
[2024-10-12T07:49:53.643+0000] {processor.py:914} INFO - Processing file /home/vboxuser/airflow_venv/lib/python3.12/site-packages/airflow/example_dags/example_setup_teardown_taskflow.py for tasks to queue
[2024-10-12T07:49:53.646+0000] {logging_mixin.py:190} INFO - [2024-10-12T07:49:53.646+0000] {dagbag.py:588} INFO - Filling up the DagBag from /home/vboxuser/airflow_venv/lib/python3.12/site-packages/airflow/example_dags/example_setup_teardown_taskflow.py
[2024-10-12T07:49:53.664+0000] {processor.py:925} INFO - DAG(s) 'example_setup_teardown_taskflow' retrieved from /home/vboxuser/airflow_venv/lib/python3.12/site-packages/airflow/example_dags/example_setup_teardown_taskflow.py
[2024-10-12T07:49:53.692+0000] {logging_mixin.py:190} INFO - [2024-10-12T07:49:53.692+0000] {dag.py:3239} INFO - Sync 1 DAGs
[2024-10-12T07:49:53.708+0000] {logging_mixin.py:190} INFO - [2024-10-12T07:49:53.708+0000] {dag.py:4180} INFO - Setting next_dagrun for example_setup_teardown_taskflow to None, run_after=None
[2024-10-12T07:49:53.752+0000] {processor.py:208} INFO - Processing /home/vboxuser/airflow_venv/lib/python3.12/site-packages/airflow/example_dags/example_setup_teardown_taskflow.py took 0.127 seconds
[2024-10-12T07:51:02.834+0000] {processor.py:186} INFO - Started process (PID=13188) to work on /home/vboxuser/airflow_venv/lib/python3.12/site-packages/airflow/example_dags/example_setup_teardown_taskflow.py
[2024-10-12T07:51:02.837+0000] {processor.py:914} INFO - Processing file /home/vboxuser/airflow_venv/lib/python3.12/site-packages/airflow/example_dags/example_setup_teardown_taskflow.py for tasks to queue
[2024-10-12T07:51:02.841+0000] {logging_mixin.py:190} INFO - [2024-10-12T07:51:02.840+0000] {dagbag.py:588} INFO - Filling up the DagBag from /home/vboxuser/airflow_venv/lib/python3.12/site-packages/airflow/example_dags/example_setup_teardown_taskflow.py
[2024-10-12T07:51:02.881+0000] {processor.py:925} INFO - DAG(s) 'example_setup_teardown_taskflow' retrieved from /home/vboxuser/airflow_venv/lib/python3.12/site-packages/airflow/example_dags/example_setup_teardown_taskflow.py
[2024-10-12T07:51:02.911+0000] {logging_mixin.py:190} INFO - [2024-10-12T07:51:02.910+0000] {dag.py:3239} INFO - Sync 1 DAGs
[2024-10-12T07:51:02.934+0000] {logging_mixin.py:190} INFO - [2024-10-12T07:51:02.934+0000] {dag.py:4180} INFO - Setting next_dagrun for example_setup_teardown_taskflow to None, run_after=None
[2024-10-12T07:51:02.975+0000] {processor.py:208} INFO - Processing /home/vboxuser/airflow_venv/lib/python3.12/site-packages/airflow/example_dags/example_setup_teardown_taskflow.py took 0.151 seconds
[2024-10-12T07:52:14.319+0000] {processor.py:186} INFO - Started process (PID=13261) to work on /home/vboxuser/airflow_venv/lib/python3.12/site-packages/airflow/example_dags/example_setup_teardown_taskflow.py
[2024-10-12T07:52:14.325+0000] {processor.py:914} INFO - Processing file /home/vboxuser/airflow_venv/lib/python3.12/site-packages/airflow/example_dags/example_setup_teardown_taskflow.py for tasks to queue
[2024-10-12T07:52:14.329+0000] {logging_mixin.py:190} INFO - [2024-10-12T07:52:14.328+0000] {dagbag.py:588} INFO - Filling up the DagBag from /home/vboxuser/airflow_venv/lib/python3.12/site-packages/airflow/example_dags/example_setup_teardown_taskflow.py
[2024-10-12T07:52:14.350+0000] {processor.py:925} INFO - DAG(s) 'example_setup_teardown_taskflow' retrieved from /home/vboxuser/airflow_venv/lib/python3.12/site-packages/airflow/example_dags/example_setup_teardown_taskflow.py
[2024-10-12T07:52:14.392+0000] {logging_mixin.py:190} INFO - [2024-10-12T07:52:14.392+0000] {dag.py:3239} INFO - Sync 1 DAGs
[2024-10-12T07:52:14.408+0000] {logging_mixin.py:190} INFO - [2024-10-12T07:52:14.408+0000] {dag.py:4180} INFO - Setting next_dagrun for example_setup_teardown_taskflow to None, run_after=None
[2024-10-12T07:52:14.444+0000] {processor.py:208} INFO - Processing /home/vboxuser/airflow_venv/lib/python3.12/site-packages/airflow/example_dags/example_setup_teardown_taskflow.py took 0.135 seconds
[2024-10-12T07:53:21.838+0000] {processor.py:186} INFO - Started process (PID=13340) to work on /home/vboxuser/airflow_venv/lib/python3.12/site-packages/airflow/example_dags/example_setup_teardown_taskflow.py
[2024-10-12T07:53:21.844+0000] {processor.py:914} INFO - Processing file /home/vboxuser/airflow_venv/lib/python3.12/site-packages/airflow/example_dags/example_setup_teardown_taskflow.py for tasks to queue
[2024-10-12T07:53:21.847+0000] {logging_mixin.py:190} INFO - [2024-10-12T07:53:21.847+0000] {dagbag.py:588} INFO - Filling up the DagBag from /home/vboxuser/airflow_venv/lib/python3.12/site-packages/airflow/example_dags/example_setup_teardown_taskflow.py
[2024-10-12T07:53:21.869+0000] {processor.py:925} INFO - DAG(s) 'example_setup_teardown_taskflow' retrieved from /home/vboxuser/airflow_venv/lib/python3.12/site-packages/airflow/example_dags/example_setup_teardown_taskflow.py
[2024-10-12T07:53:21.896+0000] {logging_mixin.py:190} INFO - [2024-10-12T07:53:21.896+0000] {dag.py:3239} INFO - Sync 1 DAGs
[2024-10-12T07:53:21.912+0000] {logging_mixin.py:190} INFO - [2024-10-12T07:53:21.912+0000] {dag.py:4180} INFO - Setting next_dagrun for example_setup_teardown_taskflow to None, run_after=None
[2024-10-12T07:53:21.949+0000] {processor.py:208} INFO - Processing /home/vboxuser/airflow_venv/lib/python3.12/site-packages/airflow/example_dags/example_setup_teardown_taskflow.py took 0.121 seconds
[2024-10-12T07:54:21.090+0000] {processor.py:186} INFO - Started process (PID=13396) to work on /home/vboxuser/airflow_venv/lib/python3.12/site-packages/airflow/example_dags/example_setup_teardown_taskflow.py
[2024-10-12T07:54:21.098+0000] {processor.py:914} INFO - Processing file /home/vboxuser/airflow_venv/lib/python3.12/site-packages/airflow/example_dags/example_setup_teardown_taskflow.py for tasks to queue
[2024-10-12T07:54:21.106+0000] {logging_mixin.py:190} INFO - [2024-10-12T07:54:21.105+0000] {dagbag.py:588} INFO - Filling up the DagBag from /home/vboxuser/airflow_venv/lib/python3.12/site-packages/airflow/example_dags/example_setup_teardown_taskflow.py
[2024-10-12T07:54:21.129+0000] {processor.py:925} INFO - DAG(s) 'example_setup_teardown_taskflow' retrieved from /home/vboxuser/airflow_venv/lib/python3.12/site-packages/airflow/example_dags/example_setup_teardown_taskflow.py
[2024-10-12T07:54:21.154+0000] {logging_mixin.py:190} INFO - [2024-10-12T07:54:21.154+0000] {dag.py:3239} INFO - Sync 1 DAGs
[2024-10-12T07:54:21.172+0000] {logging_mixin.py:190} INFO - [2024-10-12T07:54:21.172+0000] {dag.py:4180} INFO - Setting next_dagrun for example_setup_teardown_taskflow to None, run_after=None
[2024-10-12T07:54:21.217+0000] {processor.py:208} INFO - Processing /home/vboxuser/airflow_venv/lib/python3.12/site-packages/airflow/example_dags/example_setup_teardown_taskflow.py took 0.139 seconds
[2024-10-12T07:55:23.945+0000] {processor.py:186} INFO - Started process (PID=13458) to work on /home/vboxuser/airflow_venv/lib/python3.12/site-packages/airflow/example_dags/example_setup_teardown_taskflow.py
[2024-10-12T07:55:23.947+0000] {processor.py:914} INFO - Processing file /home/vboxuser/airflow_venv/lib/python3.12/site-packages/airflow/example_dags/example_setup_teardown_taskflow.py for tasks to queue
[2024-10-12T07:55:23.951+0000] {logging_mixin.py:190} INFO - [2024-10-12T07:55:23.950+0000] {dagbag.py:588} INFO - Filling up the DagBag from /home/vboxuser/airflow_venv/lib/python3.12/site-packages/airflow/example_dags/example_setup_teardown_taskflow.py
[2024-10-12T07:55:23.969+0000] {processor.py:925} INFO - DAG(s) 'example_setup_teardown_taskflow' retrieved from /home/vboxuser/airflow_venv/lib/python3.12/site-packages/airflow/example_dags/example_setup_teardown_taskflow.py
[2024-10-12T07:55:23.999+0000] {logging_mixin.py:190} INFO - [2024-10-12T07:55:23.999+0000] {dag.py:3239} INFO - Sync 1 DAGs
[2024-10-12T07:55:24.019+0000] {logging_mixin.py:190} INFO - [2024-10-12T07:55:24.019+0000] {dag.py:4180} INFO - Setting next_dagrun for example_setup_teardown_taskflow to None, run_after=None
[2024-10-12T07:55:24.066+0000] {processor.py:208} INFO - Processing /home/vboxuser/airflow_venv/lib/python3.12/site-packages/airflow/example_dags/example_setup_teardown_taskflow.py took 0.131 seconds
[2024-10-12T07:56:32.123+0000] {processor.py:186} INFO - Started process (PID=13521) to work on /home/vboxuser/airflow_venv/lib/python3.12/site-packages/airflow/example_dags/example_setup_teardown_taskflow.py
[2024-10-12T07:56:32.125+0000] {processor.py:914} INFO - Processing file /home/vboxuser/airflow_venv/lib/python3.12/site-packages/airflow/example_dags/example_setup_teardown_taskflow.py for tasks to queue
[2024-10-12T07:56:32.130+0000] {logging_mixin.py:190} INFO - [2024-10-12T07:56:32.129+0000] {dagbag.py:588} INFO - Filling up the DagBag from /home/vboxuser/airflow_venv/lib/python3.12/site-packages/airflow/example_dags/example_setup_teardown_taskflow.py
[2024-10-12T07:56:32.151+0000] {processor.py:925} INFO - DAG(s) 'example_setup_teardown_taskflow' retrieved from /home/vboxuser/airflow_venv/lib/python3.12/site-packages/airflow/example_dags/example_setup_teardown_taskflow.py
[2024-10-12T07:56:32.182+0000] {logging_mixin.py:190} INFO - [2024-10-12T07:56:32.182+0000] {dag.py:3239} INFO - Sync 1 DAGs
[2024-10-12T07:56:32.231+0000] {logging_mixin.py:190} INFO - [2024-10-12T07:56:32.231+0000] {dag.py:4180} INFO - Setting next_dagrun for example_setup_teardown_taskflow to None, run_after=None
[2024-10-12T07:56:32.412+0000] {processor.py:208} INFO - Processing /home/vboxuser/airflow_venv/lib/python3.12/site-packages/airflow/example_dags/example_setup_teardown_taskflow.py took 0.301 seconds
[2024-10-12T07:57:40.205+0000] {processor.py:186} INFO - Started process (PID=13596) to work on /home/vboxuser/airflow_venv/lib/python3.12/site-packages/airflow/example_dags/example_setup_teardown_taskflow.py
[2024-10-12T07:57:40.207+0000] {processor.py:914} INFO - Processing file /home/vboxuser/airflow_venv/lib/python3.12/site-packages/airflow/example_dags/example_setup_teardown_taskflow.py for tasks to queue
[2024-10-12T07:57:40.211+0000] {logging_mixin.py:190} INFO - [2024-10-12T07:57:40.210+0000] {dagbag.py:588} INFO - Filling up the DagBag from /home/vboxuser/airflow_venv/lib/python3.12/site-packages/airflow/example_dags/example_setup_teardown_taskflow.py
[2024-10-12T07:57:40.230+0000] {processor.py:925} INFO - DAG(s) 'example_setup_teardown_taskflow' retrieved from /home/vboxuser/airflow_venv/lib/python3.12/site-packages/airflow/example_dags/example_setup_teardown_taskflow.py
[2024-10-12T07:57:40.258+0000] {logging_mixin.py:190} INFO - [2024-10-12T07:57:40.257+0000] {dag.py:3239} INFO - Sync 1 DAGs
[2024-10-12T07:57:40.284+0000] {logging_mixin.py:190} INFO - [2024-10-12T07:57:40.284+0000] {dag.py:4180} INFO - Setting next_dagrun for example_setup_teardown_taskflow to None, run_after=None
[2024-10-12T07:57:40.323+0000] {processor.py:208} INFO - Processing /home/vboxuser/airflow_venv/lib/python3.12/site-packages/airflow/example_dags/example_setup_teardown_taskflow.py took 0.131 seconds
[2024-10-12T07:58:42.302+0000] {processor.py:186} INFO - Started process (PID=13655) to work on /home/vboxuser/airflow_venv/lib/python3.12/site-packages/airflow/example_dags/example_setup_teardown_taskflow.py
[2024-10-12T07:58:42.307+0000] {processor.py:914} INFO - Processing file /home/vboxuser/airflow_venv/lib/python3.12/site-packages/airflow/example_dags/example_setup_teardown_taskflow.py for tasks to queue
[2024-10-12T07:58:42.310+0000] {logging_mixin.py:190} INFO - [2024-10-12T07:58:42.310+0000] {dagbag.py:588} INFO - Filling up the DagBag from /home/vboxuser/airflow_venv/lib/python3.12/site-packages/airflow/example_dags/example_setup_teardown_taskflow.py
[2024-10-12T07:58:42.326+0000] {processor.py:925} INFO - DAG(s) 'example_setup_teardown_taskflow' retrieved from /home/vboxuser/airflow_venv/lib/python3.12/site-packages/airflow/example_dags/example_setup_teardown_taskflow.py
[2024-10-12T07:58:42.347+0000] {logging_mixin.py:190} INFO - [2024-10-12T07:58:42.347+0000] {dag.py:3239} INFO - Sync 1 DAGs
[2024-10-12T07:58:42.360+0000] {logging_mixin.py:190} INFO - [2024-10-12T07:58:42.360+0000] {dag.py:4180} INFO - Setting next_dagrun for example_setup_teardown_taskflow to None, run_after=None
[2024-10-12T07:58:42.394+0000] {processor.py:208} INFO - Processing /home/vboxuser/airflow_venv/lib/python3.12/site-packages/airflow/example_dags/example_setup_teardown_taskflow.py took 0.102 seconds
[2024-10-12T07:59:42.721+0000] {processor.py:186} INFO - Started process (PID=13712) to work on /home/vboxuser/airflow_venv/lib/python3.12/site-packages/airflow/example_dags/example_setup_teardown_taskflow.py
[2024-10-12T07:59:42.724+0000] {processor.py:914} INFO - Processing file /home/vboxuser/airflow_venv/lib/python3.12/site-packages/airflow/example_dags/example_setup_teardown_taskflow.py for tasks to queue
[2024-10-12T07:59:42.728+0000] {logging_mixin.py:190} INFO - [2024-10-12T07:59:42.727+0000] {dagbag.py:588} INFO - Filling up the DagBag from /home/vboxuser/airflow_venv/lib/python3.12/site-packages/airflow/example_dags/example_setup_teardown_taskflow.py
[2024-10-12T07:59:42.747+0000] {processor.py:925} INFO - DAG(s) 'example_setup_teardown_taskflow' retrieved from /home/vboxuser/airflow_venv/lib/python3.12/site-packages/airflow/example_dags/example_setup_teardown_taskflow.py
[2024-10-12T07:59:42.777+0000] {logging_mixin.py:190} INFO - [2024-10-12T07:59:42.777+0000] {dag.py:3239} INFO - Sync 1 DAGs
[2024-10-12T07:59:42.797+0000] {logging_mixin.py:190} INFO - [2024-10-12T07:59:42.796+0000] {dag.py:4180} INFO - Setting next_dagrun for example_setup_teardown_taskflow to None, run_after=None
[2024-10-12T07:59:42.842+0000] {processor.py:208} INFO - Processing /home/vboxuser/airflow_venv/lib/python3.12/site-packages/airflow/example_dags/example_setup_teardown_taskflow.py took 0.131 seconds
[2024-10-12T08:00:47.097+0000] {processor.py:186} INFO - Started process (PID=13774) to work on /home/vboxuser/airflow_venv/lib/python3.12/site-packages/airflow/example_dags/example_setup_teardown_taskflow.py
[2024-10-12T08:00:47.102+0000] {processor.py:914} INFO - Processing file /home/vboxuser/airflow_venv/lib/python3.12/site-packages/airflow/example_dags/example_setup_teardown_taskflow.py for tasks to queue
[2024-10-12T08:00:47.106+0000] {logging_mixin.py:190} INFO - [2024-10-12T08:00:47.105+0000] {dagbag.py:588} INFO - Filling up the DagBag from /home/vboxuser/airflow_venv/lib/python3.12/site-packages/airflow/example_dags/example_setup_teardown_taskflow.py
[2024-10-12T08:00:47.124+0000] {processor.py:925} INFO - DAG(s) 'example_setup_teardown_taskflow' retrieved from /home/vboxuser/airflow_venv/lib/python3.12/site-packages/airflow/example_dags/example_setup_teardown_taskflow.py
[2024-10-12T08:00:47.175+0000] {logging_mixin.py:190} INFO - [2024-10-12T08:00:47.175+0000] {dag.py:3239} INFO - Sync 1 DAGs
[2024-10-12T08:00:47.194+0000] {logging_mixin.py:190} INFO - [2024-10-12T08:00:47.194+0000] {dag.py:4180} INFO - Setting next_dagrun for example_setup_teardown_taskflow to None, run_after=None
[2024-10-12T08:00:47.237+0000] {processor.py:208} INFO - Processing /home/vboxuser/airflow_venv/lib/python3.12/site-packages/airflow/example_dags/example_setup_teardown_taskflow.py took 0.151 seconds
[2024-10-12T08:01:56.794+0000] {processor.py:186} INFO - Started process (PID=13835) to work on /home/vboxuser/airflow_venv/lib/python3.12/site-packages/airflow/example_dags/example_setup_teardown_taskflow.py
[2024-10-12T08:01:56.800+0000] {processor.py:914} INFO - Processing file /home/vboxuser/airflow_venv/lib/python3.12/site-packages/airflow/example_dags/example_setup_teardown_taskflow.py for tasks to queue
[2024-10-12T08:01:56.804+0000] {logging_mixin.py:190} INFO - [2024-10-12T08:01:56.803+0000] {dagbag.py:588} INFO - Filling up the DagBag from /home/vboxuser/airflow_venv/lib/python3.12/site-packages/airflow/example_dags/example_setup_teardown_taskflow.py
[2024-10-12T08:01:56.828+0000] {processor.py:925} INFO - DAG(s) 'example_setup_teardown_taskflow' retrieved from /home/vboxuser/airflow_venv/lib/python3.12/site-packages/airflow/example_dags/example_setup_teardown_taskflow.py
[2024-10-12T08:01:56.859+0000] {logging_mixin.py:190} INFO - [2024-10-12T08:01:56.859+0000] {dag.py:3239} INFO - Sync 1 DAGs
[2024-10-12T08:01:56.879+0000] {logging_mixin.py:190} INFO - [2024-10-12T08:01:56.879+0000] {dag.py:4180} INFO - Setting next_dagrun for example_setup_teardown_taskflow to None, run_after=None
[2024-10-12T08:01:56.921+0000] {processor.py:208} INFO - Processing /home/vboxuser/airflow_venv/lib/python3.12/site-packages/airflow/example_dags/example_setup_teardown_taskflow.py took 0.138 seconds
[2024-10-12T08:02:59.930+0000] {processor.py:186} INFO - Started process (PID=13894) to work on /home/vboxuser/airflow_venv/lib/python3.12/site-packages/airflow/example_dags/example_setup_teardown_taskflow.py
[2024-10-12T08:02:59.933+0000] {processor.py:914} INFO - Processing file /home/vboxuser/airflow_venv/lib/python3.12/site-packages/airflow/example_dags/example_setup_teardown_taskflow.py for tasks to queue
[2024-10-12T08:02:59.937+0000] {logging_mixin.py:190} INFO - [2024-10-12T08:02:59.936+0000] {dagbag.py:588} INFO - Filling up the DagBag from /home/vboxuser/airflow_venv/lib/python3.12/site-packages/airflow/example_dags/example_setup_teardown_taskflow.py
[2024-10-12T08:02:59.961+0000] {processor.py:925} INFO - DAG(s) 'example_setup_teardown_taskflow' retrieved from /home/vboxuser/airflow_venv/lib/python3.12/site-packages/airflow/example_dags/example_setup_teardown_taskflow.py
[2024-10-12T08:02:59.994+0000] {logging_mixin.py:190} INFO - [2024-10-12T08:02:59.994+0000] {dag.py:3239} INFO - Sync 1 DAGs
[2024-10-12T08:03:00.016+0000] {logging_mixin.py:190} INFO - [2024-10-12T08:03:00.015+0000] {dag.py:4180} INFO - Setting next_dagrun for example_setup_teardown_taskflow to None, run_after=None
[2024-10-12T08:03:00.066+0000] {processor.py:208} INFO - Processing /home/vboxuser/airflow_venv/lib/python3.12/site-packages/airflow/example_dags/example_setup_teardown_taskflow.py took 0.153 seconds
[2024-10-12T08:04:06.697+0000] {processor.py:186} INFO - Started process (PID=13963) to work on /home/vboxuser/airflow_venv/lib/python3.12/site-packages/airflow/example_dags/example_setup_teardown_taskflow.py
[2024-10-12T08:04:06.700+0000] {processor.py:914} INFO - Processing file /home/vboxuser/airflow_venv/lib/python3.12/site-packages/airflow/example_dags/example_setup_teardown_taskflow.py for tasks to queue
[2024-10-12T08:04:06.703+0000] {logging_mixin.py:190} INFO - [2024-10-12T08:04:06.703+0000] {dagbag.py:588} INFO - Filling up the DagBag from /home/vboxuser/airflow_venv/lib/python3.12/site-packages/airflow/example_dags/example_setup_teardown_taskflow.py
[2024-10-12T08:04:06.724+0000] {processor.py:925} INFO - DAG(s) 'example_setup_teardown_taskflow' retrieved from /home/vboxuser/airflow_venv/lib/python3.12/site-packages/airflow/example_dags/example_setup_teardown_taskflow.py
[2024-10-12T08:04:06.745+0000] {logging_mixin.py:190} INFO - [2024-10-12T08:04:06.745+0000] {dag.py:3239} INFO - Sync 1 DAGs
[2024-10-12T08:04:06.760+0000] {logging_mixin.py:190} INFO - [2024-10-12T08:04:06.760+0000] {dag.py:4180} INFO - Setting next_dagrun for example_setup_teardown_taskflow to None, run_after=None
[2024-10-12T08:04:06.805+0000] {processor.py:208} INFO - Processing /home/vboxuser/airflow_venv/lib/python3.12/site-packages/airflow/example_dags/example_setup_teardown_taskflow.py took 0.116 seconds
[2024-10-12T08:05:15.590+0000] {processor.py:186} INFO - Started process (PID=14028) to work on /home/vboxuser/airflow_venv/lib/python3.12/site-packages/airflow/example_dags/example_setup_teardown_taskflow.py
[2024-10-12T08:05:15.593+0000] {processor.py:914} INFO - Processing file /home/vboxuser/airflow_venv/lib/python3.12/site-packages/airflow/example_dags/example_setup_teardown_taskflow.py for tasks to queue
[2024-10-12T08:05:15.599+0000] {logging_mixin.py:190} INFO - [2024-10-12T08:05:15.598+0000] {dagbag.py:588} INFO - Filling up the DagBag from /home/vboxuser/airflow_venv/lib/python3.12/site-packages/airflow/example_dags/example_setup_teardown_taskflow.py
[2024-10-12T08:05:15.618+0000] {processor.py:925} INFO - DAG(s) 'example_setup_teardown_taskflow' retrieved from /home/vboxuser/airflow_venv/lib/python3.12/site-packages/airflow/example_dags/example_setup_teardown_taskflow.py
[2024-10-12T08:05:15.644+0000] {logging_mixin.py:190} INFO - [2024-10-12T08:05:15.644+0000] {dag.py:3239} INFO - Sync 1 DAGs
[2024-10-12T08:05:15.660+0000] {logging_mixin.py:190} INFO - [2024-10-12T08:05:15.660+0000] {dag.py:4180} INFO - Setting next_dagrun for example_setup_teardown_taskflow to None, run_after=None
[2024-10-12T08:05:15.696+0000] {processor.py:208} INFO - Processing /home/vboxuser/airflow_venv/lib/python3.12/site-packages/airflow/example_dags/example_setup_teardown_taskflow.py took 0.118 seconds
[2024-10-12T08:06:28.709+0000] {processor.py:186} INFO - Started process (PID=14099) to work on /home/vboxuser/airflow_venv/lib/python3.12/site-packages/airflow/example_dags/example_setup_teardown_taskflow.py
[2024-10-12T08:06:28.715+0000] {processor.py:914} INFO - Processing file /home/vboxuser/airflow_venv/lib/python3.12/site-packages/airflow/example_dags/example_setup_teardown_taskflow.py for tasks to queue
[2024-10-12T08:06:28.721+0000] {logging_mixin.py:190} INFO - [2024-10-12T08:06:28.720+0000] {dagbag.py:588} INFO - Filling up the DagBag from /home/vboxuser/airflow_venv/lib/python3.12/site-packages/airflow/example_dags/example_setup_teardown_taskflow.py
[2024-10-12T08:06:28.749+0000] {processor.py:925} INFO - DAG(s) 'example_setup_teardown_taskflow' retrieved from /home/vboxuser/airflow_venv/lib/python3.12/site-packages/airflow/example_dags/example_setup_teardown_taskflow.py
[2024-10-12T08:06:28.789+0000] {logging_mixin.py:190} INFO - [2024-10-12T08:06:28.788+0000] {dag.py:3239} INFO - Sync 1 DAGs
[2024-10-12T08:06:28.817+0000] {logging_mixin.py:190} INFO - [2024-10-12T08:06:28.817+0000] {dag.py:4180} INFO - Setting next_dagrun for example_setup_teardown_taskflow to None, run_after=None
[2024-10-12T08:06:28.874+0000] {processor.py:208} INFO - Processing /home/vboxuser/airflow_venv/lib/python3.12/site-packages/airflow/example_dags/example_setup_teardown_taskflow.py took 0.177 seconds
[2024-10-12T08:07:45.400+0000] {processor.py:186} INFO - Started process (PID=14168) to work on /home/vboxuser/airflow_venv/lib/python3.12/site-packages/airflow/example_dags/example_setup_teardown_taskflow.py
[2024-10-12T08:07:45.408+0000] {processor.py:914} INFO - Processing file /home/vboxuser/airflow_venv/lib/python3.12/site-packages/airflow/example_dags/example_setup_teardown_taskflow.py for tasks to queue
[2024-10-12T08:07:45.416+0000] {logging_mixin.py:190} INFO - [2024-10-12T08:07:45.414+0000] {dagbag.py:588} INFO - Filling up the DagBag from /home/vboxuser/airflow_venv/lib/python3.12/site-packages/airflow/example_dags/example_setup_teardown_taskflow.py
[2024-10-12T08:07:45.451+0000] {processor.py:925} INFO - DAG(s) 'example_setup_teardown_taskflow' retrieved from /home/vboxuser/airflow_venv/lib/python3.12/site-packages/airflow/example_dags/example_setup_teardown_taskflow.py
[2024-10-12T08:07:45.492+0000] {logging_mixin.py:190} INFO - [2024-10-12T08:07:45.492+0000] {dag.py:3239} INFO - Sync 1 DAGs
[2024-10-12T08:07:45.519+0000] {logging_mixin.py:190} INFO - [2024-10-12T08:07:45.518+0000] {dag.py:4180} INFO - Setting next_dagrun for example_setup_teardown_taskflow to None, run_after=None
[2024-10-12T08:07:45.575+0000] {processor.py:208} INFO - Processing /home/vboxuser/airflow_venv/lib/python3.12/site-packages/airflow/example_dags/example_setup_teardown_taskflow.py took 0.195 seconds
[2024-10-12T08:08:59.365+0000] {processor.py:186} INFO - Started process (PID=14233) to work on /home/vboxuser/airflow_venv/lib/python3.12/site-packages/airflow/example_dags/example_setup_teardown_taskflow.py
[2024-10-12T08:08:59.369+0000] {processor.py:914} INFO - Processing file /home/vboxuser/airflow_venv/lib/python3.12/site-packages/airflow/example_dags/example_setup_teardown_taskflow.py for tasks to queue
[2024-10-12T08:08:59.377+0000] {logging_mixin.py:190} INFO - [2024-10-12T08:08:59.374+0000] {dagbag.py:588} INFO - Filling up the DagBag from /home/vboxuser/airflow_venv/lib/python3.12/site-packages/airflow/example_dags/example_setup_teardown_taskflow.py
[2024-10-12T08:08:59.404+0000] {processor.py:925} INFO - DAG(s) 'example_setup_teardown_taskflow' retrieved from /home/vboxuser/airflow_venv/lib/python3.12/site-packages/airflow/example_dags/example_setup_teardown_taskflow.py
[2024-10-12T08:08:59.452+0000] {logging_mixin.py:190} INFO - [2024-10-12T08:08:59.451+0000] {dag.py:3239} INFO - Sync 1 DAGs
[2024-10-12T08:08:59.475+0000] {logging_mixin.py:190} INFO - [2024-10-12T08:08:59.475+0000] {dag.py:4180} INFO - Setting next_dagrun for example_setup_teardown_taskflow to None, run_after=None
[2024-10-12T08:08:59.538+0000] {processor.py:208} INFO - Processing /home/vboxuser/airflow_venv/lib/python3.12/site-packages/airflow/example_dags/example_setup_teardown_taskflow.py took 0.186 seconds
[2024-10-12T08:10:17.286+0000] {processor.py:186} INFO - Started process (PID=14299) to work on /home/vboxuser/airflow_venv/lib/python3.12/site-packages/airflow/example_dags/example_setup_teardown_taskflow.py
[2024-10-12T08:10:17.288+0000] {processor.py:914} INFO - Processing file /home/vboxuser/airflow_venv/lib/python3.12/site-packages/airflow/example_dags/example_setup_teardown_taskflow.py for tasks to queue
[2024-10-12T08:10:17.294+0000] {logging_mixin.py:190} INFO - [2024-10-12T08:10:17.294+0000] {dagbag.py:588} INFO - Filling up the DagBag from /home/vboxuser/airflow_venv/lib/python3.12/site-packages/airflow/example_dags/example_setup_teardown_taskflow.py
[2024-10-12T08:10:17.314+0000] {processor.py:925} INFO - DAG(s) 'example_setup_teardown_taskflow' retrieved from /home/vboxuser/airflow_venv/lib/python3.12/site-packages/airflow/example_dags/example_setup_teardown_taskflow.py
[2024-10-12T08:10:17.349+0000] {logging_mixin.py:190} INFO - [2024-10-12T08:10:17.349+0000] {dag.py:3239} INFO - Sync 1 DAGs
[2024-10-12T08:10:17.376+0000] {logging_mixin.py:190} INFO - [2024-10-12T08:10:17.375+0000] {dag.py:4180} INFO - Setting next_dagrun for example_setup_teardown_taskflow to None, run_after=None
[2024-10-12T08:10:17.441+0000] {processor.py:208} INFO - Processing /home/vboxuser/airflow_venv/lib/python3.12/site-packages/airflow/example_dags/example_setup_teardown_taskflow.py took 0.165 seconds
[2024-10-12T08:11:28.008+0000] {processor.py:186} INFO - Started process (PID=14362) to work on /home/vboxuser/airflow_venv/lib/python3.12/site-packages/airflow/example_dags/example_setup_teardown_taskflow.py
[2024-10-12T08:11:28.013+0000] {processor.py:914} INFO - Processing file /home/vboxuser/airflow_venv/lib/python3.12/site-packages/airflow/example_dags/example_setup_teardown_taskflow.py for tasks to queue
[2024-10-12T08:11:28.019+0000] {logging_mixin.py:190} INFO - [2024-10-12T08:11:28.018+0000] {dagbag.py:588} INFO - Filling up the DagBag from /home/vboxuser/airflow_venv/lib/python3.12/site-packages/airflow/example_dags/example_setup_teardown_taskflow.py
[2024-10-12T08:11:28.047+0000] {processor.py:925} INFO - DAG(s) 'example_setup_teardown_taskflow' retrieved from /home/vboxuser/airflow_venv/lib/python3.12/site-packages/airflow/example_dags/example_setup_teardown_taskflow.py
[2024-10-12T08:11:28.085+0000] {logging_mixin.py:190} INFO - [2024-10-12T08:11:28.085+0000] {dag.py:3239} INFO - Sync 1 DAGs
[2024-10-12T08:11:28.115+0000] {logging_mixin.py:190} INFO - [2024-10-12T08:11:28.114+0000] {dag.py:4180} INFO - Setting next_dagrun for example_setup_teardown_taskflow to None, run_after=None
[2024-10-12T08:11:28.179+0000] {processor.py:208} INFO - Processing /home/vboxuser/airflow_venv/lib/python3.12/site-packages/airflow/example_dags/example_setup_teardown_taskflow.py took 0.188 seconds
[2024-10-12T08:12:32.079+0000] {processor.py:186} INFO - Started process (PID=14421) to work on /home/vboxuser/airflow_venv/lib/python3.12/site-packages/airflow/example_dags/example_setup_teardown_taskflow.py
[2024-10-12T08:12:32.086+0000] {processor.py:914} INFO - Processing file /home/vboxuser/airflow_venv/lib/python3.12/site-packages/airflow/example_dags/example_setup_teardown_taskflow.py for tasks to queue
[2024-10-12T08:12:32.092+0000] {logging_mixin.py:190} INFO - [2024-10-12T08:12:32.091+0000] {dagbag.py:588} INFO - Filling up the DagBag from /home/vboxuser/airflow_venv/lib/python3.12/site-packages/airflow/example_dags/example_setup_teardown_taskflow.py
[2024-10-12T08:12:32.122+0000] {processor.py:925} INFO - DAG(s) 'example_setup_teardown_taskflow' retrieved from /home/vboxuser/airflow_venv/lib/python3.12/site-packages/airflow/example_dags/example_setup_teardown_taskflow.py
[2024-10-12T08:12:32.151+0000] {logging_mixin.py:190} INFO - [2024-10-12T08:12:32.150+0000] {dag.py:3239} INFO - Sync 1 DAGs
[2024-10-12T08:12:32.168+0000] {logging_mixin.py:190} INFO - [2024-10-12T08:12:32.167+0000] {dag.py:4180} INFO - Setting next_dagrun for example_setup_teardown_taskflow to None, run_after=None
[2024-10-12T08:12:32.228+0000] {processor.py:208} INFO - Processing /home/vboxuser/airflow_venv/lib/python3.12/site-packages/airflow/example_dags/example_setup_teardown_taskflow.py took 0.162 seconds
[2024-10-12T08:13:44.559+0000] {processor.py:186} INFO - Started process (PID=14484) to work on /home/vboxuser/airflow_venv/lib/python3.12/site-packages/airflow/example_dags/example_setup_teardown_taskflow.py
[2024-10-12T08:13:44.566+0000] {processor.py:914} INFO - Processing file /home/vboxuser/airflow_venv/lib/python3.12/site-packages/airflow/example_dags/example_setup_teardown_taskflow.py for tasks to queue
[2024-10-12T08:13:44.572+0000] {logging_mixin.py:190} INFO - [2024-10-12T08:13:44.571+0000] {dagbag.py:588} INFO - Filling up the DagBag from /home/vboxuser/airflow_venv/lib/python3.12/site-packages/airflow/example_dags/example_setup_teardown_taskflow.py
[2024-10-12T08:13:44.590+0000] {processor.py:925} INFO - DAG(s) 'example_setup_teardown_taskflow' retrieved from /home/vboxuser/airflow_venv/lib/python3.12/site-packages/airflow/example_dags/example_setup_teardown_taskflow.py
[2024-10-12T08:13:44.615+0000] {logging_mixin.py:190} INFO - [2024-10-12T08:13:44.614+0000] {dag.py:3239} INFO - Sync 1 DAGs
[2024-10-12T08:13:44.631+0000] {logging_mixin.py:190} INFO - [2024-10-12T08:13:44.631+0000] {dag.py:4180} INFO - Setting next_dagrun for example_setup_teardown_taskflow to None, run_after=None
[2024-10-12T08:13:44.678+0000] {processor.py:208} INFO - Processing /home/vboxuser/airflow_venv/lib/python3.12/site-packages/airflow/example_dags/example_setup_teardown_taskflow.py took 0.134 seconds
[2024-10-12T08:15:00.314+0000] {processor.py:186} INFO - Started process (PID=14547) to work on /home/vboxuser/airflow_venv/lib/python3.12/site-packages/airflow/example_dags/example_setup_teardown_taskflow.py
[2024-10-12T08:15:00.327+0000] {processor.py:914} INFO - Processing file /home/vboxuser/airflow_venv/lib/python3.12/site-packages/airflow/example_dags/example_setup_teardown_taskflow.py for tasks to queue
[2024-10-12T08:15:00.335+0000] {logging_mixin.py:190} INFO - [2024-10-12T08:15:00.334+0000] {dagbag.py:588} INFO - Filling up the DagBag from /home/vboxuser/airflow_venv/lib/python3.12/site-packages/airflow/example_dags/example_setup_teardown_taskflow.py
[2024-10-12T08:15:00.363+0000] {processor.py:925} INFO - DAG(s) 'example_setup_teardown_taskflow' retrieved from /home/vboxuser/airflow_venv/lib/python3.12/site-packages/airflow/example_dags/example_setup_teardown_taskflow.py
[2024-10-12T08:15:00.394+0000] {logging_mixin.py:190} INFO - [2024-10-12T08:15:00.394+0000] {dag.py:3239} INFO - Sync 1 DAGs
[2024-10-12T08:15:00.414+0000] {logging_mixin.py:190} INFO - [2024-10-12T08:15:00.414+0000] {dag.py:4180} INFO - Setting next_dagrun for example_setup_teardown_taskflow to None, run_after=None
[2024-10-12T08:15:00.472+0000] {processor.py:208} INFO - Processing /home/vboxuser/airflow_venv/lib/python3.12/site-packages/airflow/example_dags/example_setup_teardown_taskflow.py took 0.170 seconds
[2024-10-12T08:16:14.587+0000] {processor.py:186} INFO - Started process (PID=14612) to work on /home/vboxuser/airflow_venv/lib/python3.12/site-packages/airflow/example_dags/example_setup_teardown_taskflow.py
[2024-10-12T08:16:14.591+0000] {processor.py:914} INFO - Processing file /home/vboxuser/airflow_venv/lib/python3.12/site-packages/airflow/example_dags/example_setup_teardown_taskflow.py for tasks to queue
[2024-10-12T08:16:14.595+0000] {logging_mixin.py:190} INFO - [2024-10-12T08:16:14.594+0000] {dagbag.py:588} INFO - Filling up the DagBag from /home/vboxuser/airflow_venv/lib/python3.12/site-packages/airflow/example_dags/example_setup_teardown_taskflow.py
[2024-10-12T08:16:14.624+0000] {processor.py:925} INFO - DAG(s) 'example_setup_teardown_taskflow' retrieved from /home/vboxuser/airflow_venv/lib/python3.12/site-packages/airflow/example_dags/example_setup_teardown_taskflow.py
[2024-10-12T08:16:14.666+0000] {logging_mixin.py:190} INFO - [2024-10-12T08:16:14.665+0000] {dag.py:3239} INFO - Sync 1 DAGs
[2024-10-12T08:16:14.699+0000] {logging_mixin.py:190} INFO - [2024-10-12T08:16:14.699+0000] {dag.py:4180} INFO - Setting next_dagrun for example_setup_teardown_taskflow to None, run_after=None
[2024-10-12T08:16:14.765+0000] {processor.py:208} INFO - Processing /home/vboxuser/airflow_venv/lib/python3.12/site-packages/airflow/example_dags/example_setup_teardown_taskflow.py took 0.192 seconds
[2024-10-12T08:23:02.082+0000] {processor.py:186} INFO - Started process (PID=14691) to work on /home/vboxuser/airflow_venv/lib/python3.12/site-packages/airflow/example_dags/example_setup_teardown_taskflow.py
[2024-10-12T08:23:02.085+0000] {processor.py:914} INFO - Processing file /home/vboxuser/airflow_venv/lib/python3.12/site-packages/airflow/example_dags/example_setup_teardown_taskflow.py for tasks to queue
[2024-10-12T08:23:02.086+0000] {logging_mixin.py:190} INFO - [2024-10-12T08:23:02.086+0000] {dagbag.py:588} INFO - Filling up the DagBag from /home/vboxuser/airflow_venv/lib/python3.12/site-packages/airflow/example_dags/example_setup_teardown_taskflow.py
[2024-10-12T08:23:02.098+0000] {processor.py:925} INFO - DAG(s) 'example_setup_teardown_taskflow' retrieved from /home/vboxuser/airflow_venv/lib/python3.12/site-packages/airflow/example_dags/example_setup_teardown_taskflow.py
[2024-10-12T08:23:02.113+0000] {logging_mixin.py:190} INFO - [2024-10-12T08:23:02.113+0000] {dag.py:3239} INFO - Sync 1 DAGs
[2024-10-12T08:23:02.123+0000] {logging_mixin.py:190} INFO - [2024-10-12T08:23:02.122+0000] {dag.py:4180} INFO - Setting next_dagrun for example_setup_teardown_taskflow to None, run_after=None
[2024-10-12T08:23:02.153+0000] {processor.py:208} INFO - Processing /home/vboxuser/airflow_venv/lib/python3.12/site-packages/airflow/example_dags/example_setup_teardown_taskflow.py took 0.077 seconds
