[2024-10-12T07:09:02.679+0000] {processor.py:186} INFO - Started process (PID=11315) to work on /home/vboxuser/airflow_venv/lib/python3.12/site-packages/airflow/example_dags/example_params_trigger_ui.py
[2024-10-12T07:09:02.680+0000] {processor.py:914} INFO - Processing file /home/vboxuser/airflow_venv/lib/python3.12/site-packages/airflow/example_dags/example_params_trigger_ui.py for tasks to queue
[2024-10-12T07:09:02.683+0000] {logging_mixin.py:190} INFO - [2024-10-12T07:09:02.682+0000] {dagbag.py:588} INFO - Filling up the DagBag from /home/vboxuser/airflow_venv/lib/python3.12/site-packages/airflow/example_dags/example_params_trigger_ui.py
[2024-10-12T07:09:02.695+0000] {processor.py:925} INFO - DAG(s) 'example_params_trigger_ui' retrieved from /home/vboxuser/airflow_venv/lib/python3.12/site-packages/airflow/example_dags/example_params_trigger_ui.py
[2024-10-12T07:09:02.862+0000] {logging_mixin.py:190} INFO - [2024-10-12T07:09:02.861+0000] {override.py:1901} INFO - Created Permission View: can delete on DAG:example_params_trigger_ui
[2024-10-12T07:09:02.885+0000] {logging_mixin.py:190} INFO - [2024-10-12T07:09:02.884+0000] {override.py:1901} INFO - Created Permission View: can read on DAG:example_params_trigger_ui
[2024-10-12T07:09:02.900+0000] {logging_mixin.py:190} INFO - [2024-10-12T07:09:02.900+0000] {override.py:1901} INFO - Created Permission View: can edit on DAG:example_params_trigger_ui
[2024-10-12T07:09:02.931+0000] {logging_mixin.py:190} INFO - [2024-10-12T07:09:02.930+0000] {override.py:1901} INFO - Created Permission View: can delete on DAG Run:example_params_trigger_ui
[2024-10-12T07:09:02.948+0000] {logging_mixin.py:190} INFO - [2024-10-12T07:09:02.947+0000] {override.py:1901} INFO - Created Permission View: can read on DAG Run:example_params_trigger_ui
[2024-10-12T07:09:02.962+0000] {logging_mixin.py:190} INFO - [2024-10-12T07:09:02.962+0000] {override.py:1901} INFO - Created Permission View: menu access on DAG Run:example_params_trigger_ui
[2024-10-12T07:09:02.977+0000] {logging_mixin.py:190} INFO - [2024-10-12T07:09:02.977+0000] {override.py:1901} INFO - Created Permission View: can create on DAG Run:example_params_trigger_ui
[2024-10-12T07:09:02.977+0000] {logging_mixin.py:190} INFO - [2024-10-12T07:09:02.977+0000] {dag.py:3239} INFO - Sync 1 DAGs
[2024-10-12T07:09:02.991+0000] {logging_mixin.py:190} INFO - [2024-10-12T07:09:02.990+0000] {dag.py:3262} INFO - Creating ORM DAG for example_params_trigger_ui
[2024-10-12T07:09:02.991+0000] {logging_mixin.py:190} INFO - [2024-10-12T07:09:02.991+0000] {dag.py:4180} INFO - Setting next_dagrun for example_params_trigger_ui to None, run_after=None
[2024-10-12T07:09:03.023+0000] {processor.py:208} INFO - Processing /home/vboxuser/airflow_venv/lib/python3.12/site-packages/airflow/example_dags/example_params_trigger_ui.py took 0.352 seconds
[2024-10-12T07:10:10.714+0000] {processor.py:186} INFO - Started process (PID=11378) to work on /home/vboxuser/airflow_venv/lib/python3.12/site-packages/airflow/example_dags/example_params_trigger_ui.py
[2024-10-12T07:10:10.719+0000] {processor.py:914} INFO - Processing file /home/vboxuser/airflow_venv/lib/python3.12/site-packages/airflow/example_dags/example_params_trigger_ui.py for tasks to queue
[2024-10-12T07:10:10.723+0000] {logging_mixin.py:190} INFO - [2024-10-12T07:10:10.722+0000] {dagbag.py:588} INFO - Filling up the DagBag from /home/vboxuser/airflow_venv/lib/python3.12/site-packages/airflow/example_dags/example_params_trigger_ui.py
[2024-10-12T07:10:10.740+0000] {processor.py:925} INFO - DAG(s) 'example_params_trigger_ui' retrieved from /home/vboxuser/airflow_venv/lib/python3.12/site-packages/airflow/example_dags/example_params_trigger_ui.py
[2024-10-12T07:10:10.787+0000] {logging_mixin.py:190} INFO - [2024-10-12T07:10:10.787+0000] {dag.py:3239} INFO - Sync 1 DAGs
[2024-10-12T07:10:10.803+0000] {logging_mixin.py:190} INFO - [2024-10-12T07:10:10.803+0000] {dag.py:4180} INFO - Setting next_dagrun for example_params_trigger_ui to None, run_after=None
[2024-10-12T07:10:10.855+0000] {processor.py:208} INFO - Processing /home/vboxuser/airflow_venv/lib/python3.12/site-packages/airflow/example_dags/example_params_trigger_ui.py took 0.155 seconds
[2024-10-12T07:11:12.214+0000] {processor.py:186} INFO - Started process (PID=11435) to work on /home/vboxuser/airflow_venv/lib/python3.12/site-packages/airflow/example_dags/example_params_trigger_ui.py
[2024-10-12T07:11:12.221+0000] {processor.py:914} INFO - Processing file /home/vboxuser/airflow_venv/lib/python3.12/site-packages/airflow/example_dags/example_params_trigger_ui.py for tasks to queue
[2024-10-12T07:11:12.224+0000] {logging_mixin.py:190} INFO - [2024-10-12T07:11:12.223+0000] {dagbag.py:588} INFO - Filling up the DagBag from /home/vboxuser/airflow_venv/lib/python3.12/site-packages/airflow/example_dags/example_params_trigger_ui.py
[2024-10-12T07:11:12.237+0000] {processor.py:925} INFO - DAG(s) 'example_params_trigger_ui' retrieved from /home/vboxuser/airflow_venv/lib/python3.12/site-packages/airflow/example_dags/example_params_trigger_ui.py
[2024-10-12T07:11:12.275+0000] {logging_mixin.py:190} INFO - [2024-10-12T07:11:12.275+0000] {dag.py:3239} INFO - Sync 1 DAGs
[2024-10-12T07:11:12.289+0000] {logging_mixin.py:190} INFO - [2024-10-12T07:11:12.288+0000] {dag.py:4180} INFO - Setting next_dagrun for example_params_trigger_ui to None, run_after=None
[2024-10-12T07:11:12.322+0000] {processor.py:208} INFO - Processing /home/vboxuser/airflow_venv/lib/python3.12/site-packages/airflow/example_dags/example_params_trigger_ui.py took 0.120 seconds
[2024-10-12T07:12:18.392+0000] {processor.py:186} INFO - Started process (PID=11496) to work on /home/vboxuser/airflow_venv/lib/python3.12/site-packages/airflow/example_dags/example_params_trigger_ui.py
[2024-10-12T07:12:18.395+0000] {processor.py:914} INFO - Processing file /home/vboxuser/airflow_venv/lib/python3.12/site-packages/airflow/example_dags/example_params_trigger_ui.py for tasks to queue
[2024-10-12T07:12:18.398+0000] {logging_mixin.py:190} INFO - [2024-10-12T07:12:18.397+0000] {dagbag.py:588} INFO - Filling up the DagBag from /home/vboxuser/airflow_venv/lib/python3.12/site-packages/airflow/example_dags/example_params_trigger_ui.py
[2024-10-12T07:12:18.411+0000] {processor.py:925} INFO - DAG(s) 'example_params_trigger_ui' retrieved from /home/vboxuser/airflow_venv/lib/python3.12/site-packages/airflow/example_dags/example_params_trigger_ui.py
[2024-10-12T07:12:18.447+0000] {logging_mixin.py:190} INFO - [2024-10-12T07:12:18.447+0000] {dag.py:3239} INFO - Sync 1 DAGs
[2024-10-12T07:12:18.461+0000] {logging_mixin.py:190} INFO - [2024-10-12T07:12:18.461+0000] {dag.py:4180} INFO - Setting next_dagrun for example_params_trigger_ui to None, run_after=None
[2024-10-12T07:12:18.495+0000] {processor.py:208} INFO - Processing /home/vboxuser/airflow_venv/lib/python3.12/site-packages/airflow/example_dags/example_params_trigger_ui.py took 0.111 seconds
[2024-10-12T07:13:21.052+0000] {processor.py:186} INFO - Started process (PID=11566) to work on /home/vboxuser/airflow_venv/lib/python3.12/site-packages/airflow/example_dags/example_params_trigger_ui.py
[2024-10-12T07:13:21.055+0000] {processor.py:914} INFO - Processing file /home/vboxuser/airflow_venv/lib/python3.12/site-packages/airflow/example_dags/example_params_trigger_ui.py for tasks to queue
[2024-10-12T07:13:21.061+0000] {logging_mixin.py:190} INFO - [2024-10-12T07:13:21.058+0000] {dagbag.py:588} INFO - Filling up the DagBag from /home/vboxuser/airflow_venv/lib/python3.12/site-packages/airflow/example_dags/example_params_trigger_ui.py
[2024-10-12T07:13:21.073+0000] {processor.py:925} INFO - DAG(s) 'example_params_trigger_ui' retrieved from /home/vboxuser/airflow_venv/lib/python3.12/site-packages/airflow/example_dags/example_params_trigger_ui.py
[2024-10-12T07:13:21.111+0000] {logging_mixin.py:190} INFO - [2024-10-12T07:13:21.111+0000] {dag.py:3239} INFO - Sync 1 DAGs
[2024-10-12T07:13:21.129+0000] {logging_mixin.py:190} INFO - [2024-10-12T07:13:21.129+0000] {dag.py:4180} INFO - Setting next_dagrun for example_params_trigger_ui to None, run_after=None
[2024-10-12T07:13:21.262+0000] {processor.py:208} INFO - Processing /home/vboxuser/airflow_venv/lib/python3.12/site-packages/airflow/example_dags/example_params_trigger_ui.py took 0.226 seconds
[2024-10-12T07:14:26.416+0000] {processor.py:186} INFO - Started process (PID=11695) to work on /home/vboxuser/airflow_venv/lib/python3.12/site-packages/airflow/example_dags/example_params_trigger_ui.py
[2024-10-12T07:14:26.423+0000] {processor.py:914} INFO - Processing file /home/vboxuser/airflow_venv/lib/python3.12/site-packages/airflow/example_dags/example_params_trigger_ui.py for tasks to queue
[2024-10-12T07:14:26.427+0000] {logging_mixin.py:190} INFO - [2024-10-12T07:14:26.427+0000] {dagbag.py:588} INFO - Filling up the DagBag from /home/vboxuser/airflow_venv/lib/python3.12/site-packages/airflow/example_dags/example_params_trigger_ui.py
[2024-10-12T07:14:26.450+0000] {processor.py:925} INFO - DAG(s) 'example_params_trigger_ui' retrieved from /home/vboxuser/airflow_venv/lib/python3.12/site-packages/airflow/example_dags/example_params_trigger_ui.py
[2024-10-12T07:14:26.509+0000] {logging_mixin.py:190} INFO - [2024-10-12T07:14:26.509+0000] {dag.py:3239} INFO - Sync 1 DAGs
[2024-10-12T07:14:26.528+0000] {logging_mixin.py:190} INFO - [2024-10-12T07:14:26.527+0000] {dag.py:4180} INFO - Setting next_dagrun for example_params_trigger_ui to None, run_after=None
[2024-10-12T07:14:26.732+0000] {processor.py:208} INFO - Processing /home/vboxuser/airflow_venv/lib/python3.12/site-packages/airflow/example_dags/example_params_trigger_ui.py took 0.328 seconds
[2024-10-12T07:15:41.973+0000] {processor.py:186} INFO - Started process (PID=11771) to work on /home/vboxuser/airflow_venv/lib/python3.12/site-packages/airflow/example_dags/example_params_trigger_ui.py
[2024-10-12T07:15:41.976+0000] {processor.py:914} INFO - Processing file /home/vboxuser/airflow_venv/lib/python3.12/site-packages/airflow/example_dags/example_params_trigger_ui.py for tasks to queue
[2024-10-12T07:15:41.979+0000] {logging_mixin.py:190} INFO - [2024-10-12T07:15:41.979+0000] {dagbag.py:588} INFO - Filling up the DagBag from /home/vboxuser/airflow_venv/lib/python3.12/site-packages/airflow/example_dags/example_params_trigger_ui.py
[2024-10-12T07:15:41.993+0000] {processor.py:925} INFO - DAG(s) 'example_params_trigger_ui' retrieved from /home/vboxuser/airflow_venv/lib/python3.12/site-packages/airflow/example_dags/example_params_trigger_ui.py
[2024-10-12T07:15:42.035+0000] {logging_mixin.py:190} INFO - [2024-10-12T07:15:42.034+0000] {dag.py:3239} INFO - Sync 1 DAGs
[2024-10-12T07:15:42.056+0000] {logging_mixin.py:190} INFO - [2024-10-12T07:15:42.055+0000] {dag.py:4180} INFO - Setting next_dagrun for example_params_trigger_ui to None, run_after=None
[2024-10-12T07:15:42.089+0000] {processor.py:208} INFO - Processing /home/vboxuser/airflow_venv/lib/python3.12/site-packages/airflow/example_dags/example_params_trigger_ui.py took 0.126 seconds
[2024-10-12T07:16:44.971+0000] {processor.py:186} INFO - Started process (PID=11829) to work on /home/vboxuser/airflow_venv/lib/python3.12/site-packages/airflow/example_dags/example_params_trigger_ui.py
[2024-10-12T07:16:44.973+0000] {processor.py:914} INFO - Processing file /home/vboxuser/airflow_venv/lib/python3.12/site-packages/airflow/example_dags/example_params_trigger_ui.py for tasks to queue
[2024-10-12T07:16:44.977+0000] {logging_mixin.py:190} INFO - [2024-10-12T07:16:44.976+0000] {dagbag.py:588} INFO - Filling up the DagBag from /home/vboxuser/airflow_venv/lib/python3.12/site-packages/airflow/example_dags/example_params_trigger_ui.py
[2024-10-12T07:16:44.994+0000] {processor.py:925} INFO - DAG(s) 'example_params_trigger_ui' retrieved from /home/vboxuser/airflow_venv/lib/python3.12/site-packages/airflow/example_dags/example_params_trigger_ui.py
[2024-10-12T07:16:45.038+0000] {logging_mixin.py:190} INFO - [2024-10-12T07:16:45.038+0000] {dag.py:3239} INFO - Sync 1 DAGs
[2024-10-12T07:16:45.054+0000] {logging_mixin.py:190} INFO - [2024-10-12T07:16:45.053+0000] {dag.py:4180} INFO - Setting next_dagrun for example_params_trigger_ui to None, run_after=None
[2024-10-12T07:16:45.086+0000] {processor.py:208} INFO - Processing /home/vboxuser/airflow_venv/lib/python3.12/site-packages/airflow/example_dags/example_params_trigger_ui.py took 0.124 seconds
[2024-10-12T07:17:51.194+0000] {processor.py:186} INFO - Started process (PID=11892) to work on /home/vboxuser/airflow_venv/lib/python3.12/site-packages/airflow/example_dags/example_params_trigger_ui.py
[2024-10-12T07:17:51.199+0000] {processor.py:914} INFO - Processing file /home/vboxuser/airflow_venv/lib/python3.12/site-packages/airflow/example_dags/example_params_trigger_ui.py for tasks to queue
[2024-10-12T07:17:51.204+0000] {logging_mixin.py:190} INFO - [2024-10-12T07:17:51.203+0000] {dagbag.py:588} INFO - Filling up the DagBag from /home/vboxuser/airflow_venv/lib/python3.12/site-packages/airflow/example_dags/example_params_trigger_ui.py
[2024-10-12T07:17:51.218+0000] {processor.py:925} INFO - DAG(s) 'example_params_trigger_ui' retrieved from /home/vboxuser/airflow_venv/lib/python3.12/site-packages/airflow/example_dags/example_params_trigger_ui.py
[2024-10-12T07:17:51.256+0000] {logging_mixin.py:190} INFO - [2024-10-12T07:17:51.255+0000] {dag.py:3239} INFO - Sync 1 DAGs
[2024-10-12T07:17:51.273+0000] {logging_mixin.py:190} INFO - [2024-10-12T07:17:51.272+0000] {dag.py:4180} INFO - Setting next_dagrun for example_params_trigger_ui to None, run_after=None
[2024-10-12T07:17:51.304+0000] {processor.py:208} INFO - Processing /home/vboxuser/airflow_venv/lib/python3.12/site-packages/airflow/example_dags/example_params_trigger_ui.py took 0.120 seconds
[2024-10-12T07:18:51.515+0000] {processor.py:186} INFO - Started process (PID=11949) to work on /home/vboxuser/airflow_venv/lib/python3.12/site-packages/airflow/example_dags/example_params_trigger_ui.py
[2024-10-12T07:18:51.518+0000] {processor.py:914} INFO - Processing file /home/vboxuser/airflow_venv/lib/python3.12/site-packages/airflow/example_dags/example_params_trigger_ui.py for tasks to queue
[2024-10-12T07:18:51.521+0000] {logging_mixin.py:190} INFO - [2024-10-12T07:18:51.520+0000] {dagbag.py:588} INFO - Filling up the DagBag from /home/vboxuser/airflow_venv/lib/python3.12/site-packages/airflow/example_dags/example_params_trigger_ui.py
[2024-10-12T07:18:51.538+0000] {processor.py:925} INFO - DAG(s) 'example_params_trigger_ui' retrieved from /home/vboxuser/airflow_venv/lib/python3.12/site-packages/airflow/example_dags/example_params_trigger_ui.py
[2024-10-12T07:18:51.575+0000] {logging_mixin.py:190} INFO - [2024-10-12T07:18:51.575+0000] {dag.py:3239} INFO - Sync 1 DAGs
[2024-10-12T07:18:51.589+0000] {logging_mixin.py:190} INFO - [2024-10-12T07:18:51.589+0000] {dag.py:4180} INFO - Setting next_dagrun for example_params_trigger_ui to None, run_after=None
[2024-10-12T07:18:51.627+0000] {processor.py:208} INFO - Processing /home/vboxuser/airflow_venv/lib/python3.12/site-packages/airflow/example_dags/example_params_trigger_ui.py took 0.121 seconds
[2024-10-12T07:19:54.202+0000] {processor.py:186} INFO - Started process (PID=12006) to work on /home/vboxuser/airflow_venv/lib/python3.12/site-packages/airflow/example_dags/example_params_trigger_ui.py
[2024-10-12T07:19:54.205+0000] {processor.py:914} INFO - Processing file /home/vboxuser/airflow_venv/lib/python3.12/site-packages/airflow/example_dags/example_params_trigger_ui.py for tasks to queue
[2024-10-12T07:19:54.208+0000] {logging_mixin.py:190} INFO - [2024-10-12T07:19:54.208+0000] {dagbag.py:588} INFO - Filling up the DagBag from /home/vboxuser/airflow_venv/lib/python3.12/site-packages/airflow/example_dags/example_params_trigger_ui.py
[2024-10-12T07:19:54.223+0000] {processor.py:925} INFO - DAG(s) 'example_params_trigger_ui' retrieved from /home/vboxuser/airflow_venv/lib/python3.12/site-packages/airflow/example_dags/example_params_trigger_ui.py
[2024-10-12T07:19:54.267+0000] {logging_mixin.py:190} INFO - [2024-10-12T07:19:54.267+0000] {dag.py:3239} INFO - Sync 1 DAGs
[2024-10-12T07:19:54.286+0000] {logging_mixin.py:190} INFO - [2024-10-12T07:19:54.285+0000] {dag.py:4180} INFO - Setting next_dagrun for example_params_trigger_ui to None, run_after=None
[2024-10-12T07:19:54.323+0000] {processor.py:208} INFO - Processing /home/vboxuser/airflow_venv/lib/python3.12/site-packages/airflow/example_dags/example_params_trigger_ui.py took 0.131 seconds
[2024-10-12T07:21:02.651+0000] {processor.py:186} INFO - Started process (PID=12071) to work on /home/vboxuser/airflow_venv/lib/python3.12/site-packages/airflow/example_dags/example_params_trigger_ui.py
[2024-10-12T07:21:02.653+0000] {processor.py:914} INFO - Processing file /home/vboxuser/airflow_venv/lib/python3.12/site-packages/airflow/example_dags/example_params_trigger_ui.py for tasks to queue
[2024-10-12T07:21:02.657+0000] {logging_mixin.py:190} INFO - [2024-10-12T07:21:02.656+0000] {dagbag.py:588} INFO - Filling up the DagBag from /home/vboxuser/airflow_venv/lib/python3.12/site-packages/airflow/example_dags/example_params_trigger_ui.py
[2024-10-12T07:21:02.675+0000] {processor.py:925} INFO - DAG(s) 'example_params_trigger_ui' retrieved from /home/vboxuser/airflow_venv/lib/python3.12/site-packages/airflow/example_dags/example_params_trigger_ui.py
[2024-10-12T07:21:02.715+0000] {logging_mixin.py:190} INFO - [2024-10-12T07:21:02.714+0000] {dag.py:3239} INFO - Sync 1 DAGs
[2024-10-12T07:21:02.733+0000] {logging_mixin.py:190} INFO - [2024-10-12T07:21:02.732+0000] {dag.py:4180} INFO - Setting next_dagrun for example_params_trigger_ui to None, run_after=None
[2024-10-12T07:21:02.766+0000] {processor.py:208} INFO - Processing /home/vboxuser/airflow_venv/lib/python3.12/site-packages/airflow/example_dags/example_params_trigger_ui.py took 0.124 seconds
[2024-10-12T07:22:09.017+0000] {processor.py:186} INFO - Started process (PID=12132) to work on /home/vboxuser/airflow_venv/lib/python3.12/site-packages/airflow/example_dags/example_params_trigger_ui.py
[2024-10-12T07:22:09.019+0000] {processor.py:914} INFO - Processing file /home/vboxuser/airflow_venv/lib/python3.12/site-packages/airflow/example_dags/example_params_trigger_ui.py for tasks to queue
[2024-10-12T07:22:09.023+0000] {logging_mixin.py:190} INFO - [2024-10-12T07:22:09.022+0000] {dagbag.py:588} INFO - Filling up the DagBag from /home/vboxuser/airflow_venv/lib/python3.12/site-packages/airflow/example_dags/example_params_trigger_ui.py
[2024-10-12T07:22:09.037+0000] {processor.py:925} INFO - DAG(s) 'example_params_trigger_ui' retrieved from /home/vboxuser/airflow_venv/lib/python3.12/site-packages/airflow/example_dags/example_params_trigger_ui.py
[2024-10-12T07:22:09.077+0000] {logging_mixin.py:190} INFO - [2024-10-12T07:22:09.077+0000] {dag.py:3239} INFO - Sync 1 DAGs
[2024-10-12T07:22:09.093+0000] {logging_mixin.py:190} INFO - [2024-10-12T07:22:09.092+0000] {dag.py:4180} INFO - Setting next_dagrun for example_params_trigger_ui to None, run_after=None
[2024-10-12T07:22:09.134+0000] {processor.py:208} INFO - Processing /home/vboxuser/airflow_venv/lib/python3.12/site-packages/airflow/example_dags/example_params_trigger_ui.py took 0.130 seconds
[2024-10-12T07:23:18.190+0000] {processor.py:186} INFO - Started process (PID=12192) to work on /home/vboxuser/airflow_venv/lib/python3.12/site-packages/airflow/example_dags/example_params_trigger_ui.py
[2024-10-12T07:23:18.194+0000] {processor.py:914} INFO - Processing file /home/vboxuser/airflow_venv/lib/python3.12/site-packages/airflow/example_dags/example_params_trigger_ui.py for tasks to queue
[2024-10-12T07:23:18.197+0000] {logging_mixin.py:190} INFO - [2024-10-12T07:23:18.196+0000] {dagbag.py:588} INFO - Filling up the DagBag from /home/vboxuser/airflow_venv/lib/python3.12/site-packages/airflow/example_dags/example_params_trigger_ui.py
[2024-10-12T07:23:18.210+0000] {processor.py:925} INFO - DAG(s) 'example_params_trigger_ui' retrieved from /home/vboxuser/airflow_venv/lib/python3.12/site-packages/airflow/example_dags/example_params_trigger_ui.py
[2024-10-12T07:23:18.250+0000] {logging_mixin.py:190} INFO - [2024-10-12T07:23:18.250+0000] {dag.py:3239} INFO - Sync 1 DAGs
[2024-10-12T07:23:18.264+0000] {logging_mixin.py:190} INFO - [2024-10-12T07:23:18.264+0000] {dag.py:4180} INFO - Setting next_dagrun for example_params_trigger_ui to None, run_after=None
[2024-10-12T07:23:18.298+0000] {processor.py:208} INFO - Processing /home/vboxuser/airflow_venv/lib/python3.12/site-packages/airflow/example_dags/example_params_trigger_ui.py took 0.118 seconds
[2024-10-12T07:24:27.525+0000] {processor.py:186} INFO - Started process (PID=12254) to work on /home/vboxuser/airflow_venv/lib/python3.12/site-packages/airflow/example_dags/example_params_trigger_ui.py
[2024-10-12T07:24:27.528+0000] {processor.py:914} INFO - Processing file /home/vboxuser/airflow_venv/lib/python3.12/site-packages/airflow/example_dags/example_params_trigger_ui.py for tasks to queue
[2024-10-12T07:24:27.532+0000] {logging_mixin.py:190} INFO - [2024-10-12T07:24:27.531+0000] {dagbag.py:588} INFO - Filling up the DagBag from /home/vboxuser/airflow_venv/lib/python3.12/site-packages/airflow/example_dags/example_params_trigger_ui.py
[2024-10-12T07:24:27.546+0000] {processor.py:925} INFO - DAG(s) 'example_params_trigger_ui' retrieved from /home/vboxuser/airflow_venv/lib/python3.12/site-packages/airflow/example_dags/example_params_trigger_ui.py
[2024-10-12T07:24:27.590+0000] {logging_mixin.py:190} INFO - [2024-10-12T07:24:27.590+0000] {dag.py:3239} INFO - Sync 1 DAGs
[2024-10-12T07:24:27.604+0000] {logging_mixin.py:190} INFO - [2024-10-12T07:24:27.604+0000] {dag.py:4180} INFO - Setting next_dagrun for example_params_trigger_ui to None, run_after=None
[2024-10-12T07:24:27.641+0000] {processor.py:208} INFO - Processing /home/vboxuser/airflow_venv/lib/python3.12/site-packages/airflow/example_dags/example_params_trigger_ui.py took 0.124 seconds
[2024-10-12T07:25:35.219+0000] {processor.py:186} INFO - Started process (PID=12318) to work on /home/vboxuser/airflow_venv/lib/python3.12/site-packages/airflow/example_dags/example_params_trigger_ui.py
[2024-10-12T07:25:35.223+0000] {processor.py:914} INFO - Processing file /home/vboxuser/airflow_venv/lib/python3.12/site-packages/airflow/example_dags/example_params_trigger_ui.py for tasks to queue
[2024-10-12T07:25:35.225+0000] {logging_mixin.py:190} INFO - [2024-10-12T07:25:35.225+0000] {dagbag.py:588} INFO - Filling up the DagBag from /home/vboxuser/airflow_venv/lib/python3.12/site-packages/airflow/example_dags/example_params_trigger_ui.py
[2024-10-12T07:25:35.245+0000] {processor.py:925} INFO - DAG(s) 'example_params_trigger_ui' retrieved from /home/vboxuser/airflow_venv/lib/python3.12/site-packages/airflow/example_dags/example_params_trigger_ui.py
[2024-10-12T07:25:35.291+0000] {logging_mixin.py:190} INFO - [2024-10-12T07:25:35.291+0000] {dag.py:3239} INFO - Sync 1 DAGs
[2024-10-12T07:25:35.306+0000] {logging_mixin.py:190} INFO - [2024-10-12T07:25:35.305+0000] {dag.py:4180} INFO - Setting next_dagrun for example_params_trigger_ui to None, run_after=None
[2024-10-12T07:25:35.338+0000] {processor.py:208} INFO - Processing /home/vboxuser/airflow_venv/lib/python3.12/site-packages/airflow/example_dags/example_params_trigger_ui.py took 0.130 seconds
[2024-10-12T07:26:45.569+0000] {processor.py:186} INFO - Started process (PID=12382) to work on /home/vboxuser/airflow_venv/lib/python3.12/site-packages/airflow/example_dags/example_params_trigger_ui.py
[2024-10-12T07:26:45.571+0000] {processor.py:914} INFO - Processing file /home/vboxuser/airflow_venv/lib/python3.12/site-packages/airflow/example_dags/example_params_trigger_ui.py for tasks to queue
[2024-10-12T07:26:45.574+0000] {logging_mixin.py:190} INFO - [2024-10-12T07:26:45.573+0000] {dagbag.py:588} INFO - Filling up the DagBag from /home/vboxuser/airflow_venv/lib/python3.12/site-packages/airflow/example_dags/example_params_trigger_ui.py
[2024-10-12T07:26:45.592+0000] {processor.py:925} INFO - DAG(s) 'example_params_trigger_ui' retrieved from /home/vboxuser/airflow_venv/lib/python3.12/site-packages/airflow/example_dags/example_params_trigger_ui.py
[2024-10-12T07:26:45.640+0000] {logging_mixin.py:190} INFO - [2024-10-12T07:26:45.640+0000] {dag.py:3239} INFO - Sync 1 DAGs
[2024-10-12T07:26:45.655+0000] {logging_mixin.py:190} INFO - [2024-10-12T07:26:45.655+0000] {dag.py:4180} INFO - Setting next_dagrun for example_params_trigger_ui to None, run_after=None
[2024-10-12T07:26:45.689+0000] {processor.py:208} INFO - Processing /home/vboxuser/airflow_venv/lib/python3.12/site-packages/airflow/example_dags/example_params_trigger_ui.py took 0.130 seconds
[2024-10-12T07:28:00.009+0000] {processor.py:186} INFO - Started process (PID=12444) to work on /home/vboxuser/airflow_venv/lib/python3.12/site-packages/airflow/example_dags/example_params_trigger_ui.py
[2024-10-12T07:28:00.019+0000] {processor.py:914} INFO - Processing file /home/vboxuser/airflow_venv/lib/python3.12/site-packages/airflow/example_dags/example_params_trigger_ui.py for tasks to queue
[2024-10-12T07:28:00.028+0000] {logging_mixin.py:190} INFO - [2024-10-12T07:28:00.026+0000] {dagbag.py:588} INFO - Filling up the DagBag from /home/vboxuser/airflow_venv/lib/python3.12/site-packages/airflow/example_dags/example_params_trigger_ui.py
[2024-10-12T07:28:00.075+0000] {processor.py:925} INFO - DAG(s) 'example_params_trigger_ui' retrieved from /home/vboxuser/airflow_venv/lib/python3.12/site-packages/airflow/example_dags/example_params_trigger_ui.py
[2024-10-12T07:28:00.124+0000] {logging_mixin.py:190} INFO - [2024-10-12T07:28:00.124+0000] {dag.py:3239} INFO - Sync 1 DAGs
[2024-10-12T07:28:00.147+0000] {logging_mixin.py:190} INFO - [2024-10-12T07:28:00.147+0000] {dag.py:4180} INFO - Setting next_dagrun for example_params_trigger_ui to None, run_after=None
[2024-10-12T07:28:00.197+0000] {processor.py:208} INFO - Processing /home/vboxuser/airflow_venv/lib/python3.12/site-packages/airflow/example_dags/example_params_trigger_ui.py took 0.202 seconds
[2024-10-12T07:29:03.074+0000] {processor.py:186} INFO - Started process (PID=12502) to work on /home/vboxuser/airflow_venv/lib/python3.12/site-packages/airflow/example_dags/example_params_trigger_ui.py
[2024-10-12T07:29:03.077+0000] {processor.py:914} INFO - Processing file /home/vboxuser/airflow_venv/lib/python3.12/site-packages/airflow/example_dags/example_params_trigger_ui.py for tasks to queue
[2024-10-12T07:29:03.080+0000] {logging_mixin.py:190} INFO - [2024-10-12T07:29:03.079+0000] {dagbag.py:588} INFO - Filling up the DagBag from /home/vboxuser/airflow_venv/lib/python3.12/site-packages/airflow/example_dags/example_params_trigger_ui.py
[2024-10-12T07:29:03.100+0000] {processor.py:925} INFO - DAG(s) 'example_params_trigger_ui' retrieved from /home/vboxuser/airflow_venv/lib/python3.12/site-packages/airflow/example_dags/example_params_trigger_ui.py
[2024-10-12T07:29:03.146+0000] {logging_mixin.py:190} INFO - [2024-10-12T07:29:03.146+0000] {dag.py:3239} INFO - Sync 1 DAGs
[2024-10-12T07:29:03.163+0000] {logging_mixin.py:190} INFO - [2024-10-12T07:29:03.163+0000] {dag.py:4180} INFO - Setting next_dagrun for example_params_trigger_ui to None, run_after=None
[2024-10-12T07:29:03.200+0000] {processor.py:208} INFO - Processing /home/vboxuser/airflow_venv/lib/python3.12/site-packages/airflow/example_dags/example_params_trigger_ui.py took 0.133 seconds
[2024-10-12T07:30:13.832+0000] {processor.py:186} INFO - Started process (PID=12582) to work on /home/vboxuser/airflow_venv/lib/python3.12/site-packages/airflow/example_dags/example_params_trigger_ui.py
[2024-10-12T07:30:13.839+0000] {processor.py:914} INFO - Processing file /home/vboxuser/airflow_venv/lib/python3.12/site-packages/airflow/example_dags/example_params_trigger_ui.py for tasks to queue
[2024-10-12T07:30:13.845+0000] {logging_mixin.py:190} INFO - [2024-10-12T07:30:13.843+0000] {dagbag.py:588} INFO - Filling up the DagBag from /home/vboxuser/airflow_venv/lib/python3.12/site-packages/airflow/example_dags/example_params_trigger_ui.py
[2024-10-12T07:30:13.862+0000] {processor.py:925} INFO - DAG(s) 'example_params_trigger_ui' retrieved from /home/vboxuser/airflow_venv/lib/python3.12/site-packages/airflow/example_dags/example_params_trigger_ui.py
[2024-10-12T07:30:13.905+0000] {logging_mixin.py:190} INFO - [2024-10-12T07:30:13.905+0000] {dag.py:3239} INFO - Sync 1 DAGs
[2024-10-12T07:30:13.921+0000] {logging_mixin.py:190} INFO - [2024-10-12T07:30:13.921+0000] {dag.py:4180} INFO - Setting next_dagrun for example_params_trigger_ui to None, run_after=None
[2024-10-12T07:30:13.957+0000] {processor.py:208} INFO - Processing /home/vboxuser/airflow_venv/lib/python3.12/site-packages/airflow/example_dags/example_params_trigger_ui.py took 0.135 seconds
[2024-10-12T07:31:25.859+0000] {processor.py:186} INFO - Started process (PID=12646) to work on /home/vboxuser/airflow_venv/lib/python3.12/site-packages/airflow/example_dags/example_params_trigger_ui.py
[2024-10-12T07:31:25.871+0000] {processor.py:914} INFO - Processing file /home/vboxuser/airflow_venv/lib/python3.12/site-packages/airflow/example_dags/example_params_trigger_ui.py for tasks to queue
[2024-10-12T07:31:25.887+0000] {logging_mixin.py:190} INFO - [2024-10-12T07:31:25.886+0000] {dagbag.py:588} INFO - Filling up the DagBag from /home/vboxuser/airflow_venv/lib/python3.12/site-packages/airflow/example_dags/example_params_trigger_ui.py
[2024-10-12T07:31:25.927+0000] {processor.py:925} INFO - DAG(s) 'example_params_trigger_ui' retrieved from /home/vboxuser/airflow_venv/lib/python3.12/site-packages/airflow/example_dags/example_params_trigger_ui.py
[2024-10-12T07:31:25.964+0000] {logging_mixin.py:190} INFO - [2024-10-12T07:31:25.964+0000] {dag.py:3239} INFO - Sync 1 DAGs
[2024-10-12T07:31:25.977+0000] {logging_mixin.py:190} INFO - [2024-10-12T07:31:25.977+0000] {dag.py:4180} INFO - Setting next_dagrun for example_params_trigger_ui to None, run_after=None
[2024-10-12T07:31:26.018+0000] {processor.py:208} INFO - Processing /home/vboxuser/airflow_venv/lib/python3.12/site-packages/airflow/example_dags/example_params_trigger_ui.py took 0.171 seconds
[2024-10-12T07:32:31.425+0000] {processor.py:186} INFO - Started process (PID=12715) to work on /home/vboxuser/airflow_venv/lib/python3.12/site-packages/airflow/example_dags/example_params_trigger_ui.py
[2024-10-12T07:32:31.427+0000] {processor.py:914} INFO - Processing file /home/vboxuser/airflow_venv/lib/python3.12/site-packages/airflow/example_dags/example_params_trigger_ui.py for tasks to queue
[2024-10-12T07:32:31.429+0000] {logging_mixin.py:190} INFO - [2024-10-12T07:32:31.429+0000] {dagbag.py:588} INFO - Filling up the DagBag from /home/vboxuser/airflow_venv/lib/python3.12/site-packages/airflow/example_dags/example_params_trigger_ui.py
[2024-10-12T07:32:31.446+0000] {processor.py:925} INFO - DAG(s) 'example_params_trigger_ui' retrieved from /home/vboxuser/airflow_venv/lib/python3.12/site-packages/airflow/example_dags/example_params_trigger_ui.py
[2024-10-12T07:32:31.487+0000] {logging_mixin.py:190} INFO - [2024-10-12T07:32:31.487+0000] {dag.py:3239} INFO - Sync 1 DAGs
[2024-10-12T07:32:31.502+0000] {logging_mixin.py:190} INFO - [2024-10-12T07:32:31.502+0000] {dag.py:4180} INFO - Setting next_dagrun for example_params_trigger_ui to None, run_after=None
[2024-10-12T07:32:31.538+0000] {processor.py:208} INFO - Processing /home/vboxuser/airflow_venv/lib/python3.12/site-packages/airflow/example_dags/example_params_trigger_ui.py took 0.120 seconds
[2024-10-12T07:33:33.748+0000] {processor.py:186} INFO - Started process (PID=12773) to work on /home/vboxuser/airflow_venv/lib/python3.12/site-packages/airflow/example_dags/example_params_trigger_ui.py
[2024-10-12T07:33:33.749+0000] {processor.py:914} INFO - Processing file /home/vboxuser/airflow_venv/lib/python3.12/site-packages/airflow/example_dags/example_params_trigger_ui.py for tasks to queue
[2024-10-12T07:33:33.752+0000] {logging_mixin.py:190} INFO - [2024-10-12T07:33:33.751+0000] {dagbag.py:588} INFO - Filling up the DagBag from /home/vboxuser/airflow_venv/lib/python3.12/site-packages/airflow/example_dags/example_params_trigger_ui.py
[2024-10-12T07:33:33.765+0000] {processor.py:925} INFO - DAG(s) 'example_params_trigger_ui' retrieved from /home/vboxuser/airflow_venv/lib/python3.12/site-packages/airflow/example_dags/example_params_trigger_ui.py
[2024-10-12T07:33:33.806+0000] {logging_mixin.py:190} INFO - [2024-10-12T07:33:33.805+0000] {dag.py:3239} INFO - Sync 1 DAGs
[2024-10-12T07:33:33.821+0000] {logging_mixin.py:190} INFO - [2024-10-12T07:33:33.820+0000] {dag.py:4180} INFO - Setting next_dagrun for example_params_trigger_ui to None, run_after=None
[2024-10-12T07:33:33.852+0000] {processor.py:208} INFO - Processing /home/vboxuser/airflow_venv/lib/python3.12/site-packages/airflow/example_dags/example_params_trigger_ui.py took 0.112 seconds
[2024-10-12T07:34:36.485+0000] {processor.py:186} INFO - Started process (PID=12831) to work on /home/vboxuser/airflow_venv/lib/python3.12/site-packages/airflow/example_dags/example_params_trigger_ui.py
[2024-10-12T07:34:36.491+0000] {processor.py:914} INFO - Processing file /home/vboxuser/airflow_venv/lib/python3.12/site-packages/airflow/example_dags/example_params_trigger_ui.py for tasks to queue
[2024-10-12T07:34:36.494+0000] {logging_mixin.py:190} INFO - [2024-10-12T07:34:36.494+0000] {dagbag.py:588} INFO - Filling up the DagBag from /home/vboxuser/airflow_venv/lib/python3.12/site-packages/airflow/example_dags/example_params_trigger_ui.py
[2024-10-12T07:34:36.512+0000] {processor.py:925} INFO - DAG(s) 'example_params_trigger_ui' retrieved from /home/vboxuser/airflow_venv/lib/python3.12/site-packages/airflow/example_dags/example_params_trigger_ui.py
[2024-10-12T07:34:36.555+0000] {logging_mixin.py:190} INFO - [2024-10-12T07:34:36.554+0000] {dag.py:3239} INFO - Sync 1 DAGs
[2024-10-12T07:34:36.575+0000] {logging_mixin.py:190} INFO - [2024-10-12T07:34:36.574+0000] {dag.py:4180} INFO - Setting next_dagrun for example_params_trigger_ui to None, run_after=None
[2024-10-12T07:34:36.615+0000] {processor.py:208} INFO - Processing /home/vboxuser/airflow_venv/lib/python3.12/site-packages/airflow/example_dags/example_params_trigger_ui.py took 0.137 seconds
[2024-10-12T07:47:23.316+0000] {processor.py:186} INFO - Started process (PID=12924) to work on /home/vboxuser/airflow_venv/lib/python3.12/site-packages/airflow/example_dags/example_params_trigger_ui.py
[2024-10-12T07:47:23.320+0000] {processor.py:914} INFO - Processing file /home/vboxuser/airflow_venv/lib/python3.12/site-packages/airflow/example_dags/example_params_trigger_ui.py for tasks to queue
[2024-10-12T07:47:23.323+0000] {logging_mixin.py:190} INFO - [2024-10-12T07:47:23.322+0000] {dagbag.py:588} INFO - Filling up the DagBag from /home/vboxuser/airflow_venv/lib/python3.12/site-packages/airflow/example_dags/example_params_trigger_ui.py
[2024-10-12T07:47:23.341+0000] {processor.py:925} INFO - DAG(s) 'example_params_trigger_ui' retrieved from /home/vboxuser/airflow_venv/lib/python3.12/site-packages/airflow/example_dags/example_params_trigger_ui.py
[2024-10-12T07:47:23.393+0000] {logging_mixin.py:190} INFO - [2024-10-12T07:47:23.393+0000] {dag.py:3239} INFO - Sync 1 DAGs
[2024-10-12T07:47:23.421+0000] {logging_mixin.py:190} INFO - [2024-10-12T07:47:23.420+0000] {dag.py:4180} INFO - Setting next_dagrun for example_params_trigger_ui to None, run_after=None
[2024-10-12T07:47:23.474+0000] {processor.py:208} INFO - Processing /home/vboxuser/airflow_venv/lib/python3.12/site-packages/airflow/example_dags/example_params_trigger_ui.py took 0.168 seconds
[2024-10-12T07:48:25.588+0000] {processor.py:186} INFO - Started process (PID=12977) to work on /home/vboxuser/airflow_venv/lib/python3.12/site-packages/airflow/example_dags/example_params_trigger_ui.py
[2024-10-12T07:48:25.591+0000] {processor.py:914} INFO - Processing file /home/vboxuser/airflow_venv/lib/python3.12/site-packages/airflow/example_dags/example_params_trigger_ui.py for tasks to queue
[2024-10-12T07:48:25.595+0000] {logging_mixin.py:190} INFO - [2024-10-12T07:48:25.595+0000] {dagbag.py:588} INFO - Filling up the DagBag from /home/vboxuser/airflow_venv/lib/python3.12/site-packages/airflow/example_dags/example_params_trigger_ui.py
[2024-10-12T07:48:25.619+0000] {processor.py:925} INFO - DAG(s) 'example_params_trigger_ui' retrieved from /home/vboxuser/airflow_venv/lib/python3.12/site-packages/airflow/example_dags/example_params_trigger_ui.py
[2024-10-12T07:48:25.684+0000] {logging_mixin.py:190} INFO - [2024-10-12T07:48:25.683+0000] {dag.py:3239} INFO - Sync 1 DAGs
[2024-10-12T07:48:25.708+0000] {logging_mixin.py:190} INFO - [2024-10-12T07:48:25.707+0000] {dag.py:4180} INFO - Setting next_dagrun for example_params_trigger_ui to None, run_after=None
[2024-10-12T07:48:25.756+0000] {processor.py:208} INFO - Processing /home/vboxuser/airflow_venv/lib/python3.12/site-packages/airflow/example_dags/example_params_trigger_ui.py took 0.178 seconds
[2024-10-12T07:49:31.086+0000] {processor.py:186} INFO - Started process (PID=13036) to work on /home/vboxuser/airflow_venv/lib/python3.12/site-packages/airflow/example_dags/example_params_trigger_ui.py
[2024-10-12T07:49:31.089+0000] {processor.py:914} INFO - Processing file /home/vboxuser/airflow_venv/lib/python3.12/site-packages/airflow/example_dags/example_params_trigger_ui.py for tasks to queue
[2024-10-12T07:49:31.094+0000] {logging_mixin.py:190} INFO - [2024-10-12T07:49:31.093+0000] {dagbag.py:588} INFO - Filling up the DagBag from /home/vboxuser/airflow_venv/lib/python3.12/site-packages/airflow/example_dags/example_params_trigger_ui.py
[2024-10-12T07:49:31.115+0000] {processor.py:925} INFO - DAG(s) 'example_params_trigger_ui' retrieved from /home/vboxuser/airflow_venv/lib/python3.12/site-packages/airflow/example_dags/example_params_trigger_ui.py
[2024-10-12T07:49:31.173+0000] {logging_mixin.py:190} INFO - [2024-10-12T07:49:31.173+0000] {dag.py:3239} INFO - Sync 1 DAGs
[2024-10-12T07:49:31.194+0000] {logging_mixin.py:190} INFO - [2024-10-12T07:49:31.193+0000] {dag.py:4180} INFO - Setting next_dagrun for example_params_trigger_ui to None, run_after=None
[2024-10-12T07:49:31.239+0000] {processor.py:208} INFO - Processing /home/vboxuser/airflow_venv/lib/python3.12/site-packages/airflow/example_dags/example_params_trigger_ui.py took 0.166 seconds
[2024-10-12T07:50:40.751+0000] {processor.py:186} INFO - Started process (PID=13117) to work on /home/vboxuser/airflow_venv/lib/python3.12/site-packages/airflow/example_dags/example_params_trigger_ui.py
[2024-10-12T07:50:40.753+0000] {processor.py:914} INFO - Processing file /home/vboxuser/airflow_venv/lib/python3.12/site-packages/airflow/example_dags/example_params_trigger_ui.py for tasks to queue
[2024-10-12T07:50:40.757+0000] {logging_mixin.py:190} INFO - [2024-10-12T07:50:40.756+0000] {dagbag.py:588} INFO - Filling up the DagBag from /home/vboxuser/airflow_venv/lib/python3.12/site-packages/airflow/example_dags/example_params_trigger_ui.py
[2024-10-12T07:50:40.770+0000] {processor.py:925} INFO - DAG(s) 'example_params_trigger_ui' retrieved from /home/vboxuser/airflow_venv/lib/python3.12/site-packages/airflow/example_dags/example_params_trigger_ui.py
[2024-10-12T07:50:40.818+0000] {logging_mixin.py:190} INFO - [2024-10-12T07:50:40.818+0000] {dag.py:3239} INFO - Sync 1 DAGs
[2024-10-12T07:50:40.833+0000] {logging_mixin.py:190} INFO - [2024-10-12T07:50:40.832+0000] {dag.py:4180} INFO - Setting next_dagrun for example_params_trigger_ui to None, run_after=None
[2024-10-12T07:50:40.870+0000] {processor.py:208} INFO - Processing /home/vboxuser/airflow_venv/lib/python3.12/site-packages/airflow/example_dags/example_params_trigger_ui.py took 0.126 seconds
[2024-10-12T07:51:50.757+0000] {processor.py:186} INFO - Started process (PID=13237) to work on /home/vboxuser/airflow_venv/lib/python3.12/site-packages/airflow/example_dags/example_params_trigger_ui.py
[2024-10-12T07:51:50.760+0000] {processor.py:914} INFO - Processing file /home/vboxuser/airflow_venv/lib/python3.12/site-packages/airflow/example_dags/example_params_trigger_ui.py for tasks to queue
[2024-10-12T07:51:50.764+0000] {logging_mixin.py:190} INFO - [2024-10-12T07:51:50.763+0000] {dagbag.py:588} INFO - Filling up the DagBag from /home/vboxuser/airflow_venv/lib/python3.12/site-packages/airflow/example_dags/example_params_trigger_ui.py
[2024-10-12T07:51:50.784+0000] {processor.py:925} INFO - DAG(s) 'example_params_trigger_ui' retrieved from /home/vboxuser/airflow_venv/lib/python3.12/site-packages/airflow/example_dags/example_params_trigger_ui.py
[2024-10-12T07:51:50.847+0000] {logging_mixin.py:190} INFO - [2024-10-12T07:51:50.846+0000] {dag.py:3239} INFO - Sync 1 DAGs
[2024-10-12T07:51:50.869+0000] {logging_mixin.py:190} INFO - [2024-10-12T07:51:50.868+0000] {dag.py:4180} INFO - Setting next_dagrun for example_params_trigger_ui to None, run_after=None
[2024-10-12T07:51:50.914+0000] {processor.py:208} INFO - Processing /home/vboxuser/airflow_venv/lib/python3.12/site-packages/airflow/example_dags/example_params_trigger_ui.py took 0.169 seconds
[2024-10-12T07:53:01.280+0000] {processor.py:186} INFO - Started process (PID=13313) to work on /home/vboxuser/airflow_venv/lib/python3.12/site-packages/airflow/example_dags/example_params_trigger_ui.py
[2024-10-12T07:53:01.283+0000] {processor.py:914} INFO - Processing file /home/vboxuser/airflow_venv/lib/python3.12/site-packages/airflow/example_dags/example_params_trigger_ui.py for tasks to queue
[2024-10-12T07:53:01.288+0000] {logging_mixin.py:190} INFO - [2024-10-12T07:53:01.288+0000] {dagbag.py:588} INFO - Filling up the DagBag from /home/vboxuser/airflow_venv/lib/python3.12/site-packages/airflow/example_dags/example_params_trigger_ui.py
[2024-10-12T07:53:01.319+0000] {processor.py:925} INFO - DAG(s) 'example_params_trigger_ui' retrieved from /home/vboxuser/airflow_venv/lib/python3.12/site-packages/airflow/example_dags/example_params_trigger_ui.py
[2024-10-12T07:53:01.411+0000] {logging_mixin.py:190} INFO - [2024-10-12T07:53:01.411+0000] {dag.py:3239} INFO - Sync 1 DAGs
[2024-10-12T07:53:01.448+0000] {logging_mixin.py:190} INFO - [2024-10-12T07:53:01.447+0000] {dag.py:4180} INFO - Setting next_dagrun for example_params_trigger_ui to None, run_after=None
[2024-10-12T07:53:01.509+0000] {processor.py:208} INFO - Processing /home/vboxuser/airflow_venv/lib/python3.12/site-packages/airflow/example_dags/example_params_trigger_ui.py took 0.238 seconds
[2024-10-12T07:54:02.597+0000] {processor.py:186} INFO - Started process (PID=13379) to work on /home/vboxuser/airflow_venv/lib/python3.12/site-packages/airflow/example_dags/example_params_trigger_ui.py
[2024-10-12T07:54:02.604+0000] {processor.py:914} INFO - Processing file /home/vboxuser/airflow_venv/lib/python3.12/site-packages/airflow/example_dags/example_params_trigger_ui.py for tasks to queue
[2024-10-12T07:54:02.609+0000] {logging_mixin.py:190} INFO - [2024-10-12T07:54:02.608+0000] {dagbag.py:588} INFO - Filling up the DagBag from /home/vboxuser/airflow_venv/lib/python3.12/site-packages/airflow/example_dags/example_params_trigger_ui.py
[2024-10-12T07:54:02.632+0000] {processor.py:925} INFO - DAG(s) 'example_params_trigger_ui' retrieved from /home/vboxuser/airflow_venv/lib/python3.12/site-packages/airflow/example_dags/example_params_trigger_ui.py
[2024-10-12T07:54:02.691+0000] {logging_mixin.py:190} INFO - [2024-10-12T07:54:02.691+0000] {dag.py:3239} INFO - Sync 1 DAGs
[2024-10-12T07:54:02.714+0000] {logging_mixin.py:190} INFO - [2024-10-12T07:54:02.713+0000] {dag.py:4180} INFO - Setting next_dagrun for example_params_trigger_ui to None, run_after=None
[2024-10-12T07:54:02.759+0000] {processor.py:208} INFO - Processing /home/vboxuser/airflow_venv/lib/python3.12/site-packages/airflow/example_dags/example_params_trigger_ui.py took 0.173 seconds
[2024-10-12T07:55:05.764+0000] {processor.py:186} INFO - Started process (PID=13441) to work on /home/vboxuser/airflow_venv/lib/python3.12/site-packages/airflow/example_dags/example_params_trigger_ui.py
[2024-10-12T07:55:05.770+0000] {processor.py:914} INFO - Processing file /home/vboxuser/airflow_venv/lib/python3.12/site-packages/airflow/example_dags/example_params_trigger_ui.py for tasks to queue
[2024-10-12T07:55:05.775+0000] {logging_mixin.py:190} INFO - [2024-10-12T07:55:05.774+0000] {dagbag.py:588} INFO - Filling up the DagBag from /home/vboxuser/airflow_venv/lib/python3.12/site-packages/airflow/example_dags/example_params_trigger_ui.py
[2024-10-12T07:55:05.792+0000] {processor.py:925} INFO - DAG(s) 'example_params_trigger_ui' retrieved from /home/vboxuser/airflow_venv/lib/python3.12/site-packages/airflow/example_dags/example_params_trigger_ui.py
[2024-10-12T07:55:05.851+0000] {logging_mixin.py:190} INFO - [2024-10-12T07:55:05.850+0000] {dag.py:3239} INFO - Sync 1 DAGs
[2024-10-12T07:55:05.869+0000] {logging_mixin.py:190} INFO - [2024-10-12T07:55:05.869+0000] {dag.py:4180} INFO - Setting next_dagrun for example_params_trigger_ui to None, run_after=None
[2024-10-12T07:55:05.909+0000] {processor.py:208} INFO - Processing /home/vboxuser/airflow_venv/lib/python3.12/site-packages/airflow/example_dags/example_params_trigger_ui.py took 0.155 seconds
[2024-10-12T07:56:11.843+0000] {processor.py:186} INFO - Started process (PID=13504) to work on /home/vboxuser/airflow_venv/lib/python3.12/site-packages/airflow/example_dags/example_params_trigger_ui.py
[2024-10-12T07:56:11.850+0000] {processor.py:914} INFO - Processing file /home/vboxuser/airflow_venv/lib/python3.12/site-packages/airflow/example_dags/example_params_trigger_ui.py for tasks to queue
[2024-10-12T07:56:11.855+0000] {logging_mixin.py:190} INFO - [2024-10-12T07:56:11.854+0000] {dagbag.py:588} INFO - Filling up the DagBag from /home/vboxuser/airflow_venv/lib/python3.12/site-packages/airflow/example_dags/example_params_trigger_ui.py
[2024-10-12T07:56:11.874+0000] {processor.py:925} INFO - DAG(s) 'example_params_trigger_ui' retrieved from /home/vboxuser/airflow_venv/lib/python3.12/site-packages/airflow/example_dags/example_params_trigger_ui.py
[2024-10-12T07:56:11.938+0000] {logging_mixin.py:190} INFO - [2024-10-12T07:56:11.937+0000] {dag.py:3239} INFO - Sync 1 DAGs
[2024-10-12T07:56:11.960+0000] {logging_mixin.py:190} INFO - [2024-10-12T07:56:11.959+0000] {dag.py:4180} INFO - Setting next_dagrun for example_params_trigger_ui to None, run_after=None
[2024-10-12T07:56:11.997+0000] {processor.py:208} INFO - Processing /home/vboxuser/airflow_venv/lib/python3.12/site-packages/airflow/example_dags/example_params_trigger_ui.py took 0.168 seconds
[2024-10-12T07:57:18.687+0000] {processor.py:186} INFO - Started process (PID=13574) to work on /home/vboxuser/airflow_venv/lib/python3.12/site-packages/airflow/example_dags/example_params_trigger_ui.py
[2024-10-12T07:57:18.694+0000] {processor.py:914} INFO - Processing file /home/vboxuser/airflow_venv/lib/python3.12/site-packages/airflow/example_dags/example_params_trigger_ui.py for tasks to queue
[2024-10-12T07:57:18.699+0000] {logging_mixin.py:190} INFO - [2024-10-12T07:57:18.698+0000] {dagbag.py:588} INFO - Filling up the DagBag from /home/vboxuser/airflow_venv/lib/python3.12/site-packages/airflow/example_dags/example_params_trigger_ui.py
[2024-10-12T07:57:18.718+0000] {processor.py:925} INFO - DAG(s) 'example_params_trigger_ui' retrieved from /home/vboxuser/airflow_venv/lib/python3.12/site-packages/airflow/example_dags/example_params_trigger_ui.py
[2024-10-12T07:57:18.767+0000] {logging_mixin.py:190} INFO - [2024-10-12T07:57:18.766+0000] {dag.py:3239} INFO - Sync 1 DAGs
[2024-10-12T07:57:18.791+0000] {logging_mixin.py:190} INFO - [2024-10-12T07:57:18.791+0000] {dag.py:4180} INFO - Setting next_dagrun for example_params_trigger_ui to None, run_after=None
[2024-10-12T07:57:18.837+0000] {processor.py:208} INFO - Processing /home/vboxuser/airflow_venv/lib/python3.12/site-packages/airflow/example_dags/example_params_trigger_ui.py took 0.159 seconds
[2024-10-12T07:58:22.782+0000] {processor.py:186} INFO - Started process (PID=13637) to work on /home/vboxuser/airflow_venv/lib/python3.12/site-packages/airflow/example_dags/example_params_trigger_ui.py
[2024-10-12T07:58:22.788+0000] {processor.py:914} INFO - Processing file /home/vboxuser/airflow_venv/lib/python3.12/site-packages/airflow/example_dags/example_params_trigger_ui.py for tasks to queue
[2024-10-12T07:58:22.792+0000] {logging_mixin.py:190} INFO - [2024-10-12T07:58:22.791+0000] {dagbag.py:588} INFO - Filling up the DagBag from /home/vboxuser/airflow_venv/lib/python3.12/site-packages/airflow/example_dags/example_params_trigger_ui.py
[2024-10-12T07:58:22.809+0000] {processor.py:925} INFO - DAG(s) 'example_params_trigger_ui' retrieved from /home/vboxuser/airflow_venv/lib/python3.12/site-packages/airflow/example_dags/example_params_trigger_ui.py
[2024-10-12T07:58:22.847+0000] {logging_mixin.py:190} INFO - [2024-10-12T07:58:22.847+0000] {dag.py:3239} INFO - Sync 1 DAGs
[2024-10-12T07:58:22.862+0000] {logging_mixin.py:190} INFO - [2024-10-12T07:58:22.861+0000] {dag.py:4180} INFO - Setting next_dagrun for example_params_trigger_ui to None, run_after=None
[2024-10-12T07:58:22.914+0000] {processor.py:208} INFO - Processing /home/vboxuser/airflow_venv/lib/python3.12/site-packages/airflow/example_dags/example_params_trigger_ui.py took 0.143 seconds
[2024-10-12T07:59:22.844+0000] {processor.py:186} INFO - Started process (PID=13694) to work on /home/vboxuser/airflow_venv/lib/python3.12/site-packages/airflow/example_dags/example_params_trigger_ui.py
[2024-10-12T07:59:22.849+0000] {processor.py:914} INFO - Processing file /home/vboxuser/airflow_venv/lib/python3.12/site-packages/airflow/example_dags/example_params_trigger_ui.py for tasks to queue
[2024-10-12T07:59:22.852+0000] {logging_mixin.py:190} INFO - [2024-10-12T07:59:22.852+0000] {dagbag.py:588} INFO - Filling up the DagBag from /home/vboxuser/airflow_venv/lib/python3.12/site-packages/airflow/example_dags/example_params_trigger_ui.py
[2024-10-12T07:59:22.873+0000] {processor.py:925} INFO - DAG(s) 'example_params_trigger_ui' retrieved from /home/vboxuser/airflow_venv/lib/python3.12/site-packages/airflow/example_dags/example_params_trigger_ui.py
[2024-10-12T07:59:22.923+0000] {logging_mixin.py:190} INFO - [2024-10-12T07:59:22.922+0000] {dag.py:3239} INFO - Sync 1 DAGs
[2024-10-12T07:59:22.944+0000] {logging_mixin.py:190} INFO - [2024-10-12T07:59:22.944+0000] {dag.py:4180} INFO - Setting next_dagrun for example_params_trigger_ui to None, run_after=None
[2024-10-12T07:59:22.990+0000] {processor.py:208} INFO - Processing /home/vboxuser/airflow_venv/lib/python3.12/site-packages/airflow/example_dags/example_params_trigger_ui.py took 0.155 seconds
[2024-10-12T08:00:28.595+0000] {processor.py:186} INFO - Started process (PID=13757) to work on /home/vboxuser/airflow_venv/lib/python3.12/site-packages/airflow/example_dags/example_params_trigger_ui.py
[2024-10-12T08:00:28.598+0000] {processor.py:914} INFO - Processing file /home/vboxuser/airflow_venv/lib/python3.12/site-packages/airflow/example_dags/example_params_trigger_ui.py for tasks to queue
[2024-10-12T08:00:28.602+0000] {logging_mixin.py:190} INFO - [2024-10-12T08:00:28.601+0000] {dagbag.py:588} INFO - Filling up the DagBag from /home/vboxuser/airflow_venv/lib/python3.12/site-packages/airflow/example_dags/example_params_trigger_ui.py
[2024-10-12T08:00:28.619+0000] {processor.py:925} INFO - DAG(s) 'example_params_trigger_ui' retrieved from /home/vboxuser/airflow_venv/lib/python3.12/site-packages/airflow/example_dags/example_params_trigger_ui.py
[2024-10-12T08:00:28.674+0000] {logging_mixin.py:190} INFO - [2024-10-12T08:00:28.674+0000] {dag.py:3239} INFO - Sync 1 DAGs
[2024-10-12T08:00:28.693+0000] {logging_mixin.py:190} INFO - [2024-10-12T08:00:28.692+0000] {dag.py:4180} INFO - Setting next_dagrun for example_params_trigger_ui to None, run_after=None
[2024-10-12T08:00:28.735+0000] {processor.py:208} INFO - Processing /home/vboxuser/airflow_venv/lib/python3.12/site-packages/airflow/example_dags/example_params_trigger_ui.py took 0.151 seconds
[2024-10-12T08:01:32.791+0000] {processor.py:186} INFO - Started process (PID=13814) to work on /home/vboxuser/airflow_venv/lib/python3.12/site-packages/airflow/example_dags/example_params_trigger_ui.py
[2024-10-12T08:01:32.794+0000] {processor.py:914} INFO - Processing file /home/vboxuser/airflow_venv/lib/python3.12/site-packages/airflow/example_dags/example_params_trigger_ui.py for tasks to queue
[2024-10-12T08:01:32.799+0000] {logging_mixin.py:190} INFO - [2024-10-12T08:01:32.798+0000] {dagbag.py:588} INFO - Filling up the DagBag from /home/vboxuser/airflow_venv/lib/python3.12/site-packages/airflow/example_dags/example_params_trigger_ui.py
[2024-10-12T08:01:32.821+0000] {processor.py:925} INFO - DAG(s) 'example_params_trigger_ui' retrieved from /home/vboxuser/airflow_venv/lib/python3.12/site-packages/airflow/example_dags/example_params_trigger_ui.py
[2024-10-12T08:01:32.874+0000] {logging_mixin.py:190} INFO - [2024-10-12T08:01:32.873+0000] {dag.py:3239} INFO - Sync 1 DAGs
[2024-10-12T08:01:32.891+0000] {logging_mixin.py:190} INFO - [2024-10-12T08:01:32.891+0000] {dag.py:4180} INFO - Setting next_dagrun for example_params_trigger_ui to None, run_after=None
[2024-10-12T08:01:32.929+0000] {processor.py:208} INFO - Processing /home/vboxuser/airflow_venv/lib/python3.12/site-packages/airflow/example_dags/example_params_trigger_ui.py took 0.150 seconds
[2024-10-12T08:02:41.660+0000] {processor.py:186} INFO - Started process (PID=13875) to work on /home/vboxuser/airflow_venv/lib/python3.12/site-packages/airflow/example_dags/example_params_trigger_ui.py
[2024-10-12T08:02:41.666+0000] {processor.py:914} INFO - Processing file /home/vboxuser/airflow_venv/lib/python3.12/site-packages/airflow/example_dags/example_params_trigger_ui.py for tasks to queue
[2024-10-12T08:02:41.671+0000] {logging_mixin.py:190} INFO - [2024-10-12T08:02:41.670+0000] {dagbag.py:588} INFO - Filling up the DagBag from /home/vboxuser/airflow_venv/lib/python3.12/site-packages/airflow/example_dags/example_params_trigger_ui.py
[2024-10-12T08:02:41.692+0000] {processor.py:925} INFO - DAG(s) 'example_params_trigger_ui' retrieved from /home/vboxuser/airflow_venv/lib/python3.12/site-packages/airflow/example_dags/example_params_trigger_ui.py
[2024-10-12T08:02:41.742+0000] {logging_mixin.py:190} INFO - [2024-10-12T08:02:41.742+0000] {dag.py:3239} INFO - Sync 1 DAGs
[2024-10-12T08:02:41.760+0000] {logging_mixin.py:190} INFO - [2024-10-12T08:02:41.760+0000] {dag.py:4180} INFO - Setting next_dagrun for example_params_trigger_ui to None, run_after=None
[2024-10-12T08:02:41.799+0000] {processor.py:208} INFO - Processing /home/vboxuser/airflow_venv/lib/python3.12/site-packages/airflow/example_dags/example_params_trigger_ui.py took 0.149 seconds
[2024-10-12T08:03:44.285+0000] {processor.py:186} INFO - Started process (PID=13933) to work on /home/vboxuser/airflow_venv/lib/python3.12/site-packages/airflow/example_dags/example_params_trigger_ui.py
[2024-10-12T08:03:44.287+0000] {processor.py:914} INFO - Processing file /home/vboxuser/airflow_venv/lib/python3.12/site-packages/airflow/example_dags/example_params_trigger_ui.py for tasks to queue
[2024-10-12T08:03:44.291+0000] {logging_mixin.py:190} INFO - [2024-10-12T08:03:44.290+0000] {dagbag.py:588} INFO - Filling up the DagBag from /home/vboxuser/airflow_venv/lib/python3.12/site-packages/airflow/example_dags/example_params_trigger_ui.py
[2024-10-12T08:03:44.306+0000] {processor.py:925} INFO - DAG(s) 'example_params_trigger_ui' retrieved from /home/vboxuser/airflow_venv/lib/python3.12/site-packages/airflow/example_dags/example_params_trigger_ui.py
[2024-10-12T08:03:44.361+0000] {logging_mixin.py:190} INFO - [2024-10-12T08:03:44.360+0000] {dag.py:3239} INFO - Sync 1 DAGs
[2024-10-12T08:03:44.380+0000] {logging_mixin.py:190} INFO - [2024-10-12T08:03:44.380+0000] {dag.py:4180} INFO - Setting next_dagrun for example_params_trigger_ui to None, run_after=None
[2024-10-12T08:03:44.421+0000] {processor.py:208} INFO - Processing /home/vboxuser/airflow_venv/lib/python3.12/site-packages/airflow/example_dags/example_params_trigger_ui.py took 0.148 seconds
[2024-10-12T08:04:53.550+0000] {processor.py:186} INFO - Started process (PID=14007) to work on /home/vboxuser/airflow_venv/lib/python3.12/site-packages/airflow/example_dags/example_params_trigger_ui.py
[2024-10-12T08:04:53.552+0000] {processor.py:914} INFO - Processing file /home/vboxuser/airflow_venv/lib/python3.12/site-packages/airflow/example_dags/example_params_trigger_ui.py for tasks to queue
[2024-10-12T08:04:53.556+0000] {logging_mixin.py:190} INFO - [2024-10-12T08:04:53.555+0000] {dagbag.py:588} INFO - Filling up the DagBag from /home/vboxuser/airflow_venv/lib/python3.12/site-packages/airflow/example_dags/example_params_trigger_ui.py
[2024-10-12T08:04:53.577+0000] {processor.py:925} INFO - DAG(s) 'example_params_trigger_ui' retrieved from /home/vboxuser/airflow_venv/lib/python3.12/site-packages/airflow/example_dags/example_params_trigger_ui.py
[2024-10-12T08:04:53.627+0000] {logging_mixin.py:190} INFO - [2024-10-12T08:04:53.626+0000] {dag.py:3239} INFO - Sync 1 DAGs
[2024-10-12T08:04:53.643+0000] {logging_mixin.py:190} INFO - [2024-10-12T08:04:53.643+0000] {dag.py:4180} INFO - Setting next_dagrun for example_params_trigger_ui to None, run_after=None
[2024-10-12T08:04:53.681+0000] {processor.py:208} INFO - Processing /home/vboxuser/airflow_venv/lib/python3.12/site-packages/airflow/example_dags/example_params_trigger_ui.py took 0.141 seconds
[2024-10-12T08:06:04.690+0000] {processor.py:186} INFO - Started process (PID=14077) to work on /home/vboxuser/airflow_venv/lib/python3.12/site-packages/airflow/example_dags/example_params_trigger_ui.py
[2024-10-12T08:06:04.698+0000] {processor.py:914} INFO - Processing file /home/vboxuser/airflow_venv/lib/python3.12/site-packages/airflow/example_dags/example_params_trigger_ui.py for tasks to queue
[2024-10-12T08:06:04.704+0000] {logging_mixin.py:190} INFO - [2024-10-12T08:06:04.703+0000] {dagbag.py:588} INFO - Filling up the DagBag from /home/vboxuser/airflow_venv/lib/python3.12/site-packages/airflow/example_dags/example_params_trigger_ui.py
[2024-10-12T08:06:04.730+0000] {processor.py:925} INFO - DAG(s) 'example_params_trigger_ui' retrieved from /home/vboxuser/airflow_venv/lib/python3.12/site-packages/airflow/example_dags/example_params_trigger_ui.py
[2024-10-12T08:06:04.859+0000] {logging_mixin.py:190} INFO - [2024-10-12T08:06:04.858+0000] {dag.py:3239} INFO - Sync 1 DAGs
[2024-10-12T08:06:04.906+0000] {logging_mixin.py:190} INFO - [2024-10-12T08:06:04.905+0000] {dag.py:4180} INFO - Setting next_dagrun for example_params_trigger_ui to None, run_after=None
[2024-10-12T08:06:04.995+0000] {processor.py:208} INFO - Processing /home/vboxuser/airflow_venv/lib/python3.12/site-packages/airflow/example_dags/example_params_trigger_ui.py took 0.319 seconds
[2024-10-12T08:07:19.262+0000] {processor.py:186} INFO - Started process (PID=14142) to work on /home/vboxuser/airflow_venv/lib/python3.12/site-packages/airflow/example_dags/example_params_trigger_ui.py
[2024-10-12T08:07:19.267+0000] {processor.py:914} INFO - Processing file /home/vboxuser/airflow_venv/lib/python3.12/site-packages/airflow/example_dags/example_params_trigger_ui.py for tasks to queue
[2024-10-12T08:07:19.274+0000] {logging_mixin.py:190} INFO - [2024-10-12T08:07:19.272+0000] {dagbag.py:588} INFO - Filling up the DagBag from /home/vboxuser/airflow_venv/lib/python3.12/site-packages/airflow/example_dags/example_params_trigger_ui.py
[2024-10-12T08:07:19.300+0000] {processor.py:925} INFO - DAG(s) 'example_params_trigger_ui' retrieved from /home/vboxuser/airflow_venv/lib/python3.12/site-packages/airflow/example_dags/example_params_trigger_ui.py
[2024-10-12T08:07:19.396+0000] {logging_mixin.py:190} INFO - [2024-10-12T08:07:19.396+0000] {dag.py:3239} INFO - Sync 1 DAGs
[2024-10-12T08:07:19.427+0000] {logging_mixin.py:190} INFO - [2024-10-12T08:07:19.426+0000] {dag.py:4180} INFO - Setting next_dagrun for example_params_trigger_ui to None, run_after=None
[2024-10-12T08:07:19.489+0000] {processor.py:208} INFO - Processing /home/vboxuser/airflow_venv/lib/python3.12/site-packages/airflow/example_dags/example_params_trigger_ui.py took 0.241 seconds
[2024-10-12T08:08:32.810+0000] {processor.py:186} INFO - Started process (PID=14210) to work on /home/vboxuser/airflow_venv/lib/python3.12/site-packages/airflow/example_dags/example_params_trigger_ui.py
[2024-10-12T08:08:32.818+0000] {processor.py:914} INFO - Processing file /home/vboxuser/airflow_venv/lib/python3.12/site-packages/airflow/example_dags/example_params_trigger_ui.py for tasks to queue
[2024-10-12T08:08:32.824+0000] {logging_mixin.py:190} INFO - [2024-10-12T08:08:32.824+0000] {dagbag.py:588} INFO - Filling up the DagBag from /home/vboxuser/airflow_venv/lib/python3.12/site-packages/airflow/example_dags/example_params_trigger_ui.py
[2024-10-12T08:08:32.848+0000] {processor.py:925} INFO - DAG(s) 'example_params_trigger_ui' retrieved from /home/vboxuser/airflow_venv/lib/python3.12/site-packages/airflow/example_dags/example_params_trigger_ui.py
[2024-10-12T08:08:32.925+0000] {logging_mixin.py:190} INFO - [2024-10-12T08:08:32.925+0000] {dag.py:3239} INFO - Sync 1 DAGs
[2024-10-12T08:08:32.942+0000] {logging_mixin.py:190} INFO - [2024-10-12T08:08:32.942+0000] {dag.py:4180} INFO - Setting next_dagrun for example_params_trigger_ui to None, run_after=None
[2024-10-12T08:08:33.003+0000] {processor.py:208} INFO - Processing /home/vboxuser/airflow_venv/lib/python3.12/site-packages/airflow/example_dags/example_params_trigger_ui.py took 0.206 seconds
[2024-10-12T08:09:49.745+0000] {processor.py:186} INFO - Started process (PID=14274) to work on /home/vboxuser/airflow_venv/lib/python3.12/site-packages/airflow/example_dags/example_params_trigger_ui.py
[2024-10-12T08:09:49.751+0000] {processor.py:914} INFO - Processing file /home/vboxuser/airflow_venv/lib/python3.12/site-packages/airflow/example_dags/example_params_trigger_ui.py for tasks to queue
[2024-10-12T08:09:49.756+0000] {logging_mixin.py:190} INFO - [2024-10-12T08:09:49.755+0000] {dagbag.py:588} INFO - Filling up the DagBag from /home/vboxuser/airflow_venv/lib/python3.12/site-packages/airflow/example_dags/example_params_trigger_ui.py
[2024-10-12T08:09:49.787+0000] {processor.py:925} INFO - DAG(s) 'example_params_trigger_ui' retrieved from /home/vboxuser/airflow_venv/lib/python3.12/site-packages/airflow/example_dags/example_params_trigger_ui.py
[2024-10-12T08:09:49.874+0000] {logging_mixin.py:190} INFO - [2024-10-12T08:09:49.873+0000] {dag.py:3239} INFO - Sync 1 DAGs
[2024-10-12T08:09:49.900+0000] {logging_mixin.py:190} INFO - [2024-10-12T08:09:49.900+0000] {dag.py:4180} INFO - Setting next_dagrun for example_params_trigger_ui to None, run_after=None
[2024-10-12T08:09:49.965+0000] {processor.py:208} INFO - Processing /home/vboxuser/airflow_venv/lib/python3.12/site-packages/airflow/example_dags/example_params_trigger_ui.py took 0.234 seconds
[2024-10-12T08:11:04.564+0000] {processor.py:186} INFO - Started process (PID=14342) to work on /home/vboxuser/airflow_venv/lib/python3.12/site-packages/airflow/example_dags/example_params_trigger_ui.py
[2024-10-12T08:11:04.570+0000] {processor.py:914} INFO - Processing file /home/vboxuser/airflow_venv/lib/python3.12/site-packages/airflow/example_dags/example_params_trigger_ui.py for tasks to queue
[2024-10-12T08:11:04.574+0000] {logging_mixin.py:190} INFO - [2024-10-12T08:11:04.574+0000] {dagbag.py:588} INFO - Filling up the DagBag from /home/vboxuser/airflow_venv/lib/python3.12/site-packages/airflow/example_dags/example_params_trigger_ui.py
[2024-10-12T08:11:04.599+0000] {processor.py:925} INFO - DAG(s) 'example_params_trigger_ui' retrieved from /home/vboxuser/airflow_venv/lib/python3.12/site-packages/airflow/example_dags/example_params_trigger_ui.py
[2024-10-12T08:11:04.678+0000] {logging_mixin.py:190} INFO - [2024-10-12T08:11:04.677+0000] {dag.py:3239} INFO - Sync 1 DAGs
[2024-10-12T08:11:04.704+0000] {logging_mixin.py:190} INFO - [2024-10-12T08:11:04.704+0000] {dag.py:4180} INFO - Setting next_dagrun for example_params_trigger_ui to None, run_after=None
[2024-10-12T08:11:04.768+0000] {processor.py:208} INFO - Processing /home/vboxuser/airflow_venv/lib/python3.12/site-packages/airflow/example_dags/example_params_trigger_ui.py took 0.216 seconds
[2024-10-12T08:12:10.639+0000] {processor.py:186} INFO - Started process (PID=14402) to work on /home/vboxuser/airflow_venv/lib/python3.12/site-packages/airflow/example_dags/example_params_trigger_ui.py
[2024-10-12T08:12:10.645+0000] {processor.py:914} INFO - Processing file /home/vboxuser/airflow_venv/lib/python3.12/site-packages/airflow/example_dags/example_params_trigger_ui.py for tasks to queue
[2024-10-12T08:12:10.650+0000] {logging_mixin.py:190} INFO - [2024-10-12T08:12:10.650+0000] {dagbag.py:588} INFO - Filling up the DagBag from /home/vboxuser/airflow_venv/lib/python3.12/site-packages/airflow/example_dags/example_params_trigger_ui.py
[2024-10-12T08:12:10.675+0000] {processor.py:925} INFO - DAG(s) 'example_params_trigger_ui' retrieved from /home/vboxuser/airflow_venv/lib/python3.12/site-packages/airflow/example_dags/example_params_trigger_ui.py
[2024-10-12T08:12:10.751+0000] {logging_mixin.py:190} INFO - [2024-10-12T08:12:10.750+0000] {dag.py:3239} INFO - Sync 1 DAGs
[2024-10-12T08:12:10.777+0000] {logging_mixin.py:190} INFO - [2024-10-12T08:12:10.777+0000] {dag.py:4180} INFO - Setting next_dagrun for example_params_trigger_ui to None, run_after=None
[2024-10-12T08:12:10.838+0000] {processor.py:208} INFO - Processing /home/vboxuser/airflow_venv/lib/python3.12/site-packages/airflow/example_dags/example_params_trigger_ui.py took 0.211 seconds
[2024-10-12T08:13:20.591+0000] {processor.py:186} INFO - Started process (PID=14464) to work on /home/vboxuser/airflow_venv/lib/python3.12/site-packages/airflow/example_dags/example_params_trigger_ui.py
[2024-10-12T08:13:20.599+0000] {processor.py:914} INFO - Processing file /home/vboxuser/airflow_venv/lib/python3.12/site-packages/airflow/example_dags/example_params_trigger_ui.py for tasks to queue
[2024-10-12T08:13:20.604+0000] {logging_mixin.py:190} INFO - [2024-10-12T08:13:20.603+0000] {dagbag.py:588} INFO - Filling up the DagBag from /home/vboxuser/airflow_venv/lib/python3.12/site-packages/airflow/example_dags/example_params_trigger_ui.py
[2024-10-12T08:13:20.625+0000] {processor.py:925} INFO - DAG(s) 'example_params_trigger_ui' retrieved from /home/vboxuser/airflow_venv/lib/python3.12/site-packages/airflow/example_dags/example_params_trigger_ui.py
[2024-10-12T08:13:20.694+0000] {logging_mixin.py:190} INFO - [2024-10-12T08:13:20.693+0000] {dag.py:3239} INFO - Sync 1 DAGs
[2024-10-12T08:13:20.725+0000] {logging_mixin.py:190} INFO - [2024-10-12T08:13:20.724+0000] {dag.py:4180} INFO - Setting next_dagrun for example_params_trigger_ui to None, run_after=None
[2024-10-12T08:13:20.781+0000] {processor.py:208} INFO - Processing /home/vboxuser/airflow_venv/lib/python3.12/site-packages/airflow/example_dags/example_params_trigger_ui.py took 0.205 seconds
[2024-10-12T08:14:35.098+0000] {processor.py:186} INFO - Started process (PID=14526) to work on /home/vboxuser/airflow_venv/lib/python3.12/site-packages/airflow/example_dags/example_params_trigger_ui.py
[2024-10-12T08:14:35.103+0000] {processor.py:914} INFO - Processing file /home/vboxuser/airflow_venv/lib/python3.12/site-packages/airflow/example_dags/example_params_trigger_ui.py for tasks to queue
[2024-10-12T08:14:35.109+0000] {logging_mixin.py:190} INFO - [2024-10-12T08:14:35.108+0000] {dagbag.py:588} INFO - Filling up the DagBag from /home/vboxuser/airflow_venv/lib/python3.12/site-packages/airflow/example_dags/example_params_trigger_ui.py
[2024-10-12T08:14:35.132+0000] {processor.py:925} INFO - DAG(s) 'example_params_trigger_ui' retrieved from /home/vboxuser/airflow_venv/lib/python3.12/site-packages/airflow/example_dags/example_params_trigger_ui.py
[2024-10-12T08:14:35.212+0000] {logging_mixin.py:190} INFO - [2024-10-12T08:14:35.211+0000] {dag.py:3239} INFO - Sync 1 DAGs
[2024-10-12T08:14:35.239+0000] {logging_mixin.py:190} INFO - [2024-10-12T08:14:35.239+0000] {dag.py:4180} INFO - Setting next_dagrun for example_params_trigger_ui to None, run_after=None
[2024-10-12T08:14:35.305+0000] {processor.py:208} INFO - Processing /home/vboxuser/airflow_venv/lib/python3.12/site-packages/airflow/example_dags/example_params_trigger_ui.py took 0.225 seconds
[2024-10-12T08:15:50.252+0000] {processor.py:186} INFO - Started process (PID=14592) to work on /home/vboxuser/airflow_venv/lib/python3.12/site-packages/airflow/example_dags/example_params_trigger_ui.py
[2024-10-12T08:15:50.256+0000] {processor.py:914} INFO - Processing file /home/vboxuser/airflow_venv/lib/python3.12/site-packages/airflow/example_dags/example_params_trigger_ui.py for tasks to queue
[2024-10-12T08:15:50.261+0000] {logging_mixin.py:190} INFO - [2024-10-12T08:15:50.260+0000] {dagbag.py:588} INFO - Filling up the DagBag from /home/vboxuser/airflow_venv/lib/python3.12/site-packages/airflow/example_dags/example_params_trigger_ui.py
[2024-10-12T08:15:50.282+0000] {processor.py:925} INFO - DAG(s) 'example_params_trigger_ui' retrieved from /home/vboxuser/airflow_venv/lib/python3.12/site-packages/airflow/example_dags/example_params_trigger_ui.py
[2024-10-12T08:15:50.328+0000] {logging_mixin.py:190} INFO - [2024-10-12T08:15:50.328+0000] {dag.py:3239} INFO - Sync 1 DAGs
[2024-10-12T08:15:50.345+0000] {logging_mixin.py:190} INFO - [2024-10-12T08:15:50.345+0000] {dag.py:4180} INFO - Setting next_dagrun for example_params_trigger_ui to None, run_after=None
[2024-10-12T08:15:50.453+0000] {processor.py:208} INFO - Processing /home/vboxuser/airflow_venv/lib/python3.12/site-packages/airflow/example_dags/example_params_trigger_ui.py took 0.213 seconds
[2024-10-12T08:17:03.149+0000] {processor.py:186} INFO - Started process (PID=14658) to work on /home/vboxuser/airflow_venv/lib/python3.12/site-packages/airflow/example_dags/example_params_trigger_ui.py
[2024-10-12T08:17:03.156+0000] {processor.py:914} INFO - Processing file /home/vboxuser/airflow_venv/lib/python3.12/site-packages/airflow/example_dags/example_params_trigger_ui.py for tasks to queue
[2024-10-12T08:17:03.163+0000] {logging_mixin.py:190} INFO - [2024-10-12T08:17:03.162+0000] {dagbag.py:588} INFO - Filling up the DagBag from /home/vboxuser/airflow_venv/lib/python3.12/site-packages/airflow/example_dags/example_params_trigger_ui.py
[2024-10-12T08:17:03.184+0000] {processor.py:925} INFO - DAG(s) 'example_params_trigger_ui' retrieved from /home/vboxuser/airflow_venv/lib/python3.12/site-packages/airflow/example_dags/example_params_trigger_ui.py
[2024-10-12T08:17:03.234+0000] {logging_mixin.py:190} INFO - [2024-10-12T08:17:03.234+0000] {dag.py:3239} INFO - Sync 1 DAGs
[2024-10-12T08:17:03.253+0000] {logging_mixin.py:190} INFO - [2024-10-12T08:17:03.253+0000] {dag.py:4180} INFO - Setting next_dagrun for example_params_trigger_ui to None, run_after=None
[2024-10-12T08:17:03.307+0000] {processor.py:208} INFO - Processing /home/vboxuser/airflow_venv/lib/python3.12/site-packages/airflow/example_dags/example_params_trigger_ui.py took 0.171 seconds
