[2024-10-12T07:09:27.893+0000] {processor.py:186} INFO - Started process (PID=11335) to work on /home/vboxuser/airflow_venv/lib/python3.12/site-packages/airflow/example_dags/example_branch_python_dop_operator_3.py
[2024-10-12T07:09:27.894+0000] {processor.py:914} INFO - Processing file /home/vboxuser/airflow_venv/lib/python3.12/site-packages/airflow/example_dags/example_branch_python_dop_operator_3.py for tasks to queue
[2024-10-12T07:09:27.896+0000] {logging_mixin.py:190} INFO - [2024-10-12T07:09:27.896+0000] {dagbag.py:588} INFO - Filling up the DagBag from /home/vboxuser/airflow_venv/lib/python3.12/site-packages/airflow/example_dags/example_branch_python_dop_operator_3.py
[2024-10-12T07:09:27.909+0000] {processor.py:925} INFO - DAG(s) 'example_branch_dop_operator_v3' retrieved from /home/vboxuser/airflow_venv/lib/python3.12/site-packages/airflow/example_dags/example_branch_python_dop_operator_3.py
[2024-10-12T07:09:28.043+0000] {logging_mixin.py:190} INFO - [2024-10-12T07:09:28.043+0000] {override.py:1901} INFO - Created Permission View: can delete on DAG:example_branch_dop_operator_v3
[2024-10-12T07:09:28.059+0000] {logging_mixin.py:190} INFO - [2024-10-12T07:09:28.058+0000] {override.py:1901} INFO - Created Permission View: can read on DAG:example_branch_dop_operator_v3
[2024-10-12T07:09:28.072+0000] {logging_mixin.py:190} INFO - [2024-10-12T07:09:28.072+0000] {override.py:1901} INFO - Created Permission View: can edit on DAG:example_branch_dop_operator_v3
[2024-10-12T07:09:28.096+0000] {logging_mixin.py:190} INFO - [2024-10-12T07:09:28.095+0000] {override.py:1901} INFO - Created Permission View: can delete on DAG Run:example_branch_dop_operator_v3
[2024-10-12T07:09:28.110+0000] {logging_mixin.py:190} INFO - [2024-10-12T07:09:28.109+0000] {override.py:1901} INFO - Created Permission View: can read on DAG Run:example_branch_dop_operator_v3
[2024-10-12T07:09:28.126+0000] {logging_mixin.py:190} INFO - [2024-10-12T07:09:28.125+0000] {override.py:1901} INFO - Created Permission View: menu access on DAG Run:example_branch_dop_operator_v3
[2024-10-12T07:09:28.141+0000] {logging_mixin.py:190} INFO - [2024-10-12T07:09:28.141+0000] {override.py:1901} INFO - Created Permission View: can create on DAG Run:example_branch_dop_operator_v3
[2024-10-12T07:09:28.142+0000] {logging_mixin.py:190} INFO - [2024-10-12T07:09:28.142+0000] {dag.py:3239} INFO - Sync 1 DAGs
[2024-10-12T07:09:28.154+0000] {logging_mixin.py:190} INFO - [2024-10-12T07:09:28.154+0000] {dag.py:3262} INFO - Creating ORM DAG for example_branch_dop_operator_v3
[2024-10-12T07:09:28.165+0000] {logging_mixin.py:190} INFO - [2024-10-12T07:09:28.165+0000] {dag.py:4180} INFO - Setting next_dagrun for example_branch_dop_operator_v3 to 2024-10-12 07:08:00+00:00, run_after=2024-10-12 07:09:00+00:00
[2024-10-12T07:09:28.192+0000] {processor.py:208} INFO - Processing /home/vboxuser/airflow_venv/lib/python3.12/site-packages/airflow/example_dags/example_branch_python_dop_operator_3.py took 0.306 seconds
[2024-10-12T07:10:40.521+0000] {processor.py:186} INFO - Started process (PID=11406) to work on /home/vboxuser/airflow_venv/lib/python3.12/site-packages/airflow/example_dags/example_branch_python_dop_operator_3.py
[2024-10-12T07:10:40.523+0000] {processor.py:914} INFO - Processing file /home/vboxuser/airflow_venv/lib/python3.12/site-packages/airflow/example_dags/example_branch_python_dop_operator_3.py for tasks to queue
[2024-10-12T07:10:40.526+0000] {logging_mixin.py:190} INFO - [2024-10-12T07:10:40.526+0000] {dagbag.py:588} INFO - Filling up the DagBag from /home/vboxuser/airflow_venv/lib/python3.12/site-packages/airflow/example_dags/example_branch_python_dop_operator_3.py
[2024-10-12T07:10:40.539+0000] {processor.py:925} INFO - DAG(s) 'example_branch_dop_operator_v3' retrieved from /home/vboxuser/airflow_venv/lib/python3.12/site-packages/airflow/example_dags/example_branch_python_dop_operator_3.py
[2024-10-12T07:10:40.556+0000] {logging_mixin.py:190} INFO - [2024-10-12T07:10:40.556+0000] {dag.py:3239} INFO - Sync 1 DAGs
[2024-10-12T07:10:40.580+0000] {logging_mixin.py:190} INFO - [2024-10-12T07:10:40.580+0000] {dag.py:4180} INFO - Setting next_dagrun for example_branch_dop_operator_v3 to 2024-10-12 07:09:00+00:00, run_after=2024-10-12 07:10:00+00:00
[2024-10-12T07:10:40.611+0000] {processor.py:208} INFO - Processing /home/vboxuser/airflow_venv/lib/python3.12/site-packages/airflow/example_dags/example_branch_python_dop_operator_3.py took 0.099 seconds
[2024-10-12T07:11:43.815+0000] {processor.py:186} INFO - Started process (PID=11464) to work on /home/vboxuser/airflow_venv/lib/python3.12/site-packages/airflow/example_dags/example_branch_python_dop_operator_3.py
[2024-10-12T07:11:43.817+0000] {processor.py:914} INFO - Processing file /home/vboxuser/airflow_venv/lib/python3.12/site-packages/airflow/example_dags/example_branch_python_dop_operator_3.py for tasks to queue
[2024-10-12T07:11:43.819+0000] {logging_mixin.py:190} INFO - [2024-10-12T07:11:43.819+0000] {dagbag.py:588} INFO - Filling up the DagBag from /home/vboxuser/airflow_venv/lib/python3.12/site-packages/airflow/example_dags/example_branch_python_dop_operator_3.py
[2024-10-12T07:11:43.832+0000] {processor.py:925} INFO - DAG(s) 'example_branch_dop_operator_v3' retrieved from /home/vboxuser/airflow_venv/lib/python3.12/site-packages/airflow/example_dags/example_branch_python_dop_operator_3.py
[2024-10-12T07:11:43.859+0000] {logging_mixin.py:190} INFO - [2024-10-12T07:11:43.859+0000] {dag.py:3239} INFO - Sync 1 DAGs
[2024-10-12T07:11:43.883+0000] {logging_mixin.py:190} INFO - [2024-10-12T07:11:43.883+0000] {dag.py:4180} INFO - Setting next_dagrun for example_branch_dop_operator_v3 to 2024-10-12 07:10:00+00:00, run_after=2024-10-12 07:11:00+00:00
[2024-10-12T07:11:43.915+0000] {processor.py:208} INFO - Processing /home/vboxuser/airflow_venv/lib/python3.12/site-packages/airflow/example_dags/example_branch_python_dop_operator_3.py took 0.107 seconds
[2024-10-12T07:12:46.242+0000] {processor.py:186} INFO - Started process (PID=11521) to work on /home/vboxuser/airflow_venv/lib/python3.12/site-packages/airflow/example_dags/example_branch_python_dop_operator_3.py
[2024-10-12T07:12:46.246+0000] {processor.py:914} INFO - Processing file /home/vboxuser/airflow_venv/lib/python3.12/site-packages/airflow/example_dags/example_branch_python_dop_operator_3.py for tasks to queue
[2024-10-12T07:12:46.249+0000] {logging_mixin.py:190} INFO - [2024-10-12T07:12:46.248+0000] {dagbag.py:588} INFO - Filling up the DagBag from /home/vboxuser/airflow_venv/lib/python3.12/site-packages/airflow/example_dags/example_branch_python_dop_operator_3.py
[2024-10-12T07:12:46.267+0000] {processor.py:925} INFO - DAG(s) 'example_branch_dop_operator_v3' retrieved from /home/vboxuser/airflow_venv/lib/python3.12/site-packages/airflow/example_dags/example_branch_python_dop_operator_3.py
[2024-10-12T07:12:46.293+0000] {logging_mixin.py:190} INFO - [2024-10-12T07:12:46.293+0000] {dag.py:3239} INFO - Sync 1 DAGs
[2024-10-12T07:12:46.318+0000] {logging_mixin.py:190} INFO - [2024-10-12T07:12:46.318+0000] {dag.py:4180} INFO - Setting next_dagrun for example_branch_dop_operator_v3 to 2024-10-12 07:11:00+00:00, run_after=2024-10-12 07:12:00+00:00
[2024-10-12T07:12:46.350+0000] {processor.py:208} INFO - Processing /home/vboxuser/airflow_venv/lib/python3.12/site-packages/airflow/example_dags/example_branch_python_dop_operator_3.py took 0.114 seconds
[2024-10-12T07:13:50.034+0000] {processor.py:186} INFO - Started process (PID=11657) to work on /home/vboxuser/airflow_venv/lib/python3.12/site-packages/airflow/example_dags/example_branch_python_dop_operator_3.py
[2024-10-12T07:13:50.036+0000] {processor.py:914} INFO - Processing file /home/vboxuser/airflow_venv/lib/python3.12/site-packages/airflow/example_dags/example_branch_python_dop_operator_3.py for tasks to queue
[2024-10-12T07:13:50.039+0000] {logging_mixin.py:190} INFO - [2024-10-12T07:13:50.039+0000] {dagbag.py:588} INFO - Filling up the DagBag from /home/vboxuser/airflow_venv/lib/python3.12/site-packages/airflow/example_dags/example_branch_python_dop_operator_3.py
[2024-10-12T07:13:50.052+0000] {processor.py:925} INFO - DAG(s) 'example_branch_dop_operator_v3' retrieved from /home/vboxuser/airflow_venv/lib/python3.12/site-packages/airflow/example_dags/example_branch_python_dop_operator_3.py
[2024-10-12T07:13:50.069+0000] {logging_mixin.py:190} INFO - [2024-10-12T07:13:50.069+0000] {dag.py:3239} INFO - Sync 1 DAGs
[2024-10-12T07:13:50.097+0000] {logging_mixin.py:190} INFO - [2024-10-12T07:13:50.097+0000] {dag.py:4180} INFO - Setting next_dagrun for example_branch_dop_operator_v3 to 2024-10-12 07:12:00+00:00, run_after=2024-10-12 07:13:00+00:00
[2024-10-12T07:13:50.137+0000] {processor.py:208} INFO - Processing /home/vboxuser/airflow_venv/lib/python3.12/site-packages/airflow/example_dags/example_branch_python_dop_operator_3.py took 0.111 seconds
[2024-10-12T07:14:58.290+0000] {processor.py:186} INFO - Started process (PID=11730) to work on /home/vboxuser/airflow_venv/lib/python3.12/site-packages/airflow/example_dags/example_branch_python_dop_operator_3.py
[2024-10-12T07:14:58.293+0000] {processor.py:914} INFO - Processing file /home/vboxuser/airflow_venv/lib/python3.12/site-packages/airflow/example_dags/example_branch_python_dop_operator_3.py for tasks to queue
[2024-10-12T07:14:58.297+0000] {logging_mixin.py:190} INFO - [2024-10-12T07:14:58.295+0000] {dagbag.py:588} INFO - Filling up the DagBag from /home/vboxuser/airflow_venv/lib/python3.12/site-packages/airflow/example_dags/example_branch_python_dop_operator_3.py
[2024-10-12T07:14:58.314+0000] {processor.py:925} INFO - DAG(s) 'example_branch_dop_operator_v3' retrieved from /home/vboxuser/airflow_venv/lib/python3.12/site-packages/airflow/example_dags/example_branch_python_dop_operator_3.py
[2024-10-12T07:14:58.337+0000] {logging_mixin.py:190} INFO - [2024-10-12T07:14:58.336+0000] {dag.py:3239} INFO - Sync 1 DAGs
[2024-10-12T07:14:58.500+0000] {logging_mixin.py:190} INFO - [2024-10-12T07:14:58.500+0000] {dag.py:4180} INFO - Setting next_dagrun for example_branch_dop_operator_v3 to 2024-10-12 07:13:00+00:00, run_after=2024-10-12 07:14:00+00:00
[2024-10-12T07:14:58.535+0000] {processor.py:208} INFO - Processing /home/vboxuser/airflow_venv/lib/python3.12/site-packages/airflow/example_dags/example_branch_python_dop_operator_3.py took 0.256 seconds
[2024-10-12T07:16:13.550+0000] {processor.py:186} INFO - Started process (PID=11799) to work on /home/vboxuser/airflow_venv/lib/python3.12/site-packages/airflow/example_dags/example_branch_python_dop_operator_3.py
[2024-10-12T07:16:13.554+0000] {processor.py:914} INFO - Processing file /home/vboxuser/airflow_venv/lib/python3.12/site-packages/airflow/example_dags/example_branch_python_dop_operator_3.py for tasks to queue
[2024-10-12T07:16:13.558+0000] {logging_mixin.py:190} INFO - [2024-10-12T07:16:13.557+0000] {dagbag.py:588} INFO - Filling up the DagBag from /home/vboxuser/airflow_venv/lib/python3.12/site-packages/airflow/example_dags/example_branch_python_dop_operator_3.py
[2024-10-12T07:16:13.576+0000] {processor.py:925} INFO - DAG(s) 'example_branch_dop_operator_v3' retrieved from /home/vboxuser/airflow_venv/lib/python3.12/site-packages/airflow/example_dags/example_branch_python_dop_operator_3.py
[2024-10-12T07:16:13.594+0000] {logging_mixin.py:190} INFO - [2024-10-12T07:16:13.594+0000] {dag.py:3239} INFO - Sync 1 DAGs
[2024-10-12T07:16:13.619+0000] {logging_mixin.py:190} INFO - [2024-10-12T07:16:13.619+0000] {dag.py:4180} INFO - Setting next_dagrun for example_branch_dop_operator_v3 to 2024-10-12 07:15:00+00:00, run_after=2024-10-12 07:16:00+00:00
[2024-10-12T07:16:13.652+0000] {processor.py:208} INFO - Processing /home/vboxuser/airflow_venv/lib/python3.12/site-packages/airflow/example_dags/example_branch_python_dop_operator_3.py took 0.111 seconds
[2024-10-12T07:17:14.578+0000] {processor.py:186} INFO - Started process (PID=11859) to work on /home/vboxuser/airflow_venv/lib/python3.12/site-packages/airflow/example_dags/example_branch_python_dop_operator_3.py
[2024-10-12T07:17:14.580+0000] {processor.py:914} INFO - Processing file /home/vboxuser/airflow_venv/lib/python3.12/site-packages/airflow/example_dags/example_branch_python_dop_operator_3.py for tasks to queue
[2024-10-12T07:17:14.584+0000] {logging_mixin.py:190} INFO - [2024-10-12T07:17:14.583+0000] {dagbag.py:588} INFO - Filling up the DagBag from /home/vboxuser/airflow_venv/lib/python3.12/site-packages/airflow/example_dags/example_branch_python_dop_operator_3.py
[2024-10-12T07:17:14.602+0000] {processor.py:925} INFO - DAG(s) 'example_branch_dop_operator_v3' retrieved from /home/vboxuser/airflow_venv/lib/python3.12/site-packages/airflow/example_dags/example_branch_python_dop_operator_3.py
[2024-10-12T07:17:14.619+0000] {logging_mixin.py:190} INFO - [2024-10-12T07:17:14.619+0000] {dag.py:3239} INFO - Sync 1 DAGs
[2024-10-12T07:17:14.644+0000] {logging_mixin.py:190} INFO - [2024-10-12T07:17:14.643+0000] {dag.py:4180} INFO - Setting next_dagrun for example_branch_dop_operator_v3 to 2024-10-12 07:16:00+00:00, run_after=2024-10-12 07:17:00+00:00
[2024-10-12T07:17:14.674+0000] {processor.py:208} INFO - Processing /home/vboxuser/airflow_venv/lib/python3.12/site-packages/airflow/example_dags/example_branch_python_dop_operator_3.py took 0.109 seconds
[2024-10-12T07:18:19.892+0000] {processor.py:186} INFO - Started process (PID=11918) to work on /home/vboxuser/airflow_venv/lib/python3.12/site-packages/airflow/example_dags/example_branch_python_dop_operator_3.py
[2024-10-12T07:18:19.899+0000] {processor.py:914} INFO - Processing file /home/vboxuser/airflow_venv/lib/python3.12/site-packages/airflow/example_dags/example_branch_python_dop_operator_3.py for tasks to queue
[2024-10-12T07:18:19.903+0000] {logging_mixin.py:190} INFO - [2024-10-12T07:18:19.902+0000] {dagbag.py:588} INFO - Filling up the DagBag from /home/vboxuser/airflow_venv/lib/python3.12/site-packages/airflow/example_dags/example_branch_python_dop_operator_3.py
[2024-10-12T07:18:19.917+0000] {processor.py:925} INFO - DAG(s) 'example_branch_dop_operator_v3' retrieved from /home/vboxuser/airflow_venv/lib/python3.12/site-packages/airflow/example_dags/example_branch_python_dop_operator_3.py
[2024-10-12T07:18:19.938+0000] {logging_mixin.py:190} INFO - [2024-10-12T07:18:19.938+0000] {dag.py:3239} INFO - Sync 1 DAGs
[2024-10-12T07:18:19.966+0000] {logging_mixin.py:190} INFO - [2024-10-12T07:18:19.966+0000] {dag.py:4180} INFO - Setting next_dagrun for example_branch_dop_operator_v3 to 2024-10-12 07:17:00+00:00, run_after=2024-10-12 07:18:00+00:00
[2024-10-12T07:18:19.997+0000] {processor.py:208} INFO - Processing /home/vboxuser/airflow_venv/lib/python3.12/site-packages/airflow/example_dags/example_branch_python_dop_operator_3.py took 0.117 seconds
[2024-10-12T07:19:20.487+0000] {processor.py:186} INFO - Started process (PID=11975) to work on /home/vboxuser/airflow_venv/lib/python3.12/site-packages/airflow/example_dags/example_branch_python_dop_operator_3.py
[2024-10-12T07:19:20.491+0000] {processor.py:914} INFO - Processing file /home/vboxuser/airflow_venv/lib/python3.12/site-packages/airflow/example_dags/example_branch_python_dop_operator_3.py for tasks to queue
[2024-10-12T07:19:20.495+0000] {logging_mixin.py:190} INFO - [2024-10-12T07:19:20.494+0000] {dagbag.py:588} INFO - Filling up the DagBag from /home/vboxuser/airflow_venv/lib/python3.12/site-packages/airflow/example_dags/example_branch_python_dop_operator_3.py
[2024-10-12T07:19:20.509+0000] {processor.py:925} INFO - DAG(s) 'example_branch_dop_operator_v3' retrieved from /home/vboxuser/airflow_venv/lib/python3.12/site-packages/airflow/example_dags/example_branch_python_dop_operator_3.py
[2024-10-12T07:19:20.526+0000] {logging_mixin.py:190} INFO - [2024-10-12T07:19:20.526+0000] {dag.py:3239} INFO - Sync 1 DAGs
[2024-10-12T07:19:20.553+0000] {logging_mixin.py:190} INFO - [2024-10-12T07:19:20.553+0000] {dag.py:4180} INFO - Setting next_dagrun for example_branch_dop_operator_v3 to 2024-10-12 07:18:00+00:00, run_after=2024-10-12 07:19:00+00:00
[2024-10-12T07:19:20.587+0000] {processor.py:208} INFO - Processing /home/vboxuser/airflow_venv/lib/python3.12/site-packages/airflow/example_dags/example_branch_python_dop_operator_3.py took 0.110 seconds
[2024-10-12T07:20:26.309+0000] {processor.py:186} INFO - Started process (PID=12038) to work on /home/vboxuser/airflow_venv/lib/python3.12/site-packages/airflow/example_dags/example_branch_python_dop_operator_3.py
[2024-10-12T07:20:26.312+0000] {processor.py:914} INFO - Processing file /home/vboxuser/airflow_venv/lib/python3.12/site-packages/airflow/example_dags/example_branch_python_dop_operator_3.py for tasks to queue
[2024-10-12T07:20:26.315+0000] {logging_mixin.py:190} INFO - [2024-10-12T07:20:26.314+0000] {dagbag.py:588} INFO - Filling up the DagBag from /home/vboxuser/airflow_venv/lib/python3.12/site-packages/airflow/example_dags/example_branch_python_dop_operator_3.py
[2024-10-12T07:20:26.335+0000] {processor.py:925} INFO - DAG(s) 'example_branch_dop_operator_v3' retrieved from /home/vboxuser/airflow_venv/lib/python3.12/site-packages/airflow/example_dags/example_branch_python_dop_operator_3.py
[2024-10-12T07:20:26.353+0000] {logging_mixin.py:190} INFO - [2024-10-12T07:20:26.353+0000] {dag.py:3239} INFO - Sync 1 DAGs
[2024-10-12T07:20:26.382+0000] {logging_mixin.py:190} INFO - [2024-10-12T07:20:26.382+0000] {dag.py:4180} INFO - Setting next_dagrun for example_branch_dop_operator_v3 to 2024-10-12 07:19:00+00:00, run_after=2024-10-12 07:20:00+00:00
[2024-10-12T07:20:26.434+0000] {processor.py:208} INFO - Processing /home/vboxuser/airflow_venv/lib/python3.12/site-packages/airflow/example_dags/example_branch_python_dop_operator_3.py took 0.133 seconds
[2024-10-12T07:21:33.022+0000] {processor.py:186} INFO - Started process (PID=12100) to work on /home/vboxuser/airflow_venv/lib/python3.12/site-packages/airflow/example_dags/example_branch_python_dop_operator_3.py
[2024-10-12T07:21:33.027+0000] {processor.py:914} INFO - Processing file /home/vboxuser/airflow_venv/lib/python3.12/site-packages/airflow/example_dags/example_branch_python_dop_operator_3.py for tasks to queue
[2024-10-12T07:21:33.029+0000] {logging_mixin.py:190} INFO - [2024-10-12T07:21:33.029+0000] {dagbag.py:588} INFO - Filling up the DagBag from /home/vboxuser/airflow_venv/lib/python3.12/site-packages/airflow/example_dags/example_branch_python_dop_operator_3.py
[2024-10-12T07:21:33.043+0000] {processor.py:925} INFO - DAG(s) 'example_branch_dop_operator_v3' retrieved from /home/vboxuser/airflow_venv/lib/python3.12/site-packages/airflow/example_dags/example_branch_python_dop_operator_3.py
[2024-10-12T07:21:33.062+0000] {logging_mixin.py:190} INFO - [2024-10-12T07:21:33.062+0000] {dag.py:3239} INFO - Sync 1 DAGs
[2024-10-12T07:21:33.091+0000] {logging_mixin.py:190} INFO - [2024-10-12T07:21:33.090+0000] {dag.py:4180} INFO - Setting next_dagrun for example_branch_dop_operator_v3 to 2024-10-12 07:20:00+00:00, run_after=2024-10-12 07:21:00+00:00
[2024-10-12T07:21:33.126+0000] {processor.py:208} INFO - Processing /home/vboxuser/airflow_venv/lib/python3.12/site-packages/airflow/example_dags/example_branch_python_dop_operator_3.py took 0.111 seconds
[2024-10-12T07:22:38.054+0000] {processor.py:186} INFO - Started process (PID=12159) to work on /home/vboxuser/airflow_venv/lib/python3.12/site-packages/airflow/example_dags/example_branch_python_dop_operator_3.py
[2024-10-12T07:22:38.057+0000] {processor.py:914} INFO - Processing file /home/vboxuser/airflow_venv/lib/python3.12/site-packages/airflow/example_dags/example_branch_python_dop_operator_3.py for tasks to queue
[2024-10-12T07:22:38.060+0000] {logging_mixin.py:190} INFO - [2024-10-12T07:22:38.059+0000] {dagbag.py:588} INFO - Filling up the DagBag from /home/vboxuser/airflow_venv/lib/python3.12/site-packages/airflow/example_dags/example_branch_python_dop_operator_3.py
[2024-10-12T07:22:38.074+0000] {processor.py:925} INFO - DAG(s) 'example_branch_dop_operator_v3' retrieved from /home/vboxuser/airflow_venv/lib/python3.12/site-packages/airflow/example_dags/example_branch_python_dop_operator_3.py
[2024-10-12T07:22:38.093+0000] {logging_mixin.py:190} INFO - [2024-10-12T07:22:38.092+0000] {dag.py:3239} INFO - Sync 1 DAGs
[2024-10-12T07:22:38.120+0000] {logging_mixin.py:190} INFO - [2024-10-12T07:22:38.119+0000] {dag.py:4180} INFO - Setting next_dagrun for example_branch_dop_operator_v3 to 2024-10-12 07:21:00+00:00, run_after=2024-10-12 07:22:00+00:00
[2024-10-12T07:22:38.150+0000] {processor.py:208} INFO - Processing /home/vboxuser/airflow_venv/lib/python3.12/site-packages/airflow/example_dags/example_branch_python_dop_operator_3.py took 0.110 seconds
[2024-10-12T07:23:51.515+0000] {processor.py:186} INFO - Started process (PID=12221) to work on /home/vboxuser/airflow_venv/lib/python3.12/site-packages/airflow/example_dags/example_branch_python_dop_operator_3.py
[2024-10-12T07:23:51.517+0000] {processor.py:914} INFO - Processing file /home/vboxuser/airflow_venv/lib/python3.12/site-packages/airflow/example_dags/example_branch_python_dop_operator_3.py for tasks to queue
[2024-10-12T07:23:51.521+0000] {logging_mixin.py:190} INFO - [2024-10-12T07:23:51.520+0000] {dagbag.py:588} INFO - Filling up the DagBag from /home/vboxuser/airflow_venv/lib/python3.12/site-packages/airflow/example_dags/example_branch_python_dop_operator_3.py
[2024-10-12T07:23:51.536+0000] {processor.py:925} INFO - DAG(s) 'example_branch_dop_operator_v3' retrieved from /home/vboxuser/airflow_venv/lib/python3.12/site-packages/airflow/example_dags/example_branch_python_dop_operator_3.py
[2024-10-12T07:23:51.555+0000] {logging_mixin.py:190} INFO - [2024-10-12T07:23:51.555+0000] {dag.py:3239} INFO - Sync 1 DAGs
[2024-10-12T07:23:51.579+0000] {logging_mixin.py:190} INFO - [2024-10-12T07:23:51.578+0000] {dag.py:4180} INFO - Setting next_dagrun for example_branch_dop_operator_v3 to 2024-10-12 07:22:00+00:00, run_after=2024-10-12 07:23:00+00:00
[2024-10-12T07:23:51.612+0000] {processor.py:208} INFO - Processing /home/vboxuser/airflow_venv/lib/python3.12/site-packages/airflow/example_dags/example_branch_python_dop_operator_3.py took 0.108 seconds
[2024-10-12T07:24:58.686+0000] {processor.py:186} INFO - Started process (PID=12282) to work on /home/vboxuser/airflow_venv/lib/python3.12/site-packages/airflow/example_dags/example_branch_python_dop_operator_3.py
[2024-10-12T07:24:58.689+0000] {processor.py:914} INFO - Processing file /home/vboxuser/airflow_venv/lib/python3.12/site-packages/airflow/example_dags/example_branch_python_dop_operator_3.py for tasks to queue
[2024-10-12T07:24:58.694+0000] {logging_mixin.py:190} INFO - [2024-10-12T07:24:58.693+0000] {dagbag.py:588} INFO - Filling up the DagBag from /home/vboxuser/airflow_venv/lib/python3.12/site-packages/airflow/example_dags/example_branch_python_dop_operator_3.py
[2024-10-12T07:24:58.709+0000] {processor.py:925} INFO - DAG(s) 'example_branch_dop_operator_v3' retrieved from /home/vboxuser/airflow_venv/lib/python3.12/site-packages/airflow/example_dags/example_branch_python_dop_operator_3.py
[2024-10-12T07:24:58.729+0000] {logging_mixin.py:190} INFO - [2024-10-12T07:24:58.729+0000] {dag.py:3239} INFO - Sync 1 DAGs
[2024-10-12T07:24:58.753+0000] {logging_mixin.py:190} INFO - [2024-10-12T07:24:58.753+0000] {dag.py:4180} INFO - Setting next_dagrun for example_branch_dop_operator_v3 to 2024-10-12 07:23:00+00:00, run_after=2024-10-12 07:24:00+00:00
[2024-10-12T07:24:58.791+0000] {processor.py:208} INFO - Processing /home/vboxuser/airflow_venv/lib/python3.12/site-packages/airflow/example_dags/example_branch_python_dop_operator_3.py took 0.116 seconds
[2024-10-12T07:26:07.075+0000] {processor.py:186} INFO - Started process (PID=12348) to work on /home/vboxuser/airflow_venv/lib/python3.12/site-packages/airflow/example_dags/example_branch_python_dop_operator_3.py
[2024-10-12T07:26:07.079+0000] {processor.py:914} INFO - Processing file /home/vboxuser/airflow_venv/lib/python3.12/site-packages/airflow/example_dags/example_branch_python_dop_operator_3.py for tasks to queue
[2024-10-12T07:26:07.083+0000] {logging_mixin.py:190} INFO - [2024-10-12T07:26:07.082+0000] {dagbag.py:588} INFO - Filling up the DagBag from /home/vboxuser/airflow_venv/lib/python3.12/site-packages/airflow/example_dags/example_branch_python_dop_operator_3.py
[2024-10-12T07:26:07.102+0000] {processor.py:925} INFO - DAG(s) 'example_branch_dop_operator_v3' retrieved from /home/vboxuser/airflow_venv/lib/python3.12/site-packages/airflow/example_dags/example_branch_python_dop_operator_3.py
[2024-10-12T07:26:07.126+0000] {logging_mixin.py:190} INFO - [2024-10-12T07:26:07.126+0000] {dag.py:3239} INFO - Sync 1 DAGs
[2024-10-12T07:26:07.160+0000] {logging_mixin.py:190} INFO - [2024-10-12T07:26:07.160+0000] {dag.py:4180} INFO - Setting next_dagrun for example_branch_dop_operator_v3 to 2024-10-12 07:25:00+00:00, run_after=2024-10-12 07:26:00+00:00
[2024-10-12T07:26:07.206+0000] {processor.py:208} INFO - Processing /home/vboxuser/airflow_venv/lib/python3.12/site-packages/airflow/example_dags/example_branch_python_dop_operator_3.py took 0.142 seconds
[2024-10-12T07:27:18.277+0000] {processor.py:186} INFO - Started process (PID=12410) to work on /home/vboxuser/airflow_venv/lib/python3.12/site-packages/airflow/example_dags/example_branch_python_dop_operator_3.py
[2024-10-12T07:27:18.281+0000] {processor.py:914} INFO - Processing file /home/vboxuser/airflow_venv/lib/python3.12/site-packages/airflow/example_dags/example_branch_python_dop_operator_3.py for tasks to queue
[2024-10-12T07:27:18.285+0000] {logging_mixin.py:190} INFO - [2024-10-12T07:27:18.284+0000] {dagbag.py:588} INFO - Filling up the DagBag from /home/vboxuser/airflow_venv/lib/python3.12/site-packages/airflow/example_dags/example_branch_python_dop_operator_3.py
[2024-10-12T07:27:18.308+0000] {processor.py:925} INFO - DAG(s) 'example_branch_dop_operator_v3' retrieved from /home/vboxuser/airflow_venv/lib/python3.12/site-packages/airflow/example_dags/example_branch_python_dop_operator_3.py
[2024-10-12T07:27:18.336+0000] {logging_mixin.py:190} INFO - [2024-10-12T07:27:18.335+0000] {dag.py:3239} INFO - Sync 1 DAGs
[2024-10-12T07:27:18.382+0000] {logging_mixin.py:190} INFO - [2024-10-12T07:27:18.382+0000] {dag.py:4180} INFO - Setting next_dagrun for example_branch_dop_operator_v3 to 2024-10-12 07:26:00+00:00, run_after=2024-10-12 07:27:00+00:00
[2024-10-12T07:27:18.427+0000] {processor.py:208} INFO - Processing /home/vboxuser/airflow_venv/lib/python3.12/site-packages/airflow/example_dags/example_branch_python_dop_operator_3.py took 0.164 seconds
[2024-10-12T07:28:31.149+0000] {processor.py:186} INFO - Started process (PID=12473) to work on /home/vboxuser/airflow_venv/lib/python3.12/site-packages/airflow/example_dags/example_branch_python_dop_operator_3.py
[2024-10-12T07:28:31.151+0000] {processor.py:914} INFO - Processing file /home/vboxuser/airflow_venv/lib/python3.12/site-packages/airflow/example_dags/example_branch_python_dop_operator_3.py for tasks to queue
[2024-10-12T07:28:31.157+0000] {logging_mixin.py:190} INFO - [2024-10-12T07:28:31.155+0000] {dagbag.py:588} INFO - Filling up the DagBag from /home/vboxuser/airflow_venv/lib/python3.12/site-packages/airflow/example_dags/example_branch_python_dop_operator_3.py
[2024-10-12T07:28:31.232+0000] {processor.py:925} INFO - DAG(s) 'example_branch_dop_operator_v3' retrieved from /home/vboxuser/airflow_venv/lib/python3.12/site-packages/airflow/example_dags/example_branch_python_dop_operator_3.py
[2024-10-12T07:28:31.353+0000] {logging_mixin.py:190} INFO - [2024-10-12T07:28:31.353+0000] {dag.py:3239} INFO - Sync 1 DAGs
[2024-10-12T07:28:31.391+0000] {logging_mixin.py:190} INFO - [2024-10-12T07:28:31.390+0000] {dag.py:4180} INFO - Setting next_dagrun for example_branch_dop_operator_v3 to 2024-10-12 07:27:00+00:00, run_after=2024-10-12 07:28:00+00:00
[2024-10-12T07:28:31.422+0000] {processor.py:208} INFO - Processing /home/vboxuser/airflow_venv/lib/python3.12/site-packages/airflow/example_dags/example_branch_python_dop_operator_3.py took 0.283 seconds
[2024-10-12T07:29:34.433+0000] {processor.py:186} INFO - Started process (PID=12529) to work on /home/vboxuser/airflow_venv/lib/python3.12/site-packages/airflow/example_dags/example_branch_python_dop_operator_3.py
[2024-10-12T07:29:34.435+0000] {processor.py:914} INFO - Processing file /home/vboxuser/airflow_venv/lib/python3.12/site-packages/airflow/example_dags/example_branch_python_dop_operator_3.py for tasks to queue
[2024-10-12T07:29:34.438+0000] {logging_mixin.py:190} INFO - [2024-10-12T07:29:34.438+0000] {dagbag.py:588} INFO - Filling up the DagBag from /home/vboxuser/airflow_venv/lib/python3.12/site-packages/airflow/example_dags/example_branch_python_dop_operator_3.py
[2024-10-12T07:29:34.450+0000] {processor.py:925} INFO - DAG(s) 'example_branch_dop_operator_v3' retrieved from /home/vboxuser/airflow_venv/lib/python3.12/site-packages/airflow/example_dags/example_branch_python_dop_operator_3.py
[2024-10-12T07:29:34.469+0000] {logging_mixin.py:190} INFO - [2024-10-12T07:29:34.468+0000] {dag.py:3239} INFO - Sync 1 DAGs
[2024-10-12T07:29:34.503+0000] {logging_mixin.py:190} INFO - [2024-10-12T07:29:34.502+0000] {dag.py:4180} INFO - Setting next_dagrun for example_branch_dop_operator_v3 to 2024-10-12 07:28:00+00:00, run_after=2024-10-12 07:29:00+00:00
[2024-10-12T07:29:34.540+0000] {processor.py:208} INFO - Processing /home/vboxuser/airflow_venv/lib/python3.12/site-packages/airflow/example_dags/example_branch_python_dop_operator_3.py took 0.117 seconds
[2024-10-12T07:30:47.843+0000] {processor.py:186} INFO - Started process (PID=12613) to work on /home/vboxuser/airflow_venv/lib/python3.12/site-packages/airflow/example_dags/example_branch_python_dop_operator_3.py
[2024-10-12T07:30:47.848+0000] {processor.py:914} INFO - Processing file /home/vboxuser/airflow_venv/lib/python3.12/site-packages/airflow/example_dags/example_branch_python_dop_operator_3.py for tasks to queue
[2024-10-12T07:30:47.854+0000] {logging_mixin.py:190} INFO - [2024-10-12T07:30:47.853+0000] {dagbag.py:588} INFO - Filling up the DagBag from /home/vboxuser/airflow_venv/lib/python3.12/site-packages/airflow/example_dags/example_branch_python_dop_operator_3.py
[2024-10-12T07:30:47.884+0000] {processor.py:925} INFO - DAG(s) 'example_branch_dop_operator_v3' retrieved from /home/vboxuser/airflow_venv/lib/python3.12/site-packages/airflow/example_dags/example_branch_python_dop_operator_3.py
[2024-10-12T07:30:47.920+0000] {logging_mixin.py:190} INFO - [2024-10-12T07:30:47.920+0000] {dag.py:3239} INFO - Sync 1 DAGs
[2024-10-12T07:30:47.944+0000] {logging_mixin.py:190} INFO - [2024-10-12T07:30:47.944+0000] {dag.py:4180} INFO - Setting next_dagrun for example_branch_dop_operator_v3 to 2024-10-12 07:29:00+00:00, run_after=2024-10-12 07:30:00+00:00
[2024-10-12T07:30:47.991+0000] {processor.py:208} INFO - Processing /home/vboxuser/airflow_venv/lib/python3.12/site-packages/airflow/example_dags/example_branch_python_dop_operator_3.py took 0.155 seconds
[2024-10-12T07:31:56.148+0000] {processor.py:186} INFO - Started process (PID=12683) to work on /home/vboxuser/airflow_venv/lib/python3.12/site-packages/airflow/example_dags/example_branch_python_dop_operator_3.py
[2024-10-12T07:31:56.150+0000] {processor.py:914} INFO - Processing file /home/vboxuser/airflow_venv/lib/python3.12/site-packages/airflow/example_dags/example_branch_python_dop_operator_3.py for tasks to queue
[2024-10-12T07:31:56.153+0000] {logging_mixin.py:190} INFO - [2024-10-12T07:31:56.152+0000] {dagbag.py:588} INFO - Filling up the DagBag from /home/vboxuser/airflow_venv/lib/python3.12/site-packages/airflow/example_dags/example_branch_python_dop_operator_3.py
[2024-10-12T07:31:56.168+0000] {processor.py:925} INFO - DAG(s) 'example_branch_dop_operator_v3' retrieved from /home/vboxuser/airflow_venv/lib/python3.12/site-packages/airflow/example_dags/example_branch_python_dop_operator_3.py
[2024-10-12T07:31:56.186+0000] {logging_mixin.py:190} INFO - [2024-10-12T07:31:56.186+0000] {dag.py:3239} INFO - Sync 1 DAGs
[2024-10-12T07:31:56.210+0000] {logging_mixin.py:190} INFO - [2024-10-12T07:31:56.210+0000] {dag.py:4180} INFO - Setting next_dagrun for example_branch_dop_operator_v3 to 2024-10-12 07:30:00+00:00, run_after=2024-10-12 07:31:00+00:00
[2024-10-12T07:31:56.253+0000] {processor.py:208} INFO - Processing /home/vboxuser/airflow_venv/lib/python3.12/site-packages/airflow/example_dags/example_branch_python_dop_operator_3.py took 0.115 seconds
[2024-10-12T07:32:59.065+0000] {processor.py:186} INFO - Started process (PID=12741) to work on /home/vboxuser/airflow_venv/lib/python3.12/site-packages/airflow/example_dags/example_branch_python_dop_operator_3.py
[2024-10-12T07:32:59.072+0000] {processor.py:914} INFO - Processing file /home/vboxuser/airflow_venv/lib/python3.12/site-packages/airflow/example_dags/example_branch_python_dop_operator_3.py for tasks to queue
[2024-10-12T07:32:59.077+0000] {logging_mixin.py:190} INFO - [2024-10-12T07:32:59.076+0000] {dagbag.py:588} INFO - Filling up the DagBag from /home/vboxuser/airflow_venv/lib/python3.12/site-packages/airflow/example_dags/example_branch_python_dop_operator_3.py
[2024-10-12T07:32:59.095+0000] {processor.py:925} INFO - DAG(s) 'example_branch_dop_operator_v3' retrieved from /home/vboxuser/airflow_venv/lib/python3.12/site-packages/airflow/example_dags/example_branch_python_dop_operator_3.py
[2024-10-12T07:32:59.114+0000] {logging_mixin.py:190} INFO - [2024-10-12T07:32:59.113+0000] {dag.py:3239} INFO - Sync 1 DAGs
[2024-10-12T07:32:59.139+0000] {logging_mixin.py:190} INFO - [2024-10-12T07:32:59.139+0000] {dag.py:4180} INFO - Setting next_dagrun for example_branch_dop_operator_v3 to 2024-10-12 07:31:00+00:00, run_after=2024-10-12 07:32:00+00:00
[2024-10-12T07:32:59.175+0000] {processor.py:208} INFO - Processing /home/vboxuser/airflow_venv/lib/python3.12/site-packages/airflow/example_dags/example_branch_python_dop_operator_3.py took 0.122 seconds
[2024-10-12T07:34:03.351+0000] {processor.py:186} INFO - Started process (PID=12800) to work on /home/vboxuser/airflow_venv/lib/python3.12/site-packages/airflow/example_dags/example_branch_python_dop_operator_3.py
[2024-10-12T07:34:03.354+0000] {processor.py:914} INFO - Processing file /home/vboxuser/airflow_venv/lib/python3.12/site-packages/airflow/example_dags/example_branch_python_dop_operator_3.py for tasks to queue
[2024-10-12T07:34:03.358+0000] {logging_mixin.py:190} INFO - [2024-10-12T07:34:03.357+0000] {dagbag.py:588} INFO - Filling up the DagBag from /home/vboxuser/airflow_venv/lib/python3.12/site-packages/airflow/example_dags/example_branch_python_dop_operator_3.py
[2024-10-12T07:34:03.378+0000] {processor.py:925} INFO - DAG(s) 'example_branch_dop_operator_v3' retrieved from /home/vboxuser/airflow_venv/lib/python3.12/site-packages/airflow/example_dags/example_branch_python_dop_operator_3.py
[2024-10-12T07:34:03.409+0000] {logging_mixin.py:190} INFO - [2024-10-12T07:34:03.409+0000] {dag.py:3239} INFO - Sync 1 DAGs
[2024-10-12T07:34:03.437+0000] {logging_mixin.py:190} INFO - [2024-10-12T07:34:03.437+0000] {dag.py:4180} INFO - Setting next_dagrun for example_branch_dop_operator_v3 to 2024-10-12 07:33:00+00:00, run_after=2024-10-12 07:34:00+00:00
[2024-10-12T07:34:03.478+0000] {processor.py:208} INFO - Processing /home/vboxuser/airflow_venv/lib/python3.12/site-packages/airflow/example_dags/example_branch_python_dop_operator_3.py took 0.140 seconds
[2024-10-12T07:35:03.936+0000] {processor.py:186} INFO - Started process (PID=12873) to work on /home/vboxuser/airflow_venv/lib/python3.12/site-packages/airflow/example_dags/example_branch_python_dop_operator_3.py
[2024-10-12T07:35:03.940+0000] {processor.py:914} INFO - Processing file /home/vboxuser/airflow_venv/lib/python3.12/site-packages/airflow/example_dags/example_branch_python_dop_operator_3.py for tasks to queue
[2024-10-12T07:35:03.944+0000] {logging_mixin.py:190} INFO - [2024-10-12T07:35:03.943+0000] {dagbag.py:588} INFO - Filling up the DagBag from /home/vboxuser/airflow_venv/lib/python3.12/site-packages/airflow/example_dags/example_branch_python_dop_operator_3.py
[2024-10-12T07:35:03.963+0000] {processor.py:925} INFO - DAG(s) 'example_branch_dop_operator_v3' retrieved from /home/vboxuser/airflow_venv/lib/python3.12/site-packages/airflow/example_dags/example_branch_python_dop_operator_3.py
[2024-10-12T07:35:03.985+0000] {logging_mixin.py:190} INFO - [2024-10-12T07:35:03.984+0000] {dag.py:3239} INFO - Sync 1 DAGs
[2024-10-12T07:35:04.017+0000] {logging_mixin.py:190} INFO - [2024-10-12T07:35:04.017+0000] {dag.py:4180} INFO - Setting next_dagrun for example_branch_dop_operator_v3 to 2024-10-12 07:34:00+00:00, run_after=2024-10-12 07:35:00+00:00
[2024-10-12T07:35:04.057+0000] {processor.py:208} INFO - Processing /home/vboxuser/airflow_venv/lib/python3.12/site-packages/airflow/example_dags/example_branch_python_dop_operator_3.py took 0.134 seconds
[2024-10-12T07:47:47.296+0000] {processor.py:186} INFO - Started process (PID=12944) to work on /home/vboxuser/airflow_venv/lib/python3.12/site-packages/airflow/example_dags/example_branch_python_dop_operator_3.py
[2024-10-12T07:47:47.301+0000] {processor.py:914} INFO - Processing file /home/vboxuser/airflow_venv/lib/python3.12/site-packages/airflow/example_dags/example_branch_python_dop_operator_3.py for tasks to queue
[2024-10-12T07:47:47.306+0000] {logging_mixin.py:190} INFO - [2024-10-12T07:47:47.305+0000] {dagbag.py:588} INFO - Filling up the DagBag from /home/vboxuser/airflow_venv/lib/python3.12/site-packages/airflow/example_dags/example_branch_python_dop_operator_3.py
[2024-10-12T07:47:47.324+0000] {processor.py:925} INFO - DAG(s) 'example_branch_dop_operator_v3' retrieved from /home/vboxuser/airflow_venv/lib/python3.12/site-packages/airflow/example_dags/example_branch_python_dop_operator_3.py
[2024-10-12T07:47:47.351+0000] {logging_mixin.py:190} INFO - [2024-10-12T07:47:47.350+0000] {dag.py:3239} INFO - Sync 1 DAGs
[2024-10-12T07:47:47.388+0000] {logging_mixin.py:190} INFO - [2024-10-12T07:47:47.388+0000] {dag.py:4180} INFO - Setting next_dagrun for example_branch_dop_operator_v3 to 2024-10-12 07:46:00+00:00, run_after=2024-10-12 07:47:00+00:00
[2024-10-12T07:47:47.431+0000] {processor.py:208} INFO - Processing /home/vboxuser/airflow_venv/lib/python3.12/site-packages/airflow/example_dags/example_branch_python_dop_operator_3.py took 0.144 seconds
[2024-10-12T07:48:57.054+0000] {processor.py:186} INFO - Started process (PID=13005) to work on /home/vboxuser/airflow_venv/lib/python3.12/site-packages/airflow/example_dags/example_branch_python_dop_operator_3.py
[2024-10-12T07:48:57.057+0000] {processor.py:914} INFO - Processing file /home/vboxuser/airflow_venv/lib/python3.12/site-packages/airflow/example_dags/example_branch_python_dop_operator_3.py for tasks to queue
[2024-10-12T07:48:57.061+0000] {logging_mixin.py:190} INFO - [2024-10-12T07:48:57.060+0000] {dagbag.py:588} INFO - Filling up the DagBag from /home/vboxuser/airflow_venv/lib/python3.12/site-packages/airflow/example_dags/example_branch_python_dop_operator_3.py
[2024-10-12T07:48:57.078+0000] {processor.py:925} INFO - DAG(s) 'example_branch_dop_operator_v3' retrieved from /home/vboxuser/airflow_venv/lib/python3.12/site-packages/airflow/example_dags/example_branch_python_dop_operator_3.py
[2024-10-12T07:48:57.104+0000] {logging_mixin.py:190} INFO - [2024-10-12T07:48:57.103+0000] {dag.py:3239} INFO - Sync 1 DAGs
[2024-10-12T07:48:57.137+0000] {logging_mixin.py:190} INFO - [2024-10-12T07:48:57.136+0000] {dag.py:4180} INFO - Setting next_dagrun for example_branch_dop_operator_v3 to 2024-10-12 07:47:00+00:00, run_after=2024-10-12 07:48:00+00:00
[2024-10-12T07:48:57.179+0000] {processor.py:208} INFO - Processing /home/vboxuser/airflow_venv/lib/python3.12/site-packages/airflow/example_dags/example_branch_python_dop_operator_3.py took 0.135 seconds
[2024-10-12T07:50:04.106+0000] {processor.py:186} INFO - Started process (PID=13064) to work on /home/vboxuser/airflow_venv/lib/python3.12/site-packages/airflow/example_dags/example_branch_python_dop_operator_3.py
[2024-10-12T07:50:04.110+0000] {processor.py:914} INFO - Processing file /home/vboxuser/airflow_venv/lib/python3.12/site-packages/airflow/example_dags/example_branch_python_dop_operator_3.py for tasks to queue
[2024-10-12T07:50:04.119+0000] {logging_mixin.py:190} INFO - [2024-10-12T07:50:04.118+0000] {dagbag.py:588} INFO - Filling up the DagBag from /home/vboxuser/airflow_venv/lib/python3.12/site-packages/airflow/example_dags/example_branch_python_dop_operator_3.py
[2024-10-12T07:50:04.139+0000] {processor.py:925} INFO - DAG(s) 'example_branch_dop_operator_v3' retrieved from /home/vboxuser/airflow_venv/lib/python3.12/site-packages/airflow/example_dags/example_branch_python_dop_operator_3.py
[2024-10-12T07:50:04.162+0000] {logging_mixin.py:190} INFO - [2024-10-12T07:50:04.162+0000] {dag.py:3239} INFO - Sync 1 DAGs
[2024-10-12T07:50:04.192+0000] {logging_mixin.py:190} INFO - [2024-10-12T07:50:04.192+0000] {dag.py:4180} INFO - Setting next_dagrun for example_branch_dop_operator_v3 to 2024-10-12 07:49:00+00:00, run_after=2024-10-12 07:50:00+00:00
[2024-10-12T07:50:04.235+0000] {processor.py:208} INFO - Processing /home/vboxuser/airflow_venv/lib/python3.12/site-packages/airflow/example_dags/example_branch_python_dop_operator_3.py took 0.143 seconds
[2024-10-12T07:51:13.270+0000] {processor.py:186} INFO - Started process (PID=13201) to work on /home/vboxuser/airflow_venv/lib/python3.12/site-packages/airflow/example_dags/example_branch_python_dop_operator_3.py
[2024-10-12T07:51:13.285+0000] {processor.py:914} INFO - Processing file /home/vboxuser/airflow_venv/lib/python3.12/site-packages/airflow/example_dags/example_branch_python_dop_operator_3.py for tasks to queue
[2024-10-12T07:51:13.291+0000] {logging_mixin.py:190} INFO - [2024-10-12T07:51:13.289+0000] {dagbag.py:588} INFO - Filling up the DagBag from /home/vboxuser/airflow_venv/lib/python3.12/site-packages/airflow/example_dags/example_branch_python_dop_operator_3.py
[2024-10-12T07:51:13.313+0000] {processor.py:925} INFO - DAG(s) 'example_branch_dop_operator_v3' retrieved from /home/vboxuser/airflow_venv/lib/python3.12/site-packages/airflow/example_dags/example_branch_python_dop_operator_3.py
[2024-10-12T07:51:13.349+0000] {logging_mixin.py:190} INFO - [2024-10-12T07:51:13.349+0000] {dag.py:3239} INFO - Sync 1 DAGs
[2024-10-12T07:51:13.400+0000] {logging_mixin.py:190} INFO - [2024-10-12T07:51:13.400+0000] {dag.py:4180} INFO - Setting next_dagrun for example_branch_dop_operator_v3 to 2024-10-12 07:50:00+00:00, run_after=2024-10-12 07:51:00+00:00
[2024-10-12T07:51:13.462+0000] {processor.py:208} INFO - Processing /home/vboxuser/airflow_venv/lib/python3.12/site-packages/airflow/example_dags/example_branch_python_dop_operator_3.py took 0.206 seconds
[2024-10-12T07:52:25.523+0000] {processor.py:186} INFO - Started process (PID=13276) to work on /home/vboxuser/airflow_venv/lib/python3.12/site-packages/airflow/example_dags/example_branch_python_dop_operator_3.py
[2024-10-12T07:52:25.530+0000] {processor.py:914} INFO - Processing file /home/vboxuser/airflow_venv/lib/python3.12/site-packages/airflow/example_dags/example_branch_python_dop_operator_3.py for tasks to queue
[2024-10-12T07:52:25.538+0000] {logging_mixin.py:190} INFO - [2024-10-12T07:52:25.537+0000] {dagbag.py:588} INFO - Filling up the DagBag from /home/vboxuser/airflow_venv/lib/python3.12/site-packages/airflow/example_dags/example_branch_python_dop_operator_3.py
[2024-10-12T07:52:25.581+0000] {processor.py:925} INFO - DAG(s) 'example_branch_dop_operator_v3' retrieved from /home/vboxuser/airflow_venv/lib/python3.12/site-packages/airflow/example_dags/example_branch_python_dop_operator_3.py
[2024-10-12T07:52:25.622+0000] {logging_mixin.py:190} INFO - [2024-10-12T07:52:25.622+0000] {dag.py:3239} INFO - Sync 1 DAGs
[2024-10-12T07:52:25.678+0000] {logging_mixin.py:190} INFO - [2024-10-12T07:52:25.677+0000] {dag.py:4180} INFO - Setting next_dagrun for example_branch_dop_operator_v3 to 2024-10-12 07:51:00+00:00, run_after=2024-10-12 07:52:00+00:00
[2024-10-12T07:52:25.745+0000] {processor.py:208} INFO - Processing /home/vboxuser/airflow_venv/lib/python3.12/site-packages/airflow/example_dags/example_branch_python_dop_operator_3.py took 0.239 seconds
[2024-10-12T07:53:30.874+0000] {processor.py:186} INFO - Started process (PID=13349) to work on /home/vboxuser/airflow_venv/lib/python3.12/site-packages/airflow/example_dags/example_branch_python_dop_operator_3.py
[2024-10-12T07:53:30.880+0000] {processor.py:914} INFO - Processing file /home/vboxuser/airflow_venv/lib/python3.12/site-packages/airflow/example_dags/example_branch_python_dop_operator_3.py for tasks to queue
[2024-10-12T07:53:30.885+0000] {logging_mixin.py:190} INFO - [2024-10-12T07:53:30.884+0000] {dagbag.py:588} INFO - Filling up the DagBag from /home/vboxuser/airflow_venv/lib/python3.12/site-packages/airflow/example_dags/example_branch_python_dop_operator_3.py
[2024-10-12T07:53:30.905+0000] {processor.py:925} INFO - DAG(s) 'example_branch_dop_operator_v3' retrieved from /home/vboxuser/airflow_venv/lib/python3.12/site-packages/airflow/example_dags/example_branch_python_dop_operator_3.py
[2024-10-12T07:53:30.929+0000] {logging_mixin.py:190} INFO - [2024-10-12T07:53:30.929+0000] {dag.py:3239} INFO - Sync 1 DAGs
[2024-10-12T07:53:30.961+0000] {logging_mixin.py:190} INFO - [2024-10-12T07:53:30.961+0000] {dag.py:4180} INFO - Setting next_dagrun for example_branch_dop_operator_v3 to 2024-10-12 07:52:00+00:00, run_after=2024-10-12 07:53:00+00:00
[2024-10-12T07:53:30.998+0000] {processor.py:208} INFO - Processing /home/vboxuser/airflow_venv/lib/python3.12/site-packages/airflow/example_dags/example_branch_python_dop_operator_3.py took 0.131 seconds
[2024-10-12T07:54:31.571+0000] {processor.py:186} INFO - Started process (PID=13405) to work on /home/vboxuser/airflow_venv/lib/python3.12/site-packages/airflow/example_dags/example_branch_python_dop_operator_3.py
[2024-10-12T07:54:31.577+0000] {processor.py:914} INFO - Processing file /home/vboxuser/airflow_venv/lib/python3.12/site-packages/airflow/example_dags/example_branch_python_dop_operator_3.py for tasks to queue
[2024-10-12T07:54:31.582+0000] {logging_mixin.py:190} INFO - [2024-10-12T07:54:31.581+0000] {dagbag.py:588} INFO - Filling up the DagBag from /home/vboxuser/airflow_venv/lib/python3.12/site-packages/airflow/example_dags/example_branch_python_dop_operator_3.py
[2024-10-12T07:54:31.600+0000] {processor.py:925} INFO - DAG(s) 'example_branch_dop_operator_v3' retrieved from /home/vboxuser/airflow_venv/lib/python3.12/site-packages/airflow/example_dags/example_branch_python_dop_operator_3.py
[2024-10-12T07:54:31.624+0000] {logging_mixin.py:190} INFO - [2024-10-12T07:54:31.623+0000] {dag.py:3239} INFO - Sync 1 DAGs
[2024-10-12T07:54:31.655+0000] {logging_mixin.py:190} INFO - [2024-10-12T07:54:31.655+0000] {dag.py:4180} INFO - Setting next_dagrun for example_branch_dop_operator_v3 to 2024-10-12 07:53:00+00:00, run_after=2024-10-12 07:54:00+00:00
[2024-10-12T07:54:31.705+0000] {processor.py:208} INFO - Processing /home/vboxuser/airflow_venv/lib/python3.12/site-packages/airflow/example_dags/example_branch_python_dop_operator_3.py took 0.146 seconds
[2024-10-12T07:55:33.399+0000] {processor.py:186} INFO - Started process (PID=13467) to work on /home/vboxuser/airflow_venv/lib/python3.12/site-packages/airflow/example_dags/example_branch_python_dop_operator_3.py
[2024-10-12T07:55:33.406+0000] {processor.py:914} INFO - Processing file /home/vboxuser/airflow_venv/lib/python3.12/site-packages/airflow/example_dags/example_branch_python_dop_operator_3.py for tasks to queue
[2024-10-12T07:55:33.412+0000] {logging_mixin.py:190} INFO - [2024-10-12T07:55:33.411+0000] {dagbag.py:588} INFO - Filling up the DagBag from /home/vboxuser/airflow_venv/lib/python3.12/site-packages/airflow/example_dags/example_branch_python_dop_operator_3.py
[2024-10-12T07:55:33.429+0000] {processor.py:925} INFO - DAG(s) 'example_branch_dop_operator_v3' retrieved from /home/vboxuser/airflow_venv/lib/python3.12/site-packages/airflow/example_dags/example_branch_python_dop_operator_3.py
[2024-10-12T07:55:33.455+0000] {logging_mixin.py:190} INFO - [2024-10-12T07:55:33.454+0000] {dag.py:3239} INFO - Sync 1 DAGs
[2024-10-12T07:55:33.505+0000] {logging_mixin.py:190} INFO - [2024-10-12T07:55:33.504+0000] {dag.py:4180} INFO - Setting next_dagrun for example_branch_dop_operator_v3 to 2024-10-12 07:54:00+00:00, run_after=2024-10-12 07:55:00+00:00
[2024-10-12T07:55:33.553+0000] {processor.py:208} INFO - Processing /home/vboxuser/airflow_venv/lib/python3.12/site-packages/airflow/example_dags/example_branch_python_dop_operator_3.py took 0.162 seconds
[2024-10-12T07:56:42.831+0000] {processor.py:186} INFO - Started process (PID=13531) to work on /home/vboxuser/airflow_venv/lib/python3.12/site-packages/airflow/example_dags/example_branch_python_dop_operator_3.py
[2024-10-12T07:56:42.835+0000] {processor.py:914} INFO - Processing file /home/vboxuser/airflow_venv/lib/python3.12/site-packages/airflow/example_dags/example_branch_python_dop_operator_3.py for tasks to queue
[2024-10-12T07:56:42.844+0000] {logging_mixin.py:190} INFO - [2024-10-12T07:56:42.843+0000] {dagbag.py:588} INFO - Filling up the DagBag from /home/vboxuser/airflow_venv/lib/python3.12/site-packages/airflow/example_dags/example_branch_python_dop_operator_3.py
[2024-10-12T07:56:42.860+0000] {processor.py:925} INFO - DAG(s) 'example_branch_dop_operator_v3' retrieved from /home/vboxuser/airflow_venv/lib/python3.12/site-packages/airflow/example_dags/example_branch_python_dop_operator_3.py
[2024-10-12T07:56:42.881+0000] {logging_mixin.py:190} INFO - [2024-10-12T07:56:42.881+0000] {dag.py:3239} INFO - Sync 1 DAGs
[2024-10-12T07:56:42.908+0000] {logging_mixin.py:190} INFO - [2024-10-12T07:56:42.908+0000] {dag.py:4180} INFO - Setting next_dagrun for example_branch_dop_operator_v3 to 2024-10-12 07:55:00+00:00, run_after=2024-10-12 07:56:00+00:00
[2024-10-12T07:56:42.941+0000] {processor.py:208} INFO - Processing /home/vboxuser/airflow_venv/lib/python3.12/site-packages/airflow/example_dags/example_branch_python_dop_operator_3.py took 0.123 seconds
[2024-10-12T07:57:50.402+0000] {processor.py:186} INFO - Started process (PID=13606) to work on /home/vboxuser/airflow_venv/lib/python3.12/site-packages/airflow/example_dags/example_branch_python_dop_operator_3.py
[2024-10-12T07:57:50.406+0000] {processor.py:914} INFO - Processing file /home/vboxuser/airflow_venv/lib/python3.12/site-packages/airflow/example_dags/example_branch_python_dop_operator_3.py for tasks to queue
[2024-10-12T07:57:50.410+0000] {logging_mixin.py:190} INFO - [2024-10-12T07:57:50.409+0000] {dagbag.py:588} INFO - Filling up the DagBag from /home/vboxuser/airflow_venv/lib/python3.12/site-packages/airflow/example_dags/example_branch_python_dop_operator_3.py
[2024-10-12T07:57:50.426+0000] {processor.py:925} INFO - DAG(s) 'example_branch_dop_operator_v3' retrieved from /home/vboxuser/airflow_venv/lib/python3.12/site-packages/airflow/example_dags/example_branch_python_dop_operator_3.py
[2024-10-12T07:57:50.449+0000] {logging_mixin.py:190} INFO - [2024-10-12T07:57:50.449+0000] {dag.py:3239} INFO - Sync 1 DAGs
[2024-10-12T07:57:50.472+0000] {logging_mixin.py:190} INFO - [2024-10-12T07:57:50.472+0000] {dag.py:4180} INFO - Setting next_dagrun for example_branch_dop_operator_v3 to 2024-10-12 07:56:00+00:00, run_after=2024-10-12 07:57:00+00:00
[2024-10-12T07:57:50.508+0000] {processor.py:208} INFO - Processing /home/vboxuser/airflow_venv/lib/python3.12/site-packages/airflow/example_dags/example_branch_python_dop_operator_3.py took 0.114 seconds
[2024-10-12T07:58:51.280+0000] {processor.py:186} INFO - Started process (PID=13664) to work on /home/vboxuser/airflow_venv/lib/python3.12/site-packages/airflow/example_dags/example_branch_python_dop_operator_3.py
[2024-10-12T07:58:51.283+0000] {processor.py:914} INFO - Processing file /home/vboxuser/airflow_venv/lib/python3.12/site-packages/airflow/example_dags/example_branch_python_dop_operator_3.py for tasks to queue
[2024-10-12T07:58:51.287+0000] {logging_mixin.py:190} INFO - [2024-10-12T07:58:51.286+0000] {dagbag.py:588} INFO - Filling up the DagBag from /home/vboxuser/airflow_venv/lib/python3.12/site-packages/airflow/example_dags/example_branch_python_dop_operator_3.py
[2024-10-12T07:58:51.311+0000] {processor.py:925} INFO - DAG(s) 'example_branch_dop_operator_v3' retrieved from /home/vboxuser/airflow_venv/lib/python3.12/site-packages/airflow/example_dags/example_branch_python_dop_operator_3.py
[2024-10-12T07:58:51.338+0000] {logging_mixin.py:190} INFO - [2024-10-12T07:58:51.338+0000] {dag.py:3239} INFO - Sync 1 DAGs
[2024-10-12T07:58:51.379+0000] {logging_mixin.py:190} INFO - [2024-10-12T07:58:51.378+0000] {dag.py:4180} INFO - Setting next_dagrun for example_branch_dop_operator_v3 to 2024-10-12 07:57:00+00:00, run_after=2024-10-12 07:58:00+00:00
[2024-10-12T07:58:51.433+0000] {processor.py:208} INFO - Processing /home/vboxuser/airflow_venv/lib/python3.12/site-packages/airflow/example_dags/example_branch_python_dop_operator_3.py took 0.171 seconds
[2024-10-12T07:59:52.706+0000] {processor.py:186} INFO - Started process (PID=13721) to work on /home/vboxuser/airflow_venv/lib/python3.12/site-packages/airflow/example_dags/example_branch_python_dop_operator_3.py
[2024-10-12T07:59:52.708+0000] {processor.py:914} INFO - Processing file /home/vboxuser/airflow_venv/lib/python3.12/site-packages/airflow/example_dags/example_branch_python_dop_operator_3.py for tasks to queue
[2024-10-12T07:59:52.712+0000] {logging_mixin.py:190} INFO - [2024-10-12T07:59:52.711+0000] {dagbag.py:588} INFO - Filling up the DagBag from /home/vboxuser/airflow_venv/lib/python3.12/site-packages/airflow/example_dags/example_branch_python_dop_operator_3.py
[2024-10-12T07:59:52.727+0000] {processor.py:925} INFO - DAG(s) 'example_branch_dop_operator_v3' retrieved from /home/vboxuser/airflow_venv/lib/python3.12/site-packages/airflow/example_dags/example_branch_python_dop_operator_3.py
[2024-10-12T07:59:52.748+0000] {logging_mixin.py:190} INFO - [2024-10-12T07:59:52.748+0000] {dag.py:3239} INFO - Sync 1 DAGs
[2024-10-12T07:59:52.775+0000] {logging_mixin.py:190} INFO - [2024-10-12T07:59:52.775+0000] {dag.py:4180} INFO - Setting next_dagrun for example_branch_dop_operator_v3 to 2024-10-12 07:58:00+00:00, run_after=2024-10-12 07:59:00+00:00
[2024-10-12T07:59:52.816+0000] {processor.py:208} INFO - Processing /home/vboxuser/airflow_venv/lib/python3.12/site-packages/airflow/example_dags/example_branch_python_dop_operator_3.py took 0.118 seconds
[2024-10-12T08:00:56.492+0000] {processor.py:186} INFO - Started process (PID=13783) to work on /home/vboxuser/airflow_venv/lib/python3.12/site-packages/airflow/example_dags/example_branch_python_dop_operator_3.py
[2024-10-12T08:00:56.493+0000] {processor.py:914} INFO - Processing file /home/vboxuser/airflow_venv/lib/python3.12/site-packages/airflow/example_dags/example_branch_python_dop_operator_3.py for tasks to queue
[2024-10-12T08:00:56.497+0000] {logging_mixin.py:190} INFO - [2024-10-12T08:00:56.496+0000] {dagbag.py:588} INFO - Filling up the DagBag from /home/vboxuser/airflow_venv/lib/python3.12/site-packages/airflow/example_dags/example_branch_python_dop_operator_3.py
[2024-10-12T08:00:56.512+0000] {processor.py:925} INFO - DAG(s) 'example_branch_dop_operator_v3' retrieved from /home/vboxuser/airflow_venv/lib/python3.12/site-packages/airflow/example_dags/example_branch_python_dop_operator_3.py
[2024-10-12T08:00:56.543+0000] {logging_mixin.py:190} INFO - [2024-10-12T08:00:56.542+0000] {dag.py:3239} INFO - Sync 1 DAGs
[2024-10-12T08:00:56.605+0000] {logging_mixin.py:190} INFO - [2024-10-12T08:00:56.605+0000] {dag.py:4180} INFO - Setting next_dagrun for example_branch_dop_operator_v3 to 2024-10-12 07:59:00+00:00, run_after=2024-10-12 08:00:00+00:00
[2024-10-12T08:00:56.654+0000] {processor.py:208} INFO - Processing /home/vboxuser/airflow_venv/lib/python3.12/site-packages/airflow/example_dags/example_branch_python_dop_operator_3.py took 0.172 seconds
[2024-10-12T08:02:05.919+0000] {processor.py:186} INFO - Started process (PID=13844) to work on /home/vboxuser/airflow_venv/lib/python3.12/site-packages/airflow/example_dags/example_branch_python_dop_operator_3.py
[2024-10-12T08:02:05.922+0000] {processor.py:914} INFO - Processing file /home/vboxuser/airflow_venv/lib/python3.12/site-packages/airflow/example_dags/example_branch_python_dop_operator_3.py for tasks to queue
[2024-10-12T08:02:05.925+0000] {logging_mixin.py:190} INFO - [2024-10-12T08:02:05.925+0000] {dagbag.py:588} INFO - Filling up the DagBag from /home/vboxuser/airflow_venv/lib/python3.12/site-packages/airflow/example_dags/example_branch_python_dop_operator_3.py
[2024-10-12T08:02:05.942+0000] {processor.py:925} INFO - DAG(s) 'example_branch_dop_operator_v3' retrieved from /home/vboxuser/airflow_venv/lib/python3.12/site-packages/airflow/example_dags/example_branch_python_dop_operator_3.py
[2024-10-12T08:02:05.965+0000] {logging_mixin.py:190} INFO - [2024-10-12T08:02:05.965+0000] {dag.py:3239} INFO - Sync 1 DAGs
[2024-10-12T08:02:05.998+0000] {logging_mixin.py:190} INFO - [2024-10-12T08:02:05.997+0000] {dag.py:4180} INFO - Setting next_dagrun for example_branch_dop_operator_v3 to 2024-10-12 08:01:00+00:00, run_after=2024-10-12 08:02:00+00:00
[2024-10-12T08:02:06.052+0000] {processor.py:208} INFO - Processing /home/vboxuser/airflow_venv/lib/python3.12/site-packages/airflow/example_dags/example_branch_python_dop_operator_3.py took 0.144 seconds
[2024-10-12T08:03:09.277+0000] {processor.py:186} INFO - Started process (PID=13903) to work on /home/vboxuser/airflow_venv/lib/python3.12/site-packages/airflow/example_dags/example_branch_python_dop_operator_3.py
[2024-10-12T08:03:09.279+0000] {processor.py:914} INFO - Processing file /home/vboxuser/airflow_venv/lib/python3.12/site-packages/airflow/example_dags/example_branch_python_dop_operator_3.py for tasks to queue
[2024-10-12T08:03:09.282+0000] {logging_mixin.py:190} INFO - [2024-10-12T08:03:09.281+0000] {dagbag.py:588} INFO - Filling up the DagBag from /home/vboxuser/airflow_venv/lib/python3.12/site-packages/airflow/example_dags/example_branch_python_dop_operator_3.py
[2024-10-12T08:03:09.296+0000] {processor.py:925} INFO - DAG(s) 'example_branch_dop_operator_v3' retrieved from /home/vboxuser/airflow_venv/lib/python3.12/site-packages/airflow/example_dags/example_branch_python_dop_operator_3.py
[2024-10-12T08:03:09.315+0000] {logging_mixin.py:190} INFO - [2024-10-12T08:03:09.315+0000] {dag.py:3239} INFO - Sync 1 DAGs
[2024-10-12T08:03:09.347+0000] {logging_mixin.py:190} INFO - [2024-10-12T08:03:09.346+0000] {dag.py:4180} INFO - Setting next_dagrun for example_branch_dop_operator_v3 to 2024-10-12 08:02:00+00:00, run_after=2024-10-12 08:03:00+00:00
[2024-10-12T08:03:09.388+0000] {processor.py:208} INFO - Processing /home/vboxuser/airflow_venv/lib/python3.12/site-packages/airflow/example_dags/example_branch_python_dop_operator_3.py took 0.120 seconds
[2024-10-12T08:04:17.009+0000] {processor.py:186} INFO - Started process (PID=13972) to work on /home/vboxuser/airflow_venv/lib/python3.12/site-packages/airflow/example_dags/example_branch_python_dop_operator_3.py
[2024-10-12T08:04:17.012+0000] {processor.py:914} INFO - Processing file /home/vboxuser/airflow_venv/lib/python3.12/site-packages/airflow/example_dags/example_branch_python_dop_operator_3.py for tasks to queue
[2024-10-12T08:04:17.017+0000] {logging_mixin.py:190} INFO - [2024-10-12T08:04:17.016+0000] {dagbag.py:588} INFO - Filling up the DagBag from /home/vboxuser/airflow_venv/lib/python3.12/site-packages/airflow/example_dags/example_branch_python_dop_operator_3.py
[2024-10-12T08:04:17.039+0000] {processor.py:925} INFO - DAG(s) 'example_branch_dop_operator_v3' retrieved from /home/vboxuser/airflow_venv/lib/python3.12/site-packages/airflow/example_dags/example_branch_python_dop_operator_3.py
[2024-10-12T08:04:17.067+0000] {logging_mixin.py:190} INFO - [2024-10-12T08:04:17.067+0000] {dag.py:3239} INFO - Sync 1 DAGs
[2024-10-12T08:04:17.098+0000] {logging_mixin.py:190} INFO - [2024-10-12T08:04:17.098+0000] {dag.py:4180} INFO - Setting next_dagrun for example_branch_dop_operator_v3 to 2024-10-12 08:03:00+00:00, run_after=2024-10-12 08:04:00+00:00
[2024-10-12T08:04:17.139+0000] {processor.py:208} INFO - Processing /home/vboxuser/airflow_venv/lib/python3.12/site-packages/airflow/example_dags/example_branch_python_dop_operator_3.py took 0.141 seconds
[2024-10-12T08:05:25.953+0000] {processor.py:186} INFO - Started process (PID=14039) to work on /home/vboxuser/airflow_venv/lib/python3.12/site-packages/airflow/example_dags/example_branch_python_dop_operator_3.py
[2024-10-12T08:05:25.955+0000] {processor.py:914} INFO - Processing file /home/vboxuser/airflow_venv/lib/python3.12/site-packages/airflow/example_dags/example_branch_python_dop_operator_3.py for tasks to queue
[2024-10-12T08:05:25.958+0000] {logging_mixin.py:190} INFO - [2024-10-12T08:05:25.958+0000] {dagbag.py:588} INFO - Filling up the DagBag from /home/vboxuser/airflow_venv/lib/python3.12/site-packages/airflow/example_dags/example_branch_python_dop_operator_3.py
[2024-10-12T08:05:25.976+0000] {processor.py:925} INFO - DAG(s) 'example_branch_dop_operator_v3' retrieved from /home/vboxuser/airflow_venv/lib/python3.12/site-packages/airflow/example_dags/example_branch_python_dop_operator_3.py
[2024-10-12T08:05:26.004+0000] {logging_mixin.py:190} INFO - [2024-10-12T08:05:26.004+0000] {dag.py:3239} INFO - Sync 1 DAGs
[2024-10-12T08:05:26.038+0000] {logging_mixin.py:190} INFO - [2024-10-12T08:05:26.037+0000] {dag.py:4180} INFO - Setting next_dagrun for example_branch_dop_operator_v3 to 2024-10-12 08:04:00+00:00, run_after=2024-10-12 08:05:00+00:00
[2024-10-12T08:05:26.082+0000] {processor.py:208} INFO - Processing /home/vboxuser/airflow_venv/lib/python3.12/site-packages/airflow/example_dags/example_branch_python_dop_operator_3.py took 0.138 seconds
[2024-10-12T08:06:39.523+0000] {processor.py:186} INFO - Started process (PID=14108) to work on /home/vboxuser/airflow_venv/lib/python3.12/site-packages/airflow/example_dags/example_branch_python_dop_operator_3.py
[2024-10-12T08:06:39.529+0000] {processor.py:914} INFO - Processing file /home/vboxuser/airflow_venv/lib/python3.12/site-packages/airflow/example_dags/example_branch_python_dop_operator_3.py for tasks to queue
[2024-10-12T08:06:39.534+0000] {logging_mixin.py:190} INFO - [2024-10-12T08:06:39.533+0000] {dagbag.py:588} INFO - Filling up the DagBag from /home/vboxuser/airflow_venv/lib/python3.12/site-packages/airflow/example_dags/example_branch_python_dop_operator_3.py
[2024-10-12T08:06:39.558+0000] {processor.py:925} INFO - DAG(s) 'example_branch_dop_operator_v3' retrieved from /home/vboxuser/airflow_venv/lib/python3.12/site-packages/airflow/example_dags/example_branch_python_dop_operator_3.py
[2024-10-12T08:06:39.593+0000] {logging_mixin.py:190} INFO - [2024-10-12T08:06:39.592+0000] {dag.py:3239} INFO - Sync 1 DAGs
[2024-10-12T08:06:39.642+0000] {logging_mixin.py:190} INFO - [2024-10-12T08:06:39.641+0000] {dag.py:4180} INFO - Setting next_dagrun for example_branch_dop_operator_v3 to 2024-10-12 08:05:00+00:00, run_after=2024-10-12 08:06:00+00:00
[2024-10-12T08:06:39.695+0000] {processor.py:208} INFO - Processing /home/vboxuser/airflow_venv/lib/python3.12/site-packages/airflow/example_dags/example_branch_python_dop_operator_3.py took 0.184 seconds
[2024-10-12T08:07:55.541+0000] {processor.py:186} INFO - Started process (PID=14177) to work on /home/vboxuser/airflow_venv/lib/python3.12/site-packages/airflow/example_dags/example_branch_python_dop_operator_3.py
[2024-10-12T08:07:55.549+0000] {processor.py:914} INFO - Processing file /home/vboxuser/airflow_venv/lib/python3.12/site-packages/airflow/example_dags/example_branch_python_dop_operator_3.py for tasks to queue
[2024-10-12T08:07:55.554+0000] {logging_mixin.py:190} INFO - [2024-10-12T08:07:55.554+0000] {dagbag.py:588} INFO - Filling up the DagBag from /home/vboxuser/airflow_venv/lib/python3.12/site-packages/airflow/example_dags/example_branch_python_dop_operator_3.py
[2024-10-12T08:07:55.580+0000] {processor.py:925} INFO - DAG(s) 'example_branch_dop_operator_v3' retrieved from /home/vboxuser/airflow_venv/lib/python3.12/site-packages/airflow/example_dags/example_branch_python_dop_operator_3.py
[2024-10-12T08:07:55.615+0000] {logging_mixin.py:190} INFO - [2024-10-12T08:07:55.615+0000] {dag.py:3239} INFO - Sync 1 DAGs
[2024-10-12T08:07:55.669+0000] {logging_mixin.py:190} INFO - [2024-10-12T08:07:55.668+0000] {dag.py:4180} INFO - Setting next_dagrun for example_branch_dop_operator_v3 to 2024-10-12 08:06:00+00:00, run_after=2024-10-12 08:07:00+00:00
[2024-10-12T08:07:55.724+0000] {processor.py:208} INFO - Processing /home/vboxuser/airflow_venv/lib/python3.12/site-packages/airflow/example_dags/example_branch_python_dop_operator_3.py took 0.200 seconds
[2024-10-12T08:09:10.069+0000] {processor.py:186} INFO - Started process (PID=14242) to work on /home/vboxuser/airflow_venv/lib/python3.12/site-packages/airflow/example_dags/example_branch_python_dop_operator_3.py
[2024-10-12T08:09:10.075+0000] {processor.py:914} INFO - Processing file /home/vboxuser/airflow_venv/lib/python3.12/site-packages/airflow/example_dags/example_branch_python_dop_operator_3.py for tasks to queue
[2024-10-12T08:09:10.082+0000] {logging_mixin.py:190} INFO - [2024-10-12T08:09:10.081+0000] {dagbag.py:588} INFO - Filling up the DagBag from /home/vboxuser/airflow_venv/lib/python3.12/site-packages/airflow/example_dags/example_branch_python_dop_operator_3.py
[2024-10-12T08:09:10.108+0000] {processor.py:925} INFO - DAG(s) 'example_branch_dop_operator_v3' retrieved from /home/vboxuser/airflow_venv/lib/python3.12/site-packages/airflow/example_dags/example_branch_python_dop_operator_3.py
[2024-10-12T08:09:10.141+0000] {logging_mixin.py:190} INFO - [2024-10-12T08:09:10.140+0000] {dag.py:3239} INFO - Sync 1 DAGs
[2024-10-12T08:09:10.175+0000] {logging_mixin.py:190} INFO - [2024-10-12T08:09:10.174+0000] {dag.py:4180} INFO - Setting next_dagrun for example_branch_dop_operator_v3 to 2024-10-12 08:08:00+00:00, run_after=2024-10-12 08:09:00+00:00
[2024-10-12T08:09:10.234+0000] {processor.py:208} INFO - Processing /home/vboxuser/airflow_venv/lib/python3.12/site-packages/airflow/example_dags/example_branch_python_dop_operator_3.py took 0.176 seconds
[2024-10-12T08:10:27.870+0000] {processor.py:186} INFO - Started process (PID=14308) to work on /home/vboxuser/airflow_venv/lib/python3.12/site-packages/airflow/example_dags/example_branch_python_dop_operator_3.py
[2024-10-12T08:10:27.876+0000] {processor.py:914} INFO - Processing file /home/vboxuser/airflow_venv/lib/python3.12/site-packages/airflow/example_dags/example_branch_python_dop_operator_3.py for tasks to queue
[2024-10-12T08:10:27.882+0000] {logging_mixin.py:190} INFO - [2024-10-12T08:10:27.881+0000] {dagbag.py:588} INFO - Filling up the DagBag from /home/vboxuser/airflow_venv/lib/python3.12/site-packages/airflow/example_dags/example_branch_python_dop_operator_3.py
[2024-10-12T08:10:27.914+0000] {processor.py:925} INFO - DAG(s) 'example_branch_dop_operator_v3' retrieved from /home/vboxuser/airflow_venv/lib/python3.12/site-packages/airflow/example_dags/example_branch_python_dop_operator_3.py
[2024-10-12T08:10:27.952+0000] {logging_mixin.py:190} INFO - [2024-10-12T08:10:27.952+0000] {dag.py:3239} INFO - Sync 1 DAGs
[2024-10-12T08:10:28.005+0000] {logging_mixin.py:190} INFO - [2024-10-12T08:10:28.005+0000] {dag.py:4180} INFO - Setting next_dagrun for example_branch_dop_operator_v3 to 2024-10-12 08:09:00+00:00, run_after=2024-10-12 08:10:00+00:00
[2024-10-12T08:10:28.067+0000] {processor.py:208} INFO - Processing /home/vboxuser/airflow_venv/lib/python3.12/site-packages/airflow/example_dags/example_branch_python_dop_operator_3.py took 0.212 seconds
[2024-10-12T08:11:38.047+0000] {processor.py:186} INFO - Started process (PID=14371) to work on /home/vboxuser/airflow_venv/lib/python3.12/site-packages/airflow/example_dags/example_branch_python_dop_operator_3.py
[2024-10-12T08:11:38.055+0000] {processor.py:914} INFO - Processing file /home/vboxuser/airflow_venv/lib/python3.12/site-packages/airflow/example_dags/example_branch_python_dop_operator_3.py for tasks to queue
[2024-10-12T08:11:38.061+0000] {logging_mixin.py:190} INFO - [2024-10-12T08:11:38.060+0000] {dagbag.py:588} INFO - Filling up the DagBag from /home/vboxuser/airflow_venv/lib/python3.12/site-packages/airflow/example_dags/example_branch_python_dop_operator_3.py
[2024-10-12T08:11:38.083+0000] {processor.py:925} INFO - DAG(s) 'example_branch_dop_operator_v3' retrieved from /home/vboxuser/airflow_venv/lib/python3.12/site-packages/airflow/example_dags/example_branch_python_dop_operator_3.py
[2024-10-12T08:11:38.117+0000] {logging_mixin.py:190} INFO - [2024-10-12T08:11:38.117+0000] {dag.py:3239} INFO - Sync 1 DAGs
[2024-10-12T08:11:38.166+0000] {logging_mixin.py:190} INFO - [2024-10-12T08:11:38.166+0000] {dag.py:4180} INFO - Setting next_dagrun for example_branch_dop_operator_v3 to 2024-10-12 08:10:00+00:00, run_after=2024-10-12 08:11:00+00:00
[2024-10-12T08:11:38.232+0000] {processor.py:208} INFO - Processing /home/vboxuser/airflow_venv/lib/python3.12/site-packages/airflow/example_dags/example_branch_python_dop_operator_3.py took 0.201 seconds
[2024-10-12T08:12:43.773+0000] {processor.py:186} INFO - Started process (PID=14431) to work on /home/vboxuser/airflow_venv/lib/python3.12/site-packages/airflow/example_dags/example_branch_python_dop_operator_3.py
[2024-10-12T08:12:43.781+0000] {processor.py:914} INFO - Processing file /home/vboxuser/airflow_venv/lib/python3.12/site-packages/airflow/example_dags/example_branch_python_dop_operator_3.py for tasks to queue
[2024-10-12T08:12:43.786+0000] {logging_mixin.py:190} INFO - [2024-10-12T08:12:43.785+0000] {dagbag.py:588} INFO - Filling up the DagBag from /home/vboxuser/airflow_venv/lib/python3.12/site-packages/airflow/example_dags/example_branch_python_dop_operator_3.py
[2024-10-12T08:12:43.810+0000] {processor.py:925} INFO - DAG(s) 'example_branch_dop_operator_v3' retrieved from /home/vboxuser/airflow_venv/lib/python3.12/site-packages/airflow/example_dags/example_branch_python_dop_operator_3.py
[2024-10-12T08:12:43.844+0000] {logging_mixin.py:190} INFO - [2024-10-12T08:12:43.843+0000] {dag.py:3239} INFO - Sync 1 DAGs
[2024-10-12T08:12:43.900+0000] {logging_mixin.py:190} INFO - [2024-10-12T08:12:43.899+0000] {dag.py:4180} INFO - Setting next_dagrun for example_branch_dop_operator_v3 to 2024-10-12 08:11:00+00:00, run_after=2024-10-12 08:12:00+00:00
[2024-10-12T08:12:43.965+0000] {processor.py:208} INFO - Processing /home/vboxuser/airflow_venv/lib/python3.12/site-packages/airflow/example_dags/example_branch_python_dop_operator_3.py took 0.207 seconds
[2024-10-12T08:13:55.200+0000] {processor.py:186} INFO - Started process (PID=14493) to work on /home/vboxuser/airflow_venv/lib/python3.12/site-packages/airflow/example_dags/example_branch_python_dop_operator_3.py
[2024-10-12T08:13:55.207+0000] {processor.py:914} INFO - Processing file /home/vboxuser/airflow_venv/lib/python3.12/site-packages/airflow/example_dags/example_branch_python_dop_operator_3.py for tasks to queue
[2024-10-12T08:13:55.213+0000] {logging_mixin.py:190} INFO - [2024-10-12T08:13:55.212+0000] {dagbag.py:588} INFO - Filling up the DagBag from /home/vboxuser/airflow_venv/lib/python3.12/site-packages/airflow/example_dags/example_branch_python_dop_operator_3.py
[2024-10-12T08:13:55.231+0000] {processor.py:925} INFO - DAG(s) 'example_branch_dop_operator_v3' retrieved from /home/vboxuser/airflow_venv/lib/python3.12/site-packages/airflow/example_dags/example_branch_python_dop_operator_3.py
[2024-10-12T08:13:55.254+0000] {logging_mixin.py:190} INFO - [2024-10-12T08:13:55.254+0000] {dag.py:3239} INFO - Sync 1 DAGs
[2024-10-12T08:13:55.295+0000] {logging_mixin.py:190} INFO - [2024-10-12T08:13:55.294+0000] {dag.py:4180} INFO - Setting next_dagrun for example_branch_dop_operator_v3 to 2024-10-12 08:12:00+00:00, run_after=2024-10-12 08:13:00+00:00
[2024-10-12T08:13:55.360+0000] {processor.py:208} INFO - Processing /home/vboxuser/airflow_venv/lib/python3.12/site-packages/airflow/example_dags/example_branch_python_dop_operator_3.py took 0.173 seconds
[2024-10-12T08:15:10.989+0000] {processor.py:186} INFO - Started process (PID=14559) to work on /home/vboxuser/airflow_venv/lib/python3.12/site-packages/airflow/example_dags/example_branch_python_dop_operator_3.py
[2024-10-12T08:15:10.998+0000] {processor.py:914} INFO - Processing file /home/vboxuser/airflow_venv/lib/python3.12/site-packages/airflow/example_dags/example_branch_python_dop_operator_3.py for tasks to queue
[2024-10-12T08:15:11.004+0000] {logging_mixin.py:190} INFO - [2024-10-12T08:15:11.002+0000] {dagbag.py:588} INFO - Filling up the DagBag from /home/vboxuser/airflow_venv/lib/python3.12/site-packages/airflow/example_dags/example_branch_python_dop_operator_3.py
[2024-10-12T08:15:11.029+0000] {processor.py:925} INFO - DAG(s) 'example_branch_dop_operator_v3' retrieved from /home/vboxuser/airflow_venv/lib/python3.12/site-packages/airflow/example_dags/example_branch_python_dop_operator_3.py
[2024-10-12T08:15:11.064+0000] {logging_mixin.py:190} INFO - [2024-10-12T08:15:11.064+0000] {dag.py:3239} INFO - Sync 1 DAGs
[2024-10-12T08:15:11.116+0000] {logging_mixin.py:190} INFO - [2024-10-12T08:15:11.116+0000] {dag.py:4180} INFO - Setting next_dagrun for example_branch_dop_operator_v3 to 2024-10-12 08:14:00+00:00, run_after=2024-10-12 08:15:00+00:00
[2024-10-12T08:15:11.174+0000] {processor.py:208} INFO - Processing /home/vboxuser/airflow_venv/lib/python3.12/site-packages/airflow/example_dags/example_branch_python_dop_operator_3.py took 0.199 seconds
[2024-10-12T08:16:24.927+0000] {processor.py:186} INFO - Started process (PID=14621) to work on /home/vboxuser/airflow_venv/lib/python3.12/site-packages/airflow/example_dags/example_branch_python_dop_operator_3.py
[2024-10-12T08:16:24.932+0000] {processor.py:914} INFO - Processing file /home/vboxuser/airflow_venv/lib/python3.12/site-packages/airflow/example_dags/example_branch_python_dop_operator_3.py for tasks to queue
[2024-10-12T08:16:24.937+0000] {logging_mixin.py:190} INFO - [2024-10-12T08:16:24.936+0000] {dagbag.py:588} INFO - Filling up the DagBag from /home/vboxuser/airflow_venv/lib/python3.12/site-packages/airflow/example_dags/example_branch_python_dop_operator_3.py
[2024-10-12T08:16:24.957+0000] {processor.py:925} INFO - DAG(s) 'example_branch_dop_operator_v3' retrieved from /home/vboxuser/airflow_venv/lib/python3.12/site-packages/airflow/example_dags/example_branch_python_dop_operator_3.py
[2024-10-12T08:16:24.985+0000] {logging_mixin.py:190} INFO - [2024-10-12T08:16:24.984+0000] {dag.py:3239} INFO - Sync 1 DAGs
[2024-10-12T08:16:25.030+0000] {logging_mixin.py:190} INFO - [2024-10-12T08:16:25.030+0000] {dag.py:4180} INFO - Setting next_dagrun for example_branch_dop_operator_v3 to 2024-10-12 08:15:00+00:00, run_after=2024-10-12 08:16:00+00:00
[2024-10-12T08:16:25.100+0000] {processor.py:208} INFO - Processing /home/vboxuser/airflow_venv/lib/python3.12/site-packages/airflow/example_dags/example_branch_python_dop_operator_3.py took 0.185 seconds
