[2024-10-12T07:09:20.253+0000] {processor.py:186} INFO - Started process (PID=11329) to work on /home/vboxuser/airflow_venv/lib/python3.12/site-packages/airflow/example_dags/example_nested_branch_dag.py
[2024-10-12T07:09:20.254+0000] {processor.py:914} INFO - Processing file /home/vboxuser/airflow_venv/lib/python3.12/site-packages/airflow/example_dags/example_nested_branch_dag.py for tasks to queue
[2024-10-12T07:09:20.257+0000] {logging_mixin.py:190} INFO - [2024-10-12T07:09:20.256+0000] {dagbag.py:588} INFO - Filling up the DagBag from /home/vboxuser/airflow_venv/lib/python3.12/site-packages/airflow/example_dags/example_nested_branch_dag.py
[2024-10-12T07:09:20.270+0000] {processor.py:925} INFO - DAG(s) 'example_nested_branch_dag' retrieved from /home/vboxuser/airflow_venv/lib/python3.12/site-packages/airflow/example_dags/example_nested_branch_dag.py
[2024-10-12T07:09:20.402+0000] {logging_mixin.py:190} INFO - [2024-10-12T07:09:20.401+0000] {override.py:1901} INFO - Created Permission View: can delete on DAG:example_nested_branch_dag
[2024-10-12T07:09:20.424+0000] {logging_mixin.py:190} INFO - [2024-10-12T07:09:20.423+0000] {override.py:1901} INFO - Created Permission View: can read on DAG:example_nested_branch_dag
[2024-10-12T07:09:20.439+0000] {logging_mixin.py:190} INFO - [2024-10-12T07:09:20.438+0000] {override.py:1901} INFO - Created Permission View: can edit on DAG:example_nested_branch_dag
[2024-10-12T07:09:20.467+0000] {logging_mixin.py:190} INFO - [2024-10-12T07:09:20.466+0000] {override.py:1901} INFO - Created Permission View: can delete on DAG Run:example_nested_branch_dag
[2024-10-12T07:09:20.483+0000] {logging_mixin.py:190} INFO - [2024-10-12T07:09:20.482+0000] {override.py:1901} INFO - Created Permission View: can read on DAG Run:example_nested_branch_dag
[2024-10-12T07:09:20.500+0000] {logging_mixin.py:190} INFO - [2024-10-12T07:09:20.499+0000] {override.py:1901} INFO - Created Permission View: menu access on DAG Run:example_nested_branch_dag
[2024-10-12T07:09:20.515+0000] {logging_mixin.py:190} INFO - [2024-10-12T07:09:20.514+0000] {override.py:1901} INFO - Created Permission View: can create on DAG Run:example_nested_branch_dag
[2024-10-12T07:09:20.516+0000] {logging_mixin.py:190} INFO - [2024-10-12T07:09:20.516+0000] {dag.py:3239} INFO - Sync 1 DAGs
[2024-10-12T07:09:20.529+0000] {logging_mixin.py:190} INFO - [2024-10-12T07:09:20.529+0000] {dag.py:3262} INFO - Creating ORM DAG for example_nested_branch_dag
[2024-10-12T07:09:20.539+0000] {logging_mixin.py:190} INFO - [2024-10-12T07:09:20.539+0000] {dag.py:4180} INFO - Setting next_dagrun for example_nested_branch_dag to 2024-10-11 00:00:00+00:00, run_after=2024-10-12 00:00:00+00:00
[2024-10-12T07:09:20.569+0000] {processor.py:208} INFO - Processing /home/vboxuser/airflow_venv/lib/python3.12/site-packages/airflow/example_dags/example_nested_branch_dag.py took 0.324 seconds
[2024-10-12T07:10:33.882+0000] {processor.py:186} INFO - Started process (PID=11400) to work on /home/vboxuser/airflow_venv/lib/python3.12/site-packages/airflow/example_dags/example_nested_branch_dag.py
[2024-10-12T07:10:33.886+0000] {processor.py:914} INFO - Processing file /home/vboxuser/airflow_venv/lib/python3.12/site-packages/airflow/example_dags/example_nested_branch_dag.py for tasks to queue
[2024-10-12T07:10:33.891+0000] {logging_mixin.py:190} INFO - [2024-10-12T07:10:33.889+0000] {dagbag.py:588} INFO - Filling up the DagBag from /home/vboxuser/airflow_venv/lib/python3.12/site-packages/airflow/example_dags/example_nested_branch_dag.py
[2024-10-12T07:10:33.917+0000] {processor.py:925} INFO - DAG(s) 'example_nested_branch_dag' retrieved from /home/vboxuser/airflow_venv/lib/python3.12/site-packages/airflow/example_dags/example_nested_branch_dag.py
[2024-10-12T07:10:33.945+0000] {logging_mixin.py:190} INFO - [2024-10-12T07:10:33.945+0000] {dag.py:3239} INFO - Sync 1 DAGs
[2024-10-12T07:10:33.969+0000] {logging_mixin.py:190} INFO - [2024-10-12T07:10:33.968+0000] {dag.py:4180} INFO - Setting next_dagrun for example_nested_branch_dag to 2024-10-11 00:00:00+00:00, run_after=2024-10-12 00:00:00+00:00
[2024-10-12T07:10:34.004+0000] {processor.py:208} INFO - Processing /home/vboxuser/airflow_venv/lib/python3.12/site-packages/airflow/example_dags/example_nested_branch_dag.py took 0.132 seconds
[2024-10-12T07:11:37.225+0000] {processor.py:186} INFO - Started process (PID=11457) to work on /home/vboxuser/airflow_venv/lib/python3.12/site-packages/airflow/example_dags/example_nested_branch_dag.py
[2024-10-12T07:11:37.228+0000] {processor.py:914} INFO - Processing file /home/vboxuser/airflow_venv/lib/python3.12/site-packages/airflow/example_dags/example_nested_branch_dag.py for tasks to queue
[2024-10-12T07:11:37.235+0000] {logging_mixin.py:190} INFO - [2024-10-12T07:11:37.234+0000] {dagbag.py:588} INFO - Filling up the DagBag from /home/vboxuser/airflow_venv/lib/python3.12/site-packages/airflow/example_dags/example_nested_branch_dag.py
[2024-10-12T07:11:37.254+0000] {processor.py:925} INFO - DAG(s) 'example_nested_branch_dag' retrieved from /home/vboxuser/airflow_venv/lib/python3.12/site-packages/airflow/example_dags/example_nested_branch_dag.py
[2024-10-12T07:11:37.275+0000] {logging_mixin.py:190} INFO - [2024-10-12T07:11:37.274+0000] {dag.py:3239} INFO - Sync 1 DAGs
[2024-10-12T07:11:37.297+0000] {logging_mixin.py:190} INFO - [2024-10-12T07:11:37.297+0000] {dag.py:4180} INFO - Setting next_dagrun for example_nested_branch_dag to 2024-10-11 00:00:00+00:00, run_after=2024-10-12 00:00:00+00:00
[2024-10-12T07:11:37.332+0000] {processor.py:208} INFO - Processing /home/vboxuser/airflow_venv/lib/python3.12/site-packages/airflow/example_dags/example_nested_branch_dag.py took 0.116 seconds
[2024-10-12T07:12:39.154+0000] {processor.py:186} INFO - Started process (PID=11515) to work on /home/vboxuser/airflow_venv/lib/python3.12/site-packages/airflow/example_dags/example_nested_branch_dag.py
[2024-10-12T07:12:39.157+0000] {processor.py:914} INFO - Processing file /home/vboxuser/airflow_venv/lib/python3.12/site-packages/airflow/example_dags/example_nested_branch_dag.py for tasks to queue
[2024-10-12T07:12:39.161+0000] {logging_mixin.py:190} INFO - [2024-10-12T07:12:39.160+0000] {dagbag.py:588} INFO - Filling up the DagBag from /home/vboxuser/airflow_venv/lib/python3.12/site-packages/airflow/example_dags/example_nested_branch_dag.py
[2024-10-12T07:12:39.184+0000] {processor.py:925} INFO - DAG(s) 'example_nested_branch_dag' retrieved from /home/vboxuser/airflow_venv/lib/python3.12/site-packages/airflow/example_dags/example_nested_branch_dag.py
[2024-10-12T07:12:39.205+0000] {logging_mixin.py:190} INFO - [2024-10-12T07:12:39.205+0000] {dag.py:3239} INFO - Sync 1 DAGs
[2024-10-12T07:12:39.229+0000] {logging_mixin.py:190} INFO - [2024-10-12T07:12:39.229+0000] {dag.py:4180} INFO - Setting next_dagrun for example_nested_branch_dag to 2024-10-11 00:00:00+00:00, run_after=2024-10-12 00:00:00+00:00
[2024-10-12T07:12:39.267+0000] {processor.py:208} INFO - Processing /home/vboxuser/airflow_venv/lib/python3.12/site-packages/airflow/example_dags/example_nested_branch_dag.py took 0.122 seconds
[2024-10-12T07:13:43.420+0000] {processor.py:186} INFO - Started process (PID=11651) to work on /home/vboxuser/airflow_venv/lib/python3.12/site-packages/airflow/example_dags/example_nested_branch_dag.py
[2024-10-12T07:13:43.424+0000] {processor.py:914} INFO - Processing file /home/vboxuser/airflow_venv/lib/python3.12/site-packages/airflow/example_dags/example_nested_branch_dag.py for tasks to queue
[2024-10-12T07:13:43.427+0000] {logging_mixin.py:190} INFO - [2024-10-12T07:13:43.426+0000] {dagbag.py:588} INFO - Filling up the DagBag from /home/vboxuser/airflow_venv/lib/python3.12/site-packages/airflow/example_dags/example_nested_branch_dag.py
[2024-10-12T07:13:43.441+0000] {processor.py:925} INFO - DAG(s) 'example_nested_branch_dag' retrieved from /home/vboxuser/airflow_venv/lib/python3.12/site-packages/airflow/example_dags/example_nested_branch_dag.py
[2024-10-12T07:13:43.461+0000] {logging_mixin.py:190} INFO - [2024-10-12T07:13:43.460+0000] {dag.py:3239} INFO - Sync 1 DAGs
[2024-10-12T07:13:43.484+0000] {logging_mixin.py:190} INFO - [2024-10-12T07:13:43.483+0000] {dag.py:4180} INFO - Setting next_dagrun for example_nested_branch_dag to 2024-10-11 00:00:00+00:00, run_after=2024-10-12 00:00:00+00:00
[2024-10-12T07:13:43.524+0000] {processor.py:208} INFO - Processing /home/vboxuser/airflow_venv/lib/python3.12/site-packages/airflow/example_dags/example_nested_branch_dag.py took 0.115 seconds
[2024-10-12T07:14:50.334+0000] {processor.py:186} INFO - Started process (PID=11716) to work on /home/vboxuser/airflow_venv/lib/python3.12/site-packages/airflow/example_dags/example_nested_branch_dag.py
[2024-10-12T07:14:50.336+0000] {processor.py:914} INFO - Processing file /home/vboxuser/airflow_venv/lib/python3.12/site-packages/airflow/example_dags/example_nested_branch_dag.py for tasks to queue
[2024-10-12T07:14:50.340+0000] {logging_mixin.py:190} INFO - [2024-10-12T07:14:50.339+0000] {dagbag.py:588} INFO - Filling up the DagBag from /home/vboxuser/airflow_venv/lib/python3.12/site-packages/airflow/example_dags/example_nested_branch_dag.py
[2024-10-12T07:14:50.362+0000] {processor.py:925} INFO - DAG(s) 'example_nested_branch_dag' retrieved from /home/vboxuser/airflow_venv/lib/python3.12/site-packages/airflow/example_dags/example_nested_branch_dag.py
[2024-10-12T07:14:50.384+0000] {logging_mixin.py:190} INFO - [2024-10-12T07:14:50.383+0000] {dag.py:3239} INFO - Sync 1 DAGs
[2024-10-12T07:14:50.534+0000] {logging_mixin.py:190} INFO - [2024-10-12T07:14:50.534+0000] {dag.py:4180} INFO - Setting next_dagrun for example_nested_branch_dag to 2024-10-11 00:00:00+00:00, run_after=2024-10-12 00:00:00+00:00
[2024-10-12T07:14:50.567+0000] {processor.py:208} INFO - Processing /home/vboxuser/airflow_venv/lib/python3.12/site-packages/airflow/example_dags/example_nested_branch_dag.py took 0.243 seconds
[2024-10-12T07:16:06.946+0000] {processor.py:186} INFO - Started process (PID=11793) to work on /home/vboxuser/airflow_venv/lib/python3.12/site-packages/airflow/example_dags/example_nested_branch_dag.py
[2024-10-12T07:16:06.948+0000] {processor.py:914} INFO - Processing file /home/vboxuser/airflow_venv/lib/python3.12/site-packages/airflow/example_dags/example_nested_branch_dag.py for tasks to queue
[2024-10-12T07:16:06.952+0000] {logging_mixin.py:190} INFO - [2024-10-12T07:16:06.951+0000] {dagbag.py:588} INFO - Filling up the DagBag from /home/vboxuser/airflow_venv/lib/python3.12/site-packages/airflow/example_dags/example_nested_branch_dag.py
[2024-10-12T07:16:06.970+0000] {processor.py:925} INFO - DAG(s) 'example_nested_branch_dag' retrieved from /home/vboxuser/airflow_venv/lib/python3.12/site-packages/airflow/example_dags/example_nested_branch_dag.py
[2024-10-12T07:16:06.991+0000] {logging_mixin.py:190} INFO - [2024-10-12T07:16:06.990+0000] {dag.py:3239} INFO - Sync 1 DAGs
[2024-10-12T07:16:07.014+0000] {logging_mixin.py:190} INFO - [2024-10-12T07:16:07.013+0000] {dag.py:4180} INFO - Setting next_dagrun for example_nested_branch_dag to 2024-10-11 00:00:00+00:00, run_after=2024-10-12 00:00:00+00:00
[2024-10-12T07:16:07.044+0000] {processor.py:208} INFO - Processing /home/vboxuser/airflow_venv/lib/python3.12/site-packages/airflow/example_dags/example_nested_branch_dag.py took 0.108 seconds
[2024-10-12T07:17:07.215+0000] {processor.py:186} INFO - Started process (PID=11853) to work on /home/vboxuser/airflow_venv/lib/python3.12/site-packages/airflow/example_dags/example_nested_branch_dag.py
[2024-10-12T07:17:07.216+0000] {processor.py:914} INFO - Processing file /home/vboxuser/airflow_venv/lib/python3.12/site-packages/airflow/example_dags/example_nested_branch_dag.py for tasks to queue
[2024-10-12T07:17:07.219+0000] {logging_mixin.py:190} INFO - [2024-10-12T07:17:07.218+0000] {dagbag.py:588} INFO - Filling up the DagBag from /home/vboxuser/airflow_venv/lib/python3.12/site-packages/airflow/example_dags/example_nested_branch_dag.py
[2024-10-12T07:17:07.233+0000] {processor.py:925} INFO - DAG(s) 'example_nested_branch_dag' retrieved from /home/vboxuser/airflow_venv/lib/python3.12/site-packages/airflow/example_dags/example_nested_branch_dag.py
[2024-10-12T07:17:07.254+0000] {logging_mixin.py:190} INFO - [2024-10-12T07:17:07.254+0000] {dag.py:3239} INFO - Sync 1 DAGs
[2024-10-12T07:17:07.281+0000] {logging_mixin.py:190} INFO - [2024-10-12T07:17:07.280+0000] {dag.py:4180} INFO - Setting next_dagrun for example_nested_branch_dag to 2024-10-11 00:00:00+00:00, run_after=2024-10-12 00:00:00+00:00
[2024-10-12T07:17:07.320+0000] {processor.py:208} INFO - Processing /home/vboxuser/airflow_venv/lib/python3.12/site-packages/airflow/example_dags/example_nested_branch_dag.py took 0.113 seconds
[2024-10-12T07:18:13.435+0000] {processor.py:186} INFO - Started process (PID=11912) to work on /home/vboxuser/airflow_venv/lib/python3.12/site-packages/airflow/example_dags/example_nested_branch_dag.py
[2024-10-12T07:18:13.437+0000] {processor.py:914} INFO - Processing file /home/vboxuser/airflow_venv/lib/python3.12/site-packages/airflow/example_dags/example_nested_branch_dag.py for tasks to queue
[2024-10-12T07:18:13.440+0000] {logging_mixin.py:190} INFO - [2024-10-12T07:18:13.439+0000] {dagbag.py:588} INFO - Filling up the DagBag from /home/vboxuser/airflow_venv/lib/python3.12/site-packages/airflow/example_dags/example_nested_branch_dag.py
[2024-10-12T07:18:13.463+0000] {processor.py:925} INFO - DAG(s) 'example_nested_branch_dag' retrieved from /home/vboxuser/airflow_venv/lib/python3.12/site-packages/airflow/example_dags/example_nested_branch_dag.py
[2024-10-12T07:18:13.487+0000] {logging_mixin.py:190} INFO - [2024-10-12T07:18:13.487+0000] {dag.py:3239} INFO - Sync 1 DAGs
[2024-10-12T07:18:13.511+0000] {logging_mixin.py:190} INFO - [2024-10-12T07:18:13.511+0000] {dag.py:4180} INFO - Setting next_dagrun for example_nested_branch_dag to 2024-10-11 00:00:00+00:00, run_after=2024-10-12 00:00:00+00:00
[2024-10-12T07:18:13.546+0000] {processor.py:208} INFO - Processing /home/vboxuser/airflow_venv/lib/python3.12/site-packages/airflow/example_dags/example_nested_branch_dag.py took 0.119 seconds
[2024-10-12T07:19:13.910+0000] {processor.py:186} INFO - Started process (PID=11969) to work on /home/vboxuser/airflow_venv/lib/python3.12/site-packages/airflow/example_dags/example_nested_branch_dag.py
[2024-10-12T07:19:13.912+0000] {processor.py:914} INFO - Processing file /home/vboxuser/airflow_venv/lib/python3.12/site-packages/airflow/example_dags/example_nested_branch_dag.py for tasks to queue
[2024-10-12T07:19:13.915+0000] {logging_mixin.py:190} INFO - [2024-10-12T07:19:13.915+0000] {dagbag.py:588} INFO - Filling up the DagBag from /home/vboxuser/airflow_venv/lib/python3.12/site-packages/airflow/example_dags/example_nested_branch_dag.py
[2024-10-12T07:19:13.937+0000] {processor.py:925} INFO - DAG(s) 'example_nested_branch_dag' retrieved from /home/vboxuser/airflow_venv/lib/python3.12/site-packages/airflow/example_dags/example_nested_branch_dag.py
[2024-10-12T07:19:13.962+0000] {logging_mixin.py:190} INFO - [2024-10-12T07:19:13.962+0000] {dag.py:3239} INFO - Sync 1 DAGs
[2024-10-12T07:19:13.984+0000] {logging_mixin.py:190} INFO - [2024-10-12T07:19:13.984+0000] {dag.py:4180} INFO - Setting next_dagrun for example_nested_branch_dag to 2024-10-11 00:00:00+00:00, run_after=2024-10-12 00:00:00+00:00
[2024-10-12T07:19:14.024+0000] {processor.py:208} INFO - Processing /home/vboxuser/airflow_venv/lib/python3.12/site-packages/airflow/example_dags/example_nested_branch_dag.py took 0.122 seconds
[2024-10-12T07:20:19.626+0000] {processor.py:186} INFO - Started process (PID=12032) to work on /home/vboxuser/airflow_venv/lib/python3.12/site-packages/airflow/example_dags/example_nested_branch_dag.py
[2024-10-12T07:20:19.629+0000] {processor.py:914} INFO - Processing file /home/vboxuser/airflow_venv/lib/python3.12/site-packages/airflow/example_dags/example_nested_branch_dag.py for tasks to queue
[2024-10-12T07:20:19.633+0000] {logging_mixin.py:190} INFO - [2024-10-12T07:20:19.632+0000] {dagbag.py:588} INFO - Filling up the DagBag from /home/vboxuser/airflow_venv/lib/python3.12/site-packages/airflow/example_dags/example_nested_branch_dag.py
[2024-10-12T07:20:19.652+0000] {processor.py:925} INFO - DAG(s) 'example_nested_branch_dag' retrieved from /home/vboxuser/airflow_venv/lib/python3.12/site-packages/airflow/example_dags/example_nested_branch_dag.py
[2024-10-12T07:20:19.682+0000] {logging_mixin.py:190} INFO - [2024-10-12T07:20:19.679+0000] {dag.py:3239} INFO - Sync 1 DAGs
[2024-10-12T07:20:19.718+0000] {logging_mixin.py:190} INFO - [2024-10-12T07:20:19.718+0000] {dag.py:4180} INFO - Setting next_dagrun for example_nested_branch_dag to 2024-10-11 00:00:00+00:00, run_after=2024-10-12 00:00:00+00:00
[2024-10-12T07:20:19.754+0000] {processor.py:208} INFO - Processing /home/vboxuser/airflow_venv/lib/python3.12/site-packages/airflow/example_dags/example_nested_branch_dag.py took 0.139 seconds
[2024-10-12T07:21:26.353+0000] {processor.py:186} INFO - Started process (PID=12094) to work on /home/vboxuser/airflow_venv/lib/python3.12/site-packages/airflow/example_dags/example_nested_branch_dag.py
[2024-10-12T07:21:26.355+0000] {processor.py:914} INFO - Processing file /home/vboxuser/airflow_venv/lib/python3.12/site-packages/airflow/example_dags/example_nested_branch_dag.py for tasks to queue
[2024-10-12T07:21:26.358+0000] {logging_mixin.py:190} INFO - [2024-10-12T07:21:26.357+0000] {dagbag.py:588} INFO - Filling up the DagBag from /home/vboxuser/airflow_venv/lib/python3.12/site-packages/airflow/example_dags/example_nested_branch_dag.py
[2024-10-12T07:21:26.379+0000] {processor.py:925} INFO - DAG(s) 'example_nested_branch_dag' retrieved from /home/vboxuser/airflow_venv/lib/python3.12/site-packages/airflow/example_dags/example_nested_branch_dag.py
[2024-10-12T07:21:26.400+0000] {logging_mixin.py:190} INFO - [2024-10-12T07:21:26.399+0000] {dag.py:3239} INFO - Sync 1 DAGs
[2024-10-12T07:21:26.422+0000] {logging_mixin.py:190} INFO - [2024-10-12T07:21:26.421+0000] {dag.py:4180} INFO - Setting next_dagrun for example_nested_branch_dag to 2024-10-11 00:00:00+00:00, run_after=2024-10-12 00:00:00+00:00
[2024-10-12T07:21:26.456+0000] {processor.py:208} INFO - Processing /home/vboxuser/airflow_venv/lib/python3.12/site-packages/airflow/example_dags/example_nested_branch_dag.py took 0.117 seconds
[2024-10-12T07:22:30.691+0000] {processor.py:186} INFO - Started process (PID=12153) to work on /home/vboxuser/airflow_venv/lib/python3.12/site-packages/airflow/example_dags/example_nested_branch_dag.py
[2024-10-12T07:22:30.694+0000] {processor.py:914} INFO - Processing file /home/vboxuser/airflow_venv/lib/python3.12/site-packages/airflow/example_dags/example_nested_branch_dag.py for tasks to queue
[2024-10-12T07:22:30.698+0000] {logging_mixin.py:190} INFO - [2024-10-12T07:22:30.697+0000] {dagbag.py:588} INFO - Filling up the DagBag from /home/vboxuser/airflow_venv/lib/python3.12/site-packages/airflow/example_dags/example_nested_branch_dag.py
[2024-10-12T07:22:30.713+0000] {processor.py:925} INFO - DAG(s) 'example_nested_branch_dag' retrieved from /home/vboxuser/airflow_venv/lib/python3.12/site-packages/airflow/example_dags/example_nested_branch_dag.py
[2024-10-12T07:22:30.731+0000] {logging_mixin.py:190} INFO - [2024-10-12T07:22:30.731+0000] {dag.py:3239} INFO - Sync 1 DAGs
[2024-10-12T07:22:30.752+0000] {logging_mixin.py:190} INFO - [2024-10-12T07:22:30.752+0000] {dag.py:4180} INFO - Setting next_dagrun for example_nested_branch_dag to 2024-10-11 00:00:00+00:00, run_after=2024-10-12 00:00:00+00:00
[2024-10-12T07:22:30.785+0000] {processor.py:208} INFO - Processing /home/vboxuser/airflow_venv/lib/python3.12/site-packages/airflow/example_dags/example_nested_branch_dag.py took 0.105 seconds
[2024-10-12T07:23:44.250+0000] {processor.py:186} INFO - Started process (PID=12215) to work on /home/vboxuser/airflow_venv/lib/python3.12/site-packages/airflow/example_dags/example_nested_branch_dag.py
[2024-10-12T07:23:44.254+0000] {processor.py:914} INFO - Processing file /home/vboxuser/airflow_venv/lib/python3.12/site-packages/airflow/example_dags/example_nested_branch_dag.py for tasks to queue
[2024-10-12T07:23:44.259+0000] {logging_mixin.py:190} INFO - [2024-10-12T07:23:44.258+0000] {dagbag.py:588} INFO - Filling up the DagBag from /home/vboxuser/airflow_venv/lib/python3.12/site-packages/airflow/example_dags/example_nested_branch_dag.py
[2024-10-12T07:23:44.275+0000] {processor.py:925} INFO - DAG(s) 'example_nested_branch_dag' retrieved from /home/vboxuser/airflow_venv/lib/python3.12/site-packages/airflow/example_dags/example_nested_branch_dag.py
[2024-10-12T07:23:44.295+0000] {logging_mixin.py:190} INFO - [2024-10-12T07:23:44.295+0000] {dag.py:3239} INFO - Sync 1 DAGs
[2024-10-12T07:23:44.320+0000] {logging_mixin.py:190} INFO - [2024-10-12T07:23:44.320+0000] {dag.py:4180} INFO - Setting next_dagrun for example_nested_branch_dag to 2024-10-11 00:00:00+00:00, run_after=2024-10-12 00:00:00+00:00
[2024-10-12T07:23:44.354+0000] {processor.py:208} INFO - Processing /home/vboxuser/airflow_venv/lib/python3.12/site-packages/airflow/example_dags/example_nested_branch_dag.py took 0.114 seconds
[2024-10-12T07:24:52.450+0000] {processor.py:186} INFO - Started process (PID=12276) to work on /home/vboxuser/airflow_venv/lib/python3.12/site-packages/airflow/example_dags/example_nested_branch_dag.py
[2024-10-12T07:24:52.453+0000] {processor.py:914} INFO - Processing file /home/vboxuser/airflow_venv/lib/python3.12/site-packages/airflow/example_dags/example_nested_branch_dag.py for tasks to queue
[2024-10-12T07:24:52.458+0000] {logging_mixin.py:190} INFO - [2024-10-12T07:24:52.457+0000] {dagbag.py:588} INFO - Filling up the DagBag from /home/vboxuser/airflow_venv/lib/python3.12/site-packages/airflow/example_dags/example_nested_branch_dag.py
[2024-10-12T07:24:52.474+0000] {processor.py:925} INFO - DAG(s) 'example_nested_branch_dag' retrieved from /home/vboxuser/airflow_venv/lib/python3.12/site-packages/airflow/example_dags/example_nested_branch_dag.py
[2024-10-12T07:24:52.494+0000] {logging_mixin.py:190} INFO - [2024-10-12T07:24:52.493+0000] {dag.py:3239} INFO - Sync 1 DAGs
[2024-10-12T07:24:52.516+0000] {logging_mixin.py:190} INFO - [2024-10-12T07:24:52.516+0000] {dag.py:4180} INFO - Setting next_dagrun for example_nested_branch_dag to 2024-10-11 00:00:00+00:00, run_after=2024-10-12 00:00:00+00:00
[2024-10-12T07:24:52.551+0000] {processor.py:208} INFO - Processing /home/vboxuser/airflow_venv/lib/python3.12/site-packages/airflow/example_dags/example_nested_branch_dag.py took 0.112 seconds
[2024-10-12T07:25:59.712+0000] {processor.py:186} INFO - Started process (PID=12341) to work on /home/vboxuser/airflow_venv/lib/python3.12/site-packages/airflow/example_dags/example_nested_branch_dag.py
[2024-10-12T07:25:59.714+0000] {processor.py:914} INFO - Processing file /home/vboxuser/airflow_venv/lib/python3.12/site-packages/airflow/example_dags/example_nested_branch_dag.py for tasks to queue
[2024-10-12T07:25:59.717+0000] {logging_mixin.py:190} INFO - [2024-10-12T07:25:59.716+0000] {dagbag.py:588} INFO - Filling up the DagBag from /home/vboxuser/airflow_venv/lib/python3.12/site-packages/airflow/example_dags/example_nested_branch_dag.py
[2024-10-12T07:25:59.732+0000] {processor.py:925} INFO - DAG(s) 'example_nested_branch_dag' retrieved from /home/vboxuser/airflow_venv/lib/python3.12/site-packages/airflow/example_dags/example_nested_branch_dag.py
[2024-10-12T07:25:59.753+0000] {logging_mixin.py:190} INFO - [2024-10-12T07:25:59.752+0000] {dag.py:3239} INFO - Sync 1 DAGs
[2024-10-12T07:25:59.774+0000] {logging_mixin.py:190} INFO - [2024-10-12T07:25:59.774+0000] {dag.py:4180} INFO - Setting next_dagrun for example_nested_branch_dag to 2024-10-11 00:00:00+00:00, run_after=2024-10-12 00:00:00+00:00
[2024-10-12T07:25:59.810+0000] {processor.py:208} INFO - Processing /home/vboxuser/airflow_venv/lib/python3.12/site-packages/airflow/example_dags/example_nested_branch_dag.py took 0.107 seconds
[2024-10-12T07:27:11.621+0000] {processor.py:186} INFO - Started process (PID=12404) to work on /home/vboxuser/airflow_venv/lib/python3.12/site-packages/airflow/example_dags/example_nested_branch_dag.py
[2024-10-12T07:27:11.625+0000] {processor.py:914} INFO - Processing file /home/vboxuser/airflow_venv/lib/python3.12/site-packages/airflow/example_dags/example_nested_branch_dag.py for tasks to queue
[2024-10-12T07:27:11.631+0000] {logging_mixin.py:190} INFO - [2024-10-12T07:27:11.630+0000] {dagbag.py:588} INFO - Filling up the DagBag from /home/vboxuser/airflow_venv/lib/python3.12/site-packages/airflow/example_dags/example_nested_branch_dag.py
[2024-10-12T07:27:11.647+0000] {processor.py:925} INFO - DAG(s) 'example_nested_branch_dag' retrieved from /home/vboxuser/airflow_venv/lib/python3.12/site-packages/airflow/example_dags/example_nested_branch_dag.py
[2024-10-12T07:27:11.669+0000] {logging_mixin.py:190} INFO - [2024-10-12T07:27:11.669+0000] {dag.py:3239} INFO - Sync 1 DAGs
[2024-10-12T07:27:11.701+0000] {logging_mixin.py:190} INFO - [2024-10-12T07:27:11.700+0000] {dag.py:4180} INFO - Setting next_dagrun for example_nested_branch_dag to 2024-10-11 00:00:00+00:00, run_after=2024-10-12 00:00:00+00:00
[2024-10-12T07:27:11.752+0000] {processor.py:208} INFO - Processing /home/vboxuser/airflow_venv/lib/python3.12/site-packages/airflow/example_dags/example_nested_branch_dag.py took 0.137 seconds
[2024-10-12T07:28:26.985+0000] {processor.py:186} INFO - Started process (PID=12467) to work on /home/vboxuser/airflow_venv/lib/python3.12/site-packages/airflow/example_dags/example_nested_branch_dag.py
[2024-10-12T07:28:26.988+0000] {processor.py:914} INFO - Processing file /home/vboxuser/airflow_venv/lib/python3.12/site-packages/airflow/example_dags/example_nested_branch_dag.py for tasks to queue
[2024-10-12T07:28:26.991+0000] {logging_mixin.py:190} INFO - [2024-10-12T07:28:26.990+0000] {dagbag.py:588} INFO - Filling up the DagBag from /home/vboxuser/airflow_venv/lib/python3.12/site-packages/airflow/example_dags/example_nested_branch_dag.py
[2024-10-12T07:28:27.007+0000] {processor.py:925} INFO - DAG(s) 'example_nested_branch_dag' retrieved from /home/vboxuser/airflow_venv/lib/python3.12/site-packages/airflow/example_dags/example_nested_branch_dag.py
[2024-10-12T07:28:27.031+0000] {logging_mixin.py:190} INFO - [2024-10-12T07:28:27.030+0000] {dag.py:3239} INFO - Sync 1 DAGs
[2024-10-12T07:28:27.052+0000] {logging_mixin.py:190} INFO - [2024-10-12T07:28:27.052+0000] {dag.py:4180} INFO - Setting next_dagrun for example_nested_branch_dag to 2024-10-11 00:00:00+00:00, run_after=2024-10-12 00:00:00+00:00
[2024-10-12T07:28:27.096+0000] {processor.py:208} INFO - Processing /home/vboxuser/airflow_venv/lib/python3.12/site-packages/airflow/example_dags/example_nested_branch_dag.py took 0.118 seconds
[2024-10-12T07:29:28.021+0000] {processor.py:186} INFO - Started process (PID=12523) to work on /home/vboxuser/airflow_venv/lib/python3.12/site-packages/airflow/example_dags/example_nested_branch_dag.py
[2024-10-12T07:29:28.024+0000] {processor.py:914} INFO - Processing file /home/vboxuser/airflow_venv/lib/python3.12/site-packages/airflow/example_dags/example_nested_branch_dag.py for tasks to queue
[2024-10-12T07:29:28.026+0000] {logging_mixin.py:190} INFO - [2024-10-12T07:29:28.026+0000] {dagbag.py:588} INFO - Filling up the DagBag from /home/vboxuser/airflow_venv/lib/python3.12/site-packages/airflow/example_dags/example_nested_branch_dag.py
[2024-10-12T07:29:28.040+0000] {processor.py:925} INFO - DAG(s) 'example_nested_branch_dag' retrieved from /home/vboxuser/airflow_venv/lib/python3.12/site-packages/airflow/example_dags/example_nested_branch_dag.py
[2024-10-12T07:29:28.061+0000] {logging_mixin.py:190} INFO - [2024-10-12T07:29:28.060+0000] {dag.py:3239} INFO - Sync 1 DAGs
[2024-10-12T07:29:28.085+0000] {logging_mixin.py:190} INFO - [2024-10-12T07:29:28.085+0000] {dag.py:4180} INFO - Setting next_dagrun for example_nested_branch_dag to 2024-10-11 00:00:00+00:00, run_after=2024-10-12 00:00:00+00:00
[2024-10-12T07:29:28.122+0000] {processor.py:208} INFO - Processing /home/vboxuser/airflow_venv/lib/python3.12/site-packages/airflow/example_dags/example_nested_branch_dag.py took 0.108 seconds
[2024-10-12T07:30:41.146+0000] {processor.py:186} INFO - Started process (PID=12607) to work on /home/vboxuser/airflow_venv/lib/python3.12/site-packages/airflow/example_dags/example_nested_branch_dag.py
[2024-10-12T07:30:41.150+0000] {processor.py:914} INFO - Processing file /home/vboxuser/airflow_venv/lib/python3.12/site-packages/airflow/example_dags/example_nested_branch_dag.py for tasks to queue
[2024-10-12T07:30:41.153+0000] {logging_mixin.py:190} INFO - [2024-10-12T07:30:41.152+0000] {dagbag.py:588} INFO - Filling up the DagBag from /home/vboxuser/airflow_venv/lib/python3.12/site-packages/airflow/example_dags/example_nested_branch_dag.py
[2024-10-12T07:30:41.169+0000] {processor.py:925} INFO - DAG(s) 'example_nested_branch_dag' retrieved from /home/vboxuser/airflow_venv/lib/python3.12/site-packages/airflow/example_dags/example_nested_branch_dag.py
[2024-10-12T07:30:41.193+0000] {logging_mixin.py:190} INFO - [2024-10-12T07:30:41.192+0000] {dag.py:3239} INFO - Sync 1 DAGs
[2024-10-12T07:30:41.220+0000] {logging_mixin.py:190} INFO - [2024-10-12T07:30:41.219+0000] {dag.py:4180} INFO - Setting next_dagrun for example_nested_branch_dag to 2024-10-11 00:00:00+00:00, run_after=2024-10-12 00:00:00+00:00
[2024-10-12T07:30:41.271+0000] {processor.py:208} INFO - Processing /home/vboxuser/airflow_venv/lib/python3.12/site-packages/airflow/example_dags/example_nested_branch_dag.py took 0.133 seconds
[2024-10-12T07:31:49.294+0000] {processor.py:186} INFO - Started process (PID=12677) to work on /home/vboxuser/airflow_venv/lib/python3.12/site-packages/airflow/example_dags/example_nested_branch_dag.py
[2024-10-12T07:31:49.296+0000] {processor.py:914} INFO - Processing file /home/vboxuser/airflow_venv/lib/python3.12/site-packages/airflow/example_dags/example_nested_branch_dag.py for tasks to queue
[2024-10-12T07:31:49.300+0000] {logging_mixin.py:190} INFO - [2024-10-12T07:31:49.300+0000] {dagbag.py:588} INFO - Filling up the DagBag from /home/vboxuser/airflow_venv/lib/python3.12/site-packages/airflow/example_dags/example_nested_branch_dag.py
[2024-10-12T07:31:49.323+0000] {processor.py:925} INFO - DAG(s) 'example_nested_branch_dag' retrieved from /home/vboxuser/airflow_venv/lib/python3.12/site-packages/airflow/example_dags/example_nested_branch_dag.py
[2024-10-12T07:31:49.348+0000] {logging_mixin.py:190} INFO - [2024-10-12T07:31:49.347+0000] {dag.py:3239} INFO - Sync 1 DAGs
[2024-10-12T07:31:49.387+0000] {logging_mixin.py:190} INFO - [2024-10-12T07:31:49.387+0000] {dag.py:4180} INFO - Setting next_dagrun for example_nested_branch_dag to 2024-10-11 00:00:00+00:00, run_after=2024-10-12 00:00:00+00:00
[2024-10-12T07:31:49.437+0000] {processor.py:208} INFO - Processing /home/vboxuser/airflow_venv/lib/python3.12/site-packages/airflow/example_dags/example_nested_branch_dag.py took 0.158 seconds
[2024-10-12T07:32:52.448+0000] {processor.py:186} INFO - Started process (PID=12735) to work on /home/vboxuser/airflow_venv/lib/python3.12/site-packages/airflow/example_dags/example_nested_branch_dag.py
[2024-10-12T07:32:52.451+0000] {processor.py:914} INFO - Processing file /home/vboxuser/airflow_venv/lib/python3.12/site-packages/airflow/example_dags/example_nested_branch_dag.py for tasks to queue
[2024-10-12T07:32:52.455+0000] {logging_mixin.py:190} INFO - [2024-10-12T07:32:52.455+0000] {dagbag.py:588} INFO - Filling up the DagBag from /home/vboxuser/airflow_venv/lib/python3.12/site-packages/airflow/example_dags/example_nested_branch_dag.py
[2024-10-12T07:32:52.473+0000] {processor.py:925} INFO - DAG(s) 'example_nested_branch_dag' retrieved from /home/vboxuser/airflow_venv/lib/python3.12/site-packages/airflow/example_dags/example_nested_branch_dag.py
[2024-10-12T07:32:52.494+0000] {logging_mixin.py:190} INFO - [2024-10-12T07:32:52.494+0000] {dag.py:3239} INFO - Sync 1 DAGs
[2024-10-12T07:32:52.517+0000] {logging_mixin.py:190} INFO - [2024-10-12T07:32:52.517+0000] {dag.py:4180} INFO - Setting next_dagrun for example_nested_branch_dag to 2024-10-11 00:00:00+00:00, run_after=2024-10-12 00:00:00+00:00
[2024-10-12T07:32:52.550+0000] {processor.py:208} INFO - Processing /home/vboxuser/airflow_venv/lib/python3.12/site-packages/airflow/example_dags/example_nested_branch_dag.py took 0.110 seconds
[2024-10-12T07:33:56.707+0000] {processor.py:186} INFO - Started process (PID=12794) to work on /home/vboxuser/airflow_venv/lib/python3.12/site-packages/airflow/example_dags/example_nested_branch_dag.py
[2024-10-12T07:33:56.711+0000] {processor.py:914} INFO - Processing file /home/vboxuser/airflow_venv/lib/python3.12/site-packages/airflow/example_dags/example_nested_branch_dag.py for tasks to queue
[2024-10-12T07:33:56.717+0000] {logging_mixin.py:190} INFO - [2024-10-12T07:33:56.716+0000] {dagbag.py:588} INFO - Filling up the DagBag from /home/vboxuser/airflow_venv/lib/python3.12/site-packages/airflow/example_dags/example_nested_branch_dag.py
[2024-10-12T07:33:56.736+0000] {processor.py:925} INFO - DAG(s) 'example_nested_branch_dag' retrieved from /home/vboxuser/airflow_venv/lib/python3.12/site-packages/airflow/example_dags/example_nested_branch_dag.py
[2024-10-12T07:33:56.758+0000] {logging_mixin.py:190} INFO - [2024-10-12T07:33:56.758+0000] {dag.py:3239} INFO - Sync 1 DAGs
[2024-10-12T07:33:56.780+0000] {logging_mixin.py:190} INFO - [2024-10-12T07:33:56.780+0000] {dag.py:4180} INFO - Setting next_dagrun for example_nested_branch_dag to 2024-10-11 00:00:00+00:00, run_after=2024-10-12 00:00:00+00:00
[2024-10-12T07:33:56.816+0000] {processor.py:208} INFO - Processing /home/vboxuser/airflow_venv/lib/python3.12/site-packages/airflow/example_dags/example_nested_branch_dag.py took 0.120 seconds
[2024-10-12T07:34:57.231+0000] {processor.py:186} INFO - Started process (PID=12862) to work on /home/vboxuser/airflow_venv/lib/python3.12/site-packages/airflow/example_dags/example_nested_branch_dag.py
[2024-10-12T07:34:57.236+0000] {processor.py:914} INFO - Processing file /home/vboxuser/airflow_venv/lib/python3.12/site-packages/airflow/example_dags/example_nested_branch_dag.py for tasks to queue
[2024-10-12T07:34:57.240+0000] {logging_mixin.py:190} INFO - [2024-10-12T07:34:57.239+0000] {dagbag.py:588} INFO - Filling up the DagBag from /home/vboxuser/airflow_venv/lib/python3.12/site-packages/airflow/example_dags/example_nested_branch_dag.py
[2024-10-12T07:34:57.258+0000] {processor.py:925} INFO - DAG(s) 'example_nested_branch_dag' retrieved from /home/vboxuser/airflow_venv/lib/python3.12/site-packages/airflow/example_dags/example_nested_branch_dag.py
[2024-10-12T07:34:57.288+0000] {logging_mixin.py:190} INFO - [2024-10-12T07:34:57.288+0000] {dag.py:3239} INFO - Sync 1 DAGs
[2024-10-12T07:34:57.321+0000] {logging_mixin.py:190} INFO - [2024-10-12T07:34:57.321+0000] {dag.py:4180} INFO - Setting next_dagrun for example_nested_branch_dag to 2024-10-11 00:00:00+00:00, run_after=2024-10-12 00:00:00+00:00
[2024-10-12T07:34:57.367+0000] {processor.py:208} INFO - Processing /home/vboxuser/airflow_venv/lib/python3.12/site-packages/airflow/example_dags/example_nested_branch_dag.py took 0.145 seconds
[2024-10-12T07:47:39.424+0000] {processor.py:186} INFO - Started process (PID=12938) to work on /home/vboxuser/airflow_venv/lib/python3.12/site-packages/airflow/example_dags/example_nested_branch_dag.py
[2024-10-12T07:47:39.426+0000] {processor.py:914} INFO - Processing file /home/vboxuser/airflow_venv/lib/python3.12/site-packages/airflow/example_dags/example_nested_branch_dag.py for tasks to queue
[2024-10-12T07:47:39.429+0000] {logging_mixin.py:190} INFO - [2024-10-12T07:47:39.429+0000] {dagbag.py:588} INFO - Filling up the DagBag from /home/vboxuser/airflow_venv/lib/python3.12/site-packages/airflow/example_dags/example_nested_branch_dag.py
[2024-10-12T07:47:39.447+0000] {processor.py:925} INFO - DAG(s) 'example_nested_branch_dag' retrieved from /home/vboxuser/airflow_venv/lib/python3.12/site-packages/airflow/example_dags/example_nested_branch_dag.py
[2024-10-12T07:47:39.472+0000] {logging_mixin.py:190} INFO - [2024-10-12T07:47:39.472+0000] {dag.py:3239} INFO - Sync 1 DAGs
[2024-10-12T07:47:39.500+0000] {logging_mixin.py:190} INFO - [2024-10-12T07:47:39.499+0000] {dag.py:4180} INFO - Setting next_dagrun for example_nested_branch_dag to 2024-10-11 00:00:00+00:00, run_after=2024-10-12 00:00:00+00:00
[2024-10-12T07:47:39.548+0000] {processor.py:208} INFO - Processing /home/vboxuser/airflow_venv/lib/python3.12/site-packages/airflow/example_dags/example_nested_branch_dag.py took 0.139 seconds
[2024-10-12T07:48:50.143+0000] {processor.py:186} INFO - Started process (PID=12999) to work on /home/vboxuser/airflow_venv/lib/python3.12/site-packages/airflow/example_dags/example_nested_branch_dag.py
[2024-10-12T07:48:50.146+0000] {processor.py:914} INFO - Processing file /home/vboxuser/airflow_venv/lib/python3.12/site-packages/airflow/example_dags/example_nested_branch_dag.py for tasks to queue
[2024-10-12T07:48:50.150+0000] {logging_mixin.py:190} INFO - [2024-10-12T07:48:50.149+0000] {dagbag.py:588} INFO - Filling up the DagBag from /home/vboxuser/airflow_venv/lib/python3.12/site-packages/airflow/example_dags/example_nested_branch_dag.py
[2024-10-12T07:48:50.167+0000] {processor.py:925} INFO - DAG(s) 'example_nested_branch_dag' retrieved from /home/vboxuser/airflow_venv/lib/python3.12/site-packages/airflow/example_dags/example_nested_branch_dag.py
[2024-10-12T07:48:50.193+0000] {logging_mixin.py:190} INFO - [2024-10-12T07:48:50.192+0000] {dag.py:3239} INFO - Sync 1 DAGs
[2024-10-12T07:48:50.225+0000] {logging_mixin.py:190} INFO - [2024-10-12T07:48:50.225+0000] {dag.py:4180} INFO - Setting next_dagrun for example_nested_branch_dag to 2024-10-11 00:00:00+00:00, run_after=2024-10-12 00:00:00+00:00
[2024-10-12T07:48:50.266+0000] {processor.py:208} INFO - Processing /home/vboxuser/airflow_venv/lib/python3.12/site-packages/airflow/example_dags/example_nested_branch_dag.py took 0.131 seconds
[2024-10-12T07:49:57.440+0000] {processor.py:186} INFO - Started process (PID=13058) to work on /home/vboxuser/airflow_venv/lib/python3.12/site-packages/airflow/example_dags/example_nested_branch_dag.py
[2024-10-12T07:49:57.445+0000] {processor.py:914} INFO - Processing file /home/vboxuser/airflow_venv/lib/python3.12/site-packages/airflow/example_dags/example_nested_branch_dag.py for tasks to queue
[2024-10-12T07:49:57.450+0000] {logging_mixin.py:190} INFO - [2024-10-12T07:49:57.449+0000] {dagbag.py:588} INFO - Filling up the DagBag from /home/vboxuser/airflow_venv/lib/python3.12/site-packages/airflow/example_dags/example_nested_branch_dag.py
[2024-10-12T07:49:57.475+0000] {processor.py:925} INFO - DAG(s) 'example_nested_branch_dag' retrieved from /home/vboxuser/airflow_venv/lib/python3.12/site-packages/airflow/example_dags/example_nested_branch_dag.py
[2024-10-12T07:49:57.501+0000] {logging_mixin.py:190} INFO - [2024-10-12T07:49:57.501+0000] {dag.py:3239} INFO - Sync 1 DAGs
[2024-10-12T07:49:57.532+0000] {logging_mixin.py:190} INFO - [2024-10-12T07:49:57.532+0000] {dag.py:4180} INFO - Setting next_dagrun for example_nested_branch_dag to 2024-10-11 00:00:00+00:00, run_after=2024-10-12 00:00:00+00:00
[2024-10-12T07:49:57.577+0000] {processor.py:208} INFO - Processing /home/vboxuser/airflow_venv/lib/python3.12/site-packages/airflow/example_dags/example_nested_branch_dag.py took 0.148 seconds
[2024-10-12T07:51:06.539+0000] {processor.py:186} INFO - Started process (PID=13195) to work on /home/vboxuser/airflow_venv/lib/python3.12/site-packages/airflow/example_dags/example_nested_branch_dag.py
[2024-10-12T07:51:06.542+0000] {processor.py:914} INFO - Processing file /home/vboxuser/airflow_venv/lib/python3.12/site-packages/airflow/example_dags/example_nested_branch_dag.py for tasks to queue
[2024-10-12T07:51:06.546+0000] {logging_mixin.py:190} INFO - [2024-10-12T07:51:06.545+0000] {dagbag.py:588} INFO - Filling up the DagBag from /home/vboxuser/airflow_venv/lib/python3.12/site-packages/airflow/example_dags/example_nested_branch_dag.py
[2024-10-12T07:51:06.564+0000] {processor.py:925} INFO - DAG(s) 'example_nested_branch_dag' retrieved from /home/vboxuser/airflow_venv/lib/python3.12/site-packages/airflow/example_dags/example_nested_branch_dag.py
[2024-10-12T07:51:06.588+0000] {logging_mixin.py:190} INFO - [2024-10-12T07:51:06.588+0000] {dag.py:3239} INFO - Sync 1 DAGs
[2024-10-12T07:51:06.617+0000] {logging_mixin.py:190} INFO - [2024-10-12T07:51:06.616+0000] {dag.py:4180} INFO - Setting next_dagrun for example_nested_branch_dag to 2024-10-11 00:00:00+00:00, run_after=2024-10-12 00:00:00+00:00
[2024-10-12T07:51:06.668+0000] {processor.py:208} INFO - Processing /home/vboxuser/airflow_venv/lib/python3.12/site-packages/airflow/example_dags/example_nested_branch_dag.py took 0.143 seconds
[2024-10-12T07:52:17.986+0000] {processor.py:186} INFO - Started process (PID=13267) to work on /home/vboxuser/airflow_venv/lib/python3.12/site-packages/airflow/example_dags/example_nested_branch_dag.py
[2024-10-12T07:52:17.991+0000] {processor.py:914} INFO - Processing file /home/vboxuser/airflow_venv/lib/python3.12/site-packages/airflow/example_dags/example_nested_branch_dag.py for tasks to queue
[2024-10-12T07:52:17.995+0000] {logging_mixin.py:190} INFO - [2024-10-12T07:52:17.994+0000] {dagbag.py:588} INFO - Filling up the DagBag from /home/vboxuser/airflow_venv/lib/python3.12/site-packages/airflow/example_dags/example_nested_branch_dag.py
[2024-10-12T07:52:18.011+0000] {processor.py:925} INFO - DAG(s) 'example_nested_branch_dag' retrieved from /home/vboxuser/airflow_venv/lib/python3.12/site-packages/airflow/example_dags/example_nested_branch_dag.py
[2024-10-12T07:52:18.034+0000] {logging_mixin.py:190} INFO - [2024-10-12T07:52:18.034+0000] {dag.py:3239} INFO - Sync 1 DAGs
[2024-10-12T07:52:18.063+0000] {logging_mixin.py:190} INFO - [2024-10-12T07:52:18.063+0000] {dag.py:4180} INFO - Setting next_dagrun for example_nested_branch_dag to 2024-10-11 00:00:00+00:00, run_after=2024-10-12 00:00:00+00:00
[2024-10-12T07:52:18.108+0000] {processor.py:208} INFO - Processing /home/vboxuser/airflow_venv/lib/python3.12/site-packages/airflow/example_dags/example_nested_branch_dag.py took 0.130 seconds
[2024-10-12T07:53:25.629+0000] {processor.py:186} INFO - Started process (PID=13343) to work on /home/vboxuser/airflow_venv/lib/python3.12/site-packages/airflow/example_dags/example_nested_branch_dag.py
[2024-10-12T07:53:25.634+0000] {processor.py:914} INFO - Processing file /home/vboxuser/airflow_venv/lib/python3.12/site-packages/airflow/example_dags/example_nested_branch_dag.py for tasks to queue
[2024-10-12T07:53:25.637+0000] {logging_mixin.py:190} INFO - [2024-10-12T07:53:25.636+0000] {dagbag.py:588} INFO - Filling up the DagBag from /home/vboxuser/airflow_venv/lib/python3.12/site-packages/airflow/example_dags/example_nested_branch_dag.py
[2024-10-12T07:53:25.656+0000] {processor.py:925} INFO - DAG(s) 'example_nested_branch_dag' retrieved from /home/vboxuser/airflow_venv/lib/python3.12/site-packages/airflow/example_dags/example_nested_branch_dag.py
[2024-10-12T07:53:25.689+0000] {logging_mixin.py:190} INFO - [2024-10-12T07:53:25.688+0000] {dag.py:3239} INFO - Sync 1 DAGs
[2024-10-12T07:53:25.723+0000] {logging_mixin.py:190} INFO - [2024-10-12T07:53:25.722+0000] {dag.py:4180} INFO - Setting next_dagrun for example_nested_branch_dag to 2024-10-11 00:00:00+00:00, run_after=2024-10-12 00:00:00+00:00
[2024-10-12T07:53:25.769+0000] {processor.py:208} INFO - Processing /home/vboxuser/airflow_venv/lib/python3.12/site-packages/airflow/example_dags/example_nested_branch_dag.py took 0.148 seconds
[2024-10-12T07:54:24.952+0000] {processor.py:186} INFO - Started process (PID=13399) to work on /home/vboxuser/airflow_venv/lib/python3.12/site-packages/airflow/example_dags/example_nested_branch_dag.py
[2024-10-12T07:54:24.957+0000] {processor.py:914} INFO - Processing file /home/vboxuser/airflow_venv/lib/python3.12/site-packages/airflow/example_dags/example_nested_branch_dag.py for tasks to queue
[2024-10-12T07:54:24.960+0000] {logging_mixin.py:190} INFO - [2024-10-12T07:54:24.960+0000] {dagbag.py:588} INFO - Filling up the DagBag from /home/vboxuser/airflow_venv/lib/python3.12/site-packages/airflow/example_dags/example_nested_branch_dag.py
[2024-10-12T07:54:24.978+0000] {processor.py:925} INFO - DAG(s) 'example_nested_branch_dag' retrieved from /home/vboxuser/airflow_venv/lib/python3.12/site-packages/airflow/example_dags/example_nested_branch_dag.py
[2024-10-12T07:54:25.003+0000] {logging_mixin.py:190} INFO - [2024-10-12T07:54:25.003+0000] {dag.py:3239} INFO - Sync 1 DAGs
[2024-10-12T07:54:25.031+0000] {logging_mixin.py:190} INFO - [2024-10-12T07:54:25.031+0000] {dag.py:4180} INFO - Setting next_dagrun for example_nested_branch_dag to 2024-10-11 00:00:00+00:00, run_after=2024-10-12 00:00:00+00:00
[2024-10-12T07:54:25.069+0000] {processor.py:208} INFO - Processing /home/vboxuser/airflow_venv/lib/python3.12/site-packages/airflow/example_dags/example_nested_branch_dag.py took 0.126 seconds
[2024-10-12T07:55:27.719+0000] {processor.py:186} INFO - Started process (PID=13461) to work on /home/vboxuser/airflow_venv/lib/python3.12/site-packages/airflow/example_dags/example_nested_branch_dag.py
[2024-10-12T07:55:27.724+0000] {processor.py:914} INFO - Processing file /home/vboxuser/airflow_venv/lib/python3.12/site-packages/airflow/example_dags/example_nested_branch_dag.py for tasks to queue
[2024-10-12T07:55:27.730+0000] {logging_mixin.py:190} INFO - [2024-10-12T07:55:27.729+0000] {dagbag.py:588} INFO - Filling up the DagBag from /home/vboxuser/airflow_venv/lib/python3.12/site-packages/airflow/example_dags/example_nested_branch_dag.py
[2024-10-12T07:55:27.756+0000] {processor.py:925} INFO - DAG(s) 'example_nested_branch_dag' retrieved from /home/vboxuser/airflow_venv/lib/python3.12/site-packages/airflow/example_dags/example_nested_branch_dag.py
[2024-10-12T07:55:27.789+0000] {logging_mixin.py:190} INFO - [2024-10-12T07:55:27.788+0000] {dag.py:3239} INFO - Sync 1 DAGs
[2024-10-12T07:55:27.821+0000] {logging_mixin.py:190} INFO - [2024-10-12T07:55:27.821+0000] {dag.py:4180} INFO - Setting next_dagrun for example_nested_branch_dag to 2024-10-11 00:00:00+00:00, run_after=2024-10-12 00:00:00+00:00
[2024-10-12T07:55:27.862+0000] {processor.py:208} INFO - Processing /home/vboxuser/airflow_venv/lib/python3.12/site-packages/airflow/example_dags/example_nested_branch_dag.py took 0.153 seconds
[2024-10-12T07:56:36.137+0000] {processor.py:186} INFO - Started process (PID=13524) to work on /home/vboxuser/airflow_venv/lib/python3.12/site-packages/airflow/example_dags/example_nested_branch_dag.py
[2024-10-12T07:56:36.141+0000] {processor.py:914} INFO - Processing file /home/vboxuser/airflow_venv/lib/python3.12/site-packages/airflow/example_dags/example_nested_branch_dag.py for tasks to queue
[2024-10-12T07:56:36.144+0000] {logging_mixin.py:190} INFO - [2024-10-12T07:56:36.143+0000] {dagbag.py:588} INFO - Filling up the DagBag from /home/vboxuser/airflow_venv/lib/python3.12/site-packages/airflow/example_dags/example_nested_branch_dag.py
[2024-10-12T07:56:36.160+0000] {processor.py:925} INFO - DAG(s) 'example_nested_branch_dag' retrieved from /home/vboxuser/airflow_venv/lib/python3.12/site-packages/airflow/example_dags/example_nested_branch_dag.py
[2024-10-12T07:56:36.185+0000] {logging_mixin.py:190} INFO - [2024-10-12T07:56:36.184+0000] {dag.py:3239} INFO - Sync 1 DAGs
[2024-10-12T07:56:36.223+0000] {logging_mixin.py:190} INFO - [2024-10-12T07:56:36.223+0000] {dag.py:4180} INFO - Setting next_dagrun for example_nested_branch_dag to 2024-10-11 00:00:00+00:00, run_after=2024-10-12 00:00:00+00:00
[2024-10-12T07:56:36.262+0000] {processor.py:208} INFO - Processing /home/vboxuser/airflow_venv/lib/python3.12/site-packages/airflow/example_dags/example_nested_branch_dag.py took 0.133 seconds
[2024-10-12T07:57:43.949+0000] {processor.py:186} INFO - Started process (PID=13599) to work on /home/vboxuser/airflow_venv/lib/python3.12/site-packages/airflow/example_dags/example_nested_branch_dag.py
[2024-10-12T07:57:43.951+0000] {processor.py:914} INFO - Processing file /home/vboxuser/airflow_venv/lib/python3.12/site-packages/airflow/example_dags/example_nested_branch_dag.py for tasks to queue
[2024-10-12T07:57:43.954+0000] {logging_mixin.py:190} INFO - [2024-10-12T07:57:43.953+0000] {dagbag.py:588} INFO - Filling up the DagBag from /home/vboxuser/airflow_venv/lib/python3.12/site-packages/airflow/example_dags/example_nested_branch_dag.py
[2024-10-12T07:57:43.971+0000] {processor.py:925} INFO - DAG(s) 'example_nested_branch_dag' retrieved from /home/vboxuser/airflow_venv/lib/python3.12/site-packages/airflow/example_dags/example_nested_branch_dag.py
[2024-10-12T07:57:43.994+0000] {logging_mixin.py:190} INFO - [2024-10-12T07:57:43.993+0000] {dag.py:3239} INFO - Sync 1 DAGs
[2024-10-12T07:57:44.017+0000] {logging_mixin.py:190} INFO - [2024-10-12T07:57:44.016+0000] {dag.py:4180} INFO - Setting next_dagrun for example_nested_branch_dag to 2024-10-11 00:00:00+00:00, run_after=2024-10-12 00:00:00+00:00
[2024-10-12T07:57:44.046+0000] {processor.py:208} INFO - Processing /home/vboxuser/airflow_venv/lib/python3.12/site-packages/airflow/example_dags/example_nested_branch_dag.py took 0.104 seconds
[2024-10-12T07:58:45.684+0000] {processor.py:186} INFO - Started process (PID=13658) to work on /home/vboxuser/airflow_venv/lib/python3.12/site-packages/airflow/example_dags/example_nested_branch_dag.py
[2024-10-12T07:58:45.690+0000] {processor.py:914} INFO - Processing file /home/vboxuser/airflow_venv/lib/python3.12/site-packages/airflow/example_dags/example_nested_branch_dag.py for tasks to queue
[2024-10-12T07:58:45.695+0000] {logging_mixin.py:190} INFO - [2024-10-12T07:58:45.694+0000] {dagbag.py:588} INFO - Filling up the DagBag from /home/vboxuser/airflow_venv/lib/python3.12/site-packages/airflow/example_dags/example_nested_branch_dag.py
[2024-10-12T07:58:45.710+0000] {processor.py:925} INFO - DAG(s) 'example_nested_branch_dag' retrieved from /home/vboxuser/airflow_venv/lib/python3.12/site-packages/airflow/example_dags/example_nested_branch_dag.py
[2024-10-12T07:58:45.730+0000] {logging_mixin.py:190} INFO - [2024-10-12T07:58:45.730+0000] {dag.py:3239} INFO - Sync 1 DAGs
[2024-10-12T07:58:45.751+0000] {logging_mixin.py:190} INFO - [2024-10-12T07:58:45.751+0000] {dag.py:4180} INFO - Setting next_dagrun for example_nested_branch_dag to 2024-10-11 00:00:00+00:00, run_after=2024-10-12 00:00:00+00:00
[2024-10-12T07:58:45.779+0000] {processor.py:208} INFO - Processing /home/vboxuser/airflow_venv/lib/python3.12/site-packages/airflow/example_dags/example_nested_branch_dag.py took 0.106 seconds
[2024-10-12T07:59:46.560+0000] {processor.py:186} INFO - Started process (PID=13715) to work on /home/vboxuser/airflow_venv/lib/python3.12/site-packages/airflow/example_dags/example_nested_branch_dag.py
[2024-10-12T07:59:46.566+0000] {processor.py:914} INFO - Processing file /home/vboxuser/airflow_venv/lib/python3.12/site-packages/airflow/example_dags/example_nested_branch_dag.py for tasks to queue
[2024-10-12T07:59:46.573+0000] {logging_mixin.py:190} INFO - [2024-10-12T07:59:46.572+0000] {dagbag.py:588} INFO - Filling up the DagBag from /home/vboxuser/airflow_venv/lib/python3.12/site-packages/airflow/example_dags/example_nested_branch_dag.py
[2024-10-12T07:59:46.600+0000] {processor.py:925} INFO - DAG(s) 'example_nested_branch_dag' retrieved from /home/vboxuser/airflow_venv/lib/python3.12/site-packages/airflow/example_dags/example_nested_branch_dag.py
[2024-10-12T07:59:46.630+0000] {logging_mixin.py:190} INFO - [2024-10-12T07:59:46.630+0000] {dag.py:3239} INFO - Sync 1 DAGs
[2024-10-12T07:59:46.663+0000] {logging_mixin.py:190} INFO - [2024-10-12T07:59:46.662+0000] {dag.py:4180} INFO - Setting next_dagrun for example_nested_branch_dag to 2024-10-11 00:00:00+00:00, run_after=2024-10-12 00:00:00+00:00
[2024-10-12T07:59:46.708+0000] {processor.py:208} INFO - Processing /home/vboxuser/airflow_venv/lib/python3.12/site-packages/airflow/example_dags/example_nested_branch_dag.py took 0.160 seconds
[2024-10-12T08:00:49.812+0000] {processor.py:186} INFO - Started process (PID=13777) to work on /home/vboxuser/airflow_venv/lib/python3.12/site-packages/airflow/example_dags/example_nested_branch_dag.py
[2024-10-12T08:00:49.815+0000] {processor.py:914} INFO - Processing file /home/vboxuser/airflow_venv/lib/python3.12/site-packages/airflow/example_dags/example_nested_branch_dag.py for tasks to queue
[2024-10-12T08:00:49.820+0000] {logging_mixin.py:190} INFO - [2024-10-12T08:00:49.819+0000] {dagbag.py:588} INFO - Filling up the DagBag from /home/vboxuser/airflow_venv/lib/python3.12/site-packages/airflow/example_dags/example_nested_branch_dag.py
[2024-10-12T08:00:49.842+0000] {processor.py:925} INFO - DAG(s) 'example_nested_branch_dag' retrieved from /home/vboxuser/airflow_venv/lib/python3.12/site-packages/airflow/example_dags/example_nested_branch_dag.py
[2024-10-12T08:00:49.868+0000] {logging_mixin.py:190} INFO - [2024-10-12T08:00:49.867+0000] {dag.py:3239} INFO - Sync 1 DAGs
[2024-10-12T08:00:49.898+0000] {logging_mixin.py:190} INFO - [2024-10-12T08:00:49.898+0000] {dag.py:4180} INFO - Setting next_dagrun for example_nested_branch_dag to 2024-10-11 00:00:00+00:00, run_after=2024-10-12 00:00:00+00:00
[2024-10-12T08:00:49.938+0000] {processor.py:208} INFO - Processing /home/vboxuser/airflow_venv/lib/python3.12/site-packages/airflow/example_dags/example_nested_branch_dag.py took 0.139 seconds
[2024-10-12T08:01:59.630+0000] {processor.py:186} INFO - Started process (PID=13838) to work on /home/vboxuser/airflow_venv/lib/python3.12/site-packages/airflow/example_dags/example_nested_branch_dag.py
[2024-10-12T08:01:59.635+0000] {processor.py:914} INFO - Processing file /home/vboxuser/airflow_venv/lib/python3.12/site-packages/airflow/example_dags/example_nested_branch_dag.py for tasks to queue
[2024-10-12T08:01:59.640+0000] {logging_mixin.py:190} INFO - [2024-10-12T08:01:59.639+0000] {dagbag.py:588} INFO - Filling up the DagBag from /home/vboxuser/airflow_venv/lib/python3.12/site-packages/airflow/example_dags/example_nested_branch_dag.py
[2024-10-12T08:01:59.661+0000] {processor.py:925} INFO - DAG(s) 'example_nested_branch_dag' retrieved from /home/vboxuser/airflow_venv/lib/python3.12/site-packages/airflow/example_dags/example_nested_branch_dag.py
[2024-10-12T08:01:59.685+0000] {logging_mixin.py:190} INFO - [2024-10-12T08:01:59.684+0000] {dag.py:3239} INFO - Sync 1 DAGs
[2024-10-12T08:01:59.710+0000] {logging_mixin.py:190} INFO - [2024-10-12T08:01:59.710+0000] {dag.py:4180} INFO - Setting next_dagrun for example_nested_branch_dag to 2024-10-11 00:00:00+00:00, run_after=2024-10-12 00:00:00+00:00
[2024-10-12T08:01:59.746+0000] {processor.py:208} INFO - Processing /home/vboxuser/airflow_venv/lib/python3.12/site-packages/airflow/example_dags/example_nested_branch_dag.py took 0.125 seconds
[2024-10-12T08:03:02.246+0000] {processor.py:186} INFO - Started process (PID=13897) to work on /home/vboxuser/airflow_venv/lib/python3.12/site-packages/airflow/example_dags/example_nested_branch_dag.py
[2024-10-12T08:03:02.250+0000] {processor.py:914} INFO - Processing file /home/vboxuser/airflow_venv/lib/python3.12/site-packages/airflow/example_dags/example_nested_branch_dag.py for tasks to queue
[2024-10-12T08:03:02.253+0000] {logging_mixin.py:190} INFO - [2024-10-12T08:03:02.252+0000] {dagbag.py:588} INFO - Filling up the DagBag from /home/vboxuser/airflow_venv/lib/python3.12/site-packages/airflow/example_dags/example_nested_branch_dag.py
[2024-10-12T08:03:02.273+0000] {processor.py:925} INFO - DAG(s) 'example_nested_branch_dag' retrieved from /home/vboxuser/airflow_venv/lib/python3.12/site-packages/airflow/example_dags/example_nested_branch_dag.py
[2024-10-12T08:03:02.303+0000] {logging_mixin.py:190} INFO - [2024-10-12T08:03:02.302+0000] {dag.py:3239} INFO - Sync 1 DAGs
[2024-10-12T08:03:02.341+0000] {logging_mixin.py:190} INFO - [2024-10-12T08:03:02.340+0000] {dag.py:4180} INFO - Setting next_dagrun for example_nested_branch_dag to 2024-10-11 00:00:00+00:00, run_after=2024-10-12 00:00:00+00:00
[2024-10-12T08:03:02.391+0000] {processor.py:208} INFO - Processing /home/vboxuser/airflow_venv/lib/python3.12/site-packages/airflow/example_dags/example_nested_branch_dag.py took 0.161 seconds
[2024-10-12T08:04:10.109+0000] {processor.py:186} INFO - Started process (PID=13966) to work on /home/vboxuser/airflow_venv/lib/python3.12/site-packages/airflow/example_dags/example_nested_branch_dag.py
[2024-10-12T08:04:10.112+0000] {processor.py:914} INFO - Processing file /home/vboxuser/airflow_venv/lib/python3.12/site-packages/airflow/example_dags/example_nested_branch_dag.py for tasks to queue
[2024-10-12T08:04:10.117+0000] {logging_mixin.py:190} INFO - [2024-10-12T08:04:10.116+0000] {dagbag.py:588} INFO - Filling up the DagBag from /home/vboxuser/airflow_venv/lib/python3.12/site-packages/airflow/example_dags/example_nested_branch_dag.py
[2024-10-12T08:04:10.138+0000] {processor.py:925} INFO - DAG(s) 'example_nested_branch_dag' retrieved from /home/vboxuser/airflow_venv/lib/python3.12/site-packages/airflow/example_dags/example_nested_branch_dag.py
[2024-10-12T08:04:10.164+0000] {logging_mixin.py:190} INFO - [2024-10-12T08:04:10.164+0000] {dag.py:3239} INFO - Sync 1 DAGs
[2024-10-12T08:04:10.190+0000] {logging_mixin.py:190} INFO - [2024-10-12T08:04:10.189+0000] {dag.py:4180} INFO - Setting next_dagrun for example_nested_branch_dag to 2024-10-11 00:00:00+00:00, run_after=2024-10-12 00:00:00+00:00
[2024-10-12T08:04:10.235+0000] {processor.py:208} INFO - Processing /home/vboxuser/airflow_venv/lib/python3.12/site-packages/airflow/example_dags/example_nested_branch_dag.py took 0.137 seconds
[2024-10-12T08:05:19.403+0000] {processor.py:186} INFO - Started process (PID=14031) to work on /home/vboxuser/airflow_venv/lib/python3.12/site-packages/airflow/example_dags/example_nested_branch_dag.py
[2024-10-12T08:05:19.409+0000] {processor.py:914} INFO - Processing file /home/vboxuser/airflow_venv/lib/python3.12/site-packages/airflow/example_dags/example_nested_branch_dag.py for tasks to queue
[2024-10-12T08:05:19.413+0000] {logging_mixin.py:190} INFO - [2024-10-12T08:05:19.412+0000] {dagbag.py:588} INFO - Filling up the DagBag from /home/vboxuser/airflow_venv/lib/python3.12/site-packages/airflow/example_dags/example_nested_branch_dag.py
[2024-10-12T08:05:19.434+0000] {processor.py:925} INFO - DAG(s) 'example_nested_branch_dag' retrieved from /home/vboxuser/airflow_venv/lib/python3.12/site-packages/airflow/example_dags/example_nested_branch_dag.py
[2024-10-12T08:05:19.459+0000] {logging_mixin.py:190} INFO - [2024-10-12T08:05:19.458+0000] {dag.py:3239} INFO - Sync 1 DAGs
[2024-10-12T08:05:19.490+0000] {logging_mixin.py:190} INFO - [2024-10-12T08:05:19.489+0000] {dag.py:4180} INFO - Setting next_dagrun for example_nested_branch_dag to 2024-10-11 00:00:00+00:00, run_after=2024-10-12 00:00:00+00:00
[2024-10-12T08:05:19.532+0000] {processor.py:208} INFO - Processing /home/vboxuser/airflow_venv/lib/python3.12/site-packages/airflow/example_dags/example_nested_branch_dag.py took 0.141 seconds
[2024-10-12T08:06:32.780+0000] {processor.py:186} INFO - Started process (PID=14102) to work on /home/vboxuser/airflow_venv/lib/python3.12/site-packages/airflow/example_dags/example_nested_branch_dag.py
[2024-10-12T08:06:32.788+0000] {processor.py:914} INFO - Processing file /home/vboxuser/airflow_venv/lib/python3.12/site-packages/airflow/example_dags/example_nested_branch_dag.py for tasks to queue
[2024-10-12T08:06:32.793+0000] {logging_mixin.py:190} INFO - [2024-10-12T08:06:32.792+0000] {dagbag.py:588} INFO - Filling up the DagBag from /home/vboxuser/airflow_venv/lib/python3.12/site-packages/airflow/example_dags/example_nested_branch_dag.py
[2024-10-12T08:06:32.823+0000] {processor.py:925} INFO - DAG(s) 'example_nested_branch_dag' retrieved from /home/vboxuser/airflow_venv/lib/python3.12/site-packages/airflow/example_dags/example_nested_branch_dag.py
[2024-10-12T08:06:32.859+0000] {logging_mixin.py:190} INFO - [2024-10-12T08:06:32.858+0000] {dag.py:3239} INFO - Sync 1 DAGs
[2024-10-12T08:06:32.902+0000] {logging_mixin.py:190} INFO - [2024-10-12T08:06:32.901+0000] {dag.py:4180} INFO - Setting next_dagrun for example_nested_branch_dag to 2024-10-11 00:00:00+00:00, run_after=2024-10-12 00:00:00+00:00
[2024-10-12T08:06:32.963+0000] {processor.py:208} INFO - Processing /home/vboxuser/airflow_venv/lib/python3.12/site-packages/airflow/example_dags/example_nested_branch_dag.py took 0.197 seconds
[2024-10-12T08:07:48.971+0000] {processor.py:186} INFO - Started process (PID=14171) to work on /home/vboxuser/airflow_venv/lib/python3.12/site-packages/airflow/example_dags/example_nested_branch_dag.py
[2024-10-12T08:07:48.975+0000] {processor.py:914} INFO - Processing file /home/vboxuser/airflow_venv/lib/python3.12/site-packages/airflow/example_dags/example_nested_branch_dag.py for tasks to queue
[2024-10-12T08:07:48.983+0000] {logging_mixin.py:190} INFO - [2024-10-12T08:07:48.981+0000] {dagbag.py:588} INFO - Filling up the DagBag from /home/vboxuser/airflow_venv/lib/python3.12/site-packages/airflow/example_dags/example_nested_branch_dag.py
[2024-10-12T08:07:49.007+0000] {processor.py:925} INFO - DAG(s) 'example_nested_branch_dag' retrieved from /home/vboxuser/airflow_venv/lib/python3.12/site-packages/airflow/example_dags/example_nested_branch_dag.py
[2024-10-12T08:07:49.032+0000] {logging_mixin.py:190} INFO - [2024-10-12T08:07:49.031+0000] {dag.py:3239} INFO - Sync 1 DAGs
[2024-10-12T08:07:49.064+0000] {logging_mixin.py:190} INFO - [2024-10-12T08:07:49.064+0000] {dag.py:4180} INFO - Setting next_dagrun for example_nested_branch_dag to 2024-10-11 00:00:00+00:00, run_after=2024-10-12 00:00:00+00:00
[2024-10-12T08:07:49.105+0000] {processor.py:208} INFO - Processing /home/vboxuser/airflow_venv/lib/python3.12/site-packages/airflow/example_dags/example_nested_branch_dag.py took 0.153 seconds
[2024-10-12T08:09:02.562+0000] {processor.py:186} INFO - Started process (PID=14236) to work on /home/vboxuser/airflow_venv/lib/python3.12/site-packages/airflow/example_dags/example_nested_branch_dag.py
[2024-10-12T08:09:02.565+0000] {processor.py:914} INFO - Processing file /home/vboxuser/airflow_venv/lib/python3.12/site-packages/airflow/example_dags/example_nested_branch_dag.py for tasks to queue
[2024-10-12T08:09:02.570+0000] {logging_mixin.py:190} INFO - [2024-10-12T08:09:02.569+0000] {dagbag.py:588} INFO - Filling up the DagBag from /home/vboxuser/airflow_venv/lib/python3.12/site-packages/airflow/example_dags/example_nested_branch_dag.py
[2024-10-12T08:09:02.601+0000] {processor.py:925} INFO - DAG(s) 'example_nested_branch_dag' retrieved from /home/vboxuser/airflow_venv/lib/python3.12/site-packages/airflow/example_dags/example_nested_branch_dag.py
[2024-10-12T08:09:02.644+0000] {logging_mixin.py:190} INFO - [2024-10-12T08:09:02.644+0000] {dag.py:3239} INFO - Sync 1 DAGs
[2024-10-12T08:09:02.688+0000] {logging_mixin.py:190} INFO - [2024-10-12T08:09:02.687+0000] {dag.py:4180} INFO - Setting next_dagrun for example_nested_branch_dag to 2024-10-11 00:00:00+00:00, run_after=2024-10-12 00:00:00+00:00
[2024-10-12T08:09:02.743+0000] {processor.py:208} INFO - Processing /home/vboxuser/airflow_venv/lib/python3.12/site-packages/airflow/example_dags/example_nested_branch_dag.py took 0.197 seconds
[2024-10-12T08:10:21.244+0000] {processor.py:186} INFO - Started process (PID=14302) to work on /home/vboxuser/airflow_venv/lib/python3.12/site-packages/airflow/example_dags/example_nested_branch_dag.py
[2024-10-12T08:10:21.248+0000] {processor.py:914} INFO - Processing file /home/vboxuser/airflow_venv/lib/python3.12/site-packages/airflow/example_dags/example_nested_branch_dag.py for tasks to queue
[2024-10-12T08:10:21.251+0000] {logging_mixin.py:190} INFO - [2024-10-12T08:10:21.251+0000] {dagbag.py:588} INFO - Filling up the DagBag from /home/vboxuser/airflow_venv/lib/python3.12/site-packages/airflow/example_dags/example_nested_branch_dag.py
[2024-10-12T08:10:21.270+0000] {processor.py:925} INFO - DAG(s) 'example_nested_branch_dag' retrieved from /home/vboxuser/airflow_venv/lib/python3.12/site-packages/airflow/example_dags/example_nested_branch_dag.py
[2024-10-12T08:10:21.304+0000] {logging_mixin.py:190} INFO - [2024-10-12T08:10:21.303+0000] {dag.py:3239} INFO - Sync 1 DAGs
[2024-10-12T08:10:21.347+0000] {logging_mixin.py:190} INFO - [2024-10-12T08:10:21.347+0000] {dag.py:4180} INFO - Setting next_dagrun for example_nested_branch_dag to 2024-10-11 00:00:00+00:00, run_after=2024-10-12 00:00:00+00:00
[2024-10-12T08:10:21.414+0000] {processor.py:208} INFO - Processing /home/vboxuser/airflow_venv/lib/python3.12/site-packages/airflow/example_dags/example_nested_branch_dag.py took 0.183 seconds
[2024-10-12T08:11:31.252+0000] {processor.py:186} INFO - Started process (PID=14365) to work on /home/vboxuser/airflow_venv/lib/python3.12/site-packages/airflow/example_dags/example_nested_branch_dag.py
[2024-10-12T08:11:31.255+0000] {processor.py:914} INFO - Processing file /home/vboxuser/airflow_venv/lib/python3.12/site-packages/airflow/example_dags/example_nested_branch_dag.py for tasks to queue
[2024-10-12T08:11:31.260+0000] {logging_mixin.py:190} INFO - [2024-10-12T08:11:31.259+0000] {dagbag.py:588} INFO - Filling up the DagBag from /home/vboxuser/airflow_venv/lib/python3.12/site-packages/airflow/example_dags/example_nested_branch_dag.py
[2024-10-12T08:11:31.284+0000] {processor.py:925} INFO - DAG(s) 'example_nested_branch_dag' retrieved from /home/vboxuser/airflow_venv/lib/python3.12/site-packages/airflow/example_dags/example_nested_branch_dag.py
[2024-10-12T08:11:31.316+0000] {logging_mixin.py:190} INFO - [2024-10-12T08:11:31.315+0000] {dag.py:3239} INFO - Sync 1 DAGs
[2024-10-12T08:11:31.354+0000] {logging_mixin.py:190} INFO - [2024-10-12T08:11:31.354+0000] {dag.py:4180} INFO - Setting next_dagrun for example_nested_branch_dag to 2024-10-11 00:00:00+00:00, run_after=2024-10-12 00:00:00+00:00
[2024-10-12T08:11:31.419+0000] {processor.py:208} INFO - Processing /home/vboxuser/airflow_venv/lib/python3.12/site-packages/airflow/example_dags/example_nested_branch_dag.py took 0.184 seconds
[2024-10-12T08:12:36.133+0000] {processor.py:186} INFO - Started process (PID=14424) to work on /home/vboxuser/airflow_venv/lib/python3.12/site-packages/airflow/example_dags/example_nested_branch_dag.py
[2024-10-12T08:12:36.140+0000] {processor.py:914} INFO - Processing file /home/vboxuser/airflow_venv/lib/python3.12/site-packages/airflow/example_dags/example_nested_branch_dag.py for tasks to queue
[2024-10-12T08:12:36.146+0000] {logging_mixin.py:190} INFO - [2024-10-12T08:12:36.145+0000] {dagbag.py:588} INFO - Filling up the DagBag from /home/vboxuser/airflow_venv/lib/python3.12/site-packages/airflow/example_dags/example_nested_branch_dag.py
[2024-10-12T08:12:36.173+0000] {processor.py:925} INFO - DAG(s) 'example_nested_branch_dag' retrieved from /home/vboxuser/airflow_venv/lib/python3.12/site-packages/airflow/example_dags/example_nested_branch_dag.py
[2024-10-12T08:12:36.211+0000] {logging_mixin.py:190} INFO - [2024-10-12T08:12:36.210+0000] {dag.py:3239} INFO - Sync 1 DAGs
[2024-10-12T08:12:36.245+0000] {logging_mixin.py:190} INFO - [2024-10-12T08:12:36.245+0000] {dag.py:4180} INFO - Setting next_dagrun for example_nested_branch_dag to 2024-10-11 00:00:00+00:00, run_after=2024-10-12 00:00:00+00:00
[2024-10-12T08:12:36.310+0000] {processor.py:208} INFO - Processing /home/vboxuser/airflow_venv/lib/python3.12/site-packages/airflow/example_dags/example_nested_branch_dag.py took 0.193 seconds
[2024-10-12T08:13:47.680+0000] {processor.py:186} INFO - Started process (PID=14487) to work on /home/vboxuser/airflow_venv/lib/python3.12/site-packages/airflow/example_dags/example_nested_branch_dag.py
[2024-10-12T08:13:47.687+0000] {processor.py:914} INFO - Processing file /home/vboxuser/airflow_venv/lib/python3.12/site-packages/airflow/example_dags/example_nested_branch_dag.py for tasks to queue
[2024-10-12T08:13:47.691+0000] {logging_mixin.py:190} INFO - [2024-10-12T08:13:47.690+0000] {dagbag.py:588} INFO - Filling up the DagBag from /home/vboxuser/airflow_venv/lib/python3.12/site-packages/airflow/example_dags/example_nested_branch_dag.py
[2024-10-12T08:13:47.719+0000] {processor.py:925} INFO - DAG(s) 'example_nested_branch_dag' retrieved from /home/vboxuser/airflow_venv/lib/python3.12/site-packages/airflow/example_dags/example_nested_branch_dag.py
[2024-10-12T08:13:47.745+0000] {logging_mixin.py:190} INFO - [2024-10-12T08:13:47.744+0000] {dag.py:3239} INFO - Sync 1 DAGs
[2024-10-12T08:13:47.790+0000] {logging_mixin.py:190} INFO - [2024-10-12T08:13:47.790+0000] {dag.py:4180} INFO - Setting next_dagrun for example_nested_branch_dag to 2024-10-11 00:00:00+00:00, run_after=2024-10-12 00:00:00+00:00
[2024-10-12T08:13:47.852+0000] {processor.py:208} INFO - Processing /home/vboxuser/airflow_venv/lib/python3.12/site-packages/airflow/example_dags/example_nested_branch_dag.py took 0.186 seconds
[2024-10-12T08:15:03.897+0000] {processor.py:186} INFO - Started process (PID=14553) to work on /home/vboxuser/airflow_venv/lib/python3.12/site-packages/airflow/example_dags/example_nested_branch_dag.py
[2024-10-12T08:15:03.904+0000] {processor.py:914} INFO - Processing file /home/vboxuser/airflow_venv/lib/python3.12/site-packages/airflow/example_dags/example_nested_branch_dag.py for tasks to queue
[2024-10-12T08:15:03.909+0000] {logging_mixin.py:190} INFO - [2024-10-12T08:15:03.908+0000] {dagbag.py:588} INFO - Filling up the DagBag from /home/vboxuser/airflow_venv/lib/python3.12/site-packages/airflow/example_dags/example_nested_branch_dag.py
[2024-10-12T08:15:03.944+0000] {processor.py:925} INFO - DAG(s) 'example_nested_branch_dag' retrieved from /home/vboxuser/airflow_venv/lib/python3.12/site-packages/airflow/example_dags/example_nested_branch_dag.py
[2024-10-12T08:15:03.988+0000] {logging_mixin.py:190} INFO - [2024-10-12T08:15:03.988+0000] {dag.py:3239} INFO - Sync 1 DAGs
[2024-10-12T08:15:04.039+0000] {logging_mixin.py:190} INFO - [2024-10-12T08:15:04.038+0000] {dag.py:4180} INFO - Setting next_dagrun for example_nested_branch_dag to 2024-10-11 00:00:00+00:00, run_after=2024-10-12 00:00:00+00:00
[2024-10-12T08:15:04.102+0000] {processor.py:208} INFO - Processing /home/vboxuser/airflow_venv/lib/python3.12/site-packages/airflow/example_dags/example_nested_branch_dag.py took 0.220 seconds
[2024-10-12T08:16:17.677+0000] {processor.py:186} INFO - Started process (PID=14615) to work on /home/vboxuser/airflow_venv/lib/python3.12/site-packages/airflow/example_dags/example_nested_branch_dag.py
[2024-10-12T08:16:17.690+0000] {processor.py:914} INFO - Processing file /home/vboxuser/airflow_venv/lib/python3.12/site-packages/airflow/example_dags/example_nested_branch_dag.py for tasks to queue
[2024-10-12T08:16:17.696+0000] {logging_mixin.py:190} INFO - [2024-10-12T08:16:17.695+0000] {dagbag.py:588} INFO - Filling up the DagBag from /home/vboxuser/airflow_venv/lib/python3.12/site-packages/airflow/example_dags/example_nested_branch_dag.py
[2024-10-12T08:16:17.720+0000] {processor.py:925} INFO - DAG(s) 'example_nested_branch_dag' retrieved from /home/vboxuser/airflow_venv/lib/python3.12/site-packages/airflow/example_dags/example_nested_branch_dag.py
[2024-10-12T08:16:17.748+0000] {logging_mixin.py:190} INFO - [2024-10-12T08:16:17.748+0000] {dag.py:3239} INFO - Sync 1 DAGs
[2024-10-12T08:16:17.786+0000] {logging_mixin.py:190} INFO - [2024-10-12T08:16:17.785+0000] {dag.py:4180} INFO - Setting next_dagrun for example_nested_branch_dag to 2024-10-11 00:00:00+00:00, run_after=2024-10-12 00:00:00+00:00
[2024-10-12T08:16:17.836+0000] {processor.py:208} INFO - Processing /home/vboxuser/airflow_venv/lib/python3.12/site-packages/airflow/example_dags/example_nested_branch_dag.py took 0.172 seconds
[2024-10-12T08:23:04.768+0000] {processor.py:186} INFO - Started process (PID=14694) to work on /home/vboxuser/airflow_venv/lib/python3.12/site-packages/airflow/example_dags/example_nested_branch_dag.py
[2024-10-12T08:23:04.771+0000] {processor.py:914} INFO - Processing file /home/vboxuser/airflow_venv/lib/python3.12/site-packages/airflow/example_dags/example_nested_branch_dag.py for tasks to queue
[2024-10-12T08:23:04.774+0000] {logging_mixin.py:190} INFO - [2024-10-12T08:23:04.773+0000] {dagbag.py:588} INFO - Filling up the DagBag from /home/vboxuser/airflow_venv/lib/python3.12/site-packages/airflow/example_dags/example_nested_branch_dag.py
[2024-10-12T08:23:04.785+0000] {processor.py:925} INFO - DAG(s) 'example_nested_branch_dag' retrieved from /home/vboxuser/airflow_venv/lib/python3.12/site-packages/airflow/example_dags/example_nested_branch_dag.py
[2024-10-12T08:23:04.798+0000] {logging_mixin.py:190} INFO - [2024-10-12T08:23:04.798+0000] {dag.py:3239} INFO - Sync 1 DAGs
[2024-10-12T08:23:04.813+0000] {logging_mixin.py:190} INFO - [2024-10-12T08:23:04.813+0000] {dag.py:4180} INFO - Setting next_dagrun for example_nested_branch_dag to 2024-10-11 00:00:00+00:00, run_after=2024-10-12 00:00:00+00:00
[2024-10-12T08:23:04.834+0000] {processor.py:208} INFO - Processing /home/vboxuser/airflow_venv/lib/python3.12/site-packages/airflow/example_dags/example_nested_branch_dag.py took 0.070 seconds
