[2024-10-12T07:08:53.035+0000] {processor.py:186} INFO - Started process (PID=11309) to work on /home/vboxuser/airflow_venv/lib/python3.12/site-packages/airflow/example_dags/example_workday_timetable.py
[2024-10-12T07:08:53.036+0000] {processor.py:914} INFO - Processing file /home/vboxuser/airflow_venv/lib/python3.12/site-packages/airflow/example_dags/example_workday_timetable.py for tasks to queue
[2024-10-12T07:08:53.040+0000] {logging_mixin.py:190} INFO - [2024-10-12T07:08:53.039+0000] {dagbag.py:588} INFO - Filling up the DagBag from /home/vboxuser/airflow_venv/lib/python3.12/site-packages/airflow/example_dags/example_workday_timetable.py
[2024-10-12T07:08:53.052+0000] {processor.py:925} INFO - DAG(s) 'example_workday_timetable' retrieved from /home/vboxuser/airflow_venv/lib/python3.12/site-packages/airflow/example_dags/example_workday_timetable.py
[2024-10-12T07:08:53.216+0000] {logging_mixin.py:190} INFO - [2024-10-12T07:08:53.215+0000] {override.py:1901} INFO - Created Permission View: can delete on DAG:example_workday_timetable
[2024-10-12T07:08:53.234+0000] {logging_mixin.py:190} INFO - [2024-10-12T07:08:53.233+0000] {override.py:1901} INFO - Created Permission View: can read on DAG:example_workday_timetable
[2024-10-12T07:08:53.248+0000] {logging_mixin.py:190} INFO - [2024-10-12T07:08:53.247+0000] {override.py:1901} INFO - Created Permission View: can edit on DAG:example_workday_timetable
[2024-10-12T07:08:53.271+0000] {logging_mixin.py:190} INFO - [2024-10-12T07:08:53.270+0000] {override.py:1901} INFO - Created Permission View: can delete on DAG Run:example_workday_timetable
[2024-10-12T07:08:53.284+0000] {logging_mixin.py:190} INFO - [2024-10-12T07:08:53.283+0000] {override.py:1901} INFO - Created Permission View: can read on DAG Run:example_workday_timetable
[2024-10-12T07:08:53.298+0000] {logging_mixin.py:190} INFO - [2024-10-12T07:08:53.298+0000] {override.py:1901} INFO - Created Permission View: menu access on DAG Run:example_workday_timetable
[2024-10-12T07:08:53.312+0000] {logging_mixin.py:190} INFO - [2024-10-12T07:08:53.311+0000] {override.py:1901} INFO - Created Permission View: can create on DAG Run:example_workday_timetable
[2024-10-12T07:08:53.312+0000] {logging_mixin.py:190} INFO - [2024-10-12T07:08:53.312+0000] {dag.py:3239} INFO - Sync 1 DAGs
[2024-10-12T07:08:53.324+0000] {logging_mixin.py:190} INFO - [2024-10-12T07:08:53.324+0000] {dag.py:3262} INFO - Creating ORM DAG for example_workday_timetable
[2024-10-12T07:08:53.333+0000] {logging_mixin.py:190} INFO - [2024-10-12T07:08:53.332+0000] {dag.py:4180} INFO - Setting next_dagrun for example_workday_timetable to 2021-01-01 00:00:00+00:00, run_after=2021-01-02 00:00:00+00:00
[2024-10-12T07:08:53.365+0000] {processor.py:208} INFO - Processing /home/vboxuser/airflow_venv/lib/python3.12/site-packages/airflow/example_dags/example_workday_timetable.py took 0.339 seconds
[2024-10-12T07:10:02.999+0000] {processor.py:186} INFO - Started process (PID=11369) to work on /home/vboxuser/airflow_venv/lib/python3.12/site-packages/airflow/example_dags/example_workday_timetable.py
[2024-10-12T07:10:03.005+0000] {processor.py:914} INFO - Processing file /home/vboxuser/airflow_venv/lib/python3.12/site-packages/airflow/example_dags/example_workday_timetable.py for tasks to queue
[2024-10-12T07:10:03.009+0000] {logging_mixin.py:190} INFO - [2024-10-12T07:10:03.008+0000] {dagbag.py:588} INFO - Filling up the DagBag from /home/vboxuser/airflow_venv/lib/python3.12/site-packages/airflow/example_dags/example_workday_timetable.py
[2024-10-12T07:10:03.021+0000] {processor.py:925} INFO - DAG(s) 'example_workday_timetable' retrieved from /home/vboxuser/airflow_venv/lib/python3.12/site-packages/airflow/example_dags/example_workday_timetable.py
[2024-10-12T07:10:03.051+0000] {logging_mixin.py:190} INFO - [2024-10-12T07:10:03.050+0000] {dag.py:3239} INFO - Sync 1 DAGs
[2024-10-12T07:10:03.085+0000] {logging_mixin.py:190} INFO - [2024-10-12T07:10:03.084+0000] {dag.py:4180} INFO - Setting next_dagrun for example_workday_timetable to 2021-01-01 00:00:00+00:00, run_after=2021-01-02 00:00:00+00:00
[2024-10-12T07:10:03.130+0000] {processor.py:208} INFO - Processing /home/vboxuser/airflow_venv/lib/python3.12/site-packages/airflow/example_dags/example_workday_timetable.py took 0.141 seconds
[2024-10-12T07:11:04.511+0000] {processor.py:186} INFO - Started process (PID=11429) to work on /home/vboxuser/airflow_venv/lib/python3.12/site-packages/airflow/example_dags/example_workday_timetable.py
[2024-10-12T07:11:04.514+0000] {processor.py:914} INFO - Processing file /home/vboxuser/airflow_venv/lib/python3.12/site-packages/airflow/example_dags/example_workday_timetable.py for tasks to queue
[2024-10-12T07:11:04.518+0000] {logging_mixin.py:190} INFO - [2024-10-12T07:11:04.517+0000] {dagbag.py:588} INFO - Filling up the DagBag from /home/vboxuser/airflow_venv/lib/python3.12/site-packages/airflow/example_dags/example_workday_timetable.py
[2024-10-12T07:11:04.527+0000] {processor.py:925} INFO - DAG(s) 'example_workday_timetable' retrieved from /home/vboxuser/airflow_venv/lib/python3.12/site-packages/airflow/example_dags/example_workday_timetable.py
[2024-10-12T07:11:04.550+0000] {logging_mixin.py:190} INFO - [2024-10-12T07:11:04.550+0000] {dag.py:3239} INFO - Sync 1 DAGs
[2024-10-12T07:11:04.574+0000] {logging_mixin.py:190} INFO - [2024-10-12T07:11:04.574+0000] {dag.py:4180} INFO - Setting next_dagrun for example_workday_timetable to 2021-01-01 00:00:00+00:00, run_after=2021-01-02 00:00:00+00:00
[2024-10-12T07:11:04.606+0000] {processor.py:208} INFO - Processing /home/vboxuser/airflow_venv/lib/python3.12/site-packages/airflow/example_dags/example_workday_timetable.py took 0.106 seconds
[2024-10-12T07:12:12.868+0000] {processor.py:186} INFO - Started process (PID=11490) to work on /home/vboxuser/airflow_venv/lib/python3.12/site-packages/airflow/example_dags/example_workday_timetable.py
[2024-10-12T07:12:12.871+0000] {processor.py:914} INFO - Processing file /home/vboxuser/airflow_venv/lib/python3.12/site-packages/airflow/example_dags/example_workday_timetable.py for tasks to queue
[2024-10-12T07:12:12.876+0000] {logging_mixin.py:190} INFO - [2024-10-12T07:12:12.875+0000] {dagbag.py:588} INFO - Filling up the DagBag from /home/vboxuser/airflow_venv/lib/python3.12/site-packages/airflow/example_dags/example_workday_timetable.py
[2024-10-12T07:12:12.887+0000] {processor.py:925} INFO - DAG(s) 'example_workday_timetable' retrieved from /home/vboxuser/airflow_venv/lib/python3.12/site-packages/airflow/example_dags/example_workday_timetable.py
[2024-10-12T07:12:12.906+0000] {logging_mixin.py:190} INFO - [2024-10-12T07:12:12.906+0000] {dag.py:3239} INFO - Sync 1 DAGs
[2024-10-12T07:12:12.930+0000] {logging_mixin.py:190} INFO - [2024-10-12T07:12:12.929+0000] {dag.py:4180} INFO - Setting next_dagrun for example_workday_timetable to 2021-01-01 00:00:00+00:00, run_after=2021-01-02 00:00:00+00:00
[2024-10-12T07:12:12.963+0000] {processor.py:208} INFO - Processing /home/vboxuser/airflow_venv/lib/python3.12/site-packages/airflow/example_dags/example_workday_timetable.py took 0.105 seconds
[2024-10-12T07:13:14.485+0000] {processor.py:186} INFO - Started process (PID=11547) to work on /home/vboxuser/airflow_venv/lib/python3.12/site-packages/airflow/example_dags/example_workday_timetable.py
[2024-10-12T07:13:14.488+0000] {processor.py:914} INFO - Processing file /home/vboxuser/airflow_venv/lib/python3.12/site-packages/airflow/example_dags/example_workday_timetable.py for tasks to queue
[2024-10-12T07:13:14.493+0000] {logging_mixin.py:190} INFO - [2024-10-12T07:13:14.492+0000] {dagbag.py:588} INFO - Filling up the DagBag from /home/vboxuser/airflow_venv/lib/python3.12/site-packages/airflow/example_dags/example_workday_timetable.py
[2024-10-12T07:13:14.500+0000] {processor.py:925} INFO - DAG(s) 'example_workday_timetable' retrieved from /home/vboxuser/airflow_venv/lib/python3.12/site-packages/airflow/example_dags/example_workday_timetable.py
[2024-10-12T07:13:14.519+0000] {logging_mixin.py:190} INFO - [2024-10-12T07:13:14.519+0000] {dag.py:3239} INFO - Sync 1 DAGs
[2024-10-12T07:13:14.540+0000] {logging_mixin.py:190} INFO - [2024-10-12T07:13:14.540+0000] {dag.py:4180} INFO - Setting next_dagrun for example_workday_timetable to 2021-01-01 00:00:00+00:00, run_after=2021-01-02 00:00:00+00:00
[2024-10-12T07:13:14.574+0000] {processor.py:208} INFO - Processing /home/vboxuser/airflow_venv/lib/python3.12/site-packages/airflow/example_dags/example_workday_timetable.py took 0.097 seconds
[2024-10-12T07:14:19.445+0000] {processor.py:186} INFO - Started process (PID=11689) to work on /home/vboxuser/airflow_venv/lib/python3.12/site-packages/airflow/example_dags/example_workday_timetable.py
[2024-10-12T07:14:19.449+0000] {processor.py:914} INFO - Processing file /home/vboxuser/airflow_venv/lib/python3.12/site-packages/airflow/example_dags/example_workday_timetable.py for tasks to queue
[2024-10-12T07:14:19.458+0000] {logging_mixin.py:190} INFO - [2024-10-12T07:14:19.457+0000] {dagbag.py:588} INFO - Filling up the DagBag from /home/vboxuser/airflow_venv/lib/python3.12/site-packages/airflow/example_dags/example_workday_timetable.py
[2024-10-12T07:14:19.469+0000] {processor.py:925} INFO - DAG(s) 'example_workday_timetable' retrieved from /home/vboxuser/airflow_venv/lib/python3.12/site-packages/airflow/example_dags/example_workday_timetable.py
[2024-10-12T07:14:19.492+0000] {logging_mixin.py:190} INFO - [2024-10-12T07:14:19.492+0000] {dag.py:3239} INFO - Sync 1 DAGs
[2024-10-12T07:14:19.530+0000] {logging_mixin.py:190} INFO - [2024-10-12T07:14:19.529+0000] {dag.py:4180} INFO - Setting next_dagrun for example_workday_timetable to 2021-01-01 00:00:00+00:00, run_after=2021-01-02 00:00:00+00:00
[2024-10-12T07:14:19.574+0000] {processor.py:208} INFO - Processing /home/vboxuser/airflow_venv/lib/python3.12/site-packages/airflow/example_dags/example_workday_timetable.py took 0.138 seconds
[2024-10-12T07:15:35.466+0000] {processor.py:186} INFO - Started process (PID=11765) to work on /home/vboxuser/airflow_venv/lib/python3.12/site-packages/airflow/example_dags/example_workday_timetable.py
[2024-10-12T07:15:35.471+0000] {processor.py:914} INFO - Processing file /home/vboxuser/airflow_venv/lib/python3.12/site-packages/airflow/example_dags/example_workday_timetable.py for tasks to queue
[2024-10-12T07:15:35.476+0000] {logging_mixin.py:190} INFO - [2024-10-12T07:15:35.475+0000] {dagbag.py:588} INFO - Filling up the DagBag from /home/vboxuser/airflow_venv/lib/python3.12/site-packages/airflow/example_dags/example_workday_timetable.py
[2024-10-12T07:15:35.493+0000] {processor.py:925} INFO - DAG(s) 'example_workday_timetable' retrieved from /home/vboxuser/airflow_venv/lib/python3.12/site-packages/airflow/example_dags/example_workday_timetable.py
[2024-10-12T07:15:35.524+0000] {logging_mixin.py:190} INFO - [2024-10-12T07:15:35.524+0000] {dag.py:3239} INFO - Sync 1 DAGs
[2024-10-12T07:15:35.553+0000] {logging_mixin.py:190} INFO - [2024-10-12T07:15:35.552+0000] {dag.py:4180} INFO - Setting next_dagrun for example_workday_timetable to 2021-01-01 00:00:00+00:00, run_after=2021-01-02 00:00:00+00:00
[2024-10-12T07:15:35.592+0000] {processor.py:208} INFO - Processing /home/vboxuser/airflow_venv/lib/python3.12/site-packages/airflow/example_dags/example_workday_timetable.py took 0.135 seconds
[2024-10-12T07:16:38.432+0000] {processor.py:186} INFO - Started process (PID=11823) to work on /home/vboxuser/airflow_venv/lib/python3.12/site-packages/airflow/example_dags/example_workday_timetable.py
[2024-10-12T07:16:38.433+0000] {processor.py:914} INFO - Processing file /home/vboxuser/airflow_venv/lib/python3.12/site-packages/airflow/example_dags/example_workday_timetable.py for tasks to queue
[2024-10-12T07:16:38.437+0000] {logging_mixin.py:190} INFO - [2024-10-12T07:16:38.436+0000] {dagbag.py:588} INFO - Filling up the DagBag from /home/vboxuser/airflow_venv/lib/python3.12/site-packages/airflow/example_dags/example_workday_timetable.py
[2024-10-12T07:16:38.445+0000] {processor.py:925} INFO - DAG(s) 'example_workday_timetable' retrieved from /home/vboxuser/airflow_venv/lib/python3.12/site-packages/airflow/example_dags/example_workday_timetable.py
[2024-10-12T07:16:38.464+0000] {logging_mixin.py:190} INFO - [2024-10-12T07:16:38.464+0000] {dag.py:3239} INFO - Sync 1 DAGs
[2024-10-12T07:16:38.489+0000] {logging_mixin.py:190} INFO - [2024-10-12T07:16:38.489+0000] {dag.py:4180} INFO - Setting next_dagrun for example_workday_timetable to 2021-01-01 00:00:00+00:00, run_after=2021-01-02 00:00:00+00:00
[2024-10-12T07:16:38.522+0000] {processor.py:208} INFO - Processing /home/vboxuser/airflow_venv/lib/python3.12/site-packages/airflow/example_dags/example_workday_timetable.py took 0.099 seconds
[2024-10-12T07:17:44.050+0000] {processor.py:186} INFO - Started process (PID=11886) to work on /home/vboxuser/airflow_venv/lib/python3.12/site-packages/airflow/example_dags/example_workday_timetable.py
[2024-10-12T07:17:44.053+0000] {processor.py:914} INFO - Processing file /home/vboxuser/airflow_venv/lib/python3.12/site-packages/airflow/example_dags/example_workday_timetable.py for tasks to queue
[2024-10-12T07:17:44.056+0000] {logging_mixin.py:190} INFO - [2024-10-12T07:17:44.056+0000] {dagbag.py:588} INFO - Filling up the DagBag from /home/vboxuser/airflow_venv/lib/python3.12/site-packages/airflow/example_dags/example_workday_timetable.py
[2024-10-12T07:17:44.066+0000] {processor.py:925} INFO - DAG(s) 'example_workday_timetable' retrieved from /home/vboxuser/airflow_venv/lib/python3.12/site-packages/airflow/example_dags/example_workday_timetable.py
[2024-10-12T07:17:44.087+0000] {logging_mixin.py:190} INFO - [2024-10-12T07:17:44.087+0000] {dag.py:3239} INFO - Sync 1 DAGs
[2024-10-12T07:17:44.113+0000] {logging_mixin.py:190} INFO - [2024-10-12T07:17:44.113+0000] {dag.py:4180} INFO - Setting next_dagrun for example_workday_timetable to 2021-01-01 00:00:00+00:00, run_after=2021-01-02 00:00:00+00:00
[2024-10-12T07:17:44.147+0000] {processor.py:208} INFO - Processing /home/vboxuser/airflow_venv/lib/python3.12/site-packages/airflow/example_dags/example_workday_timetable.py took 0.109 seconds
[2024-10-12T07:18:44.684+0000] {processor.py:186} INFO - Started process (PID=11943) to work on /home/vboxuser/airflow_venv/lib/python3.12/site-packages/airflow/example_dags/example_workday_timetable.py
[2024-10-12T07:18:44.687+0000] {processor.py:914} INFO - Processing file /home/vboxuser/airflow_venv/lib/python3.12/site-packages/airflow/example_dags/example_workday_timetable.py for tasks to queue
[2024-10-12T07:18:44.691+0000] {logging_mixin.py:190} INFO - [2024-10-12T07:18:44.690+0000] {dagbag.py:588} INFO - Filling up the DagBag from /home/vboxuser/airflow_venv/lib/python3.12/site-packages/airflow/example_dags/example_workday_timetable.py
[2024-10-12T07:18:44.701+0000] {processor.py:925} INFO - DAG(s) 'example_workday_timetable' retrieved from /home/vboxuser/airflow_venv/lib/python3.12/site-packages/airflow/example_dags/example_workday_timetable.py
[2024-10-12T07:18:44.726+0000] {logging_mixin.py:190} INFO - [2024-10-12T07:18:44.726+0000] {dag.py:3239} INFO - Sync 1 DAGs
[2024-10-12T07:18:44.756+0000] {logging_mixin.py:190} INFO - [2024-10-12T07:18:44.755+0000] {dag.py:4180} INFO - Setting next_dagrun for example_workday_timetable to 2021-01-01 00:00:00+00:00, run_after=2021-01-02 00:00:00+00:00
[2024-10-12T07:18:44.795+0000] {processor.py:208} INFO - Processing /home/vboxuser/airflow_venv/lib/python3.12/site-packages/airflow/example_dags/example_workday_timetable.py took 0.118 seconds
[2024-10-12T07:19:46.956+0000] {processor.py:186} INFO - Started process (PID=12000) to work on /home/vboxuser/airflow_venv/lib/python3.12/site-packages/airflow/example_dags/example_workday_timetable.py
[2024-10-12T07:19:46.958+0000] {processor.py:914} INFO - Processing file /home/vboxuser/airflow_venv/lib/python3.12/site-packages/airflow/example_dags/example_workday_timetable.py for tasks to queue
[2024-10-12T07:19:46.963+0000] {logging_mixin.py:190} INFO - [2024-10-12T07:19:46.962+0000] {dagbag.py:588} INFO - Filling up the DagBag from /home/vboxuser/airflow_venv/lib/python3.12/site-packages/airflow/example_dags/example_workday_timetable.py
[2024-10-12T07:19:46.970+0000] {processor.py:925} INFO - DAG(s) 'example_workday_timetable' retrieved from /home/vboxuser/airflow_venv/lib/python3.12/site-packages/airflow/example_dags/example_workday_timetable.py
[2024-10-12T07:19:46.997+0000] {logging_mixin.py:190} INFO - [2024-10-12T07:19:46.997+0000] {dag.py:3239} INFO - Sync 1 DAGs
[2024-10-12T07:19:47.022+0000] {logging_mixin.py:190} INFO - [2024-10-12T07:19:47.021+0000] {dag.py:4180} INFO - Setting next_dagrun for example_workday_timetable to 2021-01-01 00:00:00+00:00, run_after=2021-01-02 00:00:00+00:00
[2024-10-12T07:19:47.056+0000] {processor.py:208} INFO - Processing /home/vboxuser/airflow_venv/lib/python3.12/site-packages/airflow/example_dags/example_workday_timetable.py took 0.109 seconds
[2024-10-12T07:20:54.928+0000] {processor.py:186} INFO - Started process (PID=12065) to work on /home/vboxuser/airflow_venv/lib/python3.12/site-packages/airflow/example_dags/example_workday_timetable.py
[2024-10-12T07:20:54.931+0000] {processor.py:914} INFO - Processing file /home/vboxuser/airflow_venv/lib/python3.12/site-packages/airflow/example_dags/example_workday_timetable.py for tasks to queue
[2024-10-12T07:20:54.935+0000] {logging_mixin.py:190} INFO - [2024-10-12T07:20:54.934+0000] {dagbag.py:588} INFO - Filling up the DagBag from /home/vboxuser/airflow_venv/lib/python3.12/site-packages/airflow/example_dags/example_workday_timetable.py
[2024-10-12T07:20:54.948+0000] {processor.py:925} INFO - DAG(s) 'example_workday_timetable' retrieved from /home/vboxuser/airflow_venv/lib/python3.12/site-packages/airflow/example_dags/example_workday_timetable.py
[2024-10-12T07:20:54.973+0000] {logging_mixin.py:190} INFO - [2024-10-12T07:20:54.973+0000] {dag.py:3239} INFO - Sync 1 DAGs
[2024-10-12T07:20:54.996+0000] {logging_mixin.py:190} INFO - [2024-10-12T07:20:54.996+0000] {dag.py:4180} INFO - Setting next_dagrun for example_workday_timetable to 2021-01-01 00:00:00+00:00, run_after=2021-01-02 00:00:00+00:00
[2024-10-12T07:20:55.029+0000] {processor.py:208} INFO - Processing /home/vboxuser/airflow_venv/lib/python3.12/site-packages/airflow/example_dags/example_workday_timetable.py took 0.111 seconds
[2024-10-12T07:22:01.406+0000] {processor.py:186} INFO - Started process (PID=12126) to work on /home/vboxuser/airflow_venv/lib/python3.12/site-packages/airflow/example_dags/example_workday_timetable.py
[2024-10-12T07:22:01.411+0000] {processor.py:914} INFO - Processing file /home/vboxuser/airflow_venv/lib/python3.12/site-packages/airflow/example_dags/example_workday_timetable.py for tasks to queue
[2024-10-12T07:22:01.415+0000] {logging_mixin.py:190} INFO - [2024-10-12T07:22:01.414+0000] {dagbag.py:588} INFO - Filling up the DagBag from /home/vboxuser/airflow_venv/lib/python3.12/site-packages/airflow/example_dags/example_workday_timetable.py
[2024-10-12T07:22:01.423+0000] {processor.py:925} INFO - DAG(s) 'example_workday_timetable' retrieved from /home/vboxuser/airflow_venv/lib/python3.12/site-packages/airflow/example_dags/example_workday_timetable.py
[2024-10-12T07:22:01.451+0000] {logging_mixin.py:190} INFO - [2024-10-12T07:22:01.450+0000] {dag.py:3239} INFO - Sync 1 DAGs
[2024-10-12T07:22:01.473+0000] {logging_mixin.py:190} INFO - [2024-10-12T07:22:01.473+0000] {dag.py:4180} INFO - Setting next_dagrun for example_workday_timetable to 2021-01-01 00:00:00+00:00, run_after=2021-01-02 00:00:00+00:00
[2024-10-12T07:22:01.508+0000] {processor.py:208} INFO - Processing /home/vboxuser/airflow_venv/lib/python3.12/site-packages/airflow/example_dags/example_workday_timetable.py took 0.110 seconds
[2024-10-12T07:23:10.553+0000] {processor.py:186} INFO - Started process (PID=12186) to work on /home/vboxuser/airflow_venv/lib/python3.12/site-packages/airflow/example_dags/example_workday_timetable.py
[2024-10-12T07:23:10.556+0000] {processor.py:914} INFO - Processing file /home/vboxuser/airflow_venv/lib/python3.12/site-packages/airflow/example_dags/example_workday_timetable.py for tasks to queue
[2024-10-12T07:23:10.559+0000] {logging_mixin.py:190} INFO - [2024-10-12T07:23:10.559+0000] {dagbag.py:588} INFO - Filling up the DagBag from /home/vboxuser/airflow_venv/lib/python3.12/site-packages/airflow/example_dags/example_workday_timetable.py
[2024-10-12T07:23:10.570+0000] {processor.py:925} INFO - DAG(s) 'example_workday_timetable' retrieved from /home/vboxuser/airflow_venv/lib/python3.12/site-packages/airflow/example_dags/example_workday_timetable.py
[2024-10-12T07:23:10.593+0000] {logging_mixin.py:190} INFO - [2024-10-12T07:23:10.593+0000] {dag.py:3239} INFO - Sync 1 DAGs
[2024-10-12T07:23:10.619+0000] {logging_mixin.py:190} INFO - [2024-10-12T07:23:10.619+0000] {dag.py:4180} INFO - Setting next_dagrun for example_workday_timetable to 2021-01-01 00:00:00+00:00, run_after=2021-01-02 00:00:00+00:00
[2024-10-12T07:23:10.654+0000] {processor.py:208} INFO - Processing /home/vboxuser/airflow_venv/lib/python3.12/site-packages/airflow/example_dags/example_workday_timetable.py took 0.116 seconds
[2024-10-12T07:24:21.153+0000] {processor.py:186} INFO - Started process (PID=12248) to work on /home/vboxuser/airflow_venv/lib/python3.12/site-packages/airflow/example_dags/example_workday_timetable.py
[2024-10-12T07:24:21.156+0000] {processor.py:914} INFO - Processing file /home/vboxuser/airflow_venv/lib/python3.12/site-packages/airflow/example_dags/example_workday_timetable.py for tasks to queue
[2024-10-12T07:24:21.159+0000] {logging_mixin.py:190} INFO - [2024-10-12T07:24:21.158+0000] {dagbag.py:588} INFO - Filling up the DagBag from /home/vboxuser/airflow_venv/lib/python3.12/site-packages/airflow/example_dags/example_workday_timetable.py
[2024-10-12T07:24:21.167+0000] {processor.py:925} INFO - DAG(s) 'example_workday_timetable' retrieved from /home/vboxuser/airflow_venv/lib/python3.12/site-packages/airflow/example_dags/example_workday_timetable.py
[2024-10-12T07:24:21.185+0000] {logging_mixin.py:190} INFO - [2024-10-12T07:24:21.185+0000] {dag.py:3239} INFO - Sync 1 DAGs
[2024-10-12T07:24:21.207+0000] {logging_mixin.py:190} INFO - [2024-10-12T07:24:21.207+0000] {dag.py:4180} INFO - Setting next_dagrun for example_workday_timetable to 2021-01-01 00:00:00+00:00, run_after=2021-01-02 00:00:00+00:00
[2024-10-12T07:24:21.238+0000] {processor.py:208} INFO - Processing /home/vboxuser/airflow_venv/lib/python3.12/site-packages/airflow/example_dags/example_workday_timetable.py took 0.095 seconds
[2024-10-12T07:25:27.793+0000] {processor.py:186} INFO - Started process (PID=12312) to work on /home/vboxuser/airflow_venv/lib/python3.12/site-packages/airflow/example_dags/example_workday_timetable.py
[2024-10-12T07:25:27.796+0000] {processor.py:914} INFO - Processing file /home/vboxuser/airflow_venv/lib/python3.12/site-packages/airflow/example_dags/example_workday_timetable.py for tasks to queue
[2024-10-12T07:25:27.799+0000] {logging_mixin.py:190} INFO - [2024-10-12T07:25:27.798+0000] {dagbag.py:588} INFO - Filling up the DagBag from /home/vboxuser/airflow_venv/lib/python3.12/site-packages/airflow/example_dags/example_workday_timetable.py
[2024-10-12T07:25:27.806+0000] {processor.py:925} INFO - DAG(s) 'example_workday_timetable' retrieved from /home/vboxuser/airflow_venv/lib/python3.12/site-packages/airflow/example_dags/example_workday_timetable.py
[2024-10-12T07:25:27.830+0000] {logging_mixin.py:190} INFO - [2024-10-12T07:25:27.830+0000] {dag.py:3239} INFO - Sync 1 DAGs
[2024-10-12T07:25:27.853+0000] {logging_mixin.py:190} INFO - [2024-10-12T07:25:27.853+0000] {dag.py:4180} INFO - Setting next_dagrun for example_workday_timetable to 2021-01-01 00:00:00+00:00, run_after=2021-01-02 00:00:00+00:00
[2024-10-12T07:25:27.918+0000] {processor.py:208} INFO - Processing /home/vboxuser/airflow_venv/lib/python3.12/site-packages/airflow/example_dags/example_workday_timetable.py took 0.138 seconds
[2024-10-12T07:26:39.249+0000] {processor.py:186} INFO - Started process (PID=12376) to work on /home/vboxuser/airflow_venv/lib/python3.12/site-packages/airflow/example_dags/example_workday_timetable.py
[2024-10-12T07:26:39.254+0000] {processor.py:914} INFO - Processing file /home/vboxuser/airflow_venv/lib/python3.12/site-packages/airflow/example_dags/example_workday_timetable.py for tasks to queue
[2024-10-12T07:26:39.257+0000] {logging_mixin.py:190} INFO - [2024-10-12T07:26:39.257+0000] {dagbag.py:588} INFO - Filling up the DagBag from /home/vboxuser/airflow_venv/lib/python3.12/site-packages/airflow/example_dags/example_workday_timetable.py
[2024-10-12T07:26:39.266+0000] {processor.py:925} INFO - DAG(s) 'example_workday_timetable' retrieved from /home/vboxuser/airflow_venv/lib/python3.12/site-packages/airflow/example_dags/example_workday_timetable.py
[2024-10-12T07:26:39.286+0000] {logging_mixin.py:190} INFO - [2024-10-12T07:26:39.286+0000] {dag.py:3239} INFO - Sync 1 DAGs
[2024-10-12T07:26:39.312+0000] {logging_mixin.py:190} INFO - [2024-10-12T07:26:39.311+0000] {dag.py:4180} INFO - Setting next_dagrun for example_workday_timetable to 2021-01-01 00:00:00+00:00, run_after=2021-01-02 00:00:00+00:00
[2024-10-12T07:26:39.347+0000] {processor.py:208} INFO - Processing /home/vboxuser/airflow_venv/lib/python3.12/site-packages/airflow/example_dags/example_workday_timetable.py took 0.114 seconds
[2024-10-12T07:27:53.350+0000] {processor.py:186} INFO - Started process (PID=12438) to work on /home/vboxuser/airflow_venv/lib/python3.12/site-packages/airflow/example_dags/example_workday_timetable.py
[2024-10-12T07:27:53.357+0000] {processor.py:914} INFO - Processing file /home/vboxuser/airflow_venv/lib/python3.12/site-packages/airflow/example_dags/example_workday_timetable.py for tasks to queue
[2024-10-12T07:27:53.366+0000] {logging_mixin.py:190} INFO - [2024-10-12T07:27:53.365+0000] {dagbag.py:588} INFO - Filling up the DagBag from /home/vboxuser/airflow_venv/lib/python3.12/site-packages/airflow/example_dags/example_workday_timetable.py
[2024-10-12T07:27:53.382+0000] {processor.py:925} INFO - DAG(s) 'example_workday_timetable' retrieved from /home/vboxuser/airflow_venv/lib/python3.12/site-packages/airflow/example_dags/example_workday_timetable.py
[2024-10-12T07:27:53.419+0000] {logging_mixin.py:190} INFO - [2024-10-12T07:27:53.419+0000] {dag.py:3239} INFO - Sync 1 DAGs
[2024-10-12T07:27:53.459+0000] {logging_mixin.py:190} INFO - [2024-10-12T07:27:53.458+0000] {dag.py:4180} INFO - Setting next_dagrun for example_workday_timetable to 2021-01-01 00:00:00+00:00, run_after=2021-01-02 00:00:00+00:00
[2024-10-12T07:27:53.509+0000] {processor.py:208} INFO - Processing /home/vboxuser/airflow_venv/lib/python3.12/site-packages/airflow/example_dags/example_workday_timetable.py took 0.174 seconds
[2024-10-12T07:28:56.500+0000] {processor.py:186} INFO - Started process (PID=12496) to work on /home/vboxuser/airflow_venv/lib/python3.12/site-packages/airflow/example_dags/example_workday_timetable.py
[2024-10-12T07:28:56.502+0000] {processor.py:914} INFO - Processing file /home/vboxuser/airflow_venv/lib/python3.12/site-packages/airflow/example_dags/example_workday_timetable.py for tasks to queue
[2024-10-12T07:28:56.505+0000] {logging_mixin.py:190} INFO - [2024-10-12T07:28:56.504+0000] {dagbag.py:588} INFO - Filling up the DagBag from /home/vboxuser/airflow_venv/lib/python3.12/site-packages/airflow/example_dags/example_workday_timetable.py
[2024-10-12T07:28:56.515+0000] {processor.py:925} INFO - DAG(s) 'example_workday_timetable' retrieved from /home/vboxuser/airflow_venv/lib/python3.12/site-packages/airflow/example_dags/example_workday_timetable.py
[2024-10-12T07:28:56.537+0000] {logging_mixin.py:190} INFO - [2024-10-12T07:28:56.536+0000] {dag.py:3239} INFO - Sync 1 DAGs
[2024-10-12T07:28:56.564+0000] {logging_mixin.py:190} INFO - [2024-10-12T07:28:56.564+0000] {dag.py:4180} INFO - Setting next_dagrun for example_workday_timetable to 2021-01-01 00:00:00+00:00, run_after=2021-01-02 00:00:00+00:00
[2024-10-12T07:28:56.606+0000] {processor.py:208} INFO - Processing /home/vboxuser/airflow_venv/lib/python3.12/site-packages/airflow/example_dags/example_workday_timetable.py took 0.114 seconds
[2024-10-12T07:30:06.029+0000] {processor.py:186} INFO - Started process (PID=12572) to work on /home/vboxuser/airflow_venv/lib/python3.12/site-packages/airflow/example_dags/example_workday_timetable.py
[2024-10-12T07:30:06.033+0000] {processor.py:914} INFO - Processing file /home/vboxuser/airflow_venv/lib/python3.12/site-packages/airflow/example_dags/example_workday_timetable.py for tasks to queue
[2024-10-12T07:30:06.036+0000] {logging_mixin.py:190} INFO - [2024-10-12T07:30:06.036+0000] {dagbag.py:588} INFO - Filling up the DagBag from /home/vboxuser/airflow_venv/lib/python3.12/site-packages/airflow/example_dags/example_workday_timetable.py
[2024-10-12T07:30:06.046+0000] {processor.py:925} INFO - DAG(s) 'example_workday_timetable' retrieved from /home/vboxuser/airflow_venv/lib/python3.12/site-packages/airflow/example_dags/example_workday_timetable.py
[2024-10-12T07:30:06.063+0000] {logging_mixin.py:190} INFO - [2024-10-12T07:30:06.063+0000] {dag.py:3239} INFO - Sync 1 DAGs
[2024-10-12T07:30:06.089+0000] {logging_mixin.py:190} INFO - [2024-10-12T07:30:06.088+0000] {dag.py:4180} INFO - Setting next_dagrun for example_workday_timetable to 2021-01-01 00:00:00+00:00, run_after=2021-01-02 00:00:00+00:00
[2024-10-12T07:30:06.122+0000] {processor.py:208} INFO - Processing /home/vboxuser/airflow_venv/lib/python3.12/site-packages/airflow/example_dags/example_workday_timetable.py took 0.107 seconds
[2024-10-12T07:31:18.921+0000] {processor.py:186} INFO - Started process (PID=12640) to work on /home/vboxuser/airflow_venv/lib/python3.12/site-packages/airflow/example_dags/example_workday_timetable.py
[2024-10-12T07:31:18.923+0000] {processor.py:914} INFO - Processing file /home/vboxuser/airflow_venv/lib/python3.12/site-packages/airflow/example_dags/example_workday_timetable.py for tasks to queue
[2024-10-12T07:31:18.925+0000] {logging_mixin.py:190} INFO - [2024-10-12T07:31:18.925+0000] {dagbag.py:588} INFO - Filling up the DagBag from /home/vboxuser/airflow_venv/lib/python3.12/site-packages/airflow/example_dags/example_workday_timetable.py
[2024-10-12T07:31:18.932+0000] {processor.py:925} INFO - DAG(s) 'example_workday_timetable' retrieved from /home/vboxuser/airflow_venv/lib/python3.12/site-packages/airflow/example_dags/example_workday_timetable.py
[2024-10-12T07:31:18.950+0000] {logging_mixin.py:190} INFO - [2024-10-12T07:31:18.950+0000] {dag.py:3239} INFO - Sync 1 DAGs
[2024-10-12T07:31:18.975+0000] {logging_mixin.py:190} INFO - [2024-10-12T07:31:18.975+0000] {dag.py:4180} INFO - Setting next_dagrun for example_workday_timetable to 2021-01-01 00:00:00+00:00, run_after=2021-01-02 00:00:00+00:00
[2024-10-12T07:31:19.009+0000] {processor.py:208} INFO - Processing /home/vboxuser/airflow_venv/lib/python3.12/site-packages/airflow/example_dags/example_workday_timetable.py took 0.097 seconds
[2024-10-12T07:32:24.851+0000] {processor.py:186} INFO - Started process (PID=12709) to work on /home/vboxuser/airflow_venv/lib/python3.12/site-packages/airflow/example_dags/example_workday_timetable.py
[2024-10-12T07:32:24.854+0000] {processor.py:914} INFO - Processing file /home/vboxuser/airflow_venv/lib/python3.12/site-packages/airflow/example_dags/example_workday_timetable.py for tasks to queue
[2024-10-12T07:32:24.858+0000] {logging_mixin.py:190} INFO - [2024-10-12T07:32:24.857+0000] {dagbag.py:588} INFO - Filling up the DagBag from /home/vboxuser/airflow_venv/lib/python3.12/site-packages/airflow/example_dags/example_workday_timetable.py
[2024-10-12T07:32:24.867+0000] {processor.py:925} INFO - DAG(s) 'example_workday_timetable' retrieved from /home/vboxuser/airflow_venv/lib/python3.12/site-packages/airflow/example_dags/example_workday_timetable.py
[2024-10-12T07:32:24.889+0000] {logging_mixin.py:190} INFO - [2024-10-12T07:32:24.888+0000] {dag.py:3239} INFO - Sync 1 DAGs
[2024-10-12T07:32:24.909+0000] {logging_mixin.py:190} INFO - [2024-10-12T07:32:24.909+0000] {dag.py:4180} INFO - Setting next_dagrun for example_workday_timetable to 2021-01-01 00:00:00+00:00, run_after=2021-01-02 00:00:00+00:00
[2024-10-12T07:32:24.943+0000] {processor.py:208} INFO - Processing /home/vboxuser/airflow_venv/lib/python3.12/site-packages/airflow/example_dags/example_workday_timetable.py took 0.104 seconds
[2024-10-12T07:33:27.138+0000] {processor.py:186} INFO - Started process (PID=12767) to work on /home/vboxuser/airflow_venv/lib/python3.12/site-packages/airflow/example_dags/example_workday_timetable.py
[2024-10-12T07:33:27.141+0000] {processor.py:914} INFO - Processing file /home/vboxuser/airflow_venv/lib/python3.12/site-packages/airflow/example_dags/example_workday_timetable.py for tasks to queue
[2024-10-12T07:33:27.144+0000] {logging_mixin.py:190} INFO - [2024-10-12T07:33:27.143+0000] {dagbag.py:588} INFO - Filling up the DagBag from /home/vboxuser/airflow_venv/lib/python3.12/site-packages/airflow/example_dags/example_workday_timetable.py
[2024-10-12T07:33:27.151+0000] {processor.py:925} INFO - DAG(s) 'example_workday_timetable' retrieved from /home/vboxuser/airflow_venv/lib/python3.12/site-packages/airflow/example_dags/example_workday_timetable.py
[2024-10-12T07:33:27.168+0000] {logging_mixin.py:190} INFO - [2024-10-12T07:33:27.168+0000] {dag.py:3239} INFO - Sync 1 DAGs
[2024-10-12T07:33:27.193+0000] {logging_mixin.py:190} INFO - [2024-10-12T07:33:27.193+0000] {dag.py:4180} INFO - Setting next_dagrun for example_workday_timetable to 2021-01-01 00:00:00+00:00, run_after=2021-01-02 00:00:00+00:00
[2024-10-12T07:33:27.223+0000] {processor.py:208} INFO - Processing /home/vboxuser/airflow_venv/lib/python3.12/site-packages/airflow/example_dags/example_workday_timetable.py took 0.094 seconds
[2024-10-12T07:34:29.913+0000] {processor.py:186} INFO - Started process (PID=12825) to work on /home/vboxuser/airflow_venv/lib/python3.12/site-packages/airflow/example_dags/example_workday_timetable.py
[2024-10-12T07:34:29.918+0000] {processor.py:914} INFO - Processing file /home/vboxuser/airflow_venv/lib/python3.12/site-packages/airflow/example_dags/example_workday_timetable.py for tasks to queue
[2024-10-12T07:34:29.924+0000] {logging_mixin.py:190} INFO - [2024-10-12T07:34:29.921+0000] {dagbag.py:588} INFO - Filling up the DagBag from /home/vboxuser/airflow_venv/lib/python3.12/site-packages/airflow/example_dags/example_workday_timetable.py
[2024-10-12T07:34:29.932+0000] {processor.py:925} INFO - DAG(s) 'example_workday_timetable' retrieved from /home/vboxuser/airflow_venv/lib/python3.12/site-packages/airflow/example_dags/example_workday_timetable.py
[2024-10-12T07:34:29.952+0000] {logging_mixin.py:190} INFO - [2024-10-12T07:34:29.952+0000] {dag.py:3239} INFO - Sync 1 DAGs
[2024-10-12T07:34:29.977+0000] {logging_mixin.py:190} INFO - [2024-10-12T07:34:29.977+0000] {dag.py:4180} INFO - Setting next_dagrun for example_workday_timetable to 2021-01-01 00:00:00+00:00, run_after=2021-01-02 00:00:00+00:00
[2024-10-12T07:34:30.013+0000] {processor.py:208} INFO - Processing /home/vboxuser/airflow_venv/lib/python3.12/site-packages/airflow/example_dags/example_workday_timetable.py took 0.112 seconds
[2024-10-12T07:47:16.656+0000] {processor.py:186} INFO - Started process (PID=12918) to work on /home/vboxuser/airflow_venv/lib/python3.12/site-packages/airflow/example_dags/example_workday_timetable.py
[2024-10-12T07:47:16.659+0000] {processor.py:914} INFO - Processing file /home/vboxuser/airflow_venv/lib/python3.12/site-packages/airflow/example_dags/example_workday_timetable.py for tasks to queue
[2024-10-12T07:47:16.663+0000] {logging_mixin.py:190} INFO - [2024-10-12T07:47:16.663+0000] {dagbag.py:588} INFO - Filling up the DagBag from /home/vboxuser/airflow_venv/lib/python3.12/site-packages/airflow/example_dags/example_workday_timetable.py
[2024-10-12T07:47:16.675+0000] {processor.py:925} INFO - DAG(s) 'example_workday_timetable' retrieved from /home/vboxuser/airflow_venv/lib/python3.12/site-packages/airflow/example_dags/example_workday_timetable.py
[2024-10-12T07:47:16.707+0000] {logging_mixin.py:190} INFO - [2024-10-12T07:47:16.706+0000] {dag.py:3239} INFO - Sync 1 DAGs
[2024-10-12T07:47:16.743+0000] {logging_mixin.py:190} INFO - [2024-10-12T07:47:16.742+0000] {dag.py:4180} INFO - Setting next_dagrun for example_workday_timetable to 2021-01-01 00:00:00+00:00, run_after=2021-01-02 00:00:00+00:00
[2024-10-12T07:47:16.784+0000] {processor.py:208} INFO - Processing /home/vboxuser/airflow_venv/lib/python3.12/site-packages/airflow/example_dags/example_workday_timetable.py took 0.141 seconds
[2024-10-12T07:48:18.961+0000] {processor.py:186} INFO - Started process (PID=12971) to work on /home/vboxuser/airflow_venv/lib/python3.12/site-packages/airflow/example_dags/example_workday_timetable.py
[2024-10-12T07:48:18.965+0000] {processor.py:914} INFO - Processing file /home/vboxuser/airflow_venv/lib/python3.12/site-packages/airflow/example_dags/example_workday_timetable.py for tasks to queue
[2024-10-12T07:48:18.969+0000] {logging_mixin.py:190} INFO - [2024-10-12T07:48:18.968+0000] {dagbag.py:588} INFO - Filling up the DagBag from /home/vboxuser/airflow_venv/lib/python3.12/site-packages/airflow/example_dags/example_workday_timetable.py
[2024-10-12T07:48:18.981+0000] {processor.py:925} INFO - DAG(s) 'example_workday_timetable' retrieved from /home/vboxuser/airflow_venv/lib/python3.12/site-packages/airflow/example_dags/example_workday_timetable.py
[2024-10-12T07:48:19.011+0000] {logging_mixin.py:190} INFO - [2024-10-12T07:48:19.010+0000] {dag.py:3239} INFO - Sync 1 DAGs
[2024-10-12T07:48:19.051+0000] {logging_mixin.py:190} INFO - [2024-10-12T07:48:19.050+0000] {dag.py:4180} INFO - Setting next_dagrun for example_workday_timetable to 2021-01-01 00:00:00+00:00, run_after=2021-01-02 00:00:00+00:00
[2024-10-12T07:48:19.099+0000] {processor.py:208} INFO - Processing /home/vboxuser/airflow_venv/lib/python3.12/site-packages/airflow/example_dags/example_workday_timetable.py took 0.151 seconds
[2024-10-12T07:49:23.682+0000] {processor.py:186} INFO - Started process (PID=13030) to work on /home/vboxuser/airflow_venv/lib/python3.12/site-packages/airflow/example_dags/example_workday_timetable.py
[2024-10-12T07:49:23.686+0000] {processor.py:914} INFO - Processing file /home/vboxuser/airflow_venv/lib/python3.12/site-packages/airflow/example_dags/example_workday_timetable.py for tasks to queue
[2024-10-12T07:49:23.691+0000] {logging_mixin.py:190} INFO - [2024-10-12T07:49:23.690+0000] {dagbag.py:588} INFO - Filling up the DagBag from /home/vboxuser/airflow_venv/lib/python3.12/site-packages/airflow/example_dags/example_workday_timetable.py
[2024-10-12T07:49:23.703+0000] {processor.py:925} INFO - DAG(s) 'example_workday_timetable' retrieved from /home/vboxuser/airflow_venv/lib/python3.12/site-packages/airflow/example_dags/example_workday_timetable.py
[2024-10-12T07:49:23.733+0000] {logging_mixin.py:190} INFO - [2024-10-12T07:49:23.732+0000] {dag.py:3239} INFO - Sync 1 DAGs
[2024-10-12T07:49:23.765+0000] {logging_mixin.py:190} INFO - [2024-10-12T07:49:23.765+0000] {dag.py:4180} INFO - Setting next_dagrun for example_workday_timetable to 2021-01-01 00:00:00+00:00, run_after=2021-01-02 00:00:00+00:00
[2024-10-12T07:49:23.810+0000] {processor.py:208} INFO - Processing /home/vboxuser/airflow_venv/lib/python3.12/site-packages/airflow/example_dags/example_workday_timetable.py took 0.142 seconds
[2024-10-12T07:50:33.960+0000] {processor.py:186} INFO - Started process (PID=13103) to work on /home/vboxuser/airflow_venv/lib/python3.12/site-packages/airflow/example_dags/example_workday_timetable.py
[2024-10-12T07:50:33.963+0000] {processor.py:914} INFO - Processing file /home/vboxuser/airflow_venv/lib/python3.12/site-packages/airflow/example_dags/example_workday_timetable.py for tasks to queue
[2024-10-12T07:50:33.968+0000] {logging_mixin.py:190} INFO - [2024-10-12T07:50:33.967+0000] {dagbag.py:588} INFO - Filling up the DagBag from /home/vboxuser/airflow_venv/lib/python3.12/site-packages/airflow/example_dags/example_workday_timetable.py
[2024-10-12T07:50:33.983+0000] {processor.py:925} INFO - DAG(s) 'example_workday_timetable' retrieved from /home/vboxuser/airflow_venv/lib/python3.12/site-packages/airflow/example_dags/example_workday_timetable.py
[2024-10-12T07:50:34.022+0000] {logging_mixin.py:190} INFO - [2024-10-12T07:50:34.022+0000] {dag.py:3239} INFO - Sync 1 DAGs
[2024-10-12T07:50:34.071+0000] {logging_mixin.py:190} INFO - [2024-10-12T07:50:34.070+0000] {dag.py:4180} INFO - Setting next_dagrun for example_workday_timetable to 2021-01-01 00:00:00+00:00, run_after=2021-01-02 00:00:00+00:00
[2024-10-12T07:50:34.174+0000] {processor.py:208} INFO - Processing /home/vboxuser/airflow_venv/lib/python3.12/site-packages/airflow/example_dags/example_workday_timetable.py took 0.223 seconds
[2024-10-12T07:51:43.278+0000] {processor.py:186} INFO - Started process (PID=13228) to work on /home/vboxuser/airflow_venv/lib/python3.12/site-packages/airflow/example_dags/example_workday_timetable.py
[2024-10-12T07:51:43.283+0000] {processor.py:914} INFO - Processing file /home/vboxuser/airflow_venv/lib/python3.12/site-packages/airflow/example_dags/example_workday_timetable.py for tasks to queue
[2024-10-12T07:51:43.287+0000] {logging_mixin.py:190} INFO - [2024-10-12T07:51:43.286+0000] {dagbag.py:588} INFO - Filling up the DagBag from /home/vboxuser/airflow_venv/lib/python3.12/site-packages/airflow/example_dags/example_workday_timetable.py
[2024-10-12T07:51:43.301+0000] {processor.py:925} INFO - DAG(s) 'example_workday_timetable' retrieved from /home/vboxuser/airflow_venv/lib/python3.12/site-packages/airflow/example_dags/example_workday_timetable.py
[2024-10-12T07:51:43.327+0000] {logging_mixin.py:190} INFO - [2024-10-12T07:51:43.326+0000] {dag.py:3239} INFO - Sync 1 DAGs
[2024-10-12T07:51:43.364+0000] {logging_mixin.py:190} INFO - [2024-10-12T07:51:43.363+0000] {dag.py:4180} INFO - Setting next_dagrun for example_workday_timetable to 2021-01-01 00:00:00+00:00, run_after=2021-01-02 00:00:00+00:00
[2024-10-12T07:51:43.416+0000] {processor.py:208} INFO - Processing /home/vboxuser/airflow_venv/lib/python3.12/site-packages/airflow/example_dags/example_workday_timetable.py took 0.151 seconds
[2024-10-12T07:52:55.016+0000] {processor.py:186} INFO - Started process (PID=13305) to work on /home/vboxuser/airflow_venv/lib/python3.12/site-packages/airflow/example_dags/example_workday_timetable.py
[2024-10-12T07:52:55.022+0000] {processor.py:914} INFO - Processing file /home/vboxuser/airflow_venv/lib/python3.12/site-packages/airflow/example_dags/example_workday_timetable.py for tasks to queue
[2024-10-12T07:52:55.026+0000] {logging_mixin.py:190} INFO - [2024-10-12T07:52:55.025+0000] {dagbag.py:588} INFO - Filling up the DagBag from /home/vboxuser/airflow_venv/lib/python3.12/site-packages/airflow/example_dags/example_workday_timetable.py
[2024-10-12T07:52:55.038+0000] {processor.py:925} INFO - DAG(s) 'example_workday_timetable' retrieved from /home/vboxuser/airflow_venv/lib/python3.12/site-packages/airflow/example_dags/example_workday_timetable.py
[2024-10-12T07:52:55.062+0000] {logging_mixin.py:190} INFO - [2024-10-12T07:52:55.061+0000] {dag.py:3239} INFO - Sync 1 DAGs
[2024-10-12T07:52:55.092+0000] {logging_mixin.py:190} INFO - [2024-10-12T07:52:55.092+0000] {dag.py:4180} INFO - Setting next_dagrun for example_workday_timetable to 2021-01-01 00:00:00+00:00, run_after=2021-01-02 00:00:00+00:00
[2024-10-12T07:52:55.131+0000] {processor.py:208} INFO - Processing /home/vboxuser/airflow_venv/lib/python3.12/site-packages/airflow/example_dags/example_workday_timetable.py took 0.124 seconds
[2024-10-12T07:53:56.232+0000] {processor.py:186} INFO - Started process (PID=13373) to work on /home/vboxuser/airflow_venv/lib/python3.12/site-packages/airflow/example_dags/example_workday_timetable.py
[2024-10-12T07:53:56.238+0000] {processor.py:914} INFO - Processing file /home/vboxuser/airflow_venv/lib/python3.12/site-packages/airflow/example_dags/example_workday_timetable.py for tasks to queue
[2024-10-12T07:53:56.242+0000] {logging_mixin.py:190} INFO - [2024-10-12T07:53:56.241+0000] {dagbag.py:588} INFO - Filling up the DagBag from /home/vboxuser/airflow_venv/lib/python3.12/site-packages/airflow/example_dags/example_workday_timetable.py
[2024-10-12T07:53:56.251+0000] {processor.py:925} INFO - DAG(s) 'example_workday_timetable' retrieved from /home/vboxuser/airflow_venv/lib/python3.12/site-packages/airflow/example_dags/example_workday_timetable.py
[2024-10-12T07:53:56.274+0000] {logging_mixin.py:190} INFO - [2024-10-12T07:53:56.274+0000] {dag.py:3239} INFO - Sync 1 DAGs
[2024-10-12T07:53:56.313+0000] {logging_mixin.py:190} INFO - [2024-10-12T07:53:56.313+0000] {dag.py:4180} INFO - Setting next_dagrun for example_workday_timetable to 2021-01-01 00:00:00+00:00, run_after=2021-01-02 00:00:00+00:00
[2024-10-12T07:53:56.356+0000] {processor.py:208} INFO - Processing /home/vboxuser/airflow_venv/lib/python3.12/site-packages/airflow/example_dags/example_workday_timetable.py took 0.135 seconds
[2024-10-12T07:54:59.232+0000] {processor.py:186} INFO - Started process (PID=13431) to work on /home/vboxuser/airflow_venv/lib/python3.12/site-packages/airflow/example_dags/example_workday_timetable.py
[2024-10-12T07:54:59.239+0000] {processor.py:914} INFO - Processing file /home/vboxuser/airflow_venv/lib/python3.12/site-packages/airflow/example_dags/example_workday_timetable.py for tasks to queue
[2024-10-12T07:54:59.244+0000] {logging_mixin.py:190} INFO - [2024-10-12T07:54:59.243+0000] {dagbag.py:588} INFO - Filling up the DagBag from /home/vboxuser/airflow_venv/lib/python3.12/site-packages/airflow/example_dags/example_workday_timetable.py
[2024-10-12T07:54:59.255+0000] {processor.py:925} INFO - DAG(s) 'example_workday_timetable' retrieved from /home/vboxuser/airflow_venv/lib/python3.12/site-packages/airflow/example_dags/example_workday_timetable.py
[2024-10-12T07:54:59.281+0000] {logging_mixin.py:190} INFO - [2024-10-12T07:54:59.280+0000] {dag.py:3239} INFO - Sync 1 DAGs
[2024-10-12T07:54:59.313+0000] {logging_mixin.py:190} INFO - [2024-10-12T07:54:59.313+0000] {dag.py:4180} INFO - Setting next_dagrun for example_workday_timetable to 2021-01-01 00:00:00+00:00, run_after=2021-01-02 00:00:00+00:00
[2024-10-12T07:54:59.354+0000] {processor.py:208} INFO - Processing /home/vboxuser/airflow_venv/lib/python3.12/site-packages/airflow/example_dags/example_workday_timetable.py took 0.134 seconds
[2024-10-12T07:56:05.422+0000] {processor.py:186} INFO - Started process (PID=13498) to work on /home/vboxuser/airflow_venv/lib/python3.12/site-packages/airflow/example_dags/example_workday_timetable.py
[2024-10-12T07:56:05.424+0000] {processor.py:914} INFO - Processing file /home/vboxuser/airflow_venv/lib/python3.12/site-packages/airflow/example_dags/example_workday_timetable.py for tasks to queue
[2024-10-12T07:56:05.426+0000] {logging_mixin.py:190} INFO - [2024-10-12T07:56:05.426+0000] {dagbag.py:588} INFO - Filling up the DagBag from /home/vboxuser/airflow_venv/lib/python3.12/site-packages/airflow/example_dags/example_workday_timetable.py
[2024-10-12T07:56:05.434+0000] {processor.py:925} INFO - DAG(s) 'example_workday_timetable' retrieved from /home/vboxuser/airflow_venv/lib/python3.12/site-packages/airflow/example_dags/example_workday_timetable.py
[2024-10-12T07:56:05.453+0000] {logging_mixin.py:190} INFO - [2024-10-12T07:56:05.452+0000] {dag.py:3239} INFO - Sync 1 DAGs
[2024-10-12T07:56:05.476+0000] {logging_mixin.py:190} INFO - [2024-10-12T07:56:05.476+0000] {dag.py:4180} INFO - Setting next_dagrun for example_workday_timetable to 2021-01-01 00:00:00+00:00, run_after=2021-01-02 00:00:00+00:00
[2024-10-12T07:56:05.523+0000] {processor.py:208} INFO - Processing /home/vboxuser/airflow_venv/lib/python3.12/site-packages/airflow/example_dags/example_workday_timetable.py took 0.110 seconds
[2024-10-12T07:57:11.720+0000] {processor.py:186} INFO - Started process (PID=13568) to work on /home/vboxuser/airflow_venv/lib/python3.12/site-packages/airflow/example_dags/example_workday_timetable.py
[2024-10-12T07:57:11.723+0000] {processor.py:914} INFO - Processing file /home/vboxuser/airflow_venv/lib/python3.12/site-packages/airflow/example_dags/example_workday_timetable.py for tasks to queue
[2024-10-12T07:57:11.727+0000] {logging_mixin.py:190} INFO - [2024-10-12T07:57:11.726+0000] {dagbag.py:588} INFO - Filling up the DagBag from /home/vboxuser/airflow_venv/lib/python3.12/site-packages/airflow/example_dags/example_workday_timetable.py
[2024-10-12T07:57:11.738+0000] {processor.py:925} INFO - DAG(s) 'example_workday_timetable' retrieved from /home/vboxuser/airflow_venv/lib/python3.12/site-packages/airflow/example_dags/example_workday_timetable.py
[2024-10-12T07:57:11.758+0000] {logging_mixin.py:190} INFO - [2024-10-12T07:57:11.757+0000] {dag.py:3239} INFO - Sync 1 DAGs
[2024-10-12T07:57:11.784+0000] {logging_mixin.py:190} INFO - [2024-10-12T07:57:11.783+0000] {dag.py:4180} INFO - Setting next_dagrun for example_workday_timetable to 2021-01-01 00:00:00+00:00, run_after=2021-01-02 00:00:00+00:00
[2024-10-12T07:57:11.816+0000] {processor.py:208} INFO - Processing /home/vboxuser/airflow_venv/lib/python3.12/site-packages/airflow/example_dags/example_workday_timetable.py took 0.109 seconds
[2024-10-12T07:58:16.742+0000] {processor.py:186} INFO - Started process (PID=13631) to work on /home/vboxuser/airflow_venv/lib/python3.12/site-packages/airflow/example_dags/example_workday_timetable.py
[2024-10-12T07:58:16.747+0000] {processor.py:914} INFO - Processing file /home/vboxuser/airflow_venv/lib/python3.12/site-packages/airflow/example_dags/example_workday_timetable.py for tasks to queue
[2024-10-12T07:58:16.751+0000] {logging_mixin.py:190} INFO - [2024-10-12T07:58:16.750+0000] {dagbag.py:588} INFO - Filling up the DagBag from /home/vboxuser/airflow_venv/lib/python3.12/site-packages/airflow/example_dags/example_workday_timetable.py
[2024-10-12T07:58:16.760+0000] {processor.py:925} INFO - DAG(s) 'example_workday_timetable' retrieved from /home/vboxuser/airflow_venv/lib/python3.12/site-packages/airflow/example_dags/example_workday_timetable.py
[2024-10-12T07:58:16.779+0000] {logging_mixin.py:190} INFO - [2024-10-12T07:58:16.778+0000] {dag.py:3239} INFO - Sync 1 DAGs
[2024-10-12T07:58:16.801+0000] {logging_mixin.py:190} INFO - [2024-10-12T07:58:16.801+0000] {dag.py:4180} INFO - Setting next_dagrun for example_workday_timetable to 2021-01-01 00:00:00+00:00, run_after=2021-01-02 00:00:00+00:00
[2024-10-12T07:58:16.835+0000] {processor.py:208} INFO - Processing /home/vboxuser/airflow_venv/lib/python3.12/site-packages/airflow/example_dags/example_workday_timetable.py took 0.101 seconds
[2024-10-12T07:59:16.362+0000] {processor.py:186} INFO - Started process (PID=13688) to work on /home/vboxuser/airflow_venv/lib/python3.12/site-packages/airflow/example_dags/example_workday_timetable.py
[2024-10-12T07:59:16.368+0000] {processor.py:914} INFO - Processing file /home/vboxuser/airflow_venv/lib/python3.12/site-packages/airflow/example_dags/example_workday_timetable.py for tasks to queue
[2024-10-12T07:59:16.372+0000] {logging_mixin.py:190} INFO - [2024-10-12T07:59:16.372+0000] {dagbag.py:588} INFO - Filling up the DagBag from /home/vboxuser/airflow_venv/lib/python3.12/site-packages/airflow/example_dags/example_workday_timetable.py
[2024-10-12T07:59:16.381+0000] {processor.py:925} INFO - DAG(s) 'example_workday_timetable' retrieved from /home/vboxuser/airflow_venv/lib/python3.12/site-packages/airflow/example_dags/example_workday_timetable.py
[2024-10-12T07:59:16.404+0000] {logging_mixin.py:190} INFO - [2024-10-12T07:59:16.403+0000] {dag.py:3239} INFO - Sync 1 DAGs
[2024-10-12T07:59:16.432+0000] {logging_mixin.py:190} INFO - [2024-10-12T07:59:16.432+0000] {dag.py:4180} INFO - Setting next_dagrun for example_workday_timetable to 2021-01-01 00:00:00+00:00, run_after=2021-01-02 00:00:00+00:00
[2024-10-12T07:59:16.471+0000] {processor.py:208} INFO - Processing /home/vboxuser/airflow_venv/lib/python3.12/site-packages/airflow/example_dags/example_workday_timetable.py took 0.118 seconds
[2024-10-12T08:00:21.984+0000] {processor.py:186} INFO - Started process (PID=13747) to work on /home/vboxuser/airflow_venv/lib/python3.12/site-packages/airflow/example_dags/example_workday_timetable.py
[2024-10-12T08:00:21.989+0000] {processor.py:914} INFO - Processing file /home/vboxuser/airflow_venv/lib/python3.12/site-packages/airflow/example_dags/example_workday_timetable.py for tasks to queue
[2024-10-12T08:00:21.992+0000] {logging_mixin.py:190} INFO - [2024-10-12T08:00:21.992+0000] {dagbag.py:588} INFO - Filling up the DagBag from /home/vboxuser/airflow_venv/lib/python3.12/site-packages/airflow/example_dags/example_workday_timetable.py
[2024-10-12T08:00:22.000+0000] {processor.py:925} INFO - DAG(s) 'example_workday_timetable' retrieved from /home/vboxuser/airflow_venv/lib/python3.12/site-packages/airflow/example_dags/example_workday_timetable.py
[2024-10-12T08:00:22.019+0000] {logging_mixin.py:190} INFO - [2024-10-12T08:00:22.019+0000] {dag.py:3239} INFO - Sync 1 DAGs
[2024-10-12T08:00:22.043+0000] {logging_mixin.py:190} INFO - [2024-10-12T08:00:22.042+0000] {dag.py:4180} INFO - Setting next_dagrun for example_workday_timetable to 2021-01-01 00:00:00+00:00, run_after=2021-01-02 00:00:00+00:00
[2024-10-12T08:00:22.078+0000] {processor.py:208} INFO - Processing /home/vboxuser/airflow_venv/lib/python3.12/site-packages/airflow/example_dags/example_workday_timetable.py took 0.105 seconds
[2024-10-12T08:01:25.161+0000] {processor.py:186} INFO - Started process (PID=13808) to work on /home/vboxuser/airflow_venv/lib/python3.12/site-packages/airflow/example_dags/example_workday_timetable.py
[2024-10-12T08:01:25.166+0000] {processor.py:914} INFO - Processing file /home/vboxuser/airflow_venv/lib/python3.12/site-packages/airflow/example_dags/example_workday_timetable.py for tasks to queue
[2024-10-12T08:01:25.171+0000] {logging_mixin.py:190} INFO - [2024-10-12T08:01:25.170+0000] {dagbag.py:588} INFO - Filling up the DagBag from /home/vboxuser/airflow_venv/lib/python3.12/site-packages/airflow/example_dags/example_workday_timetable.py
[2024-10-12T08:01:25.182+0000] {processor.py:925} INFO - DAG(s) 'example_workday_timetable' retrieved from /home/vboxuser/airflow_venv/lib/python3.12/site-packages/airflow/example_dags/example_workday_timetable.py
[2024-10-12T08:01:25.209+0000] {logging_mixin.py:190} INFO - [2024-10-12T08:01:25.209+0000] {dag.py:3239} INFO - Sync 1 DAGs
[2024-10-12T08:01:25.237+0000] {logging_mixin.py:190} INFO - [2024-10-12T08:01:25.237+0000] {dag.py:4180} INFO - Setting next_dagrun for example_workday_timetable to 2021-01-01 00:00:00+00:00, run_after=2021-01-02 00:00:00+00:00
[2024-10-12T08:01:25.271+0000] {processor.py:208} INFO - Processing /home/vboxuser/airflow_venv/lib/python3.12/site-packages/airflow/example_dags/example_workday_timetable.py took 0.122 seconds
[2024-10-12T08:02:34.960+0000] {processor.py:186} INFO - Started process (PID=13869) to work on /home/vboxuser/airflow_venv/lib/python3.12/site-packages/airflow/example_dags/example_workday_timetable.py
[2024-10-12T08:02:34.966+0000] {processor.py:914} INFO - Processing file /home/vboxuser/airflow_venv/lib/python3.12/site-packages/airflow/example_dags/example_workday_timetable.py for tasks to queue
[2024-10-12T08:02:34.971+0000] {logging_mixin.py:190} INFO - [2024-10-12T08:02:34.970+0000] {dagbag.py:588} INFO - Filling up the DagBag from /home/vboxuser/airflow_venv/lib/python3.12/site-packages/airflow/example_dags/example_workday_timetable.py
[2024-10-12T08:02:34.983+0000] {processor.py:925} INFO - DAG(s) 'example_workday_timetable' retrieved from /home/vboxuser/airflow_venv/lib/python3.12/site-packages/airflow/example_dags/example_workday_timetable.py
[2024-10-12T08:02:35.035+0000] {logging_mixin.py:190} INFO - [2024-10-12T08:02:35.035+0000] {dag.py:3239} INFO - Sync 1 DAGs
[2024-10-12T08:02:35.065+0000] {logging_mixin.py:190} INFO - [2024-10-12T08:02:35.064+0000] {dag.py:4180} INFO - Setting next_dagrun for example_workday_timetable to 2021-01-01 00:00:00+00:00, run_after=2021-01-02 00:00:00+00:00
[2024-10-12T08:02:35.111+0000] {processor.py:208} INFO - Processing /home/vboxuser/airflow_venv/lib/python3.12/site-packages/airflow/example_dags/example_workday_timetable.py took 0.161 seconds
[2024-10-12T08:03:36.709+0000] {processor.py:186} INFO - Started process (PID=13927) to work on /home/vboxuser/airflow_venv/lib/python3.12/site-packages/airflow/example_dags/example_workday_timetable.py
[2024-10-12T08:03:36.714+0000] {processor.py:914} INFO - Processing file /home/vboxuser/airflow_venv/lib/python3.12/site-packages/airflow/example_dags/example_workday_timetable.py for tasks to queue
[2024-10-12T08:03:36.718+0000] {logging_mixin.py:190} INFO - [2024-10-12T08:03:36.718+0000] {dagbag.py:588} INFO - Filling up the DagBag from /home/vboxuser/airflow_venv/lib/python3.12/site-packages/airflow/example_dags/example_workday_timetable.py
[2024-10-12T08:03:36.730+0000] {processor.py:925} INFO - DAG(s) 'example_workday_timetable' retrieved from /home/vboxuser/airflow_venv/lib/python3.12/site-packages/airflow/example_dags/example_workday_timetable.py
[2024-10-12T08:03:36.754+0000] {logging_mixin.py:190} INFO - [2024-10-12T08:03:36.754+0000] {dag.py:3239} INFO - Sync 1 DAGs
[2024-10-12T08:03:36.782+0000] {logging_mixin.py:190} INFO - [2024-10-12T08:03:36.781+0000] {dag.py:4180} INFO - Setting next_dagrun for example_workday_timetable to 2021-01-01 00:00:00+00:00, run_after=2021-01-02 00:00:00+00:00
[2024-10-12T08:03:36.819+0000] {processor.py:208} INFO - Processing /home/vboxuser/airflow_venv/lib/python3.12/site-packages/airflow/example_dags/example_workday_timetable.py took 0.126 seconds
[2024-10-12T08:04:46.947+0000] {processor.py:186} INFO - Started process (PID=14001) to work on /home/vboxuser/airflow_venv/lib/python3.12/site-packages/airflow/example_dags/example_workday_timetable.py
[2024-10-12T08:04:46.952+0000] {processor.py:914} INFO - Processing file /home/vboxuser/airflow_venv/lib/python3.12/site-packages/airflow/example_dags/example_workday_timetable.py for tasks to queue
[2024-10-12T08:04:46.956+0000] {logging_mixin.py:190} INFO - [2024-10-12T08:04:46.955+0000] {dagbag.py:588} INFO - Filling up the DagBag from /home/vboxuser/airflow_venv/lib/python3.12/site-packages/airflow/example_dags/example_workday_timetable.py
[2024-10-12T08:04:46.968+0000] {processor.py:925} INFO - DAG(s) 'example_workday_timetable' retrieved from /home/vboxuser/airflow_venv/lib/python3.12/site-packages/airflow/example_dags/example_workday_timetable.py
[2024-10-12T08:04:47.007+0000] {logging_mixin.py:190} INFO - [2024-10-12T08:04:47.007+0000] {dag.py:3239} INFO - Sync 1 DAGs
[2024-10-12T08:04:47.044+0000] {logging_mixin.py:190} INFO - [2024-10-12T08:04:47.044+0000] {dag.py:4180} INFO - Setting next_dagrun for example_workday_timetable to 2021-01-01 00:00:00+00:00, run_after=2021-01-02 00:00:00+00:00
[2024-10-12T08:04:47.088+0000] {processor.py:208} INFO - Processing /home/vboxuser/airflow_venv/lib/python3.12/site-packages/airflow/example_dags/example_workday_timetable.py took 0.149 seconds
[2024-10-12T08:05:56.498+0000] {processor.py:186} INFO - Started process (PID=14071) to work on /home/vboxuser/airflow_venv/lib/python3.12/site-packages/airflow/example_dags/example_workday_timetable.py
[2024-10-12T08:05:56.505+0000] {processor.py:914} INFO - Processing file /home/vboxuser/airflow_venv/lib/python3.12/site-packages/airflow/example_dags/example_workday_timetable.py for tasks to queue
[2024-10-12T08:05:56.513+0000] {logging_mixin.py:190} INFO - [2024-10-12T08:05:56.512+0000] {dagbag.py:588} INFO - Filling up the DagBag from /home/vboxuser/airflow_venv/lib/python3.12/site-packages/airflow/example_dags/example_workday_timetable.py
[2024-10-12T08:05:56.527+0000] {processor.py:925} INFO - DAG(s) 'example_workday_timetable' retrieved from /home/vboxuser/airflow_venv/lib/python3.12/site-packages/airflow/example_dags/example_workday_timetable.py
[2024-10-12T08:05:56.562+0000] {logging_mixin.py:190} INFO - [2024-10-12T08:05:56.561+0000] {dag.py:3239} INFO - Sync 1 DAGs
[2024-10-12T08:05:56.606+0000] {logging_mixin.py:190} INFO - [2024-10-12T08:05:56.605+0000] {dag.py:4180} INFO - Setting next_dagrun for example_workday_timetable to 2021-01-01 00:00:00+00:00, run_after=2021-01-02 00:00:00+00:00
[2024-10-12T08:05:56.662+0000] {processor.py:208} INFO - Processing /home/vboxuser/airflow_venv/lib/python3.12/site-packages/airflow/example_dags/example_workday_timetable.py took 0.176 seconds
[2024-10-12T08:07:11.598+0000] {processor.py:186} INFO - Started process (PID=14136) to work on /home/vboxuser/airflow_venv/lib/python3.12/site-packages/airflow/example_dags/example_workday_timetable.py
[2024-10-12T08:07:11.604+0000] {processor.py:914} INFO - Processing file /home/vboxuser/airflow_venv/lib/python3.12/site-packages/airflow/example_dags/example_workday_timetable.py for tasks to queue
[2024-10-12T08:07:11.609+0000] {logging_mixin.py:190} INFO - [2024-10-12T08:07:11.608+0000] {dagbag.py:588} INFO - Filling up the DagBag from /home/vboxuser/airflow_venv/lib/python3.12/site-packages/airflow/example_dags/example_workday_timetable.py
[2024-10-12T08:07:11.624+0000] {processor.py:925} INFO - DAG(s) 'example_workday_timetable' retrieved from /home/vboxuser/airflow_venv/lib/python3.12/site-packages/airflow/example_dags/example_workday_timetable.py
[2024-10-12T08:07:11.663+0000] {logging_mixin.py:190} INFO - [2024-10-12T08:07:11.663+0000] {dag.py:3239} INFO - Sync 1 DAGs
[2024-10-12T08:07:11.711+0000] {logging_mixin.py:190} INFO - [2024-10-12T08:07:11.709+0000] {dag.py:4180} INFO - Setting next_dagrun for example_workday_timetable to 2021-01-01 00:00:00+00:00, run_after=2021-01-02 00:00:00+00:00
[2024-10-12T08:07:11.773+0000] {processor.py:208} INFO - Processing /home/vboxuser/airflow_venv/lib/python3.12/site-packages/airflow/example_dags/example_workday_timetable.py took 0.190 seconds
[2024-10-12T08:08:25.258+0000] {processor.py:186} INFO - Started process (PID=14204) to work on /home/vboxuser/airflow_venv/lib/python3.12/site-packages/airflow/example_dags/example_workday_timetable.py
[2024-10-12T08:08:25.263+0000] {processor.py:914} INFO - Processing file /home/vboxuser/airflow_venv/lib/python3.12/site-packages/airflow/example_dags/example_workday_timetable.py for tasks to queue
[2024-10-12T08:08:25.267+0000] {logging_mixin.py:190} INFO - [2024-10-12T08:08:25.266+0000] {dagbag.py:588} INFO - Filling up the DagBag from /home/vboxuser/airflow_venv/lib/python3.12/site-packages/airflow/example_dags/example_workday_timetable.py
[2024-10-12T08:08:25.276+0000] {processor.py:925} INFO - DAG(s) 'example_workday_timetable' retrieved from /home/vboxuser/airflow_venv/lib/python3.12/site-packages/airflow/example_dags/example_workday_timetable.py
[2024-10-12T08:08:25.312+0000] {logging_mixin.py:190} INFO - [2024-10-12T08:08:25.312+0000] {dag.py:3239} INFO - Sync 1 DAGs
[2024-10-12T08:08:25.343+0000] {logging_mixin.py:190} INFO - [2024-10-12T08:08:25.343+0000] {dag.py:4180} INFO - Setting next_dagrun for example_workday_timetable to 2021-01-01 00:00:00+00:00, run_after=2021-01-02 00:00:00+00:00
[2024-10-12T08:08:25.393+0000] {processor.py:208} INFO - Processing /home/vboxuser/airflow_venv/lib/python3.12/site-packages/airflow/example_dags/example_workday_timetable.py took 0.148 seconds
[2024-10-12T08:09:42.653+0000] {processor.py:186} INFO - Started process (PID=14268) to work on /home/vboxuser/airflow_venv/lib/python3.12/site-packages/airflow/example_dags/example_workday_timetable.py
[2024-10-12T08:09:42.657+0000] {processor.py:914} INFO - Processing file /home/vboxuser/airflow_venv/lib/python3.12/site-packages/airflow/example_dags/example_workday_timetable.py for tasks to queue
[2024-10-12T08:09:42.663+0000] {logging_mixin.py:190} INFO - [2024-10-12T08:09:42.662+0000] {dagbag.py:588} INFO - Filling up the DagBag from /home/vboxuser/airflow_venv/lib/python3.12/site-packages/airflow/example_dags/example_workday_timetable.py
[2024-10-12T08:09:42.680+0000] {processor.py:925} INFO - DAG(s) 'example_workday_timetable' retrieved from /home/vboxuser/airflow_venv/lib/python3.12/site-packages/airflow/example_dags/example_workday_timetable.py
[2024-10-12T08:09:42.710+0000] {logging_mixin.py:190} INFO - [2024-10-12T08:09:42.710+0000] {dag.py:3239} INFO - Sync 1 DAGs
[2024-10-12T08:09:42.737+0000] {logging_mixin.py:190} INFO - [2024-10-12T08:09:42.736+0000] {dag.py:4180} INFO - Setting next_dagrun for example_workday_timetable to 2021-01-01 00:00:00+00:00, run_after=2021-01-02 00:00:00+00:00
[2024-10-12T08:09:42.778+0000] {processor.py:208} INFO - Processing /home/vboxuser/airflow_venv/lib/python3.12/site-packages/airflow/example_dags/example_workday_timetable.py took 0.144 seconds
[2024-10-12T08:10:58.545+0000] {processor.py:186} INFO - Started process (PID=14336) to work on /home/vboxuser/airflow_venv/lib/python3.12/site-packages/airflow/example_dags/example_workday_timetable.py
[2024-10-12T08:10:58.549+0000] {processor.py:914} INFO - Processing file /home/vboxuser/airflow_venv/lib/python3.12/site-packages/airflow/example_dags/example_workday_timetable.py for tasks to queue
[2024-10-12T08:10:58.555+0000] {logging_mixin.py:190} INFO - [2024-10-12T08:10:58.554+0000] {dagbag.py:588} INFO - Filling up the DagBag from /home/vboxuser/airflow_venv/lib/python3.12/site-packages/airflow/example_dags/example_workday_timetable.py
[2024-10-12T08:10:58.568+0000] {processor.py:925} INFO - DAG(s) 'example_workday_timetable' retrieved from /home/vboxuser/airflow_venv/lib/python3.12/site-packages/airflow/example_dags/example_workday_timetable.py
[2024-10-12T08:10:58.601+0000] {logging_mixin.py:190} INFO - [2024-10-12T08:10:58.601+0000] {dag.py:3239} INFO - Sync 1 DAGs
[2024-10-12T08:10:58.648+0000] {logging_mixin.py:190} INFO - [2024-10-12T08:10:58.647+0000] {dag.py:4180} INFO - Setting next_dagrun for example_workday_timetable to 2021-01-01 00:00:00+00:00, run_after=2021-01-02 00:00:00+00:00
[2024-10-12T08:10:58.715+0000] {processor.py:208} INFO - Processing /home/vboxuser/airflow_venv/lib/python3.12/site-packages/airflow/example_dags/example_workday_timetable.py took 0.184 seconds
[2024-10-12T08:12:04.510+0000] {processor.py:186} INFO - Started process (PID=14396) to work on /home/vboxuser/airflow_venv/lib/python3.12/site-packages/airflow/example_dags/example_workday_timetable.py
[2024-10-12T08:12:04.518+0000] {processor.py:914} INFO - Processing file /home/vboxuser/airflow_venv/lib/python3.12/site-packages/airflow/example_dags/example_workday_timetable.py for tasks to queue
[2024-10-12T08:12:04.544+0000] {logging_mixin.py:190} INFO - [2024-10-12T08:12:04.542+0000] {dagbag.py:588} INFO - Filling up the DagBag from /home/vboxuser/airflow_venv/lib/python3.12/site-packages/airflow/example_dags/example_workday_timetable.py
[2024-10-12T08:12:04.566+0000] {processor.py:925} INFO - DAG(s) 'example_workday_timetable' retrieved from /home/vboxuser/airflow_venv/lib/python3.12/site-packages/airflow/example_dags/example_workday_timetable.py
[2024-10-12T08:12:04.588+0000] {logging_mixin.py:190} INFO - [2024-10-12T08:12:04.588+0000] {dag.py:3239} INFO - Sync 1 DAGs
[2024-10-12T08:12:04.624+0000] {logging_mixin.py:190} INFO - [2024-10-12T08:12:04.624+0000] {dag.py:4180} INFO - Setting next_dagrun for example_workday_timetable to 2021-01-01 00:00:00+00:00, run_after=2021-01-02 00:00:00+00:00
[2024-10-12T08:12:04.680+0000] {processor.py:208} INFO - Processing /home/vboxuser/airflow_venv/lib/python3.12/site-packages/airflow/example_dags/example_workday_timetable.py took 0.184 seconds
[2024-10-12T08:13:13.925+0000] {processor.py:186} INFO - Started process (PID=14458) to work on /home/vboxuser/airflow_venv/lib/python3.12/site-packages/airflow/example_dags/example_workday_timetable.py
[2024-10-12T08:13:13.934+0000] {processor.py:914} INFO - Processing file /home/vboxuser/airflow_venv/lib/python3.12/site-packages/airflow/example_dags/example_workday_timetable.py for tasks to queue
[2024-10-12T08:13:13.939+0000] {logging_mixin.py:190} INFO - [2024-10-12T08:13:13.938+0000] {dagbag.py:588} INFO - Filling up the DagBag from /home/vboxuser/airflow_venv/lib/python3.12/site-packages/airflow/example_dags/example_workday_timetable.py
[2024-10-12T08:13:13.952+0000] {processor.py:925} INFO - DAG(s) 'example_workday_timetable' retrieved from /home/vboxuser/airflow_venv/lib/python3.12/site-packages/airflow/example_dags/example_workday_timetable.py
[2024-10-12T08:13:13.972+0000] {logging_mixin.py:190} INFO - [2024-10-12T08:13:13.972+0000] {dag.py:3239} INFO - Sync 1 DAGs
[2024-10-12T08:13:14.008+0000] {logging_mixin.py:190} INFO - [2024-10-12T08:13:14.008+0000] {dag.py:4180} INFO - Setting next_dagrun for example_workday_timetable to 2021-01-01 00:00:00+00:00, run_after=2021-01-02 00:00:00+00:00
[2024-10-12T08:13:14.066+0000] {processor.py:208} INFO - Processing /home/vboxuser/airflow_venv/lib/python3.12/site-packages/airflow/example_dags/example_workday_timetable.py took 0.155 seconds
[2024-10-12T08:14:28.278+0000] {processor.py:186} INFO - Started process (PID=14520) to work on /home/vboxuser/airflow_venv/lib/python3.12/site-packages/airflow/example_dags/example_workday_timetable.py
[2024-10-12T08:14:28.282+0000] {processor.py:914} INFO - Processing file /home/vboxuser/airflow_venv/lib/python3.12/site-packages/airflow/example_dags/example_workday_timetable.py for tasks to queue
[2024-10-12T08:14:28.287+0000] {logging_mixin.py:190} INFO - [2024-10-12T08:14:28.286+0000] {dagbag.py:588} INFO - Filling up the DagBag from /home/vboxuser/airflow_venv/lib/python3.12/site-packages/airflow/example_dags/example_workday_timetable.py
[2024-10-12T08:14:28.299+0000] {processor.py:925} INFO - DAG(s) 'example_workday_timetable' retrieved from /home/vboxuser/airflow_venv/lib/python3.12/site-packages/airflow/example_dags/example_workday_timetable.py
[2024-10-12T08:14:28.336+0000] {logging_mixin.py:190} INFO - [2024-10-12T08:14:28.336+0000] {dag.py:3239} INFO - Sync 1 DAGs
[2024-10-12T08:14:28.376+0000] {logging_mixin.py:190} INFO - [2024-10-12T08:14:28.376+0000] {dag.py:4180} INFO - Setting next_dagrun for example_workday_timetable to 2021-01-01 00:00:00+00:00, run_after=2021-01-02 00:00:00+00:00
[2024-10-12T08:14:28.440+0000] {processor.py:208} INFO - Processing /home/vboxuser/airflow_venv/lib/python3.12/site-packages/airflow/example_dags/example_workday_timetable.py took 0.176 seconds
[2024-10-12T08:15:42.744+0000] {processor.py:186} INFO - Started process (PID=14586) to work on /home/vboxuser/airflow_venv/lib/python3.12/site-packages/airflow/example_dags/example_workday_timetable.py
[2024-10-12T08:15:42.751+0000] {processor.py:914} INFO - Processing file /home/vboxuser/airflow_venv/lib/python3.12/site-packages/airflow/example_dags/example_workday_timetable.py for tasks to queue
[2024-10-12T08:15:42.756+0000] {logging_mixin.py:190} INFO - [2024-10-12T08:15:42.755+0000] {dagbag.py:588} INFO - Filling up the DagBag from /home/vboxuser/airflow_venv/lib/python3.12/site-packages/airflow/example_dags/example_workday_timetable.py
[2024-10-12T08:15:42.768+0000] {processor.py:925} INFO - DAG(s) 'example_workday_timetable' retrieved from /home/vboxuser/airflow_venv/lib/python3.12/site-packages/airflow/example_dags/example_workday_timetable.py
[2024-10-12T08:15:42.791+0000] {logging_mixin.py:190} INFO - [2024-10-12T08:15:42.791+0000] {dag.py:3239} INFO - Sync 1 DAGs
[2024-10-12T08:15:42.824+0000] {logging_mixin.py:190} INFO - [2024-10-12T08:15:42.824+0000] {dag.py:4180} INFO - Setting next_dagrun for example_workday_timetable to 2021-01-01 00:00:00+00:00, run_after=2021-01-02 00:00:00+00:00
[2024-10-12T08:15:42.891+0000] {processor.py:208} INFO - Processing /home/vboxuser/airflow_venv/lib/python3.12/site-packages/airflow/example_dags/example_workday_timetable.py took 0.159 seconds
[2024-10-12T08:16:55.848+0000] {processor.py:186} INFO - Started process (PID=14649) to work on /home/vboxuser/airflow_venv/lib/python3.12/site-packages/airflow/example_dags/example_workday_timetable.py
[2024-10-12T08:16:55.853+0000] {processor.py:914} INFO - Processing file /home/vboxuser/airflow_venv/lib/python3.12/site-packages/airflow/example_dags/example_workday_timetable.py for tasks to queue
[2024-10-12T08:16:55.859+0000] {logging_mixin.py:190} INFO - [2024-10-12T08:16:55.858+0000] {dagbag.py:588} INFO - Filling up the DagBag from /home/vboxuser/airflow_venv/lib/python3.12/site-packages/airflow/example_dags/example_workday_timetable.py
[2024-10-12T08:16:55.873+0000] {processor.py:925} INFO - DAG(s) 'example_workday_timetable' retrieved from /home/vboxuser/airflow_venv/lib/python3.12/site-packages/airflow/example_dags/example_workday_timetable.py
[2024-10-12T08:16:55.896+0000] {logging_mixin.py:190} INFO - [2024-10-12T08:16:55.895+0000] {dag.py:3239} INFO - Sync 1 DAGs
[2024-10-12T08:16:55.923+0000] {logging_mixin.py:190} INFO - [2024-10-12T08:16:55.923+0000] {dag.py:4180} INFO - Setting next_dagrun for example_workday_timetable to 2021-01-01 00:00:00+00:00, run_after=2021-01-02 00:00:00+00:00
[2024-10-12T08:16:55.979+0000] {processor.py:208} INFO - Processing /home/vboxuser/airflow_venv/lib/python3.12/site-packages/airflow/example_dags/example_workday_timetable.py took 0.145 seconds
