[2024-10-12T07:09:01.273+0000] {processor.py:186} INFO - Started process (PID=11314) to work on /home/vboxuser/airflow_venv/lib/python3.12/site-packages/airflow/example_dags/example_time_delta_sensor_async.py
[2024-10-12T07:09:01.275+0000] {processor.py:914} INFO - Processing file /home/vboxuser/airflow_venv/lib/python3.12/site-packages/airflow/example_dags/example_time_delta_sensor_async.py for tasks to queue
[2024-10-12T07:09:01.278+0000] {logging_mixin.py:190} INFO - [2024-10-12T07:09:01.277+0000] {dagbag.py:588} INFO - Filling up the DagBag from /home/vboxuser/airflow_venv/lib/python3.12/site-packages/airflow/example_dags/example_time_delta_sensor_async.py
[2024-10-12T07:09:01.289+0000] {processor.py:925} INFO - DAG(s) 'example_time_delta_sensor_async' retrieved from /home/vboxuser/airflow_venv/lib/python3.12/site-packages/airflow/example_dags/example_time_delta_sensor_async.py
[2024-10-12T07:09:01.431+0000] {logging_mixin.py:190} INFO - [2024-10-12T07:09:01.430+0000] {override.py:1901} INFO - Created Permission View: can delete on DAG:example_time_delta_sensor_async
[2024-10-12T07:09:01.452+0000] {logging_mixin.py:190} INFO - [2024-10-12T07:09:01.451+0000] {override.py:1901} INFO - Created Permission View: can read on DAG:example_time_delta_sensor_async
[2024-10-12T07:09:01.469+0000] {logging_mixin.py:190} INFO - [2024-10-12T07:09:01.469+0000] {override.py:1901} INFO - Created Permission View: can edit on DAG:example_time_delta_sensor_async
[2024-10-12T07:09:01.497+0000] {logging_mixin.py:190} INFO - [2024-10-12T07:09:01.497+0000] {override.py:1901} INFO - Created Permission View: can delete on DAG Run:example_time_delta_sensor_async
[2024-10-12T07:09:01.514+0000] {logging_mixin.py:190} INFO - [2024-10-12T07:09:01.514+0000] {override.py:1901} INFO - Created Permission View: can read on DAG Run:example_time_delta_sensor_async
[2024-10-12T07:09:01.533+0000] {logging_mixin.py:190} INFO - [2024-10-12T07:09:01.532+0000] {override.py:1901} INFO - Created Permission View: menu access on DAG Run:example_time_delta_sensor_async
[2024-10-12T07:09:01.551+0000] {logging_mixin.py:190} INFO - [2024-10-12T07:09:01.551+0000] {override.py:1901} INFO - Created Permission View: can create on DAG Run:example_time_delta_sensor_async
[2024-10-12T07:09:01.552+0000] {logging_mixin.py:190} INFO - [2024-10-12T07:09:01.552+0000] {dag.py:3239} INFO - Sync 1 DAGs
[2024-10-12T07:09:01.565+0000] {logging_mixin.py:190} INFO - [2024-10-12T07:09:01.564+0000] {dag.py:3262} INFO - Creating ORM DAG for example_time_delta_sensor_async
[2024-10-12T07:09:01.565+0000] {logging_mixin.py:190} INFO - [2024-10-12T07:09:01.565+0000] {dag.py:4180} INFO - Setting next_dagrun for example_time_delta_sensor_async to None, run_after=None
[2024-10-12T07:09:01.597+0000] {processor.py:208} INFO - Processing /home/vboxuser/airflow_venv/lib/python3.12/site-packages/airflow/example_dags/example_time_delta_sensor_async.py took 0.335 seconds
[2024-10-12T07:10:09.404+0000] {processor.py:186} INFO - Started process (PID=11377) to work on /home/vboxuser/airflow_venv/lib/python3.12/site-packages/airflow/example_dags/example_time_delta_sensor_async.py
[2024-10-12T07:10:09.409+0000] {processor.py:914} INFO - Processing file /home/vboxuser/airflow_venv/lib/python3.12/site-packages/airflow/example_dags/example_time_delta_sensor_async.py for tasks to queue
[2024-10-12T07:10:09.413+0000] {logging_mixin.py:190} INFO - [2024-10-12T07:10:09.412+0000] {dagbag.py:588} INFO - Filling up the DagBag from /home/vboxuser/airflow_venv/lib/python3.12/site-packages/airflow/example_dags/example_time_delta_sensor_async.py
[2024-10-12T07:10:09.430+0000] {processor.py:925} INFO - DAG(s) 'example_time_delta_sensor_async' retrieved from /home/vboxuser/airflow_venv/lib/python3.12/site-packages/airflow/example_dags/example_time_delta_sensor_async.py
[2024-10-12T07:10:09.469+0000] {logging_mixin.py:190} INFO - [2024-10-12T07:10:09.469+0000] {dag.py:3239} INFO - Sync 1 DAGs
[2024-10-12T07:10:09.489+0000] {logging_mixin.py:190} INFO - [2024-10-12T07:10:09.488+0000] {dag.py:4180} INFO - Setting next_dagrun for example_time_delta_sensor_async to None, run_after=None
[2024-10-12T07:10:09.536+0000] {processor.py:208} INFO - Processing /home/vboxuser/airflow_venv/lib/python3.12/site-packages/airflow/example_dags/example_time_delta_sensor_async.py took 0.140 seconds
[2024-10-12T07:11:10.925+0000] {processor.py:186} INFO - Started process (PID=11434) to work on /home/vboxuser/airflow_venv/lib/python3.12/site-packages/airflow/example_dags/example_time_delta_sensor_async.py
[2024-10-12T07:11:10.929+0000] {processor.py:914} INFO - Processing file /home/vboxuser/airflow_venv/lib/python3.12/site-packages/airflow/example_dags/example_time_delta_sensor_async.py for tasks to queue
[2024-10-12T07:11:10.935+0000] {logging_mixin.py:190} INFO - [2024-10-12T07:11:10.934+0000] {dagbag.py:588} INFO - Filling up the DagBag from /home/vboxuser/airflow_venv/lib/python3.12/site-packages/airflow/example_dags/example_time_delta_sensor_async.py
[2024-10-12T07:11:10.949+0000] {processor.py:925} INFO - DAG(s) 'example_time_delta_sensor_async' retrieved from /home/vboxuser/airflow_venv/lib/python3.12/site-packages/airflow/example_dags/example_time_delta_sensor_async.py
[2024-10-12T07:11:10.969+0000] {logging_mixin.py:190} INFO - [2024-10-12T07:11:10.969+0000] {dag.py:3239} INFO - Sync 1 DAGs
[2024-10-12T07:11:10.983+0000] {logging_mixin.py:190} INFO - [2024-10-12T07:11:10.983+0000] {dag.py:4180} INFO - Setting next_dagrun for example_time_delta_sensor_async to None, run_after=None
[2024-10-12T07:11:11.022+0000] {processor.py:208} INFO - Processing /home/vboxuser/airflow_venv/lib/python3.12/site-packages/airflow/example_dags/example_time_delta_sensor_async.py took 0.107 seconds
[2024-10-12T07:12:17.222+0000] {processor.py:186} INFO - Started process (PID=11495) to work on /home/vboxuser/airflow_venv/lib/python3.12/site-packages/airflow/example_dags/example_time_delta_sensor_async.py
[2024-10-12T07:12:17.225+0000] {processor.py:914} INFO - Processing file /home/vboxuser/airflow_venv/lib/python3.12/site-packages/airflow/example_dags/example_time_delta_sensor_async.py for tasks to queue
[2024-10-12T07:12:17.228+0000] {logging_mixin.py:190} INFO - [2024-10-12T07:12:17.227+0000] {dagbag.py:588} INFO - Filling up the DagBag from /home/vboxuser/airflow_venv/lib/python3.12/site-packages/airflow/example_dags/example_time_delta_sensor_async.py
[2024-10-12T07:12:17.236+0000] {processor.py:925} INFO - DAG(s) 'example_time_delta_sensor_async' retrieved from /home/vboxuser/airflow_venv/lib/python3.12/site-packages/airflow/example_dags/example_time_delta_sensor_async.py
[2024-10-12T07:12:17.253+0000] {logging_mixin.py:190} INFO - [2024-10-12T07:12:17.253+0000] {dag.py:3239} INFO - Sync 1 DAGs
[2024-10-12T07:12:17.267+0000] {logging_mixin.py:190} INFO - [2024-10-12T07:12:17.267+0000] {dag.py:4180} INFO - Setting next_dagrun for example_time_delta_sensor_async to None, run_after=None
[2024-10-12T07:12:17.302+0000] {processor.py:208} INFO - Processing /home/vboxuser/airflow_venv/lib/python3.12/site-packages/airflow/example_dags/example_time_delta_sensor_async.py took 0.087 seconds
[2024-10-12T07:13:19.672+0000] {processor.py:186} INFO - Started process (PID=11559) to work on /home/vboxuser/airflow_venv/lib/python3.12/site-packages/airflow/example_dags/example_time_delta_sensor_async.py
[2024-10-12T07:13:19.685+0000] {processor.py:914} INFO - Processing file /home/vboxuser/airflow_venv/lib/python3.12/site-packages/airflow/example_dags/example_time_delta_sensor_async.py for tasks to queue
[2024-10-12T07:13:19.695+0000] {logging_mixin.py:190} INFO - [2024-10-12T07:13:19.694+0000] {dagbag.py:588} INFO - Filling up the DagBag from /home/vboxuser/airflow_venv/lib/python3.12/site-packages/airflow/example_dags/example_time_delta_sensor_async.py
[2024-10-12T07:13:19.710+0000] {processor.py:925} INFO - DAG(s) 'example_time_delta_sensor_async' retrieved from /home/vboxuser/airflow_venv/lib/python3.12/site-packages/airflow/example_dags/example_time_delta_sensor_async.py
[2024-10-12T07:13:19.742+0000] {logging_mixin.py:190} INFO - [2024-10-12T07:13:19.742+0000] {dag.py:3239} INFO - Sync 1 DAGs
[2024-10-12T07:13:19.762+0000] {logging_mixin.py:190} INFO - [2024-10-12T07:13:19.761+0000] {dag.py:4180} INFO - Setting next_dagrun for example_time_delta_sensor_async to None, run_after=None
[2024-10-12T07:13:19.819+0000] {processor.py:208} INFO - Processing /home/vboxuser/airflow_venv/lib/python3.12/site-packages/airflow/example_dags/example_time_delta_sensor_async.py took 0.158 seconds
[2024-10-12T07:14:25.503+0000] {processor.py:186} INFO - Started process (PID=11694) to work on /home/vboxuser/airflow_venv/lib/python3.12/site-packages/airflow/example_dags/example_time_delta_sensor_async.py
[2024-10-12T07:14:25.506+0000] {processor.py:914} INFO - Processing file /home/vboxuser/airflow_venv/lib/python3.12/site-packages/airflow/example_dags/example_time_delta_sensor_async.py for tasks to queue
[2024-10-12T07:14:25.509+0000] {logging_mixin.py:190} INFO - [2024-10-12T07:14:25.508+0000] {dagbag.py:588} INFO - Filling up the DagBag from /home/vboxuser/airflow_venv/lib/python3.12/site-packages/airflow/example_dags/example_time_delta_sensor_async.py
[2024-10-12T07:14:25.520+0000] {processor.py:925} INFO - DAG(s) 'example_time_delta_sensor_async' retrieved from /home/vboxuser/airflow_venv/lib/python3.12/site-packages/airflow/example_dags/example_time_delta_sensor_async.py
[2024-10-12T07:14:25.543+0000] {logging_mixin.py:190} INFO - [2024-10-12T07:14:25.542+0000] {dag.py:3239} INFO - Sync 1 DAGs
[2024-10-12T07:14:25.560+0000] {logging_mixin.py:190} INFO - [2024-10-12T07:14:25.560+0000] {dag.py:4180} INFO - Setting next_dagrun for example_time_delta_sensor_async to None, run_after=None
[2024-10-12T07:14:25.600+0000] {processor.py:208} INFO - Processing /home/vboxuser/airflow_venv/lib/python3.12/site-packages/airflow/example_dags/example_time_delta_sensor_async.py took 0.107 seconds
[2024-10-12T07:15:40.778+0000] {processor.py:186} INFO - Started process (PID=11770) to work on /home/vboxuser/airflow_venv/lib/python3.12/site-packages/airflow/example_dags/example_time_delta_sensor_async.py
[2024-10-12T07:15:40.781+0000] {processor.py:914} INFO - Processing file /home/vboxuser/airflow_venv/lib/python3.12/site-packages/airflow/example_dags/example_time_delta_sensor_async.py for tasks to queue
[2024-10-12T07:15:40.785+0000] {logging_mixin.py:190} INFO - [2024-10-12T07:15:40.784+0000] {dagbag.py:588} INFO - Filling up the DagBag from /home/vboxuser/airflow_venv/lib/python3.12/site-packages/airflow/example_dags/example_time_delta_sensor_async.py
[2024-10-12T07:15:40.797+0000] {processor.py:925} INFO - DAG(s) 'example_time_delta_sensor_async' retrieved from /home/vboxuser/airflow_venv/lib/python3.12/site-packages/airflow/example_dags/example_time_delta_sensor_async.py
[2024-10-12T07:15:40.816+0000] {logging_mixin.py:190} INFO - [2024-10-12T07:15:40.815+0000] {dag.py:3239} INFO - Sync 1 DAGs
[2024-10-12T07:15:40.833+0000] {logging_mixin.py:190} INFO - [2024-10-12T07:15:40.832+0000] {dag.py:4180} INFO - Setting next_dagrun for example_time_delta_sensor_async to None, run_after=None
[2024-10-12T07:15:40.868+0000] {processor.py:208} INFO - Processing /home/vboxuser/airflow_venv/lib/python3.12/site-packages/airflow/example_dags/example_time_delta_sensor_async.py took 0.100 seconds
[2024-10-12T07:16:43.660+0000] {processor.py:186} INFO - Started process (PID=11828) to work on /home/vboxuser/airflow_venv/lib/python3.12/site-packages/airflow/example_dags/example_time_delta_sensor_async.py
[2024-10-12T07:16:43.663+0000] {processor.py:914} INFO - Processing file /home/vboxuser/airflow_venv/lib/python3.12/site-packages/airflow/example_dags/example_time_delta_sensor_async.py for tasks to queue
[2024-10-12T07:16:43.667+0000] {logging_mixin.py:190} INFO - [2024-10-12T07:16:43.666+0000] {dagbag.py:588} INFO - Filling up the DagBag from /home/vboxuser/airflow_venv/lib/python3.12/site-packages/airflow/example_dags/example_time_delta_sensor_async.py
[2024-10-12T07:16:43.678+0000] {processor.py:925} INFO - DAG(s) 'example_time_delta_sensor_async' retrieved from /home/vboxuser/airflow_venv/lib/python3.12/site-packages/airflow/example_dags/example_time_delta_sensor_async.py
[2024-10-12T07:16:43.707+0000] {logging_mixin.py:190} INFO - [2024-10-12T07:16:43.707+0000] {dag.py:3239} INFO - Sync 1 DAGs
[2024-10-12T07:16:43.721+0000] {logging_mixin.py:190} INFO - [2024-10-12T07:16:43.721+0000] {dag.py:4180} INFO - Setting next_dagrun for example_time_delta_sensor_async to None, run_after=None
[2024-10-12T07:16:43.754+0000] {processor.py:208} INFO - Processing /home/vboxuser/airflow_venv/lib/python3.12/site-packages/airflow/example_dags/example_time_delta_sensor_async.py took 0.106 seconds
[2024-10-12T07:17:50.035+0000] {processor.py:186} INFO - Started process (PID=11891) to work on /home/vboxuser/airflow_venv/lib/python3.12/site-packages/airflow/example_dags/example_time_delta_sensor_async.py
[2024-10-12T07:17:50.037+0000] {processor.py:914} INFO - Processing file /home/vboxuser/airflow_venv/lib/python3.12/site-packages/airflow/example_dags/example_time_delta_sensor_async.py for tasks to queue
[2024-10-12T07:17:50.041+0000] {logging_mixin.py:190} INFO - [2024-10-12T07:17:50.041+0000] {dagbag.py:588} INFO - Filling up the DagBag from /home/vboxuser/airflow_venv/lib/python3.12/site-packages/airflow/example_dags/example_time_delta_sensor_async.py
[2024-10-12T07:17:50.051+0000] {processor.py:925} INFO - DAG(s) 'example_time_delta_sensor_async' retrieved from /home/vboxuser/airflow_venv/lib/python3.12/site-packages/airflow/example_dags/example_time_delta_sensor_async.py
[2024-10-12T07:17:50.072+0000] {logging_mixin.py:190} INFO - [2024-10-12T07:17:50.072+0000] {dag.py:3239} INFO - Sync 1 DAGs
[2024-10-12T07:17:50.088+0000] {logging_mixin.py:190} INFO - [2024-10-12T07:17:50.088+0000] {dag.py:4180} INFO - Setting next_dagrun for example_time_delta_sensor_async to None, run_after=None
[2024-10-12T07:17:50.119+0000] {processor.py:208} INFO - Processing /home/vboxuser/airflow_venv/lib/python3.12/site-packages/airflow/example_dags/example_time_delta_sensor_async.py took 0.092 seconds
[2024-10-12T07:18:50.326+0000] {processor.py:186} INFO - Started process (PID=11948) to work on /home/vboxuser/airflow_venv/lib/python3.12/site-packages/airflow/example_dags/example_time_delta_sensor_async.py
[2024-10-12T07:18:50.331+0000] {processor.py:914} INFO - Processing file /home/vboxuser/airflow_venv/lib/python3.12/site-packages/airflow/example_dags/example_time_delta_sensor_async.py for tasks to queue
[2024-10-12T07:18:50.338+0000] {logging_mixin.py:190} INFO - [2024-10-12T07:18:50.337+0000] {dagbag.py:588} INFO - Filling up the DagBag from /home/vboxuser/airflow_venv/lib/python3.12/site-packages/airflow/example_dags/example_time_delta_sensor_async.py
[2024-10-12T07:18:50.352+0000] {processor.py:925} INFO - DAG(s) 'example_time_delta_sensor_async' retrieved from /home/vboxuser/airflow_venv/lib/python3.12/site-packages/airflow/example_dags/example_time_delta_sensor_async.py
[2024-10-12T07:18:50.372+0000] {logging_mixin.py:190} INFO - [2024-10-12T07:18:50.371+0000] {dag.py:3239} INFO - Sync 1 DAGs
[2024-10-12T07:18:50.387+0000] {logging_mixin.py:190} INFO - [2024-10-12T07:18:50.387+0000] {dag.py:4180} INFO - Setting next_dagrun for example_time_delta_sensor_async to None, run_after=None
[2024-10-12T07:18:50.423+0000] {processor.py:208} INFO - Processing /home/vboxuser/airflow_venv/lib/python3.12/site-packages/airflow/example_dags/example_time_delta_sensor_async.py took 0.107 seconds
[2024-10-12T07:19:53.024+0000] {processor.py:186} INFO - Started process (PID=12005) to work on /home/vboxuser/airflow_venv/lib/python3.12/site-packages/airflow/example_dags/example_time_delta_sensor_async.py
[2024-10-12T07:19:53.026+0000] {processor.py:914} INFO - Processing file /home/vboxuser/airflow_venv/lib/python3.12/site-packages/airflow/example_dags/example_time_delta_sensor_async.py for tasks to queue
[2024-10-12T07:19:53.030+0000] {logging_mixin.py:190} INFO - [2024-10-12T07:19:53.029+0000] {dagbag.py:588} INFO - Filling up the DagBag from /home/vboxuser/airflow_venv/lib/python3.12/site-packages/airflow/example_dags/example_time_delta_sensor_async.py
[2024-10-12T07:19:53.039+0000] {processor.py:925} INFO - DAG(s) 'example_time_delta_sensor_async' retrieved from /home/vboxuser/airflow_venv/lib/python3.12/site-packages/airflow/example_dags/example_time_delta_sensor_async.py
[2024-10-12T07:19:53.057+0000] {logging_mixin.py:190} INFO - [2024-10-12T07:19:53.057+0000] {dag.py:3239} INFO - Sync 1 DAGs
[2024-10-12T07:19:53.072+0000] {logging_mixin.py:190} INFO - [2024-10-12T07:19:53.071+0000] {dag.py:4180} INFO - Setting next_dagrun for example_time_delta_sensor_async to None, run_after=None
[2024-10-12T07:19:53.108+0000] {processor.py:208} INFO - Processing /home/vboxuser/airflow_venv/lib/python3.12/site-packages/airflow/example_dags/example_time_delta_sensor_async.py took 0.093 seconds
[2024-10-12T07:21:01.359+0000] {processor.py:186} INFO - Started process (PID=12070) to work on /home/vboxuser/airflow_venv/lib/python3.12/site-packages/airflow/example_dags/example_time_delta_sensor_async.py
[2024-10-12T07:21:01.366+0000] {processor.py:914} INFO - Processing file /home/vboxuser/airflow_venv/lib/python3.12/site-packages/airflow/example_dags/example_time_delta_sensor_async.py for tasks to queue
[2024-10-12T07:21:01.370+0000] {logging_mixin.py:190} INFO - [2024-10-12T07:21:01.369+0000] {dagbag.py:588} INFO - Filling up the DagBag from /home/vboxuser/airflow_venv/lib/python3.12/site-packages/airflow/example_dags/example_time_delta_sensor_async.py
[2024-10-12T07:21:01.383+0000] {processor.py:925} INFO - DAG(s) 'example_time_delta_sensor_async' retrieved from /home/vboxuser/airflow_venv/lib/python3.12/site-packages/airflow/example_dags/example_time_delta_sensor_async.py
[2024-10-12T07:21:01.405+0000] {logging_mixin.py:190} INFO - [2024-10-12T07:21:01.405+0000] {dag.py:3239} INFO - Sync 1 DAGs
[2024-10-12T07:21:01.420+0000] {logging_mixin.py:190} INFO - [2024-10-12T07:21:01.420+0000] {dag.py:4180} INFO - Setting next_dagrun for example_time_delta_sensor_async to None, run_after=None
[2024-10-12T07:21:01.453+0000] {processor.py:208} INFO - Processing /home/vboxuser/airflow_venv/lib/python3.12/site-packages/airflow/example_dags/example_time_delta_sensor_async.py took 0.103 seconds
[2024-10-12T07:22:07.877+0000] {processor.py:186} INFO - Started process (PID=12131) to work on /home/vboxuser/airflow_venv/lib/python3.12/site-packages/airflow/example_dags/example_time_delta_sensor_async.py
[2024-10-12T07:22:07.881+0000] {processor.py:914} INFO - Processing file /home/vboxuser/airflow_venv/lib/python3.12/site-packages/airflow/example_dags/example_time_delta_sensor_async.py for tasks to queue
[2024-10-12T07:22:07.884+0000] {logging_mixin.py:190} INFO - [2024-10-12T07:22:07.883+0000] {dagbag.py:588} INFO - Filling up the DagBag from /home/vboxuser/airflow_venv/lib/python3.12/site-packages/airflow/example_dags/example_time_delta_sensor_async.py
[2024-10-12T07:22:07.896+0000] {processor.py:925} INFO - DAG(s) 'example_time_delta_sensor_async' retrieved from /home/vboxuser/airflow_venv/lib/python3.12/site-packages/airflow/example_dags/example_time_delta_sensor_async.py
[2024-10-12T07:22:07.915+0000] {logging_mixin.py:190} INFO - [2024-10-12T07:22:07.915+0000] {dag.py:3239} INFO - Sync 1 DAGs
[2024-10-12T07:22:07.930+0000] {logging_mixin.py:190} INFO - [2024-10-12T07:22:07.930+0000] {dag.py:4180} INFO - Setting next_dagrun for example_time_delta_sensor_async to None, run_after=None
[2024-10-12T07:22:07.964+0000] {processor.py:208} INFO - Processing /home/vboxuser/airflow_venv/lib/python3.12/site-packages/airflow/example_dags/example_time_delta_sensor_async.py took 0.096 seconds
[2024-10-12T07:23:17.002+0000] {processor.py:186} INFO - Started process (PID=12191) to work on /home/vboxuser/airflow_venv/lib/python3.12/site-packages/airflow/example_dags/example_time_delta_sensor_async.py
[2024-10-12T07:23:17.004+0000] {processor.py:914} INFO - Processing file /home/vboxuser/airflow_venv/lib/python3.12/site-packages/airflow/example_dags/example_time_delta_sensor_async.py for tasks to queue
[2024-10-12T07:23:17.007+0000] {logging_mixin.py:190} INFO - [2024-10-12T07:23:17.007+0000] {dagbag.py:588} INFO - Filling up the DagBag from /home/vboxuser/airflow_venv/lib/python3.12/site-packages/airflow/example_dags/example_time_delta_sensor_async.py
[2024-10-12T07:23:17.017+0000] {processor.py:925} INFO - DAG(s) 'example_time_delta_sensor_async' retrieved from /home/vboxuser/airflow_venv/lib/python3.12/site-packages/airflow/example_dags/example_time_delta_sensor_async.py
[2024-10-12T07:23:17.035+0000] {logging_mixin.py:190} INFO - [2024-10-12T07:23:17.035+0000] {dag.py:3239} INFO - Sync 1 DAGs
[2024-10-12T07:23:17.050+0000] {logging_mixin.py:190} INFO - [2024-10-12T07:23:17.050+0000] {dag.py:4180} INFO - Setting next_dagrun for example_time_delta_sensor_async to None, run_after=None
[2024-10-12T07:23:17.085+0000] {processor.py:208} INFO - Processing /home/vboxuser/airflow_venv/lib/python3.12/site-packages/airflow/example_dags/example_time_delta_sensor_async.py took 0.090 seconds
[2024-10-12T07:24:27.038+0000] {processor.py:186} INFO - Started process (PID=12253) to work on /home/vboxuser/airflow_venv/lib/python3.12/site-packages/airflow/example_dags/example_time_delta_sensor_async.py
[2024-10-12T07:24:27.043+0000] {processor.py:914} INFO - Processing file /home/vboxuser/airflow_venv/lib/python3.12/site-packages/airflow/example_dags/example_time_delta_sensor_async.py for tasks to queue
[2024-10-12T07:24:27.047+0000] {logging_mixin.py:190} INFO - [2024-10-12T07:24:27.046+0000] {dagbag.py:588} INFO - Filling up the DagBag from /home/vboxuser/airflow_venv/lib/python3.12/site-packages/airflow/example_dags/example_time_delta_sensor_async.py
[2024-10-12T07:24:27.057+0000] {processor.py:925} INFO - DAG(s) 'example_time_delta_sensor_async' retrieved from /home/vboxuser/airflow_venv/lib/python3.12/site-packages/airflow/example_dags/example_time_delta_sensor_async.py
[2024-10-12T07:24:27.076+0000] {logging_mixin.py:190} INFO - [2024-10-12T07:24:27.076+0000] {dag.py:3239} INFO - Sync 1 DAGs
[2024-10-12T07:24:27.091+0000] {logging_mixin.py:190} INFO - [2024-10-12T07:24:27.091+0000] {dag.py:4180} INFO - Setting next_dagrun for example_time_delta_sensor_async to None, run_after=None
[2024-10-12T07:24:27.128+0000] {processor.py:208} INFO - Processing /home/vboxuser/airflow_venv/lib/python3.12/site-packages/airflow/example_dags/example_time_delta_sensor_async.py took 0.098 seconds
[2024-10-12T07:25:34.004+0000] {processor.py:186} INFO - Started process (PID=12317) to work on /home/vboxuser/airflow_venv/lib/python3.12/site-packages/airflow/example_dags/example_time_delta_sensor_async.py
[2024-10-12T07:25:34.007+0000] {processor.py:914} INFO - Processing file /home/vboxuser/airflow_venv/lib/python3.12/site-packages/airflow/example_dags/example_time_delta_sensor_async.py for tasks to queue
[2024-10-12T07:25:34.009+0000] {logging_mixin.py:190} INFO - [2024-10-12T07:25:34.009+0000] {dagbag.py:588} INFO - Filling up the DagBag from /home/vboxuser/airflow_venv/lib/python3.12/site-packages/airflow/example_dags/example_time_delta_sensor_async.py
[2024-10-12T07:25:34.021+0000] {processor.py:925} INFO - DAG(s) 'example_time_delta_sensor_async' retrieved from /home/vboxuser/airflow_venv/lib/python3.12/site-packages/airflow/example_dags/example_time_delta_sensor_async.py
[2024-10-12T07:25:34.040+0000] {logging_mixin.py:190} INFO - [2024-10-12T07:25:34.039+0000] {dag.py:3239} INFO - Sync 1 DAGs
[2024-10-12T07:25:34.055+0000] {logging_mixin.py:190} INFO - [2024-10-12T07:25:34.054+0000] {dag.py:4180} INFO - Setting next_dagrun for example_time_delta_sensor_async to None, run_after=None
[2024-10-12T07:25:34.084+0000] {processor.py:208} INFO - Processing /home/vboxuser/airflow_venv/lib/python3.12/site-packages/airflow/example_dags/example_time_delta_sensor_async.py took 0.091 seconds
[2024-10-12T07:26:45.224+0000] {processor.py:186} INFO - Started process (PID=12381) to work on /home/vboxuser/airflow_venv/lib/python3.12/site-packages/airflow/example_dags/example_time_delta_sensor_async.py
[2024-10-12T07:26:45.227+0000] {processor.py:914} INFO - Processing file /home/vboxuser/airflow_venv/lib/python3.12/site-packages/airflow/example_dags/example_time_delta_sensor_async.py for tasks to queue
[2024-10-12T07:26:45.230+0000] {logging_mixin.py:190} INFO - [2024-10-12T07:26:45.230+0000] {dagbag.py:588} INFO - Filling up the DagBag from /home/vboxuser/airflow_venv/lib/python3.12/site-packages/airflow/example_dags/example_time_delta_sensor_async.py
[2024-10-12T07:26:45.240+0000] {processor.py:925} INFO - DAG(s) 'example_time_delta_sensor_async' retrieved from /home/vboxuser/airflow_venv/lib/python3.12/site-packages/airflow/example_dags/example_time_delta_sensor_async.py
[2024-10-12T07:26:45.260+0000] {logging_mixin.py:190} INFO - [2024-10-12T07:26:45.259+0000] {dag.py:3239} INFO - Sync 1 DAGs
[2024-10-12T07:26:45.279+0000] {logging_mixin.py:190} INFO - [2024-10-12T07:26:45.279+0000] {dag.py:4180} INFO - Setting next_dagrun for example_time_delta_sensor_async to None, run_after=None
[2024-10-12T07:26:45.338+0000] {processor.py:208} INFO - Processing /home/vboxuser/airflow_venv/lib/python3.12/site-packages/airflow/example_dags/example_time_delta_sensor_async.py took 0.121 seconds
[2024-10-12T07:27:58.687+0000] {processor.py:186} INFO - Started process (PID=12443) to work on /home/vboxuser/airflow_venv/lib/python3.12/site-packages/airflow/example_dags/example_time_delta_sensor_async.py
[2024-10-12T07:27:58.694+0000] {processor.py:914} INFO - Processing file /home/vboxuser/airflow_venv/lib/python3.12/site-packages/airflow/example_dags/example_time_delta_sensor_async.py for tasks to queue
[2024-10-12T07:27:58.698+0000] {logging_mixin.py:190} INFO - [2024-10-12T07:27:58.697+0000] {dagbag.py:588} INFO - Filling up the DagBag from /home/vboxuser/airflow_venv/lib/python3.12/site-packages/airflow/example_dags/example_time_delta_sensor_async.py
[2024-10-12T07:27:58.709+0000] {processor.py:925} INFO - DAG(s) 'example_time_delta_sensor_async' retrieved from /home/vboxuser/airflow_venv/lib/python3.12/site-packages/airflow/example_dags/example_time_delta_sensor_async.py
[2024-10-12T07:27:58.730+0000] {logging_mixin.py:190} INFO - [2024-10-12T07:27:58.730+0000] {dag.py:3239} INFO - Sync 1 DAGs
[2024-10-12T07:27:58.747+0000] {logging_mixin.py:190} INFO - [2024-10-12T07:27:58.746+0000] {dag.py:4180} INFO - Setting next_dagrun for example_time_delta_sensor_async to None, run_after=None
[2024-10-12T07:27:58.782+0000] {processor.py:208} INFO - Processing /home/vboxuser/airflow_venv/lib/python3.12/site-packages/airflow/example_dags/example_time_delta_sensor_async.py took 0.106 seconds
[2024-10-12T07:29:01.874+0000] {processor.py:186} INFO - Started process (PID=12501) to work on /home/vboxuser/airflow_venv/lib/python3.12/site-packages/airflow/example_dags/example_time_delta_sensor_async.py
[2024-10-12T07:29:01.878+0000] {processor.py:914} INFO - Processing file /home/vboxuser/airflow_venv/lib/python3.12/site-packages/airflow/example_dags/example_time_delta_sensor_async.py for tasks to queue
[2024-10-12T07:29:01.881+0000] {logging_mixin.py:190} INFO - [2024-10-12T07:29:01.881+0000] {dagbag.py:588} INFO - Filling up the DagBag from /home/vboxuser/airflow_venv/lib/python3.12/site-packages/airflow/example_dags/example_time_delta_sensor_async.py
[2024-10-12T07:29:01.890+0000] {processor.py:925} INFO - DAG(s) 'example_time_delta_sensor_async' retrieved from /home/vboxuser/airflow_venv/lib/python3.12/site-packages/airflow/example_dags/example_time_delta_sensor_async.py
[2024-10-12T07:29:01.913+0000] {logging_mixin.py:190} INFO - [2024-10-12T07:29:01.912+0000] {dag.py:3239} INFO - Sync 1 DAGs
[2024-10-12T07:29:01.926+0000] {logging_mixin.py:190} INFO - [2024-10-12T07:29:01.926+0000] {dag.py:4180} INFO - Setting next_dagrun for example_time_delta_sensor_async to None, run_after=None
[2024-10-12T07:29:01.959+0000] {processor.py:208} INFO - Processing /home/vboxuser/airflow_venv/lib/python3.12/site-packages/airflow/example_dags/example_time_delta_sensor_async.py took 0.092 seconds
[2024-10-12T07:30:12.528+0000] {processor.py:186} INFO - Started process (PID=12581) to work on /home/vboxuser/airflow_venv/lib/python3.12/site-packages/airflow/example_dags/example_time_delta_sensor_async.py
[2024-10-12T07:30:12.531+0000] {processor.py:914} INFO - Processing file /home/vboxuser/airflow_venv/lib/python3.12/site-packages/airflow/example_dags/example_time_delta_sensor_async.py for tasks to queue
[2024-10-12T07:30:12.535+0000] {logging_mixin.py:190} INFO - [2024-10-12T07:30:12.534+0000] {dagbag.py:588} INFO - Filling up the DagBag from /home/vboxuser/airflow_venv/lib/python3.12/site-packages/airflow/example_dags/example_time_delta_sensor_async.py
[2024-10-12T07:30:12.545+0000] {processor.py:925} INFO - DAG(s) 'example_time_delta_sensor_async' retrieved from /home/vboxuser/airflow_venv/lib/python3.12/site-packages/airflow/example_dags/example_time_delta_sensor_async.py
[2024-10-12T07:30:12.566+0000] {logging_mixin.py:190} INFO - [2024-10-12T07:30:12.566+0000] {dag.py:3239} INFO - Sync 1 DAGs
[2024-10-12T07:30:12.583+0000] {logging_mixin.py:190} INFO - [2024-10-12T07:30:12.583+0000] {dag.py:4180} INFO - Setting next_dagrun for example_time_delta_sensor_async to None, run_after=None
[2024-10-12T07:30:12.622+0000] {processor.py:208} INFO - Processing /home/vboxuser/airflow_venv/lib/python3.12/site-packages/airflow/example_dags/example_time_delta_sensor_async.py took 0.107 seconds
[2024-10-12T07:31:24.557+0000] {processor.py:186} INFO - Started process (PID=12645) to work on /home/vboxuser/airflow_venv/lib/python3.12/site-packages/airflow/example_dags/example_time_delta_sensor_async.py
[2024-10-12T07:31:24.559+0000] {processor.py:914} INFO - Processing file /home/vboxuser/airflow_venv/lib/python3.12/site-packages/airflow/example_dags/example_time_delta_sensor_async.py for tasks to queue
[2024-10-12T07:31:24.562+0000] {logging_mixin.py:190} INFO - [2024-10-12T07:31:24.561+0000] {dagbag.py:588} INFO - Filling up the DagBag from /home/vboxuser/airflow_venv/lib/python3.12/site-packages/airflow/example_dags/example_time_delta_sensor_async.py
[2024-10-12T07:31:24.574+0000] {processor.py:925} INFO - DAG(s) 'example_time_delta_sensor_async' retrieved from /home/vboxuser/airflow_venv/lib/python3.12/site-packages/airflow/example_dags/example_time_delta_sensor_async.py
[2024-10-12T07:31:24.595+0000] {logging_mixin.py:190} INFO - [2024-10-12T07:31:24.595+0000] {dag.py:3239} INFO - Sync 1 DAGs
[2024-10-12T07:31:24.611+0000] {logging_mixin.py:190} INFO - [2024-10-12T07:31:24.610+0000] {dag.py:4180} INFO - Setting next_dagrun for example_time_delta_sensor_async to None, run_after=None
[2024-10-12T07:31:24.699+0000] {processor.py:208} INFO - Processing /home/vboxuser/airflow_venv/lib/python3.12/site-packages/airflow/example_dags/example_time_delta_sensor_async.py took 0.152 seconds
[2024-10-12T07:32:30.944+0000] {processor.py:186} INFO - Started process (PID=12714) to work on /home/vboxuser/airflow_venv/lib/python3.12/site-packages/airflow/example_dags/example_time_delta_sensor_async.py
[2024-10-12T07:32:30.947+0000] {processor.py:914} INFO - Processing file /home/vboxuser/airflow_venv/lib/python3.12/site-packages/airflow/example_dags/example_time_delta_sensor_async.py for tasks to queue
[2024-10-12T07:32:30.951+0000] {logging_mixin.py:190} INFO - [2024-10-12T07:32:30.950+0000] {dagbag.py:588} INFO - Filling up the DagBag from /home/vboxuser/airflow_venv/lib/python3.12/site-packages/airflow/example_dags/example_time_delta_sensor_async.py
[2024-10-12T07:32:30.965+0000] {processor.py:925} INFO - DAG(s) 'example_time_delta_sensor_async' retrieved from /home/vboxuser/airflow_venv/lib/python3.12/site-packages/airflow/example_dags/example_time_delta_sensor_async.py
[2024-10-12T07:32:30.987+0000] {logging_mixin.py:190} INFO - [2024-10-12T07:32:30.987+0000] {dag.py:3239} INFO - Sync 1 DAGs
[2024-10-12T07:32:31.002+0000] {logging_mixin.py:190} INFO - [2024-10-12T07:32:31.002+0000] {dag.py:4180} INFO - Setting next_dagrun for example_time_delta_sensor_async to None, run_after=None
[2024-10-12T07:32:31.036+0000] {processor.py:208} INFO - Processing /home/vboxuser/airflow_venv/lib/python3.12/site-packages/airflow/example_dags/example_time_delta_sensor_async.py took 0.103 seconds
[2024-10-12T07:33:32.588+0000] {processor.py:186} INFO - Started process (PID=12772) to work on /home/vboxuser/airflow_venv/lib/python3.12/site-packages/airflow/example_dags/example_time_delta_sensor_async.py
[2024-10-12T07:33:32.590+0000] {processor.py:914} INFO - Processing file /home/vboxuser/airflow_venv/lib/python3.12/site-packages/airflow/example_dags/example_time_delta_sensor_async.py for tasks to queue
[2024-10-12T07:33:32.593+0000] {logging_mixin.py:190} INFO - [2024-10-12T07:33:32.592+0000] {dagbag.py:588} INFO - Filling up the DagBag from /home/vboxuser/airflow_venv/lib/python3.12/site-packages/airflow/example_dags/example_time_delta_sensor_async.py
[2024-10-12T07:33:32.601+0000] {processor.py:925} INFO - DAG(s) 'example_time_delta_sensor_async' retrieved from /home/vboxuser/airflow_venv/lib/python3.12/site-packages/airflow/example_dags/example_time_delta_sensor_async.py
[2024-10-12T07:33:32.619+0000] {logging_mixin.py:190} INFO - [2024-10-12T07:33:32.619+0000] {dag.py:3239} INFO - Sync 1 DAGs
[2024-10-12T07:33:32.633+0000] {logging_mixin.py:190} INFO - [2024-10-12T07:33:32.633+0000] {dag.py:4180} INFO - Setting next_dagrun for example_time_delta_sensor_async to None, run_after=None
[2024-10-12T07:33:32.666+0000] {processor.py:208} INFO - Processing /home/vboxuser/airflow_venv/lib/python3.12/site-packages/airflow/example_dags/example_time_delta_sensor_async.py took 0.085 seconds
[2024-10-12T07:34:35.225+0000] {processor.py:186} INFO - Started process (PID=12830) to work on /home/vboxuser/airflow_venv/lib/python3.12/site-packages/airflow/example_dags/example_time_delta_sensor_async.py
[2024-10-12T07:34:35.227+0000] {processor.py:914} INFO - Processing file /home/vboxuser/airflow_venv/lib/python3.12/site-packages/airflow/example_dags/example_time_delta_sensor_async.py for tasks to queue
[2024-10-12T07:34:35.231+0000] {logging_mixin.py:190} INFO - [2024-10-12T07:34:35.230+0000] {dagbag.py:588} INFO - Filling up the DagBag from /home/vboxuser/airflow_venv/lib/python3.12/site-packages/airflow/example_dags/example_time_delta_sensor_async.py
[2024-10-12T07:34:35.242+0000] {processor.py:925} INFO - DAG(s) 'example_time_delta_sensor_async' retrieved from /home/vboxuser/airflow_venv/lib/python3.12/site-packages/airflow/example_dags/example_time_delta_sensor_async.py
[2024-10-12T07:34:35.261+0000] {logging_mixin.py:190} INFO - [2024-10-12T07:34:35.261+0000] {dag.py:3239} INFO - Sync 1 DAGs
[2024-10-12T07:34:35.281+0000] {logging_mixin.py:190} INFO - [2024-10-12T07:34:35.281+0000] {dag.py:4180} INFO - Setting next_dagrun for example_time_delta_sensor_async to None, run_after=None
[2024-10-12T07:34:35.319+0000] {processor.py:208} INFO - Processing /home/vboxuser/airflow_venv/lib/python3.12/site-packages/airflow/example_dags/example_time_delta_sensor_async.py took 0.105 seconds
[2024-10-12T07:47:22.076+0000] {processor.py:186} INFO - Started process (PID=12923) to work on /home/vboxuser/airflow_venv/lib/python3.12/site-packages/airflow/example_dags/example_time_delta_sensor_async.py
[2024-10-12T07:47:22.079+0000] {processor.py:914} INFO - Processing file /home/vboxuser/airflow_venv/lib/python3.12/site-packages/airflow/example_dags/example_time_delta_sensor_async.py for tasks to queue
[2024-10-12T07:47:22.084+0000] {logging_mixin.py:190} INFO - [2024-10-12T07:47:22.083+0000] {dagbag.py:588} INFO - Filling up the DagBag from /home/vboxuser/airflow_venv/lib/python3.12/site-packages/airflow/example_dags/example_time_delta_sensor_async.py
[2024-10-12T07:47:22.099+0000] {processor.py:925} INFO - DAG(s) 'example_time_delta_sensor_async' retrieved from /home/vboxuser/airflow_venv/lib/python3.12/site-packages/airflow/example_dags/example_time_delta_sensor_async.py
[2024-10-12T07:47:22.125+0000] {logging_mixin.py:190} INFO - [2024-10-12T07:47:22.125+0000] {dag.py:3239} INFO - Sync 1 DAGs
[2024-10-12T07:47:22.143+0000] {logging_mixin.py:190} INFO - [2024-10-12T07:47:22.142+0000] {dag.py:4180} INFO - Setting next_dagrun for example_time_delta_sensor_async to None, run_after=None
[2024-10-12T07:47:22.189+0000] {processor.py:208} INFO - Processing /home/vboxuser/airflow_venv/lib/python3.12/site-packages/airflow/example_dags/example_time_delta_sensor_async.py took 0.124 seconds
[2024-10-12T07:48:24.282+0000] {processor.py:186} INFO - Started process (PID=12976) to work on /home/vboxuser/airflow_venv/lib/python3.12/site-packages/airflow/example_dags/example_time_delta_sensor_async.py
[2024-10-12T07:48:24.285+0000] {processor.py:914} INFO - Processing file /home/vboxuser/airflow_venv/lib/python3.12/site-packages/airflow/example_dags/example_time_delta_sensor_async.py for tasks to queue
[2024-10-12T07:48:24.289+0000] {logging_mixin.py:190} INFO - [2024-10-12T07:48:24.288+0000] {dagbag.py:588} INFO - Filling up the DagBag from /home/vboxuser/airflow_venv/lib/python3.12/site-packages/airflow/example_dags/example_time_delta_sensor_async.py
[2024-10-12T07:48:24.301+0000] {processor.py:925} INFO - DAG(s) 'example_time_delta_sensor_async' retrieved from /home/vboxuser/airflow_venv/lib/python3.12/site-packages/airflow/example_dags/example_time_delta_sensor_async.py
[2024-10-12T07:48:24.330+0000] {logging_mixin.py:190} INFO - [2024-10-12T07:48:24.330+0000] {dag.py:3239} INFO - Sync 1 DAGs
[2024-10-12T07:48:24.354+0000] {logging_mixin.py:190} INFO - [2024-10-12T07:48:24.354+0000] {dag.py:4180} INFO - Setting next_dagrun for example_time_delta_sensor_async to None, run_after=None
[2024-10-12T07:48:24.401+0000] {processor.py:208} INFO - Processing /home/vboxuser/airflow_venv/lib/python3.12/site-packages/airflow/example_dags/example_time_delta_sensor_async.py took 0.133 seconds
[2024-10-12T07:49:29.864+0000] {processor.py:186} INFO - Started process (PID=13035) to work on /home/vboxuser/airflow_venv/lib/python3.12/site-packages/airflow/example_dags/example_time_delta_sensor_async.py
[2024-10-12T07:49:29.867+0000] {processor.py:914} INFO - Processing file /home/vboxuser/airflow_venv/lib/python3.12/site-packages/airflow/example_dags/example_time_delta_sensor_async.py for tasks to queue
[2024-10-12T07:49:29.874+0000] {logging_mixin.py:190} INFO - [2024-10-12T07:49:29.873+0000] {dagbag.py:588} INFO - Filling up the DagBag from /home/vboxuser/airflow_venv/lib/python3.12/site-packages/airflow/example_dags/example_time_delta_sensor_async.py
[2024-10-12T07:49:29.888+0000] {processor.py:925} INFO - DAG(s) 'example_time_delta_sensor_async' retrieved from /home/vboxuser/airflow_venv/lib/python3.12/site-packages/airflow/example_dags/example_time_delta_sensor_async.py
[2024-10-12T07:49:29.913+0000] {logging_mixin.py:190} INFO - [2024-10-12T07:49:29.913+0000] {dag.py:3239} INFO - Sync 1 DAGs
[2024-10-12T07:49:29.931+0000] {logging_mixin.py:190} INFO - [2024-10-12T07:49:29.931+0000] {dag.py:4180} INFO - Setting next_dagrun for example_time_delta_sensor_async to None, run_after=None
[2024-10-12T07:49:29.972+0000] {processor.py:208} INFO - Processing /home/vboxuser/airflow_venv/lib/python3.12/site-packages/airflow/example_dags/example_time_delta_sensor_async.py took 0.120 seconds
[2024-10-12T07:50:39.825+0000] {processor.py:186} INFO - Started process (PID=13116) to work on /home/vboxuser/airflow_venv/lib/python3.12/site-packages/airflow/example_dags/example_time_delta_sensor_async.py
[2024-10-12T07:50:39.828+0000] {processor.py:914} INFO - Processing file /home/vboxuser/airflow_venv/lib/python3.12/site-packages/airflow/example_dags/example_time_delta_sensor_async.py for tasks to queue
[2024-10-12T07:50:39.832+0000] {logging_mixin.py:190} INFO - [2024-10-12T07:50:39.831+0000] {dagbag.py:588} INFO - Filling up the DagBag from /home/vboxuser/airflow_venv/lib/python3.12/site-packages/airflow/example_dags/example_time_delta_sensor_async.py
[2024-10-12T07:50:39.846+0000] {processor.py:925} INFO - DAG(s) 'example_time_delta_sensor_async' retrieved from /home/vboxuser/airflow_venv/lib/python3.12/site-packages/airflow/example_dags/example_time_delta_sensor_async.py
[2024-10-12T07:50:39.864+0000] {logging_mixin.py:190} INFO - [2024-10-12T07:50:39.864+0000] {dag.py:3239} INFO - Sync 1 DAGs
[2024-10-12T07:50:39.879+0000] {logging_mixin.py:190} INFO - [2024-10-12T07:50:39.879+0000] {dag.py:4180} INFO - Setting next_dagrun for example_time_delta_sensor_async to None, run_after=None
[2024-10-12T07:50:39.911+0000] {processor.py:208} INFO - Processing /home/vboxuser/airflow_venv/lib/python3.12/site-packages/airflow/example_dags/example_time_delta_sensor_async.py took 0.098 seconds
[2024-10-12T07:51:49.845+0000] {processor.py:186} INFO - Started process (PID=13236) to work on /home/vboxuser/airflow_venv/lib/python3.12/site-packages/airflow/example_dags/example_time_delta_sensor_async.py
[2024-10-12T07:51:49.853+0000] {processor.py:914} INFO - Processing file /home/vboxuser/airflow_venv/lib/python3.12/site-packages/airflow/example_dags/example_time_delta_sensor_async.py for tasks to queue
[2024-10-12T07:51:49.861+0000] {logging_mixin.py:190} INFO - [2024-10-12T07:51:49.860+0000] {dagbag.py:588} INFO - Filling up the DagBag from /home/vboxuser/airflow_venv/lib/python3.12/site-packages/airflow/example_dags/example_time_delta_sensor_async.py
[2024-10-12T07:51:49.888+0000] {processor.py:925} INFO - DAG(s) 'example_time_delta_sensor_async' retrieved from /home/vboxuser/airflow_venv/lib/python3.12/site-packages/airflow/example_dags/example_time_delta_sensor_async.py
[2024-10-12T07:51:49.953+0000] {logging_mixin.py:190} INFO - [2024-10-12T07:51:49.950+0000] {dag.py:3239} INFO - Sync 1 DAGs
[2024-10-12T07:51:49.993+0000] {logging_mixin.py:190} INFO - [2024-10-12T07:51:49.992+0000] {dag.py:4180} INFO - Setting next_dagrun for example_time_delta_sensor_async to None, run_after=None
[2024-10-12T07:51:50.053+0000] {processor.py:208} INFO - Processing /home/vboxuser/airflow_venv/lib/python3.12/site-packages/airflow/example_dags/example_time_delta_sensor_async.py took 0.231 seconds
[2024-10-12T07:53:00.093+0000] {processor.py:186} INFO - Started process (PID=13311) to work on /home/vboxuser/airflow_venv/lib/python3.12/site-packages/airflow/example_dags/example_time_delta_sensor_async.py
[2024-10-12T07:53:00.098+0000] {processor.py:914} INFO - Processing file /home/vboxuser/airflow_venv/lib/python3.12/site-packages/airflow/example_dags/example_time_delta_sensor_async.py for tasks to queue
[2024-10-12T07:53:00.101+0000] {logging_mixin.py:190} INFO - [2024-10-12T07:53:00.100+0000] {dagbag.py:588} INFO - Filling up the DagBag from /home/vboxuser/airflow_venv/lib/python3.12/site-packages/airflow/example_dags/example_time_delta_sensor_async.py
[2024-10-12T07:53:00.113+0000] {processor.py:925} INFO - DAG(s) 'example_time_delta_sensor_async' retrieved from /home/vboxuser/airflow_venv/lib/python3.12/site-packages/airflow/example_dags/example_time_delta_sensor_async.py
[2024-10-12T07:53:00.139+0000] {logging_mixin.py:190} INFO - [2024-10-12T07:53:00.138+0000] {dag.py:3239} INFO - Sync 1 DAGs
[2024-10-12T07:53:00.157+0000] {logging_mixin.py:190} INFO - [2024-10-12T07:53:00.157+0000] {dag.py:4180} INFO - Setting next_dagrun for example_time_delta_sensor_async to None, run_after=None
[2024-10-12T07:53:00.197+0000] {processor.py:208} INFO - Processing /home/vboxuser/airflow_venv/lib/python3.12/site-packages/airflow/example_dags/example_time_delta_sensor_async.py took 0.112 seconds
[2024-10-12T07:54:01.376+0000] {processor.py:186} INFO - Started process (PID=13378) to work on /home/vboxuser/airflow_venv/lib/python3.12/site-packages/airflow/example_dags/example_time_delta_sensor_async.py
[2024-10-12T07:54:01.383+0000] {processor.py:914} INFO - Processing file /home/vboxuser/airflow_venv/lib/python3.12/site-packages/airflow/example_dags/example_time_delta_sensor_async.py for tasks to queue
[2024-10-12T07:54:01.388+0000] {logging_mixin.py:190} INFO - [2024-10-12T07:54:01.387+0000] {dagbag.py:588} INFO - Filling up the DagBag from /home/vboxuser/airflow_venv/lib/python3.12/site-packages/airflow/example_dags/example_time_delta_sensor_async.py
[2024-10-12T07:54:01.404+0000] {processor.py:925} INFO - DAG(s) 'example_time_delta_sensor_async' retrieved from /home/vboxuser/airflow_venv/lib/python3.12/site-packages/airflow/example_dags/example_time_delta_sensor_async.py
[2024-10-12T07:54:01.428+0000] {logging_mixin.py:190} INFO - [2024-10-12T07:54:01.427+0000] {dag.py:3239} INFO - Sync 1 DAGs
[2024-10-12T07:54:01.448+0000] {logging_mixin.py:190} INFO - [2024-10-12T07:54:01.448+0000] {dag.py:4180} INFO - Setting next_dagrun for example_time_delta_sensor_async to None, run_after=None
[2024-10-12T07:54:01.493+0000] {processor.py:208} INFO - Processing /home/vboxuser/airflow_venv/lib/python3.12/site-packages/airflow/example_dags/example_time_delta_sensor_async.py took 0.128 seconds
[2024-10-12T07:55:04.545+0000] {processor.py:186} INFO - Started process (PID=13439) to work on /home/vboxuser/airflow_venv/lib/python3.12/site-packages/airflow/example_dags/example_time_delta_sensor_async.py
[2024-10-12T07:55:04.550+0000] {processor.py:914} INFO - Processing file /home/vboxuser/airflow_venv/lib/python3.12/site-packages/airflow/example_dags/example_time_delta_sensor_async.py for tasks to queue
[2024-10-12T07:55:04.556+0000] {logging_mixin.py:190} INFO - [2024-10-12T07:55:04.555+0000] {dagbag.py:588} INFO - Filling up the DagBag from /home/vboxuser/airflow_venv/lib/python3.12/site-packages/airflow/example_dags/example_time_delta_sensor_async.py
[2024-10-12T07:55:04.568+0000] {processor.py:925} INFO - DAG(s) 'example_time_delta_sensor_async' retrieved from /home/vboxuser/airflow_venv/lib/python3.12/site-packages/airflow/example_dags/example_time_delta_sensor_async.py
[2024-10-12T07:55:04.591+0000] {logging_mixin.py:190} INFO - [2024-10-12T07:55:04.590+0000] {dag.py:3239} INFO - Sync 1 DAGs
[2024-10-12T07:55:04.608+0000] {logging_mixin.py:190} INFO - [2024-10-12T07:55:04.608+0000] {dag.py:4180} INFO - Setting next_dagrun for example_time_delta_sensor_async to None, run_after=None
[2024-10-12T07:55:04.653+0000] {processor.py:208} INFO - Processing /home/vboxuser/airflow_venv/lib/python3.12/site-packages/airflow/example_dags/example_time_delta_sensor_async.py took 0.118 seconds
[2024-10-12T07:56:11.262+0000] {processor.py:186} INFO - Started process (PID=13503) to work on /home/vboxuser/airflow_venv/lib/python3.12/site-packages/airflow/example_dags/example_time_delta_sensor_async.py
[2024-10-12T07:56:11.264+0000] {processor.py:914} INFO - Processing file /home/vboxuser/airflow_venv/lib/python3.12/site-packages/airflow/example_dags/example_time_delta_sensor_async.py for tasks to queue
[2024-10-12T07:56:11.268+0000] {logging_mixin.py:190} INFO - [2024-10-12T07:56:11.267+0000] {dagbag.py:588} INFO - Filling up the DagBag from /home/vboxuser/airflow_venv/lib/python3.12/site-packages/airflow/example_dags/example_time_delta_sensor_async.py
[2024-10-12T07:56:11.279+0000] {processor.py:925} INFO - DAG(s) 'example_time_delta_sensor_async' retrieved from /home/vboxuser/airflow_venv/lib/python3.12/site-packages/airflow/example_dags/example_time_delta_sensor_async.py
[2024-10-12T07:56:11.302+0000] {logging_mixin.py:190} INFO - [2024-10-12T07:56:11.302+0000] {dag.py:3239} INFO - Sync 1 DAGs
[2024-10-12T07:56:11.317+0000] {logging_mixin.py:190} INFO - [2024-10-12T07:56:11.317+0000] {dag.py:4180} INFO - Setting next_dagrun for example_time_delta_sensor_async to None, run_after=None
[2024-10-12T07:56:11.353+0000] {processor.py:208} INFO - Processing /home/vboxuser/airflow_venv/lib/python3.12/site-packages/airflow/example_dags/example_time_delta_sensor_async.py took 0.102 seconds
[2024-10-12T07:57:17.425+0000] {processor.py:186} INFO - Started process (PID=13573) to work on /home/vboxuser/airflow_venv/lib/python3.12/site-packages/airflow/example_dags/example_time_delta_sensor_async.py
[2024-10-12T07:57:17.428+0000] {processor.py:914} INFO - Processing file /home/vboxuser/airflow_venv/lib/python3.12/site-packages/airflow/example_dags/example_time_delta_sensor_async.py for tasks to queue
[2024-10-12T07:57:17.431+0000] {logging_mixin.py:190} INFO - [2024-10-12T07:57:17.430+0000] {dagbag.py:588} INFO - Filling up the DagBag from /home/vboxuser/airflow_venv/lib/python3.12/site-packages/airflow/example_dags/example_time_delta_sensor_async.py
[2024-10-12T07:57:17.444+0000] {processor.py:925} INFO - DAG(s) 'example_time_delta_sensor_async' retrieved from /home/vboxuser/airflow_venv/lib/python3.12/site-packages/airflow/example_dags/example_time_delta_sensor_async.py
[2024-10-12T07:57:17.471+0000] {logging_mixin.py:190} INFO - [2024-10-12T07:57:17.470+0000] {dag.py:3239} INFO - Sync 1 DAGs
[2024-10-12T07:57:17.489+0000] {logging_mixin.py:190} INFO - [2024-10-12T07:57:17.488+0000] {dag.py:4180} INFO - Setting next_dagrun for example_time_delta_sensor_async to None, run_after=None
[2024-10-12T07:57:17.532+0000] {processor.py:208} INFO - Processing /home/vboxuser/airflow_venv/lib/python3.12/site-packages/airflow/example_dags/example_time_delta_sensor_async.py took 0.119 seconds
[2024-10-12T07:58:22.411+0000] {processor.py:186} INFO - Started process (PID=13636) to work on /home/vboxuser/airflow_venv/lib/python3.12/site-packages/airflow/example_dags/example_time_delta_sensor_async.py
[2024-10-12T07:58:22.414+0000] {processor.py:914} INFO - Processing file /home/vboxuser/airflow_venv/lib/python3.12/site-packages/airflow/example_dags/example_time_delta_sensor_async.py for tasks to queue
[2024-10-12T07:58:22.417+0000] {logging_mixin.py:190} INFO - [2024-10-12T07:58:22.417+0000] {dagbag.py:588} INFO - Filling up the DagBag from /home/vboxuser/airflow_venv/lib/python3.12/site-packages/airflow/example_dags/example_time_delta_sensor_async.py
[2024-10-12T07:58:22.426+0000] {processor.py:925} INFO - DAG(s) 'example_time_delta_sensor_async' retrieved from /home/vboxuser/airflow_venv/lib/python3.12/site-packages/airflow/example_dags/example_time_delta_sensor_async.py
[2024-10-12T07:58:22.447+0000] {logging_mixin.py:190} INFO - [2024-10-12T07:58:22.446+0000] {dag.py:3239} INFO - Sync 1 DAGs
[2024-10-12T07:58:22.461+0000] {logging_mixin.py:190} INFO - [2024-10-12T07:58:22.461+0000] {dag.py:4180} INFO - Setting next_dagrun for example_time_delta_sensor_async to None, run_after=None
[2024-10-12T07:58:22.491+0000] {processor.py:208} INFO - Processing /home/vboxuser/airflow_venv/lib/python3.12/site-packages/airflow/example_dags/example_time_delta_sensor_async.py took 0.090 seconds
[2024-10-12T07:59:21.640+0000] {processor.py:186} INFO - Started process (PID=13693) to work on /home/vboxuser/airflow_venv/lib/python3.12/site-packages/airflow/example_dags/example_time_delta_sensor_async.py
[2024-10-12T07:59:21.646+0000] {processor.py:914} INFO - Processing file /home/vboxuser/airflow_venv/lib/python3.12/site-packages/airflow/example_dags/example_time_delta_sensor_async.py for tasks to queue
[2024-10-12T07:59:21.650+0000] {logging_mixin.py:190} INFO - [2024-10-12T07:59:21.649+0000] {dagbag.py:588} INFO - Filling up the DagBag from /home/vboxuser/airflow_venv/lib/python3.12/site-packages/airflow/example_dags/example_time_delta_sensor_async.py
[2024-10-12T07:59:21.663+0000] {processor.py:925} INFO - DAG(s) 'example_time_delta_sensor_async' retrieved from /home/vboxuser/airflow_venv/lib/python3.12/site-packages/airflow/example_dags/example_time_delta_sensor_async.py
[2024-10-12T07:59:21.686+0000] {logging_mixin.py:190} INFO - [2024-10-12T07:59:21.686+0000] {dag.py:3239} INFO - Sync 1 DAGs
[2024-10-12T07:59:21.704+0000] {logging_mixin.py:190} INFO - [2024-10-12T07:59:21.703+0000] {dag.py:4180} INFO - Setting next_dagrun for example_time_delta_sensor_async to None, run_after=None
[2024-10-12T07:59:21.744+0000] {processor.py:208} INFO - Processing /home/vboxuser/airflow_venv/lib/python3.12/site-packages/airflow/example_dags/example_time_delta_sensor_async.py took 0.119 seconds
[2024-10-12T08:00:27.909+0000] {processor.py:186} INFO - Started process (PID=13756) to work on /home/vboxuser/airflow_venv/lib/python3.12/site-packages/airflow/example_dags/example_time_delta_sensor_async.py
[2024-10-12T08:00:27.911+0000] {processor.py:914} INFO - Processing file /home/vboxuser/airflow_venv/lib/python3.12/site-packages/airflow/example_dags/example_time_delta_sensor_async.py for tasks to queue
[2024-10-12T08:00:27.916+0000] {logging_mixin.py:190} INFO - [2024-10-12T08:00:27.915+0000] {dagbag.py:588} INFO - Filling up the DagBag from /home/vboxuser/airflow_venv/lib/python3.12/site-packages/airflow/example_dags/example_time_delta_sensor_async.py
[2024-10-12T08:00:27.927+0000] {processor.py:925} INFO - DAG(s) 'example_time_delta_sensor_async' retrieved from /home/vboxuser/airflow_venv/lib/python3.12/site-packages/airflow/example_dags/example_time_delta_sensor_async.py
[2024-10-12T08:00:27.953+0000] {logging_mixin.py:190} INFO - [2024-10-12T08:00:27.953+0000] {dag.py:3239} INFO - Sync 1 DAGs
[2024-10-12T08:00:27.970+0000] {logging_mixin.py:190} INFO - [2024-10-12T08:00:27.970+0000] {dag.py:4180} INFO - Setting next_dagrun for example_time_delta_sensor_async to None, run_after=None
[2024-10-12T08:00:28.012+0000] {processor.py:208} INFO - Processing /home/vboxuser/airflow_venv/lib/python3.12/site-packages/airflow/example_dags/example_time_delta_sensor_async.py took 0.113 seconds
[2024-10-12T08:01:31.567+0000] {processor.py:186} INFO - Started process (PID=13813) to work on /home/vboxuser/airflow_venv/lib/python3.12/site-packages/airflow/example_dags/example_time_delta_sensor_async.py
[2024-10-12T08:01:31.573+0000] {processor.py:914} INFO - Processing file /home/vboxuser/airflow_venv/lib/python3.12/site-packages/airflow/example_dags/example_time_delta_sensor_async.py for tasks to queue
[2024-10-12T08:01:31.579+0000] {logging_mixin.py:190} INFO - [2024-10-12T08:01:31.577+0000] {dagbag.py:588} INFO - Filling up the DagBag from /home/vboxuser/airflow_venv/lib/python3.12/site-packages/airflow/example_dags/example_time_delta_sensor_async.py
[2024-10-12T08:01:31.594+0000] {processor.py:925} INFO - DAG(s) 'example_time_delta_sensor_async' retrieved from /home/vboxuser/airflow_venv/lib/python3.12/site-packages/airflow/example_dags/example_time_delta_sensor_async.py
[2024-10-12T08:01:31.619+0000] {logging_mixin.py:190} INFO - [2024-10-12T08:01:31.618+0000] {dag.py:3239} INFO - Sync 1 DAGs
[2024-10-12T08:01:31.637+0000] {logging_mixin.py:190} INFO - [2024-10-12T08:01:31.637+0000] {dag.py:4180} INFO - Setting next_dagrun for example_time_delta_sensor_async to None, run_after=None
[2024-10-12T08:01:31.675+0000] {processor.py:208} INFO - Processing /home/vboxuser/airflow_venv/lib/python3.12/site-packages/airflow/example_dags/example_time_delta_sensor_async.py took 0.125 seconds
[2024-10-12T08:02:40.421+0000] {processor.py:186} INFO - Started process (PID=13874) to work on /home/vboxuser/airflow_venv/lib/python3.12/site-packages/airflow/example_dags/example_time_delta_sensor_async.py
[2024-10-12T08:02:40.427+0000] {processor.py:914} INFO - Processing file /home/vboxuser/airflow_venv/lib/python3.12/site-packages/airflow/example_dags/example_time_delta_sensor_async.py for tasks to queue
[2024-10-12T08:02:40.433+0000] {logging_mixin.py:190} INFO - [2024-10-12T08:02:40.432+0000] {dagbag.py:588} INFO - Filling up the DagBag from /home/vboxuser/airflow_venv/lib/python3.12/site-packages/airflow/example_dags/example_time_delta_sensor_async.py
[2024-10-12T08:02:40.446+0000] {processor.py:925} INFO - DAG(s) 'example_time_delta_sensor_async' retrieved from /home/vboxuser/airflow_venv/lib/python3.12/site-packages/airflow/example_dags/example_time_delta_sensor_async.py
[2024-10-12T08:02:40.472+0000] {logging_mixin.py:190} INFO - [2024-10-12T08:02:40.472+0000] {dag.py:3239} INFO - Sync 1 DAGs
[2024-10-12T08:02:40.487+0000] {logging_mixin.py:190} INFO - [2024-10-12T08:02:40.487+0000] {dag.py:4180} INFO - Setting next_dagrun for example_time_delta_sensor_async to None, run_after=None
[2024-10-12T08:02:40.525+0000] {processor.py:208} INFO - Processing /home/vboxuser/airflow_venv/lib/python3.12/site-packages/airflow/example_dags/example_time_delta_sensor_async.py took 0.118 seconds
[2024-10-12T08:03:43.037+0000] {processor.py:186} INFO - Started process (PID=13932) to work on /home/vboxuser/airflow_venv/lib/python3.12/site-packages/airflow/example_dags/example_time_delta_sensor_async.py
[2024-10-12T08:03:43.040+0000] {processor.py:914} INFO - Processing file /home/vboxuser/airflow_venv/lib/python3.12/site-packages/airflow/example_dags/example_time_delta_sensor_async.py for tasks to queue
[2024-10-12T08:03:43.045+0000] {logging_mixin.py:190} INFO - [2024-10-12T08:03:43.044+0000] {dagbag.py:588} INFO - Filling up the DagBag from /home/vboxuser/airflow_venv/lib/python3.12/site-packages/airflow/example_dags/example_time_delta_sensor_async.py
[2024-10-12T08:03:43.061+0000] {processor.py:925} INFO - DAG(s) 'example_time_delta_sensor_async' retrieved from /home/vboxuser/airflow_venv/lib/python3.12/site-packages/airflow/example_dags/example_time_delta_sensor_async.py
[2024-10-12T08:03:43.086+0000] {logging_mixin.py:190} INFO - [2024-10-12T08:03:43.086+0000] {dag.py:3239} INFO - Sync 1 DAGs
[2024-10-12T08:03:43.105+0000] {logging_mixin.py:190} INFO - [2024-10-12T08:03:43.104+0000] {dag.py:4180} INFO - Setting next_dagrun for example_time_delta_sensor_async to None, run_after=None
[2024-10-12T08:03:43.141+0000] {processor.py:208} INFO - Processing /home/vboxuser/airflow_venv/lib/python3.12/site-packages/airflow/example_dags/example_time_delta_sensor_async.py took 0.117 seconds
[2024-10-12T08:04:52.431+0000] {processor.py:186} INFO - Started process (PID=14006) to work on /home/vboxuser/airflow_venv/lib/python3.12/site-packages/airflow/example_dags/example_time_delta_sensor_async.py
[2024-10-12T08:04:52.443+0000] {processor.py:914} INFO - Processing file /home/vboxuser/airflow_venv/lib/python3.12/site-packages/airflow/example_dags/example_time_delta_sensor_async.py for tasks to queue
[2024-10-12T08:04:52.451+0000] {logging_mixin.py:190} INFO - [2024-10-12T08:04:52.450+0000] {dagbag.py:588} INFO - Filling up the DagBag from /home/vboxuser/airflow_venv/lib/python3.12/site-packages/airflow/example_dags/example_time_delta_sensor_async.py
[2024-10-12T08:04:52.470+0000] {processor.py:925} INFO - DAG(s) 'example_time_delta_sensor_async' retrieved from /home/vboxuser/airflow_venv/lib/python3.12/site-packages/airflow/example_dags/example_time_delta_sensor_async.py
[2024-10-12T08:04:52.502+0000] {logging_mixin.py:190} INFO - [2024-10-12T08:04:52.501+0000] {dag.py:3239} INFO - Sync 1 DAGs
[2024-10-12T08:04:52.520+0000] {logging_mixin.py:190} INFO - [2024-10-12T08:04:52.520+0000] {dag.py:4180} INFO - Setting next_dagrun for example_time_delta_sensor_async to None, run_after=None
[2024-10-12T08:04:52.558+0000] {processor.py:208} INFO - Processing /home/vboxuser/airflow_venv/lib/python3.12/site-packages/airflow/example_dags/example_time_delta_sensor_async.py took 0.146 seconds
[2024-10-12T08:06:03.267+0000] {processor.py:186} INFO - Started process (PID=14076) to work on /home/vboxuser/airflow_venv/lib/python3.12/site-packages/airflow/example_dags/example_time_delta_sensor_async.py
[2024-10-12T08:06:03.273+0000] {processor.py:914} INFO - Processing file /home/vboxuser/airflow_venv/lib/python3.12/site-packages/airflow/example_dags/example_time_delta_sensor_async.py for tasks to queue
[2024-10-12T08:06:03.282+0000] {logging_mixin.py:190} INFO - [2024-10-12T08:06:03.281+0000] {dagbag.py:588} INFO - Filling up the DagBag from /home/vboxuser/airflow_venv/lib/python3.12/site-packages/airflow/example_dags/example_time_delta_sensor_async.py
[2024-10-12T08:06:03.299+0000] {processor.py:925} INFO - DAG(s) 'example_time_delta_sensor_async' retrieved from /home/vboxuser/airflow_venv/lib/python3.12/site-packages/airflow/example_dags/example_time_delta_sensor_async.py
[2024-10-12T08:06:03.336+0000] {logging_mixin.py:190} INFO - [2024-10-12T08:06:03.335+0000] {dag.py:3239} INFO - Sync 1 DAGs
[2024-10-12T08:06:03.368+0000] {logging_mixin.py:190} INFO - [2024-10-12T08:06:03.367+0000] {dag.py:4180} INFO - Setting next_dagrun for example_time_delta_sensor_async to None, run_after=None
[2024-10-12T08:06:03.480+0000] {processor.py:208} INFO - Processing /home/vboxuser/airflow_venv/lib/python3.12/site-packages/airflow/example_dags/example_time_delta_sensor_async.py took 0.227 seconds
[2024-10-12T08:07:17.852+0000] {processor.py:186} INFO - Started process (PID=14141) to work on /home/vboxuser/airflow_venv/lib/python3.12/site-packages/airflow/example_dags/example_time_delta_sensor_async.py
[2024-10-12T08:07:17.860+0000] {processor.py:914} INFO - Processing file /home/vboxuser/airflow_venv/lib/python3.12/site-packages/airflow/example_dags/example_time_delta_sensor_async.py for tasks to queue
[2024-10-12T08:07:17.866+0000] {logging_mixin.py:190} INFO - [2024-10-12T08:07:17.865+0000] {dagbag.py:588} INFO - Filling up the DagBag from /home/vboxuser/airflow_venv/lib/python3.12/site-packages/airflow/example_dags/example_time_delta_sensor_async.py
[2024-10-12T08:07:17.885+0000] {processor.py:925} INFO - DAG(s) 'example_time_delta_sensor_async' retrieved from /home/vboxuser/airflow_venv/lib/python3.12/site-packages/airflow/example_dags/example_time_delta_sensor_async.py
[2024-10-12T08:07:17.928+0000] {logging_mixin.py:190} INFO - [2024-10-12T08:07:17.928+0000] {dag.py:3239} INFO - Sync 1 DAGs
[2024-10-12T08:07:17.966+0000] {logging_mixin.py:190} INFO - [2024-10-12T08:07:17.966+0000] {dag.py:4180} INFO - Setting next_dagrun for example_time_delta_sensor_async to None, run_after=None
[2024-10-12T08:07:18.030+0000] {processor.py:208} INFO - Processing /home/vboxuser/airflow_venv/lib/python3.12/site-packages/airflow/example_dags/example_time_delta_sensor_async.py took 0.191 seconds
[2024-10-12T08:08:31.507+0000] {processor.py:186} INFO - Started process (PID=14209) to work on /home/vboxuser/airflow_venv/lib/python3.12/site-packages/airflow/example_dags/example_time_delta_sensor_async.py
[2024-10-12T08:08:31.513+0000] {processor.py:914} INFO - Processing file /home/vboxuser/airflow_venv/lib/python3.12/site-packages/airflow/example_dags/example_time_delta_sensor_async.py for tasks to queue
[2024-10-12T08:08:31.521+0000] {logging_mixin.py:190} INFO - [2024-10-12T08:08:31.519+0000] {dagbag.py:588} INFO - Filling up the DagBag from /home/vboxuser/airflow_venv/lib/python3.12/site-packages/airflow/example_dags/example_time_delta_sensor_async.py
[2024-10-12T08:08:31.538+0000] {processor.py:925} INFO - DAG(s) 'example_time_delta_sensor_async' retrieved from /home/vboxuser/airflow_venv/lib/python3.12/site-packages/airflow/example_dags/example_time_delta_sensor_async.py
[2024-10-12T08:08:31.573+0000] {logging_mixin.py:190} INFO - [2024-10-12T08:08:31.572+0000] {dag.py:3239} INFO - Sync 1 DAGs
[2024-10-12T08:08:31.598+0000] {logging_mixin.py:190} INFO - [2024-10-12T08:08:31.598+0000] {dag.py:4180} INFO - Setting next_dagrun for example_time_delta_sensor_async to None, run_after=None
[2024-10-12T08:08:31.649+0000] {processor.py:208} INFO - Processing /home/vboxuser/airflow_venv/lib/python3.12/site-packages/airflow/example_dags/example_time_delta_sensor_async.py took 0.151 seconds
[2024-10-12T08:09:48.464+0000] {processor.py:186} INFO - Started process (PID=14273) to work on /home/vboxuser/airflow_venv/lib/python3.12/site-packages/airflow/example_dags/example_time_delta_sensor_async.py
[2024-10-12T08:09:48.473+0000] {processor.py:914} INFO - Processing file /home/vboxuser/airflow_venv/lib/python3.12/site-packages/airflow/example_dags/example_time_delta_sensor_async.py for tasks to queue
[2024-10-12T08:09:48.479+0000] {logging_mixin.py:190} INFO - [2024-10-12T08:09:48.478+0000] {dagbag.py:588} INFO - Filling up the DagBag from /home/vboxuser/airflow_venv/lib/python3.12/site-packages/airflow/example_dags/example_time_delta_sensor_async.py
[2024-10-12T08:09:48.495+0000] {processor.py:925} INFO - DAG(s) 'example_time_delta_sensor_async' retrieved from /home/vboxuser/airflow_venv/lib/python3.12/site-packages/airflow/example_dags/example_time_delta_sensor_async.py
[2024-10-12T08:09:48.529+0000] {logging_mixin.py:190} INFO - [2024-10-12T08:09:48.528+0000] {dag.py:3239} INFO - Sync 1 DAGs
[2024-10-12T08:09:48.546+0000] {logging_mixin.py:190} INFO - [2024-10-12T08:09:48.546+0000] {dag.py:4180} INFO - Setting next_dagrun for example_time_delta_sensor_async to None, run_after=None
[2024-10-12T08:09:48.594+0000] {processor.py:208} INFO - Processing /home/vboxuser/airflow_venv/lib/python3.12/site-packages/airflow/example_dags/example_time_delta_sensor_async.py took 0.144 seconds
[2024-10-12T08:11:03.904+0000] {processor.py:186} INFO - Started process (PID=14341) to work on /home/vboxuser/airflow_venv/lib/python3.12/site-packages/airflow/example_dags/example_time_delta_sensor_async.py
[2024-10-12T08:11:03.912+0000] {processor.py:914} INFO - Processing file /home/vboxuser/airflow_venv/lib/python3.12/site-packages/airflow/example_dags/example_time_delta_sensor_async.py for tasks to queue
[2024-10-12T08:11:03.918+0000] {logging_mixin.py:190} INFO - [2024-10-12T08:11:03.917+0000] {dagbag.py:588} INFO - Filling up the DagBag from /home/vboxuser/airflow_venv/lib/python3.12/site-packages/airflow/example_dags/example_time_delta_sensor_async.py
[2024-10-12T08:11:03.937+0000] {processor.py:925} INFO - DAG(s) 'example_time_delta_sensor_async' retrieved from /home/vboxuser/airflow_venv/lib/python3.12/site-packages/airflow/example_dags/example_time_delta_sensor_async.py
[2024-10-12T08:11:03.973+0000] {logging_mixin.py:190} INFO - [2024-10-12T08:11:03.973+0000] {dag.py:3239} INFO - Sync 1 DAGs
[2024-10-12T08:11:04.004+0000] {logging_mixin.py:190} INFO - [2024-10-12T08:11:04.004+0000] {dag.py:4180} INFO - Setting next_dagrun for example_time_delta_sensor_async to None, run_after=None
[2024-10-12T08:11:04.065+0000] {processor.py:208} INFO - Processing /home/vboxuser/airflow_venv/lib/python3.12/site-packages/airflow/example_dags/example_time_delta_sensor_async.py took 0.178 seconds
[2024-10-12T08:12:10.272+0000] {processor.py:186} INFO - Started process (PID=14401) to work on /home/vboxuser/airflow_venv/lib/python3.12/site-packages/airflow/example_dags/example_time_delta_sensor_async.py
[2024-10-12T08:12:10.279+0000] {processor.py:914} INFO - Processing file /home/vboxuser/airflow_venv/lib/python3.12/site-packages/airflow/example_dags/example_time_delta_sensor_async.py for tasks to queue
[2024-10-12T08:12:10.291+0000] {logging_mixin.py:190} INFO - [2024-10-12T08:12:10.288+0000] {dagbag.py:588} INFO - Filling up the DagBag from /home/vboxuser/airflow_venv/lib/python3.12/site-packages/airflow/example_dags/example_time_delta_sensor_async.py
[2024-10-12T08:12:10.329+0000] {processor.py:925} INFO - DAG(s) 'example_time_delta_sensor_async' retrieved from /home/vboxuser/airflow_venv/lib/python3.12/site-packages/airflow/example_dags/example_time_delta_sensor_async.py
[2024-10-12T08:12:10.383+0000] {logging_mixin.py:190} INFO - [2024-10-12T08:12:10.382+0000] {dag.py:3239} INFO - Sync 1 DAGs
[2024-10-12T08:12:10.416+0000] {logging_mixin.py:190} INFO - [2024-10-12T08:12:10.416+0000] {dag.py:4180} INFO - Setting next_dagrun for example_time_delta_sensor_async to None, run_after=None
[2024-10-12T08:12:10.467+0000] {processor.py:208} INFO - Processing /home/vboxuser/airflow_venv/lib/python3.12/site-packages/airflow/example_dags/example_time_delta_sensor_async.py took 0.210 seconds
[2024-10-12T08:13:19.225+0000] {processor.py:186} INFO - Started process (PID=14463) to work on /home/vboxuser/airflow_venv/lib/python3.12/site-packages/airflow/example_dags/example_time_delta_sensor_async.py
[2024-10-12T08:13:19.229+0000] {processor.py:914} INFO - Processing file /home/vboxuser/airflow_venv/lib/python3.12/site-packages/airflow/example_dags/example_time_delta_sensor_async.py for tasks to queue
[2024-10-12T08:13:19.234+0000] {logging_mixin.py:190} INFO - [2024-10-12T08:13:19.233+0000] {dagbag.py:588} INFO - Filling up the DagBag from /home/vboxuser/airflow_venv/lib/python3.12/site-packages/airflow/example_dags/example_time_delta_sensor_async.py
[2024-10-12T08:13:19.253+0000] {processor.py:925} INFO - DAG(s) 'example_time_delta_sensor_async' retrieved from /home/vboxuser/airflow_venv/lib/python3.12/site-packages/airflow/example_dags/example_time_delta_sensor_async.py
[2024-10-12T08:13:19.290+0000] {logging_mixin.py:190} INFO - [2024-10-12T08:13:19.289+0000] {dag.py:3239} INFO - Sync 1 DAGs
[2024-10-12T08:13:19.321+0000] {logging_mixin.py:190} INFO - [2024-10-12T08:13:19.321+0000] {dag.py:4180} INFO - Setting next_dagrun for example_time_delta_sensor_async to None, run_after=None
[2024-10-12T08:13:19.392+0000] {processor.py:208} INFO - Processing /home/vboxuser/airflow_venv/lib/python3.12/site-packages/airflow/example_dags/example_time_delta_sensor_async.py took 0.182 seconds
[2024-10-12T08:14:33.669+0000] {processor.py:186} INFO - Started process (PID=14525) to work on /home/vboxuser/airflow_venv/lib/python3.12/site-packages/airflow/example_dags/example_time_delta_sensor_async.py
[2024-10-12T08:14:33.672+0000] {processor.py:914} INFO - Processing file /home/vboxuser/airflow_venv/lib/python3.12/site-packages/airflow/example_dags/example_time_delta_sensor_async.py for tasks to queue
[2024-10-12T08:14:33.678+0000] {logging_mixin.py:190} INFO - [2024-10-12T08:14:33.677+0000] {dagbag.py:588} INFO - Filling up the DagBag from /home/vboxuser/airflow_venv/lib/python3.12/site-packages/airflow/example_dags/example_time_delta_sensor_async.py
[2024-10-12T08:14:33.694+0000] {processor.py:925} INFO - DAG(s) 'example_time_delta_sensor_async' retrieved from /home/vboxuser/airflow_venv/lib/python3.12/site-packages/airflow/example_dags/example_time_delta_sensor_async.py
[2024-10-12T08:14:33.726+0000] {logging_mixin.py:190} INFO - [2024-10-12T08:14:33.726+0000] {dag.py:3239} INFO - Sync 1 DAGs
[2024-10-12T08:14:33.753+0000] {logging_mixin.py:190} INFO - [2024-10-12T08:14:33.753+0000] {dag.py:4180} INFO - Setting next_dagrun for example_time_delta_sensor_async to None, run_after=None
[2024-10-12T08:14:33.814+0000] {processor.py:208} INFO - Processing /home/vboxuser/airflow_venv/lib/python3.12/site-packages/airflow/example_dags/example_time_delta_sensor_async.py took 0.162 seconds
[2024-10-12T08:15:49.412+0000] {processor.py:186} INFO - Started process (PID=14591) to work on /home/vboxuser/airflow_venv/lib/python3.12/site-packages/airflow/example_dags/example_time_delta_sensor_async.py
[2024-10-12T08:15:49.417+0000] {processor.py:914} INFO - Processing file /home/vboxuser/airflow_venv/lib/python3.12/site-packages/airflow/example_dags/example_time_delta_sensor_async.py for tasks to queue
[2024-10-12T08:15:49.422+0000] {logging_mixin.py:190} INFO - [2024-10-12T08:15:49.421+0000] {dagbag.py:588} INFO - Filling up the DagBag from /home/vboxuser/airflow_venv/lib/python3.12/site-packages/airflow/example_dags/example_time_delta_sensor_async.py
[2024-10-12T08:15:49.434+0000] {processor.py:925} INFO - DAG(s) 'example_time_delta_sensor_async' retrieved from /home/vboxuser/airflow_venv/lib/python3.12/site-packages/airflow/example_dags/example_time_delta_sensor_async.py
[2024-10-12T08:15:49.456+0000] {logging_mixin.py:190} INFO - [2024-10-12T08:15:49.456+0000] {dag.py:3239} INFO - Sync 1 DAGs
[2024-10-12T08:15:49.474+0000] {logging_mixin.py:190} INFO - [2024-10-12T08:15:49.473+0000] {dag.py:4180} INFO - Setting next_dagrun for example_time_delta_sensor_async to None, run_after=None
[2024-10-12T08:15:49.527+0000] {processor.py:208} INFO - Processing /home/vboxuser/airflow_venv/lib/python3.12/site-packages/airflow/example_dags/example_time_delta_sensor_async.py took 0.127 seconds
[2024-10-12T08:17:01.882+0000] {processor.py:186} INFO - Started process (PID=14657) to work on /home/vboxuser/airflow_venv/lib/python3.12/site-packages/airflow/example_dags/example_time_delta_sensor_async.py
[2024-10-12T08:17:01.889+0000] {processor.py:914} INFO - Processing file /home/vboxuser/airflow_venv/lib/python3.12/site-packages/airflow/example_dags/example_time_delta_sensor_async.py for tasks to queue
[2024-10-12T08:17:01.893+0000] {logging_mixin.py:190} INFO - [2024-10-12T08:17:01.893+0000] {dagbag.py:588} INFO - Filling up the DagBag from /home/vboxuser/airflow_venv/lib/python3.12/site-packages/airflow/example_dags/example_time_delta_sensor_async.py
[2024-10-12T08:17:01.912+0000] {processor.py:925} INFO - DAG(s) 'example_time_delta_sensor_async' retrieved from /home/vboxuser/airflow_venv/lib/python3.12/site-packages/airflow/example_dags/example_time_delta_sensor_async.py
[2024-10-12T08:17:01.945+0000] {logging_mixin.py:190} INFO - [2024-10-12T08:17:01.945+0000] {dag.py:3239} INFO - Sync 1 DAGs
[2024-10-12T08:17:01.973+0000] {logging_mixin.py:190} INFO - [2024-10-12T08:17:01.972+0000] {dag.py:4180} INFO - Setting next_dagrun for example_time_delta_sensor_async to None, run_after=None
[2024-10-12T08:17:02.037+0000] {processor.py:208} INFO - Processing /home/vboxuser/airflow_venv/lib/python3.12/site-packages/airflow/example_dags/example_time_delta_sensor_async.py took 0.171 seconds
