[2024-10-12T07:09:39.801+0000] {processor.py:186} INFO - Started process (PID=11345) to work on /home/vboxuser/airflow_venv/lib/python3.12/site-packages/airflow/example_dags/example_branch_labels.py
[2024-10-12T07:09:39.806+0000] {processor.py:914} INFO - Processing file /home/vboxuser/airflow_venv/lib/python3.12/site-packages/airflow/example_dags/example_branch_labels.py for tasks to queue
[2024-10-12T07:09:39.809+0000] {logging_mixin.py:190} INFO - [2024-10-12T07:09:39.809+0000] {dagbag.py:588} INFO - Filling up the DagBag from /home/vboxuser/airflow_venv/lib/python3.12/site-packages/airflow/example_dags/example_branch_labels.py
[2024-10-12T07:09:39.826+0000] {processor.py:925} INFO - DAG(s) 'example_branch_labels' retrieved from /home/vboxuser/airflow_venv/lib/python3.12/site-packages/airflow/example_dags/example_branch_labels.py
[2024-10-12T07:09:39.967+0000] {logging_mixin.py:190} INFO - [2024-10-12T07:09:39.966+0000] {override.py:1901} INFO - Created Permission View: can delete on DAG:example_branch_labels
[2024-10-12T07:09:39.987+0000] {logging_mixin.py:190} INFO - [2024-10-12T07:09:39.987+0000] {override.py:1901} INFO - Created Permission View: can read on DAG:example_branch_labels
[2024-10-12T07:09:40.005+0000] {logging_mixin.py:190} INFO - [2024-10-12T07:09:40.004+0000] {override.py:1901} INFO - Created Permission View: can edit on DAG:example_branch_labels
[2024-10-12T07:09:40.035+0000] {logging_mixin.py:190} INFO - [2024-10-12T07:09:40.035+0000] {override.py:1901} INFO - Created Permission View: can delete on DAG Run:example_branch_labels
[2024-10-12T07:09:40.052+0000] {logging_mixin.py:190} INFO - [2024-10-12T07:09:40.052+0000] {override.py:1901} INFO - Created Permission View: can read on DAG Run:example_branch_labels
[2024-10-12T07:09:40.068+0000] {logging_mixin.py:190} INFO - [2024-10-12T07:09:40.068+0000] {override.py:1901} INFO - Created Permission View: menu access on DAG Run:example_branch_labels
[2024-10-12T07:09:40.085+0000] {logging_mixin.py:190} INFO - [2024-10-12T07:09:40.085+0000] {override.py:1901} INFO - Created Permission View: can create on DAG Run:example_branch_labels
[2024-10-12T07:09:40.086+0000] {logging_mixin.py:190} INFO - [2024-10-12T07:09:40.085+0000] {dag.py:3239} INFO - Sync 1 DAGs
[2024-10-12T07:09:40.098+0000] {logging_mixin.py:190} INFO - [2024-10-12T07:09:40.098+0000] {dag.py:3262} INFO - Creating ORM DAG for example_branch_labels
[2024-10-12T07:09:40.110+0000] {logging_mixin.py:190} INFO - [2024-10-12T07:09:40.110+0000] {dag.py:4180} INFO - Setting next_dagrun for example_branch_labels to 2024-10-11 00:00:00+00:00, run_after=2024-10-12 00:00:00+00:00
[2024-10-12T07:09:40.144+0000] {processor.py:208} INFO - Processing /home/vboxuser/airflow_venv/lib/python3.12/site-packages/airflow/example_dags/example_branch_labels.py took 0.355 seconds
[2024-10-12T07:10:51.159+0000] {processor.py:186} INFO - Started process (PID=11416) to work on /home/vboxuser/airflow_venv/lib/python3.12/site-packages/airflow/example_dags/example_branch_labels.py
[2024-10-12T07:10:51.161+0000] {processor.py:914} INFO - Processing file /home/vboxuser/airflow_venv/lib/python3.12/site-packages/airflow/example_dags/example_branch_labels.py for tasks to queue
[2024-10-12T07:10:51.164+0000] {logging_mixin.py:190} INFO - [2024-10-12T07:10:51.163+0000] {dagbag.py:588} INFO - Filling up the DagBag from /home/vboxuser/airflow_venv/lib/python3.12/site-packages/airflow/example_dags/example_branch_labels.py
[2024-10-12T07:10:51.174+0000] {processor.py:925} INFO - DAG(s) 'example_branch_labels' retrieved from /home/vboxuser/airflow_venv/lib/python3.12/site-packages/airflow/example_dags/example_branch_labels.py
[2024-10-12T07:10:51.193+0000] {logging_mixin.py:190} INFO - [2024-10-12T07:10:51.193+0000] {dag.py:3239} INFO - Sync 1 DAGs
[2024-10-12T07:10:51.217+0000] {logging_mixin.py:190} INFO - [2024-10-12T07:10:51.217+0000] {dag.py:4180} INFO - Setting next_dagrun for example_branch_labels to 2024-10-11 00:00:00+00:00, run_after=2024-10-12 00:00:00+00:00
[2024-10-12T07:10:51.250+0000] {processor.py:208} INFO - Processing /home/vboxuser/airflow_venv/lib/python3.12/site-packages/airflow/example_dags/example_branch_labels.py took 0.098 seconds
[2024-10-12T07:11:54.323+0000] {processor.py:186} INFO - Started process (PID=11474) to work on /home/vboxuser/airflow_venv/lib/python3.12/site-packages/airflow/example_dags/example_branch_labels.py
[2024-10-12T07:11:54.326+0000] {processor.py:914} INFO - Processing file /home/vboxuser/airflow_venv/lib/python3.12/site-packages/airflow/example_dags/example_branch_labels.py for tasks to queue
[2024-10-12T07:11:54.330+0000] {logging_mixin.py:190} INFO - [2024-10-12T07:11:54.329+0000] {dagbag.py:588} INFO - Filling up the DagBag from /home/vboxuser/airflow_venv/lib/python3.12/site-packages/airflow/example_dags/example_branch_labels.py
[2024-10-12T07:11:54.347+0000] {processor.py:925} INFO - DAG(s) 'example_branch_labels' retrieved from /home/vboxuser/airflow_venv/lib/python3.12/site-packages/airflow/example_dags/example_branch_labels.py
[2024-10-12T07:11:54.370+0000] {logging_mixin.py:190} INFO - [2024-10-12T07:11:54.369+0000] {dag.py:3239} INFO - Sync 1 DAGs
[2024-10-12T07:11:54.393+0000] {logging_mixin.py:190} INFO - [2024-10-12T07:11:54.393+0000] {dag.py:4180} INFO - Setting next_dagrun for example_branch_labels to 2024-10-11 00:00:00+00:00, run_after=2024-10-12 00:00:00+00:00
[2024-10-12T07:11:54.426+0000] {processor.py:208} INFO - Processing /home/vboxuser/airflow_venv/lib/python3.12/site-packages/airflow/example_dags/example_branch_labels.py took 0.112 seconds
[2024-10-12T07:12:56.279+0000] {processor.py:186} INFO - Started process (PID=11531) to work on /home/vboxuser/airflow_venv/lib/python3.12/site-packages/airflow/example_dags/example_branch_labels.py
[2024-10-12T07:12:56.284+0000] {processor.py:914} INFO - Processing file /home/vboxuser/airflow_venv/lib/python3.12/site-packages/airflow/example_dags/example_branch_labels.py for tasks to queue
[2024-10-12T07:12:56.288+0000] {logging_mixin.py:190} INFO - [2024-10-12T07:12:56.287+0000] {dagbag.py:588} INFO - Filling up the DagBag from /home/vboxuser/airflow_venv/lib/python3.12/site-packages/airflow/example_dags/example_branch_labels.py
[2024-10-12T07:12:56.307+0000] {processor.py:925} INFO - DAG(s) 'example_branch_labels' retrieved from /home/vboxuser/airflow_venv/lib/python3.12/site-packages/airflow/example_dags/example_branch_labels.py
[2024-10-12T07:12:56.333+0000] {logging_mixin.py:190} INFO - [2024-10-12T07:12:56.333+0000] {dag.py:3239} INFO - Sync 1 DAGs
[2024-10-12T07:12:56.360+0000] {logging_mixin.py:190} INFO - [2024-10-12T07:12:56.359+0000] {dag.py:4180} INFO - Setting next_dagrun for example_branch_labels to 2024-10-11 00:00:00+00:00, run_after=2024-10-12 00:00:00+00:00
[2024-10-12T07:12:56.391+0000] {processor.py:208} INFO - Processing /home/vboxuser/airflow_venv/lib/python3.12/site-packages/airflow/example_dags/example_branch_labels.py took 0.126 seconds
[2024-10-12T07:14:00.535+0000] {processor.py:186} INFO - Started process (PID=11672) to work on /home/vboxuser/airflow_venv/lib/python3.12/site-packages/airflow/example_dags/example_branch_labels.py
[2024-10-12T07:14:00.538+0000] {processor.py:914} INFO - Processing file /home/vboxuser/airflow_venv/lib/python3.12/site-packages/airflow/example_dags/example_branch_labels.py for tasks to queue
[2024-10-12T07:14:00.542+0000] {logging_mixin.py:190} INFO - [2024-10-12T07:14:00.541+0000] {dagbag.py:588} INFO - Filling up the DagBag from /home/vboxuser/airflow_venv/lib/python3.12/site-packages/airflow/example_dags/example_branch_labels.py
[2024-10-12T07:14:00.560+0000] {processor.py:925} INFO - DAG(s) 'example_branch_labels' retrieved from /home/vboxuser/airflow_venv/lib/python3.12/site-packages/airflow/example_dags/example_branch_labels.py
[2024-10-12T07:14:00.578+0000] {logging_mixin.py:190} INFO - [2024-10-12T07:14:00.578+0000] {dag.py:3239} INFO - Sync 1 DAGs
[2024-10-12T07:14:00.600+0000] {logging_mixin.py:190} INFO - [2024-10-12T07:14:00.599+0000] {dag.py:4180} INFO - Setting next_dagrun for example_branch_labels to 2024-10-11 00:00:00+00:00, run_after=2024-10-12 00:00:00+00:00
[2024-10-12T07:14:00.630+0000] {processor.py:208} INFO - Processing /home/vboxuser/airflow_venv/lib/python3.12/site-packages/airflow/example_dags/example_branch_labels.py took 0.105 seconds
[2024-10-12T07:15:10.167+0000] {processor.py:186} INFO - Started process (PID=11745) to work on /home/vboxuser/airflow_venv/lib/python3.12/site-packages/airflow/example_dags/example_branch_labels.py
[2024-10-12T07:15:10.172+0000] {processor.py:914} INFO - Processing file /home/vboxuser/airflow_venv/lib/python3.12/site-packages/airflow/example_dags/example_branch_labels.py for tasks to queue
[2024-10-12T07:15:10.174+0000] {logging_mixin.py:190} INFO - [2024-10-12T07:15:10.174+0000] {dagbag.py:588} INFO - Filling up the DagBag from /home/vboxuser/airflow_venv/lib/python3.12/site-packages/airflow/example_dags/example_branch_labels.py
[2024-10-12T07:15:10.187+0000] {processor.py:925} INFO - DAG(s) 'example_branch_labels' retrieved from /home/vboxuser/airflow_venv/lib/python3.12/site-packages/airflow/example_dags/example_branch_labels.py
[2024-10-12T07:15:10.206+0000] {logging_mixin.py:190} INFO - [2024-10-12T07:15:10.206+0000] {dag.py:3239} INFO - Sync 1 DAGs
[2024-10-12T07:15:10.369+0000] {logging_mixin.py:190} INFO - [2024-10-12T07:15:10.369+0000] {dag.py:4180} INFO - Setting next_dagrun for example_branch_labels to 2024-10-11 00:00:00+00:00, run_after=2024-10-12 00:00:00+00:00
[2024-10-12T07:15:10.407+0000] {processor.py:208} INFO - Processing /home/vboxuser/airflow_venv/lib/python3.12/site-packages/airflow/example_dags/example_branch_labels.py took 0.248 seconds
[2024-10-12T07:16:22.796+0000] {processor.py:186} INFO - Started process (PID=11809) to work on /home/vboxuser/airflow_venv/lib/python3.12/site-packages/airflow/example_dags/example_branch_labels.py
[2024-10-12T07:16:22.798+0000] {processor.py:914} INFO - Processing file /home/vboxuser/airflow_venv/lib/python3.12/site-packages/airflow/example_dags/example_branch_labels.py for tasks to queue
[2024-10-12T07:16:22.801+0000] {logging_mixin.py:190} INFO - [2024-10-12T07:16:22.800+0000] {dagbag.py:588} INFO - Filling up the DagBag from /home/vboxuser/airflow_venv/lib/python3.12/site-packages/airflow/example_dags/example_branch_labels.py
[2024-10-12T07:16:22.819+0000] {processor.py:925} INFO - DAG(s) 'example_branch_labels' retrieved from /home/vboxuser/airflow_venv/lib/python3.12/site-packages/airflow/example_dags/example_branch_labels.py
[2024-10-12T07:16:22.854+0000] {logging_mixin.py:190} INFO - [2024-10-12T07:16:22.854+0000] {dag.py:3239} INFO - Sync 1 DAGs
[2024-10-12T07:16:22.878+0000] {logging_mixin.py:190} INFO - [2024-10-12T07:16:22.878+0000] {dag.py:4180} INFO - Setting next_dagrun for example_branch_labels to 2024-10-11 00:00:00+00:00, run_after=2024-10-12 00:00:00+00:00
[2024-10-12T07:16:22.910+0000] {processor.py:208} INFO - Processing /home/vboxuser/airflow_venv/lib/python3.12/site-packages/airflow/example_dags/example_branch_labels.py took 0.122 seconds
[2024-10-12T07:17:26.237+0000] {processor.py:186} INFO - Started process (PID=11869) to work on /home/vboxuser/airflow_venv/lib/python3.12/site-packages/airflow/example_dags/example_branch_labels.py
[2024-10-12T07:17:26.240+0000] {processor.py:914} INFO - Processing file /home/vboxuser/airflow_venv/lib/python3.12/site-packages/airflow/example_dags/example_branch_labels.py for tasks to queue
[2024-10-12T07:17:26.244+0000] {logging_mixin.py:190} INFO - [2024-10-12T07:17:26.243+0000] {dagbag.py:588} INFO - Filling up the DagBag from /home/vboxuser/airflow_venv/lib/python3.12/site-packages/airflow/example_dags/example_branch_labels.py
[2024-10-12T07:17:26.255+0000] {processor.py:925} INFO - DAG(s) 'example_branch_labels' retrieved from /home/vboxuser/airflow_venv/lib/python3.12/site-packages/airflow/example_dags/example_branch_labels.py
[2024-10-12T07:17:26.275+0000] {logging_mixin.py:190} INFO - [2024-10-12T07:17:26.275+0000] {dag.py:3239} INFO - Sync 1 DAGs
[2024-10-12T07:17:26.298+0000] {logging_mixin.py:190} INFO - [2024-10-12T07:17:26.297+0000] {dag.py:4180} INFO - Setting next_dagrun for example_branch_labels to 2024-10-11 00:00:00+00:00, run_after=2024-10-12 00:00:00+00:00
[2024-10-12T07:17:26.340+0000] {processor.py:208} INFO - Processing /home/vboxuser/airflow_venv/lib/python3.12/site-packages/airflow/example_dags/example_branch_labels.py took 0.118 seconds
[2024-10-12T07:18:28.456+0000] {processor.py:186} INFO - Started process (PID=11928) to work on /home/vboxuser/airflow_venv/lib/python3.12/site-packages/airflow/example_dags/example_branch_labels.py
[2024-10-12T07:18:28.458+0000] {processor.py:914} INFO - Processing file /home/vboxuser/airflow_venv/lib/python3.12/site-packages/airflow/example_dags/example_branch_labels.py for tasks to queue
[2024-10-12T07:18:28.463+0000] {logging_mixin.py:190} INFO - [2024-10-12T07:18:28.462+0000] {dagbag.py:588} INFO - Filling up the DagBag from /home/vboxuser/airflow_venv/lib/python3.12/site-packages/airflow/example_dags/example_branch_labels.py
[2024-10-12T07:18:28.490+0000] {processor.py:925} INFO - DAG(s) 'example_branch_labels' retrieved from /home/vboxuser/airflow_venv/lib/python3.12/site-packages/airflow/example_dags/example_branch_labels.py
[2024-10-12T07:18:28.516+0000] {logging_mixin.py:190} INFO - [2024-10-12T07:18:28.516+0000] {dag.py:3239} INFO - Sync 1 DAGs
[2024-10-12T07:18:28.538+0000] {logging_mixin.py:190} INFO - [2024-10-12T07:18:28.538+0000] {dag.py:4180} INFO - Setting next_dagrun for example_branch_labels to 2024-10-11 00:00:00+00:00, run_after=2024-10-12 00:00:00+00:00
[2024-10-12T07:18:28.570+0000] {processor.py:208} INFO - Processing /home/vboxuser/airflow_venv/lib/python3.12/site-packages/airflow/example_dags/example_branch_labels.py took 0.132 seconds
[2024-10-12T07:19:30.082+0000] {processor.py:186} INFO - Started process (PID=11985) to work on /home/vboxuser/airflow_venv/lib/python3.12/site-packages/airflow/example_dags/example_branch_labels.py
[2024-10-12T07:19:30.084+0000] {processor.py:914} INFO - Processing file /home/vboxuser/airflow_venv/lib/python3.12/site-packages/airflow/example_dags/example_branch_labels.py for tasks to queue
[2024-10-12T07:19:30.087+0000] {logging_mixin.py:190} INFO - [2024-10-12T07:19:30.086+0000] {dagbag.py:588} INFO - Filling up the DagBag from /home/vboxuser/airflow_venv/lib/python3.12/site-packages/airflow/example_dags/example_branch_labels.py
[2024-10-12T07:19:30.101+0000] {processor.py:925} INFO - DAG(s) 'example_branch_labels' retrieved from /home/vboxuser/airflow_venv/lib/python3.12/site-packages/airflow/example_dags/example_branch_labels.py
[2024-10-12T07:19:30.120+0000] {logging_mixin.py:190} INFO - [2024-10-12T07:19:30.120+0000] {dag.py:3239} INFO - Sync 1 DAGs
[2024-10-12T07:19:30.144+0000] {logging_mixin.py:190} INFO - [2024-10-12T07:19:30.144+0000] {dag.py:4180} INFO - Setting next_dagrun for example_branch_labels to 2024-10-11 00:00:00+00:00, run_after=2024-10-12 00:00:00+00:00
[2024-10-12T07:19:30.176+0000] {processor.py:208} INFO - Processing /home/vboxuser/airflow_venv/lib/python3.12/site-packages/airflow/example_dags/example_branch_labels.py took 0.103 seconds
[2024-10-12T07:20:36.780+0000] {processor.py:186} INFO - Started process (PID=12049) to work on /home/vboxuser/airflow_venv/lib/python3.12/site-packages/airflow/example_dags/example_branch_labels.py
[2024-10-12T07:20:36.783+0000] {processor.py:914} INFO - Processing file /home/vboxuser/airflow_venv/lib/python3.12/site-packages/airflow/example_dags/example_branch_labels.py for tasks to queue
[2024-10-12T07:20:36.789+0000] {logging_mixin.py:190} INFO - [2024-10-12T07:20:36.788+0000] {dagbag.py:588} INFO - Filling up the DagBag from /home/vboxuser/airflow_venv/lib/python3.12/site-packages/airflow/example_dags/example_branch_labels.py
[2024-10-12T07:20:36.806+0000] {processor.py:925} INFO - DAG(s) 'example_branch_labels' retrieved from /home/vboxuser/airflow_venv/lib/python3.12/site-packages/airflow/example_dags/example_branch_labels.py
[2024-10-12T07:20:36.826+0000] {logging_mixin.py:190} INFO - [2024-10-12T07:20:36.826+0000] {dag.py:3239} INFO - Sync 1 DAGs
[2024-10-12T07:20:36.850+0000] {logging_mixin.py:190} INFO - [2024-10-12T07:20:36.850+0000] {dag.py:4180} INFO - Setting next_dagrun for example_branch_labels to 2024-10-11 00:00:00+00:00, run_after=2024-10-12 00:00:00+00:00
[2024-10-12T07:20:36.886+0000] {processor.py:208} INFO - Processing /home/vboxuser/airflow_venv/lib/python3.12/site-packages/airflow/example_dags/example_branch_labels.py took 0.116 seconds
[2024-10-12T07:21:43.324+0000] {processor.py:186} INFO - Started process (PID=12110) to work on /home/vboxuser/airflow_venv/lib/python3.12/site-packages/airflow/example_dags/example_branch_labels.py
[2024-10-12T07:21:43.328+0000] {processor.py:914} INFO - Processing file /home/vboxuser/airflow_venv/lib/python3.12/site-packages/airflow/example_dags/example_branch_labels.py for tasks to queue
[2024-10-12T07:21:43.332+0000] {logging_mixin.py:190} INFO - [2024-10-12T07:21:43.331+0000] {dagbag.py:588} INFO - Filling up the DagBag from /home/vboxuser/airflow_venv/lib/python3.12/site-packages/airflow/example_dags/example_branch_labels.py
[2024-10-12T07:21:43.348+0000] {processor.py:925} INFO - DAG(s) 'example_branch_labels' retrieved from /home/vboxuser/airflow_venv/lib/python3.12/site-packages/airflow/example_dags/example_branch_labels.py
[2024-10-12T07:21:43.371+0000] {logging_mixin.py:190} INFO - [2024-10-12T07:21:43.371+0000] {dag.py:3239} INFO - Sync 1 DAGs
[2024-10-12T07:21:43.396+0000] {logging_mixin.py:190} INFO - [2024-10-12T07:21:43.396+0000] {dag.py:4180} INFO - Setting next_dagrun for example_branch_labels to 2024-10-11 00:00:00+00:00, run_after=2024-10-12 00:00:00+00:00
[2024-10-12T07:21:43.433+0000] {processor.py:208} INFO - Processing /home/vboxuser/airflow_venv/lib/python3.12/site-packages/airflow/example_dags/example_branch_labels.py took 0.118 seconds
[2024-10-12T07:22:49.722+0000] {processor.py:186} INFO - Started process (PID=12169) to work on /home/vboxuser/airflow_venv/lib/python3.12/site-packages/airflow/example_dags/example_branch_labels.py
[2024-10-12T07:22:49.724+0000] {processor.py:914} INFO - Processing file /home/vboxuser/airflow_venv/lib/python3.12/site-packages/airflow/example_dags/example_branch_labels.py for tasks to queue
[2024-10-12T07:22:49.727+0000] {logging_mixin.py:190} INFO - [2024-10-12T07:22:49.727+0000] {dagbag.py:588} INFO - Filling up the DagBag from /home/vboxuser/airflow_venv/lib/python3.12/site-packages/airflow/example_dags/example_branch_labels.py
[2024-10-12T07:22:49.738+0000] {processor.py:925} INFO - DAG(s) 'example_branch_labels' retrieved from /home/vboxuser/airflow_venv/lib/python3.12/site-packages/airflow/example_dags/example_branch_labels.py
[2024-10-12T07:22:49.756+0000] {logging_mixin.py:190} INFO - [2024-10-12T07:22:49.756+0000] {dag.py:3239} INFO - Sync 1 DAGs
[2024-10-12T07:22:49.779+0000] {logging_mixin.py:190} INFO - [2024-10-12T07:22:49.778+0000] {dag.py:4180} INFO - Setting next_dagrun for example_branch_labels to 2024-10-11 00:00:00+00:00, run_after=2024-10-12 00:00:00+00:00
[2024-10-12T07:22:49.827+0000] {processor.py:208} INFO - Processing /home/vboxuser/airflow_venv/lib/python3.12/site-packages/airflow/example_dags/example_branch_labels.py took 0.115 seconds
[2024-10-12T07:24:01.793+0000] {processor.py:186} INFO - Started process (PID=12232) to work on /home/vboxuser/airflow_venv/lib/python3.12/site-packages/airflow/example_dags/example_branch_labels.py
[2024-10-12T07:24:01.796+0000] {processor.py:914} INFO - Processing file /home/vboxuser/airflow_venv/lib/python3.12/site-packages/airflow/example_dags/example_branch_labels.py for tasks to queue
[2024-10-12T07:24:01.804+0000] {logging_mixin.py:190} INFO - [2024-10-12T07:24:01.803+0000] {dagbag.py:588} INFO - Filling up the DagBag from /home/vboxuser/airflow_venv/lib/python3.12/site-packages/airflow/example_dags/example_branch_labels.py
[2024-10-12T07:24:01.822+0000] {processor.py:925} INFO - DAG(s) 'example_branch_labels' retrieved from /home/vboxuser/airflow_venv/lib/python3.12/site-packages/airflow/example_dags/example_branch_labels.py
[2024-10-12T07:24:01.840+0000] {logging_mixin.py:190} INFO - [2024-10-12T07:24:01.840+0000] {dag.py:3239} INFO - Sync 1 DAGs
[2024-10-12T07:24:01.862+0000] {logging_mixin.py:190} INFO - [2024-10-12T07:24:01.862+0000] {dag.py:4180} INFO - Setting next_dagrun for example_branch_labels to 2024-10-11 00:00:00+00:00, run_after=2024-10-12 00:00:00+00:00
[2024-10-12T07:24:01.898+0000] {processor.py:208} INFO - Processing /home/vboxuser/airflow_venv/lib/python3.12/site-packages/airflow/example_dags/example_branch_labels.py took 0.114 seconds
[2024-10-12T07:25:09.576+0000] {processor.py:186} INFO - Started process (PID=12295) to work on /home/vboxuser/airflow_venv/lib/python3.12/site-packages/airflow/example_dags/example_branch_labels.py
[2024-10-12T07:25:09.582+0000] {processor.py:914} INFO - Processing file /home/vboxuser/airflow_venv/lib/python3.12/site-packages/airflow/example_dags/example_branch_labels.py for tasks to queue
[2024-10-12T07:25:09.588+0000] {logging_mixin.py:190} INFO - [2024-10-12T07:25:09.586+0000] {dagbag.py:588} INFO - Filling up the DagBag from /home/vboxuser/airflow_venv/lib/python3.12/site-packages/airflow/example_dags/example_branch_labels.py
[2024-10-12T07:25:09.604+0000] {processor.py:925} INFO - DAG(s) 'example_branch_labels' retrieved from /home/vboxuser/airflow_venv/lib/python3.12/site-packages/airflow/example_dags/example_branch_labels.py
[2024-10-12T07:25:09.630+0000] {logging_mixin.py:190} INFO - [2024-10-12T07:25:09.629+0000] {dag.py:3239} INFO - Sync 1 DAGs
[2024-10-12T07:25:09.657+0000] {logging_mixin.py:190} INFO - [2024-10-12T07:25:09.657+0000] {dag.py:4180} INFO - Setting next_dagrun for example_branch_labels to 2024-10-11 00:00:00+00:00, run_after=2024-10-12 00:00:00+00:00
[2024-10-12T07:25:09.691+0000] {processor.py:208} INFO - Processing /home/vboxuser/airflow_venv/lib/python3.12/site-packages/airflow/example_dags/example_branch_labels.py took 0.125 seconds
[2024-10-12T07:26:18.680+0000] {processor.py:186} INFO - Started process (PID=12359) to work on /home/vboxuser/airflow_venv/lib/python3.12/site-packages/airflow/example_dags/example_branch_labels.py
[2024-10-12T07:26:18.683+0000] {processor.py:914} INFO - Processing file /home/vboxuser/airflow_venv/lib/python3.12/site-packages/airflow/example_dags/example_branch_labels.py for tasks to queue
[2024-10-12T07:26:18.689+0000] {logging_mixin.py:190} INFO - [2024-10-12T07:26:18.688+0000] {dagbag.py:588} INFO - Filling up the DagBag from /home/vboxuser/airflow_venv/lib/python3.12/site-packages/airflow/example_dags/example_branch_labels.py
[2024-10-12T07:26:18.708+0000] {processor.py:925} INFO - DAG(s) 'example_branch_labels' retrieved from /home/vboxuser/airflow_venv/lib/python3.12/site-packages/airflow/example_dags/example_branch_labels.py
[2024-10-12T07:26:18.739+0000] {logging_mixin.py:190} INFO - [2024-10-12T07:26:18.739+0000] {dag.py:3239} INFO - Sync 1 DAGs
[2024-10-12T07:26:18.772+0000] {logging_mixin.py:190} INFO - [2024-10-12T07:26:18.771+0000] {dag.py:4180} INFO - Setting next_dagrun for example_branch_labels to 2024-10-11 00:00:00+00:00, run_after=2024-10-12 00:00:00+00:00
[2024-10-12T07:26:18.810+0000] {processor.py:208} INFO - Processing /home/vboxuser/airflow_venv/lib/python3.12/site-packages/airflow/example_dags/example_branch_labels.py took 0.144 seconds
[2024-10-12T07:27:30.862+0000] {processor.py:186} INFO - Started process (PID=12420) to work on /home/vboxuser/airflow_venv/lib/python3.12/site-packages/airflow/example_dags/example_branch_labels.py
[2024-10-12T07:27:30.865+0000] {processor.py:914} INFO - Processing file /home/vboxuser/airflow_venv/lib/python3.12/site-packages/airflow/example_dags/example_branch_labels.py for tasks to queue
[2024-10-12T07:27:30.869+0000] {logging_mixin.py:190} INFO - [2024-10-12T07:27:30.868+0000] {dagbag.py:588} INFO - Filling up the DagBag from /home/vboxuser/airflow_venv/lib/python3.12/site-packages/airflow/example_dags/example_branch_labels.py
[2024-10-12T07:27:30.884+0000] {processor.py:925} INFO - DAG(s) 'example_branch_labels' retrieved from /home/vboxuser/airflow_venv/lib/python3.12/site-packages/airflow/example_dags/example_branch_labels.py
[2024-10-12T07:27:30.916+0000] {logging_mixin.py:190} INFO - [2024-10-12T07:27:30.915+0000] {dag.py:3239} INFO - Sync 1 DAGs
[2024-10-12T07:27:30.946+0000] {logging_mixin.py:190} INFO - [2024-10-12T07:27:30.946+0000] {dag.py:4180} INFO - Setting next_dagrun for example_branch_labels to 2024-10-11 00:00:00+00:00, run_after=2024-10-12 00:00:00+00:00
[2024-10-12T07:27:30.987+0000] {processor.py:208} INFO - Processing /home/vboxuser/airflow_venv/lib/python3.12/site-packages/airflow/example_dags/example_branch_labels.py took 0.137 seconds
[2024-10-12T07:28:41.883+0000] {processor.py:186} INFO - Started process (PID=12483) to work on /home/vboxuser/airflow_venv/lib/python3.12/site-packages/airflow/example_dags/example_branch_labels.py
[2024-10-12T07:28:41.885+0000] {processor.py:914} INFO - Processing file /home/vboxuser/airflow_venv/lib/python3.12/site-packages/airflow/example_dags/example_branch_labels.py for tasks to queue
[2024-10-12T07:28:41.888+0000] {logging_mixin.py:190} INFO - [2024-10-12T07:28:41.888+0000] {dagbag.py:588} INFO - Filling up the DagBag from /home/vboxuser/airflow_venv/lib/python3.12/site-packages/airflow/example_dags/example_branch_labels.py
[2024-10-12T07:28:41.907+0000] {processor.py:925} INFO - DAG(s) 'example_branch_labels' retrieved from /home/vboxuser/airflow_venv/lib/python3.12/site-packages/airflow/example_dags/example_branch_labels.py
[2024-10-12T07:28:41.936+0000] {logging_mixin.py:190} INFO - [2024-10-12T07:28:41.935+0000] {dag.py:3239} INFO - Sync 1 DAGs
[2024-10-12T07:28:41.962+0000] {logging_mixin.py:190} INFO - [2024-10-12T07:28:41.961+0000] {dag.py:4180} INFO - Setting next_dagrun for example_branch_labels to 2024-10-11 00:00:00+00:00, run_after=2024-10-12 00:00:00+00:00
[2024-10-12T07:28:42.012+0000] {processor.py:208} INFO - Processing /home/vboxuser/airflow_venv/lib/python3.12/site-packages/airflow/example_dags/example_branch_labels.py took 0.142 seconds
[2024-10-12T07:29:46.151+0000] {processor.py:186} INFO - Started process (PID=12539) to work on /home/vboxuser/airflow_venv/lib/python3.12/site-packages/airflow/example_dags/example_branch_labels.py
[2024-10-12T07:29:46.152+0000] {processor.py:914} INFO - Processing file /home/vboxuser/airflow_venv/lib/python3.12/site-packages/airflow/example_dags/example_branch_labels.py for tasks to queue
[2024-10-12T07:29:46.155+0000] {logging_mixin.py:190} INFO - [2024-10-12T07:29:46.155+0000] {dagbag.py:588} INFO - Filling up the DagBag from /home/vboxuser/airflow_venv/lib/python3.12/site-packages/airflow/example_dags/example_branch_labels.py
[2024-10-12T07:29:46.169+0000] {processor.py:925} INFO - DAG(s) 'example_branch_labels' retrieved from /home/vboxuser/airflow_venv/lib/python3.12/site-packages/airflow/example_dags/example_branch_labels.py
[2024-10-12T07:29:46.187+0000] {logging_mixin.py:190} INFO - [2024-10-12T07:29:46.187+0000] {dag.py:3239} INFO - Sync 1 DAGs
[2024-10-12T07:29:46.208+0000] {logging_mixin.py:190} INFO - [2024-10-12T07:29:46.208+0000] {dag.py:4180} INFO - Setting next_dagrun for example_branch_labels to 2024-10-11 00:00:00+00:00, run_after=2024-10-12 00:00:00+00:00
[2024-10-12T07:29:46.247+0000] {processor.py:208} INFO - Processing /home/vboxuser/airflow_venv/lib/python3.12/site-packages/airflow/example_dags/example_branch_labels.py took 0.104 seconds
[2024-10-12T07:30:58.367+0000] {processor.py:186} INFO - Started process (PID=12623) to work on /home/vboxuser/airflow_venv/lib/python3.12/site-packages/airflow/example_dags/example_branch_labels.py
[2024-10-12T07:30:58.371+0000] {processor.py:914} INFO - Processing file /home/vboxuser/airflow_venv/lib/python3.12/site-packages/airflow/example_dags/example_branch_labels.py for tasks to queue
[2024-10-12T07:30:58.375+0000] {logging_mixin.py:190} INFO - [2024-10-12T07:30:58.375+0000] {dagbag.py:588} INFO - Filling up the DagBag from /home/vboxuser/airflow_venv/lib/python3.12/site-packages/airflow/example_dags/example_branch_labels.py
[2024-10-12T07:30:58.389+0000] {processor.py:925} INFO - DAG(s) 'example_branch_labels' retrieved from /home/vboxuser/airflow_venv/lib/python3.12/site-packages/airflow/example_dags/example_branch_labels.py
[2024-10-12T07:30:58.408+0000] {logging_mixin.py:190} INFO - [2024-10-12T07:30:58.408+0000] {dag.py:3239} INFO - Sync 1 DAGs
[2024-10-12T07:30:58.430+0000] {logging_mixin.py:190} INFO - [2024-10-12T07:30:58.430+0000] {dag.py:4180} INFO - Setting next_dagrun for example_branch_labels to 2024-10-11 00:00:00+00:00, run_after=2024-10-12 00:00:00+00:00
[2024-10-12T07:30:58.490+0000] {processor.py:208} INFO - Processing /home/vboxuser/airflow_venv/lib/python3.12/site-packages/airflow/example_dags/example_branch_labels.py took 0.135 seconds
[2024-10-12T07:32:06.517+0000] {processor.py:186} INFO - Started process (PID=12693) to work on /home/vboxuser/airflow_venv/lib/python3.12/site-packages/airflow/example_dags/example_branch_labels.py
[2024-10-12T07:32:06.520+0000] {processor.py:914} INFO - Processing file /home/vboxuser/airflow_venv/lib/python3.12/site-packages/airflow/example_dags/example_branch_labels.py for tasks to queue
[2024-10-12T07:32:06.523+0000] {logging_mixin.py:190} INFO - [2024-10-12T07:32:06.522+0000] {dagbag.py:588} INFO - Filling up the DagBag from /home/vboxuser/airflow_venv/lib/python3.12/site-packages/airflow/example_dags/example_branch_labels.py
[2024-10-12T07:32:06.536+0000] {processor.py:925} INFO - DAG(s) 'example_branch_labels' retrieved from /home/vboxuser/airflow_venv/lib/python3.12/site-packages/airflow/example_dags/example_branch_labels.py
[2024-10-12T07:32:06.555+0000] {logging_mixin.py:190} INFO - [2024-10-12T07:32:06.555+0000] {dag.py:3239} INFO - Sync 1 DAGs
[2024-10-12T07:32:06.581+0000] {logging_mixin.py:190} INFO - [2024-10-12T07:32:06.580+0000] {dag.py:4180} INFO - Setting next_dagrun for example_branch_labels to 2024-10-11 00:00:00+00:00, run_after=2024-10-12 00:00:00+00:00
[2024-10-12T07:32:06.614+0000] {processor.py:208} INFO - Processing /home/vboxuser/airflow_venv/lib/python3.12/site-packages/airflow/example_dags/example_branch_labels.py took 0.104 seconds
[2024-10-12T07:33:09.525+0000] {processor.py:186} INFO - Started process (PID=12751) to work on /home/vboxuser/airflow_venv/lib/python3.12/site-packages/airflow/example_dags/example_branch_labels.py
[2024-10-12T07:33:09.527+0000] {processor.py:914} INFO - Processing file /home/vboxuser/airflow_venv/lib/python3.12/site-packages/airflow/example_dags/example_branch_labels.py for tasks to queue
[2024-10-12T07:33:09.530+0000] {logging_mixin.py:190} INFO - [2024-10-12T07:33:09.529+0000] {dagbag.py:588} INFO - Filling up the DagBag from /home/vboxuser/airflow_venv/lib/python3.12/site-packages/airflow/example_dags/example_branch_labels.py
[2024-10-12T07:33:09.546+0000] {processor.py:925} INFO - DAG(s) 'example_branch_labels' retrieved from /home/vboxuser/airflow_venv/lib/python3.12/site-packages/airflow/example_dags/example_branch_labels.py
[2024-10-12T07:33:09.572+0000] {logging_mixin.py:190} INFO - [2024-10-12T07:33:09.572+0000] {dag.py:3239} INFO - Sync 1 DAGs
[2024-10-12T07:33:09.595+0000] {logging_mixin.py:190} INFO - [2024-10-12T07:33:09.595+0000] {dag.py:4180} INFO - Setting next_dagrun for example_branch_labels to 2024-10-11 00:00:00+00:00, run_after=2024-10-12 00:00:00+00:00
[2024-10-12T07:33:09.631+0000] {processor.py:208} INFO - Processing /home/vboxuser/airflow_venv/lib/python3.12/site-packages/airflow/example_dags/example_branch_labels.py took 0.114 seconds
[2024-10-12T07:34:12.747+0000] {processor.py:186} INFO - Started process (PID=12810) to work on /home/vboxuser/airflow_venv/lib/python3.12/site-packages/airflow/example_dags/example_branch_labels.py
[2024-10-12T07:34:12.749+0000] {processor.py:914} INFO - Processing file /home/vboxuser/airflow_venv/lib/python3.12/site-packages/airflow/example_dags/example_branch_labels.py for tasks to queue
[2024-10-12T07:34:12.753+0000] {logging_mixin.py:190} INFO - [2024-10-12T07:34:12.753+0000] {dagbag.py:588} INFO - Filling up the DagBag from /home/vboxuser/airflow_venv/lib/python3.12/site-packages/airflow/example_dags/example_branch_labels.py
[2024-10-12T07:34:12.771+0000] {processor.py:925} INFO - DAG(s) 'example_branch_labels' retrieved from /home/vboxuser/airflow_venv/lib/python3.12/site-packages/airflow/example_dags/example_branch_labels.py
[2024-10-12T07:34:12.801+0000] {logging_mixin.py:190} INFO - [2024-10-12T07:34:12.800+0000] {dag.py:3239} INFO - Sync 1 DAGs
[2024-10-12T07:34:12.825+0000] {logging_mixin.py:190} INFO - [2024-10-12T07:34:12.825+0000] {dag.py:4180} INFO - Setting next_dagrun for example_branch_labels to 2024-10-11 00:00:00+00:00, run_after=2024-10-12 00:00:00+00:00
[2024-10-12T07:34:12.857+0000] {processor.py:208} INFO - Processing /home/vboxuser/airflow_venv/lib/python3.12/site-packages/airflow/example_dags/example_branch_labels.py took 0.120 seconds
[2024-10-12T07:46:51.160+0000] {processor.py:186} INFO - Started process (PID=12897) to work on /home/vboxuser/airflow_venv/lib/python3.12/site-packages/airflow/example_dags/example_branch_labels.py
[2024-10-12T07:46:51.163+0000] {processor.py:914} INFO - Processing file /home/vboxuser/airflow_venv/lib/python3.12/site-packages/airflow/example_dags/example_branch_labels.py for tasks to queue
[2024-10-12T07:46:51.167+0000] {logging_mixin.py:190} INFO - [2024-10-12T07:46:51.166+0000] {dagbag.py:588} INFO - Filling up the DagBag from /home/vboxuser/airflow_venv/lib/python3.12/site-packages/airflow/example_dags/example_branch_labels.py
[2024-10-12T07:46:51.187+0000] {processor.py:925} INFO - DAG(s) 'example_branch_labels' retrieved from /home/vboxuser/airflow_venv/lib/python3.12/site-packages/airflow/example_dags/example_branch_labels.py
[2024-10-12T07:46:51.219+0000] {logging_mixin.py:190} INFO - [2024-10-12T07:46:51.219+0000] {dag.py:3239} INFO - Sync 1 DAGs
[2024-10-12T07:46:51.273+0000] {logging_mixin.py:190} INFO - [2024-10-12T07:46:51.272+0000] {dag.py:4180} INFO - Setting next_dagrun for example_branch_labels to 2024-10-11 00:00:00+00:00, run_after=2024-10-12 00:00:00+00:00
[2024-10-12T07:46:51.322+0000] {processor.py:208} INFO - Processing /home/vboxuser/airflow_venv/lib/python3.12/site-packages/airflow/example_dags/example_branch_labels.py took 0.175 seconds
[2024-10-12T07:48:30.951+0000] {processor.py:186} INFO - Started process (PID=12981) to work on /home/vboxuser/airflow_venv/lib/python3.12/site-packages/airflow/example_dags/example_branch_labels.py
[2024-10-12T07:48:30.954+0000] {processor.py:914} INFO - Processing file /home/vboxuser/airflow_venv/lib/python3.12/site-packages/airflow/example_dags/example_branch_labels.py for tasks to queue
[2024-10-12T07:48:30.958+0000] {logging_mixin.py:190} INFO - [2024-10-12T07:48:30.957+0000] {dagbag.py:588} INFO - Filling up the DagBag from /home/vboxuser/airflow_venv/lib/python3.12/site-packages/airflow/example_dags/example_branch_labels.py
[2024-10-12T07:48:30.979+0000] {processor.py:925} INFO - DAG(s) 'example_branch_labels' retrieved from /home/vboxuser/airflow_venv/lib/python3.12/site-packages/airflow/example_dags/example_branch_labels.py
[2024-10-12T07:48:31.008+0000] {logging_mixin.py:190} INFO - [2024-10-12T07:48:31.008+0000] {dag.py:3239} INFO - Sync 1 DAGs
[2024-10-12T07:48:31.040+0000] {logging_mixin.py:190} INFO - [2024-10-12T07:48:31.040+0000] {dag.py:4180} INFO - Setting next_dagrun for example_branch_labels to 2024-10-11 00:00:00+00:00, run_after=2024-10-12 00:00:00+00:00
[2024-10-12T07:48:31.083+0000] {processor.py:208} INFO - Processing /home/vboxuser/airflow_venv/lib/python3.12/site-packages/airflow/example_dags/example_branch_labels.py took 0.146 seconds
[2024-10-12T07:49:36.415+0000] {processor.py:186} INFO - Started process (PID=13040) to work on /home/vboxuser/airflow_venv/lib/python3.12/site-packages/airflow/example_dags/example_branch_labels.py
[2024-10-12T07:49:36.418+0000] {processor.py:914} INFO - Processing file /home/vboxuser/airflow_venv/lib/python3.12/site-packages/airflow/example_dags/example_branch_labels.py for tasks to queue
[2024-10-12T07:49:36.422+0000] {logging_mixin.py:190} INFO - [2024-10-12T07:49:36.421+0000] {dagbag.py:588} INFO - Filling up the DagBag from /home/vboxuser/airflow_venv/lib/python3.12/site-packages/airflow/example_dags/example_branch_labels.py
[2024-10-12T07:49:36.440+0000] {processor.py:925} INFO - DAG(s) 'example_branch_labels' retrieved from /home/vboxuser/airflow_venv/lib/python3.12/site-packages/airflow/example_dags/example_branch_labels.py
[2024-10-12T07:49:36.467+0000] {logging_mixin.py:190} INFO - [2024-10-12T07:49:36.467+0000] {dag.py:3239} INFO - Sync 1 DAGs
[2024-10-12T07:49:36.500+0000] {logging_mixin.py:190} INFO - [2024-10-12T07:49:36.500+0000] {dag.py:4180} INFO - Setting next_dagrun for example_branch_labels to 2024-10-11 00:00:00+00:00, run_after=2024-10-12 00:00:00+00:00
[2024-10-12T07:49:36.547+0000] {processor.py:208} INFO - Processing /home/vboxuser/airflow_venv/lib/python3.12/site-packages/airflow/example_dags/example_branch_labels.py took 0.144 seconds
[2024-10-12T07:50:45.897+0000] {processor.py:186} INFO - Started process (PID=13169) to work on /home/vboxuser/airflow_venv/lib/python3.12/site-packages/airflow/example_dags/example_branch_labels.py
[2024-10-12T07:50:45.917+0000] {processor.py:914} INFO - Processing file /home/vboxuser/airflow_venv/lib/python3.12/site-packages/airflow/example_dags/example_branch_labels.py for tasks to queue
[2024-10-12T07:50:45.935+0000] {logging_mixin.py:190} INFO - [2024-10-12T07:50:45.934+0000] {dagbag.py:588} INFO - Filling up the DagBag from /home/vboxuser/airflow_venv/lib/python3.12/site-packages/airflow/example_dags/example_branch_labels.py
[2024-10-12T07:50:45.964+0000] {processor.py:925} INFO - DAG(s) 'example_branch_labels' retrieved from /home/vboxuser/airflow_venv/lib/python3.12/site-packages/airflow/example_dags/example_branch_labels.py
[2024-10-12T07:50:45.994+0000] {logging_mixin.py:190} INFO - [2024-10-12T07:50:45.993+0000] {dag.py:3239} INFO - Sync 1 DAGs
[2024-10-12T07:50:46.027+0000] {logging_mixin.py:190} INFO - [2024-10-12T07:50:46.026+0000] {dag.py:4180} INFO - Setting next_dagrun for example_branch_labels to 2024-10-11 00:00:00+00:00, run_after=2024-10-12 00:00:00+00:00
[2024-10-12T07:50:46.072+0000] {processor.py:208} INFO - Processing /home/vboxuser/airflow_venv/lib/python3.12/site-packages/airflow/example_dags/example_branch_labels.py took 0.199 seconds
[2024-10-12T07:51:56.173+0000] {processor.py:186} INFO - Started process (PID=13241) to work on /home/vboxuser/airflow_venv/lib/python3.12/site-packages/airflow/example_dags/example_branch_labels.py
[2024-10-12T07:51:56.179+0000] {processor.py:914} INFO - Processing file /home/vboxuser/airflow_venv/lib/python3.12/site-packages/airflow/example_dags/example_branch_labels.py for tasks to queue
[2024-10-12T07:51:56.184+0000] {logging_mixin.py:190} INFO - [2024-10-12T07:51:56.183+0000] {dagbag.py:588} INFO - Filling up the DagBag from /home/vboxuser/airflow_venv/lib/python3.12/site-packages/airflow/example_dags/example_branch_labels.py
[2024-10-12T07:51:56.202+0000] {processor.py:925} INFO - DAG(s) 'example_branch_labels' retrieved from /home/vboxuser/airflow_venv/lib/python3.12/site-packages/airflow/example_dags/example_branch_labels.py
[2024-10-12T07:51:56.234+0000] {logging_mixin.py:190} INFO - [2024-10-12T07:51:56.234+0000] {dag.py:3239} INFO - Sync 1 DAGs
[2024-10-12T07:51:56.282+0000] {logging_mixin.py:190} INFO - [2024-10-12T07:51:56.281+0000] {dag.py:4180} INFO - Setting next_dagrun for example_branch_labels to 2024-10-11 00:00:00+00:00, run_after=2024-10-12 00:00:00+00:00
[2024-10-12T07:51:56.335+0000] {processor.py:208} INFO - Processing /home/vboxuser/airflow_venv/lib/python3.12/site-packages/airflow/example_dags/example_branch_labels.py took 0.174 seconds
[2024-10-12T07:53:06.223+0000] {processor.py:186} INFO - Started process (PID=13319) to work on /home/vboxuser/airflow_venv/lib/python3.12/site-packages/airflow/example_dags/example_branch_labels.py
[2024-10-12T07:53:06.238+0000] {processor.py:914} INFO - Processing file /home/vboxuser/airflow_venv/lib/python3.12/site-packages/airflow/example_dags/example_branch_labels.py for tasks to queue
[2024-10-12T07:53:06.242+0000] {logging_mixin.py:190} INFO - [2024-10-12T07:53:06.241+0000] {dagbag.py:588} INFO - Filling up the DagBag from /home/vboxuser/airflow_venv/lib/python3.12/site-packages/airflow/example_dags/example_branch_labels.py
[2024-10-12T07:53:06.256+0000] {processor.py:925} INFO - DAG(s) 'example_branch_labels' retrieved from /home/vboxuser/airflow_venv/lib/python3.12/site-packages/airflow/example_dags/example_branch_labels.py
[2024-10-12T07:53:06.283+0000] {logging_mixin.py:190} INFO - [2024-10-12T07:53:06.282+0000] {dag.py:3239} INFO - Sync 1 DAGs
[2024-10-12T07:53:06.325+0000] {logging_mixin.py:190} INFO - [2024-10-12T07:53:06.324+0000] {dag.py:4180} INFO - Setting next_dagrun for example_branch_labels to 2024-10-11 00:00:00+00:00, run_after=2024-10-12 00:00:00+00:00
[2024-10-12T07:53:06.420+0000] {processor.py:208} INFO - Processing /home/vboxuser/airflow_venv/lib/python3.12/site-packages/airflow/example_dags/example_branch_labels.py took 0.205 seconds
[2024-10-12T07:54:07.721+0000] {processor.py:186} INFO - Started process (PID=13383) to work on /home/vboxuser/airflow_venv/lib/python3.12/site-packages/airflow/example_dags/example_branch_labels.py
[2024-10-12T07:54:07.725+0000] {processor.py:914} INFO - Processing file /home/vboxuser/airflow_venv/lib/python3.12/site-packages/airflow/example_dags/example_branch_labels.py for tasks to queue
[2024-10-12T07:54:07.729+0000] {logging_mixin.py:190} INFO - [2024-10-12T07:54:07.728+0000] {dagbag.py:588} INFO - Filling up the DagBag from /home/vboxuser/airflow_venv/lib/python3.12/site-packages/airflow/example_dags/example_branch_labels.py
[2024-10-12T07:54:07.745+0000] {processor.py:925} INFO - DAG(s) 'example_branch_labels' retrieved from /home/vboxuser/airflow_venv/lib/python3.12/site-packages/airflow/example_dags/example_branch_labels.py
[2024-10-12T07:54:07.763+0000] {logging_mixin.py:190} INFO - [2024-10-12T07:54:07.763+0000] {dag.py:3239} INFO - Sync 1 DAGs
[2024-10-12T07:54:07.787+0000] {logging_mixin.py:190} INFO - [2024-10-12T07:54:07.787+0000] {dag.py:4180} INFO - Setting next_dagrun for example_branch_labels to 2024-10-11 00:00:00+00:00, run_after=2024-10-12 00:00:00+00:00
[2024-10-12T07:54:07.816+0000] {processor.py:208} INFO - Processing /home/vboxuser/airflow_venv/lib/python3.12/site-packages/airflow/example_dags/example_branch_labels.py took 0.105 seconds
[2024-10-12T07:55:10.363+0000] {processor.py:186} INFO - Started process (PID=13445) to work on /home/vboxuser/airflow_venv/lib/python3.12/site-packages/airflow/example_dags/example_branch_labels.py
[2024-10-12T07:55:10.366+0000] {processor.py:914} INFO - Processing file /home/vboxuser/airflow_venv/lib/python3.12/site-packages/airflow/example_dags/example_branch_labels.py for tasks to queue
[2024-10-12T07:55:10.370+0000] {logging_mixin.py:190} INFO - [2024-10-12T07:55:10.369+0000] {dagbag.py:588} INFO - Filling up the DagBag from /home/vboxuser/airflow_venv/lib/python3.12/site-packages/airflow/example_dags/example_branch_labels.py
[2024-10-12T07:55:10.386+0000] {processor.py:925} INFO - DAG(s) 'example_branch_labels' retrieved from /home/vboxuser/airflow_venv/lib/python3.12/site-packages/airflow/example_dags/example_branch_labels.py
[2024-10-12T07:55:10.409+0000] {logging_mixin.py:190} INFO - [2024-10-12T07:55:10.408+0000] {dag.py:3239} INFO - Sync 1 DAGs
[2024-10-12T07:55:10.434+0000] {logging_mixin.py:190} INFO - [2024-10-12T07:55:10.433+0000] {dag.py:4180} INFO - Setting next_dagrun for example_branch_labels to 2024-10-11 00:00:00+00:00, run_after=2024-10-12 00:00:00+00:00
[2024-10-12T07:55:10.477+0000] {processor.py:208} INFO - Processing /home/vboxuser/airflow_venv/lib/python3.12/site-packages/airflow/example_dags/example_branch_labels.py took 0.124 seconds
[2024-10-12T07:56:16.545+0000] {processor.py:186} INFO - Started process (PID=13508) to work on /home/vboxuser/airflow_venv/lib/python3.12/site-packages/airflow/example_dags/example_branch_labels.py
[2024-10-12T07:56:16.546+0000] {processor.py:914} INFO - Processing file /home/vboxuser/airflow_venv/lib/python3.12/site-packages/airflow/example_dags/example_branch_labels.py for tasks to queue
[2024-10-12T07:56:16.549+0000] {logging_mixin.py:190} INFO - [2024-10-12T07:56:16.549+0000] {dagbag.py:588} INFO - Filling up the DagBag from /home/vboxuser/airflow_venv/lib/python3.12/site-packages/airflow/example_dags/example_branch_labels.py
[2024-10-12T07:56:16.562+0000] {processor.py:925} INFO - DAG(s) 'example_branch_labels' retrieved from /home/vboxuser/airflow_venv/lib/python3.12/site-packages/airflow/example_dags/example_branch_labels.py
[2024-10-12T07:56:16.593+0000] {logging_mixin.py:190} INFO - [2024-10-12T07:56:16.592+0000] {dag.py:3239} INFO - Sync 1 DAGs
[2024-10-12T07:56:16.619+0000] {logging_mixin.py:190} INFO - [2024-10-12T07:56:16.618+0000] {dag.py:4180} INFO - Setting next_dagrun for example_branch_labels to 2024-10-11 00:00:00+00:00, run_after=2024-10-12 00:00:00+00:00
[2024-10-12T07:56:16.659+0000] {processor.py:208} INFO - Processing /home/vboxuser/airflow_venv/lib/python3.12/site-packages/airflow/example_dags/example_branch_labels.py took 0.123 seconds
[2024-10-12T07:57:23.221+0000] {processor.py:186} INFO - Started process (PID=13581) to work on /home/vboxuser/airflow_venv/lib/python3.12/site-packages/airflow/example_dags/example_branch_labels.py
[2024-10-12T07:57:23.226+0000] {processor.py:914} INFO - Processing file /home/vboxuser/airflow_venv/lib/python3.12/site-packages/airflow/example_dags/example_branch_labels.py for tasks to queue
[2024-10-12T07:57:23.230+0000] {logging_mixin.py:190} INFO - [2024-10-12T07:57:23.229+0000] {dagbag.py:588} INFO - Filling up the DagBag from /home/vboxuser/airflow_venv/lib/python3.12/site-packages/airflow/example_dags/example_branch_labels.py
[2024-10-12T07:57:23.248+0000] {processor.py:925} INFO - DAG(s) 'example_branch_labels' retrieved from /home/vboxuser/airflow_venv/lib/python3.12/site-packages/airflow/example_dags/example_branch_labels.py
[2024-10-12T07:57:23.274+0000] {logging_mixin.py:190} INFO - [2024-10-12T07:57:23.273+0000] {dag.py:3239} INFO - Sync 1 DAGs
[2024-10-12T07:57:23.300+0000] {logging_mixin.py:190} INFO - [2024-10-12T07:57:23.300+0000] {dag.py:4180} INFO - Setting next_dagrun for example_branch_labels to 2024-10-11 00:00:00+00:00, run_after=2024-10-12 00:00:00+00:00
[2024-10-12T07:57:23.333+0000] {processor.py:208} INFO - Processing /home/vboxuser/airflow_venv/lib/python3.12/site-packages/airflow/example_dags/example_branch_labels.py took 0.119 seconds
[2024-10-12T07:58:27.696+0000] {processor.py:186} INFO - Started process (PID=13642) to work on /home/vboxuser/airflow_venv/lib/python3.12/site-packages/airflow/example_dags/example_branch_labels.py
[2024-10-12T07:58:27.702+0000] {processor.py:914} INFO - Processing file /home/vboxuser/airflow_venv/lib/python3.12/site-packages/airflow/example_dags/example_branch_labels.py for tasks to queue
[2024-10-12T07:58:27.706+0000] {logging_mixin.py:190} INFO - [2024-10-12T07:58:27.706+0000] {dagbag.py:588} INFO - Filling up the DagBag from /home/vboxuser/airflow_venv/lib/python3.12/site-packages/airflow/example_dags/example_branch_labels.py
[2024-10-12T07:58:27.719+0000] {processor.py:925} INFO - DAG(s) 'example_branch_labels' retrieved from /home/vboxuser/airflow_venv/lib/python3.12/site-packages/airflow/example_dags/example_branch_labels.py
[2024-10-12T07:58:27.739+0000] {logging_mixin.py:190} INFO - [2024-10-12T07:58:27.739+0000] {dag.py:3239} INFO - Sync 1 DAGs
[2024-10-12T07:58:27.767+0000] {logging_mixin.py:190} INFO - [2024-10-12T07:58:27.767+0000] {dag.py:4180} INFO - Setting next_dagrun for example_branch_labels to 2024-10-11 00:00:00+00:00, run_after=2024-10-12 00:00:00+00:00
[2024-10-12T07:58:27.801+0000] {processor.py:208} INFO - Processing /home/vboxuser/airflow_venv/lib/python3.12/site-packages/airflow/example_dags/example_branch_labels.py took 0.117 seconds
[2024-10-12T07:59:27.906+0000] {processor.py:186} INFO - Started process (PID=13698) to work on /home/vboxuser/airflow_venv/lib/python3.12/site-packages/airflow/example_dags/example_branch_labels.py
[2024-10-12T07:59:27.911+0000] {processor.py:914} INFO - Processing file /home/vboxuser/airflow_venv/lib/python3.12/site-packages/airflow/example_dags/example_branch_labels.py for tasks to queue
[2024-10-12T07:59:27.915+0000] {logging_mixin.py:190} INFO - [2024-10-12T07:59:27.915+0000] {dagbag.py:588} INFO - Filling up the DagBag from /home/vboxuser/airflow_venv/lib/python3.12/site-packages/airflow/example_dags/example_branch_labels.py
[2024-10-12T07:59:27.932+0000] {processor.py:925} INFO - DAG(s) 'example_branch_labels' retrieved from /home/vboxuser/airflow_venv/lib/python3.12/site-packages/airflow/example_dags/example_branch_labels.py
[2024-10-12T07:59:27.957+0000] {logging_mixin.py:190} INFO - [2024-10-12T07:59:27.957+0000] {dag.py:3239} INFO - Sync 1 DAGs
[2024-10-12T07:59:27.984+0000] {logging_mixin.py:190} INFO - [2024-10-12T07:59:27.984+0000] {dag.py:4180} INFO - Setting next_dagrun for example_branch_labels to 2024-10-11 00:00:00+00:00, run_after=2024-10-12 00:00:00+00:00
[2024-10-12T07:59:28.022+0000] {processor.py:208} INFO - Processing /home/vboxuser/airflow_venv/lib/python3.12/site-packages/airflow/example_dags/example_branch_labels.py took 0.126 seconds
[2024-10-12T08:00:32.914+0000] {processor.py:186} INFO - Started process (PID=13761) to work on /home/vboxuser/airflow_venv/lib/python3.12/site-packages/airflow/example_dags/example_branch_labels.py
[2024-10-12T08:00:32.920+0000] {processor.py:914} INFO - Processing file /home/vboxuser/airflow_venv/lib/python3.12/site-packages/airflow/example_dags/example_branch_labels.py for tasks to queue
[2024-10-12T08:00:32.924+0000] {logging_mixin.py:190} INFO - [2024-10-12T08:00:32.923+0000] {dagbag.py:588} INFO - Filling up the DagBag from /home/vboxuser/airflow_venv/lib/python3.12/site-packages/airflow/example_dags/example_branch_labels.py
[2024-10-12T08:00:32.942+0000] {processor.py:925} INFO - DAG(s) 'example_branch_labels' retrieved from /home/vboxuser/airflow_venv/lib/python3.12/site-packages/airflow/example_dags/example_branch_labels.py
[2024-10-12T08:00:32.967+0000] {logging_mixin.py:190} INFO - [2024-10-12T08:00:32.966+0000] {dag.py:3239} INFO - Sync 1 DAGs
[2024-10-12T08:00:32.992+0000] {logging_mixin.py:190} INFO - [2024-10-12T08:00:32.992+0000] {dag.py:4180} INFO - Setting next_dagrun for example_branch_labels to 2024-10-11 00:00:00+00:00, run_after=2024-10-12 00:00:00+00:00
[2024-10-12T08:00:33.022+0000] {processor.py:208} INFO - Processing /home/vboxuser/airflow_venv/lib/python3.12/site-packages/airflow/example_dags/example_branch_labels.py took 0.120 seconds
[2024-10-12T08:01:37.876+0000] {processor.py:186} INFO - Started process (PID=13818) to work on /home/vboxuser/airflow_venv/lib/python3.12/site-packages/airflow/example_dags/example_branch_labels.py
[2024-10-12T08:01:37.879+0000] {processor.py:914} INFO - Processing file /home/vboxuser/airflow_venv/lib/python3.12/site-packages/airflow/example_dags/example_branch_labels.py for tasks to queue
[2024-10-12T08:01:37.882+0000] {logging_mixin.py:190} INFO - [2024-10-12T08:01:37.882+0000] {dagbag.py:588} INFO - Filling up the DagBag from /home/vboxuser/airflow_venv/lib/python3.12/site-packages/airflow/example_dags/example_branch_labels.py
[2024-10-12T08:01:37.901+0000] {processor.py:925} INFO - DAG(s) 'example_branch_labels' retrieved from /home/vboxuser/airflow_venv/lib/python3.12/site-packages/airflow/example_dags/example_branch_labels.py
[2024-10-12T08:01:37.926+0000] {logging_mixin.py:190} INFO - [2024-10-12T08:01:37.926+0000] {dag.py:3239} INFO - Sync 1 DAGs
[2024-10-12T08:01:37.954+0000] {logging_mixin.py:190} INFO - [2024-10-12T08:01:37.954+0000] {dag.py:4180} INFO - Setting next_dagrun for example_branch_labels to 2024-10-11 00:00:00+00:00, run_after=2024-10-12 00:00:00+00:00
[2024-10-12T08:01:37.998+0000] {processor.py:208} INFO - Processing /home/vboxuser/airflow_venv/lib/python3.12/site-packages/airflow/example_dags/example_branch_labels.py took 0.131 seconds
[2024-10-12T08:02:45.860+0000] {processor.py:186} INFO - Started process (PID=13879) to work on /home/vboxuser/airflow_venv/lib/python3.12/site-packages/airflow/example_dags/example_branch_labels.py
[2024-10-12T08:02:45.862+0000] {processor.py:914} INFO - Processing file /home/vboxuser/airflow_venv/lib/python3.12/site-packages/airflow/example_dags/example_branch_labels.py for tasks to queue
[2024-10-12T08:02:45.867+0000] {logging_mixin.py:190} INFO - [2024-10-12T08:02:45.865+0000] {dagbag.py:588} INFO - Filling up the DagBag from /home/vboxuser/airflow_venv/lib/python3.12/site-packages/airflow/example_dags/example_branch_labels.py
[2024-10-12T08:02:45.880+0000] {processor.py:925} INFO - DAG(s) 'example_branch_labels' retrieved from /home/vboxuser/airflow_venv/lib/python3.12/site-packages/airflow/example_dags/example_branch_labels.py
[2024-10-12T08:02:45.907+0000] {logging_mixin.py:190} INFO - [2024-10-12T08:02:45.906+0000] {dag.py:3239} INFO - Sync 1 DAGs
[2024-10-12T08:02:45.941+0000] {logging_mixin.py:190} INFO - [2024-10-12T08:02:45.941+0000] {dag.py:4180} INFO - Setting next_dagrun for example_branch_labels to 2024-10-11 00:00:00+00:00, run_after=2024-10-12 00:00:00+00:00
[2024-10-12T08:02:45.983+0000] {processor.py:208} INFO - Processing /home/vboxuser/airflow_venv/lib/python3.12/site-packages/airflow/example_dags/example_branch_labels.py took 0.132 seconds
[2024-10-12T08:03:49.310+0000] {processor.py:186} INFO - Started process (PID=13945) to work on /home/vboxuser/airflow_venv/lib/python3.12/site-packages/airflow/example_dags/example_branch_labels.py
[2024-10-12T08:03:49.315+0000] {processor.py:914} INFO - Processing file /home/vboxuser/airflow_venv/lib/python3.12/site-packages/airflow/example_dags/example_branch_labels.py for tasks to queue
[2024-10-12T08:03:49.321+0000] {logging_mixin.py:190} INFO - [2024-10-12T08:03:49.321+0000] {dagbag.py:588} INFO - Filling up the DagBag from /home/vboxuser/airflow_venv/lib/python3.12/site-packages/airflow/example_dags/example_branch_labels.py
[2024-10-12T08:03:49.361+0000] {processor.py:925} INFO - DAG(s) 'example_branch_labels' retrieved from /home/vboxuser/airflow_venv/lib/python3.12/site-packages/airflow/example_dags/example_branch_labels.py
[2024-10-12T08:03:49.429+0000] {logging_mixin.py:190} INFO - [2024-10-12T08:03:49.428+0000] {dag.py:3239} INFO - Sync 1 DAGs
[2024-10-12T08:03:49.588+0000] {logging_mixin.py:190} INFO - [2024-10-12T08:03:49.588+0000] {dag.py:4180} INFO - Setting next_dagrun for example_branch_labels to 2024-10-11 00:00:00+00:00, run_after=2024-10-12 00:00:00+00:00
[2024-10-12T08:03:49.735+0000] {processor.py:208} INFO - Processing /home/vboxuser/airflow_venv/lib/python3.12/site-packages/airflow/example_dags/example_branch_labels.py took 0.442 seconds
[2024-10-12T08:04:58.767+0000] {processor.py:186} INFO - Started process (PID=14011) to work on /home/vboxuser/airflow_venv/lib/python3.12/site-packages/airflow/example_dags/example_branch_labels.py
[2024-10-12T08:04:58.769+0000] {processor.py:914} INFO - Processing file /home/vboxuser/airflow_venv/lib/python3.12/site-packages/airflow/example_dags/example_branch_labels.py for tasks to queue
[2024-10-12T08:04:58.772+0000] {logging_mixin.py:190} INFO - [2024-10-12T08:04:58.772+0000] {dagbag.py:588} INFO - Filling up the DagBag from /home/vboxuser/airflow_venv/lib/python3.12/site-packages/airflow/example_dags/example_branch_labels.py
[2024-10-12T08:04:58.789+0000] {processor.py:925} INFO - DAG(s) 'example_branch_labels' retrieved from /home/vboxuser/airflow_venv/lib/python3.12/site-packages/airflow/example_dags/example_branch_labels.py
[2024-10-12T08:04:58.811+0000] {logging_mixin.py:190} INFO - [2024-10-12T08:04:58.811+0000] {dag.py:3239} INFO - Sync 1 DAGs
[2024-10-12T08:04:58.842+0000] {logging_mixin.py:190} INFO - [2024-10-12T08:04:58.841+0000] {dag.py:4180} INFO - Setting next_dagrun for example_branch_labels to 2024-10-11 00:00:00+00:00, run_after=2024-10-12 00:00:00+00:00
[2024-10-12T08:04:58.887+0000] {processor.py:208} INFO - Processing /home/vboxuser/airflow_venv/lib/python3.12/site-packages/airflow/example_dags/example_branch_labels.py took 0.129 seconds
[2024-10-12T08:06:08.936+0000] {processor.py:186} INFO - Started process (PID=14081) to work on /home/vboxuser/airflow_venv/lib/python3.12/site-packages/airflow/example_dags/example_branch_labels.py
[2024-10-12T08:06:08.940+0000] {processor.py:914} INFO - Processing file /home/vboxuser/airflow_venv/lib/python3.12/site-packages/airflow/example_dags/example_branch_labels.py for tasks to queue
[2024-10-12T08:06:08.946+0000] {logging_mixin.py:190} INFO - [2024-10-12T08:06:08.945+0000] {dagbag.py:588} INFO - Filling up the DagBag from /home/vboxuser/airflow_venv/lib/python3.12/site-packages/airflow/example_dags/example_branch_labels.py
[2024-10-12T08:06:08.973+0000] {processor.py:925} INFO - DAG(s) 'example_branch_labels' retrieved from /home/vboxuser/airflow_venv/lib/python3.12/site-packages/airflow/example_dags/example_branch_labels.py
[2024-10-12T08:06:09.020+0000] {logging_mixin.py:190} INFO - [2024-10-12T08:06:09.019+0000] {dag.py:3239} INFO - Sync 1 DAGs
[2024-10-12T08:06:09.080+0000] {logging_mixin.py:190} INFO - [2024-10-12T08:06:09.079+0000] {dag.py:4180} INFO - Setting next_dagrun for example_branch_labels to 2024-10-11 00:00:00+00:00, run_after=2024-10-12 00:00:00+00:00
[2024-10-12T08:06:09.136+0000] {processor.py:208} INFO - Processing /home/vboxuser/airflow_venv/lib/python3.12/site-packages/airflow/example_dags/example_branch_labels.py took 0.212 seconds
[2024-10-12T08:07:25.602+0000] {processor.py:186} INFO - Started process (PID=14147) to work on /home/vboxuser/airflow_venv/lib/python3.12/site-packages/airflow/example_dags/example_branch_labels.py
[2024-10-12T08:07:25.608+0000] {processor.py:914} INFO - Processing file /home/vboxuser/airflow_venv/lib/python3.12/site-packages/airflow/example_dags/example_branch_labels.py for tasks to queue
[2024-10-12T08:07:25.613+0000] {logging_mixin.py:190} INFO - [2024-10-12T08:07:25.613+0000] {dagbag.py:588} INFO - Filling up the DagBag from /home/vboxuser/airflow_venv/lib/python3.12/site-packages/airflow/example_dags/example_branch_labels.py
[2024-10-12T08:07:25.636+0000] {processor.py:925} INFO - DAG(s) 'example_branch_labels' retrieved from /home/vboxuser/airflow_venv/lib/python3.12/site-packages/airflow/example_dags/example_branch_labels.py
[2024-10-12T08:07:25.674+0000] {logging_mixin.py:190} INFO - [2024-10-12T08:07:25.673+0000] {dag.py:3239} INFO - Sync 1 DAGs
[2024-10-12T08:07:25.729+0000] {logging_mixin.py:190} INFO - [2024-10-12T08:07:25.729+0000] {dag.py:4180} INFO - Setting next_dagrun for example_branch_labels to 2024-10-11 00:00:00+00:00, run_after=2024-10-12 00:00:00+00:00
[2024-10-12T08:07:25.792+0000] {processor.py:208} INFO - Processing /home/vboxuser/airflow_venv/lib/python3.12/site-packages/airflow/example_dags/example_branch_labels.py took 0.204 seconds
[2024-10-12T08:08:39.667+0000] {processor.py:186} INFO - Started process (PID=14215) to work on /home/vboxuser/airflow_venv/lib/python3.12/site-packages/airflow/example_dags/example_branch_labels.py
[2024-10-12T08:08:39.674+0000] {processor.py:914} INFO - Processing file /home/vboxuser/airflow_venv/lib/python3.12/site-packages/airflow/example_dags/example_branch_labels.py for tasks to queue
[2024-10-12T08:08:39.680+0000] {logging_mixin.py:190} INFO - [2024-10-12T08:08:39.679+0000] {dagbag.py:588} INFO - Filling up the DagBag from /home/vboxuser/airflow_venv/lib/python3.12/site-packages/airflow/example_dags/example_branch_labels.py
[2024-10-12T08:08:39.706+0000] {processor.py:925} INFO - DAG(s) 'example_branch_labels' retrieved from /home/vboxuser/airflow_venv/lib/python3.12/site-packages/airflow/example_dags/example_branch_labels.py
[2024-10-12T08:08:39.744+0000] {logging_mixin.py:190} INFO - [2024-10-12T08:08:39.743+0000] {dag.py:3239} INFO - Sync 1 DAGs
[2024-10-12T08:08:39.786+0000] {logging_mixin.py:190} INFO - [2024-10-12T08:08:39.786+0000] {dag.py:4180} INFO - Setting next_dagrun for example_branch_labels to 2024-10-11 00:00:00+00:00, run_after=2024-10-12 00:00:00+00:00
[2024-10-12T08:08:39.843+0000] {processor.py:208} INFO - Processing /home/vboxuser/airflow_venv/lib/python3.12/site-packages/airflow/example_dags/example_branch_labels.py took 0.189 seconds
[2024-10-12T08:09:56.282+0000] {processor.py:186} INFO - Started process (PID=14279) to work on /home/vboxuser/airflow_venv/lib/python3.12/site-packages/airflow/example_dags/example_branch_labels.py
[2024-10-12T08:09:56.290+0000] {processor.py:914} INFO - Processing file /home/vboxuser/airflow_venv/lib/python3.12/site-packages/airflow/example_dags/example_branch_labels.py for tasks to queue
[2024-10-12T08:09:56.300+0000] {logging_mixin.py:190} INFO - [2024-10-12T08:09:56.298+0000] {dagbag.py:588} INFO - Filling up the DagBag from /home/vboxuser/airflow_venv/lib/python3.12/site-packages/airflow/example_dags/example_branch_labels.py
[2024-10-12T08:09:56.318+0000] {processor.py:925} INFO - DAG(s) 'example_branch_labels' retrieved from /home/vboxuser/airflow_venv/lib/python3.12/site-packages/airflow/example_dags/example_branch_labels.py
[2024-10-12T08:09:56.357+0000] {logging_mixin.py:190} INFO - [2024-10-12T08:09:56.357+0000] {dag.py:3239} INFO - Sync 1 DAGs
[2024-10-12T08:09:56.405+0000] {logging_mixin.py:190} INFO - [2024-10-12T08:09:56.404+0000] {dag.py:4180} INFO - Setting next_dagrun for example_branch_labels to 2024-10-11 00:00:00+00:00, run_after=2024-10-12 00:00:00+00:00
[2024-10-12T08:09:56.458+0000] {processor.py:208} INFO - Processing /home/vboxuser/airflow_venv/lib/python3.12/site-packages/airflow/example_dags/example_branch_labels.py took 0.190 seconds
[2024-10-12T08:11:10.572+0000] {processor.py:186} INFO - Started process (PID=14347) to work on /home/vboxuser/airflow_venv/lib/python3.12/site-packages/airflow/example_dags/example_branch_labels.py
[2024-10-12T08:11:10.579+0000] {processor.py:914} INFO - Processing file /home/vboxuser/airflow_venv/lib/python3.12/site-packages/airflow/example_dags/example_branch_labels.py for tasks to queue
[2024-10-12T08:11:10.585+0000] {logging_mixin.py:190} INFO - [2024-10-12T08:11:10.584+0000] {dagbag.py:588} INFO - Filling up the DagBag from /home/vboxuser/airflow_venv/lib/python3.12/site-packages/airflow/example_dags/example_branch_labels.py
[2024-10-12T08:11:10.609+0000] {processor.py:925} INFO - DAG(s) 'example_branch_labels' retrieved from /home/vboxuser/airflow_venv/lib/python3.12/site-packages/airflow/example_dags/example_branch_labels.py
[2024-10-12T08:11:10.647+0000] {logging_mixin.py:190} INFO - [2024-10-12T08:11:10.647+0000] {dag.py:3239} INFO - Sync 1 DAGs
[2024-10-12T08:11:10.692+0000] {logging_mixin.py:190} INFO - [2024-10-12T08:11:10.691+0000] {dag.py:4180} INFO - Setting next_dagrun for example_branch_labels to 2024-10-11 00:00:00+00:00, run_after=2024-10-12 00:00:00+00:00
[2024-10-12T08:11:10.745+0000] {processor.py:208} INFO - Processing /home/vboxuser/airflow_venv/lib/python3.12/site-packages/airflow/example_dags/example_branch_labels.py took 0.187 seconds
[2024-10-12T08:12:16.695+0000] {processor.py:186} INFO - Started process (PID=14407) to work on /home/vboxuser/airflow_venv/lib/python3.12/site-packages/airflow/example_dags/example_branch_labels.py
[2024-10-12T08:12:16.703+0000] {processor.py:914} INFO - Processing file /home/vboxuser/airflow_venv/lib/python3.12/site-packages/airflow/example_dags/example_branch_labels.py for tasks to queue
[2024-10-12T08:12:16.708+0000] {logging_mixin.py:190} INFO - [2024-10-12T08:12:16.707+0000] {dagbag.py:588} INFO - Filling up the DagBag from /home/vboxuser/airflow_venv/lib/python3.12/site-packages/airflow/example_dags/example_branch_labels.py
[2024-10-12T08:12:16.724+0000] {processor.py:925} INFO - DAG(s) 'example_branch_labels' retrieved from /home/vboxuser/airflow_venv/lib/python3.12/site-packages/airflow/example_dags/example_branch_labels.py
[2024-10-12T08:12:16.747+0000] {logging_mixin.py:190} INFO - [2024-10-12T08:12:16.746+0000] {dag.py:3239} INFO - Sync 1 DAGs
[2024-10-12T08:12:16.777+0000] {logging_mixin.py:190} INFO - [2024-10-12T08:12:16.777+0000] {dag.py:4180} INFO - Setting next_dagrun for example_branch_labels to 2024-10-11 00:00:00+00:00, run_after=2024-10-12 00:00:00+00:00
[2024-10-12T08:12:16.833+0000] {processor.py:208} INFO - Processing /home/vboxuser/airflow_venv/lib/python3.12/site-packages/airflow/example_dags/example_branch_labels.py took 0.153 seconds
[2024-10-12T08:13:27.386+0000] {processor.py:186} INFO - Started process (PID=14469) to work on /home/vboxuser/airflow_venv/lib/python3.12/site-packages/airflow/example_dags/example_branch_labels.py
[2024-10-12T08:13:27.391+0000] {processor.py:914} INFO - Processing file /home/vboxuser/airflow_venv/lib/python3.12/site-packages/airflow/example_dags/example_branch_labels.py for tasks to queue
[2024-10-12T08:13:27.395+0000] {logging_mixin.py:190} INFO - [2024-10-12T08:13:27.394+0000] {dagbag.py:588} INFO - Filling up the DagBag from /home/vboxuser/airflow_venv/lib/python3.12/site-packages/airflow/example_dags/example_branch_labels.py
[2024-10-12T08:13:27.419+0000] {processor.py:925} INFO - DAG(s) 'example_branch_labels' retrieved from /home/vboxuser/airflow_venv/lib/python3.12/site-packages/airflow/example_dags/example_branch_labels.py
[2024-10-12T08:13:27.452+0000] {logging_mixin.py:190} INFO - [2024-10-12T08:13:27.452+0000] {dag.py:3239} INFO - Sync 1 DAGs
[2024-10-12T08:13:27.484+0000] {logging_mixin.py:190} INFO - [2024-10-12T08:13:27.484+0000] {dag.py:4180} INFO - Setting next_dagrun for example_branch_labels to 2024-10-11 00:00:00+00:00, run_after=2024-10-12 00:00:00+00:00
[2024-10-12T08:13:27.541+0000] {processor.py:208} INFO - Processing /home/vboxuser/airflow_venv/lib/python3.12/site-packages/airflow/example_dags/example_branch_labels.py took 0.169 seconds
[2024-10-12T08:14:41.835+0000] {processor.py:186} INFO - Started process (PID=14531) to work on /home/vboxuser/airflow_venv/lib/python3.12/site-packages/airflow/example_dags/example_branch_labels.py
[2024-10-12T08:14:41.843+0000] {processor.py:914} INFO - Processing file /home/vboxuser/airflow_venv/lib/python3.12/site-packages/airflow/example_dags/example_branch_labels.py for tasks to queue
[2024-10-12T08:14:41.847+0000] {logging_mixin.py:190} INFO - [2024-10-12T08:14:41.846+0000] {dagbag.py:588} INFO - Filling up the DagBag from /home/vboxuser/airflow_venv/lib/python3.12/site-packages/airflow/example_dags/example_branch_labels.py
[2024-10-12T08:14:41.869+0000] {processor.py:925} INFO - DAG(s) 'example_branch_labels' retrieved from /home/vboxuser/airflow_venv/lib/python3.12/site-packages/airflow/example_dags/example_branch_labels.py
[2024-10-12T08:14:41.905+0000] {logging_mixin.py:190} INFO - [2024-10-12T08:14:41.904+0000] {dag.py:3239} INFO - Sync 1 DAGs
[2024-10-12T08:14:41.952+0000] {logging_mixin.py:190} INFO - [2024-10-12T08:14:41.951+0000] {dag.py:4180} INFO - Setting next_dagrun for example_branch_labels to 2024-10-11 00:00:00+00:00, run_after=2024-10-12 00:00:00+00:00
[2024-10-12T08:14:42.018+0000] {processor.py:208} INFO - Processing /home/vboxuser/airflow_venv/lib/python3.12/site-packages/airflow/example_dags/example_branch_labels.py took 0.197 seconds
[2024-10-12T08:15:56.108+0000] {processor.py:186} INFO - Started process (PID=14597) to work on /home/vboxuser/airflow_venv/lib/python3.12/site-packages/airflow/example_dags/example_branch_labels.py
[2024-10-12T08:15:56.114+0000] {processor.py:914} INFO - Processing file /home/vboxuser/airflow_venv/lib/python3.12/site-packages/airflow/example_dags/example_branch_labels.py for tasks to queue
[2024-10-12T08:15:56.120+0000] {logging_mixin.py:190} INFO - [2024-10-12T08:15:56.119+0000] {dagbag.py:588} INFO - Filling up the DagBag from /home/vboxuser/airflow_venv/lib/python3.12/site-packages/airflow/example_dags/example_branch_labels.py
[2024-10-12T08:15:56.141+0000] {processor.py:925} INFO - DAG(s) 'example_branch_labels' retrieved from /home/vboxuser/airflow_venv/lib/python3.12/site-packages/airflow/example_dags/example_branch_labels.py
[2024-10-12T08:15:56.171+0000] {logging_mixin.py:190} INFO - [2024-10-12T08:15:56.171+0000] {dag.py:3239} INFO - Sync 1 DAGs
[2024-10-12T08:15:56.214+0000] {logging_mixin.py:190} INFO - [2024-10-12T08:15:56.214+0000] {dag.py:4180} INFO - Setting next_dagrun for example_branch_labels to 2024-10-11 00:00:00+00:00, run_after=2024-10-12 00:00:00+00:00
[2024-10-12T08:15:56.275+0000] {processor.py:208} INFO - Processing /home/vboxuser/airflow_venv/lib/python3.12/site-packages/airflow/example_dags/example_branch_labels.py took 0.180 seconds
[2024-10-12T08:17:09.706+0000] {processor.py:186} INFO - Started process (PID=14664) to work on /home/vboxuser/airflow_venv/lib/python3.12/site-packages/airflow/example_dags/example_branch_labels.py
[2024-10-12T08:17:09.713+0000] {processor.py:914} INFO - Processing file /home/vboxuser/airflow_venv/lib/python3.12/site-packages/airflow/example_dags/example_branch_labels.py for tasks to queue
[2024-10-12T08:17:09.721+0000] {logging_mixin.py:190} INFO - [2024-10-12T08:17:09.720+0000] {dagbag.py:588} INFO - Filling up the DagBag from /home/vboxuser/airflow_venv/lib/python3.12/site-packages/airflow/example_dags/example_branch_labels.py
[2024-10-12T08:17:09.743+0000] {processor.py:925} INFO - DAG(s) 'example_branch_labels' retrieved from /home/vboxuser/airflow_venv/lib/python3.12/site-packages/airflow/example_dags/example_branch_labels.py
[2024-10-12T08:17:09.779+0000] {logging_mixin.py:190} INFO - [2024-10-12T08:17:09.779+0000] {dag.py:3239} INFO - Sync 1 DAGs
[2024-10-12T08:17:09.810+0000] {logging_mixin.py:190} INFO - [2024-10-12T08:17:09.809+0000] {dag.py:4180} INFO - Setting next_dagrun for example_branch_labels to 2024-10-11 00:00:00+00:00, run_after=2024-10-12 00:00:00+00:00
[2024-10-12T08:17:09.870+0000] {processor.py:208} INFO - Processing /home/vboxuser/airflow_venv/lib/python3.12/site-packages/airflow/example_dags/example_branch_labels.py took 0.177 seconds
