[2024-10-12T07:09:41.284+0000] {processor.py:186} INFO - Started process (PID=11346) to work on /home/vboxuser/airflow_venv/lib/python3.12/site-packages/airflow/example_dags/example_branch_day_of_week_operator.py
[2024-10-12T07:09:41.285+0000] {processor.py:914} INFO - Processing file /home/vboxuser/airflow_venv/lib/python3.12/site-packages/airflow/example_dags/example_branch_day_of_week_operator.py for tasks to queue
[2024-10-12T07:09:41.289+0000] {logging_mixin.py:190} INFO - [2024-10-12T07:09:41.288+0000] {dagbag.py:588} INFO - Filling up the DagBag from /home/vboxuser/airflow_venv/lib/python3.12/site-packages/airflow/example_dags/example_branch_day_of_week_operator.py
[2024-10-12T07:09:41.306+0000] {processor.py:925} INFO - DAG(s) 'example_weekday_branch_operator' retrieved from /home/vboxuser/airflow_venv/lib/python3.12/site-packages/airflow/example_dags/example_branch_day_of_week_operator.py
[2024-10-12T07:09:41.487+0000] {logging_mixin.py:190} INFO - [2024-10-12T07:09:41.486+0000] {override.py:1901} INFO - Created Permission View: can delete on DAG:example_weekday_branch_operator
[2024-10-12T07:09:41.514+0000] {logging_mixin.py:190} INFO - [2024-10-12T07:09:41.513+0000] {override.py:1901} INFO - Created Permission View: can read on DAG:example_weekday_branch_operator
[2024-10-12T07:09:41.533+0000] {logging_mixin.py:190} INFO - [2024-10-12T07:09:41.532+0000] {override.py:1901} INFO - Created Permission View: can edit on DAG:example_weekday_branch_operator
[2024-10-12T07:09:41.567+0000] {logging_mixin.py:190} INFO - [2024-10-12T07:09:41.566+0000] {override.py:1901} INFO - Created Permission View: can delete on DAG Run:example_weekday_branch_operator
[2024-10-12T07:09:41.590+0000] {logging_mixin.py:190} INFO - [2024-10-12T07:09:41.589+0000] {override.py:1901} INFO - Created Permission View: can read on DAG Run:example_weekday_branch_operator
[2024-10-12T07:09:41.610+0000] {logging_mixin.py:190} INFO - [2024-10-12T07:09:41.610+0000] {override.py:1901} INFO - Created Permission View: menu access on DAG Run:example_weekday_branch_operator
[2024-10-12T07:09:41.631+0000] {logging_mixin.py:190} INFO - [2024-10-12T07:09:41.630+0000] {override.py:1901} INFO - Created Permission View: can create on DAG Run:example_weekday_branch_operator
[2024-10-12T07:09:41.632+0000] {logging_mixin.py:190} INFO - [2024-10-12T07:09:41.631+0000] {dag.py:3239} INFO - Sync 1 DAGs
[2024-10-12T07:09:41.651+0000] {logging_mixin.py:190} INFO - [2024-10-12T07:09:41.651+0000] {dag.py:3262} INFO - Creating ORM DAG for example_weekday_branch_operator
[2024-10-12T07:09:41.661+0000] {logging_mixin.py:190} INFO - [2024-10-12T07:09:41.661+0000] {dag.py:4180} INFO - Setting next_dagrun for example_weekday_branch_operator to 2024-10-11 00:00:00+00:00, run_after=2024-10-12 00:00:00+00:00
[2024-10-12T07:09:41.698+0000] {processor.py:208} INFO - Processing /home/vboxuser/airflow_venv/lib/python3.12/site-packages/airflow/example_dags/example_branch_day_of_week_operator.py took 0.425 seconds
[2024-10-12T07:10:51.437+0000] {processor.py:186} INFO - Started process (PID=11417) to work on /home/vboxuser/airflow_venv/lib/python3.12/site-packages/airflow/example_dags/example_branch_day_of_week_operator.py
[2024-10-12T07:10:51.439+0000] {processor.py:914} INFO - Processing file /home/vboxuser/airflow_venv/lib/python3.12/site-packages/airflow/example_dags/example_branch_day_of_week_operator.py for tasks to queue
[2024-10-12T07:10:51.442+0000] {logging_mixin.py:190} INFO - [2024-10-12T07:10:51.441+0000] {dagbag.py:588} INFO - Filling up the DagBag from /home/vboxuser/airflow_venv/lib/python3.12/site-packages/airflow/example_dags/example_branch_day_of_week_operator.py
[2024-10-12T07:10:51.455+0000] {processor.py:925} INFO - DAG(s) 'example_weekday_branch_operator' retrieved from /home/vboxuser/airflow_venv/lib/python3.12/site-packages/airflow/example_dags/example_branch_day_of_week_operator.py
[2024-10-12T07:10:51.475+0000] {logging_mixin.py:190} INFO - [2024-10-12T07:10:51.475+0000] {dag.py:3239} INFO - Sync 1 DAGs
[2024-10-12T07:10:51.497+0000] {logging_mixin.py:190} INFO - [2024-10-12T07:10:51.497+0000] {dag.py:4180} INFO - Setting next_dagrun for example_weekday_branch_operator to 2024-10-11 00:00:00+00:00, run_after=2024-10-12 00:00:00+00:00
[2024-10-12T07:10:51.531+0000] {processor.py:208} INFO - Processing /home/vboxuser/airflow_venv/lib/python3.12/site-packages/airflow/example_dags/example_branch_day_of_week_operator.py took 0.103 seconds
[2024-10-12T07:11:55.616+0000] {processor.py:186} INFO - Started process (PID=11475) to work on /home/vboxuser/airflow_venv/lib/python3.12/site-packages/airflow/example_dags/example_branch_day_of_week_operator.py
[2024-10-12T07:11:55.620+0000] {processor.py:914} INFO - Processing file /home/vboxuser/airflow_venv/lib/python3.12/site-packages/airflow/example_dags/example_branch_day_of_week_operator.py for tasks to queue
[2024-10-12T07:11:55.625+0000] {logging_mixin.py:190} INFO - [2024-10-12T07:11:55.624+0000] {dagbag.py:588} INFO - Filling up the DagBag from /home/vboxuser/airflow_venv/lib/python3.12/site-packages/airflow/example_dags/example_branch_day_of_week_operator.py
[2024-10-12T07:11:55.641+0000] {processor.py:925} INFO - DAG(s) 'example_weekday_branch_operator' retrieved from /home/vboxuser/airflow_venv/lib/python3.12/site-packages/airflow/example_dags/example_branch_day_of_week_operator.py
[2024-10-12T07:11:55.659+0000] {logging_mixin.py:190} INFO - [2024-10-12T07:11:55.659+0000] {dag.py:3239} INFO - Sync 1 DAGs
[2024-10-12T07:11:55.681+0000] {logging_mixin.py:190} INFO - [2024-10-12T07:11:55.680+0000] {dag.py:4180} INFO - Setting next_dagrun for example_weekday_branch_operator to 2024-10-11 00:00:00+00:00, run_after=2024-10-12 00:00:00+00:00
[2024-10-12T07:11:55.715+0000] {processor.py:208} INFO - Processing /home/vboxuser/airflow_venv/lib/python3.12/site-packages/airflow/example_dags/example_branch_day_of_week_operator.py took 0.112 seconds
[2024-10-12T07:12:57.538+0000] {processor.py:186} INFO - Started process (PID=11532) to work on /home/vboxuser/airflow_venv/lib/python3.12/site-packages/airflow/example_dags/example_branch_day_of_week_operator.py
[2024-10-12T07:12:57.543+0000] {processor.py:914} INFO - Processing file /home/vboxuser/airflow_venv/lib/python3.12/site-packages/airflow/example_dags/example_branch_day_of_week_operator.py for tasks to queue
[2024-10-12T07:12:57.548+0000] {logging_mixin.py:190} INFO - [2024-10-12T07:12:57.547+0000] {dagbag.py:588} INFO - Filling up the DagBag from /home/vboxuser/airflow_venv/lib/python3.12/site-packages/airflow/example_dags/example_branch_day_of_week_operator.py
[2024-10-12T07:12:57.565+0000] {processor.py:925} INFO - DAG(s) 'example_weekday_branch_operator' retrieved from /home/vboxuser/airflow_venv/lib/python3.12/site-packages/airflow/example_dags/example_branch_day_of_week_operator.py
[2024-10-12T07:12:57.584+0000] {logging_mixin.py:190} INFO - [2024-10-12T07:12:57.584+0000] {dag.py:3239} INFO - Sync 1 DAGs
[2024-10-12T07:12:57.609+0000] {logging_mixin.py:190} INFO - [2024-10-12T07:12:57.608+0000] {dag.py:4180} INFO - Setting next_dagrun for example_weekday_branch_operator to 2024-10-11 00:00:00+00:00, run_after=2024-10-12 00:00:00+00:00
[2024-10-12T07:12:57.646+0000] {processor.py:208} INFO - Processing /home/vboxuser/airflow_venv/lib/python3.12/site-packages/airflow/example_dags/example_branch_day_of_week_operator.py took 0.119 seconds
[2024-10-12T07:14:01.856+0000] {processor.py:186} INFO - Started process (PID=11673) to work on /home/vboxuser/airflow_venv/lib/python3.12/site-packages/airflow/example_dags/example_branch_day_of_week_operator.py
[2024-10-12T07:14:01.863+0000] {processor.py:914} INFO - Processing file /home/vboxuser/airflow_venv/lib/python3.12/site-packages/airflow/example_dags/example_branch_day_of_week_operator.py for tasks to queue
[2024-10-12T07:14:01.868+0000] {logging_mixin.py:190} INFO - [2024-10-12T07:14:01.867+0000] {dagbag.py:588} INFO - Filling up the DagBag from /home/vboxuser/airflow_venv/lib/python3.12/site-packages/airflow/example_dags/example_branch_day_of_week_operator.py
[2024-10-12T07:14:01.882+0000] {processor.py:925} INFO - DAG(s) 'example_weekday_branch_operator' retrieved from /home/vboxuser/airflow_venv/lib/python3.12/site-packages/airflow/example_dags/example_branch_day_of_week_operator.py
[2024-10-12T07:14:01.899+0000] {logging_mixin.py:190} INFO - [2024-10-12T07:14:01.899+0000] {dag.py:3239} INFO - Sync 1 DAGs
[2024-10-12T07:14:01.920+0000] {logging_mixin.py:190} INFO - [2024-10-12T07:14:01.920+0000] {dag.py:4180} INFO - Setting next_dagrun for example_weekday_branch_operator to 2024-10-11 00:00:00+00:00, run_after=2024-10-12 00:00:00+00:00
[2024-10-12T07:14:01.951+0000] {processor.py:208} INFO - Processing /home/vboxuser/airflow_venv/lib/python3.12/site-packages/airflow/example_dags/example_branch_day_of_week_operator.py took 0.107 seconds
[2024-10-12T07:15:11.602+0000] {processor.py:186} INFO - Started process (PID=11746) to work on /home/vboxuser/airflow_venv/lib/python3.12/site-packages/airflow/example_dags/example_branch_day_of_week_operator.py
[2024-10-12T07:15:11.605+0000] {processor.py:914} INFO - Processing file /home/vboxuser/airflow_venv/lib/python3.12/site-packages/airflow/example_dags/example_branch_day_of_week_operator.py for tasks to queue
[2024-10-12T07:15:11.608+0000] {logging_mixin.py:190} INFO - [2024-10-12T07:15:11.607+0000] {dagbag.py:588} INFO - Filling up the DagBag from /home/vboxuser/airflow_venv/lib/python3.12/site-packages/airflow/example_dags/example_branch_day_of_week_operator.py
[2024-10-12T07:15:11.625+0000] {processor.py:925} INFO - DAG(s) 'example_weekday_branch_operator' retrieved from /home/vboxuser/airflow_venv/lib/python3.12/site-packages/airflow/example_dags/example_branch_day_of_week_operator.py
[2024-10-12T07:15:11.644+0000] {logging_mixin.py:190} INFO - [2024-10-12T07:15:11.644+0000] {dag.py:3239} INFO - Sync 1 DAGs
[2024-10-12T07:15:11.798+0000] {logging_mixin.py:190} INFO - [2024-10-12T07:15:11.798+0000] {dag.py:4180} INFO - Setting next_dagrun for example_weekday_branch_operator to 2024-10-11 00:00:00+00:00, run_after=2024-10-12 00:00:00+00:00
[2024-10-12T07:15:11.831+0000] {processor.py:208} INFO - Processing /home/vboxuser/airflow_venv/lib/python3.12/site-packages/airflow/example_dags/example_branch_day_of_week_operator.py took 0.238 seconds
[2024-10-12T07:16:24.093+0000] {processor.py:186} INFO - Started process (PID=11810) to work on /home/vboxuser/airflow_venv/lib/python3.12/site-packages/airflow/example_dags/example_branch_day_of_week_operator.py
[2024-10-12T07:16:24.095+0000] {processor.py:914} INFO - Processing file /home/vboxuser/airflow_venv/lib/python3.12/site-packages/airflow/example_dags/example_branch_day_of_week_operator.py for tasks to queue
[2024-10-12T07:16:24.099+0000] {logging_mixin.py:190} INFO - [2024-10-12T07:16:24.099+0000] {dagbag.py:588} INFO - Filling up the DagBag from /home/vboxuser/airflow_venv/lib/python3.12/site-packages/airflow/example_dags/example_branch_day_of_week_operator.py
[2024-10-12T07:16:24.111+0000] {processor.py:925} INFO - DAG(s) 'example_weekday_branch_operator' retrieved from /home/vboxuser/airflow_venv/lib/python3.12/site-packages/airflow/example_dags/example_branch_day_of_week_operator.py
[2024-10-12T07:16:24.129+0000] {logging_mixin.py:190} INFO - [2024-10-12T07:16:24.128+0000] {dag.py:3239} INFO - Sync 1 DAGs
[2024-10-12T07:16:24.153+0000] {logging_mixin.py:190} INFO - [2024-10-12T07:16:24.153+0000] {dag.py:4180} INFO - Setting next_dagrun for example_weekday_branch_operator to 2024-10-11 00:00:00+00:00, run_after=2024-10-12 00:00:00+00:00
[2024-10-12T07:16:24.188+0000] {processor.py:208} INFO - Processing /home/vboxuser/airflow_venv/lib/python3.12/site-packages/airflow/example_dags/example_branch_day_of_week_operator.py took 0.105 seconds
[2024-10-12T07:17:27.501+0000] {processor.py:186} INFO - Started process (PID=11870) to work on /home/vboxuser/airflow_venv/lib/python3.12/site-packages/airflow/example_dags/example_branch_day_of_week_operator.py
[2024-10-12T07:17:27.503+0000] {processor.py:914} INFO - Processing file /home/vboxuser/airflow_venv/lib/python3.12/site-packages/airflow/example_dags/example_branch_day_of_week_operator.py for tasks to queue
[2024-10-12T07:17:27.507+0000] {logging_mixin.py:190} INFO - [2024-10-12T07:17:27.506+0000] {dagbag.py:588} INFO - Filling up the DagBag from /home/vboxuser/airflow_venv/lib/python3.12/site-packages/airflow/example_dags/example_branch_day_of_week_operator.py
[2024-10-12T07:17:27.518+0000] {processor.py:925} INFO - DAG(s) 'example_weekday_branch_operator' retrieved from /home/vboxuser/airflow_venv/lib/python3.12/site-packages/airflow/example_dags/example_branch_day_of_week_operator.py
[2024-10-12T07:17:27.537+0000] {logging_mixin.py:190} INFO - [2024-10-12T07:17:27.537+0000] {dag.py:3239} INFO - Sync 1 DAGs
[2024-10-12T07:17:27.561+0000] {logging_mixin.py:190} INFO - [2024-10-12T07:17:27.560+0000] {dag.py:4180} INFO - Setting next_dagrun for example_weekday_branch_operator to 2024-10-11 00:00:00+00:00, run_after=2024-10-12 00:00:00+00:00
[2024-10-12T07:17:27.594+0000] {processor.py:208} INFO - Processing /home/vboxuser/airflow_venv/lib/python3.12/site-packages/airflow/example_dags/example_branch_day_of_week_operator.py took 0.106 seconds
[2024-10-12T07:18:29.739+0000] {processor.py:186} INFO - Started process (PID=11929) to work on /home/vboxuser/airflow_venv/lib/python3.12/site-packages/airflow/example_dags/example_branch_day_of_week_operator.py
[2024-10-12T07:18:29.742+0000] {processor.py:914} INFO - Processing file /home/vboxuser/airflow_venv/lib/python3.12/site-packages/airflow/example_dags/example_branch_day_of_week_operator.py for tasks to queue
[2024-10-12T07:18:29.746+0000] {logging_mixin.py:190} INFO - [2024-10-12T07:18:29.746+0000] {dagbag.py:588} INFO - Filling up the DagBag from /home/vboxuser/airflow_venv/lib/python3.12/site-packages/airflow/example_dags/example_branch_day_of_week_operator.py
[2024-10-12T07:18:29.760+0000] {processor.py:925} INFO - DAG(s) 'example_weekday_branch_operator' retrieved from /home/vboxuser/airflow_venv/lib/python3.12/site-packages/airflow/example_dags/example_branch_day_of_week_operator.py
[2024-10-12T07:18:29.783+0000] {logging_mixin.py:190} INFO - [2024-10-12T07:18:29.783+0000] {dag.py:3239} INFO - Sync 1 DAGs
[2024-10-12T07:18:29.806+0000] {logging_mixin.py:190} INFO - [2024-10-12T07:18:29.806+0000] {dag.py:4180} INFO - Setting next_dagrun for example_weekday_branch_operator to 2024-10-11 00:00:00+00:00, run_after=2024-10-12 00:00:00+00:00
[2024-10-12T07:18:29.838+0000] {processor.py:208} INFO - Processing /home/vboxuser/airflow_venv/lib/python3.12/site-packages/airflow/example_dags/example_branch_day_of_week_operator.py took 0.106 seconds
[2024-10-12T07:19:31.033+0000] {processor.py:186} INFO - Started process (PID=11986) to work on /home/vboxuser/airflow_venv/lib/python3.12/site-packages/airflow/example_dags/example_branch_day_of_week_operator.py
[2024-10-12T07:19:31.034+0000] {processor.py:914} INFO - Processing file /home/vboxuser/airflow_venv/lib/python3.12/site-packages/airflow/example_dags/example_branch_day_of_week_operator.py for tasks to queue
[2024-10-12T07:19:31.037+0000] {logging_mixin.py:190} INFO - [2024-10-12T07:19:31.037+0000] {dagbag.py:588} INFO - Filling up the DagBag from /home/vboxuser/airflow_venv/lib/python3.12/site-packages/airflow/example_dags/example_branch_day_of_week_operator.py
[2024-10-12T07:19:31.049+0000] {processor.py:925} INFO - DAG(s) 'example_weekday_branch_operator' retrieved from /home/vboxuser/airflow_venv/lib/python3.12/site-packages/airflow/example_dags/example_branch_day_of_week_operator.py
[2024-10-12T07:19:31.069+0000] {logging_mixin.py:190} INFO - [2024-10-12T07:19:31.068+0000] {dag.py:3239} INFO - Sync 1 DAGs
[2024-10-12T07:19:31.092+0000] {logging_mixin.py:190} INFO - [2024-10-12T07:19:31.092+0000] {dag.py:4180} INFO - Setting next_dagrun for example_weekday_branch_operator to 2024-10-11 00:00:00+00:00, run_after=2024-10-12 00:00:00+00:00
[2024-10-12T07:19:31.128+0000] {processor.py:208} INFO - Processing /home/vboxuser/airflow_venv/lib/python3.12/site-packages/airflow/example_dags/example_branch_day_of_week_operator.py took 0.107 seconds
[2024-10-12T07:20:37.248+0000] {processor.py:186} INFO - Started process (PID=12050) to work on /home/vboxuser/airflow_venv/lib/python3.12/site-packages/airflow/example_dags/example_branch_day_of_week_operator.py
[2024-10-12T07:20:37.250+0000] {processor.py:914} INFO - Processing file /home/vboxuser/airflow_venv/lib/python3.12/site-packages/airflow/example_dags/example_branch_day_of_week_operator.py for tasks to queue
[2024-10-12T07:20:37.253+0000] {logging_mixin.py:190} INFO - [2024-10-12T07:20:37.252+0000] {dagbag.py:588} INFO - Filling up the DagBag from /home/vboxuser/airflow_venv/lib/python3.12/site-packages/airflow/example_dags/example_branch_day_of_week_operator.py
[2024-10-12T07:20:37.265+0000] {processor.py:925} INFO - DAG(s) 'example_weekday_branch_operator' retrieved from /home/vboxuser/airflow_venv/lib/python3.12/site-packages/airflow/example_dags/example_branch_day_of_week_operator.py
[2024-10-12T07:20:37.286+0000] {logging_mixin.py:190} INFO - [2024-10-12T07:20:37.286+0000] {dag.py:3239} INFO - Sync 1 DAGs
[2024-10-12T07:20:37.308+0000] {logging_mixin.py:190} INFO - [2024-10-12T07:20:37.308+0000] {dag.py:4180} INFO - Setting next_dagrun for example_weekday_branch_operator to 2024-10-11 00:00:00+00:00, run_after=2024-10-12 00:00:00+00:00
[2024-10-12T07:20:37.341+0000] {processor.py:208} INFO - Processing /home/vboxuser/airflow_venv/lib/python3.12/site-packages/airflow/example_dags/example_branch_day_of_week_operator.py took 0.101 seconds
[2024-10-12T07:21:44.599+0000] {processor.py:186} INFO - Started process (PID=12111) to work on /home/vboxuser/airflow_venv/lib/python3.12/site-packages/airflow/example_dags/example_branch_day_of_week_operator.py
[2024-10-12T07:21:44.603+0000] {processor.py:914} INFO - Processing file /home/vboxuser/airflow_venv/lib/python3.12/site-packages/airflow/example_dags/example_branch_day_of_week_operator.py for tasks to queue
[2024-10-12T07:21:44.608+0000] {logging_mixin.py:190} INFO - [2024-10-12T07:21:44.607+0000] {dagbag.py:588} INFO - Filling up the DagBag from /home/vboxuser/airflow_venv/lib/python3.12/site-packages/airflow/example_dags/example_branch_day_of_week_operator.py
[2024-10-12T07:21:44.631+0000] {processor.py:925} INFO - DAG(s) 'example_weekday_branch_operator' retrieved from /home/vboxuser/airflow_venv/lib/python3.12/site-packages/airflow/example_dags/example_branch_day_of_week_operator.py
[2024-10-12T07:21:44.652+0000] {logging_mixin.py:190} INFO - [2024-10-12T07:21:44.651+0000] {dag.py:3239} INFO - Sync 1 DAGs
[2024-10-12T07:21:44.674+0000] {logging_mixin.py:190} INFO - [2024-10-12T07:21:44.673+0000] {dag.py:4180} INFO - Setting next_dagrun for example_weekday_branch_operator to 2024-10-11 00:00:00+00:00, run_after=2024-10-12 00:00:00+00:00
[2024-10-12T07:21:44.707+0000] {processor.py:208} INFO - Processing /home/vboxuser/airflow_venv/lib/python3.12/site-packages/airflow/example_dags/example_branch_day_of_week_operator.py took 0.120 seconds
[2024-10-12T07:22:51.089+0000] {processor.py:186} INFO - Started process (PID=12170) to work on /home/vboxuser/airflow_venv/lib/python3.12/site-packages/airflow/example_dags/example_branch_day_of_week_operator.py
[2024-10-12T07:22:51.093+0000] {processor.py:914} INFO - Processing file /home/vboxuser/airflow_venv/lib/python3.12/site-packages/airflow/example_dags/example_branch_day_of_week_operator.py for tasks to queue
[2024-10-12T07:22:51.097+0000] {logging_mixin.py:190} INFO - [2024-10-12T07:22:51.096+0000] {dagbag.py:588} INFO - Filling up the DagBag from /home/vboxuser/airflow_venv/lib/python3.12/site-packages/airflow/example_dags/example_branch_day_of_week_operator.py
[2024-10-12T07:22:51.114+0000] {processor.py:925} INFO - DAG(s) 'example_weekday_branch_operator' retrieved from /home/vboxuser/airflow_venv/lib/python3.12/site-packages/airflow/example_dags/example_branch_day_of_week_operator.py
[2024-10-12T07:22:51.143+0000] {logging_mixin.py:190} INFO - [2024-10-12T07:22:51.143+0000] {dag.py:3239} INFO - Sync 1 DAGs
[2024-10-12T07:22:51.179+0000] {logging_mixin.py:190} INFO - [2024-10-12T07:22:51.178+0000] {dag.py:4180} INFO - Setting next_dagrun for example_weekday_branch_operator to 2024-10-11 00:00:00+00:00, run_after=2024-10-12 00:00:00+00:00
[2024-10-12T07:22:51.212+0000] {processor.py:208} INFO - Processing /home/vboxuser/airflow_venv/lib/python3.12/site-packages/airflow/example_dags/example_branch_day_of_week_operator.py took 0.131 seconds
[2024-10-12T07:24:02.671+0000] {processor.py:186} INFO - Started process (PID=12233) to work on /home/vboxuser/airflow_venv/lib/python3.12/site-packages/airflow/example_dags/example_branch_day_of_week_operator.py
[2024-10-12T07:24:02.674+0000] {processor.py:914} INFO - Processing file /home/vboxuser/airflow_venv/lib/python3.12/site-packages/airflow/example_dags/example_branch_day_of_week_operator.py for tasks to queue
[2024-10-12T07:24:02.677+0000] {logging_mixin.py:190} INFO - [2024-10-12T07:24:02.677+0000] {dagbag.py:588} INFO - Filling up the DagBag from /home/vboxuser/airflow_venv/lib/python3.12/site-packages/airflow/example_dags/example_branch_day_of_week_operator.py
[2024-10-12T07:24:02.696+0000] {processor.py:925} INFO - DAG(s) 'example_weekday_branch_operator' retrieved from /home/vboxuser/airflow_venv/lib/python3.12/site-packages/airflow/example_dags/example_branch_day_of_week_operator.py
[2024-10-12T07:24:02.719+0000] {logging_mixin.py:190} INFO - [2024-10-12T07:24:02.719+0000] {dag.py:3239} INFO - Sync 1 DAGs
[2024-10-12T07:24:02.742+0000] {logging_mixin.py:190} INFO - [2024-10-12T07:24:02.742+0000] {dag.py:4180} INFO - Setting next_dagrun for example_weekday_branch_operator to 2024-10-11 00:00:00+00:00, run_after=2024-10-12 00:00:00+00:00
[2024-10-12T07:24:02.777+0000] {processor.py:208} INFO - Processing /home/vboxuser/airflow_venv/lib/python3.12/site-packages/airflow/example_dags/example_branch_day_of_week_operator.py took 0.114 seconds
[2024-10-12T07:25:10.885+0000] {processor.py:186} INFO - Started process (PID=12296) to work on /home/vboxuser/airflow_venv/lib/python3.12/site-packages/airflow/example_dags/example_branch_day_of_week_operator.py
[2024-10-12T07:25:10.888+0000] {processor.py:914} INFO - Processing file /home/vboxuser/airflow_venv/lib/python3.12/site-packages/airflow/example_dags/example_branch_day_of_week_operator.py for tasks to queue
[2024-10-12T07:25:10.890+0000] {logging_mixin.py:190} INFO - [2024-10-12T07:25:10.890+0000] {dagbag.py:588} INFO - Filling up the DagBag from /home/vboxuser/airflow_venv/lib/python3.12/site-packages/airflow/example_dags/example_branch_day_of_week_operator.py
[2024-10-12T07:25:10.906+0000] {processor.py:925} INFO - DAG(s) 'example_weekday_branch_operator' retrieved from /home/vboxuser/airflow_venv/lib/python3.12/site-packages/airflow/example_dags/example_branch_day_of_week_operator.py
[2024-10-12T07:25:10.930+0000] {logging_mixin.py:190} INFO - [2024-10-12T07:25:10.930+0000] {dag.py:3239} INFO - Sync 1 DAGs
[2024-10-12T07:25:10.960+0000] {logging_mixin.py:190} INFO - [2024-10-12T07:25:10.960+0000] {dag.py:4180} INFO - Setting next_dagrun for example_weekday_branch_operator to 2024-10-11 00:00:00+00:00, run_after=2024-10-12 00:00:00+00:00
[2024-10-12T07:25:11.000+0000] {processor.py:208} INFO - Processing /home/vboxuser/airflow_venv/lib/python3.12/site-packages/airflow/example_dags/example_branch_day_of_week_operator.py took 0.122 seconds
[2024-10-12T07:26:20.002+0000] {processor.py:186} INFO - Started process (PID=12360) to work on /home/vboxuser/airflow_venv/lib/python3.12/site-packages/airflow/example_dags/example_branch_day_of_week_operator.py
[2024-10-12T07:26:20.005+0000] {processor.py:914} INFO - Processing file /home/vboxuser/airflow_venv/lib/python3.12/site-packages/airflow/example_dags/example_branch_day_of_week_operator.py for tasks to queue
[2024-10-12T07:26:20.008+0000] {logging_mixin.py:190} INFO - [2024-10-12T07:26:20.007+0000] {dagbag.py:588} INFO - Filling up the DagBag from /home/vboxuser/airflow_venv/lib/python3.12/site-packages/airflow/example_dags/example_branch_day_of_week_operator.py
[2024-10-12T07:26:20.025+0000] {processor.py:925} INFO - DAG(s) 'example_weekday_branch_operator' retrieved from /home/vboxuser/airflow_venv/lib/python3.12/site-packages/airflow/example_dags/example_branch_day_of_week_operator.py
[2024-10-12T07:26:20.054+0000] {logging_mixin.py:190} INFO - [2024-10-12T07:26:20.054+0000] {dag.py:3239} INFO - Sync 1 DAGs
[2024-10-12T07:26:20.087+0000] {logging_mixin.py:190} INFO - [2024-10-12T07:26:20.087+0000] {dag.py:4180} INFO - Setting next_dagrun for example_weekday_branch_operator to 2024-10-11 00:00:00+00:00, run_after=2024-10-12 00:00:00+00:00
[2024-10-12T07:26:20.128+0000] {processor.py:208} INFO - Processing /home/vboxuser/airflow_venv/lib/python3.12/site-packages/airflow/example_dags/example_branch_day_of_week_operator.py took 0.138 seconds
[2024-10-12T07:27:32.233+0000] {processor.py:186} INFO - Started process (PID=12421) to work on /home/vboxuser/airflow_venv/lib/python3.12/site-packages/airflow/example_dags/example_branch_day_of_week_operator.py
[2024-10-12T07:27:32.236+0000] {processor.py:914} INFO - Processing file /home/vboxuser/airflow_venv/lib/python3.12/site-packages/airflow/example_dags/example_branch_day_of_week_operator.py for tasks to queue
[2024-10-12T07:27:32.240+0000] {logging_mixin.py:190} INFO - [2024-10-12T07:27:32.239+0000] {dagbag.py:588} INFO - Filling up the DagBag from /home/vboxuser/airflow_venv/lib/python3.12/site-packages/airflow/example_dags/example_branch_day_of_week_operator.py
[2024-10-12T07:27:32.258+0000] {processor.py:925} INFO - DAG(s) 'example_weekday_branch_operator' retrieved from /home/vboxuser/airflow_venv/lib/python3.12/site-packages/airflow/example_dags/example_branch_day_of_week_operator.py
[2024-10-12T07:27:32.281+0000] {logging_mixin.py:190} INFO - [2024-10-12T07:27:32.281+0000] {dag.py:3239} INFO - Sync 1 DAGs
[2024-10-12T07:27:32.311+0000] {logging_mixin.py:190} INFO - [2024-10-12T07:27:32.310+0000] {dag.py:4180} INFO - Setting next_dagrun for example_weekday_branch_operator to 2024-10-11 00:00:00+00:00, run_after=2024-10-12 00:00:00+00:00
[2024-10-12T07:27:32.357+0000] {processor.py:208} INFO - Processing /home/vboxuser/airflow_venv/lib/python3.12/site-packages/airflow/example_dags/example_branch_day_of_week_operator.py took 0.132 seconds
[2024-10-12T07:28:43.161+0000] {processor.py:186} INFO - Started process (PID=12484) to work on /home/vboxuser/airflow_venv/lib/python3.12/site-packages/airflow/example_dags/example_branch_day_of_week_operator.py
[2024-10-12T07:28:43.164+0000] {processor.py:914} INFO - Processing file /home/vboxuser/airflow_venv/lib/python3.12/site-packages/airflow/example_dags/example_branch_day_of_week_operator.py for tasks to queue
[2024-10-12T07:28:43.168+0000] {logging_mixin.py:190} INFO - [2024-10-12T07:28:43.167+0000] {dagbag.py:588} INFO - Filling up the DagBag from /home/vboxuser/airflow_venv/lib/python3.12/site-packages/airflow/example_dags/example_branch_day_of_week_operator.py
[2024-10-12T07:28:43.190+0000] {processor.py:925} INFO - DAG(s) 'example_weekday_branch_operator' retrieved from /home/vboxuser/airflow_venv/lib/python3.12/site-packages/airflow/example_dags/example_branch_day_of_week_operator.py
[2024-10-12T07:28:43.229+0000] {logging_mixin.py:190} INFO - [2024-10-12T07:28:43.228+0000] {dag.py:3239} INFO - Sync 1 DAGs
[2024-10-12T07:28:43.259+0000] {logging_mixin.py:190} INFO - [2024-10-12T07:28:43.258+0000] {dag.py:4180} INFO - Setting next_dagrun for example_weekday_branch_operator to 2024-10-11 00:00:00+00:00, run_after=2024-10-12 00:00:00+00:00
[2024-10-12T07:28:43.341+0000] {processor.py:208} INFO - Processing /home/vboxuser/airflow_venv/lib/python3.12/site-packages/airflow/example_dags/example_branch_day_of_week_operator.py took 0.190 seconds
[2024-10-12T07:29:47.144+0000] {processor.py:186} INFO - Started process (PID=12541) to work on /home/vboxuser/airflow_venv/lib/python3.12/site-packages/airflow/example_dags/example_branch_day_of_week_operator.py
[2024-10-12T07:29:47.146+0000] {processor.py:914} INFO - Processing file /home/vboxuser/airflow_venv/lib/python3.12/site-packages/airflow/example_dags/example_branch_day_of_week_operator.py for tasks to queue
[2024-10-12T07:29:47.150+0000] {logging_mixin.py:190} INFO - [2024-10-12T07:29:47.149+0000] {dagbag.py:588} INFO - Filling up the DagBag from /home/vboxuser/airflow_venv/lib/python3.12/site-packages/airflow/example_dags/example_branch_day_of_week_operator.py
[2024-10-12T07:29:47.168+0000] {processor.py:925} INFO - DAG(s) 'example_weekday_branch_operator' retrieved from /home/vboxuser/airflow_venv/lib/python3.12/site-packages/airflow/example_dags/example_branch_day_of_week_operator.py
[2024-10-12T07:29:47.196+0000] {logging_mixin.py:190} INFO - [2024-10-12T07:29:47.196+0000] {dag.py:3239} INFO - Sync 1 DAGs
[2024-10-12T07:29:47.233+0000] {logging_mixin.py:190} INFO - [2024-10-12T07:29:47.232+0000] {dag.py:4180} INFO - Setting next_dagrun for example_weekday_branch_operator to 2024-10-11 00:00:00+00:00, run_after=2024-10-12 00:00:00+00:00
[2024-10-12T07:29:47.286+0000] {processor.py:208} INFO - Processing /home/vboxuser/airflow_venv/lib/python3.12/site-packages/airflow/example_dags/example_branch_day_of_week_operator.py took 0.162 seconds
[2024-10-12T07:30:59.701+0000] {processor.py:186} INFO - Started process (PID=12624) to work on /home/vboxuser/airflow_venv/lib/python3.12/site-packages/airflow/example_dags/example_branch_day_of_week_operator.py
[2024-10-12T07:30:59.705+0000] {processor.py:914} INFO - Processing file /home/vboxuser/airflow_venv/lib/python3.12/site-packages/airflow/example_dags/example_branch_day_of_week_operator.py for tasks to queue
[2024-10-12T07:30:59.709+0000] {logging_mixin.py:190} INFO - [2024-10-12T07:30:59.708+0000] {dagbag.py:588} INFO - Filling up the DagBag from /home/vboxuser/airflow_venv/lib/python3.12/site-packages/airflow/example_dags/example_branch_day_of_week_operator.py
[2024-10-12T07:30:59.721+0000] {processor.py:925} INFO - DAG(s) 'example_weekday_branch_operator' retrieved from /home/vboxuser/airflow_venv/lib/python3.12/site-packages/airflow/example_dags/example_branch_day_of_week_operator.py
[2024-10-12T07:30:59.739+0000] {logging_mixin.py:190} INFO - [2024-10-12T07:30:59.739+0000] {dag.py:3239} INFO - Sync 1 DAGs
[2024-10-12T07:30:59.759+0000] {logging_mixin.py:190} INFO - [2024-10-12T07:30:59.759+0000] {dag.py:4180} INFO - Setting next_dagrun for example_weekday_branch_operator to 2024-10-11 00:00:00+00:00, run_after=2024-10-12 00:00:00+00:00
[2024-10-12T07:30:59.792+0000] {processor.py:208} INFO - Processing /home/vboxuser/airflow_venv/lib/python3.12/site-packages/airflow/example_dags/example_branch_day_of_week_operator.py took 0.102 seconds
[2024-10-12T07:32:07.708+0000] {processor.py:186} INFO - Started process (PID=12694) to work on /home/vboxuser/airflow_venv/lib/python3.12/site-packages/airflow/example_dags/example_branch_day_of_week_operator.py
[2024-10-12T07:32:07.710+0000] {processor.py:914} INFO - Processing file /home/vboxuser/airflow_venv/lib/python3.12/site-packages/airflow/example_dags/example_branch_day_of_week_operator.py for tasks to queue
[2024-10-12T07:32:07.714+0000] {logging_mixin.py:190} INFO - [2024-10-12T07:32:07.713+0000] {dagbag.py:588} INFO - Filling up the DagBag from /home/vboxuser/airflow_venv/lib/python3.12/site-packages/airflow/example_dags/example_branch_day_of_week_operator.py
[2024-10-12T07:32:07.732+0000] {processor.py:925} INFO - DAG(s) 'example_weekday_branch_operator' retrieved from /home/vboxuser/airflow_venv/lib/python3.12/site-packages/airflow/example_dags/example_branch_day_of_week_operator.py
[2024-10-12T07:32:07.754+0000] {logging_mixin.py:190} INFO - [2024-10-12T07:32:07.753+0000] {dag.py:3239} INFO - Sync 1 DAGs
[2024-10-12T07:32:07.777+0000] {logging_mixin.py:190} INFO - [2024-10-12T07:32:07.777+0000] {dag.py:4180} INFO - Setting next_dagrun for example_weekday_branch_operator to 2024-10-11 00:00:00+00:00, run_after=2024-10-12 00:00:00+00:00
[2024-10-12T07:32:07.810+0000] {processor.py:208} INFO - Processing /home/vboxuser/airflow_venv/lib/python3.12/site-packages/airflow/example_dags/example_branch_day_of_week_operator.py took 0.111 seconds
[2024-10-12T07:33:10.852+0000] {processor.py:186} INFO - Started process (PID=12752) to work on /home/vboxuser/airflow_venv/lib/python3.12/site-packages/airflow/example_dags/example_branch_day_of_week_operator.py
[2024-10-12T07:33:10.855+0000] {processor.py:914} INFO - Processing file /home/vboxuser/airflow_venv/lib/python3.12/site-packages/airflow/example_dags/example_branch_day_of_week_operator.py for tasks to queue
[2024-10-12T07:33:10.859+0000] {logging_mixin.py:190} INFO - [2024-10-12T07:33:10.859+0000] {dagbag.py:588} INFO - Filling up the DagBag from /home/vboxuser/airflow_venv/lib/python3.12/site-packages/airflow/example_dags/example_branch_day_of_week_operator.py
[2024-10-12T07:33:10.874+0000] {processor.py:925} INFO - DAG(s) 'example_weekday_branch_operator' retrieved from /home/vboxuser/airflow_venv/lib/python3.12/site-packages/airflow/example_dags/example_branch_day_of_week_operator.py
[2024-10-12T07:33:10.893+0000] {logging_mixin.py:190} INFO - [2024-10-12T07:33:10.892+0000] {dag.py:3239} INFO - Sync 1 DAGs
[2024-10-12T07:33:10.914+0000] {logging_mixin.py:190} INFO - [2024-10-12T07:33:10.914+0000] {dag.py:4180} INFO - Setting next_dagrun for example_weekday_branch_operator to 2024-10-11 00:00:00+00:00, run_after=2024-10-12 00:00:00+00:00
[2024-10-12T07:33:10.945+0000] {processor.py:208} INFO - Processing /home/vboxuser/airflow_venv/lib/python3.12/site-packages/airflow/example_dags/example_branch_day_of_week_operator.py took 0.103 seconds
[2024-10-12T07:34:14.055+0000] {processor.py:186} INFO - Started process (PID=12811) to work on /home/vboxuser/airflow_venv/lib/python3.12/site-packages/airflow/example_dags/example_branch_day_of_week_operator.py
[2024-10-12T07:34:14.062+0000] {processor.py:914} INFO - Processing file /home/vboxuser/airflow_venv/lib/python3.12/site-packages/airflow/example_dags/example_branch_day_of_week_operator.py for tasks to queue
[2024-10-12T07:34:14.066+0000] {logging_mixin.py:190} INFO - [2024-10-12T07:34:14.066+0000] {dagbag.py:588} INFO - Filling up the DagBag from /home/vboxuser/airflow_venv/lib/python3.12/site-packages/airflow/example_dags/example_branch_day_of_week_operator.py
[2024-10-12T07:34:14.086+0000] {processor.py:925} INFO - DAG(s) 'example_weekday_branch_operator' retrieved from /home/vboxuser/airflow_venv/lib/python3.12/site-packages/airflow/example_dags/example_branch_day_of_week_operator.py
[2024-10-12T07:34:14.107+0000] {logging_mixin.py:190} INFO - [2024-10-12T07:34:14.107+0000] {dag.py:3239} INFO - Sync 1 DAGs
[2024-10-12T07:34:14.129+0000] {logging_mixin.py:190} INFO - [2024-10-12T07:34:14.129+0000] {dag.py:4180} INFO - Setting next_dagrun for example_weekday_branch_operator to 2024-10-11 00:00:00+00:00, run_after=2024-10-12 00:00:00+00:00
[2024-10-12T07:34:14.160+0000] {processor.py:208} INFO - Processing /home/vboxuser/airflow_venv/lib/python3.12/site-packages/airflow/example_dags/example_branch_day_of_week_operator.py took 0.122 seconds
[2024-10-12T07:46:52.448+0000] {processor.py:186} INFO - Started process (PID=12898) to work on /home/vboxuser/airflow_venv/lib/python3.12/site-packages/airflow/example_dags/example_branch_day_of_week_operator.py
[2024-10-12T07:46:52.449+0000] {processor.py:914} INFO - Processing file /home/vboxuser/airflow_venv/lib/python3.12/site-packages/airflow/example_dags/example_branch_day_of_week_operator.py for tasks to queue
[2024-10-12T07:46:52.452+0000] {logging_mixin.py:190} INFO - [2024-10-12T07:46:52.451+0000] {dagbag.py:588} INFO - Filling up the DagBag from /home/vboxuser/airflow_venv/lib/python3.12/site-packages/airflow/example_dags/example_branch_day_of_week_operator.py
[2024-10-12T07:46:52.461+0000] {processor.py:925} INFO - DAG(s) 'example_weekday_branch_operator' retrieved from /home/vboxuser/airflow_venv/lib/python3.12/site-packages/airflow/example_dags/example_branch_day_of_week_operator.py
[2024-10-12T07:46:52.475+0000] {logging_mixin.py:190} INFO - [2024-10-12T07:46:52.475+0000] {dag.py:3239} INFO - Sync 1 DAGs
[2024-10-12T07:46:52.491+0000] {logging_mixin.py:190} INFO - [2024-10-12T07:46:52.491+0000] {dag.py:4180} INFO - Setting next_dagrun for example_weekday_branch_operator to 2024-10-11 00:00:00+00:00, run_after=2024-10-12 00:00:00+00:00
[2024-10-12T07:46:52.522+0000] {processor.py:208} INFO - Processing /home/vboxuser/airflow_venv/lib/python3.12/site-packages/airflow/example_dags/example_branch_day_of_week_operator.py took 0.079 seconds
[2024-10-12T07:48:31.535+0000] {processor.py:186} INFO - Started process (PID=12982) to work on /home/vboxuser/airflow_venv/lib/python3.12/site-packages/airflow/example_dags/example_branch_day_of_week_operator.py
[2024-10-12T07:48:31.541+0000] {processor.py:914} INFO - Processing file /home/vboxuser/airflow_venv/lib/python3.12/site-packages/airflow/example_dags/example_branch_day_of_week_operator.py for tasks to queue
[2024-10-12T07:48:31.546+0000] {logging_mixin.py:190} INFO - [2024-10-12T07:48:31.545+0000] {dagbag.py:588} INFO - Filling up the DagBag from /home/vboxuser/airflow_venv/lib/python3.12/site-packages/airflow/example_dags/example_branch_day_of_week_operator.py
[2024-10-12T07:48:31.566+0000] {processor.py:925} INFO - DAG(s) 'example_weekday_branch_operator' retrieved from /home/vboxuser/airflow_venv/lib/python3.12/site-packages/airflow/example_dags/example_branch_day_of_week_operator.py
[2024-10-12T07:48:31.599+0000] {logging_mixin.py:190} INFO - [2024-10-12T07:48:31.598+0000] {dag.py:3239} INFO - Sync 1 DAGs
[2024-10-12T07:48:31.639+0000] {logging_mixin.py:190} INFO - [2024-10-12T07:48:31.639+0000] {dag.py:4180} INFO - Setting next_dagrun for example_weekday_branch_operator to 2024-10-11 00:00:00+00:00, run_after=2024-10-12 00:00:00+00:00
[2024-10-12T07:48:31.688+0000] {processor.py:208} INFO - Processing /home/vboxuser/airflow_venv/lib/python3.12/site-packages/airflow/example_dags/example_branch_day_of_week_operator.py took 0.164 seconds
[2024-10-12T07:49:37.654+0000] {processor.py:186} INFO - Started process (PID=13041) to work on /home/vboxuser/airflow_venv/lib/python3.12/site-packages/airflow/example_dags/example_branch_day_of_week_operator.py
[2024-10-12T07:49:37.660+0000] {processor.py:914} INFO - Processing file /home/vboxuser/airflow_venv/lib/python3.12/site-packages/airflow/example_dags/example_branch_day_of_week_operator.py for tasks to queue
[2024-10-12T07:49:37.665+0000] {logging_mixin.py:190} INFO - [2024-10-12T07:49:37.664+0000] {dagbag.py:588} INFO - Filling up the DagBag from /home/vboxuser/airflow_venv/lib/python3.12/site-packages/airflow/example_dags/example_branch_day_of_week_operator.py
[2024-10-12T07:49:37.683+0000] {processor.py:925} INFO - DAG(s) 'example_weekday_branch_operator' retrieved from /home/vboxuser/airflow_venv/lib/python3.12/site-packages/airflow/example_dags/example_branch_day_of_week_operator.py
[2024-10-12T07:49:37.709+0000] {logging_mixin.py:190} INFO - [2024-10-12T07:49:37.709+0000] {dag.py:3239} INFO - Sync 1 DAGs
[2024-10-12T07:49:37.742+0000] {logging_mixin.py:190} INFO - [2024-10-12T07:49:37.742+0000] {dag.py:4180} INFO - Setting next_dagrun for example_weekday_branch_operator to 2024-10-11 00:00:00+00:00, run_after=2024-10-12 00:00:00+00:00
[2024-10-12T07:49:37.782+0000] {processor.py:208} INFO - Processing /home/vboxuser/airflow_venv/lib/python3.12/site-packages/airflow/example_dags/example_branch_day_of_week_operator.py took 0.140 seconds
[2024-10-12T07:50:47.280+0000] {processor.py:186} INFO - Started process (PID=13171) to work on /home/vboxuser/airflow_venv/lib/python3.12/site-packages/airflow/example_dags/example_branch_day_of_week_operator.py
[2024-10-12T07:50:47.282+0000] {processor.py:914} INFO - Processing file /home/vboxuser/airflow_venv/lib/python3.12/site-packages/airflow/example_dags/example_branch_day_of_week_operator.py for tasks to queue
[2024-10-12T07:50:47.287+0000] {logging_mixin.py:190} INFO - [2024-10-12T07:50:47.286+0000] {dagbag.py:588} INFO - Filling up the DagBag from /home/vboxuser/airflow_venv/lib/python3.12/site-packages/airflow/example_dags/example_branch_day_of_week_operator.py
[2024-10-12T07:50:47.301+0000] {processor.py:925} INFO - DAG(s) 'example_weekday_branch_operator' retrieved from /home/vboxuser/airflow_venv/lib/python3.12/site-packages/airflow/example_dags/example_branch_day_of_week_operator.py
[2024-10-12T07:50:47.321+0000] {logging_mixin.py:190} INFO - [2024-10-12T07:50:47.320+0000] {dag.py:3239} INFO - Sync 1 DAGs
[2024-10-12T07:50:47.343+0000] {logging_mixin.py:190} INFO - [2024-10-12T07:50:47.342+0000] {dag.py:4180} INFO - Setting next_dagrun for example_weekday_branch_operator to 2024-10-11 00:00:00+00:00, run_after=2024-10-12 00:00:00+00:00
[2024-10-12T07:50:47.377+0000] {processor.py:208} INFO - Processing /home/vboxuser/airflow_venv/lib/python3.12/site-packages/airflow/example_dags/example_branch_day_of_week_operator.py took 0.105 seconds
[2024-10-12T07:51:57.497+0000] {processor.py:186} INFO - Started process (PID=13242) to work on /home/vboxuser/airflow_venv/lib/python3.12/site-packages/airflow/example_dags/example_branch_day_of_week_operator.py
[2024-10-12T07:51:57.502+0000] {processor.py:914} INFO - Processing file /home/vboxuser/airflow_venv/lib/python3.12/site-packages/airflow/example_dags/example_branch_day_of_week_operator.py for tasks to queue
[2024-10-12T07:51:57.505+0000] {logging_mixin.py:190} INFO - [2024-10-12T07:51:57.505+0000] {dagbag.py:588} INFO - Filling up the DagBag from /home/vboxuser/airflow_venv/lib/python3.12/site-packages/airflow/example_dags/example_branch_day_of_week_operator.py
[2024-10-12T07:51:57.518+0000] {processor.py:925} INFO - DAG(s) 'example_weekday_branch_operator' retrieved from /home/vboxuser/airflow_venv/lib/python3.12/site-packages/airflow/example_dags/example_branch_day_of_week_operator.py
[2024-10-12T07:51:57.538+0000] {logging_mixin.py:190} INFO - [2024-10-12T07:51:57.538+0000] {dag.py:3239} INFO - Sync 1 DAGs
[2024-10-12T07:51:57.561+0000] {logging_mixin.py:190} INFO - [2024-10-12T07:51:57.561+0000] {dag.py:4180} INFO - Setting next_dagrun for example_weekday_branch_operator to 2024-10-11 00:00:00+00:00, run_after=2024-10-12 00:00:00+00:00
[2024-10-12T07:51:57.595+0000] {processor.py:208} INFO - Processing /home/vboxuser/airflow_venv/lib/python3.12/site-packages/airflow/example_dags/example_branch_day_of_week_operator.py took 0.107 seconds
[2024-10-12T07:53:07.549+0000] {processor.py:186} INFO - Started process (PID=13322) to work on /home/vboxuser/airflow_venv/lib/python3.12/site-packages/airflow/example_dags/example_branch_day_of_week_operator.py
[2024-10-12T07:53:07.563+0000] {processor.py:914} INFO - Processing file /home/vboxuser/airflow_venv/lib/python3.12/site-packages/airflow/example_dags/example_branch_day_of_week_operator.py for tasks to queue
[2024-10-12T07:53:07.567+0000] {logging_mixin.py:190} INFO - [2024-10-12T07:53:07.566+0000] {dagbag.py:588} INFO - Filling up the DagBag from /home/vboxuser/airflow_venv/lib/python3.12/site-packages/airflow/example_dags/example_branch_day_of_week_operator.py
[2024-10-12T07:53:07.582+0000] {processor.py:925} INFO - DAG(s) 'example_weekday_branch_operator' retrieved from /home/vboxuser/airflow_venv/lib/python3.12/site-packages/airflow/example_dags/example_branch_day_of_week_operator.py
[2024-10-12T07:53:07.612+0000] {logging_mixin.py:190} INFO - [2024-10-12T07:53:07.612+0000] {dag.py:3239} INFO - Sync 1 DAGs
[2024-10-12T07:53:07.645+0000] {logging_mixin.py:190} INFO - [2024-10-12T07:53:07.644+0000] {dag.py:4180} INFO - Setting next_dagrun for example_weekday_branch_operator to 2024-10-11 00:00:00+00:00, run_after=2024-10-12 00:00:00+00:00
[2024-10-12T07:53:07.694+0000] {processor.py:208} INFO - Processing /home/vboxuser/airflow_venv/lib/python3.12/site-packages/airflow/example_dags/example_branch_day_of_week_operator.py took 0.155 seconds
[2024-10-12T07:54:08.933+0000] {processor.py:186} INFO - Started process (PID=13384) to work on /home/vboxuser/airflow_venv/lib/python3.12/site-packages/airflow/example_dags/example_branch_day_of_week_operator.py
[2024-10-12T07:54:08.939+0000] {processor.py:914} INFO - Processing file /home/vboxuser/airflow_venv/lib/python3.12/site-packages/airflow/example_dags/example_branch_day_of_week_operator.py for tasks to queue
[2024-10-12T07:54:08.942+0000] {logging_mixin.py:190} INFO - [2024-10-12T07:54:08.942+0000] {dagbag.py:588} INFO - Filling up the DagBag from /home/vboxuser/airflow_venv/lib/python3.12/site-packages/airflow/example_dags/example_branch_day_of_week_operator.py
[2024-10-12T07:54:08.961+0000] {processor.py:925} INFO - DAG(s) 'example_weekday_branch_operator' retrieved from /home/vboxuser/airflow_venv/lib/python3.12/site-packages/airflow/example_dags/example_branch_day_of_week_operator.py
[2024-10-12T07:54:08.990+0000] {logging_mixin.py:190} INFO - [2024-10-12T07:54:08.990+0000] {dag.py:3239} INFO - Sync 1 DAGs
[2024-10-12T07:54:09.022+0000] {logging_mixin.py:190} INFO - [2024-10-12T07:54:09.022+0000] {dag.py:4180} INFO - Setting next_dagrun for example_weekday_branch_operator to 2024-10-11 00:00:00+00:00, run_after=2024-10-12 00:00:00+00:00
[2024-10-12T07:54:09.059+0000] {processor.py:208} INFO - Processing /home/vboxuser/airflow_venv/lib/python3.12/site-packages/airflow/example_dags/example_branch_day_of_week_operator.py took 0.138 seconds
[2024-10-12T07:55:11.596+0000] {processor.py:186} INFO - Started process (PID=13446) to work on /home/vboxuser/airflow_venv/lib/python3.12/site-packages/airflow/example_dags/example_branch_day_of_week_operator.py
[2024-10-12T07:55:11.601+0000] {processor.py:914} INFO - Processing file /home/vboxuser/airflow_venv/lib/python3.12/site-packages/airflow/example_dags/example_branch_day_of_week_operator.py for tasks to queue
[2024-10-12T07:55:11.607+0000] {logging_mixin.py:190} INFO - [2024-10-12T07:55:11.606+0000] {dagbag.py:588} INFO - Filling up the DagBag from /home/vboxuser/airflow_venv/lib/python3.12/site-packages/airflow/example_dags/example_branch_day_of_week_operator.py
[2024-10-12T07:55:11.625+0000] {processor.py:925} INFO - DAG(s) 'example_weekday_branch_operator' retrieved from /home/vboxuser/airflow_venv/lib/python3.12/site-packages/airflow/example_dags/example_branch_day_of_week_operator.py
[2024-10-12T07:55:11.649+0000] {logging_mixin.py:190} INFO - [2024-10-12T07:55:11.649+0000] {dag.py:3239} INFO - Sync 1 DAGs
[2024-10-12T07:55:11.681+0000] {logging_mixin.py:190} INFO - [2024-10-12T07:55:11.681+0000] {dag.py:4180} INFO - Setting next_dagrun for example_weekday_branch_operator to 2024-10-11 00:00:00+00:00, run_after=2024-10-12 00:00:00+00:00
[2024-10-12T07:55:11.721+0000] {processor.py:208} INFO - Processing /home/vboxuser/airflow_venv/lib/python3.12/site-packages/airflow/example_dags/example_branch_day_of_week_operator.py took 0.137 seconds
[2024-10-12T07:56:17.836+0000] {processor.py:186} INFO - Started process (PID=13509) to work on /home/vboxuser/airflow_venv/lib/python3.12/site-packages/airflow/example_dags/example_branch_day_of_week_operator.py
[2024-10-12T07:56:17.838+0000] {processor.py:914} INFO - Processing file /home/vboxuser/airflow_venv/lib/python3.12/site-packages/airflow/example_dags/example_branch_day_of_week_operator.py for tasks to queue
[2024-10-12T07:56:17.842+0000] {logging_mixin.py:190} INFO - [2024-10-12T07:56:17.841+0000] {dagbag.py:588} INFO - Filling up the DagBag from /home/vboxuser/airflow_venv/lib/python3.12/site-packages/airflow/example_dags/example_branch_day_of_week_operator.py
[2024-10-12T07:56:17.855+0000] {processor.py:925} INFO - DAG(s) 'example_weekday_branch_operator' retrieved from /home/vboxuser/airflow_venv/lib/python3.12/site-packages/airflow/example_dags/example_branch_day_of_week_operator.py
[2024-10-12T07:56:17.873+0000] {logging_mixin.py:190} INFO - [2024-10-12T07:56:17.872+0000] {dag.py:3239} INFO - Sync 1 DAGs
[2024-10-12T07:56:17.894+0000] {logging_mixin.py:190} INFO - [2024-10-12T07:56:17.894+0000] {dag.py:4180} INFO - Setting next_dagrun for example_weekday_branch_operator to 2024-10-11 00:00:00+00:00, run_after=2024-10-12 00:00:00+00:00
[2024-10-12T07:56:17.924+0000] {processor.py:208} INFO - Processing /home/vboxuser/airflow_venv/lib/python3.12/site-packages/airflow/example_dags/example_branch_day_of_week_operator.py took 0.095 seconds
[2024-10-12T07:57:24.620+0000] {processor.py:186} INFO - Started process (PID=13582) to work on /home/vboxuser/airflow_venv/lib/python3.12/site-packages/airflow/example_dags/example_branch_day_of_week_operator.py
[2024-10-12T07:57:24.623+0000] {processor.py:914} INFO - Processing file /home/vboxuser/airflow_venv/lib/python3.12/site-packages/airflow/example_dags/example_branch_day_of_week_operator.py for tasks to queue
[2024-10-12T07:57:24.628+0000] {logging_mixin.py:190} INFO - [2024-10-12T07:57:24.627+0000] {dagbag.py:588} INFO - Filling up the DagBag from /home/vboxuser/airflow_venv/lib/python3.12/site-packages/airflow/example_dags/example_branch_day_of_week_operator.py
[2024-10-12T07:57:24.647+0000] {processor.py:925} INFO - DAG(s) 'example_weekday_branch_operator' retrieved from /home/vboxuser/airflow_venv/lib/python3.12/site-packages/airflow/example_dags/example_branch_day_of_week_operator.py
[2024-10-12T07:57:24.702+0000] {logging_mixin.py:190} INFO - [2024-10-12T07:57:24.702+0000] {dag.py:3239} INFO - Sync 1 DAGs
[2024-10-12T07:57:24.735+0000] {logging_mixin.py:190} INFO - [2024-10-12T07:57:24.734+0000] {dag.py:4180} INFO - Setting next_dagrun for example_weekday_branch_operator to 2024-10-11 00:00:00+00:00, run_after=2024-10-12 00:00:00+00:00
[2024-10-12T07:57:24.772+0000] {processor.py:208} INFO - Processing /home/vboxuser/airflow_venv/lib/python3.12/site-packages/airflow/example_dags/example_branch_day_of_week_operator.py took 0.163 seconds
[2024-10-12T07:58:28.243+0000] {processor.py:186} INFO - Started process (PID=13643) to work on /home/vboxuser/airflow_venv/lib/python3.12/site-packages/airflow/example_dags/example_branch_day_of_week_operator.py
[2024-10-12T07:58:28.248+0000] {processor.py:914} INFO - Processing file /home/vboxuser/airflow_venv/lib/python3.12/site-packages/airflow/example_dags/example_branch_day_of_week_operator.py for tasks to queue
[2024-10-12T07:58:28.251+0000] {logging_mixin.py:190} INFO - [2024-10-12T07:58:28.250+0000] {dagbag.py:588} INFO - Filling up the DagBag from /home/vboxuser/airflow_venv/lib/python3.12/site-packages/airflow/example_dags/example_branch_day_of_week_operator.py
[2024-10-12T07:58:28.266+0000] {processor.py:925} INFO - DAG(s) 'example_weekday_branch_operator' retrieved from /home/vboxuser/airflow_venv/lib/python3.12/site-packages/airflow/example_dags/example_branch_day_of_week_operator.py
[2024-10-12T07:58:28.286+0000] {logging_mixin.py:190} INFO - [2024-10-12T07:58:28.286+0000] {dag.py:3239} INFO - Sync 1 DAGs
[2024-10-12T07:58:28.313+0000] {logging_mixin.py:190} INFO - [2024-10-12T07:58:28.313+0000] {dag.py:4180} INFO - Setting next_dagrun for example_weekday_branch_operator to 2024-10-11 00:00:00+00:00, run_after=2024-10-12 00:00:00+00:00
[2024-10-12T07:58:28.348+0000] {processor.py:208} INFO - Processing /home/vboxuser/airflow_venv/lib/python3.12/site-packages/airflow/example_dags/example_branch_day_of_week_operator.py took 0.113 seconds
[2024-10-12T07:59:29.126+0000] {processor.py:186} INFO - Started process (PID=13699) to work on /home/vboxuser/airflow_venv/lib/python3.12/site-packages/airflow/example_dags/example_branch_day_of_week_operator.py
[2024-10-12T07:59:29.131+0000] {processor.py:914} INFO - Processing file /home/vboxuser/airflow_venv/lib/python3.12/site-packages/airflow/example_dags/example_branch_day_of_week_operator.py for tasks to queue
[2024-10-12T07:59:29.135+0000] {logging_mixin.py:190} INFO - [2024-10-12T07:59:29.134+0000] {dagbag.py:588} INFO - Filling up the DagBag from /home/vboxuser/airflow_venv/lib/python3.12/site-packages/airflow/example_dags/example_branch_day_of_week_operator.py
[2024-10-12T07:59:29.151+0000] {processor.py:925} INFO - DAG(s) 'example_weekday_branch_operator' retrieved from /home/vboxuser/airflow_venv/lib/python3.12/site-packages/airflow/example_dags/example_branch_day_of_week_operator.py
[2024-10-12T07:59:29.178+0000] {logging_mixin.py:190} INFO - [2024-10-12T07:59:29.177+0000] {dag.py:3239} INFO - Sync 1 DAGs
[2024-10-12T07:59:29.210+0000] {logging_mixin.py:190} INFO - [2024-10-12T07:59:29.209+0000] {dag.py:4180} INFO - Setting next_dagrun for example_weekday_branch_operator to 2024-10-11 00:00:00+00:00, run_after=2024-10-12 00:00:00+00:00
[2024-10-12T07:59:29.247+0000] {processor.py:208} INFO - Processing /home/vboxuser/airflow_venv/lib/python3.12/site-packages/airflow/example_dags/example_branch_day_of_week_operator.py took 0.132 seconds
[2024-10-12T08:00:33.930+0000] {processor.py:186} INFO - Started process (PID=13762) to work on /home/vboxuser/airflow_venv/lib/python3.12/site-packages/airflow/example_dags/example_branch_day_of_week_operator.py
[2024-10-12T08:00:33.932+0000] {processor.py:914} INFO - Processing file /home/vboxuser/airflow_venv/lib/python3.12/site-packages/airflow/example_dags/example_branch_day_of_week_operator.py for tasks to queue
[2024-10-12T08:00:33.936+0000] {logging_mixin.py:190} INFO - [2024-10-12T08:00:33.935+0000] {dagbag.py:588} INFO - Filling up the DagBag from /home/vboxuser/airflow_venv/lib/python3.12/site-packages/airflow/example_dags/example_branch_day_of_week_operator.py
[2024-10-12T08:00:33.950+0000] {processor.py:925} INFO - DAG(s) 'example_weekday_branch_operator' retrieved from /home/vboxuser/airflow_venv/lib/python3.12/site-packages/airflow/example_dags/example_branch_day_of_week_operator.py
[2024-10-12T08:00:33.972+0000] {logging_mixin.py:190} INFO - [2024-10-12T08:00:33.971+0000] {dag.py:3239} INFO - Sync 1 DAGs
[2024-10-12T08:00:33.996+0000] {logging_mixin.py:190} INFO - [2024-10-12T08:00:33.996+0000] {dag.py:4180} INFO - Setting next_dagrun for example_weekday_branch_operator to 2024-10-11 00:00:00+00:00, run_after=2024-10-12 00:00:00+00:00
[2024-10-12T08:00:34.035+0000] {processor.py:208} INFO - Processing /home/vboxuser/airflow_venv/lib/python3.12/site-packages/airflow/example_dags/example_branch_day_of_week_operator.py took 0.113 seconds
[2024-10-12T08:01:39.158+0000] {processor.py:186} INFO - Started process (PID=13819) to work on /home/vboxuser/airflow_venv/lib/python3.12/site-packages/airflow/example_dags/example_branch_day_of_week_operator.py
[2024-10-12T08:01:39.164+0000] {processor.py:914} INFO - Processing file /home/vboxuser/airflow_venv/lib/python3.12/site-packages/airflow/example_dags/example_branch_day_of_week_operator.py for tasks to queue
[2024-10-12T08:01:39.170+0000] {logging_mixin.py:190} INFO - [2024-10-12T08:01:39.169+0000] {dagbag.py:588} INFO - Filling up the DagBag from /home/vboxuser/airflow_venv/lib/python3.12/site-packages/airflow/example_dags/example_branch_day_of_week_operator.py
[2024-10-12T08:01:39.188+0000] {processor.py:925} INFO - DAG(s) 'example_weekday_branch_operator' retrieved from /home/vboxuser/airflow_venv/lib/python3.12/site-packages/airflow/example_dags/example_branch_day_of_week_operator.py
[2024-10-12T08:01:39.212+0000] {logging_mixin.py:190} INFO - [2024-10-12T08:01:39.211+0000] {dag.py:3239} INFO - Sync 1 DAGs
[2024-10-12T08:01:39.238+0000] {logging_mixin.py:190} INFO - [2024-10-12T08:01:39.238+0000] {dag.py:4180} INFO - Setting next_dagrun for example_weekday_branch_operator to 2024-10-11 00:00:00+00:00, run_after=2024-10-12 00:00:00+00:00
[2024-10-12T08:01:39.275+0000] {processor.py:208} INFO - Processing /home/vboxuser/airflow_venv/lib/python3.12/site-packages/airflow/example_dags/example_branch_day_of_week_operator.py took 0.129 seconds
[2024-10-12T08:02:47.109+0000] {processor.py:186} INFO - Started process (PID=13880) to work on /home/vboxuser/airflow_venv/lib/python3.12/site-packages/airflow/example_dags/example_branch_day_of_week_operator.py
[2024-10-12T08:02:47.114+0000] {processor.py:914} INFO - Processing file /home/vboxuser/airflow_venv/lib/python3.12/site-packages/airflow/example_dags/example_branch_day_of_week_operator.py for tasks to queue
[2024-10-12T08:02:47.118+0000] {logging_mixin.py:190} INFO - [2024-10-12T08:02:47.117+0000] {dagbag.py:588} INFO - Filling up the DagBag from /home/vboxuser/airflow_venv/lib/python3.12/site-packages/airflow/example_dags/example_branch_day_of_week_operator.py
[2024-10-12T08:02:47.134+0000] {processor.py:925} INFO - DAG(s) 'example_weekday_branch_operator' retrieved from /home/vboxuser/airflow_venv/lib/python3.12/site-packages/airflow/example_dags/example_branch_day_of_week_operator.py
[2024-10-12T08:02:47.159+0000] {logging_mixin.py:190} INFO - [2024-10-12T08:02:47.159+0000] {dag.py:3239} INFO - Sync 1 DAGs
[2024-10-12T08:02:47.194+0000] {logging_mixin.py:190} INFO - [2024-10-12T08:02:47.194+0000] {dag.py:4180} INFO - Setting next_dagrun for example_weekday_branch_operator to 2024-10-11 00:00:00+00:00, run_after=2024-10-12 00:00:00+00:00
[2024-10-12T08:02:47.236+0000] {processor.py:208} INFO - Processing /home/vboxuser/airflow_venv/lib/python3.12/site-packages/airflow/example_dags/example_branch_day_of_week_operator.py took 0.137 seconds
[2024-10-12T08:03:50.882+0000] {processor.py:186} INFO - Started process (PID=13948) to work on /home/vboxuser/airflow_venv/lib/python3.12/site-packages/airflow/example_dags/example_branch_day_of_week_operator.py
[2024-10-12T08:03:50.886+0000] {processor.py:914} INFO - Processing file /home/vboxuser/airflow_venv/lib/python3.12/site-packages/airflow/example_dags/example_branch_day_of_week_operator.py for tasks to queue
[2024-10-12T08:03:50.893+0000] {logging_mixin.py:190} INFO - [2024-10-12T08:03:50.892+0000] {dagbag.py:588} INFO - Filling up the DagBag from /home/vboxuser/airflow_venv/lib/python3.12/site-packages/airflow/example_dags/example_branch_day_of_week_operator.py
[2024-10-12T08:03:50.913+0000] {processor.py:925} INFO - DAG(s) 'example_weekday_branch_operator' retrieved from /home/vboxuser/airflow_venv/lib/python3.12/site-packages/airflow/example_dags/example_branch_day_of_week_operator.py
[2024-10-12T08:03:50.948+0000] {logging_mixin.py:190} INFO - [2024-10-12T08:03:50.948+0000] {dag.py:3239} INFO - Sync 1 DAGs
[2024-10-12T08:03:50.984+0000] {logging_mixin.py:190} INFO - [2024-10-12T08:03:50.984+0000] {dag.py:4180} INFO - Setting next_dagrun for example_weekday_branch_operator to 2024-10-11 00:00:00+00:00, run_after=2024-10-12 00:00:00+00:00
[2024-10-12T08:03:51.023+0000] {processor.py:208} INFO - Processing /home/vboxuser/airflow_venv/lib/python3.12/site-packages/airflow/example_dags/example_branch_day_of_week_operator.py took 0.156 seconds
[2024-10-12T08:05:00.079+0000] {processor.py:186} INFO - Started process (PID=14012) to work on /home/vboxuser/airflow_venv/lib/python3.12/site-packages/airflow/example_dags/example_branch_day_of_week_operator.py
[2024-10-12T08:05:00.082+0000] {processor.py:914} INFO - Processing file /home/vboxuser/airflow_venv/lib/python3.12/site-packages/airflow/example_dags/example_branch_day_of_week_operator.py for tasks to queue
[2024-10-12T08:05:00.085+0000] {logging_mixin.py:190} INFO - [2024-10-12T08:05:00.085+0000] {dagbag.py:588} INFO - Filling up the DagBag from /home/vboxuser/airflow_venv/lib/python3.12/site-packages/airflow/example_dags/example_branch_day_of_week_operator.py
[2024-10-12T08:05:00.101+0000] {processor.py:925} INFO - DAG(s) 'example_weekday_branch_operator' retrieved from /home/vboxuser/airflow_venv/lib/python3.12/site-packages/airflow/example_dags/example_branch_day_of_week_operator.py
[2024-10-12T08:05:00.125+0000] {logging_mixin.py:190} INFO - [2024-10-12T08:05:00.124+0000] {dag.py:3239} INFO - Sync 1 DAGs
[2024-10-12T08:05:00.154+0000] {logging_mixin.py:190} INFO - [2024-10-12T08:05:00.154+0000] {dag.py:4180} INFO - Setting next_dagrun for example_weekday_branch_operator to 2024-10-11 00:00:00+00:00, run_after=2024-10-12 00:00:00+00:00
[2024-10-12T08:05:00.192+0000] {processor.py:208} INFO - Processing /home/vboxuser/airflow_venv/lib/python3.12/site-packages/airflow/example_dags/example_branch_day_of_week_operator.py took 0.125 seconds
[2024-10-12T08:06:10.276+0000] {processor.py:186} INFO - Started process (PID=14082) to work on /home/vboxuser/airflow_venv/lib/python3.12/site-packages/airflow/example_dags/example_branch_day_of_week_operator.py
[2024-10-12T08:06:10.280+0000] {processor.py:914} INFO - Processing file /home/vboxuser/airflow_venv/lib/python3.12/site-packages/airflow/example_dags/example_branch_day_of_week_operator.py for tasks to queue
[2024-10-12T08:06:10.286+0000] {logging_mixin.py:190} INFO - [2024-10-12T08:06:10.285+0000] {dagbag.py:588} INFO - Filling up the DagBag from /home/vboxuser/airflow_venv/lib/python3.12/site-packages/airflow/example_dags/example_branch_day_of_week_operator.py
[2024-10-12T08:06:10.313+0000] {processor.py:925} INFO - DAG(s) 'example_weekday_branch_operator' retrieved from /home/vboxuser/airflow_venv/lib/python3.12/site-packages/airflow/example_dags/example_branch_day_of_week_operator.py
[2024-10-12T08:06:10.390+0000] {logging_mixin.py:190} INFO - [2024-10-12T08:06:10.388+0000] {dag.py:3239} INFO - Sync 1 DAGs
[2024-10-12T08:06:10.519+0000] {logging_mixin.py:190} INFO - [2024-10-12T08:06:10.518+0000] {dag.py:4180} INFO - Setting next_dagrun for example_weekday_branch_operator to 2024-10-11 00:00:00+00:00, run_after=2024-10-12 00:00:00+00:00
[2024-10-12T08:06:10.598+0000] {processor.py:208} INFO - Processing /home/vboxuser/airflow_venv/lib/python3.12/site-packages/airflow/example_dags/example_branch_day_of_week_operator.py took 0.335 seconds
[2024-10-12T08:07:26.953+0000] {processor.py:186} INFO - Started process (PID=14148) to work on /home/vboxuser/airflow_venv/lib/python3.12/site-packages/airflow/example_dags/example_branch_day_of_week_operator.py
[2024-10-12T08:07:26.960+0000] {processor.py:914} INFO - Processing file /home/vboxuser/airflow_venv/lib/python3.12/site-packages/airflow/example_dags/example_branch_day_of_week_operator.py for tasks to queue
[2024-10-12T08:07:26.965+0000] {logging_mixin.py:190} INFO - [2024-10-12T08:07:26.964+0000] {dagbag.py:588} INFO - Filling up the DagBag from /home/vboxuser/airflow_venv/lib/python3.12/site-packages/airflow/example_dags/example_branch_day_of_week_operator.py
[2024-10-12T08:07:26.991+0000] {processor.py:925} INFO - DAG(s) 'example_weekday_branch_operator' retrieved from /home/vboxuser/airflow_venv/lib/python3.12/site-packages/airflow/example_dags/example_branch_day_of_week_operator.py
[2024-10-12T08:07:27.030+0000] {logging_mixin.py:190} INFO - [2024-10-12T08:07:27.029+0000] {dag.py:3239} INFO - Sync 1 DAGs
[2024-10-12T08:07:27.079+0000] {logging_mixin.py:190} INFO - [2024-10-12T08:07:27.078+0000] {dag.py:4180} INFO - Setting next_dagrun for example_weekday_branch_operator to 2024-10-11 00:00:00+00:00, run_after=2024-10-12 00:00:00+00:00
[2024-10-12T08:07:27.137+0000] {processor.py:208} INFO - Processing /home/vboxuser/airflow_venv/lib/python3.12/site-packages/airflow/example_dags/example_branch_day_of_week_operator.py took 0.198 seconds
[2024-10-12T08:08:40.511+0000] {processor.py:186} INFO - Started process (PID=14216) to work on /home/vboxuser/airflow_venv/lib/python3.12/site-packages/airflow/example_dags/example_branch_day_of_week_operator.py
[2024-10-12T08:08:40.519+0000] {processor.py:914} INFO - Processing file /home/vboxuser/airflow_venv/lib/python3.12/site-packages/airflow/example_dags/example_branch_day_of_week_operator.py for tasks to queue
[2024-10-12T08:08:40.525+0000] {logging_mixin.py:190} INFO - [2024-10-12T08:08:40.524+0000] {dagbag.py:588} INFO - Filling up the DagBag from /home/vboxuser/airflow_venv/lib/python3.12/site-packages/airflow/example_dags/example_branch_day_of_week_operator.py
[2024-10-12T08:08:40.550+0000] {processor.py:925} INFO - DAG(s) 'example_weekday_branch_operator' retrieved from /home/vboxuser/airflow_venv/lib/python3.12/site-packages/airflow/example_dags/example_branch_day_of_week_operator.py
[2024-10-12T08:08:40.585+0000] {logging_mixin.py:190} INFO - [2024-10-12T08:08:40.584+0000] {dag.py:3239} INFO - Sync 1 DAGs
[2024-10-12T08:08:40.630+0000] {logging_mixin.py:190} INFO - [2024-10-12T08:08:40.629+0000] {dag.py:4180} INFO - Setting next_dagrun for example_weekday_branch_operator to 2024-10-11 00:00:00+00:00, run_after=2024-10-12 00:00:00+00:00
[2024-10-12T08:08:40.694+0000] {processor.py:208} INFO - Processing /home/vboxuser/airflow_venv/lib/python3.12/site-packages/airflow/example_dags/example_branch_day_of_week_operator.py took 0.196 seconds
[2024-10-12T08:09:57.624+0000] {processor.py:186} INFO - Started process (PID=14280) to work on /home/vboxuser/airflow_venv/lib/python3.12/site-packages/airflow/example_dags/example_branch_day_of_week_operator.py
[2024-10-12T08:09:57.631+0000] {processor.py:914} INFO - Processing file /home/vboxuser/airflow_venv/lib/python3.12/site-packages/airflow/example_dags/example_branch_day_of_week_operator.py for tasks to queue
[2024-10-12T08:09:57.636+0000] {logging_mixin.py:190} INFO - [2024-10-12T08:09:57.635+0000] {dagbag.py:588} INFO - Filling up the DagBag from /home/vboxuser/airflow_venv/lib/python3.12/site-packages/airflow/example_dags/example_branch_day_of_week_operator.py
[2024-10-12T08:09:57.662+0000] {processor.py:925} INFO - DAG(s) 'example_weekday_branch_operator' retrieved from /home/vboxuser/airflow_venv/lib/python3.12/site-packages/airflow/example_dags/example_branch_day_of_week_operator.py
[2024-10-12T08:09:57.698+0000] {logging_mixin.py:190} INFO - [2024-10-12T08:09:57.698+0000] {dag.py:3239} INFO - Sync 1 DAGs
[2024-10-12T08:09:57.744+0000] {logging_mixin.py:190} INFO - [2024-10-12T08:09:57.743+0000] {dag.py:4180} INFO - Setting next_dagrun for example_weekday_branch_operator to 2024-10-11 00:00:00+00:00, run_after=2024-10-12 00:00:00+00:00
[2024-10-12T08:09:57.804+0000] {processor.py:208} INFO - Processing /home/vboxuser/airflow_venv/lib/python3.12/site-packages/airflow/example_dags/example_branch_day_of_week_operator.py took 0.193 seconds
[2024-10-12T08:11:11.875+0000] {processor.py:186} INFO - Started process (PID=14348) to work on /home/vboxuser/airflow_venv/lib/python3.12/site-packages/airflow/example_dags/example_branch_day_of_week_operator.py
[2024-10-12T08:11:11.882+0000] {processor.py:914} INFO - Processing file /home/vboxuser/airflow_venv/lib/python3.12/site-packages/airflow/example_dags/example_branch_day_of_week_operator.py for tasks to queue
[2024-10-12T08:11:11.889+0000] {logging_mixin.py:190} INFO - [2024-10-12T08:11:11.889+0000] {dagbag.py:588} INFO - Filling up the DagBag from /home/vboxuser/airflow_venv/lib/python3.12/site-packages/airflow/example_dags/example_branch_day_of_week_operator.py
[2024-10-12T08:11:11.917+0000] {processor.py:925} INFO - DAG(s) 'example_weekday_branch_operator' retrieved from /home/vboxuser/airflow_venv/lib/python3.12/site-packages/airflow/example_dags/example_branch_day_of_week_operator.py
[2024-10-12T08:11:11.952+0000] {logging_mixin.py:190} INFO - [2024-10-12T08:11:11.952+0000] {dag.py:3239} INFO - Sync 1 DAGs
[2024-10-12T08:11:11.996+0000] {logging_mixin.py:190} INFO - [2024-10-12T08:11:11.995+0000] {dag.py:4180} INFO - Setting next_dagrun for example_weekday_branch_operator to 2024-10-11 00:00:00+00:00, run_after=2024-10-12 00:00:00+00:00
[2024-10-12T08:11:12.057+0000] {processor.py:208} INFO - Processing /home/vboxuser/airflow_venv/lib/python3.12/site-packages/airflow/example_dags/example_branch_day_of_week_operator.py took 0.196 seconds
[2024-10-12T08:12:17.959+0000] {processor.py:186} INFO - Started process (PID=14408) to work on /home/vboxuser/airflow_venv/lib/python3.12/site-packages/airflow/example_dags/example_branch_day_of_week_operator.py
[2024-10-12T08:12:17.962+0000] {processor.py:914} INFO - Processing file /home/vboxuser/airflow_venv/lib/python3.12/site-packages/airflow/example_dags/example_branch_day_of_week_operator.py for tasks to queue
[2024-10-12T08:12:17.970+0000] {logging_mixin.py:190} INFO - [2024-10-12T08:12:17.968+0000] {dagbag.py:588} INFO - Filling up the DagBag from /home/vboxuser/airflow_venv/lib/python3.12/site-packages/airflow/example_dags/example_branch_day_of_week_operator.py
[2024-10-12T08:12:17.990+0000] {processor.py:925} INFO - DAG(s) 'example_weekday_branch_operator' retrieved from /home/vboxuser/airflow_venv/lib/python3.12/site-packages/airflow/example_dags/example_branch_day_of_week_operator.py
[2024-10-12T08:12:18.029+0000] {logging_mixin.py:190} INFO - [2024-10-12T08:12:18.029+0000] {dag.py:3239} INFO - Sync 1 DAGs
[2024-10-12T08:12:18.077+0000] {logging_mixin.py:190} INFO - [2024-10-12T08:12:18.077+0000] {dag.py:4180} INFO - Setting next_dagrun for example_weekday_branch_operator to 2024-10-11 00:00:00+00:00, run_after=2024-10-12 00:00:00+00:00
[2024-10-12T08:12:18.139+0000] {processor.py:208} INFO - Processing /home/vboxuser/airflow_venv/lib/python3.12/site-packages/airflow/example_dags/example_branch_day_of_week_operator.py took 0.194 seconds
[2024-10-12T08:13:28.652+0000] {processor.py:186} INFO - Started process (PID=14470) to work on /home/vboxuser/airflow_venv/lib/python3.12/site-packages/airflow/example_dags/example_branch_day_of_week_operator.py
[2024-10-12T08:13:28.659+0000] {processor.py:914} INFO - Processing file /home/vboxuser/airflow_venv/lib/python3.12/site-packages/airflow/example_dags/example_branch_day_of_week_operator.py for tasks to queue
[2024-10-12T08:13:28.663+0000] {logging_mixin.py:190} INFO - [2024-10-12T08:13:28.662+0000] {dagbag.py:588} INFO - Filling up the DagBag from /home/vboxuser/airflow_venv/lib/python3.12/site-packages/airflow/example_dags/example_branch_day_of_week_operator.py
[2024-10-12T08:13:28.686+0000] {processor.py:925} INFO - DAG(s) 'example_weekday_branch_operator' retrieved from /home/vboxuser/airflow_venv/lib/python3.12/site-packages/airflow/example_dags/example_branch_day_of_week_operator.py
[2024-10-12T08:13:28.720+0000] {logging_mixin.py:190} INFO - [2024-10-12T08:13:28.720+0000] {dag.py:3239} INFO - Sync 1 DAGs
[2024-10-12T08:13:28.762+0000] {logging_mixin.py:190} INFO - [2024-10-12T08:13:28.762+0000] {dag.py:4180} INFO - Setting next_dagrun for example_weekday_branch_operator to 2024-10-11 00:00:00+00:00, run_after=2024-10-12 00:00:00+00:00
[2024-10-12T08:13:28.818+0000] {processor.py:208} INFO - Processing /home/vboxuser/airflow_venv/lib/python3.12/site-packages/airflow/example_dags/example_branch_day_of_week_operator.py took 0.179 seconds
[2024-10-12T08:14:43.257+0000] {processor.py:186} INFO - Started process (PID=14532) to work on /home/vboxuser/airflow_venv/lib/python3.12/site-packages/airflow/example_dags/example_branch_day_of_week_operator.py
[2024-10-12T08:14:43.264+0000] {processor.py:914} INFO - Processing file /home/vboxuser/airflow_venv/lib/python3.12/site-packages/airflow/example_dags/example_branch_day_of_week_operator.py for tasks to queue
[2024-10-12T08:14:43.272+0000] {logging_mixin.py:190} INFO - [2024-10-12T08:14:43.271+0000] {dagbag.py:588} INFO - Filling up the DagBag from /home/vboxuser/airflow_venv/lib/python3.12/site-packages/airflow/example_dags/example_branch_day_of_week_operator.py
[2024-10-12T08:14:43.296+0000] {processor.py:925} INFO - DAG(s) 'example_weekday_branch_operator' retrieved from /home/vboxuser/airflow_venv/lib/python3.12/site-packages/airflow/example_dags/example_branch_day_of_week_operator.py
[2024-10-12T08:14:43.334+0000] {logging_mixin.py:190} INFO - [2024-10-12T08:14:43.333+0000] {dag.py:3239} INFO - Sync 1 DAGs
[2024-10-12T08:14:43.378+0000] {logging_mixin.py:190} INFO - [2024-10-12T08:14:43.378+0000] {dag.py:4180} INFO - Setting next_dagrun for example_weekday_branch_operator to 2024-10-11 00:00:00+00:00, run_after=2024-10-12 00:00:00+00:00
[2024-10-12T08:14:43.445+0000] {processor.py:208} INFO - Processing /home/vboxuser/airflow_venv/lib/python3.12/site-packages/airflow/example_dags/example_branch_day_of_week_operator.py took 0.202 seconds
[2024-10-12T08:15:56.962+0000] {processor.py:186} INFO - Started process (PID=14598) to work on /home/vboxuser/airflow_venv/lib/python3.12/site-packages/airflow/example_dags/example_branch_day_of_week_operator.py
[2024-10-12T08:15:56.969+0000] {processor.py:914} INFO - Processing file /home/vboxuser/airflow_venv/lib/python3.12/site-packages/airflow/example_dags/example_branch_day_of_week_operator.py for tasks to queue
[2024-10-12T08:15:56.974+0000] {logging_mixin.py:190} INFO - [2024-10-12T08:15:56.973+0000] {dagbag.py:588} INFO - Filling up the DagBag from /home/vboxuser/airflow_venv/lib/python3.12/site-packages/airflow/example_dags/example_branch_day_of_week_operator.py
[2024-10-12T08:15:56.994+0000] {processor.py:925} INFO - DAG(s) 'example_weekday_branch_operator' retrieved from /home/vboxuser/airflow_venv/lib/python3.12/site-packages/airflow/example_dags/example_branch_day_of_week_operator.py
[2024-10-12T08:15:57.016+0000] {logging_mixin.py:190} INFO - [2024-10-12T08:15:57.016+0000] {dag.py:3239} INFO - Sync 1 DAGs
[2024-10-12T08:15:57.045+0000] {logging_mixin.py:190} INFO - [2024-10-12T08:15:57.044+0000] {dag.py:4180} INFO - Setting next_dagrun for example_weekday_branch_operator to 2024-10-11 00:00:00+00:00, run_after=2024-10-12 00:00:00+00:00
[2024-10-12T08:15:57.090+0000] {processor.py:208} INFO - Processing /home/vboxuser/airflow_venv/lib/python3.12/site-packages/airflow/example_dags/example_branch_day_of_week_operator.py took 0.151 seconds
[2024-10-12T08:17:11.015+0000] {processor.py:186} INFO - Started process (PID=14665) to work on /home/vboxuser/airflow_venv/lib/python3.12/site-packages/airflow/example_dags/example_branch_day_of_week_operator.py
[2024-10-12T08:17:11.020+0000] {processor.py:914} INFO - Processing file /home/vboxuser/airflow_venv/lib/python3.12/site-packages/airflow/example_dags/example_branch_day_of_week_operator.py for tasks to queue
[2024-10-12T08:17:11.027+0000] {logging_mixin.py:190} INFO - [2024-10-12T08:17:11.026+0000] {dagbag.py:588} INFO - Filling up the DagBag from /home/vboxuser/airflow_venv/lib/python3.12/site-packages/airflow/example_dags/example_branch_day_of_week_operator.py
[2024-10-12T08:17:11.050+0000] {processor.py:925} INFO - DAG(s) 'example_weekday_branch_operator' retrieved from /home/vboxuser/airflow_venv/lib/python3.12/site-packages/airflow/example_dags/example_branch_day_of_week_operator.py
[2024-10-12T08:17:11.074+0000] {logging_mixin.py:190} INFO - [2024-10-12T08:17:11.074+0000] {dag.py:3239} INFO - Sync 1 DAGs
[2024-10-12T08:17:11.103+0000] {logging_mixin.py:190} INFO - [2024-10-12T08:17:11.103+0000] {dag.py:4180} INFO - Setting next_dagrun for example_weekday_branch_operator to 2024-10-11 00:00:00+00:00, run_after=2024-10-12 00:00:00+00:00
[2024-10-12T08:17:11.154+0000] {processor.py:208} INFO - Processing /home/vboxuser/airflow_venv/lib/python3.12/site-packages/airflow/example_dags/example_branch_day_of_week_operator.py took 0.156 seconds
