[2024-10-12T07:09:10.699+0000] {processor.py:186} INFO - Started process (PID=11321) to work on /home/vboxuser/airflow_venv/lib/python3.12/site-packages/airflow/example_dags/example_complex.py
[2024-10-12T07:09:10.700+0000] {processor.py:914} INFO - Processing file /home/vboxuser/airflow_venv/lib/python3.12/site-packages/airflow/example_dags/example_complex.py for tasks to queue
[2024-10-12T07:09:10.702+0000] {logging_mixin.py:190} INFO - [2024-10-12T07:09:10.701+0000] {dagbag.py:588} INFO - Filling up the DagBag from /home/vboxuser/airflow_venv/lib/python3.12/site-packages/airflow/example_dags/example_complex.py
[2024-10-12T07:09:10.715+0000] {processor.py:925} INFO - DAG(s) 'example_complex' retrieved from /home/vboxuser/airflow_venv/lib/python3.12/site-packages/airflow/example_dags/example_complex.py
[2024-10-12T07:09:10.846+0000] {logging_mixin.py:190} INFO - [2024-10-12T07:09:10.845+0000] {override.py:1901} INFO - Created Permission View: can delete on DAG:example_complex
[2024-10-12T07:09:10.865+0000] {logging_mixin.py:190} INFO - [2024-10-12T07:09:10.865+0000] {override.py:1901} INFO - Created Permission View: can read on DAG:example_complex
[2024-10-12T07:09:10.880+0000] {logging_mixin.py:190} INFO - [2024-10-12T07:09:10.880+0000] {override.py:1901} INFO - Created Permission View: can edit on DAG:example_complex
[2024-10-12T07:09:10.902+0000] {logging_mixin.py:190} INFO - [2024-10-12T07:09:10.902+0000] {override.py:1901} INFO - Created Permission View: can delete on DAG Run:example_complex
[2024-10-12T07:09:10.915+0000] {logging_mixin.py:190} INFO - [2024-10-12T07:09:10.915+0000] {override.py:1901} INFO - Created Permission View: can read on DAG Run:example_complex
[2024-10-12T07:09:10.928+0000] {logging_mixin.py:190} INFO - [2024-10-12T07:09:10.928+0000] {override.py:1901} INFO - Created Permission View: menu access on DAG Run:example_complex
[2024-10-12T07:09:10.942+0000] {logging_mixin.py:190} INFO - [2024-10-12T07:09:10.941+0000] {override.py:1901} INFO - Created Permission View: can create on DAG Run:example_complex
[2024-10-12T07:09:10.942+0000] {logging_mixin.py:190} INFO - [2024-10-12T07:09:10.942+0000] {dag.py:3239} INFO - Sync 1 DAGs
[2024-10-12T07:09:10.953+0000] {logging_mixin.py:190} INFO - [2024-10-12T07:09:10.953+0000] {dag.py:3262} INFO - Creating ORM DAG for example_complex
[2024-10-12T07:09:10.954+0000] {logging_mixin.py:190} INFO - [2024-10-12T07:09:10.954+0000] {dag.py:4180} INFO - Setting next_dagrun for example_complex to None, run_after=None
[2024-10-12T07:09:10.981+0000] {processor.py:208} INFO - Processing /home/vboxuser/airflow_venv/lib/python3.12/site-packages/airflow/example_dags/example_complex.py took 0.289 seconds
[2024-10-12T07:10:17.433+0000] {processor.py:186} INFO - Started process (PID=11384) to work on /home/vboxuser/airflow_venv/lib/python3.12/site-packages/airflow/example_dags/example_complex.py
[2024-10-12T07:10:17.435+0000] {processor.py:914} INFO - Processing file /home/vboxuser/airflow_venv/lib/python3.12/site-packages/airflow/example_dags/example_complex.py for tasks to queue
[2024-10-12T07:10:17.440+0000] {logging_mixin.py:190} INFO - [2024-10-12T07:10:17.439+0000] {dagbag.py:588} INFO - Filling up the DagBag from /home/vboxuser/airflow_venv/lib/python3.12/site-packages/airflow/example_dags/example_complex.py
[2024-10-12T07:10:17.457+0000] {processor.py:925} INFO - DAG(s) 'example_complex' retrieved from /home/vboxuser/airflow_venv/lib/python3.12/site-packages/airflow/example_dags/example_complex.py
[2024-10-12T07:10:17.514+0000] {logging_mixin.py:190} INFO - [2024-10-12T07:10:17.514+0000] {dag.py:3239} INFO - Sync 1 DAGs
[2024-10-12T07:10:17.535+0000] {logging_mixin.py:190} INFO - [2024-10-12T07:10:17.535+0000] {dag.py:4180} INFO - Setting next_dagrun for example_complex to None, run_after=None
[2024-10-12T07:10:17.589+0000] {processor.py:208} INFO - Processing /home/vboxuser/airflow_venv/lib/python3.12/site-packages/airflow/example_dags/example_complex.py took 0.165 seconds
[2024-10-12T07:11:20.226+0000] {processor.py:186} INFO - Started process (PID=11441) to work on /home/vboxuser/airflow_venv/lib/python3.12/site-packages/airflow/example_dags/example_complex.py
[2024-10-12T07:11:20.228+0000] {processor.py:914} INFO - Processing file /home/vboxuser/airflow_venv/lib/python3.12/site-packages/airflow/example_dags/example_complex.py for tasks to queue
[2024-10-12T07:11:20.231+0000] {logging_mixin.py:190} INFO - [2024-10-12T07:11:20.230+0000] {dagbag.py:588} INFO - Filling up the DagBag from /home/vboxuser/airflow_venv/lib/python3.12/site-packages/airflow/example_dags/example_complex.py
[2024-10-12T07:11:20.245+0000] {processor.py:925} INFO - DAG(s) 'example_complex' retrieved from /home/vboxuser/airflow_venv/lib/python3.12/site-packages/airflow/example_dags/example_complex.py
[2024-10-12T07:11:20.280+0000] {logging_mixin.py:190} INFO - [2024-10-12T07:11:20.280+0000] {dag.py:3239} INFO - Sync 1 DAGs
[2024-10-12T07:11:20.296+0000] {logging_mixin.py:190} INFO - [2024-10-12T07:11:20.296+0000] {dag.py:4180} INFO - Setting next_dagrun for example_complex to None, run_after=None
[2024-10-12T07:11:20.333+0000] {processor.py:208} INFO - Processing /home/vboxuser/airflow_venv/lib/python3.12/site-packages/airflow/example_dags/example_complex.py took 0.114 seconds
[2024-10-12T07:12:25.660+0000] {processor.py:186} INFO - Started process (PID=11502) to work on /home/vboxuser/airflow_venv/lib/python3.12/site-packages/airflow/example_dags/example_complex.py
[2024-10-12T07:12:25.662+0000] {processor.py:914} INFO - Processing file /home/vboxuser/airflow_venv/lib/python3.12/site-packages/airflow/example_dags/example_complex.py for tasks to queue
[2024-10-12T07:12:25.665+0000] {logging_mixin.py:190} INFO - [2024-10-12T07:12:25.664+0000] {dagbag.py:588} INFO - Filling up the DagBag from /home/vboxuser/airflow_venv/lib/python3.12/site-packages/airflow/example_dags/example_complex.py
[2024-10-12T07:12:25.678+0000] {processor.py:925} INFO - DAG(s) 'example_complex' retrieved from /home/vboxuser/airflow_venv/lib/python3.12/site-packages/airflow/example_dags/example_complex.py
[2024-10-12T07:12:25.707+0000] {logging_mixin.py:190} INFO - [2024-10-12T07:12:25.707+0000] {dag.py:3239} INFO - Sync 1 DAGs
[2024-10-12T07:12:25.720+0000] {logging_mixin.py:190} INFO - [2024-10-12T07:12:25.720+0000] {dag.py:4180} INFO - Setting next_dagrun for example_complex to None, run_after=None
[2024-10-12T07:12:25.755+0000] {processor.py:208} INFO - Processing /home/vboxuser/airflow_venv/lib/python3.12/site-packages/airflow/example_dags/example_complex.py took 0.104 seconds
[2024-10-12T07:13:27.201+0000] {processor.py:186} INFO - Started process (PID=11587) to work on /home/vboxuser/airflow_venv/lib/python3.12/site-packages/airflow/example_dags/example_complex.py
[2024-10-12T07:13:27.207+0000] {processor.py:914} INFO - Processing file /home/vboxuser/airflow_venv/lib/python3.12/site-packages/airflow/example_dags/example_complex.py for tasks to queue
[2024-10-12T07:13:27.212+0000] {logging_mixin.py:190} INFO - [2024-10-12T07:13:27.211+0000] {dagbag.py:588} INFO - Filling up the DagBag from /home/vboxuser/airflow_venv/lib/python3.12/site-packages/airflow/example_dags/example_complex.py
[2024-10-12T07:13:27.229+0000] {processor.py:925} INFO - DAG(s) 'example_complex' retrieved from /home/vboxuser/airflow_venv/lib/python3.12/site-packages/airflow/example_dags/example_complex.py
[2024-10-12T07:13:27.259+0000] {logging_mixin.py:190} INFO - [2024-10-12T07:13:27.259+0000] {dag.py:3239} INFO - Sync 1 DAGs
[2024-10-12T07:13:27.277+0000] {logging_mixin.py:190} INFO - [2024-10-12T07:13:27.277+0000] {dag.py:4180} INFO - Setting next_dagrun for example_complex to None, run_after=None
[2024-10-12T07:13:27.320+0000] {processor.py:208} INFO - Processing /home/vboxuser/airflow_venv/lib/python3.12/site-packages/airflow/example_dags/example_complex.py took 0.129 seconds
[2024-10-12T07:14:33.022+0000] {processor.py:186} INFO - Started process (PID=11701) to work on /home/vboxuser/airflow_venv/lib/python3.12/site-packages/airflow/example_dags/example_complex.py
[2024-10-12T07:14:33.029+0000] {processor.py:914} INFO - Processing file /home/vboxuser/airflow_venv/lib/python3.12/site-packages/airflow/example_dags/example_complex.py for tasks to queue
[2024-10-12T07:14:33.034+0000] {logging_mixin.py:190} INFO - [2024-10-12T07:14:33.033+0000] {dagbag.py:588} INFO - Filling up the DagBag from /home/vboxuser/airflow_venv/lib/python3.12/site-packages/airflow/example_dags/example_complex.py
[2024-10-12T07:14:33.052+0000] {processor.py:925} INFO - DAG(s) 'example_complex' retrieved from /home/vboxuser/airflow_venv/lib/python3.12/site-packages/airflow/example_dags/example_complex.py
[2024-10-12T07:14:33.084+0000] {logging_mixin.py:190} INFO - [2024-10-12T07:14:33.083+0000] {dag.py:3239} INFO - Sync 1 DAGs
[2024-10-12T07:14:33.097+0000] {logging_mixin.py:190} INFO - [2024-10-12T07:14:33.097+0000] {dag.py:4180} INFO - Setting next_dagrun for example_complex to None, run_after=None
[2024-10-12T07:14:33.260+0000] {processor.py:208} INFO - Processing /home/vboxuser/airflow_venv/lib/python3.12/site-packages/airflow/example_dags/example_complex.py took 0.248 seconds
[2024-10-12T07:15:49.691+0000] {processor.py:186} INFO - Started process (PID=11777) to work on /home/vboxuser/airflow_venv/lib/python3.12/site-packages/airflow/example_dags/example_complex.py
[2024-10-12T07:15:49.698+0000] {processor.py:914} INFO - Processing file /home/vboxuser/airflow_venv/lib/python3.12/site-packages/airflow/example_dags/example_complex.py for tasks to queue
[2024-10-12T07:15:49.703+0000] {logging_mixin.py:190} INFO - [2024-10-12T07:15:49.702+0000] {dagbag.py:588} INFO - Filling up the DagBag from /home/vboxuser/airflow_venv/lib/python3.12/site-packages/airflow/example_dags/example_complex.py
[2024-10-12T07:15:49.736+0000] {processor.py:925} INFO - DAG(s) 'example_complex' retrieved from /home/vboxuser/airflow_venv/lib/python3.12/site-packages/airflow/example_dags/example_complex.py
[2024-10-12T07:15:49.779+0000] {logging_mixin.py:190} INFO - [2024-10-12T07:15:49.778+0000] {dag.py:3239} INFO - Sync 1 DAGs
[2024-10-12T07:15:49.793+0000] {logging_mixin.py:190} INFO - [2024-10-12T07:15:49.793+0000] {dag.py:4180} INFO - Setting next_dagrun for example_complex to None, run_after=None
[2024-10-12T07:15:49.826+0000] {processor.py:208} INFO - Processing /home/vboxuser/airflow_venv/lib/python3.12/site-packages/airflow/example_dags/example_complex.py took 0.159 seconds
[2024-10-12T07:16:51.753+0000] {processor.py:186} INFO - Started process (PID=11835) to work on /home/vboxuser/airflow_venv/lib/python3.12/site-packages/airflow/example_dags/example_complex.py
[2024-10-12T07:16:51.755+0000] {processor.py:914} INFO - Processing file /home/vboxuser/airflow_venv/lib/python3.12/site-packages/airflow/example_dags/example_complex.py for tasks to queue
[2024-10-12T07:16:51.758+0000] {logging_mixin.py:190} INFO - [2024-10-12T07:16:51.758+0000] {dagbag.py:588} INFO - Filling up the DagBag from /home/vboxuser/airflow_venv/lib/python3.12/site-packages/airflow/example_dags/example_complex.py
[2024-10-12T07:16:51.775+0000] {processor.py:925} INFO - DAG(s) 'example_complex' retrieved from /home/vboxuser/airflow_venv/lib/python3.12/site-packages/airflow/example_dags/example_complex.py
[2024-10-12T07:16:51.801+0000] {logging_mixin.py:190} INFO - [2024-10-12T07:16:51.800+0000] {dag.py:3239} INFO - Sync 1 DAGs
[2024-10-12T07:16:51.814+0000] {logging_mixin.py:190} INFO - [2024-10-12T07:16:51.814+0000] {dag.py:4180} INFO - Setting next_dagrun for example_complex to None, run_after=None
[2024-10-12T07:16:51.850+0000] {processor.py:208} INFO - Processing /home/vboxuser/airflow_venv/lib/python3.12/site-packages/airflow/example_dags/example_complex.py took 0.107 seconds
[2024-10-12T07:17:57.881+0000] {processor.py:186} INFO - Started process (PID=11898) to work on /home/vboxuser/airflow_venv/lib/python3.12/site-packages/airflow/example_dags/example_complex.py
[2024-10-12T07:17:57.882+0000] {processor.py:914} INFO - Processing file /home/vboxuser/airflow_venv/lib/python3.12/site-packages/airflow/example_dags/example_complex.py for tasks to queue
[2024-10-12T07:17:57.885+0000] {logging_mixin.py:190} INFO - [2024-10-12T07:17:57.885+0000] {dagbag.py:588} INFO - Filling up the DagBag from /home/vboxuser/airflow_venv/lib/python3.12/site-packages/airflow/example_dags/example_complex.py
[2024-10-12T07:17:57.898+0000] {processor.py:925} INFO - DAG(s) 'example_complex' retrieved from /home/vboxuser/airflow_venv/lib/python3.12/site-packages/airflow/example_dags/example_complex.py
[2024-10-12T07:17:57.924+0000] {logging_mixin.py:190} INFO - [2024-10-12T07:17:57.924+0000] {dag.py:3239} INFO - Sync 1 DAGs
[2024-10-12T07:17:57.940+0000] {logging_mixin.py:190} INFO - [2024-10-12T07:17:57.939+0000] {dag.py:4180} INFO - Setting next_dagrun for example_complex to None, run_after=None
[2024-10-12T07:17:57.979+0000] {processor.py:208} INFO - Processing /home/vboxuser/airflow_venv/lib/python3.12/site-packages/airflow/example_dags/example_complex.py took 0.108 seconds
[2024-10-12T07:18:57.538+0000] {processor.py:186} INFO - Started process (PID=11955) to work on /home/vboxuser/airflow_venv/lib/python3.12/site-packages/airflow/example_dags/example_complex.py
[2024-10-12T07:18:57.544+0000] {processor.py:914} INFO - Processing file /home/vboxuser/airflow_venv/lib/python3.12/site-packages/airflow/example_dags/example_complex.py for tasks to queue
[2024-10-12T07:18:57.549+0000] {logging_mixin.py:190} INFO - [2024-10-12T07:18:57.548+0000] {dagbag.py:588} INFO - Filling up the DagBag from /home/vboxuser/airflow_venv/lib/python3.12/site-packages/airflow/example_dags/example_complex.py
[2024-10-12T07:18:57.566+0000] {processor.py:925} INFO - DAG(s) 'example_complex' retrieved from /home/vboxuser/airflow_venv/lib/python3.12/site-packages/airflow/example_dags/example_complex.py
[2024-10-12T07:18:57.590+0000] {logging_mixin.py:190} INFO - [2024-10-12T07:18:57.590+0000] {dag.py:3239} INFO - Sync 1 DAGs
[2024-10-12T07:18:57.604+0000] {logging_mixin.py:190} INFO - [2024-10-12T07:18:57.604+0000] {dag.py:4180} INFO - Setting next_dagrun for example_complex to None, run_after=None
[2024-10-12T07:18:57.637+0000] {processor.py:208} INFO - Processing /home/vboxuser/airflow_venv/lib/python3.12/site-packages/airflow/example_dags/example_complex.py took 0.110 seconds
[2024-10-12T07:20:01.223+0000] {processor.py:186} INFO - Started process (PID=12012) to work on /home/vboxuser/airflow_venv/lib/python3.12/site-packages/airflow/example_dags/example_complex.py
[2024-10-12T07:20:01.226+0000] {processor.py:914} INFO - Processing file /home/vboxuser/airflow_venv/lib/python3.12/site-packages/airflow/example_dags/example_complex.py for tasks to queue
[2024-10-12T07:20:01.229+0000] {logging_mixin.py:190} INFO - [2024-10-12T07:20:01.228+0000] {dagbag.py:588} INFO - Filling up the DagBag from /home/vboxuser/airflow_venv/lib/python3.12/site-packages/airflow/example_dags/example_complex.py
[2024-10-12T07:20:01.242+0000] {processor.py:925} INFO - DAG(s) 'example_complex' retrieved from /home/vboxuser/airflow_venv/lib/python3.12/site-packages/airflow/example_dags/example_complex.py
[2024-10-12T07:20:01.270+0000] {logging_mixin.py:190} INFO - [2024-10-12T07:20:01.270+0000] {dag.py:3239} INFO - Sync 1 DAGs
[2024-10-12T07:20:01.286+0000] {logging_mixin.py:190} INFO - [2024-10-12T07:20:01.286+0000] {dag.py:4180} INFO - Setting next_dagrun for example_complex to None, run_after=None
[2024-10-12T07:20:01.318+0000] {processor.py:208} INFO - Processing /home/vboxuser/airflow_venv/lib/python3.12/site-packages/airflow/example_dags/example_complex.py took 0.106 seconds
[2024-10-12T07:21:10.109+0000] {processor.py:186} INFO - Started process (PID=12078) to work on /home/vboxuser/airflow_venv/lib/python3.12/site-packages/airflow/example_dags/example_complex.py
[2024-10-12T07:21:10.112+0000] {processor.py:914} INFO - Processing file /home/vboxuser/airflow_venv/lib/python3.12/site-packages/airflow/example_dags/example_complex.py for tasks to queue
[2024-10-12T07:21:10.116+0000] {logging_mixin.py:190} INFO - [2024-10-12T07:21:10.116+0000] {dagbag.py:588} INFO - Filling up the DagBag from /home/vboxuser/airflow_venv/lib/python3.12/site-packages/airflow/example_dags/example_complex.py
[2024-10-12T07:21:10.133+0000] {processor.py:925} INFO - DAG(s) 'example_complex' retrieved from /home/vboxuser/airflow_venv/lib/python3.12/site-packages/airflow/example_dags/example_complex.py
[2024-10-12T07:21:10.160+0000] {logging_mixin.py:190} INFO - [2024-10-12T07:21:10.160+0000] {dag.py:3239} INFO - Sync 1 DAGs
[2024-10-12T07:21:10.175+0000] {logging_mixin.py:190} INFO - [2024-10-12T07:21:10.174+0000] {dag.py:4180} INFO - Setting next_dagrun for example_complex to None, run_after=None
[2024-10-12T07:21:10.209+0000] {processor.py:208} INFO - Processing /home/vboxuser/airflow_venv/lib/python3.12/site-packages/airflow/example_dags/example_complex.py took 0.108 seconds
[2024-10-12T07:22:15.560+0000] {processor.py:186} INFO - Started process (PID=12138) to work on /home/vboxuser/airflow_venv/lib/python3.12/site-packages/airflow/example_dags/example_complex.py
[2024-10-12T07:22:15.566+0000] {processor.py:914} INFO - Processing file /home/vboxuser/airflow_venv/lib/python3.12/site-packages/airflow/example_dags/example_complex.py for tasks to queue
[2024-10-12T07:22:15.572+0000] {logging_mixin.py:190} INFO - [2024-10-12T07:22:15.570+0000] {dagbag.py:588} INFO - Filling up the DagBag from /home/vboxuser/airflow_venv/lib/python3.12/site-packages/airflow/example_dags/example_complex.py
[2024-10-12T07:22:15.591+0000] {processor.py:925} INFO - DAG(s) 'example_complex' retrieved from /home/vboxuser/airflow_venv/lib/python3.12/site-packages/airflow/example_dags/example_complex.py
[2024-10-12T07:22:15.617+0000] {logging_mixin.py:190} INFO - [2024-10-12T07:22:15.617+0000] {dag.py:3239} INFO - Sync 1 DAGs
[2024-10-12T07:22:15.631+0000] {logging_mixin.py:190} INFO - [2024-10-12T07:22:15.630+0000] {dag.py:4180} INFO - Setting next_dagrun for example_complex to None, run_after=None
[2024-10-12T07:22:15.663+0000] {processor.py:208} INFO - Processing /home/vboxuser/airflow_venv/lib/python3.12/site-packages/airflow/example_dags/example_complex.py took 0.114 seconds
[2024-10-12T07:23:25.911+0000] {processor.py:186} INFO - Started process (PID=12198) to work on /home/vboxuser/airflow_venv/lib/python3.12/site-packages/airflow/example_dags/example_complex.py
[2024-10-12T07:23:25.914+0000] {processor.py:914} INFO - Processing file /home/vboxuser/airflow_venv/lib/python3.12/site-packages/airflow/example_dags/example_complex.py for tasks to queue
[2024-10-12T07:23:25.917+0000] {logging_mixin.py:190} INFO - [2024-10-12T07:23:25.916+0000] {dagbag.py:588} INFO - Filling up the DagBag from /home/vboxuser/airflow_venv/lib/python3.12/site-packages/airflow/example_dags/example_complex.py
[2024-10-12T07:23:25.932+0000] {processor.py:925} INFO - DAG(s) 'example_complex' retrieved from /home/vboxuser/airflow_venv/lib/python3.12/site-packages/airflow/example_dags/example_complex.py
[2024-10-12T07:23:25.958+0000] {logging_mixin.py:190} INFO - [2024-10-12T07:23:25.958+0000] {dag.py:3239} INFO - Sync 1 DAGs
[2024-10-12T07:23:25.972+0000] {logging_mixin.py:190} INFO - [2024-10-12T07:23:25.971+0000] {dag.py:4180} INFO - Setting next_dagrun for example_complex to None, run_after=None
[2024-10-12T07:23:26.007+0000] {processor.py:208} INFO - Processing /home/vboxuser/airflow_venv/lib/python3.12/site-packages/airflow/example_dags/example_complex.py took 0.104 seconds
[2024-10-12T07:24:35.150+0000] {processor.py:186} INFO - Started process (PID=12260) to work on /home/vboxuser/airflow_venv/lib/python3.12/site-packages/airflow/example_dags/example_complex.py
[2024-10-12T07:24:35.152+0000] {processor.py:914} INFO - Processing file /home/vboxuser/airflow_venv/lib/python3.12/site-packages/airflow/example_dags/example_complex.py for tasks to queue
[2024-10-12T07:24:35.156+0000] {logging_mixin.py:190} INFO - [2024-10-12T07:24:35.155+0000] {dagbag.py:588} INFO - Filling up the DagBag from /home/vboxuser/airflow_venv/lib/python3.12/site-packages/airflow/example_dags/example_complex.py
[2024-10-12T07:24:35.170+0000] {processor.py:925} INFO - DAG(s) 'example_complex' retrieved from /home/vboxuser/airflow_venv/lib/python3.12/site-packages/airflow/example_dags/example_complex.py
[2024-10-12T07:24:35.200+0000] {logging_mixin.py:190} INFO - [2024-10-12T07:24:35.200+0000] {dag.py:3239} INFO - Sync 1 DAGs
[2024-10-12T07:24:35.217+0000] {logging_mixin.py:190} INFO - [2024-10-12T07:24:35.217+0000] {dag.py:4180} INFO - Setting next_dagrun for example_complex to None, run_after=None
[2024-10-12T07:24:35.253+0000] {processor.py:208} INFO - Processing /home/vboxuser/airflow_venv/lib/python3.12/site-packages/airflow/example_dags/example_complex.py took 0.113 seconds
[2024-10-12T07:25:42.163+0000] {processor.py:186} INFO - Started process (PID=12324) to work on /home/vboxuser/airflow_venv/lib/python3.12/site-packages/airflow/example_dags/example_complex.py
[2024-10-12T07:25:42.165+0000] {processor.py:914} INFO - Processing file /home/vboxuser/airflow_venv/lib/python3.12/site-packages/airflow/example_dags/example_complex.py for tasks to queue
[2024-10-12T07:25:42.168+0000] {logging_mixin.py:190} INFO - [2024-10-12T07:25:42.167+0000] {dagbag.py:588} INFO - Filling up the DagBag from /home/vboxuser/airflow_venv/lib/python3.12/site-packages/airflow/example_dags/example_complex.py
[2024-10-12T07:25:42.184+0000] {processor.py:925} INFO - DAG(s) 'example_complex' retrieved from /home/vboxuser/airflow_venv/lib/python3.12/site-packages/airflow/example_dags/example_complex.py
[2024-10-12T07:25:42.213+0000] {logging_mixin.py:190} INFO - [2024-10-12T07:25:42.212+0000] {dag.py:3239} INFO - Sync 1 DAGs
[2024-10-12T07:25:42.228+0000] {logging_mixin.py:190} INFO - [2024-10-12T07:25:42.227+0000] {dag.py:4180} INFO - Setting next_dagrun for example_complex to None, run_after=None
[2024-10-12T07:25:42.262+0000] {processor.py:208} INFO - Processing /home/vboxuser/airflow_venv/lib/python3.12/site-packages/airflow/example_dags/example_complex.py took 0.108 seconds
[2024-10-12T07:26:53.184+0000] {processor.py:186} INFO - Started process (PID=12388) to work on /home/vboxuser/airflow_venv/lib/python3.12/site-packages/airflow/example_dags/example_complex.py
[2024-10-12T07:26:53.187+0000] {processor.py:914} INFO - Processing file /home/vboxuser/airflow_venv/lib/python3.12/site-packages/airflow/example_dags/example_complex.py for tasks to queue
[2024-10-12T07:26:53.190+0000] {logging_mixin.py:190} INFO - [2024-10-12T07:26:53.189+0000] {dagbag.py:588} INFO - Filling up the DagBag from /home/vboxuser/airflow_venv/lib/python3.12/site-packages/airflow/example_dags/example_complex.py
[2024-10-12T07:26:53.210+0000] {processor.py:925} INFO - DAG(s) 'example_complex' retrieved from /home/vboxuser/airflow_venv/lib/python3.12/site-packages/airflow/example_dags/example_complex.py
[2024-10-12T07:26:53.252+0000] {logging_mixin.py:190} INFO - [2024-10-12T07:26:53.252+0000] {dag.py:3239} INFO - Sync 1 DAGs
[2024-10-12T07:26:53.270+0000] {logging_mixin.py:190} INFO - [2024-10-12T07:26:53.269+0000] {dag.py:4180} INFO - Setting next_dagrun for example_complex to None, run_after=None
[2024-10-12T07:26:53.309+0000] {processor.py:208} INFO - Processing /home/vboxuser/airflow_venv/lib/python3.12/site-packages/airflow/example_dags/example_complex.py took 0.133 seconds
[2024-10-12T07:28:07.945+0000] {processor.py:186} INFO - Started process (PID=12450) to work on /home/vboxuser/airflow_venv/lib/python3.12/site-packages/airflow/example_dags/example_complex.py
[2024-10-12T07:28:07.947+0000] {processor.py:914} INFO - Processing file /home/vboxuser/airflow_venv/lib/python3.12/site-packages/airflow/example_dags/example_complex.py for tasks to queue
[2024-10-12T07:28:07.951+0000] {logging_mixin.py:190} INFO - [2024-10-12T07:28:07.950+0000] {dagbag.py:588} INFO - Filling up the DagBag from /home/vboxuser/airflow_venv/lib/python3.12/site-packages/airflow/example_dags/example_complex.py
[2024-10-12T07:28:07.968+0000] {processor.py:925} INFO - DAG(s) 'example_complex' retrieved from /home/vboxuser/airflow_venv/lib/python3.12/site-packages/airflow/example_dags/example_complex.py
[2024-10-12T07:28:08.003+0000] {logging_mixin.py:190} INFO - [2024-10-12T07:28:08.002+0000] {dag.py:3239} INFO - Sync 1 DAGs
[2024-10-12T07:28:08.021+0000] {logging_mixin.py:190} INFO - [2024-10-12T07:28:08.021+0000] {dag.py:4180} INFO - Setting next_dagrun for example_complex to None, run_after=None
[2024-10-12T07:28:08.059+0000] {processor.py:208} INFO - Processing /home/vboxuser/airflow_venv/lib/python3.12/site-packages/airflow/example_dags/example_complex.py took 0.126 seconds
[2024-10-12T07:29:10.852+0000] {processor.py:186} INFO - Started process (PID=12508) to work on /home/vboxuser/airflow_venv/lib/python3.12/site-packages/airflow/example_dags/example_complex.py
[2024-10-12T07:29:10.856+0000] {processor.py:914} INFO - Processing file /home/vboxuser/airflow_venv/lib/python3.12/site-packages/airflow/example_dags/example_complex.py for tasks to queue
[2024-10-12T07:29:10.863+0000] {logging_mixin.py:190} INFO - [2024-10-12T07:29:10.861+0000] {dagbag.py:588} INFO - Filling up the DagBag from /home/vboxuser/airflow_venv/lib/python3.12/site-packages/airflow/example_dags/example_complex.py
[2024-10-12T07:29:10.885+0000] {processor.py:925} INFO - DAG(s) 'example_complex' retrieved from /home/vboxuser/airflow_venv/lib/python3.12/site-packages/airflow/example_dags/example_complex.py
[2024-10-12T07:29:10.920+0000] {logging_mixin.py:190} INFO - [2024-10-12T07:29:10.920+0000] {dag.py:3239} INFO - Sync 1 DAGs
[2024-10-12T07:29:10.938+0000] {logging_mixin.py:190} INFO - [2024-10-12T07:29:10.937+0000] {dag.py:4180} INFO - Setting next_dagrun for example_complex to None, run_after=None
[2024-10-12T07:29:10.978+0000] {processor.py:208} INFO - Processing /home/vboxuser/airflow_venv/lib/python3.12/site-packages/airflow/example_dags/example_complex.py took 0.140 seconds
[2024-10-12T07:30:21.530+0000] {processor.py:186} INFO - Started process (PID=12589) to work on /home/vboxuser/airflow_venv/lib/python3.12/site-packages/airflow/example_dags/example_complex.py
[2024-10-12T07:30:21.534+0000] {processor.py:914} INFO - Processing file /home/vboxuser/airflow_venv/lib/python3.12/site-packages/airflow/example_dags/example_complex.py for tasks to queue
[2024-10-12T07:30:21.539+0000] {logging_mixin.py:190} INFO - [2024-10-12T07:30:21.538+0000] {dagbag.py:588} INFO - Filling up the DagBag from /home/vboxuser/airflow_venv/lib/python3.12/site-packages/airflow/example_dags/example_complex.py
[2024-10-12T07:30:21.559+0000] {processor.py:925} INFO - DAG(s) 'example_complex' retrieved from /home/vboxuser/airflow_venv/lib/python3.12/site-packages/airflow/example_dags/example_complex.py
[2024-10-12T07:30:21.596+0000] {logging_mixin.py:190} INFO - [2024-10-12T07:30:21.595+0000] {dag.py:3239} INFO - Sync 1 DAGs
[2024-10-12T07:30:21.618+0000] {logging_mixin.py:190} INFO - [2024-10-12T07:30:21.618+0000] {dag.py:4180} INFO - Setting next_dagrun for example_complex to None, run_after=None
[2024-10-12T07:30:21.663+0000] {processor.py:208} INFO - Processing /home/vboxuser/airflow_venv/lib/python3.12/site-packages/airflow/example_dags/example_complex.py took 0.140 seconds
[2024-10-12T07:31:33.291+0000] {processor.py:186} INFO - Started process (PID=12653) to work on /home/vboxuser/airflow_venv/lib/python3.12/site-packages/airflow/example_dags/example_complex.py
[2024-10-12T07:31:33.293+0000] {processor.py:914} INFO - Processing file /home/vboxuser/airflow_venv/lib/python3.12/site-packages/airflow/example_dags/example_complex.py for tasks to queue
[2024-10-12T07:31:33.295+0000] {logging_mixin.py:190} INFO - [2024-10-12T07:31:33.295+0000] {dagbag.py:588} INFO - Filling up the DagBag from /home/vboxuser/airflow_venv/lib/python3.12/site-packages/airflow/example_dags/example_complex.py
[2024-10-12T07:31:33.316+0000] {processor.py:925} INFO - DAG(s) 'example_complex' retrieved from /home/vboxuser/airflow_venv/lib/python3.12/site-packages/airflow/example_dags/example_complex.py
[2024-10-12T07:31:33.386+0000] {logging_mixin.py:190} INFO - [2024-10-12T07:31:33.386+0000] {dag.py:3239} INFO - Sync 1 DAGs
[2024-10-12T07:31:33.403+0000] {logging_mixin.py:190} INFO - [2024-10-12T07:31:33.403+0000] {dag.py:4180} INFO - Setting next_dagrun for example_complex to None, run_after=None
[2024-10-12T07:31:33.442+0000] {processor.py:208} INFO - Processing /home/vboxuser/airflow_venv/lib/python3.12/site-packages/airflow/example_dags/example_complex.py took 0.161 seconds
[2024-10-12T07:32:36.782+0000] {processor.py:186} INFO - Started process (PID=12721) to work on /home/vboxuser/airflow_venv/lib/python3.12/site-packages/airflow/example_dags/example_complex.py
[2024-10-12T07:32:36.785+0000] {processor.py:914} INFO - Processing file /home/vboxuser/airflow_venv/lib/python3.12/site-packages/airflow/example_dags/example_complex.py for tasks to queue
[2024-10-12T07:32:36.789+0000] {logging_mixin.py:190} INFO - [2024-10-12T07:32:36.788+0000] {dagbag.py:588} INFO - Filling up the DagBag from /home/vboxuser/airflow_venv/lib/python3.12/site-packages/airflow/example_dags/example_complex.py
[2024-10-12T07:32:36.817+0000] {processor.py:925} INFO - DAG(s) 'example_complex' retrieved from /home/vboxuser/airflow_venv/lib/python3.12/site-packages/airflow/example_dags/example_complex.py
[2024-10-12T07:32:36.847+0000] {logging_mixin.py:190} INFO - [2024-10-12T07:32:36.847+0000] {dag.py:3239} INFO - Sync 1 DAGs
[2024-10-12T07:32:36.869+0000] {logging_mixin.py:190} INFO - [2024-10-12T07:32:36.869+0000] {dag.py:4180} INFO - Setting next_dagrun for example_complex to None, run_after=None
[2024-10-12T07:32:36.905+0000] {processor.py:208} INFO - Processing /home/vboxuser/airflow_venv/lib/python3.12/site-packages/airflow/example_dags/example_complex.py took 0.134 seconds
[2024-10-12T07:33:41.235+0000] {processor.py:186} INFO - Started process (PID=12779) to work on /home/vboxuser/airflow_venv/lib/python3.12/site-packages/airflow/example_dags/example_complex.py
[2024-10-12T07:33:41.238+0000] {processor.py:914} INFO - Processing file /home/vboxuser/airflow_venv/lib/python3.12/site-packages/airflow/example_dags/example_complex.py for tasks to queue
[2024-10-12T07:33:41.242+0000] {logging_mixin.py:190} INFO - [2024-10-12T07:33:41.241+0000] {dagbag.py:588} INFO - Filling up the DagBag from /home/vboxuser/airflow_venv/lib/python3.12/site-packages/airflow/example_dags/example_complex.py
[2024-10-12T07:33:41.264+0000] {processor.py:925} INFO - DAG(s) 'example_complex' retrieved from /home/vboxuser/airflow_venv/lib/python3.12/site-packages/airflow/example_dags/example_complex.py
[2024-10-12T07:33:41.291+0000] {logging_mixin.py:190} INFO - [2024-10-12T07:33:41.291+0000] {dag.py:3239} INFO - Sync 1 DAGs
[2024-10-12T07:33:41.306+0000] {logging_mixin.py:190} INFO - [2024-10-12T07:33:41.306+0000] {dag.py:4180} INFO - Setting next_dagrun for example_complex to None, run_after=None
[2024-10-12T07:33:41.344+0000] {processor.py:208} INFO - Processing /home/vboxuser/airflow_venv/lib/python3.12/site-packages/airflow/example_dags/example_complex.py took 0.118 seconds
[2024-10-12T07:34:41.790+0000] {processor.py:186} INFO - Started process (PID=12838) to work on /home/vboxuser/airflow_venv/lib/python3.12/site-packages/airflow/example_dags/example_complex.py
[2024-10-12T07:34:41.793+0000] {processor.py:914} INFO - Processing file /home/vboxuser/airflow_venv/lib/python3.12/site-packages/airflow/example_dags/example_complex.py for tasks to queue
[2024-10-12T07:34:41.796+0000] {logging_mixin.py:190} INFO - [2024-10-12T07:34:41.796+0000] {dagbag.py:588} INFO - Filling up the DagBag from /home/vboxuser/airflow_venv/lib/python3.12/site-packages/airflow/example_dags/example_complex.py
[2024-10-12T07:34:41.813+0000] {processor.py:925} INFO - DAG(s) 'example_complex' retrieved from /home/vboxuser/airflow_venv/lib/python3.12/site-packages/airflow/example_dags/example_complex.py
[2024-10-12T07:34:41.843+0000] {logging_mixin.py:190} INFO - [2024-10-12T07:34:41.843+0000] {dag.py:3239} INFO - Sync 1 DAGs
[2024-10-12T07:34:41.860+0000] {logging_mixin.py:190} INFO - [2024-10-12T07:34:41.859+0000] {dag.py:4180} INFO - Setting next_dagrun for example_complex to None, run_after=None
[2024-10-12T07:34:41.899+0000] {processor.py:208} INFO - Processing /home/vboxuser/airflow_venv/lib/python3.12/site-packages/airflow/example_dags/example_complex.py took 0.116 seconds
[2024-10-12T07:47:30.631+0000] {processor.py:186} INFO - Started process (PID=12930) to work on /home/vboxuser/airflow_venv/lib/python3.12/site-packages/airflow/example_dags/example_complex.py
[2024-10-12T07:47:30.635+0000] {processor.py:914} INFO - Processing file /home/vboxuser/airflow_venv/lib/python3.12/site-packages/airflow/example_dags/example_complex.py for tasks to queue
[2024-10-12T07:47:30.641+0000] {logging_mixin.py:190} INFO - [2024-10-12T07:47:30.640+0000] {dagbag.py:588} INFO - Filling up the DagBag from /home/vboxuser/airflow_venv/lib/python3.12/site-packages/airflow/example_dags/example_complex.py
[2024-10-12T07:47:30.665+0000] {processor.py:925} INFO - DAG(s) 'example_complex' retrieved from /home/vboxuser/airflow_venv/lib/python3.12/site-packages/airflow/example_dags/example_complex.py
[2024-10-12T07:47:30.707+0000] {logging_mixin.py:190} INFO - [2024-10-12T07:47:30.707+0000] {dag.py:3239} INFO - Sync 1 DAGs
[2024-10-12T07:47:30.730+0000] {logging_mixin.py:190} INFO - [2024-10-12T07:47:30.729+0000] {dag.py:4180} INFO - Setting next_dagrun for example_complex to None, run_after=None
[2024-10-12T07:47:30.784+0000] {processor.py:208} INFO - Processing /home/vboxuser/airflow_venv/lib/python3.12/site-packages/airflow/example_dags/example_complex.py took 0.171 seconds
[2024-10-12T07:48:41.549+0000] {processor.py:186} INFO - Started process (PID=12991) to work on /home/vboxuser/airflow_venv/lib/python3.12/site-packages/airflow/example_dags/example_complex.py
[2024-10-12T07:48:41.551+0000] {processor.py:914} INFO - Processing file /home/vboxuser/airflow_venv/lib/python3.12/site-packages/airflow/example_dags/example_complex.py for tasks to queue
[2024-10-12T07:48:41.554+0000] {logging_mixin.py:190} INFO - [2024-10-12T07:48:41.554+0000] {dagbag.py:588} INFO - Filling up the DagBag from /home/vboxuser/airflow_venv/lib/python3.12/site-packages/airflow/example_dags/example_complex.py
[2024-10-12T07:48:41.572+0000] {processor.py:925} INFO - DAG(s) 'example_complex' retrieved from /home/vboxuser/airflow_venv/lib/python3.12/site-packages/airflow/example_dags/example_complex.py
[2024-10-12T07:48:41.606+0000] {logging_mixin.py:190} INFO - [2024-10-12T07:48:41.606+0000] {dag.py:3239} INFO - Sync 1 DAGs
[2024-10-12T07:48:41.621+0000] {logging_mixin.py:190} INFO - [2024-10-12T07:48:41.621+0000] {dag.py:4180} INFO - Setting next_dagrun for example_complex to None, run_after=None
[2024-10-12T07:48:41.664+0000] {processor.py:208} INFO - Processing /home/vboxuser/airflow_venv/lib/python3.12/site-packages/airflow/example_dags/example_complex.py took 0.124 seconds
[2024-10-12T07:49:48.216+0000] {processor.py:186} INFO - Started process (PID=13050) to work on /home/vboxuser/airflow_venv/lib/python3.12/site-packages/airflow/example_dags/example_complex.py
[2024-10-12T07:49:48.224+0000] {processor.py:914} INFO - Processing file /home/vboxuser/airflow_venv/lib/python3.12/site-packages/airflow/example_dags/example_complex.py for tasks to queue
[2024-10-12T07:49:48.231+0000] {logging_mixin.py:190} INFO - [2024-10-12T07:49:48.230+0000] {dagbag.py:588} INFO - Filling up the DagBag from /home/vboxuser/airflow_venv/lib/python3.12/site-packages/airflow/example_dags/example_complex.py
[2024-10-12T07:49:48.257+0000] {processor.py:925} INFO - DAG(s) 'example_complex' retrieved from /home/vboxuser/airflow_venv/lib/python3.12/site-packages/airflow/example_dags/example_complex.py
[2024-10-12T07:49:48.307+0000] {logging_mixin.py:190} INFO - [2024-10-12T07:49:48.306+0000] {dag.py:3239} INFO - Sync 1 DAGs
[2024-10-12T07:49:48.331+0000] {logging_mixin.py:190} INFO - [2024-10-12T07:49:48.330+0000] {dag.py:4180} INFO - Setting next_dagrun for example_complex to None, run_after=None
[2024-10-12T07:49:48.387+0000] {processor.py:208} INFO - Processing /home/vboxuser/airflow_venv/lib/python3.12/site-packages/airflow/example_dags/example_complex.py took 0.183 seconds
[2024-10-12T07:50:56.472+0000] {processor.py:186} INFO - Started process (PID=13183) to work on /home/vboxuser/airflow_venv/lib/python3.12/site-packages/airflow/example_dags/example_complex.py
[2024-10-12T07:50:56.475+0000] {processor.py:914} INFO - Processing file /home/vboxuser/airflow_venv/lib/python3.12/site-packages/airflow/example_dags/example_complex.py for tasks to queue
[2024-10-12T07:50:56.479+0000] {logging_mixin.py:190} INFO - [2024-10-12T07:50:56.478+0000] {dagbag.py:588} INFO - Filling up the DagBag from /home/vboxuser/airflow_venv/lib/python3.12/site-packages/airflow/example_dags/example_complex.py
[2024-10-12T07:50:56.499+0000] {processor.py:925} INFO - DAG(s) 'example_complex' retrieved from /home/vboxuser/airflow_venv/lib/python3.12/site-packages/airflow/example_dags/example_complex.py
[2024-10-12T07:50:56.528+0000] {logging_mixin.py:190} INFO - [2024-10-12T07:50:56.528+0000] {dag.py:3239} INFO - Sync 1 DAGs
[2024-10-12T07:50:56.545+0000] {logging_mixin.py:190} INFO - [2024-10-12T07:50:56.545+0000] {dag.py:4180} INFO - Setting next_dagrun for example_complex to None, run_after=None
[2024-10-12T07:50:56.588+0000] {processor.py:208} INFO - Processing /home/vboxuser/airflow_venv/lib/python3.12/site-packages/airflow/example_dags/example_complex.py took 0.126 seconds
[2024-10-12T07:52:08.980+0000] {processor.py:186} INFO - Started process (PID=13253) to work on /home/vboxuser/airflow_venv/lib/python3.12/site-packages/airflow/example_dags/example_complex.py
[2024-10-12T07:52:08.983+0000] {processor.py:914} INFO - Processing file /home/vboxuser/airflow_venv/lib/python3.12/site-packages/airflow/example_dags/example_complex.py for tasks to queue
[2024-10-12T07:52:08.987+0000] {logging_mixin.py:190} INFO - [2024-10-12T07:52:08.986+0000] {dagbag.py:588} INFO - Filling up the DagBag from /home/vboxuser/airflow_venv/lib/python3.12/site-packages/airflow/example_dags/example_complex.py
[2024-10-12T07:52:09.002+0000] {processor.py:925} INFO - DAG(s) 'example_complex' retrieved from /home/vboxuser/airflow_venv/lib/python3.12/site-packages/airflow/example_dags/example_complex.py
[2024-10-12T07:52:09.030+0000] {logging_mixin.py:190} INFO - [2024-10-12T07:52:09.030+0000] {dag.py:3239} INFO - Sync 1 DAGs
[2024-10-12T07:52:09.046+0000] {logging_mixin.py:190} INFO - [2024-10-12T07:52:09.046+0000] {dag.py:4180} INFO - Setting next_dagrun for example_complex to None, run_after=None
[2024-10-12T07:52:09.079+0000] {processor.py:208} INFO - Processing /home/vboxuser/airflow_venv/lib/python3.12/site-packages/airflow/example_dags/example_complex.py took 0.111 seconds
[2024-10-12T07:53:16.587+0000] {processor.py:186} INFO - Started process (PID=13335) to work on /home/vboxuser/airflow_venv/lib/python3.12/site-packages/airflow/example_dags/example_complex.py
[2024-10-12T07:53:16.589+0000] {processor.py:914} INFO - Processing file /home/vboxuser/airflow_venv/lib/python3.12/site-packages/airflow/example_dags/example_complex.py for tasks to queue
[2024-10-12T07:53:16.592+0000] {logging_mixin.py:190} INFO - [2024-10-12T07:53:16.591+0000] {dagbag.py:588} INFO - Filling up the DagBag from /home/vboxuser/airflow_venv/lib/python3.12/site-packages/airflow/example_dags/example_complex.py
[2024-10-12T07:53:16.606+0000] {processor.py:925} INFO - DAG(s) 'example_complex' retrieved from /home/vboxuser/airflow_venv/lib/python3.12/site-packages/airflow/example_dags/example_complex.py
[2024-10-12T07:53:16.631+0000] {logging_mixin.py:190} INFO - [2024-10-12T07:53:16.631+0000] {dag.py:3239} INFO - Sync 1 DAGs
[2024-10-12T07:53:16.645+0000] {logging_mixin.py:190} INFO - [2024-10-12T07:53:16.645+0000] {dag.py:4180} INFO - Setting next_dagrun for example_complex to None, run_after=None
[2024-10-12T07:53:16.675+0000] {processor.py:208} INFO - Processing /home/vboxuser/airflow_venv/lib/python3.12/site-packages/airflow/example_dags/example_complex.py took 0.095 seconds
[2024-10-12T07:54:15.789+0000] {processor.py:186} INFO - Started process (PID=13391) to work on /home/vboxuser/airflow_venv/lib/python3.12/site-packages/airflow/example_dags/example_complex.py
[2024-10-12T07:54:15.795+0000] {processor.py:914} INFO - Processing file /home/vboxuser/airflow_venv/lib/python3.12/site-packages/airflow/example_dags/example_complex.py for tasks to queue
[2024-10-12T07:54:15.800+0000] {logging_mixin.py:190} INFO - [2024-10-12T07:54:15.799+0000] {dagbag.py:588} INFO - Filling up the DagBag from /home/vboxuser/airflow_venv/lib/python3.12/site-packages/airflow/example_dags/example_complex.py
[2024-10-12T07:54:15.824+0000] {processor.py:925} INFO - DAG(s) 'example_complex' retrieved from /home/vboxuser/airflow_venv/lib/python3.12/site-packages/airflow/example_dags/example_complex.py
[2024-10-12T07:54:15.873+0000] {logging_mixin.py:190} INFO - [2024-10-12T07:54:15.873+0000] {dag.py:3239} INFO - Sync 1 DAGs
[2024-10-12T07:54:15.896+0000] {logging_mixin.py:190} INFO - [2024-10-12T07:54:15.896+0000] {dag.py:4180} INFO - Setting next_dagrun for example_complex to None, run_after=None
[2024-10-12T07:54:15.939+0000] {processor.py:208} INFO - Processing /home/vboxuser/airflow_venv/lib/python3.12/site-packages/airflow/example_dags/example_complex.py took 0.162 seconds
[2024-10-12T07:55:18.615+0000] {processor.py:186} INFO - Started process (PID=13453) to work on /home/vboxuser/airflow_venv/lib/python3.12/site-packages/airflow/example_dags/example_complex.py
[2024-10-12T07:55:18.617+0000] {processor.py:914} INFO - Processing file /home/vboxuser/airflow_venv/lib/python3.12/site-packages/airflow/example_dags/example_complex.py for tasks to queue
[2024-10-12T07:55:18.622+0000] {logging_mixin.py:190} INFO - [2024-10-12T07:55:18.621+0000] {dagbag.py:588} INFO - Filling up the DagBag from /home/vboxuser/airflow_venv/lib/python3.12/site-packages/airflow/example_dags/example_complex.py
[2024-10-12T07:55:18.643+0000] {processor.py:925} INFO - DAG(s) 'example_complex' retrieved from /home/vboxuser/airflow_venv/lib/python3.12/site-packages/airflow/example_dags/example_complex.py
[2024-10-12T07:55:18.691+0000] {logging_mixin.py:190} INFO - [2024-10-12T07:55:18.690+0000] {dag.py:3239} INFO - Sync 1 DAGs
[2024-10-12T07:55:18.711+0000] {logging_mixin.py:190} INFO - [2024-10-12T07:55:18.710+0000] {dag.py:4180} INFO - Setting next_dagrun for example_complex to None, run_after=None
[2024-10-12T07:55:18.751+0000] {processor.py:208} INFO - Processing /home/vboxuser/airflow_venv/lib/python3.12/site-packages/airflow/example_dags/example_complex.py took 0.149 seconds
[2024-10-12T07:56:25.976+0000] {processor.py:186} INFO - Started process (PID=13516) to work on /home/vboxuser/airflow_venv/lib/python3.12/site-packages/airflow/example_dags/example_complex.py
[2024-10-12T07:56:25.978+0000] {processor.py:914} INFO - Processing file /home/vboxuser/airflow_venv/lib/python3.12/site-packages/airflow/example_dags/example_complex.py for tasks to queue
[2024-10-12T07:56:25.981+0000] {logging_mixin.py:190} INFO - [2024-10-12T07:56:25.981+0000] {dagbag.py:588} INFO - Filling up the DagBag from /home/vboxuser/airflow_venv/lib/python3.12/site-packages/airflow/example_dags/example_complex.py
[2024-10-12T07:56:25.995+0000] {processor.py:925} INFO - DAG(s) 'example_complex' retrieved from /home/vboxuser/airflow_venv/lib/python3.12/site-packages/airflow/example_dags/example_complex.py
[2024-10-12T07:56:26.021+0000] {logging_mixin.py:190} INFO - [2024-10-12T07:56:26.020+0000] {dag.py:3239} INFO - Sync 1 DAGs
[2024-10-12T07:56:26.034+0000] {logging_mixin.py:190} INFO - [2024-10-12T07:56:26.034+0000] {dag.py:4180} INFO - Setting next_dagrun for example_complex to None, run_after=None
[2024-10-12T07:56:26.065+0000] {processor.py:208} INFO - Processing /home/vboxuser/airflow_venv/lib/python3.12/site-packages/airflow/example_dags/example_complex.py took 0.097 seconds
[2024-10-12T07:57:34.955+0000] {processor.py:186} INFO - Started process (PID=13591) to work on /home/vboxuser/airflow_venv/lib/python3.12/site-packages/airflow/example_dags/example_complex.py
[2024-10-12T07:57:34.957+0000] {processor.py:914} INFO - Processing file /home/vboxuser/airflow_venv/lib/python3.12/site-packages/airflow/example_dags/example_complex.py for tasks to queue
[2024-10-12T07:57:34.961+0000] {logging_mixin.py:190} INFO - [2024-10-12T07:57:34.960+0000] {dagbag.py:588} INFO - Filling up the DagBag from /home/vboxuser/airflow_venv/lib/python3.12/site-packages/airflow/example_dags/example_complex.py
[2024-10-12T07:57:34.979+0000] {processor.py:925} INFO - DAG(s) 'example_complex' retrieved from /home/vboxuser/airflow_venv/lib/python3.12/site-packages/airflow/example_dags/example_complex.py
[2024-10-12T07:57:35.012+0000] {logging_mixin.py:190} INFO - [2024-10-12T07:57:35.012+0000] {dag.py:3239} INFO - Sync 1 DAGs
[2024-10-12T07:57:35.028+0000] {logging_mixin.py:190} INFO - [2024-10-12T07:57:35.028+0000] {dag.py:4180} INFO - Setting next_dagrun for example_complex to None, run_after=None
[2024-10-12T07:57:35.083+0000] {processor.py:208} INFO - Processing /home/vboxuser/airflow_venv/lib/python3.12/site-packages/airflow/example_dags/example_complex.py took 0.142 seconds
[2024-10-12T07:58:36.691+0000] {processor.py:186} INFO - Started process (PID=13650) to work on /home/vboxuser/airflow_venv/lib/python3.12/site-packages/airflow/example_dags/example_complex.py
[2024-10-12T07:58:36.698+0000] {processor.py:914} INFO - Processing file /home/vboxuser/airflow_venv/lib/python3.12/site-packages/airflow/example_dags/example_complex.py for tasks to queue
[2024-10-12T07:58:36.703+0000] {logging_mixin.py:190} INFO - [2024-10-12T07:58:36.702+0000] {dagbag.py:588} INFO - Filling up the DagBag from /home/vboxuser/airflow_venv/lib/python3.12/site-packages/airflow/example_dags/example_complex.py
[2024-10-12T07:58:36.720+0000] {processor.py:925} INFO - DAG(s) 'example_complex' retrieved from /home/vboxuser/airflow_venv/lib/python3.12/site-packages/airflow/example_dags/example_complex.py
[2024-10-12T07:58:36.748+0000] {logging_mixin.py:190} INFO - [2024-10-12T07:58:36.748+0000] {dag.py:3239} INFO - Sync 1 DAGs
[2024-10-12T07:58:36.769+0000] {logging_mixin.py:190} INFO - [2024-10-12T07:58:36.769+0000] {dag.py:4180} INFO - Setting next_dagrun for example_complex to None, run_after=None
[2024-10-12T07:58:36.802+0000] {processor.py:208} INFO - Processing /home/vboxuser/airflow_venv/lib/python3.12/site-packages/airflow/example_dags/example_complex.py took 0.127 seconds
[2024-10-12T07:59:36.897+0000] {processor.py:186} INFO - Started process (PID=13707) to work on /home/vboxuser/airflow_venv/lib/python3.12/site-packages/airflow/example_dags/example_complex.py
[2024-10-12T07:59:36.902+0000] {processor.py:914} INFO - Processing file /home/vboxuser/airflow_venv/lib/python3.12/site-packages/airflow/example_dags/example_complex.py for tasks to queue
[2024-10-12T07:59:36.905+0000] {logging_mixin.py:190} INFO - [2024-10-12T07:59:36.904+0000] {dagbag.py:588} INFO - Filling up the DagBag from /home/vboxuser/airflow_venv/lib/python3.12/site-packages/airflow/example_dags/example_complex.py
[2024-10-12T07:59:36.924+0000] {processor.py:925} INFO - DAG(s) 'example_complex' retrieved from /home/vboxuser/airflow_venv/lib/python3.12/site-packages/airflow/example_dags/example_complex.py
[2024-10-12T07:59:36.960+0000] {logging_mixin.py:190} INFO - [2024-10-12T07:59:36.960+0000] {dag.py:3239} INFO - Sync 1 DAGs
[2024-10-12T07:59:36.977+0000] {logging_mixin.py:190} INFO - [2024-10-12T07:59:36.977+0000] {dag.py:4180} INFO - Setting next_dagrun for example_complex to None, run_after=None
[2024-10-12T07:59:37.015+0000] {processor.py:208} INFO - Processing /home/vboxuser/airflow_venv/lib/python3.12/site-packages/airflow/example_dags/example_complex.py took 0.127 seconds
[2024-10-12T08:00:41.736+0000] {processor.py:186} INFO - Started process (PID=13769) to work on /home/vboxuser/airflow_venv/lib/python3.12/site-packages/airflow/example_dags/example_complex.py
[2024-10-12T08:00:41.741+0000] {processor.py:914} INFO - Processing file /home/vboxuser/airflow_venv/lib/python3.12/site-packages/airflow/example_dags/example_complex.py for tasks to queue
[2024-10-12T08:00:41.745+0000] {logging_mixin.py:190} INFO - [2024-10-12T08:00:41.744+0000] {dagbag.py:588} INFO - Filling up the DagBag from /home/vboxuser/airflow_venv/lib/python3.12/site-packages/airflow/example_dags/example_complex.py
[2024-10-12T08:00:41.765+0000] {processor.py:925} INFO - DAG(s) 'example_complex' retrieved from /home/vboxuser/airflow_venv/lib/python3.12/site-packages/airflow/example_dags/example_complex.py
[2024-10-12T08:00:41.802+0000] {logging_mixin.py:190} INFO - [2024-10-12T08:00:41.801+0000] {dag.py:3239} INFO - Sync 1 DAGs
[2024-10-12T08:00:41.819+0000] {logging_mixin.py:190} INFO - [2024-10-12T08:00:41.819+0000] {dag.py:4180} INFO - Setting next_dagrun for example_complex to None, run_after=None
[2024-10-12T08:00:41.855+0000] {processor.py:208} INFO - Processing /home/vboxuser/airflow_venv/lib/python3.12/site-packages/airflow/example_dags/example_complex.py took 0.132 seconds
[2024-10-12T08:01:51.824+0000] {processor.py:186} INFO - Started process (PID=13830) to work on /home/vboxuser/airflow_venv/lib/python3.12/site-packages/airflow/example_dags/example_complex.py
[2024-10-12T08:01:51.830+0000] {processor.py:914} INFO - Processing file /home/vboxuser/airflow_venv/lib/python3.12/site-packages/airflow/example_dags/example_complex.py for tasks to queue
[2024-10-12T08:01:51.833+0000] {logging_mixin.py:190} INFO - [2024-10-12T08:01:51.832+0000] {dagbag.py:588} INFO - Filling up the DagBag from /home/vboxuser/airflow_venv/lib/python3.12/site-packages/airflow/example_dags/example_complex.py
[2024-10-12T08:01:51.850+0000] {processor.py:925} INFO - DAG(s) 'example_complex' retrieved from /home/vboxuser/airflow_venv/lib/python3.12/site-packages/airflow/example_dags/example_complex.py
[2024-10-12T08:01:51.896+0000] {logging_mixin.py:190} INFO - [2024-10-12T08:01:51.896+0000] {dag.py:3239} INFO - Sync 1 DAGs
[2024-10-12T08:01:51.917+0000] {logging_mixin.py:190} INFO - [2024-10-12T08:01:51.916+0000] {dag.py:4180} INFO - Setting next_dagrun for example_complex to None, run_after=None
[2024-10-12T08:01:51.958+0000] {processor.py:208} INFO - Processing /home/vboxuser/airflow_venv/lib/python3.12/site-packages/airflow/example_dags/example_complex.py took 0.143 seconds
[2024-10-12T08:02:54.583+0000] {processor.py:186} INFO - Started process (PID=13888) to work on /home/vboxuser/airflow_venv/lib/python3.12/site-packages/airflow/example_dags/example_complex.py
[2024-10-12T08:02:54.588+0000] {processor.py:914} INFO - Processing file /home/vboxuser/airflow_venv/lib/python3.12/site-packages/airflow/example_dags/example_complex.py for tasks to queue
[2024-10-12T08:02:54.592+0000] {logging_mixin.py:190} INFO - [2024-10-12T08:02:54.591+0000] {dagbag.py:588} INFO - Filling up the DagBag from /home/vboxuser/airflow_venv/lib/python3.12/site-packages/airflow/example_dags/example_complex.py
[2024-10-12T08:02:54.611+0000] {processor.py:925} INFO - DAG(s) 'example_complex' retrieved from /home/vboxuser/airflow_venv/lib/python3.12/site-packages/airflow/example_dags/example_complex.py
[2024-10-12T08:02:54.648+0000] {logging_mixin.py:190} INFO - [2024-10-12T08:02:54.648+0000] {dag.py:3239} INFO - Sync 1 DAGs
[2024-10-12T08:02:54.665+0000] {logging_mixin.py:190} INFO - [2024-10-12T08:02:54.665+0000] {dag.py:4180} INFO - Setting next_dagrun for example_complex to None, run_after=None
[2024-10-12T08:02:54.706+0000] {processor.py:208} INFO - Processing /home/vboxuser/airflow_venv/lib/python3.12/site-packages/airflow/example_dags/example_complex.py took 0.132 seconds
[2024-10-12T08:04:01.016+0000] {processor.py:186} INFO - Started process (PID=13958) to work on /home/vboxuser/airflow_venv/lib/python3.12/site-packages/airflow/example_dags/example_complex.py
[2024-10-12T08:04:01.019+0000] {processor.py:914} INFO - Processing file /home/vboxuser/airflow_venv/lib/python3.12/site-packages/airflow/example_dags/example_complex.py for tasks to queue
[2024-10-12T08:04:01.022+0000] {logging_mixin.py:190} INFO - [2024-10-12T08:04:01.022+0000] {dagbag.py:588} INFO - Filling up the DagBag from /home/vboxuser/airflow_venv/lib/python3.12/site-packages/airflow/example_dags/example_complex.py
[2024-10-12T08:04:01.038+0000] {processor.py:925} INFO - DAG(s) 'example_complex' retrieved from /home/vboxuser/airflow_venv/lib/python3.12/site-packages/airflow/example_dags/example_complex.py
[2024-10-12T08:04:01.078+0000] {logging_mixin.py:190} INFO - [2024-10-12T08:04:01.078+0000] {dag.py:3239} INFO - Sync 1 DAGs
[2024-10-12T08:04:01.094+0000] {logging_mixin.py:190} INFO - [2024-10-12T08:04:01.094+0000] {dag.py:4180} INFO - Setting next_dagrun for example_complex to None, run_after=None
[2024-10-12T08:04:01.135+0000] {processor.py:208} INFO - Processing /home/vboxuser/airflow_venv/lib/python3.12/site-packages/airflow/example_dags/example_complex.py took 0.126 seconds
[2024-10-12T08:05:10.275+0000] {processor.py:186} INFO - Started process (PID=14023) to work on /home/vboxuser/airflow_venv/lib/python3.12/site-packages/airflow/example_dags/example_complex.py
[2024-10-12T08:05:10.280+0000] {processor.py:914} INFO - Processing file /home/vboxuser/airflow_venv/lib/python3.12/site-packages/airflow/example_dags/example_complex.py for tasks to queue
[2024-10-12T08:05:10.285+0000] {logging_mixin.py:190} INFO - [2024-10-12T08:05:10.284+0000] {dagbag.py:588} INFO - Filling up the DagBag from /home/vboxuser/airflow_venv/lib/python3.12/site-packages/airflow/example_dags/example_complex.py
[2024-10-12T08:05:10.305+0000] {processor.py:925} INFO - DAG(s) 'example_complex' retrieved from /home/vboxuser/airflow_venv/lib/python3.12/site-packages/airflow/example_dags/example_complex.py
[2024-10-12T08:05:10.347+0000] {logging_mixin.py:190} INFO - [2024-10-12T08:05:10.347+0000] {dag.py:3239} INFO - Sync 1 DAGs
[2024-10-12T08:05:10.366+0000] {logging_mixin.py:190} INFO - [2024-10-12T08:05:10.366+0000] {dag.py:4180} INFO - Setting next_dagrun for example_complex to None, run_after=None
[2024-10-12T08:05:10.412+0000] {processor.py:208} INFO - Processing /home/vboxuser/airflow_venv/lib/python3.12/site-packages/airflow/example_dags/example_complex.py took 0.146 seconds
[2024-10-12T08:06:22.561+0000] {processor.py:186} INFO - Started process (PID=14094) to work on /home/vboxuser/airflow_venv/lib/python3.12/site-packages/airflow/example_dags/example_complex.py
[2024-10-12T08:06:22.566+0000] {processor.py:914} INFO - Processing file /home/vboxuser/airflow_venv/lib/python3.12/site-packages/airflow/example_dags/example_complex.py for tasks to queue
[2024-10-12T08:06:22.573+0000] {logging_mixin.py:190} INFO - [2024-10-12T08:06:22.572+0000] {dagbag.py:588} INFO - Filling up the DagBag from /home/vboxuser/airflow_venv/lib/python3.12/site-packages/airflow/example_dags/example_complex.py
[2024-10-12T08:06:22.603+0000] {processor.py:925} INFO - DAG(s) 'example_complex' retrieved from /home/vboxuser/airflow_venv/lib/python3.12/site-packages/airflow/example_dags/example_complex.py
[2024-10-12T08:06:22.706+0000] {logging_mixin.py:190} INFO - [2024-10-12T08:06:22.705+0000] {dag.py:3239} INFO - Sync 1 DAGs
[2024-10-12T08:06:22.756+0000] {logging_mixin.py:190} INFO - [2024-10-12T08:06:22.754+0000] {dag.py:4180} INFO - Setting next_dagrun for example_complex to None, run_after=None
[2024-10-12T08:06:22.846+0000] {processor.py:208} INFO - Processing /home/vboxuser/airflow_venv/lib/python3.12/site-packages/airflow/example_dags/example_complex.py took 0.310 seconds
[2024-10-12T08:07:39.448+0000] {processor.py:186} INFO - Started process (PID=14161) to work on /home/vboxuser/airflow_venv/lib/python3.12/site-packages/airflow/example_dags/example_complex.py
[2024-10-12T08:07:39.459+0000] {processor.py:914} INFO - Processing file /home/vboxuser/airflow_venv/lib/python3.12/site-packages/airflow/example_dags/example_complex.py for tasks to queue
[2024-10-12T08:07:39.480+0000] {logging_mixin.py:190} INFO - [2024-10-12T08:07:39.477+0000] {dagbag.py:588} INFO - Filling up the DagBag from /home/vboxuser/airflow_venv/lib/python3.12/site-packages/airflow/example_dags/example_complex.py
[2024-10-12T08:07:39.542+0000] {processor.py:925} INFO - DAG(s) 'example_complex' retrieved from /home/vboxuser/airflow_venv/lib/python3.12/site-packages/airflow/example_dags/example_complex.py
[2024-10-12T08:07:39.587+0000] {logging_mixin.py:190} INFO - [2024-10-12T08:07:39.587+0000] {dag.py:3239} INFO - Sync 1 DAGs
[2024-10-12T08:07:39.610+0000] {logging_mixin.py:190} INFO - [2024-10-12T08:07:39.610+0000] {dag.py:4180} INFO - Setting next_dagrun for example_complex to None, run_after=None
[2024-10-12T08:07:40.141+0000] {processor.py:208} INFO - Processing /home/vboxuser/airflow_venv/lib/python3.12/site-packages/airflow/example_dags/example_complex.py took 0.733 seconds
[2024-10-12T08:08:53.952+0000] {processor.py:186} INFO - Started process (PID=14228) to work on /home/vboxuser/airflow_venv/lib/python3.12/site-packages/airflow/example_dags/example_complex.py
[2024-10-12T08:08:53.959+0000] {processor.py:914} INFO - Processing file /home/vboxuser/airflow_venv/lib/python3.12/site-packages/airflow/example_dags/example_complex.py for tasks to queue
[2024-10-12T08:08:53.963+0000] {logging_mixin.py:190} INFO - [2024-10-12T08:08:53.963+0000] {dagbag.py:588} INFO - Filling up the DagBag from /home/vboxuser/airflow_venv/lib/python3.12/site-packages/airflow/example_dags/example_complex.py
[2024-10-12T08:08:53.991+0000] {processor.py:925} INFO - DAG(s) 'example_complex' retrieved from /home/vboxuser/airflow_venv/lib/python3.12/site-packages/airflow/example_dags/example_complex.py
[2024-10-12T08:08:54.041+0000] {logging_mixin.py:190} INFO - [2024-10-12T08:08:54.041+0000] {dag.py:3239} INFO - Sync 1 DAGs
[2024-10-12T08:08:54.069+0000] {logging_mixin.py:190} INFO - [2024-10-12T08:08:54.069+0000] {dag.py:4180} INFO - Setting next_dagrun for example_complex to None, run_after=None
[2024-10-12T08:08:54.125+0000] {processor.py:208} INFO - Processing /home/vboxuser/airflow_venv/lib/python3.12/site-packages/airflow/example_dags/example_complex.py took 0.185 seconds
[2024-10-12T08:10:12.334+0000] {processor.py:186} INFO - Started process (PID=14294) to work on /home/vboxuser/airflow_venv/lib/python3.12/site-packages/airflow/example_dags/example_complex.py
[2024-10-12T08:10:12.341+0000] {processor.py:914} INFO - Processing file /home/vboxuser/airflow_venv/lib/python3.12/site-packages/airflow/example_dags/example_complex.py for tasks to queue
[2024-10-12T08:10:12.348+0000] {logging_mixin.py:190} INFO - [2024-10-12T08:10:12.347+0000] {dagbag.py:588} INFO - Filling up the DagBag from /home/vboxuser/airflow_venv/lib/python3.12/site-packages/airflow/example_dags/example_complex.py
[2024-10-12T08:10:12.368+0000] {processor.py:925} INFO - DAG(s) 'example_complex' retrieved from /home/vboxuser/airflow_venv/lib/python3.12/site-packages/airflow/example_dags/example_complex.py
[2024-10-12T08:10:12.410+0000] {logging_mixin.py:190} INFO - [2024-10-12T08:10:12.409+0000] {dag.py:3239} INFO - Sync 1 DAGs
[2024-10-12T08:10:12.442+0000] {logging_mixin.py:190} INFO - [2024-10-12T08:10:12.442+0000] {dag.py:4180} INFO - Setting next_dagrun for example_complex to None, run_after=None
[2024-10-12T08:10:12.506+0000] {processor.py:208} INFO - Processing /home/vboxuser/airflow_venv/lib/python3.12/site-packages/airflow/example_dags/example_complex.py took 0.185 seconds
[2024-10-12T08:11:22.624+0000] {processor.py:186} INFO - Started process (PID=14357) to work on /home/vboxuser/airflow_venv/lib/python3.12/site-packages/airflow/example_dags/example_complex.py
[2024-10-12T08:11:22.627+0000] {processor.py:914} INFO - Processing file /home/vboxuser/airflow_venv/lib/python3.12/site-packages/airflow/example_dags/example_complex.py for tasks to queue
[2024-10-12T08:11:22.632+0000] {logging_mixin.py:190} INFO - [2024-10-12T08:11:22.630+0000] {dagbag.py:588} INFO - Filling up the DagBag from /home/vboxuser/airflow_venv/lib/python3.12/site-packages/airflow/example_dags/example_complex.py
[2024-10-12T08:11:22.664+0000] {processor.py:925} INFO - DAG(s) 'example_complex' retrieved from /home/vboxuser/airflow_venv/lib/python3.12/site-packages/airflow/example_dags/example_complex.py
[2024-10-12T08:11:22.723+0000] {logging_mixin.py:190} INFO - [2024-10-12T08:11:22.723+0000] {dag.py:3239} INFO - Sync 1 DAGs
[2024-10-12T08:11:22.761+0000] {logging_mixin.py:190} INFO - [2024-10-12T08:11:22.760+0000] {dag.py:4180} INFO - Setting next_dagrun for example_complex to None, run_after=None
[2024-10-12T08:11:22.814+0000] {processor.py:208} INFO - Processing /home/vboxuser/airflow_venv/lib/python3.12/site-packages/airflow/example_dags/example_complex.py took 0.202 seconds
[2024-10-12T08:12:26.707+0000] {processor.py:186} INFO - Started process (PID=14416) to work on /home/vboxuser/airflow_venv/lib/python3.12/site-packages/airflow/example_dags/example_complex.py
[2024-10-12T08:12:26.711+0000] {processor.py:914} INFO - Processing file /home/vboxuser/airflow_venv/lib/python3.12/site-packages/airflow/example_dags/example_complex.py for tasks to queue
[2024-10-12T08:12:26.717+0000] {logging_mixin.py:190} INFO - [2024-10-12T08:12:26.715+0000] {dagbag.py:588} INFO - Filling up the DagBag from /home/vboxuser/airflow_venv/lib/python3.12/site-packages/airflow/example_dags/example_complex.py
[2024-10-12T08:12:26.745+0000] {processor.py:925} INFO - DAG(s) 'example_complex' retrieved from /home/vboxuser/airflow_venv/lib/python3.12/site-packages/airflow/example_dags/example_complex.py
[2024-10-12T08:12:26.808+0000] {logging_mixin.py:190} INFO - [2024-10-12T08:12:26.808+0000] {dag.py:3239} INFO - Sync 1 DAGs
[2024-10-12T08:12:26.838+0000] {logging_mixin.py:190} INFO - [2024-10-12T08:12:26.837+0000] {dag.py:4180} INFO - Setting next_dagrun for example_complex to None, run_after=None
[2024-10-12T08:12:26.896+0000] {processor.py:208} INFO - Processing /home/vboxuser/airflow_venv/lib/python3.12/site-packages/airflow/example_dags/example_complex.py took 0.206 seconds
[2024-10-12T08:13:38.956+0000] {processor.py:186} INFO - Started process (PID=14479) to work on /home/vboxuser/airflow_venv/lib/python3.12/site-packages/airflow/example_dags/example_complex.py
[2024-10-12T08:13:38.964+0000] {processor.py:914} INFO - Processing file /home/vboxuser/airflow_venv/lib/python3.12/site-packages/airflow/example_dags/example_complex.py for tasks to queue
[2024-10-12T08:13:38.970+0000] {logging_mixin.py:190} INFO - [2024-10-12T08:13:38.969+0000] {dagbag.py:588} INFO - Filling up the DagBag from /home/vboxuser/airflow_venv/lib/python3.12/site-packages/airflow/example_dags/example_complex.py
[2024-10-12T08:13:38.990+0000] {processor.py:925} INFO - DAG(s) 'example_complex' retrieved from /home/vboxuser/airflow_venv/lib/python3.12/site-packages/airflow/example_dags/example_complex.py
[2024-10-12T08:13:39.024+0000] {logging_mixin.py:190} INFO - [2024-10-12T08:13:39.023+0000] {dag.py:3239} INFO - Sync 1 DAGs
[2024-10-12T08:13:39.041+0000] {logging_mixin.py:190} INFO - [2024-10-12T08:13:39.041+0000] {dag.py:4180} INFO - Setting next_dagrun for example_complex to None, run_after=None
[2024-10-12T08:13:39.097+0000] {processor.py:208} INFO - Processing /home/vboxuser/airflow_venv/lib/python3.12/site-packages/airflow/example_dags/example_complex.py took 0.159 seconds
[2024-10-12T08:14:54.919+0000] {processor.py:186} INFO - Started process (PID=14542) to work on /home/vboxuser/airflow_venv/lib/python3.12/site-packages/airflow/example_dags/example_complex.py
[2024-10-12T08:14:54.926+0000] {processor.py:914} INFO - Processing file /home/vboxuser/airflow_venv/lib/python3.12/site-packages/airflow/example_dags/example_complex.py for tasks to queue
[2024-10-12T08:14:54.932+0000] {logging_mixin.py:190} INFO - [2024-10-12T08:14:54.931+0000] {dagbag.py:588} INFO - Filling up the DagBag from /home/vboxuser/airflow_venv/lib/python3.12/site-packages/airflow/example_dags/example_complex.py
[2024-10-12T08:14:54.959+0000] {processor.py:925} INFO - DAG(s) 'example_complex' retrieved from /home/vboxuser/airflow_venv/lib/python3.12/site-packages/airflow/example_dags/example_complex.py
[2024-10-12T08:14:55.006+0000] {logging_mixin.py:190} INFO - [2024-10-12T08:14:55.006+0000] {dag.py:3239} INFO - Sync 1 DAGs
[2024-10-12T08:14:55.024+0000] {logging_mixin.py:190} INFO - [2024-10-12T08:14:55.024+0000] {dag.py:4180} INFO - Setting next_dagrun for example_complex to None, run_after=None
[2024-10-12T08:14:55.088+0000] {processor.py:208} INFO - Processing /home/vboxuser/airflow_venv/lib/python3.12/site-packages/airflow/example_dags/example_complex.py took 0.184 seconds
[2024-10-12T08:16:08.392+0000] {processor.py:186} INFO - Started process (PID=14607) to work on /home/vboxuser/airflow_venv/lib/python3.12/site-packages/airflow/example_dags/example_complex.py
[2024-10-12T08:16:08.400+0000] {processor.py:914} INFO - Processing file /home/vboxuser/airflow_venv/lib/python3.12/site-packages/airflow/example_dags/example_complex.py for tasks to queue
[2024-10-12T08:16:08.406+0000] {logging_mixin.py:190} INFO - [2024-10-12T08:16:08.405+0000] {dagbag.py:588} INFO - Filling up the DagBag from /home/vboxuser/airflow_venv/lib/python3.12/site-packages/airflow/example_dags/example_complex.py
[2024-10-12T08:16:08.434+0000] {processor.py:925} INFO - DAG(s) 'example_complex' retrieved from /home/vboxuser/airflow_venv/lib/python3.12/site-packages/airflow/example_dags/example_complex.py
[2024-10-12T08:16:08.488+0000] {logging_mixin.py:190} INFO - [2024-10-12T08:16:08.488+0000] {dag.py:3239} INFO - Sync 1 DAGs
[2024-10-12T08:16:08.517+0000] {logging_mixin.py:190} INFO - [2024-10-12T08:16:08.517+0000] {dag.py:4180} INFO - Setting next_dagrun for example_complex to None, run_after=None
[2024-10-12T08:16:08.584+0000] {processor.py:208} INFO - Processing /home/vboxuser/airflow_venv/lib/python3.12/site-packages/airflow/example_dags/example_complex.py took 0.206 seconds
[2024-10-12T08:17:22.346+0000] {processor.py:186} INFO - Started process (PID=14674) to work on /home/vboxuser/airflow_venv/lib/python3.12/site-packages/airflow/example_dags/example_complex.py
[2024-10-12T08:17:22.353+0000] {processor.py:914} INFO - Processing file /home/vboxuser/airflow_venv/lib/python3.12/site-packages/airflow/example_dags/example_complex.py for tasks to queue
[2024-10-12T08:17:22.357+0000] {logging_mixin.py:190} INFO - [2024-10-12T08:17:22.357+0000] {dagbag.py:588} INFO - Filling up the DagBag from /home/vboxuser/airflow_venv/lib/python3.12/site-packages/airflow/example_dags/example_complex.py
[2024-10-12T08:17:22.383+0000] {processor.py:925} INFO - DAG(s) 'example_complex' retrieved from /home/vboxuser/airflow_venv/lib/python3.12/site-packages/airflow/example_dags/example_complex.py
[2024-10-12T08:17:22.419+0000] {logging_mixin.py:190} INFO - [2024-10-12T08:17:22.419+0000] {dag.py:3239} INFO - Sync 1 DAGs
[2024-10-12T08:17:22.440+0000] {logging_mixin.py:190} INFO - [2024-10-12T08:17:22.439+0000] {dag.py:4180} INFO - Setting next_dagrun for example_complex to None, run_after=None
[2024-10-12T08:17:22.496+0000] {processor.py:208} INFO - Processing /home/vboxuser/airflow_venv/lib/python3.12/site-packages/airflow/example_dags/example_complex.py took 0.162 seconds
