[2024-10-12T07:09:21.563+0000] {processor.py:186} INFO - Started process (PID=11330) to work on /home/vboxuser/airflow_venv/lib/python3.12/site-packages/airflow/example_dags/example_sensor_decorator.py
[2024-10-12T07:09:21.564+0000] {processor.py:914} INFO - Processing file /home/vboxuser/airflow_venv/lib/python3.12/site-packages/airflow/example_dags/example_sensor_decorator.py for tasks to queue
[2024-10-12T07:09:21.567+0000] {logging_mixin.py:190} INFO - [2024-10-12T07:09:21.566+0000] {dagbag.py:588} INFO - Filling up the DagBag from /home/vboxuser/airflow_venv/lib/python3.12/site-packages/airflow/example_dags/example_sensor_decorator.py
[2024-10-12T07:09:21.579+0000] {processor.py:925} INFO - DAG(s) 'example_sensor_decorator' retrieved from /home/vboxuser/airflow_venv/lib/python3.12/site-packages/airflow/example_dags/example_sensor_decorator.py
[2024-10-12T07:09:21.704+0000] {logging_mixin.py:190} INFO - [2024-10-12T07:09:21.703+0000] {override.py:1901} INFO - Created Permission View: can delete on DAG:example_sensor_decorator
[2024-10-12T07:09:21.723+0000] {logging_mixin.py:190} INFO - [2024-10-12T07:09:21.723+0000] {override.py:1901} INFO - Created Permission View: can read on DAG:example_sensor_decorator
[2024-10-12T07:09:21.739+0000] {logging_mixin.py:190} INFO - [2024-10-12T07:09:21.737+0000] {override.py:1901} INFO - Created Permission View: can edit on DAG:example_sensor_decorator
[2024-10-12T07:09:21.769+0000] {logging_mixin.py:190} INFO - [2024-10-12T07:09:21.768+0000] {override.py:1901} INFO - Created Permission View: can delete on DAG Run:example_sensor_decorator
[2024-10-12T07:09:21.785+0000] {logging_mixin.py:190} INFO - [2024-10-12T07:09:21.784+0000] {override.py:1901} INFO - Created Permission View: can read on DAG Run:example_sensor_decorator
[2024-10-12T07:09:21.800+0000] {logging_mixin.py:190} INFO - [2024-10-12T07:09:21.800+0000] {override.py:1901} INFO - Created Permission View: menu access on DAG Run:example_sensor_decorator
[2024-10-12T07:09:21.821+0000] {logging_mixin.py:190} INFO - [2024-10-12T07:09:21.821+0000] {override.py:1901} INFO - Created Permission View: can create on DAG Run:example_sensor_decorator
[2024-10-12T07:09:21.821+0000] {logging_mixin.py:190} INFO - [2024-10-12T07:09:21.821+0000] {dag.py:3239} INFO - Sync 1 DAGs
[2024-10-12T07:09:21.833+0000] {logging_mixin.py:190} INFO - [2024-10-12T07:09:21.833+0000] {dag.py:3262} INFO - Creating ORM DAG for example_sensor_decorator
[2024-10-12T07:09:21.834+0000] {logging_mixin.py:190} INFO - [2024-10-12T07:09:21.834+0000] {dag.py:4180} INFO - Setting next_dagrun for example_sensor_decorator to None, run_after=None
[2024-10-12T07:09:21.862+0000] {processor.py:208} INFO - Processing /home/vboxuser/airflow_venv/lib/python3.12/site-packages/airflow/example_dags/example_sensor_decorator.py took 0.307 seconds
[2024-10-12T07:10:35.178+0000] {processor.py:186} INFO - Started process (PID=11401) to work on /home/vboxuser/airflow_venv/lib/python3.12/site-packages/airflow/example_dags/example_sensor_decorator.py
[2024-10-12T07:10:35.181+0000] {processor.py:914} INFO - Processing file /home/vboxuser/airflow_venv/lib/python3.12/site-packages/airflow/example_dags/example_sensor_decorator.py for tasks to queue
[2024-10-12T07:10:35.186+0000] {logging_mixin.py:190} INFO - [2024-10-12T07:10:35.185+0000] {dagbag.py:588} INFO - Filling up the DagBag from /home/vboxuser/airflow_venv/lib/python3.12/site-packages/airflow/example_dags/example_sensor_decorator.py
[2024-10-12T07:10:35.202+0000] {processor.py:925} INFO - DAG(s) 'example_sensor_decorator' retrieved from /home/vboxuser/airflow_venv/lib/python3.12/site-packages/airflow/example_dags/example_sensor_decorator.py
[2024-10-12T07:10:35.222+0000] {logging_mixin.py:190} INFO - [2024-10-12T07:10:35.222+0000] {dag.py:3239} INFO - Sync 1 DAGs
[2024-10-12T07:10:35.241+0000] {logging_mixin.py:190} INFO - [2024-10-12T07:10:35.241+0000] {dag.py:4180} INFO - Setting next_dagrun for example_sensor_decorator to None, run_after=None
[2024-10-12T07:10:35.278+0000] {processor.py:208} INFO - Processing /home/vboxuser/airflow_venv/lib/python3.12/site-packages/airflow/example_dags/example_sensor_decorator.py took 0.109 seconds
[2024-10-12T07:11:38.481+0000] {processor.py:186} INFO - Started process (PID=11458) to work on /home/vboxuser/airflow_venv/lib/python3.12/site-packages/airflow/example_dags/example_sensor_decorator.py
[2024-10-12T07:11:38.484+0000] {processor.py:914} INFO - Processing file /home/vboxuser/airflow_venv/lib/python3.12/site-packages/airflow/example_dags/example_sensor_decorator.py for tasks to queue
[2024-10-12T07:11:38.488+0000] {logging_mixin.py:190} INFO - [2024-10-12T07:11:38.486+0000] {dagbag.py:588} INFO - Filling up the DagBag from /home/vboxuser/airflow_venv/lib/python3.12/site-packages/airflow/example_dags/example_sensor_decorator.py
[2024-10-12T07:11:38.500+0000] {processor.py:925} INFO - DAG(s) 'example_sensor_decorator' retrieved from /home/vboxuser/airflow_venv/lib/python3.12/site-packages/airflow/example_dags/example_sensor_decorator.py
[2024-10-12T07:11:38.520+0000] {logging_mixin.py:190} INFO - [2024-10-12T07:11:38.520+0000] {dag.py:3239} INFO - Sync 1 DAGs
[2024-10-12T07:11:38.539+0000] {logging_mixin.py:190} INFO - [2024-10-12T07:11:38.539+0000] {dag.py:4180} INFO - Setting next_dagrun for example_sensor_decorator to None, run_after=None
[2024-10-12T07:11:38.582+0000] {processor.py:208} INFO - Processing /home/vboxuser/airflow_venv/lib/python3.12/site-packages/airflow/example_dags/example_sensor_decorator.py took 0.110 seconds
[2024-10-12T07:12:40.440+0000] {processor.py:186} INFO - Started process (PID=11516) to work on /home/vboxuser/airflow_venv/lib/python3.12/site-packages/airflow/example_dags/example_sensor_decorator.py
[2024-10-12T07:12:40.446+0000] {processor.py:914} INFO - Processing file /home/vboxuser/airflow_venv/lib/python3.12/site-packages/airflow/example_dags/example_sensor_decorator.py for tasks to queue
[2024-10-12T07:12:40.451+0000] {logging_mixin.py:190} INFO - [2024-10-12T07:12:40.450+0000] {dagbag.py:588} INFO - Filling up the DagBag from /home/vboxuser/airflow_venv/lib/python3.12/site-packages/airflow/example_dags/example_sensor_decorator.py
[2024-10-12T07:12:40.463+0000] {processor.py:925} INFO - DAG(s) 'example_sensor_decorator' retrieved from /home/vboxuser/airflow_venv/lib/python3.12/site-packages/airflow/example_dags/example_sensor_decorator.py
[2024-10-12T07:12:40.486+0000] {logging_mixin.py:190} INFO - [2024-10-12T07:12:40.485+0000] {dag.py:3239} INFO - Sync 1 DAGs
[2024-10-12T07:12:40.504+0000] {logging_mixin.py:190} INFO - [2024-10-12T07:12:40.504+0000] {dag.py:4180} INFO - Setting next_dagrun for example_sensor_decorator to None, run_after=None
[2024-10-12T07:12:40.540+0000] {processor.py:208} INFO - Processing /home/vboxuser/airflow_venv/lib/python3.12/site-packages/airflow/example_dags/example_sensor_decorator.py took 0.108 seconds
[2024-10-12T07:13:44.732+0000] {processor.py:186} INFO - Started process (PID=11652) to work on /home/vboxuser/airflow_venv/lib/python3.12/site-packages/airflow/example_dags/example_sensor_decorator.py
[2024-10-12T07:13:44.739+0000] {processor.py:914} INFO - Processing file /home/vboxuser/airflow_venv/lib/python3.12/site-packages/airflow/example_dags/example_sensor_decorator.py for tasks to queue
[2024-10-12T07:13:44.744+0000] {logging_mixin.py:190} INFO - [2024-10-12T07:13:44.743+0000] {dagbag.py:588} INFO - Filling up the DagBag from /home/vboxuser/airflow_venv/lib/python3.12/site-packages/airflow/example_dags/example_sensor_decorator.py
[2024-10-12T07:13:44.759+0000] {processor.py:925} INFO - DAG(s) 'example_sensor_decorator' retrieved from /home/vboxuser/airflow_venv/lib/python3.12/site-packages/airflow/example_dags/example_sensor_decorator.py
[2024-10-12T07:13:44.776+0000] {logging_mixin.py:190} INFO - [2024-10-12T07:13:44.776+0000] {dag.py:3239} INFO - Sync 1 DAGs
[2024-10-12T07:13:44.792+0000] {logging_mixin.py:190} INFO - [2024-10-12T07:13:44.791+0000] {dag.py:4180} INFO - Setting next_dagrun for example_sensor_decorator to None, run_after=None
[2024-10-12T07:13:44.830+0000] {processor.py:208} INFO - Processing /home/vboxuser/airflow_venv/lib/python3.12/site-packages/airflow/example_dags/example_sensor_decorator.py took 0.107 seconds
[2024-10-12T07:14:51.746+0000] {processor.py:186} INFO - Started process (PID=11717) to work on /home/vboxuser/airflow_venv/lib/python3.12/site-packages/airflow/example_dags/example_sensor_decorator.py
[2024-10-12T07:14:51.753+0000] {processor.py:914} INFO - Processing file /home/vboxuser/airflow_venv/lib/python3.12/site-packages/airflow/example_dags/example_sensor_decorator.py for tasks to queue
[2024-10-12T07:14:51.758+0000] {logging_mixin.py:190} INFO - [2024-10-12T07:14:51.757+0000] {dagbag.py:588} INFO - Filling up the DagBag from /home/vboxuser/airflow_venv/lib/python3.12/site-packages/airflow/example_dags/example_sensor_decorator.py
[2024-10-12T07:14:51.773+0000] {processor.py:925} INFO - DAG(s) 'example_sensor_decorator' retrieved from /home/vboxuser/airflow_venv/lib/python3.12/site-packages/airflow/example_dags/example_sensor_decorator.py
[2024-10-12T07:14:51.793+0000] {logging_mixin.py:190} INFO - [2024-10-12T07:14:51.792+0000] {dag.py:3239} INFO - Sync 1 DAGs
[2024-10-12T07:14:51.806+0000] {logging_mixin.py:190} INFO - [2024-10-12T07:14:51.806+0000] {dag.py:4180} INFO - Setting next_dagrun for example_sensor_decorator to None, run_after=None
[2024-10-12T07:14:51.970+0000] {processor.py:208} INFO - Processing /home/vboxuser/airflow_venv/lib/python3.12/site-packages/airflow/example_dags/example_sensor_decorator.py took 0.234 seconds
[2024-10-12T07:16:08.228+0000] {processor.py:186} INFO - Started process (PID=11794) to work on /home/vboxuser/airflow_venv/lib/python3.12/site-packages/airflow/example_dags/example_sensor_decorator.py
[2024-10-12T07:16:08.230+0000] {processor.py:914} INFO - Processing file /home/vboxuser/airflow_venv/lib/python3.12/site-packages/airflow/example_dags/example_sensor_decorator.py for tasks to queue
[2024-10-12T07:16:08.234+0000] {logging_mixin.py:190} INFO - [2024-10-12T07:16:08.233+0000] {dagbag.py:588} INFO - Filling up the DagBag from /home/vboxuser/airflow_venv/lib/python3.12/site-packages/airflow/example_dags/example_sensor_decorator.py
[2024-10-12T07:16:08.247+0000] {processor.py:925} INFO - DAG(s) 'example_sensor_decorator' retrieved from /home/vboxuser/airflow_venv/lib/python3.12/site-packages/airflow/example_dags/example_sensor_decorator.py
[2024-10-12T07:16:08.269+0000] {logging_mixin.py:190} INFO - [2024-10-12T07:16:08.268+0000] {dag.py:3239} INFO - Sync 1 DAGs
[2024-10-12T07:16:08.283+0000] {logging_mixin.py:190} INFO - [2024-10-12T07:16:08.282+0000] {dag.py:4180} INFO - Setting next_dagrun for example_sensor_decorator to None, run_after=None
[2024-10-12T07:16:08.325+0000] {processor.py:208} INFO - Processing /home/vboxuser/airflow_venv/lib/python3.12/site-packages/airflow/example_dags/example_sensor_decorator.py took 0.106 seconds
[2024-10-12T07:17:08.494+0000] {processor.py:186} INFO - Started process (PID=11854) to work on /home/vboxuser/airflow_venv/lib/python3.12/site-packages/airflow/example_dags/example_sensor_decorator.py
[2024-10-12T07:17:08.498+0000] {processor.py:914} INFO - Processing file /home/vboxuser/airflow_venv/lib/python3.12/site-packages/airflow/example_dags/example_sensor_decorator.py for tasks to queue
[2024-10-12T07:17:08.503+0000] {logging_mixin.py:190} INFO - [2024-10-12T07:17:08.502+0000] {dagbag.py:588} INFO - Filling up the DagBag from /home/vboxuser/airflow_venv/lib/python3.12/site-packages/airflow/example_dags/example_sensor_decorator.py
[2024-10-12T07:17:08.523+0000] {processor.py:925} INFO - DAG(s) 'example_sensor_decorator' retrieved from /home/vboxuser/airflow_venv/lib/python3.12/site-packages/airflow/example_dags/example_sensor_decorator.py
[2024-10-12T07:17:08.545+0000] {logging_mixin.py:190} INFO - [2024-10-12T07:17:08.545+0000] {dag.py:3239} INFO - Sync 1 DAGs
[2024-10-12T07:17:08.561+0000] {logging_mixin.py:190} INFO - [2024-10-12T07:17:08.560+0000] {dag.py:4180} INFO - Setting next_dagrun for example_sensor_decorator to None, run_after=None
[2024-10-12T07:17:08.593+0000] {processor.py:208} INFO - Processing /home/vboxuser/airflow_venv/lib/python3.12/site-packages/airflow/example_dags/example_sensor_decorator.py took 0.109 seconds
[2024-10-12T07:18:13.802+0000] {processor.py:186} INFO - Started process (PID=11913) to work on /home/vboxuser/airflow_venv/lib/python3.12/site-packages/airflow/example_dags/example_sensor_decorator.py
[2024-10-12T07:18:13.805+0000] {processor.py:914} INFO - Processing file /home/vboxuser/airflow_venv/lib/python3.12/site-packages/airflow/example_dags/example_sensor_decorator.py for tasks to queue
[2024-10-12T07:18:13.811+0000] {logging_mixin.py:190} INFO - [2024-10-12T07:18:13.809+0000] {dagbag.py:588} INFO - Filling up the DagBag from /home/vboxuser/airflow_venv/lib/python3.12/site-packages/airflow/example_dags/example_sensor_decorator.py
[2024-10-12T07:18:13.826+0000] {processor.py:925} INFO - DAG(s) 'example_sensor_decorator' retrieved from /home/vboxuser/airflow_venv/lib/python3.12/site-packages/airflow/example_dags/example_sensor_decorator.py
[2024-10-12T07:18:13.846+0000] {logging_mixin.py:190} INFO - [2024-10-12T07:18:13.845+0000] {dag.py:3239} INFO - Sync 1 DAGs
[2024-10-12T07:18:13.867+0000] {logging_mixin.py:190} INFO - [2024-10-12T07:18:13.867+0000] {dag.py:4180} INFO - Setting next_dagrun for example_sensor_decorator to None, run_after=None
[2024-10-12T07:18:13.912+0000] {processor.py:208} INFO - Processing /home/vboxuser/airflow_venv/lib/python3.12/site-packages/airflow/example_dags/example_sensor_decorator.py took 0.121 seconds
[2024-10-12T07:19:15.171+0000] {processor.py:186} INFO - Started process (PID=11970) to work on /home/vboxuser/airflow_venv/lib/python3.12/site-packages/airflow/example_dags/example_sensor_decorator.py
[2024-10-12T07:19:15.173+0000] {processor.py:914} INFO - Processing file /home/vboxuser/airflow_venv/lib/python3.12/site-packages/airflow/example_dags/example_sensor_decorator.py for tasks to queue
[2024-10-12T07:19:15.176+0000] {logging_mixin.py:190} INFO - [2024-10-12T07:19:15.176+0000] {dagbag.py:588} INFO - Filling up the DagBag from /home/vboxuser/airflow_venv/lib/python3.12/site-packages/airflow/example_dags/example_sensor_decorator.py
[2024-10-12T07:19:15.187+0000] {processor.py:925} INFO - DAG(s) 'example_sensor_decorator' retrieved from /home/vboxuser/airflow_venv/lib/python3.12/site-packages/airflow/example_dags/example_sensor_decorator.py
[2024-10-12T07:19:15.206+0000] {logging_mixin.py:190} INFO - [2024-10-12T07:19:15.206+0000] {dag.py:3239} INFO - Sync 1 DAGs
[2024-10-12T07:19:15.227+0000] {logging_mixin.py:190} INFO - [2024-10-12T07:19:15.227+0000] {dag.py:4180} INFO - Setting next_dagrun for example_sensor_decorator to None, run_after=None
[2024-10-12T07:19:15.264+0000] {processor.py:208} INFO - Processing /home/vboxuser/airflow_venv/lib/python3.12/site-packages/airflow/example_dags/example_sensor_decorator.py took 0.101 seconds
[2024-10-12T07:20:20.890+0000] {processor.py:186} INFO - Started process (PID=12033) to work on /home/vboxuser/airflow_venv/lib/python3.12/site-packages/airflow/example_dags/example_sensor_decorator.py
[2024-10-12T07:20:20.893+0000] {processor.py:914} INFO - Processing file /home/vboxuser/airflow_venv/lib/python3.12/site-packages/airflow/example_dags/example_sensor_decorator.py for tasks to queue
[2024-10-12T07:20:20.896+0000] {logging_mixin.py:190} INFO - [2024-10-12T07:20:20.895+0000] {dagbag.py:588} INFO - Filling up the DagBag from /home/vboxuser/airflow_venv/lib/python3.12/site-packages/airflow/example_dags/example_sensor_decorator.py
[2024-10-12T07:20:20.906+0000] {processor.py:925} INFO - DAG(s) 'example_sensor_decorator' retrieved from /home/vboxuser/airflow_venv/lib/python3.12/site-packages/airflow/example_dags/example_sensor_decorator.py
[2024-10-12T07:20:20.927+0000] {logging_mixin.py:190} INFO - [2024-10-12T07:20:20.927+0000] {dag.py:3239} INFO - Sync 1 DAGs
[2024-10-12T07:20:20.942+0000] {logging_mixin.py:190} INFO - [2024-10-12T07:20:20.942+0000] {dag.py:4180} INFO - Setting next_dagrun for example_sensor_decorator to None, run_after=None
[2024-10-12T07:20:20.978+0000] {processor.py:208} INFO - Processing /home/vboxuser/airflow_venv/lib/python3.12/site-packages/airflow/example_dags/example_sensor_decorator.py took 0.097 seconds
[2024-10-12T07:21:27.687+0000] {processor.py:186} INFO - Started process (PID=12095) to work on /home/vboxuser/airflow_venv/lib/python3.12/site-packages/airflow/example_dags/example_sensor_decorator.py
[2024-10-12T07:21:27.692+0000] {processor.py:914} INFO - Processing file /home/vboxuser/airflow_venv/lib/python3.12/site-packages/airflow/example_dags/example_sensor_decorator.py for tasks to queue
[2024-10-12T07:21:27.695+0000] {logging_mixin.py:190} INFO - [2024-10-12T07:21:27.694+0000] {dagbag.py:588} INFO - Filling up the DagBag from /home/vboxuser/airflow_venv/lib/python3.12/site-packages/airflow/example_dags/example_sensor_decorator.py
[2024-10-12T07:21:27.708+0000] {processor.py:925} INFO - DAG(s) 'example_sensor_decorator' retrieved from /home/vboxuser/airflow_venv/lib/python3.12/site-packages/airflow/example_dags/example_sensor_decorator.py
[2024-10-12T07:21:27.725+0000] {logging_mixin.py:190} INFO - [2024-10-12T07:21:27.725+0000] {dag.py:3239} INFO - Sync 1 DAGs
[2024-10-12T07:21:27.739+0000] {logging_mixin.py:190} INFO - [2024-10-12T07:21:27.739+0000] {dag.py:4180} INFO - Setting next_dagrun for example_sensor_decorator to None, run_after=None
[2024-10-12T07:21:27.770+0000] {processor.py:208} INFO - Processing /home/vboxuser/airflow_venv/lib/python3.12/site-packages/airflow/example_dags/example_sensor_decorator.py took 0.091 seconds
[2024-10-12T07:22:31.975+0000] {processor.py:186} INFO - Started process (PID=12154) to work on /home/vboxuser/airflow_venv/lib/python3.12/site-packages/airflow/example_dags/example_sensor_decorator.py
[2024-10-12T07:22:31.978+0000] {processor.py:914} INFO - Processing file /home/vboxuser/airflow_venv/lib/python3.12/site-packages/airflow/example_dags/example_sensor_decorator.py for tasks to queue
[2024-10-12T07:22:31.982+0000] {logging_mixin.py:190} INFO - [2024-10-12T07:22:31.981+0000] {dagbag.py:588} INFO - Filling up the DagBag from /home/vboxuser/airflow_venv/lib/python3.12/site-packages/airflow/example_dags/example_sensor_decorator.py
[2024-10-12T07:22:31.999+0000] {processor.py:925} INFO - DAG(s) 'example_sensor_decorator' retrieved from /home/vboxuser/airflow_venv/lib/python3.12/site-packages/airflow/example_dags/example_sensor_decorator.py
[2024-10-12T07:22:32.021+0000] {logging_mixin.py:190} INFO - [2024-10-12T07:22:32.020+0000] {dag.py:3239} INFO - Sync 1 DAGs
[2024-10-12T07:22:32.035+0000] {logging_mixin.py:190} INFO - [2024-10-12T07:22:32.034+0000] {dag.py:4180} INFO - Setting next_dagrun for example_sensor_decorator to None, run_after=None
[2024-10-12T07:22:32.069+0000] {processor.py:208} INFO - Processing /home/vboxuser/airflow_venv/lib/python3.12/site-packages/airflow/example_dags/example_sensor_decorator.py took 0.104 seconds
[2024-10-12T07:23:45.555+0000] {processor.py:186} INFO - Started process (PID=12216) to work on /home/vboxuser/airflow_venv/lib/python3.12/site-packages/airflow/example_dags/example_sensor_decorator.py
[2024-10-12T07:23:45.559+0000] {processor.py:914} INFO - Processing file /home/vboxuser/airflow_venv/lib/python3.12/site-packages/airflow/example_dags/example_sensor_decorator.py for tasks to queue
[2024-10-12T07:23:45.567+0000] {logging_mixin.py:190} INFO - [2024-10-12T07:23:45.567+0000] {dagbag.py:588} INFO - Filling up the DagBag from /home/vboxuser/airflow_venv/lib/python3.12/site-packages/airflow/example_dags/example_sensor_decorator.py
[2024-10-12T07:23:45.579+0000] {processor.py:925} INFO - DAG(s) 'example_sensor_decorator' retrieved from /home/vboxuser/airflow_venv/lib/python3.12/site-packages/airflow/example_dags/example_sensor_decorator.py
[2024-10-12T07:23:45.598+0000] {logging_mixin.py:190} INFO - [2024-10-12T07:23:45.597+0000] {dag.py:3239} INFO - Sync 1 DAGs
[2024-10-12T07:23:45.612+0000] {logging_mixin.py:190} INFO - [2024-10-12T07:23:45.611+0000] {dag.py:4180} INFO - Setting next_dagrun for example_sensor_decorator to None, run_after=None
[2024-10-12T07:23:45.647+0000] {processor.py:208} INFO - Processing /home/vboxuser/airflow_venv/lib/python3.12/site-packages/airflow/example_dags/example_sensor_decorator.py took 0.103 seconds
[2024-10-12T07:24:53.132+0000] {processor.py:186} INFO - Started process (PID=12277) to work on /home/vboxuser/airflow_venv/lib/python3.12/site-packages/airflow/example_dags/example_sensor_decorator.py
[2024-10-12T07:24:53.136+0000] {processor.py:914} INFO - Processing file /home/vboxuser/airflow_venv/lib/python3.12/site-packages/airflow/example_dags/example_sensor_decorator.py for tasks to queue
[2024-10-12T07:24:53.142+0000] {logging_mixin.py:190} INFO - [2024-10-12T07:24:53.141+0000] {dagbag.py:588} INFO - Filling up the DagBag from /home/vboxuser/airflow_venv/lib/python3.12/site-packages/airflow/example_dags/example_sensor_decorator.py
[2024-10-12T07:24:53.154+0000] {processor.py:925} INFO - DAG(s) 'example_sensor_decorator' retrieved from /home/vboxuser/airflow_venv/lib/python3.12/site-packages/airflow/example_dags/example_sensor_decorator.py
[2024-10-12T07:24:53.174+0000] {logging_mixin.py:190} INFO - [2024-10-12T07:24:53.174+0000] {dag.py:3239} INFO - Sync 1 DAGs
[2024-10-12T07:24:53.188+0000] {logging_mixin.py:190} INFO - [2024-10-12T07:24:53.188+0000] {dag.py:4180} INFO - Setting next_dagrun for example_sensor_decorator to None, run_after=None
[2024-10-12T07:24:53.221+0000] {processor.py:208} INFO - Processing /home/vboxuser/airflow_venv/lib/python3.12/site-packages/airflow/example_dags/example_sensor_decorator.py took 0.099 seconds
[2024-10-12T07:26:00.991+0000] {processor.py:186} INFO - Started process (PID=12342) to work on /home/vboxuser/airflow_venv/lib/python3.12/site-packages/airflow/example_dags/example_sensor_decorator.py
[2024-10-12T07:26:00.993+0000] {processor.py:914} INFO - Processing file /home/vboxuser/airflow_venv/lib/python3.12/site-packages/airflow/example_dags/example_sensor_decorator.py for tasks to queue
[2024-10-12T07:26:00.996+0000] {logging_mixin.py:190} INFO - [2024-10-12T07:26:00.995+0000] {dagbag.py:588} INFO - Filling up the DagBag from /home/vboxuser/airflow_venv/lib/python3.12/site-packages/airflow/example_dags/example_sensor_decorator.py
[2024-10-12T07:26:01.007+0000] {processor.py:925} INFO - DAG(s) 'example_sensor_decorator' retrieved from /home/vboxuser/airflow_venv/lib/python3.12/site-packages/airflow/example_dags/example_sensor_decorator.py
[2024-10-12T07:26:01.024+0000] {logging_mixin.py:190} INFO - [2024-10-12T07:26:01.024+0000] {dag.py:3239} INFO - Sync 1 DAGs
[2024-10-12T07:26:01.037+0000] {logging_mixin.py:190} INFO - [2024-10-12T07:26:01.037+0000] {dag.py:4180} INFO - Setting next_dagrun for example_sensor_decorator to None, run_after=None
[2024-10-12T07:26:01.068+0000] {processor.py:208} INFO - Processing /home/vboxuser/airflow_venv/lib/python3.12/site-packages/airflow/example_dags/example_sensor_decorator.py took 0.088 seconds
[2024-10-12T07:27:12.974+0000] {processor.py:186} INFO - Started process (PID=12405) to work on /home/vboxuser/airflow_venv/lib/python3.12/site-packages/airflow/example_dags/example_sensor_decorator.py
[2024-10-12T07:27:12.980+0000] {processor.py:914} INFO - Processing file /home/vboxuser/airflow_venv/lib/python3.12/site-packages/airflow/example_dags/example_sensor_decorator.py for tasks to queue
[2024-10-12T07:27:12.987+0000] {logging_mixin.py:190} INFO - [2024-10-12T07:27:12.986+0000] {dagbag.py:588} INFO - Filling up the DagBag from /home/vboxuser/airflow_venv/lib/python3.12/site-packages/airflow/example_dags/example_sensor_decorator.py
[2024-10-12T07:27:13.002+0000] {processor.py:925} INFO - DAG(s) 'example_sensor_decorator' retrieved from /home/vboxuser/airflow_venv/lib/python3.12/site-packages/airflow/example_dags/example_sensor_decorator.py
[2024-10-12T07:27:13.029+0000] {logging_mixin.py:190} INFO - [2024-10-12T07:27:13.028+0000] {dag.py:3239} INFO - Sync 1 DAGs
[2024-10-12T07:27:13.047+0000] {logging_mixin.py:190} INFO - [2024-10-12T07:27:13.047+0000] {dag.py:4180} INFO - Setting next_dagrun for example_sensor_decorator to None, run_after=None
[2024-10-12T07:27:13.100+0000] {processor.py:208} INFO - Processing /home/vboxuser/airflow_venv/lib/python3.12/site-packages/airflow/example_dags/example_sensor_decorator.py took 0.155 seconds
[2024-10-12T07:28:27.914+0000] {processor.py:186} INFO - Started process (PID=12468) to work on /home/vboxuser/airflow_venv/lib/python3.12/site-packages/airflow/example_dags/example_sensor_decorator.py
[2024-10-12T07:28:27.919+0000] {processor.py:914} INFO - Processing file /home/vboxuser/airflow_venv/lib/python3.12/site-packages/airflow/example_dags/example_sensor_decorator.py for tasks to queue
[2024-10-12T07:28:27.922+0000] {logging_mixin.py:190} INFO - [2024-10-12T07:28:27.921+0000] {dagbag.py:588} INFO - Filling up the DagBag from /home/vboxuser/airflow_venv/lib/python3.12/site-packages/airflow/example_dags/example_sensor_decorator.py
[2024-10-12T07:28:27.936+0000] {processor.py:925} INFO - DAG(s) 'example_sensor_decorator' retrieved from /home/vboxuser/airflow_venv/lib/python3.12/site-packages/airflow/example_dags/example_sensor_decorator.py
[2024-10-12T07:28:27.968+0000] {logging_mixin.py:190} INFO - [2024-10-12T07:28:27.967+0000] {dag.py:3239} INFO - Sync 1 DAGs
[2024-10-12T07:28:27.984+0000] {logging_mixin.py:190} INFO - [2024-10-12T07:28:27.984+0000] {dag.py:4180} INFO - Setting next_dagrun for example_sensor_decorator to None, run_after=None
[2024-10-12T07:28:28.017+0000] {processor.py:208} INFO - Processing /home/vboxuser/airflow_venv/lib/python3.12/site-packages/airflow/example_dags/example_sensor_decorator.py took 0.110 seconds
[2024-10-12T07:29:29.332+0000] {processor.py:186} INFO - Started process (PID=12524) to work on /home/vboxuser/airflow_venv/lib/python3.12/site-packages/airflow/example_dags/example_sensor_decorator.py
[2024-10-12T07:29:29.334+0000] {processor.py:914} INFO - Processing file /home/vboxuser/airflow_venv/lib/python3.12/site-packages/airflow/example_dags/example_sensor_decorator.py for tasks to queue
[2024-10-12T07:29:29.339+0000] {logging_mixin.py:190} INFO - [2024-10-12T07:29:29.337+0000] {dagbag.py:588} INFO - Filling up the DagBag from /home/vboxuser/airflow_venv/lib/python3.12/site-packages/airflow/example_dags/example_sensor_decorator.py
[2024-10-12T07:29:29.350+0000] {processor.py:925} INFO - DAG(s) 'example_sensor_decorator' retrieved from /home/vboxuser/airflow_venv/lib/python3.12/site-packages/airflow/example_dags/example_sensor_decorator.py
[2024-10-12T07:29:29.368+0000] {logging_mixin.py:190} INFO - [2024-10-12T07:29:29.368+0000] {dag.py:3239} INFO - Sync 1 DAGs
[2024-10-12T07:29:29.382+0000] {logging_mixin.py:190} INFO - [2024-10-12T07:29:29.382+0000] {dag.py:4180} INFO - Setting next_dagrun for example_sensor_decorator to None, run_after=None
[2024-10-12T07:29:29.418+0000] {processor.py:208} INFO - Processing /home/vboxuser/airflow_venv/lib/python3.12/site-packages/airflow/example_dags/example_sensor_decorator.py took 0.094 seconds
[2024-10-12T07:30:41.960+0000] {processor.py:186} INFO - Started process (PID=12608) to work on /home/vboxuser/airflow_venv/lib/python3.12/site-packages/airflow/example_dags/example_sensor_decorator.py
[2024-10-12T07:30:41.962+0000] {processor.py:914} INFO - Processing file /home/vboxuser/airflow_venv/lib/python3.12/site-packages/airflow/example_dags/example_sensor_decorator.py for tasks to queue
[2024-10-12T07:30:41.966+0000] {logging_mixin.py:190} INFO - [2024-10-12T07:30:41.965+0000] {dagbag.py:588} INFO - Filling up the DagBag from /home/vboxuser/airflow_venv/lib/python3.12/site-packages/airflow/example_dags/example_sensor_decorator.py
[2024-10-12T07:30:41.977+0000] {processor.py:925} INFO - DAG(s) 'example_sensor_decorator' retrieved from /home/vboxuser/airflow_venv/lib/python3.12/site-packages/airflow/example_dags/example_sensor_decorator.py
[2024-10-12T07:30:42.000+0000] {logging_mixin.py:190} INFO - [2024-10-12T07:30:41.999+0000] {dag.py:3239} INFO - Sync 1 DAGs
[2024-10-12T07:30:42.018+0000] {logging_mixin.py:190} INFO - [2024-10-12T07:30:42.018+0000] {dag.py:4180} INFO - Setting next_dagrun for example_sensor_decorator to None, run_after=None
[2024-10-12T07:30:42.057+0000] {processor.py:208} INFO - Processing /home/vboxuser/airflow_venv/lib/python3.12/site-packages/airflow/example_dags/example_sensor_decorator.py took 0.110 seconds
[2024-10-12T07:31:50.585+0000] {processor.py:186} INFO - Started process (PID=12678) to work on /home/vboxuser/airflow_venv/lib/python3.12/site-packages/airflow/example_dags/example_sensor_decorator.py
[2024-10-12T07:31:50.588+0000] {processor.py:914} INFO - Processing file /home/vboxuser/airflow_venv/lib/python3.12/site-packages/airflow/example_dags/example_sensor_decorator.py for tasks to queue
[2024-10-12T07:31:50.591+0000] {logging_mixin.py:190} INFO - [2024-10-12T07:31:50.590+0000] {dagbag.py:588} INFO - Filling up the DagBag from /home/vboxuser/airflow_venv/lib/python3.12/site-packages/airflow/example_dags/example_sensor_decorator.py
[2024-10-12T07:31:50.602+0000] {processor.py:925} INFO - DAG(s) 'example_sensor_decorator' retrieved from /home/vboxuser/airflow_venv/lib/python3.12/site-packages/airflow/example_dags/example_sensor_decorator.py
[2024-10-12T07:31:50.620+0000] {logging_mixin.py:190} INFO - [2024-10-12T07:31:50.619+0000] {dag.py:3239} INFO - Sync 1 DAGs
[2024-10-12T07:31:50.635+0000] {logging_mixin.py:190} INFO - [2024-10-12T07:31:50.635+0000] {dag.py:4180} INFO - Setting next_dagrun for example_sensor_decorator to None, run_after=None
[2024-10-12T07:31:50.669+0000] {processor.py:208} INFO - Processing /home/vboxuser/airflow_venv/lib/python3.12/site-packages/airflow/example_dags/example_sensor_decorator.py took 0.090 seconds
[2024-10-12T07:32:53.744+0000] {processor.py:186} INFO - Started process (PID=12736) to work on /home/vboxuser/airflow_venv/lib/python3.12/site-packages/airflow/example_dags/example_sensor_decorator.py
[2024-10-12T07:32:53.746+0000] {processor.py:914} INFO - Processing file /home/vboxuser/airflow_venv/lib/python3.12/site-packages/airflow/example_dags/example_sensor_decorator.py for tasks to queue
[2024-10-12T07:32:53.749+0000] {logging_mixin.py:190} INFO - [2024-10-12T07:32:53.749+0000] {dagbag.py:588} INFO - Filling up the DagBag from /home/vboxuser/airflow_venv/lib/python3.12/site-packages/airflow/example_dags/example_sensor_decorator.py
[2024-10-12T07:32:53.763+0000] {processor.py:925} INFO - DAG(s) 'example_sensor_decorator' retrieved from /home/vboxuser/airflow_venv/lib/python3.12/site-packages/airflow/example_dags/example_sensor_decorator.py
[2024-10-12T07:32:53.787+0000] {logging_mixin.py:190} INFO - [2024-10-12T07:32:53.786+0000] {dag.py:3239} INFO - Sync 1 DAGs
[2024-10-12T07:32:53.801+0000] {logging_mixin.py:190} INFO - [2024-10-12T07:32:53.800+0000] {dag.py:4180} INFO - Setting next_dagrun for example_sensor_decorator to None, run_after=None
[2024-10-12T07:32:53.839+0000] {processor.py:208} INFO - Processing /home/vboxuser/airflow_venv/lib/python3.12/site-packages/airflow/example_dags/example_sensor_decorator.py took 0.104 seconds
[2024-10-12T07:33:58.047+0000] {processor.py:186} INFO - Started process (PID=12795) to work on /home/vboxuser/airflow_venv/lib/python3.12/site-packages/airflow/example_dags/example_sensor_decorator.py
[2024-10-12T07:33:58.050+0000] {processor.py:914} INFO - Processing file /home/vboxuser/airflow_venv/lib/python3.12/site-packages/airflow/example_dags/example_sensor_decorator.py for tasks to queue
[2024-10-12T07:33:58.054+0000] {logging_mixin.py:190} INFO - [2024-10-12T07:33:58.053+0000] {dagbag.py:588} INFO - Filling up the DagBag from /home/vboxuser/airflow_venv/lib/python3.12/site-packages/airflow/example_dags/example_sensor_decorator.py
[2024-10-12T07:33:58.067+0000] {processor.py:925} INFO - DAG(s) 'example_sensor_decorator' retrieved from /home/vboxuser/airflow_venv/lib/python3.12/site-packages/airflow/example_dags/example_sensor_decorator.py
[2024-10-12T07:33:58.086+0000] {logging_mixin.py:190} INFO - [2024-10-12T07:33:58.086+0000] {dag.py:3239} INFO - Sync 1 DAGs
[2024-10-12T07:33:58.100+0000] {logging_mixin.py:190} INFO - [2024-10-12T07:33:58.100+0000] {dag.py:4180} INFO - Setting next_dagrun for example_sensor_decorator to None, run_after=None
[2024-10-12T07:33:58.134+0000] {processor.py:208} INFO - Processing /home/vboxuser/airflow_venv/lib/python3.12/site-packages/airflow/example_dags/example_sensor_decorator.py took 0.099 seconds
[2024-10-12T07:34:58.260+0000] {processor.py:186} INFO - Started process (PID=12863) to work on /home/vboxuser/airflow_venv/lib/python3.12/site-packages/airflow/example_dags/example_sensor_decorator.py
[2024-10-12T07:34:58.263+0000] {processor.py:914} INFO - Processing file /home/vboxuser/airflow_venv/lib/python3.12/site-packages/airflow/example_dags/example_sensor_decorator.py for tasks to queue
[2024-10-12T07:34:58.267+0000] {logging_mixin.py:190} INFO - [2024-10-12T07:34:58.266+0000] {dagbag.py:588} INFO - Filling up the DagBag from /home/vboxuser/airflow_venv/lib/python3.12/site-packages/airflow/example_dags/example_sensor_decorator.py
[2024-10-12T07:34:58.280+0000] {processor.py:925} INFO - DAG(s) 'example_sensor_decorator' retrieved from /home/vboxuser/airflow_venv/lib/python3.12/site-packages/airflow/example_dags/example_sensor_decorator.py
[2024-10-12T07:34:58.304+0000] {logging_mixin.py:190} INFO - [2024-10-12T07:34:58.303+0000] {dag.py:3239} INFO - Sync 1 DAGs
[2024-10-12T07:34:58.323+0000] {logging_mixin.py:190} INFO - [2024-10-12T07:34:58.323+0000] {dag.py:4180} INFO - Setting next_dagrun for example_sensor_decorator to None, run_after=None
[2024-10-12T07:34:58.367+0000] {processor.py:208} INFO - Processing /home/vboxuser/airflow_venv/lib/python3.12/site-packages/airflow/example_dags/example_sensor_decorator.py took 0.118 seconds
[2024-10-12T07:47:40.761+0000] {processor.py:186} INFO - Started process (PID=12939) to work on /home/vboxuser/airflow_venv/lib/python3.12/site-packages/airflow/example_dags/example_sensor_decorator.py
[2024-10-12T07:47:40.765+0000] {processor.py:914} INFO - Processing file /home/vboxuser/airflow_venv/lib/python3.12/site-packages/airflow/example_dags/example_sensor_decorator.py for tasks to queue
[2024-10-12T07:47:40.769+0000] {logging_mixin.py:190} INFO - [2024-10-12T07:47:40.768+0000] {dagbag.py:588} INFO - Filling up the DagBag from /home/vboxuser/airflow_venv/lib/python3.12/site-packages/airflow/example_dags/example_sensor_decorator.py
[2024-10-12T07:47:40.783+0000] {processor.py:925} INFO - DAG(s) 'example_sensor_decorator' retrieved from /home/vboxuser/airflow_venv/lib/python3.12/site-packages/airflow/example_dags/example_sensor_decorator.py
[2024-10-12T07:47:40.812+0000] {logging_mixin.py:190} INFO - [2024-10-12T07:47:40.812+0000] {dag.py:3239} INFO - Sync 1 DAGs
[2024-10-12T07:47:40.837+0000] {logging_mixin.py:190} INFO - [2024-10-12T07:47:40.836+0000] {dag.py:4180} INFO - Setting next_dagrun for example_sensor_decorator to None, run_after=None
[2024-10-12T07:47:40.882+0000] {processor.py:208} INFO - Processing /home/vboxuser/airflow_venv/lib/python3.12/site-packages/airflow/example_dags/example_sensor_decorator.py took 0.133 seconds
[2024-10-12T07:48:50.718+0000] {processor.py:186} INFO - Started process (PID=13000) to work on /home/vboxuser/airflow_venv/lib/python3.12/site-packages/airflow/example_dags/example_sensor_decorator.py
[2024-10-12T07:48:50.721+0000] {processor.py:914} INFO - Processing file /home/vboxuser/airflow_venv/lib/python3.12/site-packages/airflow/example_dags/example_sensor_decorator.py for tasks to queue
[2024-10-12T07:48:50.725+0000] {logging_mixin.py:190} INFO - [2024-10-12T07:48:50.724+0000] {dagbag.py:588} INFO - Filling up the DagBag from /home/vboxuser/airflow_venv/lib/python3.12/site-packages/airflow/example_dags/example_sensor_decorator.py
[2024-10-12T07:48:50.740+0000] {processor.py:925} INFO - DAG(s) 'example_sensor_decorator' retrieved from /home/vboxuser/airflow_venv/lib/python3.12/site-packages/airflow/example_dags/example_sensor_decorator.py
[2024-10-12T07:48:50.770+0000] {logging_mixin.py:190} INFO - [2024-10-12T07:48:50.769+0000] {dag.py:3239} INFO - Sync 1 DAGs
[2024-10-12T07:48:50.791+0000] {logging_mixin.py:190} INFO - [2024-10-12T07:48:50.790+0000] {dag.py:4180} INFO - Setting next_dagrun for example_sensor_decorator to None, run_after=None
[2024-10-12T07:48:50.839+0000] {processor.py:208} INFO - Processing /home/vboxuser/airflow_venv/lib/python3.12/site-packages/airflow/example_dags/example_sensor_decorator.py took 0.131 seconds
[2024-10-12T07:49:58.773+0000] {processor.py:186} INFO - Started process (PID=13059) to work on /home/vboxuser/airflow_venv/lib/python3.12/site-packages/airflow/example_dags/example_sensor_decorator.py
[2024-10-12T07:49:58.776+0000] {processor.py:914} INFO - Processing file /home/vboxuser/airflow_venv/lib/python3.12/site-packages/airflow/example_dags/example_sensor_decorator.py for tasks to queue
[2024-10-12T07:49:58.781+0000] {logging_mixin.py:190} INFO - [2024-10-12T07:49:58.780+0000] {dagbag.py:588} INFO - Filling up the DagBag from /home/vboxuser/airflow_venv/lib/python3.12/site-packages/airflow/example_dags/example_sensor_decorator.py
[2024-10-12T07:49:58.796+0000] {processor.py:925} INFO - DAG(s) 'example_sensor_decorator' retrieved from /home/vboxuser/airflow_venv/lib/python3.12/site-packages/airflow/example_dags/example_sensor_decorator.py
[2024-10-12T07:49:58.821+0000] {logging_mixin.py:190} INFO - [2024-10-12T07:49:58.821+0000] {dag.py:3239} INFO - Sync 1 DAGs
[2024-10-12T07:49:58.842+0000] {logging_mixin.py:190} INFO - [2024-10-12T07:49:58.842+0000] {dag.py:4180} INFO - Setting next_dagrun for example_sensor_decorator to None, run_after=None
[2024-10-12T07:49:58.883+0000] {processor.py:208} INFO - Processing /home/vboxuser/airflow_venv/lib/python3.12/site-packages/airflow/example_dags/example_sensor_decorator.py took 0.120 seconds
[2024-10-12T07:51:07.952+0000] {processor.py:186} INFO - Started process (PID=13196) to work on /home/vboxuser/airflow_venv/lib/python3.12/site-packages/airflow/example_dags/example_sensor_decorator.py
[2024-10-12T07:51:07.954+0000] {processor.py:914} INFO - Processing file /home/vboxuser/airflow_venv/lib/python3.12/site-packages/airflow/example_dags/example_sensor_decorator.py for tasks to queue
[2024-10-12T07:51:07.959+0000] {logging_mixin.py:190} INFO - [2024-10-12T07:51:07.958+0000] {dagbag.py:588} INFO - Filling up the DagBag from /home/vboxuser/airflow_venv/lib/python3.12/site-packages/airflow/example_dags/example_sensor_decorator.py
[2024-10-12T07:51:07.974+0000] {processor.py:925} INFO - DAG(s) 'example_sensor_decorator' retrieved from /home/vboxuser/airflow_venv/lib/python3.12/site-packages/airflow/example_dags/example_sensor_decorator.py
[2024-10-12T07:51:07.997+0000] {logging_mixin.py:190} INFO - [2024-10-12T07:51:07.997+0000] {dag.py:3239} INFO - Sync 1 DAGs
[2024-10-12T07:51:08.014+0000] {logging_mixin.py:190} INFO - [2024-10-12T07:51:08.014+0000] {dag.py:4180} INFO - Setting next_dagrun for example_sensor_decorator to None, run_after=None
[2024-10-12T07:51:08.055+0000] {processor.py:208} INFO - Processing /home/vboxuser/airflow_venv/lib/python3.12/site-packages/airflow/example_dags/example_sensor_decorator.py took 0.113 seconds
[2024-10-12T07:52:19.315+0000] {processor.py:186} INFO - Started process (PID=13271) to work on /home/vboxuser/airflow_venv/lib/python3.12/site-packages/airflow/example_dags/example_sensor_decorator.py
[2024-10-12T07:52:19.319+0000] {processor.py:914} INFO - Processing file /home/vboxuser/airflow_venv/lib/python3.12/site-packages/airflow/example_dags/example_sensor_decorator.py for tasks to queue
[2024-10-12T07:52:19.323+0000] {logging_mixin.py:190} INFO - [2024-10-12T07:52:19.322+0000] {dagbag.py:588} INFO - Filling up the DagBag from /home/vboxuser/airflow_venv/lib/python3.12/site-packages/airflow/example_dags/example_sensor_decorator.py
[2024-10-12T07:52:19.361+0000] {processor.py:925} INFO - DAG(s) 'example_sensor_decorator' retrieved from /home/vboxuser/airflow_venv/lib/python3.12/site-packages/airflow/example_dags/example_sensor_decorator.py
[2024-10-12T07:52:19.447+0000] {logging_mixin.py:190} INFO - [2024-10-12T07:52:19.446+0000] {dag.py:3239} INFO - Sync 1 DAGs
[2024-10-12T07:52:19.475+0000] {logging_mixin.py:190} INFO - [2024-10-12T07:52:19.474+0000] {dag.py:4180} INFO - Setting next_dagrun for example_sensor_decorator to None, run_after=None
[2024-10-12T07:52:19.513+0000] {processor.py:208} INFO - Processing /home/vboxuser/airflow_venv/lib/python3.12/site-packages/airflow/example_dags/example_sensor_decorator.py took 0.228 seconds
[2024-10-12T07:53:26.520+0000] {processor.py:186} INFO - Started process (PID=13344) to work on /home/vboxuser/airflow_venv/lib/python3.12/site-packages/airflow/example_dags/example_sensor_decorator.py
[2024-10-12T07:53:26.523+0000] {processor.py:914} INFO - Processing file /home/vboxuser/airflow_venv/lib/python3.12/site-packages/airflow/example_dags/example_sensor_decorator.py for tasks to queue
[2024-10-12T07:53:26.526+0000] {logging_mixin.py:190} INFO - [2024-10-12T07:53:26.526+0000] {dagbag.py:588} INFO - Filling up the DagBag from /home/vboxuser/airflow_venv/lib/python3.12/site-packages/airflow/example_dags/example_sensor_decorator.py
[2024-10-12T07:53:26.547+0000] {processor.py:925} INFO - DAG(s) 'example_sensor_decorator' retrieved from /home/vboxuser/airflow_venv/lib/python3.12/site-packages/airflow/example_dags/example_sensor_decorator.py
[2024-10-12T07:53:26.576+0000] {logging_mixin.py:190} INFO - [2024-10-12T07:53:26.576+0000] {dag.py:3239} INFO - Sync 1 DAGs
[2024-10-12T07:53:26.598+0000] {logging_mixin.py:190} INFO - [2024-10-12T07:53:26.598+0000] {dag.py:4180} INFO - Setting next_dagrun for example_sensor_decorator to None, run_after=None
[2024-10-12T07:53:26.649+0000] {processor.py:208} INFO - Processing /home/vboxuser/airflow_venv/lib/python3.12/site-packages/airflow/example_dags/example_sensor_decorator.py took 0.138 seconds
[2024-10-12T07:54:26.273+0000] {processor.py:186} INFO - Started process (PID=13400) to work on /home/vboxuser/airflow_venv/lib/python3.12/site-packages/airflow/example_dags/example_sensor_decorator.py
[2024-10-12T07:54:26.279+0000] {processor.py:914} INFO - Processing file /home/vboxuser/airflow_venv/lib/python3.12/site-packages/airflow/example_dags/example_sensor_decorator.py for tasks to queue
[2024-10-12T07:54:26.283+0000] {logging_mixin.py:190} INFO - [2024-10-12T07:54:26.282+0000] {dagbag.py:588} INFO - Filling up the DagBag from /home/vboxuser/airflow_venv/lib/python3.12/site-packages/airflow/example_dags/example_sensor_decorator.py
[2024-10-12T07:54:26.298+0000] {processor.py:925} INFO - DAG(s) 'example_sensor_decorator' retrieved from /home/vboxuser/airflow_venv/lib/python3.12/site-packages/airflow/example_dags/example_sensor_decorator.py
[2024-10-12T07:54:26.323+0000] {logging_mixin.py:190} INFO - [2024-10-12T07:54:26.322+0000] {dag.py:3239} INFO - Sync 1 DAGs
[2024-10-12T07:54:26.340+0000] {logging_mixin.py:190} INFO - [2024-10-12T07:54:26.340+0000] {dag.py:4180} INFO - Setting next_dagrun for example_sensor_decorator to None, run_after=None
[2024-10-12T07:54:26.378+0000] {processor.py:208} INFO - Processing /home/vboxuser/airflow_venv/lib/python3.12/site-packages/airflow/example_dags/example_sensor_decorator.py took 0.118 seconds
[2024-10-12T07:55:28.488+0000] {processor.py:186} INFO - Started process (PID=13462) to work on /home/vboxuser/airflow_venv/lib/python3.12/site-packages/airflow/example_dags/example_sensor_decorator.py
[2024-10-12T07:55:28.490+0000] {processor.py:914} INFO - Processing file /home/vboxuser/airflow_venv/lib/python3.12/site-packages/airflow/example_dags/example_sensor_decorator.py for tasks to queue
[2024-10-12T07:55:28.494+0000] {logging_mixin.py:190} INFO - [2024-10-12T07:55:28.493+0000] {dagbag.py:588} INFO - Filling up the DagBag from /home/vboxuser/airflow_venv/lib/python3.12/site-packages/airflow/example_dags/example_sensor_decorator.py
[2024-10-12T07:55:28.509+0000] {processor.py:925} INFO - DAG(s) 'example_sensor_decorator' retrieved from /home/vboxuser/airflow_venv/lib/python3.12/site-packages/airflow/example_dags/example_sensor_decorator.py
[2024-10-12T07:55:28.529+0000] {logging_mixin.py:190} INFO - [2024-10-12T07:55:28.529+0000] {dag.py:3239} INFO - Sync 1 DAGs
[2024-10-12T07:55:28.550+0000] {logging_mixin.py:190} INFO - [2024-10-12T07:55:28.549+0000] {dag.py:4180} INFO - Setting next_dagrun for example_sensor_decorator to None, run_after=None
[2024-10-12T07:55:28.588+0000] {processor.py:208} INFO - Processing /home/vboxuser/airflow_venv/lib/python3.12/site-packages/airflow/example_dags/example_sensor_decorator.py took 0.112 seconds
[2024-10-12T07:56:37.448+0000] {processor.py:186} INFO - Started process (PID=13525) to work on /home/vboxuser/airflow_venv/lib/python3.12/site-packages/airflow/example_dags/example_sensor_decorator.py
[2024-10-12T07:56:37.469+0000] {processor.py:914} INFO - Processing file /home/vboxuser/airflow_venv/lib/python3.12/site-packages/airflow/example_dags/example_sensor_decorator.py for tasks to queue
[2024-10-12T07:56:37.477+0000] {logging_mixin.py:190} INFO - [2024-10-12T07:56:37.474+0000] {dagbag.py:588} INFO - Filling up the DagBag from /home/vboxuser/airflow_venv/lib/python3.12/site-packages/airflow/example_dags/example_sensor_decorator.py
[2024-10-12T07:56:37.533+0000] {processor.py:925} INFO - DAG(s) 'example_sensor_decorator' retrieved from /home/vboxuser/airflow_venv/lib/python3.12/site-packages/airflow/example_dags/example_sensor_decorator.py
[2024-10-12T07:56:37.624+0000] {logging_mixin.py:190} INFO - [2024-10-12T07:56:37.624+0000] {dag.py:3239} INFO - Sync 1 DAGs
[2024-10-12T07:56:37.676+0000] {logging_mixin.py:190} INFO - [2024-10-12T07:56:37.676+0000] {dag.py:4180} INFO - Setting next_dagrun for example_sensor_decorator to None, run_after=None
[2024-10-12T07:56:37.714+0000] {processor.py:208} INFO - Processing /home/vboxuser/airflow_venv/lib/python3.12/site-packages/airflow/example_dags/example_sensor_decorator.py took 0.304 seconds
[2024-10-12T07:57:45.175+0000] {processor.py:186} INFO - Started process (PID=13600) to work on /home/vboxuser/airflow_venv/lib/python3.12/site-packages/airflow/example_dags/example_sensor_decorator.py
[2024-10-12T07:57:45.181+0000] {processor.py:914} INFO - Processing file /home/vboxuser/airflow_venv/lib/python3.12/site-packages/airflow/example_dags/example_sensor_decorator.py for tasks to queue
[2024-10-12T07:57:45.185+0000] {logging_mixin.py:190} INFO - [2024-10-12T07:57:45.184+0000] {dagbag.py:588} INFO - Filling up the DagBag from /home/vboxuser/airflow_venv/lib/python3.12/site-packages/airflow/example_dags/example_sensor_decorator.py
[2024-10-12T07:57:45.199+0000] {processor.py:925} INFO - DAG(s) 'example_sensor_decorator' retrieved from /home/vboxuser/airflow_venv/lib/python3.12/site-packages/airflow/example_dags/example_sensor_decorator.py
[2024-10-12T07:57:45.218+0000] {logging_mixin.py:190} INFO - [2024-10-12T07:57:45.217+0000] {dag.py:3239} INFO - Sync 1 DAGs
[2024-10-12T07:57:45.231+0000] {logging_mixin.py:190} INFO - [2024-10-12T07:57:45.231+0000] {dag.py:4180} INFO - Setting next_dagrun for example_sensor_decorator to None, run_after=None
[2024-10-12T07:57:45.263+0000] {processor.py:208} INFO - Processing /home/vboxuser/airflow_venv/lib/python3.12/site-packages/airflow/example_dags/example_sensor_decorator.py took 0.095 seconds
[2024-10-12T07:58:46.053+0000] {processor.py:186} INFO - Started process (PID=13659) to work on /home/vboxuser/airflow_venv/lib/python3.12/site-packages/airflow/example_dags/example_sensor_decorator.py
[2024-10-12T07:58:46.056+0000] {processor.py:914} INFO - Processing file /home/vboxuser/airflow_venv/lib/python3.12/site-packages/airflow/example_dags/example_sensor_decorator.py for tasks to queue
[2024-10-12T07:58:46.059+0000] {logging_mixin.py:190} INFO - [2024-10-12T07:58:46.058+0000] {dagbag.py:588} INFO - Filling up the DagBag from /home/vboxuser/airflow_venv/lib/python3.12/site-packages/airflow/example_dags/example_sensor_decorator.py
[2024-10-12T07:58:46.071+0000] {processor.py:925} INFO - DAG(s) 'example_sensor_decorator' retrieved from /home/vboxuser/airflow_venv/lib/python3.12/site-packages/airflow/example_dags/example_sensor_decorator.py
[2024-10-12T07:58:46.100+0000] {logging_mixin.py:190} INFO - [2024-10-12T07:58:46.100+0000] {dag.py:3239} INFO - Sync 1 DAGs
[2024-10-12T07:58:46.115+0000] {logging_mixin.py:190} INFO - [2024-10-12T07:58:46.114+0000] {dag.py:4180} INFO - Setting next_dagrun for example_sensor_decorator to None, run_after=None
[2024-10-12T07:58:46.147+0000] {processor.py:208} INFO - Processing /home/vboxuser/airflow_venv/lib/python3.12/site-packages/airflow/example_dags/example_sensor_decorator.py took 0.102 seconds
[2024-10-12T07:59:47.131+0000] {processor.py:186} INFO - Started process (PID=13716) to work on /home/vboxuser/airflow_venv/lib/python3.12/site-packages/airflow/example_dags/example_sensor_decorator.py
[2024-10-12T07:59:47.134+0000] {processor.py:914} INFO - Processing file /home/vboxuser/airflow_venv/lib/python3.12/site-packages/airflow/example_dags/example_sensor_decorator.py for tasks to queue
[2024-10-12T07:59:47.137+0000] {logging_mixin.py:190} INFO - [2024-10-12T07:59:47.136+0000] {dagbag.py:588} INFO - Filling up the DagBag from /home/vboxuser/airflow_venv/lib/python3.12/site-packages/airflow/example_dags/example_sensor_decorator.py
[2024-10-12T07:59:47.151+0000] {processor.py:925} INFO - DAG(s) 'example_sensor_decorator' retrieved from /home/vboxuser/airflow_venv/lib/python3.12/site-packages/airflow/example_dags/example_sensor_decorator.py
[2024-10-12T07:59:47.179+0000] {logging_mixin.py:190} INFO - [2024-10-12T07:59:47.179+0000] {dag.py:3239} INFO - Sync 1 DAGs
[2024-10-12T07:59:47.198+0000] {logging_mixin.py:190} INFO - [2024-10-12T07:59:47.198+0000] {dag.py:4180} INFO - Setting next_dagrun for example_sensor_decorator to None, run_after=None
[2024-10-12T07:59:47.241+0000] {processor.py:208} INFO - Processing /home/vboxuser/airflow_venv/lib/python3.12/site-packages/airflow/example_dags/example_sensor_decorator.py took 0.120 seconds
[2024-10-12T08:00:51.121+0000] {processor.py:186} INFO - Started process (PID=13778) to work on /home/vboxuser/airflow_venv/lib/python3.12/site-packages/airflow/example_dags/example_sensor_decorator.py
[2024-10-12T08:00:51.124+0000] {processor.py:914} INFO - Processing file /home/vboxuser/airflow_venv/lib/python3.12/site-packages/airflow/example_dags/example_sensor_decorator.py for tasks to queue
[2024-10-12T08:00:51.128+0000] {logging_mixin.py:190} INFO - [2024-10-12T08:00:51.127+0000] {dagbag.py:588} INFO - Filling up the DagBag from /home/vboxuser/airflow_venv/lib/python3.12/site-packages/airflow/example_dags/example_sensor_decorator.py
[2024-10-12T08:00:51.144+0000] {processor.py:925} INFO - DAG(s) 'example_sensor_decorator' retrieved from /home/vboxuser/airflow_venv/lib/python3.12/site-packages/airflow/example_dags/example_sensor_decorator.py
[2024-10-12T08:00:51.173+0000] {logging_mixin.py:190} INFO - [2024-10-12T08:00:51.173+0000] {dag.py:3239} INFO - Sync 1 DAGs
[2024-10-12T08:00:51.190+0000] {logging_mixin.py:190} INFO - [2024-10-12T08:00:51.190+0000] {dag.py:4180} INFO - Setting next_dagrun for example_sensor_decorator to None, run_after=None
[2024-10-12T08:00:51.229+0000] {processor.py:208} INFO - Processing /home/vboxuser/airflow_venv/lib/python3.12/site-packages/airflow/example_dags/example_sensor_decorator.py took 0.121 seconds
[2024-10-12T08:02:00.837+0000] {processor.py:186} INFO - Started process (PID=13839) to work on /home/vboxuser/airflow_venv/lib/python3.12/site-packages/airflow/example_dags/example_sensor_decorator.py
[2024-10-12T08:02:00.839+0000] {processor.py:914} INFO - Processing file /home/vboxuser/airflow_venv/lib/python3.12/site-packages/airflow/example_dags/example_sensor_decorator.py for tasks to queue
[2024-10-12T08:02:00.841+0000] {logging_mixin.py:190} INFO - [2024-10-12T08:02:00.841+0000] {dagbag.py:588} INFO - Filling up the DagBag from /home/vboxuser/airflow_venv/lib/python3.12/site-packages/airflow/example_dags/example_sensor_decorator.py
[2024-10-12T08:02:00.856+0000] {processor.py:925} INFO - DAG(s) 'example_sensor_decorator' retrieved from /home/vboxuser/airflow_venv/lib/python3.12/site-packages/airflow/example_dags/example_sensor_decorator.py
[2024-10-12T08:02:00.878+0000] {logging_mixin.py:190} INFO - [2024-10-12T08:02:00.877+0000] {dag.py:3239} INFO - Sync 1 DAGs
[2024-10-12T08:02:00.896+0000] {logging_mixin.py:190} INFO - [2024-10-12T08:02:00.896+0000] {dag.py:4180} INFO - Setting next_dagrun for example_sensor_decorator to None, run_after=None
[2024-10-12T08:02:00.938+0000] {processor.py:208} INFO - Processing /home/vboxuser/airflow_venv/lib/python3.12/site-packages/airflow/example_dags/example_sensor_decorator.py took 0.109 seconds
[2024-10-12T08:03:03.495+0000] {processor.py:186} INFO - Started process (PID=13898) to work on /home/vboxuser/airflow_venv/lib/python3.12/site-packages/airflow/example_dags/example_sensor_decorator.py
[2024-10-12T08:03:03.500+0000] {processor.py:914} INFO - Processing file /home/vboxuser/airflow_venv/lib/python3.12/site-packages/airflow/example_dags/example_sensor_decorator.py for tasks to queue
[2024-10-12T08:03:03.508+0000] {logging_mixin.py:190} INFO - [2024-10-12T08:03:03.506+0000] {dagbag.py:588} INFO - Filling up the DagBag from /home/vboxuser/airflow_venv/lib/python3.12/site-packages/airflow/example_dags/example_sensor_decorator.py
[2024-10-12T08:03:03.530+0000] {processor.py:925} INFO - DAG(s) 'example_sensor_decorator' retrieved from /home/vboxuser/airflow_venv/lib/python3.12/site-packages/airflow/example_dags/example_sensor_decorator.py
[2024-10-12T08:03:03.554+0000] {logging_mixin.py:190} INFO - [2024-10-12T08:03:03.554+0000] {dag.py:3239} INFO - Sync 1 DAGs
[2024-10-12T08:03:03.572+0000] {logging_mixin.py:190} INFO - [2024-10-12T08:03:03.572+0000] {dag.py:4180} INFO - Setting next_dagrun for example_sensor_decorator to None, run_after=None
[2024-10-12T08:03:03.616+0000] {processor.py:208} INFO - Processing /home/vboxuser/airflow_venv/lib/python3.12/site-packages/airflow/example_dags/example_sensor_decorator.py took 0.144 seconds
[2024-10-12T08:04:11.336+0000] {processor.py:186} INFO - Started process (PID=13967) to work on /home/vboxuser/airflow_venv/lib/python3.12/site-packages/airflow/example_dags/example_sensor_decorator.py
[2024-10-12T08:04:11.338+0000] {processor.py:914} INFO - Processing file /home/vboxuser/airflow_venv/lib/python3.12/site-packages/airflow/example_dags/example_sensor_decorator.py for tasks to queue
[2024-10-12T08:04:11.341+0000] {logging_mixin.py:190} INFO - [2024-10-12T08:04:11.341+0000] {dagbag.py:588} INFO - Filling up the DagBag from /home/vboxuser/airflow_venv/lib/python3.12/site-packages/airflow/example_dags/example_sensor_decorator.py
[2024-10-12T08:04:11.353+0000] {processor.py:925} INFO - DAG(s) 'example_sensor_decorator' retrieved from /home/vboxuser/airflow_venv/lib/python3.12/site-packages/airflow/example_dags/example_sensor_decorator.py
[2024-10-12T08:04:11.374+0000] {logging_mixin.py:190} INFO - [2024-10-12T08:04:11.373+0000] {dag.py:3239} INFO - Sync 1 DAGs
[2024-10-12T08:04:11.391+0000] {logging_mixin.py:190} INFO - [2024-10-12T08:04:11.391+0000] {dag.py:4180} INFO - Setting next_dagrun for example_sensor_decorator to None, run_after=None
[2024-10-12T08:04:11.431+0000] {processor.py:208} INFO - Processing /home/vboxuser/airflow_venv/lib/python3.12/site-packages/airflow/example_dags/example_sensor_decorator.py took 0.104 seconds
[2024-10-12T08:05:20.713+0000] {processor.py:186} INFO - Started process (PID=14032) to work on /home/vboxuser/airflow_venv/lib/python3.12/site-packages/airflow/example_dags/example_sensor_decorator.py
[2024-10-12T08:05:20.715+0000] {processor.py:914} INFO - Processing file /home/vboxuser/airflow_venv/lib/python3.12/site-packages/airflow/example_dags/example_sensor_decorator.py for tasks to queue
[2024-10-12T08:05:20.718+0000] {logging_mixin.py:190} INFO - [2024-10-12T08:05:20.718+0000] {dagbag.py:588} INFO - Filling up the DagBag from /home/vboxuser/airflow_venv/lib/python3.12/site-packages/airflow/example_dags/example_sensor_decorator.py
[2024-10-12T08:05:20.733+0000] {processor.py:925} INFO - DAG(s) 'example_sensor_decorator' retrieved from /home/vboxuser/airflow_venv/lib/python3.12/site-packages/airflow/example_dags/example_sensor_decorator.py
[2024-10-12T08:05:20.761+0000] {logging_mixin.py:190} INFO - [2024-10-12T08:05:20.760+0000] {dag.py:3239} INFO - Sync 1 DAGs
[2024-10-12T08:05:20.778+0000] {logging_mixin.py:190} INFO - [2024-10-12T08:05:20.778+0000] {dag.py:4180} INFO - Setting next_dagrun for example_sensor_decorator to None, run_after=None
[2024-10-12T08:05:20.820+0000] {processor.py:208} INFO - Processing /home/vboxuser/airflow_venv/lib/python3.12/site-packages/airflow/example_dags/example_sensor_decorator.py took 0.118 seconds
[2024-10-12T08:06:34.143+0000] {processor.py:186} INFO - Started process (PID=14103) to work on /home/vboxuser/airflow_venv/lib/python3.12/site-packages/airflow/example_dags/example_sensor_decorator.py
[2024-10-12T08:06:34.148+0000] {processor.py:914} INFO - Processing file /home/vboxuser/airflow_venv/lib/python3.12/site-packages/airflow/example_dags/example_sensor_decorator.py for tasks to queue
[2024-10-12T08:06:34.153+0000] {logging_mixin.py:190} INFO - [2024-10-12T08:06:34.152+0000] {dagbag.py:588} INFO - Filling up the DagBag from /home/vboxuser/airflow_venv/lib/python3.12/site-packages/airflow/example_dags/example_sensor_decorator.py
[2024-10-12T08:06:34.172+0000] {processor.py:925} INFO - DAG(s) 'example_sensor_decorator' retrieved from /home/vboxuser/airflow_venv/lib/python3.12/site-packages/airflow/example_dags/example_sensor_decorator.py
[2024-10-12T08:06:34.209+0000] {logging_mixin.py:190} INFO - [2024-10-12T08:06:34.209+0000] {dag.py:3239} INFO - Sync 1 DAGs
[2024-10-12T08:06:34.239+0000] {logging_mixin.py:190} INFO - [2024-10-12T08:06:34.238+0000] {dag.py:4180} INFO - Setting next_dagrun for example_sensor_decorator to None, run_after=None
[2024-10-12T08:06:34.304+0000] {processor.py:208} INFO - Processing /home/vboxuser/airflow_venv/lib/python3.12/site-packages/airflow/example_dags/example_sensor_decorator.py took 0.176 seconds
[2024-10-12T08:07:50.217+0000] {processor.py:186} INFO - Started process (PID=14172) to work on /home/vboxuser/airflow_venv/lib/python3.12/site-packages/airflow/example_dags/example_sensor_decorator.py
[2024-10-12T08:07:50.224+0000] {processor.py:914} INFO - Processing file /home/vboxuser/airflow_venv/lib/python3.12/site-packages/airflow/example_dags/example_sensor_decorator.py for tasks to queue
[2024-10-12T08:07:50.229+0000] {logging_mixin.py:190} INFO - [2024-10-12T08:07:50.228+0000] {dagbag.py:588} INFO - Filling up the DagBag from /home/vboxuser/airflow_venv/lib/python3.12/site-packages/airflow/example_dags/example_sensor_decorator.py
[2024-10-12T08:07:50.249+0000] {processor.py:925} INFO - DAG(s) 'example_sensor_decorator' retrieved from /home/vboxuser/airflow_venv/lib/python3.12/site-packages/airflow/example_dags/example_sensor_decorator.py
[2024-10-12T08:07:50.279+0000] {logging_mixin.py:190} INFO - [2024-10-12T08:07:50.279+0000] {dag.py:3239} INFO - Sync 1 DAGs
[2024-10-12T08:07:50.299+0000] {logging_mixin.py:190} INFO - [2024-10-12T08:07:50.298+0000] {dag.py:4180} INFO - Setting next_dagrun for example_sensor_decorator to None, run_after=None
[2024-10-12T08:07:50.342+0000] {processor.py:208} INFO - Processing /home/vboxuser/airflow_venv/lib/python3.12/site-packages/airflow/example_dags/example_sensor_decorator.py took 0.138 seconds
[2024-10-12T08:09:03.901+0000] {processor.py:186} INFO - Started process (PID=14237) to work on /home/vboxuser/airflow_venv/lib/python3.12/site-packages/airflow/example_dags/example_sensor_decorator.py
[2024-10-12T08:09:03.907+0000] {processor.py:914} INFO - Processing file /home/vboxuser/airflow_venv/lib/python3.12/site-packages/airflow/example_dags/example_sensor_decorator.py for tasks to queue
[2024-10-12T08:09:03.913+0000] {logging_mixin.py:190} INFO - [2024-10-12T08:09:03.912+0000] {dagbag.py:588} INFO - Filling up the DagBag from /home/vboxuser/airflow_venv/lib/python3.12/site-packages/airflow/example_dags/example_sensor_decorator.py
[2024-10-12T08:09:03.933+0000] {processor.py:925} INFO - DAG(s) 'example_sensor_decorator' retrieved from /home/vboxuser/airflow_venv/lib/python3.12/site-packages/airflow/example_dags/example_sensor_decorator.py
[2024-10-12T08:09:03.960+0000] {logging_mixin.py:190} INFO - [2024-10-12T08:09:03.960+0000] {dag.py:3239} INFO - Sync 1 DAGs
[2024-10-12T08:09:03.978+0000] {logging_mixin.py:190} INFO - [2024-10-12T08:09:03.978+0000] {dag.py:4180} INFO - Setting next_dagrun for example_sensor_decorator to None, run_after=None
[2024-10-12T08:09:04.031+0000] {processor.py:208} INFO - Processing /home/vboxuser/airflow_venv/lib/python3.12/site-packages/airflow/example_dags/example_sensor_decorator.py took 0.144 seconds
[2024-10-12T08:10:22.610+0000] {processor.py:186} INFO - Started process (PID=14303) to work on /home/vboxuser/airflow_venv/lib/python3.12/site-packages/airflow/example_dags/example_sensor_decorator.py
[2024-10-12T08:10:22.618+0000] {processor.py:914} INFO - Processing file /home/vboxuser/airflow_venv/lib/python3.12/site-packages/airflow/example_dags/example_sensor_decorator.py for tasks to queue
[2024-10-12T08:10:22.624+0000] {logging_mixin.py:190} INFO - [2024-10-12T08:10:22.623+0000] {dagbag.py:588} INFO - Filling up the DagBag from /home/vboxuser/airflow_venv/lib/python3.12/site-packages/airflow/example_dags/example_sensor_decorator.py
[2024-10-12T08:10:22.646+0000] {processor.py:925} INFO - DAG(s) 'example_sensor_decorator' retrieved from /home/vboxuser/airflow_venv/lib/python3.12/site-packages/airflow/example_dags/example_sensor_decorator.py
[2024-10-12T08:10:22.674+0000] {logging_mixin.py:190} INFO - [2024-10-12T08:10:22.674+0000] {dag.py:3239} INFO - Sync 1 DAGs
[2024-10-12T08:10:22.699+0000] {logging_mixin.py:190} INFO - [2024-10-12T08:10:22.698+0000] {dag.py:4180} INFO - Setting next_dagrun for example_sensor_decorator to None, run_after=None
[2024-10-12T08:10:22.768+0000] {processor.py:208} INFO - Processing /home/vboxuser/airflow_venv/lib/python3.12/site-packages/airflow/example_dags/example_sensor_decorator.py took 0.173 seconds
[2024-10-12T08:11:32.602+0000] {processor.py:186} INFO - Started process (PID=14366) to work on /home/vboxuser/airflow_venv/lib/python3.12/site-packages/airflow/example_dags/example_sensor_decorator.py
[2024-10-12T08:11:32.608+0000] {processor.py:914} INFO - Processing file /home/vboxuser/airflow_venv/lib/python3.12/site-packages/airflow/example_dags/example_sensor_decorator.py for tasks to queue
[2024-10-12T08:11:32.613+0000] {logging_mixin.py:190} INFO - [2024-10-12T08:11:32.612+0000] {dagbag.py:588} INFO - Filling up the DagBag from /home/vboxuser/airflow_venv/lib/python3.12/site-packages/airflow/example_dags/example_sensor_decorator.py
[2024-10-12T08:11:32.631+0000] {processor.py:925} INFO - DAG(s) 'example_sensor_decorator' retrieved from /home/vboxuser/airflow_venv/lib/python3.12/site-packages/airflow/example_dags/example_sensor_decorator.py
[2024-10-12T08:11:32.664+0000] {logging_mixin.py:190} INFO - [2024-10-12T08:11:32.664+0000] {dag.py:3239} INFO - Sync 1 DAGs
[2024-10-12T08:11:32.687+0000] {logging_mixin.py:190} INFO - [2024-10-12T08:11:32.687+0000] {dag.py:4180} INFO - Setting next_dagrun for example_sensor_decorator to None, run_after=None
[2024-10-12T08:11:32.751+0000] {processor.py:208} INFO - Processing /home/vboxuser/airflow_venv/lib/python3.12/site-packages/airflow/example_dags/example_sensor_decorator.py took 0.163 seconds
[2024-10-12T08:12:37.108+0000] {processor.py:186} INFO - Started process (PID=14425) to work on /home/vboxuser/airflow_venv/lib/python3.12/site-packages/airflow/example_dags/example_sensor_decorator.py
[2024-10-12T08:12:37.115+0000] {processor.py:914} INFO - Processing file /home/vboxuser/airflow_venv/lib/python3.12/site-packages/airflow/example_dags/example_sensor_decorator.py for tasks to queue
[2024-10-12T08:12:37.122+0000] {logging_mixin.py:190} INFO - [2024-10-12T08:12:37.121+0000] {dagbag.py:588} INFO - Filling up the DagBag from /home/vboxuser/airflow_venv/lib/python3.12/site-packages/airflow/example_dags/example_sensor_decorator.py
[2024-10-12T08:12:37.145+0000] {processor.py:925} INFO - DAG(s) 'example_sensor_decorator' retrieved from /home/vboxuser/airflow_venv/lib/python3.12/site-packages/airflow/example_dags/example_sensor_decorator.py
[2024-10-12T08:12:37.176+0000] {logging_mixin.py:190} INFO - [2024-10-12T08:12:37.176+0000] {dag.py:3239} INFO - Sync 1 DAGs
[2024-10-12T08:12:37.203+0000] {logging_mixin.py:190} INFO - [2024-10-12T08:12:37.203+0000] {dag.py:4180} INFO - Setting next_dagrun for example_sensor_decorator to None, run_after=None
[2024-10-12T08:12:37.266+0000] {processor.py:208} INFO - Processing /home/vboxuser/airflow_venv/lib/python3.12/site-packages/airflow/example_dags/example_sensor_decorator.py took 0.178 seconds
[2024-10-12T08:13:49.032+0000] {processor.py:186} INFO - Started process (PID=14488) to work on /home/vboxuser/airflow_venv/lib/python3.12/site-packages/airflow/example_dags/example_sensor_decorator.py
[2024-10-12T08:13:49.039+0000] {processor.py:914} INFO - Processing file /home/vboxuser/airflow_venv/lib/python3.12/site-packages/airflow/example_dags/example_sensor_decorator.py for tasks to queue
[2024-10-12T08:13:49.045+0000] {logging_mixin.py:190} INFO - [2024-10-12T08:13:49.044+0000] {dagbag.py:588} INFO - Filling up the DagBag from /home/vboxuser/airflow_venv/lib/python3.12/site-packages/airflow/example_dags/example_sensor_decorator.py
[2024-10-12T08:13:49.064+0000] {processor.py:925} INFO - DAG(s) 'example_sensor_decorator' retrieved from /home/vboxuser/airflow_venv/lib/python3.12/site-packages/airflow/example_dags/example_sensor_decorator.py
[2024-10-12T08:13:49.097+0000] {logging_mixin.py:190} INFO - [2024-10-12T08:13:49.097+0000] {dag.py:3239} INFO - Sync 1 DAGs
[2024-10-12T08:13:49.125+0000] {logging_mixin.py:190} INFO - [2024-10-12T08:13:49.124+0000] {dag.py:4180} INFO - Setting next_dagrun for example_sensor_decorator to None, run_after=None
[2024-10-12T08:13:49.187+0000] {processor.py:208} INFO - Processing /home/vboxuser/airflow_venv/lib/python3.12/site-packages/airflow/example_dags/example_sensor_decorator.py took 0.169 seconds
[2024-10-12T08:15:04.460+0000] {processor.py:186} INFO - Started process (PID=14554) to work on /home/vboxuser/airflow_venv/lib/python3.12/site-packages/airflow/example_dags/example_sensor_decorator.py
[2024-10-12T08:15:04.466+0000] {processor.py:914} INFO - Processing file /home/vboxuser/airflow_venv/lib/python3.12/site-packages/airflow/example_dags/example_sensor_decorator.py for tasks to queue
[2024-10-12T08:15:04.471+0000] {logging_mixin.py:190} INFO - [2024-10-12T08:15:04.470+0000] {dagbag.py:588} INFO - Filling up the DagBag from /home/vboxuser/airflow_venv/lib/python3.12/site-packages/airflow/example_dags/example_sensor_decorator.py
[2024-10-12T08:15:04.491+0000] {processor.py:925} INFO - DAG(s) 'example_sensor_decorator' retrieved from /home/vboxuser/airflow_venv/lib/python3.12/site-packages/airflow/example_dags/example_sensor_decorator.py
[2024-10-12T08:15:04.512+0000] {logging_mixin.py:190} INFO - [2024-10-12T08:15:04.512+0000] {dag.py:3239} INFO - Sync 1 DAGs
[2024-10-12T08:15:04.530+0000] {logging_mixin.py:190} INFO - [2024-10-12T08:15:04.529+0000] {dag.py:4180} INFO - Setting next_dagrun for example_sensor_decorator to None, run_after=None
[2024-10-12T08:15:04.580+0000] {processor.py:208} INFO - Processing /home/vboxuser/airflow_venv/lib/python3.12/site-packages/airflow/example_dags/example_sensor_decorator.py took 0.140 seconds
[2024-10-12T08:16:19.030+0000] {processor.py:186} INFO - Started process (PID=14616) to work on /home/vboxuser/airflow_venv/lib/python3.12/site-packages/airflow/example_dags/example_sensor_decorator.py
[2024-10-12T08:16:19.036+0000] {processor.py:914} INFO - Processing file /home/vboxuser/airflow_venv/lib/python3.12/site-packages/airflow/example_dags/example_sensor_decorator.py for tasks to queue
[2024-10-12T08:16:19.046+0000] {logging_mixin.py:190} INFO - [2024-10-12T08:16:19.044+0000] {dagbag.py:588} INFO - Filling up the DagBag from /home/vboxuser/airflow_venv/lib/python3.12/site-packages/airflow/example_dags/example_sensor_decorator.py
[2024-10-12T08:16:19.070+0000] {processor.py:925} INFO - DAG(s) 'example_sensor_decorator' retrieved from /home/vboxuser/airflow_venv/lib/python3.12/site-packages/airflow/example_dags/example_sensor_decorator.py
[2024-10-12T08:16:19.106+0000] {logging_mixin.py:190} INFO - [2024-10-12T08:16:19.105+0000] {dag.py:3239} INFO - Sync 1 DAGs
[2024-10-12T08:16:19.133+0000] {logging_mixin.py:190} INFO - [2024-10-12T08:16:19.133+0000] {dag.py:4180} INFO - Setting next_dagrun for example_sensor_decorator to None, run_after=None
[2024-10-12T08:16:19.184+0000] {processor.py:208} INFO - Processing /home/vboxuser/airflow_venv/lib/python3.12/site-packages/airflow/example_dags/example_sensor_decorator.py took 0.171 seconds
[2024-10-12T08:23:06.326+0000] {processor.py:186} INFO - Started process (PID=14702) to work on /home/vboxuser/airflow_venv/lib/python3.12/site-packages/airflow/example_dags/example_sensor_decorator.py
[2024-10-12T08:23:06.333+0000] {processor.py:914} INFO - Processing file /home/vboxuser/airflow_venv/lib/python3.12/site-packages/airflow/example_dags/example_sensor_decorator.py for tasks to queue
[2024-10-12T08:23:06.345+0000] {logging_mixin.py:190} INFO - [2024-10-12T08:23:06.343+0000] {dagbag.py:588} INFO - Filling up the DagBag from /home/vboxuser/airflow_venv/lib/python3.12/site-packages/airflow/example_dags/example_sensor_decorator.py
[2024-10-12T08:23:06.391+0000] {processor.py:925} INFO - DAG(s) 'example_sensor_decorator' retrieved from /home/vboxuser/airflow_venv/lib/python3.12/site-packages/airflow/example_dags/example_sensor_decorator.py
[2024-10-12T08:23:06.447+0000] {logging_mixin.py:190} INFO - [2024-10-12T08:23:06.447+0000] {dag.py:3239} INFO - Sync 1 DAGs
[2024-10-12T08:23:06.490+0000] {logging_mixin.py:190} INFO - [2024-10-12T08:23:06.490+0000] {dag.py:4180} INFO - Setting next_dagrun for example_sensor_decorator to None, run_after=None
[2024-10-12T08:23:06.564+0000] {processor.py:208} INFO - Processing /home/vboxuser/airflow_venv/lib/python3.12/site-packages/airflow/example_dags/example_sensor_decorator.py took 0.271 seconds
