[2024-10-12T07:08:43.506+0000] {processor.py:186} INFO - Started process (PID=11302) to work on /home/vboxuser/airflow_venv/lib/python3.12/site-packages/airflow/example_dags/example_sla_dag.py
[2024-10-12T07:08:43.507+0000] {processor.py:914} INFO - Processing file /home/vboxuser/airflow_venv/lib/python3.12/site-packages/airflow/example_dags/example_sla_dag.py for tasks to queue
[2024-10-12T07:08:43.510+0000] {logging_mixin.py:190} INFO - [2024-10-12T07:08:43.510+0000] {dagbag.py:588} INFO - Filling up the DagBag from /home/vboxuser/airflow_venv/lib/python3.12/site-packages/airflow/example_dags/example_sla_dag.py
[2024-10-12T07:08:43.525+0000] {processor.py:925} INFO - DAG(s) 'example_sla_dag' retrieved from /home/vboxuser/airflow_venv/lib/python3.12/site-packages/airflow/example_dags/example_sla_dag.py
[2024-10-12T07:08:43.655+0000] {logging_mixin.py:190} INFO - [2024-10-12T07:08:43.654+0000] {override.py:1901} INFO - Created Permission View: can delete on DAG:example_sla_dag
[2024-10-12T07:08:43.670+0000] {logging_mixin.py:190} INFO - [2024-10-12T07:08:43.670+0000] {override.py:1901} INFO - Created Permission View: can read on DAG:example_sla_dag
[2024-10-12T07:08:43.684+0000] {logging_mixin.py:190} INFO - [2024-10-12T07:08:43.684+0000] {override.py:1901} INFO - Created Permission View: can edit on DAG:example_sla_dag
[2024-10-12T07:08:43.709+0000] {logging_mixin.py:190} INFO - [2024-10-12T07:08:43.708+0000] {override.py:1901} INFO - Created Permission View: can delete on DAG Run:example_sla_dag
[2024-10-12T07:08:43.723+0000] {logging_mixin.py:190} INFO - [2024-10-12T07:08:43.723+0000] {override.py:1901} INFO - Created Permission View: can read on DAG Run:example_sla_dag
[2024-10-12T07:08:43.739+0000] {logging_mixin.py:190} INFO - [2024-10-12T07:08:43.738+0000] {override.py:1901} INFO - Created Permission View: menu access on DAG Run:example_sla_dag
[2024-10-12T07:08:43.756+0000] {logging_mixin.py:190} INFO - [2024-10-12T07:08:43.755+0000] {override.py:1901} INFO - Created Permission View: can create on DAG Run:example_sla_dag
[2024-10-12T07:08:43.756+0000] {logging_mixin.py:190} INFO - [2024-10-12T07:08:43.756+0000] {dag.py:3239} INFO - Sync 1 DAGs
[2024-10-12T07:08:43.776+0000] {logging_mixin.py:190} INFO - [2024-10-12T07:08:43.775+0000] {dag.py:3262} INFO - Creating ORM DAG for example_sla_dag
[2024-10-12T07:08:43.786+0000] {logging_mixin.py:190} INFO - [2024-10-12T07:08:43.786+0000] {dag.py:4180} INFO - Setting next_dagrun for example_sla_dag to 2024-10-12 07:06:00+00:00, run_after=2024-10-12 07:08:00+00:00
[2024-10-12T07:08:43.827+0000] {processor.py:208} INFO - Processing /home/vboxuser/airflow_venv/lib/python3.12/site-packages/airflow/example_dags/example_sla_dag.py took 0.330 seconds
[2024-10-12T07:09:54.980+0000] {processor.py:186} INFO - Started process (PID=11362) to work on /home/vboxuser/airflow_venv/lib/python3.12/site-packages/airflow/example_dags/example_sla_dag.py
[2024-10-12T07:09:54.982+0000] {processor.py:914} INFO - Processing file /home/vboxuser/airflow_venv/lib/python3.12/site-packages/airflow/example_dags/example_sla_dag.py for tasks to queue
[2024-10-12T07:09:54.985+0000] {logging_mixin.py:190} INFO - [2024-10-12T07:09:54.985+0000] {dagbag.py:588} INFO - Filling up the DagBag from /home/vboxuser/airflow_venv/lib/python3.12/site-packages/airflow/example_dags/example_sla_dag.py
[2024-10-12T07:09:54.997+0000] {processor.py:925} INFO - DAG(s) 'example_sla_dag' retrieved from /home/vboxuser/airflow_venv/lib/python3.12/site-packages/airflow/example_dags/example_sla_dag.py
[2024-10-12T07:09:55.015+0000] {logging_mixin.py:190} INFO - [2024-10-12T07:09:55.014+0000] {dag.py:3239} INFO - Sync 1 DAGs
[2024-10-12T07:09:55.043+0000] {logging_mixin.py:190} INFO - [2024-10-12T07:09:55.043+0000] {dag.py:4180} INFO - Setting next_dagrun for example_sla_dag to 2024-10-12 07:06:00+00:00, run_after=2024-10-12 07:08:00+00:00
[2024-10-12T07:09:55.077+0000] {processor.py:208} INFO - Processing /home/vboxuser/airflow_venv/lib/python3.12/site-packages/airflow/example_dags/example_sla_dag.py took 0.104 seconds
[2024-10-12T07:10:56.643+0000] {processor.py:186} INFO - Started process (PID=11422) to work on /home/vboxuser/airflow_venv/lib/python3.12/site-packages/airflow/example_dags/example_sla_dag.py
[2024-10-12T07:10:56.653+0000] {processor.py:914} INFO - Processing file /home/vboxuser/airflow_venv/lib/python3.12/site-packages/airflow/example_dags/example_sla_dag.py for tasks to queue
[2024-10-12T07:10:56.665+0000] {logging_mixin.py:190} INFO - [2024-10-12T07:10:56.661+0000] {dagbag.py:588} INFO - Filling up the DagBag from /home/vboxuser/airflow_venv/lib/python3.12/site-packages/airflow/example_dags/example_sla_dag.py
[2024-10-12T07:10:56.691+0000] {processor.py:925} INFO - DAG(s) 'example_sla_dag' retrieved from /home/vboxuser/airflow_venv/lib/python3.12/site-packages/airflow/example_dags/example_sla_dag.py
[2024-10-12T07:10:56.714+0000] {logging_mixin.py:190} INFO - [2024-10-12T07:10:56.713+0000] {dag.py:3239} INFO - Sync 1 DAGs
[2024-10-12T07:10:56.737+0000] {logging_mixin.py:190} INFO - [2024-10-12T07:10:56.737+0000] {dag.py:4180} INFO - Setting next_dagrun for example_sla_dag to 2024-10-12 07:08:00+00:00, run_after=2024-10-12 07:10:00+00:00
[2024-10-12T07:10:56.765+0000] {processor.py:208} INFO - Processing /home/vboxuser/airflow_venv/lib/python3.12/site-packages/airflow/example_dags/example_sla_dag.py took 0.144 seconds
[2024-10-12T07:12:04.945+0000] {processor.py:186} INFO - Started process (PID=11483) to work on /home/vboxuser/airflow_venv/lib/python3.12/site-packages/airflow/example_dags/example_sla_dag.py
[2024-10-12T07:12:04.948+0000] {processor.py:914} INFO - Processing file /home/vboxuser/airflow_venv/lib/python3.12/site-packages/airflow/example_dags/example_sla_dag.py for tasks to queue
[2024-10-12T07:12:04.952+0000] {logging_mixin.py:190} INFO - [2024-10-12T07:12:04.951+0000] {dagbag.py:588} INFO - Filling up the DagBag from /home/vboxuser/airflow_venv/lib/python3.12/site-packages/airflow/example_dags/example_sla_dag.py
[2024-10-12T07:12:04.966+0000] {processor.py:925} INFO - DAG(s) 'example_sla_dag' retrieved from /home/vboxuser/airflow_venv/lib/python3.12/site-packages/airflow/example_dags/example_sla_dag.py
[2024-10-12T07:12:04.982+0000] {logging_mixin.py:190} INFO - [2024-10-12T07:12:04.982+0000] {dag.py:3239} INFO - Sync 1 DAGs
[2024-10-12T07:12:05.004+0000] {logging_mixin.py:190} INFO - [2024-10-12T07:12:05.004+0000] {dag.py:4180} INFO - Setting next_dagrun for example_sla_dag to 2024-10-12 07:10:00+00:00, run_after=2024-10-12 07:12:00+00:00
[2024-10-12T07:12:05.038+0000] {processor.py:208} INFO - Processing /home/vboxuser/airflow_venv/lib/python3.12/site-packages/airflow/example_dags/example_sla_dag.py took 0.105 seconds
[2024-10-12T07:13:06.541+0000] {processor.py:186} INFO - Started process (PID=11540) to work on /home/vboxuser/airflow_venv/lib/python3.12/site-packages/airflow/example_dags/example_sla_dag.py
[2024-10-12T07:13:06.547+0000] {processor.py:914} INFO - Processing file /home/vboxuser/airflow_venv/lib/python3.12/site-packages/airflow/example_dags/example_sla_dag.py for tasks to queue
[2024-10-12T07:13:06.550+0000] {logging_mixin.py:190} INFO - [2024-10-12T07:13:06.549+0000] {dagbag.py:588} INFO - Filling up the DagBag from /home/vboxuser/airflow_venv/lib/python3.12/site-packages/airflow/example_dags/example_sla_dag.py
[2024-10-12T07:13:06.563+0000] {processor.py:925} INFO - DAG(s) 'example_sla_dag' retrieved from /home/vboxuser/airflow_venv/lib/python3.12/site-packages/airflow/example_dags/example_sla_dag.py
[2024-10-12T07:13:06.581+0000] {logging_mixin.py:190} INFO - [2024-10-12T07:13:06.580+0000] {dag.py:3239} INFO - Sync 1 DAGs
[2024-10-12T07:13:06.611+0000] {logging_mixin.py:190} INFO - [2024-10-12T07:13:06.611+0000] {dag.py:4180} INFO - Setting next_dagrun for example_sla_dag to 2024-10-12 07:10:00+00:00, run_after=2024-10-12 07:12:00+00:00
[2024-10-12T07:13:06.646+0000] {processor.py:208} INFO - Processing /home/vboxuser/airflow_venv/lib/python3.12/site-packages/airflow/example_dags/example_sla_dag.py took 0.113 seconds
[2024-10-12T07:14:11.072+0000] {processor.py:186} INFO - Started process (PID=11682) to work on /home/vboxuser/airflow_venv/lib/python3.12/site-packages/airflow/example_dags/example_sla_dag.py
[2024-10-12T07:14:11.077+0000] {processor.py:914} INFO - Processing file /home/vboxuser/airflow_venv/lib/python3.12/site-packages/airflow/example_dags/example_sla_dag.py for tasks to queue
[2024-10-12T07:14:11.079+0000] {logging_mixin.py:190} INFO - [2024-10-12T07:14:11.079+0000] {dagbag.py:588} INFO - Filling up the DagBag from /home/vboxuser/airflow_venv/lib/python3.12/site-packages/airflow/example_dags/example_sla_dag.py
[2024-10-12T07:14:11.096+0000] {processor.py:925} INFO - DAG(s) 'example_sla_dag' retrieved from /home/vboxuser/airflow_venv/lib/python3.12/site-packages/airflow/example_dags/example_sla_dag.py
[2024-10-12T07:14:11.118+0000] {logging_mixin.py:190} INFO - [2024-10-12T07:14:11.118+0000] {dag.py:3239} INFO - Sync 1 DAGs
[2024-10-12T07:14:11.147+0000] {logging_mixin.py:190} INFO - [2024-10-12T07:14:11.147+0000] {dag.py:4180} INFO - Setting next_dagrun for example_sla_dag to 2024-10-12 07:12:00+00:00, run_after=2024-10-12 07:14:00+00:00
[2024-10-12T07:14:11.179+0000] {processor.py:208} INFO - Processing /home/vboxuser/airflow_venv/lib/python3.12/site-packages/airflow/example_dags/example_sla_dag.py took 0.114 seconds
[2024-10-12T07:15:27.608+0000] {processor.py:186} INFO - Started process (PID=11758) to work on /home/vboxuser/airflow_venv/lib/python3.12/site-packages/airflow/example_dags/example_sla_dag.py
[2024-10-12T07:15:27.611+0000] {processor.py:914} INFO - Processing file /home/vboxuser/airflow_venv/lib/python3.12/site-packages/airflow/example_dags/example_sla_dag.py for tasks to queue
[2024-10-12T07:15:27.614+0000] {logging_mixin.py:190} INFO - [2024-10-12T07:15:27.613+0000] {dagbag.py:588} INFO - Filling up the DagBag from /home/vboxuser/airflow_venv/lib/python3.12/site-packages/airflow/example_dags/example_sla_dag.py
[2024-10-12T07:15:27.766+0000] {processor.py:925} INFO - DAG(s) 'example_sla_dag' retrieved from /home/vboxuser/airflow_venv/lib/python3.12/site-packages/airflow/example_dags/example_sla_dag.py
[2024-10-12T07:15:27.781+0000] {logging_mixin.py:190} INFO - [2024-10-12T07:15:27.780+0000] {dag.py:3239} INFO - Sync 1 DAGs
[2024-10-12T07:15:27.807+0000] {logging_mixin.py:190} INFO - [2024-10-12T07:15:27.806+0000] {dag.py:4180} INFO - Setting next_dagrun for example_sla_dag to 2024-10-12 07:12:00+00:00, run_after=2024-10-12 07:14:00+00:00
[2024-10-12T07:15:27.841+0000] {processor.py:208} INFO - Processing /home/vboxuser/airflow_venv/lib/python3.12/site-packages/airflow/example_dags/example_sla_dag.py took 0.244 seconds
[2024-10-12T07:16:31.291+0000] {processor.py:186} INFO - Started process (PID=11816) to work on /home/vboxuser/airflow_venv/lib/python3.12/site-packages/airflow/example_dags/example_sla_dag.py
[2024-10-12T07:16:31.294+0000] {processor.py:914} INFO - Processing file /home/vboxuser/airflow_venv/lib/python3.12/site-packages/airflow/example_dags/example_sla_dag.py for tasks to queue
[2024-10-12T07:16:31.298+0000] {logging_mixin.py:190} INFO - [2024-10-12T07:16:31.297+0000] {dagbag.py:588} INFO - Filling up the DagBag from /home/vboxuser/airflow_venv/lib/python3.12/site-packages/airflow/example_dags/example_sla_dag.py
[2024-10-12T07:16:31.314+0000] {processor.py:925} INFO - DAG(s) 'example_sla_dag' retrieved from /home/vboxuser/airflow_venv/lib/python3.12/site-packages/airflow/example_dags/example_sla_dag.py
[2024-10-12T07:16:31.334+0000] {logging_mixin.py:190} INFO - [2024-10-12T07:16:31.333+0000] {dag.py:3239} INFO - Sync 1 DAGs
[2024-10-12T07:16:31.360+0000] {logging_mixin.py:190} INFO - [2024-10-12T07:16:31.359+0000] {dag.py:4180} INFO - Setting next_dagrun for example_sla_dag to 2024-10-12 07:14:00+00:00, run_after=2024-10-12 07:16:00+00:00
[2024-10-12T07:16:31.393+0000] {processor.py:208} INFO - Processing /home/vboxuser/airflow_venv/lib/python3.12/site-packages/airflow/example_dags/example_sla_dag.py took 0.113 seconds
[2024-10-12T07:17:36.408+0000] {processor.py:186} INFO - Started process (PID=11879) to work on /home/vboxuser/airflow_venv/lib/python3.12/site-packages/airflow/example_dags/example_sla_dag.py
[2024-10-12T07:17:36.410+0000] {processor.py:914} INFO - Processing file /home/vboxuser/airflow_venv/lib/python3.12/site-packages/airflow/example_dags/example_sla_dag.py for tasks to queue
[2024-10-12T07:17:36.413+0000] {logging_mixin.py:190} INFO - [2024-10-12T07:17:36.412+0000] {dagbag.py:588} INFO - Filling up the DagBag from /home/vboxuser/airflow_venv/lib/python3.12/site-packages/airflow/example_dags/example_sla_dag.py
[2024-10-12T07:17:36.425+0000] {processor.py:925} INFO - DAG(s) 'example_sla_dag' retrieved from /home/vboxuser/airflow_venv/lib/python3.12/site-packages/airflow/example_dags/example_sla_dag.py
[2024-10-12T07:17:36.443+0000] {logging_mixin.py:190} INFO - [2024-10-12T07:17:36.443+0000] {dag.py:3239} INFO - Sync 1 DAGs
[2024-10-12T07:17:36.468+0000] {logging_mixin.py:190} INFO - [2024-10-12T07:17:36.468+0000] {dag.py:4180} INFO - Setting next_dagrun for example_sla_dag to 2024-10-12 07:14:00+00:00, run_after=2024-10-12 07:16:00+00:00
[2024-10-12T07:17:36.502+0000] {processor.py:208} INFO - Processing /home/vboxuser/airflow_venv/lib/python3.12/site-packages/airflow/example_dags/example_sla_dag.py took 0.102 seconds
[2024-10-12T07:18:37.029+0000] {processor.py:186} INFO - Started process (PID=11936) to work on /home/vboxuser/airflow_venv/lib/python3.12/site-packages/airflow/example_dags/example_sla_dag.py
[2024-10-12T07:18:37.059+0000] {processor.py:914} INFO - Processing file /home/vboxuser/airflow_venv/lib/python3.12/site-packages/airflow/example_dags/example_sla_dag.py for tasks to queue
[2024-10-12T07:18:37.083+0000] {logging_mixin.py:190} INFO - [2024-10-12T07:18:37.074+0000] {dagbag.py:588} INFO - Filling up the DagBag from /home/vboxuser/airflow_venv/lib/python3.12/site-packages/airflow/example_dags/example_sla_dag.py
[2024-10-12T07:18:37.108+0000] {processor.py:925} INFO - DAG(s) 'example_sla_dag' retrieved from /home/vboxuser/airflow_venv/lib/python3.12/site-packages/airflow/example_dags/example_sla_dag.py
[2024-10-12T07:18:37.126+0000] {logging_mixin.py:190} INFO - [2024-10-12T07:18:37.126+0000] {dag.py:3239} INFO - Sync 1 DAGs
[2024-10-12T07:18:37.151+0000] {logging_mixin.py:190} INFO - [2024-10-12T07:18:37.151+0000] {dag.py:4180} INFO - Setting next_dagrun for example_sla_dag to 2024-10-12 07:16:00+00:00, run_after=2024-10-12 07:18:00+00:00
[2024-10-12T07:18:37.183+0000] {processor.py:208} INFO - Processing /home/vboxuser/airflow_venv/lib/python3.12/site-packages/airflow/example_dags/example_sla_dag.py took 0.169 seconds
[2024-10-12T07:19:39.021+0000] {processor.py:186} INFO - Started process (PID=11993) to work on /home/vboxuser/airflow_venv/lib/python3.12/site-packages/airflow/example_dags/example_sla_dag.py
[2024-10-12T07:19:39.023+0000] {processor.py:914} INFO - Processing file /home/vboxuser/airflow_venv/lib/python3.12/site-packages/airflow/example_dags/example_sla_dag.py for tasks to queue
[2024-10-12T07:19:39.026+0000] {logging_mixin.py:190} INFO - [2024-10-12T07:19:39.026+0000] {dagbag.py:588} INFO - Filling up the DagBag from /home/vboxuser/airflow_venv/lib/python3.12/site-packages/airflow/example_dags/example_sla_dag.py
[2024-10-12T07:19:39.042+0000] {processor.py:925} INFO - DAG(s) 'example_sla_dag' retrieved from /home/vboxuser/airflow_venv/lib/python3.12/site-packages/airflow/example_dags/example_sla_dag.py
[2024-10-12T07:19:39.060+0000] {logging_mixin.py:190} INFO - [2024-10-12T07:19:39.059+0000] {dag.py:3239} INFO - Sync 1 DAGs
[2024-10-12T07:19:39.086+0000] {logging_mixin.py:190} INFO - [2024-10-12T07:19:39.086+0000] {dag.py:4180} INFO - Setting next_dagrun for example_sla_dag to 2024-10-12 07:16:00+00:00, run_after=2024-10-12 07:18:00+00:00
[2024-10-12T07:19:39.118+0000] {processor.py:208} INFO - Processing /home/vboxuser/airflow_venv/lib/python3.12/site-packages/airflow/example_dags/example_sla_dag.py took 0.105 seconds
[2024-10-12T07:20:47.169+0000] {processor.py:186} INFO - Started process (PID=12058) to work on /home/vboxuser/airflow_venv/lib/python3.12/site-packages/airflow/example_dags/example_sla_dag.py
[2024-10-12T07:20:47.172+0000] {processor.py:914} INFO - Processing file /home/vboxuser/airflow_venv/lib/python3.12/site-packages/airflow/example_dags/example_sla_dag.py for tasks to queue
[2024-10-12T07:20:47.175+0000] {logging_mixin.py:190} INFO - [2024-10-12T07:20:47.174+0000] {dagbag.py:588} INFO - Filling up the DagBag from /home/vboxuser/airflow_venv/lib/python3.12/site-packages/airflow/example_dags/example_sla_dag.py
[2024-10-12T07:20:47.187+0000] {processor.py:925} INFO - DAG(s) 'example_sla_dag' retrieved from /home/vboxuser/airflow_venv/lib/python3.12/site-packages/airflow/example_dags/example_sla_dag.py
[2024-10-12T07:20:47.207+0000] {logging_mixin.py:190} INFO - [2024-10-12T07:20:47.207+0000] {dag.py:3239} INFO - Sync 1 DAGs
[2024-10-12T07:20:47.241+0000] {logging_mixin.py:190} INFO - [2024-10-12T07:20:47.241+0000] {dag.py:4180} INFO - Setting next_dagrun for example_sla_dag to 2024-10-12 07:18:00+00:00, run_after=2024-10-12 07:20:00+00:00
[2024-10-12T07:20:47.278+0000] {processor.py:208} INFO - Processing /home/vboxuser/airflow_venv/lib/python3.12/site-packages/airflow/example_dags/example_sla_dag.py took 0.116 seconds
[2024-10-12T07:21:53.514+0000] {processor.py:186} INFO - Started process (PID=12118) to work on /home/vboxuser/airflow_venv/lib/python3.12/site-packages/airflow/example_dags/example_sla_dag.py
[2024-10-12T07:21:53.519+0000] {processor.py:914} INFO - Processing file /home/vboxuser/airflow_venv/lib/python3.12/site-packages/airflow/example_dags/example_sla_dag.py for tasks to queue
[2024-10-12T07:21:53.523+0000] {logging_mixin.py:190} INFO - [2024-10-12T07:21:53.522+0000] {dagbag.py:588} INFO - Filling up the DagBag from /home/vboxuser/airflow_venv/lib/python3.12/site-packages/airflow/example_dags/example_sla_dag.py
[2024-10-12T07:21:53.538+0000] {processor.py:925} INFO - DAG(s) 'example_sla_dag' retrieved from /home/vboxuser/airflow_venv/lib/python3.12/site-packages/airflow/example_dags/example_sla_dag.py
[2024-10-12T07:21:53.563+0000] {logging_mixin.py:190} INFO - [2024-10-12T07:21:53.563+0000] {dag.py:3239} INFO - Sync 1 DAGs
[2024-10-12T07:21:53.586+0000] {logging_mixin.py:190} INFO - [2024-10-12T07:21:53.586+0000] {dag.py:4180} INFO - Setting next_dagrun for example_sla_dag to 2024-10-12 07:18:00+00:00, run_after=2024-10-12 07:20:00+00:00
[2024-10-12T07:21:53.622+0000] {processor.py:208} INFO - Processing /home/vboxuser/airflow_venv/lib/python3.12/site-packages/airflow/example_dags/example_sla_dag.py took 0.115 seconds
[2024-10-12T07:23:01.573+0000] {processor.py:186} INFO - Started process (PID=12179) to work on /home/vboxuser/airflow_venv/lib/python3.12/site-packages/airflow/example_dags/example_sla_dag.py
[2024-10-12T07:23:01.576+0000] {processor.py:914} INFO - Processing file /home/vboxuser/airflow_venv/lib/python3.12/site-packages/airflow/example_dags/example_sla_dag.py for tasks to queue
[2024-10-12T07:23:01.580+0000] {logging_mixin.py:190} INFO - [2024-10-12T07:23:01.580+0000] {dagbag.py:588} INFO - Filling up the DagBag from /home/vboxuser/airflow_venv/lib/python3.12/site-packages/airflow/example_dags/example_sla_dag.py
[2024-10-12T07:23:01.593+0000] {processor.py:925} INFO - DAG(s) 'example_sla_dag' retrieved from /home/vboxuser/airflow_venv/lib/python3.12/site-packages/airflow/example_dags/example_sla_dag.py
[2024-10-12T07:23:01.611+0000] {logging_mixin.py:190} INFO - [2024-10-12T07:23:01.611+0000] {dag.py:3239} INFO - Sync 1 DAGs
[2024-10-12T07:23:01.637+0000] {logging_mixin.py:190} INFO - [2024-10-12T07:23:01.637+0000] {dag.py:4180} INFO - Setting next_dagrun for example_sla_dag to 2024-10-12 07:20:00+00:00, run_after=2024-10-12 07:22:00+00:00
[2024-10-12T07:23:01.671+0000] {processor.py:208} INFO - Processing /home/vboxuser/airflow_venv/lib/python3.12/site-packages/airflow/example_dags/example_sla_dag.py took 0.109 seconds
[2024-10-12T07:24:12.118+0000] {processor.py:186} INFO - Started process (PID=12241) to work on /home/vboxuser/airflow_venv/lib/python3.12/site-packages/airflow/example_dags/example_sla_dag.py
[2024-10-12T07:24:12.122+0000] {processor.py:914} INFO - Processing file /home/vboxuser/airflow_venv/lib/python3.12/site-packages/airflow/example_dags/example_sla_dag.py for tasks to queue
[2024-10-12T07:24:12.126+0000] {logging_mixin.py:190} INFO - [2024-10-12T07:24:12.125+0000] {dagbag.py:588} INFO - Filling up the DagBag from /home/vboxuser/airflow_venv/lib/python3.12/site-packages/airflow/example_dags/example_sla_dag.py
[2024-10-12T07:24:12.139+0000] {processor.py:925} INFO - DAG(s) 'example_sla_dag' retrieved from /home/vboxuser/airflow_venv/lib/python3.12/site-packages/airflow/example_dags/example_sla_dag.py
[2024-10-12T07:24:12.160+0000] {logging_mixin.py:190} INFO - [2024-10-12T07:24:12.160+0000] {dag.py:3239} INFO - Sync 1 DAGs
[2024-10-12T07:24:12.184+0000] {logging_mixin.py:190} INFO - [2024-10-12T07:24:12.184+0000] {dag.py:4180} INFO - Setting next_dagrun for example_sla_dag to 2024-10-12 07:22:00+00:00, run_after=2024-10-12 07:24:00+00:00
[2024-10-12T07:24:12.222+0000] {processor.py:208} INFO - Processing /home/vboxuser/airflow_venv/lib/python3.12/site-packages/airflow/example_dags/example_sla_dag.py took 0.111 seconds
[2024-10-12T07:25:18.748+0000] {processor.py:186} INFO - Started process (PID=12303) to work on /home/vboxuser/airflow_venv/lib/python3.12/site-packages/airflow/example_dags/example_sla_dag.py
[2024-10-12T07:25:18.753+0000] {processor.py:914} INFO - Processing file /home/vboxuser/airflow_venv/lib/python3.12/site-packages/airflow/example_dags/example_sla_dag.py for tasks to queue
[2024-10-12T07:25:18.757+0000] {logging_mixin.py:190} INFO - [2024-10-12T07:25:18.756+0000] {dagbag.py:588} INFO - Filling up the DagBag from /home/vboxuser/airflow_venv/lib/python3.12/site-packages/airflow/example_dags/example_sla_dag.py
[2024-10-12T07:25:18.770+0000] {processor.py:925} INFO - DAG(s) 'example_sla_dag' retrieved from /home/vboxuser/airflow_venv/lib/python3.12/site-packages/airflow/example_dags/example_sla_dag.py
[2024-10-12T07:25:18.788+0000] {logging_mixin.py:190} INFO - [2024-10-12T07:25:18.787+0000] {dag.py:3239} INFO - Sync 1 DAGs
[2024-10-12T07:25:18.822+0000] {logging_mixin.py:190} INFO - [2024-10-12T07:25:18.822+0000] {dag.py:4180} INFO - Setting next_dagrun for example_sla_dag to 2024-10-12 07:22:00+00:00, run_after=2024-10-12 07:24:00+00:00
[2024-10-12T07:25:18.864+0000] {processor.py:208} INFO - Processing /home/vboxuser/airflow_venv/lib/python3.12/site-packages/airflow/example_dags/example_sla_dag.py took 0.123 seconds
[2024-10-12T07:26:30.701+0000] {processor.py:186} INFO - Started process (PID=12369) to work on /home/vboxuser/airflow_venv/lib/python3.12/site-packages/airflow/example_dags/example_sla_dag.py
[2024-10-12T07:26:30.704+0000] {processor.py:914} INFO - Processing file /home/vboxuser/airflow_venv/lib/python3.12/site-packages/airflow/example_dags/example_sla_dag.py for tasks to queue
[2024-10-12T07:26:30.709+0000] {logging_mixin.py:190} INFO - [2024-10-12T07:26:30.708+0000] {dagbag.py:588} INFO - Filling up the DagBag from /home/vboxuser/airflow_venv/lib/python3.12/site-packages/airflow/example_dags/example_sla_dag.py
[2024-10-12T07:26:30.727+0000] {processor.py:925} INFO - DAG(s) 'example_sla_dag' retrieved from /home/vboxuser/airflow_venv/lib/python3.12/site-packages/airflow/example_dags/example_sla_dag.py
[2024-10-12T07:26:30.751+0000] {logging_mixin.py:190} INFO - [2024-10-12T07:26:30.751+0000] {dag.py:3239} INFO - Sync 1 DAGs
[2024-10-12T07:26:30.792+0000] {logging_mixin.py:190} INFO - [2024-10-12T07:26:30.792+0000] {dag.py:4180} INFO - Setting next_dagrun for example_sla_dag to 2024-10-12 07:24:00+00:00, run_after=2024-10-12 07:26:00+00:00
[2024-10-12T07:26:30.843+0000] {processor.py:208} INFO - Processing /home/vboxuser/airflow_venv/lib/python3.12/site-packages/airflow/example_dags/example_sla_dag.py took 0.157 seconds
[2024-10-12T07:27:44.876+0000] {processor.py:186} INFO - Started process (PID=12431) to work on /home/vboxuser/airflow_venv/lib/python3.12/site-packages/airflow/example_dags/example_sla_dag.py
[2024-10-12T07:27:44.879+0000] {processor.py:914} INFO - Processing file /home/vboxuser/airflow_venv/lib/python3.12/site-packages/airflow/example_dags/example_sla_dag.py for tasks to queue
[2024-10-12T07:27:44.883+0000] {logging_mixin.py:190} INFO - [2024-10-12T07:27:44.882+0000] {dagbag.py:588} INFO - Filling up the DagBag from /home/vboxuser/airflow_venv/lib/python3.12/site-packages/airflow/example_dags/example_sla_dag.py
[2024-10-12T07:27:44.909+0000] {processor.py:925} INFO - DAG(s) 'example_sla_dag' retrieved from /home/vboxuser/airflow_venv/lib/python3.12/site-packages/airflow/example_dags/example_sla_dag.py
[2024-10-12T07:27:44.936+0000] {logging_mixin.py:190} INFO - [2024-10-12T07:27:44.936+0000] {dag.py:3239} INFO - Sync 1 DAGs
[2024-10-12T07:27:44.969+0000] {logging_mixin.py:190} INFO - [2024-10-12T07:27:44.968+0000] {dag.py:4180} INFO - Setting next_dagrun for example_sla_dag to 2024-10-12 07:24:00+00:00, run_after=2024-10-12 07:26:00+00:00
[2024-10-12T07:27:45.021+0000] {processor.py:208} INFO - Processing /home/vboxuser/airflow_venv/lib/python3.12/site-packages/airflow/example_dags/example_sla_dag.py took 0.164 seconds
[2024-10-12T07:28:49.015+0000] {processor.py:186} INFO - Started process (PID=12489) to work on /home/vboxuser/airflow_venv/lib/python3.12/site-packages/airflow/example_dags/example_sla_dag.py
[2024-10-12T07:28:49.016+0000] {processor.py:914} INFO - Processing file /home/vboxuser/airflow_venv/lib/python3.12/site-packages/airflow/example_dags/example_sla_dag.py for tasks to queue
[2024-10-12T07:28:49.019+0000] {logging_mixin.py:190} INFO - [2024-10-12T07:28:49.019+0000] {dagbag.py:588} INFO - Filling up the DagBag from /home/vboxuser/airflow_venv/lib/python3.12/site-packages/airflow/example_dags/example_sla_dag.py
[2024-10-12T07:28:49.036+0000] {processor.py:925} INFO - DAG(s) 'example_sla_dag' retrieved from /home/vboxuser/airflow_venv/lib/python3.12/site-packages/airflow/example_dags/example_sla_dag.py
[2024-10-12T07:28:49.059+0000] {logging_mixin.py:190} INFO - [2024-10-12T07:28:49.058+0000] {dag.py:3239} INFO - Sync 1 DAGs
[2024-10-12T07:28:49.088+0000] {logging_mixin.py:190} INFO - [2024-10-12T07:28:49.088+0000] {dag.py:4180} INFO - Setting next_dagrun for example_sla_dag to 2024-10-12 07:26:00+00:00, run_after=2024-10-12 07:28:00+00:00
[2024-10-12T07:28:49.129+0000] {processor.py:208} INFO - Processing /home/vboxuser/airflow_venv/lib/python3.12/site-packages/airflow/example_dags/example_sla_dag.py took 0.123 seconds
[2024-10-12T07:29:58.107+0000] {processor.py:186} INFO - Started process (PID=12550) to work on /home/vboxuser/airflow_venv/lib/python3.12/site-packages/airflow/example_dags/example_sla_dag.py
[2024-10-12T07:29:58.109+0000] {processor.py:914} INFO - Processing file /home/vboxuser/airflow_venv/lib/python3.12/site-packages/airflow/example_dags/example_sla_dag.py for tasks to queue
[2024-10-12T07:29:58.113+0000] {logging_mixin.py:190} INFO - [2024-10-12T07:29:58.112+0000] {dagbag.py:588} INFO - Filling up the DagBag from /home/vboxuser/airflow_venv/lib/python3.12/site-packages/airflow/example_dags/example_sla_dag.py
[2024-10-12T07:29:58.140+0000] {processor.py:925} INFO - DAG(s) 'example_sla_dag' retrieved from /home/vboxuser/airflow_venv/lib/python3.12/site-packages/airflow/example_dags/example_sla_dag.py
[2024-10-12T07:29:58.170+0000] {logging_mixin.py:190} INFO - [2024-10-12T07:29:58.170+0000] {dag.py:3239} INFO - Sync 1 DAGs
[2024-10-12T07:29:58.207+0000] {logging_mixin.py:190} INFO - [2024-10-12T07:29:58.207+0000] {dag.py:4180} INFO - Setting next_dagrun for example_sla_dag to 2024-10-12 07:26:00+00:00, run_after=2024-10-12 07:28:00+00:00
[2024-10-12T07:29:58.247+0000] {processor.py:208} INFO - Processing /home/vboxuser/airflow_venv/lib/python3.12/site-packages/airflow/example_dags/example_sla_dag.py took 0.150 seconds
[2024-10-12T07:31:10.511+0000] {processor.py:186} INFO - Started process (PID=12633) to work on /home/vboxuser/airflow_venv/lib/python3.12/site-packages/airflow/example_dags/example_sla_dag.py
[2024-10-12T07:31:10.515+0000] {processor.py:914} INFO - Processing file /home/vboxuser/airflow_venv/lib/python3.12/site-packages/airflow/example_dags/example_sla_dag.py for tasks to queue
[2024-10-12T07:31:10.520+0000] {logging_mixin.py:190} INFO - [2024-10-12T07:31:10.519+0000] {dagbag.py:588} INFO - Filling up the DagBag from /home/vboxuser/airflow_venv/lib/python3.12/site-packages/airflow/example_dags/example_sla_dag.py
[2024-10-12T07:31:10.537+0000] {processor.py:925} INFO - DAG(s) 'example_sla_dag' retrieved from /home/vboxuser/airflow_venv/lib/python3.12/site-packages/airflow/example_dags/example_sla_dag.py
[2024-10-12T07:31:10.562+0000] {logging_mixin.py:190} INFO - [2024-10-12T07:31:10.562+0000] {dag.py:3239} INFO - Sync 1 DAGs
[2024-10-12T07:31:10.592+0000] {logging_mixin.py:190} INFO - [2024-10-12T07:31:10.591+0000] {dag.py:4180} INFO - Setting next_dagrun for example_sla_dag to 2024-10-12 07:28:00+00:00, run_after=2024-10-12 07:30:00+00:00
[2024-10-12T07:31:10.633+0000] {processor.py:208} INFO - Processing /home/vboxuser/airflow_venv/lib/python3.12/site-packages/airflow/example_dags/example_sla_dag.py took 0.131 seconds
[2024-10-12T07:32:16.931+0000] {processor.py:186} INFO - Started process (PID=12702) to work on /home/vboxuser/airflow_venv/lib/python3.12/site-packages/airflow/example_dags/example_sla_dag.py
[2024-10-12T07:32:16.935+0000] {processor.py:914} INFO - Processing file /home/vboxuser/airflow_venv/lib/python3.12/site-packages/airflow/example_dags/example_sla_dag.py for tasks to queue
[2024-10-12T07:32:16.938+0000] {logging_mixin.py:190} INFO - [2024-10-12T07:32:16.938+0000] {dagbag.py:588} INFO - Filling up the DagBag from /home/vboxuser/airflow_venv/lib/python3.12/site-packages/airflow/example_dags/example_sla_dag.py
[2024-10-12T07:32:16.953+0000] {processor.py:925} INFO - DAG(s) 'example_sla_dag' retrieved from /home/vboxuser/airflow_venv/lib/python3.12/site-packages/airflow/example_dags/example_sla_dag.py
[2024-10-12T07:32:16.970+0000] {logging_mixin.py:190} INFO - [2024-10-12T07:32:16.970+0000] {dag.py:3239} INFO - Sync 1 DAGs
[2024-10-12T07:32:16.998+0000] {logging_mixin.py:190} INFO - [2024-10-12T07:32:16.998+0000] {dag.py:4180} INFO - Setting next_dagrun for example_sla_dag to 2024-10-12 07:30:00+00:00, run_after=2024-10-12 07:32:00+00:00
[2024-10-12T07:32:17.030+0000] {processor.py:208} INFO - Processing /home/vboxuser/airflow_venv/lib/python3.12/site-packages/airflow/example_dags/example_sla_dag.py took 0.108 seconds
[2024-10-12T07:33:20.240+0000] {processor.py:186} INFO - Started process (PID=12760) to work on /home/vboxuser/airflow_venv/lib/python3.12/site-packages/airflow/example_dags/example_sla_dag.py
[2024-10-12T07:33:20.244+0000] {processor.py:914} INFO - Processing file /home/vboxuser/airflow_venv/lib/python3.12/site-packages/airflow/example_dags/example_sla_dag.py for tasks to queue
[2024-10-12T07:33:20.247+0000] {logging_mixin.py:190} INFO - [2024-10-12T07:33:20.246+0000] {dagbag.py:588} INFO - Filling up the DagBag from /home/vboxuser/airflow_venv/lib/python3.12/site-packages/airflow/example_dags/example_sla_dag.py
[2024-10-12T07:33:20.264+0000] {processor.py:925} INFO - DAG(s) 'example_sla_dag' retrieved from /home/vboxuser/airflow_venv/lib/python3.12/site-packages/airflow/example_dags/example_sla_dag.py
[2024-10-12T07:33:20.284+0000] {logging_mixin.py:190} INFO - [2024-10-12T07:33:20.283+0000] {dag.py:3239} INFO - Sync 1 DAGs
[2024-10-12T07:33:20.311+0000] {logging_mixin.py:190} INFO - [2024-10-12T07:33:20.310+0000] {dag.py:4180} INFO - Setting next_dagrun for example_sla_dag to 2024-10-12 07:30:00+00:00, run_after=2024-10-12 07:32:00+00:00
[2024-10-12T07:33:20.345+0000] {processor.py:208} INFO - Processing /home/vboxuser/airflow_venv/lib/python3.12/site-packages/airflow/example_dags/example_sla_dag.py took 0.113 seconds
[2024-10-12T07:34:21.761+0000] {processor.py:186} INFO - Started process (PID=12818) to work on /home/vboxuser/airflow_venv/lib/python3.12/site-packages/airflow/example_dags/example_sla_dag.py
[2024-10-12T07:34:21.767+0000] {processor.py:914} INFO - Processing file /home/vboxuser/airflow_venv/lib/python3.12/site-packages/airflow/example_dags/example_sla_dag.py for tasks to queue
[2024-10-12T07:34:21.769+0000] {logging_mixin.py:190} INFO - [2024-10-12T07:34:21.769+0000] {dagbag.py:588} INFO - Filling up the DagBag from /home/vboxuser/airflow_venv/lib/python3.12/site-packages/airflow/example_dags/example_sla_dag.py
[2024-10-12T07:34:21.783+0000] {processor.py:925} INFO - DAG(s) 'example_sla_dag' retrieved from /home/vboxuser/airflow_venv/lib/python3.12/site-packages/airflow/example_dags/example_sla_dag.py
[2024-10-12T07:34:21.807+0000] {logging_mixin.py:190} INFO - [2024-10-12T07:34:21.807+0000] {dag.py:3239} INFO - Sync 1 DAGs
[2024-10-12T07:34:21.830+0000] {logging_mixin.py:190} INFO - [2024-10-12T07:34:21.829+0000] {dag.py:4180} INFO - Setting next_dagrun for example_sla_dag to 2024-10-12 07:32:00+00:00, run_after=2024-10-12 07:34:00+00:00
[2024-10-12T07:34:21.870+0000] {processor.py:208} INFO - Processing /home/vboxuser/airflow_venv/lib/python3.12/site-packages/airflow/example_dags/example_sla_dag.py took 0.116 seconds
[2024-10-12T07:47:07.743+0000] {processor.py:186} INFO - Started process (PID=12911) to work on /home/vboxuser/airflow_venv/lib/python3.12/site-packages/airflow/example_dags/example_sla_dag.py
[2024-10-12T07:47:07.748+0000] {processor.py:914} INFO - Processing file /home/vboxuser/airflow_venv/lib/python3.12/site-packages/airflow/example_dags/example_sla_dag.py for tasks to queue
[2024-10-12T07:47:07.752+0000] {logging_mixin.py:190} INFO - [2024-10-12T07:47:07.752+0000] {dagbag.py:588} INFO - Filling up the DagBag from /home/vboxuser/airflow_venv/lib/python3.12/site-packages/airflow/example_dags/example_sla_dag.py
[2024-10-12T07:47:07.773+0000] {processor.py:925} INFO - DAG(s) 'example_sla_dag' retrieved from /home/vboxuser/airflow_venv/lib/python3.12/site-packages/airflow/example_dags/example_sla_dag.py
[2024-10-12T07:47:07.799+0000] {logging_mixin.py:190} INFO - [2024-10-12T07:47:07.799+0000] {dag.py:3239} INFO - Sync 1 DAGs
[2024-10-12T07:47:07.843+0000] {logging_mixin.py:190} INFO - [2024-10-12T07:47:07.843+0000] {dag.py:4180} INFO - Setting next_dagrun for example_sla_dag to 2024-10-12 07:44:00+00:00, run_after=2024-10-12 07:46:00+00:00
[2024-10-12T07:47:07.885+0000] {processor.py:208} INFO - Processing /home/vboxuser/airflow_venv/lib/python3.12/site-packages/airflow/example_dags/example_sla_dag.py took 0.153 seconds
[2024-10-12T07:48:09.771+0000] {processor.py:186} INFO - Started process (PID=12964) to work on /home/vboxuser/airflow_venv/lib/python3.12/site-packages/airflow/example_dags/example_sla_dag.py
[2024-10-12T07:48:09.774+0000] {processor.py:914} INFO - Processing file /home/vboxuser/airflow_venv/lib/python3.12/site-packages/airflow/example_dags/example_sla_dag.py for tasks to queue
[2024-10-12T07:48:09.777+0000] {logging_mixin.py:190} INFO - [2024-10-12T07:48:09.777+0000] {dagbag.py:588} INFO - Filling up the DagBag from /home/vboxuser/airflow_venv/lib/python3.12/site-packages/airflow/example_dags/example_sla_dag.py
[2024-10-12T07:48:09.795+0000] {processor.py:925} INFO - DAG(s) 'example_sla_dag' retrieved from /home/vboxuser/airflow_venv/lib/python3.12/site-packages/airflow/example_dags/example_sla_dag.py
[2024-10-12T07:48:09.820+0000] {logging_mixin.py:190} INFO - [2024-10-12T07:48:09.819+0000] {dag.py:3239} INFO - Sync 1 DAGs
[2024-10-12T07:48:09.853+0000] {logging_mixin.py:190} INFO - [2024-10-12T07:48:09.853+0000] {dag.py:4180} INFO - Setting next_dagrun for example_sla_dag to 2024-10-12 07:46:00+00:00, run_after=2024-10-12 07:48:00+00:00
[2024-10-12T07:48:09.899+0000] {processor.py:208} INFO - Processing /home/vboxuser/airflow_venv/lib/python3.12/site-packages/airflow/example_dags/example_sla_dag.py took 0.138 seconds
[2024-10-12T07:49:16.163+0000] {processor.py:186} INFO - Started process (PID=13023) to work on /home/vboxuser/airflow_venv/lib/python3.12/site-packages/airflow/example_dags/example_sla_dag.py
[2024-10-12T07:49:16.166+0000] {processor.py:914} INFO - Processing file /home/vboxuser/airflow_venv/lib/python3.12/site-packages/airflow/example_dags/example_sla_dag.py for tasks to queue
[2024-10-12T07:49:16.170+0000] {logging_mixin.py:190} INFO - [2024-10-12T07:49:16.169+0000] {dagbag.py:588} INFO - Filling up the DagBag from /home/vboxuser/airflow_venv/lib/python3.12/site-packages/airflow/example_dags/example_sla_dag.py
[2024-10-12T07:49:16.193+0000] {processor.py:925} INFO - DAG(s) 'example_sla_dag' retrieved from /home/vboxuser/airflow_venv/lib/python3.12/site-packages/airflow/example_dags/example_sla_dag.py
[2024-10-12T07:49:16.218+0000] {logging_mixin.py:190} INFO - [2024-10-12T07:49:16.217+0000] {dag.py:3239} INFO - Sync 1 DAGs
[2024-10-12T07:49:16.252+0000] {logging_mixin.py:190} INFO - [2024-10-12T07:49:16.251+0000] {dag.py:4180} INFO - Setting next_dagrun for example_sla_dag to 2024-10-12 07:46:00+00:00, run_after=2024-10-12 07:48:00+00:00
[2024-10-12T07:49:16.296+0000] {processor.py:208} INFO - Processing /home/vboxuser/airflow_venv/lib/python3.12/site-packages/airflow/example_dags/example_sla_dag.py took 0.145 seconds
[2024-10-12T07:50:26.160+0000] {processor.py:186} INFO - Started process (PID=13086) to work on /home/vboxuser/airflow_venv/lib/python3.12/site-packages/airflow/example_dags/example_sla_dag.py
[2024-10-12T07:50:26.162+0000] {processor.py:914} INFO - Processing file /home/vboxuser/airflow_venv/lib/python3.12/site-packages/airflow/example_dags/example_sla_dag.py for tasks to queue
[2024-10-12T07:50:26.166+0000] {logging_mixin.py:190} INFO - [2024-10-12T07:50:26.165+0000] {dagbag.py:588} INFO - Filling up the DagBag from /home/vboxuser/airflow_venv/lib/python3.12/site-packages/airflow/example_dags/example_sla_dag.py
[2024-10-12T07:50:26.182+0000] {processor.py:925} INFO - DAG(s) 'example_sla_dag' retrieved from /home/vboxuser/airflow_venv/lib/python3.12/site-packages/airflow/example_dags/example_sla_dag.py
[2024-10-12T07:50:26.204+0000] {logging_mixin.py:190} INFO - [2024-10-12T07:50:26.204+0000] {dag.py:3239} INFO - Sync 1 DAGs
[2024-10-12T07:50:26.231+0000] {logging_mixin.py:190} INFO - [2024-10-12T07:50:26.230+0000] {dag.py:4180} INFO - Setting next_dagrun for example_sla_dag to 2024-10-12 07:48:00+00:00, run_after=2024-10-12 07:50:00+00:00
[2024-10-12T07:50:26.270+0000] {processor.py:208} INFO - Processing /home/vboxuser/airflow_venv/lib/python3.12/site-packages/airflow/example_dags/example_sla_dag.py took 0.120 seconds
[2024-10-12T07:51:35.918+0000] {processor.py:186} INFO - Started process (PID=13221) to work on /home/vboxuser/airflow_venv/lib/python3.12/site-packages/airflow/example_dags/example_sla_dag.py
[2024-10-12T07:51:35.921+0000] {processor.py:914} INFO - Processing file /home/vboxuser/airflow_venv/lib/python3.12/site-packages/airflow/example_dags/example_sla_dag.py for tasks to queue
[2024-10-12T07:51:35.924+0000] {logging_mixin.py:190} INFO - [2024-10-12T07:51:35.924+0000] {dagbag.py:588} INFO - Filling up the DagBag from /home/vboxuser/airflow_venv/lib/python3.12/site-packages/airflow/example_dags/example_sla_dag.py
[2024-10-12T07:51:35.944+0000] {processor.py:925} INFO - DAG(s) 'example_sla_dag' retrieved from /home/vboxuser/airflow_venv/lib/python3.12/site-packages/airflow/example_dags/example_sla_dag.py
[2024-10-12T07:51:35.975+0000] {logging_mixin.py:190} INFO - [2024-10-12T07:51:35.974+0000] {dag.py:3239} INFO - Sync 1 DAGs
[2024-10-12T07:51:36.013+0000] {logging_mixin.py:190} INFO - [2024-10-12T07:51:36.013+0000] {dag.py:4180} INFO - Setting next_dagrun for example_sla_dag to 2024-10-12 07:48:00+00:00, run_after=2024-10-12 07:50:00+00:00
[2024-10-12T07:51:36.058+0000] {processor.py:208} INFO - Processing /home/vboxuser/airflow_venv/lib/python3.12/site-packages/airflow/example_dags/example_sla_dag.py took 0.150 seconds
[2024-10-12T07:52:47.237+0000] {processor.py:186} INFO - Started process (PID=13297) to work on /home/vboxuser/airflow_venv/lib/python3.12/site-packages/airflow/example_dags/example_sla_dag.py
[2024-10-12T07:52:47.240+0000] {processor.py:914} INFO - Processing file /home/vboxuser/airflow_venv/lib/python3.12/site-packages/airflow/example_dags/example_sla_dag.py for tasks to queue
[2024-10-12T07:52:47.243+0000] {logging_mixin.py:190} INFO - [2024-10-12T07:52:47.242+0000] {dagbag.py:588} INFO - Filling up the DagBag from /home/vboxuser/airflow_venv/lib/python3.12/site-packages/airflow/example_dags/example_sla_dag.py
[2024-10-12T07:52:47.257+0000] {processor.py:925} INFO - DAG(s) 'example_sla_dag' retrieved from /home/vboxuser/airflow_venv/lib/python3.12/site-packages/airflow/example_dags/example_sla_dag.py
[2024-10-12T07:52:47.275+0000] {logging_mixin.py:190} INFO - [2024-10-12T07:52:47.275+0000] {dag.py:3239} INFO - Sync 1 DAGs
[2024-10-12T07:52:47.299+0000] {logging_mixin.py:190} INFO - [2024-10-12T07:52:47.299+0000] {dag.py:4180} INFO - Setting next_dagrun for example_sla_dag to 2024-10-12 07:50:00+00:00, run_after=2024-10-12 07:52:00+00:00
[2024-10-12T07:52:47.333+0000] {processor.py:208} INFO - Processing /home/vboxuser/airflow_venv/lib/python3.12/site-packages/airflow/example_dags/example_sla_dag.py took 0.103 seconds
[2024-10-12T07:53:48.612+0000] {processor.py:186} INFO - Started process (PID=13366) to work on /home/vboxuser/airflow_venv/lib/python3.12/site-packages/airflow/example_dags/example_sla_dag.py
[2024-10-12T07:53:48.618+0000] {processor.py:914} INFO - Processing file /home/vboxuser/airflow_venv/lib/python3.12/site-packages/airflow/example_dags/example_sla_dag.py for tasks to queue
[2024-10-12T07:53:48.622+0000] {logging_mixin.py:190} INFO - [2024-10-12T07:53:48.622+0000] {dagbag.py:588} INFO - Filling up the DagBag from /home/vboxuser/airflow_venv/lib/python3.12/site-packages/airflow/example_dags/example_sla_dag.py
[2024-10-12T07:53:48.641+0000] {processor.py:925} INFO - DAG(s) 'example_sla_dag' retrieved from /home/vboxuser/airflow_venv/lib/python3.12/site-packages/airflow/example_dags/example_sla_dag.py
[2024-10-12T07:53:48.667+0000] {logging_mixin.py:190} INFO - [2024-10-12T07:53:48.667+0000] {dag.py:3239} INFO - Sync 1 DAGs
[2024-10-12T07:53:48.700+0000] {logging_mixin.py:190} INFO - [2024-10-12T07:53:48.700+0000] {dag.py:4180} INFO - Setting next_dagrun for example_sla_dag to 2024-10-12 07:50:00+00:00, run_after=2024-10-12 07:52:00+00:00
[2024-10-12T07:53:48.746+0000] {processor.py:208} INFO - Processing /home/vboxuser/airflow_venv/lib/python3.12/site-packages/airflow/example_dags/example_sla_dag.py took 0.144 seconds
[2024-10-12T07:54:51.573+0000] {processor.py:186} INFO - Started process (PID=13424) to work on /home/vboxuser/airflow_venv/lib/python3.12/site-packages/airflow/example_dags/example_sla_dag.py
[2024-10-12T07:54:51.579+0000] {processor.py:914} INFO - Processing file /home/vboxuser/airflow_venv/lib/python3.12/site-packages/airflow/example_dags/example_sla_dag.py for tasks to queue
[2024-10-12T07:54:51.583+0000] {logging_mixin.py:190} INFO - [2024-10-12T07:54:51.582+0000] {dagbag.py:588} INFO - Filling up the DagBag from /home/vboxuser/airflow_venv/lib/python3.12/site-packages/airflow/example_dags/example_sla_dag.py
[2024-10-12T07:54:51.604+0000] {processor.py:925} INFO - DAG(s) 'example_sla_dag' retrieved from /home/vboxuser/airflow_venv/lib/python3.12/site-packages/airflow/example_dags/example_sla_dag.py
[2024-10-12T07:54:51.635+0000] {logging_mixin.py:190} INFO - [2024-10-12T07:54:51.634+0000] {dag.py:3239} INFO - Sync 1 DAGs
[2024-10-12T07:54:51.665+0000] {logging_mixin.py:190} INFO - [2024-10-12T07:54:51.665+0000] {dag.py:4180} INFO - Setting next_dagrun for example_sla_dag to 2024-10-12 07:52:00+00:00, run_after=2024-10-12 07:54:00+00:00
[2024-10-12T07:54:51.707+0000] {processor.py:208} INFO - Processing /home/vboxuser/airflow_venv/lib/python3.12/site-packages/airflow/example_dags/example_sla_dag.py took 0.147 seconds
[2024-10-12T07:55:58.127+0000] {processor.py:186} INFO - Started process (PID=13491) to work on /home/vboxuser/airflow_venv/lib/python3.12/site-packages/airflow/example_dags/example_sla_dag.py
[2024-10-12T07:55:58.133+0000] {processor.py:914} INFO - Processing file /home/vboxuser/airflow_venv/lib/python3.12/site-packages/airflow/example_dags/example_sla_dag.py for tasks to queue
[2024-10-12T07:55:58.136+0000] {logging_mixin.py:190} INFO - [2024-10-12T07:55:58.135+0000] {dagbag.py:588} INFO - Filling up the DagBag from /home/vboxuser/airflow_venv/lib/python3.12/site-packages/airflow/example_dags/example_sla_dag.py
[2024-10-12T07:55:58.154+0000] {processor.py:925} INFO - DAG(s) 'example_sla_dag' retrieved from /home/vboxuser/airflow_venv/lib/python3.12/site-packages/airflow/example_dags/example_sla_dag.py
[2024-10-12T07:55:58.177+0000] {logging_mixin.py:190} INFO - [2024-10-12T07:55:58.176+0000] {dag.py:3239} INFO - Sync 1 DAGs
[2024-10-12T07:55:58.212+0000] {logging_mixin.py:190} INFO - [2024-10-12T07:55:58.212+0000] {dag.py:4180} INFO - Setting next_dagrun for example_sla_dag to 2024-10-12 07:52:00+00:00, run_after=2024-10-12 07:54:00+00:00
[2024-10-12T07:55:58.250+0000] {processor.py:208} INFO - Processing /home/vboxuser/airflow_venv/lib/python3.12/site-packages/airflow/example_dags/example_sla_dag.py took 0.134 seconds
[2024-10-12T07:57:03.706+0000] {processor.py:186} INFO - Started process (PID=13554) to work on /home/vboxuser/airflow_venv/lib/python3.12/site-packages/airflow/example_dags/example_sla_dag.py
[2024-10-12T07:57:03.711+0000] {processor.py:914} INFO - Processing file /home/vboxuser/airflow_venv/lib/python3.12/site-packages/airflow/example_dags/example_sla_dag.py for tasks to queue
[2024-10-12T07:57:03.714+0000] {logging_mixin.py:190} INFO - [2024-10-12T07:57:03.713+0000] {dagbag.py:588} INFO - Filling up the DagBag from /home/vboxuser/airflow_venv/lib/python3.12/site-packages/airflow/example_dags/example_sla_dag.py
[2024-10-12T07:57:03.729+0000] {processor.py:925} INFO - DAG(s) 'example_sla_dag' retrieved from /home/vboxuser/airflow_venv/lib/python3.12/site-packages/airflow/example_dags/example_sla_dag.py
[2024-10-12T07:57:03.750+0000] {logging_mixin.py:190} INFO - [2024-10-12T07:57:03.750+0000] {dag.py:3239} INFO - Sync 1 DAGs
[2024-10-12T07:57:03.775+0000] {logging_mixin.py:190} INFO - [2024-10-12T07:57:03.775+0000] {dag.py:4180} INFO - Setting next_dagrun for example_sla_dag to 2024-10-12 07:54:00+00:00, run_after=2024-10-12 07:56:00+00:00
[2024-10-12T07:57:03.803+0000] {processor.py:208} INFO - Processing /home/vboxuser/airflow_venv/lib/python3.12/site-packages/airflow/example_dags/example_sla_dag.py took 0.104 seconds
[2024-10-12T07:58:08.146+0000] {processor.py:186} INFO - Started process (PID=13624) to work on /home/vboxuser/airflow_venv/lib/python3.12/site-packages/airflow/example_dags/example_sla_dag.py
[2024-10-12T07:58:08.152+0000] {processor.py:914} INFO - Processing file /home/vboxuser/airflow_venv/lib/python3.12/site-packages/airflow/example_dags/example_sla_dag.py for tasks to queue
[2024-10-12T07:58:08.157+0000] {logging_mixin.py:190} INFO - [2024-10-12T07:58:08.156+0000] {dagbag.py:588} INFO - Filling up the DagBag from /home/vboxuser/airflow_venv/lib/python3.12/site-packages/airflow/example_dags/example_sla_dag.py
[2024-10-12T07:58:08.171+0000] {processor.py:925} INFO - DAG(s) 'example_sla_dag' retrieved from /home/vboxuser/airflow_venv/lib/python3.12/site-packages/airflow/example_dags/example_sla_dag.py
[2024-10-12T07:58:08.191+0000] {logging_mixin.py:190} INFO - [2024-10-12T07:58:08.190+0000] {dag.py:3239} INFO - Sync 1 DAGs
[2024-10-12T07:58:08.220+0000] {logging_mixin.py:190} INFO - [2024-10-12T07:58:08.220+0000] {dag.py:4180} INFO - Setting next_dagrun for example_sla_dag to 2024-10-12 07:56:00+00:00, run_after=2024-10-12 07:58:00+00:00
[2024-10-12T07:58:08.255+0000] {processor.py:208} INFO - Processing /home/vboxuser/airflow_venv/lib/python3.12/site-packages/airflow/example_dags/example_sla_dag.py took 0.122 seconds
[2024-10-12T07:59:07.449+0000] {processor.py:186} INFO - Started process (PID=13681) to work on /home/vboxuser/airflow_venv/lib/python3.12/site-packages/airflow/example_dags/example_sla_dag.py
[2024-10-12T07:59:07.453+0000] {processor.py:914} INFO - Processing file /home/vboxuser/airflow_venv/lib/python3.12/site-packages/airflow/example_dags/example_sla_dag.py for tasks to queue
[2024-10-12T07:59:07.457+0000] {logging_mixin.py:190} INFO - [2024-10-12T07:59:07.456+0000] {dagbag.py:588} INFO - Filling up the DagBag from /home/vboxuser/airflow_venv/lib/python3.12/site-packages/airflow/example_dags/example_sla_dag.py
[2024-10-12T07:59:07.478+0000] {processor.py:925} INFO - DAG(s) 'example_sla_dag' retrieved from /home/vboxuser/airflow_venv/lib/python3.12/site-packages/airflow/example_dags/example_sla_dag.py
[2024-10-12T07:59:07.503+0000] {logging_mixin.py:190} INFO - [2024-10-12T07:59:07.503+0000] {dag.py:3239} INFO - Sync 1 DAGs
[2024-10-12T07:59:07.541+0000] {logging_mixin.py:190} INFO - [2024-10-12T07:59:07.541+0000] {dag.py:4180} INFO - Setting next_dagrun for example_sla_dag to 2024-10-12 07:56:00+00:00, run_after=2024-10-12 07:58:00+00:00
[2024-10-12T07:59:07.578+0000] {processor.py:208} INFO - Processing /home/vboxuser/airflow_venv/lib/python3.12/site-packages/airflow/example_dags/example_sla_dag.py took 0.140 seconds
[2024-10-12T08:00:14.123+0000] {processor.py:186} INFO - Started process (PID=13740) to work on /home/vboxuser/airflow_venv/lib/python3.12/site-packages/airflow/example_dags/example_sla_dag.py
[2024-10-12T08:00:14.129+0000] {processor.py:914} INFO - Processing file /home/vboxuser/airflow_venv/lib/python3.12/site-packages/airflow/example_dags/example_sla_dag.py for tasks to queue
[2024-10-12T08:00:14.134+0000] {logging_mixin.py:190} INFO - [2024-10-12T08:00:14.133+0000] {dagbag.py:588} INFO - Filling up the DagBag from /home/vboxuser/airflow_venv/lib/python3.12/site-packages/airflow/example_dags/example_sla_dag.py
[2024-10-12T08:00:14.156+0000] {processor.py:925} INFO - DAG(s) 'example_sla_dag' retrieved from /home/vboxuser/airflow_venv/lib/python3.12/site-packages/airflow/example_dags/example_sla_dag.py
[2024-10-12T08:00:14.189+0000] {logging_mixin.py:190} INFO - [2024-10-12T08:00:14.189+0000] {dag.py:3239} INFO - Sync 1 DAGs
[2024-10-12T08:00:14.222+0000] {logging_mixin.py:190} INFO - [2024-10-12T08:00:14.222+0000] {dag.py:4180} INFO - Setting next_dagrun for example_sla_dag to 2024-10-12 07:58:00+00:00, run_after=2024-10-12 08:00:00+00:00
[2024-10-12T08:00:14.265+0000] {processor.py:208} INFO - Processing /home/vboxuser/airflow_venv/lib/python3.12/site-packages/airflow/example_dags/example_sla_dag.py took 0.156 seconds
[2024-10-12T08:01:16.019+0000] {processor.py:186} INFO - Started process (PID=13801) to work on /home/vboxuser/airflow_venv/lib/python3.12/site-packages/airflow/example_dags/example_sla_dag.py
[2024-10-12T08:01:16.022+0000] {processor.py:914} INFO - Processing file /home/vboxuser/airflow_venv/lib/python3.12/site-packages/airflow/example_dags/example_sla_dag.py for tasks to queue
[2024-10-12T08:01:16.026+0000] {logging_mixin.py:190} INFO - [2024-10-12T08:01:16.025+0000] {dagbag.py:588} INFO - Filling up the DagBag from /home/vboxuser/airflow_venv/lib/python3.12/site-packages/airflow/example_dags/example_sla_dag.py
[2024-10-12T08:01:16.046+0000] {processor.py:925} INFO - DAG(s) 'example_sla_dag' retrieved from /home/vboxuser/airflow_venv/lib/python3.12/site-packages/airflow/example_dags/example_sla_dag.py
[2024-10-12T08:01:16.072+0000] {logging_mixin.py:190} INFO - [2024-10-12T08:01:16.071+0000] {dag.py:3239} INFO - Sync 1 DAGs
[2024-10-12T08:01:16.100+0000] {logging_mixin.py:190} INFO - [2024-10-12T08:01:16.100+0000] {dag.py:4180} INFO - Setting next_dagrun for example_sla_dag to 2024-10-12 07:58:00+00:00, run_after=2024-10-12 08:00:00+00:00
[2024-10-12T08:01:16.141+0000] {processor.py:208} INFO - Processing /home/vboxuser/airflow_venv/lib/python3.12/site-packages/airflow/example_dags/example_sla_dag.py took 0.131 seconds
[2024-10-12T08:02:26.357+0000] {processor.py:186} INFO - Started process (PID=13862) to work on /home/vboxuser/airflow_venv/lib/python3.12/site-packages/airflow/example_dags/example_sla_dag.py
[2024-10-12T08:02:26.360+0000] {processor.py:914} INFO - Processing file /home/vboxuser/airflow_venv/lib/python3.12/site-packages/airflow/example_dags/example_sla_dag.py for tasks to queue
[2024-10-12T08:02:26.364+0000] {logging_mixin.py:190} INFO - [2024-10-12T08:02:26.363+0000] {dagbag.py:588} INFO - Filling up the DagBag from /home/vboxuser/airflow_venv/lib/python3.12/site-packages/airflow/example_dags/example_sla_dag.py
[2024-10-12T08:02:26.382+0000] {processor.py:925} INFO - DAG(s) 'example_sla_dag' retrieved from /home/vboxuser/airflow_venv/lib/python3.12/site-packages/airflow/example_dags/example_sla_dag.py
[2024-10-12T08:02:26.407+0000] {logging_mixin.py:190} INFO - [2024-10-12T08:02:26.406+0000] {dag.py:3239} INFO - Sync 1 DAGs
[2024-10-12T08:02:26.440+0000] {logging_mixin.py:190} INFO - [2024-10-12T08:02:26.439+0000] {dag.py:4180} INFO - Setting next_dagrun for example_sla_dag to 2024-10-12 08:00:00+00:00, run_after=2024-10-12 08:02:00+00:00
[2024-10-12T08:02:26.482+0000] {processor.py:208} INFO - Processing /home/vboxuser/airflow_venv/lib/python3.12/site-packages/airflow/example_dags/example_sla_dag.py took 0.136 seconds
[2024-10-12T08:03:28.772+0000] {processor.py:186} INFO - Started process (PID=13920) to work on /home/vboxuser/airflow_venv/lib/python3.12/site-packages/airflow/example_dags/example_sla_dag.py
[2024-10-12T08:03:28.777+0000] {processor.py:914} INFO - Processing file /home/vboxuser/airflow_venv/lib/python3.12/site-packages/airflow/example_dags/example_sla_dag.py for tasks to queue
[2024-10-12T08:03:28.780+0000] {logging_mixin.py:190} INFO - [2024-10-12T08:03:28.780+0000] {dagbag.py:588} INFO - Filling up the DagBag from /home/vboxuser/airflow_venv/lib/python3.12/site-packages/airflow/example_dags/example_sla_dag.py
[2024-10-12T08:03:28.794+0000] {processor.py:925} INFO - DAG(s) 'example_sla_dag' retrieved from /home/vboxuser/airflow_venv/lib/python3.12/site-packages/airflow/example_dags/example_sla_dag.py
[2024-10-12T08:03:28.820+0000] {logging_mixin.py:190} INFO - [2024-10-12T08:03:28.820+0000] {dag.py:3239} INFO - Sync 1 DAGs
[2024-10-12T08:03:28.852+0000] {logging_mixin.py:190} INFO - [2024-10-12T08:03:28.852+0000] {dag.py:4180} INFO - Setting next_dagrun for example_sla_dag to 2024-10-12 08:00:00+00:00, run_after=2024-10-12 08:02:00+00:00
[2024-10-12T08:03:28.894+0000] {processor.py:208} INFO - Processing /home/vboxuser/airflow_venv/lib/python3.12/site-packages/airflow/example_dags/example_sla_dag.py took 0.130 seconds
[2024-10-12T08:04:39.102+0000] {processor.py:186} INFO - Started process (PID=13994) to work on /home/vboxuser/airflow_venv/lib/python3.12/site-packages/airflow/example_dags/example_sla_dag.py
[2024-10-12T08:04:39.108+0000] {processor.py:914} INFO - Processing file /home/vboxuser/airflow_venv/lib/python3.12/site-packages/airflow/example_dags/example_sla_dag.py for tasks to queue
[2024-10-12T08:04:39.113+0000] {logging_mixin.py:190} INFO - [2024-10-12T08:04:39.112+0000] {dagbag.py:588} INFO - Filling up the DagBag from /home/vboxuser/airflow_venv/lib/python3.12/site-packages/airflow/example_dags/example_sla_dag.py
[2024-10-12T08:04:39.137+0000] {processor.py:925} INFO - DAG(s) 'example_sla_dag' retrieved from /home/vboxuser/airflow_venv/lib/python3.12/site-packages/airflow/example_dags/example_sla_dag.py
[2024-10-12T08:04:39.171+0000] {logging_mixin.py:190} INFO - [2024-10-12T08:04:39.171+0000] {dag.py:3239} INFO - Sync 1 DAGs
[2024-10-12T08:04:39.207+0000] {logging_mixin.py:190} INFO - [2024-10-12T08:04:39.207+0000] {dag.py:4180} INFO - Setting next_dagrun for example_sla_dag to 2024-10-12 08:02:00+00:00, run_after=2024-10-12 08:04:00+00:00
[2024-10-12T08:04:39.244+0000] {processor.py:208} INFO - Processing /home/vboxuser/airflow_venv/lib/python3.12/site-packages/airflow/example_dags/example_sla_dag.py took 0.152 seconds
[2024-10-12T08:05:47.015+0000] {processor.py:186} INFO - Started process (PID=14064) to work on /home/vboxuser/airflow_venv/lib/python3.12/site-packages/airflow/example_dags/example_sla_dag.py
[2024-10-12T08:05:47.022+0000] {processor.py:914} INFO - Processing file /home/vboxuser/airflow_venv/lib/python3.12/site-packages/airflow/example_dags/example_sla_dag.py for tasks to queue
[2024-10-12T08:05:47.031+0000] {logging_mixin.py:190} INFO - [2024-10-12T08:05:47.029+0000] {dagbag.py:588} INFO - Filling up the DagBag from /home/vboxuser/airflow_venv/lib/python3.12/site-packages/airflow/example_dags/example_sla_dag.py
[2024-10-12T08:05:47.072+0000] {processor.py:925} INFO - DAG(s) 'example_sla_dag' retrieved from /home/vboxuser/airflow_venv/lib/python3.12/site-packages/airflow/example_dags/example_sla_dag.py
[2024-10-12T08:05:47.114+0000] {logging_mixin.py:190} INFO - [2024-10-12T08:05:47.113+0000] {dag.py:3239} INFO - Sync 1 DAGs
[2024-10-12T08:05:47.169+0000] {logging_mixin.py:190} INFO - [2024-10-12T08:05:47.168+0000] {dag.py:4180} INFO - Setting next_dagrun for example_sla_dag to 2024-10-12 08:02:00+00:00, run_after=2024-10-12 08:04:00+00:00
[2024-10-12T08:05:47.235+0000] {processor.py:208} INFO - Processing /home/vboxuser/airflow_venv/lib/python3.12/site-packages/airflow/example_dags/example_sla_dag.py took 0.242 seconds
[2024-10-12T08:07:02.343+0000] {processor.py:186} INFO - Started process (PID=14129) to work on /home/vboxuser/airflow_venv/lib/python3.12/site-packages/airflow/example_dags/example_sla_dag.py
[2024-10-12T08:07:02.350+0000] {processor.py:914} INFO - Processing file /home/vboxuser/airflow_venv/lib/python3.12/site-packages/airflow/example_dags/example_sla_dag.py for tasks to queue
[2024-10-12T08:07:02.355+0000] {logging_mixin.py:190} INFO - [2024-10-12T08:07:02.354+0000] {dagbag.py:588} INFO - Filling up the DagBag from /home/vboxuser/airflow_venv/lib/python3.12/site-packages/airflow/example_dags/example_sla_dag.py
[2024-10-12T08:07:02.384+0000] {processor.py:925} INFO - DAG(s) 'example_sla_dag' retrieved from /home/vboxuser/airflow_venv/lib/python3.12/site-packages/airflow/example_dags/example_sla_dag.py
[2024-10-12T08:07:02.421+0000] {logging_mixin.py:190} INFO - [2024-10-12T08:07:02.420+0000] {dag.py:3239} INFO - Sync 1 DAGs
[2024-10-12T08:07:02.480+0000] {logging_mixin.py:190} INFO - [2024-10-12T08:07:02.479+0000] {dag.py:4180} INFO - Setting next_dagrun for example_sla_dag to 2024-10-12 08:04:00+00:00, run_after=2024-10-12 08:06:00+00:00
[2024-10-12T08:07:02.543+0000] {processor.py:208} INFO - Processing /home/vboxuser/airflow_venv/lib/python3.12/site-packages/airflow/example_dags/example_sla_dag.py took 0.214 seconds
[2024-10-12T08:08:16.153+0000] {processor.py:186} INFO - Started process (PID=14197) to work on /home/vboxuser/airflow_venv/lib/python3.12/site-packages/airflow/example_dags/example_sla_dag.py
[2024-10-12T08:08:16.160+0000] {processor.py:914} INFO - Processing file /home/vboxuser/airflow_venv/lib/python3.12/site-packages/airflow/example_dags/example_sla_dag.py for tasks to queue
[2024-10-12T08:08:16.167+0000] {logging_mixin.py:190} INFO - [2024-10-12T08:08:16.166+0000] {dagbag.py:588} INFO - Filling up the DagBag from /home/vboxuser/airflow_venv/lib/python3.12/site-packages/airflow/example_dags/example_sla_dag.py
[2024-10-12T08:08:16.193+0000] {processor.py:925} INFO - DAG(s) 'example_sla_dag' retrieved from /home/vboxuser/airflow_venv/lib/python3.12/site-packages/airflow/example_dags/example_sla_dag.py
[2024-10-12T08:08:16.217+0000] {logging_mixin.py:190} INFO - [2024-10-12T08:08:16.217+0000] {dag.py:3239} INFO - Sync 1 DAGs
[2024-10-12T08:08:16.262+0000] {logging_mixin.py:190} INFO - [2024-10-12T08:08:16.262+0000] {dag.py:4180} INFO - Setting next_dagrun for example_sla_dag to 2024-10-12 08:06:00+00:00, run_after=2024-10-12 08:08:00+00:00
[2024-10-12T08:08:16.333+0000] {processor.py:208} INFO - Processing /home/vboxuser/airflow_venv/lib/python3.12/site-packages/airflow/example_dags/example_sla_dag.py took 0.202 seconds
[2024-10-12T08:09:33.661+0000] {processor.py:186} INFO - Started process (PID=14261) to work on /home/vboxuser/airflow_venv/lib/python3.12/site-packages/airflow/example_dags/example_sla_dag.py
[2024-10-12T08:09:33.667+0000] {processor.py:914} INFO - Processing file /home/vboxuser/airflow_venv/lib/python3.12/site-packages/airflow/example_dags/example_sla_dag.py for tasks to queue
[2024-10-12T08:09:33.672+0000] {logging_mixin.py:190} INFO - [2024-10-12T08:09:33.671+0000] {dagbag.py:588} INFO - Filling up the DagBag from /home/vboxuser/airflow_venv/lib/python3.12/site-packages/airflow/example_dags/example_sla_dag.py
[2024-10-12T08:09:33.697+0000] {processor.py:925} INFO - DAG(s) 'example_sla_dag' retrieved from /home/vboxuser/airflow_venv/lib/python3.12/site-packages/airflow/example_dags/example_sla_dag.py
[2024-10-12T08:09:33.721+0000] {logging_mixin.py:190} INFO - [2024-10-12T08:09:33.720+0000] {dag.py:3239} INFO - Sync 1 DAGs
[2024-10-12T08:09:33.750+0000] {logging_mixin.py:190} INFO - [2024-10-12T08:09:33.750+0000] {dag.py:4180} INFO - Setting next_dagrun for example_sla_dag to 2024-10-12 08:06:00+00:00, run_after=2024-10-12 08:08:00+00:00
[2024-10-12T08:09:33.804+0000] {processor.py:208} INFO - Processing /home/vboxuser/airflow_venv/lib/python3.12/site-packages/airflow/example_dags/example_sla_dag.py took 0.155 seconds
[2024-10-12T08:10:50.528+0000] {processor.py:186} INFO - Started process (PID=14329) to work on /home/vboxuser/airflow_venv/lib/python3.12/site-packages/airflow/example_dags/example_sla_dag.py
[2024-10-12T08:10:50.536+0000] {processor.py:914} INFO - Processing file /home/vboxuser/airflow_venv/lib/python3.12/site-packages/airflow/example_dags/example_sla_dag.py for tasks to queue
[2024-10-12T08:10:50.542+0000] {logging_mixin.py:190} INFO - [2024-10-12T08:10:50.541+0000] {dagbag.py:588} INFO - Filling up the DagBag from /home/vboxuser/airflow_venv/lib/python3.12/site-packages/airflow/example_dags/example_sla_dag.py
[2024-10-12T08:10:50.567+0000] {processor.py:925} INFO - DAG(s) 'example_sla_dag' retrieved from /home/vboxuser/airflow_venv/lib/python3.12/site-packages/airflow/example_dags/example_sla_dag.py
[2024-10-12T08:10:50.602+0000] {logging_mixin.py:190} INFO - [2024-10-12T08:10:50.601+0000] {dag.py:3239} INFO - Sync 1 DAGs
[2024-10-12T08:10:50.650+0000] {logging_mixin.py:190} INFO - [2024-10-12T08:10:50.650+0000] {dag.py:4180} INFO - Setting next_dagrun for example_sla_dag to 2024-10-12 08:08:00+00:00, run_after=2024-10-12 08:10:00+00:00
[2024-10-12T08:10:50.712+0000] {processor.py:208} INFO - Processing /home/vboxuser/airflow_venv/lib/python3.12/site-packages/airflow/example_dags/example_sla_dag.py took 0.197 seconds
[2024-10-12T08:11:56.030+0000] {processor.py:186} INFO - Started process (PID=14389) to work on /home/vboxuser/airflow_venv/lib/python3.12/site-packages/airflow/example_dags/example_sla_dag.py
[2024-10-12T08:11:56.033+0000] {processor.py:914} INFO - Processing file /home/vboxuser/airflow_venv/lib/python3.12/site-packages/airflow/example_dags/example_sla_dag.py for tasks to queue
[2024-10-12T08:11:56.039+0000] {logging_mixin.py:190} INFO - [2024-10-12T08:11:56.038+0000] {dagbag.py:588} INFO - Filling up the DagBag from /home/vboxuser/airflow_venv/lib/python3.12/site-packages/airflow/example_dags/example_sla_dag.py
[2024-10-12T08:11:56.062+0000] {processor.py:925} INFO - DAG(s) 'example_sla_dag' retrieved from /home/vboxuser/airflow_venv/lib/python3.12/site-packages/airflow/example_dags/example_sla_dag.py
[2024-10-12T08:11:56.097+0000] {logging_mixin.py:190} INFO - [2024-10-12T08:11:56.096+0000] {dag.py:3239} INFO - Sync 1 DAGs
[2024-10-12T08:11:56.149+0000] {logging_mixin.py:190} INFO - [2024-10-12T08:11:56.148+0000] {dag.py:4180} INFO - Setting next_dagrun for example_sla_dag to 2024-10-12 08:08:00+00:00, run_after=2024-10-12 08:10:00+00:00
[2024-10-12T08:11:56.204+0000] {processor.py:208} INFO - Processing /home/vboxuser/airflow_venv/lib/python3.12/site-packages/airflow/example_dags/example_sla_dag.py took 0.186 seconds
[2024-10-12T08:13:06.091+0000] {processor.py:186} INFO - Started process (PID=14451) to work on /home/vboxuser/airflow_venv/lib/python3.12/site-packages/airflow/example_dags/example_sla_dag.py
[2024-10-12T08:13:06.095+0000] {processor.py:914} INFO - Processing file /home/vboxuser/airflow_venv/lib/python3.12/site-packages/airflow/example_dags/example_sla_dag.py for tasks to queue
[2024-10-12T08:13:06.100+0000] {logging_mixin.py:190} INFO - [2024-10-12T08:13:06.099+0000] {dagbag.py:588} INFO - Filling up the DagBag from /home/vboxuser/airflow_venv/lib/python3.12/site-packages/airflow/example_dags/example_sla_dag.py
[2024-10-12T08:13:06.120+0000] {processor.py:925} INFO - DAG(s) 'example_sla_dag' retrieved from /home/vboxuser/airflow_venv/lib/python3.12/site-packages/airflow/example_dags/example_sla_dag.py
[2024-10-12T08:13:06.149+0000] {logging_mixin.py:190} INFO - [2024-10-12T08:13:06.149+0000] {dag.py:3239} INFO - Sync 1 DAGs
[2024-10-12T08:13:06.208+0000] {logging_mixin.py:190} INFO - [2024-10-12T08:13:06.207+0000] {dag.py:4180} INFO - Setting next_dagrun for example_sla_dag to 2024-10-12 08:10:00+00:00, run_after=2024-10-12 08:12:00+00:00
[2024-10-12T08:13:06.276+0000] {processor.py:208} INFO - Processing /home/vboxuser/airflow_venv/lib/python3.12/site-packages/airflow/example_dags/example_sla_dag.py took 0.198 seconds
[2024-10-12T08:14:19.784+0000] {processor.py:186} INFO - Started process (PID=14513) to work on /home/vboxuser/airflow_venv/lib/python3.12/site-packages/airflow/example_dags/example_sla_dag.py
[2024-10-12T08:14:19.791+0000] {processor.py:914} INFO - Processing file /home/vboxuser/airflow_venv/lib/python3.12/site-packages/airflow/example_dags/example_sla_dag.py for tasks to queue
[2024-10-12T08:14:19.795+0000] {logging_mixin.py:190} INFO - [2024-10-12T08:14:19.794+0000] {dagbag.py:588} INFO - Filling up the DagBag from /home/vboxuser/airflow_venv/lib/python3.12/site-packages/airflow/example_dags/example_sla_dag.py
[2024-10-12T08:14:19.816+0000] {processor.py:925} INFO - DAG(s) 'example_sla_dag' retrieved from /home/vboxuser/airflow_venv/lib/python3.12/site-packages/airflow/example_dags/example_sla_dag.py
[2024-10-12T08:14:19.845+0000] {logging_mixin.py:190} INFO - [2024-10-12T08:14:19.845+0000] {dag.py:3239} INFO - Sync 1 DAGs
[2024-10-12T08:14:19.889+0000] {logging_mixin.py:190} INFO - [2024-10-12T08:14:19.888+0000] {dag.py:4180} INFO - Setting next_dagrun for example_sla_dag to 2024-10-12 08:12:00+00:00, run_after=2024-10-12 08:14:00+00:00
[2024-10-12T08:14:19.952+0000] {processor.py:208} INFO - Processing /home/vboxuser/airflow_venv/lib/python3.12/site-packages/airflow/example_dags/example_sla_dag.py took 0.181 seconds
[2024-10-12T08:15:34.895+0000] {processor.py:186} INFO - Started process (PID=14579) to work on /home/vboxuser/airflow_venv/lib/python3.12/site-packages/airflow/example_dags/example_sla_dag.py
[2024-10-12T08:15:34.899+0000] {processor.py:914} INFO - Processing file /home/vboxuser/airflow_venv/lib/python3.12/site-packages/airflow/example_dags/example_sla_dag.py for tasks to queue
[2024-10-12T08:15:34.904+0000] {logging_mixin.py:190} INFO - [2024-10-12T08:15:34.904+0000] {dagbag.py:588} INFO - Filling up the DagBag from /home/vboxuser/airflow_venv/lib/python3.12/site-packages/airflow/example_dags/example_sla_dag.py
[2024-10-12T08:15:34.926+0000] {processor.py:925} INFO - DAG(s) 'example_sla_dag' retrieved from /home/vboxuser/airflow_venv/lib/python3.12/site-packages/airflow/example_dags/example_sla_dag.py
[2024-10-12T08:15:34.957+0000] {logging_mixin.py:190} INFO - [2024-10-12T08:15:34.957+0000] {dag.py:3239} INFO - Sync 1 DAGs
[2024-10-12T08:15:35.009+0000] {logging_mixin.py:190} INFO - [2024-10-12T08:15:35.008+0000] {dag.py:4180} INFO - Setting next_dagrun for example_sla_dag to 2024-10-12 08:12:00+00:00, run_after=2024-10-12 08:14:00+00:00
[2024-10-12T08:15:35.071+0000] {processor.py:208} INFO - Processing /home/vboxuser/airflow_venv/lib/python3.12/site-packages/airflow/example_dags/example_sla_dag.py took 0.189 seconds
[2024-10-12T08:16:48.516+0000] {processor.py:186} INFO - Started process (PID=14641) to work on /home/vboxuser/airflow_venv/lib/python3.12/site-packages/airflow/example_dags/example_sla_dag.py
[2024-10-12T08:16:48.520+0000] {processor.py:914} INFO - Processing file /home/vboxuser/airflow_venv/lib/python3.12/site-packages/airflow/example_dags/example_sla_dag.py for tasks to queue
[2024-10-12T08:16:48.525+0000] {logging_mixin.py:190} INFO - [2024-10-12T08:16:48.523+0000] {dagbag.py:588} INFO - Filling up the DagBag from /home/vboxuser/airflow_venv/lib/python3.12/site-packages/airflow/example_dags/example_sla_dag.py
[2024-10-12T08:16:48.551+0000] {processor.py:925} INFO - DAG(s) 'example_sla_dag' retrieved from /home/vboxuser/airflow_venv/lib/python3.12/site-packages/airflow/example_dags/example_sla_dag.py
[2024-10-12T08:16:48.584+0000] {logging_mixin.py:190} INFO - [2024-10-12T08:16:48.584+0000] {dag.py:3239} INFO - Sync 1 DAGs
[2024-10-12T08:16:48.638+0000] {logging_mixin.py:190} INFO - [2024-10-12T08:16:48.638+0000] {dag.py:4180} INFO - Setting next_dagrun for example_sla_dag to 2024-10-12 08:14:00+00:00, run_after=2024-10-12 08:16:00+00:00
[2024-10-12T08:16:48.695+0000] {processor.py:208} INFO - Processing /home/vboxuser/airflow_venv/lib/python3.12/site-packages/airflow/example_dags/example_sla_dag.py took 0.194 seconds
