[2024-10-12T07:09:37.635+0000] {processor.py:186} INFO - Started process (PID=11343) to work on /home/vboxuser/airflow_venv/lib/python3.12/site-packages/airflow/example_dags/example_bash_decorator.py
[2024-10-12T07:09:37.636+0000] {processor.py:914} INFO - Processing file /home/vboxuser/airflow_venv/lib/python3.12/site-packages/airflow/example_dags/example_bash_decorator.py for tasks to queue
[2024-10-12T07:09:37.639+0000] {logging_mixin.py:190} INFO - [2024-10-12T07:09:37.639+0000] {dagbag.py:588} INFO - Filling up the DagBag from /home/vboxuser/airflow_venv/lib/python3.12/site-packages/airflow/example_dags/example_bash_decorator.py
[2024-10-12T07:09:37.657+0000] {processor.py:925} INFO - DAG(s) 'example_bash_decorator' retrieved from /home/vboxuser/airflow_venv/lib/python3.12/site-packages/airflow/example_dags/example_bash_decorator.py
[2024-10-12T07:09:37.781+0000] {logging_mixin.py:190} INFO - [2024-10-12T07:09:37.781+0000] {override.py:1901} INFO - Created Permission View: can delete on DAG:example_bash_decorator
[2024-10-12T07:09:37.799+0000] {logging_mixin.py:190} INFO - [2024-10-12T07:09:37.799+0000] {override.py:1901} INFO - Created Permission View: can read on DAG:example_bash_decorator
[2024-10-12T07:09:37.814+0000] {logging_mixin.py:190} INFO - [2024-10-12T07:09:37.814+0000] {override.py:1901} INFO - Created Permission View: can edit on DAG:example_bash_decorator
[2024-10-12T07:09:37.839+0000] {logging_mixin.py:190} INFO - [2024-10-12T07:09:37.838+0000] {override.py:1901} INFO - Created Permission View: can delete on DAG Run:example_bash_decorator
[2024-10-12T07:09:37.853+0000] {logging_mixin.py:190} INFO - [2024-10-12T07:09:37.852+0000] {override.py:1901} INFO - Created Permission View: can read on DAG Run:example_bash_decorator
[2024-10-12T07:09:37.866+0000] {logging_mixin.py:190} INFO - [2024-10-12T07:09:37.865+0000] {override.py:1901} INFO - Created Permission View: menu access on DAG Run:example_bash_decorator
[2024-10-12T07:09:37.880+0000] {logging_mixin.py:190} INFO - [2024-10-12T07:09:37.880+0000] {override.py:1901} INFO - Created Permission View: can create on DAG Run:example_bash_decorator
[2024-10-12T07:09:37.881+0000] {logging_mixin.py:190} INFO - [2024-10-12T07:09:37.881+0000] {dag.py:3239} INFO - Sync 1 DAGs
[2024-10-12T07:09:37.893+0000] {logging_mixin.py:190} INFO - [2024-10-12T07:09:37.893+0000] {dag.py:3262} INFO - Creating ORM DAG for example_bash_decorator
[2024-10-12T07:09:37.894+0000] {logging_mixin.py:190} INFO - [2024-10-12T07:09:37.894+0000] {dag.py:4180} INFO - Setting next_dagrun for example_bash_decorator to None, run_after=None
[2024-10-12T07:09:37.922+0000] {processor.py:208} INFO - Processing /home/vboxuser/airflow_venv/lib/python3.12/site-packages/airflow/example_dags/example_bash_decorator.py took 0.299 seconds
[2024-10-12T07:10:48.704+0000] {processor.py:186} INFO - Started process (PID=11414) to work on /home/vboxuser/airflow_venv/lib/python3.12/site-packages/airflow/example_dags/example_bash_decorator.py
[2024-10-12T07:10:48.707+0000] {processor.py:914} INFO - Processing file /home/vboxuser/airflow_venv/lib/python3.12/site-packages/airflow/example_dags/example_bash_decorator.py for tasks to queue
[2024-10-12T07:10:48.709+0000] {logging_mixin.py:190} INFO - [2024-10-12T07:10:48.709+0000] {dagbag.py:588} INFO - Filling up the DagBag from /home/vboxuser/airflow_venv/lib/python3.12/site-packages/airflow/example_dags/example_bash_decorator.py
[2024-10-12T07:10:48.727+0000] {processor.py:925} INFO - DAG(s) 'example_bash_decorator' retrieved from /home/vboxuser/airflow_venv/lib/python3.12/site-packages/airflow/example_dags/example_bash_decorator.py
[2024-10-12T07:10:48.748+0000] {logging_mixin.py:190} INFO - [2024-10-12T07:10:48.748+0000] {dag.py:3239} INFO - Sync 1 DAGs
[2024-10-12T07:10:48.761+0000] {logging_mixin.py:190} INFO - [2024-10-12T07:10:48.760+0000] {dag.py:4180} INFO - Setting next_dagrun for example_bash_decorator to None, run_after=None
[2024-10-12T07:10:48.792+0000] {processor.py:208} INFO - Processing /home/vboxuser/airflow_venv/lib/python3.12/site-packages/airflow/example_dags/example_bash_decorator.py took 0.095 seconds
[2024-10-12T07:11:52.900+0000] {processor.py:186} INFO - Started process (PID=11472) to work on /home/vboxuser/airflow_venv/lib/python3.12/site-packages/airflow/example_dags/example_bash_decorator.py
[2024-10-12T07:11:52.902+0000] {processor.py:914} INFO - Processing file /home/vboxuser/airflow_venv/lib/python3.12/site-packages/airflow/example_dags/example_bash_decorator.py for tasks to queue
[2024-10-12T07:11:52.905+0000] {logging_mixin.py:190} INFO - [2024-10-12T07:11:52.905+0000] {dagbag.py:588} INFO - Filling up the DagBag from /home/vboxuser/airflow_venv/lib/python3.12/site-packages/airflow/example_dags/example_bash_decorator.py
[2024-10-12T07:11:52.924+0000] {processor.py:925} INFO - DAG(s) 'example_bash_decorator' retrieved from /home/vboxuser/airflow_venv/lib/python3.12/site-packages/airflow/example_dags/example_bash_decorator.py
[2024-10-12T07:11:52.949+0000] {logging_mixin.py:190} INFO - [2024-10-12T07:11:52.949+0000] {dag.py:3239} INFO - Sync 1 DAGs
[2024-10-12T07:11:52.962+0000] {logging_mixin.py:190} INFO - [2024-10-12T07:11:52.962+0000] {dag.py:4180} INFO - Setting next_dagrun for example_bash_decorator to None, run_after=None
[2024-10-12T07:11:52.996+0000] {processor.py:208} INFO - Processing /home/vboxuser/airflow_venv/lib/python3.12/site-packages/airflow/example_dags/example_bash_decorator.py took 0.105 seconds
[2024-10-12T07:12:53.680+0000] {processor.py:186} INFO - Started process (PID=11529) to work on /home/vboxuser/airflow_venv/lib/python3.12/site-packages/airflow/example_dags/example_bash_decorator.py
[2024-10-12T07:12:53.685+0000] {processor.py:914} INFO - Processing file /home/vboxuser/airflow_venv/lib/python3.12/site-packages/airflow/example_dags/example_bash_decorator.py for tasks to queue
[2024-10-12T07:12:53.689+0000] {logging_mixin.py:190} INFO - [2024-10-12T07:12:53.688+0000] {dagbag.py:588} INFO - Filling up the DagBag from /home/vboxuser/airflow_venv/lib/python3.12/site-packages/airflow/example_dags/example_bash_decorator.py
[2024-10-12T07:12:53.712+0000] {processor.py:925} INFO - DAG(s) 'example_bash_decorator' retrieved from /home/vboxuser/airflow_venv/lib/python3.12/site-packages/airflow/example_dags/example_bash_decorator.py
[2024-10-12T07:12:53.733+0000] {logging_mixin.py:190} INFO - [2024-10-12T07:12:53.733+0000] {dag.py:3239} INFO - Sync 1 DAGs
[2024-10-12T07:12:53.747+0000] {logging_mixin.py:190} INFO - [2024-10-12T07:12:53.747+0000] {dag.py:4180} INFO - Setting next_dagrun for example_bash_decorator to None, run_after=None
[2024-10-12T07:12:53.786+0000] {processor.py:208} INFO - Processing /home/vboxuser/airflow_venv/lib/python3.12/site-packages/airflow/example_dags/example_bash_decorator.py took 0.115 seconds
[2024-10-12T07:13:58.913+0000] {processor.py:186} INFO - Started process (PID=11670) to work on /home/vboxuser/airflow_venv/lib/python3.12/site-packages/airflow/example_dags/example_bash_decorator.py
[2024-10-12T07:13:58.918+0000] {processor.py:914} INFO - Processing file /home/vboxuser/airflow_venv/lib/python3.12/site-packages/airflow/example_dags/example_bash_decorator.py for tasks to queue
[2024-10-12T07:13:58.920+0000] {logging_mixin.py:190} INFO - [2024-10-12T07:13:58.920+0000] {dagbag.py:588} INFO - Filling up the DagBag from /home/vboxuser/airflow_venv/lib/python3.12/site-packages/airflow/example_dags/example_bash_decorator.py
[2024-10-12T07:13:58.938+0000] {processor.py:925} INFO - DAG(s) 'example_bash_decorator' retrieved from /home/vboxuser/airflow_venv/lib/python3.12/site-packages/airflow/example_dags/example_bash_decorator.py
[2024-10-12T07:13:58.963+0000] {logging_mixin.py:190} INFO - [2024-10-12T07:13:58.963+0000] {dag.py:3239} INFO - Sync 1 DAGs
[2024-10-12T07:13:58.978+0000] {logging_mixin.py:190} INFO - [2024-10-12T07:13:58.978+0000] {dag.py:4180} INFO - Setting next_dagrun for example_bash_decorator to None, run_after=None
[2024-10-12T07:13:59.010+0000] {processor.py:208} INFO - Processing /home/vboxuser/airflow_venv/lib/python3.12/site-packages/airflow/example_dags/example_bash_decorator.py took 0.104 seconds
[2024-10-12T07:15:08.046+0000] {processor.py:186} INFO - Started process (PID=11743) to work on /home/vboxuser/airflow_venv/lib/python3.12/site-packages/airflow/example_dags/example_bash_decorator.py
[2024-10-12T07:15:08.052+0000] {processor.py:914} INFO - Processing file /home/vboxuser/airflow_venv/lib/python3.12/site-packages/airflow/example_dags/example_bash_decorator.py for tasks to queue
[2024-10-12T07:15:08.055+0000] {logging_mixin.py:190} INFO - [2024-10-12T07:15:08.055+0000] {dagbag.py:588} INFO - Filling up the DagBag from /home/vboxuser/airflow_venv/lib/python3.12/site-packages/airflow/example_dags/example_bash_decorator.py
[2024-10-12T07:15:08.074+0000] {processor.py:925} INFO - DAG(s) 'example_bash_decorator' retrieved from /home/vboxuser/airflow_venv/lib/python3.12/site-packages/airflow/example_dags/example_bash_decorator.py
[2024-10-12T07:15:08.227+0000] {logging_mixin.py:190} INFO - [2024-10-12T07:15:08.227+0000] {dag.py:3239} INFO - Sync 1 DAGs
[2024-10-12T07:15:08.238+0000] {logging_mixin.py:190} INFO - [2024-10-12T07:15:08.237+0000] {dag.py:4180} INFO - Setting next_dagrun for example_bash_decorator to None, run_after=None
[2024-10-12T07:15:08.268+0000] {processor.py:208} INFO - Processing /home/vboxuser/airflow_venv/lib/python3.12/site-packages/airflow/example_dags/example_bash_decorator.py took 0.231 seconds
[2024-10-12T07:16:21.017+0000] {processor.py:186} INFO - Started process (PID=11807) to work on /home/vboxuser/airflow_venv/lib/python3.12/site-packages/airflow/example_dags/example_bash_decorator.py
[2024-10-12T07:16:21.020+0000] {processor.py:914} INFO - Processing file /home/vboxuser/airflow_venv/lib/python3.12/site-packages/airflow/example_dags/example_bash_decorator.py for tasks to queue
[2024-10-12T07:16:21.024+0000] {logging_mixin.py:190} INFO - [2024-10-12T07:16:21.023+0000] {dagbag.py:588} INFO - Filling up the DagBag from /home/vboxuser/airflow_venv/lib/python3.12/site-packages/airflow/example_dags/example_bash_decorator.py
[2024-10-12T07:16:21.045+0000] {processor.py:925} INFO - DAG(s) 'example_bash_decorator' retrieved from /home/vboxuser/airflow_venv/lib/python3.12/site-packages/airflow/example_dags/example_bash_decorator.py
[2024-10-12T07:16:21.066+0000] {logging_mixin.py:190} INFO - [2024-10-12T07:16:21.066+0000] {dag.py:3239} INFO - Sync 1 DAGs
[2024-10-12T07:16:21.083+0000] {logging_mixin.py:190} INFO - [2024-10-12T07:16:21.083+0000] {dag.py:4180} INFO - Setting next_dagrun for example_bash_decorator to None, run_after=None
[2024-10-12T07:16:21.116+0000] {processor.py:208} INFO - Processing /home/vboxuser/airflow_venv/lib/python3.12/site-packages/airflow/example_dags/example_bash_decorator.py took 0.110 seconds
[2024-10-12T07:17:23.621+0000] {processor.py:186} INFO - Started process (PID=11867) to work on /home/vboxuser/airflow_venv/lib/python3.12/site-packages/airflow/example_dags/example_bash_decorator.py
[2024-10-12T07:17:23.623+0000] {processor.py:914} INFO - Processing file /home/vboxuser/airflow_venv/lib/python3.12/site-packages/airflow/example_dags/example_bash_decorator.py for tasks to queue
[2024-10-12T07:17:23.626+0000] {logging_mixin.py:190} INFO - [2024-10-12T07:17:23.626+0000] {dagbag.py:588} INFO - Filling up the DagBag from /home/vboxuser/airflow_venv/lib/python3.12/site-packages/airflow/example_dags/example_bash_decorator.py
[2024-10-12T07:17:23.645+0000] {processor.py:925} INFO - DAG(s) 'example_bash_decorator' retrieved from /home/vboxuser/airflow_venv/lib/python3.12/site-packages/airflow/example_dags/example_bash_decorator.py
[2024-10-12T07:17:23.668+0000] {logging_mixin.py:190} INFO - [2024-10-12T07:17:23.667+0000] {dag.py:3239} INFO - Sync 1 DAGs
[2024-10-12T07:17:23.682+0000] {logging_mixin.py:190} INFO - [2024-10-12T07:17:23.682+0000] {dag.py:4180} INFO - Setting next_dagrun for example_bash_decorator to None, run_after=None
[2024-10-12T07:17:23.716+0000] {processor.py:208} INFO - Processing /home/vboxuser/airflow_venv/lib/python3.12/site-packages/airflow/example_dags/example_bash_decorator.py took 0.104 seconds
[2024-10-12T07:18:26.948+0000] {processor.py:186} INFO - Started process (PID=11926) to work on /home/vboxuser/airflow_venv/lib/python3.12/site-packages/airflow/example_dags/example_bash_decorator.py
[2024-10-12T07:18:26.950+0000] {processor.py:914} INFO - Processing file /home/vboxuser/airflow_venv/lib/python3.12/site-packages/airflow/example_dags/example_bash_decorator.py for tasks to queue
[2024-10-12T07:18:26.957+0000] {logging_mixin.py:190} INFO - [2024-10-12T07:18:26.956+0000] {dagbag.py:588} INFO - Filling up the DagBag from /home/vboxuser/airflow_venv/lib/python3.12/site-packages/airflow/example_dags/example_bash_decorator.py
[2024-10-12T07:18:26.982+0000] {processor.py:925} INFO - DAG(s) 'example_bash_decorator' retrieved from /home/vboxuser/airflow_venv/lib/python3.12/site-packages/airflow/example_dags/example_bash_decorator.py
[2024-10-12T07:18:27.007+0000] {logging_mixin.py:190} INFO - [2024-10-12T07:18:27.007+0000] {dag.py:3239} INFO - Sync 1 DAGs
[2024-10-12T07:18:27.025+0000] {logging_mixin.py:190} INFO - [2024-10-12T07:18:27.024+0000] {dag.py:4180} INFO - Setting next_dagrun for example_bash_decorator to None, run_after=None
[2024-10-12T07:18:27.056+0000] {processor.py:208} INFO - Processing /home/vboxuser/airflow_venv/lib/python3.12/site-packages/airflow/example_dags/example_bash_decorator.py took 0.122 seconds
[2024-10-12T07:19:28.373+0000] {processor.py:186} INFO - Started process (PID=11983) to work on /home/vboxuser/airflow_venv/lib/python3.12/site-packages/airflow/example_dags/example_bash_decorator.py
[2024-10-12T07:19:28.378+0000] {processor.py:914} INFO - Processing file /home/vboxuser/airflow_venv/lib/python3.12/site-packages/airflow/example_dags/example_bash_decorator.py for tasks to queue
[2024-10-12T07:19:28.381+0000] {logging_mixin.py:190} INFO - [2024-10-12T07:19:28.380+0000] {dagbag.py:588} INFO - Filling up the DagBag from /home/vboxuser/airflow_venv/lib/python3.12/site-packages/airflow/example_dags/example_bash_decorator.py
[2024-10-12T07:19:28.401+0000] {processor.py:925} INFO - DAG(s) 'example_bash_decorator' retrieved from /home/vboxuser/airflow_venv/lib/python3.12/site-packages/airflow/example_dags/example_bash_decorator.py
[2024-10-12T07:19:28.425+0000] {logging_mixin.py:190} INFO - [2024-10-12T07:19:28.425+0000] {dag.py:3239} INFO - Sync 1 DAGs
[2024-10-12T07:19:28.441+0000] {logging_mixin.py:190} INFO - [2024-10-12T07:19:28.441+0000] {dag.py:4180} INFO - Setting next_dagrun for example_bash_decorator to None, run_after=None
[2024-10-12T07:19:28.473+0000] {processor.py:208} INFO - Processing /home/vboxuser/airflow_venv/lib/python3.12/site-packages/airflow/example_dags/example_bash_decorator.py took 0.109 seconds
[2024-10-12T07:20:34.206+0000] {processor.py:186} INFO - Started process (PID=12046) to work on /home/vboxuser/airflow_venv/lib/python3.12/site-packages/airflow/example_dags/example_bash_decorator.py
[2024-10-12T07:20:34.209+0000] {processor.py:914} INFO - Processing file /home/vboxuser/airflow_venv/lib/python3.12/site-packages/airflow/example_dags/example_bash_decorator.py for tasks to queue
[2024-10-12T07:20:34.213+0000] {logging_mixin.py:190} INFO - [2024-10-12T07:20:34.212+0000] {dagbag.py:588} INFO - Filling up the DagBag from /home/vboxuser/airflow_venv/lib/python3.12/site-packages/airflow/example_dags/example_bash_decorator.py
[2024-10-12T07:20:34.237+0000] {processor.py:925} INFO - DAG(s) 'example_bash_decorator' retrieved from /home/vboxuser/airflow_venv/lib/python3.12/site-packages/airflow/example_dags/example_bash_decorator.py
[2024-10-12T07:20:34.260+0000] {logging_mixin.py:190} INFO - [2024-10-12T07:20:34.260+0000] {dag.py:3239} INFO - Sync 1 DAGs
[2024-10-12T07:20:34.273+0000] {logging_mixin.py:190} INFO - [2024-10-12T07:20:34.273+0000] {dag.py:4180} INFO - Setting next_dagrun for example_bash_decorator to None, run_after=None
[2024-10-12T07:20:34.303+0000] {processor.py:208} INFO - Processing /home/vboxuser/airflow_venv/lib/python3.12/site-packages/airflow/example_dags/example_bash_decorator.py took 0.110 seconds
[2024-10-12T07:21:40.689+0000] {processor.py:186} INFO - Started process (PID=12108) to work on /home/vboxuser/airflow_venv/lib/python3.12/site-packages/airflow/example_dags/example_bash_decorator.py
[2024-10-12T07:21:40.691+0000] {processor.py:914} INFO - Processing file /home/vboxuser/airflow_venv/lib/python3.12/site-packages/airflow/example_dags/example_bash_decorator.py for tasks to queue
[2024-10-12T07:21:40.694+0000] {logging_mixin.py:190} INFO - [2024-10-12T07:21:40.693+0000] {dagbag.py:588} INFO - Filling up the DagBag from /home/vboxuser/airflow_venv/lib/python3.12/site-packages/airflow/example_dags/example_bash_decorator.py
[2024-10-12T07:21:40.711+0000] {processor.py:925} INFO - DAG(s) 'example_bash_decorator' retrieved from /home/vboxuser/airflow_venv/lib/python3.12/site-packages/airflow/example_dags/example_bash_decorator.py
[2024-10-12T07:21:40.734+0000] {logging_mixin.py:190} INFO - [2024-10-12T07:21:40.734+0000] {dag.py:3239} INFO - Sync 1 DAGs
[2024-10-12T07:21:40.750+0000] {logging_mixin.py:190} INFO - [2024-10-12T07:21:40.750+0000] {dag.py:4180} INFO - Setting next_dagrun for example_bash_decorator to None, run_after=None
[2024-10-12T07:21:40.790+0000] {processor.py:208} INFO - Processing /home/vboxuser/airflow_venv/lib/python3.12/site-packages/airflow/example_dags/example_bash_decorator.py took 0.108 seconds
[2024-10-12T07:22:47.222+0000] {processor.py:186} INFO - Started process (PID=12167) to work on /home/vboxuser/airflow_venv/lib/python3.12/site-packages/airflow/example_dags/example_bash_decorator.py
[2024-10-12T07:22:47.228+0000] {processor.py:914} INFO - Processing file /home/vboxuser/airflow_venv/lib/python3.12/site-packages/airflow/example_dags/example_bash_decorator.py for tasks to queue
[2024-10-12T07:22:47.233+0000] {logging_mixin.py:190} INFO - [2024-10-12T07:22:47.232+0000] {dagbag.py:588} INFO - Filling up the DagBag from /home/vboxuser/airflow_venv/lib/python3.12/site-packages/airflow/example_dags/example_bash_decorator.py
[2024-10-12T07:22:47.253+0000] {processor.py:925} INFO - DAG(s) 'example_bash_decorator' retrieved from /home/vboxuser/airflow_venv/lib/python3.12/site-packages/airflow/example_dags/example_bash_decorator.py
[2024-10-12T07:22:47.274+0000] {logging_mixin.py:190} INFO - [2024-10-12T07:22:47.274+0000] {dag.py:3239} INFO - Sync 1 DAGs
[2024-10-12T07:22:47.289+0000] {logging_mixin.py:190} INFO - [2024-10-12T07:22:47.289+0000] {dag.py:4180} INFO - Setting next_dagrun for example_bash_decorator to None, run_after=None
[2024-10-12T07:22:47.322+0000] {processor.py:208} INFO - Processing /home/vboxuser/airflow_venv/lib/python3.12/site-packages/airflow/example_dags/example_bash_decorator.py took 0.111 seconds
[2024-10-12T07:23:59.944+0000] {processor.py:186} INFO - Started process (PID=12230) to work on /home/vboxuser/airflow_venv/lib/python3.12/site-packages/airflow/example_dags/example_bash_decorator.py
[2024-10-12T07:23:59.949+0000] {processor.py:914} INFO - Processing file /home/vboxuser/airflow_venv/lib/python3.12/site-packages/airflow/example_dags/example_bash_decorator.py for tasks to queue
[2024-10-12T07:23:59.953+0000] {logging_mixin.py:190} INFO - [2024-10-12T07:23:59.952+0000] {dagbag.py:588} INFO - Filling up the DagBag from /home/vboxuser/airflow_venv/lib/python3.12/site-packages/airflow/example_dags/example_bash_decorator.py
[2024-10-12T07:23:59.971+0000] {processor.py:925} INFO - DAG(s) 'example_bash_decorator' retrieved from /home/vboxuser/airflow_venv/lib/python3.12/site-packages/airflow/example_dags/example_bash_decorator.py
[2024-10-12T07:23:59.990+0000] {logging_mixin.py:190} INFO - [2024-10-12T07:23:59.990+0000] {dag.py:3239} INFO - Sync 1 DAGs
[2024-10-12T07:24:00.009+0000] {logging_mixin.py:190} INFO - [2024-10-12T07:24:00.008+0000] {dag.py:4180} INFO - Setting next_dagrun for example_bash_decorator to None, run_after=None
[2024-10-12T07:24:00.076+0000] {processor.py:208} INFO - Processing /home/vboxuser/airflow_venv/lib/python3.12/site-packages/airflow/example_dags/example_bash_decorator.py took 0.144 seconds
[2024-10-12T07:25:07.001+0000] {processor.py:186} INFO - Started process (PID=12293) to work on /home/vboxuser/airflow_venv/lib/python3.12/site-packages/airflow/example_dags/example_bash_decorator.py
[2024-10-12T07:25:07.003+0000] {processor.py:914} INFO - Processing file /home/vboxuser/airflow_venv/lib/python3.12/site-packages/airflow/example_dags/example_bash_decorator.py for tasks to queue
[2024-10-12T07:25:07.006+0000] {logging_mixin.py:190} INFO - [2024-10-12T07:25:07.005+0000] {dagbag.py:588} INFO - Filling up the DagBag from /home/vboxuser/airflow_venv/lib/python3.12/site-packages/airflow/example_dags/example_bash_decorator.py
[2024-10-12T07:25:07.025+0000] {processor.py:925} INFO - DAG(s) 'example_bash_decorator' retrieved from /home/vboxuser/airflow_venv/lib/python3.12/site-packages/airflow/example_dags/example_bash_decorator.py
[2024-10-12T07:25:07.051+0000] {logging_mixin.py:190} INFO - [2024-10-12T07:25:07.051+0000] {dag.py:3239} INFO - Sync 1 DAGs
[2024-10-12T07:25:07.066+0000] {logging_mixin.py:190} INFO - [2024-10-12T07:25:07.066+0000] {dag.py:4180} INFO - Setting next_dagrun for example_bash_decorator to None, run_after=None
[2024-10-12T07:25:07.106+0000] {processor.py:208} INFO - Processing /home/vboxuser/airflow_venv/lib/python3.12/site-packages/airflow/example_dags/example_bash_decorator.py took 0.116 seconds
[2024-10-12T07:26:16.096+0000] {processor.py:186} INFO - Started process (PID=12357) to work on /home/vboxuser/airflow_venv/lib/python3.12/site-packages/airflow/example_dags/example_bash_decorator.py
[2024-10-12T07:26:16.102+0000] {processor.py:914} INFO - Processing file /home/vboxuser/airflow_venv/lib/python3.12/site-packages/airflow/example_dags/example_bash_decorator.py for tasks to queue
[2024-10-12T07:26:16.107+0000] {logging_mixin.py:190} INFO - [2024-10-12T07:26:16.107+0000] {dagbag.py:588} INFO - Filling up the DagBag from /home/vboxuser/airflow_venv/lib/python3.12/site-packages/airflow/example_dags/example_bash_decorator.py
[2024-10-12T07:26:16.136+0000] {processor.py:925} INFO - DAG(s) 'example_bash_decorator' retrieved from /home/vboxuser/airflow_venv/lib/python3.12/site-packages/airflow/example_dags/example_bash_decorator.py
[2024-10-12T07:26:16.159+0000] {logging_mixin.py:190} INFO - [2024-10-12T07:26:16.159+0000] {dag.py:3239} INFO - Sync 1 DAGs
[2024-10-12T07:26:16.176+0000] {logging_mixin.py:190} INFO - [2024-10-12T07:26:16.176+0000] {dag.py:4180} INFO - Setting next_dagrun for example_bash_decorator to None, run_after=None
[2024-10-12T07:26:16.213+0000] {processor.py:208} INFO - Processing /home/vboxuser/airflow_venv/lib/python3.12/site-packages/airflow/example_dags/example_bash_decorator.py took 0.128 seconds
[2024-10-12T07:27:28.440+0000] {processor.py:186} INFO - Started process (PID=12418) to work on /home/vboxuser/airflow_venv/lib/python3.12/site-packages/airflow/example_dags/example_bash_decorator.py
[2024-10-12T07:27:28.443+0000] {processor.py:914} INFO - Processing file /home/vboxuser/airflow_venv/lib/python3.12/site-packages/airflow/example_dags/example_bash_decorator.py for tasks to queue
[2024-10-12T07:27:28.448+0000] {logging_mixin.py:190} INFO - [2024-10-12T07:27:28.446+0000] {dagbag.py:588} INFO - Filling up the DagBag from /home/vboxuser/airflow_venv/lib/python3.12/site-packages/airflow/example_dags/example_bash_decorator.py
[2024-10-12T07:27:28.472+0000] {processor.py:925} INFO - DAG(s) 'example_bash_decorator' retrieved from /home/vboxuser/airflow_venv/lib/python3.12/site-packages/airflow/example_dags/example_bash_decorator.py
[2024-10-12T07:27:28.501+0000] {logging_mixin.py:190} INFO - [2024-10-12T07:27:28.500+0000] {dag.py:3239} INFO - Sync 1 DAGs
[2024-10-12T07:27:28.521+0000] {logging_mixin.py:190} INFO - [2024-10-12T07:27:28.520+0000] {dag.py:4180} INFO - Setting next_dagrun for example_bash_decorator to None, run_after=None
[2024-10-12T07:27:28.563+0000] {processor.py:208} INFO - Processing /home/vboxuser/airflow_venv/lib/python3.12/site-packages/airflow/example_dags/example_bash_decorator.py took 0.130 seconds
[2024-10-12T07:28:40.014+0000] {processor.py:186} INFO - Started process (PID=12481) to work on /home/vboxuser/airflow_venv/lib/python3.12/site-packages/airflow/example_dags/example_bash_decorator.py
[2024-10-12T07:28:40.016+0000] {processor.py:914} INFO - Processing file /home/vboxuser/airflow_venv/lib/python3.12/site-packages/airflow/example_dags/example_bash_decorator.py for tasks to queue
[2024-10-12T07:28:40.019+0000] {logging_mixin.py:190} INFO - [2024-10-12T07:28:40.019+0000] {dagbag.py:588} INFO - Filling up the DagBag from /home/vboxuser/airflow_venv/lib/python3.12/site-packages/airflow/example_dags/example_bash_decorator.py
[2024-10-12T07:28:40.039+0000] {processor.py:925} INFO - DAG(s) 'example_bash_decorator' retrieved from /home/vboxuser/airflow_venv/lib/python3.12/site-packages/airflow/example_dags/example_bash_decorator.py
[2024-10-12T07:28:40.062+0000] {logging_mixin.py:190} INFO - [2024-10-12T07:28:40.062+0000] {dag.py:3239} INFO - Sync 1 DAGs
[2024-10-12T07:28:40.076+0000] {logging_mixin.py:190} INFO - [2024-10-12T07:28:40.076+0000] {dag.py:4180} INFO - Setting next_dagrun for example_bash_decorator to None, run_after=None
[2024-10-12T07:28:40.110+0000] {processor.py:208} INFO - Processing /home/vboxuser/airflow_venv/lib/python3.12/site-packages/airflow/example_dags/example_bash_decorator.py took 0.105 seconds
[2024-10-12T07:29:43.582+0000] {processor.py:186} INFO - Started process (PID=12537) to work on /home/vboxuser/airflow_venv/lib/python3.12/site-packages/airflow/example_dags/example_bash_decorator.py
[2024-10-12T07:29:43.585+0000] {processor.py:914} INFO - Processing file /home/vboxuser/airflow_venv/lib/python3.12/site-packages/airflow/example_dags/example_bash_decorator.py for tasks to queue
[2024-10-12T07:29:43.591+0000] {logging_mixin.py:190} INFO - [2024-10-12T07:29:43.591+0000] {dagbag.py:588} INFO - Filling up the DagBag from /home/vboxuser/airflow_venv/lib/python3.12/site-packages/airflow/example_dags/example_bash_decorator.py
[2024-10-12T07:29:43.609+0000] {processor.py:925} INFO - DAG(s) 'example_bash_decorator' retrieved from /home/vboxuser/airflow_venv/lib/python3.12/site-packages/airflow/example_dags/example_bash_decorator.py
[2024-10-12T07:29:43.630+0000] {logging_mixin.py:190} INFO - [2024-10-12T07:29:43.630+0000] {dag.py:3239} INFO - Sync 1 DAGs
[2024-10-12T07:29:43.645+0000] {logging_mixin.py:190} INFO - [2024-10-12T07:29:43.644+0000] {dag.py:4180} INFO - Setting next_dagrun for example_bash_decorator to None, run_after=None
[2024-10-12T07:29:43.679+0000] {processor.py:208} INFO - Processing /home/vboxuser/airflow_venv/lib/python3.12/site-packages/airflow/example_dags/example_bash_decorator.py took 0.109 seconds
[2024-10-12T07:30:56.008+0000] {processor.py:186} INFO - Started process (PID=12621) to work on /home/vboxuser/airflow_venv/lib/python3.12/site-packages/airflow/example_dags/example_bash_decorator.py
[2024-10-12T07:30:56.009+0000] {processor.py:914} INFO - Processing file /home/vboxuser/airflow_venv/lib/python3.12/site-packages/airflow/example_dags/example_bash_decorator.py for tasks to queue
[2024-10-12T07:30:56.012+0000] {logging_mixin.py:190} INFO - [2024-10-12T07:30:56.011+0000] {dagbag.py:588} INFO - Filling up the DagBag from /home/vboxuser/airflow_venv/lib/python3.12/site-packages/airflow/example_dags/example_bash_decorator.py
[2024-10-12T07:30:56.029+0000] {processor.py:925} INFO - DAG(s) 'example_bash_decorator' retrieved from /home/vboxuser/airflow_venv/lib/python3.12/site-packages/airflow/example_dags/example_bash_decorator.py
[2024-10-12T07:30:56.051+0000] {logging_mixin.py:190} INFO - [2024-10-12T07:30:56.051+0000] {dag.py:3239} INFO - Sync 1 DAGs
[2024-10-12T07:30:56.064+0000] {logging_mixin.py:190} INFO - [2024-10-12T07:30:56.064+0000] {dag.py:4180} INFO - Setting next_dagrun for example_bash_decorator to None, run_after=None
[2024-10-12T07:30:56.102+0000] {processor.py:208} INFO - Processing /home/vboxuser/airflow_venv/lib/python3.12/site-packages/airflow/example_dags/example_bash_decorator.py took 0.104 seconds
[2024-10-12T07:32:04.590+0000] {processor.py:186} INFO - Started process (PID=12691) to work on /home/vboxuser/airflow_venv/lib/python3.12/site-packages/airflow/example_dags/example_bash_decorator.py
[2024-10-12T07:32:04.594+0000] {processor.py:914} INFO - Processing file /home/vboxuser/airflow_venv/lib/python3.12/site-packages/airflow/example_dags/example_bash_decorator.py for tasks to queue
[2024-10-12T07:32:04.599+0000] {logging_mixin.py:190} INFO - [2024-10-12T07:32:04.598+0000] {dagbag.py:588} INFO - Filling up the DagBag from /home/vboxuser/airflow_venv/lib/python3.12/site-packages/airflow/example_dags/example_bash_decorator.py
[2024-10-12T07:32:04.626+0000] {processor.py:925} INFO - DAG(s) 'example_bash_decorator' retrieved from /home/vboxuser/airflow_venv/lib/python3.12/site-packages/airflow/example_dags/example_bash_decorator.py
[2024-10-12T07:32:04.652+0000] {logging_mixin.py:190} INFO - [2024-10-12T07:32:04.651+0000] {dag.py:3239} INFO - Sync 1 DAGs
[2024-10-12T07:32:04.666+0000] {logging_mixin.py:190} INFO - [2024-10-12T07:32:04.666+0000] {dag.py:4180} INFO - Setting next_dagrun for example_bash_decorator to None, run_after=None
[2024-10-12T07:32:04.700+0000] {processor.py:208} INFO - Processing /home/vboxuser/airflow_venv/lib/python3.12/site-packages/airflow/example_dags/example_bash_decorator.py took 0.120 seconds
[2024-10-12T07:33:07.135+0000] {processor.py:186} INFO - Started process (PID=12749) to work on /home/vboxuser/airflow_venv/lib/python3.12/site-packages/airflow/example_dags/example_bash_decorator.py
[2024-10-12T07:33:07.137+0000] {processor.py:914} INFO - Processing file /home/vboxuser/airflow_venv/lib/python3.12/site-packages/airflow/example_dags/example_bash_decorator.py for tasks to queue
[2024-10-12T07:33:07.140+0000] {logging_mixin.py:190} INFO - [2024-10-12T07:33:07.139+0000] {dagbag.py:588} INFO - Filling up the DagBag from /home/vboxuser/airflow_venv/lib/python3.12/site-packages/airflow/example_dags/example_bash_decorator.py
[2024-10-12T07:33:07.160+0000] {processor.py:925} INFO - DAG(s) 'example_bash_decorator' retrieved from /home/vboxuser/airflow_venv/lib/python3.12/site-packages/airflow/example_dags/example_bash_decorator.py
[2024-10-12T07:33:07.185+0000] {logging_mixin.py:190} INFO - [2024-10-12T07:33:07.184+0000] {dag.py:3239} INFO - Sync 1 DAGs
[2024-10-12T07:33:07.199+0000] {logging_mixin.py:190} INFO - [2024-10-12T07:33:07.199+0000] {dag.py:4180} INFO - Setting next_dagrun for example_bash_decorator to None, run_after=None
[2024-10-12T07:33:07.236+0000] {processor.py:208} INFO - Processing /home/vboxuser/airflow_venv/lib/python3.12/site-packages/airflow/example_dags/example_bash_decorator.py took 0.109 seconds
[2024-10-12T07:34:10.716+0000] {processor.py:186} INFO - Started process (PID=12808) to work on /home/vboxuser/airflow_venv/lib/python3.12/site-packages/airflow/example_dags/example_bash_decorator.py
[2024-10-12T07:34:10.721+0000] {processor.py:914} INFO - Processing file /home/vboxuser/airflow_venv/lib/python3.12/site-packages/airflow/example_dags/example_bash_decorator.py for tasks to queue
[2024-10-12T07:34:10.726+0000] {logging_mixin.py:190} INFO - [2024-10-12T07:34:10.725+0000] {dagbag.py:588} INFO - Filling up the DagBag from /home/vboxuser/airflow_venv/lib/python3.12/site-packages/airflow/example_dags/example_bash_decorator.py
[2024-10-12T07:34:10.747+0000] {processor.py:925} INFO - DAG(s) 'example_bash_decorator' retrieved from /home/vboxuser/airflow_venv/lib/python3.12/site-packages/airflow/example_dags/example_bash_decorator.py
[2024-10-12T07:34:10.766+0000] {logging_mixin.py:190} INFO - [2024-10-12T07:34:10.766+0000] {dag.py:3239} INFO - Sync 1 DAGs
[2024-10-12T07:34:10.779+0000] {logging_mixin.py:190} INFO - [2024-10-12T07:34:10.779+0000] {dag.py:4180} INFO - Setting next_dagrun for example_bash_decorator to None, run_after=None
[2024-10-12T07:34:10.810+0000] {processor.py:208} INFO - Processing /home/vboxuser/airflow_venv/lib/python3.12/site-packages/airflow/example_dags/example_bash_decorator.py took 0.105 seconds
[2024-10-12T07:35:13.063+0000] {processor.py:186} INFO - Started process (PID=12881) to work on /home/vboxuser/airflow_venv/lib/python3.12/site-packages/airflow/example_dags/example_bash_decorator.py
[2024-10-12T07:35:13.067+0000] {processor.py:914} INFO - Processing file /home/vboxuser/airflow_venv/lib/python3.12/site-packages/airflow/example_dags/example_bash_decorator.py for tasks to queue
[2024-10-12T07:35:13.076+0000] {logging_mixin.py:190} INFO - [2024-10-12T07:35:13.076+0000] {dagbag.py:588} INFO - Filling up the DagBag from /home/vboxuser/airflow_venv/lib/python3.12/site-packages/airflow/example_dags/example_bash_decorator.py
[2024-10-12T07:35:13.106+0000] {processor.py:925} INFO - DAG(s) 'example_bash_decorator' retrieved from /home/vboxuser/airflow_venv/lib/python3.12/site-packages/airflow/example_dags/example_bash_decorator.py
[2024-10-12T07:35:13.136+0000] {logging_mixin.py:190} INFO - [2024-10-12T07:35:13.135+0000] {dag.py:3239} INFO - Sync 1 DAGs
[2024-10-12T07:35:13.159+0000] {logging_mixin.py:190} INFO - [2024-10-12T07:35:13.159+0000] {dag.py:4180} INFO - Setting next_dagrun for example_bash_decorator to None, run_after=None
[2024-10-12T07:35:13.215+0000] {processor.py:208} INFO - Processing /home/vboxuser/airflow_venv/lib/python3.12/site-packages/airflow/example_dags/example_bash_decorator.py took 0.167 seconds
[2024-10-12T07:47:56.424+0000] {processor.py:186} INFO - Started process (PID=12952) to work on /home/vboxuser/airflow_venv/lib/python3.12/site-packages/airflow/example_dags/example_bash_decorator.py
[2024-10-12T07:47:56.431+0000] {processor.py:914} INFO - Processing file /home/vboxuser/airflow_venv/lib/python3.12/site-packages/airflow/example_dags/example_bash_decorator.py for tasks to queue
[2024-10-12T07:47:56.438+0000] {logging_mixin.py:190} INFO - [2024-10-12T07:47:56.437+0000] {dagbag.py:588} INFO - Filling up the DagBag from /home/vboxuser/airflow_venv/lib/python3.12/site-packages/airflow/example_dags/example_bash_decorator.py
[2024-10-12T07:47:56.465+0000] {processor.py:925} INFO - DAG(s) 'example_bash_decorator' retrieved from /home/vboxuser/airflow_venv/lib/python3.12/site-packages/airflow/example_dags/example_bash_decorator.py
[2024-10-12T07:47:56.500+0000] {logging_mixin.py:190} INFO - [2024-10-12T07:47:56.499+0000] {dag.py:3239} INFO - Sync 1 DAGs
[2024-10-12T07:47:56.521+0000] {logging_mixin.py:190} INFO - [2024-10-12T07:47:56.521+0000] {dag.py:4180} INFO - Setting next_dagrun for example_bash_decorator to None, run_after=None
[2024-10-12T07:47:56.565+0000] {processor.py:208} INFO - Processing /home/vboxuser/airflow_venv/lib/python3.12/site-packages/airflow/example_dags/example_bash_decorator.py took 0.155 seconds
[2024-10-12T07:49:05.897+0000] {processor.py:186} INFO - Started process (PID=13013) to work on /home/vboxuser/airflow_venv/lib/python3.12/site-packages/airflow/example_dags/example_bash_decorator.py
[2024-10-12T07:49:05.902+0000] {processor.py:914} INFO - Processing file /home/vboxuser/airflow_venv/lib/python3.12/site-packages/airflow/example_dags/example_bash_decorator.py for tasks to queue
[2024-10-12T07:49:05.906+0000] {logging_mixin.py:190} INFO - [2024-10-12T07:49:05.905+0000] {dagbag.py:588} INFO - Filling up the DagBag from /home/vboxuser/airflow_venv/lib/python3.12/site-packages/airflow/example_dags/example_bash_decorator.py
[2024-10-12T07:49:05.935+0000] {processor.py:925} INFO - DAG(s) 'example_bash_decorator' retrieved from /home/vboxuser/airflow_venv/lib/python3.12/site-packages/airflow/example_dags/example_bash_decorator.py
[2024-10-12T07:49:05.970+0000] {logging_mixin.py:190} INFO - [2024-10-12T07:49:05.970+0000] {dag.py:3239} INFO - Sync 1 DAGs
[2024-10-12T07:49:05.989+0000] {logging_mixin.py:190} INFO - [2024-10-12T07:49:05.989+0000] {dag.py:4180} INFO - Setting next_dagrun for example_bash_decorator to None, run_after=None
[2024-10-12T07:49:06.038+0000] {processor.py:208} INFO - Processing /home/vboxuser/airflow_venv/lib/python3.12/site-packages/airflow/example_dags/example_bash_decorator.py took 0.153 seconds
[2024-10-12T07:50:12.964+0000] {processor.py:186} INFO - Started process (PID=13072) to work on /home/vboxuser/airflow_venv/lib/python3.12/site-packages/airflow/example_dags/example_bash_decorator.py
[2024-10-12T07:50:12.966+0000] {processor.py:914} INFO - Processing file /home/vboxuser/airflow_venv/lib/python3.12/site-packages/airflow/example_dags/example_bash_decorator.py for tasks to queue
[2024-10-12T07:50:12.969+0000] {logging_mixin.py:190} INFO - [2024-10-12T07:50:12.969+0000] {dagbag.py:588} INFO - Filling up the DagBag from /home/vboxuser/airflow_venv/lib/python3.12/site-packages/airflow/example_dags/example_bash_decorator.py
[2024-10-12T07:50:12.997+0000] {processor.py:925} INFO - DAG(s) 'example_bash_decorator' retrieved from /home/vboxuser/airflow_venv/lib/python3.12/site-packages/airflow/example_dags/example_bash_decorator.py
[2024-10-12T07:50:13.027+0000] {logging_mixin.py:190} INFO - [2024-10-12T07:50:13.027+0000] {dag.py:3239} INFO - Sync 1 DAGs
[2024-10-12T07:50:13.047+0000] {logging_mixin.py:190} INFO - [2024-10-12T07:50:13.046+0000] {dag.py:4180} INFO - Setting next_dagrun for example_bash_decorator to None, run_after=None
[2024-10-12T07:50:13.087+0000] {processor.py:208} INFO - Processing /home/vboxuser/airflow_venv/lib/python3.12/site-packages/airflow/example_dags/example_bash_decorator.py took 0.134 seconds
[2024-10-12T07:51:22.236+0000] {processor.py:186} INFO - Started process (PID=13209) to work on /home/vboxuser/airflow_venv/lib/python3.12/site-packages/airflow/example_dags/example_bash_decorator.py
[2024-10-12T07:51:22.253+0000] {processor.py:914} INFO - Processing file /home/vboxuser/airflow_venv/lib/python3.12/site-packages/airflow/example_dags/example_bash_decorator.py for tasks to queue
[2024-10-12T07:51:22.258+0000] {logging_mixin.py:190} INFO - [2024-10-12T07:51:22.257+0000] {dagbag.py:588} INFO - Filling up the DagBag from /home/vboxuser/airflow_venv/lib/python3.12/site-packages/airflow/example_dags/example_bash_decorator.py
[2024-10-12T07:51:22.290+0000] {processor.py:925} INFO - DAG(s) 'example_bash_decorator' retrieved from /home/vboxuser/airflow_venv/lib/python3.12/site-packages/airflow/example_dags/example_bash_decorator.py
[2024-10-12T07:51:22.320+0000] {logging_mixin.py:190} INFO - [2024-10-12T07:51:22.319+0000] {dag.py:3239} INFO - Sync 1 DAGs
[2024-10-12T07:51:22.340+0000] {logging_mixin.py:190} INFO - [2024-10-12T07:51:22.339+0000] {dag.py:4180} INFO - Setting next_dagrun for example_bash_decorator to None, run_after=None
[2024-10-12T07:51:22.396+0000] {processor.py:208} INFO - Processing /home/vboxuser/airflow_venv/lib/python3.12/site-packages/airflow/example_dags/example_bash_decorator.py took 0.172 seconds
[2024-10-12T07:52:34.881+0000] {processor.py:186} INFO - Started process (PID=13285) to work on /home/vboxuser/airflow_venv/lib/python3.12/site-packages/airflow/example_dags/example_bash_decorator.py
[2024-10-12T07:52:34.887+0000] {processor.py:914} INFO - Processing file /home/vboxuser/airflow_venv/lib/python3.12/site-packages/airflow/example_dags/example_bash_decorator.py for tasks to queue
[2024-10-12T07:52:34.892+0000] {logging_mixin.py:190} INFO - [2024-10-12T07:52:34.891+0000] {dagbag.py:588} INFO - Filling up the DagBag from /home/vboxuser/airflow_venv/lib/python3.12/site-packages/airflow/example_dags/example_bash_decorator.py
[2024-10-12T07:52:34.919+0000] {processor.py:925} INFO - DAG(s) 'example_bash_decorator' retrieved from /home/vboxuser/airflow_venv/lib/python3.12/site-packages/airflow/example_dags/example_bash_decorator.py
[2024-10-12T07:52:34.949+0000] {logging_mixin.py:190} INFO - [2024-10-12T07:52:34.949+0000] {dag.py:3239} INFO - Sync 1 DAGs
[2024-10-12T07:52:34.971+0000] {logging_mixin.py:190} INFO - [2024-10-12T07:52:34.971+0000] {dag.py:4180} INFO - Setting next_dagrun for example_bash_decorator to None, run_after=None
[2024-10-12T07:52:35.020+0000] {processor.py:208} INFO - Processing /home/vboxuser/airflow_venv/lib/python3.12/site-packages/airflow/example_dags/example_bash_decorator.py took 0.151 seconds
[2024-10-12T07:53:38.929+0000] {processor.py:186} INFO - Started process (PID=13357) to work on /home/vboxuser/airflow_venv/lib/python3.12/site-packages/airflow/example_dags/example_bash_decorator.py
[2024-10-12T07:53:38.934+0000] {processor.py:914} INFO - Processing file /home/vboxuser/airflow_venv/lib/python3.12/site-packages/airflow/example_dags/example_bash_decorator.py for tasks to queue
[2024-10-12T07:53:38.938+0000] {logging_mixin.py:190} INFO - [2024-10-12T07:53:38.937+0000] {dagbag.py:588} INFO - Filling up the DagBag from /home/vboxuser/airflow_venv/lib/python3.12/site-packages/airflow/example_dags/example_bash_decorator.py
[2024-10-12T07:53:38.965+0000] {processor.py:925} INFO - DAG(s) 'example_bash_decorator' retrieved from /home/vboxuser/airflow_venv/lib/python3.12/site-packages/airflow/example_dags/example_bash_decorator.py
[2024-10-12T07:53:38.993+0000] {logging_mixin.py:190} INFO - [2024-10-12T07:53:38.992+0000] {dag.py:3239} INFO - Sync 1 DAGs
[2024-10-12T07:53:39.010+0000] {logging_mixin.py:190} INFO - [2024-10-12T07:53:39.010+0000] {dag.py:4180} INFO - Setting next_dagrun for example_bash_decorator to None, run_after=None
[2024-10-12T07:53:39.046+0000] {processor.py:208} INFO - Processing /home/vboxuser/airflow_venv/lib/python3.12/site-packages/airflow/example_dags/example_bash_decorator.py took 0.133 seconds
[2024-10-12T07:54:39.694+0000] {processor.py:186} INFO - Started process (PID=13413) to work on /home/vboxuser/airflow_venv/lib/python3.12/site-packages/airflow/example_dags/example_bash_decorator.py
[2024-10-12T07:54:39.699+0000] {processor.py:914} INFO - Processing file /home/vboxuser/airflow_venv/lib/python3.12/site-packages/airflow/example_dags/example_bash_decorator.py for tasks to queue
[2024-10-12T07:54:39.703+0000] {logging_mixin.py:190} INFO - [2024-10-12T07:54:39.702+0000] {dagbag.py:588} INFO - Filling up the DagBag from /home/vboxuser/airflow_venv/lib/python3.12/site-packages/airflow/example_dags/example_bash_decorator.py
[2024-10-12T07:54:39.730+0000] {processor.py:925} INFO - DAG(s) 'example_bash_decorator' retrieved from /home/vboxuser/airflow_venv/lib/python3.12/site-packages/airflow/example_dags/example_bash_decorator.py
[2024-10-12T07:54:39.755+0000] {logging_mixin.py:190} INFO - [2024-10-12T07:54:39.755+0000] {dag.py:3239} INFO - Sync 1 DAGs
[2024-10-12T07:54:39.770+0000] {logging_mixin.py:190} INFO - [2024-10-12T07:54:39.769+0000] {dag.py:4180} INFO - Setting next_dagrun for example_bash_decorator to None, run_after=None
[2024-10-12T07:54:39.814+0000] {processor.py:208} INFO - Processing /home/vboxuser/airflow_venv/lib/python3.12/site-packages/airflow/example_dags/example_bash_decorator.py took 0.130 seconds
[2024-10-12T07:55:43.741+0000] {processor.py:186} INFO - Started process (PID=13476) to work on /home/vboxuser/airflow_venv/lib/python3.12/site-packages/airflow/example_dags/example_bash_decorator.py
[2024-10-12T07:55:43.747+0000] {processor.py:914} INFO - Processing file /home/vboxuser/airflow_venv/lib/python3.12/site-packages/airflow/example_dags/example_bash_decorator.py for tasks to queue
[2024-10-12T07:55:43.752+0000] {logging_mixin.py:190} INFO - [2024-10-12T07:55:43.751+0000] {dagbag.py:588} INFO - Filling up the DagBag from /home/vboxuser/airflow_venv/lib/python3.12/site-packages/airflow/example_dags/example_bash_decorator.py
[2024-10-12T07:55:43.777+0000] {processor.py:925} INFO - DAG(s) 'example_bash_decorator' retrieved from /home/vboxuser/airflow_venv/lib/python3.12/site-packages/airflow/example_dags/example_bash_decorator.py
[2024-10-12T07:55:43.814+0000] {logging_mixin.py:190} INFO - [2024-10-12T07:55:43.813+0000] {dag.py:3239} INFO - Sync 1 DAGs
[2024-10-12T07:55:43.833+0000] {logging_mixin.py:190} INFO - [2024-10-12T07:55:43.832+0000] {dag.py:4180} INFO - Setting next_dagrun for example_bash_decorator to None, run_after=None
[2024-10-12T07:55:43.877+0000] {processor.py:208} INFO - Processing /home/vboxuser/airflow_venv/lib/python3.12/site-packages/airflow/example_dags/example_bash_decorator.py took 0.147 seconds
[2024-10-12T07:56:51.493+0000] {processor.py:186} INFO - Started process (PID=13540) to work on /home/vboxuser/airflow_venv/lib/python3.12/site-packages/airflow/example_dags/example_bash_decorator.py
[2024-10-12T07:56:51.498+0000] {processor.py:914} INFO - Processing file /home/vboxuser/airflow_venv/lib/python3.12/site-packages/airflow/example_dags/example_bash_decorator.py for tasks to queue
[2024-10-12T07:56:51.501+0000] {logging_mixin.py:190} INFO - [2024-10-12T07:56:51.501+0000] {dagbag.py:588} INFO - Filling up the DagBag from /home/vboxuser/airflow_venv/lib/python3.12/site-packages/airflow/example_dags/example_bash_decorator.py
[2024-10-12T07:56:51.523+0000] {processor.py:925} INFO - DAG(s) 'example_bash_decorator' retrieved from /home/vboxuser/airflow_venv/lib/python3.12/site-packages/airflow/example_dags/example_bash_decorator.py
[2024-10-12T07:56:51.544+0000] {logging_mixin.py:190} INFO - [2024-10-12T07:56:51.543+0000] {dag.py:3239} INFO - Sync 1 DAGs
[2024-10-12T07:56:51.558+0000] {logging_mixin.py:190} INFO - [2024-10-12T07:56:51.558+0000] {dag.py:4180} INFO - Setting next_dagrun for example_bash_decorator to None, run_after=None
[2024-10-12T07:56:51.591+0000] {processor.py:208} INFO - Processing /home/vboxuser/airflow_venv/lib/python3.12/site-packages/airflow/example_dags/example_bash_decorator.py took 0.107 seconds
[2024-10-12T07:57:57.396+0000] {processor.py:186} INFO - Started process (PID=13614) to work on /home/vboxuser/airflow_venv/lib/python3.12/site-packages/airflow/example_dags/example_bash_decorator.py
[2024-10-12T07:57:57.403+0000] {processor.py:914} INFO - Processing file /home/vboxuser/airflow_venv/lib/python3.12/site-packages/airflow/example_dags/example_bash_decorator.py for tasks to queue
[2024-10-12T07:57:57.408+0000] {logging_mixin.py:190} INFO - [2024-10-12T07:57:57.407+0000] {dagbag.py:588} INFO - Filling up the DagBag from /home/vboxuser/airflow_venv/lib/python3.12/site-packages/airflow/example_dags/example_bash_decorator.py
[2024-10-12T07:57:57.429+0000] {processor.py:925} INFO - DAG(s) 'example_bash_decorator' retrieved from /home/vboxuser/airflow_venv/lib/python3.12/site-packages/airflow/example_dags/example_bash_decorator.py
[2024-10-12T07:57:57.451+0000] {logging_mixin.py:190} INFO - [2024-10-12T07:57:57.450+0000] {dag.py:3239} INFO - Sync 1 DAGs
[2024-10-12T07:57:57.465+0000] {logging_mixin.py:190} INFO - [2024-10-12T07:57:57.465+0000] {dag.py:4180} INFO - Setting next_dagrun for example_bash_decorator to None, run_after=None
[2024-10-12T07:57:57.499+0000] {processor.py:208} INFO - Processing /home/vboxuser/airflow_venv/lib/python3.12/site-packages/airflow/example_dags/example_bash_decorator.py took 0.113 seconds
[2024-10-12T07:58:58.430+0000] {processor.py:186} INFO - Started process (PID=13672) to work on /home/vboxuser/airflow_venv/lib/python3.12/site-packages/airflow/example_dags/example_bash_decorator.py
[2024-10-12T07:58:58.436+0000] {processor.py:914} INFO - Processing file /home/vboxuser/airflow_venv/lib/python3.12/site-packages/airflow/example_dags/example_bash_decorator.py for tasks to queue
[2024-10-12T07:58:58.440+0000] {logging_mixin.py:190} INFO - [2024-10-12T07:58:58.439+0000] {dagbag.py:588} INFO - Filling up the DagBag from /home/vboxuser/airflow_venv/lib/python3.12/site-packages/airflow/example_dags/example_bash_decorator.py
[2024-10-12T07:58:58.466+0000] {processor.py:925} INFO - DAG(s) 'example_bash_decorator' retrieved from /home/vboxuser/airflow_venv/lib/python3.12/site-packages/airflow/example_dags/example_bash_decorator.py
[2024-10-12T07:58:58.498+0000] {logging_mixin.py:190} INFO - [2024-10-12T07:58:58.498+0000] {dag.py:3239} INFO - Sync 1 DAGs
[2024-10-12T07:58:58.519+0000] {logging_mixin.py:190} INFO - [2024-10-12T07:58:58.518+0000] {dag.py:4180} INFO - Setting next_dagrun for example_bash_decorator to None, run_after=None
[2024-10-12T07:58:58.562+0000] {processor.py:208} INFO - Processing /home/vboxuser/airflow_venv/lib/python3.12/site-packages/airflow/example_dags/example_bash_decorator.py took 0.146 seconds
[2024-10-12T08:00:01.016+0000] {processor.py:186} INFO - Started process (PID=13729) to work on /home/vboxuser/airflow_venv/lib/python3.12/site-packages/airflow/example_dags/example_bash_decorator.py
[2024-10-12T08:00:01.018+0000] {processor.py:914} INFO - Processing file /home/vboxuser/airflow_venv/lib/python3.12/site-packages/airflow/example_dags/example_bash_decorator.py for tasks to queue
[2024-10-12T08:00:01.022+0000] {logging_mixin.py:190} INFO - [2024-10-12T08:00:01.022+0000] {dagbag.py:588} INFO - Filling up the DagBag from /home/vboxuser/airflow_venv/lib/python3.12/site-packages/airflow/example_dags/example_bash_decorator.py
[2024-10-12T08:00:01.044+0000] {processor.py:925} INFO - DAG(s) 'example_bash_decorator' retrieved from /home/vboxuser/airflow_venv/lib/python3.12/site-packages/airflow/example_dags/example_bash_decorator.py
[2024-10-12T08:00:01.073+0000] {logging_mixin.py:190} INFO - [2024-10-12T08:00:01.073+0000] {dag.py:3239} INFO - Sync 1 DAGs
[2024-10-12T08:00:01.089+0000] {logging_mixin.py:190} INFO - [2024-10-12T08:00:01.089+0000] {dag.py:4180} INFO - Setting next_dagrun for example_bash_decorator to None, run_after=None
[2024-10-12T08:00:01.124+0000] {processor.py:208} INFO - Processing /home/vboxuser/airflow_venv/lib/python3.12/site-packages/airflow/example_dags/example_bash_decorator.py took 0.118 seconds
[2024-10-12T08:01:04.784+0000] {processor.py:186} INFO - Started process (PID=13791) to work on /home/vboxuser/airflow_venv/lib/python3.12/site-packages/airflow/example_dags/example_bash_decorator.py
[2024-10-12T08:01:04.788+0000] {processor.py:914} INFO - Processing file /home/vboxuser/airflow_venv/lib/python3.12/site-packages/airflow/example_dags/example_bash_decorator.py for tasks to queue
[2024-10-12T08:01:04.792+0000] {logging_mixin.py:190} INFO - [2024-10-12T08:01:04.791+0000] {dagbag.py:588} INFO - Filling up the DagBag from /home/vboxuser/airflow_venv/lib/python3.12/site-packages/airflow/example_dags/example_bash_decorator.py
[2024-10-12T08:01:04.815+0000] {processor.py:925} INFO - DAG(s) 'example_bash_decorator' retrieved from /home/vboxuser/airflow_venv/lib/python3.12/site-packages/airflow/example_dags/example_bash_decorator.py
[2024-10-12T08:01:04.838+0000] {logging_mixin.py:190} INFO - [2024-10-12T08:01:04.838+0000] {dag.py:3239} INFO - Sync 1 DAGs
[2024-10-12T08:01:04.856+0000] {logging_mixin.py:190} INFO - [2024-10-12T08:01:04.856+0000] {dag.py:4180} INFO - Setting next_dagrun for example_bash_decorator to None, run_after=None
[2024-10-12T08:01:04.893+0000] {processor.py:208} INFO - Processing /home/vboxuser/airflow_venv/lib/python3.12/site-packages/airflow/example_dags/example_bash_decorator.py took 0.117 seconds
[2024-10-12T08:02:14.581+0000] {processor.py:186} INFO - Started process (PID=13852) to work on /home/vboxuser/airflow_venv/lib/python3.12/site-packages/airflow/example_dags/example_bash_decorator.py
[2024-10-12T08:02:14.586+0000] {processor.py:914} INFO - Processing file /home/vboxuser/airflow_venv/lib/python3.12/site-packages/airflow/example_dags/example_bash_decorator.py for tasks to queue
[2024-10-12T08:02:14.591+0000] {logging_mixin.py:190} INFO - [2024-10-12T08:02:14.590+0000] {dagbag.py:588} INFO - Filling up the DagBag from /home/vboxuser/airflow_venv/lib/python3.12/site-packages/airflow/example_dags/example_bash_decorator.py
[2024-10-12T08:02:14.617+0000] {processor.py:925} INFO - DAG(s) 'example_bash_decorator' retrieved from /home/vboxuser/airflow_venv/lib/python3.12/site-packages/airflow/example_dags/example_bash_decorator.py
[2024-10-12T08:02:14.653+0000] {logging_mixin.py:190} INFO - [2024-10-12T08:02:14.653+0000] {dag.py:3239} INFO - Sync 1 DAGs
[2024-10-12T08:02:14.672+0000] {logging_mixin.py:190} INFO - [2024-10-12T08:02:14.672+0000] {dag.py:4180} INFO - Setting next_dagrun for example_bash_decorator to None, run_after=None
[2024-10-12T08:02:14.712+0000] {processor.py:208} INFO - Processing /home/vboxuser/airflow_venv/lib/python3.12/site-packages/airflow/example_dags/example_bash_decorator.py took 0.138 seconds
[2024-10-12T08:03:18.320+0000] {processor.py:186} INFO - Started process (PID=13911) to work on /home/vboxuser/airflow_venv/lib/python3.12/site-packages/airflow/example_dags/example_bash_decorator.py
[2024-10-12T08:03:18.324+0000] {processor.py:914} INFO - Processing file /home/vboxuser/airflow_venv/lib/python3.12/site-packages/airflow/example_dags/example_bash_decorator.py for tasks to queue
[2024-10-12T08:03:18.328+0000] {logging_mixin.py:190} INFO - [2024-10-12T08:03:18.327+0000] {dagbag.py:588} INFO - Filling up the DagBag from /home/vboxuser/airflow_venv/lib/python3.12/site-packages/airflow/example_dags/example_bash_decorator.py
[2024-10-12T08:03:18.354+0000] {processor.py:925} INFO - DAG(s) 'example_bash_decorator' retrieved from /home/vboxuser/airflow_venv/lib/python3.12/site-packages/airflow/example_dags/example_bash_decorator.py
[2024-10-12T08:03:18.389+0000] {logging_mixin.py:190} INFO - [2024-10-12T08:03:18.388+0000] {dag.py:3239} INFO - Sync 1 DAGs
[2024-10-12T08:03:18.412+0000] {logging_mixin.py:190} INFO - [2024-10-12T08:03:18.412+0000] {dag.py:4180} INFO - Setting next_dagrun for example_bash_decorator to None, run_after=None
[2024-10-12T08:03:18.455+0000] {processor.py:208} INFO - Processing /home/vboxuser/airflow_venv/lib/python3.12/site-packages/airflow/example_dags/example_bash_decorator.py took 0.146 seconds
[2024-10-12T08:04:26.063+0000] {processor.py:186} INFO - Started process (PID=13981) to work on /home/vboxuser/airflow_venv/lib/python3.12/site-packages/airflow/example_dags/example_bash_decorator.py
[2024-10-12T08:04:26.070+0000] {processor.py:914} INFO - Processing file /home/vboxuser/airflow_venv/lib/python3.12/site-packages/airflow/example_dags/example_bash_decorator.py for tasks to queue
[2024-10-12T08:04:26.074+0000] {logging_mixin.py:190} INFO - [2024-10-12T08:04:26.074+0000] {dagbag.py:588} INFO - Filling up the DagBag from /home/vboxuser/airflow_venv/lib/python3.12/site-packages/airflow/example_dags/example_bash_decorator.py
[2024-10-12T08:04:26.100+0000] {processor.py:925} INFO - DAG(s) 'example_bash_decorator' retrieved from /home/vboxuser/airflow_venv/lib/python3.12/site-packages/airflow/example_dags/example_bash_decorator.py
[2024-10-12T08:04:26.129+0000] {logging_mixin.py:190} INFO - [2024-10-12T08:04:26.129+0000] {dag.py:3239} INFO - Sync 1 DAGs
[2024-10-12T08:04:26.149+0000] {logging_mixin.py:190} INFO - [2024-10-12T08:04:26.148+0000] {dag.py:4180} INFO - Setting next_dagrun for example_bash_decorator to None, run_after=None
[2024-10-12T08:04:26.189+0000] {processor.py:208} INFO - Processing /home/vboxuser/airflow_venv/lib/python3.12/site-packages/airflow/example_dags/example_bash_decorator.py took 0.139 seconds
[2024-10-12T08:05:34.440+0000] {processor.py:186} INFO - Started process (PID=14047) to work on /home/vboxuser/airflow_venv/lib/python3.12/site-packages/airflow/example_dags/example_bash_decorator.py
[2024-10-12T08:05:34.445+0000] {processor.py:914} INFO - Processing file /home/vboxuser/airflow_venv/lib/python3.12/site-packages/airflow/example_dags/example_bash_decorator.py for tasks to queue
[2024-10-12T08:05:34.448+0000] {logging_mixin.py:190} INFO - [2024-10-12T08:05:34.448+0000] {dagbag.py:588} INFO - Filling up the DagBag from /home/vboxuser/airflow_venv/lib/python3.12/site-packages/airflow/example_dags/example_bash_decorator.py
[2024-10-12T08:05:34.478+0000] {processor.py:925} INFO - DAG(s) 'example_bash_decorator' retrieved from /home/vboxuser/airflow_venv/lib/python3.12/site-packages/airflow/example_dags/example_bash_decorator.py
[2024-10-12T08:05:34.513+0000] {logging_mixin.py:190} INFO - [2024-10-12T08:05:34.512+0000] {dag.py:3239} INFO - Sync 1 DAGs
[2024-10-12T08:05:34.531+0000] {logging_mixin.py:190} INFO - [2024-10-12T08:05:34.530+0000] {dag.py:4180} INFO - Setting next_dagrun for example_bash_decorator to None, run_after=None
[2024-10-12T08:05:34.569+0000] {processor.py:208} INFO - Processing /home/vboxuser/airflow_venv/lib/python3.12/site-packages/airflow/example_dags/example_bash_decorator.py took 0.138 seconds
[2024-10-12T08:06:48.065+0000] {processor.py:186} INFO - Started process (PID=14116) to work on /home/vboxuser/airflow_venv/lib/python3.12/site-packages/airflow/example_dags/example_bash_decorator.py
[2024-10-12T08:06:48.072+0000] {processor.py:914} INFO - Processing file /home/vboxuser/airflow_venv/lib/python3.12/site-packages/airflow/example_dags/example_bash_decorator.py for tasks to queue
[2024-10-12T08:06:48.077+0000] {logging_mixin.py:190} INFO - [2024-10-12T08:06:48.076+0000] {dagbag.py:588} INFO - Filling up the DagBag from /home/vboxuser/airflow_venv/lib/python3.12/site-packages/airflow/example_dags/example_bash_decorator.py
[2024-10-12T08:06:48.112+0000] {processor.py:925} INFO - DAG(s) 'example_bash_decorator' retrieved from /home/vboxuser/airflow_venv/lib/python3.12/site-packages/airflow/example_dags/example_bash_decorator.py
[2024-10-12T08:06:48.152+0000] {logging_mixin.py:190} INFO - [2024-10-12T08:06:48.152+0000] {dag.py:3239} INFO - Sync 1 DAGs
[2024-10-12T08:06:48.181+0000] {logging_mixin.py:190} INFO - [2024-10-12T08:06:48.180+0000] {dag.py:4180} INFO - Setting next_dagrun for example_bash_decorator to None, run_after=None
[2024-10-12T08:06:48.240+0000] {processor.py:208} INFO - Processing /home/vboxuser/airflow_venv/lib/python3.12/site-packages/airflow/example_dags/example_bash_decorator.py took 0.186 seconds
[2024-10-12T08:08:04.126+0000] {processor.py:186} INFO - Started process (PID=14185) to work on /home/vboxuser/airflow_venv/lib/python3.12/site-packages/airflow/example_dags/example_bash_decorator.py
[2024-10-12T08:08:04.133+0000] {processor.py:914} INFO - Processing file /home/vboxuser/airflow_venv/lib/python3.12/site-packages/airflow/example_dags/example_bash_decorator.py for tasks to queue
[2024-10-12T08:08:04.138+0000] {logging_mixin.py:190} INFO - [2024-10-12T08:08:04.137+0000] {dagbag.py:588} INFO - Filling up the DagBag from /home/vboxuser/airflow_venv/lib/python3.12/site-packages/airflow/example_dags/example_bash_decorator.py
[2024-10-12T08:08:04.174+0000] {processor.py:925} INFO - DAG(s) 'example_bash_decorator' retrieved from /home/vboxuser/airflow_venv/lib/python3.12/site-packages/airflow/example_dags/example_bash_decorator.py
[2024-10-12T08:08:04.207+0000] {logging_mixin.py:190} INFO - [2024-10-12T08:08:04.206+0000] {dag.py:3239} INFO - Sync 1 DAGs
[2024-10-12T08:08:04.235+0000] {logging_mixin.py:190} INFO - [2024-10-12T08:08:04.234+0000] {dag.py:4180} INFO - Setting next_dagrun for example_bash_decorator to None, run_after=None
[2024-10-12T08:08:04.296+0000] {processor.py:208} INFO - Processing /home/vboxuser/airflow_venv/lib/python3.12/site-packages/airflow/example_dags/example_bash_decorator.py took 0.186 seconds
[2024-10-12T08:09:19.399+0000] {processor.py:186} INFO - Started process (PID=14250) to work on /home/vboxuser/airflow_venv/lib/python3.12/site-packages/airflow/example_dags/example_bash_decorator.py
[2024-10-12T08:09:19.407+0000] {processor.py:914} INFO - Processing file /home/vboxuser/airflow_venv/lib/python3.12/site-packages/airflow/example_dags/example_bash_decorator.py for tasks to queue
[2024-10-12T08:09:19.412+0000] {logging_mixin.py:190} INFO - [2024-10-12T08:09:19.411+0000] {dagbag.py:588} INFO - Filling up the DagBag from /home/vboxuser/airflow_venv/lib/python3.12/site-packages/airflow/example_dags/example_bash_decorator.py
[2024-10-12T08:09:19.445+0000] {processor.py:925} INFO - DAG(s) 'example_bash_decorator' retrieved from /home/vboxuser/airflow_venv/lib/python3.12/site-packages/airflow/example_dags/example_bash_decorator.py
[2024-10-12T08:09:19.470+0000] {logging_mixin.py:190} INFO - [2024-10-12T08:09:19.470+0000] {dag.py:3239} INFO - Sync 1 DAGs
[2024-10-12T08:09:19.500+0000] {logging_mixin.py:190} INFO - [2024-10-12T08:09:19.499+0000] {dag.py:4180} INFO - Setting next_dagrun for example_bash_decorator to None, run_after=None
[2024-10-12T08:09:19.562+0000] {processor.py:208} INFO - Processing /home/vboxuser/airflow_venv/lib/python3.12/site-packages/airflow/example_dags/example_bash_decorator.py took 0.178 seconds
[2024-10-12T08:10:35.858+0000] {processor.py:186} INFO - Started process (PID=14316) to work on /home/vboxuser/airflow_venv/lib/python3.12/site-packages/airflow/example_dags/example_bash_decorator.py
[2024-10-12T08:10:35.866+0000] {processor.py:914} INFO - Processing file /home/vboxuser/airflow_venv/lib/python3.12/site-packages/airflow/example_dags/example_bash_decorator.py for tasks to queue
[2024-10-12T08:10:35.871+0000] {logging_mixin.py:190} INFO - [2024-10-12T08:10:35.870+0000] {dagbag.py:588} INFO - Filling up the DagBag from /home/vboxuser/airflow_venv/lib/python3.12/site-packages/airflow/example_dags/example_bash_decorator.py
[2024-10-12T08:10:35.917+0000] {processor.py:925} INFO - DAG(s) 'example_bash_decorator' retrieved from /home/vboxuser/airflow_venv/lib/python3.12/site-packages/airflow/example_dags/example_bash_decorator.py
[2024-10-12T08:10:35.966+0000] {logging_mixin.py:190} INFO - [2024-10-12T08:10:35.965+0000] {dag.py:3239} INFO - Sync 1 DAGs
[2024-10-12T08:10:35.993+0000] {logging_mixin.py:190} INFO - [2024-10-12T08:10:35.993+0000] {dag.py:4180} INFO - Setting next_dagrun for example_bash_decorator to None, run_after=None
[2024-10-12T08:10:36.048+0000] {processor.py:208} INFO - Processing /home/vboxuser/airflow_venv/lib/python3.12/site-packages/airflow/example_dags/example_bash_decorator.py took 0.202 seconds
[2024-10-12T08:11:45.691+0000] {processor.py:186} INFO - Started process (PID=14379) to work on /home/vboxuser/airflow_venv/lib/python3.12/site-packages/airflow/example_dags/example_bash_decorator.py
[2024-10-12T08:11:45.699+0000] {processor.py:914} INFO - Processing file /home/vboxuser/airflow_venv/lib/python3.12/site-packages/airflow/example_dags/example_bash_decorator.py for tasks to queue
[2024-10-12T08:11:45.705+0000] {logging_mixin.py:190} INFO - [2024-10-12T08:11:45.704+0000] {dagbag.py:588} INFO - Filling up the DagBag from /home/vboxuser/airflow_venv/lib/python3.12/site-packages/airflow/example_dags/example_bash_decorator.py
[2024-10-12T08:11:45.741+0000] {processor.py:925} INFO - DAG(s) 'example_bash_decorator' retrieved from /home/vboxuser/airflow_venv/lib/python3.12/site-packages/airflow/example_dags/example_bash_decorator.py
[2024-10-12T08:11:45.775+0000] {logging_mixin.py:190} INFO - [2024-10-12T08:11:45.775+0000] {dag.py:3239} INFO - Sync 1 DAGs
[2024-10-12T08:11:45.791+0000] {logging_mixin.py:190} INFO - [2024-10-12T08:11:45.791+0000] {dag.py:4180} INFO - Setting next_dagrun for example_bash_decorator to None, run_after=None
[2024-10-12T08:11:45.849+0000] {processor.py:208} INFO - Processing /home/vboxuser/airflow_venv/lib/python3.12/site-packages/airflow/example_dags/example_bash_decorator.py took 0.176 seconds
[2024-10-12T08:12:52.923+0000] {processor.py:186} INFO - Started process (PID=14439) to work on /home/vboxuser/airflow_venv/lib/python3.12/site-packages/airflow/example_dags/example_bash_decorator.py
[2024-10-12T08:12:52.929+0000] {processor.py:914} INFO - Processing file /home/vboxuser/airflow_venv/lib/python3.12/site-packages/airflow/example_dags/example_bash_decorator.py for tasks to queue
[2024-10-12T08:12:52.935+0000] {logging_mixin.py:190} INFO - [2024-10-12T08:12:52.934+0000] {dagbag.py:588} INFO - Filling up the DagBag from /home/vboxuser/airflow_venv/lib/python3.12/site-packages/airflow/example_dags/example_bash_decorator.py
[2024-10-12T08:12:52.971+0000] {processor.py:925} INFO - DAG(s) 'example_bash_decorator' retrieved from /home/vboxuser/airflow_venv/lib/python3.12/site-packages/airflow/example_dags/example_bash_decorator.py
[2024-10-12T08:12:53.008+0000] {logging_mixin.py:190} INFO - [2024-10-12T08:12:53.007+0000] {dag.py:3239} INFO - Sync 1 DAGs
[2024-10-12T08:12:53.038+0000] {logging_mixin.py:190} INFO - [2024-10-12T08:12:53.038+0000] {dag.py:4180} INFO - Setting next_dagrun for example_bash_decorator to None, run_after=None
[2024-10-12T08:12:53.096+0000] {processor.py:208} INFO - Processing /home/vboxuser/airflow_venv/lib/python3.12/site-packages/airflow/example_dags/example_bash_decorator.py took 0.186 seconds
[2024-10-12T08:14:04.364+0000] {processor.py:186} INFO - Started process (PID=14501) to work on /home/vboxuser/airflow_venv/lib/python3.12/site-packages/airflow/example_dags/example_bash_decorator.py
[2024-10-12T08:14:04.368+0000] {processor.py:914} INFO - Processing file /home/vboxuser/airflow_venv/lib/python3.12/site-packages/airflow/example_dags/example_bash_decorator.py for tasks to queue
[2024-10-12T08:14:04.377+0000] {logging_mixin.py:190} INFO - [2024-10-12T08:14:04.374+0000] {dagbag.py:588} INFO - Filling up the DagBag from /home/vboxuser/airflow_venv/lib/python3.12/site-packages/airflow/example_dags/example_bash_decorator.py
[2024-10-12T08:14:04.416+0000] {processor.py:925} INFO - DAG(s) 'example_bash_decorator' retrieved from /home/vboxuser/airflow_venv/lib/python3.12/site-packages/airflow/example_dags/example_bash_decorator.py
[2024-10-12T08:14:04.456+0000] {logging_mixin.py:190} INFO - [2024-10-12T08:14:04.456+0000] {dag.py:3239} INFO - Sync 1 DAGs
[2024-10-12T08:14:04.486+0000] {logging_mixin.py:190} INFO - [2024-10-12T08:14:04.485+0000] {dag.py:4180} INFO - Setting next_dagrun for example_bash_decorator to None, run_after=None
[2024-10-12T08:14:04.546+0000] {processor.py:208} INFO - Processing /home/vboxuser/airflow_venv/lib/python3.12/site-packages/airflow/example_dags/example_bash_decorator.py took 0.198 seconds
[2024-10-12T08:15:19.782+0000] {processor.py:186} INFO - Started process (PID=14567) to work on /home/vboxuser/airflow_venv/lib/python3.12/site-packages/airflow/example_dags/example_bash_decorator.py
[2024-10-12T08:15:19.789+0000] {processor.py:914} INFO - Processing file /home/vboxuser/airflow_venv/lib/python3.12/site-packages/airflow/example_dags/example_bash_decorator.py for tasks to queue
[2024-10-12T08:15:19.795+0000] {logging_mixin.py:190} INFO - [2024-10-12T08:15:19.794+0000] {dagbag.py:588} INFO - Filling up the DagBag from /home/vboxuser/airflow_venv/lib/python3.12/site-packages/airflow/example_dags/example_bash_decorator.py
[2024-10-12T08:15:19.828+0000] {processor.py:925} INFO - DAG(s) 'example_bash_decorator' retrieved from /home/vboxuser/airflow_venv/lib/python3.12/site-packages/airflow/example_dags/example_bash_decorator.py
[2024-10-12T08:15:19.855+0000] {logging_mixin.py:190} INFO - [2024-10-12T08:15:19.855+0000] {dag.py:3239} INFO - Sync 1 DAGs
[2024-10-12T08:15:19.882+0000] {logging_mixin.py:190} INFO - [2024-10-12T08:15:19.882+0000] {dag.py:4180} INFO - Setting next_dagrun for example_bash_decorator to None, run_after=None
[2024-10-12T08:15:19.942+0000] {processor.py:208} INFO - Processing /home/vboxuser/airflow_venv/lib/python3.12/site-packages/airflow/example_dags/example_bash_decorator.py took 0.174 seconds
[2024-10-12T08:16:33.840+0000] {processor.py:186} INFO - Started process (PID=14629) to work on /home/vboxuser/airflow_venv/lib/python3.12/site-packages/airflow/example_dags/example_bash_decorator.py
[2024-10-12T08:16:33.847+0000] {processor.py:914} INFO - Processing file /home/vboxuser/airflow_venv/lib/python3.12/site-packages/airflow/example_dags/example_bash_decorator.py for tasks to queue
[2024-10-12T08:16:33.852+0000] {logging_mixin.py:190} INFO - [2024-10-12T08:16:33.851+0000] {dagbag.py:588} INFO - Filling up the DagBag from /home/vboxuser/airflow_venv/lib/python3.12/site-packages/airflow/example_dags/example_bash_decorator.py
[2024-10-12T08:16:33.875+0000] {processor.py:925} INFO - DAG(s) 'example_bash_decorator' retrieved from /home/vboxuser/airflow_venv/lib/python3.12/site-packages/airflow/example_dags/example_bash_decorator.py
[2024-10-12T08:16:33.899+0000] {logging_mixin.py:190} INFO - [2024-10-12T08:16:33.899+0000] {dag.py:3239} INFO - Sync 1 DAGs
[2024-10-12T08:16:33.916+0000] {logging_mixin.py:190} INFO - [2024-10-12T08:16:33.916+0000] {dag.py:4180} INFO - Setting next_dagrun for example_bash_decorator to None, run_after=None
[2024-10-12T08:16:33.955+0000] {processor.py:208} INFO - Processing /home/vboxuser/airflow_venv/lib/python3.12/site-packages/airflow/example_dags/example_bash_decorator.py took 0.130 seconds
