[2024-10-12T07:08:36.141+0000] {processor.py:186} INFO - Started process (PID=11298) to work on /home/vboxuser/airflow_venv/lib/python3.12/site-packages/airflow/example_dags/example_setup_teardown.py
[2024-10-12T07:08:36.142+0000] {processor.py:914} INFO - Processing file /home/vboxuser/airflow_venv/lib/python3.12/site-packages/airflow/example_dags/example_setup_teardown.py for tasks to queue
[2024-10-12T07:08:36.145+0000] {logging_mixin.py:190} INFO - [2024-10-12T07:08:36.144+0000] {dagbag.py:588} INFO - Filling up the DagBag from /home/vboxuser/airflow_venv/lib/python3.12/site-packages/airflow/example_dags/example_setup_teardown.py
[2024-10-12T07:08:36.156+0000] {processor.py:925} INFO - DAG(s) 'example_setup_teardown' retrieved from /home/vboxuser/airflow_venv/lib/python3.12/site-packages/airflow/example_dags/example_setup_teardown.py
[2024-10-12T07:08:36.313+0000] {logging_mixin.py:190} INFO - [2024-10-12T07:08:36.312+0000] {override.py:1901} INFO - Created Permission View: can delete on DAG:example_setup_teardown
[2024-10-12T07:08:36.337+0000] {logging_mixin.py:190} INFO - [2024-10-12T07:08:36.337+0000] {override.py:1901} INFO - Created Permission View: can read on DAG:example_setup_teardown
[2024-10-12T07:08:36.356+0000] {logging_mixin.py:190} INFO - [2024-10-12T07:08:36.355+0000] {override.py:1901} INFO - Created Permission View: can edit on DAG:example_setup_teardown
[2024-10-12T07:08:36.390+0000] {logging_mixin.py:190} INFO - [2024-10-12T07:08:36.389+0000] {override.py:1901} INFO - Created Permission View: can delete on DAG Run:example_setup_teardown
[2024-10-12T07:08:36.407+0000] {logging_mixin.py:190} INFO - [2024-10-12T07:08:36.407+0000] {override.py:1901} INFO - Created Permission View: can read on DAG Run:example_setup_teardown
[2024-10-12T07:08:36.425+0000] {logging_mixin.py:190} INFO - [2024-10-12T07:08:36.424+0000] {override.py:1901} INFO - Created Permission View: menu access on DAG Run:example_setup_teardown
[2024-10-12T07:08:36.444+0000] {logging_mixin.py:190} INFO - [2024-10-12T07:08:36.443+0000] {override.py:1901} INFO - Created Permission View: can create on DAG Run:example_setup_teardown
[2024-10-12T07:08:36.444+0000] {logging_mixin.py:190} INFO - [2024-10-12T07:08:36.444+0000] {dag.py:3239} INFO - Sync 1 DAGs
[2024-10-12T07:08:36.463+0000] {logging_mixin.py:190} INFO - [2024-10-12T07:08:36.463+0000] {dag.py:3262} INFO - Creating ORM DAG for example_setup_teardown
[2024-10-12T07:08:36.464+0000] {logging_mixin.py:190} INFO - [2024-10-12T07:08:36.464+0000] {dag.py:4180} INFO - Setting next_dagrun for example_setup_teardown to None, run_after=None
[2024-10-12T07:08:36.495+0000] {processor.py:208} INFO - Processing /home/vboxuser/airflow_venv/lib/python3.12/site-packages/airflow/example_dags/example_setup_teardown.py took 0.361 seconds
[2024-10-12T07:09:50.285+0000] {processor.py:186} INFO - Started process (PID=11358) to work on /home/vboxuser/airflow_venv/lib/python3.12/site-packages/airflow/example_dags/example_setup_teardown.py
[2024-10-12T07:09:50.291+0000] {processor.py:914} INFO - Processing file /home/vboxuser/airflow_venv/lib/python3.12/site-packages/airflow/example_dags/example_setup_teardown.py for tasks to queue
[2024-10-12T07:09:50.296+0000] {logging_mixin.py:190} INFO - [2024-10-12T07:09:50.295+0000] {dagbag.py:588} INFO - Filling up the DagBag from /home/vboxuser/airflow_venv/lib/python3.12/site-packages/airflow/example_dags/example_setup_teardown.py
[2024-10-12T07:09:50.313+0000] {processor.py:925} INFO - DAG(s) 'example_setup_teardown' retrieved from /home/vboxuser/airflow_venv/lib/python3.12/site-packages/airflow/example_dags/example_setup_teardown.py
[2024-10-12T07:09:50.348+0000] {logging_mixin.py:190} INFO - [2024-10-12T07:09:50.347+0000] {dag.py:3239} INFO - Sync 1 DAGs
[2024-10-12T07:09:50.369+0000] {logging_mixin.py:190} INFO - [2024-10-12T07:09:50.369+0000] {dag.py:4180} INFO - Setting next_dagrun for example_setup_teardown to None, run_after=None
[2024-10-12T07:09:50.419+0000] {processor.py:208} INFO - Processing /home/vboxuser/airflow_venv/lib/python3.12/site-packages/airflow/example_dags/example_setup_teardown.py took 0.146 seconds
[2024-10-12T07:10:27.730+0000] {processor.py:186} INFO - Started process (PID=11394) to work on /home/vboxuser/airflow_venv/lib/python3.12/site-packages/airflow/example_dags/example_setup_teardown.py
[2024-10-12T07:10:27.733+0000] {processor.py:914} INFO - Processing file /home/vboxuser/airflow_venv/lib/python3.12/site-packages/airflow/example_dags/example_setup_teardown.py for tasks to queue
[2024-10-12T07:10:27.736+0000] {logging_mixin.py:190} INFO - [2024-10-12T07:10:27.736+0000] {dagbag.py:588} INFO - Filling up the DagBag from /home/vboxuser/airflow_venv/lib/python3.12/site-packages/airflow/example_dags/example_setup_teardown.py
[2024-10-12T07:10:27.747+0000] {processor.py:925} INFO - DAG(s) 'example_setup_teardown' retrieved from /home/vboxuser/airflow_venv/lib/python3.12/site-packages/airflow/example_dags/example_setup_teardown.py
[2024-10-12T07:10:27.767+0000] {logging_mixin.py:190} INFO - [2024-10-12T07:10:27.767+0000] {dag.py:3239} INFO - Sync 1 DAGs
[2024-10-12T07:10:27.779+0000] {logging_mixin.py:190} INFO - [2024-10-12T07:10:27.779+0000] {dag.py:4180} INFO - Setting next_dagrun for example_setup_teardown to None, run_after=None
[2024-10-12T07:10:27.813+0000] {processor.py:208} INFO - Processing /home/vboxuser/airflow_venv/lib/python3.12/site-packages/airflow/example_dags/example_setup_teardown.py took 0.092 seconds
[2024-10-12T07:11:30.273+0000] {processor.py:186} INFO - Started process (PID=11451) to work on /home/vboxuser/airflow_venv/lib/python3.12/site-packages/airflow/example_dags/example_setup_teardown.py
[2024-10-12T07:11:30.275+0000] {processor.py:914} INFO - Processing file /home/vboxuser/airflow_venv/lib/python3.12/site-packages/airflow/example_dags/example_setup_teardown.py for tasks to queue
[2024-10-12T07:11:30.279+0000] {logging_mixin.py:190} INFO - [2024-10-12T07:11:30.278+0000] {dagbag.py:588} INFO - Filling up the DagBag from /home/vboxuser/airflow_venv/lib/python3.12/site-packages/airflow/example_dags/example_setup_teardown.py
[2024-10-12T07:11:30.289+0000] {processor.py:925} INFO - DAG(s) 'example_setup_teardown' retrieved from /home/vboxuser/airflow_venv/lib/python3.12/site-packages/airflow/example_dags/example_setup_teardown.py
[2024-10-12T07:11:30.306+0000] {logging_mixin.py:190} INFO - [2024-10-12T07:11:30.306+0000] {dag.py:3239} INFO - Sync 1 DAGs
[2024-10-12T07:11:30.324+0000] {logging_mixin.py:190} INFO - [2024-10-12T07:11:30.324+0000] {dag.py:4180} INFO - Setting next_dagrun for example_setup_teardown to None, run_after=None
[2024-10-12T07:11:30.368+0000] {processor.py:208} INFO - Processing /home/vboxuser/airflow_venv/lib/python3.12/site-packages/airflow/example_dags/example_setup_teardown.py took 0.103 seconds
[2024-10-12T07:12:32.559+0000] {processor.py:186} INFO - Started process (PID=11509) to work on /home/vboxuser/airflow_venv/lib/python3.12/site-packages/airflow/example_dags/example_setup_teardown.py
[2024-10-12T07:12:32.562+0000] {processor.py:914} INFO - Processing file /home/vboxuser/airflow_venv/lib/python3.12/site-packages/airflow/example_dags/example_setup_teardown.py for tasks to queue
[2024-10-12T07:12:32.566+0000] {logging_mixin.py:190} INFO - [2024-10-12T07:12:32.564+0000] {dagbag.py:588} INFO - Filling up the DagBag from /home/vboxuser/airflow_venv/lib/python3.12/site-packages/airflow/example_dags/example_setup_teardown.py
[2024-10-12T07:12:32.581+0000] {processor.py:925} INFO - DAG(s) 'example_setup_teardown' retrieved from /home/vboxuser/airflow_venv/lib/python3.12/site-packages/airflow/example_dags/example_setup_teardown.py
[2024-10-12T07:12:32.599+0000] {logging_mixin.py:190} INFO - [2024-10-12T07:12:32.599+0000] {dag.py:3239} INFO - Sync 1 DAGs
[2024-10-12T07:12:32.615+0000] {logging_mixin.py:190} INFO - [2024-10-12T07:12:32.615+0000] {dag.py:4180} INFO - Setting next_dagrun for example_setup_teardown to None, run_after=None
[2024-10-12T07:12:32.651+0000] {processor.py:208} INFO - Processing /home/vboxuser/airflow_venv/lib/python3.12/site-packages/airflow/example_dags/example_setup_teardown.py took 0.105 seconds
[2024-10-12T07:13:35.939+0000] {processor.py:186} INFO - Started process (PID=11627) to work on /home/vboxuser/airflow_venv/lib/python3.12/site-packages/airflow/example_dags/example_setup_teardown.py
[2024-10-12T07:13:35.942+0000] {processor.py:914} INFO - Processing file /home/vboxuser/airflow_venv/lib/python3.12/site-packages/airflow/example_dags/example_setup_teardown.py for tasks to queue
[2024-10-12T07:13:35.946+0000] {logging_mixin.py:190} INFO - [2024-10-12T07:13:35.945+0000] {dagbag.py:588} INFO - Filling up the DagBag from /home/vboxuser/airflow_venv/lib/python3.12/site-packages/airflow/example_dags/example_setup_teardown.py
[2024-10-12T07:13:35.961+0000] {processor.py:925} INFO - DAG(s) 'example_setup_teardown' retrieved from /home/vboxuser/airflow_venv/lib/python3.12/site-packages/airflow/example_dags/example_setup_teardown.py
[2024-10-12T07:13:35.996+0000] {logging_mixin.py:190} INFO - [2024-10-12T07:13:35.996+0000] {dag.py:3239} INFO - Sync 1 DAGs
[2024-10-12T07:13:36.014+0000] {logging_mixin.py:190} INFO - [2024-10-12T07:13:36.014+0000] {dag.py:4180} INFO - Setting next_dagrun for example_setup_teardown to None, run_after=None
[2024-10-12T07:13:36.059+0000] {processor.py:208} INFO - Processing /home/vboxuser/airflow_venv/lib/python3.12/site-packages/airflow/example_dags/example_setup_teardown.py took 0.130 seconds
[2024-10-12T07:14:42.458+0000] {processor.py:186} INFO - Started process (PID=11710) to work on /home/vboxuser/airflow_venv/lib/python3.12/site-packages/airflow/example_dags/example_setup_teardown.py
[2024-10-12T07:14:42.460+0000] {processor.py:914} INFO - Processing file /home/vboxuser/airflow_venv/lib/python3.12/site-packages/airflow/example_dags/example_setup_teardown.py for tasks to queue
[2024-10-12T07:14:42.463+0000] {logging_mixin.py:190} INFO - [2024-10-12T07:14:42.462+0000] {dagbag.py:588} INFO - Filling up the DagBag from /home/vboxuser/airflow_venv/lib/python3.12/site-packages/airflow/example_dags/example_setup_teardown.py
[2024-10-12T07:14:42.475+0000] {processor.py:925} INFO - DAG(s) 'example_setup_teardown' retrieved from /home/vboxuser/airflow_venv/lib/python3.12/site-packages/airflow/example_dags/example_setup_teardown.py
[2024-10-12T07:14:42.502+0000] {logging_mixin.py:190} INFO - [2024-10-12T07:14:42.501+0000] {dag.py:3239} INFO - Sync 1 DAGs
[2024-10-12T07:14:42.517+0000] {logging_mixin.py:190} INFO - [2024-10-12T07:14:42.517+0000] {dag.py:4180} INFO - Setting next_dagrun for example_setup_teardown to None, run_after=None
[2024-10-12T07:14:42.693+0000] {processor.py:208} INFO - Processing /home/vboxuser/airflow_venv/lib/python3.12/site-packages/airflow/example_dags/example_setup_teardown.py took 0.248 seconds
[2024-10-12T07:15:22.039+0000] {processor.py:186} INFO - Started process (PID=11754) to work on /home/vboxuser/airflow_venv/lib/python3.12/site-packages/airflow/example_dags/example_setup_teardown.py
[2024-10-12T07:15:22.041+0000] {processor.py:914} INFO - Processing file /home/vboxuser/airflow_venv/lib/python3.12/site-packages/airflow/example_dags/example_setup_teardown.py for tasks to queue
[2024-10-12T07:15:22.044+0000] {logging_mixin.py:190} INFO - [2024-10-12T07:15:22.044+0000] {dagbag.py:588} INFO - Filling up the DagBag from /home/vboxuser/airflow_venv/lib/python3.12/site-packages/airflow/example_dags/example_setup_teardown.py
[2024-10-12T07:15:22.058+0000] {processor.py:925} INFO - DAG(s) 'example_setup_teardown' retrieved from /home/vboxuser/airflow_venv/lib/python3.12/site-packages/airflow/example_dags/example_setup_teardown.py
[2024-10-12T07:15:22.217+0000] {logging_mixin.py:190} INFO - [2024-10-12T07:15:22.216+0000] {dag.py:3239} INFO - Sync 1 DAGs
[2024-10-12T07:15:22.227+0000] {logging_mixin.py:190} INFO - [2024-10-12T07:15:22.227+0000] {dag.py:4180} INFO - Setting next_dagrun for example_setup_teardown to None, run_after=None
[2024-10-12T07:15:22.257+0000] {processor.py:208} INFO - Processing /home/vboxuser/airflow_venv/lib/python3.12/site-packages/airflow/example_dags/example_setup_teardown.py took 0.228 seconds
[2024-10-12T07:16:00.653+0000] {processor.py:186} INFO - Started process (PID=11787) to work on /home/vboxuser/airflow_venv/lib/python3.12/site-packages/airflow/example_dags/example_setup_teardown.py
[2024-10-12T07:16:00.656+0000] {processor.py:914} INFO - Processing file /home/vboxuser/airflow_venv/lib/python3.12/site-packages/airflow/example_dags/example_setup_teardown.py for tasks to queue
[2024-10-12T07:16:00.661+0000] {logging_mixin.py:190} INFO - [2024-10-12T07:16:00.660+0000] {dagbag.py:588} INFO - Filling up the DagBag from /home/vboxuser/airflow_venv/lib/python3.12/site-packages/airflow/example_dags/example_setup_teardown.py
[2024-10-12T07:16:00.674+0000] {processor.py:925} INFO - DAG(s) 'example_setup_teardown' retrieved from /home/vboxuser/airflow_venv/lib/python3.12/site-packages/airflow/example_dags/example_setup_teardown.py
[2024-10-12T07:16:00.694+0000] {logging_mixin.py:190} INFO - [2024-10-12T07:16:00.694+0000] {dag.py:3239} INFO - Sync 1 DAGs
[2024-10-12T07:16:00.710+0000] {logging_mixin.py:190} INFO - [2024-10-12T07:16:00.710+0000] {dag.py:4180} INFO - Setting next_dagrun for example_setup_teardown to None, run_after=None
[2024-10-12T07:16:00.745+0000] {processor.py:208} INFO - Processing /home/vboxuser/airflow_venv/lib/python3.12/site-packages/airflow/example_dags/example_setup_teardown.py took 0.103 seconds
[2024-10-12T07:17:01.660+0000] {processor.py:186} INFO - Started process (PID=11846) to work on /home/vboxuser/airflow_venv/lib/python3.12/site-packages/airflow/example_dags/example_setup_teardown.py
[2024-10-12T07:17:01.662+0000] {processor.py:914} INFO - Processing file /home/vboxuser/airflow_venv/lib/python3.12/site-packages/airflow/example_dags/example_setup_teardown.py for tasks to queue
[2024-10-12T07:17:01.666+0000] {logging_mixin.py:190} INFO - [2024-10-12T07:17:01.665+0000] {dagbag.py:588} INFO - Filling up the DagBag from /home/vboxuser/airflow_venv/lib/python3.12/site-packages/airflow/example_dags/example_setup_teardown.py
[2024-10-12T07:17:01.675+0000] {processor.py:925} INFO - DAG(s) 'example_setup_teardown' retrieved from /home/vboxuser/airflow_venv/lib/python3.12/site-packages/airflow/example_dags/example_setup_teardown.py
[2024-10-12T07:17:01.694+0000] {logging_mixin.py:190} INFO - [2024-10-12T07:17:01.694+0000] {dag.py:3239} INFO - Sync 1 DAGs
[2024-10-12T07:17:01.709+0000] {logging_mixin.py:190} INFO - [2024-10-12T07:17:01.709+0000] {dag.py:4180} INFO - Setting next_dagrun for example_setup_teardown to None, run_after=None
[2024-10-12T07:17:01.743+0000] {processor.py:208} INFO - Processing /home/vboxuser/airflow_venv/lib/python3.12/site-packages/airflow/example_dags/example_setup_teardown.py took 0.092 seconds
[2024-10-12T07:18:06.619+0000] {processor.py:186} INFO - Started process (PID=11906) to work on /home/vboxuser/airflow_venv/lib/python3.12/site-packages/airflow/example_dags/example_setup_teardown.py
[2024-10-12T07:18:06.624+0000] {processor.py:914} INFO - Processing file /home/vboxuser/airflow_venv/lib/python3.12/site-packages/airflow/example_dags/example_setup_teardown.py for tasks to queue
[2024-10-12T07:18:06.629+0000] {logging_mixin.py:190} INFO - [2024-10-12T07:18:06.628+0000] {dagbag.py:588} INFO - Filling up the DagBag from /home/vboxuser/airflow_venv/lib/python3.12/site-packages/airflow/example_dags/example_setup_teardown.py
[2024-10-12T07:18:06.649+0000] {processor.py:925} INFO - DAG(s) 'example_setup_teardown' retrieved from /home/vboxuser/airflow_venv/lib/python3.12/site-packages/airflow/example_dags/example_setup_teardown.py
[2024-10-12T07:18:06.669+0000] {logging_mixin.py:190} INFO - [2024-10-12T07:18:06.668+0000] {dag.py:3239} INFO - Sync 1 DAGs
[2024-10-12T07:18:06.683+0000] {logging_mixin.py:190} INFO - [2024-10-12T07:18:06.683+0000] {dag.py:4180} INFO - Setting next_dagrun for example_setup_teardown to None, run_after=None
[2024-10-12T07:18:06.720+0000] {processor.py:208} INFO - Processing /home/vboxuser/airflow_venv/lib/python3.12/site-packages/airflow/example_dags/example_setup_teardown.py took 0.115 seconds
[2024-10-12T07:19:06.468+0000] {processor.py:186} INFO - Started process (PID=11963) to work on /home/vboxuser/airflow_venv/lib/python3.12/site-packages/airflow/example_dags/example_setup_teardown.py
[2024-10-12T07:19:06.472+0000] {processor.py:914} INFO - Processing file /home/vboxuser/airflow_venv/lib/python3.12/site-packages/airflow/example_dags/example_setup_teardown.py for tasks to queue
[2024-10-12T07:19:06.475+0000] {logging_mixin.py:190} INFO - [2024-10-12T07:19:06.475+0000] {dagbag.py:588} INFO - Filling up the DagBag from /home/vboxuser/airflow_venv/lib/python3.12/site-packages/airflow/example_dags/example_setup_teardown.py
[2024-10-12T07:19:06.492+0000] {processor.py:925} INFO - DAG(s) 'example_setup_teardown' retrieved from /home/vboxuser/airflow_venv/lib/python3.12/site-packages/airflow/example_dags/example_setup_teardown.py
[2024-10-12T07:19:06.517+0000] {logging_mixin.py:190} INFO - [2024-10-12T07:19:06.516+0000] {dag.py:3239} INFO - Sync 1 DAGs
[2024-10-12T07:19:06.532+0000] {logging_mixin.py:190} INFO - [2024-10-12T07:19:06.532+0000] {dag.py:4180} INFO - Setting next_dagrun for example_setup_teardown to None, run_after=None
[2024-10-12T07:19:06.569+0000] {processor.py:208} INFO - Processing /home/vboxuser/airflow_venv/lib/python3.12/site-packages/airflow/example_dags/example_setup_teardown.py took 0.110 seconds
[2024-10-12T07:20:12.976+0000] {processor.py:186} INFO - Started process (PID=12026) to work on /home/vboxuser/airflow_venv/lib/python3.12/site-packages/airflow/example_dags/example_setup_teardown.py
[2024-10-12T07:20:12.978+0000] {processor.py:914} INFO - Processing file /home/vboxuser/airflow_venv/lib/python3.12/site-packages/airflow/example_dags/example_setup_teardown.py for tasks to queue
[2024-10-12T07:20:12.982+0000] {logging_mixin.py:190} INFO - [2024-10-12T07:20:12.981+0000] {dagbag.py:588} INFO - Filling up the DagBag from /home/vboxuser/airflow_venv/lib/python3.12/site-packages/airflow/example_dags/example_setup_teardown.py
[2024-10-12T07:20:12.999+0000] {processor.py:925} INFO - DAG(s) 'example_setup_teardown' retrieved from /home/vboxuser/airflow_venv/lib/python3.12/site-packages/airflow/example_dags/example_setup_teardown.py
[2024-10-12T07:20:13.028+0000] {logging_mixin.py:190} INFO - [2024-10-12T07:20:13.028+0000] {dag.py:3239} INFO - Sync 1 DAGs
[2024-10-12T07:20:13.043+0000] {logging_mixin.py:190} INFO - [2024-10-12T07:20:13.042+0000] {dag.py:4180} INFO - Setting next_dagrun for example_setup_teardown to None, run_after=None
[2024-10-12T07:20:13.078+0000] {processor.py:208} INFO - Processing /home/vboxuser/airflow_venv/lib/python3.12/site-packages/airflow/example_dags/example_setup_teardown.py took 0.114 seconds
[2024-10-12T07:21:20.546+0000] {processor.py:186} INFO - Started process (PID=12088) to work on /home/vboxuser/airflow_venv/lib/python3.12/site-packages/airflow/example_dags/example_setup_teardown.py
[2024-10-12T07:21:20.549+0000] {processor.py:914} INFO - Processing file /home/vboxuser/airflow_venv/lib/python3.12/site-packages/airflow/example_dags/example_setup_teardown.py for tasks to queue
[2024-10-12T07:21:20.553+0000] {logging_mixin.py:190} INFO - [2024-10-12T07:21:20.553+0000] {dagbag.py:588} INFO - Filling up the DagBag from /home/vboxuser/airflow_venv/lib/python3.12/site-packages/airflow/example_dags/example_setup_teardown.py
[2024-10-12T07:21:20.569+0000] {processor.py:925} INFO - DAG(s) 'example_setup_teardown' retrieved from /home/vboxuser/airflow_venv/lib/python3.12/site-packages/airflow/example_dags/example_setup_teardown.py
[2024-10-12T07:21:20.593+0000] {logging_mixin.py:190} INFO - [2024-10-12T07:21:20.592+0000] {dag.py:3239} INFO - Sync 1 DAGs
[2024-10-12T07:21:20.611+0000] {logging_mixin.py:190} INFO - [2024-10-12T07:21:20.610+0000] {dag.py:4180} INFO - Setting next_dagrun for example_setup_teardown to None, run_after=None
[2024-10-12T07:21:20.659+0000] {processor.py:208} INFO - Processing /home/vboxuser/airflow_venv/lib/python3.12/site-packages/airflow/example_dags/example_setup_teardown.py took 0.127 seconds
[2024-10-12T07:22:24.993+0000] {processor.py:186} INFO - Started process (PID=12147) to work on /home/vboxuser/airflow_venv/lib/python3.12/site-packages/airflow/example_dags/example_setup_teardown.py
[2024-10-12T07:22:24.996+0000] {processor.py:914} INFO - Processing file /home/vboxuser/airflow_venv/lib/python3.12/site-packages/airflow/example_dags/example_setup_teardown.py for tasks to queue
[2024-10-12T07:22:24.999+0000] {logging_mixin.py:190} INFO - [2024-10-12T07:22:24.998+0000] {dagbag.py:588} INFO - Filling up the DagBag from /home/vboxuser/airflow_venv/lib/python3.12/site-packages/airflow/example_dags/example_setup_teardown.py
[2024-10-12T07:22:25.010+0000] {processor.py:925} INFO - DAG(s) 'example_setup_teardown' retrieved from /home/vboxuser/airflow_venv/lib/python3.12/site-packages/airflow/example_dags/example_setup_teardown.py
[2024-10-12T07:22:25.027+0000] {logging_mixin.py:190} INFO - [2024-10-12T07:22:25.027+0000] {dag.py:3239} INFO - Sync 1 DAGs
[2024-10-12T07:22:25.042+0000] {logging_mixin.py:190} INFO - [2024-10-12T07:22:25.042+0000] {dag.py:4180} INFO - Setting next_dagrun for example_setup_teardown to None, run_after=None
[2024-10-12T07:22:25.074+0000] {processor.py:208} INFO - Processing /home/vboxuser/airflow_venv/lib/python3.12/site-packages/airflow/example_dags/example_setup_teardown.py took 0.090 seconds
[2024-10-12T07:23:36.353+0000] {processor.py:186} INFO - Started process (PID=12208) to work on /home/vboxuser/airflow_venv/lib/python3.12/site-packages/airflow/example_dags/example_setup_teardown.py
[2024-10-12T07:23:36.355+0000] {processor.py:914} INFO - Processing file /home/vboxuser/airflow_venv/lib/python3.12/site-packages/airflow/example_dags/example_setup_teardown.py for tasks to queue
[2024-10-12T07:23:36.359+0000] {logging_mixin.py:190} INFO - [2024-10-12T07:23:36.358+0000] {dagbag.py:588} INFO - Filling up the DagBag from /home/vboxuser/airflow_venv/lib/python3.12/site-packages/airflow/example_dags/example_setup_teardown.py
[2024-10-12T07:23:36.373+0000] {processor.py:925} INFO - DAG(s) 'example_setup_teardown' retrieved from /home/vboxuser/airflow_venv/lib/python3.12/site-packages/airflow/example_dags/example_setup_teardown.py
[2024-10-12T07:23:36.398+0000] {logging_mixin.py:190} INFO - [2024-10-12T07:23:36.398+0000] {dag.py:3239} INFO - Sync 1 DAGs
[2024-10-12T07:23:36.415+0000] {logging_mixin.py:190} INFO - [2024-10-12T07:23:36.415+0000] {dag.py:4180} INFO - Setting next_dagrun for example_setup_teardown to None, run_after=None
[2024-10-12T07:23:36.450+0000] {processor.py:208} INFO - Processing /home/vboxuser/airflow_venv/lib/python3.12/site-packages/airflow/example_dags/example_setup_teardown.py took 0.107 seconds
[2024-10-12T07:24:44.463+0000] {processor.py:186} INFO - Started process (PID=12269) to work on /home/vboxuser/airflow_venv/lib/python3.12/site-packages/airflow/example_dags/example_setup_teardown.py
[2024-10-12T07:24:44.465+0000] {processor.py:914} INFO - Processing file /home/vboxuser/airflow_venv/lib/python3.12/site-packages/airflow/example_dags/example_setup_teardown.py for tasks to queue
[2024-10-12T07:24:44.468+0000] {logging_mixin.py:190} INFO - [2024-10-12T07:24:44.467+0000] {dagbag.py:588} INFO - Filling up the DagBag from /home/vboxuser/airflow_venv/lib/python3.12/site-packages/airflow/example_dags/example_setup_teardown.py
[2024-10-12T07:24:44.483+0000] {processor.py:925} INFO - DAG(s) 'example_setup_teardown' retrieved from /home/vboxuser/airflow_venv/lib/python3.12/site-packages/airflow/example_dags/example_setup_teardown.py
[2024-10-12T07:24:44.502+0000] {logging_mixin.py:190} INFO - [2024-10-12T07:24:44.502+0000] {dag.py:3239} INFO - Sync 1 DAGs
[2024-10-12T07:24:44.521+0000] {logging_mixin.py:190} INFO - [2024-10-12T07:24:44.521+0000] {dag.py:4180} INFO - Setting next_dagrun for example_setup_teardown to None, run_after=None
[2024-10-12T07:24:44.558+0000] {processor.py:208} INFO - Processing /home/vboxuser/airflow_venv/lib/python3.12/site-packages/airflow/example_dags/example_setup_teardown.py took 0.104 seconds
[2024-10-12T07:25:52.709+0000] {processor.py:186} INFO - Started process (PID=12334) to work on /home/vboxuser/airflow_venv/lib/python3.12/site-packages/airflow/example_dags/example_setup_teardown.py
[2024-10-12T07:25:52.713+0000] {processor.py:914} INFO - Processing file /home/vboxuser/airflow_venv/lib/python3.12/site-packages/airflow/example_dags/example_setup_teardown.py for tasks to queue
[2024-10-12T07:25:52.719+0000] {logging_mixin.py:190} INFO - [2024-10-12T07:25:52.717+0000] {dagbag.py:588} INFO - Filling up the DagBag from /home/vboxuser/airflow_venv/lib/python3.12/site-packages/airflow/example_dags/example_setup_teardown.py
[2024-10-12T07:25:52.743+0000] {processor.py:925} INFO - DAG(s) 'example_setup_teardown' retrieved from /home/vboxuser/airflow_venv/lib/python3.12/site-packages/airflow/example_dags/example_setup_teardown.py
[2024-10-12T07:25:52.782+0000] {logging_mixin.py:190} INFO - [2024-10-12T07:25:52.781+0000] {dag.py:3239} INFO - Sync 1 DAGs
[2024-10-12T07:25:52.803+0000] {logging_mixin.py:190} INFO - [2024-10-12T07:25:52.802+0000] {dag.py:4180} INFO - Setting next_dagrun for example_setup_teardown to None, run_after=None
[2024-10-12T07:25:52.857+0000] {processor.py:208} INFO - Processing /home/vboxuser/airflow_venv/lib/python3.12/site-packages/airflow/example_dags/example_setup_teardown.py took 0.157 seconds
[2024-10-12T07:27:03.690+0000] {processor.py:186} INFO - Started process (PID=12397) to work on /home/vboxuser/airflow_venv/lib/python3.12/site-packages/airflow/example_dags/example_setup_teardown.py
[2024-10-12T07:27:03.696+0000] {processor.py:914} INFO - Processing file /home/vboxuser/airflow_venv/lib/python3.12/site-packages/airflow/example_dags/example_setup_teardown.py for tasks to queue
[2024-10-12T07:27:03.708+0000] {logging_mixin.py:190} INFO - [2024-10-12T07:27:03.702+0000] {dagbag.py:588} INFO - Filling up the DagBag from /home/vboxuser/airflow_venv/lib/python3.12/site-packages/airflow/example_dags/example_setup_teardown.py
[2024-10-12T07:27:03.730+0000] {processor.py:925} INFO - DAG(s) 'example_setup_teardown' retrieved from /home/vboxuser/airflow_venv/lib/python3.12/site-packages/airflow/example_dags/example_setup_teardown.py
[2024-10-12T07:27:03.753+0000] {logging_mixin.py:190} INFO - [2024-10-12T07:27:03.753+0000] {dag.py:3239} INFO - Sync 1 DAGs
[2024-10-12T07:27:03.769+0000] {logging_mixin.py:190} INFO - [2024-10-12T07:27:03.769+0000] {dag.py:4180} INFO - Setting next_dagrun for example_setup_teardown to None, run_after=None
[2024-10-12T07:27:03.820+0000] {processor.py:208} INFO - Processing /home/vboxuser/airflow_venv/lib/python3.12/site-packages/airflow/example_dags/example_setup_teardown.py took 0.165 seconds
[2024-10-12T07:28:19.552+0000] {processor.py:186} INFO - Started process (PID=12460) to work on /home/vboxuser/airflow_venv/lib/python3.12/site-packages/airflow/example_dags/example_setup_teardown.py
[2024-10-12T07:28:19.555+0000] {processor.py:914} INFO - Processing file /home/vboxuser/airflow_venv/lib/python3.12/site-packages/airflow/example_dags/example_setup_teardown.py for tasks to queue
[2024-10-12T07:28:19.560+0000] {logging_mixin.py:190} INFO - [2024-10-12T07:28:19.559+0000] {dagbag.py:588} INFO - Filling up the DagBag from /home/vboxuser/airflow_venv/lib/python3.12/site-packages/airflow/example_dags/example_setup_teardown.py
[2024-10-12T07:28:19.582+0000] {processor.py:925} INFO - DAG(s) 'example_setup_teardown' retrieved from /home/vboxuser/airflow_venv/lib/python3.12/site-packages/airflow/example_dags/example_setup_teardown.py
[2024-10-12T07:28:19.607+0000] {logging_mixin.py:190} INFO - [2024-10-12T07:28:19.607+0000] {dag.py:3239} INFO - Sync 1 DAGs
[2024-10-12T07:28:19.629+0000] {logging_mixin.py:190} INFO - [2024-10-12T07:28:19.629+0000] {dag.py:4180} INFO - Setting next_dagrun for example_setup_teardown to None, run_after=None
[2024-10-12T07:28:19.673+0000] {processor.py:208} INFO - Processing /home/vboxuser/airflow_venv/lib/python3.12/site-packages/airflow/example_dags/example_setup_teardown.py took 0.134 seconds
[2024-10-12T07:29:19.839+0000] {processor.py:186} INFO - Started process (PID=12516) to work on /home/vboxuser/airflow_venv/lib/python3.12/site-packages/airflow/example_dags/example_setup_teardown.py
[2024-10-12T07:29:19.841+0000] {processor.py:914} INFO - Processing file /home/vboxuser/airflow_venv/lib/python3.12/site-packages/airflow/example_dags/example_setup_teardown.py for tasks to queue
[2024-10-12T07:29:19.844+0000] {logging_mixin.py:190} INFO - [2024-10-12T07:29:19.843+0000] {dagbag.py:588} INFO - Filling up the DagBag from /home/vboxuser/airflow_venv/lib/python3.12/site-packages/airflow/example_dags/example_setup_teardown.py
[2024-10-12T07:29:19.856+0000] {processor.py:925} INFO - DAG(s) 'example_setup_teardown' retrieved from /home/vboxuser/airflow_venv/lib/python3.12/site-packages/airflow/example_dags/example_setup_teardown.py
[2024-10-12T07:29:19.884+0000] {logging_mixin.py:190} INFO - [2024-10-12T07:29:19.884+0000] {dag.py:3239} INFO - Sync 1 DAGs
[2024-10-12T07:29:19.899+0000] {logging_mixin.py:190} INFO - [2024-10-12T07:29:19.899+0000] {dag.py:4180} INFO - Setting next_dagrun for example_setup_teardown to None, run_after=None
[2024-10-12T07:29:19.936+0000] {processor.py:208} INFO - Processing /home/vboxuser/airflow_venv/lib/python3.12/site-packages/airflow/example_dags/example_setup_teardown.py took 0.106 seconds
[2024-10-12T07:30:32.960+0000] {processor.py:186} INFO - Started process (PID=12599) to work on /home/vboxuser/airflow_venv/lib/python3.12/site-packages/airflow/example_dags/example_setup_teardown.py
[2024-10-12T07:30:32.966+0000] {processor.py:914} INFO - Processing file /home/vboxuser/airflow_venv/lib/python3.12/site-packages/airflow/example_dags/example_setup_teardown.py for tasks to queue
[2024-10-12T07:30:32.968+0000] {logging_mixin.py:190} INFO - [2024-10-12T07:30:32.968+0000] {dagbag.py:588} INFO - Filling up the DagBag from /home/vboxuser/airflow_venv/lib/python3.12/site-packages/airflow/example_dags/example_setup_teardown.py
[2024-10-12T07:30:32.985+0000] {processor.py:925} INFO - DAG(s) 'example_setup_teardown' retrieved from /home/vboxuser/airflow_venv/lib/python3.12/site-packages/airflow/example_dags/example_setup_teardown.py
[2024-10-12T07:30:33.015+0000] {logging_mixin.py:190} INFO - [2024-10-12T07:30:33.014+0000] {dag.py:3239} INFO - Sync 1 DAGs
[2024-10-12T07:30:33.036+0000] {logging_mixin.py:190} INFO - [2024-10-12T07:30:33.035+0000] {dag.py:4180} INFO - Setting next_dagrun for example_setup_teardown to None, run_after=None
[2024-10-12T07:30:33.071+0000] {processor.py:208} INFO - Processing /home/vboxuser/airflow_venv/lib/python3.12/site-packages/airflow/example_dags/example_setup_teardown.py took 0.123 seconds
[2024-10-12T07:31:41.588+0000] {processor.py:186} INFO - Started process (PID=12669) to work on /home/vboxuser/airflow_venv/lib/python3.12/site-packages/airflow/example_dags/example_setup_teardown.py
[2024-10-12T07:31:41.593+0000] {processor.py:914} INFO - Processing file /home/vboxuser/airflow_venv/lib/python3.12/site-packages/airflow/example_dags/example_setup_teardown.py for tasks to queue
[2024-10-12T07:31:41.596+0000] {logging_mixin.py:190} INFO - [2024-10-12T07:31:41.595+0000] {dagbag.py:588} INFO - Filling up the DagBag from /home/vboxuser/airflow_venv/lib/python3.12/site-packages/airflow/example_dags/example_setup_teardown.py
[2024-10-12T07:31:41.606+0000] {processor.py:925} INFO - DAG(s) 'example_setup_teardown' retrieved from /home/vboxuser/airflow_venv/lib/python3.12/site-packages/airflow/example_dags/example_setup_teardown.py
[2024-10-12T07:31:41.627+0000] {logging_mixin.py:190} INFO - [2024-10-12T07:31:41.626+0000] {dag.py:3239} INFO - Sync 1 DAGs
[2024-10-12T07:31:41.642+0000] {logging_mixin.py:190} INFO - [2024-10-12T07:31:41.642+0000] {dag.py:4180} INFO - Setting next_dagrun for example_setup_teardown to None, run_after=None
[2024-10-12T07:31:41.676+0000] {processor.py:208} INFO - Processing /home/vboxuser/airflow_venv/lib/python3.12/site-packages/airflow/example_dags/example_setup_teardown.py took 0.096 seconds
[2024-10-12T07:32:45.191+0000] {processor.py:186} INFO - Started process (PID=12728) to work on /home/vboxuser/airflow_venv/lib/python3.12/site-packages/airflow/example_dags/example_setup_teardown.py
[2024-10-12T07:32:45.194+0000] {processor.py:914} INFO - Processing file /home/vboxuser/airflow_venv/lib/python3.12/site-packages/airflow/example_dags/example_setup_teardown.py for tasks to queue
[2024-10-12T07:32:45.197+0000] {logging_mixin.py:190} INFO - [2024-10-12T07:32:45.196+0000] {dagbag.py:588} INFO - Filling up the DagBag from /home/vboxuser/airflow_venv/lib/python3.12/site-packages/airflow/example_dags/example_setup_teardown.py
[2024-10-12T07:32:45.208+0000] {processor.py:925} INFO - DAG(s) 'example_setup_teardown' retrieved from /home/vboxuser/airflow_venv/lib/python3.12/site-packages/airflow/example_dags/example_setup_teardown.py
[2024-10-12T07:32:45.227+0000] {logging_mixin.py:190} INFO - [2024-10-12T07:32:45.226+0000] {dag.py:3239} INFO - Sync 1 DAGs
[2024-10-12T07:32:45.240+0000] {logging_mixin.py:190} INFO - [2024-10-12T07:32:45.240+0000] {dag.py:4180} INFO - Setting next_dagrun for example_setup_teardown to None, run_after=None
[2024-10-12T07:32:45.279+0000] {processor.py:208} INFO - Processing /home/vboxuser/airflow_venv/lib/python3.12/site-packages/airflow/example_dags/example_setup_teardown.py took 0.097 seconds
[2024-10-12T07:33:50.173+0000] {processor.py:186} INFO - Started process (PID=12786) to work on /home/vboxuser/airflow_venv/lib/python3.12/site-packages/airflow/example_dags/example_setup_teardown.py
[2024-10-12T07:33:50.178+0000] {processor.py:914} INFO - Processing file /home/vboxuser/airflow_venv/lib/python3.12/site-packages/airflow/example_dags/example_setup_teardown.py for tasks to queue
[2024-10-12T07:33:50.182+0000] {logging_mixin.py:190} INFO - [2024-10-12T07:33:50.181+0000] {dagbag.py:588} INFO - Filling up the DagBag from /home/vboxuser/airflow_venv/lib/python3.12/site-packages/airflow/example_dags/example_setup_teardown.py
[2024-10-12T07:33:50.193+0000] {processor.py:925} INFO - DAG(s) 'example_setup_teardown' retrieved from /home/vboxuser/airflow_venv/lib/python3.12/site-packages/airflow/example_dags/example_setup_teardown.py
[2024-10-12T07:33:50.213+0000] {logging_mixin.py:190} INFO - [2024-10-12T07:33:50.212+0000] {dag.py:3239} INFO - Sync 1 DAGs
[2024-10-12T07:33:50.226+0000] {logging_mixin.py:190} INFO - [2024-10-12T07:33:50.226+0000] {dag.py:4180} INFO - Setting next_dagrun for example_setup_teardown to None, run_after=None
[2024-10-12T07:33:50.258+0000] {processor.py:208} INFO - Processing /home/vboxuser/airflow_venv/lib/python3.12/site-packages/airflow/example_dags/example_setup_teardown.py took 0.099 seconds
[2024-10-12T07:34:49.276+0000] {processor.py:186} INFO - Started process (PID=12855) to work on /home/vboxuser/airflow_venv/lib/python3.12/site-packages/airflow/example_dags/example_setup_teardown.py
[2024-10-12T07:34:49.279+0000] {processor.py:914} INFO - Processing file /home/vboxuser/airflow_venv/lib/python3.12/site-packages/airflow/example_dags/example_setup_teardown.py for tasks to queue
[2024-10-12T07:34:49.283+0000] {logging_mixin.py:190} INFO - [2024-10-12T07:34:49.282+0000] {dagbag.py:588} INFO - Filling up the DagBag from /home/vboxuser/airflow_venv/lib/python3.12/site-packages/airflow/example_dags/example_setup_teardown.py
[2024-10-12T07:34:49.299+0000] {processor.py:925} INFO - DAG(s) 'example_setup_teardown' retrieved from /home/vboxuser/airflow_venv/lib/python3.12/site-packages/airflow/example_dags/example_setup_teardown.py
[2024-10-12T07:34:49.326+0000] {logging_mixin.py:190} INFO - [2024-10-12T07:34:49.325+0000] {dag.py:3239} INFO - Sync 1 DAGs
[2024-10-12T07:34:49.349+0000] {logging_mixin.py:190} INFO - [2024-10-12T07:34:49.348+0000] {dag.py:4180} INFO - Setting next_dagrun for example_setup_teardown to None, run_after=None
[2024-10-12T07:34:49.401+0000] {processor.py:208} INFO - Processing /home/vboxuser/airflow_venv/lib/python3.12/site-packages/airflow/example_dags/example_setup_teardown.py took 0.136 seconds
[2024-10-12T07:47:02.607+0000] {processor.py:186} INFO - Started process (PID=12907) to work on /home/vboxuser/airflow_venv/lib/python3.12/site-packages/airflow/example_dags/example_setup_teardown.py
[2024-10-12T07:47:02.609+0000] {processor.py:914} INFO - Processing file /home/vboxuser/airflow_venv/lib/python3.12/site-packages/airflow/example_dags/example_setup_teardown.py for tasks to queue
[2024-10-12T07:47:02.614+0000] {logging_mixin.py:190} INFO - [2024-10-12T07:47:02.614+0000] {dagbag.py:588} INFO - Filling up the DagBag from /home/vboxuser/airflow_venv/lib/python3.12/site-packages/airflow/example_dags/example_setup_teardown.py
[2024-10-12T07:47:02.631+0000] {processor.py:925} INFO - DAG(s) 'example_setup_teardown' retrieved from /home/vboxuser/airflow_venv/lib/python3.12/site-packages/airflow/example_dags/example_setup_teardown.py
[2024-10-12T07:47:02.660+0000] {logging_mixin.py:190} INFO - [2024-10-12T07:47:02.660+0000] {dag.py:3239} INFO - Sync 1 DAGs
[2024-10-12T07:47:02.679+0000] {logging_mixin.py:190} INFO - [2024-10-12T07:47:02.679+0000] {dag.py:4180} INFO - Setting next_dagrun for example_setup_teardown to None, run_after=None
[2024-10-12T07:47:02.725+0000] {processor.py:208} INFO - Processing /home/vboxuser/airflow_venv/lib/python3.12/site-packages/airflow/example_dags/example_setup_teardown.py took 0.132 seconds
[2024-10-12T07:48:05.649+0000] {processor.py:186} INFO - Started process (PID=12960) to work on /home/vboxuser/airflow_venv/lib/python3.12/site-packages/airflow/example_dags/example_setup_teardown.py
[2024-10-12T07:48:05.656+0000] {processor.py:914} INFO - Processing file /home/vboxuser/airflow_venv/lib/python3.12/site-packages/airflow/example_dags/example_setup_teardown.py for tasks to queue
[2024-10-12T07:48:05.663+0000] {logging_mixin.py:190} INFO - [2024-10-12T07:48:05.661+0000] {dagbag.py:588} INFO - Filling up the DagBag from /home/vboxuser/airflow_venv/lib/python3.12/site-packages/airflow/example_dags/example_setup_teardown.py
[2024-10-12T07:48:05.685+0000] {processor.py:925} INFO - DAG(s) 'example_setup_teardown' retrieved from /home/vboxuser/airflow_venv/lib/python3.12/site-packages/airflow/example_dags/example_setup_teardown.py
[2024-10-12T07:48:05.721+0000] {logging_mixin.py:190} INFO - [2024-10-12T07:48:05.721+0000] {dag.py:3239} INFO - Sync 1 DAGs
[2024-10-12T07:48:05.743+0000] {logging_mixin.py:190} INFO - [2024-10-12T07:48:05.742+0000] {dag.py:4180} INFO - Setting next_dagrun for example_setup_teardown to None, run_after=None
[2024-10-12T07:48:05.788+0000] {processor.py:208} INFO - Processing /home/vboxuser/airflow_venv/lib/python3.12/site-packages/airflow/example_dags/example_setup_teardown.py took 0.155 seconds
[2024-10-12T07:49:11.559+0000] {processor.py:186} INFO - Started process (PID=13019) to work on /home/vboxuser/airflow_venv/lib/python3.12/site-packages/airflow/example_dags/example_setup_teardown.py
[2024-10-12T07:49:11.562+0000] {processor.py:914} INFO - Processing file /home/vboxuser/airflow_venv/lib/python3.12/site-packages/airflow/example_dags/example_setup_teardown.py for tasks to queue
[2024-10-12T07:49:11.566+0000] {logging_mixin.py:190} INFO - [2024-10-12T07:49:11.566+0000] {dagbag.py:588} INFO - Filling up the DagBag from /home/vboxuser/airflow_venv/lib/python3.12/site-packages/airflow/example_dags/example_setup_teardown.py
[2024-10-12T07:49:11.582+0000] {processor.py:925} INFO - DAG(s) 'example_setup_teardown' retrieved from /home/vboxuser/airflow_venv/lib/python3.12/site-packages/airflow/example_dags/example_setup_teardown.py
[2024-10-12T07:49:11.607+0000] {logging_mixin.py:190} INFO - [2024-10-12T07:49:11.607+0000] {dag.py:3239} INFO - Sync 1 DAGs
[2024-10-12T07:49:11.628+0000] {logging_mixin.py:190} INFO - [2024-10-12T07:49:11.628+0000] {dag.py:4180} INFO - Setting next_dagrun for example_setup_teardown to None, run_after=None
[2024-10-12T07:49:11.678+0000] {processor.py:208} INFO - Processing /home/vboxuser/airflow_venv/lib/python3.12/site-packages/airflow/example_dags/example_setup_teardown.py took 0.130 seconds
[2024-10-12T07:50:22.072+0000] {processor.py:186} INFO - Started process (PID=13080) to work on /home/vboxuser/airflow_venv/lib/python3.12/site-packages/airflow/example_dags/example_setup_teardown.py
[2024-10-12T07:50:22.075+0000] {processor.py:914} INFO - Processing file /home/vboxuser/airflow_venv/lib/python3.12/site-packages/airflow/example_dags/example_setup_teardown.py for tasks to queue
[2024-10-12T07:50:22.078+0000] {logging_mixin.py:190} INFO - [2024-10-12T07:50:22.077+0000] {dagbag.py:588} INFO - Filling up the DagBag from /home/vboxuser/airflow_venv/lib/python3.12/site-packages/airflow/example_dags/example_setup_teardown.py
[2024-10-12T07:50:22.092+0000] {processor.py:925} INFO - DAG(s) 'example_setup_teardown' retrieved from /home/vboxuser/airflow_venv/lib/python3.12/site-packages/airflow/example_dags/example_setup_teardown.py
[2024-10-12T07:50:22.121+0000] {logging_mixin.py:190} INFO - [2024-10-12T07:50:22.121+0000] {dag.py:3239} INFO - Sync 1 DAGs
[2024-10-12T07:50:22.146+0000] {logging_mixin.py:190} INFO - [2024-10-12T07:50:22.146+0000] {dag.py:4180} INFO - Setting next_dagrun for example_setup_teardown to None, run_after=None
[2024-10-12T07:50:22.195+0000] {processor.py:208} INFO - Processing /home/vboxuser/airflow_venv/lib/python3.12/site-packages/airflow/example_dags/example_setup_teardown.py took 0.134 seconds
[2024-10-12T07:51:31.431+0000] {processor.py:186} INFO - Started process (PID=13217) to work on /home/vboxuser/airflow_venv/lib/python3.12/site-packages/airflow/example_dags/example_setup_teardown.py
[2024-10-12T07:51:31.436+0000] {processor.py:914} INFO - Processing file /home/vboxuser/airflow_venv/lib/python3.12/site-packages/airflow/example_dags/example_setup_teardown.py for tasks to queue
[2024-10-12T07:51:31.440+0000] {logging_mixin.py:190} INFO - [2024-10-12T07:51:31.439+0000] {dagbag.py:588} INFO - Filling up the DagBag from /home/vboxuser/airflow_venv/lib/python3.12/site-packages/airflow/example_dags/example_setup_teardown.py
[2024-10-12T07:51:31.453+0000] {processor.py:925} INFO - DAG(s) 'example_setup_teardown' retrieved from /home/vboxuser/airflow_venv/lib/python3.12/site-packages/airflow/example_dags/example_setup_teardown.py
[2024-10-12T07:51:31.476+0000] {logging_mixin.py:190} INFO - [2024-10-12T07:51:31.476+0000] {dag.py:3239} INFO - Sync 1 DAGs
[2024-10-12T07:51:31.495+0000] {logging_mixin.py:190} INFO - [2024-10-12T07:51:31.495+0000] {dag.py:4180} INFO - Setting next_dagrun for example_setup_teardown to None, run_after=None
[2024-10-12T07:51:31.539+0000] {processor.py:208} INFO - Processing /home/vboxuser/airflow_venv/lib/python3.12/site-packages/airflow/example_dags/example_setup_teardown.py took 0.119 seconds
[2024-10-12T07:52:43.182+0000] {processor.py:186} INFO - Started process (PID=13293) to work on /home/vboxuser/airflow_venv/lib/python3.12/site-packages/airflow/example_dags/example_setup_teardown.py
[2024-10-12T07:52:43.188+0000] {processor.py:914} INFO - Processing file /home/vboxuser/airflow_venv/lib/python3.12/site-packages/airflow/example_dags/example_setup_teardown.py for tasks to queue
[2024-10-12T07:52:43.193+0000] {logging_mixin.py:190} INFO - [2024-10-12T07:52:43.192+0000] {dagbag.py:588} INFO - Filling up the DagBag from /home/vboxuser/airflow_venv/lib/python3.12/site-packages/airflow/example_dags/example_setup_teardown.py
[2024-10-12T07:52:43.204+0000] {processor.py:925} INFO - DAG(s) 'example_setup_teardown' retrieved from /home/vboxuser/airflow_venv/lib/python3.12/site-packages/airflow/example_dags/example_setup_teardown.py
[2024-10-12T07:52:43.222+0000] {logging_mixin.py:190} INFO - [2024-10-12T07:52:43.222+0000] {dag.py:3239} INFO - Sync 1 DAGs
[2024-10-12T07:52:43.237+0000] {logging_mixin.py:190} INFO - [2024-10-12T07:52:43.236+0000] {dag.py:4180} INFO - Setting next_dagrun for example_setup_teardown to None, run_after=None
[2024-10-12T07:52:43.273+0000] {processor.py:208} INFO - Processing /home/vboxuser/airflow_venv/lib/python3.12/site-packages/airflow/example_dags/example_setup_teardown.py took 0.105 seconds
[2024-10-12T07:53:44.222+0000] {processor.py:186} INFO - Started process (PID=13362) to work on /home/vboxuser/airflow_venv/lib/python3.12/site-packages/airflow/example_dags/example_setup_teardown.py
[2024-10-12T07:53:44.229+0000] {processor.py:914} INFO - Processing file /home/vboxuser/airflow_venv/lib/python3.12/site-packages/airflow/example_dags/example_setup_teardown.py for tasks to queue
[2024-10-12T07:53:44.235+0000] {logging_mixin.py:190} INFO - [2024-10-12T07:53:44.234+0000] {dagbag.py:588} INFO - Filling up the DagBag from /home/vboxuser/airflow_venv/lib/python3.12/site-packages/airflow/example_dags/example_setup_teardown.py
[2024-10-12T07:53:44.248+0000] {processor.py:925} INFO - DAG(s) 'example_setup_teardown' retrieved from /home/vboxuser/airflow_venv/lib/python3.12/site-packages/airflow/example_dags/example_setup_teardown.py
[2024-10-12T07:53:44.273+0000] {logging_mixin.py:190} INFO - [2024-10-12T07:53:44.273+0000] {dag.py:3239} INFO - Sync 1 DAGs
[2024-10-12T07:53:44.293+0000] {logging_mixin.py:190} INFO - [2024-10-12T07:53:44.292+0000] {dag.py:4180} INFO - Setting next_dagrun for example_setup_teardown to None, run_after=None
[2024-10-12T07:53:44.331+0000] {processor.py:208} INFO - Processing /home/vboxuser/airflow_venv/lib/python3.12/site-packages/airflow/example_dags/example_setup_teardown.py took 0.120 seconds
[2024-10-12T07:54:47.307+0000] {processor.py:186} INFO - Started process (PID=13420) to work on /home/vboxuser/airflow_venv/lib/python3.12/site-packages/airflow/example_dags/example_setup_teardown.py
[2024-10-12T07:54:47.312+0000] {processor.py:914} INFO - Processing file /home/vboxuser/airflow_venv/lib/python3.12/site-packages/airflow/example_dags/example_setup_teardown.py for tasks to queue
[2024-10-12T07:54:47.320+0000] {logging_mixin.py:190} INFO - [2024-10-12T07:54:47.319+0000] {dagbag.py:588} INFO - Filling up the DagBag from /home/vboxuser/airflow_venv/lib/python3.12/site-packages/airflow/example_dags/example_setup_teardown.py
[2024-10-12T07:54:47.337+0000] {processor.py:925} INFO - DAG(s) 'example_setup_teardown' retrieved from /home/vboxuser/airflow_venv/lib/python3.12/site-packages/airflow/example_dags/example_setup_teardown.py
[2024-10-12T07:54:47.370+0000] {logging_mixin.py:190} INFO - [2024-10-12T07:54:47.369+0000] {dag.py:3239} INFO - Sync 1 DAGs
[2024-10-12T07:54:47.393+0000] {logging_mixin.py:190} INFO - [2024-10-12T07:54:47.393+0000] {dag.py:4180} INFO - Setting next_dagrun for example_setup_teardown to None, run_after=None
[2024-10-12T07:54:47.436+0000] {processor.py:208} INFO - Processing /home/vboxuser/airflow_venv/lib/python3.12/site-packages/airflow/example_dags/example_setup_teardown.py took 0.138 seconds
[2024-10-12T07:55:53.072+0000] {processor.py:186} INFO - Started process (PID=13487) to work on /home/vboxuser/airflow_venv/lib/python3.12/site-packages/airflow/example_dags/example_setup_teardown.py
[2024-10-12T07:55:53.073+0000] {processor.py:914} INFO - Processing file /home/vboxuser/airflow_venv/lib/python3.12/site-packages/airflow/example_dags/example_setup_teardown.py for tasks to queue
[2024-10-12T07:55:53.077+0000] {logging_mixin.py:190} INFO - [2024-10-12T07:55:53.076+0000] {dagbag.py:588} INFO - Filling up the DagBag from /home/vboxuser/airflow_venv/lib/python3.12/site-packages/airflow/example_dags/example_setup_teardown.py
[2024-10-12T07:55:53.089+0000] {processor.py:925} INFO - DAG(s) 'example_setup_teardown' retrieved from /home/vboxuser/airflow_venv/lib/python3.12/site-packages/airflow/example_dags/example_setup_teardown.py
[2024-10-12T07:55:53.111+0000] {logging_mixin.py:190} INFO - [2024-10-12T07:55:53.111+0000] {dag.py:3239} INFO - Sync 1 DAGs
[2024-10-12T07:55:53.127+0000] {logging_mixin.py:190} INFO - [2024-10-12T07:55:53.127+0000] {dag.py:4180} INFO - Setting next_dagrun for example_setup_teardown to None, run_after=None
[2024-10-12T07:55:53.166+0000] {processor.py:208} INFO - Processing /home/vboxuser/airflow_venv/lib/python3.12/site-packages/airflow/example_dags/example_setup_teardown.py took 0.102 seconds
[2024-10-12T07:56:59.696+0000] {processor.py:186} INFO - Started process (PID=13550) to work on /home/vboxuser/airflow_venv/lib/python3.12/site-packages/airflow/example_dags/example_setup_teardown.py
[2024-10-12T07:56:59.698+0000] {processor.py:914} INFO - Processing file /home/vboxuser/airflow_venv/lib/python3.12/site-packages/airflow/example_dags/example_setup_teardown.py for tasks to queue
[2024-10-12T07:56:59.701+0000] {logging_mixin.py:190} INFO - [2024-10-12T07:56:59.700+0000] {dagbag.py:588} INFO - Filling up the DagBag from /home/vboxuser/airflow_venv/lib/python3.12/site-packages/airflow/example_dags/example_setup_teardown.py
[2024-10-12T07:56:59.711+0000] {processor.py:925} INFO - DAG(s) 'example_setup_teardown' retrieved from /home/vboxuser/airflow_venv/lib/python3.12/site-packages/airflow/example_dags/example_setup_teardown.py
[2024-10-12T07:56:59.730+0000] {logging_mixin.py:190} INFO - [2024-10-12T07:56:59.729+0000] {dag.py:3239} INFO - Sync 1 DAGs
[2024-10-12T07:56:59.745+0000] {logging_mixin.py:190} INFO - [2024-10-12T07:56:59.744+0000] {dag.py:4180} INFO - Setting next_dagrun for example_setup_teardown to None, run_after=None
[2024-10-12T07:56:59.780+0000] {processor.py:208} INFO - Processing /home/vboxuser/airflow_venv/lib/python3.12/site-packages/airflow/example_dags/example_setup_teardown.py took 0.092 seconds
[2024-10-12T07:58:04.028+0000] {processor.py:186} INFO - Started process (PID=13620) to work on /home/vboxuser/airflow_venv/lib/python3.12/site-packages/airflow/example_dags/example_setup_teardown.py
[2024-10-12T07:58:04.033+0000] {processor.py:914} INFO - Processing file /home/vboxuser/airflow_venv/lib/python3.12/site-packages/airflow/example_dags/example_setup_teardown.py for tasks to queue
[2024-10-12T07:58:04.038+0000] {logging_mixin.py:190} INFO - [2024-10-12T07:58:04.037+0000] {dagbag.py:588} INFO - Filling up the DagBag from /home/vboxuser/airflow_venv/lib/python3.12/site-packages/airflow/example_dags/example_setup_teardown.py
[2024-10-12T07:58:04.053+0000] {processor.py:925} INFO - DAG(s) 'example_setup_teardown' retrieved from /home/vboxuser/airflow_venv/lib/python3.12/site-packages/airflow/example_dags/example_setup_teardown.py
[2024-10-12T07:58:04.081+0000] {logging_mixin.py:190} INFO - [2024-10-12T07:58:04.080+0000] {dag.py:3239} INFO - Sync 1 DAGs
[2024-10-12T07:58:04.101+0000] {logging_mixin.py:190} INFO - [2024-10-12T07:58:04.101+0000] {dag.py:4180} INFO - Setting next_dagrun for example_setup_teardown to None, run_after=None
[2024-10-12T07:58:04.138+0000] {processor.py:208} INFO - Processing /home/vboxuser/airflow_venv/lib/python3.12/site-packages/airflow/example_dags/example_setup_teardown.py took 0.120 seconds
[2024-10-12T07:59:03.914+0000] {processor.py:186} INFO - Started process (PID=13677) to work on /home/vboxuser/airflow_venv/lib/python3.12/site-packages/airflow/example_dags/example_setup_teardown.py
[2024-10-12T07:59:03.918+0000] {processor.py:914} INFO - Processing file /home/vboxuser/airflow_venv/lib/python3.12/site-packages/airflow/example_dags/example_setup_teardown.py for tasks to queue
[2024-10-12T07:59:03.922+0000] {logging_mixin.py:190} INFO - [2024-10-12T07:59:03.921+0000] {dagbag.py:588} INFO - Filling up the DagBag from /home/vboxuser/airflow_venv/lib/python3.12/site-packages/airflow/example_dags/example_setup_teardown.py
[2024-10-12T07:59:03.933+0000] {processor.py:925} INFO - DAG(s) 'example_setup_teardown' retrieved from /home/vboxuser/airflow_venv/lib/python3.12/site-packages/airflow/example_dags/example_setup_teardown.py
[2024-10-12T07:59:03.956+0000] {logging_mixin.py:190} INFO - [2024-10-12T07:59:03.956+0000] {dag.py:3239} INFO - Sync 1 DAGs
[2024-10-12T07:59:03.973+0000] {logging_mixin.py:190} INFO - [2024-10-12T07:59:03.973+0000] {dag.py:4180} INFO - Setting next_dagrun for example_setup_teardown to None, run_after=None
[2024-10-12T07:59:04.012+0000] {processor.py:208} INFO - Processing /home/vboxuser/airflow_venv/lib/python3.12/site-packages/airflow/example_dags/example_setup_teardown.py took 0.105 seconds
[2024-10-12T08:00:10.057+0000] {processor.py:186} INFO - Started process (PID=13736) to work on /home/vboxuser/airflow_venv/lib/python3.12/site-packages/airflow/example_dags/example_setup_teardown.py
[2024-10-12T08:00:10.059+0000] {processor.py:914} INFO - Processing file /home/vboxuser/airflow_venv/lib/python3.12/site-packages/airflow/example_dags/example_setup_teardown.py for tasks to queue
[2024-10-12T08:00:10.063+0000] {logging_mixin.py:190} INFO - [2024-10-12T08:00:10.062+0000] {dagbag.py:588} INFO - Filling up the DagBag from /home/vboxuser/airflow_venv/lib/python3.12/site-packages/airflow/example_dags/example_setup_teardown.py
[2024-10-12T08:00:10.074+0000] {processor.py:925} INFO - DAG(s) 'example_setup_teardown' retrieved from /home/vboxuser/airflow_venv/lib/python3.12/site-packages/airflow/example_dags/example_setup_teardown.py
[2024-10-12T08:00:10.097+0000] {logging_mixin.py:190} INFO - [2024-10-12T08:00:10.097+0000] {dag.py:3239} INFO - Sync 1 DAGs
[2024-10-12T08:00:10.116+0000] {logging_mixin.py:190} INFO - [2024-10-12T08:00:10.116+0000] {dag.py:4180} INFO - Setting next_dagrun for example_setup_teardown to None, run_after=None
[2024-10-12T08:00:10.157+0000] {processor.py:208} INFO - Processing /home/vboxuser/airflow_venv/lib/python3.12/site-packages/airflow/example_dags/example_setup_teardown.py took 0.108 seconds
[2024-10-12T08:01:10.972+0000] {processor.py:186} INFO - Started process (PID=13797) to work on /home/vboxuser/airflow_venv/lib/python3.12/site-packages/airflow/example_dags/example_setup_teardown.py
[2024-10-12T08:01:10.978+0000] {processor.py:914} INFO - Processing file /home/vboxuser/airflow_venv/lib/python3.12/site-packages/airflow/example_dags/example_setup_teardown.py for tasks to queue
[2024-10-12T08:01:10.984+0000] {logging_mixin.py:190} INFO - [2024-10-12T08:01:10.983+0000] {dagbag.py:588} INFO - Filling up the DagBag from /home/vboxuser/airflow_venv/lib/python3.12/site-packages/airflow/example_dags/example_setup_teardown.py
[2024-10-12T08:01:10.997+0000] {processor.py:925} INFO - DAG(s) 'example_setup_teardown' retrieved from /home/vboxuser/airflow_venv/lib/python3.12/site-packages/airflow/example_dags/example_setup_teardown.py
[2024-10-12T08:01:11.020+0000] {logging_mixin.py:190} INFO - [2024-10-12T08:01:11.019+0000] {dag.py:3239} INFO - Sync 1 DAGs
[2024-10-12T08:01:11.037+0000] {logging_mixin.py:190} INFO - [2024-10-12T08:01:11.037+0000] {dag.py:4180} INFO - Setting next_dagrun for example_setup_teardown to None, run_after=None
[2024-10-12T08:01:11.079+0000] {processor.py:208} INFO - Processing /home/vboxuser/airflow_venv/lib/python3.12/site-packages/airflow/example_dags/example_setup_teardown.py took 0.114 seconds
[2024-10-12T08:02:21.316+0000] {processor.py:186} INFO - Started process (PID=13858) to work on /home/vboxuser/airflow_venv/lib/python3.12/site-packages/airflow/example_dags/example_setup_teardown.py
[2024-10-12T08:02:21.319+0000] {processor.py:914} INFO - Processing file /home/vboxuser/airflow_venv/lib/python3.12/site-packages/airflow/example_dags/example_setup_teardown.py for tasks to queue
[2024-10-12T08:02:21.324+0000] {logging_mixin.py:190} INFO - [2024-10-12T08:02:21.323+0000] {dagbag.py:588} INFO - Filling up the DagBag from /home/vboxuser/airflow_venv/lib/python3.12/site-packages/airflow/example_dags/example_setup_teardown.py
[2024-10-12T08:02:21.340+0000] {processor.py:925} INFO - DAG(s) 'example_setup_teardown' retrieved from /home/vboxuser/airflow_venv/lib/python3.12/site-packages/airflow/example_dags/example_setup_teardown.py
[2024-10-12T08:02:21.366+0000] {logging_mixin.py:190} INFO - [2024-10-12T08:02:21.366+0000] {dag.py:3239} INFO - Sync 1 DAGs
[2024-10-12T08:02:21.390+0000] {logging_mixin.py:190} INFO - [2024-10-12T08:02:21.389+0000] {dag.py:4180} INFO - Setting next_dagrun for example_setup_teardown to None, run_after=None
[2024-10-12T08:02:21.438+0000] {processor.py:208} INFO - Processing /home/vboxuser/airflow_venv/lib/python3.12/site-packages/airflow/example_dags/example_setup_teardown.py took 0.133 seconds
[2024-10-12T08:03:23.864+0000] {processor.py:186} INFO - Started process (PID=13916) to work on /home/vboxuser/airflow_venv/lib/python3.12/site-packages/airflow/example_dags/example_setup_teardown.py
[2024-10-12T08:03:23.867+0000] {processor.py:914} INFO - Processing file /home/vboxuser/airflow_venv/lib/python3.12/site-packages/airflow/example_dags/example_setup_teardown.py for tasks to queue
[2024-10-12T08:03:23.871+0000] {logging_mixin.py:190} INFO - [2024-10-12T08:03:23.870+0000] {dagbag.py:588} INFO - Filling up the DagBag from /home/vboxuser/airflow_venv/lib/python3.12/site-packages/airflow/example_dags/example_setup_teardown.py
[2024-10-12T08:03:23.885+0000] {processor.py:925} INFO - DAG(s) 'example_setup_teardown' retrieved from /home/vboxuser/airflow_venv/lib/python3.12/site-packages/airflow/example_dags/example_setup_teardown.py
[2024-10-12T08:03:23.908+0000] {logging_mixin.py:190} INFO - [2024-10-12T08:03:23.908+0000] {dag.py:3239} INFO - Sync 1 DAGs
[2024-10-12T08:03:23.924+0000] {logging_mixin.py:190} INFO - [2024-10-12T08:03:23.924+0000] {dag.py:4180} INFO - Setting next_dagrun for example_setup_teardown to None, run_after=None
[2024-10-12T08:03:23.965+0000] {processor.py:208} INFO - Processing /home/vboxuser/airflow_venv/lib/python3.12/site-packages/airflow/example_dags/example_setup_teardown.py took 0.110 seconds
[2024-10-12T08:04:35.099+0000] {processor.py:186} INFO - Started process (PID=13990) to work on /home/vboxuser/airflow_venv/lib/python3.12/site-packages/airflow/example_dags/example_setup_teardown.py
[2024-10-12T08:04:35.104+0000] {processor.py:914} INFO - Processing file /home/vboxuser/airflow_venv/lib/python3.12/site-packages/airflow/example_dags/example_setup_teardown.py for tasks to queue
[2024-10-12T08:04:35.109+0000] {logging_mixin.py:190} INFO - [2024-10-12T08:04:35.108+0000] {dagbag.py:588} INFO - Filling up the DagBag from /home/vboxuser/airflow_venv/lib/python3.12/site-packages/airflow/example_dags/example_setup_teardown.py
[2024-10-12T08:04:35.124+0000] {processor.py:925} INFO - DAG(s) 'example_setup_teardown' retrieved from /home/vboxuser/airflow_venv/lib/python3.12/site-packages/airflow/example_dags/example_setup_teardown.py
[2024-10-12T08:04:35.147+0000] {logging_mixin.py:190} INFO - [2024-10-12T08:04:35.147+0000] {dag.py:3239} INFO - Sync 1 DAGs
[2024-10-12T08:04:35.166+0000] {logging_mixin.py:190} INFO - [2024-10-12T08:04:35.165+0000] {dag.py:4180} INFO - Setting next_dagrun for example_setup_teardown to None, run_after=None
[2024-10-12T08:04:35.217+0000] {processor.py:208} INFO - Processing /home/vboxuser/airflow_venv/lib/python3.12/site-packages/airflow/example_dags/example_setup_teardown.py took 0.133 seconds
[2024-10-12T08:05:42.963+0000] {processor.py:186} INFO - Started process (PID=14060) to work on /home/vboxuser/airflow_venv/lib/python3.12/site-packages/airflow/example_dags/example_setup_teardown.py
[2024-10-12T08:05:42.968+0000] {processor.py:914} INFO - Processing file /home/vboxuser/airflow_venv/lib/python3.12/site-packages/airflow/example_dags/example_setup_teardown.py for tasks to queue
[2024-10-12T08:05:42.972+0000] {logging_mixin.py:190} INFO - [2024-10-12T08:05:42.971+0000] {dagbag.py:588} INFO - Filling up the DagBag from /home/vboxuser/airflow_venv/lib/python3.12/site-packages/airflow/example_dags/example_setup_teardown.py
[2024-10-12T08:05:42.987+0000] {processor.py:925} INFO - DAG(s) 'example_setup_teardown' retrieved from /home/vboxuser/airflow_venv/lib/python3.12/site-packages/airflow/example_dags/example_setup_teardown.py
[2024-10-12T08:05:43.012+0000] {logging_mixin.py:190} INFO - [2024-10-12T08:05:43.011+0000] {dag.py:3239} INFO - Sync 1 DAGs
[2024-10-12T08:05:43.027+0000] {logging_mixin.py:190} INFO - [2024-10-12T08:05:43.027+0000] {dag.py:4180} INFO - Setting next_dagrun for example_setup_teardown to None, run_after=None
[2024-10-12T08:05:43.065+0000] {processor.py:208} INFO - Processing /home/vboxuser/airflow_venv/lib/python3.12/site-packages/airflow/example_dags/example_setup_teardown.py took 0.112 seconds
[2024-10-12T08:06:56.975+0000] {processor.py:186} INFO - Started process (PID=14125) to work on /home/vboxuser/airflow_venv/lib/python3.12/site-packages/airflow/example_dags/example_setup_teardown.py
[2024-10-12T08:06:56.983+0000] {processor.py:914} INFO - Processing file /home/vboxuser/airflow_venv/lib/python3.12/site-packages/airflow/example_dags/example_setup_teardown.py for tasks to queue
[2024-10-12T08:06:56.989+0000] {logging_mixin.py:190} INFO - [2024-10-12T08:06:56.988+0000] {dagbag.py:588} INFO - Filling up the DagBag from /home/vboxuser/airflow_venv/lib/python3.12/site-packages/airflow/example_dags/example_setup_teardown.py
[2024-10-12T08:06:57.014+0000] {processor.py:925} INFO - DAG(s) 'example_setup_teardown' retrieved from /home/vboxuser/airflow_venv/lib/python3.12/site-packages/airflow/example_dags/example_setup_teardown.py
[2024-10-12T08:06:57.052+0000] {logging_mixin.py:190} INFO - [2024-10-12T08:06:57.051+0000] {dag.py:3239} INFO - Sync 1 DAGs
[2024-10-12T08:06:57.079+0000] {logging_mixin.py:190} INFO - [2024-10-12T08:06:57.078+0000] {dag.py:4180} INFO - Setting next_dagrun for example_setup_teardown to None, run_after=None
[2024-10-12T08:06:57.136+0000] {processor.py:208} INFO - Processing /home/vboxuser/airflow_venv/lib/python3.12/site-packages/airflow/example_dags/example_setup_teardown.py took 0.180 seconds
[2024-10-12T08:07:36.664+0000] {processor.py:186} INFO - Started process (PID=14156) to work on /home/vboxuser/airflow_venv/lib/python3.12/site-packages/airflow/example_dags/example_setup_teardown.py
[2024-10-12T08:07:36.670+0000] {processor.py:914} INFO - Processing file /home/vboxuser/airflow_venv/lib/python3.12/site-packages/airflow/example_dags/example_setup_teardown.py for tasks to queue
[2024-10-12T08:07:36.674+0000] {logging_mixin.py:190} INFO - [2024-10-12T08:07:36.673+0000] {dagbag.py:588} INFO - Filling up the DagBag from /home/vboxuser/airflow_venv/lib/python3.12/site-packages/airflow/example_dags/example_setup_teardown.py
[2024-10-12T08:07:36.695+0000] {processor.py:925} INFO - DAG(s) 'example_setup_teardown' retrieved from /home/vboxuser/airflow_venv/lib/python3.12/site-packages/airflow/example_dags/example_setup_teardown.py
[2024-10-12T08:07:36.738+0000] {logging_mixin.py:190} INFO - [2024-10-12T08:07:36.738+0000] {dag.py:3239} INFO - Sync 1 DAGs
[2024-10-12T08:07:36.769+0000] {logging_mixin.py:190} INFO - [2024-10-12T08:07:36.768+0000] {dag.py:4180} INFO - Setting next_dagrun for example_setup_teardown to None, run_after=None
[2024-10-12T08:07:36.826+0000] {processor.py:208} INFO - Processing /home/vboxuser/airflow_venv/lib/python3.12/site-packages/airflow/example_dags/example_setup_teardown.py took 0.174 seconds
[2024-10-12T08:08:50.883+0000] {processor.py:186} INFO - Started process (PID=14225) to work on /home/vboxuser/airflow_venv/lib/python3.12/site-packages/airflow/example_dags/example_setup_teardown.py
[2024-10-12T08:08:50.887+0000] {processor.py:914} INFO - Processing file /home/vboxuser/airflow_venv/lib/python3.12/site-packages/airflow/example_dags/example_setup_teardown.py for tasks to queue
[2024-10-12T08:08:50.893+0000] {logging_mixin.py:190} INFO - [2024-10-12T08:08:50.892+0000] {dagbag.py:588} INFO - Filling up the DagBag from /home/vboxuser/airflow_venv/lib/python3.12/site-packages/airflow/example_dags/example_setup_teardown.py
[2024-10-12T08:08:50.910+0000] {processor.py:925} INFO - DAG(s) 'example_setup_teardown' retrieved from /home/vboxuser/airflow_venv/lib/python3.12/site-packages/airflow/example_dags/example_setup_teardown.py
[2024-10-12T08:08:50.934+0000] {logging_mixin.py:190} INFO - [2024-10-12T08:08:50.934+0000] {dag.py:3239} INFO - Sync 1 DAGs
[2024-10-12T08:08:50.954+0000] {logging_mixin.py:190} INFO - [2024-10-12T08:08:50.953+0000] {dag.py:4180} INFO - Setting next_dagrun for example_setup_teardown to None, run_after=None
[2024-10-12T08:08:51.037+0000] {processor.py:208} INFO - Processing /home/vboxuser/airflow_venv/lib/python3.12/site-packages/airflow/example_dags/example_setup_teardown.py took 0.167 seconds
[2024-10-12T08:10:08.225+0000] {processor.py:186} INFO - Started process (PID=14288) to work on /home/vboxuser/airflow_venv/lib/python3.12/site-packages/airflow/example_dags/example_setup_teardown.py
[2024-10-12T08:10:08.229+0000] {processor.py:914} INFO - Processing file /home/vboxuser/airflow_venv/lib/python3.12/site-packages/airflow/example_dags/example_setup_teardown.py for tasks to queue
[2024-10-12T08:10:08.236+0000] {logging_mixin.py:190} INFO - [2024-10-12T08:10:08.234+0000] {dagbag.py:588} INFO - Filling up the DagBag from /home/vboxuser/airflow_venv/lib/python3.12/site-packages/airflow/example_dags/example_setup_teardown.py
[2024-10-12T08:10:08.256+0000] {processor.py:925} INFO - DAG(s) 'example_setup_teardown' retrieved from /home/vboxuser/airflow_venv/lib/python3.12/site-packages/airflow/example_dags/example_setup_teardown.py
[2024-10-12T08:10:08.299+0000] {logging_mixin.py:190} INFO - [2024-10-12T08:10:08.298+0000] {dag.py:3239} INFO - Sync 1 DAGs
[2024-10-12T08:10:08.328+0000] {logging_mixin.py:190} INFO - [2024-10-12T08:10:08.328+0000] {dag.py:4180} INFO - Setting next_dagrun for example_setup_teardown to None, run_after=None
[2024-10-12T08:10:08.398+0000] {processor.py:208} INFO - Processing /home/vboxuser/airflow_venv/lib/python3.12/site-packages/airflow/example_dags/example_setup_teardown.py took 0.191 seconds
[2024-10-12T08:11:18.628+0000] {processor.py:186} INFO - Started process (PID=14354) to work on /home/vboxuser/airflow_venv/lib/python3.12/site-packages/airflow/example_dags/example_setup_teardown.py
[2024-10-12T08:11:18.631+0000] {processor.py:914} INFO - Processing file /home/vboxuser/airflow_venv/lib/python3.12/site-packages/airflow/example_dags/example_setup_teardown.py for tasks to queue
[2024-10-12T08:11:18.636+0000] {logging_mixin.py:190} INFO - [2024-10-12T08:11:18.636+0000] {dagbag.py:588} INFO - Filling up the DagBag from /home/vboxuser/airflow_venv/lib/python3.12/site-packages/airflow/example_dags/example_setup_teardown.py
[2024-10-12T08:11:18.654+0000] {processor.py:925} INFO - DAG(s) 'example_setup_teardown' retrieved from /home/vboxuser/airflow_venv/lib/python3.12/site-packages/airflow/example_dags/example_setup_teardown.py
[2024-10-12T08:11:18.693+0000] {logging_mixin.py:190} INFO - [2024-10-12T08:11:18.693+0000] {dag.py:3239} INFO - Sync 1 DAGs
[2024-10-12T08:11:18.721+0000] {logging_mixin.py:190} INFO - [2024-10-12T08:11:18.720+0000] {dag.py:4180} INFO - Setting next_dagrun for example_setup_teardown to None, run_after=None
[2024-10-12T08:11:18.787+0000] {processor.py:208} INFO - Processing /home/vboxuser/airflow_venv/lib/python3.12/site-packages/airflow/example_dags/example_setup_teardown.py took 0.167 seconds
[2024-10-12T08:12:22.713+0000] {processor.py:186} INFO - Started process (PID=14412) to work on /home/vboxuser/airflow_venv/lib/python3.12/site-packages/airflow/example_dags/example_setup_teardown.py
[2024-10-12T08:12:22.721+0000] {processor.py:914} INFO - Processing file /home/vboxuser/airflow_venv/lib/python3.12/site-packages/airflow/example_dags/example_setup_teardown.py for tasks to queue
[2024-10-12T08:12:22.728+0000] {logging_mixin.py:190} INFO - [2024-10-12T08:12:22.727+0000] {dagbag.py:588} INFO - Filling up the DagBag from /home/vboxuser/airflow_venv/lib/python3.12/site-packages/airflow/example_dags/example_setup_teardown.py
[2024-10-12T08:12:22.750+0000] {processor.py:925} INFO - DAG(s) 'example_setup_teardown' retrieved from /home/vboxuser/airflow_venv/lib/python3.12/site-packages/airflow/example_dags/example_setup_teardown.py
[2024-10-12T08:12:22.787+0000] {logging_mixin.py:190} INFO - [2024-10-12T08:12:22.786+0000] {dag.py:3239} INFO - Sync 1 DAGs
[2024-10-12T08:12:22.816+0000] {logging_mixin.py:190} INFO - [2024-10-12T08:12:22.816+0000] {dag.py:4180} INFO - Setting next_dagrun for example_setup_teardown to None, run_after=None
[2024-10-12T08:12:22.879+0000] {processor.py:208} INFO - Processing /home/vboxuser/airflow_venv/lib/python3.12/site-packages/airflow/example_dags/example_setup_teardown.py took 0.183 seconds
[2024-10-12T08:13:01.027+0000] {processor.py:186} INFO - Started process (PID=14447) to work on /home/vboxuser/airflow_venv/lib/python3.12/site-packages/airflow/example_dags/example_setup_teardown.py
[2024-10-12T08:13:01.034+0000] {processor.py:914} INFO - Processing file /home/vboxuser/airflow_venv/lib/python3.12/site-packages/airflow/example_dags/example_setup_teardown.py for tasks to queue
[2024-10-12T08:13:01.041+0000] {logging_mixin.py:190} INFO - [2024-10-12T08:13:01.040+0000] {dagbag.py:588} INFO - Filling up the DagBag from /home/vboxuser/airflow_venv/lib/python3.12/site-packages/airflow/example_dags/example_setup_teardown.py
[2024-10-12T08:13:01.058+0000] {processor.py:925} INFO - DAG(s) 'example_setup_teardown' retrieved from /home/vboxuser/airflow_venv/lib/python3.12/site-packages/airflow/example_dags/example_setup_teardown.py
[2024-10-12T08:13:01.092+0000] {logging_mixin.py:190} INFO - [2024-10-12T08:13:01.091+0000] {dag.py:3239} INFO - Sync 1 DAGs
[2024-10-12T08:13:01.118+0000] {logging_mixin.py:190} INFO - [2024-10-12T08:13:01.117+0000] {dag.py:4180} INFO - Setting next_dagrun for example_setup_teardown to None, run_after=None
[2024-10-12T08:13:01.185+0000] {processor.py:208} INFO - Processing /home/vboxuser/airflow_venv/lib/python3.12/site-packages/airflow/example_dags/example_setup_teardown.py took 0.173 seconds
[2024-10-12T08:14:14.953+0000] {processor.py:186} INFO - Started process (PID=14509) to work on /home/vboxuser/airflow_venv/lib/python3.12/site-packages/airflow/example_dags/example_setup_teardown.py
[2024-10-12T08:14:14.959+0000] {processor.py:914} INFO - Processing file /home/vboxuser/airflow_venv/lib/python3.12/site-packages/airflow/example_dags/example_setup_teardown.py for tasks to queue
[2024-10-12T08:14:14.964+0000] {logging_mixin.py:190} INFO - [2024-10-12T08:14:14.963+0000] {dagbag.py:588} INFO - Filling up the DagBag from /home/vboxuser/airflow_venv/lib/python3.12/site-packages/airflow/example_dags/example_setup_teardown.py
[2024-10-12T08:14:14.986+0000] {processor.py:925} INFO - DAG(s) 'example_setup_teardown' retrieved from /home/vboxuser/airflow_venv/lib/python3.12/site-packages/airflow/example_dags/example_setup_teardown.py
[2024-10-12T08:14:15.020+0000] {logging_mixin.py:190} INFO - [2024-10-12T08:14:15.020+0000] {dag.py:3239} INFO - Sync 1 DAGs
[2024-10-12T08:14:15.047+0000] {logging_mixin.py:190} INFO - [2024-10-12T08:14:15.046+0000] {dag.py:4180} INFO - Setting next_dagrun for example_setup_teardown to None, run_after=None
[2024-10-12T08:14:15.111+0000] {processor.py:208} INFO - Processing /home/vboxuser/airflow_venv/lib/python3.12/site-packages/airflow/example_dags/example_setup_teardown.py took 0.175 seconds
[2024-10-12T08:15:29.580+0000] {processor.py:186} INFO - Started process (PID=14575) to work on /home/vboxuser/airflow_venv/lib/python3.12/site-packages/airflow/example_dags/example_setup_teardown.py
[2024-10-12T08:15:29.584+0000] {processor.py:914} INFO - Processing file /home/vboxuser/airflow_venv/lib/python3.12/site-packages/airflow/example_dags/example_setup_teardown.py for tasks to queue
[2024-10-12T08:15:29.588+0000] {logging_mixin.py:190} INFO - [2024-10-12T08:15:29.587+0000] {dagbag.py:588} INFO - Filling up the DagBag from /home/vboxuser/airflow_venv/lib/python3.12/site-packages/airflow/example_dags/example_setup_teardown.py
[2024-10-12T08:15:29.606+0000] {processor.py:925} INFO - DAG(s) 'example_setup_teardown' retrieved from /home/vboxuser/airflow_venv/lib/python3.12/site-packages/airflow/example_dags/example_setup_teardown.py
[2024-10-12T08:15:29.638+0000] {logging_mixin.py:190} INFO - [2024-10-12T08:15:29.638+0000] {dag.py:3239} INFO - Sync 1 DAGs
[2024-10-12T08:15:29.663+0000] {logging_mixin.py:190} INFO - [2024-10-12T08:15:29.663+0000] {dag.py:4180} INFO - Setting next_dagrun for example_setup_teardown to None, run_after=None
[2024-10-12T08:15:29.720+0000] {processor.py:208} INFO - Processing /home/vboxuser/airflow_venv/lib/python3.12/site-packages/airflow/example_dags/example_setup_teardown.py took 0.153 seconds
[2024-10-12T08:16:44.140+0000] {processor.py:186} INFO - Started process (PID=14637) to work on /home/vboxuser/airflow_venv/lib/python3.12/site-packages/airflow/example_dags/example_setup_teardown.py
[2024-10-12T08:16:44.143+0000] {processor.py:914} INFO - Processing file /home/vboxuser/airflow_venv/lib/python3.12/site-packages/airflow/example_dags/example_setup_teardown.py for tasks to queue
[2024-10-12T08:16:44.149+0000] {logging_mixin.py:190} INFO - [2024-10-12T08:16:44.148+0000] {dagbag.py:588} INFO - Filling up the DagBag from /home/vboxuser/airflow_venv/lib/python3.12/site-packages/airflow/example_dags/example_setup_teardown.py
[2024-10-12T08:16:44.167+0000] {processor.py:925} INFO - DAG(s) 'example_setup_teardown' retrieved from /home/vboxuser/airflow_venv/lib/python3.12/site-packages/airflow/example_dags/example_setup_teardown.py
[2024-10-12T08:16:44.195+0000] {logging_mixin.py:190} INFO - [2024-10-12T08:16:44.194+0000] {dag.py:3239} INFO - Sync 1 DAGs
[2024-10-12T08:16:44.221+0000] {logging_mixin.py:190} INFO - [2024-10-12T08:16:44.221+0000] {dag.py:4180} INFO - Setting next_dagrun for example_setup_teardown to None, run_after=None
[2024-10-12T08:16:44.275+0000] {processor.py:208} INFO - Processing /home/vboxuser/airflow_venv/lib/python3.12/site-packages/airflow/example_dags/example_setup_teardown.py took 0.149 seconds
