[2024-10-12T07:09:26.041+0000] {processor.py:186} INFO - Started process (PID=11333) to work on /home/vboxuser/airflow_venv/lib/python3.12/site-packages/airflow/example_dags/example_python_decorator.py
[2024-10-12T07:09:26.042+0000] {processor.py:914} INFO - Processing file /home/vboxuser/airflow_venv/lib/python3.12/site-packages/airflow/example_dags/example_python_decorator.py for tasks to queue
[2024-10-12T07:09:26.044+0000] {logging_mixin.py:190} INFO - [2024-10-12T07:09:26.044+0000] {dagbag.py:588} INFO - Filling up the DagBag from /home/vboxuser/airflow_venv/lib/python3.12/site-packages/airflow/example_dags/example_python_decorator.py
[2024-10-12T07:09:26.056+0000] {logging_mixin.py:190} INFO - [2024-10-12T07:09:26.055+0000] {example_python_decorator.py:80} WARNING - The virtalenv_python example task requires virtualenv, please install it.
[2024-10-12T07:09:26.060+0000] {processor.py:925} INFO - DAG(s) 'example_python_decorator' retrieved from /home/vboxuser/airflow_venv/lib/python3.12/site-packages/airflow/example_dags/example_python_decorator.py
[2024-10-12T07:09:26.200+0000] {logging_mixin.py:190} INFO - [2024-10-12T07:09:26.199+0000] {override.py:1901} INFO - Created Permission View: can delete on DAG:example_python_decorator
[2024-10-12T07:09:26.221+0000] {logging_mixin.py:190} INFO - [2024-10-12T07:09:26.221+0000] {override.py:1901} INFO - Created Permission View: can read on DAG:example_python_decorator
[2024-10-12T07:09:26.239+0000] {logging_mixin.py:190} INFO - [2024-10-12T07:09:26.238+0000] {override.py:1901} INFO - Created Permission View: can edit on DAG:example_python_decorator
[2024-10-12T07:09:26.267+0000] {logging_mixin.py:190} INFO - [2024-10-12T07:09:26.266+0000] {override.py:1901} INFO - Created Permission View: can delete on DAG Run:example_python_decorator
[2024-10-12T07:09:26.283+0000] {logging_mixin.py:190} INFO - [2024-10-12T07:09:26.282+0000] {override.py:1901} INFO - Created Permission View: can read on DAG Run:example_python_decorator
[2024-10-12T07:09:26.299+0000] {logging_mixin.py:190} INFO - [2024-10-12T07:09:26.298+0000] {override.py:1901} INFO - Created Permission View: menu access on DAG Run:example_python_decorator
[2024-10-12T07:09:26.315+0000] {logging_mixin.py:190} INFO - [2024-10-12T07:09:26.315+0000] {override.py:1901} INFO - Created Permission View: can create on DAG Run:example_python_decorator
[2024-10-12T07:09:26.316+0000] {logging_mixin.py:190} INFO - [2024-10-12T07:09:26.316+0000] {dag.py:3239} INFO - Sync 1 DAGs
[2024-10-12T07:09:26.328+0000] {logging_mixin.py:190} INFO - [2024-10-12T07:09:26.327+0000] {dag.py:3262} INFO - Creating ORM DAG for example_python_decorator
[2024-10-12T07:09:26.328+0000] {logging_mixin.py:190} INFO - [2024-10-12T07:09:26.328+0000] {dag.py:4180} INFO - Setting next_dagrun for example_python_decorator to None, run_after=None
[2024-10-12T07:09:26.359+0000] {processor.py:208} INFO - Processing /home/vboxuser/airflow_venv/lib/python3.12/site-packages/airflow/example_dags/example_python_decorator.py took 0.329 seconds
[2024-10-12T07:10:38.131+0000] {processor.py:186} INFO - Started process (PID=11404) to work on /home/vboxuser/airflow_venv/lib/python3.12/site-packages/airflow/example_dags/example_python_decorator.py
[2024-10-12T07:10:38.134+0000] {processor.py:914} INFO - Processing file /home/vboxuser/airflow_venv/lib/python3.12/site-packages/airflow/example_dags/example_python_decorator.py for tasks to queue
[2024-10-12T07:10:38.138+0000] {logging_mixin.py:190} INFO - [2024-10-12T07:10:38.137+0000] {dagbag.py:588} INFO - Filling up the DagBag from /home/vboxuser/airflow_venv/lib/python3.12/site-packages/airflow/example_dags/example_python_decorator.py
[2024-10-12T07:10:38.152+0000] {logging_mixin.py:190} INFO - [2024-10-12T07:10:38.152+0000] {example_python_decorator.py:80} WARNING - The virtalenv_python example task requires virtualenv, please install it.
[2024-10-12T07:10:38.156+0000] {processor.py:925} INFO - DAG(s) 'example_python_decorator' retrieved from /home/vboxuser/airflow_venv/lib/python3.12/site-packages/airflow/example_dags/example_python_decorator.py
[2024-10-12T07:10:38.178+0000] {logging_mixin.py:190} INFO - [2024-10-12T07:10:38.178+0000] {dag.py:3239} INFO - Sync 1 DAGs
[2024-10-12T07:10:38.193+0000] {logging_mixin.py:190} INFO - [2024-10-12T07:10:38.193+0000] {dag.py:4180} INFO - Setting next_dagrun for example_python_decorator to None, run_after=None
[2024-10-12T07:10:38.225+0000] {processor.py:208} INFO - Processing /home/vboxuser/airflow_venv/lib/python3.12/site-packages/airflow/example_dags/example_python_decorator.py took 0.105 seconds
[2024-10-12T07:11:42.211+0000] {processor.py:186} INFO - Started process (PID=11462) to work on /home/vboxuser/airflow_venv/lib/python3.12/site-packages/airflow/example_dags/example_python_decorator.py
[2024-10-12T07:11:42.213+0000] {processor.py:914} INFO - Processing file /home/vboxuser/airflow_venv/lib/python3.12/site-packages/airflow/example_dags/example_python_decorator.py for tasks to queue
[2024-10-12T07:11:42.215+0000] {logging_mixin.py:190} INFO - [2024-10-12T07:11:42.215+0000] {dagbag.py:588} INFO - Filling up the DagBag from /home/vboxuser/airflow_venv/lib/python3.12/site-packages/airflow/example_dags/example_python_decorator.py
[2024-10-12T07:11:42.225+0000] {logging_mixin.py:190} INFO - [2024-10-12T07:11:42.225+0000] {example_python_decorator.py:80} WARNING - The virtalenv_python example task requires virtualenv, please install it.
[2024-10-12T07:11:42.228+0000] {processor.py:925} INFO - DAG(s) 'example_python_decorator' retrieved from /home/vboxuser/airflow_venv/lib/python3.12/site-packages/airflow/example_dags/example_python_decorator.py
[2024-10-12T07:11:42.247+0000] {logging_mixin.py:190} INFO - [2024-10-12T07:11:42.246+0000] {dag.py:3239} INFO - Sync 1 DAGs
[2024-10-12T07:11:42.260+0000] {logging_mixin.py:190} INFO - [2024-10-12T07:11:42.260+0000] {dag.py:4180} INFO - Setting next_dagrun for example_python_decorator to None, run_after=None
[2024-10-12T07:11:42.298+0000] {processor.py:208} INFO - Processing /home/vboxuser/airflow_venv/lib/python3.12/site-packages/airflow/example_dags/example_python_decorator.py took 0.095 seconds
[2024-10-12T07:12:44.254+0000] {processor.py:186} INFO - Started process (PID=11519) to work on /home/vboxuser/airflow_venv/lib/python3.12/site-packages/airflow/example_dags/example_python_decorator.py
[2024-10-12T07:12:44.260+0000] {processor.py:914} INFO - Processing file /home/vboxuser/airflow_venv/lib/python3.12/site-packages/airflow/example_dags/example_python_decorator.py for tasks to queue
[2024-10-12T07:12:44.265+0000] {logging_mixin.py:190} INFO - [2024-10-12T07:12:44.264+0000] {dagbag.py:588} INFO - Filling up the DagBag from /home/vboxuser/airflow_venv/lib/python3.12/site-packages/airflow/example_dags/example_python_decorator.py
[2024-10-12T07:12:44.279+0000] {logging_mixin.py:190} INFO - [2024-10-12T07:12:44.278+0000] {example_python_decorator.py:80} WARNING - The virtalenv_python example task requires virtualenv, please install it.
[2024-10-12T07:12:44.281+0000] {processor.py:925} INFO - DAG(s) 'example_python_decorator' retrieved from /home/vboxuser/airflow_venv/lib/python3.12/site-packages/airflow/example_dags/example_python_decorator.py
[2024-10-12T07:12:44.301+0000] {logging_mixin.py:190} INFO - [2024-10-12T07:12:44.300+0000] {dag.py:3239} INFO - Sync 1 DAGs
[2024-10-12T07:12:44.316+0000] {logging_mixin.py:190} INFO - [2024-10-12T07:12:44.316+0000] {dag.py:4180} INFO - Setting next_dagrun for example_python_decorator to None, run_after=None
[2024-10-12T07:12:44.350+0000] {processor.py:208} INFO - Processing /home/vboxuser/airflow_venv/lib/python3.12/site-packages/airflow/example_dags/example_python_decorator.py took 0.105 seconds
[2024-10-12T07:13:47.702+0000] {processor.py:186} INFO - Started process (PID=11655) to work on /home/vboxuser/airflow_venv/lib/python3.12/site-packages/airflow/example_dags/example_python_decorator.py
[2024-10-12T07:13:47.704+0000] {processor.py:914} INFO - Processing file /home/vboxuser/airflow_venv/lib/python3.12/site-packages/airflow/example_dags/example_python_decorator.py for tasks to queue
[2024-10-12T07:13:47.708+0000] {logging_mixin.py:190} INFO - [2024-10-12T07:13:47.707+0000] {dagbag.py:588} INFO - Filling up the DagBag from /home/vboxuser/airflow_venv/lib/python3.12/site-packages/airflow/example_dags/example_python_decorator.py
[2024-10-12T07:13:47.720+0000] {logging_mixin.py:190} INFO - [2024-10-12T07:13:47.720+0000] {example_python_decorator.py:80} WARNING - The virtalenv_python example task requires virtualenv, please install it.
[2024-10-12T07:13:47.723+0000] {processor.py:925} INFO - DAG(s) 'example_python_decorator' retrieved from /home/vboxuser/airflow_venv/lib/python3.12/site-packages/airflow/example_dags/example_python_decorator.py
[2024-10-12T07:13:47.743+0000] {logging_mixin.py:190} INFO - [2024-10-12T07:13:47.743+0000] {dag.py:3239} INFO - Sync 1 DAGs
[2024-10-12T07:13:47.756+0000] {logging_mixin.py:190} INFO - [2024-10-12T07:13:47.756+0000] {dag.py:4180} INFO - Setting next_dagrun for example_python_decorator to None, run_after=None
[2024-10-12T07:13:47.791+0000] {processor.py:208} INFO - Processing /home/vboxuser/airflow_venv/lib/python3.12/site-packages/airflow/example_dags/example_python_decorator.py took 0.097 seconds
[2024-10-12T07:14:55.989+0000] {processor.py:186} INFO - Started process (PID=11728) to work on /home/vboxuser/airflow_venv/lib/python3.12/site-packages/airflow/example_dags/example_python_decorator.py
[2024-10-12T07:14:55.991+0000] {processor.py:914} INFO - Processing file /home/vboxuser/airflow_venv/lib/python3.12/site-packages/airflow/example_dags/example_python_decorator.py for tasks to queue
[2024-10-12T07:14:55.994+0000] {logging_mixin.py:190} INFO - [2024-10-12T07:14:55.993+0000] {dagbag.py:588} INFO - Filling up the DagBag from /home/vboxuser/airflow_venv/lib/python3.12/site-packages/airflow/example_dags/example_python_decorator.py
[2024-10-12T07:14:56.003+0000] {logging_mixin.py:190} INFO - [2024-10-12T07:14:56.003+0000] {example_python_decorator.py:80} WARNING - The virtalenv_python example task requires virtualenv, please install it.
[2024-10-12T07:14:56.006+0000] {processor.py:925} INFO - DAG(s) 'example_python_decorator' retrieved from /home/vboxuser/airflow_venv/lib/python3.12/site-packages/airflow/example_dags/example_python_decorator.py
[2024-10-12T07:14:56.026+0000] {logging_mixin.py:190} INFO - [2024-10-12T07:14:56.025+0000] {dag.py:3239} INFO - Sync 1 DAGs
[2024-10-12T07:14:56.171+0000] {logging_mixin.py:190} INFO - [2024-10-12T07:14:56.171+0000] {dag.py:4180} INFO - Setting next_dagrun for example_python_decorator to None, run_after=None
[2024-10-12T07:14:56.208+0000] {processor.py:208} INFO - Processing /home/vboxuser/airflow_venv/lib/python3.12/site-packages/airflow/example_dags/example_python_decorator.py took 0.230 seconds
[2024-10-12T07:16:12.011+0000] {processor.py:186} INFO - Started process (PID=11797) to work on /home/vboxuser/airflow_venv/lib/python3.12/site-packages/airflow/example_dags/example_python_decorator.py
[2024-10-12T07:16:12.014+0000] {processor.py:914} INFO - Processing file /home/vboxuser/airflow_venv/lib/python3.12/site-packages/airflow/example_dags/example_python_decorator.py for tasks to queue
[2024-10-12T07:16:12.017+0000] {logging_mixin.py:190} INFO - [2024-10-12T07:16:12.017+0000] {dagbag.py:588} INFO - Filling up the DagBag from /home/vboxuser/airflow_venv/lib/python3.12/site-packages/airflow/example_dags/example_python_decorator.py
[2024-10-12T07:16:12.028+0000] {logging_mixin.py:190} INFO - [2024-10-12T07:16:12.028+0000] {example_python_decorator.py:80} WARNING - The virtalenv_python example task requires virtualenv, please install it.
[2024-10-12T07:16:12.031+0000] {processor.py:925} INFO - DAG(s) 'example_python_decorator' retrieved from /home/vboxuser/airflow_venv/lib/python3.12/site-packages/airflow/example_dags/example_python_decorator.py
[2024-10-12T07:16:12.053+0000] {logging_mixin.py:190} INFO - [2024-10-12T07:16:12.052+0000] {dag.py:3239} INFO - Sync 1 DAGs
[2024-10-12T07:16:12.068+0000] {logging_mixin.py:190} INFO - [2024-10-12T07:16:12.067+0000] {dag.py:4180} INFO - Setting next_dagrun for example_python_decorator to None, run_after=None
[2024-10-12T07:16:12.104+0000] {processor.py:208} INFO - Processing /home/vboxuser/airflow_venv/lib/python3.12/site-packages/airflow/example_dags/example_python_decorator.py took 0.102 seconds
[2024-10-12T07:17:12.038+0000] {processor.py:186} INFO - Started process (PID=11857) to work on /home/vboxuser/airflow_venv/lib/python3.12/site-packages/airflow/example_dags/example_python_decorator.py
[2024-10-12T07:17:12.042+0000] {processor.py:914} INFO - Processing file /home/vboxuser/airflow_venv/lib/python3.12/site-packages/airflow/example_dags/example_python_decorator.py for tasks to queue
[2024-10-12T07:17:12.045+0000] {logging_mixin.py:190} INFO - [2024-10-12T07:17:12.045+0000] {dagbag.py:588} INFO - Filling up the DagBag from /home/vboxuser/airflow_venv/lib/python3.12/site-packages/airflow/example_dags/example_python_decorator.py
[2024-10-12T07:17:12.055+0000] {logging_mixin.py:190} INFO - [2024-10-12T07:17:12.055+0000] {example_python_decorator.py:80} WARNING - The virtalenv_python example task requires virtualenv, please install it.
[2024-10-12T07:17:12.058+0000] {processor.py:925} INFO - DAG(s) 'example_python_decorator' retrieved from /home/vboxuser/airflow_venv/lib/python3.12/site-packages/airflow/example_dags/example_python_decorator.py
[2024-10-12T07:17:12.080+0000] {logging_mixin.py:190} INFO - [2024-10-12T07:17:12.080+0000] {dag.py:3239} INFO - Sync 1 DAGs
[2024-10-12T07:17:12.096+0000] {logging_mixin.py:190} INFO - [2024-10-12T07:17:12.096+0000] {dag.py:4180} INFO - Setting next_dagrun for example_python_decorator to None, run_after=None
[2024-10-12T07:17:12.132+0000] {processor.py:208} INFO - Processing /home/vboxuser/airflow_venv/lib/python3.12/site-packages/airflow/example_dags/example_python_decorator.py took 0.101 seconds
[2024-10-12T07:18:17.422+0000] {processor.py:186} INFO - Started process (PID=11916) to work on /home/vboxuser/airflow_venv/lib/python3.12/site-packages/airflow/example_dags/example_python_decorator.py
[2024-10-12T07:18:17.425+0000] {processor.py:914} INFO - Processing file /home/vboxuser/airflow_venv/lib/python3.12/site-packages/airflow/example_dags/example_python_decorator.py for tasks to queue
[2024-10-12T07:18:17.428+0000] {logging_mixin.py:190} INFO - [2024-10-12T07:18:17.427+0000] {dagbag.py:588} INFO - Filling up the DagBag from /home/vboxuser/airflow_venv/lib/python3.12/site-packages/airflow/example_dags/example_python_decorator.py
[2024-10-12T07:18:17.437+0000] {logging_mixin.py:190} INFO - [2024-10-12T07:18:17.437+0000] {example_python_decorator.py:80} WARNING - The virtalenv_python example task requires virtualenv, please install it.
[2024-10-12T07:18:17.440+0000] {processor.py:925} INFO - DAG(s) 'example_python_decorator' retrieved from /home/vboxuser/airflow_venv/lib/python3.12/site-packages/airflow/example_dags/example_python_decorator.py
[2024-10-12T07:18:17.459+0000] {logging_mixin.py:190} INFO - [2024-10-12T07:18:17.459+0000] {dag.py:3239} INFO - Sync 1 DAGs
[2024-10-12T07:18:17.476+0000] {logging_mixin.py:190} INFO - [2024-10-12T07:18:17.476+0000] {dag.py:4180} INFO - Setting next_dagrun for example_python_decorator to None, run_after=None
[2024-10-12T07:18:17.515+0000] {processor.py:208} INFO - Processing /home/vboxuser/airflow_venv/lib/python3.12/site-packages/airflow/example_dags/example_python_decorator.py took 0.099 seconds
[2024-10-12T07:19:18.974+0000] {processor.py:186} INFO - Started process (PID=11973) to work on /home/vboxuser/airflow_venv/lib/python3.12/site-packages/airflow/example_dags/example_python_decorator.py
[2024-10-12T07:19:18.976+0000] {processor.py:914} INFO - Processing file /home/vboxuser/airflow_venv/lib/python3.12/site-packages/airflow/example_dags/example_python_decorator.py for tasks to queue
[2024-10-12T07:19:18.978+0000] {logging_mixin.py:190} INFO - [2024-10-12T07:19:18.978+0000] {dagbag.py:588} INFO - Filling up the DagBag from /home/vboxuser/airflow_venv/lib/python3.12/site-packages/airflow/example_dags/example_python_decorator.py
[2024-10-12T07:19:18.990+0000] {logging_mixin.py:190} INFO - [2024-10-12T07:19:18.989+0000] {example_python_decorator.py:80} WARNING - The virtalenv_python example task requires virtualenv, please install it.
[2024-10-12T07:19:18.993+0000] {processor.py:925} INFO - DAG(s) 'example_python_decorator' retrieved from /home/vboxuser/airflow_venv/lib/python3.12/site-packages/airflow/example_dags/example_python_decorator.py
[2024-10-12T07:19:19.016+0000] {logging_mixin.py:190} INFO - [2024-10-12T07:19:19.015+0000] {dag.py:3239} INFO - Sync 1 DAGs
[2024-10-12T07:19:19.034+0000] {logging_mixin.py:190} INFO - [2024-10-12T07:19:19.033+0000] {dag.py:4180} INFO - Setting next_dagrun for example_python_decorator to None, run_after=None
[2024-10-12T07:19:19.072+0000] {processor.py:208} INFO - Processing /home/vboxuser/airflow_venv/lib/python3.12/site-packages/airflow/example_dags/example_python_decorator.py took 0.106 seconds
[2024-10-12T07:20:23.626+0000] {processor.py:186} INFO - Started process (PID=12036) to work on /home/vboxuser/airflow_venv/lib/python3.12/site-packages/airflow/example_dags/example_python_decorator.py
[2024-10-12T07:20:23.632+0000] {processor.py:914} INFO - Processing file /home/vboxuser/airflow_venv/lib/python3.12/site-packages/airflow/example_dags/example_python_decorator.py for tasks to queue
[2024-10-12T07:20:23.636+0000] {logging_mixin.py:190} INFO - [2024-10-12T07:20:23.635+0000] {dagbag.py:588} INFO - Filling up the DagBag from /home/vboxuser/airflow_venv/lib/python3.12/site-packages/airflow/example_dags/example_python_decorator.py
[2024-10-12T07:20:23.649+0000] {logging_mixin.py:190} INFO - [2024-10-12T07:20:23.649+0000] {example_python_decorator.py:80} WARNING - The virtalenv_python example task requires virtualenv, please install it.
[2024-10-12T07:20:23.653+0000] {processor.py:925} INFO - DAG(s) 'example_python_decorator' retrieved from /home/vboxuser/airflow_venv/lib/python3.12/site-packages/airflow/example_dags/example_python_decorator.py
[2024-10-12T07:20:23.677+0000] {logging_mixin.py:190} INFO - [2024-10-12T07:20:23.677+0000] {dag.py:3239} INFO - Sync 1 DAGs
[2024-10-12T07:20:23.693+0000] {logging_mixin.py:190} INFO - [2024-10-12T07:20:23.692+0000] {dag.py:4180} INFO - Setting next_dagrun for example_python_decorator to None, run_after=None
[2024-10-12T07:20:23.724+0000] {processor.py:208} INFO - Processing /home/vboxuser/airflow_venv/lib/python3.12/site-packages/airflow/example_dags/example_python_decorator.py took 0.110 seconds
[2024-10-12T07:21:30.427+0000] {processor.py:186} INFO - Started process (PID=12098) to work on /home/vboxuser/airflow_venv/lib/python3.12/site-packages/airflow/example_dags/example_python_decorator.py
[2024-10-12T07:21:30.430+0000] {processor.py:914} INFO - Processing file /home/vboxuser/airflow_venv/lib/python3.12/site-packages/airflow/example_dags/example_python_decorator.py for tasks to queue
[2024-10-12T07:21:30.433+0000] {logging_mixin.py:190} INFO - [2024-10-12T07:21:30.432+0000] {dagbag.py:588} INFO - Filling up the DagBag from /home/vboxuser/airflow_venv/lib/python3.12/site-packages/airflow/example_dags/example_python_decorator.py
[2024-10-12T07:21:30.445+0000] {logging_mixin.py:190} INFO - [2024-10-12T07:21:30.444+0000] {example_python_decorator.py:80} WARNING - The virtalenv_python example task requires virtualenv, please install it.
[2024-10-12T07:21:30.449+0000] {processor.py:925} INFO - DAG(s) 'example_python_decorator' retrieved from /home/vboxuser/airflow_venv/lib/python3.12/site-packages/airflow/example_dags/example_python_decorator.py
[2024-10-12T07:21:30.470+0000] {logging_mixin.py:190} INFO - [2024-10-12T07:21:30.470+0000] {dag.py:3239} INFO - Sync 1 DAGs
[2024-10-12T07:21:30.486+0000] {logging_mixin.py:190} INFO - [2024-10-12T07:21:30.486+0000] {dag.py:4180} INFO - Setting next_dagrun for example_python_decorator to None, run_after=None
[2024-10-12T07:21:30.526+0000] {processor.py:208} INFO - Processing /home/vboxuser/airflow_venv/lib/python3.12/site-packages/airflow/example_dags/example_python_decorator.py took 0.108 seconds
[2024-10-12T07:22:35.594+0000] {processor.py:186} INFO - Started process (PID=12157) to work on /home/vboxuser/airflow_venv/lib/python3.12/site-packages/airflow/example_dags/example_python_decorator.py
[2024-10-12T07:22:35.596+0000] {processor.py:914} INFO - Processing file /home/vboxuser/airflow_venv/lib/python3.12/site-packages/airflow/example_dags/example_python_decorator.py for tasks to queue
[2024-10-12T07:22:35.600+0000] {logging_mixin.py:190} INFO - [2024-10-12T07:22:35.599+0000] {dagbag.py:588} INFO - Filling up the DagBag from /home/vboxuser/airflow_venv/lib/python3.12/site-packages/airflow/example_dags/example_python_decorator.py
[2024-10-12T07:22:35.610+0000] {logging_mixin.py:190} INFO - [2024-10-12T07:22:35.610+0000] {example_python_decorator.py:80} WARNING - The virtalenv_python example task requires virtualenv, please install it.
[2024-10-12T07:22:35.613+0000] {processor.py:925} INFO - DAG(s) 'example_python_decorator' retrieved from /home/vboxuser/airflow_venv/lib/python3.12/site-packages/airflow/example_dags/example_python_decorator.py
[2024-10-12T07:22:35.632+0000] {logging_mixin.py:190} INFO - [2024-10-12T07:22:35.632+0000] {dag.py:3239} INFO - Sync 1 DAGs
[2024-10-12T07:22:35.646+0000] {logging_mixin.py:190} INFO - [2024-10-12T07:22:35.646+0000] {dag.py:4180} INFO - Setting next_dagrun for example_python_decorator to None, run_after=None
[2024-10-12T07:22:35.678+0000] {processor.py:208} INFO - Processing /home/vboxuser/airflow_venv/lib/python3.12/site-packages/airflow/example_dags/example_python_decorator.py took 0.095 seconds
[2024-10-12T07:23:49.432+0000] {processor.py:186} INFO - Started process (PID=12219) to work on /home/vboxuser/airflow_venv/lib/python3.12/site-packages/airflow/example_dags/example_python_decorator.py
[2024-10-12T07:23:49.440+0000] {processor.py:914} INFO - Processing file /home/vboxuser/airflow_venv/lib/python3.12/site-packages/airflow/example_dags/example_python_decorator.py for tasks to queue
[2024-10-12T07:23:49.444+0000] {logging_mixin.py:190} INFO - [2024-10-12T07:23:49.443+0000] {dagbag.py:588} INFO - Filling up the DagBag from /home/vboxuser/airflow_venv/lib/python3.12/site-packages/airflow/example_dags/example_python_decorator.py
[2024-10-12T07:23:49.456+0000] {logging_mixin.py:190} INFO - [2024-10-12T07:23:49.456+0000] {example_python_decorator.py:80} WARNING - The virtalenv_python example task requires virtualenv, please install it.
[2024-10-12T07:23:49.459+0000] {processor.py:925} INFO - DAG(s) 'example_python_decorator' retrieved from /home/vboxuser/airflow_venv/lib/python3.12/site-packages/airflow/example_dags/example_python_decorator.py
[2024-10-12T07:23:49.483+0000] {logging_mixin.py:190} INFO - [2024-10-12T07:23:49.482+0000] {dag.py:3239} INFO - Sync 1 DAGs
[2024-10-12T07:23:49.503+0000] {logging_mixin.py:190} INFO - [2024-10-12T07:23:49.503+0000] {dag.py:4180} INFO - Setting next_dagrun for example_python_decorator to None, run_after=None
[2024-10-12T07:23:49.537+0000] {processor.py:208} INFO - Processing /home/vboxuser/airflow_venv/lib/python3.12/site-packages/airflow/example_dags/example_python_decorator.py took 0.114 seconds
[2024-10-12T07:24:56.391+0000] {processor.py:186} INFO - Started process (PID=12280) to work on /home/vboxuser/airflow_venv/lib/python3.12/site-packages/airflow/example_dags/example_python_decorator.py
[2024-10-12T07:24:56.396+0000] {processor.py:914} INFO - Processing file /home/vboxuser/airflow_venv/lib/python3.12/site-packages/airflow/example_dags/example_python_decorator.py for tasks to queue
[2024-10-12T07:24:56.400+0000] {logging_mixin.py:190} INFO - [2024-10-12T07:24:56.400+0000] {dagbag.py:588} INFO - Filling up the DagBag from /home/vboxuser/airflow_venv/lib/python3.12/site-packages/airflow/example_dags/example_python_decorator.py
[2024-10-12T07:24:56.415+0000] {logging_mixin.py:190} INFO - [2024-10-12T07:24:56.415+0000] {example_python_decorator.py:80} WARNING - The virtalenv_python example task requires virtualenv, please install it.
[2024-10-12T07:24:56.419+0000] {processor.py:925} INFO - DAG(s) 'example_python_decorator' retrieved from /home/vboxuser/airflow_venv/lib/python3.12/site-packages/airflow/example_dags/example_python_decorator.py
[2024-10-12T07:24:56.441+0000] {logging_mixin.py:190} INFO - [2024-10-12T07:24:56.440+0000] {dag.py:3239} INFO - Sync 1 DAGs
[2024-10-12T07:24:56.456+0000] {logging_mixin.py:190} INFO - [2024-10-12T07:24:56.456+0000] {dag.py:4180} INFO - Setting next_dagrun for example_python_decorator to None, run_after=None
[2024-10-12T07:24:56.497+0000] {processor.py:208} INFO - Processing /home/vboxuser/airflow_venv/lib/python3.12/site-packages/airflow/example_dags/example_python_decorator.py took 0.124 seconds
[2024-10-12T07:26:04.529+0000] {processor.py:186} INFO - Started process (PID=12346) to work on /home/vboxuser/airflow_venv/lib/python3.12/site-packages/airflow/example_dags/example_python_decorator.py
[2024-10-12T07:26:04.531+0000] {processor.py:914} INFO - Processing file /home/vboxuser/airflow_venv/lib/python3.12/site-packages/airflow/example_dags/example_python_decorator.py for tasks to queue
[2024-10-12T07:26:04.534+0000] {logging_mixin.py:190} INFO - [2024-10-12T07:26:04.534+0000] {dagbag.py:588} INFO - Filling up the DagBag from /home/vboxuser/airflow_venv/lib/python3.12/site-packages/airflow/example_dags/example_python_decorator.py
[2024-10-12T07:26:04.544+0000] {logging_mixin.py:190} INFO - [2024-10-12T07:26:04.544+0000] {example_python_decorator.py:80} WARNING - The virtalenv_python example task requires virtualenv, please install it.
[2024-10-12T07:26:04.548+0000] {processor.py:925} INFO - DAG(s) 'example_python_decorator' retrieved from /home/vboxuser/airflow_venv/lib/python3.12/site-packages/airflow/example_dags/example_python_decorator.py
[2024-10-12T07:26:04.568+0000] {logging_mixin.py:190} INFO - [2024-10-12T07:26:04.567+0000] {dag.py:3239} INFO - Sync 1 DAGs
[2024-10-12T07:26:04.583+0000] {logging_mixin.py:190} INFO - [2024-10-12T07:26:04.582+0000] {dag.py:4180} INFO - Setting next_dagrun for example_python_decorator to None, run_after=None
[2024-10-12T07:26:04.620+0000] {processor.py:208} INFO - Processing /home/vboxuser/airflow_venv/lib/python3.12/site-packages/airflow/example_dags/example_python_decorator.py took 0.108 seconds
[2024-10-12T07:27:16.227+0000] {processor.py:186} INFO - Started process (PID=12408) to work on /home/vboxuser/airflow_venv/lib/python3.12/site-packages/airflow/example_dags/example_python_decorator.py
[2024-10-12T07:27:16.230+0000] {processor.py:914} INFO - Processing file /home/vboxuser/airflow_venv/lib/python3.12/site-packages/airflow/example_dags/example_python_decorator.py for tasks to queue
[2024-10-12T07:27:16.232+0000] {logging_mixin.py:190} INFO - [2024-10-12T07:27:16.232+0000] {dagbag.py:588} INFO - Filling up the DagBag from /home/vboxuser/airflow_venv/lib/python3.12/site-packages/airflow/example_dags/example_python_decorator.py
[2024-10-12T07:27:16.244+0000] {logging_mixin.py:190} INFO - [2024-10-12T07:27:16.244+0000] {example_python_decorator.py:80} WARNING - The virtalenv_python example task requires virtualenv, please install it.
[2024-10-12T07:27:16.248+0000] {processor.py:925} INFO - DAG(s) 'example_python_decorator' retrieved from /home/vboxuser/airflow_venv/lib/python3.12/site-packages/airflow/example_dags/example_python_decorator.py
[2024-10-12T07:27:16.269+0000] {logging_mixin.py:190} INFO - [2024-10-12T07:27:16.269+0000] {dag.py:3239} INFO - Sync 1 DAGs
[2024-10-12T07:27:16.285+0000] {logging_mixin.py:190} INFO - [2024-10-12T07:27:16.284+0000] {dag.py:4180} INFO - Setting next_dagrun for example_python_decorator to None, run_after=None
[2024-10-12T07:27:16.324+0000] {processor.py:208} INFO - Processing /home/vboxuser/airflow_venv/lib/python3.12/site-packages/airflow/example_dags/example_python_decorator.py took 0.105 seconds
[2024-10-12T07:28:30.116+0000] {processor.py:186} INFO - Started process (PID=12471) to work on /home/vboxuser/airflow_venv/lib/python3.12/site-packages/airflow/example_dags/example_python_decorator.py
[2024-10-12T07:28:30.118+0000] {processor.py:914} INFO - Processing file /home/vboxuser/airflow_venv/lib/python3.12/site-packages/airflow/example_dags/example_python_decorator.py for tasks to queue
[2024-10-12T07:28:30.121+0000] {logging_mixin.py:190} INFO - [2024-10-12T07:28:30.121+0000] {dagbag.py:588} INFO - Filling up the DagBag from /home/vboxuser/airflow_venv/lib/python3.12/site-packages/airflow/example_dags/example_python_decorator.py
[2024-10-12T07:28:30.132+0000] {logging_mixin.py:190} INFO - [2024-10-12T07:28:30.131+0000] {example_python_decorator.py:80} WARNING - The virtalenv_python example task requires virtualenv, please install it.
[2024-10-12T07:28:30.134+0000] {processor.py:925} INFO - DAG(s) 'example_python_decorator' retrieved from /home/vboxuser/airflow_venv/lib/python3.12/site-packages/airflow/example_dags/example_python_decorator.py
[2024-10-12T07:28:30.155+0000] {logging_mixin.py:190} INFO - [2024-10-12T07:28:30.155+0000] {dag.py:3239} INFO - Sync 1 DAGs
[2024-10-12T07:28:30.170+0000] {logging_mixin.py:190} INFO - [2024-10-12T07:28:30.169+0000] {dag.py:4180} INFO - Setting next_dagrun for example_python_decorator to None, run_after=None
[2024-10-12T07:28:30.226+0000] {processor.py:208} INFO - Processing /home/vboxuser/airflow_venv/lib/python3.12/site-packages/airflow/example_dags/example_python_decorator.py took 0.118 seconds
[2024-10-12T07:29:31.818+0000] {processor.py:186} INFO - Started process (PID=12527) to work on /home/vboxuser/airflow_venv/lib/python3.12/site-packages/airflow/example_dags/example_python_decorator.py
[2024-10-12T07:29:31.820+0000] {processor.py:914} INFO - Processing file /home/vboxuser/airflow_venv/lib/python3.12/site-packages/airflow/example_dags/example_python_decorator.py for tasks to queue
[2024-10-12T07:29:31.823+0000] {logging_mixin.py:190} INFO - [2024-10-12T07:29:31.822+0000] {dagbag.py:588} INFO - Filling up the DagBag from /home/vboxuser/airflow_venv/lib/python3.12/site-packages/airflow/example_dags/example_python_decorator.py
[2024-10-12T07:29:31.836+0000] {logging_mixin.py:190} INFO - [2024-10-12T07:29:31.836+0000] {example_python_decorator.py:80} WARNING - The virtalenv_python example task requires virtualenv, please install it.
[2024-10-12T07:29:31.840+0000] {processor.py:925} INFO - DAG(s) 'example_python_decorator' retrieved from /home/vboxuser/airflow_venv/lib/python3.12/site-packages/airflow/example_dags/example_python_decorator.py
[2024-10-12T07:29:31.862+0000] {logging_mixin.py:190} INFO - [2024-10-12T07:29:31.861+0000] {dag.py:3239} INFO - Sync 1 DAGs
[2024-10-12T07:29:31.876+0000] {logging_mixin.py:190} INFO - [2024-10-12T07:29:31.876+0000] {dag.py:4180} INFO - Setting next_dagrun for example_python_decorator to None, run_after=None
[2024-10-12T07:29:31.912+0000] {processor.py:208} INFO - Processing /home/vboxuser/airflow_venv/lib/python3.12/site-packages/airflow/example_dags/example_python_decorator.py took 0.102 seconds
[2024-10-12T07:30:45.669+0000] {processor.py:186} INFO - Started process (PID=12611) to work on /home/vboxuser/airflow_venv/lib/python3.12/site-packages/airflow/example_dags/example_python_decorator.py
[2024-10-12T07:30:45.671+0000] {processor.py:914} INFO - Processing file /home/vboxuser/airflow_venv/lib/python3.12/site-packages/airflow/example_dags/example_python_decorator.py for tasks to queue
[2024-10-12T07:30:45.675+0000] {logging_mixin.py:190} INFO - [2024-10-12T07:30:45.674+0000] {dagbag.py:588} INFO - Filling up the DagBag from /home/vboxuser/airflow_venv/lib/python3.12/site-packages/airflow/example_dags/example_python_decorator.py
[2024-10-12T07:30:45.690+0000] {logging_mixin.py:190} INFO - [2024-10-12T07:30:45.690+0000] {example_python_decorator.py:80} WARNING - The virtalenv_python example task requires virtualenv, please install it.
[2024-10-12T07:30:45.693+0000] {processor.py:925} INFO - DAG(s) 'example_python_decorator' retrieved from /home/vboxuser/airflow_venv/lib/python3.12/site-packages/airflow/example_dags/example_python_decorator.py
[2024-10-12T07:30:45.719+0000] {logging_mixin.py:190} INFO - [2024-10-12T07:30:45.719+0000] {dag.py:3239} INFO - Sync 1 DAGs
[2024-10-12T07:30:45.735+0000] {logging_mixin.py:190} INFO - [2024-10-12T07:30:45.735+0000] {dag.py:4180} INFO - Setting next_dagrun for example_python_decorator to None, run_after=None
[2024-10-12T07:30:45.766+0000] {processor.py:208} INFO - Processing /home/vboxuser/airflow_venv/lib/python3.12/site-packages/airflow/example_dags/example_python_decorator.py took 0.106 seconds
[2024-10-12T07:31:53.788+0000] {processor.py:186} INFO - Started process (PID=12681) to work on /home/vboxuser/airflow_venv/lib/python3.12/site-packages/airflow/example_dags/example_python_decorator.py
[2024-10-12T07:31:53.791+0000] {processor.py:914} INFO - Processing file /home/vboxuser/airflow_venv/lib/python3.12/site-packages/airflow/example_dags/example_python_decorator.py for tasks to queue
[2024-10-12T07:31:53.795+0000] {logging_mixin.py:190} INFO - [2024-10-12T07:31:53.795+0000] {dagbag.py:588} INFO - Filling up the DagBag from /home/vboxuser/airflow_venv/lib/python3.12/site-packages/airflow/example_dags/example_python_decorator.py
[2024-10-12T07:31:53.814+0000] {logging_mixin.py:190} INFO - [2024-10-12T07:31:53.814+0000] {example_python_decorator.py:80} WARNING - The virtalenv_python example task requires virtualenv, please install it.
[2024-10-12T07:31:53.821+0000] {processor.py:925} INFO - DAG(s) 'example_python_decorator' retrieved from /home/vboxuser/airflow_venv/lib/python3.12/site-packages/airflow/example_dags/example_python_decorator.py
[2024-10-12T07:31:53.852+0000] {logging_mixin.py:190} INFO - [2024-10-12T07:31:53.852+0000] {dag.py:3239} INFO - Sync 1 DAGs
[2024-10-12T07:31:53.871+0000] {logging_mixin.py:190} INFO - [2024-10-12T07:31:53.870+0000] {dag.py:4180} INFO - Setting next_dagrun for example_python_decorator to None, run_after=None
[2024-10-12T07:31:53.912+0000] {processor.py:208} INFO - Processing /home/vboxuser/airflow_venv/lib/python3.12/site-packages/airflow/example_dags/example_python_decorator.py took 0.138 seconds
[2024-10-12T07:32:56.683+0000] {processor.py:186} INFO - Started process (PID=12739) to work on /home/vboxuser/airflow_venv/lib/python3.12/site-packages/airflow/example_dags/example_python_decorator.py
[2024-10-12T07:32:56.685+0000] {processor.py:914} INFO - Processing file /home/vboxuser/airflow_venv/lib/python3.12/site-packages/airflow/example_dags/example_python_decorator.py for tasks to queue
[2024-10-12T07:32:56.687+0000] {logging_mixin.py:190} INFO - [2024-10-12T07:32:56.687+0000] {dagbag.py:588} INFO - Filling up the DagBag from /home/vboxuser/airflow_venv/lib/python3.12/site-packages/airflow/example_dags/example_python_decorator.py
[2024-10-12T07:32:56.696+0000] {logging_mixin.py:190} INFO - [2024-10-12T07:32:56.696+0000] {example_python_decorator.py:80} WARNING - The virtalenv_python example task requires virtualenv, please install it.
[2024-10-12T07:32:56.699+0000] {processor.py:925} INFO - DAG(s) 'example_python_decorator' retrieved from /home/vboxuser/airflow_venv/lib/python3.12/site-packages/airflow/example_dags/example_python_decorator.py
[2024-10-12T07:32:56.717+0000] {logging_mixin.py:190} INFO - [2024-10-12T07:32:56.717+0000] {dag.py:3239} INFO - Sync 1 DAGs
[2024-10-12T07:32:56.730+0000] {logging_mixin.py:190} INFO - [2024-10-12T07:32:56.730+0000] {dag.py:4180} INFO - Setting next_dagrun for example_python_decorator to None, run_after=None
[2024-10-12T07:32:56.773+0000] {processor.py:208} INFO - Processing /home/vboxuser/airflow_venv/lib/python3.12/site-packages/airflow/example_dags/example_python_decorator.py took 0.100 seconds
[2024-10-12T07:34:00.890+0000] {processor.py:186} INFO - Started process (PID=12798) to work on /home/vboxuser/airflow_venv/lib/python3.12/site-packages/airflow/example_dags/example_python_decorator.py
[2024-10-12T07:34:00.893+0000] {processor.py:914} INFO - Processing file /home/vboxuser/airflow_venv/lib/python3.12/site-packages/airflow/example_dags/example_python_decorator.py for tasks to queue
[2024-10-12T07:34:00.896+0000] {logging_mixin.py:190} INFO - [2024-10-12T07:34:00.896+0000] {dagbag.py:588} INFO - Filling up the DagBag from /home/vboxuser/airflow_venv/lib/python3.12/site-packages/airflow/example_dags/example_python_decorator.py
[2024-10-12T07:34:00.907+0000] {logging_mixin.py:190} INFO - [2024-10-12T07:34:00.907+0000] {example_python_decorator.py:80} WARNING - The virtalenv_python example task requires virtualenv, please install it.
[2024-10-12T07:34:00.910+0000] {processor.py:925} INFO - DAG(s) 'example_python_decorator' retrieved from /home/vboxuser/airflow_venv/lib/python3.12/site-packages/airflow/example_dags/example_python_decorator.py
[2024-10-12T07:34:00.929+0000] {logging_mixin.py:190} INFO - [2024-10-12T07:34:00.929+0000] {dag.py:3239} INFO - Sync 1 DAGs
[2024-10-12T07:34:00.944+0000] {logging_mixin.py:190} INFO - [2024-10-12T07:34:00.944+0000] {dag.py:4180} INFO - Setting next_dagrun for example_python_decorator to None, run_after=None
[2024-10-12T07:34:00.981+0000] {processor.py:208} INFO - Processing /home/vboxuser/airflow_venv/lib/python3.12/site-packages/airflow/example_dags/example_python_decorator.py took 0.101 seconds
[2024-10-12T07:35:01.421+0000] {processor.py:186} INFO - Started process (PID=12866) to work on /home/vboxuser/airflow_venv/lib/python3.12/site-packages/airflow/example_dags/example_python_decorator.py
[2024-10-12T07:35:01.426+0000] {processor.py:914} INFO - Processing file /home/vboxuser/airflow_venv/lib/python3.12/site-packages/airflow/example_dags/example_python_decorator.py for tasks to queue
[2024-10-12T07:35:01.433+0000] {logging_mixin.py:190} INFO - [2024-10-12T07:35:01.432+0000] {dagbag.py:588} INFO - Filling up the DagBag from /home/vboxuser/airflow_venv/lib/python3.12/site-packages/airflow/example_dags/example_python_decorator.py
[2024-10-12T07:35:01.449+0000] {logging_mixin.py:190} INFO - [2024-10-12T07:35:01.449+0000] {example_python_decorator.py:80} WARNING - The virtalenv_python example task requires virtualenv, please install it.
[2024-10-12T07:35:01.452+0000] {processor.py:925} INFO - DAG(s) 'example_python_decorator' retrieved from /home/vboxuser/airflow_venv/lib/python3.12/site-packages/airflow/example_dags/example_python_decorator.py
[2024-10-12T07:35:01.480+0000] {logging_mixin.py:190} INFO - [2024-10-12T07:35:01.479+0000] {dag.py:3239} INFO - Sync 1 DAGs
[2024-10-12T07:35:01.499+0000] {logging_mixin.py:190} INFO - [2024-10-12T07:35:01.499+0000] {dag.py:4180} INFO - Setting next_dagrun for example_python_decorator to None, run_after=None
[2024-10-12T07:35:01.563+0000] {processor.py:208} INFO - Processing /home/vboxuser/airflow_venv/lib/python3.12/site-packages/airflow/example_dags/example_python_decorator.py took 0.154 seconds
[2024-10-12T07:47:44.696+0000] {processor.py:186} INFO - Started process (PID=12942) to work on /home/vboxuser/airflow_venv/lib/python3.12/site-packages/airflow/example_dags/example_python_decorator.py
[2024-10-12T07:47:44.699+0000] {processor.py:914} INFO - Processing file /home/vboxuser/airflow_venv/lib/python3.12/site-packages/airflow/example_dags/example_python_decorator.py for tasks to queue
[2024-10-12T07:47:44.703+0000] {logging_mixin.py:190} INFO - [2024-10-12T07:47:44.702+0000] {dagbag.py:588} INFO - Filling up the DagBag from /home/vboxuser/airflow_venv/lib/python3.12/site-packages/airflow/example_dags/example_python_decorator.py
[2024-10-12T07:47:44.723+0000] {logging_mixin.py:190} INFO - [2024-10-12T07:47:44.722+0000] {example_python_decorator.py:80} WARNING - The virtalenv_python example task requires virtualenv, please install it.
[2024-10-12T07:47:44.728+0000] {processor.py:925} INFO - DAG(s) 'example_python_decorator' retrieved from /home/vboxuser/airflow_venv/lib/python3.12/site-packages/airflow/example_dags/example_python_decorator.py
[2024-10-12T07:47:44.761+0000] {logging_mixin.py:190} INFO - [2024-10-12T07:47:44.760+0000] {dag.py:3239} INFO - Sync 1 DAGs
[2024-10-12T07:47:44.786+0000] {logging_mixin.py:190} INFO - [2024-10-12T07:47:44.785+0000] {dag.py:4180} INFO - Setting next_dagrun for example_python_decorator to None, run_after=None
[2024-10-12T07:47:44.839+0000] {processor.py:208} INFO - Processing /home/vboxuser/airflow_venv/lib/python3.12/site-packages/airflow/example_dags/example_python_decorator.py took 0.155 seconds
[2024-10-12T07:48:54.498+0000] {processor.py:186} INFO - Started process (PID=13003) to work on /home/vboxuser/airflow_venv/lib/python3.12/site-packages/airflow/example_dags/example_python_decorator.py
[2024-10-12T07:48:54.501+0000] {processor.py:914} INFO - Processing file /home/vboxuser/airflow_venv/lib/python3.12/site-packages/airflow/example_dags/example_python_decorator.py for tasks to queue
[2024-10-12T07:48:54.507+0000] {logging_mixin.py:190} INFO - [2024-10-12T07:48:54.505+0000] {dagbag.py:588} INFO - Filling up the DagBag from /home/vboxuser/airflow_venv/lib/python3.12/site-packages/airflow/example_dags/example_python_decorator.py
[2024-10-12T07:48:54.524+0000] {logging_mixin.py:190} INFO - [2024-10-12T07:48:54.523+0000] {example_python_decorator.py:80} WARNING - The virtalenv_python example task requires virtualenv, please install it.
[2024-10-12T07:48:54.528+0000] {processor.py:925} INFO - DAG(s) 'example_python_decorator' retrieved from /home/vboxuser/airflow_venv/lib/python3.12/site-packages/airflow/example_dags/example_python_decorator.py
[2024-10-12T07:48:54.553+0000] {logging_mixin.py:190} INFO - [2024-10-12T07:48:54.553+0000] {dag.py:3239} INFO - Sync 1 DAGs
[2024-10-12T07:48:54.571+0000] {logging_mixin.py:190} INFO - [2024-10-12T07:48:54.571+0000] {dag.py:4180} INFO - Setting next_dagrun for example_python_decorator to None, run_after=None
[2024-10-12T07:48:54.608+0000] {processor.py:208} INFO - Processing /home/vboxuser/airflow_venv/lib/python3.12/site-packages/airflow/example_dags/example_python_decorator.py took 0.124 seconds
[2024-10-12T07:50:02.635+0000] {processor.py:186} INFO - Started process (PID=13062) to work on /home/vboxuser/airflow_venv/lib/python3.12/site-packages/airflow/example_dags/example_python_decorator.py
[2024-10-12T07:50:02.638+0000] {processor.py:914} INFO - Processing file /home/vboxuser/airflow_venv/lib/python3.12/site-packages/airflow/example_dags/example_python_decorator.py for tasks to queue
[2024-10-12T07:50:02.643+0000] {logging_mixin.py:190} INFO - [2024-10-12T07:50:02.642+0000] {dagbag.py:588} INFO - Filling up the DagBag from /home/vboxuser/airflow_venv/lib/python3.12/site-packages/airflow/example_dags/example_python_decorator.py
[2024-10-12T07:50:02.657+0000] {logging_mixin.py:190} INFO - [2024-10-12T07:50:02.657+0000] {example_python_decorator.py:80} WARNING - The virtalenv_python example task requires virtualenv, please install it.
[2024-10-12T07:50:02.660+0000] {processor.py:925} INFO - DAG(s) 'example_python_decorator' retrieved from /home/vboxuser/airflow_venv/lib/python3.12/site-packages/airflow/example_dags/example_python_decorator.py
[2024-10-12T07:50:02.689+0000] {logging_mixin.py:190} INFO - [2024-10-12T07:50:02.689+0000] {dag.py:3239} INFO - Sync 1 DAGs
[2024-10-12T07:50:02.717+0000] {logging_mixin.py:190} INFO - [2024-10-12T07:50:02.717+0000] {dag.py:4180} INFO - Setting next_dagrun for example_python_decorator to None, run_after=None
[2024-10-12T07:50:02.775+0000] {processor.py:208} INFO - Processing /home/vboxuser/airflow_venv/lib/python3.12/site-packages/airflow/example_dags/example_python_decorator.py took 0.149 seconds
[2024-10-12T07:51:11.565+0000] {processor.py:186} INFO - Started process (PID=13199) to work on /home/vboxuser/airflow_venv/lib/python3.12/site-packages/airflow/example_dags/example_python_decorator.py
[2024-10-12T07:51:11.567+0000] {processor.py:914} INFO - Processing file /home/vboxuser/airflow_venv/lib/python3.12/site-packages/airflow/example_dags/example_python_decorator.py for tasks to queue
[2024-10-12T07:51:11.572+0000] {logging_mixin.py:190} INFO - [2024-10-12T07:51:11.571+0000] {dagbag.py:588} INFO - Filling up the DagBag from /home/vboxuser/airflow_venv/lib/python3.12/site-packages/airflow/example_dags/example_python_decorator.py
[2024-10-12T07:51:11.588+0000] {logging_mixin.py:190} INFO - [2024-10-12T07:51:11.587+0000] {example_python_decorator.py:80} WARNING - The virtalenv_python example task requires virtualenv, please install it.
[2024-10-12T07:51:11.592+0000] {processor.py:925} INFO - DAG(s) 'example_python_decorator' retrieved from /home/vboxuser/airflow_venv/lib/python3.12/site-packages/airflow/example_dags/example_python_decorator.py
[2024-10-12T07:51:11.621+0000] {logging_mixin.py:190} INFO - [2024-10-12T07:51:11.621+0000] {dag.py:3239} INFO - Sync 1 DAGs
[2024-10-12T07:51:11.640+0000] {logging_mixin.py:190} INFO - [2024-10-12T07:51:11.640+0000] {dag.py:4180} INFO - Setting next_dagrun for example_python_decorator to None, run_after=None
[2024-10-12T07:51:11.688+0000] {processor.py:208} INFO - Processing /home/vboxuser/airflow_venv/lib/python3.12/site-packages/airflow/example_dags/example_python_decorator.py took 0.138 seconds
[2024-10-12T07:52:23.294+0000] {processor.py:186} INFO - Started process (PID=13274) to work on /home/vboxuser/airflow_venv/lib/python3.12/site-packages/airflow/example_dags/example_python_decorator.py
[2024-10-12T07:52:23.300+0000] {processor.py:914} INFO - Processing file /home/vboxuser/airflow_venv/lib/python3.12/site-packages/airflow/example_dags/example_python_decorator.py for tasks to queue
[2024-10-12T07:52:23.306+0000] {logging_mixin.py:190} INFO - [2024-10-12T07:52:23.305+0000] {dagbag.py:588} INFO - Filling up the DagBag from /home/vboxuser/airflow_venv/lib/python3.12/site-packages/airflow/example_dags/example_python_decorator.py
[2024-10-12T07:52:23.325+0000] {logging_mixin.py:190} INFO - [2024-10-12T07:52:23.325+0000] {example_python_decorator.py:80} WARNING - The virtalenv_python example task requires virtualenv, please install it.
[2024-10-12T07:52:23.332+0000] {processor.py:925} INFO - DAG(s) 'example_python_decorator' retrieved from /home/vboxuser/airflow_venv/lib/python3.12/site-packages/airflow/example_dags/example_python_decorator.py
[2024-10-12T07:52:23.369+0000] {logging_mixin.py:190} INFO - [2024-10-12T07:52:23.369+0000] {dag.py:3239} INFO - Sync 1 DAGs
[2024-10-12T07:52:23.396+0000] {logging_mixin.py:190} INFO - [2024-10-12T07:52:23.395+0000] {dag.py:4180} INFO - Setting next_dagrun for example_python_decorator to None, run_after=None
[2024-10-12T07:52:23.454+0000] {processor.py:208} INFO - Processing /home/vboxuser/airflow_venv/lib/python3.12/site-packages/airflow/example_dags/example_python_decorator.py took 0.174 seconds
[2024-10-12T07:53:28.402+0000] {processor.py:186} INFO - Started process (PID=13347) to work on /home/vboxuser/airflow_venv/lib/python3.12/site-packages/airflow/example_dags/example_python_decorator.py
[2024-10-12T07:53:28.407+0000] {processor.py:914} INFO - Processing file /home/vboxuser/airflow_venv/lib/python3.12/site-packages/airflow/example_dags/example_python_decorator.py for tasks to queue
[2024-10-12T07:53:28.412+0000] {logging_mixin.py:190} INFO - [2024-10-12T07:53:28.411+0000] {dagbag.py:588} INFO - Filling up the DagBag from /home/vboxuser/airflow_venv/lib/python3.12/site-packages/airflow/example_dags/example_python_decorator.py
[2024-10-12T07:53:28.431+0000] {logging_mixin.py:190} INFO - [2024-10-12T07:53:28.430+0000] {example_python_decorator.py:80} WARNING - The virtalenv_python example task requires virtualenv, please install it.
[2024-10-12T07:53:28.435+0000] {processor.py:925} INFO - DAG(s) 'example_python_decorator' retrieved from /home/vboxuser/airflow_venv/lib/python3.12/site-packages/airflow/example_dags/example_python_decorator.py
[2024-10-12T07:53:28.464+0000] {logging_mixin.py:190} INFO - [2024-10-12T07:53:28.464+0000] {dag.py:3239} INFO - Sync 1 DAGs
[2024-10-12T07:53:28.483+0000] {logging_mixin.py:190} INFO - [2024-10-12T07:53:28.483+0000] {dag.py:4180} INFO - Setting next_dagrun for example_python_decorator to None, run_after=None
[2024-10-12T07:53:28.536+0000] {processor.py:208} INFO - Processing /home/vboxuser/airflow_venv/lib/python3.12/site-packages/airflow/example_dags/example_python_decorator.py took 0.152 seconds
[2024-10-12T07:54:29.410+0000] {processor.py:186} INFO - Started process (PID=13403) to work on /home/vboxuser/airflow_venv/lib/python3.12/site-packages/airflow/example_dags/example_python_decorator.py
[2024-10-12T07:54:29.413+0000] {processor.py:914} INFO - Processing file /home/vboxuser/airflow_venv/lib/python3.12/site-packages/airflow/example_dags/example_python_decorator.py for tasks to queue
[2024-10-12T07:54:29.416+0000] {logging_mixin.py:190} INFO - [2024-10-12T07:54:29.416+0000] {dagbag.py:588} INFO - Filling up the DagBag from /home/vboxuser/airflow_venv/lib/python3.12/site-packages/airflow/example_dags/example_python_decorator.py
[2024-10-12T07:54:29.431+0000] {logging_mixin.py:190} INFO - [2024-10-12T07:54:29.431+0000] {example_python_decorator.py:80} WARNING - The virtalenv_python example task requires virtualenv, please install it.
[2024-10-12T07:54:29.434+0000] {processor.py:925} INFO - DAG(s) 'example_python_decorator' retrieved from /home/vboxuser/airflow_venv/lib/python3.12/site-packages/airflow/example_dags/example_python_decorator.py
[2024-10-12T07:54:29.457+0000] {logging_mixin.py:190} INFO - [2024-10-12T07:54:29.457+0000] {dag.py:3239} INFO - Sync 1 DAGs
[2024-10-12T07:54:29.472+0000] {logging_mixin.py:190} INFO - [2024-10-12T07:54:29.472+0000] {dag.py:4180} INFO - Setting next_dagrun for example_python_decorator to None, run_after=None
[2024-10-12T07:54:29.512+0000] {processor.py:208} INFO - Processing /home/vboxuser/airflow_venv/lib/python3.12/site-packages/airflow/example_dags/example_python_decorator.py took 0.112 seconds
[2024-10-12T07:55:30.782+0000] {processor.py:186} INFO - Started process (PID=13465) to work on /home/vboxuser/airflow_venv/lib/python3.12/site-packages/airflow/example_dags/example_python_decorator.py
[2024-10-12T07:55:30.789+0000] {processor.py:914} INFO - Processing file /home/vboxuser/airflow_venv/lib/python3.12/site-packages/airflow/example_dags/example_python_decorator.py for tasks to queue
[2024-10-12T07:55:30.794+0000] {logging_mixin.py:190} INFO - [2024-10-12T07:55:30.793+0000] {dagbag.py:588} INFO - Filling up the DagBag from /home/vboxuser/airflow_venv/lib/python3.12/site-packages/airflow/example_dags/example_python_decorator.py
[2024-10-12T07:55:30.811+0000] {logging_mixin.py:190} INFO - [2024-10-12T07:55:30.810+0000] {example_python_decorator.py:80} WARNING - The virtalenv_python example task requires virtualenv, please install it.
[2024-10-12T07:55:30.814+0000] {processor.py:925} INFO - DAG(s) 'example_python_decorator' retrieved from /home/vboxuser/airflow_venv/lib/python3.12/site-packages/airflow/example_dags/example_python_decorator.py
[2024-10-12T07:55:30.839+0000] {logging_mixin.py:190} INFO - [2024-10-12T07:55:30.839+0000] {dag.py:3239} INFO - Sync 1 DAGs
[2024-10-12T07:55:30.856+0000] {logging_mixin.py:190} INFO - [2024-10-12T07:55:30.856+0000] {dag.py:4180} INFO - Setting next_dagrun for example_python_decorator to None, run_after=None
[2024-10-12T07:55:30.895+0000] {processor.py:208} INFO - Processing /home/vboxuser/airflow_venv/lib/python3.12/site-packages/airflow/example_dags/example_python_decorator.py took 0.127 seconds
[2024-10-12T07:56:41.222+0000] {processor.py:186} INFO - Started process (PID=13529) to work on /home/vboxuser/airflow_venv/lib/python3.12/site-packages/airflow/example_dags/example_python_decorator.py
[2024-10-12T07:56:41.225+0000] {processor.py:914} INFO - Processing file /home/vboxuser/airflow_venv/lib/python3.12/site-packages/airflow/example_dags/example_python_decorator.py for tasks to queue
[2024-10-12T07:56:41.228+0000] {logging_mixin.py:190} INFO - [2024-10-12T07:56:41.227+0000] {dagbag.py:588} INFO - Filling up the DagBag from /home/vboxuser/airflow_venv/lib/python3.12/site-packages/airflow/example_dags/example_python_decorator.py
[2024-10-12T07:56:41.237+0000] {logging_mixin.py:190} INFO - [2024-10-12T07:56:41.237+0000] {example_python_decorator.py:80} WARNING - The virtalenv_python example task requires virtualenv, please install it.
[2024-10-12T07:56:41.240+0000] {processor.py:925} INFO - DAG(s) 'example_python_decorator' retrieved from /home/vboxuser/airflow_venv/lib/python3.12/site-packages/airflow/example_dags/example_python_decorator.py
[2024-10-12T07:56:41.258+0000] {logging_mixin.py:190} INFO - [2024-10-12T07:56:41.258+0000] {dag.py:3239} INFO - Sync 1 DAGs
[2024-10-12T07:56:41.273+0000] {logging_mixin.py:190} INFO - [2024-10-12T07:56:41.272+0000] {dag.py:4180} INFO - Setting next_dagrun for example_python_decorator to None, run_after=None
[2024-10-12T07:56:41.305+0000] {processor.py:208} INFO - Processing /home/vboxuser/airflow_venv/lib/python3.12/site-packages/airflow/example_dags/example_python_decorator.py took 0.089 seconds
[2024-10-12T07:57:47.941+0000] {processor.py:186} INFO - Started process (PID=13604) to work on /home/vboxuser/airflow_venv/lib/python3.12/site-packages/airflow/example_dags/example_python_decorator.py
[2024-10-12T07:57:47.948+0000] {processor.py:914} INFO - Processing file /home/vboxuser/airflow_venv/lib/python3.12/site-packages/airflow/example_dags/example_python_decorator.py for tasks to queue
[2024-10-12T07:57:47.953+0000] {logging_mixin.py:190} INFO - [2024-10-12T07:57:47.952+0000] {dagbag.py:588} INFO - Filling up the DagBag from /home/vboxuser/airflow_venv/lib/python3.12/site-packages/airflow/example_dags/example_python_decorator.py
[2024-10-12T07:57:47.965+0000] {logging_mixin.py:190} INFO - [2024-10-12T07:57:47.964+0000] {example_python_decorator.py:80} WARNING - The virtalenv_python example task requires virtualenv, please install it.
[2024-10-12T07:57:47.968+0000] {processor.py:925} INFO - DAG(s) 'example_python_decorator' retrieved from /home/vboxuser/airflow_venv/lib/python3.12/site-packages/airflow/example_dags/example_python_decorator.py
[2024-10-12T07:57:47.990+0000] {logging_mixin.py:190} INFO - [2024-10-12T07:57:47.990+0000] {dag.py:3239} INFO - Sync 1 DAGs
[2024-10-12T07:57:48.004+0000] {logging_mixin.py:190} INFO - [2024-10-12T07:57:48.004+0000] {dag.py:4180} INFO - Setting next_dagrun for example_python_decorator to None, run_after=None
[2024-10-12T07:57:48.039+0000] {processor.py:208} INFO - Processing /home/vboxuser/airflow_venv/lib/python3.12/site-packages/airflow/example_dags/example_python_decorator.py took 0.114 seconds
[2024-10-12T07:58:48.807+0000] {processor.py:186} INFO - Started process (PID=13662) to work on /home/vboxuser/airflow_venv/lib/python3.12/site-packages/airflow/example_dags/example_python_decorator.py
[2024-10-12T07:58:48.811+0000] {processor.py:914} INFO - Processing file /home/vboxuser/airflow_venv/lib/python3.12/site-packages/airflow/example_dags/example_python_decorator.py for tasks to queue
[2024-10-12T07:58:48.814+0000] {logging_mixin.py:190} INFO - [2024-10-12T07:58:48.814+0000] {dagbag.py:588} INFO - Filling up the DagBag from /home/vboxuser/airflow_venv/lib/python3.12/site-packages/airflow/example_dags/example_python_decorator.py
[2024-10-12T07:58:48.826+0000] {logging_mixin.py:190} INFO - [2024-10-12T07:58:48.826+0000] {example_python_decorator.py:80} WARNING - The virtalenv_python example task requires virtualenv, please install it.
[2024-10-12T07:58:48.829+0000] {processor.py:925} INFO - DAG(s) 'example_python_decorator' retrieved from /home/vboxuser/airflow_venv/lib/python3.12/site-packages/airflow/example_dags/example_python_decorator.py
[2024-10-12T07:58:48.848+0000] {logging_mixin.py:190} INFO - [2024-10-12T07:58:48.847+0000] {dag.py:3239} INFO - Sync 1 DAGs
[2024-10-12T07:58:48.863+0000] {logging_mixin.py:190} INFO - [2024-10-12T07:58:48.863+0000] {dag.py:4180} INFO - Setting next_dagrun for example_python_decorator to None, run_after=None
[2024-10-12T07:58:48.895+0000] {processor.py:208} INFO - Processing /home/vboxuser/airflow_venv/lib/python3.12/site-packages/airflow/example_dags/example_python_decorator.py took 0.097 seconds
[2024-10-12T07:59:50.931+0000] {processor.py:186} INFO - Started process (PID=13719) to work on /home/vboxuser/airflow_venv/lib/python3.12/site-packages/airflow/example_dags/example_python_decorator.py
[2024-10-12T07:59:50.934+0000] {processor.py:914} INFO - Processing file /home/vboxuser/airflow_venv/lib/python3.12/site-packages/airflow/example_dags/example_python_decorator.py for tasks to queue
[2024-10-12T07:59:50.939+0000] {logging_mixin.py:190} INFO - [2024-10-12T07:59:50.938+0000] {dagbag.py:588} INFO - Filling up the DagBag from /home/vboxuser/airflow_venv/lib/python3.12/site-packages/airflow/example_dags/example_python_decorator.py
[2024-10-12T07:59:50.954+0000] {logging_mixin.py:190} INFO - [2024-10-12T07:59:50.953+0000] {example_python_decorator.py:80} WARNING - The virtalenv_python example task requires virtualenv, please install it.
[2024-10-12T07:59:50.958+0000] {processor.py:925} INFO - DAG(s) 'example_python_decorator' retrieved from /home/vboxuser/airflow_venv/lib/python3.12/site-packages/airflow/example_dags/example_python_decorator.py
[2024-10-12T07:59:50.984+0000] {logging_mixin.py:190} INFO - [2024-10-12T07:59:50.983+0000] {dag.py:3239} INFO - Sync 1 DAGs
[2024-10-12T07:59:51.004+0000] {logging_mixin.py:190} INFO - [2024-10-12T07:59:51.004+0000] {dag.py:4180} INFO - Setting next_dagrun for example_python_decorator to None, run_after=None
[2024-10-12T07:59:51.051+0000] {processor.py:208} INFO - Processing /home/vboxuser/airflow_venv/lib/python3.12/site-packages/airflow/example_dags/example_python_decorator.py took 0.133 seconds
[2024-10-12T08:00:54.201+0000] {processor.py:186} INFO - Started process (PID=13781) to work on /home/vboxuser/airflow_venv/lib/python3.12/site-packages/airflow/example_dags/example_python_decorator.py
[2024-10-12T08:00:54.206+0000] {processor.py:914} INFO - Processing file /home/vboxuser/airflow_venv/lib/python3.12/site-packages/airflow/example_dags/example_python_decorator.py for tasks to queue
[2024-10-12T08:00:54.210+0000] {logging_mixin.py:190} INFO - [2024-10-12T08:00:54.209+0000] {dagbag.py:588} INFO - Filling up the DagBag from /home/vboxuser/airflow_venv/lib/python3.12/site-packages/airflow/example_dags/example_python_decorator.py
[2024-10-12T08:00:54.223+0000] {logging_mixin.py:190} INFO - [2024-10-12T08:00:54.223+0000] {example_python_decorator.py:80} WARNING - The virtalenv_python example task requires virtualenv, please install it.
[2024-10-12T08:00:54.227+0000] {processor.py:925} INFO - DAG(s) 'example_python_decorator' retrieved from /home/vboxuser/airflow_venv/lib/python3.12/site-packages/airflow/example_dags/example_python_decorator.py
[2024-10-12T08:00:54.252+0000] {logging_mixin.py:190} INFO - [2024-10-12T08:00:54.252+0000] {dag.py:3239} INFO - Sync 1 DAGs
[2024-10-12T08:00:54.269+0000] {logging_mixin.py:190} INFO - [2024-10-12T08:00:54.269+0000] {dag.py:4180} INFO - Setting next_dagrun for example_python_decorator to None, run_after=None
[2024-10-12T08:00:54.307+0000] {processor.py:208} INFO - Processing /home/vboxuser/airflow_venv/lib/python3.12/site-packages/airflow/example_dags/example_python_decorator.py took 0.118 seconds
[2024-10-12T08:02:04.064+0000] {processor.py:186} INFO - Started process (PID=13842) to work on /home/vboxuser/airflow_venv/lib/python3.12/site-packages/airflow/example_dags/example_python_decorator.py
[2024-10-12T08:02:04.068+0000] {processor.py:914} INFO - Processing file /home/vboxuser/airflow_venv/lib/python3.12/site-packages/airflow/example_dags/example_python_decorator.py for tasks to queue
[2024-10-12T08:02:04.071+0000] {logging_mixin.py:190} INFO - [2024-10-12T08:02:04.071+0000] {dagbag.py:588} INFO - Filling up the DagBag from /home/vboxuser/airflow_venv/lib/python3.12/site-packages/airflow/example_dags/example_python_decorator.py
[2024-10-12T08:02:04.085+0000] {logging_mixin.py:190} INFO - [2024-10-12T08:02:04.084+0000] {example_python_decorator.py:80} WARNING - The virtalenv_python example task requires virtualenv, please install it.
[2024-10-12T08:02:04.089+0000] {processor.py:925} INFO - DAG(s) 'example_python_decorator' retrieved from /home/vboxuser/airflow_venv/lib/python3.12/site-packages/airflow/example_dags/example_python_decorator.py
[2024-10-12T08:02:04.117+0000] {logging_mixin.py:190} INFO - [2024-10-12T08:02:04.116+0000] {dag.py:3239} INFO - Sync 1 DAGs
[2024-10-12T08:02:04.136+0000] {logging_mixin.py:190} INFO - [2024-10-12T08:02:04.135+0000] {dag.py:4180} INFO - Setting next_dagrun for example_python_decorator to None, run_after=None
[2024-10-12T08:02:04.174+0000] {processor.py:208} INFO - Processing /home/vboxuser/airflow_venv/lib/python3.12/site-packages/airflow/example_dags/example_python_decorator.py took 0.118 seconds
[2024-10-12T08:03:06.774+0000] {processor.py:186} INFO - Started process (PID=13901) to work on /home/vboxuser/airflow_venv/lib/python3.12/site-packages/airflow/example_dags/example_python_decorator.py
[2024-10-12T08:03:06.776+0000] {processor.py:914} INFO - Processing file /home/vboxuser/airflow_venv/lib/python3.12/site-packages/airflow/example_dags/example_python_decorator.py for tasks to queue
[2024-10-12T08:03:06.779+0000] {logging_mixin.py:190} INFO - [2024-10-12T08:03:06.779+0000] {dagbag.py:588} INFO - Filling up the DagBag from /home/vboxuser/airflow_venv/lib/python3.12/site-packages/airflow/example_dags/example_python_decorator.py
[2024-10-12T08:03:06.792+0000] {logging_mixin.py:190} INFO - [2024-10-12T08:03:06.791+0000] {example_python_decorator.py:80} WARNING - The virtalenv_python example task requires virtualenv, please install it.
[2024-10-12T08:03:06.794+0000] {processor.py:925} INFO - DAG(s) 'example_python_decorator' retrieved from /home/vboxuser/airflow_venv/lib/python3.12/site-packages/airflow/example_dags/example_python_decorator.py
[2024-10-12T08:03:06.815+0000] {logging_mixin.py:190} INFO - [2024-10-12T08:03:06.815+0000] {dag.py:3239} INFO - Sync 1 DAGs
[2024-10-12T08:03:06.830+0000] {logging_mixin.py:190} INFO - [2024-10-12T08:03:06.829+0000] {dag.py:4180} INFO - Setting next_dagrun for example_python_decorator to None, run_after=None
[2024-10-12T08:03:06.876+0000] {processor.py:208} INFO - Processing /home/vboxuser/airflow_venv/lib/python3.12/site-packages/airflow/example_dags/example_python_decorator.py took 0.113 seconds
[2024-10-12T08:04:14.467+0000] {processor.py:186} INFO - Started process (PID=13970) to work on /home/vboxuser/airflow_venv/lib/python3.12/site-packages/airflow/example_dags/example_python_decorator.py
[2024-10-12T08:04:14.473+0000] {processor.py:914} INFO - Processing file /home/vboxuser/airflow_venv/lib/python3.12/site-packages/airflow/example_dags/example_python_decorator.py for tasks to queue
[2024-10-12T08:04:14.477+0000] {logging_mixin.py:190} INFO - [2024-10-12T08:04:14.476+0000] {dagbag.py:588} INFO - Filling up the DagBag from /home/vboxuser/airflow_venv/lib/python3.12/site-packages/airflow/example_dags/example_python_decorator.py
[2024-10-12T08:04:14.491+0000] {logging_mixin.py:190} INFO - [2024-10-12T08:04:14.490+0000] {example_python_decorator.py:80} WARNING - The virtalenv_python example task requires virtualenv, please install it.
[2024-10-12T08:04:14.495+0000] {processor.py:925} INFO - DAG(s) 'example_python_decorator' retrieved from /home/vboxuser/airflow_venv/lib/python3.12/site-packages/airflow/example_dags/example_python_decorator.py
[2024-10-12T08:04:14.518+0000] {logging_mixin.py:190} INFO - [2024-10-12T08:04:14.517+0000] {dag.py:3239} INFO - Sync 1 DAGs
[2024-10-12T08:04:14.534+0000] {logging_mixin.py:190} INFO - [2024-10-12T08:04:14.534+0000] {dag.py:4180} INFO - Setting next_dagrun for example_python_decorator to None, run_after=None
[2024-10-12T08:04:14.573+0000] {processor.py:208} INFO - Processing /home/vboxuser/airflow_venv/lib/python3.12/site-packages/airflow/example_dags/example_python_decorator.py took 0.117 seconds
[2024-10-12T08:05:24.196+0000] {processor.py:186} INFO - Started process (PID=14037) to work on /home/vboxuser/airflow_venv/lib/python3.12/site-packages/airflow/example_dags/example_python_decorator.py
[2024-10-12T08:05:24.201+0000] {processor.py:914} INFO - Processing file /home/vboxuser/airflow_venv/lib/python3.12/site-packages/airflow/example_dags/example_python_decorator.py for tasks to queue
[2024-10-12T08:05:24.205+0000] {logging_mixin.py:190} INFO - [2024-10-12T08:05:24.205+0000] {dagbag.py:588} INFO - Filling up the DagBag from /home/vboxuser/airflow_venv/lib/python3.12/site-packages/airflow/example_dags/example_python_decorator.py
[2024-10-12T08:05:24.217+0000] {logging_mixin.py:190} INFO - [2024-10-12T08:05:24.217+0000] {example_python_decorator.py:80} WARNING - The virtalenv_python example task requires virtualenv, please install it.
[2024-10-12T08:05:24.221+0000] {processor.py:925} INFO - DAG(s) 'example_python_decorator' retrieved from /home/vboxuser/airflow_venv/lib/python3.12/site-packages/airflow/example_dags/example_python_decorator.py
[2024-10-12T08:05:24.243+0000] {logging_mixin.py:190} INFO - [2024-10-12T08:05:24.242+0000] {dag.py:3239} INFO - Sync 1 DAGs
[2024-10-12T08:05:24.258+0000] {logging_mixin.py:190} INFO - [2024-10-12T08:05:24.258+0000] {dag.py:4180} INFO - Setting next_dagrun for example_python_decorator to None, run_after=None
[2024-10-12T08:05:24.297+0000] {processor.py:208} INFO - Processing /home/vboxuser/airflow_venv/lib/python3.12/site-packages/airflow/example_dags/example_python_decorator.py took 0.111 seconds
[2024-10-12T08:06:37.662+0000] {processor.py:186} INFO - Started process (PID=14106) to work on /home/vboxuser/airflow_venv/lib/python3.12/site-packages/airflow/example_dags/example_python_decorator.py
[2024-10-12T08:06:37.669+0000] {processor.py:914} INFO - Processing file /home/vboxuser/airflow_venv/lib/python3.12/site-packages/airflow/example_dags/example_python_decorator.py for tasks to queue
[2024-10-12T08:06:37.676+0000] {logging_mixin.py:190} INFO - [2024-10-12T08:06:37.675+0000] {dagbag.py:588} INFO - Filling up the DagBag from /home/vboxuser/airflow_venv/lib/python3.12/site-packages/airflow/example_dags/example_python_decorator.py
[2024-10-12T08:06:37.704+0000] {logging_mixin.py:190} INFO - [2024-10-12T08:06:37.704+0000] {example_python_decorator.py:80} WARNING - The virtalenv_python example task requires virtualenv, please install it.
[2024-10-12T08:06:37.710+0000] {processor.py:925} INFO - DAG(s) 'example_python_decorator' retrieved from /home/vboxuser/airflow_venv/lib/python3.12/site-packages/airflow/example_dags/example_python_decorator.py
[2024-10-12T08:06:37.749+0000] {logging_mixin.py:190} INFO - [2024-10-12T08:06:37.748+0000] {dag.py:3239} INFO - Sync 1 DAGs
[2024-10-12T08:06:37.779+0000] {logging_mixin.py:190} INFO - [2024-10-12T08:06:37.779+0000] {dag.py:4180} INFO - Setting next_dagrun for example_python_decorator to None, run_after=None
[2024-10-12T08:06:37.843+0000] {processor.py:208} INFO - Processing /home/vboxuser/airflow_venv/lib/python3.12/site-packages/airflow/example_dags/example_python_decorator.py took 0.198 seconds
[2024-10-12T08:07:53.488+0000] {processor.py:186} INFO - Started process (PID=14175) to work on /home/vboxuser/airflow_venv/lib/python3.12/site-packages/airflow/example_dags/example_python_decorator.py
[2024-10-12T08:07:53.495+0000] {processor.py:914} INFO - Processing file /home/vboxuser/airflow_venv/lib/python3.12/site-packages/airflow/example_dags/example_python_decorator.py for tasks to queue
[2024-10-12T08:07:53.502+0000] {logging_mixin.py:190} INFO - [2024-10-12T08:07:53.501+0000] {dagbag.py:588} INFO - Filling up the DagBag from /home/vboxuser/airflow_venv/lib/python3.12/site-packages/airflow/example_dags/example_python_decorator.py
[2024-10-12T08:07:53.520+0000] {logging_mixin.py:190} INFO - [2024-10-12T08:07:53.520+0000] {example_python_decorator.py:80} WARNING - The virtalenv_python example task requires virtualenv, please install it.
[2024-10-12T08:07:53.525+0000] {processor.py:925} INFO - DAG(s) 'example_python_decorator' retrieved from /home/vboxuser/airflow_venv/lib/python3.12/site-packages/airflow/example_dags/example_python_decorator.py
[2024-10-12T08:07:53.561+0000] {logging_mixin.py:190} INFO - [2024-10-12T08:07:53.561+0000] {dag.py:3239} INFO - Sync 1 DAGs
[2024-10-12T08:07:53.587+0000] {logging_mixin.py:190} INFO - [2024-10-12T08:07:53.587+0000] {dag.py:4180} INFO - Setting next_dagrun for example_python_decorator to None, run_after=None
[2024-10-12T08:07:53.648+0000] {processor.py:208} INFO - Processing /home/vboxuser/airflow_venv/lib/python3.12/site-packages/airflow/example_dags/example_python_decorator.py took 0.175 seconds
[2024-10-12T08:09:07.426+0000] {processor.py:186} INFO - Started process (PID=14240) to work on /home/vboxuser/airflow_venv/lib/python3.12/site-packages/airflow/example_dags/example_python_decorator.py
[2024-10-12T08:09:07.433+0000] {processor.py:914} INFO - Processing file /home/vboxuser/airflow_venv/lib/python3.12/site-packages/airflow/example_dags/example_python_decorator.py for tasks to queue
[2024-10-12T08:09:07.440+0000] {logging_mixin.py:190} INFO - [2024-10-12T08:09:07.439+0000] {dagbag.py:588} INFO - Filling up the DagBag from /home/vboxuser/airflow_venv/lib/python3.12/site-packages/airflow/example_dags/example_python_decorator.py
[2024-10-12T08:09:07.461+0000] {logging_mixin.py:190} INFO - [2024-10-12T08:09:07.461+0000] {example_python_decorator.py:80} WARNING - The virtalenv_python example task requires virtualenv, please install it.
[2024-10-12T08:09:07.466+0000] {processor.py:925} INFO - DAG(s) 'example_python_decorator' retrieved from /home/vboxuser/airflow_venv/lib/python3.12/site-packages/airflow/example_dags/example_python_decorator.py
[2024-10-12T08:09:07.506+0000] {logging_mixin.py:190} INFO - [2024-10-12T08:09:07.505+0000] {dag.py:3239} INFO - Sync 1 DAGs
[2024-10-12T08:09:07.539+0000] {logging_mixin.py:190} INFO - [2024-10-12T08:09:07.538+0000] {dag.py:4180} INFO - Setting next_dagrun for example_python_decorator to None, run_after=None
[2024-10-12T08:09:07.605+0000] {processor.py:208} INFO - Processing /home/vboxuser/airflow_venv/lib/python3.12/site-packages/airflow/example_dags/example_python_decorator.py took 0.193 seconds
[2024-10-12T08:10:25.188+0000] {processor.py:186} INFO - Started process (PID=14306) to work on /home/vboxuser/airflow_venv/lib/python3.12/site-packages/airflow/example_dags/example_python_decorator.py
[2024-10-12T08:10:25.195+0000] {processor.py:914} INFO - Processing file /home/vboxuser/airflow_venv/lib/python3.12/site-packages/airflow/example_dags/example_python_decorator.py for tasks to queue
[2024-10-12T08:10:25.200+0000] {logging_mixin.py:190} INFO - [2024-10-12T08:10:25.199+0000] {dagbag.py:588} INFO - Filling up the DagBag from /home/vboxuser/airflow_venv/lib/python3.12/site-packages/airflow/example_dags/example_python_decorator.py
[2024-10-12T08:10:25.218+0000] {logging_mixin.py:190} INFO - [2024-10-12T08:10:25.218+0000] {example_python_decorator.py:80} WARNING - The virtalenv_python example task requires virtualenv, please install it.
[2024-10-12T08:10:25.223+0000] {processor.py:925} INFO - DAG(s) 'example_python_decorator' retrieved from /home/vboxuser/airflow_venv/lib/python3.12/site-packages/airflow/example_dags/example_python_decorator.py
[2024-10-12T08:10:25.258+0000] {logging_mixin.py:190} INFO - [2024-10-12T08:10:25.257+0000] {dag.py:3239} INFO - Sync 1 DAGs
[2024-10-12T08:10:25.285+0000] {logging_mixin.py:190} INFO - [2024-10-12T08:10:25.285+0000] {dag.py:4180} INFO - Setting next_dagrun for example_python_decorator to None, run_after=None
[2024-10-12T08:10:25.352+0000] {processor.py:208} INFO - Processing /home/vboxuser/airflow_venv/lib/python3.12/site-packages/airflow/example_dags/example_python_decorator.py took 0.192 seconds
[2024-10-12T08:11:35.414+0000] {processor.py:186} INFO - Started process (PID=14369) to work on /home/vboxuser/airflow_venv/lib/python3.12/site-packages/airflow/example_dags/example_python_decorator.py
[2024-10-12T08:11:35.421+0000] {processor.py:914} INFO - Processing file /home/vboxuser/airflow_venv/lib/python3.12/site-packages/airflow/example_dags/example_python_decorator.py for tasks to queue
[2024-10-12T08:11:35.426+0000] {logging_mixin.py:190} INFO - [2024-10-12T08:11:35.425+0000] {dagbag.py:588} INFO - Filling up the DagBag from /home/vboxuser/airflow_venv/lib/python3.12/site-packages/airflow/example_dags/example_python_decorator.py
[2024-10-12T08:11:35.445+0000] {logging_mixin.py:190} INFO - [2024-10-12T08:11:35.445+0000] {example_python_decorator.py:80} WARNING - The virtalenv_python example task requires virtualenv, please install it.
[2024-10-12T08:11:35.451+0000] {processor.py:925} INFO - DAG(s) 'example_python_decorator' retrieved from /home/vboxuser/airflow_venv/lib/python3.12/site-packages/airflow/example_dags/example_python_decorator.py
[2024-10-12T08:11:35.486+0000] {logging_mixin.py:190} INFO - [2024-10-12T08:11:35.486+0000] {dag.py:3239} INFO - Sync 1 DAGs
[2024-10-12T08:11:35.514+0000] {logging_mixin.py:190} INFO - [2024-10-12T08:11:35.514+0000] {dag.py:4180} INFO - Setting next_dagrun for example_python_decorator to None, run_after=None
[2024-10-12T08:11:35.568+0000] {processor.py:208} INFO - Processing /home/vboxuser/airflow_venv/lib/python3.12/site-packages/airflow/example_dags/example_python_decorator.py took 0.169 seconds
[2024-10-12T08:12:41.081+0000] {processor.py:186} INFO - Started process (PID=14429) to work on /home/vboxuser/airflow_venv/lib/python3.12/site-packages/airflow/example_dags/example_python_decorator.py
[2024-10-12T08:12:41.089+0000] {processor.py:914} INFO - Processing file /home/vboxuser/airflow_venv/lib/python3.12/site-packages/airflow/example_dags/example_python_decorator.py for tasks to queue
[2024-10-12T08:12:41.097+0000] {logging_mixin.py:190} INFO - [2024-10-12T08:12:41.095+0000] {dagbag.py:588} INFO - Filling up the DagBag from /home/vboxuser/airflow_venv/lib/python3.12/site-packages/airflow/example_dags/example_python_decorator.py
[2024-10-12T08:12:41.116+0000] {logging_mixin.py:190} INFO - [2024-10-12T08:12:41.116+0000] {example_python_decorator.py:80} WARNING - The virtalenv_python example task requires virtualenv, please install it.
[2024-10-12T08:12:41.121+0000] {processor.py:925} INFO - DAG(s) 'example_python_decorator' retrieved from /home/vboxuser/airflow_venv/lib/python3.12/site-packages/airflow/example_dags/example_python_decorator.py
[2024-10-12T08:12:41.160+0000] {logging_mixin.py:190} INFO - [2024-10-12T08:12:41.160+0000] {dag.py:3239} INFO - Sync 1 DAGs
[2024-10-12T08:12:41.185+0000] {logging_mixin.py:190} INFO - [2024-10-12T08:12:41.185+0000] {dag.py:4180} INFO - Setting next_dagrun for example_python_decorator to None, run_after=None
[2024-10-12T08:12:41.251+0000] {processor.py:208} INFO - Processing /home/vboxuser/airflow_venv/lib/python3.12/site-packages/airflow/example_dags/example_python_decorator.py took 0.184 seconds
[2024-10-12T08:13:52.536+0000] {processor.py:186} INFO - Started process (PID=14491) to work on /home/vboxuser/airflow_venv/lib/python3.12/site-packages/airflow/example_dags/example_python_decorator.py
[2024-10-12T08:13:52.541+0000] {processor.py:914} INFO - Processing file /home/vboxuser/airflow_venv/lib/python3.12/site-packages/airflow/example_dags/example_python_decorator.py for tasks to queue
[2024-10-12T08:13:52.548+0000] {logging_mixin.py:190} INFO - [2024-10-12T08:13:52.547+0000] {dagbag.py:588} INFO - Filling up the DagBag from /home/vboxuser/airflow_venv/lib/python3.12/site-packages/airflow/example_dags/example_python_decorator.py
[2024-10-12T08:13:52.566+0000] {logging_mixin.py:190} INFO - [2024-10-12T08:13:52.566+0000] {example_python_decorator.py:80} WARNING - The virtalenv_python example task requires virtualenv, please install it.
[2024-10-12T08:13:52.571+0000] {processor.py:925} INFO - DAG(s) 'example_python_decorator' retrieved from /home/vboxuser/airflow_venv/lib/python3.12/site-packages/airflow/example_dags/example_python_decorator.py
[2024-10-12T08:13:52.594+0000] {logging_mixin.py:190} INFO - [2024-10-12T08:13:52.593+0000] {dag.py:3239} INFO - Sync 1 DAGs
[2024-10-12T08:13:52.610+0000] {logging_mixin.py:190} INFO - [2024-10-12T08:13:52.610+0000] {dag.py:4180} INFO - Setting next_dagrun for example_python_decorator to None, run_after=None
[2024-10-12T08:13:52.670+0000] {processor.py:208} INFO - Processing /home/vboxuser/airflow_venv/lib/python3.12/site-packages/airflow/example_dags/example_python_decorator.py took 0.153 seconds
[2024-10-12T08:15:08.352+0000] {processor.py:186} INFO - Started process (PID=14557) to work on /home/vboxuser/airflow_venv/lib/python3.12/site-packages/airflow/example_dags/example_python_decorator.py
[2024-10-12T08:15:08.358+0000] {processor.py:914} INFO - Processing file /home/vboxuser/airflow_venv/lib/python3.12/site-packages/airflow/example_dags/example_python_decorator.py for tasks to queue
[2024-10-12T08:15:08.363+0000] {logging_mixin.py:190} INFO - [2024-10-12T08:15:08.362+0000] {dagbag.py:588} INFO - Filling up the DagBag from /home/vboxuser/airflow_venv/lib/python3.12/site-packages/airflow/example_dags/example_python_decorator.py
[2024-10-12T08:15:08.374+0000] {logging_mixin.py:190} INFO - [2024-10-12T08:15:08.374+0000] {example_python_decorator.py:80} WARNING - The virtalenv_python example task requires virtualenv, please install it.
[2024-10-12T08:15:08.378+0000] {processor.py:925} INFO - DAG(s) 'example_python_decorator' retrieved from /home/vboxuser/airflow_venv/lib/python3.12/site-packages/airflow/example_dags/example_python_decorator.py
[2024-10-12T08:15:08.412+0000] {logging_mixin.py:190} INFO - [2024-10-12T08:15:08.411+0000] {dag.py:3239} INFO - Sync 1 DAGs
[2024-10-12T08:15:08.439+0000] {logging_mixin.py:190} INFO - [2024-10-12T08:15:08.439+0000] {dag.py:4180} INFO - Setting next_dagrun for example_python_decorator to None, run_after=None
[2024-10-12T08:15:08.494+0000] {processor.py:208} INFO - Processing /home/vboxuser/airflow_venv/lib/python3.12/site-packages/airflow/example_dags/example_python_decorator.py took 0.154 seconds
[2024-10-12T08:16:22.356+0000] {processor.py:186} INFO - Started process (PID=14619) to work on /home/vboxuser/airflow_venv/lib/python3.12/site-packages/airflow/example_dags/example_python_decorator.py
[2024-10-12T08:16:22.362+0000] {processor.py:914} INFO - Processing file /home/vboxuser/airflow_venv/lib/python3.12/site-packages/airflow/example_dags/example_python_decorator.py for tasks to queue
[2024-10-12T08:16:22.369+0000] {logging_mixin.py:190} INFO - [2024-10-12T08:16:22.368+0000] {dagbag.py:588} INFO - Filling up the DagBag from /home/vboxuser/airflow_venv/lib/python3.12/site-packages/airflow/example_dags/example_python_decorator.py
[2024-10-12T08:16:22.389+0000] {logging_mixin.py:190} INFO - [2024-10-12T08:16:22.388+0000] {example_python_decorator.py:80} WARNING - The virtalenv_python example task requires virtualenv, please install it.
[2024-10-12T08:16:22.394+0000] {processor.py:925} INFO - DAG(s) 'example_python_decorator' retrieved from /home/vboxuser/airflow_venv/lib/python3.12/site-packages/airflow/example_dags/example_python_decorator.py
[2024-10-12T08:16:22.429+0000] {logging_mixin.py:190} INFO - [2024-10-12T08:16:22.428+0000] {dag.py:3239} INFO - Sync 1 DAGs
[2024-10-12T08:16:22.448+0000] {logging_mixin.py:190} INFO - [2024-10-12T08:16:22.447+0000] {dag.py:4180} INFO - Setting next_dagrun for example_python_decorator to None, run_after=None
[2024-10-12T08:16:22.506+0000] {processor.py:208} INFO - Processing /home/vboxuser/airflow_venv/lib/python3.12/site-packages/airflow/example_dags/example_python_decorator.py took 0.167 seconds
