[2024-10-12T07:09:12.682+0000] {processor.py:186} INFO - Started process (PID=11323) to work on /home/vboxuser/airflow_venv/lib/python3.12/site-packages/airflow/example_dags/example_branch_operator.py
[2024-10-12T07:09:12.684+0000] {processor.py:914} INFO - Processing file /home/vboxuser/airflow_venv/lib/python3.12/site-packages/airflow/example_dags/example_branch_operator.py for tasks to queue
[2024-10-12T07:09:12.687+0000] {logging_mixin.py:190} INFO - [2024-10-12T07:09:12.686+0000] {dagbag.py:588} INFO - Filling up the DagBag from /home/vboxuser/airflow_venv/lib/python3.12/site-packages/airflow/example_dags/example_branch_operator.py
[2024-10-12T07:09:12.691+0000] {processor.py:927} WARNING - No viable dags retrieved from /home/vboxuser/airflow_venv/lib/python3.12/site-packages/airflow/example_dags/example_branch_operator.py
[2024-10-12T07:09:12.706+0000] {processor.py:208} INFO - Processing /home/vboxuser/airflow_venv/lib/python3.12/site-packages/airflow/example_dags/example_branch_operator.py took 0.036 seconds
[2024-10-12T07:10:20.063+0000] {processor.py:186} INFO - Started process (PID=11386) to work on /home/vboxuser/airflow_venv/lib/python3.12/site-packages/airflow/example_dags/example_branch_operator.py
[2024-10-12T07:10:20.067+0000] {processor.py:914} INFO - Processing file /home/vboxuser/airflow_venv/lib/python3.12/site-packages/airflow/example_dags/example_branch_operator.py for tasks to queue
[2024-10-12T07:10:20.071+0000] {logging_mixin.py:190} INFO - [2024-10-12T07:10:20.070+0000] {dagbag.py:588} INFO - Filling up the DagBag from /home/vboxuser/airflow_venv/lib/python3.12/site-packages/airflow/example_dags/example_branch_operator.py
[2024-10-12T07:10:20.076+0000] {processor.py:927} WARNING - No viable dags retrieved from /home/vboxuser/airflow_venv/lib/python3.12/site-packages/airflow/example_dags/example_branch_operator.py
[2024-10-12T07:10:20.094+0000] {processor.py:208} INFO - Processing /home/vboxuser/airflow_venv/lib/python3.12/site-packages/airflow/example_dags/example_branch_operator.py took 0.040 seconds
[2024-10-12T07:11:22.514+0000] {processor.py:186} INFO - Started process (PID=11443) to work on /home/vboxuser/airflow_venv/lib/python3.12/site-packages/airflow/example_dags/example_branch_operator.py
[2024-10-12T07:11:22.518+0000] {processor.py:914} INFO - Processing file /home/vboxuser/airflow_venv/lib/python3.12/site-packages/airflow/example_dags/example_branch_operator.py for tasks to queue
[2024-10-12T07:11:22.521+0000] {logging_mixin.py:190} INFO - [2024-10-12T07:11:22.520+0000] {dagbag.py:588} INFO - Filling up the DagBag from /home/vboxuser/airflow_venv/lib/python3.12/site-packages/airflow/example_dags/example_branch_operator.py
[2024-10-12T07:11:22.525+0000] {processor.py:927} WARNING - No viable dags retrieved from /home/vboxuser/airflow_venv/lib/python3.12/site-packages/airflow/example_dags/example_branch_operator.py
[2024-10-12T07:11:22.541+0000] {processor.py:208} INFO - Processing /home/vboxuser/airflow_venv/lib/python3.12/site-packages/airflow/example_dags/example_branch_operator.py took 0.036 seconds
[2024-10-12T07:12:26.940+0000] {processor.py:186} INFO - Started process (PID=11504) to work on /home/vboxuser/airflow_venv/lib/python3.12/site-packages/airflow/example_dags/example_branch_operator.py
[2024-10-12T07:12:26.942+0000] {processor.py:914} INFO - Processing file /home/vboxuser/airflow_venv/lib/python3.12/site-packages/airflow/example_dags/example_branch_operator.py for tasks to queue
[2024-10-12T07:12:26.945+0000] {logging_mixin.py:190} INFO - [2024-10-12T07:12:26.945+0000] {dagbag.py:588} INFO - Filling up the DagBag from /home/vboxuser/airflow_venv/lib/python3.12/site-packages/airflow/example_dags/example_branch_operator.py
[2024-10-12T07:12:26.948+0000] {processor.py:927} WARNING - No viable dags retrieved from /home/vboxuser/airflow_venv/lib/python3.12/site-packages/airflow/example_dags/example_branch_operator.py
[2024-10-12T07:12:26.964+0000] {processor.py:208} INFO - Processing /home/vboxuser/airflow_venv/lib/python3.12/site-packages/airflow/example_dags/example_branch_operator.py took 0.031 seconds
[2024-10-12T07:13:29.217+0000] {processor.py:186} INFO - Started process (PID=11589) to work on /home/vboxuser/airflow_venv/lib/python3.12/site-packages/airflow/example_dags/example_branch_operator.py
[2024-10-12T07:13:29.225+0000] {processor.py:914} INFO - Processing file /home/vboxuser/airflow_venv/lib/python3.12/site-packages/airflow/example_dags/example_branch_operator.py for tasks to queue
[2024-10-12T07:13:29.230+0000] {logging_mixin.py:190} INFO - [2024-10-12T07:13:29.229+0000] {dagbag.py:588} INFO - Filling up the DagBag from /home/vboxuser/airflow_venv/lib/python3.12/site-packages/airflow/example_dags/example_branch_operator.py
[2024-10-12T07:13:29.234+0000] {processor.py:927} WARNING - No viable dags retrieved from /home/vboxuser/airflow_venv/lib/python3.12/site-packages/airflow/example_dags/example_branch_operator.py
[2024-10-12T07:13:29.253+0000] {processor.py:208} INFO - Processing /home/vboxuser/airflow_venv/lib/python3.12/site-packages/airflow/example_dags/example_branch_operator.py took 0.046 seconds
[2024-10-12T07:14:34.920+0000] {processor.py:186} INFO - Started process (PID=11703) to work on /home/vboxuser/airflow_venv/lib/python3.12/site-packages/airflow/example_dags/example_branch_operator.py
[2024-10-12T07:14:34.923+0000] {processor.py:914} INFO - Processing file /home/vboxuser/airflow_venv/lib/python3.12/site-packages/airflow/example_dags/example_branch_operator.py for tasks to queue
[2024-10-12T07:14:34.931+0000] {logging_mixin.py:190} INFO - [2024-10-12T07:14:34.929+0000] {dagbag.py:588} INFO - Filling up the DagBag from /home/vboxuser/airflow_venv/lib/python3.12/site-packages/airflow/example_dags/example_branch_operator.py
[2024-10-12T07:14:34.935+0000] {processor.py:927} WARNING - No viable dags retrieved from /home/vboxuser/airflow_venv/lib/python3.12/site-packages/airflow/example_dags/example_branch_operator.py
[2024-10-12T07:14:34.953+0000] {processor.py:208} INFO - Processing /home/vboxuser/airflow_venv/lib/python3.12/site-packages/airflow/example_dags/example_branch_operator.py took 0.043 seconds
[2024-10-12T07:15:51.084+0000] {processor.py:186} INFO - Started process (PID=11779) to work on /home/vboxuser/airflow_venv/lib/python3.12/site-packages/airflow/example_dags/example_branch_operator.py
[2024-10-12T07:15:51.087+0000] {processor.py:914} INFO - Processing file /home/vboxuser/airflow_venv/lib/python3.12/site-packages/airflow/example_dags/example_branch_operator.py for tasks to queue
[2024-10-12T07:15:51.090+0000] {logging_mixin.py:190} INFO - [2024-10-12T07:15:51.090+0000] {dagbag.py:588} INFO - Filling up the DagBag from /home/vboxuser/airflow_venv/lib/python3.12/site-packages/airflow/example_dags/example_branch_operator.py
[2024-10-12T07:15:51.095+0000] {processor.py:927} WARNING - No viable dags retrieved from /home/vboxuser/airflow_venv/lib/python3.12/site-packages/airflow/example_dags/example_branch_operator.py
[2024-10-12T07:15:51.110+0000] {processor.py:208} INFO - Processing /home/vboxuser/airflow_venv/lib/python3.12/site-packages/airflow/example_dags/example_branch_operator.py took 0.036 seconds
[2024-10-12T07:16:54.036+0000] {processor.py:186} INFO - Started process (PID=11837) to work on /home/vboxuser/airflow_venv/lib/python3.12/site-packages/airflow/example_dags/example_branch_operator.py
[2024-10-12T07:16:54.038+0000] {processor.py:914} INFO - Processing file /home/vboxuser/airflow_venv/lib/python3.12/site-packages/airflow/example_dags/example_branch_operator.py for tasks to queue
[2024-10-12T07:16:54.041+0000] {logging_mixin.py:190} INFO - [2024-10-12T07:16:54.040+0000] {dagbag.py:588} INFO - Filling up the DagBag from /home/vboxuser/airflow_venv/lib/python3.12/site-packages/airflow/example_dags/example_branch_operator.py
[2024-10-12T07:16:54.044+0000] {processor.py:927} WARNING - No viable dags retrieved from /home/vboxuser/airflow_venv/lib/python3.12/site-packages/airflow/example_dags/example_branch_operator.py
[2024-10-12T07:16:54.059+0000] {processor.py:208} INFO - Processing /home/vboxuser/airflow_venv/lib/python3.12/site-packages/airflow/example_dags/example_branch_operator.py took 0.030 seconds
[2024-10-12T07:18:00.460+0000] {processor.py:186} INFO - Started process (PID=11900) to work on /home/vboxuser/airflow_venv/lib/python3.12/site-packages/airflow/example_dags/example_branch_operator.py
[2024-10-12T07:18:00.464+0000] {processor.py:914} INFO - Processing file /home/vboxuser/airflow_venv/lib/python3.12/site-packages/airflow/example_dags/example_branch_operator.py for tasks to queue
[2024-10-12T07:18:00.468+0000] {logging_mixin.py:190} INFO - [2024-10-12T07:18:00.467+0000] {dagbag.py:588} INFO - Filling up the DagBag from /home/vboxuser/airflow_venv/lib/python3.12/site-packages/airflow/example_dags/example_branch_operator.py
[2024-10-12T07:18:00.475+0000] {processor.py:927} WARNING - No viable dags retrieved from /home/vboxuser/airflow_venv/lib/python3.12/site-packages/airflow/example_dags/example_branch_operator.py
[2024-10-12T07:18:00.489+0000] {processor.py:208} INFO - Processing /home/vboxuser/airflow_venv/lib/python3.12/site-packages/airflow/example_dags/example_branch_operator.py took 0.038 seconds
[2024-10-12T07:18:59.691+0000] {processor.py:186} INFO - Started process (PID=11957) to work on /home/vboxuser/airflow_venv/lib/python3.12/site-packages/airflow/example_dags/example_branch_operator.py
[2024-10-12T07:18:59.694+0000] {processor.py:914} INFO - Processing file /home/vboxuser/airflow_venv/lib/python3.12/site-packages/airflow/example_dags/example_branch_operator.py for tasks to queue
[2024-10-12T07:18:59.697+0000] {logging_mixin.py:190} INFO - [2024-10-12T07:18:59.696+0000] {dagbag.py:588} INFO - Filling up the DagBag from /home/vboxuser/airflow_venv/lib/python3.12/site-packages/airflow/example_dags/example_branch_operator.py
[2024-10-12T07:18:59.702+0000] {processor.py:927} WARNING - No viable dags retrieved from /home/vboxuser/airflow_venv/lib/python3.12/site-packages/airflow/example_dags/example_branch_operator.py
[2024-10-12T07:18:59.718+0000] {processor.py:208} INFO - Processing /home/vboxuser/airflow_venv/lib/python3.12/site-packages/airflow/example_dags/example_branch_operator.py took 0.035 seconds
[2024-10-12T07:20:03.871+0000] {processor.py:186} INFO - Started process (PID=12014) to work on /home/vboxuser/airflow_venv/lib/python3.12/site-packages/airflow/example_dags/example_branch_operator.py
[2024-10-12T07:20:03.875+0000] {processor.py:914} INFO - Processing file /home/vboxuser/airflow_venv/lib/python3.12/site-packages/airflow/example_dags/example_branch_operator.py for tasks to queue
[2024-10-12T07:20:03.878+0000] {logging_mixin.py:190} INFO - [2024-10-12T07:20:03.877+0000] {dagbag.py:588} INFO - Filling up the DagBag from /home/vboxuser/airflow_venv/lib/python3.12/site-packages/airflow/example_dags/example_branch_operator.py
[2024-10-12T07:20:03.883+0000] {processor.py:927} WARNING - No viable dags retrieved from /home/vboxuser/airflow_venv/lib/python3.12/site-packages/airflow/example_dags/example_branch_operator.py
[2024-10-12T07:20:03.898+0000] {processor.py:208} INFO - Processing /home/vboxuser/airflow_venv/lib/python3.12/site-packages/airflow/example_dags/example_branch_operator.py took 0.035 seconds
[2024-10-12T07:21:11.948+0000] {processor.py:186} INFO - Started process (PID=12080) to work on /home/vboxuser/airflow_venv/lib/python3.12/site-packages/airflow/example_dags/example_branch_operator.py
[2024-10-12T07:21:11.950+0000] {processor.py:914} INFO - Processing file /home/vboxuser/airflow_venv/lib/python3.12/site-packages/airflow/example_dags/example_branch_operator.py for tasks to queue
[2024-10-12T07:21:11.953+0000] {logging_mixin.py:190} INFO - [2024-10-12T07:21:11.952+0000] {dagbag.py:588} INFO - Filling up the DagBag from /home/vboxuser/airflow_venv/lib/python3.12/site-packages/airflow/example_dags/example_branch_operator.py
[2024-10-12T07:21:11.956+0000] {processor.py:927} WARNING - No viable dags retrieved from /home/vboxuser/airflow_venv/lib/python3.12/site-packages/airflow/example_dags/example_branch_operator.py
[2024-10-12T07:21:11.971+0000] {processor.py:208} INFO - Processing /home/vboxuser/airflow_venv/lib/python3.12/site-packages/airflow/example_dags/example_branch_operator.py took 0.030 seconds
[2024-10-12T07:22:18.136+0000] {processor.py:186} INFO - Started process (PID=12140) to work on /home/vboxuser/airflow_venv/lib/python3.12/site-packages/airflow/example_dags/example_branch_operator.py
[2024-10-12T07:22:18.141+0000] {processor.py:914} INFO - Processing file /home/vboxuser/airflow_venv/lib/python3.12/site-packages/airflow/example_dags/example_branch_operator.py for tasks to queue
[2024-10-12T07:22:18.145+0000] {logging_mixin.py:190} INFO - [2024-10-12T07:22:18.145+0000] {dagbag.py:588} INFO - Filling up the DagBag from /home/vboxuser/airflow_venv/lib/python3.12/site-packages/airflow/example_dags/example_branch_operator.py
[2024-10-12T07:22:18.150+0000] {processor.py:927} WARNING - No viable dags retrieved from /home/vboxuser/airflow_venv/lib/python3.12/site-packages/airflow/example_dags/example_branch_operator.py
[2024-10-12T07:22:18.167+0000] {processor.py:208} INFO - Processing /home/vboxuser/airflow_venv/lib/python3.12/site-packages/airflow/example_dags/example_branch_operator.py took 0.045 seconds
[2024-10-12T07:23:28.022+0000] {processor.py:186} INFO - Started process (PID=12200) to work on /home/vboxuser/airflow_venv/lib/python3.12/site-packages/airflow/example_dags/example_branch_operator.py
[2024-10-12T07:23:28.025+0000] {processor.py:914} INFO - Processing file /home/vboxuser/airflow_venv/lib/python3.12/site-packages/airflow/example_dags/example_branch_operator.py for tasks to queue
[2024-10-12T07:23:28.028+0000] {logging_mixin.py:190} INFO - [2024-10-12T07:23:28.028+0000] {dagbag.py:588} INFO - Filling up the DagBag from /home/vboxuser/airflow_venv/lib/python3.12/site-packages/airflow/example_dags/example_branch_operator.py
[2024-10-12T07:23:28.032+0000] {processor.py:927} WARNING - No viable dags retrieved from /home/vboxuser/airflow_venv/lib/python3.12/site-packages/airflow/example_dags/example_branch_operator.py
[2024-10-12T07:23:28.048+0000] {processor.py:208} INFO - Processing /home/vboxuser/airflow_venv/lib/python3.12/site-packages/airflow/example_dags/example_branch_operator.py took 0.037 seconds
[2024-10-12T07:24:37.722+0000] {processor.py:186} INFO - Started process (PID=12262) to work on /home/vboxuser/airflow_venv/lib/python3.12/site-packages/airflow/example_dags/example_branch_operator.py
[2024-10-12T07:24:37.724+0000] {processor.py:914} INFO - Processing file /home/vboxuser/airflow_venv/lib/python3.12/site-packages/airflow/example_dags/example_branch_operator.py for tasks to queue
[2024-10-12T07:24:37.726+0000] {logging_mixin.py:190} INFO - [2024-10-12T07:24:37.726+0000] {dagbag.py:588} INFO - Filling up the DagBag from /home/vboxuser/airflow_venv/lib/python3.12/site-packages/airflow/example_dags/example_branch_operator.py
[2024-10-12T07:24:37.729+0000] {processor.py:927} WARNING - No viable dags retrieved from /home/vboxuser/airflow_venv/lib/python3.12/site-packages/airflow/example_dags/example_branch_operator.py
[2024-10-12T07:24:37.748+0000] {processor.py:208} INFO - Processing /home/vboxuser/airflow_venv/lib/python3.12/site-packages/airflow/example_dags/example_branch_operator.py took 0.034 seconds
[2024-10-12T07:25:44.171+0000] {processor.py:186} INFO - Started process (PID=12326) to work on /home/vboxuser/airflow_venv/lib/python3.12/site-packages/airflow/example_dags/example_branch_operator.py
[2024-10-12T07:25:44.174+0000] {processor.py:914} INFO - Processing file /home/vboxuser/airflow_venv/lib/python3.12/site-packages/airflow/example_dags/example_branch_operator.py for tasks to queue
[2024-10-12T07:25:44.178+0000] {logging_mixin.py:190} INFO - [2024-10-12T07:25:44.177+0000] {dagbag.py:588} INFO - Filling up the DagBag from /home/vboxuser/airflow_venv/lib/python3.12/site-packages/airflow/example_dags/example_branch_operator.py
[2024-10-12T07:25:44.181+0000] {processor.py:927} WARNING - No viable dags retrieved from /home/vboxuser/airflow_venv/lib/python3.12/site-packages/airflow/example_dags/example_branch_operator.py
[2024-10-12T07:25:44.195+0000] {processor.py:208} INFO - Processing /home/vboxuser/airflow_venv/lib/python3.12/site-packages/airflow/example_dags/example_branch_operator.py took 0.031 seconds
[2024-10-12T07:26:55.773+0000] {processor.py:186} INFO - Started process (PID=12390) to work on /home/vboxuser/airflow_venv/lib/python3.12/site-packages/airflow/example_dags/example_branch_operator.py
[2024-10-12T07:26:55.776+0000] {processor.py:914} INFO - Processing file /home/vboxuser/airflow_venv/lib/python3.12/site-packages/airflow/example_dags/example_branch_operator.py for tasks to queue
[2024-10-12T07:26:55.780+0000] {logging_mixin.py:190} INFO - [2024-10-12T07:26:55.779+0000] {dagbag.py:588} INFO - Filling up the DagBag from /home/vboxuser/airflow_venv/lib/python3.12/site-packages/airflow/example_dags/example_branch_operator.py
[2024-10-12T07:26:55.783+0000] {processor.py:927} WARNING - No viable dags retrieved from /home/vboxuser/airflow_venv/lib/python3.12/site-packages/airflow/example_dags/example_branch_operator.py
[2024-10-12T07:26:55.801+0000] {processor.py:208} INFO - Processing /home/vboxuser/airflow_venv/lib/python3.12/site-packages/airflow/example_dags/example_branch_operator.py took 0.036 seconds
[2024-10-12T07:28:10.613+0000] {processor.py:186} INFO - Started process (PID=12452) to work on /home/vboxuser/airflow_venv/lib/python3.12/site-packages/airflow/example_dags/example_branch_operator.py
[2024-10-12T07:28:10.617+0000] {processor.py:914} INFO - Processing file /home/vboxuser/airflow_venv/lib/python3.12/site-packages/airflow/example_dags/example_branch_operator.py for tasks to queue
[2024-10-12T07:28:10.621+0000] {logging_mixin.py:190} INFO - [2024-10-12T07:28:10.620+0000] {dagbag.py:588} INFO - Filling up the DagBag from /home/vboxuser/airflow_venv/lib/python3.12/site-packages/airflow/example_dags/example_branch_operator.py
[2024-10-12T07:28:10.625+0000] {processor.py:927} WARNING - No viable dags retrieved from /home/vboxuser/airflow_venv/lib/python3.12/site-packages/airflow/example_dags/example_branch_operator.py
[2024-10-12T07:28:10.643+0000] {processor.py:208} INFO - Processing /home/vboxuser/airflow_venv/lib/python3.12/site-packages/airflow/example_dags/example_branch_operator.py took 0.042 seconds
[2024-10-12T07:29:13.557+0000] {processor.py:186} INFO - Started process (PID=12510) to work on /home/vboxuser/airflow_venv/lib/python3.12/site-packages/airflow/example_dags/example_branch_operator.py
[2024-10-12T07:29:13.562+0000] {processor.py:914} INFO - Processing file /home/vboxuser/airflow_venv/lib/python3.12/site-packages/airflow/example_dags/example_branch_operator.py for tasks to queue
[2024-10-12T07:29:13.567+0000] {logging_mixin.py:190} INFO - [2024-10-12T07:29:13.565+0000] {dagbag.py:588} INFO - Filling up the DagBag from /home/vboxuser/airflow_venv/lib/python3.12/site-packages/airflow/example_dags/example_branch_operator.py
[2024-10-12T07:29:13.572+0000] {processor.py:927} WARNING - No viable dags retrieved from /home/vboxuser/airflow_venv/lib/python3.12/site-packages/airflow/example_dags/example_branch_operator.py
[2024-10-12T07:29:13.592+0000] {processor.py:208} INFO - Processing /home/vboxuser/airflow_venv/lib/python3.12/site-packages/airflow/example_dags/example_branch_operator.py took 0.053 seconds
[2024-10-12T07:30:24.162+0000] {processor.py:186} INFO - Started process (PID=12591) to work on /home/vboxuser/airflow_venv/lib/python3.12/site-packages/airflow/example_dags/example_branch_operator.py
[2024-10-12T07:30:24.166+0000] {processor.py:914} INFO - Processing file /home/vboxuser/airflow_venv/lib/python3.12/site-packages/airflow/example_dags/example_branch_operator.py for tasks to queue
[2024-10-12T07:30:24.170+0000] {logging_mixin.py:190} INFO - [2024-10-12T07:30:24.169+0000] {dagbag.py:588} INFO - Filling up the DagBag from /home/vboxuser/airflow_venv/lib/python3.12/site-packages/airflow/example_dags/example_branch_operator.py
[2024-10-12T07:30:24.173+0000] {processor.py:927} WARNING - No viable dags retrieved from /home/vboxuser/airflow_venv/lib/python3.12/site-packages/airflow/example_dags/example_branch_operator.py
[2024-10-12T07:30:24.193+0000] {processor.py:208} INFO - Processing /home/vboxuser/airflow_venv/lib/python3.12/site-packages/airflow/example_dags/example_branch_operator.py took 0.056 seconds
[2024-10-12T07:31:34.106+0000] {processor.py:186} INFO - Started process (PID=12655) to work on /home/vboxuser/airflow_venv/lib/python3.12/site-packages/airflow/example_dags/example_branch_operator.py
[2024-10-12T07:31:34.108+0000] {processor.py:914} INFO - Processing file /home/vboxuser/airflow_venv/lib/python3.12/site-packages/airflow/example_dags/example_branch_operator.py for tasks to queue
[2024-10-12T07:31:34.112+0000] {logging_mixin.py:190} INFO - [2024-10-12T07:31:34.111+0000] {dagbag.py:588} INFO - Filling up the DagBag from /home/vboxuser/airflow_venv/lib/python3.12/site-packages/airflow/example_dags/example_branch_operator.py
[2024-10-12T07:31:34.116+0000] {processor.py:927} WARNING - No viable dags retrieved from /home/vboxuser/airflow_venv/lib/python3.12/site-packages/airflow/example_dags/example_branch_operator.py
[2024-10-12T07:31:34.136+0000] {processor.py:208} INFO - Processing /home/vboxuser/airflow_venv/lib/python3.12/site-packages/airflow/example_dags/example_branch_operator.py took 0.038 seconds
[2024-10-12T07:32:39.431+0000] {processor.py:186} INFO - Started process (PID=12723) to work on /home/vboxuser/airflow_venv/lib/python3.12/site-packages/airflow/example_dags/example_branch_operator.py
[2024-10-12T07:32:39.434+0000] {processor.py:914} INFO - Processing file /home/vboxuser/airflow_venv/lib/python3.12/site-packages/airflow/example_dags/example_branch_operator.py for tasks to queue
[2024-10-12T07:32:39.440+0000] {logging_mixin.py:190} INFO - [2024-10-12T07:32:39.439+0000] {dagbag.py:588} INFO - Filling up the DagBag from /home/vboxuser/airflow_venv/lib/python3.12/site-packages/airflow/example_dags/example_branch_operator.py
[2024-10-12T07:32:39.444+0000] {processor.py:927} WARNING - No viable dags retrieved from /home/vboxuser/airflow_venv/lib/python3.12/site-packages/airflow/example_dags/example_branch_operator.py
[2024-10-12T07:32:39.458+0000] {processor.py:208} INFO - Processing /home/vboxuser/airflow_venv/lib/python3.12/site-packages/airflow/example_dags/example_branch_operator.py took 0.039 seconds
[2024-10-12T07:33:43.878+0000] {processor.py:186} INFO - Started process (PID=12781) to work on /home/vboxuser/airflow_venv/lib/python3.12/site-packages/airflow/example_dags/example_branch_operator.py
[2024-10-12T07:33:43.882+0000] {processor.py:914} INFO - Processing file /home/vboxuser/airflow_venv/lib/python3.12/site-packages/airflow/example_dags/example_branch_operator.py for tasks to queue
[2024-10-12T07:33:43.888+0000] {logging_mixin.py:190} INFO - [2024-10-12T07:33:43.887+0000] {dagbag.py:588} INFO - Filling up the DagBag from /home/vboxuser/airflow_venv/lib/python3.12/site-packages/airflow/example_dags/example_branch_operator.py
[2024-10-12T07:33:43.892+0000] {processor.py:927} WARNING - No viable dags retrieved from /home/vboxuser/airflow_venv/lib/python3.12/site-packages/airflow/example_dags/example_branch_operator.py
[2024-10-12T07:33:43.906+0000] {processor.py:208} INFO - Processing /home/vboxuser/airflow_venv/lib/python3.12/site-packages/airflow/example_dags/example_branch_operator.py took 0.038 seconds
[2024-10-12T07:34:44.182+0000] {processor.py:186} INFO - Started process (PID=12840) to work on /home/vboxuser/airflow_venv/lib/python3.12/site-packages/airflow/example_dags/example_branch_operator.py
[2024-10-12T07:34:44.186+0000] {processor.py:914} INFO - Processing file /home/vboxuser/airflow_venv/lib/python3.12/site-packages/airflow/example_dags/example_branch_operator.py for tasks to queue
[2024-10-12T07:34:44.190+0000] {logging_mixin.py:190} INFO - [2024-10-12T07:34:44.189+0000] {dagbag.py:588} INFO - Filling up the DagBag from /home/vboxuser/airflow_venv/lib/python3.12/site-packages/airflow/example_dags/example_branch_operator.py
[2024-10-12T07:34:44.194+0000] {processor.py:927} WARNING - No viable dags retrieved from /home/vboxuser/airflow_venv/lib/python3.12/site-packages/airflow/example_dags/example_branch_operator.py
[2024-10-12T07:34:44.216+0000] {processor.py:208} INFO - Processing /home/vboxuser/airflow_venv/lib/python3.12/site-packages/airflow/example_dags/example_branch_operator.py took 0.043 seconds
[2024-10-12T07:47:32.864+0000] {processor.py:186} INFO - Started process (PID=12932) to work on /home/vboxuser/airflow_venv/lib/python3.12/site-packages/airflow/example_dags/example_branch_operator.py
[2024-10-12T07:47:32.869+0000] {processor.py:914} INFO - Processing file /home/vboxuser/airflow_venv/lib/python3.12/site-packages/airflow/example_dags/example_branch_operator.py for tasks to queue
[2024-10-12T07:47:32.873+0000] {logging_mixin.py:190} INFO - [2024-10-12T07:47:32.872+0000] {dagbag.py:588} INFO - Filling up the DagBag from /home/vboxuser/airflow_venv/lib/python3.12/site-packages/airflow/example_dags/example_branch_operator.py
[2024-10-12T07:47:32.877+0000] {processor.py:927} WARNING - No viable dags retrieved from /home/vboxuser/airflow_venv/lib/python3.12/site-packages/airflow/example_dags/example_branch_operator.py
[2024-10-12T07:47:32.896+0000] {processor.py:208} INFO - Processing /home/vboxuser/airflow_venv/lib/python3.12/site-packages/airflow/example_dags/example_branch_operator.py took 0.049 seconds
[2024-10-12T07:48:43.058+0000] {processor.py:186} INFO - Started process (PID=12993) to work on /home/vboxuser/airflow_venv/lib/python3.12/site-packages/airflow/example_dags/example_branch_operator.py
[2024-10-12T07:48:43.061+0000] {processor.py:914} INFO - Processing file /home/vboxuser/airflow_venv/lib/python3.12/site-packages/airflow/example_dags/example_branch_operator.py for tasks to queue
[2024-10-12T07:48:43.065+0000] {logging_mixin.py:190} INFO - [2024-10-12T07:48:43.065+0000] {dagbag.py:588} INFO - Filling up the DagBag from /home/vboxuser/airflow_venv/lib/python3.12/site-packages/airflow/example_dags/example_branch_operator.py
[2024-10-12T07:48:43.071+0000] {processor.py:927} WARNING - No viable dags retrieved from /home/vboxuser/airflow_venv/lib/python3.12/site-packages/airflow/example_dags/example_branch_operator.py
[2024-10-12T07:48:43.090+0000] {processor.py:208} INFO - Processing /home/vboxuser/airflow_venv/lib/python3.12/site-packages/airflow/example_dags/example_branch_operator.py took 0.056 seconds
[2024-10-12T07:49:50.397+0000] {processor.py:186} INFO - Started process (PID=13052) to work on /home/vboxuser/airflow_venv/lib/python3.12/site-packages/airflow/example_dags/example_branch_operator.py
[2024-10-12T07:49:50.401+0000] {processor.py:914} INFO - Processing file /home/vboxuser/airflow_venv/lib/python3.12/site-packages/airflow/example_dags/example_branch_operator.py for tasks to queue
[2024-10-12T07:49:50.405+0000] {logging_mixin.py:190} INFO - [2024-10-12T07:49:50.405+0000] {dagbag.py:588} INFO - Filling up the DagBag from /home/vboxuser/airflow_venv/lib/python3.12/site-packages/airflow/example_dags/example_branch_operator.py
[2024-10-12T07:49:50.410+0000] {processor.py:927} WARNING - No viable dags retrieved from /home/vboxuser/airflow_venv/lib/python3.12/site-packages/airflow/example_dags/example_branch_operator.py
[2024-10-12T07:49:50.433+0000] {processor.py:208} INFO - Processing /home/vboxuser/airflow_venv/lib/python3.12/site-packages/airflow/example_dags/example_branch_operator.py took 0.046 seconds
[2024-10-12T07:50:59.108+0000] {processor.py:186} INFO - Started process (PID=13185) to work on /home/vboxuser/airflow_venv/lib/python3.12/site-packages/airflow/example_dags/example_branch_operator.py
[2024-10-12T07:50:59.111+0000] {processor.py:914} INFO - Processing file /home/vboxuser/airflow_venv/lib/python3.12/site-packages/airflow/example_dags/example_branch_operator.py for tasks to queue
[2024-10-12T07:50:59.114+0000] {logging_mixin.py:190} INFO - [2024-10-12T07:50:59.114+0000] {dagbag.py:588} INFO - Filling up the DagBag from /home/vboxuser/airflow_venv/lib/python3.12/site-packages/airflow/example_dags/example_branch_operator.py
[2024-10-12T07:50:59.119+0000] {processor.py:927} WARNING - No viable dags retrieved from /home/vboxuser/airflow_venv/lib/python3.12/site-packages/airflow/example_dags/example_branch_operator.py
[2024-10-12T07:50:59.137+0000] {processor.py:208} INFO - Processing /home/vboxuser/airflow_venv/lib/python3.12/site-packages/airflow/example_dags/example_branch_operator.py took 0.042 seconds
[2024-10-12T07:52:11.513+0000] {processor.py:186} INFO - Started process (PID=13255) to work on /home/vboxuser/airflow_venv/lib/python3.12/site-packages/airflow/example_dags/example_branch_operator.py
[2024-10-12T07:52:11.518+0000] {processor.py:914} INFO - Processing file /home/vboxuser/airflow_venv/lib/python3.12/site-packages/airflow/example_dags/example_branch_operator.py for tasks to queue
[2024-10-12T07:52:11.522+0000] {logging_mixin.py:190} INFO - [2024-10-12T07:52:11.521+0000] {dagbag.py:588} INFO - Filling up the DagBag from /home/vboxuser/airflow_venv/lib/python3.12/site-packages/airflow/example_dags/example_branch_operator.py
[2024-10-12T07:52:11.526+0000] {processor.py:927} WARNING - No viable dags retrieved from /home/vboxuser/airflow_venv/lib/python3.12/site-packages/airflow/example_dags/example_branch_operator.py
[2024-10-12T07:52:11.546+0000] {processor.py:208} INFO - Processing /home/vboxuser/airflow_venv/lib/python3.12/site-packages/airflow/example_dags/example_branch_operator.py took 0.047 seconds
[2024-10-12T07:53:18.164+0000] {processor.py:186} INFO - Started process (PID=13337) to work on /home/vboxuser/airflow_venv/lib/python3.12/site-packages/airflow/example_dags/example_branch_operator.py
[2024-10-12T07:53:18.170+0000] {processor.py:914} INFO - Processing file /home/vboxuser/airflow_venv/lib/python3.12/site-packages/airflow/example_dags/example_branch_operator.py for tasks to queue
[2024-10-12T07:53:18.175+0000] {logging_mixin.py:190} INFO - [2024-10-12T07:53:18.174+0000] {dagbag.py:588} INFO - Filling up the DagBag from /home/vboxuser/airflow_venv/lib/python3.12/site-packages/airflow/example_dags/example_branch_operator.py
[2024-10-12T07:53:18.180+0000] {processor.py:927} WARNING - No viable dags retrieved from /home/vboxuser/airflow_venv/lib/python3.12/site-packages/airflow/example_dags/example_branch_operator.py
[2024-10-12T07:53:18.202+0000] {processor.py:208} INFO - Processing /home/vboxuser/airflow_venv/lib/python3.12/site-packages/airflow/example_dags/example_branch_operator.py took 0.056 seconds
[2024-10-12T07:54:18.342+0000] {processor.py:186} INFO - Started process (PID=13393) to work on /home/vboxuser/airflow_venv/lib/python3.12/site-packages/airflow/example_dags/example_branch_operator.py
[2024-10-12T07:54:18.348+0000] {processor.py:914} INFO - Processing file /home/vboxuser/airflow_venv/lib/python3.12/site-packages/airflow/example_dags/example_branch_operator.py for tasks to queue
[2024-10-12T07:54:18.351+0000] {logging_mixin.py:190} INFO - [2024-10-12T07:54:18.351+0000] {dagbag.py:588} INFO - Filling up the DagBag from /home/vboxuser/airflow_venv/lib/python3.12/site-packages/airflow/example_dags/example_branch_operator.py
[2024-10-12T07:54:18.356+0000] {processor.py:927} WARNING - No viable dags retrieved from /home/vboxuser/airflow_venv/lib/python3.12/site-packages/airflow/example_dags/example_branch_operator.py
[2024-10-12T07:54:18.375+0000] {processor.py:208} INFO - Processing /home/vboxuser/airflow_venv/lib/python3.12/site-packages/airflow/example_dags/example_branch_operator.py took 0.042 seconds
[2024-10-12T07:55:20.598+0000] {processor.py:186} INFO - Started process (PID=13455) to work on /home/vboxuser/airflow_venv/lib/python3.12/site-packages/airflow/example_dags/example_branch_operator.py
[2024-10-12T07:55:20.603+0000] {processor.py:914} INFO - Processing file /home/vboxuser/airflow_venv/lib/python3.12/site-packages/airflow/example_dags/example_branch_operator.py for tasks to queue
[2024-10-12T07:55:20.608+0000] {logging_mixin.py:190} INFO - [2024-10-12T07:55:20.607+0000] {dagbag.py:588} INFO - Filling up the DagBag from /home/vboxuser/airflow_venv/lib/python3.12/site-packages/airflow/example_dags/example_branch_operator.py
[2024-10-12T07:55:20.613+0000] {processor.py:927} WARNING - No viable dags retrieved from /home/vboxuser/airflow_venv/lib/python3.12/site-packages/airflow/example_dags/example_branch_operator.py
[2024-10-12T07:55:20.639+0000] {processor.py:208} INFO - Processing /home/vboxuser/airflow_venv/lib/python3.12/site-packages/airflow/example_dags/example_branch_operator.py took 0.053 seconds
[2024-10-12T07:56:28.117+0000] {processor.py:186} INFO - Started process (PID=13518) to work on /home/vboxuser/airflow_venv/lib/python3.12/site-packages/airflow/example_dags/example_branch_operator.py
[2024-10-12T07:56:28.122+0000] {processor.py:914} INFO - Processing file /home/vboxuser/airflow_venv/lib/python3.12/site-packages/airflow/example_dags/example_branch_operator.py for tasks to queue
[2024-10-12T07:56:28.124+0000] {logging_mixin.py:190} INFO - [2024-10-12T07:56:28.124+0000] {dagbag.py:588} INFO - Filling up the DagBag from /home/vboxuser/airflow_venv/lib/python3.12/site-packages/airflow/example_dags/example_branch_operator.py
[2024-10-12T07:56:28.128+0000] {processor.py:927} WARNING - No viable dags retrieved from /home/vboxuser/airflow_venv/lib/python3.12/site-packages/airflow/example_dags/example_branch_operator.py
[2024-10-12T07:56:28.141+0000] {processor.py:208} INFO - Processing /home/vboxuser/airflow_venv/lib/python3.12/site-packages/airflow/example_dags/example_branch_operator.py took 0.034 seconds
[2024-10-12T07:57:37.390+0000] {processor.py:186} INFO - Started process (PID=13593) to work on /home/vboxuser/airflow_venv/lib/python3.12/site-packages/airflow/example_dags/example_branch_operator.py
[2024-10-12T07:57:37.395+0000] {processor.py:914} INFO - Processing file /home/vboxuser/airflow_venv/lib/python3.12/site-packages/airflow/example_dags/example_branch_operator.py for tasks to queue
[2024-10-12T07:57:37.397+0000] {logging_mixin.py:190} INFO - [2024-10-12T07:57:37.397+0000] {dagbag.py:588} INFO - Filling up the DagBag from /home/vboxuser/airflow_venv/lib/python3.12/site-packages/airflow/example_dags/example_branch_operator.py
[2024-10-12T07:57:37.401+0000] {processor.py:927} WARNING - No viable dags retrieved from /home/vboxuser/airflow_venv/lib/python3.12/site-packages/airflow/example_dags/example_branch_operator.py
[2024-10-12T07:57:37.414+0000] {processor.py:208} INFO - Processing /home/vboxuser/airflow_venv/lib/python3.12/site-packages/airflow/example_dags/example_branch_operator.py took 0.034 seconds
[2024-10-12T07:58:38.549+0000] {processor.py:186} INFO - Started process (PID=13652) to work on /home/vboxuser/airflow_venv/lib/python3.12/site-packages/airflow/example_dags/example_branch_operator.py
[2024-10-12T07:58:38.554+0000] {processor.py:914} INFO - Processing file /home/vboxuser/airflow_venv/lib/python3.12/site-packages/airflow/example_dags/example_branch_operator.py for tasks to queue
[2024-10-12T07:58:38.557+0000] {logging_mixin.py:190} INFO - [2024-10-12T07:58:38.556+0000] {dagbag.py:588} INFO - Filling up the DagBag from /home/vboxuser/airflow_venv/lib/python3.12/site-packages/airflow/example_dags/example_branch_operator.py
[2024-10-12T07:58:38.560+0000] {processor.py:927} WARNING - No viable dags retrieved from /home/vboxuser/airflow_venv/lib/python3.12/site-packages/airflow/example_dags/example_branch_operator.py
[2024-10-12T07:58:38.576+0000] {processor.py:208} INFO - Processing /home/vboxuser/airflow_venv/lib/python3.12/site-packages/airflow/example_dags/example_branch_operator.py took 0.037 seconds
[2024-10-12T07:59:39.458+0000] {processor.py:186} INFO - Started process (PID=13709) to work on /home/vboxuser/airflow_venv/lib/python3.12/site-packages/airflow/example_dags/example_branch_operator.py
[2024-10-12T07:59:39.464+0000] {processor.py:914} INFO - Processing file /home/vboxuser/airflow_venv/lib/python3.12/site-packages/airflow/example_dags/example_branch_operator.py for tasks to queue
[2024-10-12T07:59:39.469+0000] {logging_mixin.py:190} INFO - [2024-10-12T07:59:39.468+0000] {dagbag.py:588} INFO - Filling up the DagBag from /home/vboxuser/airflow_venv/lib/python3.12/site-packages/airflow/example_dags/example_branch_operator.py
[2024-10-12T07:59:39.474+0000] {processor.py:927} WARNING - No viable dags retrieved from /home/vboxuser/airflow_venv/lib/python3.12/site-packages/airflow/example_dags/example_branch_operator.py
[2024-10-12T07:59:39.491+0000] {processor.py:208} INFO - Processing /home/vboxuser/airflow_venv/lib/python3.12/site-packages/airflow/example_dags/example_branch_operator.py took 0.041 seconds
[2024-10-12T08:00:44.284+0000] {processor.py:186} INFO - Started process (PID=13771) to work on /home/vboxuser/airflow_venv/lib/python3.12/site-packages/airflow/example_dags/example_branch_operator.py
[2024-10-12T08:00:44.290+0000] {processor.py:914} INFO - Processing file /home/vboxuser/airflow_venv/lib/python3.12/site-packages/airflow/example_dags/example_branch_operator.py for tasks to queue
[2024-10-12T08:00:44.294+0000] {logging_mixin.py:190} INFO - [2024-10-12T08:00:44.293+0000] {dagbag.py:588} INFO - Filling up the DagBag from /home/vboxuser/airflow_venv/lib/python3.12/site-packages/airflow/example_dags/example_branch_operator.py
[2024-10-12T08:00:44.299+0000] {processor.py:927} WARNING - No viable dags retrieved from /home/vboxuser/airflow_venv/lib/python3.12/site-packages/airflow/example_dags/example_branch_operator.py
[2024-10-12T08:00:44.319+0000] {processor.py:208} INFO - Processing /home/vboxuser/airflow_venv/lib/python3.12/site-packages/airflow/example_dags/example_branch_operator.py took 0.047 seconds
[2024-10-12T08:01:53.194+0000] {processor.py:186} INFO - Started process (PID=13832) to work on /home/vboxuser/airflow_venv/lib/python3.12/site-packages/airflow/example_dags/example_branch_operator.py
[2024-10-12T08:01:53.200+0000] {processor.py:914} INFO - Processing file /home/vboxuser/airflow_venv/lib/python3.12/site-packages/airflow/example_dags/example_branch_operator.py for tasks to queue
[2024-10-12T08:01:53.204+0000] {logging_mixin.py:190} INFO - [2024-10-12T08:01:53.204+0000] {dagbag.py:588} INFO - Filling up the DagBag from /home/vboxuser/airflow_venv/lib/python3.12/site-packages/airflow/example_dags/example_branch_operator.py
[2024-10-12T08:01:53.210+0000] {processor.py:927} WARNING - No viable dags retrieved from /home/vboxuser/airflow_venv/lib/python3.12/site-packages/airflow/example_dags/example_branch_operator.py
[2024-10-12T08:01:53.230+0000] {processor.py:208} INFO - Processing /home/vboxuser/airflow_venv/lib/python3.12/site-packages/airflow/example_dags/example_branch_operator.py took 0.049 seconds
[2024-10-12T08:02:56.313+0000] {processor.py:186} INFO - Started process (PID=13890) to work on /home/vboxuser/airflow_venv/lib/python3.12/site-packages/airflow/example_dags/example_branch_operator.py
[2024-10-12T08:02:56.317+0000] {processor.py:914} INFO - Processing file /home/vboxuser/airflow_venv/lib/python3.12/site-packages/airflow/example_dags/example_branch_operator.py for tasks to queue
[2024-10-12T08:02:56.322+0000] {logging_mixin.py:190} INFO - [2024-10-12T08:02:56.321+0000] {dagbag.py:588} INFO - Filling up the DagBag from /home/vboxuser/airflow_venv/lib/python3.12/site-packages/airflow/example_dags/example_branch_operator.py
[2024-10-12T08:02:56.326+0000] {processor.py:927} WARNING - No viable dags retrieved from /home/vboxuser/airflow_venv/lib/python3.12/site-packages/airflow/example_dags/example_branch_operator.py
[2024-10-12T08:02:56.341+0000] {processor.py:208} INFO - Processing /home/vboxuser/airflow_venv/lib/python3.12/site-packages/airflow/example_dags/example_branch_operator.py took 0.039 seconds
[2024-10-12T08:04:03.547+0000] {processor.py:186} INFO - Started process (PID=13960) to work on /home/vboxuser/airflow_venv/lib/python3.12/site-packages/airflow/example_dags/example_branch_operator.py
[2024-10-12T08:04:03.549+0000] {processor.py:914} INFO - Processing file /home/vboxuser/airflow_venv/lib/python3.12/site-packages/airflow/example_dags/example_branch_operator.py for tasks to queue
[2024-10-12T08:04:03.554+0000] {logging_mixin.py:190} INFO - [2024-10-12T08:04:03.552+0000] {dagbag.py:588} INFO - Filling up the DagBag from /home/vboxuser/airflow_venv/lib/python3.12/site-packages/airflow/example_dags/example_branch_operator.py
[2024-10-12T08:04:03.558+0000] {processor.py:927} WARNING - No viable dags retrieved from /home/vboxuser/airflow_venv/lib/python3.12/site-packages/airflow/example_dags/example_branch_operator.py
[2024-10-12T08:04:03.580+0000] {processor.py:208} INFO - Processing /home/vboxuser/airflow_venv/lib/python3.12/site-packages/airflow/example_dags/example_branch_operator.py took 0.043 seconds
[2024-10-12T08:05:12.853+0000] {processor.py:186} INFO - Started process (PID=14025) to work on /home/vboxuser/airflow_venv/lib/python3.12/site-packages/airflow/example_dags/example_branch_operator.py
[2024-10-12T08:05:12.856+0000] {processor.py:914} INFO - Processing file /home/vboxuser/airflow_venv/lib/python3.12/site-packages/airflow/example_dags/example_branch_operator.py for tasks to queue
[2024-10-12T08:05:12.859+0000] {logging_mixin.py:190} INFO - [2024-10-12T08:05:12.858+0000] {dagbag.py:588} INFO - Filling up the DagBag from /home/vboxuser/airflow_venv/lib/python3.12/site-packages/airflow/example_dags/example_branch_operator.py
[2024-10-12T08:05:12.862+0000] {processor.py:927} WARNING - No viable dags retrieved from /home/vboxuser/airflow_venv/lib/python3.12/site-packages/airflow/example_dags/example_branch_operator.py
[2024-10-12T08:05:12.876+0000] {processor.py:208} INFO - Processing /home/vboxuser/airflow_venv/lib/python3.12/site-packages/airflow/example_dags/example_branch_operator.py took 0.032 seconds
[2024-10-12T08:06:24.804+0000] {processor.py:186} INFO - Started process (PID=14096) to work on /home/vboxuser/airflow_venv/lib/python3.12/site-packages/airflow/example_dags/example_branch_operator.py
[2024-10-12T08:06:24.809+0000] {processor.py:914} INFO - Processing file /home/vboxuser/airflow_venv/lib/python3.12/site-packages/airflow/example_dags/example_branch_operator.py for tasks to queue
[2024-10-12T08:06:24.817+0000] {logging_mixin.py:190} INFO - [2024-10-12T08:06:24.816+0000] {dagbag.py:588} INFO - Filling up the DagBag from /home/vboxuser/airflow_venv/lib/python3.12/site-packages/airflow/example_dags/example_branch_operator.py
[2024-10-12T08:06:24.830+0000] {processor.py:927} WARNING - No viable dags retrieved from /home/vboxuser/airflow_venv/lib/python3.12/site-packages/airflow/example_dags/example_branch_operator.py
[2024-10-12T08:06:24.866+0000] {processor.py:208} INFO - Processing /home/vboxuser/airflow_venv/lib/python3.12/site-packages/airflow/example_dags/example_branch_operator.py took 0.082 seconds
[2024-10-12T08:07:42.322+0000] {processor.py:186} INFO - Started process (PID=14165) to work on /home/vboxuser/airflow_venv/lib/python3.12/site-packages/airflow/example_dags/example_branch_operator.py
[2024-10-12T08:07:42.326+0000] {processor.py:914} INFO - Processing file /home/vboxuser/airflow_venv/lib/python3.12/site-packages/airflow/example_dags/example_branch_operator.py for tasks to queue
[2024-10-12T08:07:42.335+0000] {logging_mixin.py:190} INFO - [2024-10-12T08:07:42.332+0000] {dagbag.py:588} INFO - Filling up the DagBag from /home/vboxuser/airflow_venv/lib/python3.12/site-packages/airflow/example_dags/example_branch_operator.py
[2024-10-12T08:07:42.349+0000] {processor.py:927} WARNING - No viable dags retrieved from /home/vboxuser/airflow_venv/lib/python3.12/site-packages/airflow/example_dags/example_branch_operator.py
[2024-10-12T08:07:42.386+0000] {processor.py:208} INFO - Processing /home/vboxuser/airflow_venv/lib/python3.12/site-packages/airflow/example_dags/example_branch_operator.py took 0.081 seconds
[2024-10-12T08:08:55.896+0000] {processor.py:186} INFO - Started process (PID=14230) to work on /home/vboxuser/airflow_venv/lib/python3.12/site-packages/airflow/example_dags/example_branch_operator.py
[2024-10-12T08:08:55.904+0000] {processor.py:914} INFO - Processing file /home/vboxuser/airflow_venv/lib/python3.12/site-packages/airflow/example_dags/example_branch_operator.py for tasks to queue
[2024-10-12T08:08:55.911+0000] {logging_mixin.py:190} INFO - [2024-10-12T08:08:55.910+0000] {dagbag.py:588} INFO - Filling up the DagBag from /home/vboxuser/airflow_venv/lib/python3.12/site-packages/airflow/example_dags/example_branch_operator.py
[2024-10-12T08:08:55.918+0000] {processor.py:927} WARNING - No viable dags retrieved from /home/vboxuser/airflow_venv/lib/python3.12/site-packages/airflow/example_dags/example_branch_operator.py
[2024-10-12T08:08:55.944+0000] {processor.py:208} INFO - Processing /home/vboxuser/airflow_venv/lib/python3.12/site-packages/airflow/example_dags/example_branch_operator.py took 0.065 seconds
[2024-10-12T08:10:13.598+0000] {processor.py:186} INFO - Started process (PID=14296) to work on /home/vboxuser/airflow_venv/lib/python3.12/site-packages/airflow/example_dags/example_branch_operator.py
[2024-10-12T08:10:13.607+0000] {processor.py:914} INFO - Processing file /home/vboxuser/airflow_venv/lib/python3.12/site-packages/airflow/example_dags/example_branch_operator.py for tasks to queue
[2024-10-12T08:10:13.613+0000] {logging_mixin.py:190} INFO - [2024-10-12T08:10:13.612+0000] {dagbag.py:588} INFO - Filling up the DagBag from /home/vboxuser/airflow_venv/lib/python3.12/site-packages/airflow/example_dags/example_branch_operator.py
[2024-10-12T08:10:13.618+0000] {processor.py:927} WARNING - No viable dags retrieved from /home/vboxuser/airflow_venv/lib/python3.12/site-packages/airflow/example_dags/example_branch_operator.py
[2024-10-12T08:10:13.641+0000] {processor.py:208} INFO - Processing /home/vboxuser/airflow_venv/lib/python3.12/site-packages/airflow/example_dags/example_branch_operator.py took 0.057 seconds
[2024-10-12T08:11:25.209+0000] {processor.py:186} INFO - Started process (PID=14359) to work on /home/vboxuser/airflow_venv/lib/python3.12/site-packages/airflow/example_dags/example_branch_operator.py
[2024-10-12T08:11:25.212+0000] {processor.py:914} INFO - Processing file /home/vboxuser/airflow_venv/lib/python3.12/site-packages/airflow/example_dags/example_branch_operator.py for tasks to queue
[2024-10-12T08:11:25.217+0000] {logging_mixin.py:190} INFO - [2024-10-12T08:11:25.217+0000] {dagbag.py:588} INFO - Filling up the DagBag from /home/vboxuser/airflow_venv/lib/python3.12/site-packages/airflow/example_dags/example_branch_operator.py
[2024-10-12T08:11:25.224+0000] {processor.py:927} WARNING - No viable dags retrieved from /home/vboxuser/airflow_venv/lib/python3.12/site-packages/airflow/example_dags/example_branch_operator.py
[2024-10-12T08:11:25.250+0000] {processor.py:208} INFO - Processing /home/vboxuser/airflow_venv/lib/python3.12/site-packages/airflow/example_dags/example_branch_operator.py took 0.053 seconds
[2024-10-12T08:12:29.455+0000] {processor.py:186} INFO - Started process (PID=14418) to work on /home/vboxuser/airflow_venv/lib/python3.12/site-packages/airflow/example_dags/example_branch_operator.py
[2024-10-12T08:12:29.464+0000] {processor.py:914} INFO - Processing file /home/vboxuser/airflow_venv/lib/python3.12/site-packages/airflow/example_dags/example_branch_operator.py for tasks to queue
[2024-10-12T08:12:29.470+0000] {logging_mixin.py:190} INFO - [2024-10-12T08:12:29.469+0000] {dagbag.py:588} INFO - Filling up the DagBag from /home/vboxuser/airflow_venv/lib/python3.12/site-packages/airflow/example_dags/example_branch_operator.py
[2024-10-12T08:12:29.476+0000] {processor.py:927} WARNING - No viable dags retrieved from /home/vboxuser/airflow_venv/lib/python3.12/site-packages/airflow/example_dags/example_branch_operator.py
[2024-10-12T08:12:29.502+0000] {processor.py:208} INFO - Processing /home/vboxuser/airflow_venv/lib/python3.12/site-packages/airflow/example_dags/example_branch_operator.py took 0.068 seconds
[2024-10-12T08:13:40.694+0000] {processor.py:186} INFO - Started process (PID=14481) to work on /home/vboxuser/airflow_venv/lib/python3.12/site-packages/airflow/example_dags/example_branch_operator.py
[2024-10-12T08:13:40.700+0000] {processor.py:914} INFO - Processing file /home/vboxuser/airflow_venv/lib/python3.12/site-packages/airflow/example_dags/example_branch_operator.py for tasks to queue
[2024-10-12T08:13:40.703+0000] {logging_mixin.py:190} INFO - [2024-10-12T08:13:40.702+0000] {dagbag.py:588} INFO - Filling up the DagBag from /home/vboxuser/airflow_venv/lib/python3.12/site-packages/airflow/example_dags/example_branch_operator.py
[2024-10-12T08:13:40.707+0000] {processor.py:927} WARNING - No viable dags retrieved from /home/vboxuser/airflow_venv/lib/python3.12/site-packages/airflow/example_dags/example_branch_operator.py
[2024-10-12T08:13:40.724+0000] {processor.py:208} INFO - Processing /home/vboxuser/airflow_venv/lib/python3.12/site-packages/airflow/example_dags/example_branch_operator.py took 0.041 seconds
[2024-10-12T08:14:56.748+0000] {processor.py:186} INFO - Started process (PID=14544) to work on /home/vboxuser/airflow_venv/lib/python3.12/site-packages/airflow/example_dags/example_branch_operator.py
[2024-10-12T08:14:56.755+0000] {processor.py:914} INFO - Processing file /home/vboxuser/airflow_venv/lib/python3.12/site-packages/airflow/example_dags/example_branch_operator.py for tasks to queue
[2024-10-12T08:14:56.762+0000] {logging_mixin.py:190} INFO - [2024-10-12T08:14:56.761+0000] {dagbag.py:588} INFO - Filling up the DagBag from /home/vboxuser/airflow_venv/lib/python3.12/site-packages/airflow/example_dags/example_branch_operator.py
[2024-10-12T08:14:56.767+0000] {processor.py:927} WARNING - No viable dags retrieved from /home/vboxuser/airflow_venv/lib/python3.12/site-packages/airflow/example_dags/example_branch_operator.py
[2024-10-12T08:14:56.793+0000] {processor.py:208} INFO - Processing /home/vboxuser/airflow_venv/lib/python3.12/site-packages/airflow/example_dags/example_branch_operator.py took 0.059 seconds
[2024-10-12T08:16:11.015+0000] {processor.py:186} INFO - Started process (PID=14609) to work on /home/vboxuser/airflow_venv/lib/python3.12/site-packages/airflow/example_dags/example_branch_operator.py
[2024-10-12T08:16:11.022+0000] {processor.py:914} INFO - Processing file /home/vboxuser/airflow_venv/lib/python3.12/site-packages/airflow/example_dags/example_branch_operator.py for tasks to queue
[2024-10-12T08:16:11.027+0000] {logging_mixin.py:190} INFO - [2024-10-12T08:16:11.027+0000] {dagbag.py:588} INFO - Filling up the DagBag from /home/vboxuser/airflow_venv/lib/python3.12/site-packages/airflow/example_dags/example_branch_operator.py
[2024-10-12T08:16:11.033+0000] {processor.py:927} WARNING - No viable dags retrieved from /home/vboxuser/airflow_venv/lib/python3.12/site-packages/airflow/example_dags/example_branch_operator.py
[2024-10-12T08:16:11.058+0000] {processor.py:208} INFO - Processing /home/vboxuser/airflow_venv/lib/python3.12/site-packages/airflow/example_dags/example_branch_operator.py took 0.056 seconds
[2024-10-12T08:22:58.533+0000] {processor.py:186} INFO - Started process (PID=14683) to work on /home/vboxuser/airflow_venv/lib/python3.12/site-packages/airflow/example_dags/example_branch_operator.py
[2024-10-12T08:22:58.536+0000] {processor.py:914} INFO - Processing file /home/vboxuser/airflow_venv/lib/python3.12/site-packages/airflow/example_dags/example_branch_operator.py for tasks to queue
[2024-10-12T08:22:58.540+0000] {logging_mixin.py:190} INFO - [2024-10-12T08:22:58.540+0000] {dagbag.py:588} INFO - Filling up the DagBag from /home/vboxuser/airflow_venv/lib/python3.12/site-packages/airflow/example_dags/example_branch_operator.py
[2024-10-12T08:22:58.543+0000] {processor.py:927} WARNING - No viable dags retrieved from /home/vboxuser/airflow_venv/lib/python3.12/site-packages/airflow/example_dags/example_branch_operator.py
[2024-10-12T08:22:58.563+0000] {processor.py:208} INFO - Processing /home/vboxuser/airflow_venv/lib/python3.12/site-packages/airflow/example_dags/example_branch_operator.py took 0.038 seconds
