[2024-10-12T07:09:06.694+0000] {processor.py:186} INFO - Started process (PID=11318) to work on /home/vboxuser/airflow_venv/lib/python3.12/site-packages/airflow/example_dags/tutorial_taskflow_api.py
[2024-10-12T07:09:06.695+0000] {processor.py:914} INFO - Processing file /home/vboxuser/airflow_venv/lib/python3.12/site-packages/airflow/example_dags/tutorial_taskflow_api.py for tasks to queue
[2024-10-12T07:09:06.697+0000] {logging_mixin.py:190} INFO - [2024-10-12T07:09:06.697+0000] {dagbag.py:588} INFO - Filling up the DagBag from /home/vboxuser/airflow_venv/lib/python3.12/site-packages/airflow/example_dags/tutorial_taskflow_api.py
[2024-10-12T07:09:06.707+0000] {processor.py:925} INFO - DAG(s) 'tutorial_taskflow_api' retrieved from /home/vboxuser/airflow_venv/lib/python3.12/site-packages/airflow/example_dags/tutorial_taskflow_api.py
[2024-10-12T07:09:06.839+0000] {logging_mixin.py:190} INFO - [2024-10-12T07:09:06.839+0000] {override.py:1901} INFO - Created Permission View: can delete on DAG:tutorial_taskflow_api
[2024-10-12T07:09:06.859+0000] {logging_mixin.py:190} INFO - [2024-10-12T07:09:06.859+0000] {override.py:1901} INFO - Created Permission View: can read on DAG:tutorial_taskflow_api
[2024-10-12T07:09:06.876+0000] {logging_mixin.py:190} INFO - [2024-10-12T07:09:06.876+0000] {override.py:1901} INFO - Created Permission View: can edit on DAG:tutorial_taskflow_api
[2024-10-12T07:09:06.904+0000] {logging_mixin.py:190} INFO - [2024-10-12T07:09:06.903+0000] {override.py:1901} INFO - Created Permission View: can delete on DAG Run:tutorial_taskflow_api
[2024-10-12T07:09:06.928+0000] {logging_mixin.py:190} INFO - [2024-10-12T07:09:06.927+0000] {override.py:1901} INFO - Created Permission View: can read on DAG Run:tutorial_taskflow_api
[2024-10-12T07:09:06.945+0000] {logging_mixin.py:190} INFO - [2024-10-12T07:09:06.944+0000] {override.py:1901} INFO - Created Permission View: menu access on DAG Run:tutorial_taskflow_api
[2024-10-12T07:09:06.961+0000] {logging_mixin.py:190} INFO - [2024-10-12T07:09:06.960+0000] {override.py:1901} INFO - Created Permission View: can create on DAG Run:tutorial_taskflow_api
[2024-10-12T07:09:06.961+0000] {logging_mixin.py:190} INFO - [2024-10-12T07:09:06.961+0000] {dag.py:3239} INFO - Sync 1 DAGs
[2024-10-12T07:09:06.973+0000] {logging_mixin.py:190} INFO - [2024-10-12T07:09:06.972+0000] {dag.py:3262} INFO - Creating ORM DAG for tutorial_taskflow_api
[2024-10-12T07:09:06.973+0000] {logging_mixin.py:190} INFO - [2024-10-12T07:09:06.973+0000] {dag.py:4180} INFO - Setting next_dagrun for tutorial_taskflow_api to None, run_after=None
[2024-10-12T07:09:07.003+0000] {processor.py:208} INFO - Processing /home/vboxuser/airflow_venv/lib/python3.12/site-packages/airflow/example_dags/tutorial_taskflow_api.py took 0.315 seconds
[2024-10-12T07:10:13.939+0000] {processor.py:186} INFO - Started process (PID=11381) to work on /home/vboxuser/airflow_venv/lib/python3.12/site-packages/airflow/example_dags/tutorial_taskflow_api.py
[2024-10-12T07:10:13.942+0000] {processor.py:914} INFO - Processing file /home/vboxuser/airflow_venv/lib/python3.12/site-packages/airflow/example_dags/tutorial_taskflow_api.py for tasks to queue
[2024-10-12T07:10:13.947+0000] {logging_mixin.py:190} INFO - [2024-10-12T07:10:13.946+0000] {dagbag.py:588} INFO - Filling up the DagBag from /home/vboxuser/airflow_venv/lib/python3.12/site-packages/airflow/example_dags/tutorial_taskflow_api.py
[2024-10-12T07:10:13.962+0000] {processor.py:925} INFO - DAG(s) 'tutorial_taskflow_api' retrieved from /home/vboxuser/airflow_venv/lib/python3.12/site-packages/airflow/example_dags/tutorial_taskflow_api.py
[2024-10-12T07:10:13.992+0000] {logging_mixin.py:190} INFO - [2024-10-12T07:10:13.991+0000] {dag.py:3239} INFO - Sync 1 DAGs
[2024-10-12T07:10:14.013+0000] {logging_mixin.py:190} INFO - [2024-10-12T07:10:14.012+0000] {dag.py:4180} INFO - Setting next_dagrun for tutorial_taskflow_api to None, run_after=None
[2024-10-12T07:10:14.064+0000] {processor.py:208} INFO - Processing /home/vboxuser/airflow_venv/lib/python3.12/site-packages/airflow/example_dags/tutorial_taskflow_api.py took 0.135 seconds
[2024-10-12T07:11:16.281+0000] {processor.py:186} INFO - Started process (PID=11438) to work on /home/vboxuser/airflow_venv/lib/python3.12/site-packages/airflow/example_dags/tutorial_taskflow_api.py
[2024-10-12T07:11:16.283+0000] {processor.py:914} INFO - Processing file /home/vboxuser/airflow_venv/lib/python3.12/site-packages/airflow/example_dags/tutorial_taskflow_api.py for tasks to queue
[2024-10-12T07:11:16.288+0000] {logging_mixin.py:190} INFO - [2024-10-12T07:11:16.287+0000] {dagbag.py:588} INFO - Filling up the DagBag from /home/vboxuser/airflow_venv/lib/python3.12/site-packages/airflow/example_dags/tutorial_taskflow_api.py
[2024-10-12T07:11:16.298+0000] {processor.py:925} INFO - DAG(s) 'tutorial_taskflow_api' retrieved from /home/vboxuser/airflow_venv/lib/python3.12/site-packages/airflow/example_dags/tutorial_taskflow_api.py
[2024-10-12T07:11:16.318+0000] {logging_mixin.py:190} INFO - [2024-10-12T07:11:16.318+0000] {dag.py:3239} INFO - Sync 1 DAGs
[2024-10-12T07:11:16.334+0000] {logging_mixin.py:190} INFO - [2024-10-12T07:11:16.333+0000] {dag.py:4180} INFO - Setting next_dagrun for tutorial_taskflow_api to None, run_after=None
[2024-10-12T07:11:16.382+0000] {processor.py:208} INFO - Processing /home/vboxuser/airflow_venv/lib/python3.12/site-packages/airflow/example_dags/tutorial_taskflow_api.py took 0.111 seconds
[2024-10-12T07:12:22.141+0000] {processor.py:186} INFO - Started process (PID=11499) to work on /home/vboxuser/airflow_venv/lib/python3.12/site-packages/airflow/example_dags/tutorial_taskflow_api.py
[2024-10-12T07:12:22.146+0000] {processor.py:914} INFO - Processing file /home/vboxuser/airflow_venv/lib/python3.12/site-packages/airflow/example_dags/tutorial_taskflow_api.py for tasks to queue
[2024-10-12T07:12:22.151+0000] {logging_mixin.py:190} INFO - [2024-10-12T07:12:22.149+0000] {dagbag.py:588} INFO - Filling up the DagBag from /home/vboxuser/airflow_venv/lib/python3.12/site-packages/airflow/example_dags/tutorial_taskflow_api.py
[2024-10-12T07:12:22.164+0000] {processor.py:925} INFO - DAG(s) 'tutorial_taskflow_api' retrieved from /home/vboxuser/airflow_venv/lib/python3.12/site-packages/airflow/example_dags/tutorial_taskflow_api.py
[2024-10-12T07:12:22.181+0000] {logging_mixin.py:190} INFO - [2024-10-12T07:12:22.181+0000] {dag.py:3239} INFO - Sync 1 DAGs
[2024-10-12T07:12:22.194+0000] {logging_mixin.py:190} INFO - [2024-10-12T07:12:22.194+0000] {dag.py:4180} INFO - Setting next_dagrun for tutorial_taskflow_api to None, run_after=None
[2024-10-12T07:12:22.226+0000] {processor.py:208} INFO - Processing /home/vboxuser/airflow_venv/lib/python3.12/site-packages/airflow/example_dags/tutorial_taskflow_api.py took 0.093 seconds
[2024-10-12T07:13:25.207+0000] {processor.py:186} INFO - Started process (PID=11584) to work on /home/vboxuser/airflow_venv/lib/python3.12/site-packages/airflow/example_dags/tutorial_taskflow_api.py
[2024-10-12T07:13:25.210+0000] {processor.py:914} INFO - Processing file /home/vboxuser/airflow_venv/lib/python3.12/site-packages/airflow/example_dags/tutorial_taskflow_api.py for tasks to queue
[2024-10-12T07:13:25.213+0000] {logging_mixin.py:190} INFO - [2024-10-12T07:13:25.213+0000] {dagbag.py:588} INFO - Filling up the DagBag from /home/vboxuser/airflow_venv/lib/python3.12/site-packages/airflow/example_dags/tutorial_taskflow_api.py
[2024-10-12T07:13:25.224+0000] {processor.py:925} INFO - DAG(s) 'tutorial_taskflow_api' retrieved from /home/vboxuser/airflow_venv/lib/python3.12/site-packages/airflow/example_dags/tutorial_taskflow_api.py
[2024-10-12T07:13:25.240+0000] {logging_mixin.py:190} INFO - [2024-10-12T07:13:25.240+0000] {dag.py:3239} INFO - Sync 1 DAGs
[2024-10-12T07:13:25.255+0000] {logging_mixin.py:190} INFO - [2024-10-12T07:13:25.255+0000] {dag.py:4180} INFO - Setting next_dagrun for tutorial_taskflow_api to None, run_after=None
[2024-10-12T07:13:25.292+0000] {processor.py:208} INFO - Processing /home/vboxuser/airflow_venv/lib/python3.12/site-packages/airflow/example_dags/tutorial_taskflow_api.py took 0.093 seconds
[2024-10-12T07:14:28.984+0000] {processor.py:186} INFO - Started process (PID=11698) to work on /home/vboxuser/airflow_venv/lib/python3.12/site-packages/airflow/example_dags/tutorial_taskflow_api.py
[2024-10-12T07:14:28.988+0000] {processor.py:914} INFO - Processing file /home/vboxuser/airflow_venv/lib/python3.12/site-packages/airflow/example_dags/tutorial_taskflow_api.py for tasks to queue
[2024-10-12T07:14:28.993+0000] {logging_mixin.py:190} INFO - [2024-10-12T07:14:28.992+0000] {dagbag.py:588} INFO - Filling up the DagBag from /home/vboxuser/airflow_venv/lib/python3.12/site-packages/airflow/example_dags/tutorial_taskflow_api.py
[2024-10-12T07:14:29.009+0000] {processor.py:925} INFO - DAG(s) 'tutorial_taskflow_api' retrieved from /home/vboxuser/airflow_venv/lib/python3.12/site-packages/airflow/example_dags/tutorial_taskflow_api.py
[2024-10-12T07:14:29.034+0000] {logging_mixin.py:190} INFO - [2024-10-12T07:14:29.034+0000] {dag.py:3239} INFO - Sync 1 DAGs
[2024-10-12T07:14:29.048+0000] {logging_mixin.py:190} INFO - [2024-10-12T07:14:29.047+0000] {dag.py:4180} INFO - Setting next_dagrun for tutorial_taskflow_api to None, run_after=None
[2024-10-12T07:14:29.079+0000] {processor.py:208} INFO - Processing /home/vboxuser/airflow_venv/lib/python3.12/site-packages/airflow/example_dags/tutorial_taskflow_api.py took 0.104 seconds
[2024-10-12T07:15:45.780+0000] {processor.py:186} INFO - Started process (PID=11774) to work on /home/vboxuser/airflow_venv/lib/python3.12/site-packages/airflow/example_dags/tutorial_taskflow_api.py
[2024-10-12T07:15:45.782+0000] {processor.py:914} INFO - Processing file /home/vboxuser/airflow_venv/lib/python3.12/site-packages/airflow/example_dags/tutorial_taskflow_api.py for tasks to queue
[2024-10-12T07:15:45.784+0000] {logging_mixin.py:190} INFO - [2024-10-12T07:15:45.784+0000] {dagbag.py:588} INFO - Filling up the DagBag from /home/vboxuser/airflow_venv/lib/python3.12/site-packages/airflow/example_dags/tutorial_taskflow_api.py
[2024-10-12T07:15:45.799+0000] {processor.py:925} INFO - DAG(s) 'tutorial_taskflow_api' retrieved from /home/vboxuser/airflow_venv/lib/python3.12/site-packages/airflow/example_dags/tutorial_taskflow_api.py
[2024-10-12T07:15:45.828+0000] {logging_mixin.py:190} INFO - [2024-10-12T07:15:45.827+0000] {dag.py:3239} INFO - Sync 1 DAGs
[2024-10-12T07:15:45.849+0000] {logging_mixin.py:190} INFO - [2024-10-12T07:15:45.849+0000] {dag.py:4180} INFO - Setting next_dagrun for tutorial_taskflow_api to None, run_after=None
[2024-10-12T07:15:45.890+0000] {processor.py:208} INFO - Processing /home/vboxuser/airflow_venv/lib/python3.12/site-packages/airflow/example_dags/tutorial_taskflow_api.py took 0.116 seconds
[2024-10-12T07:16:48.851+0000] {processor.py:186} INFO - Started process (PID=11832) to work on /home/vboxuser/airflow_venv/lib/python3.12/site-packages/airflow/example_dags/tutorial_taskflow_api.py
[2024-10-12T07:16:48.853+0000] {processor.py:914} INFO - Processing file /home/vboxuser/airflow_venv/lib/python3.12/site-packages/airflow/example_dags/tutorial_taskflow_api.py for tasks to queue
[2024-10-12T07:16:48.855+0000] {logging_mixin.py:190} INFO - [2024-10-12T07:16:48.855+0000] {dagbag.py:588} INFO - Filling up the DagBag from /home/vboxuser/airflow_venv/lib/python3.12/site-packages/airflow/example_dags/tutorial_taskflow_api.py
[2024-10-12T07:16:48.867+0000] {processor.py:925} INFO - DAG(s) 'tutorial_taskflow_api' retrieved from /home/vboxuser/airflow_venv/lib/python3.12/site-packages/airflow/example_dags/tutorial_taskflow_api.py
[2024-10-12T07:16:48.884+0000] {logging_mixin.py:190} INFO - [2024-10-12T07:16:48.884+0000] {dag.py:3239} INFO - Sync 1 DAGs
[2024-10-12T07:16:48.898+0000] {logging_mixin.py:190} INFO - [2024-10-12T07:16:48.898+0000] {dag.py:4180} INFO - Setting next_dagrun for tutorial_taskflow_api to None, run_after=None
[2024-10-12T07:16:48.932+0000] {processor.py:208} INFO - Processing /home/vboxuser/airflow_venv/lib/python3.12/site-packages/airflow/example_dags/tutorial_taskflow_api.py took 0.089 seconds
[2024-10-12T07:17:54.461+0000] {processor.py:186} INFO - Started process (PID=11895) to work on /home/vboxuser/airflow_venv/lib/python3.12/site-packages/airflow/example_dags/tutorial_taskflow_api.py
[2024-10-12T07:17:54.464+0000] {processor.py:914} INFO - Processing file /home/vboxuser/airflow_venv/lib/python3.12/site-packages/airflow/example_dags/tutorial_taskflow_api.py for tasks to queue
[2024-10-12T07:17:54.467+0000] {logging_mixin.py:190} INFO - [2024-10-12T07:17:54.466+0000] {dagbag.py:588} INFO - Filling up the DagBag from /home/vboxuser/airflow_venv/lib/python3.12/site-packages/airflow/example_dags/tutorial_taskflow_api.py
[2024-10-12T07:17:54.479+0000] {processor.py:925} INFO - DAG(s) 'tutorial_taskflow_api' retrieved from /home/vboxuser/airflow_venv/lib/python3.12/site-packages/airflow/example_dags/tutorial_taskflow_api.py
[2024-10-12T07:17:54.502+0000] {logging_mixin.py:190} INFO - [2024-10-12T07:17:54.502+0000] {dag.py:3239} INFO - Sync 1 DAGs
[2024-10-12T07:17:54.518+0000] {logging_mixin.py:190} INFO - [2024-10-12T07:17:54.518+0000] {dag.py:4180} INFO - Setting next_dagrun for tutorial_taskflow_api to None, run_after=None
[2024-10-12T07:17:54.555+0000] {processor.py:208} INFO - Processing /home/vboxuser/airflow_venv/lib/python3.12/site-packages/airflow/example_dags/tutorial_taskflow_api.py took 0.102 seconds
[2024-10-12T07:18:54.358+0000] {processor.py:186} INFO - Started process (PID=11952) to work on /home/vboxuser/airflow_venv/lib/python3.12/site-packages/airflow/example_dags/tutorial_taskflow_api.py
[2024-10-12T07:18:54.359+0000] {processor.py:914} INFO - Processing file /home/vboxuser/airflow_venv/lib/python3.12/site-packages/airflow/example_dags/tutorial_taskflow_api.py for tasks to queue
[2024-10-12T07:18:54.363+0000] {logging_mixin.py:190} INFO - [2024-10-12T07:18:54.362+0000] {dagbag.py:588} INFO - Filling up the DagBag from /home/vboxuser/airflow_venv/lib/python3.12/site-packages/airflow/example_dags/tutorial_taskflow_api.py
[2024-10-12T07:18:54.376+0000] {processor.py:925} INFO - DAG(s) 'tutorial_taskflow_api' retrieved from /home/vboxuser/airflow_venv/lib/python3.12/site-packages/airflow/example_dags/tutorial_taskflow_api.py
[2024-10-12T07:18:54.398+0000] {logging_mixin.py:190} INFO - [2024-10-12T07:18:54.398+0000] {dag.py:3239} INFO - Sync 1 DAGs
[2024-10-12T07:18:54.412+0000] {logging_mixin.py:190} INFO - [2024-10-12T07:18:54.412+0000] {dag.py:4180} INFO - Setting next_dagrun for tutorial_taskflow_api to None, run_after=None
[2024-10-12T07:18:54.477+0000] {processor.py:208} INFO - Processing /home/vboxuser/airflow_venv/lib/python3.12/site-packages/airflow/example_dags/tutorial_taskflow_api.py took 0.127 seconds
[2024-10-12T07:19:57.379+0000] {processor.py:186} INFO - Started process (PID=12009) to work on /home/vboxuser/airflow_venv/lib/python3.12/site-packages/airflow/example_dags/tutorial_taskflow_api.py
[2024-10-12T07:19:57.381+0000] {processor.py:914} INFO - Processing file /home/vboxuser/airflow_venv/lib/python3.12/site-packages/airflow/example_dags/tutorial_taskflow_api.py for tasks to queue
[2024-10-12T07:19:57.384+0000] {logging_mixin.py:190} INFO - [2024-10-12T07:19:57.383+0000] {dagbag.py:588} INFO - Filling up the DagBag from /home/vboxuser/airflow_venv/lib/python3.12/site-packages/airflow/example_dags/tutorial_taskflow_api.py
[2024-10-12T07:19:57.394+0000] {processor.py:925} INFO - DAG(s) 'tutorial_taskflow_api' retrieved from /home/vboxuser/airflow_venv/lib/python3.12/site-packages/airflow/example_dags/tutorial_taskflow_api.py
[2024-10-12T07:19:57.413+0000] {logging_mixin.py:190} INFO - [2024-10-12T07:19:57.413+0000] {dag.py:3239} INFO - Sync 1 DAGs
[2024-10-12T07:19:57.428+0000] {logging_mixin.py:190} INFO - [2024-10-12T07:19:57.428+0000] {dag.py:4180} INFO - Setting next_dagrun for tutorial_taskflow_api to None, run_after=None
[2024-10-12T07:19:57.461+0000] {processor.py:208} INFO - Processing /home/vboxuser/airflow_venv/lib/python3.12/site-packages/airflow/example_dags/tutorial_taskflow_api.py took 0.088 seconds
[2024-10-12T07:21:06.639+0000] {processor.py:186} INFO - Started process (PID=12074) to work on /home/vboxuser/airflow_venv/lib/python3.12/site-packages/airflow/example_dags/tutorial_taskflow_api.py
[2024-10-12T07:21:06.641+0000] {processor.py:914} INFO - Processing file /home/vboxuser/airflow_venv/lib/python3.12/site-packages/airflow/example_dags/tutorial_taskflow_api.py for tasks to queue
[2024-10-12T07:21:06.644+0000] {logging_mixin.py:190} INFO - [2024-10-12T07:21:06.644+0000] {dagbag.py:588} INFO - Filling up the DagBag from /home/vboxuser/airflow_venv/lib/python3.12/site-packages/airflow/example_dags/tutorial_taskflow_api.py
[2024-10-12T07:21:06.659+0000] {processor.py:925} INFO - DAG(s) 'tutorial_taskflow_api' retrieved from /home/vboxuser/airflow_venv/lib/python3.12/site-packages/airflow/example_dags/tutorial_taskflow_api.py
[2024-10-12T07:21:06.681+0000] {logging_mixin.py:190} INFO - [2024-10-12T07:21:06.681+0000] {dag.py:3239} INFO - Sync 1 DAGs
[2024-10-12T07:21:06.696+0000] {logging_mixin.py:190} INFO - [2024-10-12T07:21:06.695+0000] {dag.py:4180} INFO - Setting next_dagrun for tutorial_taskflow_api to None, run_after=None
[2024-10-12T07:21:06.731+0000] {processor.py:208} INFO - Processing /home/vboxuser/airflow_venv/lib/python3.12/site-packages/airflow/example_dags/tutorial_taskflow_api.py took 0.103 seconds
[2024-10-12T07:22:12.513+0000] {processor.py:186} INFO - Started process (PID=12135) to work on /home/vboxuser/airflow_venv/lib/python3.12/site-packages/airflow/example_dags/tutorial_taskflow_api.py
[2024-10-12T07:22:12.519+0000] {processor.py:914} INFO - Processing file /home/vboxuser/airflow_venv/lib/python3.12/site-packages/airflow/example_dags/tutorial_taskflow_api.py for tasks to queue
[2024-10-12T07:22:12.522+0000] {logging_mixin.py:190} INFO - [2024-10-12T07:22:12.521+0000] {dagbag.py:588} INFO - Filling up the DagBag from /home/vboxuser/airflow_venv/lib/python3.12/site-packages/airflow/example_dags/tutorial_taskflow_api.py
[2024-10-12T07:22:12.533+0000] {processor.py:925} INFO - DAG(s) 'tutorial_taskflow_api' retrieved from /home/vboxuser/airflow_venv/lib/python3.12/site-packages/airflow/example_dags/tutorial_taskflow_api.py
[2024-10-12T07:22:12.556+0000] {logging_mixin.py:190} INFO - [2024-10-12T07:22:12.555+0000] {dag.py:3239} INFO - Sync 1 DAGs
[2024-10-12T07:22:12.571+0000] {logging_mixin.py:190} INFO - [2024-10-12T07:22:12.571+0000] {dag.py:4180} INFO - Setting next_dagrun for tutorial_taskflow_api to None, run_after=None
[2024-10-12T07:22:12.604+0000] {processor.py:208} INFO - Processing /home/vboxuser/airflow_venv/lib/python3.12/site-packages/airflow/example_dags/tutorial_taskflow_api.py took 0.100 seconds
[2024-10-12T07:23:22.128+0000] {processor.py:186} INFO - Started process (PID=12195) to work on /home/vboxuser/airflow_venv/lib/python3.12/site-packages/airflow/example_dags/tutorial_taskflow_api.py
[2024-10-12T07:23:22.133+0000] {processor.py:914} INFO - Processing file /home/vboxuser/airflow_venv/lib/python3.12/site-packages/airflow/example_dags/tutorial_taskflow_api.py for tasks to queue
[2024-10-12T07:23:22.142+0000] {logging_mixin.py:190} INFO - [2024-10-12T07:23:22.141+0000] {dagbag.py:588} INFO - Filling up the DagBag from /home/vboxuser/airflow_venv/lib/python3.12/site-packages/airflow/example_dags/tutorial_taskflow_api.py
[2024-10-12T07:23:22.160+0000] {processor.py:925} INFO - DAG(s) 'tutorial_taskflow_api' retrieved from /home/vboxuser/airflow_venv/lib/python3.12/site-packages/airflow/example_dags/tutorial_taskflow_api.py
[2024-10-12T07:23:22.182+0000] {logging_mixin.py:190} INFO - [2024-10-12T07:23:22.182+0000] {dag.py:3239} INFO - Sync 1 DAGs
[2024-10-12T07:23:22.196+0000] {logging_mixin.py:190} INFO - [2024-10-12T07:23:22.195+0000] {dag.py:4180} INFO - Setting next_dagrun for tutorial_taskflow_api to None, run_after=None
[2024-10-12T07:23:22.227+0000] {processor.py:208} INFO - Processing /home/vboxuser/airflow_venv/lib/python3.12/site-packages/airflow/example_dags/tutorial_taskflow_api.py took 0.112 seconds
[2024-10-12T07:24:31.380+0000] {processor.py:186} INFO - Started process (PID=12257) to work on /home/vboxuser/airflow_venv/lib/python3.12/site-packages/airflow/example_dags/tutorial_taskflow_api.py
[2024-10-12T07:24:31.382+0000] {processor.py:914} INFO - Processing file /home/vboxuser/airflow_venv/lib/python3.12/site-packages/airflow/example_dags/tutorial_taskflow_api.py for tasks to queue
[2024-10-12T07:24:31.385+0000] {logging_mixin.py:190} INFO - [2024-10-12T07:24:31.384+0000] {dagbag.py:588} INFO - Filling up the DagBag from /home/vboxuser/airflow_venv/lib/python3.12/site-packages/airflow/example_dags/tutorial_taskflow_api.py
[2024-10-12T07:24:31.401+0000] {processor.py:925} INFO - DAG(s) 'tutorial_taskflow_api' retrieved from /home/vboxuser/airflow_venv/lib/python3.12/site-packages/airflow/example_dags/tutorial_taskflow_api.py
[2024-10-12T07:24:31.419+0000] {logging_mixin.py:190} INFO - [2024-10-12T07:24:31.419+0000] {dag.py:3239} INFO - Sync 1 DAGs
[2024-10-12T07:24:31.435+0000] {logging_mixin.py:190} INFO - [2024-10-12T07:24:31.434+0000] {dag.py:4180} INFO - Setting next_dagrun for tutorial_taskflow_api to None, run_after=None
[2024-10-12T07:24:31.475+0000] {processor.py:208} INFO - Processing /home/vboxuser/airflow_venv/lib/python3.12/site-packages/airflow/example_dags/tutorial_taskflow_api.py took 0.101 seconds
[2024-10-12T07:25:38.303+0000] {processor.py:186} INFO - Started process (PID=12321) to work on /home/vboxuser/airflow_venv/lib/python3.12/site-packages/airflow/example_dags/tutorial_taskflow_api.py
[2024-10-12T07:25:38.308+0000] {processor.py:914} INFO - Processing file /home/vboxuser/airflow_venv/lib/python3.12/site-packages/airflow/example_dags/tutorial_taskflow_api.py for tasks to queue
[2024-10-12T07:25:38.312+0000] {logging_mixin.py:190} INFO - [2024-10-12T07:25:38.311+0000] {dagbag.py:588} INFO - Filling up the DagBag from /home/vboxuser/airflow_venv/lib/python3.12/site-packages/airflow/example_dags/tutorial_taskflow_api.py
[2024-10-12T07:25:38.329+0000] {processor.py:925} INFO - DAG(s) 'tutorial_taskflow_api' retrieved from /home/vboxuser/airflow_venv/lib/python3.12/site-packages/airflow/example_dags/tutorial_taskflow_api.py
[2024-10-12T07:25:38.347+0000] {logging_mixin.py:190} INFO - [2024-10-12T07:25:38.347+0000] {dag.py:3239} INFO - Sync 1 DAGs
[2024-10-12T07:25:38.361+0000] {logging_mixin.py:190} INFO - [2024-10-12T07:25:38.361+0000] {dag.py:4180} INFO - Setting next_dagrun for tutorial_taskflow_api to None, run_after=None
[2024-10-12T07:25:38.401+0000] {processor.py:208} INFO - Processing /home/vboxuser/airflow_venv/lib/python3.12/site-packages/airflow/example_dags/tutorial_taskflow_api.py took 0.106 seconds
[2024-10-12T07:26:49.518+0000] {processor.py:186} INFO - Started process (PID=12385) to work on /home/vboxuser/airflow_venv/lib/python3.12/site-packages/airflow/example_dags/tutorial_taskflow_api.py
[2024-10-12T07:26:49.520+0000] {processor.py:914} INFO - Processing file /home/vboxuser/airflow_venv/lib/python3.12/site-packages/airflow/example_dags/tutorial_taskflow_api.py for tasks to queue
[2024-10-12T07:26:49.523+0000] {logging_mixin.py:190} INFO - [2024-10-12T07:26:49.523+0000] {dagbag.py:588} INFO - Filling up the DagBag from /home/vboxuser/airflow_venv/lib/python3.12/site-packages/airflow/example_dags/tutorial_taskflow_api.py
[2024-10-12T07:26:49.536+0000] {processor.py:925} INFO - DAG(s) 'tutorial_taskflow_api' retrieved from /home/vboxuser/airflow_venv/lib/python3.12/site-packages/airflow/example_dags/tutorial_taskflow_api.py
[2024-10-12T07:26:49.555+0000] {logging_mixin.py:190} INFO - [2024-10-12T07:26:49.555+0000] {dag.py:3239} INFO - Sync 1 DAGs
[2024-10-12T07:26:49.571+0000] {logging_mixin.py:190} INFO - [2024-10-12T07:26:49.571+0000] {dag.py:4180} INFO - Setting next_dagrun for tutorial_taskflow_api to None, run_after=None
[2024-10-12T07:26:49.613+0000] {processor.py:208} INFO - Processing /home/vboxuser/airflow_venv/lib/python3.12/site-packages/airflow/example_dags/tutorial_taskflow_api.py took 0.102 seconds
[2024-10-12T07:28:03.989+0000] {processor.py:186} INFO - Started process (PID=12447) to work on /home/vboxuser/airflow_venv/lib/python3.12/site-packages/airflow/example_dags/tutorial_taskflow_api.py
[2024-10-12T07:28:03.993+0000] {processor.py:914} INFO - Processing file /home/vboxuser/airflow_venv/lib/python3.12/site-packages/airflow/example_dags/tutorial_taskflow_api.py for tasks to queue
[2024-10-12T07:28:03.999+0000] {logging_mixin.py:190} INFO - [2024-10-12T07:28:03.998+0000] {dagbag.py:588} INFO - Filling up the DagBag from /home/vboxuser/airflow_venv/lib/python3.12/site-packages/airflow/example_dags/tutorial_taskflow_api.py
[2024-10-12T07:28:04.016+0000] {processor.py:925} INFO - DAG(s) 'tutorial_taskflow_api' retrieved from /home/vboxuser/airflow_venv/lib/python3.12/site-packages/airflow/example_dags/tutorial_taskflow_api.py
[2024-10-12T07:28:04.043+0000] {logging_mixin.py:190} INFO - [2024-10-12T07:28:04.043+0000] {dag.py:3239} INFO - Sync 1 DAGs
[2024-10-12T07:28:04.063+0000] {logging_mixin.py:190} INFO - [2024-10-12T07:28:04.063+0000] {dag.py:4180} INFO - Setting next_dagrun for tutorial_taskflow_api to None, run_after=None
[2024-10-12T07:28:04.100+0000] {processor.py:208} INFO - Processing /home/vboxuser/airflow_venv/lib/python3.12/site-packages/airflow/example_dags/tutorial_taskflow_api.py took 0.122 seconds
[2024-10-12T07:29:06.966+0000] {processor.py:186} INFO - Started process (PID=12505) to work on /home/vboxuser/airflow_venv/lib/python3.12/site-packages/airflow/example_dags/tutorial_taskflow_api.py
[2024-10-12T07:29:06.969+0000] {processor.py:914} INFO - Processing file /home/vboxuser/airflow_venv/lib/python3.12/site-packages/airflow/example_dags/tutorial_taskflow_api.py for tasks to queue
[2024-10-12T07:29:06.974+0000] {logging_mixin.py:190} INFO - [2024-10-12T07:29:06.972+0000] {dagbag.py:588} INFO - Filling up the DagBag from /home/vboxuser/airflow_venv/lib/python3.12/site-packages/airflow/example_dags/tutorial_taskflow_api.py
[2024-10-12T07:29:06.988+0000] {processor.py:925} INFO - DAG(s) 'tutorial_taskflow_api' retrieved from /home/vboxuser/airflow_venv/lib/python3.12/site-packages/airflow/example_dags/tutorial_taskflow_api.py
[2024-10-12T07:29:07.010+0000] {logging_mixin.py:190} INFO - [2024-10-12T07:29:07.010+0000] {dag.py:3239} INFO - Sync 1 DAGs
[2024-10-12T07:29:07.026+0000] {logging_mixin.py:190} INFO - [2024-10-12T07:29:07.026+0000] {dag.py:4180} INFO - Setting next_dagrun for tutorial_taskflow_api to None, run_after=None
[2024-10-12T07:29:07.069+0000] {processor.py:208} INFO - Processing /home/vboxuser/airflow_venv/lib/python3.12/site-packages/airflow/example_dags/tutorial_taskflow_api.py took 0.110 seconds
[2024-10-12T07:30:17.694+0000] {processor.py:186} INFO - Started process (PID=12585) to work on /home/vboxuser/airflow_venv/lib/python3.12/site-packages/airflow/example_dags/tutorial_taskflow_api.py
[2024-10-12T07:30:17.697+0000] {processor.py:914} INFO - Processing file /home/vboxuser/airflow_venv/lib/python3.12/site-packages/airflow/example_dags/tutorial_taskflow_api.py for tasks to queue
[2024-10-12T07:30:17.704+0000] {logging_mixin.py:190} INFO - [2024-10-12T07:30:17.703+0000] {dagbag.py:588} INFO - Filling up the DagBag from /home/vboxuser/airflow_venv/lib/python3.12/site-packages/airflow/example_dags/tutorial_taskflow_api.py
[2024-10-12T07:30:17.721+0000] {processor.py:925} INFO - DAG(s) 'tutorial_taskflow_api' retrieved from /home/vboxuser/airflow_venv/lib/python3.12/site-packages/airflow/example_dags/tutorial_taskflow_api.py
[2024-10-12T07:30:17.741+0000] {logging_mixin.py:190} INFO - [2024-10-12T07:30:17.740+0000] {dag.py:3239} INFO - Sync 1 DAGs
[2024-10-12T07:30:17.756+0000] {logging_mixin.py:190} INFO - [2024-10-12T07:30:17.755+0000] {dag.py:4180} INFO - Setting next_dagrun for tutorial_taskflow_api to None, run_after=None
[2024-10-12T07:30:17.790+0000] {processor.py:208} INFO - Processing /home/vboxuser/airflow_venv/lib/python3.12/site-packages/airflow/example_dags/tutorial_taskflow_api.py took 0.124 seconds
[2024-10-12T07:31:29.772+0000] {processor.py:186} INFO - Started process (PID=12650) to work on /home/vboxuser/airflow_venv/lib/python3.12/site-packages/airflow/example_dags/tutorial_taskflow_api.py
[2024-10-12T07:31:29.775+0000] {processor.py:914} INFO - Processing file /home/vboxuser/airflow_venv/lib/python3.12/site-packages/airflow/example_dags/tutorial_taskflow_api.py for tasks to queue
[2024-10-12T07:31:29.778+0000] {logging_mixin.py:190} INFO - [2024-10-12T07:31:29.778+0000] {dagbag.py:588} INFO - Filling up the DagBag from /home/vboxuser/airflow_venv/lib/python3.12/site-packages/airflow/example_dags/tutorial_taskflow_api.py
[2024-10-12T07:31:29.794+0000] {processor.py:925} INFO - DAG(s) 'tutorial_taskflow_api' retrieved from /home/vboxuser/airflow_venv/lib/python3.12/site-packages/airflow/example_dags/tutorial_taskflow_api.py
[2024-10-12T07:31:29.816+0000] {logging_mixin.py:190} INFO - [2024-10-12T07:31:29.815+0000] {dag.py:3239} INFO - Sync 1 DAGs
[2024-10-12T07:31:29.828+0000] {logging_mixin.py:190} INFO - [2024-10-12T07:31:29.828+0000] {dag.py:4180} INFO - Setting next_dagrun for tutorial_taskflow_api to None, run_after=None
[2024-10-12T07:31:29.863+0000] {processor.py:208} INFO - Processing /home/vboxuser/airflow_venv/lib/python3.12/site-packages/airflow/example_dags/tutorial_taskflow_api.py took 0.099 seconds
[2024-10-12T07:32:34.913+0000] {processor.py:186} INFO - Started process (PID=12718) to work on /home/vboxuser/airflow_venv/lib/python3.12/site-packages/airflow/example_dags/tutorial_taskflow_api.py
[2024-10-12T07:32:34.915+0000] {processor.py:914} INFO - Processing file /home/vboxuser/airflow_venv/lib/python3.12/site-packages/airflow/example_dags/tutorial_taskflow_api.py for tasks to queue
[2024-10-12T07:32:34.918+0000] {logging_mixin.py:190} INFO - [2024-10-12T07:32:34.917+0000] {dagbag.py:588} INFO - Filling up the DagBag from /home/vboxuser/airflow_venv/lib/python3.12/site-packages/airflow/example_dags/tutorial_taskflow_api.py
[2024-10-12T07:32:34.928+0000] {processor.py:925} INFO - DAG(s) 'tutorial_taskflow_api' retrieved from /home/vboxuser/airflow_venv/lib/python3.12/site-packages/airflow/example_dags/tutorial_taskflow_api.py
[2024-10-12T07:32:34.948+0000] {logging_mixin.py:190} INFO - [2024-10-12T07:32:34.948+0000] {dag.py:3239} INFO - Sync 1 DAGs
[2024-10-12T07:32:34.966+0000] {logging_mixin.py:190} INFO - [2024-10-12T07:32:34.966+0000] {dag.py:4180} INFO - Setting next_dagrun for tutorial_taskflow_api to None, run_after=None
[2024-10-12T07:32:35.005+0000] {processor.py:208} INFO - Processing /home/vboxuser/airflow_venv/lib/python3.12/site-packages/airflow/example_dags/tutorial_taskflow_api.py took 0.099 seconds
[2024-10-12T07:33:37.417+0000] {processor.py:186} INFO - Started process (PID=12776) to work on /home/vboxuser/airflow_venv/lib/python3.12/site-packages/airflow/example_dags/tutorial_taskflow_api.py
[2024-10-12T07:33:37.420+0000] {processor.py:914} INFO - Processing file /home/vboxuser/airflow_venv/lib/python3.12/site-packages/airflow/example_dags/tutorial_taskflow_api.py for tasks to queue
[2024-10-12T07:33:37.428+0000] {logging_mixin.py:190} INFO - [2024-10-12T07:33:37.427+0000] {dagbag.py:588} INFO - Filling up the DagBag from /home/vboxuser/airflow_venv/lib/python3.12/site-packages/airflow/example_dags/tutorial_taskflow_api.py
[2024-10-12T07:33:37.440+0000] {processor.py:925} INFO - DAG(s) 'tutorial_taskflow_api' retrieved from /home/vboxuser/airflow_venv/lib/python3.12/site-packages/airflow/example_dags/tutorial_taskflow_api.py
[2024-10-12T07:33:37.458+0000] {logging_mixin.py:190} INFO - [2024-10-12T07:33:37.458+0000] {dag.py:3239} INFO - Sync 1 DAGs
[2024-10-12T07:33:37.472+0000] {logging_mixin.py:190} INFO - [2024-10-12T07:33:37.471+0000] {dag.py:4180} INFO - Setting next_dagrun for tutorial_taskflow_api to None, run_after=None
[2024-10-12T07:33:37.504+0000] {processor.py:208} INFO - Processing /home/vboxuser/airflow_venv/lib/python3.12/site-packages/airflow/example_dags/tutorial_taskflow_api.py took 0.099 seconds
[2024-10-12T07:34:37.784+0000] {processor.py:186} INFO - Started process (PID=12835) to work on /home/vboxuser/airflow_venv/lib/python3.12/site-packages/airflow/example_dags/tutorial_taskflow_api.py
[2024-10-12T07:34:37.786+0000] {processor.py:914} INFO - Processing file /home/vboxuser/airflow_venv/lib/python3.12/site-packages/airflow/example_dags/tutorial_taskflow_api.py for tasks to queue
[2024-10-12T07:34:37.789+0000] {logging_mixin.py:190} INFO - [2024-10-12T07:34:37.788+0000] {dagbag.py:588} INFO - Filling up the DagBag from /home/vboxuser/airflow_venv/lib/python3.12/site-packages/airflow/example_dags/tutorial_taskflow_api.py
[2024-10-12T07:34:37.801+0000] {processor.py:925} INFO - DAG(s) 'tutorial_taskflow_api' retrieved from /home/vboxuser/airflow_venv/lib/python3.12/site-packages/airflow/example_dags/tutorial_taskflow_api.py
[2024-10-12T07:34:37.821+0000] {logging_mixin.py:190} INFO - [2024-10-12T07:34:37.821+0000] {dag.py:3239} INFO - Sync 1 DAGs
[2024-10-12T07:34:37.836+0000] {logging_mixin.py:190} INFO - [2024-10-12T07:34:37.836+0000] {dag.py:4180} INFO - Setting next_dagrun for tutorial_taskflow_api to None, run_after=None
[2024-10-12T07:34:37.875+0000] {processor.py:208} INFO - Processing /home/vboxuser/airflow_venv/lib/python3.12/site-packages/airflow/example_dags/tutorial_taskflow_api.py took 0.098 seconds
[2024-10-12T07:47:27.507+0000] {processor.py:186} INFO - Started process (PID=12927) to work on /home/vboxuser/airflow_venv/lib/python3.12/site-packages/airflow/example_dags/tutorial_taskflow_api.py
[2024-10-12T07:47:27.514+0000] {processor.py:914} INFO - Processing file /home/vboxuser/airflow_venv/lib/python3.12/site-packages/airflow/example_dags/tutorial_taskflow_api.py for tasks to queue
[2024-10-12T07:47:27.518+0000] {logging_mixin.py:190} INFO - [2024-10-12T07:47:27.517+0000] {dagbag.py:588} INFO - Filling up the DagBag from /home/vboxuser/airflow_venv/lib/python3.12/site-packages/airflow/example_dags/tutorial_taskflow_api.py
[2024-10-12T07:47:27.535+0000] {processor.py:925} INFO - DAG(s) 'tutorial_taskflow_api' retrieved from /home/vboxuser/airflow_venv/lib/python3.12/site-packages/airflow/example_dags/tutorial_taskflow_api.py
[2024-10-12T07:47:27.559+0000] {logging_mixin.py:190} INFO - [2024-10-12T07:47:27.558+0000] {dag.py:3239} INFO - Sync 1 DAGs
[2024-10-12T07:47:27.580+0000] {logging_mixin.py:190} INFO - [2024-10-12T07:47:27.579+0000] {dag.py:4180} INFO - Setting next_dagrun for tutorial_taskflow_api to None, run_after=None
[2024-10-12T07:47:27.622+0000] {processor.py:208} INFO - Processing /home/vboxuser/airflow_venv/lib/python3.12/site-packages/airflow/example_dags/tutorial_taskflow_api.py took 0.130 seconds
[2024-10-12T07:48:37.831+0000] {processor.py:186} INFO - Started process (PID=12988) to work on /home/vboxuser/airflow_venv/lib/python3.12/site-packages/airflow/example_dags/tutorial_taskflow_api.py
[2024-10-12T07:48:37.833+0000] {processor.py:914} INFO - Processing file /home/vboxuser/airflow_venv/lib/python3.12/site-packages/airflow/example_dags/tutorial_taskflow_api.py for tasks to queue
[2024-10-12T07:48:37.837+0000] {logging_mixin.py:190} INFO - [2024-10-12T07:48:37.836+0000] {dagbag.py:588} INFO - Filling up the DagBag from /home/vboxuser/airflow_venv/lib/python3.12/site-packages/airflow/example_dags/tutorial_taskflow_api.py
[2024-10-12T07:48:37.849+0000] {processor.py:925} INFO - DAG(s) 'tutorial_taskflow_api' retrieved from /home/vboxuser/airflow_venv/lib/python3.12/site-packages/airflow/example_dags/tutorial_taskflow_api.py
[2024-10-12T07:48:37.879+0000] {logging_mixin.py:190} INFO - [2024-10-12T07:48:37.878+0000] {dag.py:3239} INFO - Sync 1 DAGs
[2024-10-12T07:48:37.900+0000] {logging_mixin.py:190} INFO - [2024-10-12T07:48:37.900+0000] {dag.py:4180} INFO - Setting next_dagrun for tutorial_taskflow_api to None, run_after=None
[2024-10-12T07:48:37.953+0000] {processor.py:208} INFO - Processing /home/vboxuser/airflow_venv/lib/python3.12/site-packages/airflow/example_dags/tutorial_taskflow_api.py took 0.130 seconds
[2024-10-12T07:49:44.334+0000] {processor.py:186} INFO - Started process (PID=13047) to work on /home/vboxuser/airflow_venv/lib/python3.12/site-packages/airflow/example_dags/tutorial_taskflow_api.py
[2024-10-12T07:49:44.337+0000] {processor.py:914} INFO - Processing file /home/vboxuser/airflow_venv/lib/python3.12/site-packages/airflow/example_dags/tutorial_taskflow_api.py for tasks to queue
[2024-10-12T07:49:44.344+0000] {logging_mixin.py:190} INFO - [2024-10-12T07:49:44.343+0000] {dagbag.py:588} INFO - Filling up the DagBag from /home/vboxuser/airflow_venv/lib/python3.12/site-packages/airflow/example_dags/tutorial_taskflow_api.py
[2024-10-12T07:49:44.364+0000] {processor.py:925} INFO - DAG(s) 'tutorial_taskflow_api' retrieved from /home/vboxuser/airflow_venv/lib/python3.12/site-packages/airflow/example_dags/tutorial_taskflow_api.py
[2024-10-12T07:49:44.391+0000] {logging_mixin.py:190} INFO - [2024-10-12T07:49:44.390+0000] {dag.py:3239} INFO - Sync 1 DAGs
[2024-10-12T07:49:44.412+0000] {logging_mixin.py:190} INFO - [2024-10-12T07:49:44.411+0000] {dag.py:4180} INFO - Setting next_dagrun for tutorial_taskflow_api to None, run_after=None
[2024-10-12T07:49:44.453+0000] {processor.py:208} INFO - Processing /home/vboxuser/airflow_venv/lib/python3.12/site-packages/airflow/example_dags/tutorial_taskflow_api.py took 0.132 seconds
[2024-10-12T07:50:53.728+0000] {processor.py:186} INFO - Started process (PID=13179) to work on /home/vboxuser/airflow_venv/lib/python3.12/site-packages/airflow/example_dags/tutorial_taskflow_api.py
[2024-10-12T07:50:53.734+0000] {processor.py:914} INFO - Processing file /home/vboxuser/airflow_venv/lib/python3.12/site-packages/airflow/example_dags/tutorial_taskflow_api.py for tasks to queue
[2024-10-12T07:50:53.740+0000] {logging_mixin.py:190} INFO - [2024-10-12T07:50:53.739+0000] {dagbag.py:588} INFO - Filling up the DagBag from /home/vboxuser/airflow_venv/lib/python3.12/site-packages/airflow/example_dags/tutorial_taskflow_api.py
[2024-10-12T07:50:53.759+0000] {processor.py:925} INFO - DAG(s) 'tutorial_taskflow_api' retrieved from /home/vboxuser/airflow_venv/lib/python3.12/site-packages/airflow/example_dags/tutorial_taskflow_api.py
[2024-10-12T07:50:53.779+0000] {logging_mixin.py:190} INFO - [2024-10-12T07:50:53.779+0000] {dag.py:3239} INFO - Sync 1 DAGs
[2024-10-12T07:50:53.795+0000] {logging_mixin.py:190} INFO - [2024-10-12T07:50:53.795+0000] {dag.py:4180} INFO - Setting next_dagrun for tutorial_taskflow_api to None, run_after=None
[2024-10-12T07:50:53.831+0000] {processor.py:208} INFO - Processing /home/vboxuser/airflow_venv/lib/python3.12/site-packages/airflow/example_dags/tutorial_taskflow_api.py took 0.113 seconds
[2024-10-12T07:52:05.111+0000] {processor.py:186} INFO - Started process (PID=13249) to work on /home/vboxuser/airflow_venv/lib/python3.12/site-packages/airflow/example_dags/tutorial_taskflow_api.py
[2024-10-12T07:52:05.116+0000] {processor.py:914} INFO - Processing file /home/vboxuser/airflow_venv/lib/python3.12/site-packages/airflow/example_dags/tutorial_taskflow_api.py for tasks to queue
[2024-10-12T07:52:05.120+0000] {logging_mixin.py:190} INFO - [2024-10-12T07:52:05.119+0000] {dagbag.py:588} INFO - Filling up the DagBag from /home/vboxuser/airflow_venv/lib/python3.12/site-packages/airflow/example_dags/tutorial_taskflow_api.py
[2024-10-12T07:52:05.133+0000] {processor.py:925} INFO - DAG(s) 'tutorial_taskflow_api' retrieved from /home/vboxuser/airflow_venv/lib/python3.12/site-packages/airflow/example_dags/tutorial_taskflow_api.py
[2024-10-12T07:52:05.153+0000] {logging_mixin.py:190} INFO - [2024-10-12T07:52:05.152+0000] {dag.py:3239} INFO - Sync 1 DAGs
[2024-10-12T07:52:05.171+0000] {logging_mixin.py:190} INFO - [2024-10-12T07:52:05.171+0000] {dag.py:4180} INFO - Setting next_dagrun for tutorial_taskflow_api to None, run_after=None
[2024-10-12T07:52:05.207+0000] {processor.py:208} INFO - Processing /home/vboxuser/airflow_venv/lib/python3.12/site-packages/airflow/example_dags/tutorial_taskflow_api.py took 0.103 seconds
[2024-10-12T07:53:12.853+0000] {processor.py:186} INFO - Started process (PID=13331) to work on /home/vboxuser/airflow_venv/lib/python3.12/site-packages/airflow/example_dags/tutorial_taskflow_api.py
[2024-10-12T07:53:12.857+0000] {processor.py:914} INFO - Processing file /home/vboxuser/airflow_venv/lib/python3.12/site-packages/airflow/example_dags/tutorial_taskflow_api.py for tasks to queue
[2024-10-12T07:53:12.861+0000] {logging_mixin.py:190} INFO - [2024-10-12T07:53:12.861+0000] {dagbag.py:588} INFO - Filling up the DagBag from /home/vboxuser/airflow_venv/lib/python3.12/site-packages/airflow/example_dags/tutorial_taskflow_api.py
[2024-10-12T07:53:12.876+0000] {processor.py:925} INFO - DAG(s) 'tutorial_taskflow_api' retrieved from /home/vboxuser/airflow_venv/lib/python3.12/site-packages/airflow/example_dags/tutorial_taskflow_api.py
[2024-10-12T07:53:12.930+0000] {logging_mixin.py:190} INFO - [2024-10-12T07:53:12.930+0000] {dag.py:3239} INFO - Sync 1 DAGs
[2024-10-12T07:53:12.959+0000] {logging_mixin.py:190} INFO - [2024-10-12T07:53:12.959+0000] {dag.py:4180} INFO - Setting next_dagrun for tutorial_taskflow_api to None, run_after=None
[2024-10-12T07:53:13.014+0000] {processor.py:208} INFO - Processing /home/vboxuser/airflow_venv/lib/python3.12/site-packages/airflow/example_dags/tutorial_taskflow_api.py took 0.171 seconds
[2024-10-12T07:54:12.314+0000] {processor.py:186} INFO - Started process (PID=13388) to work on /home/vboxuser/airflow_venv/lib/python3.12/site-packages/airflow/example_dags/tutorial_taskflow_api.py
[2024-10-12T07:54:12.320+0000] {processor.py:914} INFO - Processing file /home/vboxuser/airflow_venv/lib/python3.12/site-packages/airflow/example_dags/tutorial_taskflow_api.py for tasks to queue
[2024-10-12T07:54:12.325+0000] {logging_mixin.py:190} INFO - [2024-10-12T07:54:12.325+0000] {dagbag.py:588} INFO - Filling up the DagBag from /home/vboxuser/airflow_venv/lib/python3.12/site-packages/airflow/example_dags/tutorial_taskflow_api.py
[2024-10-12T07:54:12.345+0000] {processor.py:925} INFO - DAG(s) 'tutorial_taskflow_api' retrieved from /home/vboxuser/airflow_venv/lib/python3.12/site-packages/airflow/example_dags/tutorial_taskflow_api.py
[2024-10-12T07:54:12.371+0000] {logging_mixin.py:190} INFO - [2024-10-12T07:54:12.370+0000] {dag.py:3239} INFO - Sync 1 DAGs
[2024-10-12T07:54:12.391+0000] {logging_mixin.py:190} INFO - [2024-10-12T07:54:12.391+0000] {dag.py:4180} INFO - Setting next_dagrun for tutorial_taskflow_api to None, run_after=None
[2024-10-12T07:54:12.436+0000] {processor.py:208} INFO - Processing /home/vboxuser/airflow_venv/lib/python3.12/site-packages/airflow/example_dags/tutorial_taskflow_api.py took 0.137 seconds
[2024-10-12T07:55:14.914+0000] {processor.py:186} INFO - Started process (PID=13450) to work on /home/vboxuser/airflow_venv/lib/python3.12/site-packages/airflow/example_dags/tutorial_taskflow_api.py
[2024-10-12T07:55:14.919+0000] {processor.py:914} INFO - Processing file /home/vboxuser/airflow_venv/lib/python3.12/site-packages/airflow/example_dags/tutorial_taskflow_api.py for tasks to queue
[2024-10-12T07:55:14.922+0000] {logging_mixin.py:190} INFO - [2024-10-12T07:55:14.922+0000] {dagbag.py:588} INFO - Filling up the DagBag from /home/vboxuser/airflow_venv/lib/python3.12/site-packages/airflow/example_dags/tutorial_taskflow_api.py
[2024-10-12T07:55:14.935+0000] {processor.py:925} INFO - DAG(s) 'tutorial_taskflow_api' retrieved from /home/vboxuser/airflow_venv/lib/python3.12/site-packages/airflow/example_dags/tutorial_taskflow_api.py
[2024-10-12T07:55:14.958+0000] {logging_mixin.py:190} INFO - [2024-10-12T07:55:14.958+0000] {dag.py:3239} INFO - Sync 1 DAGs
[2024-10-12T07:55:14.977+0000] {logging_mixin.py:190} INFO - [2024-10-12T07:55:14.976+0000] {dag.py:4180} INFO - Setting next_dagrun for tutorial_taskflow_api to None, run_after=None
[2024-10-12T07:55:15.017+0000] {processor.py:208} INFO - Processing /home/vboxuser/airflow_venv/lib/python3.12/site-packages/airflow/example_dags/tutorial_taskflow_api.py took 0.114 seconds
[2024-10-12T07:56:22.127+0000] {processor.py:186} INFO - Started process (PID=13513) to work on /home/vboxuser/airflow_venv/lib/python3.12/site-packages/airflow/example_dags/tutorial_taskflow_api.py
[2024-10-12T07:56:22.130+0000] {processor.py:914} INFO - Processing file /home/vboxuser/airflow_venv/lib/python3.12/site-packages/airflow/example_dags/tutorial_taskflow_api.py for tasks to queue
[2024-10-12T07:56:22.133+0000] {logging_mixin.py:190} INFO - [2024-10-12T07:56:22.132+0000] {dagbag.py:588} INFO - Filling up the DagBag from /home/vboxuser/airflow_venv/lib/python3.12/site-packages/airflow/example_dags/tutorial_taskflow_api.py
[2024-10-12T07:56:22.146+0000] {processor.py:925} INFO - DAG(s) 'tutorial_taskflow_api' retrieved from /home/vboxuser/airflow_venv/lib/python3.12/site-packages/airflow/example_dags/tutorial_taskflow_api.py
[2024-10-12T07:56:22.170+0000] {logging_mixin.py:190} INFO - [2024-10-12T07:56:22.170+0000] {dag.py:3239} INFO - Sync 1 DAGs
[2024-10-12T07:56:22.184+0000] {logging_mixin.py:190} INFO - [2024-10-12T07:56:22.183+0000] {dag.py:4180} INFO - Setting next_dagrun for tutorial_taskflow_api to None, run_after=None
[2024-10-12T07:56:22.214+0000] {processor.py:208} INFO - Processing /home/vboxuser/airflow_venv/lib/python3.12/site-packages/airflow/example_dags/tutorial_taskflow_api.py took 0.094 seconds
[2024-10-12T07:57:31.492+0000] {processor.py:186} INFO - Started process (PID=13588) to work on /home/vboxuser/airflow_venv/lib/python3.12/site-packages/airflow/example_dags/tutorial_taskflow_api.py
[2024-10-12T07:57:31.497+0000] {processor.py:914} INFO - Processing file /home/vboxuser/airflow_venv/lib/python3.12/site-packages/airflow/example_dags/tutorial_taskflow_api.py for tasks to queue
[2024-10-12T07:57:31.499+0000] {logging_mixin.py:190} INFO - [2024-10-12T07:57:31.499+0000] {dagbag.py:588} INFO - Filling up the DagBag from /home/vboxuser/airflow_venv/lib/python3.12/site-packages/airflow/example_dags/tutorial_taskflow_api.py
[2024-10-12T07:57:31.512+0000] {processor.py:925} INFO - DAG(s) 'tutorial_taskflow_api' retrieved from /home/vboxuser/airflow_venv/lib/python3.12/site-packages/airflow/example_dags/tutorial_taskflow_api.py
[2024-10-12T07:57:31.533+0000] {logging_mixin.py:190} INFO - [2024-10-12T07:57:31.533+0000] {dag.py:3239} INFO - Sync 1 DAGs
[2024-10-12T07:57:31.551+0000] {logging_mixin.py:190} INFO - [2024-10-12T07:57:31.551+0000] {dag.py:4180} INFO - Setting next_dagrun for tutorial_taskflow_api to None, run_after=None
[2024-10-12T07:57:31.589+0000] {processor.py:208} INFO - Processing /home/vboxuser/airflow_venv/lib/python3.12/site-packages/airflow/example_dags/tutorial_taskflow_api.py took 0.106 seconds
[2024-10-12T07:58:33.234+0000] {processor.py:186} INFO - Started process (PID=13647) to work on /home/vboxuser/airflow_venv/lib/python3.12/site-packages/airflow/example_dags/tutorial_taskflow_api.py
[2024-10-12T07:58:33.241+0000] {processor.py:914} INFO - Processing file /home/vboxuser/airflow_venv/lib/python3.12/site-packages/airflow/example_dags/tutorial_taskflow_api.py for tasks to queue
[2024-10-12T07:58:33.245+0000] {logging_mixin.py:190} INFO - [2024-10-12T07:58:33.244+0000] {dagbag.py:588} INFO - Filling up the DagBag from /home/vboxuser/airflow_venv/lib/python3.12/site-packages/airflow/example_dags/tutorial_taskflow_api.py
[2024-10-12T07:58:33.266+0000] {processor.py:925} INFO - DAG(s) 'tutorial_taskflow_api' retrieved from /home/vboxuser/airflow_venv/lib/python3.12/site-packages/airflow/example_dags/tutorial_taskflow_api.py
[2024-10-12T07:58:33.291+0000] {logging_mixin.py:190} INFO - [2024-10-12T07:58:33.291+0000] {dag.py:3239} INFO - Sync 1 DAGs
[2024-10-12T07:58:33.306+0000] {logging_mixin.py:190} INFO - [2024-10-12T07:58:33.306+0000] {dag.py:4180} INFO - Setting next_dagrun for tutorial_taskflow_api to None, run_after=None
[2024-10-12T07:58:33.336+0000] {processor.py:208} INFO - Processing /home/vboxuser/airflow_venv/lib/python3.12/site-packages/airflow/example_dags/tutorial_taskflow_api.py took 0.113 seconds
[2024-10-12T07:59:34.355+0000] {processor.py:186} INFO - Started process (PID=13704) to work on /home/vboxuser/airflow_venv/lib/python3.12/site-packages/airflow/example_dags/tutorial_taskflow_api.py
[2024-10-12T07:59:34.361+0000] {processor.py:914} INFO - Processing file /home/vboxuser/airflow_venv/lib/python3.12/site-packages/airflow/example_dags/tutorial_taskflow_api.py for tasks to queue
[2024-10-12T07:59:34.365+0000] {logging_mixin.py:190} INFO - [2024-10-12T07:59:34.364+0000] {dagbag.py:588} INFO - Filling up the DagBag from /home/vboxuser/airflow_venv/lib/python3.12/site-packages/airflow/example_dags/tutorial_taskflow_api.py
[2024-10-12T07:59:34.379+0000] {processor.py:925} INFO - DAG(s) 'tutorial_taskflow_api' retrieved from /home/vboxuser/airflow_venv/lib/python3.12/site-packages/airflow/example_dags/tutorial_taskflow_api.py
[2024-10-12T07:59:34.401+0000] {logging_mixin.py:190} INFO - [2024-10-12T07:59:34.401+0000] {dag.py:3239} INFO - Sync 1 DAGs
[2024-10-12T07:59:34.418+0000] {logging_mixin.py:190} INFO - [2024-10-12T07:59:34.418+0000] {dag.py:4180} INFO - Setting next_dagrun for tutorial_taskflow_api to None, run_after=None
[2024-10-12T07:59:34.457+0000] {processor.py:208} INFO - Processing /home/vboxuser/airflow_venv/lib/python3.12/site-packages/airflow/example_dags/tutorial_taskflow_api.py took 0.113 seconds
[2024-10-12T08:00:38.120+0000] {processor.py:186} INFO - Started process (PID=13766) to work on /home/vboxuser/airflow_venv/lib/python3.12/site-packages/airflow/example_dags/tutorial_taskflow_api.py
[2024-10-12T08:00:38.124+0000] {processor.py:914} INFO - Processing file /home/vboxuser/airflow_venv/lib/python3.12/site-packages/airflow/example_dags/tutorial_taskflow_api.py for tasks to queue
[2024-10-12T08:00:38.127+0000] {logging_mixin.py:190} INFO - [2024-10-12T08:00:38.126+0000] {dagbag.py:588} INFO - Filling up the DagBag from /home/vboxuser/airflow_venv/lib/python3.12/site-packages/airflow/example_dags/tutorial_taskflow_api.py
[2024-10-12T08:00:38.142+0000] {processor.py:925} INFO - DAG(s) 'tutorial_taskflow_api' retrieved from /home/vboxuser/airflow_venv/lib/python3.12/site-packages/airflow/example_dags/tutorial_taskflow_api.py
[2024-10-12T08:00:38.168+0000] {logging_mixin.py:190} INFO - [2024-10-12T08:00:38.168+0000] {dag.py:3239} INFO - Sync 1 DAGs
[2024-10-12T08:00:38.188+0000] {logging_mixin.py:190} INFO - [2024-10-12T08:00:38.188+0000] {dag.py:4180} INFO - Setting next_dagrun for tutorial_taskflow_api to None, run_after=None
[2024-10-12T08:00:38.228+0000] {processor.py:208} INFO - Processing /home/vboxuser/airflow_venv/lib/python3.12/site-packages/airflow/example_dags/tutorial_taskflow_api.py took 0.117 seconds
[2024-10-12T08:01:48.237+0000] {processor.py:186} INFO - Started process (PID=13827) to work on /home/vboxuser/airflow_venv/lib/python3.12/site-packages/airflow/example_dags/tutorial_taskflow_api.py
[2024-10-12T08:01:48.242+0000] {processor.py:914} INFO - Processing file /home/vboxuser/airflow_venv/lib/python3.12/site-packages/airflow/example_dags/tutorial_taskflow_api.py for tasks to queue
[2024-10-12T08:01:48.246+0000] {logging_mixin.py:190} INFO - [2024-10-12T08:01:48.245+0000] {dagbag.py:588} INFO - Filling up the DagBag from /home/vboxuser/airflow_venv/lib/python3.12/site-packages/airflow/example_dags/tutorial_taskflow_api.py
[2024-10-12T08:01:48.260+0000] {processor.py:925} INFO - DAG(s) 'tutorial_taskflow_api' retrieved from /home/vboxuser/airflow_venv/lib/python3.12/site-packages/airflow/example_dags/tutorial_taskflow_api.py
[2024-10-12T08:01:48.281+0000] {logging_mixin.py:190} INFO - [2024-10-12T08:01:48.281+0000] {dag.py:3239} INFO - Sync 1 DAGs
[2024-10-12T08:01:48.299+0000] {logging_mixin.py:190} INFO - [2024-10-12T08:01:48.299+0000] {dag.py:4180} INFO - Setting next_dagrun for tutorial_taskflow_api to None, run_after=None
[2024-10-12T08:01:48.338+0000] {processor.py:208} INFO - Processing /home/vboxuser/airflow_venv/lib/python3.12/site-packages/airflow/example_dags/tutorial_taskflow_api.py took 0.112 seconds
[2024-10-12T08:02:51.941+0000] {processor.py:186} INFO - Started process (PID=13885) to work on /home/vboxuser/airflow_venv/lib/python3.12/site-packages/airflow/example_dags/tutorial_taskflow_api.py
[2024-10-12T08:02:51.947+0000] {processor.py:914} INFO - Processing file /home/vboxuser/airflow_venv/lib/python3.12/site-packages/airflow/example_dags/tutorial_taskflow_api.py for tasks to queue
[2024-10-12T08:02:51.953+0000] {logging_mixin.py:190} INFO - [2024-10-12T08:02:51.953+0000] {dagbag.py:588} INFO - Filling up the DagBag from /home/vboxuser/airflow_venv/lib/python3.12/site-packages/airflow/example_dags/tutorial_taskflow_api.py
[2024-10-12T08:02:51.969+0000] {processor.py:925} INFO - DAG(s) 'tutorial_taskflow_api' retrieved from /home/vboxuser/airflow_venv/lib/python3.12/site-packages/airflow/example_dags/tutorial_taskflow_api.py
[2024-10-12T08:02:51.992+0000] {logging_mixin.py:190} INFO - [2024-10-12T08:02:51.991+0000] {dag.py:3239} INFO - Sync 1 DAGs
[2024-10-12T08:02:52.009+0000] {logging_mixin.py:190} INFO - [2024-10-12T08:02:52.008+0000] {dag.py:4180} INFO - Setting next_dagrun for tutorial_taskflow_api to None, run_after=None
[2024-10-12T08:02:52.053+0000] {processor.py:208} INFO - Processing /home/vboxuser/airflow_venv/lib/python3.12/site-packages/airflow/example_dags/tutorial_taskflow_api.py took 0.121 seconds
[2024-10-12T08:03:57.143+0000] {processor.py:186} INFO - Started process (PID=13955) to work on /home/vboxuser/airflow_venv/lib/python3.12/site-packages/airflow/example_dags/tutorial_taskflow_api.py
[2024-10-12T08:03:57.148+0000] {processor.py:914} INFO - Processing file /home/vboxuser/airflow_venv/lib/python3.12/site-packages/airflow/example_dags/tutorial_taskflow_api.py for tasks to queue
[2024-10-12T08:03:57.152+0000] {logging_mixin.py:190} INFO - [2024-10-12T08:03:57.152+0000] {dagbag.py:588} INFO - Filling up the DagBag from /home/vboxuser/airflow_venv/lib/python3.12/site-packages/airflow/example_dags/tutorial_taskflow_api.py
[2024-10-12T08:03:57.166+0000] {processor.py:925} INFO - DAG(s) 'tutorial_taskflow_api' retrieved from /home/vboxuser/airflow_venv/lib/python3.12/site-packages/airflow/example_dags/tutorial_taskflow_api.py
[2024-10-12T08:03:57.187+0000] {logging_mixin.py:190} INFO - [2024-10-12T08:03:57.186+0000] {dag.py:3239} INFO - Sync 1 DAGs
[2024-10-12T08:03:57.205+0000] {logging_mixin.py:190} INFO - [2024-10-12T08:03:57.205+0000] {dag.py:4180} INFO - Setting next_dagrun for tutorial_taskflow_api to None, run_after=None
[2024-10-12T08:03:57.246+0000] {processor.py:208} INFO - Processing /home/vboxuser/airflow_venv/lib/python3.12/site-packages/airflow/example_dags/tutorial_taskflow_api.py took 0.113 seconds
[2024-10-12T08:05:06.392+0000] {processor.py:186} INFO - Started process (PID=14020) to work on /home/vboxuser/airflow_venv/lib/python3.12/site-packages/airflow/example_dags/tutorial_taskflow_api.py
[2024-10-12T08:05:06.396+0000] {processor.py:914} INFO - Processing file /home/vboxuser/airflow_venv/lib/python3.12/site-packages/airflow/example_dags/tutorial_taskflow_api.py for tasks to queue
[2024-10-12T08:05:06.401+0000] {logging_mixin.py:190} INFO - [2024-10-12T08:05:06.400+0000] {dagbag.py:588} INFO - Filling up the DagBag from /home/vboxuser/airflow_venv/lib/python3.12/site-packages/airflow/example_dags/tutorial_taskflow_api.py
[2024-10-12T08:05:06.418+0000] {processor.py:925} INFO - DAG(s) 'tutorial_taskflow_api' retrieved from /home/vboxuser/airflow_venv/lib/python3.12/site-packages/airflow/example_dags/tutorial_taskflow_api.py
[2024-10-12T08:05:06.449+0000] {logging_mixin.py:190} INFO - [2024-10-12T08:05:06.449+0000] {dag.py:3239} INFO - Sync 1 DAGs
[2024-10-12T08:05:06.468+0000] {logging_mixin.py:190} INFO - [2024-10-12T08:05:06.467+0000] {dag.py:4180} INFO - Setting next_dagrun for tutorial_taskflow_api to None, run_after=None
[2024-10-12T08:05:06.513+0000] {processor.py:208} INFO - Processing /home/vboxuser/airflow_venv/lib/python3.12/site-packages/airflow/example_dags/tutorial_taskflow_api.py took 0.132 seconds
[2024-10-12T08:06:18.591+0000] {processor.py:186} INFO - Started process (PID=14091) to work on /home/vboxuser/airflow_venv/lib/python3.12/site-packages/airflow/example_dags/tutorial_taskflow_api.py
[2024-10-12T08:06:18.595+0000] {processor.py:914} INFO - Processing file /home/vboxuser/airflow_venv/lib/python3.12/site-packages/airflow/example_dags/tutorial_taskflow_api.py for tasks to queue
[2024-10-12T08:06:18.601+0000] {logging_mixin.py:190} INFO - [2024-10-12T08:06:18.600+0000] {dagbag.py:588} INFO - Filling up the DagBag from /home/vboxuser/airflow_venv/lib/python3.12/site-packages/airflow/example_dags/tutorial_taskflow_api.py
[2024-10-12T08:06:18.626+0000] {processor.py:925} INFO - DAG(s) 'tutorial_taskflow_api' retrieved from /home/vboxuser/airflow_venv/lib/python3.12/site-packages/airflow/example_dags/tutorial_taskflow_api.py
[2024-10-12T08:06:18.666+0000] {logging_mixin.py:190} INFO - [2024-10-12T08:06:18.666+0000] {dag.py:3239} INFO - Sync 1 DAGs
[2024-10-12T08:06:18.701+0000] {logging_mixin.py:190} INFO - [2024-10-12T08:06:18.700+0000] {dag.py:4180} INFO - Setting next_dagrun for tutorial_taskflow_api to None, run_after=None
[2024-10-12T08:06:18.769+0000] {processor.py:208} INFO - Processing /home/vboxuser/airflow_venv/lib/python3.12/site-packages/airflow/example_dags/tutorial_taskflow_api.py took 0.201 seconds
[2024-10-12T08:07:23.258+0000] {processor.py:186} INFO - Started process (PID=14145) to work on /home/vboxuser/airflow_venv/lib/python3.12/site-packages/airflow/example_dags/tutorial_taskflow_api.py
[2024-10-12T08:07:23.264+0000] {processor.py:914} INFO - Processing file /home/vboxuser/airflow_venv/lib/python3.12/site-packages/airflow/example_dags/tutorial_taskflow_api.py for tasks to queue
[2024-10-12T08:07:23.269+0000] {logging_mixin.py:190} INFO - [2024-10-12T08:07:23.268+0000] {dagbag.py:588} INFO - Filling up the DagBag from /home/vboxuser/airflow_venv/lib/python3.12/site-packages/airflow/example_dags/tutorial_taskflow_api.py
[2024-10-12T08:07:23.288+0000] {processor.py:925} INFO - DAG(s) 'tutorial_taskflow_api' retrieved from /home/vboxuser/airflow_venv/lib/python3.12/site-packages/airflow/example_dags/tutorial_taskflow_api.py
[2024-10-12T08:07:23.325+0000] {logging_mixin.py:190} INFO - [2024-10-12T08:07:23.324+0000] {dag.py:3239} INFO - Sync 1 DAGs
[2024-10-12T08:07:23.356+0000] {logging_mixin.py:190} INFO - [2024-10-12T08:07:23.355+0000] {dag.py:4180} INFO - Setting next_dagrun for tutorial_taskflow_api to None, run_after=None
[2024-10-12T08:07:23.419+0000] {processor.py:208} INFO - Processing /home/vboxuser/airflow_venv/lib/python3.12/site-packages/airflow/example_dags/tutorial_taskflow_api.py took 0.177 seconds
[2024-10-12T08:08:37.148+0000] {processor.py:186} INFO - Started process (PID=14213) to work on /home/vboxuser/airflow_venv/lib/python3.12/site-packages/airflow/example_dags/tutorial_taskflow_api.py
[2024-10-12T08:08:37.155+0000] {processor.py:914} INFO - Processing file /home/vboxuser/airflow_venv/lib/python3.12/site-packages/airflow/example_dags/tutorial_taskflow_api.py for tasks to queue
[2024-10-12T08:08:37.161+0000] {logging_mixin.py:190} INFO - [2024-10-12T08:08:37.160+0000] {dagbag.py:588} INFO - Filling up the DagBag from /home/vboxuser/airflow_venv/lib/python3.12/site-packages/airflow/example_dags/tutorial_taskflow_api.py
[2024-10-12T08:08:37.185+0000] {processor.py:925} INFO - DAG(s) 'tutorial_taskflow_api' retrieved from /home/vboxuser/airflow_venv/lib/python3.12/site-packages/airflow/example_dags/tutorial_taskflow_api.py
[2024-10-12T08:08:37.211+0000] {logging_mixin.py:190} INFO - [2024-10-12T08:08:37.211+0000] {dag.py:3239} INFO - Sync 1 DAGs
[2024-10-12T08:08:37.230+0000] {logging_mixin.py:190} INFO - [2024-10-12T08:08:37.230+0000] {dag.py:4180} INFO - Setting next_dagrun for tutorial_taskflow_api to None, run_after=None
[2024-10-12T08:08:37.288+0000] {processor.py:208} INFO - Processing /home/vboxuser/airflow_venv/lib/python3.12/site-packages/airflow/example_dags/tutorial_taskflow_api.py took 0.155 seconds
[2024-10-12T08:09:53.938+0000] {processor.py:186} INFO - Started process (PID=14277) to work on /home/vboxuser/airflow_venv/lib/python3.12/site-packages/airflow/example_dags/tutorial_taskflow_api.py
[2024-10-12T08:09:53.946+0000] {processor.py:914} INFO - Processing file /home/vboxuser/airflow_venv/lib/python3.12/site-packages/airflow/example_dags/tutorial_taskflow_api.py for tasks to queue
[2024-10-12T08:09:53.951+0000] {logging_mixin.py:190} INFO - [2024-10-12T08:09:53.950+0000] {dagbag.py:588} INFO - Filling up the DagBag from /home/vboxuser/airflow_venv/lib/python3.12/site-packages/airflow/example_dags/tutorial_taskflow_api.py
[2024-10-12T08:09:53.971+0000] {processor.py:925} INFO - DAG(s) 'tutorial_taskflow_api' retrieved from /home/vboxuser/airflow_venv/lib/python3.12/site-packages/airflow/example_dags/tutorial_taskflow_api.py
[2024-10-12T08:09:54.005+0000] {logging_mixin.py:190} INFO - [2024-10-12T08:09:54.005+0000] {dag.py:3239} INFO - Sync 1 DAGs
[2024-10-12T08:09:54.022+0000] {logging_mixin.py:190} INFO - [2024-10-12T08:09:54.022+0000] {dag.py:4180} INFO - Setting next_dagrun for tutorial_taskflow_api to None, run_after=None
[2024-10-12T08:09:54.081+0000] {processor.py:208} INFO - Processing /home/vboxuser/airflow_venv/lib/python3.12/site-packages/airflow/example_dags/tutorial_taskflow_api.py took 0.157 seconds
[2024-10-12T08:11:07.921+0000] {processor.py:186} INFO - Started process (PID=14345) to work on /home/vboxuser/airflow_venv/lib/python3.12/site-packages/airflow/example_dags/tutorial_taskflow_api.py
[2024-10-12T08:11:07.929+0000] {processor.py:914} INFO - Processing file /home/vboxuser/airflow_venv/lib/python3.12/site-packages/airflow/example_dags/tutorial_taskflow_api.py for tasks to queue
[2024-10-12T08:11:07.935+0000] {logging_mixin.py:190} INFO - [2024-10-12T08:11:07.934+0000] {dagbag.py:588} INFO - Filling up the DagBag from /home/vboxuser/airflow_venv/lib/python3.12/site-packages/airflow/example_dags/tutorial_taskflow_api.py
[2024-10-12T08:11:07.953+0000] {processor.py:925} INFO - DAG(s) 'tutorial_taskflow_api' retrieved from /home/vboxuser/airflow_venv/lib/python3.12/site-packages/airflow/example_dags/tutorial_taskflow_api.py
[2024-10-12T08:11:07.986+0000] {logging_mixin.py:190} INFO - [2024-10-12T08:11:07.986+0000] {dag.py:3239} INFO - Sync 1 DAGs
[2024-10-12T08:11:08.013+0000] {logging_mixin.py:190} INFO - [2024-10-12T08:11:08.013+0000] {dag.py:4180} INFO - Setting next_dagrun for tutorial_taskflow_api to None, run_after=None
[2024-10-12T08:11:08.073+0000] {processor.py:208} INFO - Processing /home/vboxuser/airflow_venv/lib/python3.12/site-packages/airflow/example_dags/tutorial_taskflow_api.py took 0.167 seconds
[2024-10-12T08:12:15.066+0000] {processor.py:186} INFO - Started process (PID=14405) to work on /home/vboxuser/airflow_venv/lib/python3.12/site-packages/airflow/example_dags/tutorial_taskflow_api.py
[2024-10-12T08:12:15.073+0000] {processor.py:914} INFO - Processing file /home/vboxuser/airflow_venv/lib/python3.12/site-packages/airflow/example_dags/tutorial_taskflow_api.py for tasks to queue
[2024-10-12T08:12:15.077+0000] {logging_mixin.py:190} INFO - [2024-10-12T08:12:15.077+0000] {dagbag.py:588} INFO - Filling up the DagBag from /home/vboxuser/airflow_venv/lib/python3.12/site-packages/airflow/example_dags/tutorial_taskflow_api.py
[2024-10-12T08:12:15.097+0000] {processor.py:925} INFO - DAG(s) 'tutorial_taskflow_api' retrieved from /home/vboxuser/airflow_venv/lib/python3.12/site-packages/airflow/example_dags/tutorial_taskflow_api.py
[2024-10-12T08:12:15.123+0000] {logging_mixin.py:190} INFO - [2024-10-12T08:12:15.123+0000] {dag.py:3239} INFO - Sync 1 DAGs
[2024-10-12T08:12:15.140+0000] {logging_mixin.py:190} INFO - [2024-10-12T08:12:15.140+0000] {dag.py:4180} INFO - Setting next_dagrun for tutorial_taskflow_api to None, run_after=None
[2024-10-12T08:12:15.187+0000] {processor.py:208} INFO - Processing /home/vboxuser/airflow_venv/lib/python3.12/site-packages/airflow/example_dags/tutorial_taskflow_api.py took 0.134 seconds
[2024-10-12T08:13:24.588+0000] {processor.py:186} INFO - Started process (PID=14467) to work on /home/vboxuser/airflow_venv/lib/python3.12/site-packages/airflow/example_dags/tutorial_taskflow_api.py
[2024-10-12T08:13:24.592+0000] {processor.py:914} INFO - Processing file /home/vboxuser/airflow_venv/lib/python3.12/site-packages/airflow/example_dags/tutorial_taskflow_api.py for tasks to queue
[2024-10-12T08:13:24.599+0000] {logging_mixin.py:190} INFO - [2024-10-12T08:13:24.597+0000] {dagbag.py:588} INFO - Filling up the DagBag from /home/vboxuser/airflow_venv/lib/python3.12/site-packages/airflow/example_dags/tutorial_taskflow_api.py
[2024-10-12T08:13:24.619+0000] {processor.py:925} INFO - DAG(s) 'tutorial_taskflow_api' retrieved from /home/vboxuser/airflow_venv/lib/python3.12/site-packages/airflow/example_dags/tutorial_taskflow_api.py
[2024-10-12T08:13:24.653+0000] {logging_mixin.py:190} INFO - [2024-10-12T08:13:24.652+0000] {dag.py:3239} INFO - Sync 1 DAGs
[2024-10-12T08:13:24.684+0000] {logging_mixin.py:190} INFO - [2024-10-12T08:13:24.683+0000] {dag.py:4180} INFO - Setting next_dagrun for tutorial_taskflow_api to None, run_after=None
[2024-10-12T08:13:24.759+0000] {processor.py:208} INFO - Processing /home/vboxuser/airflow_venv/lib/python3.12/site-packages/airflow/example_dags/tutorial_taskflow_api.py took 0.186 seconds
[2024-10-12T08:14:39.079+0000] {processor.py:186} INFO - Started process (PID=14529) to work on /home/vboxuser/airflow_venv/lib/python3.12/site-packages/airflow/example_dags/tutorial_taskflow_api.py
[2024-10-12T08:14:39.086+0000] {processor.py:914} INFO - Processing file /home/vboxuser/airflow_venv/lib/python3.12/site-packages/airflow/example_dags/tutorial_taskflow_api.py for tasks to queue
[2024-10-12T08:14:39.091+0000] {logging_mixin.py:190} INFO - [2024-10-12T08:14:39.090+0000] {dagbag.py:588} INFO - Filling up the DagBag from /home/vboxuser/airflow_venv/lib/python3.12/site-packages/airflow/example_dags/tutorial_taskflow_api.py
[2024-10-12T08:14:39.111+0000] {processor.py:925} INFO - DAG(s) 'tutorial_taskflow_api' retrieved from /home/vboxuser/airflow_venv/lib/python3.12/site-packages/airflow/example_dags/tutorial_taskflow_api.py
[2024-10-12T08:14:39.146+0000] {logging_mixin.py:190} INFO - [2024-10-12T08:14:39.146+0000] {dag.py:3239} INFO - Sync 1 DAGs
[2024-10-12T08:14:39.179+0000] {logging_mixin.py:190} INFO - [2024-10-12T08:14:39.179+0000] {dag.py:4180} INFO - Setting next_dagrun for tutorial_taskflow_api to None, run_after=None
[2024-10-12T08:14:39.243+0000] {processor.py:208} INFO - Processing /home/vboxuser/airflow_venv/lib/python3.12/site-packages/airflow/example_dags/tutorial_taskflow_api.py took 0.182 seconds
[2024-10-12T08:15:53.408+0000] {processor.py:186} INFO - Started process (PID=14595) to work on /home/vboxuser/airflow_venv/lib/python3.12/site-packages/airflow/example_dags/tutorial_taskflow_api.py
[2024-10-12T08:15:53.415+0000] {processor.py:914} INFO - Processing file /home/vboxuser/airflow_venv/lib/python3.12/site-packages/airflow/example_dags/tutorial_taskflow_api.py for tasks to queue
[2024-10-12T08:15:53.421+0000] {logging_mixin.py:190} INFO - [2024-10-12T08:15:53.420+0000] {dagbag.py:588} INFO - Filling up the DagBag from /home/vboxuser/airflow_venv/lib/python3.12/site-packages/airflow/example_dags/tutorial_taskflow_api.py
[2024-10-12T08:15:53.446+0000] {processor.py:925} INFO - DAG(s) 'tutorial_taskflow_api' retrieved from /home/vboxuser/airflow_venv/lib/python3.12/site-packages/airflow/example_dags/tutorial_taskflow_api.py
[2024-10-12T08:15:53.484+0000] {logging_mixin.py:190} INFO - [2024-10-12T08:15:53.484+0000] {dag.py:3239} INFO - Sync 1 DAGs
[2024-10-12T08:15:53.516+0000] {logging_mixin.py:190} INFO - [2024-10-12T08:15:53.516+0000] {dag.py:4180} INFO - Setting next_dagrun for tutorial_taskflow_api to None, run_after=None
[2024-10-12T08:15:53.579+0000] {processor.py:208} INFO - Processing /home/vboxuser/airflow_venv/lib/python3.12/site-packages/airflow/example_dags/tutorial_taskflow_api.py took 0.188 seconds
[2024-10-12T08:17:07.049+0000] {processor.py:186} INFO - Started process (PID=14661) to work on /home/vboxuser/airflow_venv/lib/python3.12/site-packages/airflow/example_dags/tutorial_taskflow_api.py
[2024-10-12T08:17:07.058+0000] {processor.py:914} INFO - Processing file /home/vboxuser/airflow_venv/lib/python3.12/site-packages/airflow/example_dags/tutorial_taskflow_api.py for tasks to queue
[2024-10-12T08:17:07.066+0000] {logging_mixin.py:190} INFO - [2024-10-12T08:17:07.064+0000] {dagbag.py:588} INFO - Filling up the DagBag from /home/vboxuser/airflow_venv/lib/python3.12/site-packages/airflow/example_dags/tutorial_taskflow_api.py
[2024-10-12T08:17:07.088+0000] {processor.py:925} INFO - DAG(s) 'tutorial_taskflow_api' retrieved from /home/vboxuser/airflow_venv/lib/python3.12/site-packages/airflow/example_dags/tutorial_taskflow_api.py
[2024-10-12T08:17:07.131+0000] {logging_mixin.py:190} INFO - [2024-10-12T08:17:07.131+0000] {dag.py:3239} INFO - Sync 1 DAGs
[2024-10-12T08:17:07.164+0000] {logging_mixin.py:190} INFO - [2024-10-12T08:17:07.163+0000] {dag.py:4180} INFO - Setting next_dagrun for tutorial_taskflow_api to None, run_after=None
[2024-10-12T08:17:07.223+0000] {processor.py:208} INFO - Processing /home/vboxuser/airflow_venv/lib/python3.12/site-packages/airflow/example_dags/tutorial_taskflow_api.py took 0.188 seconds
