[2024-10-12T07:09:24.539+0000] {processor.py:186} INFO - Started process (PID=11332) to work on /home/vboxuser/airflow_venv/lib/python3.12/site-packages/airflow/example_dags/tutorial_dag.py
[2024-10-12T07:09:24.540+0000] {processor.py:914} INFO - Processing file /home/vboxuser/airflow_venv/lib/python3.12/site-packages/airflow/example_dags/tutorial_dag.py for tasks to queue
[2024-10-12T07:09:24.544+0000] {logging_mixin.py:190} INFO - [2024-10-12T07:09:24.543+0000] {dagbag.py:588} INFO - Filling up the DagBag from /home/vboxuser/airflow_venv/lib/python3.12/site-packages/airflow/example_dags/tutorial_dag.py
[2024-10-12T07:09:24.557+0000] {processor.py:925} INFO - DAG(s) 'tutorial_dag' retrieved from /home/vboxuser/airflow_venv/lib/python3.12/site-packages/airflow/example_dags/tutorial_dag.py
[2024-10-12T07:09:24.707+0000] {logging_mixin.py:190} INFO - [2024-10-12T07:09:24.706+0000] {override.py:1901} INFO - Created Permission View: can delete on DAG:tutorial_dag
[2024-10-12T07:09:24.725+0000] {logging_mixin.py:190} INFO - [2024-10-12T07:09:24.725+0000] {override.py:1901} INFO - Created Permission View: can read on DAG:tutorial_dag
[2024-10-12T07:09:24.745+0000] {logging_mixin.py:190} INFO - [2024-10-12T07:09:24.744+0000] {override.py:1901} INFO - Created Permission View: can edit on DAG:tutorial_dag
[2024-10-12T07:09:24.775+0000] {logging_mixin.py:190} INFO - [2024-10-12T07:09:24.774+0000] {override.py:1901} INFO - Created Permission View: can delete on DAG Run:tutorial_dag
[2024-10-12T07:09:24.793+0000] {logging_mixin.py:190} INFO - [2024-10-12T07:09:24.792+0000] {override.py:1901} INFO - Created Permission View: can read on DAG Run:tutorial_dag
[2024-10-12T07:09:24.815+0000] {logging_mixin.py:190} INFO - [2024-10-12T07:09:24.814+0000] {override.py:1901} INFO - Created Permission View: menu access on DAG Run:tutorial_dag
[2024-10-12T07:09:24.833+0000] {logging_mixin.py:190} INFO - [2024-10-12T07:09:24.833+0000] {override.py:1901} INFO - Created Permission View: can create on DAG Run:tutorial_dag
[2024-10-12T07:09:24.833+0000] {logging_mixin.py:190} INFO - [2024-10-12T07:09:24.833+0000] {dag.py:3239} INFO - Sync 1 DAGs
[2024-10-12T07:09:24.844+0000] {logging_mixin.py:190} INFO - [2024-10-12T07:09:24.844+0000] {dag.py:3262} INFO - Creating ORM DAG for tutorial_dag
[2024-10-12T07:09:24.845+0000] {logging_mixin.py:190} INFO - [2024-10-12T07:09:24.845+0000] {dag.py:4180} INFO - Setting next_dagrun for tutorial_dag to None, run_after=None
[2024-10-12T07:09:24.877+0000] {processor.py:208} INFO - Processing /home/vboxuser/airflow_venv/lib/python3.12/site-packages/airflow/example_dags/tutorial_dag.py took 0.347 seconds
[2024-10-12T07:10:36.965+0000] {processor.py:186} INFO - Started process (PID=11403) to work on /home/vboxuser/airflow_venv/lib/python3.12/site-packages/airflow/example_dags/tutorial_dag.py
[2024-10-12T07:10:36.967+0000] {processor.py:914} INFO - Processing file /home/vboxuser/airflow_venv/lib/python3.12/site-packages/airflow/example_dags/tutorial_dag.py for tasks to queue
[2024-10-12T07:10:36.969+0000] {logging_mixin.py:190} INFO - [2024-10-12T07:10:36.969+0000] {dagbag.py:588} INFO - Filling up the DagBag from /home/vboxuser/airflow_venv/lib/python3.12/site-packages/airflow/example_dags/tutorial_dag.py
[2024-10-12T07:10:36.981+0000] {processor.py:925} INFO - DAG(s) 'tutorial_dag' retrieved from /home/vboxuser/airflow_venv/lib/python3.12/site-packages/airflow/example_dags/tutorial_dag.py
[2024-10-12T07:10:37.003+0000] {logging_mixin.py:190} INFO - [2024-10-12T07:10:37.003+0000] {dag.py:3239} INFO - Sync 1 DAGs
[2024-10-12T07:10:37.016+0000] {logging_mixin.py:190} INFO - [2024-10-12T07:10:37.016+0000] {dag.py:4180} INFO - Setting next_dagrun for tutorial_dag to None, run_after=None
[2024-10-12T07:10:37.048+0000] {processor.py:208} INFO - Processing /home/vboxuser/airflow_venv/lib/python3.12/site-packages/airflow/example_dags/tutorial_dag.py took 0.090 seconds
[2024-10-12T07:11:41.050+0000] {processor.py:186} INFO - Started process (PID=11461) to work on /home/vboxuser/airflow_venv/lib/python3.12/site-packages/airflow/example_dags/tutorial_dag.py
[2024-10-12T07:11:41.055+0000] {processor.py:914} INFO - Processing file /home/vboxuser/airflow_venv/lib/python3.12/site-packages/airflow/example_dags/tutorial_dag.py for tasks to queue
[2024-10-12T07:11:41.058+0000] {logging_mixin.py:190} INFO - [2024-10-12T07:11:41.057+0000] {dagbag.py:588} INFO - Filling up the DagBag from /home/vboxuser/airflow_venv/lib/python3.12/site-packages/airflow/example_dags/tutorial_dag.py
[2024-10-12T07:11:41.067+0000] {processor.py:925} INFO - DAG(s) 'tutorial_dag' retrieved from /home/vboxuser/airflow_venv/lib/python3.12/site-packages/airflow/example_dags/tutorial_dag.py
[2024-10-12T07:11:41.085+0000] {logging_mixin.py:190} INFO - [2024-10-12T07:11:41.085+0000] {dag.py:3239} INFO - Sync 1 DAGs
[2024-10-12T07:11:41.099+0000] {logging_mixin.py:190} INFO - [2024-10-12T07:11:41.099+0000] {dag.py:4180} INFO - Setting next_dagrun for tutorial_dag to None, run_after=None
[2024-10-12T07:11:41.133+0000] {processor.py:208} INFO - Processing /home/vboxuser/airflow_venv/lib/python3.12/site-packages/airflow/example_dags/tutorial_dag.py took 0.093 seconds
[2024-10-12T07:12:43.001+0000] {processor.py:186} INFO - Started process (PID=11518) to work on /home/vboxuser/airflow_venv/lib/python3.12/site-packages/airflow/example_dags/tutorial_dag.py
[2024-10-12T07:12:43.009+0000] {processor.py:914} INFO - Processing file /home/vboxuser/airflow_venv/lib/python3.12/site-packages/airflow/example_dags/tutorial_dag.py for tasks to queue
[2024-10-12T07:12:43.014+0000] {logging_mixin.py:190} INFO - [2024-10-12T07:12:43.013+0000] {dagbag.py:588} INFO - Filling up the DagBag from /home/vboxuser/airflow_venv/lib/python3.12/site-packages/airflow/example_dags/tutorial_dag.py
[2024-10-12T07:12:43.025+0000] {processor.py:925} INFO - DAG(s) 'tutorial_dag' retrieved from /home/vboxuser/airflow_venv/lib/python3.12/site-packages/airflow/example_dags/tutorial_dag.py
[2024-10-12T07:12:43.048+0000] {logging_mixin.py:190} INFO - [2024-10-12T07:12:43.048+0000] {dag.py:3239} INFO - Sync 1 DAGs
[2024-10-12T07:12:43.066+0000] {logging_mixin.py:190} INFO - [2024-10-12T07:12:43.066+0000] {dag.py:4180} INFO - Setting next_dagrun for tutorial_dag to None, run_after=None
[2024-10-12T07:12:43.098+0000] {processor.py:208} INFO - Processing /home/vboxuser/airflow_venv/lib/python3.12/site-packages/airflow/example_dags/tutorial_dag.py took 0.108 seconds
[2024-10-12T07:13:47.349+0000] {processor.py:186} INFO - Started process (PID=11654) to work on /home/vboxuser/airflow_venv/lib/python3.12/site-packages/airflow/example_dags/tutorial_dag.py
[2024-10-12T07:13:47.356+0000] {processor.py:914} INFO - Processing file /home/vboxuser/airflow_venv/lib/python3.12/site-packages/airflow/example_dags/tutorial_dag.py for tasks to queue
[2024-10-12T07:13:47.360+0000] {logging_mixin.py:190} INFO - [2024-10-12T07:13:47.359+0000] {dagbag.py:588} INFO - Filling up the DagBag from /home/vboxuser/airflow_venv/lib/python3.12/site-packages/airflow/example_dags/tutorial_dag.py
[2024-10-12T07:13:47.371+0000] {processor.py:925} INFO - DAG(s) 'tutorial_dag' retrieved from /home/vboxuser/airflow_venv/lib/python3.12/site-packages/airflow/example_dags/tutorial_dag.py
[2024-10-12T07:13:47.389+0000] {logging_mixin.py:190} INFO - [2024-10-12T07:13:47.388+0000] {dag.py:3239} INFO - Sync 1 DAGs
[2024-10-12T07:13:47.407+0000] {logging_mixin.py:190} INFO - [2024-10-12T07:13:47.407+0000] {dag.py:4180} INFO - Setting next_dagrun for tutorial_dag to None, run_after=None
[2024-10-12T07:13:47.444+0000] {processor.py:208} INFO - Processing /home/vboxuser/airflow_venv/lib/python3.12/site-packages/airflow/example_dags/tutorial_dag.py took 0.103 seconds
[2024-10-12T07:14:54.570+0000] {processor.py:186} INFO - Started process (PID=11719) to work on /home/vboxuser/airflow_venv/lib/python3.12/site-packages/airflow/example_dags/tutorial_dag.py
[2024-10-12T07:14:54.577+0000] {processor.py:914} INFO - Processing file /home/vboxuser/airflow_venv/lib/python3.12/site-packages/airflow/example_dags/tutorial_dag.py for tasks to queue
[2024-10-12T07:14:54.584+0000] {logging_mixin.py:190} INFO - [2024-10-12T07:14:54.583+0000] {dagbag.py:588} INFO - Filling up the DagBag from /home/vboxuser/airflow_venv/lib/python3.12/site-packages/airflow/example_dags/tutorial_dag.py
[2024-10-12T07:14:54.596+0000] {processor.py:925} INFO - DAG(s) 'tutorial_dag' retrieved from /home/vboxuser/airflow_venv/lib/python3.12/site-packages/airflow/example_dags/tutorial_dag.py
[2024-10-12T07:14:54.612+0000] {logging_mixin.py:190} INFO - [2024-10-12T07:14:54.612+0000] {dag.py:3239} INFO - Sync 1 DAGs
[2024-10-12T07:14:54.626+0000] {logging_mixin.py:190} INFO - [2024-10-12T07:14:54.626+0000] {dag.py:4180} INFO - Setting next_dagrun for tutorial_dag to None, run_after=None
[2024-10-12T07:14:54.794+0000] {processor.py:208} INFO - Processing /home/vboxuser/airflow_venv/lib/python3.12/site-packages/airflow/example_dags/tutorial_dag.py took 0.233 seconds
[2024-10-12T07:16:10.755+0000] {processor.py:186} INFO - Started process (PID=11796) to work on /home/vboxuser/airflow_venv/lib/python3.12/site-packages/airflow/example_dags/tutorial_dag.py
[2024-10-12T07:16:10.760+0000] {processor.py:914} INFO - Processing file /home/vboxuser/airflow_venv/lib/python3.12/site-packages/airflow/example_dags/tutorial_dag.py for tasks to queue
[2024-10-12T07:16:10.772+0000] {logging_mixin.py:190} INFO - [2024-10-12T07:16:10.767+0000] {dagbag.py:588} INFO - Filling up the DagBag from /home/vboxuser/airflow_venv/lib/python3.12/site-packages/airflow/example_dags/tutorial_dag.py
[2024-10-12T07:16:10.786+0000] {processor.py:925} INFO - DAG(s) 'tutorial_dag' retrieved from /home/vboxuser/airflow_venv/lib/python3.12/site-packages/airflow/example_dags/tutorial_dag.py
[2024-10-12T07:16:10.806+0000] {logging_mixin.py:190} INFO - [2024-10-12T07:16:10.806+0000] {dag.py:3239} INFO - Sync 1 DAGs
[2024-10-12T07:16:10.820+0000] {logging_mixin.py:190} INFO - [2024-10-12T07:16:10.820+0000] {dag.py:4180} INFO - Setting next_dagrun for tutorial_dag to None, run_after=None
[2024-10-12T07:16:10.850+0000] {processor.py:208} INFO - Processing /home/vboxuser/airflow_venv/lib/python3.12/site-packages/airflow/example_dags/tutorial_dag.py took 0.106 seconds
[2024-10-12T07:17:10.865+0000] {processor.py:186} INFO - Started process (PID=11856) to work on /home/vboxuser/airflow_venv/lib/python3.12/site-packages/airflow/example_dags/tutorial_dag.py
[2024-10-12T07:17:10.867+0000] {processor.py:914} INFO - Processing file /home/vboxuser/airflow_venv/lib/python3.12/site-packages/airflow/example_dags/tutorial_dag.py for tasks to queue
[2024-10-12T07:17:10.870+0000] {logging_mixin.py:190} INFO - [2024-10-12T07:17:10.869+0000] {dagbag.py:588} INFO - Filling up the DagBag from /home/vboxuser/airflow_venv/lib/python3.12/site-packages/airflow/example_dags/tutorial_dag.py
[2024-10-12T07:17:10.879+0000] {processor.py:925} INFO - DAG(s) 'tutorial_dag' retrieved from /home/vboxuser/airflow_venv/lib/python3.12/site-packages/airflow/example_dags/tutorial_dag.py
[2024-10-12T07:17:10.896+0000] {logging_mixin.py:190} INFO - [2024-10-12T07:17:10.896+0000] {dag.py:3239} INFO - Sync 1 DAGs
[2024-10-12T07:17:10.909+0000] {logging_mixin.py:190} INFO - [2024-10-12T07:17:10.909+0000] {dag.py:4180} INFO - Setting next_dagrun for tutorial_dag to None, run_after=None
[2024-10-12T07:17:10.940+0000] {processor.py:208} INFO - Processing /home/vboxuser/airflow_venv/lib/python3.12/site-packages/airflow/example_dags/tutorial_dag.py took 0.083 seconds
[2024-10-12T07:18:16.285+0000] {processor.py:186} INFO - Started process (PID=11915) to work on /home/vboxuser/airflow_venv/lib/python3.12/site-packages/airflow/example_dags/tutorial_dag.py
[2024-10-12T07:18:16.287+0000] {processor.py:914} INFO - Processing file /home/vboxuser/airflow_venv/lib/python3.12/site-packages/airflow/example_dags/tutorial_dag.py for tasks to queue
[2024-10-12T07:18:16.290+0000] {logging_mixin.py:190} INFO - [2024-10-12T07:18:16.290+0000] {dagbag.py:588} INFO - Filling up the DagBag from /home/vboxuser/airflow_venv/lib/python3.12/site-packages/airflow/example_dags/tutorial_dag.py
[2024-10-12T07:18:16.301+0000] {processor.py:925} INFO - DAG(s) 'tutorial_dag' retrieved from /home/vboxuser/airflow_venv/lib/python3.12/site-packages/airflow/example_dags/tutorial_dag.py
[2024-10-12T07:18:16.326+0000] {logging_mixin.py:190} INFO - [2024-10-12T07:18:16.325+0000] {dag.py:3239} INFO - Sync 1 DAGs
[2024-10-12T07:18:16.340+0000] {logging_mixin.py:190} INFO - [2024-10-12T07:18:16.340+0000] {dag.py:4180} INFO - Setting next_dagrun for tutorial_dag to None, run_after=None
[2024-10-12T07:18:16.372+0000] {processor.py:208} INFO - Processing /home/vboxuser/airflow_venv/lib/python3.12/site-packages/airflow/example_dags/tutorial_dag.py took 0.094 seconds
[2024-10-12T07:19:17.786+0000] {processor.py:186} INFO - Started process (PID=11972) to work on /home/vboxuser/airflow_venv/lib/python3.12/site-packages/airflow/example_dags/tutorial_dag.py
[2024-10-12T07:19:17.789+0000] {processor.py:914} INFO - Processing file /home/vboxuser/airflow_venv/lib/python3.12/site-packages/airflow/example_dags/tutorial_dag.py for tasks to queue
[2024-10-12T07:19:17.792+0000] {logging_mixin.py:190} INFO - [2024-10-12T07:19:17.792+0000] {dagbag.py:588} INFO - Filling up the DagBag from /home/vboxuser/airflow_venv/lib/python3.12/site-packages/airflow/example_dags/tutorial_dag.py
[2024-10-12T07:19:17.804+0000] {processor.py:925} INFO - DAG(s) 'tutorial_dag' retrieved from /home/vboxuser/airflow_venv/lib/python3.12/site-packages/airflow/example_dags/tutorial_dag.py
[2024-10-12T07:19:17.821+0000] {logging_mixin.py:190} INFO - [2024-10-12T07:19:17.820+0000] {dag.py:3239} INFO - Sync 1 DAGs
[2024-10-12T07:19:17.833+0000] {logging_mixin.py:190} INFO - [2024-10-12T07:19:17.833+0000] {dag.py:4180} INFO - Setting next_dagrun for tutorial_dag to None, run_after=None
[2024-10-12T07:19:17.865+0000] {processor.py:208} INFO - Processing /home/vboxuser/airflow_venv/lib/python3.12/site-packages/airflow/example_dags/tutorial_dag.py took 0.087 seconds
[2024-10-12T07:20:23.325+0000] {processor.py:186} INFO - Started process (PID=12035) to work on /home/vboxuser/airflow_venv/lib/python3.12/site-packages/airflow/example_dags/tutorial_dag.py
[2024-10-12T07:20:23.328+0000] {processor.py:914} INFO - Processing file /home/vboxuser/airflow_venv/lib/python3.12/site-packages/airflow/example_dags/tutorial_dag.py for tasks to queue
[2024-10-12T07:20:23.331+0000] {logging_mixin.py:190} INFO - [2024-10-12T07:20:23.331+0000] {dagbag.py:588} INFO - Filling up the DagBag from /home/vboxuser/airflow_venv/lib/python3.12/site-packages/airflow/example_dags/tutorial_dag.py
[2024-10-12T07:20:23.343+0000] {processor.py:925} INFO - DAG(s) 'tutorial_dag' retrieved from /home/vboxuser/airflow_venv/lib/python3.12/site-packages/airflow/example_dags/tutorial_dag.py
[2024-10-12T07:20:23.362+0000] {logging_mixin.py:190} INFO - [2024-10-12T07:20:23.361+0000] {dag.py:3239} INFO - Sync 1 DAGs
[2024-10-12T07:20:23.377+0000] {logging_mixin.py:190} INFO - [2024-10-12T07:20:23.376+0000] {dag.py:4180} INFO - Setting next_dagrun for tutorial_dag to None, run_after=None
[2024-10-12T07:20:23.408+0000] {processor.py:208} INFO - Processing /home/vboxuser/airflow_venv/lib/python3.12/site-packages/airflow/example_dags/tutorial_dag.py took 0.093 seconds
[2024-10-12T07:21:29.244+0000] {processor.py:186} INFO - Started process (PID=12097) to work on /home/vboxuser/airflow_venv/lib/python3.12/site-packages/airflow/example_dags/tutorial_dag.py
[2024-10-12T07:21:29.246+0000] {processor.py:914} INFO - Processing file /home/vboxuser/airflow_venv/lib/python3.12/site-packages/airflow/example_dags/tutorial_dag.py for tasks to queue
[2024-10-12T07:21:29.249+0000] {logging_mixin.py:190} INFO - [2024-10-12T07:21:29.249+0000] {dagbag.py:588} INFO - Filling up the DagBag from /home/vboxuser/airflow_venv/lib/python3.12/site-packages/airflow/example_dags/tutorial_dag.py
[2024-10-12T07:21:29.259+0000] {processor.py:925} INFO - DAG(s) 'tutorial_dag' retrieved from /home/vboxuser/airflow_venv/lib/python3.12/site-packages/airflow/example_dags/tutorial_dag.py
[2024-10-12T07:21:29.278+0000] {logging_mixin.py:190} INFO - [2024-10-12T07:21:29.278+0000] {dag.py:3239} INFO - Sync 1 DAGs
[2024-10-12T07:21:29.294+0000] {logging_mixin.py:190} INFO - [2024-10-12T07:21:29.294+0000] {dag.py:4180} INFO - Setting next_dagrun for tutorial_dag to None, run_after=None
[2024-10-12T07:21:29.327+0000] {processor.py:208} INFO - Processing /home/vboxuser/airflow_venv/lib/python3.12/site-packages/airflow/example_dags/tutorial_dag.py took 0.092 seconds
[2024-10-12T07:22:34.283+0000] {processor.py:186} INFO - Started process (PID=12156) to work on /home/vboxuser/airflow_venv/lib/python3.12/site-packages/airflow/example_dags/tutorial_dag.py
[2024-10-12T07:22:34.287+0000] {processor.py:914} INFO - Processing file /home/vboxuser/airflow_venv/lib/python3.12/site-packages/airflow/example_dags/tutorial_dag.py for tasks to queue
[2024-10-12T07:22:34.291+0000] {logging_mixin.py:190} INFO - [2024-10-12T07:22:34.290+0000] {dagbag.py:588} INFO - Filling up the DagBag from /home/vboxuser/airflow_venv/lib/python3.12/site-packages/airflow/example_dags/tutorial_dag.py
[2024-10-12T07:22:34.307+0000] {processor.py:925} INFO - DAG(s) 'tutorial_dag' retrieved from /home/vboxuser/airflow_venv/lib/python3.12/site-packages/airflow/example_dags/tutorial_dag.py
[2024-10-12T07:22:34.331+0000] {logging_mixin.py:190} INFO - [2024-10-12T07:22:34.331+0000] {dag.py:3239} INFO - Sync 1 DAGs
[2024-10-12T07:22:34.345+0000] {logging_mixin.py:190} INFO - [2024-10-12T07:22:34.344+0000] {dag.py:4180} INFO - Setting next_dagrun for tutorial_dag to None, run_after=None
[2024-10-12T07:22:34.384+0000] {processor.py:208} INFO - Processing /home/vboxuser/airflow_venv/lib/python3.12/site-packages/airflow/example_dags/tutorial_dag.py took 0.118 seconds
[2024-10-12T07:23:48.169+0000] {processor.py:186} INFO - Started process (PID=12218) to work on /home/vboxuser/airflow_venv/lib/python3.12/site-packages/airflow/example_dags/tutorial_dag.py
[2024-10-12T07:23:48.172+0000] {processor.py:914} INFO - Processing file /home/vboxuser/airflow_venv/lib/python3.12/site-packages/airflow/example_dags/tutorial_dag.py for tasks to queue
[2024-10-12T07:23:48.176+0000] {logging_mixin.py:190} INFO - [2024-10-12T07:23:48.175+0000] {dagbag.py:588} INFO - Filling up the DagBag from /home/vboxuser/airflow_venv/lib/python3.12/site-packages/airflow/example_dags/tutorial_dag.py
[2024-10-12T07:23:48.187+0000] {processor.py:925} INFO - DAG(s) 'tutorial_dag' retrieved from /home/vboxuser/airflow_venv/lib/python3.12/site-packages/airflow/example_dags/tutorial_dag.py
[2024-10-12T07:23:48.205+0000] {logging_mixin.py:190} INFO - [2024-10-12T07:23:48.204+0000] {dag.py:3239} INFO - Sync 1 DAGs
[2024-10-12T07:23:48.218+0000] {logging_mixin.py:190} INFO - [2024-10-12T07:23:48.218+0000] {dag.py:4180} INFO - Setting next_dagrun for tutorial_dag to None, run_after=None
[2024-10-12T07:23:48.255+0000] {processor.py:208} INFO - Processing /home/vboxuser/airflow_venv/lib/python3.12/site-packages/airflow/example_dags/tutorial_dag.py took 0.100 seconds
[2024-10-12T07:24:55.076+0000] {processor.py:186} INFO - Started process (PID=12279) to work on /home/vboxuser/airflow_venv/lib/python3.12/site-packages/airflow/example_dags/tutorial_dag.py
[2024-10-12T07:24:55.079+0000] {processor.py:914} INFO - Processing file /home/vboxuser/airflow_venv/lib/python3.12/site-packages/airflow/example_dags/tutorial_dag.py for tasks to queue
[2024-10-12T07:24:55.083+0000] {logging_mixin.py:190} INFO - [2024-10-12T07:24:55.082+0000] {dagbag.py:588} INFO - Filling up the DagBag from /home/vboxuser/airflow_venv/lib/python3.12/site-packages/airflow/example_dags/tutorial_dag.py
[2024-10-12T07:24:55.095+0000] {processor.py:925} INFO - DAG(s) 'tutorial_dag' retrieved from /home/vboxuser/airflow_venv/lib/python3.12/site-packages/airflow/example_dags/tutorial_dag.py
[2024-10-12T07:24:55.114+0000] {logging_mixin.py:190} INFO - [2024-10-12T07:24:55.113+0000] {dag.py:3239} INFO - Sync 1 DAGs
[2024-10-12T07:24:55.129+0000] {logging_mixin.py:190} INFO - [2024-10-12T07:24:55.129+0000] {dag.py:4180} INFO - Setting next_dagrun for tutorial_dag to None, run_after=None
[2024-10-12T07:24:55.176+0000] {processor.py:208} INFO - Processing /home/vboxuser/airflow_venv/lib/python3.12/site-packages/airflow/example_dags/tutorial_dag.py took 0.109 seconds
[2024-10-12T07:26:03.305+0000] {processor.py:186} INFO - Started process (PID=12344) to work on /home/vboxuser/airflow_venv/lib/python3.12/site-packages/airflow/example_dags/tutorial_dag.py
[2024-10-12T07:26:03.307+0000] {processor.py:914} INFO - Processing file /home/vboxuser/airflow_venv/lib/python3.12/site-packages/airflow/example_dags/tutorial_dag.py for tasks to queue
[2024-10-12T07:26:03.312+0000] {logging_mixin.py:190} INFO - [2024-10-12T07:26:03.311+0000] {dagbag.py:588} INFO - Filling up the DagBag from /home/vboxuser/airflow_venv/lib/python3.12/site-packages/airflow/example_dags/tutorial_dag.py
[2024-10-12T07:26:03.328+0000] {processor.py:925} INFO - DAG(s) 'tutorial_dag' retrieved from /home/vboxuser/airflow_venv/lib/python3.12/site-packages/airflow/example_dags/tutorial_dag.py
[2024-10-12T07:26:03.348+0000] {logging_mixin.py:190} INFO - [2024-10-12T07:26:03.348+0000] {dag.py:3239} INFO - Sync 1 DAGs
[2024-10-12T07:26:03.361+0000] {logging_mixin.py:190} INFO - [2024-10-12T07:26:03.361+0000] {dag.py:4180} INFO - Setting next_dagrun for tutorial_dag to None, run_after=None
[2024-10-12T07:26:03.397+0000] {processor.py:208} INFO - Processing /home/vboxuser/airflow_venv/lib/python3.12/site-packages/airflow/example_dags/tutorial_dag.py took 0.101 seconds
[2024-10-12T07:27:15.567+0000] {processor.py:186} INFO - Started process (PID=12407) to work on /home/vboxuser/airflow_venv/lib/python3.12/site-packages/airflow/example_dags/tutorial_dag.py
[2024-10-12T07:27:15.570+0000] {processor.py:914} INFO - Processing file /home/vboxuser/airflow_venv/lib/python3.12/site-packages/airflow/example_dags/tutorial_dag.py for tasks to queue
[2024-10-12T07:27:15.573+0000] {logging_mixin.py:190} INFO - [2024-10-12T07:27:15.572+0000] {dagbag.py:588} INFO - Filling up the DagBag from /home/vboxuser/airflow_venv/lib/python3.12/site-packages/airflow/example_dags/tutorial_dag.py
[2024-10-12T07:27:15.591+0000] {processor.py:925} INFO - DAG(s) 'tutorial_dag' retrieved from /home/vboxuser/airflow_venv/lib/python3.12/site-packages/airflow/example_dags/tutorial_dag.py
[2024-10-12T07:27:15.624+0000] {logging_mixin.py:190} INFO - [2024-10-12T07:27:15.624+0000] {dag.py:3239} INFO - Sync 1 DAGs
[2024-10-12T07:27:15.650+0000] {logging_mixin.py:190} INFO - [2024-10-12T07:27:15.650+0000] {dag.py:4180} INFO - Setting next_dagrun for tutorial_dag to None, run_after=None
[2024-10-12T07:27:15.711+0000] {processor.py:208} INFO - Processing /home/vboxuser/airflow_venv/lib/python3.12/site-packages/airflow/example_dags/tutorial_dag.py took 0.157 seconds
[2024-10-12T07:28:29.744+0000] {processor.py:186} INFO - Started process (PID=12470) to work on /home/vboxuser/airflow_venv/lib/python3.12/site-packages/airflow/example_dags/tutorial_dag.py
[2024-10-12T07:28:29.748+0000] {processor.py:914} INFO - Processing file /home/vboxuser/airflow_venv/lib/python3.12/site-packages/airflow/example_dags/tutorial_dag.py for tasks to queue
[2024-10-12T07:28:29.752+0000] {logging_mixin.py:190} INFO - [2024-10-12T07:28:29.751+0000] {dagbag.py:588} INFO - Filling up the DagBag from /home/vboxuser/airflow_venv/lib/python3.12/site-packages/airflow/example_dags/tutorial_dag.py
[2024-10-12T07:28:29.765+0000] {processor.py:925} INFO - DAG(s) 'tutorial_dag' retrieved from /home/vboxuser/airflow_venv/lib/python3.12/site-packages/airflow/example_dags/tutorial_dag.py
[2024-10-12T07:28:29.788+0000] {logging_mixin.py:190} INFO - [2024-10-12T07:28:29.787+0000] {dag.py:3239} INFO - Sync 1 DAGs
[2024-10-12T07:28:29.802+0000] {logging_mixin.py:190} INFO - [2024-10-12T07:28:29.801+0000] {dag.py:4180} INFO - Setting next_dagrun for tutorial_dag to None, run_after=None
[2024-10-12T07:28:29.836+0000] {processor.py:208} INFO - Processing /home/vboxuser/airflow_venv/lib/python3.12/site-packages/airflow/example_dags/tutorial_dag.py took 0.101 seconds
[2024-10-12T07:29:31.382+0000] {processor.py:186} INFO - Started process (PID=12526) to work on /home/vboxuser/airflow_venv/lib/python3.12/site-packages/airflow/example_dags/tutorial_dag.py
[2024-10-12T07:29:31.385+0000] {processor.py:914} INFO - Processing file /home/vboxuser/airflow_venv/lib/python3.12/site-packages/airflow/example_dags/tutorial_dag.py for tasks to queue
[2024-10-12T07:29:31.388+0000] {logging_mixin.py:190} INFO - [2024-10-12T07:29:31.387+0000] {dagbag.py:588} INFO - Filling up the DagBag from /home/vboxuser/airflow_venv/lib/python3.12/site-packages/airflow/example_dags/tutorial_dag.py
[2024-10-12T07:29:31.402+0000] {processor.py:925} INFO - DAG(s) 'tutorial_dag' retrieved from /home/vboxuser/airflow_venv/lib/python3.12/site-packages/airflow/example_dags/tutorial_dag.py
[2024-10-12T07:29:31.422+0000] {logging_mixin.py:190} INFO - [2024-10-12T07:29:31.422+0000] {dag.py:3239} INFO - Sync 1 DAGs
[2024-10-12T07:29:31.440+0000] {logging_mixin.py:190} INFO - [2024-10-12T07:29:31.440+0000] {dag.py:4180} INFO - Setting next_dagrun for tutorial_dag to None, run_after=None
[2024-10-12T07:29:31.479+0000] {processor.py:208} INFO - Processing /home/vboxuser/airflow_venv/lib/python3.12/site-packages/airflow/example_dags/tutorial_dag.py took 0.108 seconds
[2024-10-12T07:30:44.406+0000] {processor.py:186} INFO - Started process (PID=12610) to work on /home/vboxuser/airflow_venv/lib/python3.12/site-packages/airflow/example_dags/tutorial_dag.py
[2024-10-12T07:30:44.411+0000] {processor.py:914} INFO - Processing file /home/vboxuser/airflow_venv/lib/python3.12/site-packages/airflow/example_dags/tutorial_dag.py for tasks to queue
[2024-10-12T07:30:44.415+0000] {logging_mixin.py:190} INFO - [2024-10-12T07:30:44.414+0000] {dagbag.py:588} INFO - Filling up the DagBag from /home/vboxuser/airflow_venv/lib/python3.12/site-packages/airflow/example_dags/tutorial_dag.py
[2024-10-12T07:30:44.427+0000] {processor.py:925} INFO - DAG(s) 'tutorial_dag' retrieved from /home/vboxuser/airflow_venv/lib/python3.12/site-packages/airflow/example_dags/tutorial_dag.py
[2024-10-12T07:30:44.453+0000] {logging_mixin.py:190} INFO - [2024-10-12T07:30:44.452+0000] {dag.py:3239} INFO - Sync 1 DAGs
[2024-10-12T07:30:44.471+0000] {logging_mixin.py:190} INFO - [2024-10-12T07:30:44.470+0000] {dag.py:4180} INFO - Setting next_dagrun for tutorial_dag to None, run_after=None
[2024-10-12T07:30:44.513+0000] {processor.py:208} INFO - Processing /home/vboxuser/airflow_venv/lib/python3.12/site-packages/airflow/example_dags/tutorial_dag.py took 0.116 seconds
[2024-10-12T07:31:53.019+0000] {processor.py:186} INFO - Started process (PID=12680) to work on /home/vboxuser/airflow_venv/lib/python3.12/site-packages/airflow/example_dags/tutorial_dag.py
[2024-10-12T07:31:53.027+0000] {processor.py:914} INFO - Processing file /home/vboxuser/airflow_venv/lib/python3.12/site-packages/airflow/example_dags/tutorial_dag.py for tasks to queue
[2024-10-12T07:31:53.032+0000] {logging_mixin.py:190} INFO - [2024-10-12T07:31:53.031+0000] {dagbag.py:588} INFO - Filling up the DagBag from /home/vboxuser/airflow_venv/lib/python3.12/site-packages/airflow/example_dags/tutorial_dag.py
[2024-10-12T07:31:53.053+0000] {processor.py:925} INFO - DAG(s) 'tutorial_dag' retrieved from /home/vboxuser/airflow_venv/lib/python3.12/site-packages/airflow/example_dags/tutorial_dag.py
[2024-10-12T07:31:53.123+0000] {logging_mixin.py:190} INFO - [2024-10-12T07:31:53.123+0000] {dag.py:3239} INFO - Sync 1 DAGs
[2024-10-12T07:31:53.149+0000] {logging_mixin.py:190} INFO - [2024-10-12T07:31:53.148+0000] {dag.py:4180} INFO - Setting next_dagrun for tutorial_dag to None, run_after=None
[2024-10-12T07:31:53.203+0000] {processor.py:208} INFO - Processing /home/vboxuser/airflow_venv/lib/python3.12/site-packages/airflow/example_dags/tutorial_dag.py took 0.196 seconds
[2024-10-12T07:32:55.353+0000] {processor.py:186} INFO - Started process (PID=12738) to work on /home/vboxuser/airflow_venv/lib/python3.12/site-packages/airflow/example_dags/tutorial_dag.py
[2024-10-12T07:32:55.356+0000] {processor.py:914} INFO - Processing file /home/vboxuser/airflow_venv/lib/python3.12/site-packages/airflow/example_dags/tutorial_dag.py for tasks to queue
[2024-10-12T07:32:55.359+0000] {logging_mixin.py:190} INFO - [2024-10-12T07:32:55.358+0000] {dagbag.py:588} INFO - Filling up the DagBag from /home/vboxuser/airflow_venv/lib/python3.12/site-packages/airflow/example_dags/tutorial_dag.py
[2024-10-12T07:32:55.371+0000] {processor.py:925} INFO - DAG(s) 'tutorial_dag' retrieved from /home/vboxuser/airflow_venv/lib/python3.12/site-packages/airflow/example_dags/tutorial_dag.py
[2024-10-12T07:32:55.391+0000] {logging_mixin.py:190} INFO - [2024-10-12T07:32:55.391+0000] {dag.py:3239} INFO - Sync 1 DAGs
[2024-10-12T07:32:55.409+0000] {logging_mixin.py:190} INFO - [2024-10-12T07:32:55.409+0000] {dag.py:4180} INFO - Setting next_dagrun for tutorial_dag to None, run_after=None
[2024-10-12T07:32:55.446+0000] {processor.py:208} INFO - Processing /home/vboxuser/airflow_venv/lib/python3.12/site-packages/airflow/example_dags/tutorial_dag.py took 0.100 seconds
[2024-10-12T07:34:00.490+0000] {processor.py:186} INFO - Started process (PID=12797) to work on /home/vboxuser/airflow_venv/lib/python3.12/site-packages/airflow/example_dags/tutorial_dag.py
[2024-10-12T07:34:00.495+0000] {processor.py:914} INFO - Processing file /home/vboxuser/airflow_venv/lib/python3.12/site-packages/airflow/example_dags/tutorial_dag.py for tasks to queue
[2024-10-12T07:34:00.498+0000] {logging_mixin.py:190} INFO - [2024-10-12T07:34:00.498+0000] {dagbag.py:588} INFO - Filling up the DagBag from /home/vboxuser/airflow_venv/lib/python3.12/site-packages/airflow/example_dags/tutorial_dag.py
[2024-10-12T07:34:00.508+0000] {processor.py:925} INFO - DAG(s) 'tutorial_dag' retrieved from /home/vboxuser/airflow_venv/lib/python3.12/site-packages/airflow/example_dags/tutorial_dag.py
[2024-10-12T07:34:00.529+0000] {logging_mixin.py:190} INFO - [2024-10-12T07:34:00.529+0000] {dag.py:3239} INFO - Sync 1 DAGs
[2024-10-12T07:34:00.543+0000] {logging_mixin.py:190} INFO - [2024-10-12T07:34:00.543+0000] {dag.py:4180} INFO - Setting next_dagrun for tutorial_dag to None, run_after=None
[2024-10-12T07:34:00.576+0000] {processor.py:208} INFO - Processing /home/vboxuser/airflow_venv/lib/python3.12/site-packages/airflow/example_dags/tutorial_dag.py took 0.096 seconds
[2024-10-12T07:34:59.940+0000] {processor.py:186} INFO - Started process (PID=12865) to work on /home/vboxuser/airflow_venv/lib/python3.12/site-packages/airflow/example_dags/tutorial_dag.py
[2024-10-12T07:34:59.942+0000] {processor.py:914} INFO - Processing file /home/vboxuser/airflow_venv/lib/python3.12/site-packages/airflow/example_dags/tutorial_dag.py for tasks to queue
[2024-10-12T07:34:59.954+0000] {logging_mixin.py:190} INFO - [2024-10-12T07:34:59.953+0000] {dagbag.py:588} INFO - Filling up the DagBag from /home/vboxuser/airflow_venv/lib/python3.12/site-packages/airflow/example_dags/tutorial_dag.py
[2024-10-12T07:34:59.970+0000] {processor.py:925} INFO - DAG(s) 'tutorial_dag' retrieved from /home/vboxuser/airflow_venv/lib/python3.12/site-packages/airflow/example_dags/tutorial_dag.py
[2024-10-12T07:34:59.994+0000] {logging_mixin.py:190} INFO - [2024-10-12T07:34:59.994+0000] {dag.py:3239} INFO - Sync 1 DAGs
[2024-10-12T07:35:00.014+0000] {logging_mixin.py:190} INFO - [2024-10-12T07:35:00.014+0000] {dag.py:4180} INFO - Setting next_dagrun for tutorial_dag to None, run_after=None
[2024-10-12T07:35:00.116+0000] {processor.py:208} INFO - Processing /home/vboxuser/airflow_venv/lib/python3.12/site-packages/airflow/example_dags/tutorial_dag.py took 0.191 seconds
[2024-10-12T07:47:43.386+0000] {processor.py:186} INFO - Started process (PID=12941) to work on /home/vboxuser/airflow_venv/lib/python3.12/site-packages/airflow/example_dags/tutorial_dag.py
[2024-10-12T07:47:43.389+0000] {processor.py:914} INFO - Processing file /home/vboxuser/airflow_venv/lib/python3.12/site-packages/airflow/example_dags/tutorial_dag.py for tasks to queue
[2024-10-12T07:47:43.393+0000] {logging_mixin.py:190} INFO - [2024-10-12T07:47:43.393+0000] {dagbag.py:588} INFO - Filling up the DagBag from /home/vboxuser/airflow_venv/lib/python3.12/site-packages/airflow/example_dags/tutorial_dag.py
[2024-10-12T07:47:43.411+0000] {processor.py:925} INFO - DAG(s) 'tutorial_dag' retrieved from /home/vboxuser/airflow_venv/lib/python3.12/site-packages/airflow/example_dags/tutorial_dag.py
[2024-10-12T07:47:43.436+0000] {logging_mixin.py:190} INFO - [2024-10-12T07:47:43.436+0000] {dag.py:3239} INFO - Sync 1 DAGs
[2024-10-12T07:47:43.462+0000] {logging_mixin.py:190} INFO - [2024-10-12T07:47:43.462+0000] {dag.py:4180} INFO - Setting next_dagrun for tutorial_dag to None, run_after=None
[2024-10-12T07:47:43.510+0000] {processor.py:208} INFO - Processing /home/vboxuser/airflow_venv/lib/python3.12/site-packages/airflow/example_dags/tutorial_dag.py took 0.140 seconds
[2024-10-12T07:48:53.169+0000] {processor.py:186} INFO - Started process (PID=13002) to work on /home/vboxuser/airflow_venv/lib/python3.12/site-packages/airflow/example_dags/tutorial_dag.py
[2024-10-12T07:48:53.176+0000] {processor.py:914} INFO - Processing file /home/vboxuser/airflow_venv/lib/python3.12/site-packages/airflow/example_dags/tutorial_dag.py for tasks to queue
[2024-10-12T07:48:53.182+0000] {logging_mixin.py:190} INFO - [2024-10-12T07:48:53.181+0000] {dagbag.py:588} INFO - Filling up the DagBag from /home/vboxuser/airflow_venv/lib/python3.12/site-packages/airflow/example_dags/tutorial_dag.py
[2024-10-12T07:48:53.199+0000] {processor.py:925} INFO - DAG(s) 'tutorial_dag' retrieved from /home/vboxuser/airflow_venv/lib/python3.12/site-packages/airflow/example_dags/tutorial_dag.py
[2024-10-12T07:48:53.235+0000] {logging_mixin.py:190} INFO - [2024-10-12T07:48:53.235+0000] {dag.py:3239} INFO - Sync 1 DAGs
[2024-10-12T07:48:53.256+0000] {logging_mixin.py:190} INFO - [2024-10-12T07:48:53.256+0000] {dag.py:4180} INFO - Setting next_dagrun for tutorial_dag to None, run_after=None
[2024-10-12T07:48:53.297+0000] {processor.py:208} INFO - Processing /home/vboxuser/airflow_venv/lib/python3.12/site-packages/airflow/example_dags/tutorial_dag.py took 0.139 seconds
[2024-10-12T07:50:01.385+0000] {processor.py:186} INFO - Started process (PID=13061) to work on /home/vboxuser/airflow_venv/lib/python3.12/site-packages/airflow/example_dags/tutorial_dag.py
[2024-10-12T07:50:01.387+0000] {processor.py:914} INFO - Processing file /home/vboxuser/airflow_venv/lib/python3.12/site-packages/airflow/example_dags/tutorial_dag.py for tasks to queue
[2024-10-12T07:50:01.391+0000] {logging_mixin.py:190} INFO - [2024-10-12T07:50:01.390+0000] {dagbag.py:588} INFO - Filling up the DagBag from /home/vboxuser/airflow_venv/lib/python3.12/site-packages/airflow/example_dags/tutorial_dag.py
[2024-10-12T07:50:01.404+0000] {processor.py:925} INFO - DAG(s) 'tutorial_dag' retrieved from /home/vboxuser/airflow_venv/lib/python3.12/site-packages/airflow/example_dags/tutorial_dag.py
[2024-10-12T07:50:01.426+0000] {logging_mixin.py:190} INFO - [2024-10-12T07:50:01.426+0000] {dag.py:3239} INFO - Sync 1 DAGs
[2024-10-12T07:50:01.442+0000] {logging_mixin.py:190} INFO - [2024-10-12T07:50:01.442+0000] {dag.py:4180} INFO - Setting next_dagrun for tutorial_dag to None, run_after=None
[2024-10-12T07:50:01.486+0000] {processor.py:208} INFO - Processing /home/vboxuser/airflow_venv/lib/python3.12/site-packages/airflow/example_dags/tutorial_dag.py took 0.112 seconds
[2024-10-12T07:51:10.261+0000] {processor.py:186} INFO - Started process (PID=13198) to work on /home/vboxuser/airflow_venv/lib/python3.12/site-packages/airflow/example_dags/tutorial_dag.py
[2024-10-12T07:51:10.263+0000] {processor.py:914} INFO - Processing file /home/vboxuser/airflow_venv/lib/python3.12/site-packages/airflow/example_dags/tutorial_dag.py for tasks to queue
[2024-10-12T07:51:10.266+0000] {logging_mixin.py:190} INFO - [2024-10-12T07:51:10.266+0000] {dagbag.py:588} INFO - Filling up the DagBag from /home/vboxuser/airflow_venv/lib/python3.12/site-packages/airflow/example_dags/tutorial_dag.py
[2024-10-12T07:51:10.276+0000] {processor.py:925} INFO - DAG(s) 'tutorial_dag' retrieved from /home/vboxuser/airflow_venv/lib/python3.12/site-packages/airflow/example_dags/tutorial_dag.py
[2024-10-12T07:51:10.299+0000] {logging_mixin.py:190} INFO - [2024-10-12T07:51:10.298+0000] {dag.py:3239} INFO - Sync 1 DAGs
[2024-10-12T07:51:10.315+0000] {logging_mixin.py:190} INFO - [2024-10-12T07:51:10.315+0000] {dag.py:4180} INFO - Setting next_dagrun for tutorial_dag to None, run_after=None
[2024-10-12T07:51:10.360+0000] {processor.py:208} INFO - Processing /home/vboxuser/airflow_venv/lib/python3.12/site-packages/airflow/example_dags/tutorial_dag.py took 0.110 seconds
[2024-10-12T07:52:22.053+0000] {processor.py:186} INFO - Started process (PID=13273) to work on /home/vboxuser/airflow_venv/lib/python3.12/site-packages/airflow/example_dags/tutorial_dag.py
[2024-10-12T07:52:22.060+0000] {processor.py:914} INFO - Processing file /home/vboxuser/airflow_venv/lib/python3.12/site-packages/airflow/example_dags/tutorial_dag.py for tasks to queue
[2024-10-12T07:52:22.066+0000] {logging_mixin.py:190} INFO - [2024-10-12T07:52:22.065+0000] {dagbag.py:588} INFO - Filling up the DagBag from /home/vboxuser/airflow_venv/lib/python3.12/site-packages/airflow/example_dags/tutorial_dag.py
[2024-10-12T07:52:22.083+0000] {processor.py:925} INFO - DAG(s) 'tutorial_dag' retrieved from /home/vboxuser/airflow_venv/lib/python3.12/site-packages/airflow/example_dags/tutorial_dag.py
[2024-10-12T07:52:22.103+0000] {logging_mixin.py:190} INFO - [2024-10-12T07:52:22.103+0000] {dag.py:3239} INFO - Sync 1 DAGs
[2024-10-12T07:52:22.119+0000] {logging_mixin.py:190} INFO - [2024-10-12T07:52:22.118+0000] {dag.py:4180} INFO - Setting next_dagrun for tutorial_dag to None, run_after=None
[2024-10-12T07:52:22.151+0000] {processor.py:208} INFO - Processing /home/vboxuser/airflow_venv/lib/python3.12/site-packages/airflow/example_dags/tutorial_dag.py took 0.107 seconds
[2024-10-12T07:53:28.100+0000] {processor.py:186} INFO - Started process (PID=13346) to work on /home/vboxuser/airflow_venv/lib/python3.12/site-packages/airflow/example_dags/tutorial_dag.py
[2024-10-12T07:53:28.104+0000] {processor.py:914} INFO - Processing file /home/vboxuser/airflow_venv/lib/python3.12/site-packages/airflow/example_dags/tutorial_dag.py for tasks to queue
[2024-10-12T07:53:28.112+0000] {logging_mixin.py:190} INFO - [2024-10-12T07:53:28.112+0000] {dagbag.py:588} INFO - Filling up the DagBag from /home/vboxuser/airflow_venv/lib/python3.12/site-packages/airflow/example_dags/tutorial_dag.py
[2024-10-12T07:53:28.131+0000] {processor.py:925} INFO - DAG(s) 'tutorial_dag' retrieved from /home/vboxuser/airflow_venv/lib/python3.12/site-packages/airflow/example_dags/tutorial_dag.py
[2024-10-12T07:53:28.166+0000] {logging_mixin.py:190} INFO - [2024-10-12T07:53:28.166+0000] {dag.py:3239} INFO - Sync 1 DAGs
[2024-10-12T07:53:28.187+0000] {logging_mixin.py:190} INFO - [2024-10-12T07:53:28.187+0000] {dag.py:4180} INFO - Setting next_dagrun for tutorial_dag to None, run_after=None
[2024-10-12T07:53:28.240+0000] {processor.py:208} INFO - Processing /home/vboxuser/airflow_venv/lib/python3.12/site-packages/airflow/example_dags/tutorial_dag.py took 0.158 seconds
[2024-10-12T07:54:28.867+0000] {processor.py:186} INFO - Started process (PID=13402) to work on /home/vboxuser/airflow_venv/lib/python3.12/site-packages/airflow/example_dags/tutorial_dag.py
[2024-10-12T07:54:28.873+0000] {processor.py:914} INFO - Processing file /home/vboxuser/airflow_venv/lib/python3.12/site-packages/airflow/example_dags/tutorial_dag.py for tasks to queue
[2024-10-12T07:54:28.876+0000] {logging_mixin.py:190} INFO - [2024-10-12T07:54:28.876+0000] {dagbag.py:588} INFO - Filling up the DagBag from /home/vboxuser/airflow_venv/lib/python3.12/site-packages/airflow/example_dags/tutorial_dag.py
[2024-10-12T07:54:28.889+0000] {processor.py:925} INFO - DAG(s) 'tutorial_dag' retrieved from /home/vboxuser/airflow_venv/lib/python3.12/site-packages/airflow/example_dags/tutorial_dag.py
[2024-10-12T07:54:28.911+0000] {logging_mixin.py:190} INFO - [2024-10-12T07:54:28.911+0000] {dag.py:3239} INFO - Sync 1 DAGs
[2024-10-12T07:54:28.930+0000] {logging_mixin.py:190} INFO - [2024-10-12T07:54:28.930+0000] {dag.py:4180} INFO - Setting next_dagrun for tutorial_dag to None, run_after=None
[2024-10-12T07:54:28.967+0000] {processor.py:208} INFO - Processing /home/vboxuser/airflow_venv/lib/python3.12/site-packages/airflow/example_dags/tutorial_dag.py took 0.116 seconds
[2024-10-12T07:55:30.469+0000] {processor.py:186} INFO - Started process (PID=13464) to work on /home/vboxuser/airflow_venv/lib/python3.12/site-packages/airflow/example_dags/tutorial_dag.py
[2024-10-12T07:55:30.474+0000] {processor.py:914} INFO - Processing file /home/vboxuser/airflow_venv/lib/python3.12/site-packages/airflow/example_dags/tutorial_dag.py for tasks to queue
[2024-10-12T07:55:30.478+0000] {logging_mixin.py:190} INFO - [2024-10-12T07:55:30.477+0000] {dagbag.py:588} INFO - Filling up the DagBag from /home/vboxuser/airflow_venv/lib/python3.12/site-packages/airflow/example_dags/tutorial_dag.py
[2024-10-12T07:55:30.490+0000] {processor.py:925} INFO - DAG(s) 'tutorial_dag' retrieved from /home/vboxuser/airflow_venv/lib/python3.12/site-packages/airflow/example_dags/tutorial_dag.py
[2024-10-12T07:55:30.513+0000] {logging_mixin.py:190} INFO - [2024-10-12T07:55:30.513+0000] {dag.py:3239} INFO - Sync 1 DAGs
[2024-10-12T07:55:30.534+0000] {logging_mixin.py:190} INFO - [2024-10-12T07:55:30.534+0000] {dag.py:4180} INFO - Setting next_dagrun for tutorial_dag to None, run_after=None
[2024-10-12T07:55:30.577+0000] {processor.py:208} INFO - Processing /home/vboxuser/airflow_venv/lib/python3.12/site-packages/airflow/example_dags/tutorial_dag.py took 0.116 seconds
[2024-10-12T07:56:39.977+0000] {processor.py:186} INFO - Started process (PID=13527) to work on /home/vboxuser/airflow_venv/lib/python3.12/site-packages/airflow/example_dags/tutorial_dag.py
[2024-10-12T07:56:39.982+0000] {processor.py:914} INFO - Processing file /home/vboxuser/airflow_venv/lib/python3.12/site-packages/airflow/example_dags/tutorial_dag.py for tasks to queue
[2024-10-12T07:56:39.984+0000] {logging_mixin.py:190} INFO - [2024-10-12T07:56:39.984+0000] {dagbag.py:588} INFO - Filling up the DagBag from /home/vboxuser/airflow_venv/lib/python3.12/site-packages/airflow/example_dags/tutorial_dag.py
[2024-10-12T07:56:39.994+0000] {processor.py:925} INFO - DAG(s) 'tutorial_dag' retrieved from /home/vboxuser/airflow_venv/lib/python3.12/site-packages/airflow/example_dags/tutorial_dag.py
[2024-10-12T07:56:40.013+0000] {logging_mixin.py:190} INFO - [2024-10-12T07:56:40.013+0000] {dag.py:3239} INFO - Sync 1 DAGs
[2024-10-12T07:56:40.027+0000] {logging_mixin.py:190} INFO - [2024-10-12T07:56:40.027+0000] {dag.py:4180} INFO - Setting next_dagrun for tutorial_dag to None, run_after=None
[2024-10-12T07:56:40.059+0000] {processor.py:208} INFO - Processing /home/vboxuser/airflow_venv/lib/python3.12/site-packages/airflow/example_dags/tutorial_dag.py took 0.089 seconds
[2024-10-12T07:57:46.692+0000] {processor.py:186} INFO - Started process (PID=13603) to work on /home/vboxuser/airflow_venv/lib/python3.12/site-packages/airflow/example_dags/tutorial_dag.py
[2024-10-12T07:57:46.695+0000] {processor.py:914} INFO - Processing file /home/vboxuser/airflow_venv/lib/python3.12/site-packages/airflow/example_dags/tutorial_dag.py for tasks to queue
[2024-10-12T07:57:46.698+0000] {logging_mixin.py:190} INFO - [2024-10-12T07:57:46.697+0000] {dagbag.py:588} INFO - Filling up the DagBag from /home/vboxuser/airflow_venv/lib/python3.12/site-packages/airflow/example_dags/tutorial_dag.py
[2024-10-12T07:57:46.709+0000] {processor.py:925} INFO - DAG(s) 'tutorial_dag' retrieved from /home/vboxuser/airflow_venv/lib/python3.12/site-packages/airflow/example_dags/tutorial_dag.py
[2024-10-12T07:57:46.728+0000] {logging_mixin.py:190} INFO - [2024-10-12T07:57:46.728+0000] {dag.py:3239} INFO - Sync 1 DAGs
[2024-10-12T07:57:46.743+0000] {logging_mixin.py:190} INFO - [2024-10-12T07:57:46.743+0000] {dag.py:4180} INFO - Setting next_dagrun for tutorial_dag to None, run_after=None
[2024-10-12T07:57:46.778+0000] {processor.py:208} INFO - Processing /home/vboxuser/airflow_venv/lib/python3.12/site-packages/airflow/example_dags/tutorial_dag.py took 0.093 seconds
[2024-10-12T07:58:48.505+0000] {processor.py:186} INFO - Started process (PID=13661) to work on /home/vboxuser/airflow_venv/lib/python3.12/site-packages/airflow/example_dags/tutorial_dag.py
[2024-10-12T07:58:48.510+0000] {processor.py:914} INFO - Processing file /home/vboxuser/airflow_venv/lib/python3.12/site-packages/airflow/example_dags/tutorial_dag.py for tasks to queue
[2024-10-12T07:58:48.514+0000] {logging_mixin.py:190} INFO - [2024-10-12T07:58:48.514+0000] {dagbag.py:588} INFO - Filling up the DagBag from /home/vboxuser/airflow_venv/lib/python3.12/site-packages/airflow/example_dags/tutorial_dag.py
[2024-10-12T07:58:48.525+0000] {processor.py:925} INFO - DAG(s) 'tutorial_dag' retrieved from /home/vboxuser/airflow_venv/lib/python3.12/site-packages/airflow/example_dags/tutorial_dag.py
[2024-10-12T07:58:48.550+0000] {logging_mixin.py:190} INFO - [2024-10-12T07:58:48.549+0000] {dag.py:3239} INFO - Sync 1 DAGs
[2024-10-12T07:58:48.569+0000] {logging_mixin.py:190} INFO - [2024-10-12T07:58:48.569+0000] {dag.py:4180} INFO - Setting next_dagrun for tutorial_dag to None, run_after=None
[2024-10-12T07:58:48.607+0000] {processor.py:208} INFO - Processing /home/vboxuser/airflow_venv/lib/python3.12/site-packages/airflow/example_dags/tutorial_dag.py took 0.110 seconds
[2024-10-12T07:59:49.714+0000] {processor.py:186} INFO - Started process (PID=13718) to work on /home/vboxuser/airflow_venv/lib/python3.12/site-packages/airflow/example_dags/tutorial_dag.py
[2024-10-12T07:59:49.717+0000] {processor.py:914} INFO - Processing file /home/vboxuser/airflow_venv/lib/python3.12/site-packages/airflow/example_dags/tutorial_dag.py for tasks to queue
[2024-10-12T07:59:49.720+0000] {logging_mixin.py:190} INFO - [2024-10-12T07:59:49.720+0000] {dagbag.py:588} INFO - Filling up the DagBag from /home/vboxuser/airflow_venv/lib/python3.12/site-packages/airflow/example_dags/tutorial_dag.py
[2024-10-12T07:59:49.733+0000] {processor.py:925} INFO - DAG(s) 'tutorial_dag' retrieved from /home/vboxuser/airflow_venv/lib/python3.12/site-packages/airflow/example_dags/tutorial_dag.py
[2024-10-12T07:59:49.755+0000] {logging_mixin.py:190} INFO - [2024-10-12T07:59:49.755+0000] {dag.py:3239} INFO - Sync 1 DAGs
[2024-10-12T07:59:49.774+0000] {logging_mixin.py:190} INFO - [2024-10-12T07:59:49.773+0000] {dag.py:4180} INFO - Setting next_dagrun for tutorial_dag to None, run_after=None
[2024-10-12T07:59:49.817+0000] {processor.py:208} INFO - Processing /home/vboxuser/airflow_venv/lib/python3.12/site-packages/airflow/example_dags/tutorial_dag.py took 0.114 seconds
[2024-10-12T08:00:52.962+0000] {processor.py:186} INFO - Started process (PID=13780) to work on /home/vboxuser/airflow_venv/lib/python3.12/site-packages/airflow/example_dags/tutorial_dag.py
[2024-10-12T08:00:52.965+0000] {processor.py:914} INFO - Processing file /home/vboxuser/airflow_venv/lib/python3.12/site-packages/airflow/example_dags/tutorial_dag.py for tasks to queue
[2024-10-12T08:00:52.968+0000] {logging_mixin.py:190} INFO - [2024-10-12T08:00:52.968+0000] {dagbag.py:588} INFO - Filling up the DagBag from /home/vboxuser/airflow_venv/lib/python3.12/site-packages/airflow/example_dags/tutorial_dag.py
[2024-10-12T08:00:52.983+0000] {processor.py:925} INFO - DAG(s) 'tutorial_dag' retrieved from /home/vboxuser/airflow_venv/lib/python3.12/site-packages/airflow/example_dags/tutorial_dag.py
[2024-10-12T08:00:53.007+0000] {logging_mixin.py:190} INFO - [2024-10-12T08:00:53.006+0000] {dag.py:3239} INFO - Sync 1 DAGs
[2024-10-12T08:00:53.025+0000] {logging_mixin.py:190} INFO - [2024-10-12T08:00:53.024+0000] {dag.py:4180} INFO - Setting next_dagrun for tutorial_dag to None, run_after=None
[2024-10-12T08:00:53.070+0000] {processor.py:208} INFO - Processing /home/vboxuser/airflow_venv/lib/python3.12/site-packages/airflow/example_dags/tutorial_dag.py took 0.118 seconds
[2024-10-12T08:02:02.828+0000] {processor.py:186} INFO - Started process (PID=13841) to work on /home/vboxuser/airflow_venv/lib/python3.12/site-packages/airflow/example_dags/tutorial_dag.py
[2024-10-12T08:02:02.830+0000] {processor.py:914} INFO - Processing file /home/vboxuser/airflow_venv/lib/python3.12/site-packages/airflow/example_dags/tutorial_dag.py for tasks to queue
[2024-10-12T08:02:02.833+0000] {logging_mixin.py:190} INFO - [2024-10-12T08:02:02.833+0000] {dagbag.py:588} INFO - Filling up the DagBag from /home/vboxuser/airflow_venv/lib/python3.12/site-packages/airflow/example_dags/tutorial_dag.py
[2024-10-12T08:02:02.845+0000] {processor.py:925} INFO - DAG(s) 'tutorial_dag' retrieved from /home/vboxuser/airflow_venv/lib/python3.12/site-packages/airflow/example_dags/tutorial_dag.py
[2024-10-12T08:02:02.867+0000] {logging_mixin.py:190} INFO - [2024-10-12T08:02:02.866+0000] {dag.py:3239} INFO - Sync 1 DAGs
[2024-10-12T08:02:02.883+0000] {logging_mixin.py:190} INFO - [2024-10-12T08:02:02.883+0000] {dag.py:4180} INFO - Setting next_dagrun for tutorial_dag to None, run_after=None
[2024-10-12T08:02:02.929+0000] {processor.py:208} INFO - Processing /home/vboxuser/airflow_venv/lib/python3.12/site-packages/airflow/example_dags/tutorial_dag.py took 0.132 seconds
[2024-10-12T08:03:05.547+0000] {processor.py:186} INFO - Started process (PID=13900) to work on /home/vboxuser/airflow_venv/lib/python3.12/site-packages/airflow/example_dags/tutorial_dag.py
[2024-10-12T08:03:05.552+0000] {processor.py:914} INFO - Processing file /home/vboxuser/airflow_venv/lib/python3.12/site-packages/airflow/example_dags/tutorial_dag.py for tasks to queue
[2024-10-12T08:03:05.556+0000] {logging_mixin.py:190} INFO - [2024-10-12T08:03:05.555+0000] {dagbag.py:588} INFO - Filling up the DagBag from /home/vboxuser/airflow_venv/lib/python3.12/site-packages/airflow/example_dags/tutorial_dag.py
[2024-10-12T08:03:05.570+0000] {processor.py:925} INFO - DAG(s) 'tutorial_dag' retrieved from /home/vboxuser/airflow_venv/lib/python3.12/site-packages/airflow/example_dags/tutorial_dag.py
[2024-10-12T08:03:05.594+0000] {logging_mixin.py:190} INFO - [2024-10-12T08:03:05.594+0000] {dag.py:3239} INFO - Sync 1 DAGs
[2024-10-12T08:03:05.612+0000] {logging_mixin.py:190} INFO - [2024-10-12T08:03:05.611+0000] {dag.py:4180} INFO - Setting next_dagrun for tutorial_dag to None, run_after=None
[2024-10-12T08:03:05.652+0000] {processor.py:208} INFO - Processing /home/vboxuser/airflow_venv/lib/python3.12/site-packages/airflow/example_dags/tutorial_dag.py took 0.113 seconds
[2024-10-12T08:04:12.848+0000] {processor.py:186} INFO - Started process (PID=13969) to work on /home/vboxuser/airflow_venv/lib/python3.12/site-packages/airflow/example_dags/tutorial_dag.py
[2024-10-12T08:04:12.851+0000] {processor.py:914} INFO - Processing file /home/vboxuser/airflow_venv/lib/python3.12/site-packages/airflow/example_dags/tutorial_dag.py for tasks to queue
[2024-10-12T08:04:12.854+0000] {logging_mixin.py:190} INFO - [2024-10-12T08:04:12.853+0000] {dagbag.py:588} INFO - Filling up the DagBag from /home/vboxuser/airflow_venv/lib/python3.12/site-packages/airflow/example_dags/tutorial_dag.py
[2024-10-12T08:04:12.867+0000] {processor.py:925} INFO - DAG(s) 'tutorial_dag' retrieved from /home/vboxuser/airflow_venv/lib/python3.12/site-packages/airflow/example_dags/tutorial_dag.py
[2024-10-12T08:04:12.889+0000] {logging_mixin.py:190} INFO - [2024-10-12T08:04:12.888+0000] {dag.py:3239} INFO - Sync 1 DAGs
[2024-10-12T08:04:12.906+0000] {logging_mixin.py:190} INFO - [2024-10-12T08:04:12.906+0000] {dag.py:4180} INFO - Setting next_dagrun for tutorial_dag to None, run_after=None
[2024-10-12T08:04:12.947+0000] {processor.py:208} INFO - Processing /home/vboxuser/airflow_venv/lib/python3.12/site-packages/airflow/example_dags/tutorial_dag.py took 0.110 seconds
[2024-10-12T08:05:22.986+0000] {processor.py:186} INFO - Started process (PID=14036) to work on /home/vboxuser/airflow_venv/lib/python3.12/site-packages/airflow/example_dags/tutorial_dag.py
[2024-10-12T08:05:22.989+0000] {processor.py:914} INFO - Processing file /home/vboxuser/airflow_venv/lib/python3.12/site-packages/airflow/example_dags/tutorial_dag.py for tasks to queue
[2024-10-12T08:05:22.993+0000] {logging_mixin.py:190} INFO - [2024-10-12T08:05:22.992+0000] {dagbag.py:588} INFO - Filling up the DagBag from /home/vboxuser/airflow_venv/lib/python3.12/site-packages/airflow/example_dags/tutorial_dag.py
[2024-10-12T08:05:23.005+0000] {processor.py:925} INFO - DAG(s) 'tutorial_dag' retrieved from /home/vboxuser/airflow_venv/lib/python3.12/site-packages/airflow/example_dags/tutorial_dag.py
[2024-10-12T08:05:23.028+0000] {logging_mixin.py:190} INFO - [2024-10-12T08:05:23.028+0000] {dag.py:3239} INFO - Sync 1 DAGs
[2024-10-12T08:05:23.044+0000] {logging_mixin.py:190} INFO - [2024-10-12T08:05:23.044+0000] {dag.py:4180} INFO - Setting next_dagrun for tutorial_dag to None, run_after=None
[2024-10-12T08:05:23.082+0000] {processor.py:208} INFO - Processing /home/vboxuser/airflow_venv/lib/python3.12/site-packages/airflow/example_dags/tutorial_dag.py took 0.105 seconds
[2024-10-12T08:06:36.317+0000] {processor.py:186} INFO - Started process (PID=14105) to work on /home/vboxuser/airflow_venv/lib/python3.12/site-packages/airflow/example_dags/tutorial_dag.py
[2024-10-12T08:06:36.326+0000] {processor.py:914} INFO - Processing file /home/vboxuser/airflow_venv/lib/python3.12/site-packages/airflow/example_dags/tutorial_dag.py for tasks to queue
[2024-10-12T08:06:36.335+0000] {logging_mixin.py:190} INFO - [2024-10-12T08:06:36.333+0000] {dagbag.py:588} INFO - Filling up the DagBag from /home/vboxuser/airflow_venv/lib/python3.12/site-packages/airflow/example_dags/tutorial_dag.py
[2024-10-12T08:06:36.362+0000] {processor.py:925} INFO - DAG(s) 'tutorial_dag' retrieved from /home/vboxuser/airflow_venv/lib/python3.12/site-packages/airflow/example_dags/tutorial_dag.py
[2024-10-12T08:06:36.398+0000] {logging_mixin.py:190} INFO - [2024-10-12T08:06:36.398+0000] {dag.py:3239} INFO - Sync 1 DAGs
[2024-10-12T08:06:36.433+0000] {logging_mixin.py:190} INFO - [2024-10-12T08:06:36.433+0000] {dag.py:4180} INFO - Setting next_dagrun for tutorial_dag to None, run_after=None
[2024-10-12T08:06:36.495+0000] {processor.py:208} INFO - Processing /home/vboxuser/airflow_venv/lib/python3.12/site-packages/airflow/example_dags/tutorial_dag.py took 0.194 seconds
[2024-10-12T08:07:52.150+0000] {processor.py:186} INFO - Started process (PID=14174) to work on /home/vboxuser/airflow_venv/lib/python3.12/site-packages/airflow/example_dags/tutorial_dag.py
[2024-10-12T08:07:52.157+0000] {processor.py:914} INFO - Processing file /home/vboxuser/airflow_venv/lib/python3.12/site-packages/airflow/example_dags/tutorial_dag.py for tasks to queue
[2024-10-12T08:07:52.163+0000] {logging_mixin.py:190} INFO - [2024-10-12T08:07:52.162+0000] {dagbag.py:588} INFO - Filling up the DagBag from /home/vboxuser/airflow_venv/lib/python3.12/site-packages/airflow/example_dags/tutorial_dag.py
[2024-10-12T08:07:52.183+0000] {processor.py:925} INFO - DAG(s) 'tutorial_dag' retrieved from /home/vboxuser/airflow_venv/lib/python3.12/site-packages/airflow/example_dags/tutorial_dag.py
[2024-10-12T08:07:52.204+0000] {logging_mixin.py:190} INFO - [2024-10-12T08:07:52.204+0000] {dag.py:3239} INFO - Sync 1 DAGs
[2024-10-12T08:07:52.231+0000] {logging_mixin.py:190} INFO - [2024-10-12T08:07:52.231+0000] {dag.py:4180} INFO - Setting next_dagrun for tutorial_dag to None, run_after=None
[2024-10-12T08:07:52.290+0000] {processor.py:208} INFO - Processing /home/vboxuser/airflow_venv/lib/python3.12/site-packages/airflow/example_dags/tutorial_dag.py took 0.157 seconds
[2024-10-12T08:09:06.079+0000] {processor.py:186} INFO - Started process (PID=14239) to work on /home/vboxuser/airflow_venv/lib/python3.12/site-packages/airflow/example_dags/tutorial_dag.py
[2024-10-12T08:09:06.086+0000] {processor.py:914} INFO - Processing file /home/vboxuser/airflow_venv/lib/python3.12/site-packages/airflow/example_dags/tutorial_dag.py for tasks to queue
[2024-10-12T08:09:06.091+0000] {logging_mixin.py:190} INFO - [2024-10-12T08:09:06.090+0000] {dagbag.py:588} INFO - Filling up the DagBag from /home/vboxuser/airflow_venv/lib/python3.12/site-packages/airflow/example_dags/tutorial_dag.py
[2024-10-12T08:09:06.109+0000] {processor.py:925} INFO - DAG(s) 'tutorial_dag' retrieved from /home/vboxuser/airflow_venv/lib/python3.12/site-packages/airflow/example_dags/tutorial_dag.py
[2024-10-12T08:09:06.144+0000] {logging_mixin.py:190} INFO - [2024-10-12T08:09:06.144+0000] {dag.py:3239} INFO - Sync 1 DAGs
[2024-10-12T08:09:06.173+0000] {logging_mixin.py:190} INFO - [2024-10-12T08:09:06.172+0000] {dag.py:4180} INFO - Setting next_dagrun for tutorial_dag to None, run_after=None
[2024-10-12T08:09:06.229+0000] {processor.py:208} INFO - Processing /home/vboxuser/airflow_venv/lib/python3.12/site-packages/airflow/example_dags/tutorial_dag.py took 0.166 seconds
[2024-10-12T08:10:23.861+0000] {processor.py:186} INFO - Started process (PID=14305) to work on /home/vboxuser/airflow_venv/lib/python3.12/site-packages/airflow/example_dags/tutorial_dag.py
[2024-10-12T08:10:23.869+0000] {processor.py:914} INFO - Processing file /home/vboxuser/airflow_venv/lib/python3.12/site-packages/airflow/example_dags/tutorial_dag.py for tasks to queue
[2024-10-12T08:10:23.874+0000] {logging_mixin.py:190} INFO - [2024-10-12T08:10:23.873+0000] {dagbag.py:588} INFO - Filling up the DagBag from /home/vboxuser/airflow_venv/lib/python3.12/site-packages/airflow/example_dags/tutorial_dag.py
[2024-10-12T08:10:23.891+0000] {processor.py:925} INFO - DAG(s) 'tutorial_dag' retrieved from /home/vboxuser/airflow_venv/lib/python3.12/site-packages/airflow/example_dags/tutorial_dag.py
[2024-10-12T08:10:23.924+0000] {logging_mixin.py:190} INFO - [2024-10-12T08:10:23.923+0000] {dag.py:3239} INFO - Sync 1 DAGs
[2024-10-12T08:10:23.951+0000] {logging_mixin.py:190} INFO - [2024-10-12T08:10:23.951+0000] {dag.py:4180} INFO - Setting next_dagrun for tutorial_dag to None, run_after=None
[2024-10-12T08:10:24.018+0000] {processor.py:208} INFO - Processing /home/vboxuser/airflow_venv/lib/python3.12/site-packages/airflow/example_dags/tutorial_dag.py took 0.170 seconds
[2024-10-12T08:11:34.756+0000] {processor.py:186} INFO - Started process (PID=14368) to work on /home/vboxuser/airflow_venv/lib/python3.12/site-packages/airflow/example_dags/tutorial_dag.py
[2024-10-12T08:11:34.764+0000] {processor.py:914} INFO - Processing file /home/vboxuser/airflow_venv/lib/python3.12/site-packages/airflow/example_dags/tutorial_dag.py for tasks to queue
[2024-10-12T08:11:34.769+0000] {logging_mixin.py:190} INFO - [2024-10-12T08:11:34.768+0000] {dagbag.py:588} INFO - Filling up the DagBag from /home/vboxuser/airflow_venv/lib/python3.12/site-packages/airflow/example_dags/tutorial_dag.py
[2024-10-12T08:11:34.785+0000] {processor.py:925} INFO - DAG(s) 'tutorial_dag' retrieved from /home/vboxuser/airflow_venv/lib/python3.12/site-packages/airflow/example_dags/tutorial_dag.py
[2024-10-12T08:11:34.816+0000] {logging_mixin.py:190} INFO - [2024-10-12T08:11:34.815+0000] {dag.py:3239} INFO - Sync 1 DAGs
[2024-10-12T08:11:34.841+0000] {logging_mixin.py:190} INFO - [2024-10-12T08:11:34.841+0000] {dag.py:4180} INFO - Setting next_dagrun for tutorial_dag to None, run_after=None
[2024-10-12T08:11:34.900+0000] {processor.py:208} INFO - Processing /home/vboxuser/airflow_venv/lib/python3.12/site-packages/airflow/example_dags/tutorial_dag.py took 0.160 seconds
[2024-10-12T08:12:39.757+0000] {processor.py:186} INFO - Started process (PID=14428) to work on /home/vboxuser/airflow_venv/lib/python3.12/site-packages/airflow/example_dags/tutorial_dag.py
[2024-10-12T08:12:39.763+0000] {processor.py:914} INFO - Processing file /home/vboxuser/airflow_venv/lib/python3.12/site-packages/airflow/example_dags/tutorial_dag.py for tasks to queue
[2024-10-12T08:12:39.768+0000] {logging_mixin.py:190} INFO - [2024-10-12T08:12:39.767+0000] {dagbag.py:588} INFO - Filling up the DagBag from /home/vboxuser/airflow_venv/lib/python3.12/site-packages/airflow/example_dags/tutorial_dag.py
[2024-10-12T08:12:39.785+0000] {processor.py:925} INFO - DAG(s) 'tutorial_dag' retrieved from /home/vboxuser/airflow_venv/lib/python3.12/site-packages/airflow/example_dags/tutorial_dag.py
[2024-10-12T08:12:39.821+0000] {logging_mixin.py:190} INFO - [2024-10-12T08:12:39.820+0000] {dag.py:3239} INFO - Sync 1 DAGs
[2024-10-12T08:12:39.851+0000] {logging_mixin.py:190} INFO - [2024-10-12T08:12:39.850+0000] {dag.py:4180} INFO - Setting next_dagrun for tutorial_dag to None, run_after=None
[2024-10-12T08:12:39.916+0000] {processor.py:208} INFO - Processing /home/vboxuser/airflow_venv/lib/python3.12/site-packages/airflow/example_dags/tutorial_dag.py took 0.177 seconds
[2024-10-12T08:13:51.139+0000] {processor.py:186} INFO - Started process (PID=14490) to work on /home/vboxuser/airflow_venv/lib/python3.12/site-packages/airflow/example_dags/tutorial_dag.py
[2024-10-12T08:13:51.146+0000] {processor.py:914} INFO - Processing file /home/vboxuser/airflow_venv/lib/python3.12/site-packages/airflow/example_dags/tutorial_dag.py for tasks to queue
[2024-10-12T08:13:51.152+0000] {logging_mixin.py:190} INFO - [2024-10-12T08:13:51.151+0000] {dagbag.py:588} INFO - Filling up the DagBag from /home/vboxuser/airflow_venv/lib/python3.12/site-packages/airflow/example_dags/tutorial_dag.py
[2024-10-12T08:13:51.170+0000] {processor.py:925} INFO - DAG(s) 'tutorial_dag' retrieved from /home/vboxuser/airflow_venv/lib/python3.12/site-packages/airflow/example_dags/tutorial_dag.py
[2024-10-12T08:13:51.210+0000] {logging_mixin.py:190} INFO - [2024-10-12T08:13:51.210+0000] {dag.py:3239} INFO - Sync 1 DAGs
[2024-10-12T08:13:51.237+0000] {logging_mixin.py:190} INFO - [2024-10-12T08:13:51.236+0000] {dag.py:4180} INFO - Setting next_dagrun for tutorial_dag to None, run_after=None
[2024-10-12T08:13:51.288+0000] {processor.py:208} INFO - Processing /home/vboxuser/airflow_venv/lib/python3.12/site-packages/airflow/example_dags/tutorial_dag.py took 0.167 seconds
[2024-10-12T08:15:07.064+0000] {processor.py:186} INFO - Started process (PID=14556) to work on /home/vboxuser/airflow_venv/lib/python3.12/site-packages/airflow/example_dags/tutorial_dag.py
[2024-10-12T08:15:07.071+0000] {processor.py:914} INFO - Processing file /home/vboxuser/airflow_venv/lib/python3.12/site-packages/airflow/example_dags/tutorial_dag.py for tasks to queue
[2024-10-12T08:15:07.076+0000] {logging_mixin.py:190} INFO - [2024-10-12T08:15:07.075+0000] {dagbag.py:588} INFO - Filling up the DagBag from /home/vboxuser/airflow_venv/lib/python3.12/site-packages/airflow/example_dags/tutorial_dag.py
[2024-10-12T08:15:07.093+0000] {processor.py:925} INFO - DAG(s) 'tutorial_dag' retrieved from /home/vboxuser/airflow_venv/lib/python3.12/site-packages/airflow/example_dags/tutorial_dag.py
[2024-10-12T08:15:07.128+0000] {logging_mixin.py:190} INFO - [2024-10-12T08:15:07.127+0000] {dag.py:3239} INFO - Sync 1 DAGs
[2024-10-12T08:15:07.157+0000] {logging_mixin.py:190} INFO - [2024-10-12T08:15:07.156+0000] {dag.py:4180} INFO - Setting next_dagrun for tutorial_dag to None, run_after=None
[2024-10-12T08:15:07.220+0000] {processor.py:208} INFO - Processing /home/vboxuser/airflow_venv/lib/python3.12/site-packages/airflow/example_dags/tutorial_dag.py took 0.168 seconds
[2024-10-12T08:16:21.037+0000] {processor.py:186} INFO - Started process (PID=14618) to work on /home/vboxuser/airflow_venv/lib/python3.12/site-packages/airflow/example_dags/tutorial_dag.py
[2024-10-12T08:16:21.044+0000] {processor.py:914} INFO - Processing file /home/vboxuser/airflow_venv/lib/python3.12/site-packages/airflow/example_dags/tutorial_dag.py for tasks to queue
[2024-10-12T08:16:21.051+0000] {logging_mixin.py:190} INFO - [2024-10-12T08:16:21.050+0000] {dagbag.py:588} INFO - Filling up the DagBag from /home/vboxuser/airflow_venv/lib/python3.12/site-packages/airflow/example_dags/tutorial_dag.py
[2024-10-12T08:16:21.077+0000] {processor.py:925} INFO - DAG(s) 'tutorial_dag' retrieved from /home/vboxuser/airflow_venv/lib/python3.12/site-packages/airflow/example_dags/tutorial_dag.py
[2024-10-12T08:16:21.112+0000] {logging_mixin.py:190} INFO - [2024-10-12T08:16:21.111+0000] {dag.py:3239} INFO - Sync 1 DAGs
[2024-10-12T08:16:21.140+0000] {logging_mixin.py:190} INFO - [2024-10-12T08:16:21.139+0000] {dag.py:4180} INFO - Setting next_dagrun for tutorial_dag to None, run_after=None
[2024-10-12T08:16:21.201+0000] {processor.py:208} INFO - Processing /home/vboxuser/airflow_venv/lib/python3.12/site-packages/airflow/example_dags/tutorial_dag.py took 0.180 seconds
