[2024-10-12T07:08:38.921+0000] {processor.py:186} INFO - Started process (PID=11300) to work on /home/vboxuser/airflow_venv/lib/python3.12/site-packages/airflow/example_dags/tutorial.py
[2024-10-12T07:08:38.923+0000] {processor.py:914} INFO - Processing file /home/vboxuser/airflow_venv/lib/python3.12/site-packages/airflow/example_dags/tutorial.py for tasks to queue
[2024-10-12T07:08:38.931+0000] {logging_mixin.py:190} INFO - [2024-10-12T07:08:38.929+0000] {dagbag.py:588} INFO - Filling up the DagBag from /home/vboxuser/airflow_venv/lib/python3.12/site-packages/airflow/example_dags/tutorial.py
[2024-10-12T07:08:38.970+0000] {processor.py:925} INFO - DAG(s) 'tutorial' retrieved from /home/vboxuser/airflow_venv/lib/python3.12/site-packages/airflow/example_dags/tutorial.py
[2024-10-12T07:08:39.178+0000] {logging_mixin.py:190} INFO - [2024-10-12T07:08:39.178+0000] {override.py:1901} INFO - Created Permission View: can delete on DAG:tutorial
[2024-10-12T07:08:39.203+0000] {logging_mixin.py:190} INFO - [2024-10-12T07:08:39.203+0000] {override.py:1901} INFO - Created Permission View: can read on DAG:tutorial
[2024-10-12T07:08:39.226+0000] {logging_mixin.py:190} INFO - [2024-10-12T07:08:39.225+0000] {override.py:1901} INFO - Created Permission View: can edit on DAG:tutorial
[2024-10-12T07:08:39.284+0000] {logging_mixin.py:190} INFO - [2024-10-12T07:08:39.283+0000] {override.py:1901} INFO - Created Permission View: can delete on DAG Run:tutorial
[2024-10-12T07:08:39.309+0000] {logging_mixin.py:190} INFO - [2024-10-12T07:08:39.309+0000] {override.py:1901} INFO - Created Permission View: can read on DAG Run:tutorial
[2024-10-12T07:08:39.335+0000] {logging_mixin.py:190} INFO - [2024-10-12T07:08:39.334+0000] {override.py:1901} INFO - Created Permission View: menu access on DAG Run:tutorial
[2024-10-12T07:08:39.357+0000] {logging_mixin.py:190} INFO - [2024-10-12T07:08:39.357+0000] {override.py:1901} INFO - Created Permission View: can create on DAG Run:tutorial
[2024-10-12T07:08:39.358+0000] {logging_mixin.py:190} INFO - [2024-10-12T07:08:39.358+0000] {dag.py:3239} INFO - Sync 1 DAGs
[2024-10-12T07:08:39.376+0000] {logging_mixin.py:190} INFO - [2024-10-12T07:08:39.375+0000] {dag.py:3262} INFO - Creating ORM DAG for tutorial
[2024-10-12T07:08:39.387+0000] {logging_mixin.py:190} INFO - [2024-10-12T07:08:39.387+0000] {dag.py:4180} INFO - Setting next_dagrun for tutorial to 2024-10-11 00:00:00+00:00, run_after=2024-10-12 00:00:00+00:00
[2024-10-12T07:08:39.431+0000] {processor.py:208} INFO - Processing /home/vboxuser/airflow_venv/lib/python3.12/site-packages/airflow/example_dags/tutorial.py took 0.550 seconds
[2024-10-12T07:09:52.760+0000] {processor.py:186} INFO - Started process (PID=11360) to work on /home/vboxuser/airflow_venv/lib/python3.12/site-packages/airflow/example_dags/tutorial.py
[2024-10-12T07:09:52.764+0000] {processor.py:914} INFO - Processing file /home/vboxuser/airflow_venv/lib/python3.12/site-packages/airflow/example_dags/tutorial.py for tasks to queue
[2024-10-12T07:09:52.768+0000] {logging_mixin.py:190} INFO - [2024-10-12T07:09:52.767+0000] {dagbag.py:588} INFO - Filling up the DagBag from /home/vboxuser/airflow_venv/lib/python3.12/site-packages/airflow/example_dags/tutorial.py
[2024-10-12T07:09:52.785+0000] {processor.py:925} INFO - DAG(s) 'tutorial' retrieved from /home/vboxuser/airflow_venv/lib/python3.12/site-packages/airflow/example_dags/tutorial.py
[2024-10-12T07:09:52.810+0000] {logging_mixin.py:190} INFO - [2024-10-12T07:09:52.809+0000] {dag.py:3239} INFO - Sync 1 DAGs
[2024-10-12T07:09:52.838+0000] {logging_mixin.py:190} INFO - [2024-10-12T07:09:52.838+0000] {dag.py:4180} INFO - Setting next_dagrun for tutorial to 2024-10-11 00:00:00+00:00, run_after=2024-10-12 00:00:00+00:00
[2024-10-12T07:09:52.872+0000] {processor.py:208} INFO - Processing /home/vboxuser/airflow_venv/lib/python3.12/site-packages/airflow/example_dags/tutorial.py took 0.121 seconds
[2024-10-12T07:10:54.417+0000] {processor.py:186} INFO - Started process (PID=11420) to work on /home/vboxuser/airflow_venv/lib/python3.12/site-packages/airflow/example_dags/tutorial.py
[2024-10-12T07:10:54.422+0000] {processor.py:914} INFO - Processing file /home/vboxuser/airflow_venv/lib/python3.12/site-packages/airflow/example_dags/tutorial.py for tasks to queue
[2024-10-12T07:10:54.426+0000] {logging_mixin.py:190} INFO - [2024-10-12T07:10:54.425+0000] {dagbag.py:588} INFO - Filling up the DagBag from /home/vboxuser/airflow_venv/lib/python3.12/site-packages/airflow/example_dags/tutorial.py
[2024-10-12T07:10:54.437+0000] {processor.py:925} INFO - DAG(s) 'tutorial' retrieved from /home/vboxuser/airflow_venv/lib/python3.12/site-packages/airflow/example_dags/tutorial.py
[2024-10-12T07:10:54.455+0000] {logging_mixin.py:190} INFO - [2024-10-12T07:10:54.455+0000] {dag.py:3239} INFO - Sync 1 DAGs
[2024-10-12T07:10:54.478+0000] {logging_mixin.py:190} INFO - [2024-10-12T07:10:54.477+0000] {dag.py:4180} INFO - Setting next_dagrun for tutorial to 2024-10-11 00:00:00+00:00, run_after=2024-10-12 00:00:00+00:00
[2024-10-12T07:10:54.514+0000] {processor.py:208} INFO - Processing /home/vboxuser/airflow_venv/lib/python3.12/site-packages/airflow/example_dags/tutorial.py took 0.110 seconds
[2024-10-12T07:12:03.259+0000] {processor.py:186} INFO - Started process (PID=11481) to work on /home/vboxuser/airflow_venv/lib/python3.12/site-packages/airflow/example_dags/tutorial.py
[2024-10-12T07:12:03.262+0000] {processor.py:914} INFO - Processing file /home/vboxuser/airflow_venv/lib/python3.12/site-packages/airflow/example_dags/tutorial.py for tasks to queue
[2024-10-12T07:12:03.266+0000] {logging_mixin.py:190} INFO - [2024-10-12T07:12:03.266+0000] {dagbag.py:588} INFO - Filling up the DagBag from /home/vboxuser/airflow_venv/lib/python3.12/site-packages/airflow/example_dags/tutorial.py
[2024-10-12T07:12:03.282+0000] {processor.py:925} INFO - DAG(s) 'tutorial' retrieved from /home/vboxuser/airflow_venv/lib/python3.12/site-packages/airflow/example_dags/tutorial.py
[2024-10-12T07:12:03.310+0000] {logging_mixin.py:190} INFO - [2024-10-12T07:12:03.310+0000] {dag.py:3239} INFO - Sync 1 DAGs
[2024-10-12T07:12:03.334+0000] {logging_mixin.py:190} INFO - [2024-10-12T07:12:03.333+0000] {dag.py:4180} INFO - Setting next_dagrun for tutorial to 2024-10-11 00:00:00+00:00, run_after=2024-10-12 00:00:00+00:00
[2024-10-12T07:12:03.366+0000] {processor.py:208} INFO - Processing /home/vboxuser/airflow_venv/lib/python3.12/site-packages/airflow/example_dags/tutorial.py took 0.114 seconds
[2024-10-12T07:13:04.025+0000] {processor.py:186} INFO - Started process (PID=11538) to work on /home/vboxuser/airflow_venv/lib/python3.12/site-packages/airflow/example_dags/tutorial.py
[2024-10-12T07:13:04.030+0000] {processor.py:914} INFO - Processing file /home/vboxuser/airflow_venv/lib/python3.12/site-packages/airflow/example_dags/tutorial.py for tasks to queue
[2024-10-12T07:13:04.034+0000] {logging_mixin.py:190} INFO - [2024-10-12T07:13:04.033+0000] {dagbag.py:588} INFO - Filling up the DagBag from /home/vboxuser/airflow_venv/lib/python3.12/site-packages/airflow/example_dags/tutorial.py
[2024-10-12T07:13:04.046+0000] {processor.py:925} INFO - DAG(s) 'tutorial' retrieved from /home/vboxuser/airflow_venv/lib/python3.12/site-packages/airflow/example_dags/tutorial.py
[2024-10-12T07:13:04.065+0000] {logging_mixin.py:190} INFO - [2024-10-12T07:13:04.064+0000] {dag.py:3239} INFO - Sync 1 DAGs
[2024-10-12T07:13:04.087+0000] {logging_mixin.py:190} INFO - [2024-10-12T07:13:04.087+0000] {dag.py:4180} INFO - Setting next_dagrun for tutorial to 2024-10-11 00:00:00+00:00, run_after=2024-10-12 00:00:00+00:00
[2024-10-12T07:13:04.122+0000] {processor.py:208} INFO - Processing /home/vboxuser/airflow_venv/lib/python3.12/site-packages/airflow/example_dags/tutorial.py took 0.112 seconds
[2024-10-12T07:14:09.108+0000] {processor.py:186} INFO - Started process (PID=11680) to work on /home/vboxuser/airflow_venv/lib/python3.12/site-packages/airflow/example_dags/tutorial.py
[2024-10-12T07:14:09.114+0000] {processor.py:914} INFO - Processing file /home/vboxuser/airflow_venv/lib/python3.12/site-packages/airflow/example_dags/tutorial.py for tasks to queue
[2024-10-12T07:14:09.119+0000] {logging_mixin.py:190} INFO - [2024-10-12T07:14:09.118+0000] {dagbag.py:588} INFO - Filling up the DagBag from /home/vboxuser/airflow_venv/lib/python3.12/site-packages/airflow/example_dags/tutorial.py
[2024-10-12T07:14:09.133+0000] {processor.py:925} INFO - DAG(s) 'tutorial' retrieved from /home/vboxuser/airflow_venv/lib/python3.12/site-packages/airflow/example_dags/tutorial.py
[2024-10-12T07:14:09.154+0000] {logging_mixin.py:190} INFO - [2024-10-12T07:14:09.153+0000] {dag.py:3239} INFO - Sync 1 DAGs
[2024-10-12T07:14:09.174+0000] {logging_mixin.py:190} INFO - [2024-10-12T07:14:09.174+0000] {dag.py:4180} INFO - Setting next_dagrun for tutorial to 2024-10-11 00:00:00+00:00, run_after=2024-10-12 00:00:00+00:00
[2024-10-12T07:14:09.207+0000] {processor.py:208} INFO - Processing /home/vboxuser/airflow_venv/lib/python3.12/site-packages/airflow/example_dags/tutorial.py took 0.108 seconds
[2024-10-12T07:15:24.650+0000] {processor.py:186} INFO - Started process (PID=11756) to work on /home/vboxuser/airflow_venv/lib/python3.12/site-packages/airflow/example_dags/tutorial.py
[2024-10-12T07:15:24.656+0000] {processor.py:914} INFO - Processing file /home/vboxuser/airflow_venv/lib/python3.12/site-packages/airflow/example_dags/tutorial.py for tasks to queue
[2024-10-12T07:15:24.660+0000] {logging_mixin.py:190} INFO - [2024-10-12T07:15:24.660+0000] {dagbag.py:588} INFO - Filling up the DagBag from /home/vboxuser/airflow_venv/lib/python3.12/site-packages/airflow/example_dags/tutorial.py
[2024-10-12T07:15:24.674+0000] {processor.py:925} INFO - DAG(s) 'tutorial' retrieved from /home/vboxuser/airflow_venv/lib/python3.12/site-packages/airflow/example_dags/tutorial.py
[2024-10-12T07:15:24.825+0000] {logging_mixin.py:190} INFO - [2024-10-12T07:15:24.824+0000] {dag.py:3239} INFO - Sync 1 DAGs
[2024-10-12T07:15:24.846+0000] {logging_mixin.py:190} INFO - [2024-10-12T07:15:24.846+0000] {dag.py:4180} INFO - Setting next_dagrun for tutorial to 2024-10-11 00:00:00+00:00, run_after=2024-10-12 00:00:00+00:00
[2024-10-12T07:15:24.885+0000] {processor.py:208} INFO - Processing /home/vboxuser/airflow_venv/lib/python3.12/site-packages/airflow/example_dags/tutorial.py took 0.246 seconds
[2024-10-12T07:16:29.157+0000] {processor.py:186} INFO - Started process (PID=11814) to work on /home/vboxuser/airflow_venv/lib/python3.12/site-packages/airflow/example_dags/tutorial.py
[2024-10-12T07:16:29.159+0000] {processor.py:914} INFO - Processing file /home/vboxuser/airflow_venv/lib/python3.12/site-packages/airflow/example_dags/tutorial.py for tasks to queue
[2024-10-12T07:16:29.161+0000] {logging_mixin.py:190} INFO - [2024-10-12T07:16:29.161+0000] {dagbag.py:588} INFO - Filling up the DagBag from /home/vboxuser/airflow_venv/lib/python3.12/site-packages/airflow/example_dags/tutorial.py
[2024-10-12T07:16:29.171+0000] {processor.py:925} INFO - DAG(s) 'tutorial' retrieved from /home/vboxuser/airflow_venv/lib/python3.12/site-packages/airflow/example_dags/tutorial.py
[2024-10-12T07:16:29.190+0000] {logging_mixin.py:190} INFO - [2024-10-12T07:16:29.190+0000] {dag.py:3239} INFO - Sync 1 DAGs
[2024-10-12T07:16:29.213+0000] {logging_mixin.py:190} INFO - [2024-10-12T07:16:29.212+0000] {dag.py:4180} INFO - Setting next_dagrun for tutorial to 2024-10-11 00:00:00+00:00, run_after=2024-10-12 00:00:00+00:00
[2024-10-12T07:16:29.251+0000] {processor.py:208} INFO - Processing /home/vboxuser/airflow_venv/lib/python3.12/site-packages/airflow/example_dags/tutorial.py took 0.105 seconds
[2024-10-12T07:17:35.023+0000] {processor.py:186} INFO - Started process (PID=11877) to work on /home/vboxuser/airflow_venv/lib/python3.12/site-packages/airflow/example_dags/tutorial.py
[2024-10-12T07:17:35.026+0000] {processor.py:914} INFO - Processing file /home/vboxuser/airflow_venv/lib/python3.12/site-packages/airflow/example_dags/tutorial.py for tasks to queue
[2024-10-12T07:17:35.031+0000] {logging_mixin.py:190} INFO - [2024-10-12T07:17:35.030+0000] {dagbag.py:588} INFO - Filling up the DagBag from /home/vboxuser/airflow_venv/lib/python3.12/site-packages/airflow/example_dags/tutorial.py
[2024-10-12T07:17:35.047+0000] {processor.py:925} INFO - DAG(s) 'tutorial' retrieved from /home/vboxuser/airflow_venv/lib/python3.12/site-packages/airflow/example_dags/tutorial.py
[2024-10-12T07:17:35.071+0000] {logging_mixin.py:190} INFO - [2024-10-12T07:17:35.070+0000] {dag.py:3239} INFO - Sync 1 DAGs
[2024-10-12T07:17:35.096+0000] {logging_mixin.py:190} INFO - [2024-10-12T07:17:35.095+0000] {dag.py:4180} INFO - Setting next_dagrun for tutorial to 2024-10-11 00:00:00+00:00, run_after=2024-10-12 00:00:00+00:00
[2024-10-12T07:17:35.128+0000] {processor.py:208} INFO - Processing /home/vboxuser/airflow_venv/lib/python3.12/site-packages/airflow/example_dags/tutorial.py took 0.116 seconds
[2024-10-12T07:18:34.415+0000] {processor.py:186} INFO - Started process (PID=11933) to work on /home/vboxuser/airflow_venv/lib/python3.12/site-packages/airflow/example_dags/tutorial.py
[2024-10-12T07:18:34.421+0000] {processor.py:914} INFO - Processing file /home/vboxuser/airflow_venv/lib/python3.12/site-packages/airflow/example_dags/tutorial.py for tasks to queue
[2024-10-12T07:18:34.425+0000] {logging_mixin.py:190} INFO - [2024-10-12T07:18:34.424+0000] {dagbag.py:588} INFO - Filling up the DagBag from /home/vboxuser/airflow_venv/lib/python3.12/site-packages/airflow/example_dags/tutorial.py
[2024-10-12T07:18:34.434+0000] {processor.py:925} INFO - DAG(s) 'tutorial' retrieved from /home/vboxuser/airflow_venv/lib/python3.12/site-packages/airflow/example_dags/tutorial.py
[2024-10-12T07:18:34.452+0000] {logging_mixin.py:190} INFO - [2024-10-12T07:18:34.452+0000] {dag.py:3239} INFO - Sync 1 DAGs
[2024-10-12T07:18:34.474+0000] {logging_mixin.py:190} INFO - [2024-10-12T07:18:34.474+0000] {dag.py:4180} INFO - Setting next_dagrun for tutorial to 2024-10-11 00:00:00+00:00, run_after=2024-10-12 00:00:00+00:00
[2024-10-12T07:18:34.507+0000] {processor.py:208} INFO - Processing /home/vboxuser/airflow_venv/lib/python3.12/site-packages/airflow/example_dags/tutorial.py took 0.104 seconds
[2024-10-12T07:19:36.340+0000] {processor.py:186} INFO - Started process (PID=11991) to work on /home/vboxuser/airflow_venv/lib/python3.12/site-packages/airflow/example_dags/tutorial.py
[2024-10-12T07:19:36.343+0000] {processor.py:914} INFO - Processing file /home/vboxuser/airflow_venv/lib/python3.12/site-packages/airflow/example_dags/tutorial.py for tasks to queue
[2024-10-12T07:19:36.347+0000] {logging_mixin.py:190} INFO - [2024-10-12T07:19:36.346+0000] {dagbag.py:588} INFO - Filling up the DagBag from /home/vboxuser/airflow_venv/lib/python3.12/site-packages/airflow/example_dags/tutorial.py
[2024-10-12T07:19:36.361+0000] {processor.py:925} INFO - DAG(s) 'tutorial' retrieved from /home/vboxuser/airflow_venv/lib/python3.12/site-packages/airflow/example_dags/tutorial.py
[2024-10-12T07:19:36.387+0000] {logging_mixin.py:190} INFO - [2024-10-12T07:19:36.387+0000] {dag.py:3239} INFO - Sync 1 DAGs
[2024-10-12T07:19:36.410+0000] {logging_mixin.py:190} INFO - [2024-10-12T07:19:36.410+0000] {dag.py:4180} INFO - Setting next_dagrun for tutorial to 2024-10-11 00:00:00+00:00, run_after=2024-10-12 00:00:00+00:00
[2024-10-12T07:19:36.444+0000] {processor.py:208} INFO - Processing /home/vboxuser/airflow_venv/lib/python3.12/site-packages/airflow/example_dags/tutorial.py took 0.116 seconds
[2024-10-12T07:20:44.474+0000] {processor.py:186} INFO - Started process (PID=12056) to work on /home/vboxuser/airflow_venv/lib/python3.12/site-packages/airflow/example_dags/tutorial.py
[2024-10-12T07:20:44.477+0000] {processor.py:914} INFO - Processing file /home/vboxuser/airflow_venv/lib/python3.12/site-packages/airflow/example_dags/tutorial.py for tasks to queue
[2024-10-12T07:20:44.481+0000] {logging_mixin.py:190} INFO - [2024-10-12T07:20:44.481+0000] {dagbag.py:588} INFO - Filling up the DagBag from /home/vboxuser/airflow_venv/lib/python3.12/site-packages/airflow/example_dags/tutorial.py
[2024-10-12T07:20:44.499+0000] {processor.py:925} INFO - DAG(s) 'tutorial' retrieved from /home/vboxuser/airflow_venv/lib/python3.12/site-packages/airflow/example_dags/tutorial.py
[2024-10-12T07:20:44.522+0000] {logging_mixin.py:190} INFO - [2024-10-12T07:20:44.521+0000] {dag.py:3239} INFO - Sync 1 DAGs
[2024-10-12T07:20:44.548+0000] {logging_mixin.py:190} INFO - [2024-10-12T07:20:44.548+0000] {dag.py:4180} INFO - Setting next_dagrun for tutorial to 2024-10-11 00:00:00+00:00, run_after=2024-10-12 00:00:00+00:00
[2024-10-12T07:20:44.586+0000] {processor.py:208} INFO - Processing /home/vboxuser/airflow_venv/lib/python3.12/site-packages/airflow/example_dags/tutorial.py took 0.121 seconds
[2024-10-12T07:21:50.934+0000] {processor.py:186} INFO - Started process (PID=12116) to work on /home/vboxuser/airflow_venv/lib/python3.12/site-packages/airflow/example_dags/tutorial.py
[2024-10-12T07:21:50.939+0000] {processor.py:914} INFO - Processing file /home/vboxuser/airflow_venv/lib/python3.12/site-packages/airflow/example_dags/tutorial.py for tasks to queue
[2024-10-12T07:21:50.942+0000] {logging_mixin.py:190} INFO - [2024-10-12T07:21:50.941+0000] {dagbag.py:588} INFO - Filling up the DagBag from /home/vboxuser/airflow_venv/lib/python3.12/site-packages/airflow/example_dags/tutorial.py
[2024-10-12T07:21:50.956+0000] {processor.py:925} INFO - DAG(s) 'tutorial' retrieved from /home/vboxuser/airflow_venv/lib/python3.12/site-packages/airflow/example_dags/tutorial.py
[2024-10-12T07:21:50.984+0000] {logging_mixin.py:190} INFO - [2024-10-12T07:21:50.983+0000] {dag.py:3239} INFO - Sync 1 DAGs
[2024-10-12T07:21:51.012+0000] {logging_mixin.py:190} INFO - [2024-10-12T07:21:51.012+0000] {dag.py:4180} INFO - Setting next_dagrun for tutorial to 2024-10-11 00:00:00+00:00, run_after=2024-10-12 00:00:00+00:00
[2024-10-12T07:21:51.042+0000] {processor.py:208} INFO - Processing /home/vboxuser/airflow_venv/lib/python3.12/site-packages/airflow/example_dags/tutorial.py took 0.115 seconds
[2024-10-12T07:22:59.239+0000] {processor.py:186} INFO - Started process (PID=12177) to work on /home/vboxuser/airflow_venv/lib/python3.12/site-packages/airflow/example_dags/tutorial.py
[2024-10-12T07:22:59.242+0000] {processor.py:914} INFO - Processing file /home/vboxuser/airflow_venv/lib/python3.12/site-packages/airflow/example_dags/tutorial.py for tasks to queue
[2024-10-12T07:22:59.246+0000] {logging_mixin.py:190} INFO - [2024-10-12T07:22:59.245+0000] {dagbag.py:588} INFO - Filling up the DagBag from /home/vboxuser/airflow_venv/lib/python3.12/site-packages/airflow/example_dags/tutorial.py
[2024-10-12T07:22:59.259+0000] {processor.py:925} INFO - DAG(s) 'tutorial' retrieved from /home/vboxuser/airflow_venv/lib/python3.12/site-packages/airflow/example_dags/tutorial.py
[2024-10-12T07:22:59.281+0000] {logging_mixin.py:190} INFO - [2024-10-12T07:22:59.281+0000] {dag.py:3239} INFO - Sync 1 DAGs
[2024-10-12T07:22:59.302+0000] {logging_mixin.py:190} INFO - [2024-10-12T07:22:59.302+0000] {dag.py:4180} INFO - Setting next_dagrun for tutorial to 2024-10-11 00:00:00+00:00, run_after=2024-10-12 00:00:00+00:00
[2024-10-12T07:22:59.337+0000] {processor.py:208} INFO - Processing /home/vboxuser/airflow_venv/lib/python3.12/site-packages/airflow/example_dags/tutorial.py took 0.107 seconds
[2024-10-12T07:24:10.459+0000] {processor.py:186} INFO - Started process (PID=12239) to work on /home/vboxuser/airflow_venv/lib/python3.12/site-packages/airflow/example_dags/tutorial.py
[2024-10-12T07:24:10.463+0000] {processor.py:914} INFO - Processing file /home/vboxuser/airflow_venv/lib/python3.12/site-packages/airflow/example_dags/tutorial.py for tasks to queue
[2024-10-12T07:24:10.468+0000] {logging_mixin.py:190} INFO - [2024-10-12T07:24:10.467+0000] {dagbag.py:588} INFO - Filling up the DagBag from /home/vboxuser/airflow_venv/lib/python3.12/site-packages/airflow/example_dags/tutorial.py
[2024-10-12T07:24:10.479+0000] {processor.py:925} INFO - DAG(s) 'tutorial' retrieved from /home/vboxuser/airflow_venv/lib/python3.12/site-packages/airflow/example_dags/tutorial.py
[2024-10-12T07:24:10.498+0000] {logging_mixin.py:190} INFO - [2024-10-12T07:24:10.497+0000] {dag.py:3239} INFO - Sync 1 DAGs
[2024-10-12T07:24:10.520+0000] {logging_mixin.py:190} INFO - [2024-10-12T07:24:10.520+0000] {dag.py:4180} INFO - Setting next_dagrun for tutorial to 2024-10-11 00:00:00+00:00, run_after=2024-10-12 00:00:00+00:00
[2024-10-12T07:24:10.558+0000] {processor.py:208} INFO - Processing /home/vboxuser/airflow_venv/lib/python3.12/site-packages/airflow/example_dags/tutorial.py took 0.106 seconds
[2024-10-12T07:25:16.105+0000] {processor.py:186} INFO - Started process (PID=12301) to work on /home/vboxuser/airflow_venv/lib/python3.12/site-packages/airflow/example_dags/tutorial.py
[2024-10-12T07:25:16.109+0000] {processor.py:914} INFO - Processing file /home/vboxuser/airflow_venv/lib/python3.12/site-packages/airflow/example_dags/tutorial.py for tasks to queue
[2024-10-12T07:25:16.113+0000] {logging_mixin.py:190} INFO - [2024-10-12T07:25:16.112+0000] {dagbag.py:588} INFO - Filling up the DagBag from /home/vboxuser/airflow_venv/lib/python3.12/site-packages/airflow/example_dags/tutorial.py
[2024-10-12T07:25:16.126+0000] {processor.py:925} INFO - DAG(s) 'tutorial' retrieved from /home/vboxuser/airflow_venv/lib/python3.12/site-packages/airflow/example_dags/tutorial.py
[2024-10-12T07:25:16.153+0000] {logging_mixin.py:190} INFO - [2024-10-12T07:25:16.152+0000] {dag.py:3239} INFO - Sync 1 DAGs
[2024-10-12T07:25:16.186+0000] {logging_mixin.py:190} INFO - [2024-10-12T07:25:16.185+0000] {dag.py:4180} INFO - Setting next_dagrun for tutorial to 2024-10-11 00:00:00+00:00, run_after=2024-10-12 00:00:00+00:00
[2024-10-12T07:25:16.229+0000] {processor.py:208} INFO - Processing /home/vboxuser/airflow_venv/lib/python3.12/site-packages/airflow/example_dags/tutorial.py took 0.133 seconds
[2024-10-12T07:26:28.916+0000] {processor.py:186} INFO - Started process (PID=12367) to work on /home/vboxuser/airflow_venv/lib/python3.12/site-packages/airflow/example_dags/tutorial.py
[2024-10-12T07:26:28.920+0000] {processor.py:914} INFO - Processing file /home/vboxuser/airflow_venv/lib/python3.12/site-packages/airflow/example_dags/tutorial.py for tasks to queue
[2024-10-12T07:26:28.925+0000] {logging_mixin.py:190} INFO - [2024-10-12T07:26:28.924+0000] {dagbag.py:588} INFO - Filling up the DagBag from /home/vboxuser/airflow_venv/lib/python3.12/site-packages/airflow/example_dags/tutorial.py
[2024-10-12T07:26:28.943+0000] {processor.py:925} INFO - DAG(s) 'tutorial' retrieved from /home/vboxuser/airflow_venv/lib/python3.12/site-packages/airflow/example_dags/tutorial.py
[2024-10-12T07:26:28.973+0000] {logging_mixin.py:190} INFO - [2024-10-12T07:26:28.972+0000] {dag.py:3239} INFO - Sync 1 DAGs
[2024-10-12T07:26:29.004+0000] {logging_mixin.py:190} INFO - [2024-10-12T07:26:29.003+0000] {dag.py:4180} INFO - Setting next_dagrun for tutorial to 2024-10-11 00:00:00+00:00, run_after=2024-10-12 00:00:00+00:00
[2024-10-12T07:26:29.055+0000] {processor.py:208} INFO - Processing /home/vboxuser/airflow_venv/lib/python3.12/site-packages/airflow/example_dags/tutorial.py took 0.151 seconds
[2024-10-12T07:27:42.779+0000] {processor.py:186} INFO - Started process (PID=12429) to work on /home/vboxuser/airflow_venv/lib/python3.12/site-packages/airflow/example_dags/tutorial.py
[2024-10-12T07:27:42.786+0000] {processor.py:914} INFO - Processing file /home/vboxuser/airflow_venv/lib/python3.12/site-packages/airflow/example_dags/tutorial.py for tasks to queue
[2024-10-12T07:27:42.791+0000] {logging_mixin.py:190} INFO - [2024-10-12T07:27:42.790+0000] {dagbag.py:588} INFO - Filling up the DagBag from /home/vboxuser/airflow_venv/lib/python3.12/site-packages/airflow/example_dags/tutorial.py
[2024-10-12T07:27:42.805+0000] {processor.py:925} INFO - DAG(s) 'tutorial' retrieved from /home/vboxuser/airflow_venv/lib/python3.12/site-packages/airflow/example_dags/tutorial.py
[2024-10-12T07:27:42.829+0000] {logging_mixin.py:190} INFO - [2024-10-12T07:27:42.829+0000] {dag.py:3239} INFO - Sync 1 DAGs
[2024-10-12T07:27:42.858+0000] {logging_mixin.py:190} INFO - [2024-10-12T07:27:42.858+0000] {dag.py:4180} INFO - Setting next_dagrun for tutorial to 2024-10-11 00:00:00+00:00, run_after=2024-10-12 00:00:00+00:00
[2024-10-12T07:27:42.901+0000] {processor.py:208} INFO - Processing /home/vboxuser/airflow_venv/lib/python3.12/site-packages/airflow/example_dags/tutorial.py took 0.133 seconds
[2024-10-12T07:28:47.216+0000] {processor.py:186} INFO - Started process (PID=12487) to work on /home/vboxuser/airflow_venv/lib/python3.12/site-packages/airflow/example_dags/tutorial.py
[2024-10-12T07:28:47.223+0000] {processor.py:914} INFO - Processing file /home/vboxuser/airflow_venv/lib/python3.12/site-packages/airflow/example_dags/tutorial.py for tasks to queue
[2024-10-12T07:28:47.230+0000] {logging_mixin.py:190} INFO - [2024-10-12T07:28:47.229+0000] {dagbag.py:588} INFO - Filling up the DagBag from /home/vboxuser/airflow_venv/lib/python3.12/site-packages/airflow/example_dags/tutorial.py
[2024-10-12T07:28:47.243+0000] {processor.py:925} INFO - DAG(s) 'tutorial' retrieved from /home/vboxuser/airflow_venv/lib/python3.12/site-packages/airflow/example_dags/tutorial.py
[2024-10-12T07:28:47.269+0000] {logging_mixin.py:190} INFO - [2024-10-12T07:28:47.268+0000] {dag.py:3239} INFO - Sync 1 DAGs
[2024-10-12T07:28:47.297+0000] {logging_mixin.py:190} INFO - [2024-10-12T07:28:47.296+0000] {dag.py:4180} INFO - Setting next_dagrun for tutorial to 2024-10-11 00:00:00+00:00, run_after=2024-10-12 00:00:00+00:00
[2024-10-12T07:28:47.336+0000] {processor.py:208} INFO - Processing /home/vboxuser/airflow_venv/lib/python3.12/site-packages/airflow/example_dags/tutorial.py took 0.127 seconds
[2024-10-12T07:29:55.536+0000] {processor.py:186} INFO - Started process (PID=12548) to work on /home/vboxuser/airflow_venv/lib/python3.12/site-packages/airflow/example_dags/tutorial.py
[2024-10-12T07:29:55.539+0000] {processor.py:914} INFO - Processing file /home/vboxuser/airflow_venv/lib/python3.12/site-packages/airflow/example_dags/tutorial.py for tasks to queue
[2024-10-12T07:29:55.542+0000] {logging_mixin.py:190} INFO - [2024-10-12T07:29:55.542+0000] {dagbag.py:588} INFO - Filling up the DagBag from /home/vboxuser/airflow_venv/lib/python3.12/site-packages/airflow/example_dags/tutorial.py
[2024-10-12T07:29:55.555+0000] {processor.py:925} INFO - DAG(s) 'tutorial' retrieved from /home/vboxuser/airflow_venv/lib/python3.12/site-packages/airflow/example_dags/tutorial.py
[2024-10-12T07:29:55.580+0000] {logging_mixin.py:190} INFO - [2024-10-12T07:29:55.580+0000] {dag.py:3239} INFO - Sync 1 DAGs
[2024-10-12T07:29:55.611+0000] {logging_mixin.py:190} INFO - [2024-10-12T07:29:55.611+0000] {dag.py:4180} INFO - Setting next_dagrun for tutorial to 2024-10-11 00:00:00+00:00, run_after=2024-10-12 00:00:00+00:00
[2024-10-12T07:29:55.656+0000] {processor.py:208} INFO - Processing /home/vboxuser/airflow_venv/lib/python3.12/site-packages/airflow/example_dags/tutorial.py took 0.129 seconds
[2024-10-12T07:31:07.869+0000] {processor.py:186} INFO - Started process (PID=12631) to work on /home/vboxuser/airflow_venv/lib/python3.12/site-packages/airflow/example_dags/tutorial.py
[2024-10-12T07:31:07.871+0000] {processor.py:914} INFO - Processing file /home/vboxuser/airflow_venv/lib/python3.12/site-packages/airflow/example_dags/tutorial.py for tasks to queue
[2024-10-12T07:31:07.875+0000] {logging_mixin.py:190} INFO - [2024-10-12T07:31:07.874+0000] {dagbag.py:588} INFO - Filling up the DagBag from /home/vboxuser/airflow_venv/lib/python3.12/site-packages/airflow/example_dags/tutorial.py
[2024-10-12T07:31:07.884+0000] {processor.py:925} INFO - DAG(s) 'tutorial' retrieved from /home/vboxuser/airflow_venv/lib/python3.12/site-packages/airflow/example_dags/tutorial.py
[2024-10-12T07:31:07.911+0000] {logging_mixin.py:190} INFO - [2024-10-12T07:31:07.910+0000] {dag.py:3239} INFO - Sync 1 DAGs
[2024-10-12T07:31:07.951+0000] {logging_mixin.py:190} INFO - [2024-10-12T07:31:07.950+0000] {dag.py:4180} INFO - Setting next_dagrun for tutorial to 2024-10-11 00:00:00+00:00, run_after=2024-10-12 00:00:00+00:00
[2024-10-12T07:31:07.989+0000] {processor.py:208} INFO - Processing /home/vboxuser/airflow_venv/lib/python3.12/site-packages/airflow/example_dags/tutorial.py took 0.132 seconds
[2024-10-12T07:32:14.580+0000] {processor.py:186} INFO - Started process (PID=12700) to work on /home/vboxuser/airflow_venv/lib/python3.12/site-packages/airflow/example_dags/tutorial.py
[2024-10-12T07:32:14.583+0000] {processor.py:914} INFO - Processing file /home/vboxuser/airflow_venv/lib/python3.12/site-packages/airflow/example_dags/tutorial.py for tasks to queue
[2024-10-12T07:32:14.587+0000] {logging_mixin.py:190} INFO - [2024-10-12T07:32:14.586+0000] {dagbag.py:588} INFO - Filling up the DagBag from /home/vboxuser/airflow_venv/lib/python3.12/site-packages/airflow/example_dags/tutorial.py
[2024-10-12T07:32:14.601+0000] {processor.py:925} INFO - DAG(s) 'tutorial' retrieved from /home/vboxuser/airflow_venv/lib/python3.12/site-packages/airflow/example_dags/tutorial.py
[2024-10-12T07:32:14.624+0000] {logging_mixin.py:190} INFO - [2024-10-12T07:32:14.624+0000] {dag.py:3239} INFO - Sync 1 DAGs
[2024-10-12T07:32:14.647+0000] {logging_mixin.py:190} INFO - [2024-10-12T07:32:14.647+0000] {dag.py:4180} INFO - Setting next_dagrun for tutorial to 2024-10-11 00:00:00+00:00, run_after=2024-10-12 00:00:00+00:00
[2024-10-12T07:32:14.685+0000] {processor.py:208} INFO - Processing /home/vboxuser/airflow_venv/lib/python3.12/site-packages/airflow/example_dags/tutorial.py took 0.115 seconds
[2024-10-12T07:33:18.047+0000] {processor.py:186} INFO - Started process (PID=12758) to work on /home/vboxuser/airflow_venv/lib/python3.12/site-packages/airflow/example_dags/tutorial.py
[2024-10-12T07:33:18.053+0000] {processor.py:914} INFO - Processing file /home/vboxuser/airflow_venv/lib/python3.12/site-packages/airflow/example_dags/tutorial.py for tasks to queue
[2024-10-12T07:33:18.058+0000] {logging_mixin.py:190} INFO - [2024-10-12T07:33:18.057+0000] {dagbag.py:588} INFO - Filling up the DagBag from /home/vboxuser/airflow_venv/lib/python3.12/site-packages/airflow/example_dags/tutorial.py
[2024-10-12T07:33:18.073+0000] {processor.py:925} INFO - DAG(s) 'tutorial' retrieved from /home/vboxuser/airflow_venv/lib/python3.12/site-packages/airflow/example_dags/tutorial.py
[2024-10-12T07:33:18.092+0000] {logging_mixin.py:190} INFO - [2024-10-12T07:33:18.092+0000] {dag.py:3239} INFO - Sync 1 DAGs
[2024-10-12T07:33:18.114+0000] {logging_mixin.py:190} INFO - [2024-10-12T07:33:18.114+0000] {dag.py:4180} INFO - Setting next_dagrun for tutorial to 2024-10-11 00:00:00+00:00, run_after=2024-10-12 00:00:00+00:00
[2024-10-12T07:33:18.143+0000] {processor.py:208} INFO - Processing /home/vboxuser/airflow_venv/lib/python3.12/site-packages/airflow/example_dags/tutorial.py took 0.107 seconds
[2024-10-12T07:34:19.634+0000] {processor.py:186} INFO - Started process (PID=12816) to work on /home/vboxuser/airflow_venv/lib/python3.12/site-packages/airflow/example_dags/tutorial.py
[2024-10-12T07:34:19.638+0000] {processor.py:914} INFO - Processing file /home/vboxuser/airflow_venv/lib/python3.12/site-packages/airflow/example_dags/tutorial.py for tasks to queue
[2024-10-12T07:34:19.640+0000] {logging_mixin.py:190} INFO - [2024-10-12T07:34:19.640+0000] {dagbag.py:588} INFO - Filling up the DagBag from /home/vboxuser/airflow_venv/lib/python3.12/site-packages/airflow/example_dags/tutorial.py
[2024-10-12T07:34:19.652+0000] {processor.py:925} INFO - DAG(s) 'tutorial' retrieved from /home/vboxuser/airflow_venv/lib/python3.12/site-packages/airflow/example_dags/tutorial.py
[2024-10-12T07:34:19.675+0000] {logging_mixin.py:190} INFO - [2024-10-12T07:34:19.675+0000] {dag.py:3239} INFO - Sync 1 DAGs
[2024-10-12T07:34:19.706+0000] {logging_mixin.py:190} INFO - [2024-10-12T07:34:19.705+0000] {dag.py:4180} INFO - Setting next_dagrun for tutorial to 2024-10-11 00:00:00+00:00, run_after=2024-10-12 00:00:00+00:00
[2024-10-12T07:34:19.743+0000] {processor.py:208} INFO - Processing /home/vboxuser/airflow_venv/lib/python3.12/site-packages/airflow/example_dags/tutorial.py took 0.119 seconds
[2024-10-12T07:47:05.128+0000] {processor.py:186} INFO - Started process (PID=12909) to work on /home/vboxuser/airflow_venv/lib/python3.12/site-packages/airflow/example_dags/tutorial.py
[2024-10-12T07:47:05.132+0000] {processor.py:914} INFO - Processing file /home/vboxuser/airflow_venv/lib/python3.12/site-packages/airflow/example_dags/tutorial.py for tasks to queue
[2024-10-12T07:47:05.136+0000] {logging_mixin.py:190} INFO - [2024-10-12T07:47:05.135+0000] {dagbag.py:588} INFO - Filling up the DagBag from /home/vboxuser/airflow_venv/lib/python3.12/site-packages/airflow/example_dags/tutorial.py
[2024-10-12T07:47:05.153+0000] {processor.py:925} INFO - DAG(s) 'tutorial' retrieved from /home/vboxuser/airflow_venv/lib/python3.12/site-packages/airflow/example_dags/tutorial.py
[2024-10-12T07:47:05.185+0000] {logging_mixin.py:190} INFO - [2024-10-12T07:47:05.184+0000] {dag.py:3239} INFO - Sync 1 DAGs
[2024-10-12T07:47:05.213+0000] {logging_mixin.py:190} INFO - [2024-10-12T07:47:05.213+0000] {dag.py:4180} INFO - Setting next_dagrun for tutorial to 2024-10-11 00:00:00+00:00, run_after=2024-10-12 00:00:00+00:00
[2024-10-12T07:47:05.254+0000] {processor.py:208} INFO - Processing /home/vboxuser/airflow_venv/lib/python3.12/site-packages/airflow/example_dags/tutorial.py took 0.138 seconds
[2024-10-12T07:48:07.235+0000] {processor.py:186} INFO - Started process (PID=12962) to work on /home/vboxuser/airflow_venv/lib/python3.12/site-packages/airflow/example_dags/tutorial.py
[2024-10-12T07:48:07.238+0000] {processor.py:914} INFO - Processing file /home/vboxuser/airflow_venv/lib/python3.12/site-packages/airflow/example_dags/tutorial.py for tasks to queue
[2024-10-12T07:48:07.241+0000] {logging_mixin.py:190} INFO - [2024-10-12T07:48:07.241+0000] {dagbag.py:588} INFO - Filling up the DagBag from /home/vboxuser/airflow_venv/lib/python3.12/site-packages/airflow/example_dags/tutorial.py
[2024-10-12T07:48:07.255+0000] {processor.py:925} INFO - DAG(s) 'tutorial' retrieved from /home/vboxuser/airflow_venv/lib/python3.12/site-packages/airflow/example_dags/tutorial.py
[2024-10-12T07:48:07.282+0000] {logging_mixin.py:190} INFO - [2024-10-12T07:48:07.281+0000] {dag.py:3239} INFO - Sync 1 DAGs
[2024-10-12T07:48:07.317+0000] {logging_mixin.py:190} INFO - [2024-10-12T07:48:07.317+0000] {dag.py:4180} INFO - Setting next_dagrun for tutorial to 2024-10-11 00:00:00+00:00, run_after=2024-10-12 00:00:00+00:00
[2024-10-12T07:48:07.359+0000] {processor.py:208} INFO - Processing /home/vboxuser/airflow_venv/lib/python3.12/site-packages/airflow/example_dags/tutorial.py took 0.135 seconds
[2024-10-12T07:49:13.556+0000] {processor.py:186} INFO - Started process (PID=13021) to work on /home/vboxuser/airflow_venv/lib/python3.12/site-packages/airflow/example_dags/tutorial.py
[2024-10-12T07:49:13.559+0000] {processor.py:914} INFO - Processing file /home/vboxuser/airflow_venv/lib/python3.12/site-packages/airflow/example_dags/tutorial.py for tasks to queue
[2024-10-12T07:49:13.564+0000] {logging_mixin.py:190} INFO - [2024-10-12T07:49:13.563+0000] {dagbag.py:588} INFO - Filling up the DagBag from /home/vboxuser/airflow_venv/lib/python3.12/site-packages/airflow/example_dags/tutorial.py
[2024-10-12T07:49:13.581+0000] {processor.py:925} INFO - DAG(s) 'tutorial' retrieved from /home/vboxuser/airflow_venv/lib/python3.12/site-packages/airflow/example_dags/tutorial.py
[2024-10-12T07:49:13.612+0000] {logging_mixin.py:190} INFO - [2024-10-12T07:49:13.612+0000] {dag.py:3239} INFO - Sync 1 DAGs
[2024-10-12T07:49:13.643+0000] {logging_mixin.py:190} INFO - [2024-10-12T07:49:13.643+0000] {dag.py:4180} INFO - Setting next_dagrun for tutorial to 2024-10-11 00:00:00+00:00, run_after=2024-10-12 00:00:00+00:00
[2024-10-12T07:49:13.688+0000] {processor.py:208} INFO - Processing /home/vboxuser/airflow_venv/lib/python3.12/site-packages/airflow/example_dags/tutorial.py took 0.144 seconds
[2024-10-12T07:50:23.651+0000] {processor.py:186} INFO - Started process (PID=13082) to work on /home/vboxuser/airflow_venv/lib/python3.12/site-packages/airflow/example_dags/tutorial.py
[2024-10-12T07:50:23.653+0000] {processor.py:914} INFO - Processing file /home/vboxuser/airflow_venv/lib/python3.12/site-packages/airflow/example_dags/tutorial.py for tasks to queue
[2024-10-12T07:50:23.656+0000] {logging_mixin.py:190} INFO - [2024-10-12T07:50:23.655+0000] {dagbag.py:588} INFO - Filling up the DagBag from /home/vboxuser/airflow_venv/lib/python3.12/site-packages/airflow/example_dags/tutorial.py
[2024-10-12T07:50:23.670+0000] {processor.py:925} INFO - DAG(s) 'tutorial' retrieved from /home/vboxuser/airflow_venv/lib/python3.12/site-packages/airflow/example_dags/tutorial.py
[2024-10-12T07:50:23.692+0000] {logging_mixin.py:190} INFO - [2024-10-12T07:50:23.692+0000] {dag.py:3239} INFO - Sync 1 DAGs
[2024-10-12T07:50:23.717+0000] {logging_mixin.py:190} INFO - [2024-10-12T07:50:23.717+0000] {dag.py:4180} INFO - Setting next_dagrun for tutorial to 2024-10-11 00:00:00+00:00, run_after=2024-10-12 00:00:00+00:00
[2024-10-12T07:50:23.755+0000] {processor.py:208} INFO - Processing /home/vboxuser/airflow_venv/lib/python3.12/site-packages/airflow/example_dags/tutorial.py took 0.112 seconds
[2024-10-12T07:51:33.985+0000] {processor.py:186} INFO - Started process (PID=13219) to work on /home/vboxuser/airflow_venv/lib/python3.12/site-packages/airflow/example_dags/tutorial.py
[2024-10-12T07:51:33.991+0000] {processor.py:914} INFO - Processing file /home/vboxuser/airflow_venv/lib/python3.12/site-packages/airflow/example_dags/tutorial.py for tasks to queue
[2024-10-12T07:51:33.995+0000] {logging_mixin.py:190} INFO - [2024-10-12T07:51:33.994+0000] {dagbag.py:588} INFO - Filling up the DagBag from /home/vboxuser/airflow_venv/lib/python3.12/site-packages/airflow/example_dags/tutorial.py
[2024-10-12T07:51:34.013+0000] {processor.py:925} INFO - DAG(s) 'tutorial' retrieved from /home/vboxuser/airflow_venv/lib/python3.12/site-packages/airflow/example_dags/tutorial.py
[2024-10-12T07:51:34.039+0000] {logging_mixin.py:190} INFO - [2024-10-12T07:51:34.038+0000] {dag.py:3239} INFO - Sync 1 DAGs
[2024-10-12T07:51:34.074+0000] {logging_mixin.py:190} INFO - [2024-10-12T07:51:34.074+0000] {dag.py:4180} INFO - Setting next_dagrun for tutorial to 2024-10-11 00:00:00+00:00, run_after=2024-10-12 00:00:00+00:00
[2024-10-12T07:51:34.117+0000] {processor.py:208} INFO - Processing /home/vboxuser/airflow_venv/lib/python3.12/site-packages/airflow/example_dags/tutorial.py took 0.141 seconds
[2024-10-12T07:52:45.592+0000] {processor.py:186} INFO - Started process (PID=13295) to work on /home/vboxuser/airflow_venv/lib/python3.12/site-packages/airflow/example_dags/tutorial.py
[2024-10-12T07:52:45.595+0000] {processor.py:914} INFO - Processing file /home/vboxuser/airflow_venv/lib/python3.12/site-packages/airflow/example_dags/tutorial.py for tasks to queue
[2024-10-12T07:52:45.598+0000] {logging_mixin.py:190} INFO - [2024-10-12T07:52:45.597+0000] {dagbag.py:588} INFO - Filling up the DagBag from /home/vboxuser/airflow_venv/lib/python3.12/site-packages/airflow/example_dags/tutorial.py
[2024-10-12T07:52:45.608+0000] {processor.py:925} INFO - DAG(s) 'tutorial' retrieved from /home/vboxuser/airflow_venv/lib/python3.12/site-packages/airflow/example_dags/tutorial.py
[2024-10-12T07:52:45.630+0000] {logging_mixin.py:190} INFO - [2024-10-12T07:52:45.630+0000] {dag.py:3239} INFO - Sync 1 DAGs
[2024-10-12T07:52:45.672+0000] {logging_mixin.py:190} INFO - [2024-10-12T07:52:45.672+0000] {dag.py:4180} INFO - Setting next_dagrun for tutorial to 2024-10-11 00:00:00+00:00, run_after=2024-10-12 00:00:00+00:00
[2024-10-12T07:52:45.709+0000] {processor.py:208} INFO - Processing /home/vboxuser/airflow_venv/lib/python3.12/site-packages/airflow/example_dags/tutorial.py took 0.124 seconds
[2024-10-12T07:53:46.753+0000] {processor.py:186} INFO - Started process (PID=13364) to work on /home/vboxuser/airflow_venv/lib/python3.12/site-packages/airflow/example_dags/tutorial.py
[2024-10-12T07:53:46.756+0000] {processor.py:914} INFO - Processing file /home/vboxuser/airflow_venv/lib/python3.12/site-packages/airflow/example_dags/tutorial.py for tasks to queue
[2024-10-12T07:53:46.760+0000] {logging_mixin.py:190} INFO - [2024-10-12T07:53:46.760+0000] {dagbag.py:588} INFO - Filling up the DagBag from /home/vboxuser/airflow_venv/lib/python3.12/site-packages/airflow/example_dags/tutorial.py
[2024-10-12T07:53:46.774+0000] {processor.py:925} INFO - DAG(s) 'tutorial' retrieved from /home/vboxuser/airflow_venv/lib/python3.12/site-packages/airflow/example_dags/tutorial.py
[2024-10-12T07:53:46.804+0000] {logging_mixin.py:190} INFO - [2024-10-12T07:53:46.804+0000] {dag.py:3239} INFO - Sync 1 DAGs
[2024-10-12T07:53:46.839+0000] {logging_mixin.py:190} INFO - [2024-10-12T07:53:46.838+0000] {dag.py:4180} INFO - Setting next_dagrun for tutorial to 2024-10-11 00:00:00+00:00, run_after=2024-10-12 00:00:00+00:00
[2024-10-12T07:53:46.882+0000] {processor.py:208} INFO - Processing /home/vboxuser/airflow_venv/lib/python3.12/site-packages/airflow/example_dags/tutorial.py took 0.140 seconds
[2024-10-12T07:54:49.878+0000] {processor.py:186} INFO - Started process (PID=13422) to work on /home/vboxuser/airflow_venv/lib/python3.12/site-packages/airflow/example_dags/tutorial.py
[2024-10-12T07:54:49.879+0000] {processor.py:914} INFO - Processing file /home/vboxuser/airflow_venv/lib/python3.12/site-packages/airflow/example_dags/tutorial.py for tasks to queue
[2024-10-12T07:54:49.882+0000] {logging_mixin.py:190} INFO - [2024-10-12T07:54:49.882+0000] {dagbag.py:588} INFO - Filling up the DagBag from /home/vboxuser/airflow_venv/lib/python3.12/site-packages/airflow/example_dags/tutorial.py
[2024-10-12T07:54:49.892+0000] {processor.py:925} INFO - DAG(s) 'tutorial' retrieved from /home/vboxuser/airflow_venv/lib/python3.12/site-packages/airflow/example_dags/tutorial.py
[2024-10-12T07:54:49.912+0000] {logging_mixin.py:190} INFO - [2024-10-12T07:54:49.912+0000] {dag.py:3239} INFO - Sync 1 DAGs
[2024-10-12T07:54:49.936+0000] {logging_mixin.py:190} INFO - [2024-10-12T07:54:49.935+0000] {dag.py:4180} INFO - Setting next_dagrun for tutorial to 2024-10-11 00:00:00+00:00, run_after=2024-10-12 00:00:00+00:00
[2024-10-12T07:54:49.968+0000] {processor.py:208} INFO - Processing /home/vboxuser/airflow_venv/lib/python3.12/site-packages/airflow/example_dags/tutorial.py took 0.101 seconds
[2024-10-12T07:55:55.661+0000] {processor.py:186} INFO - Started process (PID=13489) to work on /home/vboxuser/airflow_venv/lib/python3.12/site-packages/airflow/example_dags/tutorial.py
[2024-10-12T07:55:55.664+0000] {processor.py:914} INFO - Processing file /home/vboxuser/airflow_venv/lib/python3.12/site-packages/airflow/example_dags/tutorial.py for tasks to queue
[2024-10-12T07:55:55.667+0000] {logging_mixin.py:190} INFO - [2024-10-12T07:55:55.666+0000] {dagbag.py:588} INFO - Filling up the DagBag from /home/vboxuser/airflow_venv/lib/python3.12/site-packages/airflow/example_dags/tutorial.py
[2024-10-12T07:55:55.678+0000] {processor.py:925} INFO - DAG(s) 'tutorial' retrieved from /home/vboxuser/airflow_venv/lib/python3.12/site-packages/airflow/example_dags/tutorial.py
[2024-10-12T07:55:55.705+0000] {logging_mixin.py:190} INFO - [2024-10-12T07:55:55.704+0000] {dag.py:3239} INFO - Sync 1 DAGs
[2024-10-12T07:55:55.733+0000] {logging_mixin.py:190} INFO - [2024-10-12T07:55:55.733+0000] {dag.py:4180} INFO - Setting next_dagrun for tutorial to 2024-10-11 00:00:00+00:00, run_after=2024-10-12 00:00:00+00:00
[2024-10-12T07:55:55.768+0000] {processor.py:208} INFO - Processing /home/vboxuser/airflow_venv/lib/python3.12/site-packages/airflow/example_dags/tutorial.py took 0.116 seconds
[2024-10-12T07:57:02.037+0000] {processor.py:186} INFO - Started process (PID=13552) to work on /home/vboxuser/airflow_venv/lib/python3.12/site-packages/airflow/example_dags/tutorial.py
[2024-10-12T07:57:02.040+0000] {processor.py:914} INFO - Processing file /home/vboxuser/airflow_venv/lib/python3.12/site-packages/airflow/example_dags/tutorial.py for tasks to queue
[2024-10-12T07:57:02.044+0000] {logging_mixin.py:190} INFO - [2024-10-12T07:57:02.043+0000] {dagbag.py:588} INFO - Filling up the DagBag from /home/vboxuser/airflow_venv/lib/python3.12/site-packages/airflow/example_dags/tutorial.py
[2024-10-12T07:57:02.058+0000] {processor.py:925} INFO - DAG(s) 'tutorial' retrieved from /home/vboxuser/airflow_venv/lib/python3.12/site-packages/airflow/example_dags/tutorial.py
[2024-10-12T07:57:02.078+0000] {logging_mixin.py:190} INFO - [2024-10-12T07:57:02.078+0000] {dag.py:3239} INFO - Sync 1 DAGs
[2024-10-12T07:57:02.101+0000] {logging_mixin.py:190} INFO - [2024-10-12T07:57:02.101+0000] {dag.py:4180} INFO - Setting next_dagrun for tutorial to 2024-10-11 00:00:00+00:00, run_after=2024-10-12 00:00:00+00:00
[2024-10-12T07:57:02.136+0000] {processor.py:208} INFO - Processing /home/vboxuser/airflow_venv/lib/python3.12/site-packages/airflow/example_dags/tutorial.py took 0.108 seconds
[2024-10-12T07:58:05.791+0000] {processor.py:186} INFO - Started process (PID=13622) to work on /home/vboxuser/airflow_venv/lib/python3.12/site-packages/airflow/example_dags/tutorial.py
[2024-10-12T07:58:05.797+0000] {processor.py:914} INFO - Processing file /home/vboxuser/airflow_venv/lib/python3.12/site-packages/airflow/example_dags/tutorial.py for tasks to queue
[2024-10-12T07:58:05.807+0000] {logging_mixin.py:190} INFO - [2024-10-12T07:58:05.802+0000] {dagbag.py:588} INFO - Filling up the DagBag from /home/vboxuser/airflow_venv/lib/python3.12/site-packages/airflow/example_dags/tutorial.py
[2024-10-12T07:58:05.820+0000] {processor.py:925} INFO - DAG(s) 'tutorial' retrieved from /home/vboxuser/airflow_venv/lib/python3.12/site-packages/airflow/example_dags/tutorial.py
[2024-10-12T07:58:05.955+0000] {logging_mixin.py:190} INFO - [2024-10-12T07:58:05.942+0000] {dag.py:3239} INFO - Sync 1 DAGs
[2024-10-12T07:58:06.070+0000] {logging_mixin.py:190} INFO - [2024-10-12T07:58:06.069+0000] {dag.py:4180} INFO - Setting next_dagrun for tutorial to 2024-10-11 00:00:00+00:00, run_after=2024-10-12 00:00:00+00:00
[2024-10-12T07:58:06.255+0000] {processor.py:208} INFO - Processing /home/vboxuser/airflow_venv/lib/python3.12/site-packages/airflow/example_dags/tutorial.py took 0.511 seconds
[2024-10-12T07:59:05.881+0000] {processor.py:186} INFO - Started process (PID=13679) to work on /home/vboxuser/airflow_venv/lib/python3.12/site-packages/airflow/example_dags/tutorial.py
[2024-10-12T07:59:05.887+0000] {processor.py:914} INFO - Processing file /home/vboxuser/airflow_venv/lib/python3.12/site-packages/airflow/example_dags/tutorial.py for tasks to queue
[2024-10-12T07:59:05.892+0000] {logging_mixin.py:190} INFO - [2024-10-12T07:59:05.891+0000] {dagbag.py:588} INFO - Filling up the DagBag from /home/vboxuser/airflow_venv/lib/python3.12/site-packages/airflow/example_dags/tutorial.py
[2024-10-12T07:59:05.907+0000] {processor.py:925} INFO - DAG(s) 'tutorial' retrieved from /home/vboxuser/airflow_venv/lib/python3.12/site-packages/airflow/example_dags/tutorial.py
[2024-10-12T07:59:05.931+0000] {logging_mixin.py:190} INFO - [2024-10-12T07:59:05.930+0000] {dag.py:3239} INFO - Sync 1 DAGs
[2024-10-12T07:59:05.964+0000] {logging_mixin.py:190} INFO - [2024-10-12T07:59:05.964+0000] {dag.py:4180} INFO - Setting next_dagrun for tutorial to 2024-10-11 00:00:00+00:00, run_after=2024-10-12 00:00:00+00:00
[2024-10-12T07:59:06.001+0000] {processor.py:208} INFO - Processing /home/vboxuser/airflow_venv/lib/python3.12/site-packages/airflow/example_dags/tutorial.py took 0.134 seconds
[2024-10-12T08:00:12.554+0000] {processor.py:186} INFO - Started process (PID=13738) to work on /home/vboxuser/airflow_venv/lib/python3.12/site-packages/airflow/example_dags/tutorial.py
[2024-10-12T08:00:12.557+0000] {processor.py:914} INFO - Processing file /home/vboxuser/airflow_venv/lib/python3.12/site-packages/airflow/example_dags/tutorial.py for tasks to queue
[2024-10-12T08:00:12.561+0000] {logging_mixin.py:190} INFO - [2024-10-12T08:00:12.560+0000] {dagbag.py:588} INFO - Filling up the DagBag from /home/vboxuser/airflow_venv/lib/python3.12/site-packages/airflow/example_dags/tutorial.py
[2024-10-12T08:00:12.575+0000] {processor.py:925} INFO - DAG(s) 'tutorial' retrieved from /home/vboxuser/airflow_venv/lib/python3.12/site-packages/airflow/example_dags/tutorial.py
[2024-10-12T08:00:12.599+0000] {logging_mixin.py:190} INFO - [2024-10-12T08:00:12.598+0000] {dag.py:3239} INFO - Sync 1 DAGs
[2024-10-12T08:00:12.626+0000] {logging_mixin.py:190} INFO - [2024-10-12T08:00:12.626+0000] {dag.py:4180} INFO - Setting next_dagrun for tutorial to 2024-10-11 00:00:00+00:00, run_after=2024-10-12 00:00:00+00:00
[2024-10-12T08:00:12.667+0000] {processor.py:208} INFO - Processing /home/vboxuser/airflow_venv/lib/python3.12/site-packages/airflow/example_dags/tutorial.py took 0.124 seconds
[2024-10-12T08:01:13.527+0000] {processor.py:186} INFO - Started process (PID=13799) to work on /home/vboxuser/airflow_venv/lib/python3.12/site-packages/airflow/example_dags/tutorial.py
[2024-10-12T08:01:13.530+0000] {processor.py:914} INFO - Processing file /home/vboxuser/airflow_venv/lib/python3.12/site-packages/airflow/example_dags/tutorial.py for tasks to queue
[2024-10-12T08:01:13.535+0000] {logging_mixin.py:190} INFO - [2024-10-12T08:01:13.534+0000] {dagbag.py:588} INFO - Filling up the DagBag from /home/vboxuser/airflow_venv/lib/python3.12/site-packages/airflow/example_dags/tutorial.py
[2024-10-12T08:01:13.549+0000] {processor.py:925} INFO - DAG(s) 'tutorial' retrieved from /home/vboxuser/airflow_venv/lib/python3.12/site-packages/airflow/example_dags/tutorial.py
[2024-10-12T08:01:13.577+0000] {logging_mixin.py:190} INFO - [2024-10-12T08:01:13.576+0000] {dag.py:3239} INFO - Sync 1 DAGs
[2024-10-12T08:01:13.606+0000] {logging_mixin.py:190} INFO - [2024-10-12T08:01:13.605+0000] {dag.py:4180} INFO - Setting next_dagrun for tutorial to 2024-10-11 00:00:00+00:00, run_after=2024-10-12 00:00:00+00:00
[2024-10-12T08:01:13.660+0000] {processor.py:208} INFO - Processing /home/vboxuser/airflow_venv/lib/python3.12/site-packages/airflow/example_dags/tutorial.py took 0.144 seconds
[2024-10-12T08:02:23.721+0000] {processor.py:186} INFO - Started process (PID=13860) to work on /home/vboxuser/airflow_venv/lib/python3.12/site-packages/airflow/example_dags/tutorial.py
[2024-10-12T08:02:23.723+0000] {processor.py:914} INFO - Processing file /home/vboxuser/airflow_venv/lib/python3.12/site-packages/airflow/example_dags/tutorial.py for tasks to queue
[2024-10-12T08:02:23.726+0000] {logging_mixin.py:190} INFO - [2024-10-12T08:02:23.725+0000] {dagbag.py:588} INFO - Filling up the DagBag from /home/vboxuser/airflow_venv/lib/python3.12/site-packages/airflow/example_dags/tutorial.py
[2024-10-12T08:02:23.740+0000] {processor.py:925} INFO - DAG(s) 'tutorial' retrieved from /home/vboxuser/airflow_venv/lib/python3.12/site-packages/airflow/example_dags/tutorial.py
[2024-10-12T08:02:23.775+0000] {logging_mixin.py:190} INFO - [2024-10-12T08:02:23.775+0000] {dag.py:3239} INFO - Sync 1 DAGs
[2024-10-12T08:02:23.808+0000] {logging_mixin.py:190} INFO - [2024-10-12T08:02:23.808+0000] {dag.py:4180} INFO - Setting next_dagrun for tutorial to 2024-10-11 00:00:00+00:00, run_after=2024-10-12 00:00:00+00:00
[2024-10-12T08:02:23.854+0000] {processor.py:208} INFO - Processing /home/vboxuser/airflow_venv/lib/python3.12/site-packages/airflow/example_dags/tutorial.py took 0.141 seconds
[2024-10-12T08:03:26.134+0000] {processor.py:186} INFO - Started process (PID=13918) to work on /home/vboxuser/airflow_venv/lib/python3.12/site-packages/airflow/example_dags/tutorial.py
[2024-10-12T08:03:26.136+0000] {processor.py:914} INFO - Processing file /home/vboxuser/airflow_venv/lib/python3.12/site-packages/airflow/example_dags/tutorial.py for tasks to queue
[2024-10-12T08:03:26.141+0000] {logging_mixin.py:190} INFO - [2024-10-12T08:03:26.140+0000] {dagbag.py:588} INFO - Filling up the DagBag from /home/vboxuser/airflow_venv/lib/python3.12/site-packages/airflow/example_dags/tutorial.py
[2024-10-12T08:03:26.157+0000] {processor.py:925} INFO - DAG(s) 'tutorial' retrieved from /home/vboxuser/airflow_venv/lib/python3.12/site-packages/airflow/example_dags/tutorial.py
[2024-10-12T08:03:26.187+0000] {logging_mixin.py:190} INFO - [2024-10-12T08:03:26.186+0000] {dag.py:3239} INFO - Sync 1 DAGs
[2024-10-12T08:03:26.212+0000] {logging_mixin.py:190} INFO - [2024-10-12T08:03:26.212+0000] {dag.py:4180} INFO - Setting next_dagrun for tutorial to 2024-10-11 00:00:00+00:00, run_after=2024-10-12 00:00:00+00:00
[2024-10-12T08:03:26.254+0000] {processor.py:208} INFO - Processing /home/vboxuser/airflow_venv/lib/python3.12/site-packages/airflow/example_dags/tutorial.py took 0.132 seconds
[2024-10-12T08:04:37.116+0000] {processor.py:186} INFO - Started process (PID=13992) to work on /home/vboxuser/airflow_venv/lib/python3.12/site-packages/airflow/example_dags/tutorial.py
[2024-10-12T08:04:37.118+0000] {processor.py:914} INFO - Processing file /home/vboxuser/airflow_venv/lib/python3.12/site-packages/airflow/example_dags/tutorial.py for tasks to queue
[2024-10-12T08:04:37.122+0000] {logging_mixin.py:190} INFO - [2024-10-12T08:04:37.122+0000] {dagbag.py:588} INFO - Filling up the DagBag from /home/vboxuser/airflow_venv/lib/python3.12/site-packages/airflow/example_dags/tutorial.py
[2024-10-12T08:04:37.136+0000] {processor.py:925} INFO - DAG(s) 'tutorial' retrieved from /home/vboxuser/airflow_venv/lib/python3.12/site-packages/airflow/example_dags/tutorial.py
[2024-10-12T08:04:37.162+0000] {logging_mixin.py:190} INFO - [2024-10-12T08:04:37.161+0000] {dag.py:3239} INFO - Sync 1 DAGs
[2024-10-12T08:04:37.189+0000] {logging_mixin.py:190} INFO - [2024-10-12T08:04:37.188+0000] {dag.py:4180} INFO - Setting next_dagrun for tutorial to 2024-10-11 00:00:00+00:00, run_after=2024-10-12 00:00:00+00:00
[2024-10-12T08:04:37.225+0000] {processor.py:208} INFO - Processing /home/vboxuser/airflow_venv/lib/python3.12/site-packages/airflow/example_dags/tutorial.py took 0.119 seconds
[2024-10-12T08:05:44.755+0000] {processor.py:186} INFO - Started process (PID=14062) to work on /home/vboxuser/airflow_venv/lib/python3.12/site-packages/airflow/example_dags/tutorial.py
[2024-10-12T08:05:44.761+0000] {processor.py:914} INFO - Processing file /home/vboxuser/airflow_venv/lib/python3.12/site-packages/airflow/example_dags/tutorial.py for tasks to queue
[2024-10-12T08:05:44.767+0000] {logging_mixin.py:190} INFO - [2024-10-12T08:05:44.766+0000] {dagbag.py:588} INFO - Filling up the DagBag from /home/vboxuser/airflow_venv/lib/python3.12/site-packages/airflow/example_dags/tutorial.py
[2024-10-12T08:05:44.793+0000] {processor.py:925} INFO - DAG(s) 'tutorial' retrieved from /home/vboxuser/airflow_venv/lib/python3.12/site-packages/airflow/example_dags/tutorial.py
[2024-10-12T08:05:44.831+0000] {logging_mixin.py:190} INFO - [2024-10-12T08:05:44.831+0000] {dag.py:3239} INFO - Sync 1 DAGs
[2024-10-12T08:05:44.897+0000] {logging_mixin.py:190} INFO - [2024-10-12T08:05:44.896+0000] {dag.py:4180} INFO - Setting next_dagrun for tutorial to 2024-10-11 00:00:00+00:00, run_after=2024-10-12 00:00:00+00:00
[2024-10-12T08:05:44.979+0000] {processor.py:208} INFO - Processing /home/vboxuser/airflow_venv/lib/python3.12/site-packages/airflow/example_dags/tutorial.py took 0.242 seconds
[2024-10-12T08:06:59.542+0000] {processor.py:186} INFO - Started process (PID=14127) to work on /home/vboxuser/airflow_venv/lib/python3.12/site-packages/airflow/example_dags/tutorial.py
[2024-10-12T08:06:59.548+0000] {processor.py:914} INFO - Processing file /home/vboxuser/airflow_venv/lib/python3.12/site-packages/airflow/example_dags/tutorial.py for tasks to queue
[2024-10-12T08:06:59.556+0000] {logging_mixin.py:190} INFO - [2024-10-12T08:06:59.555+0000] {dagbag.py:588} INFO - Filling up the DagBag from /home/vboxuser/airflow_venv/lib/python3.12/site-packages/airflow/example_dags/tutorial.py
[2024-10-12T08:06:59.583+0000] {processor.py:925} INFO - DAG(s) 'tutorial' retrieved from /home/vboxuser/airflow_venv/lib/python3.12/site-packages/airflow/example_dags/tutorial.py
[2024-10-12T08:06:59.646+0000] {logging_mixin.py:190} INFO - [2024-10-12T08:06:59.645+0000] {dag.py:3239} INFO - Sync 1 DAGs
[2024-10-12T08:06:59.724+0000] {logging_mixin.py:190} INFO - [2024-10-12T08:06:59.723+0000] {dag.py:4180} INFO - Setting next_dagrun for tutorial to 2024-10-11 00:00:00+00:00, run_after=2024-10-12 00:00:00+00:00
[2024-10-12T08:06:59.865+0000] {processor.py:208} INFO - Processing /home/vboxuser/airflow_venv/lib/python3.12/site-packages/airflow/example_dags/tutorial.py took 0.340 seconds
[2024-10-12T08:08:13.446+0000] {processor.py:186} INFO - Started process (PID=14195) to work on /home/vboxuser/airflow_venv/lib/python3.12/site-packages/airflow/example_dags/tutorial.py
[2024-10-12T08:08:13.452+0000] {processor.py:914} INFO - Processing file /home/vboxuser/airflow_venv/lib/python3.12/site-packages/airflow/example_dags/tutorial.py for tasks to queue
[2024-10-12T08:08:13.457+0000] {logging_mixin.py:190} INFO - [2024-10-12T08:08:13.456+0000] {dagbag.py:588} INFO - Filling up the DagBag from /home/vboxuser/airflow_venv/lib/python3.12/site-packages/airflow/example_dags/tutorial.py
[2024-10-12T08:08:13.473+0000] {processor.py:925} INFO - DAG(s) 'tutorial' retrieved from /home/vboxuser/airflow_venv/lib/python3.12/site-packages/airflow/example_dags/tutorial.py
[2024-10-12T08:08:13.510+0000] {logging_mixin.py:190} INFO - [2024-10-12T08:08:13.510+0000] {dag.py:3239} INFO - Sync 1 DAGs
[2024-10-12T08:08:13.546+0000] {logging_mixin.py:190} INFO - [2024-10-12T08:08:13.545+0000] {dag.py:4180} INFO - Setting next_dagrun for tutorial to 2024-10-11 00:00:00+00:00, run_after=2024-10-12 00:00:00+00:00
[2024-10-12T08:08:13.596+0000] {processor.py:208} INFO - Processing /home/vboxuser/airflow_venv/lib/python3.12/site-packages/airflow/example_dags/tutorial.py took 0.165 seconds
[2024-10-12T08:09:31.182+0000] {processor.py:186} INFO - Started process (PID=14259) to work on /home/vboxuser/airflow_venv/lib/python3.12/site-packages/airflow/example_dags/tutorial.py
[2024-10-12T08:09:31.189+0000] {processor.py:914} INFO - Processing file /home/vboxuser/airflow_venv/lib/python3.12/site-packages/airflow/example_dags/tutorial.py for tasks to queue
[2024-10-12T08:09:31.195+0000] {logging_mixin.py:190} INFO - [2024-10-12T08:09:31.194+0000] {dagbag.py:588} INFO - Filling up the DagBag from /home/vboxuser/airflow_venv/lib/python3.12/site-packages/airflow/example_dags/tutorial.py
[2024-10-12T08:09:31.213+0000] {processor.py:925} INFO - DAG(s) 'tutorial' retrieved from /home/vboxuser/airflow_venv/lib/python3.12/site-packages/airflow/example_dags/tutorial.py
[2024-10-12T08:09:31.251+0000] {logging_mixin.py:190} INFO - [2024-10-12T08:09:31.251+0000] {dag.py:3239} INFO - Sync 1 DAGs
[2024-10-12T08:09:31.292+0000] {logging_mixin.py:190} INFO - [2024-10-12T08:09:31.292+0000] {dag.py:4180} INFO - Setting next_dagrun for tutorial to 2024-10-11 00:00:00+00:00, run_after=2024-10-12 00:00:00+00:00
[2024-10-12T08:09:31.343+0000] {processor.py:208} INFO - Processing /home/vboxuser/airflow_venv/lib/python3.12/site-packages/airflow/example_dags/tutorial.py took 0.173 seconds
[2024-10-12T08:10:47.731+0000] {processor.py:186} INFO - Started process (PID=14327) to work on /home/vboxuser/airflow_venv/lib/python3.12/site-packages/airflow/example_dags/tutorial.py
[2024-10-12T08:10:47.737+0000] {processor.py:914} INFO - Processing file /home/vboxuser/airflow_venv/lib/python3.12/site-packages/airflow/example_dags/tutorial.py for tasks to queue
[2024-10-12T08:10:47.742+0000] {logging_mixin.py:190} INFO - [2024-10-12T08:10:47.741+0000] {dagbag.py:588} INFO - Filling up the DagBag from /home/vboxuser/airflow_venv/lib/python3.12/site-packages/airflow/example_dags/tutorial.py
[2024-10-12T08:10:47.759+0000] {processor.py:925} INFO - DAG(s) 'tutorial' retrieved from /home/vboxuser/airflow_venv/lib/python3.12/site-packages/airflow/example_dags/tutorial.py
[2024-10-12T08:10:47.788+0000] {logging_mixin.py:190} INFO - [2024-10-12T08:10:47.788+0000] {dag.py:3239} INFO - Sync 1 DAGs
[2024-10-12T08:10:47.814+0000] {logging_mixin.py:190} INFO - [2024-10-12T08:10:47.813+0000] {dag.py:4180} INFO - Setting next_dagrun for tutorial to 2024-10-11 00:00:00+00:00, run_after=2024-10-12 00:00:00+00:00
[2024-10-12T08:10:47.860+0000] {processor.py:208} INFO - Processing /home/vboxuser/airflow_venv/lib/python3.12/site-packages/airflow/example_dags/tutorial.py took 0.143 seconds
[2024-10-12T08:11:54.755+0000] {processor.py:186} INFO - Started process (PID=14387) to work on /home/vboxuser/airflow_venv/lib/python3.12/site-packages/airflow/example_dags/tutorial.py
[2024-10-12T08:11:54.758+0000] {processor.py:914} INFO - Processing file /home/vboxuser/airflow_venv/lib/python3.12/site-packages/airflow/example_dags/tutorial.py for tasks to queue
[2024-10-12T08:11:54.763+0000] {logging_mixin.py:190} INFO - [2024-10-12T08:11:54.762+0000] {dagbag.py:588} INFO - Filling up the DagBag from /home/vboxuser/airflow_venv/lib/python3.12/site-packages/airflow/example_dags/tutorial.py
[2024-10-12T08:11:54.776+0000] {processor.py:925} INFO - DAG(s) 'tutorial' retrieved from /home/vboxuser/airflow_venv/lib/python3.12/site-packages/airflow/example_dags/tutorial.py
[2024-10-12T08:11:54.801+0000] {logging_mixin.py:190} INFO - [2024-10-12T08:11:54.801+0000] {dag.py:3239} INFO - Sync 1 DAGs
[2024-10-12T08:11:54.837+0000] {logging_mixin.py:190} INFO - [2024-10-12T08:11:54.837+0000] {dag.py:4180} INFO - Setting next_dagrun for tutorial to 2024-10-11 00:00:00+00:00, run_after=2024-10-12 00:00:00+00:00
[2024-10-12T08:11:54.895+0000] {processor.py:208} INFO - Processing /home/vboxuser/airflow_venv/lib/python3.12/site-packages/airflow/example_dags/tutorial.py took 0.156 seconds
[2024-10-12T08:13:02.994+0000] {processor.py:186} INFO - Started process (PID=14449) to work on /home/vboxuser/airflow_venv/lib/python3.12/site-packages/airflow/example_dags/tutorial.py
[2024-10-12T08:13:03.000+0000] {processor.py:914} INFO - Processing file /home/vboxuser/airflow_venv/lib/python3.12/site-packages/airflow/example_dags/tutorial.py for tasks to queue
[2024-10-12T08:13:03.009+0000] {logging_mixin.py:190} INFO - [2024-10-12T08:13:03.007+0000] {dagbag.py:588} INFO - Filling up the DagBag from /home/vboxuser/airflow_venv/lib/python3.12/site-packages/airflow/example_dags/tutorial.py
[2024-10-12T08:13:03.029+0000] {processor.py:925} INFO - DAG(s) 'tutorial' retrieved from /home/vboxuser/airflow_venv/lib/python3.12/site-packages/airflow/example_dags/tutorial.py
[2024-10-12T08:13:03.063+0000] {logging_mixin.py:190} INFO - [2024-10-12T08:13:03.062+0000] {dag.py:3239} INFO - Sync 1 DAGs
[2024-10-12T08:13:03.107+0000] {logging_mixin.py:190} INFO - [2024-10-12T08:13:03.107+0000] {dag.py:4180} INFO - Setting next_dagrun for tutorial to 2024-10-11 00:00:00+00:00, run_after=2024-10-12 00:00:00+00:00
[2024-10-12T08:13:03.172+0000] {processor.py:208} INFO - Processing /home/vboxuser/airflow_venv/lib/python3.12/site-packages/airflow/example_dags/tutorial.py took 0.195 seconds
[2024-10-12T08:14:17.525+0000] {processor.py:186} INFO - Started process (PID=14511) to work on /home/vboxuser/airflow_venv/lib/python3.12/site-packages/airflow/example_dags/tutorial.py
[2024-10-12T08:14:17.533+0000] {processor.py:914} INFO - Processing file /home/vboxuser/airflow_venv/lib/python3.12/site-packages/airflow/example_dags/tutorial.py for tasks to queue
[2024-10-12T08:14:17.538+0000] {logging_mixin.py:190} INFO - [2024-10-12T08:14:17.537+0000] {dagbag.py:588} INFO - Filling up the DagBag from /home/vboxuser/airflow_venv/lib/python3.12/site-packages/airflow/example_dags/tutorial.py
[2024-10-12T08:14:17.553+0000] {processor.py:925} INFO - DAG(s) 'tutorial' retrieved from /home/vboxuser/airflow_venv/lib/python3.12/site-packages/airflow/example_dags/tutorial.py
[2024-10-12T08:14:17.574+0000] {logging_mixin.py:190} INFO - [2024-10-12T08:14:17.574+0000] {dag.py:3239} INFO - Sync 1 DAGs
[2024-10-12T08:14:17.610+0000] {logging_mixin.py:190} INFO - [2024-10-12T08:14:17.610+0000] {dag.py:4180} INFO - Setting next_dagrun for tutorial to 2024-10-11 00:00:00+00:00, run_after=2024-10-12 00:00:00+00:00
[2024-10-12T08:14:17.670+0000] {processor.py:208} INFO - Processing /home/vboxuser/airflow_venv/lib/python3.12/site-packages/airflow/example_dags/tutorial.py took 0.163 seconds
[2024-10-12T08:15:31.996+0000] {processor.py:186} INFO - Started process (PID=14577) to work on /home/vboxuser/airflow_venv/lib/python3.12/site-packages/airflow/example_dags/tutorial.py
[2024-10-12T08:15:32.000+0000] {processor.py:914} INFO - Processing file /home/vboxuser/airflow_venv/lib/python3.12/site-packages/airflow/example_dags/tutorial.py for tasks to queue
[2024-10-12T08:15:32.005+0000] {logging_mixin.py:190} INFO - [2024-10-12T08:15:32.004+0000] {dagbag.py:588} INFO - Filling up the DagBag from /home/vboxuser/airflow_venv/lib/python3.12/site-packages/airflow/example_dags/tutorial.py
[2024-10-12T08:15:32.022+0000] {processor.py:925} INFO - DAG(s) 'tutorial' retrieved from /home/vboxuser/airflow_venv/lib/python3.12/site-packages/airflow/example_dags/tutorial.py
[2024-10-12T08:15:32.055+0000] {logging_mixin.py:190} INFO - [2024-10-12T08:15:32.054+0000] {dag.py:3239} INFO - Sync 1 DAGs
[2024-10-12T08:15:32.099+0000] {logging_mixin.py:190} INFO - [2024-10-12T08:15:32.098+0000] {dag.py:4180} INFO - Setting next_dagrun for tutorial to 2024-10-11 00:00:00+00:00, run_after=2024-10-12 00:00:00+00:00
[2024-10-12T08:15:32.160+0000] {processor.py:208} INFO - Processing /home/vboxuser/airflow_venv/lib/python3.12/site-packages/airflow/example_dags/tutorial.py took 0.178 seconds
[2024-10-12T08:16:46.692+0000] {processor.py:186} INFO - Started process (PID=14639) to work on /home/vboxuser/airflow_venv/lib/python3.12/site-packages/airflow/example_dags/tutorial.py
[2024-10-12T08:16:46.695+0000] {processor.py:914} INFO - Processing file /home/vboxuser/airflow_venv/lib/python3.12/site-packages/airflow/example_dags/tutorial.py for tasks to queue
[2024-10-12T08:16:46.701+0000] {logging_mixin.py:190} INFO - [2024-10-12T08:16:46.700+0000] {dagbag.py:588} INFO - Filling up the DagBag from /home/vboxuser/airflow_venv/lib/python3.12/site-packages/airflow/example_dags/tutorial.py
[2024-10-12T08:16:46.718+0000] {processor.py:925} INFO - DAG(s) 'tutorial' retrieved from /home/vboxuser/airflow_venv/lib/python3.12/site-packages/airflow/example_dags/tutorial.py
[2024-10-12T08:16:46.751+0000] {logging_mixin.py:190} INFO - [2024-10-12T08:16:46.750+0000] {dag.py:3239} INFO - Sync 1 DAGs
[2024-10-12T08:16:46.789+0000] {logging_mixin.py:190} INFO - [2024-10-12T08:16:46.788+0000] {dag.py:4180} INFO - Setting next_dagrun for tutorial to 2024-10-11 00:00:00+00:00, run_after=2024-10-12 00:00:00+00:00
[2024-10-12T08:16:46.850+0000] {processor.py:208} INFO - Processing /home/vboxuser/airflow_venv/lib/python3.12/site-packages/airflow/example_dags/tutorial.py took 0.173 seconds
