[2024-10-12T07:08:33.914+0000] {processor.py:186} INFO - Started process (PID=11296) to work on /home/vboxuser/airflow_venv/lib/python3.12/site-packages/airflow/example_dags/tutorial_objectstorage.py
[2024-10-12T07:08:33.916+0000] {processor.py:914} INFO - Processing file /home/vboxuser/airflow_venv/lib/python3.12/site-packages/airflow/example_dags/tutorial_objectstorage.py for tasks to queue
[2024-10-12T07:08:33.920+0000] {logging_mixin.py:190} INFO - [2024-10-12T07:08:33.919+0000] {dagbag.py:588} INFO - Filling up the DagBag from /home/vboxuser/airflow_venv/lib/python3.12/site-packages/airflow/example_dags/tutorial_objectstorage.py
[2024-10-12T07:08:33.939+0000] {processor.py:925} INFO - DAG(s) 'tutorial_objectstorage' retrieved from /home/vboxuser/airflow_venv/lib/python3.12/site-packages/airflow/example_dags/tutorial_objectstorage.py
[2024-10-12T07:08:34.123+0000] {logging_mixin.py:190} INFO - [2024-10-12T07:08:34.122+0000] {override.py:1901} INFO - Created Permission View: can delete on DAG:tutorial_objectstorage
[2024-10-12T07:08:34.148+0000] {logging_mixin.py:190} INFO - [2024-10-12T07:08:34.147+0000] {override.py:1901} INFO - Created Permission View: can read on DAG:tutorial_objectstorage
[2024-10-12T07:08:34.164+0000] {logging_mixin.py:190} INFO - [2024-10-12T07:08:34.164+0000] {override.py:1901} INFO - Created Permission View: can edit on DAG:tutorial_objectstorage
[2024-10-12T07:08:34.196+0000] {logging_mixin.py:190} INFO - [2024-10-12T07:08:34.195+0000] {override.py:1901} INFO - Created Permission View: can delete on DAG Run:tutorial_objectstorage
[2024-10-12T07:08:34.211+0000] {logging_mixin.py:190} INFO - [2024-10-12T07:08:34.211+0000] {override.py:1901} INFO - Created Permission View: can read on DAG Run:tutorial_objectstorage
[2024-10-12T07:08:34.227+0000] {logging_mixin.py:190} INFO - [2024-10-12T07:08:34.226+0000] {override.py:1901} INFO - Created Permission View: menu access on DAG Run:tutorial_objectstorage
[2024-10-12T07:08:34.248+0000] {logging_mixin.py:190} INFO - [2024-10-12T07:08:34.247+0000] {override.py:1901} INFO - Created Permission View: can create on DAG Run:tutorial_objectstorage
[2024-10-12T07:08:34.248+0000] {logging_mixin.py:190} INFO - [2024-10-12T07:08:34.248+0000] {dag.py:3239} INFO - Sync 1 DAGs
[2024-10-12T07:08:34.266+0000] {logging_mixin.py:190} INFO - [2024-10-12T07:08:34.265+0000] {dag.py:3262} INFO - Creating ORM DAG for tutorial_objectstorage
[2024-10-12T07:08:34.267+0000] {logging_mixin.py:190} INFO - [2024-10-12T07:08:34.266+0000] {dag.py:4180} INFO - Setting next_dagrun for tutorial_objectstorage to None, run_after=None
[2024-10-12T07:08:34.308+0000] {processor.py:208} INFO - Processing /home/vboxuser/airflow_venv/lib/python3.12/site-packages/airflow/example_dags/tutorial_objectstorage.py took 0.402 seconds
[2024-10-12T07:09:48.223+0000] {processor.py:186} INFO - Started process (PID=11353) to work on /home/vboxuser/airflow_venv/lib/python3.12/site-packages/airflow/example_dags/tutorial_objectstorage.py
[2024-10-12T07:09:48.229+0000] {processor.py:914} INFO - Processing file /home/vboxuser/airflow_venv/lib/python3.12/site-packages/airflow/example_dags/tutorial_objectstorage.py for tasks to queue
[2024-10-12T07:09:48.233+0000] {logging_mixin.py:190} INFO - [2024-10-12T07:09:48.232+0000] {dagbag.py:588} INFO - Filling up the DagBag from /home/vboxuser/airflow_venv/lib/python3.12/site-packages/airflow/example_dags/tutorial_objectstorage.py
[2024-10-12T07:09:48.249+0000] {processor.py:925} INFO - DAG(s) 'tutorial_objectstorage' retrieved from /home/vboxuser/airflow_venv/lib/python3.12/site-packages/airflow/example_dags/tutorial_objectstorage.py
[2024-10-12T07:09:48.272+0000] {logging_mixin.py:190} INFO - [2024-10-12T07:09:48.272+0000] {dag.py:3239} INFO - Sync 1 DAGs
[2024-10-12T07:09:48.290+0000] {logging_mixin.py:190} INFO - [2024-10-12T07:09:48.290+0000] {dag.py:4180} INFO - Setting next_dagrun for tutorial_objectstorage to None, run_after=None
[2024-10-12T07:09:48.335+0000] {processor.py:208} INFO - Processing /home/vboxuser/airflow_venv/lib/python3.12/site-packages/airflow/example_dags/tutorial_objectstorage.py took 0.121 seconds
[2024-10-12T07:10:26.138+0000] {processor.py:186} INFO - Started process (PID=11392) to work on /home/vboxuser/airflow_venv/lib/python3.12/site-packages/airflow/example_dags/tutorial_objectstorage.py
[2024-10-12T07:10:26.141+0000] {processor.py:914} INFO - Processing file /home/vboxuser/airflow_venv/lib/python3.12/site-packages/airflow/example_dags/tutorial_objectstorage.py for tasks to queue
[2024-10-12T07:10:26.144+0000] {logging_mixin.py:190} INFO - [2024-10-12T07:10:26.143+0000] {dagbag.py:588} INFO - Filling up the DagBag from /home/vboxuser/airflow_venv/lib/python3.12/site-packages/airflow/example_dags/tutorial_objectstorage.py
[2024-10-12T07:10:26.156+0000] {processor.py:925} INFO - DAG(s) 'tutorial_objectstorage' retrieved from /home/vboxuser/airflow_venv/lib/python3.12/site-packages/airflow/example_dags/tutorial_objectstorage.py
[2024-10-12T07:10:26.179+0000] {logging_mixin.py:190} INFO - [2024-10-12T07:10:26.178+0000] {dag.py:3239} INFO - Sync 1 DAGs
[2024-10-12T07:10:26.196+0000] {logging_mixin.py:190} INFO - [2024-10-12T07:10:26.193+0000] {dag.py:4180} INFO - Setting next_dagrun for tutorial_objectstorage to None, run_after=None
[2024-10-12T07:10:26.227+0000] {processor.py:208} INFO - Processing /home/vboxuser/airflow_venv/lib/python3.12/site-packages/airflow/example_dags/tutorial_objectstorage.py took 0.096 seconds
[2024-10-12T07:11:28.270+0000] {processor.py:186} INFO - Started process (PID=11449) to work on /home/vboxuser/airflow_venv/lib/python3.12/site-packages/airflow/example_dags/tutorial_objectstorage.py
[2024-10-12T07:11:28.272+0000] {processor.py:914} INFO - Processing file /home/vboxuser/airflow_venv/lib/python3.12/site-packages/airflow/example_dags/tutorial_objectstorage.py for tasks to queue
[2024-10-12T07:11:28.275+0000] {logging_mixin.py:190} INFO - [2024-10-12T07:11:28.275+0000] {dagbag.py:588} INFO - Filling up the DagBag from /home/vboxuser/airflow_venv/lib/python3.12/site-packages/airflow/example_dags/tutorial_objectstorage.py
[2024-10-12T07:11:28.289+0000] {processor.py:925} INFO - DAG(s) 'tutorial_objectstorage' retrieved from /home/vboxuser/airflow_venv/lib/python3.12/site-packages/airflow/example_dags/tutorial_objectstorage.py
[2024-10-12T07:11:28.307+0000] {logging_mixin.py:190} INFO - [2024-10-12T07:11:28.307+0000] {dag.py:3239} INFO - Sync 1 DAGs
[2024-10-12T07:11:28.320+0000] {logging_mixin.py:190} INFO - [2024-10-12T07:11:28.319+0000] {dag.py:4180} INFO - Setting next_dagrun for tutorial_objectstorage to None, run_after=None
[2024-10-12T07:11:28.352+0000] {processor.py:208} INFO - Processing /home/vboxuser/airflow_venv/lib/python3.12/site-packages/airflow/example_dags/tutorial_objectstorage.py took 0.092 seconds
[2024-10-12T07:12:30.633+0000] {processor.py:186} INFO - Started process (PID=11507) to work on /home/vboxuser/airflow_venv/lib/python3.12/site-packages/airflow/example_dags/tutorial_objectstorage.py
[2024-10-12T07:12:30.636+0000] {processor.py:914} INFO - Processing file /home/vboxuser/airflow_venv/lib/python3.12/site-packages/airflow/example_dags/tutorial_objectstorage.py for tasks to queue
[2024-10-12T07:12:30.642+0000] {logging_mixin.py:190} INFO - [2024-10-12T07:12:30.641+0000] {dagbag.py:588} INFO - Filling up the DagBag from /home/vboxuser/airflow_venv/lib/python3.12/site-packages/airflow/example_dags/tutorial_objectstorage.py
[2024-10-12T07:12:30.658+0000] {processor.py:925} INFO - DAG(s) 'tutorial_objectstorage' retrieved from /home/vboxuser/airflow_venv/lib/python3.12/site-packages/airflow/example_dags/tutorial_objectstorage.py
[2024-10-12T07:12:30.679+0000] {logging_mixin.py:190} INFO - [2024-10-12T07:12:30.678+0000] {dag.py:3239} INFO - Sync 1 DAGs
[2024-10-12T07:12:30.694+0000] {logging_mixin.py:190} INFO - [2024-10-12T07:12:30.693+0000] {dag.py:4180} INFO - Setting next_dagrun for tutorial_objectstorage to None, run_after=None
[2024-10-12T07:12:30.725+0000] {processor.py:208} INFO - Processing /home/vboxuser/airflow_venv/lib/python3.12/site-packages/airflow/example_dags/tutorial_objectstorage.py took 0.103 seconds
[2024-10-12T07:13:33.835+0000] {processor.py:186} INFO - Started process (PID=11594) to work on /home/vboxuser/airflow_venv/lib/python3.12/site-packages/airflow/example_dags/tutorial_objectstorage.py
[2024-10-12T07:13:33.869+0000] {processor.py:914} INFO - Processing file /home/vboxuser/airflow_venv/lib/python3.12/site-packages/airflow/example_dags/tutorial_objectstorage.py for tasks to queue
[2024-10-12T07:13:33.913+0000] {logging_mixin.py:190} INFO - [2024-10-12T07:13:33.900+0000] {dagbag.py:588} INFO - Filling up the DagBag from /home/vboxuser/airflow_venv/lib/python3.12/site-packages/airflow/example_dags/tutorial_objectstorage.py
[2024-10-12T07:13:33.937+0000] {processor.py:925} INFO - DAG(s) 'tutorial_objectstorage' retrieved from /home/vboxuser/airflow_venv/lib/python3.12/site-packages/airflow/example_dags/tutorial_objectstorage.py
[2024-10-12T07:13:33.971+0000] {logging_mixin.py:190} INFO - [2024-10-12T07:13:33.971+0000] {dag.py:3239} INFO - Sync 1 DAGs
[2024-10-12T07:13:34.001+0000] {logging_mixin.py:190} INFO - [2024-10-12T07:13:34.000+0000] {dag.py:4180} INFO - Setting next_dagrun for tutorial_objectstorage to None, run_after=None
[2024-10-12T07:13:34.061+0000] {processor.py:208} INFO - Processing /home/vboxuser/airflow_venv/lib/python3.12/site-packages/airflow/example_dags/tutorial_objectstorage.py took 0.254 seconds
[2024-10-12T07:14:40.135+0000] {processor.py:186} INFO - Started process (PID=11708) to work on /home/vboxuser/airflow_venv/lib/python3.12/site-packages/airflow/example_dags/tutorial_objectstorage.py
[2024-10-12T07:14:40.137+0000] {processor.py:914} INFO - Processing file /home/vboxuser/airflow_venv/lib/python3.12/site-packages/airflow/example_dags/tutorial_objectstorage.py for tasks to queue
[2024-10-12T07:14:40.140+0000] {logging_mixin.py:190} INFO - [2024-10-12T07:14:40.139+0000] {dagbag.py:588} INFO - Filling up the DagBag from /home/vboxuser/airflow_venv/lib/python3.12/site-packages/airflow/example_dags/tutorial_objectstorage.py
[2024-10-12T07:14:40.156+0000] {processor.py:925} INFO - DAG(s) 'tutorial_objectstorage' retrieved from /home/vboxuser/airflow_venv/lib/python3.12/site-packages/airflow/example_dags/tutorial_objectstorage.py
[2024-10-12T07:14:40.179+0000] {logging_mixin.py:190} INFO - [2024-10-12T07:14:40.179+0000] {dag.py:3239} INFO - Sync 1 DAGs
[2024-10-12T07:14:40.192+0000] {logging_mixin.py:190} INFO - [2024-10-12T07:14:40.192+0000] {dag.py:4180} INFO - Setting next_dagrun for tutorial_objectstorage to None, run_after=None
[2024-10-12T07:14:40.359+0000] {processor.py:208} INFO - Processing /home/vboxuser/airflow_venv/lib/python3.12/site-packages/airflow/example_dags/tutorial_objectstorage.py took 0.233 seconds
[2024-10-12T07:15:19.160+0000] {processor.py:186} INFO - Started process (PID=11752) to work on /home/vboxuser/airflow_venv/lib/python3.12/site-packages/airflow/example_dags/tutorial_objectstorage.py
[2024-10-12T07:15:19.162+0000] {processor.py:914} INFO - Processing file /home/vboxuser/airflow_venv/lib/python3.12/site-packages/airflow/example_dags/tutorial_objectstorage.py for tasks to queue
[2024-10-12T07:15:19.165+0000] {logging_mixin.py:190} INFO - [2024-10-12T07:15:19.164+0000] {dagbag.py:588} INFO - Filling up the DagBag from /home/vboxuser/airflow_venv/lib/python3.12/site-packages/airflow/example_dags/tutorial_objectstorage.py
[2024-10-12T07:15:19.177+0000] {processor.py:925} INFO - DAG(s) 'tutorial_objectstorage' retrieved from /home/vboxuser/airflow_venv/lib/python3.12/site-packages/airflow/example_dags/tutorial_objectstorage.py
[2024-10-12T07:15:19.200+0000] {logging_mixin.py:190} INFO - [2024-10-12T07:15:19.199+0000] {dag.py:3239} INFO - Sync 1 DAGs
[2024-10-12T07:15:19.351+0000] {logging_mixin.py:190} INFO - [2024-10-12T07:15:19.350+0000] {dag.py:4180} INFO - Setting next_dagrun for tutorial_objectstorage to None, run_after=None
[2024-10-12T07:15:19.384+0000] {processor.py:208} INFO - Processing /home/vboxuser/airflow_venv/lib/python3.12/site-packages/airflow/example_dags/tutorial_objectstorage.py took 0.230 seconds
[2024-10-12T07:15:59.010+0000] {processor.py:186} INFO - Started process (PID=11785) to work on /home/vboxuser/airflow_venv/lib/python3.12/site-packages/airflow/example_dags/tutorial_objectstorage.py
[2024-10-12T07:15:59.013+0000] {processor.py:914} INFO - Processing file /home/vboxuser/airflow_venv/lib/python3.12/site-packages/airflow/example_dags/tutorial_objectstorage.py for tasks to queue
[2024-10-12T07:15:59.016+0000] {logging_mixin.py:190} INFO - [2024-10-12T07:15:59.016+0000] {dagbag.py:588} INFO - Filling up the DagBag from /home/vboxuser/airflow_venv/lib/python3.12/site-packages/airflow/example_dags/tutorial_objectstorage.py
[2024-10-12T07:15:59.032+0000] {processor.py:925} INFO - DAG(s) 'tutorial_objectstorage' retrieved from /home/vboxuser/airflow_venv/lib/python3.12/site-packages/airflow/example_dags/tutorial_objectstorage.py
[2024-10-12T07:15:59.049+0000] {logging_mixin.py:190} INFO - [2024-10-12T07:15:59.048+0000] {dag.py:3239} INFO - Sync 1 DAGs
[2024-10-12T07:15:59.062+0000] {logging_mixin.py:190} INFO - [2024-10-12T07:15:59.062+0000] {dag.py:4180} INFO - Setting next_dagrun for tutorial_objectstorage to None, run_after=None
[2024-10-12T07:15:59.097+0000] {processor.py:208} INFO - Processing /home/vboxuser/airflow_venv/lib/python3.12/site-packages/airflow/example_dags/tutorial_objectstorage.py took 0.102 seconds
[2024-10-12T07:16:59.079+0000] {processor.py:186} INFO - Started process (PID=11841) to work on /home/vboxuser/airflow_venv/lib/python3.12/site-packages/airflow/example_dags/tutorial_objectstorage.py
[2024-10-12T07:16:59.087+0000] {processor.py:914} INFO - Processing file /home/vboxuser/airflow_venv/lib/python3.12/site-packages/airflow/example_dags/tutorial_objectstorage.py for tasks to queue
[2024-10-12T07:16:59.092+0000] {logging_mixin.py:190} INFO - [2024-10-12T07:16:59.092+0000] {dagbag.py:588} INFO - Filling up the DagBag from /home/vboxuser/airflow_venv/lib/python3.12/site-packages/airflow/example_dags/tutorial_objectstorage.py
[2024-10-12T07:16:59.111+0000] {processor.py:925} INFO - DAG(s) 'tutorial_objectstorage' retrieved from /home/vboxuser/airflow_venv/lib/python3.12/site-packages/airflow/example_dags/tutorial_objectstorage.py
[2024-10-12T07:16:59.131+0000] {logging_mixin.py:190} INFO - [2024-10-12T07:16:59.131+0000] {dag.py:3239} INFO - Sync 1 DAGs
[2024-10-12T07:16:59.146+0000] {logging_mixin.py:190} INFO - [2024-10-12T07:16:59.145+0000] {dag.py:4180} INFO - Setting next_dagrun for tutorial_objectstorage to None, run_after=None
[2024-10-12T07:16:59.179+0000] {processor.py:208} INFO - Processing /home/vboxuser/airflow_venv/lib/python3.12/site-packages/airflow/example_dags/tutorial_objectstorage.py took 0.109 seconds
[2024-10-12T07:18:04.791+0000] {processor.py:186} INFO - Started process (PID=11904) to work on /home/vboxuser/airflow_venv/lib/python3.12/site-packages/airflow/example_dags/tutorial_objectstorage.py
[2024-10-12T07:18:04.793+0000] {processor.py:914} INFO - Processing file /home/vboxuser/airflow_venv/lib/python3.12/site-packages/airflow/example_dags/tutorial_objectstorage.py for tasks to queue
[2024-10-12T07:18:04.796+0000] {logging_mixin.py:190} INFO - [2024-10-12T07:18:04.795+0000] {dagbag.py:588} INFO - Filling up the DagBag from /home/vboxuser/airflow_venv/lib/python3.12/site-packages/airflow/example_dags/tutorial_objectstorage.py
[2024-10-12T07:18:04.812+0000] {processor.py:925} INFO - DAG(s) 'tutorial_objectstorage' retrieved from /home/vboxuser/airflow_venv/lib/python3.12/site-packages/airflow/example_dags/tutorial_objectstorage.py
[2024-10-12T07:18:04.830+0000] {logging_mixin.py:190} INFO - [2024-10-12T07:18:04.830+0000] {dag.py:3239} INFO - Sync 1 DAGs
[2024-10-12T07:18:04.844+0000] {logging_mixin.py:190} INFO - [2024-10-12T07:18:04.844+0000] {dag.py:4180} INFO - Setting next_dagrun for tutorial_objectstorage to None, run_after=None
[2024-10-12T07:18:04.875+0000] {processor.py:208} INFO - Processing /home/vboxuser/airflow_venv/lib/python3.12/site-packages/airflow/example_dags/tutorial_objectstorage.py took 0.092 seconds
[2024-10-12T07:19:04.841+0000] {processor.py:186} INFO - Started process (PID=11961) to work on /home/vboxuser/airflow_venv/lib/python3.12/site-packages/airflow/example_dags/tutorial_objectstorage.py
[2024-10-12T07:19:04.844+0000] {processor.py:914} INFO - Processing file /home/vboxuser/airflow_venv/lib/python3.12/site-packages/airflow/example_dags/tutorial_objectstorage.py for tasks to queue
[2024-10-12T07:19:04.847+0000] {logging_mixin.py:190} INFO - [2024-10-12T07:19:04.846+0000] {dagbag.py:588} INFO - Filling up the DagBag from /home/vboxuser/airflow_venv/lib/python3.12/site-packages/airflow/example_dags/tutorial_objectstorage.py
[2024-10-12T07:19:04.864+0000] {processor.py:925} INFO - DAG(s) 'tutorial_objectstorage' retrieved from /home/vboxuser/airflow_venv/lib/python3.12/site-packages/airflow/example_dags/tutorial_objectstorage.py
[2024-10-12T07:19:04.881+0000] {logging_mixin.py:190} INFO - [2024-10-12T07:19:04.880+0000] {dag.py:3239} INFO - Sync 1 DAGs
[2024-10-12T07:19:04.894+0000] {logging_mixin.py:190} INFO - [2024-10-12T07:19:04.894+0000] {dag.py:4180} INFO - Setting next_dagrun for tutorial_objectstorage to None, run_after=None
[2024-10-12T07:19:04.933+0000] {processor.py:208} INFO - Processing /home/vboxuser/airflow_venv/lib/python3.12/site-packages/airflow/example_dags/tutorial_objectstorage.py took 0.102 seconds
[2024-10-12T07:20:10.734+0000] {processor.py:186} INFO - Started process (PID=12020) to work on /home/vboxuser/airflow_venv/lib/python3.12/site-packages/airflow/example_dags/tutorial_objectstorage.py
[2024-10-12T07:20:10.739+0000] {processor.py:914} INFO - Processing file /home/vboxuser/airflow_venv/lib/python3.12/site-packages/airflow/example_dags/tutorial_objectstorage.py for tasks to queue
[2024-10-12T07:20:10.742+0000] {logging_mixin.py:190} INFO - [2024-10-12T07:20:10.741+0000] {dagbag.py:588} INFO - Filling up the DagBag from /home/vboxuser/airflow_venv/lib/python3.12/site-packages/airflow/example_dags/tutorial_objectstorage.py
[2024-10-12T07:20:10.754+0000] {processor.py:925} INFO - DAG(s) 'tutorial_objectstorage' retrieved from /home/vboxuser/airflow_venv/lib/python3.12/site-packages/airflow/example_dags/tutorial_objectstorage.py
[2024-10-12T07:20:10.775+0000] {logging_mixin.py:190} INFO - [2024-10-12T07:20:10.775+0000] {dag.py:3239} INFO - Sync 1 DAGs
[2024-10-12T07:20:10.794+0000] {logging_mixin.py:190} INFO - [2024-10-12T07:20:10.791+0000] {dag.py:4180} INFO - Setting next_dagrun for tutorial_objectstorage to None, run_after=None
[2024-10-12T07:20:10.830+0000] {processor.py:208} INFO - Processing /home/vboxuser/airflow_venv/lib/python3.12/site-packages/airflow/example_dags/tutorial_objectstorage.py took 0.106 seconds
[2024-10-12T07:21:18.095+0000] {processor.py:186} INFO - Started process (PID=12086) to work on /home/vboxuser/airflow_venv/lib/python3.12/site-packages/airflow/example_dags/tutorial_objectstorage.py
[2024-10-12T07:21:18.098+0000] {processor.py:914} INFO - Processing file /home/vboxuser/airflow_venv/lib/python3.12/site-packages/airflow/example_dags/tutorial_objectstorage.py for tasks to queue
[2024-10-12T07:21:18.102+0000] {logging_mixin.py:190} INFO - [2024-10-12T07:21:18.101+0000] {dagbag.py:588} INFO - Filling up the DagBag from /home/vboxuser/airflow_venv/lib/python3.12/site-packages/airflow/example_dags/tutorial_objectstorage.py
[2024-10-12T07:21:18.118+0000] {processor.py:925} INFO - DAG(s) 'tutorial_objectstorage' retrieved from /home/vboxuser/airflow_venv/lib/python3.12/site-packages/airflow/example_dags/tutorial_objectstorage.py
[2024-10-12T07:21:18.140+0000] {logging_mixin.py:190} INFO - [2024-10-12T07:21:18.140+0000] {dag.py:3239} INFO - Sync 1 DAGs
[2024-10-12T07:21:18.156+0000] {logging_mixin.py:190} INFO - [2024-10-12T07:21:18.155+0000] {dag.py:4180} INFO - Setting next_dagrun for tutorial_objectstorage to None, run_after=None
[2024-10-12T07:21:18.188+0000] {processor.py:208} INFO - Processing /home/vboxuser/airflow_venv/lib/python3.12/site-packages/airflow/example_dags/tutorial_objectstorage.py took 0.100 seconds
[2024-10-12T07:22:22.982+0000] {processor.py:186} INFO - Started process (PID=12145) to work on /home/vboxuser/airflow_venv/lib/python3.12/site-packages/airflow/example_dags/tutorial_objectstorage.py
[2024-10-12T07:22:22.984+0000] {processor.py:914} INFO - Processing file /home/vboxuser/airflow_venv/lib/python3.12/site-packages/airflow/example_dags/tutorial_objectstorage.py for tasks to queue
[2024-10-12T07:22:22.987+0000] {logging_mixin.py:190} INFO - [2024-10-12T07:22:22.986+0000] {dagbag.py:588} INFO - Filling up the DagBag from /home/vboxuser/airflow_venv/lib/python3.12/site-packages/airflow/example_dags/tutorial_objectstorage.py
[2024-10-12T07:22:23.001+0000] {processor.py:925} INFO - DAG(s) 'tutorial_objectstorage' retrieved from /home/vboxuser/airflow_venv/lib/python3.12/site-packages/airflow/example_dags/tutorial_objectstorage.py
[2024-10-12T07:22:23.025+0000] {logging_mixin.py:190} INFO - [2024-10-12T07:22:23.025+0000] {dag.py:3239} INFO - Sync 1 DAGs
[2024-10-12T07:22:23.044+0000] {logging_mixin.py:190} INFO - [2024-10-12T07:22:23.044+0000] {dag.py:4180} INFO - Setting next_dagrun for tutorial_objectstorage to None, run_after=None
[2024-10-12T07:22:23.079+0000] {processor.py:208} INFO - Processing /home/vboxuser/airflow_venv/lib/python3.12/site-packages/airflow/example_dags/tutorial_objectstorage.py took 0.105 seconds
[2024-10-12T07:23:34.781+0000] {processor.py:186} INFO - Started process (PID=12206) to work on /home/vboxuser/airflow_venv/lib/python3.12/site-packages/airflow/example_dags/tutorial_objectstorage.py
[2024-10-12T07:23:34.786+0000] {processor.py:914} INFO - Processing file /home/vboxuser/airflow_venv/lib/python3.12/site-packages/airflow/example_dags/tutorial_objectstorage.py for tasks to queue
[2024-10-12T07:23:34.789+0000] {logging_mixin.py:190} INFO - [2024-10-12T07:23:34.788+0000] {dagbag.py:588} INFO - Filling up the DagBag from /home/vboxuser/airflow_venv/lib/python3.12/site-packages/airflow/example_dags/tutorial_objectstorage.py
[2024-10-12T07:23:34.802+0000] {processor.py:925} INFO - DAG(s) 'tutorial_objectstorage' retrieved from /home/vboxuser/airflow_venv/lib/python3.12/site-packages/airflow/example_dags/tutorial_objectstorage.py
[2024-10-12T07:23:34.822+0000] {logging_mixin.py:190} INFO - [2024-10-12T07:23:34.822+0000] {dag.py:3239} INFO - Sync 1 DAGs
[2024-10-12T07:23:34.842+0000] {logging_mixin.py:190} INFO - [2024-10-12T07:23:34.842+0000] {dag.py:4180} INFO - Setting next_dagrun for tutorial_objectstorage to None, run_after=None
[2024-10-12T07:23:34.877+0000] {processor.py:208} INFO - Processing /home/vboxuser/airflow_venv/lib/python3.12/site-packages/airflow/example_dags/tutorial_objectstorage.py took 0.102 seconds
[2024-10-12T07:24:42.867+0000] {processor.py:186} INFO - Started process (PID=12267) to work on /home/vboxuser/airflow_venv/lib/python3.12/site-packages/airflow/example_dags/tutorial_objectstorage.py
[2024-10-12T07:24:42.873+0000] {processor.py:914} INFO - Processing file /home/vboxuser/airflow_venv/lib/python3.12/site-packages/airflow/example_dags/tutorial_objectstorage.py for tasks to queue
[2024-10-12T07:24:42.876+0000] {logging_mixin.py:190} INFO - [2024-10-12T07:24:42.875+0000] {dagbag.py:588} INFO - Filling up the DagBag from /home/vboxuser/airflow_venv/lib/python3.12/site-packages/airflow/example_dags/tutorial_objectstorage.py
[2024-10-12T07:24:42.895+0000] {processor.py:925} INFO - DAG(s) 'tutorial_objectstorage' retrieved from /home/vboxuser/airflow_venv/lib/python3.12/site-packages/airflow/example_dags/tutorial_objectstorage.py
[2024-10-12T07:24:42.917+0000] {logging_mixin.py:190} INFO - [2024-10-12T07:24:42.917+0000] {dag.py:3239} INFO - Sync 1 DAGs
[2024-10-12T07:24:42.936+0000] {logging_mixin.py:190} INFO - [2024-10-12T07:24:42.935+0000] {dag.py:4180} INFO - Setting next_dagrun for tutorial_objectstorage to None, run_after=None
[2024-10-12T07:24:42.976+0000] {processor.py:208} INFO - Processing /home/vboxuser/airflow_venv/lib/python3.12/site-packages/airflow/example_dags/tutorial_objectstorage.py took 0.123 seconds
[2024-10-12T07:25:51.144+0000] {processor.py:186} INFO - Started process (PID=12332) to work on /home/vboxuser/airflow_venv/lib/python3.12/site-packages/airflow/example_dags/tutorial_objectstorage.py
[2024-10-12T07:25:51.147+0000] {processor.py:914} INFO - Processing file /home/vboxuser/airflow_venv/lib/python3.12/site-packages/airflow/example_dags/tutorial_objectstorage.py for tasks to queue
[2024-10-12T07:25:51.151+0000] {logging_mixin.py:190} INFO - [2024-10-12T07:25:51.151+0000] {dagbag.py:588} INFO - Filling up the DagBag from /home/vboxuser/airflow_venv/lib/python3.12/site-packages/airflow/example_dags/tutorial_objectstorage.py
[2024-10-12T07:25:51.165+0000] {processor.py:925} INFO - DAG(s) 'tutorial_objectstorage' retrieved from /home/vboxuser/airflow_venv/lib/python3.12/site-packages/airflow/example_dags/tutorial_objectstorage.py
[2024-10-12T07:25:51.184+0000] {logging_mixin.py:190} INFO - [2024-10-12T07:25:51.183+0000] {dag.py:3239} INFO - Sync 1 DAGs
[2024-10-12T07:25:51.198+0000] {logging_mixin.py:190} INFO - [2024-10-12T07:25:51.198+0000] {dag.py:4180} INFO - Setting next_dagrun for tutorial_objectstorage to None, run_after=None
[2024-10-12T07:25:51.229+0000] {processor.py:208} INFO - Processing /home/vboxuser/airflow_venv/lib/python3.12/site-packages/airflow/example_dags/tutorial_objectstorage.py took 0.094 seconds
[2024-10-12T07:26:27.613+0000] {processor.py:186} INFO - Started process (PID=12366) to work on /home/vboxuser/airflow_venv/lib/python3.12/site-packages/airflow/example_dags/tutorial_objectstorage.py
[2024-10-12T07:26:27.619+0000] {processor.py:914} INFO - Processing file /home/vboxuser/airflow_venv/lib/python3.12/site-packages/airflow/example_dags/tutorial_objectstorage.py for tasks to queue
[2024-10-12T07:26:27.623+0000] {logging_mixin.py:190} INFO - [2024-10-12T07:26:27.622+0000] {dagbag.py:588} INFO - Filling up the DagBag from /home/vboxuser/airflow_venv/lib/python3.12/site-packages/airflow/example_dags/tutorial_objectstorage.py
[2024-10-12T07:26:27.643+0000] {processor.py:925} INFO - DAG(s) 'tutorial_objectstorage' retrieved from /home/vboxuser/airflow_venv/lib/python3.12/site-packages/airflow/example_dags/tutorial_objectstorage.py
[2024-10-12T07:26:27.667+0000] {logging_mixin.py:190} INFO - [2024-10-12T07:26:27.666+0000] {dag.py:3239} INFO - Sync 1 DAGs
[2024-10-12T07:26:27.684+0000] {logging_mixin.py:190} INFO - [2024-10-12T07:26:27.684+0000] {dag.py:4180} INFO - Setting next_dagrun for tutorial_objectstorage to None, run_after=None
[2024-10-12T07:26:27.726+0000] {processor.py:208} INFO - Processing /home/vboxuser/airflow_venv/lib/python3.12/site-packages/airflow/example_dags/tutorial_objectstorage.py took 0.125 seconds
[2024-10-12T07:27:40.046+0000] {processor.py:186} INFO - Started process (PID=12427) to work on /home/vboxuser/airflow_venv/lib/python3.12/site-packages/airflow/example_dags/tutorial_objectstorage.py
[2024-10-12T07:27:40.049+0000] {processor.py:914} INFO - Processing file /home/vboxuser/airflow_venv/lib/python3.12/site-packages/airflow/example_dags/tutorial_objectstorage.py for tasks to queue
[2024-10-12T07:27:40.052+0000] {logging_mixin.py:190} INFO - [2024-10-12T07:27:40.052+0000] {dagbag.py:588} INFO - Filling up the DagBag from /home/vboxuser/airflow_venv/lib/python3.12/site-packages/airflow/example_dags/tutorial_objectstorage.py
[2024-10-12T07:27:40.067+0000] {processor.py:925} INFO - DAG(s) 'tutorial_objectstorage' retrieved from /home/vboxuser/airflow_venv/lib/python3.12/site-packages/airflow/example_dags/tutorial_objectstorage.py
[2024-10-12T07:27:40.089+0000] {logging_mixin.py:190} INFO - [2024-10-12T07:27:40.089+0000] {dag.py:3239} INFO - Sync 1 DAGs
[2024-10-12T07:27:40.109+0000] {logging_mixin.py:190} INFO - [2024-10-12T07:27:40.108+0000] {dag.py:4180} INFO - Setting next_dagrun for tutorial_objectstorage to None, run_after=None
[2024-10-12T07:27:40.156+0000] {processor.py:208} INFO - Processing /home/vboxuser/airflow_venv/lib/python3.12/site-packages/airflow/example_dags/tutorial_objectstorage.py took 0.120 seconds
[2024-10-12T07:28:17.928+0000] {processor.py:186} INFO - Started process (PID=12458) to work on /home/vboxuser/airflow_venv/lib/python3.12/site-packages/airflow/example_dags/tutorial_objectstorage.py
[2024-10-12T07:28:17.930+0000] {processor.py:914} INFO - Processing file /home/vboxuser/airflow_venv/lib/python3.12/site-packages/airflow/example_dags/tutorial_objectstorage.py for tasks to queue
[2024-10-12T07:28:17.934+0000] {logging_mixin.py:190} INFO - [2024-10-12T07:28:17.933+0000] {dagbag.py:588} INFO - Filling up the DagBag from /home/vboxuser/airflow_venv/lib/python3.12/site-packages/airflow/example_dags/tutorial_objectstorage.py
[2024-10-12T07:28:17.951+0000] {processor.py:925} INFO - DAG(s) 'tutorial_objectstorage' retrieved from /home/vboxuser/airflow_venv/lib/python3.12/site-packages/airflow/example_dags/tutorial_objectstorage.py
[2024-10-12T07:28:17.971+0000] {logging_mixin.py:190} INFO - [2024-10-12T07:28:17.970+0000] {dag.py:3239} INFO - Sync 1 DAGs
[2024-10-12T07:28:17.988+0000] {logging_mixin.py:190} INFO - [2024-10-12T07:28:17.988+0000] {dag.py:4180} INFO - Setting next_dagrun for tutorial_objectstorage to None, run_after=None
[2024-10-12T07:28:18.025+0000] {processor.py:208} INFO - Processing /home/vboxuser/airflow_venv/lib/python3.12/site-packages/airflow/example_dags/tutorial_objectstorage.py took 0.107 seconds
[2024-10-12T07:29:17.501+0000] {processor.py:186} INFO - Started process (PID=12514) to work on /home/vboxuser/airflow_venv/lib/python3.12/site-packages/airflow/example_dags/tutorial_objectstorage.py
[2024-10-12T07:29:17.504+0000] {processor.py:914} INFO - Processing file /home/vboxuser/airflow_venv/lib/python3.12/site-packages/airflow/example_dags/tutorial_objectstorage.py for tasks to queue
[2024-10-12T07:29:17.508+0000] {logging_mixin.py:190} INFO - [2024-10-12T07:29:17.507+0000] {dagbag.py:588} INFO - Filling up the DagBag from /home/vboxuser/airflow_venv/lib/python3.12/site-packages/airflow/example_dags/tutorial_objectstorage.py
[2024-10-12T07:29:17.526+0000] {processor.py:925} INFO - DAG(s) 'tutorial_objectstorage' retrieved from /home/vboxuser/airflow_venv/lib/python3.12/site-packages/airflow/example_dags/tutorial_objectstorage.py
[2024-10-12T07:29:17.548+0000] {logging_mixin.py:190} INFO - [2024-10-12T07:29:17.548+0000] {dag.py:3239} INFO - Sync 1 DAGs
[2024-10-12T07:29:17.564+0000] {logging_mixin.py:190} INFO - [2024-10-12T07:29:17.564+0000] {dag.py:4180} INFO - Setting next_dagrun for tutorial_objectstorage to None, run_after=None
[2024-10-12T07:29:17.600+0000] {processor.py:208} INFO - Processing /home/vboxuser/airflow_venv/lib/python3.12/site-packages/airflow/example_dags/tutorial_objectstorage.py took 0.110 seconds
[2024-10-12T07:29:54.215+0000] {processor.py:186} INFO - Started process (PID=12547) to work on /home/vboxuser/airflow_venv/lib/python3.12/site-packages/airflow/example_dags/tutorial_objectstorage.py
[2024-10-12T07:29:54.217+0000] {processor.py:914} INFO - Processing file /home/vboxuser/airflow_venv/lib/python3.12/site-packages/airflow/example_dags/tutorial_objectstorage.py for tasks to queue
[2024-10-12T07:29:54.221+0000] {logging_mixin.py:190} INFO - [2024-10-12T07:29:54.220+0000] {dagbag.py:588} INFO - Filling up the DagBag from /home/vboxuser/airflow_venv/lib/python3.12/site-packages/airflow/example_dags/tutorial_objectstorage.py
[2024-10-12T07:29:54.236+0000] {processor.py:925} INFO - DAG(s) 'tutorial_objectstorage' retrieved from /home/vboxuser/airflow_venv/lib/python3.12/site-packages/airflow/example_dags/tutorial_objectstorage.py
[2024-10-12T07:29:54.260+0000] {logging_mixin.py:190} INFO - [2024-10-12T07:29:54.260+0000] {dag.py:3239} INFO - Sync 1 DAGs
[2024-10-12T07:29:54.278+0000] {logging_mixin.py:190} INFO - [2024-10-12T07:29:54.278+0000] {dag.py:4180} INFO - Setting next_dagrun for tutorial_objectstorage to None, run_after=None
[2024-10-12T07:29:54.330+0000] {processor.py:208} INFO - Processing /home/vboxuser/airflow_venv/lib/python3.12/site-packages/airflow/example_dags/tutorial_objectstorage.py took 0.125 seconds
[2024-10-12T07:30:30.588+0000] {processor.py:186} INFO - Started process (PID=12597) to work on /home/vboxuser/airflow_venv/lib/python3.12/site-packages/airflow/example_dags/tutorial_objectstorage.py
[2024-10-12T07:30:30.590+0000] {processor.py:914} INFO - Processing file /home/vboxuser/airflow_venv/lib/python3.12/site-packages/airflow/example_dags/tutorial_objectstorage.py for tasks to queue
[2024-10-12T07:30:30.593+0000] {logging_mixin.py:190} INFO - [2024-10-12T07:30:30.593+0000] {dagbag.py:588} INFO - Filling up the DagBag from /home/vboxuser/airflow_venv/lib/python3.12/site-packages/airflow/example_dags/tutorial_objectstorage.py
[2024-10-12T07:30:30.610+0000] {processor.py:925} INFO - DAG(s) 'tutorial_objectstorage' retrieved from /home/vboxuser/airflow_venv/lib/python3.12/site-packages/airflow/example_dags/tutorial_objectstorage.py
[2024-10-12T07:30:30.631+0000] {logging_mixin.py:190} INFO - [2024-10-12T07:30:30.630+0000] {dag.py:3239} INFO - Sync 1 DAGs
[2024-10-12T07:30:30.644+0000] {logging_mixin.py:190} INFO - [2024-10-12T07:30:30.644+0000] {dag.py:4180} INFO - Setting next_dagrun for tutorial_objectstorage to None, run_after=None
[2024-10-12T07:30:30.675+0000] {processor.py:208} INFO - Processing /home/vboxuser/airflow_venv/lib/python3.12/site-packages/airflow/example_dags/tutorial_objectstorage.py took 0.099 seconds
[2024-10-12T07:31:07.474+0000] {processor.py:186} INFO - Started process (PID=12630) to work on /home/vboxuser/airflow_venv/lib/python3.12/site-packages/airflow/example_dags/tutorial_objectstorage.py
[2024-10-12T07:31:07.478+0000] {processor.py:914} INFO - Processing file /home/vboxuser/airflow_venv/lib/python3.12/site-packages/airflow/example_dags/tutorial_objectstorage.py for tasks to queue
[2024-10-12T07:31:07.481+0000] {logging_mixin.py:190} INFO - [2024-10-12T07:31:07.480+0000] {dagbag.py:588} INFO - Filling up the DagBag from /home/vboxuser/airflow_venv/lib/python3.12/site-packages/airflow/example_dags/tutorial_objectstorage.py
[2024-10-12T07:31:07.501+0000] {processor.py:925} INFO - DAG(s) 'tutorial_objectstorage' retrieved from /home/vboxuser/airflow_venv/lib/python3.12/site-packages/airflow/example_dags/tutorial_objectstorage.py
[2024-10-12T07:31:07.525+0000] {logging_mixin.py:190} INFO - [2024-10-12T07:31:07.525+0000] {dag.py:3239} INFO - Sync 1 DAGs
[2024-10-12T07:31:07.543+0000] {logging_mixin.py:190} INFO - [2024-10-12T07:31:07.542+0000] {dag.py:4180} INFO - Setting next_dagrun for tutorial_objectstorage to None, run_after=None
[2024-10-12T07:31:07.575+0000] {processor.py:208} INFO - Processing /home/vboxuser/airflow_venv/lib/python3.12/site-packages/airflow/example_dags/tutorial_objectstorage.py took 0.110 seconds
[2024-10-12T07:32:14.168+0000] {processor.py:186} INFO - Started process (PID=12699) to work on /home/vboxuser/airflow_venv/lib/python3.12/site-packages/airflow/example_dags/tutorial_objectstorage.py
[2024-10-12T07:32:14.172+0000] {processor.py:914} INFO - Processing file /home/vboxuser/airflow_venv/lib/python3.12/site-packages/airflow/example_dags/tutorial_objectstorage.py for tasks to queue
[2024-10-12T07:32:14.176+0000] {logging_mixin.py:190} INFO - [2024-10-12T07:32:14.175+0000] {dagbag.py:588} INFO - Filling up the DagBag from /home/vboxuser/airflow_venv/lib/python3.12/site-packages/airflow/example_dags/tutorial_objectstorage.py
[2024-10-12T07:32:14.189+0000] {processor.py:925} INFO - DAG(s) 'tutorial_objectstorage' retrieved from /home/vboxuser/airflow_venv/lib/python3.12/site-packages/airflow/example_dags/tutorial_objectstorage.py
[2024-10-12T07:32:14.209+0000] {logging_mixin.py:190} INFO - [2024-10-12T07:32:14.208+0000] {dag.py:3239} INFO - Sync 1 DAGs
[2024-10-12T07:32:14.227+0000] {logging_mixin.py:190} INFO - [2024-10-12T07:32:14.227+0000] {dag.py:4180} INFO - Setting next_dagrun for tutorial_objectstorage to None, run_after=None
[2024-10-12T07:32:14.265+0000] {processor.py:208} INFO - Processing /home/vboxuser/airflow_venv/lib/python3.12/site-packages/airflow/example_dags/tutorial_objectstorage.py took 0.105 seconds
[2024-10-12T07:33:16.862+0000] {processor.py:186} INFO - Started process (PID=12757) to work on /home/vboxuser/airflow_venv/lib/python3.12/site-packages/airflow/example_dags/tutorial_objectstorage.py
[2024-10-12T07:33:16.868+0000] {processor.py:914} INFO - Processing file /home/vboxuser/airflow_venv/lib/python3.12/site-packages/airflow/example_dags/tutorial_objectstorage.py for tasks to queue
[2024-10-12T07:33:16.873+0000] {logging_mixin.py:190} INFO - [2024-10-12T07:33:16.872+0000] {dagbag.py:588} INFO - Filling up the DagBag from /home/vboxuser/airflow_venv/lib/python3.12/site-packages/airflow/example_dags/tutorial_objectstorage.py
[2024-10-12T07:33:16.889+0000] {processor.py:925} INFO - DAG(s) 'tutorial_objectstorage' retrieved from /home/vboxuser/airflow_venv/lib/python3.12/site-packages/airflow/example_dags/tutorial_objectstorage.py
[2024-10-12T07:33:16.907+0000] {logging_mixin.py:190} INFO - [2024-10-12T07:33:16.907+0000] {dag.py:3239} INFO - Sync 1 DAGs
[2024-10-12T07:33:16.921+0000] {logging_mixin.py:190} INFO - [2024-10-12T07:33:16.921+0000] {dag.py:4180} INFO - Setting next_dagrun for tutorial_objectstorage to None, run_after=None
[2024-10-12T07:33:16.952+0000] {processor.py:208} INFO - Processing /home/vboxuser/airflow_venv/lib/python3.12/site-packages/airflow/example_dags/tutorial_objectstorage.py took 0.101 seconds
[2024-10-12T07:34:18.473+0000] {processor.py:186} INFO - Started process (PID=12815) to work on /home/vboxuser/airflow_venv/lib/python3.12/site-packages/airflow/example_dags/tutorial_objectstorage.py
[2024-10-12T07:34:18.478+0000] {processor.py:914} INFO - Processing file /home/vboxuser/airflow_venv/lib/python3.12/site-packages/airflow/example_dags/tutorial_objectstorage.py for tasks to queue
[2024-10-12T07:34:18.482+0000] {logging_mixin.py:190} INFO - [2024-10-12T07:34:18.481+0000] {dagbag.py:588} INFO - Filling up the DagBag from /home/vboxuser/airflow_venv/lib/python3.12/site-packages/airflow/example_dags/tutorial_objectstorage.py
[2024-10-12T07:34:18.493+0000] {processor.py:925} INFO - DAG(s) 'tutorial_objectstorage' retrieved from /home/vboxuser/airflow_venv/lib/python3.12/site-packages/airflow/example_dags/tutorial_objectstorage.py
[2024-10-12T07:34:18.511+0000] {logging_mixin.py:190} INFO - [2024-10-12T07:34:18.510+0000] {dag.py:3239} INFO - Sync 1 DAGs
[2024-10-12T07:34:18.524+0000] {logging_mixin.py:190} INFO - [2024-10-12T07:34:18.524+0000] {dag.py:4180} INFO - Setting next_dagrun for tutorial_objectstorage to None, run_after=None
[2024-10-12T07:34:18.558+0000] {processor.py:208} INFO - Processing /home/vboxuser/airflow_venv/lib/python3.12/site-packages/airflow/example_dags/tutorial_objectstorage.py took 0.095 seconds
[2024-10-12T07:46:59.906+0000] {processor.py:186} INFO - Started process (PID=12905) to work on /home/vboxuser/airflow_venv/lib/python3.12/site-packages/airflow/example_dags/tutorial_objectstorage.py
[2024-10-12T07:46:59.911+0000] {processor.py:914} INFO - Processing file /home/vboxuser/airflow_venv/lib/python3.12/site-packages/airflow/example_dags/tutorial_objectstorage.py for tasks to queue
[2024-10-12T07:46:59.919+0000] {logging_mixin.py:190} INFO - [2024-10-12T07:46:59.918+0000] {dagbag.py:588} INFO - Filling up the DagBag from /home/vboxuser/airflow_venv/lib/python3.12/site-packages/airflow/example_dags/tutorial_objectstorage.py
[2024-10-12T07:46:59.939+0000] {processor.py:925} INFO - DAG(s) 'tutorial_objectstorage' retrieved from /home/vboxuser/airflow_venv/lib/python3.12/site-packages/airflow/example_dags/tutorial_objectstorage.py
[2024-10-12T07:46:59.966+0000] {logging_mixin.py:190} INFO - [2024-10-12T07:46:59.966+0000] {dag.py:3239} INFO - Sync 1 DAGs
[2024-10-12T07:46:59.991+0000] {logging_mixin.py:190} INFO - [2024-10-12T07:46:59.991+0000] {dag.py:4180} INFO - Setting next_dagrun for tutorial_objectstorage to None, run_after=None
[2024-10-12T07:47:00.041+0000] {processor.py:208} INFO - Processing /home/vboxuser/airflow_venv/lib/python3.12/site-packages/airflow/example_dags/tutorial_objectstorage.py took 0.148 seconds
[2024-10-12T07:48:03.048+0000] {processor.py:186} INFO - Started process (PID=12958) to work on /home/vboxuser/airflow_venv/lib/python3.12/site-packages/airflow/example_dags/tutorial_objectstorage.py
[2024-10-12T07:48:03.051+0000] {processor.py:914} INFO - Processing file /home/vboxuser/airflow_venv/lib/python3.12/site-packages/airflow/example_dags/tutorial_objectstorage.py for tasks to queue
[2024-10-12T07:48:03.058+0000] {logging_mixin.py:190} INFO - [2024-10-12T07:48:03.056+0000] {dagbag.py:588} INFO - Filling up the DagBag from /home/vboxuser/airflow_venv/lib/python3.12/site-packages/airflow/example_dags/tutorial_objectstorage.py
[2024-10-12T07:48:03.075+0000] {processor.py:925} INFO - DAG(s) 'tutorial_objectstorage' retrieved from /home/vboxuser/airflow_venv/lib/python3.12/site-packages/airflow/example_dags/tutorial_objectstorage.py
[2024-10-12T07:48:03.099+0000] {logging_mixin.py:190} INFO - [2024-10-12T07:48:03.099+0000] {dag.py:3239} INFO - Sync 1 DAGs
[2024-10-12T07:48:03.120+0000] {logging_mixin.py:190} INFO - [2024-10-12T07:48:03.119+0000] {dag.py:4180} INFO - Setting next_dagrun for tutorial_objectstorage to None, run_after=None
[2024-10-12T07:48:03.162+0000] {processor.py:208} INFO - Processing /home/vboxuser/airflow_venv/lib/python3.12/site-packages/airflow/example_dags/tutorial_objectstorage.py took 0.130 seconds
[2024-10-12T07:49:09.678+0000] {processor.py:186} INFO - Started process (PID=13017) to work on /home/vboxuser/airflow_venv/lib/python3.12/site-packages/airflow/example_dags/tutorial_objectstorage.py
[2024-10-12T07:49:09.682+0000] {processor.py:914} INFO - Processing file /home/vboxuser/airflow_venv/lib/python3.12/site-packages/airflow/example_dags/tutorial_objectstorage.py for tasks to queue
[2024-10-12T07:49:09.687+0000] {logging_mixin.py:190} INFO - [2024-10-12T07:49:09.686+0000] {dagbag.py:588} INFO - Filling up the DagBag from /home/vboxuser/airflow_venv/lib/python3.12/site-packages/airflow/example_dags/tutorial_objectstorage.py
[2024-10-12T07:49:09.707+0000] {processor.py:925} INFO - DAG(s) 'tutorial_objectstorage' retrieved from /home/vboxuser/airflow_venv/lib/python3.12/site-packages/airflow/example_dags/tutorial_objectstorage.py
[2024-10-12T07:49:09.730+0000] {logging_mixin.py:190} INFO - [2024-10-12T07:49:09.730+0000] {dag.py:3239} INFO - Sync 1 DAGs
[2024-10-12T07:49:09.749+0000] {logging_mixin.py:190} INFO - [2024-10-12T07:49:09.748+0000] {dag.py:4180} INFO - Setting next_dagrun for tutorial_objectstorage to None, run_after=None
[2024-10-12T07:49:09.795+0000] {processor.py:208} INFO - Processing /home/vboxuser/airflow_venv/lib/python3.12/site-packages/airflow/example_dags/tutorial_objectstorage.py took 0.126 seconds
[2024-10-12T07:50:19.558+0000] {processor.py:186} INFO - Started process (PID=13078) to work on /home/vboxuser/airflow_venv/lib/python3.12/site-packages/airflow/example_dags/tutorial_objectstorage.py
[2024-10-12T07:50:19.561+0000] {processor.py:914} INFO - Processing file /home/vboxuser/airflow_venv/lib/python3.12/site-packages/airflow/example_dags/tutorial_objectstorage.py for tasks to queue
[2024-10-12T07:50:19.565+0000] {logging_mixin.py:190} INFO - [2024-10-12T07:50:19.564+0000] {dagbag.py:588} INFO - Filling up the DagBag from /home/vboxuser/airflow_venv/lib/python3.12/site-packages/airflow/example_dags/tutorial_objectstorage.py
[2024-10-12T07:50:19.586+0000] {processor.py:925} INFO - DAG(s) 'tutorial_objectstorage' retrieved from /home/vboxuser/airflow_venv/lib/python3.12/site-packages/airflow/example_dags/tutorial_objectstorage.py
[2024-10-12T07:50:19.619+0000] {logging_mixin.py:190} INFO - [2024-10-12T07:50:19.618+0000] {dag.py:3239} INFO - Sync 1 DAGs
[2024-10-12T07:50:19.642+0000] {logging_mixin.py:190} INFO - [2024-10-12T07:50:19.641+0000] {dag.py:4180} INFO - Setting next_dagrun for tutorial_objectstorage to None, run_after=None
[2024-10-12T07:50:19.684+0000] {processor.py:208} INFO - Processing /home/vboxuser/airflow_venv/lib/python3.12/site-packages/airflow/example_dags/tutorial_objectstorage.py took 0.139 seconds
[2024-10-12T07:51:28.898+0000] {processor.py:186} INFO - Started process (PID=13215) to work on /home/vboxuser/airflow_venv/lib/python3.12/site-packages/airflow/example_dags/tutorial_objectstorage.py
[2024-10-12T07:51:28.901+0000] {processor.py:914} INFO - Processing file /home/vboxuser/airflow_venv/lib/python3.12/site-packages/airflow/example_dags/tutorial_objectstorage.py for tasks to queue
[2024-10-12T07:51:28.905+0000] {logging_mixin.py:190} INFO - [2024-10-12T07:51:28.905+0000] {dagbag.py:588} INFO - Filling up the DagBag from /home/vboxuser/airflow_venv/lib/python3.12/site-packages/airflow/example_dags/tutorial_objectstorage.py
[2024-10-12T07:51:28.925+0000] {processor.py:925} INFO - DAG(s) 'tutorial_objectstorage' retrieved from /home/vboxuser/airflow_venv/lib/python3.12/site-packages/airflow/example_dags/tutorial_objectstorage.py
[2024-10-12T07:51:28.949+0000] {logging_mixin.py:190} INFO - [2024-10-12T07:51:28.948+0000] {dag.py:3239} INFO - Sync 1 DAGs
[2024-10-12T07:51:28.968+0000] {logging_mixin.py:190} INFO - [2024-10-12T07:51:28.967+0000] {dag.py:4180} INFO - Setting next_dagrun for tutorial_objectstorage to None, run_after=None
[2024-10-12T07:51:29.011+0000] {processor.py:208} INFO - Processing /home/vboxuser/airflow_venv/lib/python3.12/site-packages/airflow/example_dags/tutorial_objectstorage.py took 0.125 seconds
[2024-10-12T07:52:40.572+0000] {processor.py:186} INFO - Started process (PID=13291) to work on /home/vboxuser/airflow_venv/lib/python3.12/site-packages/airflow/example_dags/tutorial_objectstorage.py
[2024-10-12T07:52:40.578+0000] {processor.py:914} INFO - Processing file /home/vboxuser/airflow_venv/lib/python3.12/site-packages/airflow/example_dags/tutorial_objectstorage.py for tasks to queue
[2024-10-12T07:52:40.583+0000] {logging_mixin.py:190} INFO - [2024-10-12T07:52:40.582+0000] {dagbag.py:588} INFO - Filling up the DagBag from /home/vboxuser/airflow_venv/lib/python3.12/site-packages/airflow/example_dags/tutorial_objectstorage.py
[2024-10-12T07:52:40.606+0000] {processor.py:925} INFO - DAG(s) 'tutorial_objectstorage' retrieved from /home/vboxuser/airflow_venv/lib/python3.12/site-packages/airflow/example_dags/tutorial_objectstorage.py
[2024-10-12T07:52:40.632+0000] {logging_mixin.py:190} INFO - [2024-10-12T07:52:40.632+0000] {dag.py:3239} INFO - Sync 1 DAGs
[2024-10-12T07:52:40.654+0000] {logging_mixin.py:190} INFO - [2024-10-12T07:52:40.654+0000] {dag.py:4180} INFO - Setting next_dagrun for tutorial_objectstorage to None, run_after=None
[2024-10-12T07:52:40.703+0000] {processor.py:208} INFO - Processing /home/vboxuser/airflow_venv/lib/python3.12/site-packages/airflow/example_dags/tutorial_objectstorage.py took 0.142 seconds
[2024-10-12T07:53:41.752+0000] {processor.py:186} INFO - Started process (PID=13360) to work on /home/vboxuser/airflow_venv/lib/python3.12/site-packages/airflow/example_dags/tutorial_objectstorage.py
[2024-10-12T07:53:41.757+0000] {processor.py:914} INFO - Processing file /home/vboxuser/airflow_venv/lib/python3.12/site-packages/airflow/example_dags/tutorial_objectstorage.py for tasks to queue
[2024-10-12T07:53:41.760+0000] {logging_mixin.py:190} INFO - [2024-10-12T07:53:41.759+0000] {dagbag.py:588} INFO - Filling up the DagBag from /home/vboxuser/airflow_venv/lib/python3.12/site-packages/airflow/example_dags/tutorial_objectstorage.py
[2024-10-12T07:53:41.772+0000] {processor.py:925} INFO - DAG(s) 'tutorial_objectstorage' retrieved from /home/vboxuser/airflow_venv/lib/python3.12/site-packages/airflow/example_dags/tutorial_objectstorage.py
[2024-10-12T07:53:41.790+0000] {logging_mixin.py:190} INFO - [2024-10-12T07:53:41.789+0000] {dag.py:3239} INFO - Sync 1 DAGs
[2024-10-12T07:53:41.804+0000] {logging_mixin.py:190} INFO - [2024-10-12T07:53:41.803+0000] {dag.py:4180} INFO - Setting next_dagrun for tutorial_objectstorage to None, run_after=None
[2024-10-12T07:53:41.835+0000] {processor.py:208} INFO - Processing /home/vboxuser/airflow_venv/lib/python3.12/site-packages/airflow/example_dags/tutorial_objectstorage.py took 0.092 seconds
[2024-10-12T07:54:45.312+0000] {processor.py:186} INFO - Started process (PID=13418) to work on /home/vboxuser/airflow_venv/lib/python3.12/site-packages/airflow/example_dags/tutorial_objectstorage.py
[2024-10-12T07:54:45.318+0000] {processor.py:914} INFO - Processing file /home/vboxuser/airflow_venv/lib/python3.12/site-packages/airflow/example_dags/tutorial_objectstorage.py for tasks to queue
[2024-10-12T07:54:45.323+0000] {logging_mixin.py:190} INFO - [2024-10-12T07:54:45.322+0000] {dagbag.py:588} INFO - Filling up the DagBag from /home/vboxuser/airflow_venv/lib/python3.12/site-packages/airflow/example_dags/tutorial_objectstorage.py
[2024-10-12T07:54:45.340+0000] {processor.py:925} INFO - DAG(s) 'tutorial_objectstorage' retrieved from /home/vboxuser/airflow_venv/lib/python3.12/site-packages/airflow/example_dags/tutorial_objectstorage.py
[2024-10-12T07:54:45.363+0000] {logging_mixin.py:190} INFO - [2024-10-12T07:54:45.363+0000] {dag.py:3239} INFO - Sync 1 DAGs
[2024-10-12T07:54:45.380+0000] {logging_mixin.py:190} INFO - [2024-10-12T07:54:45.379+0000] {dag.py:4180} INFO - Setting next_dagrun for tutorial_objectstorage to None, run_after=None
[2024-10-12T07:54:45.419+0000] {processor.py:208} INFO - Processing /home/vboxuser/airflow_venv/lib/python3.12/site-packages/airflow/example_dags/tutorial_objectstorage.py took 0.117 seconds
[2024-10-12T07:55:51.373+0000] {processor.py:186} INFO - Started process (PID=13485) to work on /home/vboxuser/airflow_venv/lib/python3.12/site-packages/airflow/example_dags/tutorial_objectstorage.py
[2024-10-12T07:55:51.378+0000] {processor.py:914} INFO - Processing file /home/vboxuser/airflow_venv/lib/python3.12/site-packages/airflow/example_dags/tutorial_objectstorage.py for tasks to queue
[2024-10-12T07:55:51.381+0000] {logging_mixin.py:190} INFO - [2024-10-12T07:55:51.380+0000] {dagbag.py:588} INFO - Filling up the DagBag from /home/vboxuser/airflow_venv/lib/python3.12/site-packages/airflow/example_dags/tutorial_objectstorage.py
[2024-10-12T07:55:51.393+0000] {processor.py:925} INFO - DAG(s) 'tutorial_objectstorage' retrieved from /home/vboxuser/airflow_venv/lib/python3.12/site-packages/airflow/example_dags/tutorial_objectstorage.py
[2024-10-12T07:55:51.413+0000] {logging_mixin.py:190} INFO - [2024-10-12T07:55:51.413+0000] {dag.py:3239} INFO - Sync 1 DAGs
[2024-10-12T07:55:51.427+0000] {logging_mixin.py:190} INFO - [2024-10-12T07:55:51.427+0000] {dag.py:4180} INFO - Setting next_dagrun for tutorial_objectstorage to None, run_after=None
[2024-10-12T07:55:51.459+0000] {processor.py:208} INFO - Processing /home/vboxuser/airflow_venv/lib/python3.12/site-packages/airflow/example_dags/tutorial_objectstorage.py took 0.094 seconds
[2024-10-12T07:56:57.113+0000] {processor.py:186} INFO - Started process (PID=13546) to work on /home/vboxuser/airflow_venv/lib/python3.12/site-packages/airflow/example_dags/tutorial_objectstorage.py
[2024-10-12T07:56:57.119+0000] {processor.py:914} INFO - Processing file /home/vboxuser/airflow_venv/lib/python3.12/site-packages/airflow/example_dags/tutorial_objectstorage.py for tasks to queue
[2024-10-12T07:56:57.124+0000] {logging_mixin.py:190} INFO - [2024-10-12T07:56:57.123+0000] {dagbag.py:588} INFO - Filling up the DagBag from /home/vboxuser/airflow_venv/lib/python3.12/site-packages/airflow/example_dags/tutorial_objectstorage.py
[2024-10-12T07:56:57.145+0000] {processor.py:925} INFO - DAG(s) 'tutorial_objectstorage' retrieved from /home/vboxuser/airflow_venv/lib/python3.12/site-packages/airflow/example_dags/tutorial_objectstorage.py
[2024-10-12T07:56:57.169+0000] {logging_mixin.py:190} INFO - [2024-10-12T07:56:57.169+0000] {dag.py:3239} INFO - Sync 1 DAGs
[2024-10-12T07:56:57.188+0000] {logging_mixin.py:190} INFO - [2024-10-12T07:56:57.187+0000] {dag.py:4180} INFO - Setting next_dagrun for tutorial_objectstorage to None, run_after=None
[2024-10-12T07:56:57.228+0000] {processor.py:208} INFO - Processing /home/vboxuser/airflow_venv/lib/python3.12/site-packages/airflow/example_dags/tutorial_objectstorage.py took 0.124 seconds
[2024-10-12T07:58:01.438+0000] {processor.py:186} INFO - Started process (PID=13618) to work on /home/vboxuser/airflow_venv/lib/python3.12/site-packages/airflow/example_dags/tutorial_objectstorage.py
[2024-10-12T07:58:01.441+0000] {processor.py:914} INFO - Processing file /home/vboxuser/airflow_venv/lib/python3.12/site-packages/airflow/example_dags/tutorial_objectstorage.py for tasks to queue
[2024-10-12T07:58:01.446+0000] {logging_mixin.py:190} INFO - [2024-10-12T07:58:01.445+0000] {dagbag.py:588} INFO - Filling up the DagBag from /home/vboxuser/airflow_venv/lib/python3.12/site-packages/airflow/example_dags/tutorial_objectstorage.py
[2024-10-12T07:58:01.469+0000] {processor.py:925} INFO - DAG(s) 'tutorial_objectstorage' retrieved from /home/vboxuser/airflow_venv/lib/python3.12/site-packages/airflow/example_dags/tutorial_objectstorage.py
[2024-10-12T07:58:01.500+0000] {logging_mixin.py:190} INFO - [2024-10-12T07:58:01.499+0000] {dag.py:3239} INFO - Sync 1 DAGs
[2024-10-12T07:58:01.523+0000] {logging_mixin.py:190} INFO - [2024-10-12T07:58:01.522+0000] {dag.py:4180} INFO - Setting next_dagrun for tutorial_objectstorage to None, run_after=None
[2024-10-12T07:58:01.571+0000] {processor.py:208} INFO - Processing /home/vboxuser/airflow_venv/lib/python3.12/site-packages/airflow/example_dags/tutorial_objectstorage.py took 0.147 seconds
[2024-10-12T07:59:01.278+0000] {processor.py:186} INFO - Started process (PID=13675) to work on /home/vboxuser/airflow_venv/lib/python3.12/site-packages/airflow/example_dags/tutorial_objectstorage.py
[2024-10-12T07:59:01.283+0000] {processor.py:914} INFO - Processing file /home/vboxuser/airflow_venv/lib/python3.12/site-packages/airflow/example_dags/tutorial_objectstorage.py for tasks to queue
[2024-10-12T07:59:01.287+0000] {logging_mixin.py:190} INFO - [2024-10-12T07:59:01.287+0000] {dagbag.py:588} INFO - Filling up the DagBag from /home/vboxuser/airflow_venv/lib/python3.12/site-packages/airflow/example_dags/tutorial_objectstorage.py
[2024-10-12T07:59:01.303+0000] {processor.py:925} INFO - DAG(s) 'tutorial_objectstorage' retrieved from /home/vboxuser/airflow_venv/lib/python3.12/site-packages/airflow/example_dags/tutorial_objectstorage.py
[2024-10-12T07:59:01.330+0000] {logging_mixin.py:190} INFO - [2024-10-12T07:59:01.330+0000] {dag.py:3239} INFO - Sync 1 DAGs
[2024-10-12T07:59:01.349+0000] {logging_mixin.py:190} INFO - [2024-10-12T07:59:01.348+0000] {dag.py:4180} INFO - Setting next_dagrun for tutorial_objectstorage to None, run_after=None
[2024-10-12T07:59:01.387+0000] {processor.py:208} INFO - Processing /home/vboxuser/airflow_venv/lib/python3.12/site-packages/airflow/example_dags/tutorial_objectstorage.py took 0.119 seconds
[2024-10-12T08:00:07.535+0000] {processor.py:186} INFO - Started process (PID=13734) to work on /home/vboxuser/airflow_venv/lib/python3.12/site-packages/airflow/example_dags/tutorial_objectstorage.py
[2024-10-12T08:00:07.538+0000] {processor.py:914} INFO - Processing file /home/vboxuser/airflow_venv/lib/python3.12/site-packages/airflow/example_dags/tutorial_objectstorage.py for tasks to queue
[2024-10-12T08:00:07.543+0000] {logging_mixin.py:190} INFO - [2024-10-12T08:00:07.542+0000] {dagbag.py:588} INFO - Filling up the DagBag from /home/vboxuser/airflow_venv/lib/python3.12/site-packages/airflow/example_dags/tutorial_objectstorage.py
[2024-10-12T08:00:07.560+0000] {processor.py:925} INFO - DAG(s) 'tutorial_objectstorage' retrieved from /home/vboxuser/airflow_venv/lib/python3.12/site-packages/airflow/example_dags/tutorial_objectstorage.py
[2024-10-12T08:00:07.587+0000] {logging_mixin.py:190} INFO - [2024-10-12T08:00:07.587+0000] {dag.py:3239} INFO - Sync 1 DAGs
[2024-10-12T08:00:07.608+0000] {logging_mixin.py:190} INFO - [2024-10-12T08:00:07.607+0000] {dag.py:4180} INFO - Setting next_dagrun for tutorial_objectstorage to None, run_after=None
[2024-10-12T08:00:07.648+0000] {processor.py:208} INFO - Processing /home/vboxuser/airflow_venv/lib/python3.12/site-packages/airflow/example_dags/tutorial_objectstorage.py took 0.125 seconds
[2024-10-12T08:01:08.652+0000] {processor.py:186} INFO - Started process (PID=13795) to work on /home/vboxuser/airflow_venv/lib/python3.12/site-packages/airflow/example_dags/tutorial_objectstorage.py
[2024-10-12T08:01:08.654+0000] {processor.py:914} INFO - Processing file /home/vboxuser/airflow_venv/lib/python3.12/site-packages/airflow/example_dags/tutorial_objectstorage.py for tasks to queue
[2024-10-12T08:01:08.657+0000] {logging_mixin.py:190} INFO - [2024-10-12T08:01:08.656+0000] {dagbag.py:588} INFO - Filling up the DagBag from /home/vboxuser/airflow_venv/lib/python3.12/site-packages/airflow/example_dags/tutorial_objectstorage.py
[2024-10-12T08:01:08.671+0000] {processor.py:925} INFO - DAG(s) 'tutorial_objectstorage' retrieved from /home/vboxuser/airflow_venv/lib/python3.12/site-packages/airflow/example_dags/tutorial_objectstorage.py
[2024-10-12T08:01:08.696+0000] {logging_mixin.py:190} INFO - [2024-10-12T08:01:08.696+0000] {dag.py:3239} INFO - Sync 1 DAGs
[2024-10-12T08:01:08.716+0000] {logging_mixin.py:190} INFO - [2024-10-12T08:01:08.716+0000] {dag.py:4180} INFO - Setting next_dagrun for tutorial_objectstorage to None, run_after=None
[2024-10-12T08:01:08.755+0000] {processor.py:208} INFO - Processing /home/vboxuser/airflow_venv/lib/python3.12/site-packages/airflow/example_dags/tutorial_objectstorage.py took 0.111 seconds
[2024-10-12T08:01:46.612+0000] {processor.py:186} INFO - Started process (PID=13825) to work on /home/vboxuser/airflow_venv/lib/python3.12/site-packages/airflow/example_dags/tutorial_objectstorage.py
[2024-10-12T08:01:46.616+0000] {processor.py:914} INFO - Processing file /home/vboxuser/airflow_venv/lib/python3.12/site-packages/airflow/example_dags/tutorial_objectstorage.py for tasks to queue
[2024-10-12T08:01:46.621+0000] {logging_mixin.py:190} INFO - [2024-10-12T08:01:46.620+0000] {dagbag.py:588} INFO - Filling up the DagBag from /home/vboxuser/airflow_venv/lib/python3.12/site-packages/airflow/example_dags/tutorial_objectstorage.py
[2024-10-12T08:01:46.642+0000] {processor.py:925} INFO - DAG(s) 'tutorial_objectstorage' retrieved from /home/vboxuser/airflow_venv/lib/python3.12/site-packages/airflow/example_dags/tutorial_objectstorage.py
[2024-10-12T08:01:46.668+0000] {logging_mixin.py:190} INFO - [2024-10-12T08:01:46.668+0000] {dag.py:3239} INFO - Sync 1 DAGs
[2024-10-12T08:01:46.688+0000] {logging_mixin.py:190} INFO - [2024-10-12T08:01:46.688+0000] {dag.py:4180} INFO - Setting next_dagrun for tutorial_objectstorage to None, run_after=None
[2024-10-12T08:01:46.725+0000] {processor.py:208} INFO - Processing /home/vboxuser/airflow_venv/lib/python3.12/site-packages/airflow/example_dags/tutorial_objectstorage.py took 0.124 seconds
[2024-10-12T08:02:50.237+0000] {processor.py:186} INFO - Started process (PID=13883) to work on /home/vboxuser/airflow_venv/lib/python3.12/site-packages/airflow/example_dags/tutorial_objectstorage.py
[2024-10-12T08:02:50.241+0000] {processor.py:914} INFO - Processing file /home/vboxuser/airflow_venv/lib/python3.12/site-packages/airflow/example_dags/tutorial_objectstorage.py for tasks to queue
[2024-10-12T08:02:50.247+0000] {logging_mixin.py:190} INFO - [2024-10-12T08:02:50.245+0000] {dagbag.py:588} INFO - Filling up the DagBag from /home/vboxuser/airflow_venv/lib/python3.12/site-packages/airflow/example_dags/tutorial_objectstorage.py
[2024-10-12T08:02:50.272+0000] {processor.py:925} INFO - DAG(s) 'tutorial_objectstorage' retrieved from /home/vboxuser/airflow_venv/lib/python3.12/site-packages/airflow/example_dags/tutorial_objectstorage.py
[2024-10-12T08:02:50.297+0000] {logging_mixin.py:190} INFO - [2024-10-12T08:02:50.297+0000] {dag.py:3239} INFO - Sync 1 DAGs
[2024-10-12T08:02:50.316+0000] {logging_mixin.py:190} INFO - [2024-10-12T08:02:50.316+0000] {dag.py:4180} INFO - Setting next_dagrun for tutorial_objectstorage to None, run_after=None
[2024-10-12T08:02:50.366+0000] {processor.py:208} INFO - Processing /home/vboxuser/airflow_venv/lib/python3.12/site-packages/airflow/example_dags/tutorial_objectstorage.py took 0.142 seconds
[2024-10-12T08:03:54.634+0000] {processor.py:186} INFO - Started process (PID=13953) to work on /home/vboxuser/airflow_venv/lib/python3.12/site-packages/airflow/example_dags/tutorial_objectstorage.py
[2024-10-12T08:03:54.636+0000] {processor.py:914} INFO - Processing file /home/vboxuser/airflow_venv/lib/python3.12/site-packages/airflow/example_dags/tutorial_objectstorage.py for tasks to queue
[2024-10-12T08:03:54.642+0000] {logging_mixin.py:190} INFO - [2024-10-12T08:03:54.642+0000] {dagbag.py:588} INFO - Filling up the DagBag from /home/vboxuser/airflow_venv/lib/python3.12/site-packages/airflow/example_dags/tutorial_objectstorage.py
[2024-10-12T08:03:54.662+0000] {processor.py:925} INFO - DAG(s) 'tutorial_objectstorage' retrieved from /home/vboxuser/airflow_venv/lib/python3.12/site-packages/airflow/example_dags/tutorial_objectstorage.py
[2024-10-12T08:03:54.703+0000] {logging_mixin.py:190} INFO - [2024-10-12T08:03:54.702+0000] {dag.py:3239} INFO - Sync 1 DAGs
[2024-10-12T08:03:54.717+0000] {logging_mixin.py:190} INFO - [2024-10-12T08:03:54.717+0000] {dag.py:4180} INFO - Setting next_dagrun for tutorial_objectstorage to None, run_after=None
[2024-10-12T08:03:54.756+0000] {processor.py:208} INFO - Processing /home/vboxuser/airflow_venv/lib/python3.12/site-packages/airflow/example_dags/tutorial_objectstorage.py took 0.133 seconds
[2024-10-12T08:04:33.061+0000] {processor.py:186} INFO - Started process (PID=13988) to work on /home/vboxuser/airflow_venv/lib/python3.12/site-packages/airflow/example_dags/tutorial_objectstorage.py
[2024-10-12T08:04:33.067+0000] {processor.py:914} INFO - Processing file /home/vboxuser/airflow_venv/lib/python3.12/site-packages/airflow/example_dags/tutorial_objectstorage.py for tasks to queue
[2024-10-12T08:04:33.073+0000] {logging_mixin.py:190} INFO - [2024-10-12T08:04:33.072+0000] {dagbag.py:588} INFO - Filling up the DagBag from /home/vboxuser/airflow_venv/lib/python3.12/site-packages/airflow/example_dags/tutorial_objectstorage.py
[2024-10-12T08:04:33.092+0000] {processor.py:925} INFO - DAG(s) 'tutorial_objectstorage' retrieved from /home/vboxuser/airflow_venv/lib/python3.12/site-packages/airflow/example_dags/tutorial_objectstorage.py
[2024-10-12T08:04:33.113+0000] {logging_mixin.py:190} INFO - [2024-10-12T08:04:33.112+0000] {dag.py:3239} INFO - Sync 1 DAGs
[2024-10-12T08:04:33.129+0000] {logging_mixin.py:190} INFO - [2024-10-12T08:04:33.129+0000] {dag.py:4180} INFO - Setting next_dagrun for tutorial_objectstorage to None, run_after=None
[2024-10-12T08:04:33.163+0000] {processor.py:208} INFO - Processing /home/vboxuser/airflow_venv/lib/python3.12/site-packages/airflow/example_dags/tutorial_objectstorage.py took 0.117 seconds
[2024-10-12T08:05:40.809+0000] {processor.py:186} INFO - Started process (PID=14058) to work on /home/vboxuser/airflow_venv/lib/python3.12/site-packages/airflow/example_dags/tutorial_objectstorage.py
[2024-10-12T08:05:40.811+0000] {processor.py:914} INFO - Processing file /home/vboxuser/airflow_venv/lib/python3.12/site-packages/airflow/example_dags/tutorial_objectstorage.py for tasks to queue
[2024-10-12T08:05:40.814+0000] {logging_mixin.py:190} INFO - [2024-10-12T08:05:40.814+0000] {dagbag.py:588} INFO - Filling up the DagBag from /home/vboxuser/airflow_venv/lib/python3.12/site-packages/airflow/example_dags/tutorial_objectstorage.py
[2024-10-12T08:05:40.830+0000] {processor.py:925} INFO - DAG(s) 'tutorial_objectstorage' retrieved from /home/vboxuser/airflow_venv/lib/python3.12/site-packages/airflow/example_dags/tutorial_objectstorage.py
[2024-10-12T08:05:40.853+0000] {logging_mixin.py:190} INFO - [2024-10-12T08:05:40.853+0000] {dag.py:3239} INFO - Sync 1 DAGs
[2024-10-12T08:05:40.870+0000] {logging_mixin.py:190} INFO - [2024-10-12T08:05:40.869+0000] {dag.py:4180} INFO - Setting next_dagrun for tutorial_objectstorage to None, run_after=None
[2024-10-12T08:05:40.910+0000] {processor.py:208} INFO - Processing /home/vboxuser/airflow_venv/lib/python3.12/site-packages/airflow/example_dags/tutorial_objectstorage.py took 0.110 seconds
[2024-10-12T08:06:17.128+0000] {processor.py:186} INFO - Started process (PID=14090) to work on /home/vboxuser/airflow_venv/lib/python3.12/site-packages/airflow/example_dags/tutorial_objectstorage.py
[2024-10-12T08:06:17.132+0000] {processor.py:914} INFO - Processing file /home/vboxuser/airflow_venv/lib/python3.12/site-packages/airflow/example_dags/tutorial_objectstorage.py for tasks to queue
[2024-10-12T08:06:17.136+0000] {logging_mixin.py:190} INFO - [2024-10-12T08:06:17.135+0000] {dagbag.py:588} INFO - Filling up the DagBag from /home/vboxuser/airflow_venv/lib/python3.12/site-packages/airflow/example_dags/tutorial_objectstorage.py
[2024-10-12T08:06:17.160+0000] {processor.py:925} INFO - DAG(s) 'tutorial_objectstorage' retrieved from /home/vboxuser/airflow_venv/lib/python3.12/site-packages/airflow/example_dags/tutorial_objectstorage.py
[2024-10-12T08:06:17.199+0000] {logging_mixin.py:190} INFO - [2024-10-12T08:06:17.198+0000] {dag.py:3239} INFO - Sync 1 DAGs
[2024-10-12T08:06:17.231+0000] {logging_mixin.py:190} INFO - [2024-10-12T08:06:17.231+0000] {dag.py:4180} INFO - Setting next_dagrun for tutorial_objectstorage to None, run_after=None
[2024-10-12T08:06:17.287+0000] {processor.py:208} INFO - Processing /home/vboxuser/airflow_venv/lib/python3.12/site-packages/airflow/example_dags/tutorial_objectstorage.py took 0.175 seconds
[2024-10-12T08:06:54.847+0000] {processor.py:186} INFO - Started process (PID=14123) to work on /home/vboxuser/airflow_venv/lib/python3.12/site-packages/airflow/example_dags/tutorial_objectstorage.py
[2024-10-12T08:06:54.851+0000] {processor.py:914} INFO - Processing file /home/vboxuser/airflow_venv/lib/python3.12/site-packages/airflow/example_dags/tutorial_objectstorage.py for tasks to queue
[2024-10-12T08:06:54.856+0000] {logging_mixin.py:190} INFO - [2024-10-12T08:06:54.855+0000] {dagbag.py:588} INFO - Filling up the DagBag from /home/vboxuser/airflow_venv/lib/python3.12/site-packages/airflow/example_dags/tutorial_objectstorage.py
[2024-10-12T08:06:54.880+0000] {processor.py:925} INFO - DAG(s) 'tutorial_objectstorage' retrieved from /home/vboxuser/airflow_venv/lib/python3.12/site-packages/airflow/example_dags/tutorial_objectstorage.py
[2024-10-12T08:06:54.915+0000] {logging_mixin.py:190} INFO - [2024-10-12T08:06:54.914+0000] {dag.py:3239} INFO - Sync 1 DAGs
[2024-10-12T08:06:54.942+0000] {logging_mixin.py:190} INFO - [2024-10-12T08:06:54.942+0000] {dag.py:4180} INFO - Setting next_dagrun for tutorial_objectstorage to None, run_after=None
[2024-10-12T08:06:55.002+0000] {processor.py:208} INFO - Processing /home/vboxuser/airflow_venv/lib/python3.12/site-packages/airflow/example_dags/tutorial_objectstorage.py took 0.171 seconds
[2024-10-12T08:07:33.998+0000] {processor.py:186} INFO - Started process (PID=14154) to work on /home/vboxuser/airflow_venv/lib/python3.12/site-packages/airflow/example_dags/tutorial_objectstorage.py
[2024-10-12T08:07:34.002+0000] {processor.py:914} INFO - Processing file /home/vboxuser/airflow_venv/lib/python3.12/site-packages/airflow/example_dags/tutorial_objectstorage.py for tasks to queue
[2024-10-12T08:07:34.007+0000] {logging_mixin.py:190} INFO - [2024-10-12T08:07:34.006+0000] {dagbag.py:588} INFO - Filling up the DagBag from /home/vboxuser/airflow_venv/lib/python3.12/site-packages/airflow/example_dags/tutorial_objectstorage.py
[2024-10-12T08:07:34.035+0000] {processor.py:925} INFO - DAG(s) 'tutorial_objectstorage' retrieved from /home/vboxuser/airflow_venv/lib/python3.12/site-packages/airflow/example_dags/tutorial_objectstorage.py
[2024-10-12T08:07:34.076+0000] {logging_mixin.py:190} INFO - [2024-10-12T08:07:34.076+0000] {dag.py:3239} INFO - Sync 1 DAGs
[2024-10-12T08:07:34.107+0000] {logging_mixin.py:190} INFO - [2024-10-12T08:07:34.105+0000] {dag.py:4180} INFO - Setting next_dagrun for tutorial_objectstorage to None, run_after=None
[2024-10-12T08:07:34.166+0000] {processor.py:208} INFO - Processing /home/vboxuser/airflow_venv/lib/python3.12/site-packages/airflow/example_dags/tutorial_objectstorage.py took 0.185 seconds
[2024-10-12T08:08:11.534+0000] {processor.py:186} INFO - Started process (PID=14193) to work on /home/vboxuser/airflow_venv/lib/python3.12/site-packages/airflow/example_dags/tutorial_objectstorage.py
[2024-10-12T08:08:11.538+0000] {processor.py:914} INFO - Processing file /home/vboxuser/airflow_venv/lib/python3.12/site-packages/airflow/example_dags/tutorial_objectstorage.py for tasks to queue
[2024-10-12T08:08:11.542+0000] {logging_mixin.py:190} INFO - [2024-10-12T08:08:11.541+0000] {dagbag.py:588} INFO - Filling up the DagBag from /home/vboxuser/airflow_venv/lib/python3.12/site-packages/airflow/example_dags/tutorial_objectstorage.py
[2024-10-12T08:08:11.561+0000] {processor.py:925} INFO - DAG(s) 'tutorial_objectstorage' retrieved from /home/vboxuser/airflow_venv/lib/python3.12/site-packages/airflow/example_dags/tutorial_objectstorage.py
[2024-10-12T08:08:11.589+0000] {logging_mixin.py:190} INFO - [2024-10-12T08:08:11.589+0000] {dag.py:3239} INFO - Sync 1 DAGs
[2024-10-12T08:08:11.617+0000] {logging_mixin.py:190} INFO - [2024-10-12T08:08:11.617+0000] {dag.py:4180} INFO - Setting next_dagrun for tutorial_objectstorage to None, run_after=None
[2024-10-12T08:08:11.676+0000] {processor.py:208} INFO - Processing /home/vboxuser/airflow_venv/lib/python3.12/site-packages/airflow/example_dags/tutorial_objectstorage.py took 0.157 seconds
[2024-10-12T08:08:48.608+0000] {processor.py:186} INFO - Started process (PID=14223) to work on /home/vboxuser/airflow_venv/lib/python3.12/site-packages/airflow/example_dags/tutorial_objectstorage.py
[2024-10-12T08:08:48.611+0000] {processor.py:914} INFO - Processing file /home/vboxuser/airflow_venv/lib/python3.12/site-packages/airflow/example_dags/tutorial_objectstorage.py for tasks to queue
[2024-10-12T08:08:48.616+0000] {logging_mixin.py:190} INFO - [2024-10-12T08:08:48.615+0000] {dagbag.py:588} INFO - Filling up the DagBag from /home/vboxuser/airflow_venv/lib/python3.12/site-packages/airflow/example_dags/tutorial_objectstorage.py
[2024-10-12T08:08:48.639+0000] {processor.py:925} INFO - DAG(s) 'tutorial_objectstorage' retrieved from /home/vboxuser/airflow_venv/lib/python3.12/site-packages/airflow/example_dags/tutorial_objectstorage.py
[2024-10-12T08:08:48.673+0000] {logging_mixin.py:190} INFO - [2024-10-12T08:08:48.672+0000] {dag.py:3239} INFO - Sync 1 DAGs
[2024-10-12T08:08:48.704+0000] {logging_mixin.py:190} INFO - [2024-10-12T08:08:48.704+0000] {dag.py:4180} INFO - Setting next_dagrun for tutorial_objectstorage to None, run_after=None
[2024-10-12T08:08:48.766+0000] {processor.py:208} INFO - Processing /home/vboxuser/airflow_venv/lib/python3.12/site-packages/airflow/example_dags/tutorial_objectstorage.py took 0.175 seconds
[2024-10-12T08:09:27.331+0000] {processor.py:186} INFO - Started process (PID=14256) to work on /home/vboxuser/airflow_venv/lib/python3.12/site-packages/airflow/example_dags/tutorial_objectstorage.py
[2024-10-12T08:09:27.334+0000] {processor.py:914} INFO - Processing file /home/vboxuser/airflow_venv/lib/python3.12/site-packages/airflow/example_dags/tutorial_objectstorage.py for tasks to queue
[2024-10-12T08:09:27.338+0000] {logging_mixin.py:190} INFO - [2024-10-12T08:09:27.337+0000] {dagbag.py:588} INFO - Filling up the DagBag from /home/vboxuser/airflow_venv/lib/python3.12/site-packages/airflow/example_dags/tutorial_objectstorage.py
[2024-10-12T08:09:27.354+0000] {processor.py:925} INFO - DAG(s) 'tutorial_objectstorage' retrieved from /home/vboxuser/airflow_venv/lib/python3.12/site-packages/airflow/example_dags/tutorial_objectstorage.py
[2024-10-12T08:09:27.379+0000] {logging_mixin.py:190} INFO - [2024-10-12T08:09:27.379+0000] {dag.py:3239} INFO - Sync 1 DAGs
[2024-10-12T08:09:27.407+0000] {logging_mixin.py:190} INFO - [2024-10-12T08:09:27.407+0000] {dag.py:4180} INFO - Setting next_dagrun for tutorial_objectstorage to None, run_after=None
[2024-10-12T08:09:27.470+0000] {processor.py:208} INFO - Processing /home/vboxuser/airflow_venv/lib/python3.12/site-packages/airflow/example_dags/tutorial_objectstorage.py took 0.148 seconds
[2024-10-12T08:10:05.605+0000] {processor.py:186} INFO - Started process (PID=14286) to work on /home/vboxuser/airflow_venv/lib/python3.12/site-packages/airflow/example_dags/tutorial_objectstorage.py
[2024-10-12T08:10:05.609+0000] {processor.py:914} INFO - Processing file /home/vboxuser/airflow_venv/lib/python3.12/site-packages/airflow/example_dags/tutorial_objectstorage.py for tasks to queue
[2024-10-12T08:10:05.614+0000] {logging_mixin.py:190} INFO - [2024-10-12T08:10:05.613+0000] {dagbag.py:588} INFO - Filling up the DagBag from /home/vboxuser/airflow_venv/lib/python3.12/site-packages/airflow/example_dags/tutorial_objectstorage.py
[2024-10-12T08:10:05.632+0000] {processor.py:925} INFO - DAG(s) 'tutorial_objectstorage' retrieved from /home/vboxuser/airflow_venv/lib/python3.12/site-packages/airflow/example_dags/tutorial_objectstorage.py
[2024-10-12T08:10:05.655+0000] {logging_mixin.py:190} INFO - [2024-10-12T08:10:05.654+0000] {dag.py:3239} INFO - Sync 1 DAGs
[2024-10-12T08:10:05.673+0000] {logging_mixin.py:190} INFO - [2024-10-12T08:10:05.672+0000] {dag.py:4180} INFO - Setting next_dagrun for tutorial_objectstorage to None, run_after=None
[2024-10-12T08:10:05.725+0000] {processor.py:208} INFO - Processing /home/vboxuser/airflow_venv/lib/python3.12/site-packages/airflow/example_dags/tutorial_objectstorage.py took 0.134 seconds
[2024-10-12T08:10:43.742+0000] {processor.py:186} INFO - Started process (PID=14324) to work on /home/vboxuser/airflow_venv/lib/python3.12/site-packages/airflow/example_dags/tutorial_objectstorage.py
[2024-10-12T08:10:43.745+0000] {processor.py:914} INFO - Processing file /home/vboxuser/airflow_venv/lib/python3.12/site-packages/airflow/example_dags/tutorial_objectstorage.py for tasks to queue
[2024-10-12T08:10:43.751+0000] {logging_mixin.py:190} INFO - [2024-10-12T08:10:43.750+0000] {dagbag.py:588} INFO - Filling up the DagBag from /home/vboxuser/airflow_venv/lib/python3.12/site-packages/airflow/example_dags/tutorial_objectstorage.py
[2024-10-12T08:10:43.772+0000] {processor.py:925} INFO - DAG(s) 'tutorial_objectstorage' retrieved from /home/vboxuser/airflow_venv/lib/python3.12/site-packages/airflow/example_dags/tutorial_objectstorage.py
[2024-10-12T08:10:43.792+0000] {logging_mixin.py:190} INFO - [2024-10-12T08:10:43.791+0000] {dag.py:3239} INFO - Sync 1 DAGs
[2024-10-12T08:10:43.814+0000] {logging_mixin.py:190} INFO - [2024-10-12T08:10:43.813+0000] {dag.py:4180} INFO - Setting next_dagrun for tutorial_objectstorage to None, run_after=None
[2024-10-12T08:10:43.879+0000] {processor.py:208} INFO - Processing /home/vboxuser/airflow_venv/lib/python3.12/site-packages/airflow/example_dags/tutorial_objectstorage.py took 0.151 seconds
[2024-10-12T08:11:51.361+0000] {processor.py:186} INFO - Started process (PID=14384) to work on /home/vboxuser/airflow_venv/lib/python3.12/site-packages/airflow/example_dags/tutorial_objectstorage.py
[2024-10-12T08:11:51.365+0000] {processor.py:914} INFO - Processing file /home/vboxuser/airflow_venv/lib/python3.12/site-packages/airflow/example_dags/tutorial_objectstorage.py for tasks to queue
[2024-10-12T08:11:51.372+0000] {logging_mixin.py:190} INFO - [2024-10-12T08:11:51.371+0000] {dagbag.py:588} INFO - Filling up the DagBag from /home/vboxuser/airflow_venv/lib/python3.12/site-packages/airflow/example_dags/tutorial_objectstorage.py
[2024-10-12T08:11:51.394+0000] {processor.py:925} INFO - DAG(s) 'tutorial_objectstorage' retrieved from /home/vboxuser/airflow_venv/lib/python3.12/site-packages/airflow/example_dags/tutorial_objectstorage.py
[2024-10-12T08:11:51.426+0000] {logging_mixin.py:190} INFO - [2024-10-12T08:11:51.425+0000] {dag.py:3239} INFO - Sync 1 DAGs
[2024-10-12T08:11:51.442+0000] {logging_mixin.py:190} INFO - [2024-10-12T08:11:51.442+0000] {dag.py:4180} INFO - Setting next_dagrun for tutorial_objectstorage to None, run_after=None
[2024-10-12T08:11:51.494+0000] {processor.py:208} INFO - Processing /home/vboxuser/airflow_venv/lib/python3.12/site-packages/airflow/example_dags/tutorial_objectstorage.py took 0.148 seconds
[2024-10-12T08:12:58.259+0000] {processor.py:186} INFO - Started process (PID=14445) to work on /home/vboxuser/airflow_venv/lib/python3.12/site-packages/airflow/example_dags/tutorial_objectstorage.py
[2024-10-12T08:12:58.264+0000] {processor.py:914} INFO - Processing file /home/vboxuser/airflow_venv/lib/python3.12/site-packages/airflow/example_dags/tutorial_objectstorage.py for tasks to queue
[2024-10-12T08:12:58.274+0000] {logging_mixin.py:190} INFO - [2024-10-12T08:12:58.273+0000] {dagbag.py:588} INFO - Filling up the DagBag from /home/vboxuser/airflow_venv/lib/python3.12/site-packages/airflow/example_dags/tutorial_objectstorage.py
[2024-10-12T08:12:58.302+0000] {processor.py:925} INFO - DAG(s) 'tutorial_objectstorage' retrieved from /home/vboxuser/airflow_venv/lib/python3.12/site-packages/airflow/example_dags/tutorial_objectstorage.py
[2024-10-12T08:12:58.335+0000] {logging_mixin.py:190} INFO - [2024-10-12T08:12:58.335+0000] {dag.py:3239} INFO - Sync 1 DAGs
[2024-10-12T08:12:58.364+0000] {logging_mixin.py:190} INFO - [2024-10-12T08:12:58.364+0000] {dag.py:4180} INFO - Setting next_dagrun for tutorial_objectstorage to None, run_after=None
[2024-10-12T08:12:58.425+0000] {processor.py:208} INFO - Processing /home/vboxuser/airflow_venv/lib/python3.12/site-packages/airflow/example_dags/tutorial_objectstorage.py took 0.185 seconds
[2024-10-12T08:13:35.356+0000] {processor.py:186} INFO - Started process (PID=14476) to work on /home/vboxuser/airflow_venv/lib/python3.12/site-packages/airflow/example_dags/tutorial_objectstorage.py
[2024-10-12T08:13:35.361+0000] {processor.py:914} INFO - Processing file /home/vboxuser/airflow_venv/lib/python3.12/site-packages/airflow/example_dags/tutorial_objectstorage.py for tasks to queue
[2024-10-12T08:13:35.366+0000] {logging_mixin.py:190} INFO - [2024-10-12T08:13:35.365+0000] {dagbag.py:588} INFO - Filling up the DagBag from /home/vboxuser/airflow_venv/lib/python3.12/site-packages/airflow/example_dags/tutorial_objectstorage.py
[2024-10-12T08:13:35.389+0000] {processor.py:925} INFO - DAG(s) 'tutorial_objectstorage' retrieved from /home/vboxuser/airflow_venv/lib/python3.12/site-packages/airflow/example_dags/tutorial_objectstorage.py
[2024-10-12T08:13:35.426+0000] {logging_mixin.py:190} INFO - [2024-10-12T08:13:35.425+0000] {dag.py:3239} INFO - Sync 1 DAGs
[2024-10-12T08:13:35.457+0000] {logging_mixin.py:190} INFO - [2024-10-12T08:13:35.455+0000] {dag.py:4180} INFO - Setting next_dagrun for tutorial_objectstorage to None, run_after=None
[2024-10-12T08:13:35.519+0000] {processor.py:208} INFO - Processing /home/vboxuser/airflow_venv/lib/python3.12/site-packages/airflow/example_dags/tutorial_objectstorage.py took 0.175 seconds
[2024-10-12T08:14:12.176+0000] {processor.py:186} INFO - Started process (PID=14507) to work on /home/vboxuser/airflow_venv/lib/python3.12/site-packages/airflow/example_dags/tutorial_objectstorage.py
[2024-10-12T08:14:12.181+0000] {processor.py:914} INFO - Processing file /home/vboxuser/airflow_venv/lib/python3.12/site-packages/airflow/example_dags/tutorial_objectstorage.py for tasks to queue
[2024-10-12T08:14:12.186+0000] {logging_mixin.py:190} INFO - [2024-10-12T08:14:12.186+0000] {dagbag.py:588} INFO - Filling up the DagBag from /home/vboxuser/airflow_venv/lib/python3.12/site-packages/airflow/example_dags/tutorial_objectstorage.py
[2024-10-12T08:14:12.211+0000] {processor.py:925} INFO - DAG(s) 'tutorial_objectstorage' retrieved from /home/vboxuser/airflow_venv/lib/python3.12/site-packages/airflow/example_dags/tutorial_objectstorage.py
[2024-10-12T08:14:12.242+0000] {logging_mixin.py:190} INFO - [2024-10-12T08:14:12.242+0000] {dag.py:3239} INFO - Sync 1 DAGs
[2024-10-12T08:14:12.269+0000] {logging_mixin.py:190} INFO - [2024-10-12T08:14:12.269+0000] {dag.py:4180} INFO - Setting next_dagrun for tutorial_objectstorage to None, run_after=None
[2024-10-12T08:14:12.322+0000] {processor.py:208} INFO - Processing /home/vboxuser/airflow_venv/lib/python3.12/site-packages/airflow/example_dags/tutorial_objectstorage.py took 0.162 seconds
[2024-10-12T08:14:49.880+0000] {processor.py:186} INFO - Started process (PID=14538) to work on /home/vboxuser/airflow_venv/lib/python3.12/site-packages/airflow/example_dags/tutorial_objectstorage.py
[2024-10-12T08:14:49.884+0000] {processor.py:914} INFO - Processing file /home/vboxuser/airflow_venv/lib/python3.12/site-packages/airflow/example_dags/tutorial_objectstorage.py for tasks to queue
[2024-10-12T08:14:49.891+0000] {logging_mixin.py:190} INFO - [2024-10-12T08:14:49.889+0000] {dagbag.py:588} INFO - Filling up the DagBag from /home/vboxuser/airflow_venv/lib/python3.12/site-packages/airflow/example_dags/tutorial_objectstorage.py
[2024-10-12T08:14:49.912+0000] {processor.py:925} INFO - DAG(s) 'tutorial_objectstorage' retrieved from /home/vboxuser/airflow_venv/lib/python3.12/site-packages/airflow/example_dags/tutorial_objectstorage.py
[2024-10-12T08:14:49.942+0000] {logging_mixin.py:190} INFO - [2024-10-12T08:14:49.942+0000] {dag.py:3239} INFO - Sync 1 DAGs
[2024-10-12T08:14:49.968+0000] {logging_mixin.py:190} INFO - [2024-10-12T08:14:49.967+0000] {dag.py:4180} INFO - Setting next_dagrun for tutorial_objectstorage to None, run_after=None
[2024-10-12T08:14:50.031+0000] {processor.py:208} INFO - Processing /home/vboxuser/airflow_venv/lib/python3.12/site-packages/airflow/example_dags/tutorial_objectstorage.py took 0.165 seconds
[2024-10-12T08:15:26.881+0000] {processor.py:186} INFO - Started process (PID=14573) to work on /home/vboxuser/airflow_venv/lib/python3.12/site-packages/airflow/example_dags/tutorial_objectstorage.py
[2024-10-12T08:15:26.888+0000] {processor.py:914} INFO - Processing file /home/vboxuser/airflow_venv/lib/python3.12/site-packages/airflow/example_dags/tutorial_objectstorage.py for tasks to queue
[2024-10-12T08:15:26.895+0000] {logging_mixin.py:190} INFO - [2024-10-12T08:15:26.894+0000] {dagbag.py:588} INFO - Filling up the DagBag from /home/vboxuser/airflow_venv/lib/python3.12/site-packages/airflow/example_dags/tutorial_objectstorage.py
[2024-10-12T08:15:26.919+0000] {processor.py:925} INFO - DAG(s) 'tutorial_objectstorage' retrieved from /home/vboxuser/airflow_venv/lib/python3.12/site-packages/airflow/example_dags/tutorial_objectstorage.py
[2024-10-12T08:15:26.955+0000] {logging_mixin.py:190} INFO - [2024-10-12T08:15:26.954+0000] {dag.py:3239} INFO - Sync 1 DAGs
[2024-10-12T08:15:26.984+0000] {logging_mixin.py:190} INFO - [2024-10-12T08:15:26.984+0000] {dag.py:4180} INFO - Setting next_dagrun for tutorial_objectstorage to None, run_after=None
[2024-10-12T08:15:27.055+0000] {processor.py:208} INFO - Processing /home/vboxuser/airflow_venv/lib/python3.12/site-packages/airflow/example_dags/tutorial_objectstorage.py took 0.185 seconds
[2024-10-12T08:16:04.311+0000] {processor.py:186} INFO - Started process (PID=14604) to work on /home/vboxuser/airflow_venv/lib/python3.12/site-packages/airflow/example_dags/tutorial_objectstorage.py
[2024-10-12T08:16:04.314+0000] {processor.py:914} INFO - Processing file /home/vboxuser/airflow_venv/lib/python3.12/site-packages/airflow/example_dags/tutorial_objectstorage.py for tasks to queue
[2024-10-12T08:16:04.321+0000] {logging_mixin.py:190} INFO - [2024-10-12T08:16:04.321+0000] {dagbag.py:588} INFO - Filling up the DagBag from /home/vboxuser/airflow_venv/lib/python3.12/site-packages/airflow/example_dags/tutorial_objectstorage.py
[2024-10-12T08:16:04.345+0000] {processor.py:925} INFO - DAG(s) 'tutorial_objectstorage' retrieved from /home/vboxuser/airflow_venv/lib/python3.12/site-packages/airflow/example_dags/tutorial_objectstorage.py
[2024-10-12T08:16:04.377+0000] {logging_mixin.py:190} INFO - [2024-10-12T08:16:04.377+0000] {dag.py:3239} INFO - Sync 1 DAGs
[2024-10-12T08:16:04.399+0000] {logging_mixin.py:190} INFO - [2024-10-12T08:16:04.399+0000] {dag.py:4180} INFO - Setting next_dagrun for tutorial_objectstorage to None, run_after=None
[2024-10-12T08:16:04.463+0000] {processor.py:208} INFO - Processing /home/vboxuser/airflow_venv/lib/python3.12/site-packages/airflow/example_dags/tutorial_objectstorage.py took 0.167 seconds
[2024-10-12T08:16:41.715+0000] {processor.py:186} INFO - Started process (PID=14635) to work on /home/vboxuser/airflow_venv/lib/python3.12/site-packages/airflow/example_dags/tutorial_objectstorage.py
[2024-10-12T08:16:41.719+0000] {processor.py:914} INFO - Processing file /home/vboxuser/airflow_venv/lib/python3.12/site-packages/airflow/example_dags/tutorial_objectstorage.py for tasks to queue
[2024-10-12T08:16:41.723+0000] {logging_mixin.py:190} INFO - [2024-10-12T08:16:41.722+0000] {dagbag.py:588} INFO - Filling up the DagBag from /home/vboxuser/airflow_venv/lib/python3.12/site-packages/airflow/example_dags/tutorial_objectstorage.py
[2024-10-12T08:16:41.742+0000] {processor.py:925} INFO - DAG(s) 'tutorial_objectstorage' retrieved from /home/vboxuser/airflow_venv/lib/python3.12/site-packages/airflow/example_dags/tutorial_objectstorage.py
[2024-10-12T08:16:41.769+0000] {logging_mixin.py:190} INFO - [2024-10-12T08:16:41.768+0000] {dag.py:3239} INFO - Sync 1 DAGs
[2024-10-12T08:16:41.797+0000] {logging_mixin.py:190} INFO - [2024-10-12T08:16:41.796+0000] {dag.py:4180} INFO - Setting next_dagrun for tutorial_objectstorage to None, run_after=None
[2024-10-12T08:16:41.859+0000] {processor.py:208} INFO - Processing /home/vboxuser/airflow_venv/lib/python3.12/site-packages/airflow/example_dags/tutorial_objectstorage.py took 0.160 seconds
[2024-10-12T08:17:18.726+0000] {processor.py:186} INFO - Started process (PID=14671) to work on /home/vboxuser/airflow_venv/lib/python3.12/site-packages/airflow/example_dags/tutorial_objectstorage.py
[2024-10-12T08:17:18.734+0000] {processor.py:914} INFO - Processing file /home/vboxuser/airflow_venv/lib/python3.12/site-packages/airflow/example_dags/tutorial_objectstorage.py for tasks to queue
[2024-10-12T08:17:18.739+0000] {logging_mixin.py:190} INFO - [2024-10-12T08:17:18.739+0000] {dagbag.py:588} INFO - Filling up the DagBag from /home/vboxuser/airflow_venv/lib/python3.12/site-packages/airflow/example_dags/tutorial_objectstorage.py
[2024-10-12T08:17:18.759+0000] {processor.py:925} INFO - DAG(s) 'tutorial_objectstorage' retrieved from /home/vboxuser/airflow_venv/lib/python3.12/site-packages/airflow/example_dags/tutorial_objectstorage.py
[2024-10-12T08:17:18.781+0000] {logging_mixin.py:190} INFO - [2024-10-12T08:17:18.781+0000] {dag.py:3239} INFO - Sync 1 DAGs
[2024-10-12T08:17:18.800+0000] {logging_mixin.py:190} INFO - [2024-10-12T08:17:18.799+0000] {dag.py:4180} INFO - Setting next_dagrun for tutorial_objectstorage to None, run_after=None
[2024-10-12T08:17:18.850+0000] {processor.py:208} INFO - Processing /home/vboxuser/airflow_venv/lib/python3.12/site-packages/airflow/example_dags/tutorial_objectstorage.py took 0.140 seconds
